36.0 APEX_CODE,FINEST;APEX_PROFILING,INFO;CALLOUT,INFO;DB,INFO;SYSTEM,DEBUG;VALIDATION,INFO;VISUALFORCE,INFO;WORKFLOW,INFO
03:20:45.0 (115741)|EXECUTION_STARTED
03:20:45.0 (162013)|CODE_UNIT_STARTED|[EXTERNAL]|01p36000005Jpvx|PermissionSetPortalControllers.getAllPermissionSets
03:20:45.0 (434651)|HEAP_ALLOCATE|[72]|Bytes:3
03:20:45.0 (516304)|HEAP_ALLOCATE|[77]|Bytes:152
03:20:45.0 (542780)|HEAP_ALLOCATE|[342]|Bytes:408
03:20:45.0 (566795)|HEAP_ALLOCATE|[355]|Bytes:408
03:20:45.0 (588828)|HEAP_ALLOCATE|[467]|Bytes:48
03:20:45.0 (642545)|HEAP_ALLOCATE|[139]|Bytes:6
03:20:45.0 (697551)|VARIABLE_SCOPE_BEGIN|[2]|PermissionSetPortalControllers.AllObjectsofOrg|Map<String,Schema.SObjectType>|true|true
03:20:45.0 (707683)|VARIABLE_SCOPE_BEGIN|[3]|PermissionSetPortalControllers.AllPermissionSets|List<PermissionSet>|true|true
03:20:45.0 (716593)|VARIABLE_SCOPE_BEGIN|[4]|PermissionSetPortalControllers.inputField|String|false|true
03:20:45.0 (844572)|HEAP_ALLOCATE|[EXTERNAL]|Bytes:88
03:20:45.0 (851965)|HEAP_ALLOCATE|[EXTERNAL]|Bytes:3
03:20:45.0 (855245)|HEAP_ALLOCATE|[EXTERNAL]|Bytes:5
03:20:45.0 (1058499)|METHOD_ENTRY|[1]|01p36000005Jpvx|PermissionSetPortalControllers.PermissionSetPortalControllers()
03:20:45.0 (1067679)|STATEMENT_EXECUTE|[1]
03:20:45.0 (1078019)|STATEMENT_EXECUTE|[1]
03:20:45.0 (1121966)|HEAP_ALLOCATE|[50]|Bytes:5
03:20:45.0 (1157521)|HEAP_ALLOCATE|[56]|Bytes:5
03:20:45.0 (1171708)|HEAP_ALLOCATE|[64]|Bytes:7
03:20:45.0 (1226574)|SYSTEM_MODE_ENTER|false
03:20:45.0 (1256211)|HEAP_ALLOCATE|[EXTERNAL]|Bytes:5
03:20:45.0 (1266764)|SYSTEM_MODE_EXIT|false
03:20:45.0 (1282429)|METHOD_EXIT|[1]|PermissionSetPortalControllers
03:20:45.0 (1293076)|SYSTEM_MODE_ENTER|false
03:20:45.0 (1310163)|HEAP_ALLOCATE|[8]|Bytes:5
03:20:45.0 (1314690)|STATEMENT_EXECUTE|[7]
03:20:45.0 (1316424)|STATEMENT_EXECUTE|[8]
03:20:45.0 (1320839)|HEAP_ALLOCATE|[8]|Bytes:34
03:20:45.0 (1335646)|HEAP_ALLOCATE|[8]|Bytes:4
03:20:45.0 (2179153)|SOQL_EXECUTE_BEGIN|[8]|Aggregations:0|SELECT Id, Name FROM PermissionSet
03:20:45.0 (6096700)|SOQL_EXECUTE_END|[8]|Rows:36
03:20:45.0 (6123995)|HEAP_ALLOCATE|[8]|Bytes:148
03:20:45.0 (6185075)|HEAP_ALLOCATE|[8]|Bytes:2125
03:20:45.0 (6234801)|HEAP_ALLOCATE|[8]|Bytes:148
03:20:45.0 (6314532)|VARIABLE_ASSIGNMENT|[8]|PermissionSetPortalControllers.AllPermissionSets|{"s":1,"v":"List of size 36 too large to display"}|0x52d088c8
03:20:45.0 (6442460)|ENTERING_MANAGED_PKG|
03:20:45.0 (6485580)|STATEMENT_EXECUTE|[9]
03:20:45.0 (6504917)|ENTERING_MANAGED_PKG|
03:20:45.0 (6779330)|HEAP_ALLOCATE|[10]|Bytes:5
03:20:45.0 (6827984)|HEAP_ALLOCATE|[10]|Bytes:12
03:20:45.0 (6843505)|VARIABLE_SCOPE_BEGIN|[10]|PSetName|PermissionSet|true|false
03:20:45.0 (6871331)|VARIABLE_ASSIGNMENT|[10]|PSetName|{"s":1,"v":{"Id":"0PS36000000mmnFGAQ","Name":"X00e1a000000MWa8AAG"}}|0x5f8ee3ee
03:20:45.0 (6875681)|STATEMENT_EXECUTE|[10]
03:20:45.0 (6877405)|STATEMENT_EXECUTE|[11]
03:20:45.0 (7128489)|HEAP_ALLOCATE|[11]|Bytes:24
03:20:45.0 (7175902)|ENTERING_MANAGED_PKG|
03:20:45.0 (7245257)|HEAP_ALLOCATE|[11]|Bytes:63
03:20:45.0 (7273144)|HEAP_ALLOCATE|[11]|Bytes:87
03:20:45.0 (7309154)|ENTERING_MANAGED_PKG|
03:20:45.0 (7337387)|USER_DEBUG|[11]|ERROR|The PermissionSet Name: PermissionSet:{Id=0PS36000000mmnFGAQ, Name=X00e1a000000MWa8AAG}
03:20:45.0 (7356463)|HEAP_ALLOCATE|[10]|Bytes:5
03:20:45.0 (7378906)|HEAP_ALLOCATE|[10]|Bytes:12
03:20:45.0 (7387522)|VARIABLE_SCOPE_BEGIN|[10]|PSetName|PermissionSet|true|false
03:20:45.0 (7407144)|VARIABLE_ASSIGNMENT|[10]|PSetName|{"s":1,"v":{"Id":"0PS36000000mmnGGAQ","Name":"X00ex00000018ozl_128 (11 more) ..."}}|0x7af156c9
03:20:45.0 (7411010)|STATEMENT_EXECUTE|[10]
03:20:45.0 (7412461)|STATEMENT_EXECUTE|[11]
03:20:45.0 (7431767)|ENTERING_MANAGED_PKG|
03:20:45.0 (7458080)|HEAP_ALLOCATE|[11]|Bytes:75
03:20:45.0 (7472239)|HEAP_ALLOCATE|[11]|Bytes:99
03:20:45.0 (7486271)|ENTERING_MANAGED_PKG|
03:20:45.0 (7499896)|USER_DEBUG|[11]|ERROR|The PermissionSet Name: PermissionSet:{Id=0PS36000000mmnGGAQ, Name=X00ex00000018ozl_128_09_04_12_5}
03:20:45.0 (7516977)|HEAP_ALLOCATE|[10]|Bytes:5
03:20:45.0 (7538132)|HEAP_ALLOCATE|[10]|Bytes:12
03:20:45.0 (7546208)|VARIABLE_SCOPE_BEGIN|[10]|PSetName|PermissionSet|true|false
03:20:45.0 (7563630)|VARIABLE_ASSIGNMENT|[10]|PSetName|{"s":1,"v":{"Id":"0PS36000000mmnHGAQ","Name":"X00ex00000018ozm_128 (11 more) ..."}}|0x77e7e698
03:20:45.0 (7567184)|STATEMENT_EXECUTE|[10]
03:20:45.0 (7568588)|STATEMENT_EXECUTE|[11]
03:20:45.0 (7586987)|ENTERING_MANAGED_PKG|
03:20:45.0 (7612213)|HEAP_ALLOCATE|[11]|Bytes:75
03:20:45.0 (7625865)|HEAP_ALLOCATE|[11]|Bytes:99
03:20:45.0 (7639333)|ENTERING_MANAGED_PKG|
03:20:45.0 (7652985)|USER_DEBUG|[11]|ERROR|The PermissionSet Name: PermissionSet:{Id=0PS36000000mmnHGAQ, Name=X00ex00000018ozm_128_09_04_12_6}
03:20:45.0 (7670165)|HEAP_ALLOCATE|[10]|Bytes:5
03:20:45.0 (7691052)|HEAP_ALLOCATE|[10]|Bytes:12
03:20:45.0 (7698948)|VARIABLE_SCOPE_BEGIN|[10]|PSetName|PermissionSet|true|false
03:20:45.0 (7715777)|VARIABLE_ASSIGNMENT|[10]|PSetName|{"s":1,"v":{"Id":"0PS36000000mmnIGAQ","Name":"X00ex00000018ozk_128 (11 more) ..."}}|0x278f456e
03:20:45.0 (7719206)|STATEMENT_EXECUTE|[10]
03:20:45.0 (7720569)|STATEMENT_EXECUTE|[11]
03:20:45.0 (7738531)|ENTERING_MANAGED_PKG|
03:20:45.0 (7763268)|HEAP_ALLOCATE|[11]|Bytes:75
03:20:45.0 (7776803)|HEAP_ALLOCATE|[11]|Bytes:99
03:20:45.0 (7794747)|ENTERING_MANAGED_PKG|
03:20:45.0 (7808819)|USER_DEBUG|[11]|ERROR|The PermissionSet Name: PermissionSet:{Id=0PS36000000mmnIGAQ, Name=X00ex00000018ozk_128_09_04_12_4}
03:20:45.0 (7825717)|HEAP_ALLOCATE|[10]|Bytes:5
03:20:45.0 (7846501)|HEAP_ALLOCATE|[10]|Bytes:12
03:20:45.0 (7854278)|VARIABLE_SCOPE_BEGIN|[10]|PSetName|PermissionSet|true|false
03:20:45.0 (7871023)|VARIABLE_ASSIGNMENT|[10]|PSetName|{"s":1,"v":{"Id":"0PS36000000mmnJGAQ","Name":"X00ex00000018ozj_128 (11 more) ..."}}|0xfb643e2
03:20:45.0 (7874752)|STATEMENT_EXECUTE|[10]
03:20:45.0 (7876132)|STATEMENT_EXECUTE|[11]
03:20:45.0 (7893834)|ENTERING_MANAGED_PKG|
03:20:45.0 (7918874)|HEAP_ALLOCATE|[11]|Bytes:75
03:20:45.0 (7932250)|HEAP_ALLOCATE|[11]|Bytes:99
03:20:45.0 (7945760)|ENTERING_MANAGED_PKG|
03:20:45.0 (7959149)|USER_DEBUG|[11]|ERROR|The PermissionSet Name: PermissionSet:{Id=0PS36000000mmnJGAQ, Name=X00ex00000018ozj_128_09_04_12_3}
03:20:45.0 (7975762)|HEAP_ALLOCATE|[10]|Bytes:5
03:20:45.0 (7996011)|HEAP_ALLOCATE|[10]|Bytes:12
03:20:45.0 (8003862)|VARIABLE_SCOPE_BEGIN|[10]|PSetName|PermissionSet|true|false
03:20:45.0 (8021313)|VARIABLE_ASSIGNMENT|[10]|PSetName|{"s":1,"v":{"Id":"0PS36000000mmnKGAQ","Name":"X00ex00000018ozo_128 (11 more) ..."}}|0x7f810bc3
03:20:45.0 (8024585)|STATEMENT_EXECUTE|[10]
03:20:45.0 (8025900)|STATEMENT_EXECUTE|[11]
03:20:45.0 (8043584)|ENTERING_MANAGED_PKG|
03:20:45.0 (8067923)|HEAP_ALLOCATE|[11]|Bytes:75
03:20:45.0 (8081203)|HEAP_ALLOCATE|[11]|Bytes:99
03:20:45.0 (8094401)|ENTERING_MANAGED_PKG|
03:20:45.0 (8107786)|USER_DEBUG|[11]|ERROR|The PermissionSet Name: PermissionSet:{Id=0PS36000000mmnKGAQ, Name=X00ex00000018ozo_128_09_04_12_8}
03:20:45.0 (8124285)|HEAP_ALLOCATE|[10]|Bytes:5
03:20:45.0 (8144426)|HEAP_ALLOCATE|[10]|Bytes:12
03:20:45.0 (8151985)|VARIABLE_SCOPE_BEGIN|[10]|PSetName|PermissionSet|true|false
03:20:45.0 (8168005)|VARIABLE_ASSIGNMENT|[10]|PSetName|{"s":1,"v":{"Id":"0PS36000000mmnLGAQ","Name":"X00ex00000018ozh_128 (11 more) ..."}}|0x379ae18d
03:20:45.0 (8171353)|STATEMENT_EXECUTE|[10]
03:20:45.0 (8172663)|STATEMENT_EXECUTE|[11]
03:20:45.0 (8190324)|ENTERING_MANAGED_PKG|
03:20:45.0 (8214629)|HEAP_ALLOCATE|[11]|Bytes:75
03:20:45.0 (8227959)|HEAP_ALLOCATE|[11]|Bytes:99
03:20:45.0 (8240956)|ENTERING_MANAGED_PKG|
03:20:45.0 (8254154)|USER_DEBUG|[11]|ERROR|The PermissionSet Name: PermissionSet:{Id=0PS36000000mmnLGAQ, Name=X00ex00000018ozh_128_09_04_12_1}
03:20:45.0 (8270487)|HEAP_ALLOCATE|[10]|Bytes:5
03:20:45.0 (8290536)|HEAP_ALLOCATE|[10]|Bytes:12
03:20:45.0 (8298405)|VARIABLE_SCOPE_BEGIN|[10]|PSetName|PermissionSet|true|false
03:20:45.0 (8314164)|VARIABLE_ASSIGNMENT|[10]|PSetName|{"s":1,"v":{"Id":"0PS36000000mmnMGAQ","Name":"X00ex00000018ozq_128 (12 more) ..."}}|0x6a637625
03:20:45.0 (8317287)|STATEMENT_EXECUTE|[10]
03:20:45.0 (8318618)|STATEMENT_EXECUTE|[11]
03:20:45.0 (8336235)|ENTERING_MANAGED_PKG|
03:20:45.0 (8360672)|HEAP_ALLOCATE|[11]|Bytes:76
03:20:45.0 (8373908)|HEAP_ALLOCATE|[11]|Bytes:100
03:20:45.0 (8387148)|ENTERING_MANAGED_PKG|
03:20:45.0 (8400198)|USER_DEBUG|[11]|ERROR|The PermissionSet Name: PermissionSet:{Id=0PS36000000mmnMGAQ, Name=X00ex00000018ozq_128_09_04_12_10}
03:20:45.0 (8420178)|HEAP_ALLOCATE|[10]|Bytes:5
03:20:45.0 (8440621)|HEAP_ALLOCATE|[10]|Bytes:12
03:20:45.0 (8448026)|VARIABLE_SCOPE_BEGIN|[10]|PSetName|PermissionSet|true|false
03:20:45.0 (8463484)|VARIABLE_ASSIGNMENT|[10]|PSetName|{"s":1,"v":{"Id":"0PS36000000mmnNGAQ","Name":"X00ex00000018ozp_128 (11 more) ..."}}|0x57f781d8
03:20:45.0 (8466701)|STATEMENT_EXECUTE|[10]
03:20:45.0 (8468365)|STATEMENT_EXECUTE|[11]
03:20:45.0 (8486075)|ENTERING_MANAGED_PKG|
03:20:45.0 (8509905)|HEAP_ALLOCATE|[11]|Bytes:75
03:20:45.0 (8523119)|HEAP_ALLOCATE|[11]|Bytes:99
03:20:45.0 (8536276)|ENTERING_MANAGED_PKG|
03:20:45.0 (8549628)|USER_DEBUG|[11]|ERROR|The PermissionSet Name: PermissionSet:{Id=0PS36000000mmnNGAQ, Name=X00ex00000018ozp_128_09_04_12_9}
03:20:45.0 (8566382)|HEAP_ALLOCATE|[10]|Bytes:5
03:20:45.0 (8587071)|HEAP_ALLOCATE|[10]|Bytes:12
03:20:45.0 (8594566)|VARIABLE_SCOPE_BEGIN|[10]|PSetName|PermissionSet|true|false
03:20:45.0 (8610331)|VARIABLE_ASSIGNMENT|[10]|PSetName|{"s":1,"v":{"Id":"0PS36000000mmnOGAQ","Name":"X00ex00000018ozn_128 (11 more) ..."}}|0x20df47f6
03:20:45.0 (8613473)|STATEMENT_EXECUTE|[10]
03:20:45.0 (8614768)|STATEMENT_EXECUTE|[11]
03:20:45.0 (8632360)|ENTERING_MANAGED_PKG|
03:20:45.0 (8656956)|HEAP_ALLOCATE|[11]|Bytes:75
03:20:45.0 (8670325)|HEAP_ALLOCATE|[11]|Bytes:99
03:20:45.0 (8683493)|ENTERING_MANAGED_PKG|
03:20:45.0 (8696906)|USER_DEBUG|[11]|ERROR|The PermissionSet Name: PermissionSet:{Id=0PS36000000mmnOGAQ, Name=X00ex00000018ozn_128_09_04_12_7}
03:20:45.0 (8713608)|HEAP_ALLOCATE|[10]|Bytes:5
03:20:45.0 (8734026)|HEAP_ALLOCATE|[10]|Bytes:12
03:20:45.0 (8741633)|VARIABLE_SCOPE_BEGIN|[10]|PSetName|PermissionSet|true|false
03:20:45.0 (8756949)|VARIABLE_ASSIGNMENT|[10]|PSetName|{"s":1,"v":{"Id":"0PS36000000mmnPGAQ","Name":"X00e1a000000MWa9AAG"}}|0x40a94ce9
03:20:45.0 (8760233)|STATEMENT_EXECUTE|[10]
03:20:45.0 (8761516)|STATEMENT_EXECUTE|[11]
03:20:45.0 (8778817)|ENTERING_MANAGED_PKG|
03:20:45.0 (8807418)|HEAP_ALLOCATE|[11]|Bytes:63
03:20:45.0 (8821130)|HEAP_ALLOCATE|[11]|Bytes:87
03:20:45.0 (8834594)|ENTERING_MANAGED_PKG|
03:20:45.0 (8847607)|USER_DEBUG|[11]|ERROR|The PermissionSet Name: PermissionSet:{Id=0PS36000000mmnPGAQ, Name=X00e1a000000MWa9AAG}
03:20:45.0 (8864091)|HEAP_ALLOCATE|[10]|Bytes:5
03:20:45.0 (8884494)|HEAP_ALLOCATE|[10]|Bytes:12
03:20:45.0 (8891994)|VARIABLE_SCOPE_BEGIN|[10]|PSetName|PermissionSet|true|false
03:20:45.0 (8907393)|VARIABLE_ASSIGNMENT|[10]|PSetName|{"s":1,"v":{"Id":"0PS36000000mmnQGAQ","Name":"X00e1a000000MWaBAAW"}}|0x310ac887
03:20:45.0 (8910489)|STATEMENT_EXECUTE|[10]
03:20:45.0 (8911775)|STATEMENT_EXECUTE|[11]
03:20:45.0 (8929202)|ENTERING_MANAGED_PKG|
03:20:45.0 (8953232)|HEAP_ALLOCATE|[11]|Bytes:63
03:20:45.0 (8966610)|HEAP_ALLOCATE|[11]|Bytes:87
03:20:45.0 (8979913)|ENTERING_MANAGED_PKG|
03:20:45.0 (8992966)|USER_DEBUG|[11]|ERROR|The PermissionSet Name: PermissionSet:{Id=0PS36000000mmnQGAQ, Name=X00e1a000000MWaBAAW}
03:20:45.0 (9009158)|HEAP_ALLOCATE|[10]|Bytes:5
03:20:45.0 (9030398)|HEAP_ALLOCATE|[10]|Bytes:12
03:20:45.0 (9037832)|VARIABLE_SCOPE_BEGIN|[10]|PSetName|PermissionSet|true|false
03:20:45.0 (9053051)|VARIABLE_ASSIGNMENT|[10]|PSetName|{"s":1,"v":{"Id":"0PS36000000mmnRGAQ","Name":"X00e1a000000MWaCAAW"}}|0x5a18763f
03:20:45.0 (9056210)|STATEMENT_EXECUTE|[10]
03:20:45.0 (9057543)|STATEMENT_EXECUTE|[11]
03:20:45.0 (9075114)|ENTERING_MANAGED_PKG|
03:20:45.0 (9099187)|HEAP_ALLOCATE|[11]|Bytes:63
03:20:45.0 (9113185)|HEAP_ALLOCATE|[11]|Bytes:87
03:20:45.0 (9126255)|ENTERING_MANAGED_PKG|
03:20:45.0 (9139542)|USER_DEBUG|[11]|ERROR|The PermissionSet Name: PermissionSet:{Id=0PS36000000mmnRGAQ, Name=X00e1a000000MWaCAAW}
03:20:45.0 (9155730)|HEAP_ALLOCATE|[10]|Bytes:5
03:20:45.0 (9175715)|HEAP_ALLOCATE|[10]|Bytes:12
03:20:45.0 (9183326)|VARIABLE_SCOPE_BEGIN|[10]|PSetName|PermissionSet|true|false
03:20:45.0 (9198290)|VARIABLE_ASSIGNMENT|[10]|PSetName|{"s":1,"v":{"Id":"0PS36000000mmnSGAQ","Name":"X00e1a000000MWaDAAW"}}|0xa27a7d
03:20:45.0 (9201558)|STATEMENT_EXECUTE|[10]
03:20:45.0 (9202852)|STATEMENT_EXECUTE|[11]
03:20:45.0 (9220332)|ENTERING_MANAGED_PKG|
03:20:45.0 (9244546)|HEAP_ALLOCATE|[11]|Bytes:63
03:20:45.0 (9257812)|HEAP_ALLOCATE|[11]|Bytes:87
03:20:45.0 (9271217)|ENTERING_MANAGED_PKG|
03:20:45.0 (9284254)|USER_DEBUG|[11]|ERROR|The PermissionSet Name: PermissionSet:{Id=0PS36000000mmnSGAQ, Name=X00e1a000000MWaDAAW}
03:20:45.0 (9300147)|HEAP_ALLOCATE|[10]|Bytes:5
03:20:45.0 (9320119)|HEAP_ALLOCATE|[10]|Bytes:12
03:20:45.0 (9328078)|VARIABLE_SCOPE_BEGIN|[10]|PSetName|PermissionSet|true|false
03:20:45.0 (9342908)|VARIABLE_ASSIGNMENT|[10]|PSetName|{"s":1,"v":{"Id":"0PS36000000mmnTGAQ","Name":"X00e1a000000MWaEAAW"}}|0xa66a084
03:20:45.0 (9346011)|STATEMENT_EXECUTE|[10]
03:20:45.0 (9347324)|STATEMENT_EXECUTE|[11]
03:20:45.0 (9364974)|ENTERING_MANAGED_PKG|
03:20:45.0 (9389209)|HEAP_ALLOCATE|[11]|Bytes:63
03:20:45.0 (9402441)|HEAP_ALLOCATE|[11]|Bytes:87
03:20:45.0 (9415487)|ENTERING_MANAGED_PKG|
03:20:45.0 (9428614)|USER_DEBUG|[11]|ERROR|The PermissionSet Name: PermissionSet:{Id=0PS36000000mmnTGAQ, Name=X00e1a000000MWaEAAW}
03:20:45.0 (9444954)|HEAP_ALLOCATE|[10]|Bytes:5
03:20:45.0 (9464911)|HEAP_ALLOCATE|[10]|Bytes:12
03:20:45.0 (9472273)|VARIABLE_SCOPE_BEGIN|[10]|PSetName|PermissionSet|true|false
03:20:45.0 (9487060)|VARIABLE_ASSIGNMENT|[10]|PSetName|{"s":1,"v":{"Id":"0PS36000000mmnUGAQ","Name":"X00e1a000000MWaFAAW"}}|0x6d4f0fbf
03:20:45.0 (9490134)|STATEMENT_EXECUTE|[10]
03:20:45.0 (9491453)|STATEMENT_EXECUTE|[11]
03:20:45.0 (9509365)|ENTERING_MANAGED_PKG|
03:20:45.0 (9533487)|HEAP_ALLOCATE|[11]|Bytes:63
03:20:45.0 (9546537)|HEAP_ALLOCATE|[11]|Bytes:87
03:20:45.0 (9559390)|ENTERING_MANAGED_PKG|
03:20:45.0 (9572376)|USER_DEBUG|[11]|ERROR|The PermissionSet Name: PermissionSet:{Id=0PS36000000mmnUGAQ, Name=X00e1a000000MWaFAAW}
03:20:45.0 (9588493)|HEAP_ALLOCATE|[10]|Bytes:5
03:20:45.0 (9608224)|HEAP_ALLOCATE|[10]|Bytes:12
03:20:45.0 (9615856)|VARIABLE_SCOPE_BEGIN|[10]|PSetName|PermissionSet|true|false
03:20:45.0 (9630715)|VARIABLE_ASSIGNMENT|[10]|PSetName|{"s":1,"v":{"Id":"0PS36000000mmnVGAQ","Name":"X00e1a000000MWaGAAW"}}|0x74ff35a7
03:20:45.0 (9633703)|STATEMENT_EXECUTE|[10]
03:20:45.0 (9635037)|STATEMENT_EXECUTE|[11]
03:20:45.0 (9652264)|ENTERING_MANAGED_PKG|
03:20:45.0 (9676407)|HEAP_ALLOCATE|[11]|Bytes:63
03:20:45.0 (9689568)|HEAP_ALLOCATE|[11]|Bytes:87
03:20:45.0 (9702712)|ENTERING_MANAGED_PKG|
03:20:45.0 (9715787)|USER_DEBUG|[11]|ERROR|The PermissionSet Name: PermissionSet:{Id=0PS36000000mmnVGAQ, Name=X00e1a000000MWaGAAW}
03:20:45.0 (9732102)|HEAP_ALLOCATE|[10]|Bytes:5
03:20:45.0 (9752222)|HEAP_ALLOCATE|[10]|Bytes:12
03:20:45.0 (9759932)|VARIABLE_SCOPE_BEGIN|[10]|PSetName|PermissionSet|true|false
03:20:45.0 (9774835)|VARIABLE_ASSIGNMENT|[10]|PSetName|{"s":1,"v":{"Id":"0PS36000000mmnWGAQ","Name":"X00e1a000000MWaHAAW"}}|0x671dc8d7
03:20:45.0 (9777854)|STATEMENT_EXECUTE|[10]
03:20:45.0 (9779167)|STATEMENT_EXECUTE|[11]
03:20:45.0 (9800543)|ENTERING_MANAGED_PKG|
03:20:45.0 (9825521)|HEAP_ALLOCATE|[11]|Bytes:63
03:20:45.0 (9838772)|HEAP_ALLOCATE|[11]|Bytes:87
03:20:45.0 (9852161)|ENTERING_MANAGED_PKG|
03:20:45.0 (9865310)|USER_DEBUG|[11]|ERROR|The PermissionSet Name: PermissionSet:{Id=0PS36000000mmnWGAQ, Name=X00e1a000000MWaHAAW}
03:20:45.0 (9881430)|HEAP_ALLOCATE|[10]|Bytes:5
03:20:45.0 (9902041)|HEAP_ALLOCATE|[10]|Bytes:12
03:20:45.0 (9909706)|VARIABLE_SCOPE_BEGIN|[10]|PSetName|PermissionSet|true|false
03:20:45.0 (9924798)|VARIABLE_ASSIGNMENT|[10]|PSetName|{"s":1,"v":{"Id":"0PS36000000mmnXGAQ","Name":"X00e1a000000MWaIAAW"}}|0x58c02630
03:20:45.0 (9928105)|STATEMENT_EXECUTE|[10]
03:20:45.0 (9929442)|STATEMENT_EXECUTE|[11]
03:20:45.0 (9947005)|ENTERING_MANAGED_PKG|
03:20:45.0 (9971238)|HEAP_ALLOCATE|[11]|Bytes:63
03:20:45.0 (9984511)|HEAP_ALLOCATE|[11]|Bytes:87
03:20:45.0 (9997581)|ENTERING_MANAGED_PKG|
03:20:45.0 (10010638)|USER_DEBUG|[11]|ERROR|The PermissionSet Name: PermissionSet:{Id=0PS36000000mmnXGAQ, Name=X00e1a000000MWaIAAW}
03:20:45.0 (10028015)|HEAP_ALLOCATE|[10]|Bytes:5
03:20:45.0 (10048321)|HEAP_ALLOCATE|[10]|Bytes:12
03:20:45.0 (10055956)|VARIABLE_SCOPE_BEGIN|[10]|PSetName|PermissionSet|true|false
03:20:45.0 (10071029)|VARIABLE_ASSIGNMENT|[10]|PSetName|{"s":1,"v":{"Id":"0PS36000000mmnYGAQ","Name":"X00e1a000000MWaJAAW"}}|0x4d67f860
03:20:45.0 (10074233)|STATEMENT_EXECUTE|[10]
03:20:45.0 (10075606)|STATEMENT_EXECUTE|[11]
03:20:45.0 (10093126)|ENTERING_MANAGED_PKG|
03:20:45.0 (10117327)|HEAP_ALLOCATE|[11]|Bytes:63
03:20:45.0 (10130750)|HEAP_ALLOCATE|[11]|Bytes:87
03:20:45.0 (10143819)|ENTERING_MANAGED_PKG|
03:20:45.0 (10156641)|USER_DEBUG|[11]|ERROR|The PermissionSet Name: PermissionSet:{Id=0PS36000000mmnYGAQ, Name=X00e1a000000MWaJAAW}
03:20:45.0 (10173357)|HEAP_ALLOCATE|[10]|Bytes:5
03:20:45.0 (10193663)|HEAP_ALLOCATE|[10]|Bytes:12
03:20:45.0 (10201304)|VARIABLE_SCOPE_BEGIN|[10]|PSetName|PermissionSet|true|false
03:20:45.0 (10216549)|VARIABLE_ASSIGNMENT|[10]|PSetName|{"s":1,"v":{"Id":"0PS36000000mmnZGAQ","Name":"X00e1a000000MWaKAAW"}}|0x4038ae66
03:20:45.0 (10219549)|STATEMENT_EXECUTE|[10]
03:20:45.0 (10220877)|STATEMENT_EXECUTE|[11]
03:20:45.0 (10238388)|ENTERING_MANAGED_PKG|
03:20:45.0 (10262366)|HEAP_ALLOCATE|[11]|Bytes:63
03:20:45.0 (10275530)|HEAP_ALLOCATE|[11]|Bytes:87
03:20:45.0 (10288505)|ENTERING_MANAGED_PKG|
03:20:45.0 (10301684)|USER_DEBUG|[11]|ERROR|The PermissionSet Name: PermissionSet:{Id=0PS36000000mmnZGAQ, Name=X00e1a000000MWaKAAW}
03:20:45.0 (10317751)|HEAP_ALLOCATE|[10]|Bytes:5
03:20:45.0 (10338052)|HEAP_ALLOCATE|[10]|Bytes:12
03:20:45.0 (10345588)|VARIABLE_SCOPE_BEGIN|[10]|PSetName|PermissionSet|true|false
03:20:45.0 (10360813)|VARIABLE_ASSIGNMENT|[10]|PSetName|{"s":1,"v":{"Id":"0PS36000000mmnaGAA","Name":"X00e1a000000MWaLAAW"}}|0x49ea8dc6
03:20:45.0 (10363781)|STATEMENT_EXECUTE|[10]
03:20:45.0 (10365109)|STATEMENT_EXECUTE|[11]
03:20:45.0 (10386231)|ENTERING_MANAGED_PKG|
03:20:45.0 (10410763)|HEAP_ALLOCATE|[11]|Bytes:63
03:20:45.0 (10424049)|HEAP_ALLOCATE|[11]|Bytes:87
03:20:45.0 (10437045)|ENTERING_MANAGED_PKG|
03:20:45.0 (10449969)|USER_DEBUG|[11]|ERROR|The PermissionSet Name: PermissionSet:{Id=0PS36000000mmnaGAA, Name=X00e1a000000MWaLAAW}
03:20:45.0 (10465993)|HEAP_ALLOCATE|[10]|Bytes:5
03:20:45.0 (10486182)|HEAP_ALLOCATE|[10]|Bytes:12
03:20:45.0 (10493804)|VARIABLE_SCOPE_BEGIN|[10]|PSetName|PermissionSet|true|false
03:20:45.0 (10508816)|VARIABLE_ASSIGNMENT|[10]|PSetName|{"s":1,"v":{"Id":"0PS36000000mmnbGAA","Name":"X00e1a000000MWaMAAW"}}|0x10c2c36d
03:20:45.0 (10511774)|STATEMENT_EXECUTE|[10]
03:20:45.0 (10513120)|STATEMENT_EXECUTE|[11]
03:20:45.0 (10530554)|ENTERING_MANAGED_PKG|
03:20:45.0 (10554929)|HEAP_ALLOCATE|[11]|Bytes:63
03:20:45.0 (10568434)|HEAP_ALLOCATE|[11]|Bytes:87
03:20:45.0 (10581473)|ENTERING_MANAGED_PKG|
03:20:45.0 (10594442)|USER_DEBUG|[11]|ERROR|The PermissionSet Name: PermissionSet:{Id=0PS36000000mmnbGAA, Name=X00e1a000000MWaMAAW}
03:20:45.0 (10610350)|HEAP_ALLOCATE|[10]|Bytes:5
03:20:45.0 (10630652)|HEAP_ALLOCATE|[10]|Bytes:12
03:20:45.0 (10638049)|VARIABLE_SCOPE_BEGIN|[10]|PSetName|PermissionSet|true|false
03:20:45.0 (10653057)|VARIABLE_ASSIGNMENT|[10]|PSetName|{"s":1,"v":{"Id":"0PS36000000mmncGAA","Name":"X00e1a000000MWaNAAW"}}|0x62149ded
03:20:45.0 (10656006)|STATEMENT_EXECUTE|[10]
03:20:45.0 (10657349)|STATEMENT_EXECUTE|[11]
03:20:45.0 (10674810)|ENTERING_MANAGED_PKG|
03:20:45.0 (10698853)|HEAP_ALLOCATE|[11]|Bytes:63
03:20:45.0 (10711936)|HEAP_ALLOCATE|[11]|Bytes:87
03:20:45.0 (10724646)|ENTERING_MANAGED_PKG|
03:20:45.0 (10737651)|USER_DEBUG|[11]|ERROR|The PermissionSet Name: PermissionSet:{Id=0PS36000000mmncGAA, Name=X00e1a000000MWaNAAW}
03:20:45.0 (10753751)|HEAP_ALLOCATE|[10]|Bytes:5
03:20:45.0 (10774432)|HEAP_ALLOCATE|[10]|Bytes:12
03:20:45.0 (10781803)|VARIABLE_SCOPE_BEGIN|[10]|PSetName|PermissionSet|true|false
03:20:45.0 (10800800)|VARIABLE_ASSIGNMENT|[10]|PSetName|{"s":1,"v":{"Id":"0PS36000000mmndGAA","Name":"X00e1a000000MWaOAAW"}}|0x67da4457
03:20:45.0 (10804120)|STATEMENT_EXECUTE|[10]
03:20:45.0 (10805416)|STATEMENT_EXECUTE|[11]
03:20:45.0 (10823183)|ENTERING_MANAGED_PKG|
03:20:45.0 (10847896)|HEAP_ALLOCATE|[11]|Bytes:63
03:20:45.0 (10861224)|HEAP_ALLOCATE|[11]|Bytes:87
03:20:45.0 (10874168)|ENTERING_MANAGED_PKG|
03:20:45.0 (10887102)|USER_DEBUG|[11]|ERROR|The PermissionSet Name: PermissionSet:{Id=0PS36000000mmndGAA, Name=X00e1a000000MWaOAAW}
03:20:45.0 (10903157)|HEAP_ALLOCATE|[10]|Bytes:5
03:20:45.0 (10923410)|HEAP_ALLOCATE|[10]|Bytes:12
03:20:45.0 (10931079)|VARIABLE_SCOPE_BEGIN|[10]|PSetName|PermissionSet|true|false
03:20:45.0 (10946015)|VARIABLE_ASSIGNMENT|[10]|PSetName|{"s":1,"v":{"Id":"0PS36000000mmneGAA","Name":"X00e1a000000MWaPAAW"}}|0x7ac361d7
03:20:45.0 (10948985)|STATEMENT_EXECUTE|[10]
03:20:45.0 (10950535)|STATEMENT_EXECUTE|[11]
03:20:45.0 (10967872)|ENTERING_MANAGED_PKG|
03:20:45.0 (10992131)|HEAP_ALLOCATE|[11]|Bytes:63
03:20:45.0 (11005314)|HEAP_ALLOCATE|[11]|Bytes:87
03:20:45.0 (11019427)|ENTERING_MANAGED_PKG|
03:20:45.0 (11032519)|USER_DEBUG|[11]|ERROR|The PermissionSet Name: PermissionSet:{Id=0PS36000000mmneGAA, Name=X00e1a000000MWaPAAW}
03:20:45.0 (11048782)|HEAP_ALLOCATE|[10]|Bytes:5
03:20:45.0 (11069043)|HEAP_ALLOCATE|[10]|Bytes:12
03:20:45.0 (11076760)|VARIABLE_SCOPE_BEGIN|[10]|PSetName|PermissionSet|true|false
03:20:45.0 (11091277)|VARIABLE_ASSIGNMENT|[10]|PSetName|{"s":1,"v":{"Id":"0PS36000000mmnfGAA","Name":"X00e1a000000MWaQAAW"}}|0x7c1c1c49
03:20:45.0 (11094188)|STATEMENT_EXECUTE|[10]
03:20:45.0 (11095480)|STATEMENT_EXECUTE|[11]
03:20:45.0 (11112745)|ENTERING_MANAGED_PKG|
03:20:45.0 (11137214)|HEAP_ALLOCATE|[11]|Bytes:63
03:20:45.0 (11150477)|HEAP_ALLOCATE|[11]|Bytes:87
03:20:45.0 (11163377)|ENTERING_MANAGED_PKG|
03:20:45.0 (11176311)|USER_DEBUG|[11]|ERROR|The PermissionSet Name: PermissionSet:{Id=0PS36000000mmnfGAA, Name=X00e1a000000MWaQAAW}
03:20:45.0 (11192757)|HEAP_ALLOCATE|[10]|Bytes:5
03:20:45.0 (11212902)|HEAP_ALLOCATE|[10]|Bytes:12
03:20:45.0 (11220335)|VARIABLE_SCOPE_BEGIN|[10]|PSetName|PermissionSet|true|false
03:20:45.0 (11235289)|VARIABLE_ASSIGNMENT|[10]|PSetName|{"s":1,"v":{"Id":"0PS36000000mmngGAA","Name":"X00e1a000000MWaRAAW"}}|0x3a211dd2
03:20:45.0 (11238401)|STATEMENT_EXECUTE|[10]
03:20:45.0 (11239670)|STATEMENT_EXECUTE|[11]
03:20:45.0 (11257186)|ENTERING_MANAGED_PKG|
03:20:45.0 (11281672)|HEAP_ALLOCATE|[11]|Bytes:63
03:20:45.0 (11295009)|HEAP_ALLOCATE|[11]|Bytes:87
03:20:45.0 (11308065)|ENTERING_MANAGED_PKG|
03:20:45.0 (11321019)|USER_DEBUG|[11]|ERROR|The PermissionSet Name: PermissionSet:{Id=0PS36000000mmngGAA, Name=X00e1a000000MWaRAAW}
03:20:45.0 (11336938)|HEAP_ALLOCATE|[10]|Bytes:5
03:20:45.0 (11357113)|HEAP_ALLOCATE|[10]|Bytes:12
03:20:45.0 (11364595)|VARIABLE_SCOPE_BEGIN|[10]|PSetName|PermissionSet|true|false
03:20:45.0 (11379263)|VARIABLE_ASSIGNMENT|[10]|PSetName|{"s":1,"v":{"Id":"0PS36000000mmnhGAA","Name":"X00e1a000000MWaSAAW"}}|0xfec0e3d
03:20:45.0 (11382578)|STATEMENT_EXECUTE|[10]
03:20:45.0 (11383929)|STATEMENT_EXECUTE|[11]
03:20:45.0 (11401417)|ENTERING_MANAGED_PKG|
03:20:45.0 (11425263)|HEAP_ALLOCATE|[11]|Bytes:63
03:20:45.0 (11438550)|HEAP_ALLOCATE|[11]|Bytes:87
03:20:45.0 (11451604)|ENTERING_MANAGED_PKG|
03:20:45.0 (11464673)|USER_DEBUG|[11]|ERROR|The PermissionSet Name: PermissionSet:{Id=0PS36000000mmnhGAA, Name=X00e1a000000MWaSAAW}
03:20:45.0 (11480710)|HEAP_ALLOCATE|[10]|Bytes:5
03:20:45.0 (11523375)|HEAP_ALLOCATE|[10]|Bytes:12
03:20:45.0 (11537141)|VARIABLE_SCOPE_BEGIN|[10]|PSetName|PermissionSet|true|false
03:20:45.0 (11557806)|VARIABLE_ASSIGNMENT|[10]|PSetName|{"s":1,"v":{"Id":"0PS36000000mmniGAA","Name":"X00e1a000000MWaTAAW"}}|0x6e400bce
03:20:45.0 (11561783)|STATEMENT_EXECUTE|[10]
03:20:45.0 (11563128)|STATEMENT_EXECUTE|[11]
03:20:45.0 (11582476)|ENTERING_MANAGED_PKG|
03:20:45.0 (11607590)|HEAP_ALLOCATE|[11]|Bytes:63
03:20:45.0 (11621574)|HEAP_ALLOCATE|[11]|Bytes:87
03:20:45.0 (11635186)|ENTERING_MANAGED_PKG|
03:20:45.0 (11648427)|USER_DEBUG|[11]|ERROR|The PermissionSet Name: PermissionSet:{Id=0PS36000000mmniGAA, Name=X00e1a000000MWaTAAW}
03:20:45.0 (11676530)|HEAP_ALLOCATE|[10]|Bytes:5
03:20:45.0 (11699659)|HEAP_ALLOCATE|[10]|Bytes:12
03:20:45.0 (11707471)|VARIABLE_SCOPE_BEGIN|[10]|PSetName|PermissionSet|true|false
03:20:45.0 (11722670)|VARIABLE_ASSIGNMENT|[10]|PSetName|{"s":1,"v":{"Id":"0PS36000000mmnjGAA","Name":"X00e1a000000MWaUAAW"}}|0x7222bc1b
03:20:45.0 (11725692)|STATEMENT_EXECUTE|[10]
03:20:45.0 (11727056)|STATEMENT_EXECUTE|[11]
03:20:45.0 (11744769)|ENTERING_MANAGED_PKG|
03:20:45.0 (11769082)|HEAP_ALLOCATE|[11]|Bytes:63
03:20:45.0 (11786071)|HEAP_ALLOCATE|[11]|Bytes:87
03:20:45.0 (11800364)|ENTERING_MANAGED_PKG|
03:20:45.0 (11813650)|USER_DEBUG|[11]|ERROR|The PermissionSet Name: PermissionSet:{Id=0PS36000000mmnjGAA, Name=X00e1a000000MWaUAAW}
03:20:45.0 (11830124)|HEAP_ALLOCATE|[10]|Bytes:5
03:20:45.0 (11850316)|HEAP_ALLOCATE|[10]|Bytes:12
03:20:45.0 (11858176)|VARIABLE_SCOPE_BEGIN|[10]|PSetName|PermissionSet|true|false
03:20:45.0 (11873215)|VARIABLE_ASSIGNMENT|[10]|PSetName|{"s":1,"v":{"Id":"0PS36000000mmnlGAA","Name":"X00e1a000000N1LRAA0"}}|0x405ff000
03:20:45.0 (11876226)|STATEMENT_EXECUTE|[10]
03:20:45.0 (11877636)|STATEMENT_EXECUTE|[11]
03:20:45.0 (11895187)|ENTERING_MANAGED_PKG|
03:20:45.0 (11919352)|HEAP_ALLOCATE|[11]|Bytes:63
03:20:45.0 (11932596)|HEAP_ALLOCATE|[11]|Bytes:87
03:20:45.0 (11945656)|ENTERING_MANAGED_PKG|
03:20:45.0 (11958565)|USER_DEBUG|[11]|ERROR|The PermissionSet Name: PermissionSet:{Id=0PS36000000mmnlGAA, Name=X00e1a000000N1LRAA0}
03:20:45.0 (11974294)|HEAP_ALLOCATE|[10]|Bytes:5
03:20:45.0 (11994196)|HEAP_ALLOCATE|[10]|Bytes:12
03:20:45.0 (12001762)|VARIABLE_SCOPE_BEGIN|[10]|PSetName|PermissionSet|true|false
03:20:45.0 (12017656)|VARIABLE_ASSIGNMENT|[10]|PSetName|{"s":1,"v":{"Id":"0PS36000000mmnmGAA","Name":"X00e1a000000N1LSAA0"}}|0x2f2d93d0
03:20:45.0 (12020724)|STATEMENT_EXECUTE|[10]
03:20:45.0 (12022308)|STATEMENT_EXECUTE|[11]
03:20:45.0 (12039862)|ENTERING_MANAGED_PKG|
03:20:45.0 (12063942)|HEAP_ALLOCATE|[11]|Bytes:63
03:20:45.0 (12077196)|HEAP_ALLOCATE|[11]|Bytes:87
03:20:45.0 (12090219)|ENTERING_MANAGED_PKG|
03:20:45.0 (12103251)|USER_DEBUG|[11]|ERROR|The PermissionSet Name: PermissionSet:{Id=0PS36000000mmnmGAA, Name=X00e1a000000N1LSAA0}
03:20:45.0 (12119389)|HEAP_ALLOCATE|[10]|Bytes:5
03:20:45.0 (12139750)|HEAP_ALLOCATE|[10]|Bytes:12
03:20:45.0 (12147158)|VARIABLE_SCOPE_BEGIN|[10]|PSetName|PermissionSet|true|false
03:20:45.0 (12162029)|VARIABLE_ASSIGNMENT|[10]|PSetName|{"s":1,"v":{"Id":"0PS36000000mmnnGAA","Name":"X00e1a000000N1wKAAS"}}|0x41ddf380
03:20:45.0 (12164955)|STATEMENT_EXECUTE|[10]
03:20:45.0 (12166233)|STATEMENT_EXECUTE|[11]
03:20:45.0 (12183557)|ENTERING_MANAGED_PKG|
03:20:45.0 (12207663)|HEAP_ALLOCATE|[11]|Bytes:63
03:20:45.0 (12220755)|HEAP_ALLOCATE|[11]|Bytes:87
03:20:45.0 (12233627)|ENTERING_MANAGED_PKG|
03:20:45.0 (12246514)|USER_DEBUG|[11]|ERROR|The PermissionSet Name: PermissionSet:{Id=0PS36000000mmnnGAA, Name=X00e1a000000N1wKAAS}
03:20:45.0 (12262763)|HEAP_ALLOCATE|[10]|Bytes:5
03:20:45.0 (12282864)|HEAP_ALLOCATE|[10]|Bytes:12
03:20:45.0 (12290414)|VARIABLE_SCOPE_BEGIN|[10]|PSetName|PermissionSet|true|false
03:20:45.0 (12305270)|VARIABLE_ASSIGNMENT|[10]|PSetName|{"s":1,"v":{"Id":"0PS36000000mmnoGAA","Name":"X00e1a000000N1wLAAS"}}|0x26784dc4
03:20:45.0 (12308276)|STATEMENT_EXECUTE|[10]
03:20:45.0 (12309590)|STATEMENT_EXECUTE|[11]
03:20:45.0 (12327191)|ENTERING_MANAGED_PKG|
03:20:45.0 (12351530)|HEAP_ALLOCATE|[11]|Bytes:63
03:20:45.0 (12364676)|HEAP_ALLOCATE|[11]|Bytes:87
03:20:45.0 (12377643)|ENTERING_MANAGED_PKG|
03:20:45.0 (12390688)|USER_DEBUG|[11]|ERROR|The PermissionSet Name: PermissionSet:{Id=0PS36000000mmnoGAA, Name=X00e1a000000N1wLAAS}
03:20:45.0 (12406844)|HEAP_ALLOCATE|[10]|Bytes:5
03:20:45.0 (12427119)|HEAP_ALLOCATE|[10]|Bytes:12
03:20:45.0 (12434686)|VARIABLE_SCOPE_BEGIN|[10]|PSetName|PermissionSet|true|false
03:20:45.0 (12449729)|VARIABLE_ASSIGNMENT|[10]|PSetName|{"s":1,"v":{"Id":"0PS36000000mmnqGAA","Name":"X00e1a000000MWaAAAW"}}|0x199876fb
03:20:45.0 (12452894)|STATEMENT_EXECUTE|[10]
03:20:45.0 (12454201)|STATEMENT_EXECUTE|[11]
03:20:45.0 (12471995)|ENTERING_MANAGED_PKG|
03:20:45.0 (12495961)|HEAP_ALLOCATE|[11]|Bytes:63
03:20:45.0 (12509116)|HEAP_ALLOCATE|[11]|Bytes:87
03:20:45.0 (12522092)|ENTERING_MANAGED_PKG|
03:20:45.0 (12535010)|USER_DEBUG|[11]|ERROR|The PermissionSet Name: PermissionSet:{Id=0PS36000000mmnqGAA, Name=X00e1a000000MWaAAAW}
03:20:45.0 (12551329)|HEAP_ALLOCATE|[10]|Bytes:5
03:20:45.0 (12564957)|VARIABLE_ASSIGNMENT|[10]|PSetName|null|
03:20:45.0 (12568412)|STATEMENT_EXECUTE|[14]
03:20:45.0 (12583241)|SYSTEM_MODE_EXIT|false
03:20:45.12 (12636496)|CUMULATIVE_LIMIT_USAGE
03:20:45.12 (12636496)|LIMIT_USAGE_FOR_NS|(default)|
  Number of SOQL queries: 0 out of 100
  Number of query rows: 0 out of 50000
  Number of SOSL queries: 0 out of 20
  Number of DML statements: 0 out of 150
  Number of DML rows: 0 out of 10000
  Maximum CPU time: 0 out of 10000
  Maximum heap size: 0 out of 6000000
  Number of callouts: 0 out of 100
  Number of Email Invocations: 0 out of 10
  Number of future calls: 0 out of 50
  Number of queueable jobs added to the queue: 0 out of 50
  Number of Mobile Apex push calls: 0 out of 10

03:20:45.12 (12636496)|LIMIT_USAGE_FOR_NS|shiva15testns|
  Number of SOQL queries: 1 out of 100
  Number of query rows: 36 out of 50000
  Number of SOSL queries: 0 out of 20
  Number of DML statements: 0 out of 150
  Number of DML rows: 0 out of 10000
  Maximum CPU time: 0 out of 10000
  Maximum heap size: 0 out of 6000000
  Number of callouts: 0 out of 100
  Number of Email Invocations: 0 out of 10
  Number of future calls: 0 out of 50
  Number of queueable jobs added to the queue: 0 out of 50
  Number of Mobile Apex push calls: 0 out of 10

03:20:45.12 (12636496)|CUMULATIVE_LIMIT_USAGE_END

03:20:45.0 (12718215)|CODE_UNIT_FINISHED|PermissionSetPortalControllers.getAllPermissionSets
03:20:45.0 (14590642)|EXECUTION_FINISHED
