36.0 APEX_CODE,FINEST;APEX_PROFILING,INFO;CALLOUT,INFO;DB,INFO;SYSTEM,DEBUG;VALIDATION,INFO;VISUALFORCE,INFO;WORKFLOW,INFO
19:02:21.0 (573994)|EXECUTION_STARTED
19:02:21.0 (614860)|CODE_UNIT_STARTED|[EXTERNAL]|01p36000005Jpvx|PermissionSetPortalControllers.getAllPermissionSets
19:02:21.0 (1341021)|VARIABLE_SCOPE_BEGIN|[3]|PermissionSetPortalControllers.AllPermissionSets|List<PermissionSet>|true|true
19:02:21.0 (1365928)|VARIABLE_SCOPE_BEGIN|[10]|PermissionSetPortalControllers.accountField|Set<String>|true|true
19:02:21.0 (1376376)|VARIABLE_SCOPE_BEGIN|[5]|PermissionSetPortalControllers.allObjectsOfOrg|List<shiva15testns.PermissionSetPortalControllers.ObjectDetailsClass>|true|true
19:02:21.0 (1387664)|VARIABLE_SCOPE_BEGIN|[9]|PermissionSetPortalControllers.contactsField|Set<String>|true|true
19:02:21.0 (1395373)|VARIABLE_SCOPE_BEGIN|[7]|PermissionSetPortalControllers.isNotSystemSObjectList|Set<String>|true|true
19:02:21.0 (1617492)|HEAP_ALLOCATE|[72]|Bytes:3
19:02:21.0 (1657715)|HEAP_ALLOCATE|[77]|Bytes:152
19:02:21.0 (1671987)|HEAP_ALLOCATE|[342]|Bytes:408
19:02:21.0 (1686689)|HEAP_ALLOCATE|[355]|Bytes:408
19:02:21.0 (1700540)|HEAP_ALLOCATE|[467]|Bytes:48
19:02:21.0 (1732303)|HEAP_ALLOCATE|[139]|Bytes:6
19:02:21.0 (1756198)|HEAP_ALLOCATE|[EXTERNAL]|Bytes:168
19:02:21.0 (1761411)|HEAP_ALLOCATE|[EXTERNAL]|Bytes:89
19:02:21.0 (1765513)|HEAP_ALLOCATE|[EXTERNAL]|Bytes:344
19:02:21.0 (1777348)|METHOD_ENTRY|[1]|01p36000005Jpvx|PermissionSetPortalControllers.PermissionSetPortalControllers()
19:02:21.0 (1781935)|STATEMENT_EXECUTE|[1]
19:02:21.0 (1788698)|STATEMENT_EXECUTE|[1]
19:02:21.0 (1824468)|HEAP_ALLOCATE|[50]|Bytes:5
19:02:21.0 (1863913)|HEAP_ALLOCATE|[56]|Bytes:5
19:02:21.0 (1882335)|HEAP_ALLOCATE|[64]|Bytes:7
19:02:21.0 (1913634)|SYSTEM_MODE_ENTER|false
19:02:21.0 (1937663)|HEAP_ALLOCATE|[9]|Bytes:5
19:02:21.0 (1943795)|STATEMENT_EXECUTE|[9]
19:02:21.0 (1954754)|HEAP_ALLOCATE|[9]|Bytes:4
19:02:21.0 (2007035)|ENTERING_MANAGED_PKG|
19:02:21.0 (2136475)|VARIABLE_ASSIGNMENT|[9]|PermissionSetPortalControllers.contactsField|{"s":1,"v":[]}|0x1c7dccbc
19:02:21.0 (2142377)|STATEMENT_EXECUTE|[10]
19:02:21.0 (2147998)|HEAP_ALLOCATE|[10]|Bytes:4
19:02:21.0 (2162144)|ENTERING_MANAGED_PKG|
19:02:21.0 (2206426)|VARIABLE_ASSIGNMENT|[10]|PermissionSetPortalControllers.accountField|{"s":1,"v":[]}|0x2924c7b4
19:02:21.0 (2213212)|STATEMENT_EXECUTE|[1037]
19:02:21.0 (2215863)|STATEMENT_EXECUTE|[1066]
19:02:21.0 (2217996)|STATEMENT_EXECUTE|[1094]
19:02:21.0 (2220633)|STATEMENT_EXECUTE|[1123]
19:02:21.0 (2223299)|STATEMENT_EXECUTE|[1139]
19:02:21.0 (2225172)|STATEMENT_EXECUTE|[1156]
19:02:21.0 (2227088)|STATEMENT_EXECUTE|[1167]
19:02:21.0 (2228865)|STATEMENT_EXECUTE|[1172]
19:02:21.0 (2241600)|SYSTEM_MODE_EXIT|false
19:02:21.0 (2253550)|METHOD_EXIT|[1]|PermissionSetPortalControllers
19:02:21.0 (2261889)|SYSTEM_MODE_ENTER|false
19:02:21.0 (2279118)|HEAP_ALLOCATE|[157]|Bytes:5
19:02:21.0 (2287277)|STATEMENT_EXECUTE|[156]
19:02:21.0 (2290345)|STATEMENT_EXECUTE|[157]
19:02:21.0 (2292246)|STATEMENT_EXECUTE|[157]
19:02:21.0 (2294587)|STATEMENT_EXECUTE|[158]
19:02:21.0 (2300525)|HEAP_ALLOCATE|[158]|Bytes:99
19:02:21.0 (2316316)|HEAP_ALLOCATE|[158]|Bytes:4
19:02:21.0 (3507392)|SOQL_EXECUTE_BEGIN|[158]|Aggregations:0|SELECT Id, label, Name, Description, NamespacePrefix, UserLicenseId, CreatedDate FROM PermissionSet
19:02:21.0 (8020885)|SOQL_EXECUTE_END|[158]|Rows:41
19:02:21.0 (8041754)|HEAP_ALLOCATE|[158]|Bytes:168
19:02:21.0 (8142302)|HEAP_ALLOCATE|[158]|Bytes:7238
19:02:21.0 (8189570)|HEAP_ALLOCATE|[158]|Bytes:168
19:02:21.0 (8240938)|VARIABLE_ASSIGNMENT|[158]|PermissionSetPortalControllers.AllPermissionSets|{"s":1,"v":"List of size 41 too large to display"}|0x18a4588b
19:02:21.0 (8624124)|ENTERING_MANAGED_PKG|
19:02:21.0 (8664207)|STATEMENT_EXECUTE|[159]
19:02:21.0 (8667123)|STATEMENT_EXECUTE|[160]
19:02:21.0 (8827848)|VARIABLE_SCOPE_BEGIN|[160]|pSetObj|shiva15testns.PermissionSetPortalControllers.PermissionSetClass|true|false
19:02:21.0 (8846789)|VARIABLE_ASSIGNMENT|[160]|pSetObj|null|
19:02:21.0 (8851314)|STATEMENT_EXECUTE|[161]
19:02:21.0 (8867208)|HEAP_ALLOCATE|[161]|Bytes:4
19:02:21.0 (8936572)|ENTERING_MANAGED_PKG|
19:02:21.0 (8964453)|VARIABLE_SCOPE_BEGIN|[161]|permissionSetsLst|List<shiva15testns.PermissionSetPortalControllers.PermissionSetClass>|true|false
19:02:21.0 (8995444)|HEAP_ALLOCATE|[EXTERNAL]|Bytes:4
19:02:21.0 (9019024)|VARIABLE_ASSIGNMENT|[161]|permissionSetsLst|{"s":1,"v":[]}|0x5bf2a76e
19:02:21.0 (9046548)|ENTERING_MANAGED_PKG|
19:02:21.0 (9427889)|HEAP_ALLOCATE|[162]|Bytes:5
19:02:21.0 (9493223)|HEAP_ALLOCATE|[162]|Bytes:28
19:02:21.0 (9512078)|VARIABLE_SCOPE_BEGIN|[162]|PSetName|PermissionSet|true|false
19:02:21.0 (9578227)|VARIABLE_ASSIGNMENT|[162]|PSetName|{"s":1,"v":{"Id":"0PS36000000mmnFGAQ","Label":"00e1a000000MWa8AAG","Name":"X00e1a000000MWa8AAG","NamespacePrefix":"shiva15testns","UserLicenseId":"10036000000eSpzAAE","CreatedDate":"2016-03-08T19:00:02.000Z"}}|0x325970ec
19:02:21.0 (9592553)|STATEMENT_EXECUTE|[162]
19:02:21.0 (9634838)|HEAP_ALLOCATE|[163]|Bytes:3
19:02:21.0 (9684469)|ENTERING_MANAGED_PKG|
19:02:21.0 (9734632)|STATEMENT_EXECUTE|[163]
19:02:21.0 (9755109)|HEAP_ALLOCATE|[162]|Bytes:5
19:02:21.0 (9791958)|HEAP_ALLOCATE|[162]|Bytes:28
19:02:21.0 (9806591)|VARIABLE_SCOPE_BEGIN|[162]|PSetName|PermissionSet|true|false
19:02:21.0 (9847491)|VARIABLE_ASSIGNMENT|[162]|PSetName|{"s":1,"v":{"Id":"0PS36000000mmnGGAQ","Label":"00ex00000018ozl_128_ (10 more) ...","Name":"X00ex00000018ozl_128 (11 more) ...","NamespacePrefix":"shiva15testns","UserLicenseId":"10036000000eSpyAAE","CreatedDate":"2016-03-08T19:00:02.000Z"}}|0x22a7315
19:02:21.0 (9857180)|STATEMENT_EXECUTE|[162]
19:02:21.0 (9888912)|ENTERING_MANAGED_PKG|
19:02:21.0 (9909621)|STATEMENT_EXECUTE|[163]
19:02:21.0 (9928681)|HEAP_ALLOCATE|[162]|Bytes:5
19:02:21.0 (9970257)|HEAP_ALLOCATE|[162]|Bytes:28
19:02:21.0 (9987552)|VARIABLE_SCOPE_BEGIN|[162]|PSetName|PermissionSet|true|false
19:02:21.0 (10027630)|VARIABLE_ASSIGNMENT|[162]|PSetName|{"s":1,"v":{"Id":"0PS36000000mmnHGAQ","Label":"00ex00000018ozm_128_ (10 more) ...","Name":"X00ex00000018ozm_128 (11 more) ...","NamespacePrefix":"shiva15testns","UserLicenseId":"10036000000eSpyAAE","CreatedDate":"2016-03-08T19:00:02.000Z"}}|0x41e4a959
19:02:21.0 (10036632)|STATEMENT_EXECUTE|[162]
19:02:21.0 (10066958)|ENTERING_MANAGED_PKG|
19:02:21.0 (10087351)|STATEMENT_EXECUTE|[163]
19:02:21.0 (10107916)|HEAP_ALLOCATE|[162]|Bytes:5
19:02:21.0 (10145873)|HEAP_ALLOCATE|[162]|Bytes:28
19:02:21.0 (10159578)|VARIABLE_SCOPE_BEGIN|[162]|PSetName|PermissionSet|true|false
19:02:21.0 (10199036)|VARIABLE_ASSIGNMENT|[162]|PSetName|{"s":1,"v":{"Id":"0PS36000000mmnIGAQ","Label":"00ex00000018ozk_128_ (10 more) ...","Name":"X00ex00000018ozk_128 (11 more) ...","NamespacePrefix":"shiva15testns","UserLicenseId":"10036000000eSpyAAE","CreatedDate":"2016-03-08T19:00:02.000Z"}}|0x3f16e363
19:02:21.0 (10207938)|STATEMENT_EXECUTE|[162]
19:02:21.0 (10240264)|ENTERING_MANAGED_PKG|
19:02:21.0 (10260821)|STATEMENT_EXECUTE|[163]
19:02:21.0 (10281369)|HEAP_ALLOCATE|[162]|Bytes:5
19:02:21.0 (10317598)|HEAP_ALLOCATE|[162]|Bytes:28
19:02:21.0 (10329829)|VARIABLE_SCOPE_BEGIN|[162]|PSetName|PermissionSet|true|false
19:02:21.0 (10366417)|VARIABLE_ASSIGNMENT|[162]|PSetName|{"s":1,"v":{"Id":"0PS36000000mmnJGAQ","Label":"00ex00000018ozj_128_ (10 more) ...","Name":"X00ex00000018ozj_128 (11 more) ...","NamespacePrefix":"shiva15testns","UserLicenseId":"10036000000eSpyAAE","CreatedDate":"2016-03-08T19:00:02.000Z"}}|0x46312a7d
19:02:21.0 (10373809)|STATEMENT_EXECUTE|[162]
19:02:21.0 (10397574)|ENTERING_MANAGED_PKG|
19:02:21.0 (10412507)|STATEMENT_EXECUTE|[163]
19:02:21.0 (10424644)|HEAP_ALLOCATE|[162]|Bytes:5
19:02:21.0 (10447053)|HEAP_ALLOCATE|[162]|Bytes:28
19:02:21.0 (10455011)|VARIABLE_SCOPE_BEGIN|[162]|PSetName|PermissionSet|true|false
19:02:21.0 (10479285)|VARIABLE_ASSIGNMENT|[162]|PSetName|{"s":1,"v":{"Id":"0PS36000000mmnKGAQ","Label":"00ex00000018ozo_128_ (10 more) ...","Name":"X00ex00000018ozo_128 (11 more) ...","NamespacePrefix":"shiva15testns","UserLicenseId":"10036000000eSpyAAE","CreatedDate":"2016-03-08T19:00:02.000Z"}}|0x17d25b75
19:02:21.0 (10484172)|STATEMENT_EXECUTE|[162]
19:02:21.0 (10504809)|ENTERING_MANAGED_PKG|
19:02:21.0 (10514721)|STATEMENT_EXECUTE|[163]
19:02:21.0 (10525828)|HEAP_ALLOCATE|[162]|Bytes:5
19:02:21.0 (10547021)|HEAP_ALLOCATE|[162]|Bytes:28
19:02:21.0 (10554276)|VARIABLE_SCOPE_BEGIN|[162]|PSetName|PermissionSet|true|false
19:02:21.0 (10577294)|VARIABLE_ASSIGNMENT|[162]|PSetName|{"s":1,"v":{"Id":"0PS36000000mmnLGAQ","Label":"00ex00000018ozh_128_ (10 more) ...","Name":"X00ex00000018ozh_128 (11 more) ...","NamespacePrefix":"shiva15testns","UserLicenseId":"10036000000eSpyAAE","CreatedDate":"2016-03-08T19:00:02.000Z"}}|0x731886b7
19:02:21.0 (10586054)|STATEMENT_EXECUTE|[162]
19:02:21.0 (10607175)|ENTERING_MANAGED_PKG|
19:02:21.0 (10617176)|STATEMENT_EXECUTE|[163]
19:02:21.0 (10628398)|HEAP_ALLOCATE|[162]|Bytes:5
19:02:21.0 (10649391)|HEAP_ALLOCATE|[162]|Bytes:28
19:02:21.0 (10656696)|VARIABLE_SCOPE_BEGIN|[162]|PSetName|PermissionSet|true|false
19:02:21.0 (10679678)|VARIABLE_ASSIGNMENT|[162]|PSetName|{"s":1,"v":{"Id":"0PS36000000mmnMGAQ","Label":"00ex00000018ozq_128_ (11 more) ...","Name":"X00ex00000018ozq_128 (12 more) ...","NamespacePrefix":"shiva15testns","UserLicenseId":"10036000000eSpyAAE","CreatedDate":"2016-03-08T19:00:02.000Z"}}|0x7b9d6e4c
19:02:21.0 (10684252)|STATEMENT_EXECUTE|[162]
19:02:21.0 (10704639)|ENTERING_MANAGED_PKG|
19:02:21.0 (10714478)|STATEMENT_EXECUTE|[163]
19:02:21.0 (10725135)|HEAP_ALLOCATE|[162]|Bytes:5
19:02:21.0 (10745782)|HEAP_ALLOCATE|[162]|Bytes:28
19:02:21.0 (10752959)|VARIABLE_SCOPE_BEGIN|[162]|PSetName|PermissionSet|true|false
19:02:21.0 (10783882)|VARIABLE_ASSIGNMENT|[162]|PSetName|{"s":1,"v":{"Id":"0PS36000000mmnNGAQ","Label":"00ex00000018ozp_128_ (10 more) ...","Name":"X00ex00000018ozp_128 (11 more) ...","NamespacePrefix":"shiva15testns","UserLicenseId":"10036000000eSpyAAE","CreatedDate":"2016-03-08T19:00:02.000Z"}}|0x34b0c180
19:02:21.0 (10792035)|STATEMENT_EXECUTE|[162]
19:02:21.0 (10822514)|ENTERING_MANAGED_PKG|
19:02:21.0 (10841071)|STATEMENT_EXECUTE|[163]
19:02:21.0 (10859285)|HEAP_ALLOCATE|[162]|Bytes:5
19:02:21.0 (10893032)|HEAP_ALLOCATE|[162]|Bytes:28
19:02:21.0 (10905763)|VARIABLE_SCOPE_BEGIN|[162]|PSetName|PermissionSet|true|false
19:02:21.0 (10939748)|VARIABLE_ASSIGNMENT|[162]|PSetName|{"s":1,"v":{"Id":"0PS36000000mmnOGAQ","Label":"00ex00000018ozn_128_ (10 more) ...","Name":"X00ex00000018ozn_128 (11 more) ...","NamespacePrefix":"shiva15testns","UserLicenseId":"10036000000eSpyAAE","CreatedDate":"2016-03-08T19:00:02.000Z"}}|0x31bc3d90
19:02:21.0 (10946991)|STATEMENT_EXECUTE|[162]
19:02:21.0 (10978165)|ENTERING_MANAGED_PKG|
19:02:21.0 (10997825)|STATEMENT_EXECUTE|[163]
19:02:21.0 (11017108)|HEAP_ALLOCATE|[162]|Bytes:5
19:02:21.0 (11051712)|HEAP_ALLOCATE|[162]|Bytes:28
19:02:21.0 (11064110)|VARIABLE_SCOPE_BEGIN|[162]|PSetName|PermissionSet|true|false
19:02:21.0 (11098480)|VARIABLE_ASSIGNMENT|[162]|PSetName|{"s":1,"v":{"Id":"0PS36000000mmnPGAQ","Label":"00e1a000000MWa9AAG","Name":"X00e1a000000MWa9AAG","NamespacePrefix":"shiva15testns","UserLicenseId":"10036000000eSq0AAE","CreatedDate":"2016-03-08T19:00:02.000Z"}}|0x6a6282e
19:02:21.0 (11105313)|STATEMENT_EXECUTE|[162]
19:02:21.0 (11133680)|ENTERING_MANAGED_PKG|
19:02:21.0 (11150363)|STATEMENT_EXECUTE|[163]
19:02:21.0 (11169106)|HEAP_ALLOCATE|[162]|Bytes:5
19:02:21.0 (11200030)|HEAP_ALLOCATE|[162]|Bytes:28
19:02:21.0 (11208559)|VARIABLE_SCOPE_BEGIN|[162]|PSetName|PermissionSet|true|false
19:02:21.0 (11232679)|VARIABLE_ASSIGNMENT|[162]|PSetName|{"s":1,"v":{"Id":"0PS36000000mmnQGAQ","Label":"00e1a000000MWaBAAW","Name":"X00e1a000000MWaBAAW","NamespacePrefix":"shiva15testns","UserLicenseId":"10036000000eSq2AAE","CreatedDate":"2016-03-08T19:00:02.000Z"}}|0x16d9c9b8
19:02:21.0 (11237079)|STATEMENT_EXECUTE|[162]
19:02:21.0 (11257951)|ENTERING_MANAGED_PKG|
19:02:21.0 (11268458)|STATEMENT_EXECUTE|[163]
19:02:21.0 (11279281)|HEAP_ALLOCATE|[162]|Bytes:5
19:02:21.0 (11299791)|HEAP_ALLOCATE|[162]|Bytes:28
19:02:21.0 (11306954)|VARIABLE_SCOPE_BEGIN|[162]|PSetName|PermissionSet|true|false
19:02:21.0 (11328898)|VARIABLE_ASSIGNMENT|[162]|PSetName|{"s":1,"v":{"Id":"0PS36000000mmnRGAQ","Label":"00e1a000000MWaCAAW","Name":"X00e1a000000MWaCAAW","NamespacePrefix":"shiva15testns","UserLicenseId":"10036000000eSq3AAE","CreatedDate":"2016-03-08T19:00:02.000Z"}}|0x24d7a622
19:02:21.0 (11333166)|STATEMENT_EXECUTE|[162]
19:02:21.0 (11353191)|ENTERING_MANAGED_PKG|
19:02:21.0 (11362891)|STATEMENT_EXECUTE|[163]
19:02:21.0 (11373552)|HEAP_ALLOCATE|[162]|Bytes:5
19:02:21.0 (11393860)|HEAP_ALLOCATE|[162]|Bytes:28
19:02:21.0 (11400819)|VARIABLE_SCOPE_BEGIN|[162]|PSetName|PermissionSet|true|false
19:02:21.0 (11422235)|VARIABLE_ASSIGNMENT|[162]|PSetName|{"s":1,"v":{"Id":"0PS36000000mmnSGAQ","Label":"00e1a000000MWaDAAW","Name":"X00e1a000000MWaDAAW","NamespacePrefix":"shiva15testns","UserLicenseId":"10036000000eSq4AAE","CreatedDate":"2016-03-08T19:00:02.000Z"}}|0x74574f95
19:02:21.0 (11426620)|STATEMENT_EXECUTE|[162]
19:02:21.0 (11446971)|ENTERING_MANAGED_PKG|
19:02:21.0 (11456753)|STATEMENT_EXECUTE|[163]
19:02:21.0 (11467290)|HEAP_ALLOCATE|[162]|Bytes:5
19:02:21.0 (11491260)|HEAP_ALLOCATE|[162]|Bytes:28
19:02:21.0 (11498687)|VARIABLE_SCOPE_BEGIN|[162]|PSetName|PermissionSet|true|false
19:02:21.0 (11520556)|VARIABLE_ASSIGNMENT|[162]|PSetName|{"s":1,"v":{"Id":"0PS36000000mmnTGAQ","Label":"00e1a000000MWaEAAW","Name":"X00e1a000000MWaEAAW","NamespacePrefix":"shiva15testns","UserLicenseId":"10036000000eSq5AAE","CreatedDate":"2016-03-08T19:00:02.000Z"}}|0x4387ee69
19:02:21.0 (11525178)|STATEMENT_EXECUTE|[162]
19:02:21.0 (11548006)|ENTERING_MANAGED_PKG|
19:02:21.0 (11557978)|STATEMENT_EXECUTE|[163]
19:02:21.0 (11568817)|HEAP_ALLOCATE|[162]|Bytes:5
19:02:21.0 (11594126)|HEAP_ALLOCATE|[162]|Bytes:28
19:02:21.0 (11601852)|VARIABLE_SCOPE_BEGIN|[162]|PSetName|PermissionSet|true|false
19:02:21.0 (11623220)|VARIABLE_ASSIGNMENT|[162]|PSetName|{"s":1,"v":{"Id":"0PS36000000mmnUGAQ","Label":"00e1a000000MWaFAAW","Name":"X00e1a000000MWaFAAW","NamespacePrefix":"shiva15testns","UserLicenseId":"10036000000eSq6AAE","CreatedDate":"2016-03-08T19:00:02.000Z"}}|0x1b4b6ba8
19:02:21.0 (11627383)|STATEMENT_EXECUTE|[162]
19:02:21.0 (11647729)|ENTERING_MANAGED_PKG|
19:02:21.0 (11657460)|STATEMENT_EXECUTE|[163]
19:02:21.0 (11668020)|HEAP_ALLOCATE|[162]|Bytes:5
19:02:21.0 (11688388)|HEAP_ALLOCATE|[162]|Bytes:28
19:02:21.0 (11695603)|VARIABLE_SCOPE_BEGIN|[162]|PSetName|PermissionSet|true|false
19:02:21.0 (11716863)|VARIABLE_ASSIGNMENT|[162]|PSetName|{"s":1,"v":{"Id":"0PS36000000mmnVGAQ","Label":"00e1a000000MWaGAAW","Name":"X00e1a000000MWaGAAW","NamespacePrefix":"shiva15testns","UserLicenseId":"10036000000eSq7AAE","CreatedDate":"2016-03-08T19:00:02.000Z"}}|0x2342855
19:02:21.0 (11720655)|STATEMENT_EXECUTE|[162]
19:02:21.0 (11740422)|ENTERING_MANAGED_PKG|
19:02:21.0 (11750130)|STATEMENT_EXECUTE|[163]
19:02:21.0 (11760647)|HEAP_ALLOCATE|[162]|Bytes:5
19:02:21.0 (11781333)|HEAP_ALLOCATE|[162]|Bytes:28
19:02:21.0 (11788492)|VARIABLE_SCOPE_BEGIN|[162]|PSetName|PermissionSet|true|false
19:02:21.0 (11813081)|VARIABLE_ASSIGNMENT|[162]|PSetName|{"s":1,"v":{"Id":"0PS36000000mmnWGAQ","Label":"00e1a000000MWaHAAW","Name":"X00e1a000000MWaHAAW","NamespacePrefix":"shiva15testns","UserLicenseId":"10036000000eSq8AAE","CreatedDate":"2016-03-08T19:00:02.000Z"}}|0x4c51e461
19:02:21.0 (11817898)|STATEMENT_EXECUTE|[162]
19:02:21.0 (11838662)|ENTERING_MANAGED_PKG|
19:02:21.0 (11848365)|STATEMENT_EXECUTE|[163]
19:02:21.0 (11859003)|HEAP_ALLOCATE|[162]|Bytes:5
19:02:21.0 (11879422)|HEAP_ALLOCATE|[162]|Bytes:28
19:02:21.0 (11886540)|VARIABLE_SCOPE_BEGIN|[162]|PSetName|PermissionSet|true|false
19:02:21.0 (11908426)|VARIABLE_ASSIGNMENT|[162]|PSetName|{"s":1,"v":{"Id":"0PS36000000mmnXGAQ","Label":"00e1a000000MWaIAAW","Name":"X00e1a000000MWaIAAW","NamespacePrefix":"shiva15testns","UserLicenseId":"10036000000eSq9AAE","CreatedDate":"2016-03-08T19:00:02.000Z"}}|0x3059bf24
19:02:21.0 (11913168)|STATEMENT_EXECUTE|[162]
19:02:21.0 (11933071)|ENTERING_MANAGED_PKG|
19:02:21.0 (11942708)|STATEMENT_EXECUTE|[163]
19:02:21.0 (11953182)|HEAP_ALLOCATE|[162]|Bytes:5
19:02:21.0 (11973498)|HEAP_ALLOCATE|[162]|Bytes:28
19:02:21.0 (11980531)|VARIABLE_SCOPE_BEGIN|[162]|PSetName|PermissionSet|true|false
19:02:21.0 (12002260)|VARIABLE_ASSIGNMENT|[162]|PSetName|{"s":1,"v":{"Id":"0PS36000000mmnYGAQ","Label":"00e1a000000MWaJAAW","Name":"X00e1a000000MWaJAAW","NamespacePrefix":"shiva15testns","UserLicenseId":"10036000000eSqAAAU","CreatedDate":"2016-03-08T19:00:02.000Z"}}|0x708f94ac
19:02:21.0 (12007435)|STATEMENT_EXECUTE|[162]
19:02:21.0 (12030450)|ENTERING_MANAGED_PKG|
19:02:21.0 (12048705)|STATEMENT_EXECUTE|[163]
19:02:21.0 (12066269)|HEAP_ALLOCATE|[162]|Bytes:5
19:02:21.0 (12097840)|HEAP_ALLOCATE|[162]|Bytes:28
19:02:21.0 (12107260)|VARIABLE_SCOPE_BEGIN|[162]|PSetName|PermissionSet|true|false
19:02:21.0 (12130124)|VARIABLE_ASSIGNMENT|[162]|PSetName|{"s":1,"v":{"Id":"0PS36000000mmnZGAQ","Label":"00e1a000000MWaKAAW","Name":"X00e1a000000MWaKAAW","NamespacePrefix":"shiva15testns","UserLicenseId":"10036000000eSqBAAU","CreatedDate":"2016-03-08T19:00:02.000Z"}}|0x535a6c68
19:02:21.0 (12134777)|STATEMENT_EXECUTE|[162]
19:02:21.0 (12155805)|ENTERING_MANAGED_PKG|
19:02:21.0 (12165677)|STATEMENT_EXECUTE|[163]
19:02:21.0 (12176906)|HEAP_ALLOCATE|[162]|Bytes:5
19:02:21.0 (12208828)|HEAP_ALLOCATE|[162]|Bytes:28
19:02:21.0 (12222942)|VARIABLE_SCOPE_BEGIN|[162]|PSetName|PermissionSet|true|false
19:02:21.0 (12253021)|VARIABLE_ASSIGNMENT|[162]|PSetName|{"s":1,"v":{"Id":"0PS36000000mmnaGAA","Label":"00e1a000000MWaLAAW","Name":"X00e1a000000MWaLAAW","NamespacePrefix":"shiva15testns","UserLicenseId":"10036000000eSqCAAU","CreatedDate":"2016-03-08T19:00:02.000Z"}}|0x10ebe88e
19:02:21.0 (12257501)|STATEMENT_EXECUTE|[162]
19:02:21.0 (12279109)|ENTERING_MANAGED_PKG|
19:02:21.0 (12289166)|STATEMENT_EXECUTE|[163]
19:02:21.0 (12300434)|HEAP_ALLOCATE|[162]|Bytes:5
19:02:21.0 (12320924)|HEAP_ALLOCATE|[162]|Bytes:28
19:02:21.0 (12328190)|VARIABLE_SCOPE_BEGIN|[162]|PSetName|PermissionSet|true|false
19:02:21.0 (12350276)|VARIABLE_ASSIGNMENT|[162]|PSetName|{"s":1,"v":{"Id":"0PS36000000mmnbGAA","Label":"00e1a000000MWaMAAW","Name":"X00e1a000000MWaMAAW","NamespacePrefix":"shiva15testns","UserLicenseId":"10036000000eSqDAAU","CreatedDate":"2016-03-08T19:00:02.000Z"}}|0x6d36d528
19:02:21.0 (12354591)|STATEMENT_EXECUTE|[162]
19:02:21.0 (12374628)|ENTERING_MANAGED_PKG|
19:02:21.0 (12384286)|STATEMENT_EXECUTE|[163]
19:02:21.0 (12395264)|HEAP_ALLOCATE|[162]|Bytes:5
19:02:21.0 (12418945)|HEAP_ALLOCATE|[162]|Bytes:28
19:02:21.0 (12426478)|VARIABLE_SCOPE_BEGIN|[162]|PSetName|PermissionSet|true|false
19:02:21.0 (12448887)|VARIABLE_ASSIGNMENT|[162]|PSetName|{"s":1,"v":{"Id":"0PS36000000mmncGAA","Label":"00e1a000000MWaNAAW","Name":"X00e1a000000MWaNAAW","NamespacePrefix":"shiva15testns","UserLicenseId":"10036000000eSqEAAU","CreatedDate":"2016-03-08T19:00:02.000Z"}}|0x611006d6
19:02:21.0 (12452948)|STATEMENT_EXECUTE|[162]
19:02:21.0 (12477422)|ENTERING_MANAGED_PKG|
19:02:21.0 (12488106)|STATEMENT_EXECUTE|[163]
19:02:21.0 (12498846)|HEAP_ALLOCATE|[162]|Bytes:5
19:02:21.0 (12519318)|HEAP_ALLOCATE|[162]|Bytes:28
19:02:21.0 (12526355)|VARIABLE_SCOPE_BEGIN|[162]|PSetName|PermissionSet|true|false
19:02:21.0 (12548186)|VARIABLE_ASSIGNMENT|[162]|PSetName|{"s":1,"v":{"Id":"0PS36000000mmndGAA","Label":"00e1a000000MWaOAAW","Name":"X00e1a000000MWaOAAW","NamespacePrefix":"shiva15testns","UserLicenseId":"10036000000eSqFAAU","CreatedDate":"2016-03-08T19:00:02.000Z"}}|0x61291fb0
19:02:21.0 (12552647)|STATEMENT_EXECUTE|[162]
19:02:21.0 (12572758)|ENTERING_MANAGED_PKG|
19:02:21.0 (12586767)|STATEMENT_EXECUTE|[163]
19:02:21.0 (12598195)|HEAP_ALLOCATE|[162]|Bytes:5
19:02:21.0 (12619074)|HEAP_ALLOCATE|[162]|Bytes:28
19:02:21.0 (12626257)|VARIABLE_SCOPE_BEGIN|[162]|PSetName|PermissionSet|true|false
19:02:21.0 (12647802)|VARIABLE_ASSIGNMENT|[162]|PSetName|{"s":1,"v":{"Id":"0PS36000000mmneGAA","Label":"00e1a000000MWaPAAW","Name":"X00e1a000000MWaPAAW","NamespacePrefix":"shiva15testns","UserLicenseId":"10036000000eSqGAAU","CreatedDate":"2016-03-08T19:00:02.000Z"}}|0x2ec92483
19:02:21.0 (12652017)|STATEMENT_EXECUTE|[162]
19:02:21.0 (12672221)|ENTERING_MANAGED_PKG|
19:02:21.0 (12681734)|STATEMENT_EXECUTE|[163]
19:02:21.0 (12692381)|HEAP_ALLOCATE|[162]|Bytes:5
19:02:21.0 (12715126)|HEAP_ALLOCATE|[162]|Bytes:28
19:02:21.0 (12726890)|VARIABLE_SCOPE_BEGIN|[162]|PSetName|PermissionSet|true|false
19:02:21.0 (12761179)|VARIABLE_ASSIGNMENT|[162]|PSetName|{"s":1,"v":{"Id":"0PS36000000mmnfGAA","Label":"00e1a000000MWaQAAW","Name":"X00e1a000000MWaQAAW","NamespacePrefix":"shiva15testns","UserLicenseId":"10036000000eSqHAAU","CreatedDate":"2016-03-08T19:00:02.000Z"}}|0x758d2be7
19:02:21.0 (12766839)|STATEMENT_EXECUTE|[162]
19:02:21.0 (12788798)|ENTERING_MANAGED_PKG|
19:02:21.0 (12802996)|STATEMENT_EXECUTE|[163]
19:02:21.0 (12818805)|HEAP_ALLOCATE|[162]|Bytes:5
19:02:21.0 (12841384)|HEAP_ALLOCATE|[162]|Bytes:28
19:02:21.0 (12848818)|VARIABLE_SCOPE_BEGIN|[162]|PSetName|PermissionSet|true|false
19:02:21.0 (12871200)|VARIABLE_ASSIGNMENT|[162]|PSetName|{"s":1,"v":{"Id":"0PS36000000mmngGAA","Label":"00e1a000000MWaRAAW","Name":"X00e1a000000MWaRAAW","NamespacePrefix":"shiva15testns","UserLicenseId":"10036000000eSqIAAU","CreatedDate":"2016-03-08T19:00:02.000Z"}}|0x144aa536
19:02:21.0 (12875515)|STATEMENT_EXECUTE|[162]
19:02:21.0 (12895980)|ENTERING_MANAGED_PKG|
19:02:21.0 (12905717)|STATEMENT_EXECUTE|[163]
19:02:21.0 (12916242)|HEAP_ALLOCATE|[162]|Bytes:5
19:02:21.0 (12936483)|HEAP_ALLOCATE|[162]|Bytes:28
19:02:21.0 (12943516)|VARIABLE_SCOPE_BEGIN|[162]|PSetName|PermissionSet|true|false
19:02:21.0 (12964850)|VARIABLE_ASSIGNMENT|[162]|PSetName|{"s":1,"v":{"Id":"0PS36000000mmnhGAA","Label":"00e1a000000MWaSAAW","Name":"X00e1a000000MWaSAAW","NamespacePrefix":"shiva15testns","UserLicenseId":"10036000000eSqJAAU","CreatedDate":"2016-03-08T19:00:02.000Z"}}|0x3db7ec90
19:02:21.0 (12968758)|STATEMENT_EXECUTE|[162]
19:02:21.0 (12988723)|ENTERING_MANAGED_PKG|
19:02:21.0 (12998425)|STATEMENT_EXECUTE|[163]
19:02:21.0 (13009103)|HEAP_ALLOCATE|[162]|Bytes:5
19:02:21.0 (13031069)|HEAP_ALLOCATE|[162]|Bytes:28
19:02:21.0 (13038065)|VARIABLE_SCOPE_BEGIN|[162]|PSetName|PermissionSet|true|false
19:02:21.0 (13060132)|VARIABLE_ASSIGNMENT|[162]|PSetName|{"s":1,"v":{"Id":"0PS36000000mmniGAA","Label":"00e1a000000MWaTAAW","Name":"X00e1a000000MWaTAAW","NamespacePrefix":"shiva15testns","UserLicenseId":"10036000000eSqJAAU","CreatedDate":"2016-03-08T19:00:02.000Z"}}|0x5a3d3a99
19:02:21.0 (13064241)|STATEMENT_EXECUTE|[162]
19:02:21.0 (13084255)|ENTERING_MANAGED_PKG|
19:02:21.0 (13094122)|STATEMENT_EXECUTE|[163]
19:02:21.0 (13108373)|HEAP_ALLOCATE|[162]|Bytes:5
19:02:21.0 (13143659)|HEAP_ALLOCATE|[162]|Bytes:28
19:02:21.0 (13156244)|VARIABLE_SCOPE_BEGIN|[162]|PSetName|PermissionSet|true|false
19:02:21.0 (13192695)|VARIABLE_ASSIGNMENT|[162]|PSetName|{"s":1,"v":{"Id":"0PS36000000mmnjGAA","Label":"00e1a000000MWaUAAW","Name":"X00e1a000000MWaUAAW","NamespacePrefix":"shiva15testns","UserLicenseId":"10036000000eSqKAAU","CreatedDate":"2016-03-08T19:00:02.000Z"}}|0x4673f02a
19:02:21.0 (13204515)|STATEMENT_EXECUTE|[162]
19:02:21.0 (13266967)|ENTERING_MANAGED_PKG|
19:02:21.0 (13304250)|STATEMENT_EXECUTE|[163]
19:02:21.0 (13337943)|HEAP_ALLOCATE|[162]|Bytes:5
19:02:21.0 (13376437)|HEAP_ALLOCATE|[162]|Bytes:28
19:02:21.0 (13389304)|VARIABLE_SCOPE_BEGIN|[162]|PSetName|PermissionSet|true|false
19:02:21.0 (13413311)|VARIABLE_ASSIGNMENT|[162]|PSetName|{"s":1,"v":{"Id":"0PS36000000mmnlGAA","Label":"00e1a000000N1LRAA0","Name":"X00e1a000000N1LRAA0","NamespacePrefix":"shiva15testns","UserLicenseId":"10036000000eSqLAAU","CreatedDate":"2016-03-08T19:00:02.000Z"}}|0x7519ec7
19:02:21.0 (13417324)|STATEMENT_EXECUTE|[162]
19:02:21.0 (13438255)|ENTERING_MANAGED_PKG|
19:02:21.0 (13448353)|STATEMENT_EXECUTE|[163]
19:02:21.0 (13459517)|HEAP_ALLOCATE|[162]|Bytes:5
19:02:21.0 (13480145)|HEAP_ALLOCATE|[162]|Bytes:28
19:02:21.0 (13487277)|VARIABLE_SCOPE_BEGIN|[162]|PSetName|PermissionSet|true|false
19:02:21.0 (13508815)|VARIABLE_ASSIGNMENT|[162]|PSetName|{"s":1,"v":{"Id":"0PS36000000mmnmGAA","Label":"00e1a000000N1LSAA0","Name":"X00e1a000000N1LSAA0","NamespacePrefix":"shiva15testns","UserLicenseId":"10036000000eSqMAAU","CreatedDate":"2016-03-08T19:00:02.000Z"}}|0x50031d1
19:02:21.0 (13513148)|STATEMENT_EXECUTE|[162]
19:02:21.0 (13533143)|ENTERING_MANAGED_PKG|
19:02:21.0 (13542754)|STATEMENT_EXECUTE|[163]
19:02:21.0 (13553391)|HEAP_ALLOCATE|[162]|Bytes:5
19:02:21.0 (13573768)|HEAP_ALLOCATE|[162]|Bytes:28
19:02:21.0 (13584862)|VARIABLE_SCOPE_BEGIN|[162]|PSetName|PermissionSet|true|false
19:02:21.0 (13607315)|VARIABLE_ASSIGNMENT|[162]|PSetName|{"s":1,"v":{"Id":"0PS36000000mmnnGAA","Label":"00e1a000000N1wKAAS","Name":"X00e1a000000N1wKAAS","NamespacePrefix":"shiva15testns","UserLicenseId":"10036000000eSqNAAU","CreatedDate":"2016-03-08T19:00:02.000Z"}}|0x365a2a1a
19:02:21.0 (13611365)|STATEMENT_EXECUTE|[162]
19:02:21.0 (13631692)|ENTERING_MANAGED_PKG|
19:02:21.0 (13641609)|STATEMENT_EXECUTE|[163]
19:02:21.0 (13652170)|HEAP_ALLOCATE|[162]|Bytes:5
19:02:21.0 (13672767)|HEAP_ALLOCATE|[162]|Bytes:28
19:02:21.0 (13679992)|VARIABLE_SCOPE_BEGIN|[162]|PSetName|PermissionSet|true|false
19:02:21.0 (13702148)|VARIABLE_ASSIGNMENT|[162]|PSetName|{"s":1,"v":{"Id":"0PS36000000mmnoGAA","Label":"00e1a000000N1wLAAS","Name":"X00e1a000000N1wLAAS","NamespacePrefix":"shiva15testns","UserLicenseId":"10036000000eSqNAAU","CreatedDate":"2016-03-08T19:00:02.000Z"}}|0x6ff16e5b
19:02:21.0 (13706487)|STATEMENT_EXECUTE|[162]
19:02:21.0 (13726399)|ENTERING_MANAGED_PKG|
19:02:21.0 (13736269)|STATEMENT_EXECUTE|[163]
19:02:21.0 (13748669)|HEAP_ALLOCATE|[162]|Bytes:5
19:02:21.0 (13781763)|HEAP_ALLOCATE|[162]|Bytes:28
19:02:21.0 (13793994)|VARIABLE_SCOPE_BEGIN|[162]|PSetName|PermissionSet|true|false
19:02:21.0 (13826817)|VARIABLE_ASSIGNMENT|[162]|PSetName|{"s":1,"v":{"Id":"0PS36000000mmnqGAA","Label":"00e1a000000MWaAAAW","Name":"X00e1a000000MWaAAAW","NamespacePrefix":"shiva15testns","UserLicenseId":"10036000000eSq1AAE","CreatedDate":"2016-03-08T19:00:02.000Z"}}|0x645d72c4
19:02:21.0 (13833895)|STATEMENT_EXECUTE|[162]
19:02:21.0 (13862819)|ENTERING_MANAGED_PKG|
19:02:21.0 (13879249)|STATEMENT_EXECUTE|[163]
19:02:21.0 (13897708)|HEAP_ALLOCATE|[162]|Bytes:5
19:02:21.0 (13936522)|HEAP_ALLOCATE|[162]|Bytes:32
19:02:21.0 (13949484)|VARIABLE_SCOPE_BEGIN|[162]|PSetName|PermissionSet|true|false
19:02:21.0 (13989817)|VARIABLE_ASSIGNMENT|[162]|PSetName|{"s":1,"v":{"Id":"0PS36000000q71PGAQ","Label":"PermissionSet_Test","Name":"PermissionSet_Test","Description":"This is for testing  (11 more) ...","NamespacePrefix":"shiva15testns","UserLicenseId":"10036000000eSpyAAE","CreatedDate":"2016-03-20T22:41:12.000Z"}}|0x60d75927
19:02:21.0 (13997850)|STATEMENT_EXECUTE|[162]
19:02:21.0 (14029231)|ENTERING_MANAGED_PKG|
19:02:21.0 (14050174)|STATEMENT_EXECUTE|[163]
19:02:21.0 (14053200)|STATEMENT_EXECUTE|[164]
19:02:21.0 (14060033)|HEAP_ALLOCATE|[164]|Bytes:52
19:02:21.0 (14074818)|HEAP_ALLOCATE|[164]|Bytes:4
19:02:21.0 (14088154)|HEAP_ALLOCATE|[164]|Bytes:7
19:02:21.0 (15464609)|SOQL_EXECUTE_BEGIN|[164]|Aggregations:0|SELECT Id, Name FROM UserLicense WHERE Id = :tmpVar1
19:02:21.0 (17745255)|SOQL_EXECUTE_END|[164]|Rows:1
19:02:21.0 (17771929)|HEAP_ALLOCATE|[164]|Bytes:8
19:02:21.0 (17789955)|HEAP_ALLOCATE|[164]|Bytes:47
19:02:21.0 (17837257)|HEAP_ALLOCATE|[164]|Bytes:8
19:02:21.0 (17852692)|HEAP_ALLOCATE|[164]|Bytes:37
19:02:21.0 (17974516)|HEAP_ALLOCATE|[164]|Bytes:12
19:02:21.0 (17994206)|VARIABLE_SCOPE_BEGIN|[164]|ulicense|UserLicense|true|false
19:02:21.0 (18024397)|VARIABLE_ASSIGNMENT|[164]|ulicense|{"s":1,"v":{"Id":"10036000000eSpyAAE","Name":"Salesforce"}}|0xa7c67dd
19:02:21.0 (18032410)|STATEMENT_EXECUTE|[165]
19:02:21.0 (18048461)|HEAP_ALLOCATE|[165]|Bytes:240
19:02:21.0 (18062499)|HEAP_ALLOCATE|[165]|Bytes:39
19:02:21.0 (18098690)|HEAP_ALLOCATE|[165]|Bytes:32
19:02:21.0 (18179153)|ENTERING_MANAGED_PKG|
19:02:21.0 (18222098)|HEAP_ALLOCATE|[165]|Bytes:18
19:02:21.0 (18300818)|ENTERING_MANAGED_PKG|
19:02:21.0 (18330158)|HEAP_ALLOCATE|[165]|Bytes:19
19:02:21.0 (18384866)|CONSTRUCTOR_ENTRY|[165]|01p36000005Jpvx|<init>(String,String,String,String,String,String,String)
19:02:21.0 (18416354)|VARIABLE_SCOPE_BEGIN|[1054]|this|shiva15testns.PermissionSetPortalControllers.PermissionSetClass|true|false
19:02:21.0 (18552547)|VARIABLE_ASSIGNMENT|[1054]|this|{}|0x5d368e4c
19:02:21.0 (18561895)|VARIABLE_SCOPE_BEGIN|[1054]|label|String|false|false
19:02:21.0 (18571938)|VARIABLE_ASSIGNMENT|[1054]|label|"PermissionSet_Test"
19:02:21.0 (18576959)|VARIABLE_SCOPE_BEGIN|[1054]|apiName|String|false|false
19:02:21.0 (18588608)|VARIABLE_ASSIGNMENT|[1054]|apiName|"PermissionSet_Test"
19:02:21.0 (18594307)|VARIABLE_SCOPE_BEGIN|[1054]|id|String|false|false
19:02:21.0 (18601635)|VARIABLE_ASSIGNMENT|[1054]|id|"0PS36000000q71PGAQ"
19:02:21.0 (18606056)|VARIABLE_SCOPE_BEGIN|[1054]|description|String|false|false
19:02:21.0 (18614270)|VARIABLE_ASSIGNMENT|[1054]|description|"This is for testing  (11 more) ..."
19:02:21.0 (18618990)|VARIABLE_SCOPE_BEGIN|[1054]|namespacePrefix|String|false|false
19:02:21.0 (18626156)|VARIABLE_ASSIGNMENT|[1054]|namespacePrefix|"shiva15testns"
19:02:21.0 (18631230)|VARIABLE_SCOPE_BEGIN|[1054]|userLicenseId|String|false|false
19:02:21.0 (18636460)|VARIABLE_ASSIGNMENT|[1054]|userLicenseId|"Salesforce"
19:02:21.0 (18640385)|VARIABLE_SCOPE_BEGIN|[1054]|createdDate|String|false|false
19:02:21.0 (18645745)|VARIABLE_ASSIGNMENT|[1054]|createdDate|"2016-03-20 15:41:12"
19:02:21.0 (18651924)|STATEMENT_EXECUTE|[1037]
19:02:21.0 (18656002)|STATEMENT_EXECUTE|[1040]
19:02:21.0 (18658118)|STATEMENT_EXECUTE|[1042]
19:02:21.0 (18659822)|STATEMENT_EXECUTE|[1044]
19:02:21.0 (18661362)|STATEMENT_EXECUTE|[1046]
19:02:21.0 (18663365)|STATEMENT_EXECUTE|[1048]
19:02:21.0 (18665141)|STATEMENT_EXECUTE|[1050]
19:02:21.0 (18667028)|STATEMENT_EXECUTE|[1052]
19:02:21.0 (18680472)|HEAP_ALLOCATE|[1056]|Bytes:6
19:02:21.0 (18723968)|STATEMENT_EXECUTE|[1055]
19:02:21.0 (18727837)|STATEMENT_EXECUTE|[1056]
19:02:21.0 (18868268)|VARIABLE_ASSIGNMENT|[EXTERNAL]|this|{}|0x5d368e4c
19:02:21.0 (18882082)|VARIABLE_ASSIGNMENT|[EXTERNAL]|value|"PermissionSet_Test"
19:02:21.0 (18901115)|VARIABLE_ASSIGNMENT|[1040]|this.label|"PermissionSet_Test"|0x5d368e4c
19:02:21.0 (18915206)|STATEMENT_EXECUTE|[1057]
19:02:21.0 (19004381)|VARIABLE_ASSIGNMENT|[EXTERNAL]|this|{"label":"PermissionSet_Test"}|0x5d368e4c
19:02:21.0 (19018999)|VARIABLE_ASSIGNMENT|[EXTERNAL]|value|"PermissionSet_Test"
19:02:21.0 (19034318)|VARIABLE_ASSIGNMENT|[1042]|this.apiName|"PermissionSet_Test"|0x5d368e4c
19:02:21.0 (19047213)|STATEMENT_EXECUTE|[1058]
19:02:21.0 (19126964)|VARIABLE_ASSIGNMENT|[EXTERNAL]|this|{"apiName":"PermissionSet_Test","label":"PermissionSet_Test"}|0x5d368e4c
19:02:21.0 (19134285)|VARIABLE_ASSIGNMENT|[EXTERNAL]|value|"0PS36000000q71PGAQ"
19:02:21.0 (19143300)|VARIABLE_ASSIGNMENT|[1044]|this.id|"0PS36000000q71PGAQ"|0x5d368e4c
19:02:21.0 (19151498)|STATEMENT_EXECUTE|[1059]
19:02:21.0 (19210076)|VARIABLE_ASSIGNMENT|[EXTERNAL]|this|{"apiName":"PermissionSet_Test","id":"0PS36000000q71PGAQ","label":"PermissionSet_Test"}|0x5d368e4c
19:02:21.0 (19218977)|VARIABLE_ASSIGNMENT|[EXTERNAL]|value|"This is for testing  (11 more) ..."
19:02:21.0 (19228461)|VARIABLE_ASSIGNMENT|[1046]|this.description|"This is for testing  (11 more) ..."|0x5d368e4c
19:02:21.0 (19236476)|STATEMENT_EXECUTE|[1060]
19:02:21.0 (19294305)|VARIABLE_ASSIGNMENT|[EXTERNAL]|this|{"apiName":"PermissionSet_Test","description":"This is for testing  (11 more) ...","id":"0PS36000000q71PGAQ","label":"PermissionSet_Test"}|0x5d368e4c
19:02:21.0 (19301743)|VARIABLE_ASSIGNMENT|[EXTERNAL]|value|"shiva15testns"
19:02:21.0 (19310282)|VARIABLE_ASSIGNMENT|[1048]|this.namespacePrefix|"shiva15testns"|0x5d368e4c
19:02:21.0 (19317948)|STATEMENT_EXECUTE|[1061]
19:02:21.0 (19375565)|VARIABLE_ASSIGNMENT|[EXTERNAL]|this|{"apiName":"PermissionSet_Test","description":"This is for testing  (11 more) ...","id":"0PS36000000q71PGAQ","label":"PermissionSet_Test","namespacePrefix":"shiva15testns"}|0x5d368e4c
19:02:21.0 (19382911)|VARIABLE_ASSIGNMENT|[EXTERNAL]|value|"Salesforce"
19:02:21.0 (19391410)|VARIABLE_ASSIGNMENT|[1050]|this.userLicenseId|"Salesforce"|0x5d368e4c
19:02:21.0 (19398930)|STATEMENT_EXECUTE|[1062]
19:02:21.0 (19466097)|VARIABLE_ASSIGNMENT|[EXTERNAL]|this|{"apiName":"PermissionSet_Test","description":"This is for testing  (11 more) ...","id":"0PS36000000q71PGAQ","label":"PermissionSet_Test","namespacePrefix":"shiva15testns","userLicenseId":"Salesforce"}|0x5d368e4c
19:02:21.0 (19476265)|VARIABLE_ASSIGNMENT|[EXTERNAL]|value|"2016-03-20 15:41:12"
19:02:21.0 (19485732)|VARIABLE_ASSIGNMENT|[1052]|this.createdDate|"2016-03-20 15:41:12"|0x5d368e4c
19:02:21.0 (19501446)|CONSTRUCTOR_EXIT|[165]|01p36000005Jpvx|<init>(String,String,String,String,String,String,String)
19:02:21.0 (19530151)|VARIABLE_ASSIGNMENT|[165]|pSetObj|{"apiName":"PermissionSet_Test","createdDate":"2016-03-20 15:41:12","description":"This is for testing  (11 more) ...","id":"0PS36000000q71PGAQ","label":"PermissionSet_Test","namespacePrefix":"shiva15testns","userLicenseId":"Salesforce"}|0x5d368e4c
19:02:21.0 (19535011)|STATEMENT_EXECUTE|[167]
19:02:21.0 (19552346)|ENTERING_MANAGED_PKG|
19:02:21.0 (19586838)|HEAP_ALLOCATE|[EXTERNAL]|Bytes:4
19:02:21.0 (19597678)|STATEMENT_EXECUTE|[168]
19:02:21.0 (19854294)|HEAP_ALLOCATE|[168]|Bytes:24
19:02:21.0 (19883135)|ENTERING_MANAGED_PKG|
19:02:21.0 (19999782)|HEAP_ALLOCATE|[168]|Bytes:231
19:02:21.0 (20026166)|HEAP_ALLOCATE|[168]|Bytes:255
19:02:21.0 (20054745)|ENTERING_MANAGED_PKG|
19:02:21.0 (20067087)|USER_DEBUG|[168]|ERROR|The PermissionSet Name: PermissionSet:{Id=0PS36000000q71PGAQ, Label=PermissionSet_Test, Name=PermissionSet_Test, Description=This is for testing Description, NamespacePrefix=shiva15testns, UserLicenseId=10036000000eSpyAAE, CreatedDate=2016-03-20 22:41:12}
19:02:21.0 (20086587)|HEAP_ALLOCATE|[162]|Bytes:5
19:02:21.0 (20113469)|HEAP_ALLOCATE|[162]|Bytes:32
19:02:21.0 (20122567)|VARIABLE_SCOPE_BEGIN|[162]|PSetName|PermissionSet|true|false
19:02:21.0 (20154223)|VARIABLE_ASSIGNMENT|[162]|PSetName|{"s":1,"v":{"Id":"0PS360000016pyOGAQ","Label":"Final_Test","Name":"Final_Test","Description":"Descp","NamespacePrefix":"shiva15testns","UserLicenseId":"10036000000eSpyAAE","CreatedDate":"2016-05-03T01:36:03.000Z"}}|0x7bab5dd
19:02:21.0 (20158848)|STATEMENT_EXECUTE|[162]
19:02:21.0 (20182561)|ENTERING_MANAGED_PKG|
19:02:21.0 (20193188)|STATEMENT_EXECUTE|[163]
19:02:21.0 (20194756)|STATEMENT_EXECUTE|[164]
19:02:21.0 (20200264)|HEAP_ALLOCATE|[164]|Bytes:4
19:02:21.0 (20358285)|SOQL_EXECUTE_BEGIN|[164]|Aggregations:0|SELECT Id, Name FROM UserLicense WHERE Id = :tmpVar1
19:02:21.0 (22155320)|SOQL_EXECUTE_END|[164]|Rows:1
19:02:21.0 (22172582)|HEAP_ALLOCATE|[164]|Bytes:8
19:02:21.0 (22185708)|HEAP_ALLOCATE|[164]|Bytes:47
19:02:21.0 (22204309)|HEAP_ALLOCATE|[164]|Bytes:8
19:02:21.0 (22244781)|HEAP_ALLOCATE|[164]|Bytes:12
19:02:21.0 (22258910)|VARIABLE_SCOPE_BEGIN|[164]|ulicense|UserLicense|true|false
19:02:21.0 (22285555)|VARIABLE_ASSIGNMENT|[164]|ulicense|{"s":1,"v":{"Id":"10036000000eSpyAAE","Name":"Salesforce"}}|0xd5947a4
19:02:21.0 (22291917)|STATEMENT_EXECUTE|[165]
19:02:21.0 (22299559)|HEAP_ALLOCATE|[165]|Bytes:32
19:02:21.0 (22338588)|ENTERING_MANAGED_PKG|
19:02:21.0 (22347204)|HEAP_ALLOCATE|[165]|Bytes:18
19:02:21.0 (22401164)|ENTERING_MANAGED_PKG|
19:02:21.0 (22424637)|HEAP_ALLOCATE|[165]|Bytes:19
19:02:21.0 (22458097)|CONSTRUCTOR_ENTRY|[165]|01p36000005Jpvx|<init>(String,String,String,String,String,String,String)
19:02:21.0 (22468329)|VARIABLE_SCOPE_BEGIN|[1054]|this|shiva15testns.PermissionSetPortalControllers.PermissionSetClass|true|false
19:02:21.0 (22504321)|VARIABLE_ASSIGNMENT|[1054]|this|{}|0x36021a3c
19:02:21.0 (22510751)|VARIABLE_SCOPE_BEGIN|[1054]|label|String|false|false
19:02:21.0 (22519110)|VARIABLE_ASSIGNMENT|[1054]|label|"Final_Test"
19:02:21.0 (22522721)|VARIABLE_SCOPE_BEGIN|[1054]|apiName|String|false|false
19:02:21.0 (22528605)|VARIABLE_ASSIGNMENT|[1054]|apiName|"Final_Test"
19:02:21.0 (22532388)|VARIABLE_SCOPE_BEGIN|[1054]|id|String|false|false
19:02:21.0 (22539080)|VARIABLE_ASSIGNMENT|[1054]|id|"0PS360000016pyOGAQ"
19:02:21.0 (22542447)|VARIABLE_SCOPE_BEGIN|[1054]|description|String|false|false
19:02:21.0 (22548384)|VARIABLE_ASSIGNMENT|[1054]|description|"Descp"
19:02:21.0 (22551922)|VARIABLE_SCOPE_BEGIN|[1054]|namespacePrefix|String|false|false
19:02:21.0 (22558029)|VARIABLE_ASSIGNMENT|[1054]|namespacePrefix|"shiva15testns"
19:02:21.0 (22561723)|VARIABLE_SCOPE_BEGIN|[1054]|userLicenseId|String|false|false
19:02:21.0 (22567383)|VARIABLE_ASSIGNMENT|[1054]|userLicenseId|"Salesforce"
19:02:21.0 (22570846)|VARIABLE_SCOPE_BEGIN|[1054]|createdDate|String|false|false
19:02:21.0 (22576994)|VARIABLE_ASSIGNMENT|[1054]|createdDate|"2016-05-02 18:36:03"
19:02:21.0 (22582292)|STATEMENT_EXECUTE|[1037]
19:02:21.0 (22584848)|STATEMENT_EXECUTE|[1040]
19:02:21.0 (22586918)|STATEMENT_EXECUTE|[1042]
19:02:21.0 (22588671)|STATEMENT_EXECUTE|[1044]
19:02:21.0 (22590525)|STATEMENT_EXECUTE|[1046]
19:02:21.0 (22592644)|STATEMENT_EXECUTE|[1048]
19:02:21.0 (22594318)|STATEMENT_EXECUTE|[1050]
19:02:21.0 (22595908)|STATEMENT_EXECUTE|[1052]
19:02:21.0 (22616803)|STATEMENT_EXECUTE|[1055]
19:02:21.0 (22620119)|STATEMENT_EXECUTE|[1056]
19:02:21.0 (22659486)|VARIABLE_ASSIGNMENT|[EXTERNAL]|this|{}|0x36021a3c
19:02:21.0 (22670325)|VARIABLE_ASSIGNMENT|[EXTERNAL]|value|"Final_Test"
19:02:21.0 (22684472)|VARIABLE_ASSIGNMENT|[1040]|this.label|"Final_Test"|0x36021a3c
19:02:21.0 (22697083)|STATEMENT_EXECUTE|[1057]
19:02:21.0 (22737794)|VARIABLE_ASSIGNMENT|[EXTERNAL]|this|{"label":"Final_Test"}|0x36021a3c
19:02:21.0 (22748451)|VARIABLE_ASSIGNMENT|[EXTERNAL]|value|"Final_Test"
19:02:21.0 (22761789)|VARIABLE_ASSIGNMENT|[1042]|this.apiName|"Final_Test"|0x36021a3c
19:02:21.0 (22773091)|STATEMENT_EXECUTE|[1058]
19:02:21.0 (22817948)|VARIABLE_ASSIGNMENT|[EXTERNAL]|this|{"apiName":"Final_Test","label":"Final_Test"}|0x36021a3c
19:02:21.0 (22828360)|VARIABLE_ASSIGNMENT|[EXTERNAL]|value|"0PS360000016pyOGAQ"
19:02:21.0 (22840992)|VARIABLE_ASSIGNMENT|[1044]|this.id|"0PS360000016pyOGAQ"|0x36021a3c
19:02:21.0 (22853433)|STATEMENT_EXECUTE|[1059]
19:02:21.0 (22897795)|VARIABLE_ASSIGNMENT|[EXTERNAL]|this|{"apiName":"Final_Test","id":"0PS360000016pyOGAQ","label":"Final_Test"}|0x36021a3c
19:02:21.0 (22908272)|VARIABLE_ASSIGNMENT|[EXTERNAL]|value|"Descp"
19:02:21.0 (22920414)|VARIABLE_ASSIGNMENT|[1046]|this.description|"Descp"|0x36021a3c
19:02:21.0 (22930676)|STATEMENT_EXECUTE|[1060]
19:02:21.0 (22977488)|VARIABLE_ASSIGNMENT|[EXTERNAL]|this|{"apiName":"Final_Test","description":"Descp","id":"0PS360000016pyOGAQ","label":"Final_Test"}|0x36021a3c
19:02:21.0 (22988914)|VARIABLE_ASSIGNMENT|[EXTERNAL]|value|"shiva15testns"
19:02:21.0 (23002049)|VARIABLE_ASSIGNMENT|[1048]|this.namespacePrefix|"shiva15testns"|0x36021a3c
19:02:21.0 (23015820)|STATEMENT_EXECUTE|[1061]
19:02:21.0 (23060148)|VARIABLE_ASSIGNMENT|[EXTERNAL]|this|{"apiName":"Final_Test","description":"Descp","id":"0PS360000016pyOGAQ","label":"Final_Test","namespacePrefix":"shiva15testns"}|0x36021a3c
19:02:21.0 (23071660)|VARIABLE_ASSIGNMENT|[EXTERNAL]|value|"Salesforce"
19:02:21.0 (23084226)|VARIABLE_ASSIGNMENT|[1050]|this.userLicenseId|"Salesforce"|0x36021a3c
19:02:21.0 (23096005)|STATEMENT_EXECUTE|[1062]
19:02:21.0 (23140245)|VARIABLE_ASSIGNMENT|[EXTERNAL]|this|{"apiName":"Final_Test","description":"Descp","id":"0PS360000016pyOGAQ","label":"Final_Test","namespacePrefix":"shiva15testns","userLicenseId":"Salesforce"}|0x36021a3c
19:02:21.0 (23150945)|VARIABLE_ASSIGNMENT|[EXTERNAL]|value|"2016-05-02 18:36:03"
19:02:21.0 (23164172)|VARIABLE_ASSIGNMENT|[1052]|this.createdDate|"2016-05-02 18:36:03"|0x36021a3c
19:02:21.0 (23186913)|CONSTRUCTOR_EXIT|[165]|01p36000005Jpvx|<init>(String,String,String,String,String,String,String)
19:02:21.0 (23228473)|VARIABLE_ASSIGNMENT|[165]|pSetObj|{"apiName":"Final_Test","createdDate":"2016-05-02 18:36:03","description":"Descp","id":"0PS360000016pyOGAQ","label":"Final_Test","namespacePrefix":"shiva15testns","userLicenseId":"Salesforce"}|0x36021a3c
19:02:21.0 (23236419)|STATEMENT_EXECUTE|[167]
19:02:21.0 (23254110)|ENTERING_MANAGED_PKG|
19:02:21.0 (23262944)|HEAP_ALLOCATE|[EXTERNAL]|Bytes:4
19:02:21.0 (23275448)|STATEMENT_EXECUTE|[168]
19:02:21.0 (23300094)|ENTERING_MANAGED_PKG|
19:02:21.0 (23388546)|HEAP_ALLOCATE|[168]|Bytes:189
19:02:21.0 (23414340)|HEAP_ALLOCATE|[168]|Bytes:213
19:02:21.0 (23435709)|ENTERING_MANAGED_PKG|
19:02:21.0 (23446839)|USER_DEBUG|[168]|ERROR|The PermissionSet Name: PermissionSet:{Id=0PS360000016pyOGAQ, Label=Final_Test, Name=Final_Test, Description=Descp, NamespacePrefix=shiva15testns, UserLicenseId=10036000000eSpyAAE, CreatedDate=2016-05-03 01:36:03}
19:02:21.0 (23472322)|HEAP_ALLOCATE|[162]|Bytes:5
19:02:21.0 (23510736)|HEAP_ALLOCATE|[162]|Bytes:32
19:02:21.0 (23525415)|VARIABLE_SCOPE_BEGIN|[162]|PSetName|PermissionSet|true|false
19:02:21.0 (23568948)|VARIABLE_ASSIGNMENT|[162]|PSetName|{"s":1,"v":{"Id":"0PS360000016pzlGAA","Label":"Final_Error_Testing","Name":"Final_Error_Testing","Description":"Descp","NamespacePrefix":"shiva15testns","UserLicenseId":"10036000000eSpyAAE","CreatedDate":"2016-05-03T01:41:02.000Z"}}|0x635d90c7
19:02:21.0 (23576580)|STATEMENT_EXECUTE|[162]
19:02:21.0 (23609776)|ENTERING_MANAGED_PKG|
19:02:21.0 (23629002)|STATEMENT_EXECUTE|[163]
19:02:21.0 (23632113)|STATEMENT_EXECUTE|[164]
19:02:21.0 (23637884)|HEAP_ALLOCATE|[164]|Bytes:4
19:02:21.0 (23883512)|SOQL_EXECUTE_BEGIN|[164]|Aggregations:0|SELECT Id, Name FROM UserLicense WHERE Id = :tmpVar1
19:02:21.0 (25719660)|SOQL_EXECUTE_END|[164]|Rows:1
19:02:21.0 (25738103)|HEAP_ALLOCATE|[164]|Bytes:8
19:02:21.0 (25751892)|HEAP_ALLOCATE|[164]|Bytes:47
19:02:21.0 (25770402)|HEAP_ALLOCATE|[164]|Bytes:8
19:02:21.0 (25816894)|HEAP_ALLOCATE|[164]|Bytes:12
19:02:21.0 (25830713)|VARIABLE_SCOPE_BEGIN|[164]|ulicense|UserLicense|true|false
19:02:21.0 (25856140)|VARIABLE_ASSIGNMENT|[164]|ulicense|{"s":1,"v":{"Id":"10036000000eSpyAAE","Name":"Salesforce"}}|0x69f13d1b
19:02:21.0 (25862597)|STATEMENT_EXECUTE|[165]
19:02:21.0 (25870066)|HEAP_ALLOCATE|[165]|Bytes:32
19:02:21.0 (25908158)|ENTERING_MANAGED_PKG|
19:02:21.0 (25917205)|HEAP_ALLOCATE|[165]|Bytes:18
19:02:21.0 (25969909)|ENTERING_MANAGED_PKG|
19:02:21.0 (25989666)|HEAP_ALLOCATE|[165]|Bytes:19
19:02:21.0 (26020562)|CONSTRUCTOR_ENTRY|[165]|01p36000005Jpvx|<init>(String,String,String,String,String,String,String)
19:02:21.0 (26030321)|VARIABLE_SCOPE_BEGIN|[1054]|this|shiva15testns.PermissionSetPortalControllers.PermissionSetClass|true|false
19:02:21.0 (26062179)|VARIABLE_ASSIGNMENT|[1054]|this|{}|0x2fbe95e6
19:02:21.0 (26067829)|VARIABLE_SCOPE_BEGIN|[1054]|label|String|false|false
19:02:21.0 (26076149)|VARIABLE_ASSIGNMENT|[1054]|label|"Final_Error_Testing"
19:02:21.0 (26079305)|VARIABLE_SCOPE_BEGIN|[1054]|apiName|String|false|false
19:02:21.0 (26084415)|VARIABLE_ASSIGNMENT|[1054]|apiName|"Final_Error_Testing"
19:02:21.0 (26087604)|VARIABLE_SCOPE_BEGIN|[1054]|id|String|false|false
19:02:21.0 (26093595)|VARIABLE_ASSIGNMENT|[1054]|id|"0PS360000016pzlGAA"
19:02:21.0 (26096684)|VARIABLE_SCOPE_BEGIN|[1054]|description|String|false|false
19:02:21.0 (26101910)|VARIABLE_ASSIGNMENT|[1054]|description|"Descp"
19:02:21.0 (26104632)|VARIABLE_SCOPE_BEGIN|[1054]|namespacePrefix|String|false|false
19:02:21.0 (26110391)|VARIABLE_ASSIGNMENT|[1054]|namespacePrefix|"shiva15testns"
19:02:21.0 (26113830)|VARIABLE_SCOPE_BEGIN|[1054]|userLicenseId|String|false|false
19:02:21.0 (26117382)|VARIABLE_ASSIGNMENT|[1054]|userLicenseId|"Salesforce"
19:02:21.0 (26118999)|VARIABLE_SCOPE_BEGIN|[1054]|createdDate|String|false|false
19:02:21.0 (26122241)|VARIABLE_ASSIGNMENT|[1054]|createdDate|"2016-05-02 18:41:02"
19:02:21.0 (26125804)|STATEMENT_EXECUTE|[1037]
19:02:21.0 (26127198)|STATEMENT_EXECUTE|[1040]
19:02:21.0 (26128497)|STATEMENT_EXECUTE|[1042]
19:02:21.0 (26129564)|STATEMENT_EXECUTE|[1044]
19:02:21.0 (26130620)|STATEMENT_EXECUTE|[1046]
19:02:21.0 (26131771)|STATEMENT_EXECUTE|[1048]
19:02:21.0 (26132804)|STATEMENT_EXECUTE|[1050]
19:02:21.0 (26133826)|STATEMENT_EXECUTE|[1052]
19:02:21.0 (26150056)|STATEMENT_EXECUTE|[1055]
19:02:21.0 (26152155)|STATEMENT_EXECUTE|[1056]
19:02:21.0 (26177027)|VARIABLE_ASSIGNMENT|[EXTERNAL]|this|{}|0x2fbe95e6
19:02:21.0 (26182854)|VARIABLE_ASSIGNMENT|[EXTERNAL]|value|"Final_Error_Testing"
19:02:21.0 (26190915)|VARIABLE_ASSIGNMENT|[1040]|this.label|"Final_Error_Testing"|0x2fbe95e6
19:02:21.0 (26197743)|STATEMENT_EXECUTE|[1057]
19:02:21.0 (26218916)|VARIABLE_ASSIGNMENT|[EXTERNAL]|this|{"label":"Final_Error_Testing"}|0x2fbe95e6
19:02:21.0 (26223858)|VARIABLE_ASSIGNMENT|[EXTERNAL]|value|"Final_Error_Testing"
19:02:21.0 (26230350)|VARIABLE_ASSIGNMENT|[1042]|this.apiName|"Final_Error_Testing"|0x2fbe95e6
19:02:21.0 (26236191)|STATEMENT_EXECUTE|[1058]
19:02:21.0 (26256677)|VARIABLE_ASSIGNMENT|[EXTERNAL]|this|{"apiName":"Final_Error_Testing","label":"Final_Error_Testing"}|0x2fbe95e6
19:02:21.0 (26261859)|VARIABLE_ASSIGNMENT|[EXTERNAL]|value|"0PS360000016pzlGAA"
19:02:21.0 (26288177)|VARIABLE_ASSIGNMENT|[1044]|this.id|"0PS360000016pzlGAA"|0x2fbe95e6
19:02:21.0 (26301018)|STATEMENT_EXECUTE|[1059]
19:02:21.0 (26340961)|VARIABLE_ASSIGNMENT|[EXTERNAL]|this|{"apiName":"Final_Error_Testing","id":"0PS360000016pzlGAA","label":"Final_Error_Testing"}|0x2fbe95e6
19:02:21.0 (26348183)|VARIABLE_ASSIGNMENT|[EXTERNAL]|value|"Descp"
19:02:21.0 (26355822)|VARIABLE_ASSIGNMENT|[1046]|this.description|"Descp"|0x2fbe95e6
19:02:21.0 (26362885)|STATEMENT_EXECUTE|[1060]
19:02:21.0 (26386834)|VARIABLE_ASSIGNMENT|[EXTERNAL]|this|{"apiName":"Final_Error_Testing","description":"Descp","id":"0PS360000016pzlGAA","label":"Final_Error_Testing"}|0x2fbe95e6
19:02:21.0 (26392685)|VARIABLE_ASSIGNMENT|[EXTERNAL]|value|"shiva15testns"
19:02:21.0 (26398907)|VARIABLE_ASSIGNMENT|[1048]|this.namespacePrefix|"shiva15testns"|0x2fbe95e6
19:02:21.0 (26404685)|STATEMENT_EXECUTE|[1061]
19:02:21.0 (26427359)|VARIABLE_ASSIGNMENT|[EXTERNAL]|this|{"apiName":"Final_Error_Testing","description":"Descp","id":"0PS360000016pzlGAA","label":"Final_Error_Testing","namespacePrefix":"shiva15testns"}|0x2fbe95e6
19:02:21.0 (26432629)|VARIABLE_ASSIGNMENT|[EXTERNAL]|value|"Salesforce"
19:02:21.0 (26438827)|VARIABLE_ASSIGNMENT|[1050]|this.userLicenseId|"Salesforce"|0x2fbe95e6
19:02:21.0 (26444677)|STATEMENT_EXECUTE|[1062]
19:02:21.0 (26467947)|VARIABLE_ASSIGNMENT|[EXTERNAL]|this|{"apiName":"Final_Error_Testing","description":"Descp","id":"0PS360000016pzlGAA","label":"Final_Error_Testing","namespacePrefix":"shiva15testns","userLicenseId":"Salesforce"}|0x2fbe95e6
19:02:21.0 (26473485)|VARIABLE_ASSIGNMENT|[EXTERNAL]|value|"2016-05-02 18:41:02"
19:02:21.0 (26480040)|VARIABLE_ASSIGNMENT|[1052]|this.createdDate|"2016-05-02 18:41:02"|0x2fbe95e6
19:02:21.0 (26493083)|CONSTRUCTOR_EXIT|[165]|01p36000005Jpvx|<init>(String,String,String,String,String,String,String)
19:02:21.0 (26515278)|VARIABLE_ASSIGNMENT|[165]|pSetObj|{"apiName":"Final_Error_Testing","createdDate":"2016-05-02 18:41:02","description":"Descp","id":"0PS360000016pzlGAA","label":"Final_Error_Testing","namespacePrefix":"shiva15testns","userLicenseId":"Salesforce"}|0x2fbe95e6
19:02:21.0 (26519434)|STATEMENT_EXECUTE|[167]
19:02:21.0 (26531427)|ENTERING_MANAGED_PKG|
19:02:21.0 (26536330)|HEAP_ALLOCATE|[EXTERNAL]|Bytes:4
19:02:21.0 (26542772)|STATEMENT_EXECUTE|[168]
19:02:21.0 (26556871)|ENTERING_MANAGED_PKG|
19:02:21.0 (26603211)|HEAP_ALLOCATE|[168]|Bytes:207
19:02:21.0 (26619241)|HEAP_ALLOCATE|[168]|Bytes:231
19:02:21.0 (26630554)|ENTERING_MANAGED_PKG|
19:02:21.0 (26637326)|USER_DEBUG|[168]|ERROR|The PermissionSet Name: PermissionSet:{Id=0PS360000016pzlGAA, Label=Final_Error_Testing, Name=Final_Error_Testing, Description=Descp, NamespacePrefix=shiva15testns, UserLicenseId=10036000000eSpyAAE, CreatedDate=2016-05-03 01:41:02}
19:02:21.0 (26654136)|HEAP_ALLOCATE|[162]|Bytes:5
19:02:21.0 (26678123)|HEAP_ALLOCATE|[162]|Bytes:32
19:02:21.0 (26686477)|VARIABLE_SCOPE_BEGIN|[162]|PSetName|PermissionSet|true|false
19:02:21.0 (26714142)|VARIABLE_ASSIGNMENT|[162]|PSetName|{"s":1,"v":{"Id":"0PS360000016q17GAA","Label":"PSet_Trying_tesy","Name":"PSet_Trying_tesy","Description":"Descp","NamespacePrefix":"shiva15testns","UserLicenseId":"10036000000eSpyAAE","CreatedDate":"2016-05-03T01:43:28.000Z"}}|0x6c99153a
19:02:21.0 (26718816)|STATEMENT_EXECUTE|[162]
19:02:21.0 (26740878)|ENTERING_MANAGED_PKG|
19:02:21.0 (26751400)|STATEMENT_EXECUTE|[163]
19:02:21.0 (26753011)|STATEMENT_EXECUTE|[164]
19:02:21.0 (26757942)|HEAP_ALLOCATE|[164]|Bytes:4
19:02:21.0 (26943219)|SOQL_EXECUTE_BEGIN|[164]|Aggregations:0|SELECT Id, Name FROM UserLicense WHERE Id = :tmpVar1
19:02:21.0 (28832303)|SOQL_EXECUTE_END|[164]|Rows:1
19:02:21.0 (28845314)|HEAP_ALLOCATE|[164]|Bytes:8
19:02:21.0 (28854203)|HEAP_ALLOCATE|[164]|Bytes:47
19:02:21.0 (28873986)|HEAP_ALLOCATE|[164]|Bytes:8
19:02:21.0 (28907320)|HEAP_ALLOCATE|[164]|Bytes:12
19:02:21.0 (28915523)|VARIABLE_SCOPE_BEGIN|[164]|ulicense|UserLicense|true|false
19:02:21.0 (28933053)|VARIABLE_ASSIGNMENT|[164]|ulicense|{"s":1,"v":{"Id":"10036000000eSpyAAE","Name":"Salesforce"}}|0x7c13367c
19:02:21.0 (28939642)|STATEMENT_EXECUTE|[165]
19:02:21.0 (28944932)|HEAP_ALLOCATE|[165]|Bytes:32
19:02:21.0 (28970598)|ENTERING_MANAGED_PKG|
19:02:21.0 (28977670)|HEAP_ALLOCATE|[165]|Bytes:18
19:02:21.0 (29017790)|ENTERING_MANAGED_PKG|
19:02:21.0 (29033370)|HEAP_ALLOCATE|[165]|Bytes:19
19:02:21.0 (29052573)|CONSTRUCTOR_ENTRY|[165]|01p36000005Jpvx|<init>(String,String,String,String,String,String,String)
19:02:21.0 (29058015)|VARIABLE_SCOPE_BEGIN|[1054]|this|shiva15testns.PermissionSetPortalControllers.PermissionSetClass|true|false
19:02:21.0 (29080725)|VARIABLE_ASSIGNMENT|[1054]|this|{}|0x555f4672
19:02:21.0 (29084049)|VARIABLE_SCOPE_BEGIN|[1054]|label|String|false|false
19:02:21.0 (29089429)|VARIABLE_ASSIGNMENT|[1054]|label|"PSet_Trying_tesy"
19:02:21.0 (29091355)|VARIABLE_SCOPE_BEGIN|[1054]|apiName|String|false|false
19:02:21.0 (29094315)|VARIABLE_ASSIGNMENT|[1054]|apiName|"PSet_Trying_tesy"
19:02:21.0 (29095808)|VARIABLE_SCOPE_BEGIN|[1054]|id|String|false|false
19:02:21.0 (29098760)|VARIABLE_ASSIGNMENT|[1054]|id|"0PS360000016q17GAA"
19:02:21.0 (29100431)|VARIABLE_SCOPE_BEGIN|[1054]|description|String|false|false
19:02:21.0 (29103079)|VARIABLE_ASSIGNMENT|[1054]|description|"Descp"
19:02:21.0 (29104578)|VARIABLE_SCOPE_BEGIN|[1054]|namespacePrefix|String|false|false
19:02:21.0 (29107413)|VARIABLE_ASSIGNMENT|[1054]|namespacePrefix|"shiva15testns"
19:02:21.0 (29108891)|VARIABLE_SCOPE_BEGIN|[1054]|userLicenseId|String|false|false
19:02:21.0 (29111570)|VARIABLE_ASSIGNMENT|[1054]|userLicenseId|"Salesforce"
19:02:21.0 (29113045)|VARIABLE_SCOPE_BEGIN|[1054]|createdDate|String|false|false
19:02:21.0 (29115975)|VARIABLE_ASSIGNMENT|[1054]|createdDate|"2016-05-02 18:43:28"
19:02:21.0 (29118840)|STATEMENT_EXECUTE|[1037]
19:02:21.0 (29120250)|STATEMENT_EXECUTE|[1040]
19:02:21.0 (29121499)|STATEMENT_EXECUTE|[1042]
19:02:21.0 (29122573)|STATEMENT_EXECUTE|[1044]
19:02:21.0 (29123636)|STATEMENT_EXECUTE|[1046]
19:02:21.0 (29124643)|STATEMENT_EXECUTE|[1048]
19:02:21.0 (29125669)|STATEMENT_EXECUTE|[1050]
19:02:21.0 (29126731)|STATEMENT_EXECUTE|[1052]
19:02:21.0 (29138775)|STATEMENT_EXECUTE|[1055]
19:02:21.0 (29140288)|STATEMENT_EXECUTE|[1056]
19:02:21.0 (29161467)|VARIABLE_ASSIGNMENT|[EXTERNAL]|this|{}|0x555f4672
19:02:21.0 (29166994)|VARIABLE_ASSIGNMENT|[EXTERNAL]|value|"PSet_Trying_tesy"
19:02:21.0 (29174608)|VARIABLE_ASSIGNMENT|[1040]|this.label|"PSet_Trying_tesy"|0x555f4672
19:02:21.0 (29181116)|STATEMENT_EXECUTE|[1057]
19:02:21.0 (29202057)|VARIABLE_ASSIGNMENT|[EXTERNAL]|this|{"label":"PSet_Trying_tesy"}|0x555f4672
19:02:21.0 (29207056)|VARIABLE_ASSIGNMENT|[EXTERNAL]|value|"PSet_Trying_tesy"
19:02:21.0 (29213202)|VARIABLE_ASSIGNMENT|[1042]|this.apiName|"PSet_Trying_tesy"|0x555f4672
19:02:21.0 (29218994)|STATEMENT_EXECUTE|[1058]
19:02:21.0 (29239677)|VARIABLE_ASSIGNMENT|[EXTERNAL]|this|{"apiName":"PSet_Trying_tesy","label":"PSet_Trying_tesy"}|0x555f4672
19:02:21.0 (29244840)|VARIABLE_ASSIGNMENT|[EXTERNAL]|value|"0PS360000016q17GAA"
19:02:21.0 (29251197)|VARIABLE_ASSIGNMENT|[1044]|this.id|"0PS360000016q17GAA"|0x555f4672
19:02:21.0 (29257042)|STATEMENT_EXECUTE|[1059]
19:02:21.0 (29290197)|VARIABLE_ASSIGNMENT|[EXTERNAL]|this|{"apiName":"PSet_Trying_tesy","id":"0PS360000016q17GAA","label":"PSet_Trying_tesy"}|0x555f4672
19:02:21.0 (29314712)|VARIABLE_ASSIGNMENT|[EXTERNAL]|value|"Descp"
19:02:21.0 (29328938)|VARIABLE_ASSIGNMENT|[1046]|this.description|"Descp"|0x555f4672
19:02:21.0 (29340218)|STATEMENT_EXECUTE|[1060]
19:02:21.0 (29380463)|VARIABLE_ASSIGNMENT|[EXTERNAL]|this|{"apiName":"PSet_Trying_tesy","description":"Descp","id":"0PS360000016q17GAA","label":"PSet_Trying_tesy"}|0x555f4672
19:02:21.0 (29391399)|VARIABLE_ASSIGNMENT|[EXTERNAL]|value|"shiva15testns"
19:02:21.0 (29403967)|VARIABLE_ASSIGNMENT|[1048]|this.namespacePrefix|"shiva15testns"|0x555f4672
19:02:21.0 (29415688)|STATEMENT_EXECUTE|[1061]
19:02:21.0 (29457167)|VARIABLE_ASSIGNMENT|[EXTERNAL]|this|{"apiName":"PSet_Trying_tesy","description":"Descp","id":"0PS360000016q17GAA","label":"PSet_Trying_tesy","namespacePrefix":"shiva15testns"}|0x555f4672
19:02:21.0 (29467096)|VARIABLE_ASSIGNMENT|[EXTERNAL]|value|"Salesforce"
19:02:21.0 (29481258)|VARIABLE_ASSIGNMENT|[1050]|this.userLicenseId|"Salesforce"|0x555f4672
19:02:21.0 (29494936)|STATEMENT_EXECUTE|[1062]
19:02:21.0 (29525949)|VARIABLE_ASSIGNMENT|[EXTERNAL]|this|{"apiName":"PSet_Trying_tesy","description":"Descp","id":"0PS360000016q17GAA","label":"PSet_Trying_tesy","namespacePrefix":"shiva15testns","userLicenseId":"Salesforce"}|0x555f4672
19:02:21.0 (29532447)|VARIABLE_ASSIGNMENT|[EXTERNAL]|value|"2016-05-02 18:43:28"
19:02:21.0 (29539777)|VARIABLE_ASSIGNMENT|[1052]|this.createdDate|"2016-05-02 18:43:28"|0x555f4672
19:02:21.0 (29553128)|CONSTRUCTOR_EXIT|[165]|01p36000005Jpvx|<init>(String,String,String,String,String,String,String)
19:02:21.0 (29576271)|VARIABLE_ASSIGNMENT|[165]|pSetObj|{"apiName":"PSet_Trying_tesy","createdDate":"2016-05-02 18:43:28","description":"Descp","id":"0PS360000016q17GAA","label":"PSet_Trying_tesy","namespacePrefix":"shiva15testns","userLicenseId":"Salesforce"}|0x555f4672
19:02:21.0 (29580182)|STATEMENT_EXECUTE|[167]
19:02:21.0 (29598133)|ENTERING_MANAGED_PKG|
19:02:21.0 (29603203)|HEAP_ALLOCATE|[EXTERNAL]|Bytes:4
19:02:21.0 (29609706)|STATEMENT_EXECUTE|[168]
19:02:21.0 (29624115)|ENTERING_MANAGED_PKG|
19:02:21.0 (29674244)|HEAP_ALLOCATE|[168]|Bytes:201
19:02:21.0 (29690333)|HEAP_ALLOCATE|[168]|Bytes:225
19:02:21.0 (29701765)|ENTERING_MANAGED_PKG|
19:02:21.0 (29708780)|USER_DEBUG|[168]|ERROR|The PermissionSet Name: PermissionSet:{Id=0PS360000016q17GAA, Label=PSet_Trying_tesy, Name=PSet_Trying_tesy, Description=Descp, NamespacePrefix=shiva15testns, UserLicenseId=10036000000eSpyAAE, CreatedDate=2016-05-03 01:43:28}
19:02:21.0 (29725739)|HEAP_ALLOCATE|[162]|Bytes:5
19:02:21.0 (29749934)|HEAP_ALLOCATE|[162]|Bytes:32
19:02:21.0 (29758303)|VARIABLE_SCOPE_BEGIN|[162]|PSetName|PermissionSet|true|false
19:02:21.0 (29785385)|VARIABLE_ASSIGNMENT|[162]|PSetName|{"s":1,"v":{"Id":"0PS360000016q1MGAQ","Label":"Testing_PSet","Name":"Testing_PSet","Description":"Descp","NamespacePrefix":"shiva15testns","UserLicenseId":"10036000000eSpyAAE","CreatedDate":"2016-05-03T01:46:27.000Z"}}|0x36dd77ef
19:02:21.0 (29789983)|STATEMENT_EXECUTE|[162]
19:02:21.0 (29812024)|ENTERING_MANAGED_PKG|
19:02:21.0 (29822922)|STATEMENT_EXECUTE|[163]
19:02:21.0 (29824461)|STATEMENT_EXECUTE|[164]
19:02:21.0 (29829394)|HEAP_ALLOCATE|[164]|Bytes:4
19:02:21.0 (29973991)|SOQL_EXECUTE_BEGIN|[164]|Aggregations:0|SELECT Id, Name FROM UserLicense WHERE Id = :tmpVar1
19:02:21.0 (31636498)|SOQL_EXECUTE_END|[164]|Rows:1
19:02:21.0 (31654967)|HEAP_ALLOCATE|[164]|Bytes:8
19:02:21.0 (31668518)|HEAP_ALLOCATE|[164]|Bytes:47
19:02:21.0 (31687433)|HEAP_ALLOCATE|[164]|Bytes:8
19:02:21.0 (31726727)|HEAP_ALLOCATE|[164]|Bytes:12
19:02:21.0 (31740214)|VARIABLE_SCOPE_BEGIN|[164]|ulicense|UserLicense|true|false
19:02:21.0 (31764968)|VARIABLE_ASSIGNMENT|[164]|ulicense|{"s":1,"v":{"Id":"10036000000eSpyAAE","Name":"Salesforce"}}|0x18a2b3bc
19:02:21.0 (31771019)|STATEMENT_EXECUTE|[165]
19:02:21.0 (31778594)|HEAP_ALLOCATE|[165]|Bytes:32
19:02:21.0 (31814313)|ENTERING_MANAGED_PKG|
19:02:21.0 (31822406)|HEAP_ALLOCATE|[165]|Bytes:18
19:02:21.0 (31870493)|ENTERING_MANAGED_PKG|
19:02:21.0 (31890957)|HEAP_ALLOCATE|[165]|Bytes:19
19:02:21.0 (31921415)|CONSTRUCTOR_ENTRY|[165]|01p36000005Jpvx|<init>(String,String,String,String,String,String,String)
19:02:21.0 (31930895)|VARIABLE_SCOPE_BEGIN|[1054]|this|shiva15testns.PermissionSetPortalControllers.PermissionSetClass|true|false
19:02:21.0 (31962571)|VARIABLE_ASSIGNMENT|[1054]|this|{}|0x624f3ae4
19:02:21.0 (31968185)|VARIABLE_SCOPE_BEGIN|[1054]|label|String|false|false
19:02:21.0 (31976120)|VARIABLE_ASSIGNMENT|[1054]|label|"Testing_PSet"
19:02:21.0 (31979451)|VARIABLE_SCOPE_BEGIN|[1054]|apiName|String|false|false
19:02:21.0 (31985121)|VARIABLE_ASSIGNMENT|[1054]|apiName|"Testing_PSet"
19:02:21.0 (31988222)|VARIABLE_SCOPE_BEGIN|[1054]|id|String|false|false
19:02:21.0 (31994160)|VARIABLE_ASSIGNMENT|[1054]|id|"0PS360000016q1MGAQ"
19:02:21.0 (31997148)|VARIABLE_SCOPE_BEGIN|[1054]|description|String|false|false
19:02:21.0 (32002922)|VARIABLE_ASSIGNMENT|[1054]|description|"Descp"
19:02:21.0 (32007602)|VARIABLE_SCOPE_BEGIN|[1054]|namespacePrefix|String|false|false
19:02:21.0 (32018001)|VARIABLE_ASSIGNMENT|[1054]|namespacePrefix|"shiva15testns"
19:02:21.0 (32022484)|VARIABLE_SCOPE_BEGIN|[1054]|userLicenseId|String|false|false
19:02:21.0 (32028638)|VARIABLE_ASSIGNMENT|[1054]|userLicenseId|"Salesforce"
19:02:21.0 (32032097)|VARIABLE_SCOPE_BEGIN|[1054]|createdDate|String|false|false
19:02:21.0 (32038247)|VARIABLE_ASSIGNMENT|[1054]|createdDate|"2016-05-02 18:46:27"
19:02:21.0 (32043442)|STATEMENT_EXECUTE|[1037]
19:02:21.0 (32045567)|STATEMENT_EXECUTE|[1040]
19:02:21.0 (32047446)|STATEMENT_EXECUTE|[1042]
19:02:21.0 (32048949)|STATEMENT_EXECUTE|[1044]
19:02:21.0 (32050494)|STATEMENT_EXECUTE|[1046]
19:02:21.0 (32052077)|STATEMENT_EXECUTE|[1048]
19:02:21.0 (32053567)|STATEMENT_EXECUTE|[1050]
19:02:21.0 (32055222)|STATEMENT_EXECUTE|[1052]
19:02:21.0 (32075261)|STATEMENT_EXECUTE|[1055]
19:02:21.0 (32077936)|STATEMENT_EXECUTE|[1056]
19:02:21.0 (32117391)|VARIABLE_ASSIGNMENT|[EXTERNAL]|this|{}|0x624f3ae4
19:02:21.0 (32126255)|VARIABLE_ASSIGNMENT|[EXTERNAL]|value|"Testing_PSet"
19:02:21.0 (32135450)|VARIABLE_ASSIGNMENT|[1040]|this.label|"Testing_PSet"|0x624f3ae4
19:02:21.0 (32143631)|STATEMENT_EXECUTE|[1057]
19:02:21.0 (32167619)|VARIABLE_ASSIGNMENT|[EXTERNAL]|this|{"label":"Testing_PSet"}|0x624f3ae4
19:02:21.0 (32172179)|VARIABLE_ASSIGNMENT|[EXTERNAL]|value|"Testing_PSet"
19:02:21.0 (32178495)|VARIABLE_ASSIGNMENT|[1042]|this.apiName|"Testing_PSet"|0x624f3ae4
19:02:21.0 (32184589)|STATEMENT_EXECUTE|[1058]
19:02:21.0 (32209513)|VARIABLE_ASSIGNMENT|[EXTERNAL]|this|{"apiName":"Testing_PSet","label":"Testing_PSet"}|0x624f3ae4
19:02:21.0 (32215168)|VARIABLE_ASSIGNMENT|[EXTERNAL]|value|"0PS360000016q1MGAQ"
19:02:21.0 (32221824)|VARIABLE_ASSIGNMENT|[1044]|this.id|"0PS360000016q1MGAQ"|0x624f3ae4
19:02:21.0 (32227829)|STATEMENT_EXECUTE|[1059]
19:02:21.0 (32252112)|VARIABLE_ASSIGNMENT|[EXTERNAL]|this|{"apiName":"Testing_PSet","id":"0PS360000016q1MGAQ","label":"Testing_PSet"}|0x624f3ae4
19:02:21.0 (32257689)|VARIABLE_ASSIGNMENT|[EXTERNAL]|value|"Descp"
19:02:21.0 (32264005)|VARIABLE_ASSIGNMENT|[1046]|this.description|"Descp"|0x624f3ae4
19:02:21.0 (32270053)|STATEMENT_EXECUTE|[1060]
19:02:21.0 (32291937)|VARIABLE_ASSIGNMENT|[EXTERNAL]|this|{"apiName":"Testing_PSet","description":"Descp","id":"0PS360000016q1MGAQ","label":"Testing_PSet"}|0x624f3ae4
19:02:21.0 (32297115)|VARIABLE_ASSIGNMENT|[EXTERNAL]|value|"shiva15testns"
19:02:21.0 (32303492)|VARIABLE_ASSIGNMENT|[1048]|this.namespacePrefix|"shiva15testns"|0x624f3ae4
19:02:21.0 (32309271)|STATEMENT_EXECUTE|[1061]
19:02:21.0 (32331097)|VARIABLE_ASSIGNMENT|[EXTERNAL]|this|{"apiName":"Testing_PSet","description":"Descp","id":"0PS360000016q1MGAQ","label":"Testing_PSet","namespacePrefix":"shiva15testns"}|0x624f3ae4
19:02:21.0 (32336305)|VARIABLE_ASSIGNMENT|[EXTERNAL]|value|"Salesforce"
19:02:21.0 (32342267)|VARIABLE_ASSIGNMENT|[1050]|this.userLicenseId|"Salesforce"|0x624f3ae4
19:02:21.0 (32347908)|STATEMENT_EXECUTE|[1062]
19:02:21.0 (32370330)|VARIABLE_ASSIGNMENT|[EXTERNAL]|this|{"apiName":"Testing_PSet","description":"Descp","id":"0PS360000016q1MGAQ","label":"Testing_PSet","namespacePrefix":"shiva15testns","userLicenseId":"Salesforce"}|0x624f3ae4
19:02:21.0 (32376039)|VARIABLE_ASSIGNMENT|[EXTERNAL]|value|"2016-05-02 18:46:27"
19:02:21.0 (32382320)|VARIABLE_ASSIGNMENT|[1052]|this.createdDate|"2016-05-02 18:46:27"|0x624f3ae4
19:02:21.0 (32395591)|CONSTRUCTOR_EXIT|[165]|01p36000005Jpvx|<init>(String,String,String,String,String,String,String)
19:02:21.0 (32417139)|VARIABLE_ASSIGNMENT|[165]|pSetObj|{"apiName":"Testing_PSet","createdDate":"2016-05-02 18:46:27","description":"Descp","id":"0PS360000016q1MGAQ","label":"Testing_PSet","namespacePrefix":"shiva15testns","userLicenseId":"Salesforce"}|0x624f3ae4
19:02:21.0 (32421466)|STATEMENT_EXECUTE|[167]
19:02:21.0 (32433320)|ENTERING_MANAGED_PKG|
19:02:21.0 (32438041)|HEAP_ALLOCATE|[EXTERNAL]|Bytes:4
19:02:21.0 (32444493)|STATEMENT_EXECUTE|[168]
19:02:21.0 (32458473)|ENTERING_MANAGED_PKG|
19:02:21.0 (32503317)|HEAP_ALLOCATE|[168]|Bytes:193
19:02:21.0 (32518958)|HEAP_ALLOCATE|[168]|Bytes:217
19:02:21.0 (32530199)|ENTERING_MANAGED_PKG|
19:02:21.0 (32536714)|USER_DEBUG|[168]|ERROR|The PermissionSet Name: PermissionSet:{Id=0PS360000016q1MGAQ, Label=Testing_PSet, Name=Testing_PSet, Description=Descp, NamespacePrefix=shiva15testns, UserLicenseId=10036000000eSpyAAE, CreatedDate=2016-05-03 01:46:27}
19:02:21.0 (32553261)|HEAP_ALLOCATE|[162]|Bytes:5
19:02:21.0 (32567093)|VARIABLE_ASSIGNMENT|[162]|PSetName|null|
19:02:21.0 (32570599)|STATEMENT_EXECUTE|[171]
19:02:21.0 (32578755)|SYSTEM_MODE_EXIT|false
19:02:21.32 (32637463)|CUMULATIVE_LIMIT_USAGE
19:02:21.32 (32637463)|LIMIT_USAGE_FOR_NS|(default)|
  Number of SOQL queries: 0 out of 100
  Number of query rows: 0 out of 50000
  Number of SOSL queries: 0 out of 20
  Number of DML statements: 0 out of 150
  Number of DML rows: 0 out of 10000
  Maximum CPU time: 0 out of 10000
  Maximum heap size: 0 out of 6000000
  Number of callouts: 0 out of 100
  Number of Email Invocations: 0 out of 10
  Number of future calls: 0 out of 50
  Number of queueable jobs added to the queue: 0 out of 50
  Number of Mobile Apex push calls: 0 out of 10

19:02:21.32 (32637463)|LIMIT_USAGE_FOR_NS|shiva15testns|
  Number of SOQL queries: 6 out of 100
  Number of query rows: 46 out of 50000
  Number of SOSL queries: 0 out of 20
  Number of DML statements: 0 out of 150
  Number of DML rows: 0 out of 10000
  Maximum CPU time: 0 out of 10000
  Maximum heap size: 0 out of 6000000
  Number of callouts: 0 out of 100
  Number of Email Invocations: 0 out of 10
  Number of future calls: 0 out of 50
  Number of queueable jobs added to the queue: 0 out of 50
  Number of Mobile Apex push calls: 0 out of 10

19:02:21.32 (32637463)|CUMULATIVE_LIMIT_USAGE_END

19:02:21.0 (32700422)|CODE_UNIT_FINISHED|PermissionSetPortalControllers.getAllPermissionSets
19:02:21.0 (34838370)|EXECUTION_FINISHED
19:02:21.39 (39043626)|EXECUTION_STARTED
19:02:21.39 (39052020)|CODE_UNIT_STARTED|[EXTERNAL]|Aura
19:02:21.39 (39093649)|CODE_UNIT_FINISHED|Aura
19:02:21.39 (40602998)|EXECUTION_FINISHED
19:02:21.41 (41958321)|EXECUTION_STARTED
19:02:21.41 (41967682)|CODE_UNIT_STARTED|[EXTERNAL]|Aura
19:02:21.41 (42042934)|CODE_UNIT_FINISHED|Aura
19:02:21.41 (43628071)|EXECUTION_FINISHED
19:02:21.44 (44648774)|EXECUTION_STARTED
19:02:21.44 (44655611)|CODE_UNIT_STARTED|[EXTERNAL]|Aura
19:02:21.44 (44691467)|CODE_UNIT_FINISHED|Aura
19:02:21.44 (46331357)|EXECUTION_FINISHED
19:02:21.48 (48065589)|EXECUTION_STARTED
19:02:21.48 (48072448)|CODE_UNIT_STARTED|[EXTERNAL]|Aura
19:02:21.48 (48106373)|CODE_UNIT_FINISHED|Aura
19:02:21.48 (49457519)|EXECUTION_FINISHED
19:02:21.51 (51222889)|EXECUTION_STARTED
19:02:21.51 (51229550)|CODE_UNIT_STARTED|[EXTERNAL]|Aura
19:02:21.51 (51264057)|CODE_UNIT_FINISHED|Aura
19:02:21.51 (52755242)|EXECUTION_FINISHED
