36.0 APEX_CODE,FINEST;APEX_PROFILING,INFO;CALLOUT,INFO;DB,INFO;SYSTEM,DEBUG;VALIDATION,INFO;VISUALFORCE,INFO;WORKFLOW,INFO
16:48:08.0 (352167)|EXECUTION_STARTED
16:48:08.0 (386672)|CODE_UNIT_STARTED|[EXTERNAL]|01p36000005Jpvx|PermissionSetPortalControllers.getAllPermissionSets
16:48:08.0 (1163824)|VARIABLE_SCOPE_BEGIN|[3]|PermissionSetPortalControllers.AllPermissionSets|List<PermissionSet>|true|true
16:48:08.0 (1189794)|VARIABLE_SCOPE_BEGIN|[10]|PermissionSetPortalControllers.accountField|Set<String>|true|true
16:48:08.0 (1274966)|VARIABLE_SCOPE_BEGIN|[5]|PermissionSetPortalControllers.allObjectsOfOrg|List<shiva15testns.PermissionSetPortalControllers.ObjectDetailsClass>|true|true
16:48:08.0 (1284117)|VARIABLE_SCOPE_BEGIN|[9]|PermissionSetPortalControllers.contactsField|Set<String>|true|true
16:48:08.0 (1288590)|VARIABLE_SCOPE_BEGIN|[7]|PermissionSetPortalControllers.isNotSystemSObjectList|Set<String>|true|true
16:48:08.0 (1469147)|HEAP_ALLOCATE|[72]|Bytes:3
16:48:08.0 (1515932)|HEAP_ALLOCATE|[77]|Bytes:152
16:48:08.0 (1534108)|HEAP_ALLOCATE|[342]|Bytes:408
16:48:08.0 (1553244)|HEAP_ALLOCATE|[355]|Bytes:408
16:48:08.0 (1570520)|HEAP_ALLOCATE|[467]|Bytes:48
16:48:08.0 (1610558)|HEAP_ALLOCATE|[139]|Bytes:6
16:48:08.0 (1636955)|HEAP_ALLOCATE|[EXTERNAL]|Bytes:168
16:48:08.0 (1643894)|HEAP_ALLOCATE|[EXTERNAL]|Bytes:89
16:48:08.0 (1647956)|HEAP_ALLOCATE|[EXTERNAL]|Bytes:344
16:48:08.0 (1668323)|METHOD_ENTRY|[1]|01p36000005Jpvx|PermissionSetPortalControllers.PermissionSetPortalControllers()
16:48:08.0 (1673341)|STATEMENT_EXECUTE|[1]
16:48:08.0 (1681251)|STATEMENT_EXECUTE|[1]
16:48:08.0 (1714102)|HEAP_ALLOCATE|[50]|Bytes:5
16:48:08.0 (1736523)|HEAP_ALLOCATE|[56]|Bytes:5
16:48:08.0 (1744934)|HEAP_ALLOCATE|[64]|Bytes:7
16:48:08.0 (1768272)|SYSTEM_MODE_ENTER|false
16:48:08.0 (1786172)|HEAP_ALLOCATE|[9]|Bytes:5
16:48:08.0 (1791046)|STATEMENT_EXECUTE|[9]
16:48:08.0 (1834861)|HEAP_ALLOCATE|[9]|Bytes:4
16:48:08.0 (1877784)|ENTERING_MANAGED_PKG|
16:48:08.0 (2009725)|VARIABLE_ASSIGNMENT|[9]|PermissionSetPortalControllers.contactsField|{"s":1,"v":[]}|0x68c64c25
16:48:08.0 (2016536)|STATEMENT_EXECUTE|[10]
16:48:08.0 (2022461)|HEAP_ALLOCATE|[10]|Bytes:4
16:48:08.0 (2037443)|ENTERING_MANAGED_PKG|
16:48:08.0 (2074764)|VARIABLE_ASSIGNMENT|[10]|PermissionSetPortalControllers.accountField|{"s":1,"v":[]}|0x74d48b21
16:48:08.0 (2079221)|STATEMENT_EXECUTE|[1038]
16:48:08.0 (2081002)|STATEMENT_EXECUTE|[1067]
16:48:08.0 (2082179)|STATEMENT_EXECUTE|[1095]
16:48:08.0 (2083549)|STATEMENT_EXECUTE|[1124]
16:48:08.0 (2084695)|STATEMENT_EXECUTE|[1140]
16:48:08.0 (2085900)|STATEMENT_EXECUTE|[1157]
16:48:08.0 (2086983)|STATEMENT_EXECUTE|[1168]
16:48:08.0 (2088108)|STATEMENT_EXECUTE|[1173]
16:48:08.0 (2095344)|SYSTEM_MODE_EXIT|false
16:48:08.0 (2107363)|METHOD_EXIT|[1]|PermissionSetPortalControllers
16:48:08.0 (2118353)|SYSTEM_MODE_ENTER|false
16:48:08.0 (2132604)|HEAP_ALLOCATE|[157]|Bytes:5
16:48:08.0 (2137227)|STATEMENT_EXECUTE|[156]
16:48:08.0 (2138773)|STATEMENT_EXECUTE|[157]
16:48:08.0 (2139820)|STATEMENT_EXECUTE|[157]
16:48:08.0 (2141193)|STATEMENT_EXECUTE|[158]
16:48:08.0 (2144830)|HEAP_ALLOCATE|[158]|Bytes:99
16:48:08.0 (2156175)|HEAP_ALLOCATE|[158]|Bytes:4
16:48:08.0 (3188297)|SOQL_EXECUTE_BEGIN|[158]|Aggregations:0|SELECT Id, label, Name, Description, NamespacePrefix, UserLicenseId, CreatedDate FROM PermissionSet
16:48:08.0 (6636919)|SOQL_EXECUTE_END|[158]|Rows:37
16:48:08.0 (6660963)|HEAP_ALLOCATE|[158]|Bytes:152
16:48:08.0 (6753327)|HEAP_ALLOCATE|[158]|Bytes:6516
16:48:08.0 (6782818)|HEAP_ALLOCATE|[158]|Bytes:152
16:48:08.0 (6811257)|VARIABLE_ASSIGNMENT|[158]|PermissionSetPortalControllers.AllPermissionSets|{"s":1,"v":"List of size 37 too large to display"}|0xd3c1c7e
16:48:08.0 (6867340)|ENTERING_MANAGED_PKG|
16:48:08.0 (6898477)|STATEMENT_EXECUTE|[159]
16:48:08.0 (6900916)|STATEMENT_EXECUTE|[160]
16:48:08.0 (7041986)|VARIABLE_SCOPE_BEGIN|[160]|pSetObj|shiva15testns.PermissionSetPortalControllers.PermissionSetClass|true|false
16:48:08.0 (7054059)|VARIABLE_ASSIGNMENT|[160]|pSetObj|null|
16:48:08.0 (7056968)|STATEMENT_EXECUTE|[161]
16:48:08.0 (7062806)|HEAP_ALLOCATE|[161]|Bytes:4
16:48:08.0 (7109363)|ENTERING_MANAGED_PKG|
16:48:08.0 (7127783)|VARIABLE_SCOPE_BEGIN|[161]|permissionSetsLst|List<shiva15testns.PermissionSetPortalControllers.PermissionSetClass>|true|false
16:48:08.0 (7152926)|HEAP_ALLOCATE|[EXTERNAL]|Bytes:4
16:48:08.0 (7164858)|VARIABLE_ASSIGNMENT|[161]|permissionSetsLst|{"s":1,"v":[]}|0x2cb3a0c8
16:48:08.0 (7181773)|ENTERING_MANAGED_PKG|
16:48:08.0 (7346223)|HEAP_ALLOCATE|[162]|Bytes:5
16:48:08.0 (7382823)|HEAP_ALLOCATE|[162]|Bytes:28
16:48:08.0 (7393830)|VARIABLE_SCOPE_BEGIN|[162]|PSetName|PermissionSet|true|false
16:48:08.0 (7446736)|VARIABLE_ASSIGNMENT|[162]|PSetName|{"s":1,"v":{"Id":"0PS36000000mmnFGAQ","Label":"00e1a000000MWa8AAG","Name":"X00e1a000000MWa8AAG","NamespacePrefix":"shiva15testns","UserLicenseId":"10036000000eSpzAAE","CreatedDate":"2016-03-08T19:00:02.000Z"}}|0x39c63d18
16:48:08.0 (7451991)|STATEMENT_EXECUTE|[162]
16:48:08.0 (7479773)|HEAP_ALLOCATE|[163]|Bytes:3
16:48:08.0 (7508595)|ENTERING_MANAGED_PKG|
16:48:08.0 (7540056)|STATEMENT_EXECUTE|[163]
16:48:08.0 (7552394)|HEAP_ALLOCATE|[162]|Bytes:5
16:48:08.0 (7575069)|HEAP_ALLOCATE|[162]|Bytes:28
16:48:08.0 (7583828)|VARIABLE_SCOPE_BEGIN|[162]|PSetName|PermissionSet|true|false
16:48:08.0 (7610477)|VARIABLE_ASSIGNMENT|[162]|PSetName|{"s":1,"v":{"Id":"0PS36000000mmnGGAQ","Label":"00ex00000018ozl_128_ (10 more) ...","Name":"X00ex00000018ozl_128 (11 more) ...","NamespacePrefix":"shiva15testns","UserLicenseId":"10036000000eSpyAAE","CreatedDate":"2016-03-08T19:00:02.000Z"}}|0x327348b9
16:48:08.0 (7615591)|STATEMENT_EXECUTE|[162]
16:48:08.0 (7637351)|ENTERING_MANAGED_PKG|
16:48:08.0 (7647499)|STATEMENT_EXECUTE|[163]
16:48:08.0 (7657975)|HEAP_ALLOCATE|[162]|Bytes:5
16:48:08.0 (7678827)|HEAP_ALLOCATE|[162]|Bytes:28
16:48:08.0 (7687345)|VARIABLE_SCOPE_BEGIN|[162]|PSetName|PermissionSet|true|false
16:48:08.0 (7711425)|VARIABLE_ASSIGNMENT|[162]|PSetName|{"s":1,"v":{"Id":"0PS36000000mmnHGAQ","Label":"00ex00000018ozm_128_ (10 more) ...","Name":"X00ex00000018ozm_128 (11 more) ...","NamespacePrefix":"shiva15testns","UserLicenseId":"10036000000eSpyAAE","CreatedDate":"2016-03-08T19:00:02.000Z"}}|0x4b03b4f2
16:48:08.0 (7716056)|STATEMENT_EXECUTE|[162]
16:48:08.0 (7736915)|ENTERING_MANAGED_PKG|
16:48:08.0 (7746754)|STATEMENT_EXECUTE|[163]
16:48:08.0 (7756870)|HEAP_ALLOCATE|[162]|Bytes:5
16:48:08.0 (7776883)|HEAP_ALLOCATE|[162]|Bytes:28
16:48:08.0 (7784955)|VARIABLE_SCOPE_BEGIN|[162]|PSetName|PermissionSet|true|false
16:48:08.0 (7808066)|VARIABLE_ASSIGNMENT|[162]|PSetName|{"s":1,"v":{"Id":"0PS36000000mmnIGAQ","Label":"00ex00000018ozk_128_ (10 more) ...","Name":"X00ex00000018ozk_128 (11 more) ...","NamespacePrefix":"shiva15testns","UserLicenseId":"10036000000eSpyAAE","CreatedDate":"2016-03-08T19:00:02.000Z"}}|0x6b164658
16:48:08.0 (7812646)|STATEMENT_EXECUTE|[162]
16:48:08.0 (7832953)|ENTERING_MANAGED_PKG|
16:48:08.0 (7845823)|STATEMENT_EXECUTE|[163]
16:48:08.0 (7856681)|HEAP_ALLOCATE|[162]|Bytes:5
16:48:08.0 (7877061)|HEAP_ALLOCATE|[162]|Bytes:28
16:48:08.0 (7885048)|VARIABLE_SCOPE_BEGIN|[162]|PSetName|PermissionSet|true|false
16:48:08.0 (7908018)|VARIABLE_ASSIGNMENT|[162]|PSetName|{"s":1,"v":{"Id":"0PS36000000mmnJGAQ","Label":"00ex00000018ozj_128_ (10 more) ...","Name":"X00ex00000018ozj_128 (11 more) ...","NamespacePrefix":"shiva15testns","UserLicenseId":"10036000000eSpyAAE","CreatedDate":"2016-03-08T19:00:02.000Z"}}|0x633088df
16:48:08.0 (7912519)|STATEMENT_EXECUTE|[162]
16:48:08.0 (7932776)|ENTERING_MANAGED_PKG|
16:48:08.0 (7942285)|STATEMENT_EXECUTE|[163]
16:48:08.0 (7952556)|HEAP_ALLOCATE|[162]|Bytes:5
16:48:08.0 (7976072)|HEAP_ALLOCATE|[162]|Bytes:28
16:48:08.0 (7984801)|VARIABLE_SCOPE_BEGIN|[162]|PSetName|PermissionSet|true|false
16:48:08.0 (8007972)|VARIABLE_ASSIGNMENT|[162]|PSetName|{"s":1,"v":{"Id":"0PS36000000mmnKGAQ","Label":"00ex00000018ozo_128_ (10 more) ...","Name":"X00ex00000018ozo_128 (11 more) ...","NamespacePrefix":"shiva15testns","UserLicenseId":"10036000000eSpyAAE","CreatedDate":"2016-03-08T19:00:02.000Z"}}|0x4bae2280
16:48:08.0 (8013919)|STATEMENT_EXECUTE|[162]
16:48:08.0 (8034912)|ENTERING_MANAGED_PKG|
16:48:08.0 (8044702)|STATEMENT_EXECUTE|[163]
16:48:08.0 (8055109)|HEAP_ALLOCATE|[162]|Bytes:5
16:48:08.0 (8074757)|HEAP_ALLOCATE|[162]|Bytes:28
16:48:08.0 (8082611)|VARIABLE_SCOPE_BEGIN|[162]|PSetName|PermissionSet|true|false
16:48:08.0 (8105382)|VARIABLE_ASSIGNMENT|[162]|PSetName|{"s":1,"v":{"Id":"0PS36000000mmnLGAQ","Label":"00ex00000018ozh_128_ (10 more) ...","Name":"X00ex00000018ozh_128 (11 more) ...","NamespacePrefix":"shiva15testns","UserLicenseId":"10036000000eSpyAAE","CreatedDate":"2016-03-08T19:00:02.000Z"}}|0x1ddcab23
16:48:08.0 (8109719)|STATEMENT_EXECUTE|[162]
16:48:08.0 (8129799)|ENTERING_MANAGED_PKG|
16:48:08.0 (8139360)|STATEMENT_EXECUTE|[163]
16:48:08.0 (8149880)|HEAP_ALLOCATE|[162]|Bytes:5
16:48:08.0 (8169603)|HEAP_ALLOCATE|[162]|Bytes:28
16:48:08.0 (8177713)|VARIABLE_SCOPE_BEGIN|[162]|PSetName|PermissionSet|true|false
16:48:08.0 (8200368)|VARIABLE_ASSIGNMENT|[162]|PSetName|{"s":1,"v":{"Id":"0PS36000000mmnMGAQ","Label":"00ex00000018ozq_128_ (11 more) ...","Name":"X00ex00000018ozq_128 (12 more) ...","NamespacePrefix":"shiva15testns","UserLicenseId":"10036000000eSpyAAE","CreatedDate":"2016-03-08T19:00:02.000Z"}}|0x44a11a46
16:48:08.0 (8204743)|STATEMENT_EXECUTE|[162]
16:48:08.0 (8225012)|ENTERING_MANAGED_PKG|
16:48:08.0 (8234677)|STATEMENT_EXECUTE|[163]
16:48:08.0 (8244853)|HEAP_ALLOCATE|[162]|Bytes:5
16:48:08.0 (8264584)|HEAP_ALLOCATE|[162]|Bytes:28
16:48:08.0 (8272485)|VARIABLE_SCOPE_BEGIN|[162]|PSetName|PermissionSet|true|false
16:48:08.0 (8294877)|VARIABLE_ASSIGNMENT|[162]|PSetName|{"s":1,"v":{"Id":"0PS36000000mmnNGAQ","Label":"00ex00000018ozp_128_ (10 more) ...","Name":"X00ex00000018ozp_128 (11 more) ...","NamespacePrefix":"shiva15testns","UserLicenseId":"10036000000eSpyAAE","CreatedDate":"2016-03-08T19:00:02.000Z"}}|0x23b0047d
16:48:08.0 (8299670)|STATEMENT_EXECUTE|[162]
16:48:08.0 (8319896)|ENTERING_MANAGED_PKG|
16:48:08.0 (8329812)|STATEMENT_EXECUTE|[163]
16:48:08.0 (8339977)|HEAP_ALLOCATE|[162]|Bytes:5
16:48:08.0 (8359332)|HEAP_ALLOCATE|[162]|Bytes:28
16:48:08.0 (8367359)|VARIABLE_SCOPE_BEGIN|[162]|PSetName|PermissionSet|true|false
16:48:08.0 (8389801)|VARIABLE_ASSIGNMENT|[162]|PSetName|{"s":1,"v":{"Id":"0PS36000000mmnOGAQ","Label":"00ex00000018ozn_128_ (10 more) ...","Name":"X00ex00000018ozn_128 (11 more) ...","NamespacePrefix":"shiva15testns","UserLicenseId":"10036000000eSpyAAE","CreatedDate":"2016-03-08T19:00:02.000Z"}}|0x193088a9
16:48:08.0 (8394162)|STATEMENT_EXECUTE|[162]
16:48:08.0 (8414190)|ENTERING_MANAGED_PKG|
16:48:08.0 (8423770)|STATEMENT_EXECUTE|[163]
16:48:08.0 (8433920)|HEAP_ALLOCATE|[162]|Bytes:5
16:48:08.0 (8453769)|HEAP_ALLOCATE|[162]|Bytes:28
16:48:08.0 (8461646)|VARIABLE_SCOPE_BEGIN|[162]|PSetName|PermissionSet|true|false
16:48:08.0 (8483766)|VARIABLE_ASSIGNMENT|[162]|PSetName|{"s":1,"v":{"Id":"0PS36000000mmnPGAQ","Label":"00e1a000000MWa9AAG","Name":"X00e1a000000MWa9AAG","NamespacePrefix":"shiva15testns","UserLicenseId":"10036000000eSq0AAE","CreatedDate":"2016-03-08T19:00:02.000Z"}}|0x61cdad1f
16:48:08.0 (8488263)|STATEMENT_EXECUTE|[162]
16:48:08.0 (8508510)|ENTERING_MANAGED_PKG|
16:48:08.0 (8518326)|STATEMENT_EXECUTE|[163]
16:48:08.0 (8528418)|HEAP_ALLOCATE|[162]|Bytes:5
16:48:08.0 (8548301)|HEAP_ALLOCATE|[162]|Bytes:28
16:48:08.0 (8556098)|VARIABLE_SCOPE_BEGIN|[162]|PSetName|PermissionSet|true|false
16:48:08.0 (8577624)|VARIABLE_ASSIGNMENT|[162]|PSetName|{"s":1,"v":{"Id":"0PS36000000mmnQGAQ","Label":"00e1a000000MWaBAAW","Name":"X00e1a000000MWaBAAW","NamespacePrefix":"shiva15testns","UserLicenseId":"10036000000eSq2AAE","CreatedDate":"2016-03-08T19:00:02.000Z"}}|0x2d72e84a
16:48:08.0 (8581704)|STATEMENT_EXECUTE|[162]
16:48:08.0 (8602022)|ENTERING_MANAGED_PKG|
16:48:08.0 (8611620)|STATEMENT_EXECUTE|[163]
16:48:08.0 (8621722)|HEAP_ALLOCATE|[162]|Bytes:5
16:48:08.0 (8641797)|HEAP_ALLOCATE|[162]|Bytes:28
16:48:08.0 (8649737)|VARIABLE_SCOPE_BEGIN|[162]|PSetName|PermissionSet|true|false
16:48:08.0 (8671460)|VARIABLE_ASSIGNMENT|[162]|PSetName|{"s":1,"v":{"Id":"0PS36000000mmnRGAQ","Label":"00e1a000000MWaCAAW","Name":"X00e1a000000MWaCAAW","NamespacePrefix":"shiva15testns","UserLicenseId":"10036000000eSq3AAE","CreatedDate":"2016-03-08T19:00:02.000Z"}}|0xec29275
16:48:08.0 (8675650)|STATEMENT_EXECUTE|[162]
16:48:08.0 (8695662)|ENTERING_MANAGED_PKG|
16:48:08.0 (8705316)|STATEMENT_EXECUTE|[163]
16:48:08.0 (8715395)|HEAP_ALLOCATE|[162]|Bytes:5
16:48:08.0 (8734821)|HEAP_ALLOCATE|[162]|Bytes:28
16:48:08.0 (8742571)|VARIABLE_SCOPE_BEGIN|[162]|PSetName|PermissionSet|true|false
16:48:08.0 (8764198)|VARIABLE_ASSIGNMENT|[162]|PSetName|{"s":1,"v":{"Id":"0PS36000000mmnSGAQ","Label":"00e1a000000MWaDAAW","Name":"X00e1a000000MWaDAAW","NamespacePrefix":"shiva15testns","UserLicenseId":"10036000000eSq4AAE","CreatedDate":"2016-03-08T19:00:02.000Z"}}|0x13aa26c4
16:48:08.0 (8768509)|STATEMENT_EXECUTE|[162]
16:48:08.0 (8788465)|ENTERING_MANAGED_PKG|
16:48:08.0 (8797964)|STATEMENT_EXECUTE|[163]
16:48:08.0 (8808020)|HEAP_ALLOCATE|[162]|Bytes:5
16:48:08.0 (8827504)|HEAP_ALLOCATE|[162]|Bytes:28
16:48:08.0 (8835283)|VARIABLE_SCOPE_BEGIN|[162]|PSetName|PermissionSet|true|false
16:48:08.0 (8856508)|VARIABLE_ASSIGNMENT|[162]|PSetName|{"s":1,"v":{"Id":"0PS36000000mmnTGAQ","Label":"00e1a000000MWaEAAW","Name":"X00e1a000000MWaEAAW","NamespacePrefix":"shiva15testns","UserLicenseId":"10036000000eSq5AAE","CreatedDate":"2016-03-08T19:00:02.000Z"}}|0x1f83d4fb
16:48:08.0 (8860678)|STATEMENT_EXECUTE|[162]
16:48:08.0 (8880304)|ENTERING_MANAGED_PKG|
16:48:08.0 (8889739)|STATEMENT_EXECUTE|[163]
16:48:08.0 (8899713)|HEAP_ALLOCATE|[162]|Bytes:5
16:48:08.0 (8919186)|HEAP_ALLOCATE|[162]|Bytes:28
16:48:08.0 (8926932)|VARIABLE_SCOPE_BEGIN|[162]|PSetName|PermissionSet|true|false
16:48:08.0 (8948023)|VARIABLE_ASSIGNMENT|[162]|PSetName|{"s":1,"v":{"Id":"0PS36000000mmnUGAQ","Label":"00e1a000000MWaFAAW","Name":"X00e1a000000MWaFAAW","NamespacePrefix":"shiva15testns","UserLicenseId":"10036000000eSq6AAE","CreatedDate":"2016-03-08T19:00:02.000Z"}}|0x25094ff9
16:48:08.0 (8952625)|STATEMENT_EXECUTE|[162]
16:48:08.0 (8976072)|ENTERING_MANAGED_PKG|
16:48:08.0 (8986491)|STATEMENT_EXECUTE|[163]
16:48:08.0 (8997330)|HEAP_ALLOCATE|[162]|Bytes:5
16:48:08.0 (9016932)|HEAP_ALLOCATE|[162]|Bytes:28
16:48:08.0 (9025890)|VARIABLE_SCOPE_BEGIN|[162]|PSetName|PermissionSet|true|false
16:48:08.0 (9047663)|VARIABLE_ASSIGNMENT|[162]|PSetName|{"s":1,"v":{"Id":"0PS36000000mmnVGAQ","Label":"00e1a000000MWaGAAW","Name":"X00e1a000000MWaGAAW","NamespacePrefix":"shiva15testns","UserLicenseId":"10036000000eSq7AAE","CreatedDate":"2016-03-08T19:00:02.000Z"}}|0x3f422017
16:48:08.0 (9051925)|STATEMENT_EXECUTE|[162]
16:48:08.0 (9072095)|ENTERING_MANAGED_PKG|
16:48:08.0 (9081629)|STATEMENT_EXECUTE|[163]
16:48:08.0 (9091828)|HEAP_ALLOCATE|[162]|Bytes:5
16:48:08.0 (9111495)|HEAP_ALLOCATE|[162]|Bytes:28
16:48:08.0 (9119356)|VARIABLE_SCOPE_BEGIN|[162]|PSetName|PermissionSet|true|false
16:48:08.0 (9140827)|VARIABLE_ASSIGNMENT|[162]|PSetName|{"s":1,"v":{"Id":"0PS36000000mmnWGAQ","Label":"00e1a000000MWaHAAW","Name":"X00e1a000000MWaHAAW","NamespacePrefix":"shiva15testns","UserLicenseId":"10036000000eSq8AAE","CreatedDate":"2016-03-08T19:00:02.000Z"}}|0x7d9cbd3d
16:48:08.0 (9145016)|STATEMENT_EXECUTE|[162]
16:48:08.0 (9165064)|ENTERING_MANAGED_PKG|
16:48:08.0 (9174492)|STATEMENT_EXECUTE|[163]
16:48:08.0 (9184496)|HEAP_ALLOCATE|[162]|Bytes:5
16:48:08.0 (9204050)|HEAP_ALLOCATE|[162]|Bytes:28
16:48:08.0 (9211818)|VARIABLE_SCOPE_BEGIN|[162]|PSetName|PermissionSet|true|false
16:48:08.0 (9233237)|VARIABLE_ASSIGNMENT|[162]|PSetName|{"s":1,"v":{"Id":"0PS36000000mmnXGAQ","Label":"00e1a000000MWaIAAW","Name":"X00e1a000000MWaIAAW","NamespacePrefix":"shiva15testns","UserLicenseId":"10036000000eSq9AAE","CreatedDate":"2016-03-08T19:00:02.000Z"}}|0x7c399a79
16:48:08.0 (9237312)|STATEMENT_EXECUTE|[162]
16:48:08.0 (9257394)|ENTERING_MANAGED_PKG|
16:48:08.0 (9267117)|STATEMENT_EXECUTE|[163]
16:48:08.0 (9277533)|HEAP_ALLOCATE|[162]|Bytes:5
16:48:08.0 (9296811)|HEAP_ALLOCATE|[162]|Bytes:28
16:48:08.0 (9304561)|VARIABLE_SCOPE_BEGIN|[162]|PSetName|PermissionSet|true|false
16:48:08.0 (9325949)|VARIABLE_ASSIGNMENT|[162]|PSetName|{"s":1,"v":{"Id":"0PS36000000mmnYGAQ","Label":"00e1a000000MWaJAAW","Name":"X00e1a000000MWaJAAW","NamespacePrefix":"shiva15testns","UserLicenseId":"10036000000eSqAAAU","CreatedDate":"2016-03-08T19:00:02.000Z"}}|0x13207480
16:48:08.0 (9330103)|STATEMENT_EXECUTE|[162]
16:48:08.0 (9349628)|ENTERING_MANAGED_PKG|
16:48:08.0 (9359041)|STATEMENT_EXECUTE|[163]
16:48:08.0 (9369199)|HEAP_ALLOCATE|[162]|Bytes:5
16:48:08.0 (9388764)|HEAP_ALLOCATE|[162]|Bytes:28
16:48:08.0 (9396877)|VARIABLE_SCOPE_BEGIN|[162]|PSetName|PermissionSet|true|false
16:48:08.0 (9418485)|VARIABLE_ASSIGNMENT|[162]|PSetName|{"s":1,"v":{"Id":"0PS36000000mmnZGAQ","Label":"00e1a000000MWaKAAW","Name":"X00e1a000000MWaKAAW","NamespacePrefix":"shiva15testns","UserLicenseId":"10036000000eSqBAAU","CreatedDate":"2016-03-08T19:00:02.000Z"}}|0x3d4cbc6b
16:48:08.0 (9422945)|STATEMENT_EXECUTE|[162]
16:48:08.0 (9442724)|ENTERING_MANAGED_PKG|
16:48:08.0 (9452200)|STATEMENT_EXECUTE|[163]
16:48:08.0 (9462306)|HEAP_ALLOCATE|[162]|Bytes:5
16:48:08.0 (9481743)|HEAP_ALLOCATE|[162]|Bytes:28
16:48:08.0 (9489464)|VARIABLE_SCOPE_BEGIN|[162]|PSetName|PermissionSet|true|false
16:48:08.0 (9511138)|VARIABLE_ASSIGNMENT|[162]|PSetName|{"s":1,"v":{"Id":"0PS36000000mmnaGAA","Label":"00e1a000000MWaLAAW","Name":"X00e1a000000MWaLAAW","NamespacePrefix":"shiva15testns","UserLicenseId":"10036000000eSqCAAU","CreatedDate":"2016-03-08T19:00:02.000Z"}}|0x25a18baa
16:48:08.0 (9515312)|STATEMENT_EXECUTE|[162]
16:48:08.0 (9535341)|ENTERING_MANAGED_PKG|
16:48:08.0 (9545086)|STATEMENT_EXECUTE|[163]
16:48:08.0 (9555215)|HEAP_ALLOCATE|[162]|Bytes:5
16:48:08.0 (9574557)|HEAP_ALLOCATE|[162]|Bytes:28
16:48:08.0 (9582265)|VARIABLE_SCOPE_BEGIN|[162]|PSetName|PermissionSet|true|false
16:48:08.0 (9603395)|VARIABLE_ASSIGNMENT|[162]|PSetName|{"s":1,"v":{"Id":"0PS36000000mmnbGAA","Label":"00e1a000000MWaMAAW","Name":"X00e1a000000MWaMAAW","NamespacePrefix":"shiva15testns","UserLicenseId":"10036000000eSqDAAU","CreatedDate":"2016-03-08T19:00:02.000Z"}}|0x157b3735
16:48:08.0 (9607707)|STATEMENT_EXECUTE|[162]
16:48:08.0 (9627501)|ENTERING_MANAGED_PKG|
16:48:08.0 (9637208)|STATEMENT_EXECUTE|[163]
16:48:08.0 (9647264)|HEAP_ALLOCATE|[162]|Bytes:5
16:48:08.0 (9666808)|HEAP_ALLOCATE|[162]|Bytes:28
16:48:08.0 (9674549)|VARIABLE_SCOPE_BEGIN|[162]|PSetName|PermissionSet|true|false
16:48:08.0 (9695789)|VARIABLE_ASSIGNMENT|[162]|PSetName|{"s":1,"v":{"Id":"0PS36000000mmncGAA","Label":"00e1a000000MWaNAAW","Name":"X00e1a000000MWaNAAW","NamespacePrefix":"shiva15testns","UserLicenseId":"10036000000eSqEAAU","CreatedDate":"2016-03-08T19:00:02.000Z"}}|0x56fc56e
16:48:08.0 (9700138)|STATEMENT_EXECUTE|[162]
16:48:08.0 (9719988)|ENTERING_MANAGED_PKG|
16:48:08.0 (9729476)|STATEMENT_EXECUTE|[163]
16:48:08.0 (9739472)|HEAP_ALLOCATE|[162]|Bytes:5
16:48:08.0 (9758709)|HEAP_ALLOCATE|[162]|Bytes:28
16:48:08.0 (9766630)|VARIABLE_SCOPE_BEGIN|[162]|PSetName|PermissionSet|true|false
16:48:08.0 (9787780)|VARIABLE_ASSIGNMENT|[162]|PSetName|{"s":1,"v":{"Id":"0PS36000000mmndGAA","Label":"00e1a000000MWaOAAW","Name":"X00e1a000000MWaOAAW","NamespacePrefix":"shiva15testns","UserLicenseId":"10036000000eSqFAAU","CreatedDate":"2016-03-08T19:00:02.000Z"}}|0x5d189e4c
16:48:08.0 (9791671)|STATEMENT_EXECUTE|[162]
16:48:08.0 (9811441)|ENTERING_MANAGED_PKG|
16:48:08.0 (9820887)|STATEMENT_EXECUTE|[163]
16:48:08.0 (9830970)|HEAP_ALLOCATE|[162]|Bytes:5
16:48:08.0 (9850408)|HEAP_ALLOCATE|[162]|Bytes:28
16:48:08.0 (9858125)|VARIABLE_SCOPE_BEGIN|[162]|PSetName|PermissionSet|true|false
16:48:08.0 (9879366)|VARIABLE_ASSIGNMENT|[162]|PSetName|{"s":1,"v":{"Id":"0PS36000000mmneGAA","Label":"00e1a000000MWaPAAW","Name":"X00e1a000000MWaPAAW","NamespacePrefix":"shiva15testns","UserLicenseId":"10036000000eSqGAAU","CreatedDate":"2016-03-08T19:00:02.000Z"}}|0x74cdb29e
16:48:08.0 (9883410)|STATEMENT_EXECUTE|[162]
16:48:08.0 (9902926)|ENTERING_MANAGED_PKG|
16:48:08.0 (9912727)|STATEMENT_EXECUTE|[163]
16:48:08.0 (9922688)|HEAP_ALLOCATE|[162]|Bytes:5
16:48:08.0 (9941966)|HEAP_ALLOCATE|[162]|Bytes:28
16:48:08.0 (9949761)|VARIABLE_SCOPE_BEGIN|[162]|PSetName|PermissionSet|true|false
16:48:08.0 (9974566)|VARIABLE_ASSIGNMENT|[162]|PSetName|{"s":1,"v":{"Id":"0PS36000000mmnfGAA","Label":"00e1a000000MWaQAAW","Name":"X00e1a000000MWaQAAW","NamespacePrefix":"shiva15testns","UserLicenseId":"10036000000eSqHAAU","CreatedDate":"2016-03-08T19:00:02.000Z"}}|0x38c3e1ad
16:48:08.0 (9979074)|STATEMENT_EXECUTE|[162]
16:48:08.0 (9999529)|ENTERING_MANAGED_PKG|
16:48:08.0 (10009308)|STATEMENT_EXECUTE|[163]
16:48:08.0 (10020530)|HEAP_ALLOCATE|[162]|Bytes:5
16:48:08.0 (10040350)|HEAP_ALLOCATE|[162]|Bytes:28
16:48:08.0 (10048356)|VARIABLE_SCOPE_BEGIN|[162]|PSetName|PermissionSet|true|false
16:48:08.0 (10070171)|VARIABLE_ASSIGNMENT|[162]|PSetName|{"s":1,"v":{"Id":"0PS36000000mmngGAA","Label":"00e1a000000MWaRAAW","Name":"X00e1a000000MWaRAAW","NamespacePrefix":"shiva15testns","UserLicenseId":"10036000000eSqIAAU","CreatedDate":"2016-03-08T19:00:02.000Z"}}|0x437c076e
16:48:08.0 (10074869)|STATEMENT_EXECUTE|[162]
16:48:08.0 (10094949)|ENTERING_MANAGED_PKG|
16:48:08.0 (10104552)|STATEMENT_EXECUTE|[163]
16:48:08.0 (10114628)|HEAP_ALLOCATE|[162]|Bytes:5
16:48:08.0 (10133942)|HEAP_ALLOCATE|[162]|Bytes:28
16:48:08.0 (10141796)|VARIABLE_SCOPE_BEGIN|[162]|PSetName|PermissionSet|true|false
16:48:08.0 (10163543)|VARIABLE_ASSIGNMENT|[162]|PSetName|{"s":1,"v":{"Id":"0PS36000000mmnhGAA","Label":"00e1a000000MWaSAAW","Name":"X00e1a000000MWaSAAW","NamespacePrefix":"shiva15testns","UserLicenseId":"10036000000eSqJAAU","CreatedDate":"2016-03-08T19:00:02.000Z"}}|0x5a0f1bb3
16:48:08.0 (10168034)|STATEMENT_EXECUTE|[162]
16:48:08.0 (10187874)|ENTERING_MANAGED_PKG|
16:48:08.0 (10197476)|STATEMENT_EXECUTE|[163]
16:48:08.0 (10207620)|HEAP_ALLOCATE|[162]|Bytes:5
16:48:08.0 (10227215)|HEAP_ALLOCATE|[162]|Bytes:28
16:48:08.0 (10234940)|VARIABLE_SCOPE_BEGIN|[162]|PSetName|PermissionSet|true|false
16:48:08.0 (10256495)|VARIABLE_ASSIGNMENT|[162]|PSetName|{"s":1,"v":{"Id":"0PS36000000mmniGAA","Label":"00e1a000000MWaTAAW","Name":"X00e1a000000MWaTAAW","NamespacePrefix":"shiva15testns","UserLicenseId":"10036000000eSqJAAU","CreatedDate":"2016-03-08T19:00:02.000Z"}}|0x434f1b2e
16:48:08.0 (10260837)|STATEMENT_EXECUTE|[162]
16:48:08.0 (10285327)|ENTERING_MANAGED_PKG|
16:48:08.0 (10295899)|STATEMENT_EXECUTE|[163]
16:48:08.0 (10306318)|HEAP_ALLOCATE|[162]|Bytes:5
16:48:08.0 (10325902)|HEAP_ALLOCATE|[162]|Bytes:28
16:48:08.0 (10333765)|VARIABLE_SCOPE_BEGIN|[162]|PSetName|PermissionSet|true|false
16:48:08.0 (10355200)|VARIABLE_ASSIGNMENT|[162]|PSetName|{"s":1,"v":{"Id":"0PS36000000mmnjGAA","Label":"00e1a000000MWaUAAW","Name":"X00e1a000000MWaUAAW","NamespacePrefix":"shiva15testns","UserLicenseId":"10036000000eSqKAAU","CreatedDate":"2016-03-08T19:00:02.000Z"}}|0x64264463
16:48:08.0 (10359172)|STATEMENT_EXECUTE|[162]
16:48:08.0 (10378825)|ENTERING_MANAGED_PKG|
16:48:08.0 (10388461)|STATEMENT_EXECUTE|[163]
16:48:08.0 (10398419)|HEAP_ALLOCATE|[162]|Bytes:5
16:48:08.0 (10418180)|HEAP_ALLOCATE|[162]|Bytes:28
16:48:08.0 (10426105)|VARIABLE_SCOPE_BEGIN|[162]|PSetName|PermissionSet|true|false
16:48:08.0 (10447894)|VARIABLE_ASSIGNMENT|[162]|PSetName|{"s":1,"v":{"Id":"0PS36000000mmnlGAA","Label":"00e1a000000N1LRAA0","Name":"X00e1a000000N1LRAA0","NamespacePrefix":"shiva15testns","UserLicenseId":"10036000000eSqLAAU","CreatedDate":"2016-03-08T19:00:02.000Z"}}|0x47c278fe
16:48:08.0 (10452096)|STATEMENT_EXECUTE|[162]
16:48:08.0 (10472580)|ENTERING_MANAGED_PKG|
16:48:08.0 (10482350)|STATEMENT_EXECUTE|[163]
16:48:08.0 (10492535)|HEAP_ALLOCATE|[162]|Bytes:5
16:48:08.0 (10512014)|HEAP_ALLOCATE|[162]|Bytes:28
16:48:08.0 (10519766)|VARIABLE_SCOPE_BEGIN|[162]|PSetName|PermissionSet|true|false
16:48:08.0 (10541565)|VARIABLE_ASSIGNMENT|[162]|PSetName|{"s":1,"v":{"Id":"0PS36000000mmnmGAA","Label":"00e1a000000N1LSAA0","Name":"X00e1a000000N1LSAA0","NamespacePrefix":"shiva15testns","UserLicenseId":"10036000000eSqMAAU","CreatedDate":"2016-03-08T19:00:02.000Z"}}|0x65b23136
16:48:08.0 (10545960)|STATEMENT_EXECUTE|[162]
16:48:08.0 (10565734)|ENTERING_MANAGED_PKG|
16:48:08.0 (10575341)|STATEMENT_EXECUTE|[163]
16:48:08.0 (10585450)|HEAP_ALLOCATE|[162]|Bytes:5
16:48:08.0 (10604807)|HEAP_ALLOCATE|[162]|Bytes:28
16:48:08.0 (10612533)|VARIABLE_SCOPE_BEGIN|[162]|PSetName|PermissionSet|true|false
16:48:08.0 (10634018)|VARIABLE_ASSIGNMENT|[162]|PSetName|{"s":1,"v":{"Id":"0PS36000000mmnnGAA","Label":"00e1a000000N1wKAAS","Name":"X00e1a000000N1wKAAS","NamespacePrefix":"shiva15testns","UserLicenseId":"10036000000eSqNAAU","CreatedDate":"2016-03-08T19:00:02.000Z"}}|0x5e9fc0c5
16:48:08.0 (10637991)|STATEMENT_EXECUTE|[162]
16:48:08.0 (10657745)|ENTERING_MANAGED_PKG|
16:48:08.0 (10667224)|STATEMENT_EXECUTE|[163]
16:48:08.0 (10677412)|HEAP_ALLOCATE|[162]|Bytes:5
16:48:08.0 (10696939)|HEAP_ALLOCATE|[162]|Bytes:28
16:48:08.0 (10704702)|VARIABLE_SCOPE_BEGIN|[162]|PSetName|PermissionSet|true|false
16:48:08.0 (10726458)|VARIABLE_ASSIGNMENT|[162]|PSetName|{"s":1,"v":{"Id":"0PS36000000mmnoGAA","Label":"00e1a000000N1wLAAS","Name":"X00e1a000000N1wLAAS","NamespacePrefix":"shiva15testns","UserLicenseId":"10036000000eSqNAAU","CreatedDate":"2016-03-08T19:00:02.000Z"}}|0x8cc8229
16:48:08.0 (10730847)|STATEMENT_EXECUTE|[162]
16:48:08.0 (10750908)|ENTERING_MANAGED_PKG|
16:48:08.0 (10760457)|STATEMENT_EXECUTE|[163]
16:48:08.0 (10770621)|HEAP_ALLOCATE|[162]|Bytes:5
16:48:08.0 (10790085)|HEAP_ALLOCATE|[162]|Bytes:28
16:48:08.0 (10797787)|VARIABLE_SCOPE_BEGIN|[162]|PSetName|PermissionSet|true|false
16:48:08.0 (10819204)|VARIABLE_ASSIGNMENT|[162]|PSetName|{"s":1,"v":{"Id":"0PS36000000mmnqGAA","Label":"00e1a000000MWaAAAW","Name":"X00e1a000000MWaAAAW","NamespacePrefix":"shiva15testns","UserLicenseId":"10036000000eSq1AAE","CreatedDate":"2016-03-08T19:00:02.000Z"}}|0x5c1d1e46
16:48:08.0 (10823698)|STATEMENT_EXECUTE|[162]
16:48:08.0 (10843582)|ENTERING_MANAGED_PKG|
16:48:08.0 (10853039)|STATEMENT_EXECUTE|[163]
16:48:08.0 (10863231)|HEAP_ALLOCATE|[162]|Bytes:5
16:48:08.0 (10882429)|HEAP_ALLOCATE|[162]|Bytes:32
16:48:08.0 (10890237)|VARIABLE_SCOPE_BEGIN|[162]|PSetName|PermissionSet|true|false
16:48:08.0 (10914195)|VARIABLE_ASSIGNMENT|[162]|PSetName|{"s":1,"v":{"Id":"0PS36000000q71PGAQ","Label":"PermissionSet_Test","Name":"PermissionSet_Test","Description":"This is for testing  (11 more) ...","NamespacePrefix":"shiva15testns","UserLicenseId":"10036000000eSpyAAE","CreatedDate":"2016-03-20T22:41:12.000Z"}}|0x28d2af72
16:48:08.0 (10918640)|STATEMENT_EXECUTE|[162]
16:48:08.0 (10938441)|ENTERING_MANAGED_PKG|
16:48:08.0 (10948436)|STATEMENT_EXECUTE|[163]
16:48:08.0 (10950231)|STATEMENT_EXECUTE|[164]
16:48:08.0 (10954342)|HEAP_ALLOCATE|[164]|Bytes:52
16:48:08.0 (10961654)|HEAP_ALLOCATE|[164]|Bytes:4
16:48:08.0 (10967720)|HEAP_ALLOCATE|[164]|Bytes:7
16:48:08.0 (11860613)|SOQL_EXECUTE_BEGIN|[164]|Aggregations:0|SELECT Id, Name FROM UserLicense WHERE Id = :tmpVar1
16:48:08.0 (13671603)|SOQL_EXECUTE_END|[164]|Rows:1
16:48:08.0 (13688486)|HEAP_ALLOCATE|[164]|Bytes:8
16:48:08.0 (13699319)|HEAP_ALLOCATE|[164]|Bytes:47
16:48:08.0 (13757495)|HEAP_ALLOCATE|[164]|Bytes:8
16:48:08.0 (13767907)|HEAP_ALLOCATE|[164]|Bytes:37
16:48:08.0 (13826747)|HEAP_ALLOCATE|[164]|Bytes:12
16:48:08.0 (13835681)|VARIABLE_SCOPE_BEGIN|[164]|ulicense|UserLicense|true|false
16:48:08.0 (13853510)|VARIABLE_ASSIGNMENT|[164]|ulicense|{"s":1,"v":{"Id":"10036000000eSpyAAE","Name":"Salesforce"}}|0xf651ea7
16:48:08.0 (13857200)|STATEMENT_EXECUTE|[165]
16:48:08.0 (13864158)|HEAP_ALLOCATE|[165]|Bytes:240
16:48:08.0 (13870095)|HEAP_ALLOCATE|[165]|Bytes:39
16:48:08.0 (13890855)|HEAP_ALLOCATE|[165]|Bytes:32
16:48:08.0 (13941849)|ENTERING_MANAGED_PKG|
16:48:08.0 (13967216)|HEAP_ALLOCATE|[165]|Bytes:18
16:48:08.0 (14043273)|ENTERING_MANAGED_PKG|
16:48:08.0 (14064795)|HEAP_ALLOCATE|[165]|Bytes:19
16:48:08.0 (14103910)|CONSTRUCTOR_ENTRY|[165]|01p36000005Jpvx|<init>(String,String,String,String,String,String,String)
16:48:08.0 (14128742)|VARIABLE_SCOPE_BEGIN|[1055]|this|shiva15testns.PermissionSetPortalControllers.PermissionSetClass|true|false
16:48:08.0 (14198237)|VARIABLE_ASSIGNMENT|[1055]|this|{}|0x7f2c3127
16:48:08.0 (14203687)|VARIABLE_SCOPE_BEGIN|[1055]|label|String|false|false
16:48:08.0 (14209439)|VARIABLE_ASSIGNMENT|[1055]|label|"PermissionSet_Test"
16:48:08.0 (14212376)|VARIABLE_SCOPE_BEGIN|[1055]|apiName|String|false|false
16:48:08.0 (14215460)|VARIABLE_ASSIGNMENT|[1055]|apiName|"PermissionSet_Test"
16:48:08.0 (14218275)|VARIABLE_SCOPE_BEGIN|[1055]|id|String|false|false
16:48:08.0 (14221533)|VARIABLE_ASSIGNMENT|[1055]|id|"0PS36000000q71PGAQ"
16:48:08.0 (14224037)|VARIABLE_SCOPE_BEGIN|[1055]|description|String|false|false
16:48:08.0 (14228620)|VARIABLE_ASSIGNMENT|[1055]|description|"This is for testing  (11 more) ..."
16:48:08.0 (14231425)|VARIABLE_SCOPE_BEGIN|[1055]|namespacePrefix|String|false|false
16:48:08.0 (14234661)|VARIABLE_ASSIGNMENT|[1055]|namespacePrefix|"shiva15testns"
16:48:08.0 (14237144)|VARIABLE_SCOPE_BEGIN|[1055]|userLicenseId|String|false|false
16:48:08.0 (14240233)|VARIABLE_ASSIGNMENT|[1055]|userLicenseId|"Salesforce"
16:48:08.0 (14242734)|VARIABLE_SCOPE_BEGIN|[1055]|createdDate|String|false|false
16:48:08.0 (14245910)|VARIABLE_ASSIGNMENT|[1055]|createdDate|"2016-03-20 15:41:12"
16:48:08.0 (14249788)|STATEMENT_EXECUTE|[1038]
16:48:08.0 (14251650)|STATEMENT_EXECUTE|[1041]
16:48:08.0 (14253375)|STATEMENT_EXECUTE|[1043]
16:48:08.0 (14254775)|STATEMENT_EXECUTE|[1045]
16:48:08.0 (14256271)|STATEMENT_EXECUTE|[1047]
16:48:08.0 (14257479)|STATEMENT_EXECUTE|[1049]
16:48:08.0 (14258776)|STATEMENT_EXECUTE|[1051]
16:48:08.0 (14259913)|STATEMENT_EXECUTE|[1053]
16:48:08.0 (14268772)|HEAP_ALLOCATE|[1057]|Bytes:6
16:48:08.0 (14296063)|STATEMENT_EXECUTE|[1056]
16:48:08.0 (14298235)|STATEMENT_EXECUTE|[1057]
16:48:08.0 (14379658)|VARIABLE_ASSIGNMENT|[EXTERNAL]|this|{}|0x7f2c3127
16:48:08.0 (14388131)|VARIABLE_ASSIGNMENT|[EXTERNAL]|value|"PermissionSet_Test"
16:48:08.0 (14400137)|VARIABLE_ASSIGNMENT|[1041]|this.label|"PermissionSet_Test"|0x7f2c3127
16:48:08.0 (14408480)|STATEMENT_EXECUTE|[1058]
16:48:08.0 (14461001)|VARIABLE_ASSIGNMENT|[EXTERNAL]|this|{"label":"PermissionSet_Test"}|0x7f2c3127
16:48:08.0 (14468662)|VARIABLE_ASSIGNMENT|[EXTERNAL]|value|"PermissionSet_Test"
16:48:08.0 (14476937)|VARIABLE_ASSIGNMENT|[1043]|this.apiName|"PermissionSet_Test"|0x7f2c3127
16:48:08.0 (14484524)|STATEMENT_EXECUTE|[1059]
16:48:08.0 (14535974)|VARIABLE_ASSIGNMENT|[EXTERNAL]|this|{"apiName":"PermissionSet_Test","label":"PermissionSet_Test"}|0x7f2c3127
16:48:08.0 (14543976)|VARIABLE_ASSIGNMENT|[EXTERNAL]|value|"0PS36000000q71PGAQ"
16:48:08.0 (14552296)|VARIABLE_ASSIGNMENT|[1045]|this.id|"0PS36000000q71PGAQ"|0x7f2c3127
16:48:08.0 (14559767)|STATEMENT_EXECUTE|[1060]
16:48:08.0 (14611186)|VARIABLE_ASSIGNMENT|[EXTERNAL]|this|{"apiName":"PermissionSet_Test","id":"0PS36000000q71PGAQ","label":"PermissionSet_Test"}|0x7f2c3127
16:48:08.0 (14620512)|VARIABLE_ASSIGNMENT|[EXTERNAL]|value|"This is for testing  (11 more) ..."
16:48:08.0 (14629558)|VARIABLE_ASSIGNMENT|[1047]|this.description|"This is for testing  (11 more) ..."|0x7f2c3127
16:48:08.0 (14636902)|STATEMENT_EXECUTE|[1061]
16:48:08.0 (14689922)|VARIABLE_ASSIGNMENT|[EXTERNAL]|this|{"apiName":"PermissionSet_Test","description":"This is for testing  (11 more) ...","id":"0PS36000000q71PGAQ","label":"PermissionSet_Test"}|0x7f2c3127
16:48:08.0 (14697903)|VARIABLE_ASSIGNMENT|[EXTERNAL]|value|"shiva15testns"
16:48:08.0 (14706244)|VARIABLE_ASSIGNMENT|[1049]|this.namespacePrefix|"shiva15testns"|0x7f2c3127
16:48:08.0 (14714239)|STATEMENT_EXECUTE|[1062]
16:48:08.0 (14766706)|VARIABLE_ASSIGNMENT|[EXTERNAL]|this|{"apiName":"PermissionSet_Test","description":"This is for testing  (11 more) ...","id":"0PS36000000q71PGAQ","label":"PermissionSet_Test","namespacePrefix":"shiva15testns"}|0x7f2c3127
16:48:08.0 (14774668)|VARIABLE_ASSIGNMENT|[EXTERNAL]|value|"Salesforce"
16:48:08.0 (14782706)|VARIABLE_ASSIGNMENT|[1051]|this.userLicenseId|"Salesforce"|0x7f2c3127
16:48:08.0 (14790071)|STATEMENT_EXECUTE|[1063]
16:48:08.0 (14843076)|VARIABLE_ASSIGNMENT|[EXTERNAL]|this|{"apiName":"PermissionSet_Test","description":"This is for testing  (11 more) ...","id":"0PS36000000q71PGAQ","label":"PermissionSet_Test","namespacePrefix":"shiva15testns","userLicenseId":"Salesforce"}|0x7f2c3127
16:48:08.0 (14851222)|VARIABLE_ASSIGNMENT|[EXTERNAL]|value|"2016-03-20 15:41:12"
16:48:08.0 (14859294)|VARIABLE_ASSIGNMENT|[1053]|this.createdDate|"2016-03-20 15:41:12"|0x7f2c3127
16:48:08.0 (14873173)|CONSTRUCTOR_EXIT|[165]|01p36000005Jpvx|<init>(String,String,String,String,String,String,String)
16:48:08.0 (14896762)|VARIABLE_ASSIGNMENT|[165]|pSetObj|{"apiName":"PermissionSet_Test","createdDate":"2016-03-20 15:41:12","description":"This is for testing  (11 more) ...","id":"0PS36000000q71PGAQ","label":"PermissionSet_Test","namespacePrefix":"shiva15testns","userLicenseId":"Salesforce"}|0x7f2c3127
16:48:08.0 (14904399)|STATEMENT_EXECUTE|[167]
16:48:08.0 (14920647)|ENTERING_MANAGED_PKG|
16:48:08.0 (14945985)|HEAP_ALLOCATE|[EXTERNAL]|Bytes:4
16:48:08.0 (14954264)|STATEMENT_EXECUTE|[168]
16:48:08.0 (15113485)|HEAP_ALLOCATE|[168]|Bytes:24
16:48:08.0 (15134791)|ENTERING_MANAGED_PKG|
16:48:08.0 (15200062)|HEAP_ALLOCATE|[168]|Bytes:231
16:48:08.0 (15220683)|HEAP_ALLOCATE|[168]|Bytes:255
16:48:08.0 (15247038)|ENTERING_MANAGED_PKG|
16:48:08.0 (15260057)|USER_DEBUG|[168]|ERROR|The PermissionSet Name: PermissionSet:{Id=0PS36000000q71PGAQ, Label=PermissionSet_Test, Name=PermissionSet_Test, Description=This is for testing Description, NamespacePrefix=shiva15testns, UserLicenseId=10036000000eSpyAAE, CreatedDate=2016-03-20 22:41:12}
16:48:08.0 (15278503)|HEAP_ALLOCATE|[162]|Bytes:5
16:48:08.0 (15292135)|VARIABLE_ASSIGNMENT|[162]|PSetName|null|
16:48:08.0 (15295834)|STATEMENT_EXECUTE|[171]
16:48:08.0 (15306531)|SYSTEM_MODE_EXIT|false
16:48:08.15 (15350166)|CUMULATIVE_LIMIT_USAGE
16:48:08.15 (15350166)|LIMIT_USAGE_FOR_NS|(default)|
  Number of SOQL queries: 0 out of 100
  Number of query rows: 0 out of 50000
  Number of SOSL queries: 0 out of 20
  Number of DML statements: 0 out of 150
  Number of DML rows: 0 out of 10000
  Maximum CPU time: 0 out of 10000
  Maximum heap size: 0 out of 6000000
  Number of callouts: 0 out of 100
  Number of Email Invocations: 0 out of 10
  Number of future calls: 0 out of 50
  Number of queueable jobs added to the queue: 0 out of 50
  Number of Mobile Apex push calls: 0 out of 10

16:48:08.15 (15350166)|LIMIT_USAGE_FOR_NS|shiva15testns|
  Number of SOQL queries: 2 out of 100
  Number of query rows: 38 out of 50000
  Number of SOSL queries: 0 out of 20
  Number of DML statements: 0 out of 150
  Number of DML rows: 0 out of 10000
  Maximum CPU time: 0 out of 10000
  Maximum heap size: 0 out of 6000000
  Number of callouts: 0 out of 100
  Number of Email Invocations: 0 out of 10
  Number of future calls: 0 out of 50
  Number of queueable jobs added to the queue: 0 out of 50
  Number of Mobile Apex push calls: 0 out of 10

16:48:08.15 (15350166)|CUMULATIVE_LIMIT_USAGE_END

16:48:08.0 (15401598)|CODE_UNIT_FINISHED|PermissionSetPortalControllers.getAllPermissionSets
16:48:08.0 (17190835)|EXECUTION_FINISHED
16:48:08.19 (19261236)|EXECUTION_STARTED
16:48:08.19 (19271113)|CODE_UNIT_STARTED|[EXTERNAL]|Aura
16:48:08.19 (19313696)|CODE_UNIT_FINISHED|Aura
16:48:08.19 (20338035)|EXECUTION_FINISHED
