36.0 APEX_CODE,FINEST;APEX_PROFILING,INFO;CALLOUT,INFO;DB,INFO;SYSTEM,DEBUG;VALIDATION,INFO;VISUALFORCE,INFO;WORKFLOW,INFO
11:47:15.1 (1231807)|HEAP_ALLOCATE|[72]|Bytes:3
11:47:15.1 (1322866)|HEAP_ALLOCATE|[77]|Bytes:152
11:47:15.1 (1342769)|HEAP_ALLOCATE|[342]|Bytes:408
11:47:15.1 (1358869)|HEAP_ALLOCATE|[355]|Bytes:408
11:47:15.1 (1373028)|HEAP_ALLOCATE|[467]|Bytes:48
11:47:15.4 (4495605)|STATEMENT_EXECUTE|[1]
11:47:15.4 (4538433)|HEAP_ALLOCATE|[50]|Bytes:5
11:47:15.4 (4567344)|HEAP_ALLOCATE|[56]|Bytes:5
11:47:15.4 (4576098)|HEAP_ALLOCATE|[64]|Bytes:7
11:47:15.4 (4605086)|SYSTEM_MODE_ENTER|false
11:47:15.4 (4631422)|HEAP_ALLOCATE|[9]|Bytes:5
11:47:15.4 (4636474)|STATEMENT_EXECUTE|[9]
11:47:15.4 (4645392)|HEAP_ALLOCATE|[9]|Bytes:4
11:47:15.4 (4669464)|ENTERING_MANAGED_PKG|
11:47:15.4 (4787818)|VARIABLE_ASSIGNMENT|[9]|PermissionSetPortalControllers.contactsField|{"s":1,"v":[]}|0x560b3dcd
11:47:15.4 (4793455)|STATEMENT_EXECUTE|[10]
11:47:15.4 (4798787)|HEAP_ALLOCATE|[10]|Bytes:4
11:47:15.4 (4812871)|ENTERING_MANAGED_PKG|
11:47:15.4 (4848199)|VARIABLE_ASSIGNMENT|[10]|PermissionSetPortalControllers.accountField|{"s":1,"v":[]}|0x3bc77d99
11:47:15.4 (4852639)|STATEMENT_EXECUTE|[983]
11:47:15.4 (4854123)|STATEMENT_EXECUTE|[1012]
11:47:15.4 (4855414)|STATEMENT_EXECUTE|[1040]
11:47:15.4 (4856481)|STATEMENT_EXECUTE|[1069]
11:47:15.4 (4857477)|STATEMENT_EXECUTE|[1085]
11:47:15.4 (4858460)|STATEMENT_EXECUTE|[1102]
11:47:15.4 (4859641)|STATEMENT_EXECUTE|[1113]
11:47:15.4 (4860690)|STATEMENT_EXECUTE|[1118]
11:47:15.4 (4871376)|SYSTEM_MODE_EXIT|false
11:47:15.4 (4884733)|METHOD_EXIT|[1]|PermissionSetPortalControllers
11:47:15.4 (4890824)|HEAP_ALLOCATE|[EXTERNAL]|Bytes:25
11:47:15.4 (4893590)|HEAP_ALLOCATE|[EXTERNAL]|Bytes:25
11:47:15.4 (4894897)|HEAP_ALLOCATE|[EXTERNAL]|Bytes:18
11:47:15.4 (4896141)|HEAP_ALLOCATE|[EXTERNAL]|Bytes:9
11:47:15.4 (4902940)|SYSTEM_MODE_ENTER|false
11:47:15.4 (4912960)|VARIABLE_SCOPE_BEGIN|[678]|pSet_label|String|false|false
11:47:15.4 (4926026)|VARIABLE_ASSIGNMENT|[678]|pSet_label|"Permissions_Set_Test (5 more) ..."
11:47:15.4 (4929224)|VARIABLE_SCOPE_BEGIN|[678]|pSet_name|String|false|false
11:47:15.4 (4933403)|VARIABLE_ASSIGNMENT|[678]|pSet_name|"Permissions_Set_Test (5 more) ..."
11:47:15.4 (4936012)|VARIABLE_SCOPE_BEGIN|[678]|pSet_UserLicenseId|String|false|false
11:47:15.4 (4940596)|VARIABLE_ASSIGNMENT|[678]|pSet_UserLicenseId|"10036000000eSpyAAE"
11:47:15.4 (4943092)|VARIABLE_SCOPE_BEGIN|[678]|pSet_Description|String|false|false
11:47:15.4 (4946163)|VARIABLE_ASSIGNMENT|[678]|pSet_Description|"Per Descp"
11:47:15.4 (4961179)|HEAP_ALLOCATE|[679]|Bytes:5
11:47:15.4 (4965374)|STATEMENT_EXECUTE|[678]
11:47:15.4 (4966820)|STATEMENT_EXECUTE|[679]
11:47:15.4 (4967788)|STATEMENT_EXECUTE|[679]
11:47:15.4 (4969015)|STATEMENT_EXECUTE|[680]
11:47:15.4 (4996068)|HEAP_ALLOCATE|[680]|Bytes:4
11:47:15.4 (5132941)|VARIABLE_SCOPE_BEGIN|[680]|pSetObj|PermissionSet|true|false
11:47:15.4 (5155146)|VARIABLE_ASSIGNMENT|[680]|pSetObj|{}|0x1caf1d54
11:47:15.4 (5158788)|STATEMENT_EXECUTE|[681]
11:47:15.4 (6217239)|VARIABLE_ASSIGNMENT|[681]|this.Label|"Permissions_Set_Test (5 more) ..."|0x1caf1d54
11:47:15.4 (6222811)|STATEMENT_EXECUTE|[682]
11:47:15.4 (6270474)|VARIABLE_ASSIGNMENT|[682]|this.Name|"Permissions_Set_Test (5 more) ..."|0x1caf1d54
11:47:15.4 (6274575)|STATEMENT_EXECUTE|[683]
11:47:15.4 (6290533)|HEAP_ALLOCATE|[683]|Bytes:4
11:47:15.4 (6361311)|VARIABLE_ASSIGNMENT|[683]|this.UserLicenseId|"10036000000eSpyAAE"|0x1caf1d54
11:47:15.4 (6365756)|STATEMENT_EXECUTE|[684]
11:47:15.4 (6408369)|VARIABLE_ASSIGNMENT|[684]|this.Description|"Per Descp"|0x1caf1d54
11:47:15.4 (6412030)|STATEMENT_EXECUTE|[685]
11:47:15.4 (6458360)|HEAP_ALLOCATE|[685]|Bytes:8
11:47:15.4 (6474625)|DML_BEGIN|[685]|Op:Insert|Type:PermissionSet|Rows:1
11:47:15.4 (6512068)|HEAP_ALLOCATE|[EXTERNAL]|Bytes:8
11:47:15.4 (135835834)|DML_END|[685]
11:47:15.4 (135872160)|STATEMENT_EXECUTE|[686]
11:47:15.4 (135895407)|HEAP_ALLOCATE|[686]|Bytes:5
11:47:15.4 (135911244)|HEAP_ALLOCATE|[686]|Bytes:5
11:47:15.4 (135927585)|SYSTEM_MODE_EXIT|false
11:47:15.146 (146073289)|CUMULATIVE_LIMIT_USAGE
11:47:15.146 (146073289)|LIMIT_USAGE_FOR_NS|(default)|
  Number of SOQL queries: 0 out of 100
  Number of query rows: 0 out of 50000
  Number of SOSL queries: 0 out of 20
  Number of DML statements: 0 out of 150
  Number of DML rows: 0 out of 10000
  Maximum CPU time: 0 out of 10000
  Maximum heap size: 0 out of 6000000
  Number of callouts: 0 out of 100
  Number of Email Invocations: 0 out of 10
  Number of future calls: 0 out of 50
  Number of queueable jobs added to the queue: 0 out of 50
  Number of Mobile Apex push calls: 0 out of 10

11:47:15.146 (146073289)|LIMIT_USAGE_FOR_NS|shiva15testns|
  Number of SOQL queries: 0 out of 100
  Number of query rows: 0 out of 50000
  Number of SOSL queries: 0 out of 20
  Number of DML statements: 1 out of 150
  Number of DML rows: 1 out of 10000
  Maximum CPU time: 0 out of 10000
  Maximum heap size: 0 out of 6000000
  Number of callouts: 0 out of 100
  Number of Email Invocations: 0 out of 10
  Number of future calls: 0 out of 50
  Number of queueable jobs added to the queue: 0 out of 50
  Number of Mobile Apex push calls: 0 out of 10

11:47:15.146 (146073289)|CUMULATIVE_LIMIT_USAGE_END

11:47:15.4 (146167275)|CODE_UNIT_FINISHED|PermissionSetPortalControllers.createNewPermissionSet
