36.0 APEX_CODE,FINEST;APEX_PROFILING,INFO;CALLOUT,INFO;DB,INFO;SYSTEM,DEBUG;VALIDATION,INFO;VISUALFORCE,INFO;WORKFLOW,INFO
11:36:36.0 (497895)|EXECUTION_STARTED
11:36:36.0 (529889)|CODE_UNIT_STARTED|[EXTERNAL]|01p36000005Jpvx|PermissionSetPortalControllers.getAllPermissionSets
11:36:36.0 (1848948)|VARIABLE_SCOPE_BEGIN|[3]|PermissionSetPortalControllers.AllPermissionSets|List<PermissionSet>|true|true
11:36:36.0 (1877247)|VARIABLE_SCOPE_BEGIN|[10]|PermissionSetPortalControllers.accountField|Set<String>|true|true
11:36:36.0 (1977715)|VARIABLE_SCOPE_BEGIN|[5]|PermissionSetPortalControllers.allObjectsOfOrg|List<shiva15testns.PermissionSetPortalControllers.ObjectDetailsClass>|true|true
11:36:36.0 (1988111)|VARIABLE_SCOPE_BEGIN|[9]|PermissionSetPortalControllers.contactsField|Set<String>|true|true
11:36:36.0 (1993290)|VARIABLE_SCOPE_BEGIN|[7]|PermissionSetPortalControllers.isNotSystemSObjectList|Set<String>|true|true
11:36:36.0 (2227566)|HEAP_ALLOCATE|[72]|Bytes:3
11:36:36.0 (2295840)|HEAP_ALLOCATE|[77]|Bytes:152
11:36:36.0 (2318392)|HEAP_ALLOCATE|[342]|Bytes:408
11:36:36.0 (2340356)|HEAP_ALLOCATE|[355]|Bytes:408
11:36:36.0 (2360245)|HEAP_ALLOCATE|[467]|Bytes:48
11:36:36.0 (2403061)|HEAP_ALLOCATE|[139]|Bytes:6
11:36:36.0 (2431067)|HEAP_ALLOCATE|[EXTERNAL]|Bytes:168
11:36:36.0 (2436309)|HEAP_ALLOCATE|[EXTERNAL]|Bytes:76
11:36:36.0 (2440004)|HEAP_ALLOCATE|[EXTERNAL]|Bytes:314
11:36:36.0 (2458668)|METHOD_ENTRY|[1]|01p36000005Jpvx|PermissionSetPortalControllers.PermissionSetPortalControllers()
11:36:36.0 (2464567)|STATEMENT_EXECUTE|[1]
11:36:36.0 (2473854)|STATEMENT_EXECUTE|[1]
11:36:36.0 (2511442)|HEAP_ALLOCATE|[50]|Bytes:5
11:36:36.0 (2539609)|HEAP_ALLOCATE|[56]|Bytes:5
11:36:36.0 (2548491)|HEAP_ALLOCATE|[64]|Bytes:7
11:36:36.0 (2577425)|SYSTEM_MODE_ENTER|false
11:36:36.0 (2599467)|HEAP_ALLOCATE|[9]|Bytes:5
11:36:36.0 (2604290)|STATEMENT_EXECUTE|[9]
11:36:36.0 (2619541)|HEAP_ALLOCATE|[9]|Bytes:4
11:36:36.0 (2673817)|ENTERING_MANAGED_PKG|
11:36:36.0 (2791590)|VARIABLE_ASSIGNMENT|[9]|PermissionSetPortalControllers.contactsField|{"s":1,"v":[]}|0x1814c105
11:36:36.0 (2797132)|STATEMENT_EXECUTE|[10]
11:36:36.0 (2804057)|HEAP_ALLOCATE|[10]|Bytes:4
11:36:36.0 (2822892)|ENTERING_MANAGED_PKG|
11:36:36.0 (2868239)|VARIABLE_ASSIGNMENT|[10]|PermissionSetPortalControllers.accountField|{"s":1,"v":[]}|0x7810a8aa
11:36:36.0 (2873254)|STATEMENT_EXECUTE|[1014]
11:36:36.0 (2874993)|STATEMENT_EXECUTE|[1043]
11:36:36.0 (2876287)|STATEMENT_EXECUTE|[1071]
11:36:36.0 (2877833)|STATEMENT_EXECUTE|[1100]
11:36:36.0 (2879119)|STATEMENT_EXECUTE|[1116]
11:36:36.0 (2880336)|STATEMENT_EXECUTE|[1133]
11:36:36.0 (2881529)|STATEMENT_EXECUTE|[1144]
11:36:36.0 (2882744)|STATEMENT_EXECUTE|[1149]
11:36:36.0 (2893275)|SYSTEM_MODE_EXIT|false
11:36:36.0 (2906452)|METHOD_EXIT|[1]|PermissionSetPortalControllers
11:36:36.0 (2915479)|SYSTEM_MODE_ENTER|false
11:36:36.0 (2932317)|HEAP_ALLOCATE|[157]|Bytes:5
11:36:36.0 (2936470)|STATEMENT_EXECUTE|[156]
11:36:36.0 (2937999)|STATEMENT_EXECUTE|[157]
11:36:36.0 (2939135)|STATEMENT_EXECUTE|[157]
11:36:36.0 (2940183)|STATEMENT_EXECUTE|[158]
11:36:36.0 (2943312)|HEAP_ALLOCATE|[158]|Bytes:99
11:36:36.0 (2957621)|HEAP_ALLOCATE|[158]|Bytes:4
11:36:36.0 (4280701)|SOQL_EXECUTE_BEGIN|[158]|Aggregations:0|SELECT Id, label, Name, Description, NamespacePrefix, UserLicenseId, CreatedDate FROM PermissionSet
11:36:36.0 (8532152)|SOQL_EXECUTE_END|[158]|Rows:42
11:36:36.0 (8553792)|HEAP_ALLOCATE|[158]|Bytes:172
11:36:36.0 (8666023)|HEAP_ALLOCATE|[158]|Bytes:7424
11:36:36.0 (8705611)|HEAP_ALLOCATE|[158]|Bytes:172
11:36:36.0 (8738667)|VARIABLE_ASSIGNMENT|[158]|PermissionSetPortalControllers.AllPermissionSets|{"s":1,"v":"List of size 42 too large to display"}|0x28a9bfe9
11:36:36.0 (8835223)|ENTERING_MANAGED_PKG|
11:36:36.0 (8874293)|STATEMENT_EXECUTE|[159]
11:36:36.0 (8876864)|STATEMENT_EXECUTE|[160]
11:36:36.0 (9000226)|VARIABLE_SCOPE_BEGIN|[160]|pSetObj|shiva15testns.PermissionSetPortalControllers.PermissionSetClass|true|false
11:36:36.0 (9014915)|VARIABLE_ASSIGNMENT|[160]|pSetObj|null|
11:36:36.0 (9017952)|STATEMENT_EXECUTE|[161]
11:36:36.0 (9025656)|HEAP_ALLOCATE|[161]|Bytes:4
11:36:36.0 (9079024)|ENTERING_MANAGED_PKG|
11:36:36.0 (9102046)|VARIABLE_SCOPE_BEGIN|[161]|permissionSetsLst|List<shiva15testns.PermissionSetPortalControllers.PermissionSetClass>|true|false
11:36:36.0 (9128096)|HEAP_ALLOCATE|[EXTERNAL]|Bytes:4
11:36:36.0 (9141415)|VARIABLE_ASSIGNMENT|[161]|permissionSetsLst|{"s":1,"v":[]}|0x6006ccd
11:36:36.0 (9160785)|ENTERING_MANAGED_PKG|
11:36:36.0 (9401023)|HEAP_ALLOCATE|[162]|Bytes:5
11:36:36.0 (9446414)|HEAP_ALLOCATE|[162]|Bytes:28
11:36:36.0 (9459708)|VARIABLE_SCOPE_BEGIN|[162]|PSetName|PermissionSet|true|false
11:36:36.0 (9526004)|VARIABLE_ASSIGNMENT|[162]|PSetName|{"s":1,"v":{"Id":"0PS36000000KFvSGAW","Label":"random","Name":"random","NamespacePrefix":"shiva15testns","UserLicenseId":"10036000000eSpyAAE","CreatedDate":"2016-04-26T00:59:56.000Z"}}|0x6abb308c
11:36:36.0 (9532406)|STATEMENT_EXECUTE|[162]
11:36:36.0 (9565087)|HEAP_ALLOCATE|[163]|Bytes:3
11:36:36.0 (9605999)|ENTERING_MANAGED_PKG|
11:36:36.0 (9659690)|STATEMENT_EXECUTE|[163]
11:36:36.0 (9662138)|STATEMENT_EXECUTE|[166]
11:36:36.0 (9668287)|HEAP_ALLOCATE|[166]|Bytes:236
11:36:36.0 (9673858)|HEAP_ALLOCATE|[166]|Bytes:39
11:36:36.0 (9696553)|HEAP_ALLOCATE|[166]|Bytes:32
11:36:36.0 (9752791)|ENTERING_MANAGED_PKG|
11:36:36.0 (9784397)|HEAP_ALLOCATE|[166]|Bytes:18
11:36:36.0 (9849745)|ENTERING_MANAGED_PKG|
11:36:36.0 (9877209)|HEAP_ALLOCATE|[166]|Bytes:19
11:36:36.0 (9921132)|CONSTRUCTOR_ENTRY|[166]|01p36000005Jpvx|<init>(String,String,String,String,String,String,String)
11:36:36.0 (9942172)|VARIABLE_SCOPE_BEGIN|[1031]|this|shiva15testns.PermissionSetPortalControllers.PermissionSetClass|true|false
11:36:36.0 (10014264)|VARIABLE_ASSIGNMENT|[1031]|this|{}|0x20407d6f
11:36:36.0 (10020928)|VARIABLE_SCOPE_BEGIN|[1031]|label|String|false|false
11:36:36.0 (10026908)|VARIABLE_ASSIGNMENT|[1031]|label|"random"
11:36:36.0 (10030368)|VARIABLE_SCOPE_BEGIN|[1031]|apiName|String|false|false
11:36:36.0 (10033999)|VARIABLE_ASSIGNMENT|[1031]|apiName|"random"
11:36:36.0 (10036698)|VARIABLE_SCOPE_BEGIN|[1031]|id|String|false|false
11:36:36.0 (10040558)|VARIABLE_ASSIGNMENT|[1031]|id|"0PS36000000KFvSGAW"
11:36:36.0 (10043521)|VARIABLE_SCOPE_BEGIN|[1031]|description|String|false|false
11:36:36.0 (10047417)|VARIABLE_ASSIGNMENT|[1031]|description|null
11:36:36.0 (10050098)|VARIABLE_SCOPE_BEGIN|[1031]|namespacePrefix|String|false|false
11:36:36.0 (10053783)|VARIABLE_ASSIGNMENT|[1031]|namespacePrefix|"shiva15testns"
11:36:36.0 (10056508)|VARIABLE_SCOPE_BEGIN|[1031]|userLicenseId|String|false|false
11:36:36.0 (10059574)|VARIABLE_ASSIGNMENT|[1031]|userLicenseId|null
11:36:36.0 (10062101)|VARIABLE_SCOPE_BEGIN|[1031]|createdDate|String|false|false
11:36:36.0 (10065689)|VARIABLE_ASSIGNMENT|[1031]|createdDate|"2016-04-25 17:59:56"
11:36:36.0 (10069294)|STATEMENT_EXECUTE|[1014]
11:36:36.0 (10070832)|STATEMENT_EXECUTE|[1017]
11:36:36.0 (10072369)|STATEMENT_EXECUTE|[1019]
11:36:36.0 (10073603)|STATEMENT_EXECUTE|[1021]
11:36:36.0 (10074748)|STATEMENT_EXECUTE|[1023]
11:36:36.0 (10076019)|STATEMENT_EXECUTE|[1025]
11:36:36.0 (10077369)|STATEMENT_EXECUTE|[1027]
11:36:36.0 (10078642)|STATEMENT_EXECUTE|[1029]
11:36:36.0 (10087148)|HEAP_ALLOCATE|[1033]|Bytes:6
11:36:36.0 (10113847)|STATEMENT_EXECUTE|[1032]
11:36:36.0 (10116123)|STATEMENT_EXECUTE|[1033]
11:36:36.0 (10202489)|VARIABLE_ASSIGNMENT|[EXTERNAL]|this|{}|0x20407d6f
11:36:36.0 (10211114)|VARIABLE_ASSIGNMENT|[EXTERNAL]|value|"random"
11:36:36.0 (10222065)|VARIABLE_ASSIGNMENT|[1017]|this.label|"random"|0x20407d6f
11:36:36.0 (10231500)|STATEMENT_EXECUTE|[1034]
11:36:36.0 (10290139)|VARIABLE_ASSIGNMENT|[EXTERNAL]|this|{"label":"random"}|0x20407d6f
11:36:36.0 (10297996)|VARIABLE_ASSIGNMENT|[EXTERNAL]|value|"random"
11:36:36.0 (10306693)|VARIABLE_ASSIGNMENT|[1019]|this.apiName|"random"|0x20407d6f
11:36:36.0 (10315258)|STATEMENT_EXECUTE|[1035]
11:36:36.0 (10372168)|VARIABLE_ASSIGNMENT|[EXTERNAL]|this|{"apiName":"random","label":"random"}|0x20407d6f
11:36:36.0 (10380132)|VARIABLE_ASSIGNMENT|[EXTERNAL]|value|"0PS36000000KFvSGAW"
11:36:36.0 (10389059)|VARIABLE_ASSIGNMENT|[1021]|this.id|"0PS36000000KFvSGAW"|0x20407d6f
11:36:36.0 (10397386)|STATEMENT_EXECUTE|[1036]
11:36:36.0 (10454634)|VARIABLE_ASSIGNMENT|[EXTERNAL]|this|{"apiName":"random","id":"0PS36000000KFvSGAW","label":"random"}|0x20407d6f
11:36:36.0 (10462937)|VARIABLE_ASSIGNMENT|[EXTERNAL]|value|null
11:36:36.0 (10470936)|VARIABLE_ASSIGNMENT|[1023]|this.description|null|0x20407d6f
11:36:36.0 (10479049)|STATEMENT_EXECUTE|[1037]
11:36:36.0 (10535866)|VARIABLE_ASSIGNMENT|[EXTERNAL]|this|{"apiName":"random","id":"0PS36000000KFvSGAW","label":"random"}|0x20407d6f
11:36:36.0 (10543748)|VARIABLE_ASSIGNMENT|[EXTERNAL]|value|"shiva15testns"
11:36:36.0 (10552423)|VARIABLE_ASSIGNMENT|[1025]|this.namespacePrefix|"shiva15testns"|0x20407d6f
11:36:36.0 (10560577)|STATEMENT_EXECUTE|[1038]
11:36:36.0 (10630976)|VARIABLE_ASSIGNMENT|[EXTERNAL]|this|{"apiName":"random","id":"0PS36000000KFvSGAW","label":"random","namespacePrefix":"shiva15testns"}|0x20407d6f
11:36:36.0 (10641021)|VARIABLE_ASSIGNMENT|[EXTERNAL]|value|null
11:36:36.0 (10649779)|VARIABLE_ASSIGNMENT|[1027]|this.userLicenseId|null|0x20407d6f
11:36:36.0 (10658916)|STATEMENT_EXECUTE|[1039]
11:36:36.0 (10717631)|VARIABLE_ASSIGNMENT|[EXTERNAL]|this|{"apiName":"random","id":"0PS36000000KFvSGAW","label":"random","namespacePrefix":"shiva15testns"}|0x20407d6f
11:36:36.0 (10725943)|VARIABLE_ASSIGNMENT|[EXTERNAL]|value|"2016-04-25 17:59:56"
11:36:36.0 (10734486)|VARIABLE_ASSIGNMENT|[1029]|this.createdDate|"2016-04-25 17:59:56"|0x20407d6f
11:36:36.0 (10749628)|CONSTRUCTOR_EXIT|[166]|01p36000005Jpvx|<init>(String,String,String,String,String,String,String)
11:36:36.0 (10771166)|VARIABLE_ASSIGNMENT|[166]|pSetObj|{"apiName":"random","createdDate":"2016-04-25 17:59:56","id":"0PS36000000KFvSGAW","label":"random","namespacePrefix":"shiva15testns"}|0x20407d6f
11:36:36.0 (10775067)|STATEMENT_EXECUTE|[167]
11:36:36.0 (10791591)|ENTERING_MANAGED_PKG|
11:36:36.0 (10825787)|HEAP_ALLOCATE|[EXTERNAL]|Bytes:4
11:36:36.0 (10836000)|STATEMENT_EXECUTE|[168]
11:36:36.0 (10997094)|HEAP_ALLOCATE|[168]|Bytes:24
11:36:36.0 (11020269)|ENTERING_MANAGED_PKG|
11:36:36.0 (11099978)|HEAP_ALLOCATE|[168]|Bytes:162
11:36:36.0 (11126974)|HEAP_ALLOCATE|[168]|Bytes:186
11:36:36.0 (11156646)|ENTERING_MANAGED_PKG|
11:36:36.0 (11182923)|USER_DEBUG|[168]|ERROR|The PermissionSet Name: PermissionSet:{Id=0PS36000000KFvSGAW, Label=random, Name=random, NamespacePrefix=shiva15testns, UserLicenseId=10036000000eSpyAAE, CreatedDate=2016-04-26 00:59:56}
11:36:36.0 (11202754)|HEAP_ALLOCATE|[162]|Bytes:5
11:36:36.0 (11226173)|HEAP_ALLOCATE|[162]|Bytes:32
11:36:36.0 (11234276)|VARIABLE_SCOPE_BEGIN|[162]|PSetName|PermissionSet|true|false
11:36:36.0 (11269860)|VARIABLE_ASSIGNMENT|[162]|PSetName|{"s":1,"v":{"Id":"0PS36000000KhGKGA0","Label":"test1label","Name":"test1name","Description":"test Description 1","NamespacePrefix":"shiva15testns","UserLicenseId":"10036000000eSpyAAE","CreatedDate":"2016-04-27T01:22:31.000Z"}}|0x274c12a2
11:36:36.0 (11275676)|STATEMENT_EXECUTE|[162]
11:36:36.0 (11301079)|ENTERING_MANAGED_PKG|
11:36:36.0 (11312193)|STATEMENT_EXECUTE|[163]
11:36:36.0 (11313934)|STATEMENT_EXECUTE|[166]
11:36:36.0 (11319044)|HEAP_ALLOCATE|[166]|Bytes:32
11:36:36.0 (11338156)|ENTERING_MANAGED_PKG|
11:36:36.0 (11342247)|HEAP_ALLOCATE|[166]|Bytes:18
11:36:36.0 (11384856)|ENTERING_MANAGED_PKG|
11:36:36.0 (11399283)|HEAP_ALLOCATE|[166]|Bytes:19
11:36:36.0 (11424236)|CONSTRUCTOR_ENTRY|[166]|01p36000005Jpvx|<init>(String,String,String,String,String,String,String)
11:36:36.0 (11430426)|VARIABLE_SCOPE_BEGIN|[1031]|this|shiva15testns.PermissionSetPortalControllers.PermissionSetClass|true|false
11:36:36.0 (11451461)|VARIABLE_ASSIGNMENT|[1031]|this|{}|0x719b8d4a
11:36:36.0 (11454087)|VARIABLE_SCOPE_BEGIN|[1031]|label|String|false|false
11:36:36.0 (11458825)|VARIABLE_ASSIGNMENT|[1031]|label|"test1label"
11:36:36.0 (11460652)|VARIABLE_SCOPE_BEGIN|[1031]|apiName|String|false|false
11:36:36.0 (11463967)|VARIABLE_ASSIGNMENT|[1031]|apiName|"test1name"
11:36:36.0 (11465606)|VARIABLE_SCOPE_BEGIN|[1031]|id|String|false|false
11:36:36.0 (11469077)|VARIABLE_ASSIGNMENT|[1031]|id|"0PS36000000KhGKGA0"
11:36:36.0 (11470707)|VARIABLE_SCOPE_BEGIN|[1031]|description|String|false|false
11:36:36.0 (11474062)|VARIABLE_ASSIGNMENT|[1031]|description|"test Description 1"
11:36:36.0 (11475814)|VARIABLE_SCOPE_BEGIN|[1031]|namespacePrefix|String|false|false
11:36:36.0 (11478982)|VARIABLE_ASSIGNMENT|[1031]|namespacePrefix|"shiva15testns"
11:36:36.0 (11480716)|VARIABLE_SCOPE_BEGIN|[1031]|userLicenseId|String|false|false
11:36:36.0 (11484384)|VARIABLE_ASSIGNMENT|[1031]|userLicenseId|null
11:36:36.0 (11485961)|VARIABLE_SCOPE_BEGIN|[1031]|createdDate|String|false|false
11:36:36.0 (11489129)|VARIABLE_ASSIGNMENT|[1031]|createdDate|"2016-04-26 18:22:31"
11:36:36.0 (11492011)|STATEMENT_EXECUTE|[1014]
11:36:36.0 (11493316)|STATEMENT_EXECUTE|[1017]
11:36:36.0 (11494626)|STATEMENT_EXECUTE|[1019]
11:36:36.0 (11495707)|STATEMENT_EXECUTE|[1021]
11:36:36.0 (11496765)|STATEMENT_EXECUTE|[1023]
11:36:36.0 (11497839)|STATEMENT_EXECUTE|[1025]
11:36:36.0 (11498863)|STATEMENT_EXECUTE|[1027]
11:36:36.0 (11499892)|STATEMENT_EXECUTE|[1029]
11:36:36.0 (11510547)|STATEMENT_EXECUTE|[1032]
11:36:36.0 (11527857)|STATEMENT_EXECUTE|[1033]
11:36:36.0 (11553376)|VARIABLE_ASSIGNMENT|[EXTERNAL]|this|{}|0x719b8d4a
11:36:36.0 (11559068)|VARIABLE_ASSIGNMENT|[EXTERNAL]|value|"test1label"
11:36:36.0 (11566304)|VARIABLE_ASSIGNMENT|[1017]|this.label|"test1label"|0x719b8d4a
11:36:36.0 (11573266)|STATEMENT_EXECUTE|[1034]
11:36:36.0 (11593610)|VARIABLE_ASSIGNMENT|[EXTERNAL]|this|{"label":"test1label"}|0x719b8d4a
11:36:36.0 (11598176)|VARIABLE_ASSIGNMENT|[EXTERNAL]|value|"test1name"
11:36:36.0 (11603991)|VARIABLE_ASSIGNMENT|[1019]|this.apiName|"test1name"|0x719b8d4a
11:36:36.0 (11614350)|STATEMENT_EXECUTE|[1035]
11:36:36.0 (11635906)|VARIABLE_ASSIGNMENT|[EXTERNAL]|this|{"apiName":"test1name","label":"test1label"}|0x719b8d4a
11:36:36.0 (11640856)|VARIABLE_ASSIGNMENT|[EXTERNAL]|value|"0PS36000000KhGKGA0"
11:36:36.0 (11647084)|VARIABLE_ASSIGNMENT|[1021]|this.id|"0PS36000000KhGKGA0"|0x719b8d4a
11:36:36.0 (11653135)|STATEMENT_EXECUTE|[1036]
11:36:36.0 (11673968)|VARIABLE_ASSIGNMENT|[EXTERNAL]|this|{"apiName":"test1name","id":"0PS36000000KhGKGA0","label":"test1label"}|0x719b8d4a
11:36:36.0 (11679344)|VARIABLE_ASSIGNMENT|[EXTERNAL]|value|"test Description 1"
11:36:36.0 (11685112)|VARIABLE_ASSIGNMENT|[1023]|this.description|"test Description 1"|0x719b8d4a
11:36:36.0 (11691148)|STATEMENT_EXECUTE|[1037]
11:36:36.0 (11712712)|VARIABLE_ASSIGNMENT|[EXTERNAL]|this|{"apiName":"test1name","description":"test Description 1","id":"0PS36000000KhGKGA0","label":"test1label"}|0x719b8d4a
11:36:36.0 (11717974)|VARIABLE_ASSIGNMENT|[EXTERNAL]|value|"shiva15testns"
11:36:36.0 (11723867)|VARIABLE_ASSIGNMENT|[1025]|this.namespacePrefix|"shiva15testns"|0x719b8d4a
11:36:36.0 (11729934)|STATEMENT_EXECUTE|[1038]
11:36:36.0 (11751810)|VARIABLE_ASSIGNMENT|[EXTERNAL]|this|{"apiName":"test1name","description":"test Description 1","id":"0PS36000000KhGKGA0","label":"test1label","namespacePrefix":"shiva15testns"}|0x719b8d4a
11:36:36.0 (11757872)|VARIABLE_ASSIGNMENT|[EXTERNAL]|value|null
11:36:36.0 (11763940)|VARIABLE_ASSIGNMENT|[1027]|this.userLicenseId|null|0x719b8d4a
11:36:36.0 (11770212)|STATEMENT_EXECUTE|[1039]
11:36:36.0 (11792543)|VARIABLE_ASSIGNMENT|[EXTERNAL]|this|{"apiName":"test1name","description":"test Description 1","id":"0PS36000000KhGKGA0","label":"test1label","namespacePrefix":"shiva15testns"}|0x719b8d4a
11:36:36.0 (11797706)|VARIABLE_ASSIGNMENT|[EXTERNAL]|value|"2016-04-26 18:22:31"
11:36:36.0 (11803741)|VARIABLE_ASSIGNMENT|[1029]|this.createdDate|"2016-04-26 18:22:31"|0x719b8d4a
11:36:36.0 (11816501)|CONSTRUCTOR_EXIT|[166]|01p36000005Jpvx|<init>(String,String,String,String,String,String,String)
11:36:36.0 (11837525)|VARIABLE_ASSIGNMENT|[166]|pSetObj|{"apiName":"test1name","createdDate":"2016-04-26 18:22:31","description":"test Description 1","id":"0PS36000000KhGKGA0","label":"test1label","namespacePrefix":"shiva15testns"}|0x719b8d4a
11:36:36.0 (11841249)|STATEMENT_EXECUTE|[167]
11:36:36.0 (11853750)|ENTERING_MANAGED_PKG|
11:36:36.0 (11863270)|HEAP_ALLOCATE|[EXTERNAL]|Bytes:4
11:36:36.0 (11870543)|STATEMENT_EXECUTE|[168]
11:36:36.0 (11885953)|ENTERING_MANAGED_PKG|
11:36:36.0 (11932494)|HEAP_ALLOCATE|[168]|Bytes:201
11:36:36.0 (11949734)|HEAP_ALLOCATE|[168]|Bytes:225
11:36:36.0 (11963298)|ENTERING_MANAGED_PKG|
11:36:36.0 (11978069)|USER_DEBUG|[168]|ERROR|The PermissionSet Name: PermissionSet:{Id=0PS36000000KhGKGA0, Label=test1label, Name=test1name, Description=test Description 1, NamespacePrefix=shiva15testns, UserLicenseId=10036000000eSpyAAE, CreatedDate=2016-04-27 01:22:31}
11:36:36.0 (11996896)|HEAP_ALLOCATE|[162]|Bytes:5
11:36:36.0 (12019954)|HEAP_ALLOCATE|[162]|Bytes:32
11:36:36.0 (12028678)|VARIABLE_SCOPE_BEGIN|[162]|PSetName|PermissionSet|true|false
11:36:36.0 (12063373)|VARIABLE_ASSIGNMENT|[162]|PSetName|{"s":1,"v":{"Id":"0PS36000000KhI0GAK","Label":"test1ONElabel","Name":"test1ONEname","Description":"test Description 1","NamespacePrefix":"shiva15testns","UserLicenseId":"10036000000eSpyAAE","CreatedDate":"2016-04-27T01:26:38.000Z"}}|0x660670f3
11:36:36.0 (12068433)|STATEMENT_EXECUTE|[162]
11:36:36.0 (12093026)|ENTERING_MANAGED_PKG|
11:36:36.0 (12103868)|STATEMENT_EXECUTE|[163]
11:36:36.0 (12105508)|STATEMENT_EXECUTE|[166]
11:36:36.0 (12110675)|HEAP_ALLOCATE|[166]|Bytes:32
11:36:36.0 (12129396)|ENTERING_MANAGED_PKG|
11:36:36.0 (12133378)|HEAP_ALLOCATE|[166]|Bytes:18
11:36:36.0 (12158264)|ENTERING_MANAGED_PKG|
11:36:36.0 (12171595)|HEAP_ALLOCATE|[166]|Bytes:19
11:36:36.0 (12195466)|CONSTRUCTOR_ENTRY|[166]|01p36000005Jpvx|<init>(String,String,String,String,String,String,String)
11:36:36.0 (12201319)|VARIABLE_SCOPE_BEGIN|[1031]|this|shiva15testns.PermissionSetPortalControllers.PermissionSetClass|true|false
11:36:36.0 (12221938)|VARIABLE_ASSIGNMENT|[1031]|this|{}|0x3bfb3fc9
11:36:36.0 (12224525)|VARIABLE_SCOPE_BEGIN|[1031]|label|String|false|false
11:36:36.0 (12229146)|VARIABLE_ASSIGNMENT|[1031]|label|"test1ONElabel"
11:36:36.0 (12230965)|VARIABLE_SCOPE_BEGIN|[1031]|apiName|String|false|false
11:36:36.0 (12234070)|VARIABLE_ASSIGNMENT|[1031]|apiName|"test1ONEname"
11:36:36.0 (12235767)|VARIABLE_SCOPE_BEGIN|[1031]|id|String|false|false
11:36:36.0 (12239102)|VARIABLE_ASSIGNMENT|[1031]|id|"0PS36000000KhI0GAK"
11:36:36.0 (12240749)|VARIABLE_SCOPE_BEGIN|[1031]|description|String|false|false
11:36:36.0 (12243939)|VARIABLE_ASSIGNMENT|[1031]|description|"test Description 1"
11:36:36.0 (12245784)|VARIABLE_SCOPE_BEGIN|[1031]|namespacePrefix|String|false|false
11:36:36.0 (12248796)|VARIABLE_ASSIGNMENT|[1031]|namespacePrefix|"shiva15testns"
11:36:36.0 (12250561)|VARIABLE_SCOPE_BEGIN|[1031]|userLicenseId|String|false|false
11:36:36.0 (12254188)|VARIABLE_ASSIGNMENT|[1031]|userLicenseId|null
11:36:36.0 (12255789)|VARIABLE_SCOPE_BEGIN|[1031]|createdDate|String|false|false
11:36:36.0 (12258920)|VARIABLE_ASSIGNMENT|[1031]|createdDate|"2016-04-26 18:26:38"
11:36:36.0 (12261798)|STATEMENT_EXECUTE|[1014]
11:36:36.0 (12263114)|STATEMENT_EXECUTE|[1017]
11:36:36.0 (12264497)|STATEMENT_EXECUTE|[1019]
11:36:36.0 (12265528)|STATEMENT_EXECUTE|[1021]
11:36:36.0 (12266594)|STATEMENT_EXECUTE|[1023]
11:36:36.0 (12267632)|STATEMENT_EXECUTE|[1025]
11:36:36.0 (12268649)|STATEMENT_EXECUTE|[1027]
11:36:36.0 (12269673)|STATEMENT_EXECUTE|[1029]
11:36:36.0 (12280308)|STATEMENT_EXECUTE|[1032]
11:36:36.0 (12281942)|STATEMENT_EXECUTE|[1033]
11:36:36.0 (12302290)|VARIABLE_ASSIGNMENT|[EXTERNAL]|this|{}|0x3bfb3fc9
11:36:36.0 (12307699)|VARIABLE_ASSIGNMENT|[EXTERNAL]|value|"test1ONElabel"
11:36:36.0 (12314265)|VARIABLE_ASSIGNMENT|[1017]|this.label|"test1ONElabel"|0x3bfb3fc9
11:36:36.0 (12320636)|STATEMENT_EXECUTE|[1034]
11:36:36.0 (12340609)|VARIABLE_ASSIGNMENT|[EXTERNAL]|this|{"label":"test1ONElabel"}|0x3bfb3fc9
11:36:36.0 (12345148)|VARIABLE_ASSIGNMENT|[EXTERNAL]|value|"test1ONEname"
11:36:36.0 (12351041)|VARIABLE_ASSIGNMENT|[1019]|this.apiName|"test1ONEname"|0x3bfb3fc9
11:36:36.0 (12357039)|STATEMENT_EXECUTE|[1035]
11:36:36.0 (12377288)|VARIABLE_ASSIGNMENT|[EXTERNAL]|this|{"apiName":"test1ONEname","label":"test1ONElabel"}|0x3bfb3fc9
11:36:36.0 (12382053)|VARIABLE_ASSIGNMENT|[EXTERNAL]|value|"0PS36000000KhI0GAK"
11:36:36.0 (12388047)|VARIABLE_ASSIGNMENT|[1021]|this.id|"0PS36000000KhI0GAK"|0x3bfb3fc9
11:36:36.0 (12393996)|STATEMENT_EXECUTE|[1036]
11:36:36.0 (12414450)|VARIABLE_ASSIGNMENT|[EXTERNAL]|this|{"apiName":"test1ONEname","id":"0PS36000000KhI0GAK","label":"test1ONElabel"}|0x3bfb3fc9
11:36:36.0 (12419326)|VARIABLE_ASSIGNMENT|[EXTERNAL]|value|"test Description 1"
11:36:36.0 (12425444)|VARIABLE_ASSIGNMENT|[1023]|this.description|"test Description 1"|0x3bfb3fc9
11:36:36.0 (12431628)|STATEMENT_EXECUTE|[1037]
11:36:36.0 (12453198)|VARIABLE_ASSIGNMENT|[EXTERNAL]|this|{"apiName":"test1ONEname","description":"test Description 1","id":"0PS36000000KhI0GAK","label":"test1ONElabel"}|0x3bfb3fc9
11:36:36.0 (12458331)|VARIABLE_ASSIGNMENT|[EXTERNAL]|value|"shiva15testns"
11:36:36.0 (12464247)|VARIABLE_ASSIGNMENT|[1025]|this.namespacePrefix|"shiva15testns"|0x3bfb3fc9
11:36:36.0 (12470324)|STATEMENT_EXECUTE|[1038]
11:36:36.0 (12492674)|VARIABLE_ASSIGNMENT|[EXTERNAL]|this|{"apiName":"test1ONEname","description":"test Description 1","id":"0PS36000000KhI0GAK","label":"test1ONElabel","namespacePrefix":"shiva15testns"}|0x3bfb3fc9
11:36:36.0 (12498649)|VARIABLE_ASSIGNMENT|[EXTERNAL]|value|null
11:36:36.0 (12504803)|VARIABLE_ASSIGNMENT|[1027]|this.userLicenseId|null|0x3bfb3fc9
11:36:36.0 (12511117)|STATEMENT_EXECUTE|[1039]
11:36:36.0 (12533693)|VARIABLE_ASSIGNMENT|[EXTERNAL]|this|{"apiName":"test1ONEname","description":"test Description 1","id":"0PS36000000KhI0GAK","label":"test1ONElabel","namespacePrefix":"shiva15testns"}|0x3bfb3fc9
11:36:36.0 (12538797)|VARIABLE_ASSIGNMENT|[EXTERNAL]|value|"2016-04-26 18:26:38"
11:36:36.0 (12544816)|VARIABLE_ASSIGNMENT|[1029]|this.createdDate|"2016-04-26 18:26:38"|0x3bfb3fc9
11:36:36.0 (12557385)|CONSTRUCTOR_EXIT|[166]|01p36000005Jpvx|<init>(String,String,String,String,String,String,String)
11:36:36.0 (12578291)|VARIABLE_ASSIGNMENT|[166]|pSetObj|{"apiName":"test1ONEname","createdDate":"2016-04-26 18:26:38","description":"test Description 1","id":"0PS36000000KhI0GAK","label":"test1ONElabel","namespacePrefix":"shiva15testns"}|0x3bfb3fc9
11:36:36.0 (12581826)|STATEMENT_EXECUTE|[167]
11:36:36.0 (12594004)|ENTERING_MANAGED_PKG|
11:36:36.0 (12603187)|HEAP_ALLOCATE|[EXTERNAL]|Bytes:4
11:36:36.0 (12614600)|STATEMENT_EXECUTE|[168]
11:36:36.0 (12630330)|ENTERING_MANAGED_PKG|
11:36:36.0 (12676758)|HEAP_ALLOCATE|[168]|Bytes:207
11:36:36.0 (12693835)|HEAP_ALLOCATE|[168]|Bytes:231
11:36:36.0 (12707247)|ENTERING_MANAGED_PKG|
11:36:36.0 (12722045)|USER_DEBUG|[168]|ERROR|The PermissionSet Name: PermissionSet:{Id=0PS36000000KhI0GAK, Label=test1ONElabel, Name=test1ONEname, Description=test Description 1, NamespacePrefix=shiva15testns, UserLicenseId=10036000000eSpyAAE, CreatedDate=2016-04-27 01:26:38}
11:36:36.0 (12740775)|HEAP_ALLOCATE|[162]|Bytes:5
11:36:36.0 (12763335)|HEAP_ALLOCATE|[162]|Bytes:32
11:36:36.0 (12771002)|VARIABLE_SCOPE_BEGIN|[162]|PSetName|PermissionSet|true|false
11:36:36.0 (12804799)|VARIABLE_ASSIGNMENT|[162]|PSetName|{"s":1,"v":{"Id":"0PS36000000KlvMGAS","Label":"test_name","Name":"test_name","Description":"test desc","NamespacePrefix":"shiva15testns","UserLicenseId":"10036000000eSpyAAE","CreatedDate":"2016-04-27T09:47:35.000Z"}}|0x6241e4fe
11:36:36.0 (12809854)|STATEMENT_EXECUTE|[162]
11:36:36.0 (12834345)|ENTERING_MANAGED_PKG|
11:36:36.0 (12845089)|STATEMENT_EXECUTE|[163]
11:36:36.0 (12846769)|STATEMENT_EXECUTE|[166]
11:36:36.0 (12851603)|HEAP_ALLOCATE|[166]|Bytes:32
11:36:36.0 (12870047)|ENTERING_MANAGED_PKG|
11:36:36.0 (12874103)|HEAP_ALLOCATE|[166]|Bytes:18
11:36:36.0 (12898812)|ENTERING_MANAGED_PKG|
11:36:36.0 (12912104)|HEAP_ALLOCATE|[166]|Bytes:19
11:36:36.0 (12936075)|CONSTRUCTOR_ENTRY|[166]|01p36000005Jpvx|<init>(String,String,String,String,String,String,String)
11:36:36.0 (12941780)|VARIABLE_SCOPE_BEGIN|[1031]|this|shiva15testns.PermissionSetPortalControllers.PermissionSetClass|true|false
11:36:36.0 (12962179)|VARIABLE_ASSIGNMENT|[1031]|this|{}|0xfd01789
11:36:36.0 (12964747)|VARIABLE_SCOPE_BEGIN|[1031]|label|String|false|false
11:36:36.0 (12969481)|VARIABLE_ASSIGNMENT|[1031]|label|"test_name"
11:36:36.0 (12971211)|VARIABLE_SCOPE_BEGIN|[1031]|apiName|String|false|false
11:36:36.0 (12974217)|VARIABLE_ASSIGNMENT|[1031]|apiName|"test_name"
11:36:36.0 (12975762)|VARIABLE_SCOPE_BEGIN|[1031]|id|String|false|false
11:36:36.0 (12979105)|VARIABLE_ASSIGNMENT|[1031]|id|"0PS36000000KlvMGAS"
11:36:36.0 (12980685)|VARIABLE_SCOPE_BEGIN|[1031]|description|String|false|false
11:36:36.0 (12984053)|VARIABLE_ASSIGNMENT|[1031]|description|"test desc"
11:36:36.0 (12985646)|VARIABLE_SCOPE_BEGIN|[1031]|namespacePrefix|String|false|false
11:36:36.0 (12988703)|VARIABLE_ASSIGNMENT|[1031]|namespacePrefix|"shiva15testns"
11:36:36.0 (12990548)|VARIABLE_SCOPE_BEGIN|[1031]|userLicenseId|String|false|false
11:36:36.0 (12994297)|VARIABLE_ASSIGNMENT|[1031]|userLicenseId|null
11:36:36.0 (12995917)|VARIABLE_SCOPE_BEGIN|[1031]|createdDate|String|false|false
11:36:36.0 (12999203)|VARIABLE_ASSIGNMENT|[1031]|createdDate|"2016-04-27 02:47:35"
11:36:36.0 (13002010)|STATEMENT_EXECUTE|[1014]
11:36:36.0 (13003963)|STATEMENT_EXECUTE|[1017]
11:36:36.0 (13005260)|STATEMENT_EXECUTE|[1019]
11:36:36.0 (13006316)|STATEMENT_EXECUTE|[1021]
11:36:36.0 (13007400)|STATEMENT_EXECUTE|[1023]
11:36:36.0 (13008470)|STATEMENT_EXECUTE|[1025]
11:36:36.0 (13009494)|STATEMENT_EXECUTE|[1027]
11:36:36.0 (13010534)|STATEMENT_EXECUTE|[1029]
11:36:36.0 (13020983)|STATEMENT_EXECUTE|[1032]
11:36:36.0 (13022559)|STATEMENT_EXECUTE|[1033]
11:36:36.0 (13042867)|VARIABLE_ASSIGNMENT|[EXTERNAL]|this|{}|0xfd01789
11:36:36.0 (13048098)|VARIABLE_ASSIGNMENT|[EXTERNAL]|value|"test_name"
11:36:36.0 (13054778)|VARIABLE_ASSIGNMENT|[1017]|this.label|"test_name"|0xfd01789
11:36:36.0 (13061259)|STATEMENT_EXECUTE|[1034]
11:36:36.0 (13081690)|VARIABLE_ASSIGNMENT|[EXTERNAL]|this|{"label":"test_name"}|0xfd01789
11:36:36.0 (13086352)|VARIABLE_ASSIGNMENT|[EXTERNAL]|value|"test_name"
11:36:36.0 (13092062)|VARIABLE_ASSIGNMENT|[1019]|this.apiName|"test_name"|0xfd01789
11:36:36.0 (13098440)|STATEMENT_EXECUTE|[1035]
11:36:36.0 (13118337)|VARIABLE_ASSIGNMENT|[EXTERNAL]|this|{"apiName":"test_name","label":"test_name"}|0xfd01789
11:36:36.0 (13123131)|VARIABLE_ASSIGNMENT|[EXTERNAL]|value|"0PS36000000KlvMGAS"
11:36:36.0 (13129128)|VARIABLE_ASSIGNMENT|[1021]|this.id|"0PS36000000KlvMGAS"|0xfd01789
11:36:36.0 (13135182)|STATEMENT_EXECUTE|[1036]
11:36:36.0 (13155521)|VARIABLE_ASSIGNMENT|[EXTERNAL]|this|{"apiName":"test_name","id":"0PS36000000KlvMGAS","label":"test_name"}|0xfd01789
11:36:36.0 (13160440)|VARIABLE_ASSIGNMENT|[EXTERNAL]|value|"test desc"
11:36:36.0 (13166016)|VARIABLE_ASSIGNMENT|[1023]|this.description|"test desc"|0xfd01789
11:36:36.0 (13171896)|STATEMENT_EXECUTE|[1037]
11:36:36.0 (13192689)|VARIABLE_ASSIGNMENT|[EXTERNAL]|this|{"apiName":"test_name","description":"test desc","id":"0PS36000000KlvMGAS","label":"test_name"}|0xfd01789
11:36:36.0 (13198061)|VARIABLE_ASSIGNMENT|[EXTERNAL]|value|"shiva15testns"
11:36:36.0 (13203851)|VARIABLE_ASSIGNMENT|[1025]|this.namespacePrefix|"shiva15testns"|0xfd01789
11:36:36.0 (13209863)|STATEMENT_EXECUTE|[1038]
11:36:36.0 (13231394)|VARIABLE_ASSIGNMENT|[EXTERNAL]|this|{"apiName":"test_name","description":"test desc","id":"0PS36000000KlvMGAS","label":"test_name","namespacePrefix":"shiva15testns"}|0xfd01789
11:36:36.0 (13237501)|VARIABLE_ASSIGNMENT|[EXTERNAL]|value|null
11:36:36.0 (13243459)|VARIABLE_ASSIGNMENT|[1027]|this.userLicenseId|null|0xfd01789
11:36:36.0 (13249372)|STATEMENT_EXECUTE|[1039]
11:36:36.0 (13271581)|VARIABLE_ASSIGNMENT|[EXTERNAL]|this|{"apiName":"test_name","description":"test desc","id":"0PS36000000KlvMGAS","label":"test_name","namespacePrefix":"shiva15testns"}|0xfd01789
11:36:36.0 (13276943)|VARIABLE_ASSIGNMENT|[EXTERNAL]|value|"2016-04-27 02:47:35"
11:36:36.0 (13283660)|VARIABLE_ASSIGNMENT|[1029]|this.createdDate|"2016-04-27 02:47:35"|0xfd01789
11:36:36.0 (13296333)|CONSTRUCTOR_EXIT|[166]|01p36000005Jpvx|<init>(String,String,String,String,String,String,String)
11:36:36.0 (13316929)|VARIABLE_ASSIGNMENT|[166]|pSetObj|{"apiName":"test_name","createdDate":"2016-04-27 02:47:35","description":"test desc","id":"0PS36000000KlvMGAS","label":"test_name","namespacePrefix":"shiva15testns"}|0xfd01789
11:36:36.0 (13320587)|STATEMENT_EXECUTE|[167]
11:36:36.0 (13332468)|ENTERING_MANAGED_PKG|
11:36:36.0 (13341493)|HEAP_ALLOCATE|[EXTERNAL]|Bytes:4
11:36:36.0 (13348712)|STATEMENT_EXECUTE|[168]
11:36:36.0 (13363742)|ENTERING_MANAGED_PKG|
11:36:36.0 (13409289)|HEAP_ALLOCATE|[168]|Bytes:191
11:36:36.0 (13425858)|HEAP_ALLOCATE|[168]|Bytes:215
11:36:36.0 (13438947)|ENTERING_MANAGED_PKG|
11:36:36.0 (13453530)|USER_DEBUG|[168]|ERROR|The PermissionSet Name: PermissionSet:{Id=0PS36000000KlvMGAS, Label=test_name, Name=test_name, Description=test desc, NamespacePrefix=shiva15testns, UserLicenseId=10036000000eSpyAAE, CreatedDate=2016-04-27 09:47:35}
11:36:36.0 (13472066)|HEAP_ALLOCATE|[162]|Bytes:5
11:36:36.0 (13494785)|HEAP_ALLOCATE|[162]|Bytes:28
11:36:36.0 (13502391)|VARIABLE_SCOPE_BEGIN|[162]|PSetName|PermissionSet|true|false
11:36:36.0 (13535855)|VARIABLE_ASSIGNMENT|[162]|PSetName|{"s":1,"v":{"Id":"0PS36000000mmnFGAQ","Label":"00e1a000000MWa8AAG","Name":"X00e1a000000MWa8AAG","NamespacePrefix":"shiva15testns","UserLicenseId":"10036000000eSpzAAE","CreatedDate":"2016-03-08T19:00:02.000Z"}}|0x514d976a
11:36:36.0 (13540942)|STATEMENT_EXECUTE|[162]
11:36:36.0 (13564855)|ENTERING_MANAGED_PKG|
11:36:36.0 (13575503)|STATEMENT_EXECUTE|[163]
11:36:36.0 (13586632)|HEAP_ALLOCATE|[162]|Bytes:5
11:36:36.0 (13611257)|HEAP_ALLOCATE|[162]|Bytes:28
11:36:36.0 (13619094)|VARIABLE_SCOPE_BEGIN|[162]|PSetName|PermissionSet|true|false
11:36:36.0 (13652795)|VARIABLE_ASSIGNMENT|[162]|PSetName|{"s":1,"v":{"Id":"0PS36000000mmnGGAQ","Label":"00ex00000018ozl_128_ (10 more) ...","Name":"X00ex00000018ozl_128 (11 more) ...","NamespacePrefix":"shiva15testns","UserLicenseId":"10036000000eSpyAAE","CreatedDate":"2016-03-08T19:00:02.000Z"}}|0x165356e3
11:36:36.0 (13658189)|STATEMENT_EXECUTE|[162]
11:36:36.0 (13681993)|ENTERING_MANAGED_PKG|
11:36:36.0 (13692383)|STATEMENT_EXECUTE|[163]
11:36:36.0 (13703554)|HEAP_ALLOCATE|[162]|Bytes:5
11:36:36.0 (13724259)|HEAP_ALLOCATE|[162]|Bytes:28
11:36:36.0 (13731390)|VARIABLE_SCOPE_BEGIN|[162]|PSetName|PermissionSet|true|false
11:36:36.0 (13763925)|VARIABLE_ASSIGNMENT|[162]|PSetName|{"s":1,"v":{"Id":"0PS36000000mmnHGAQ","Label":"00ex00000018ozm_128_ (10 more) ...","Name":"X00ex00000018ozm_128 (11 more) ...","NamespacePrefix":"shiva15testns","UserLicenseId":"10036000000eSpyAAE","CreatedDate":"2016-03-08T19:00:02.000Z"}}|0x43073d32
11:36:36.0 (13769038)|STATEMENT_EXECUTE|[162]
11:36:36.0 (13792402)|ENTERING_MANAGED_PKG|
11:36:36.0 (13802674)|STATEMENT_EXECUTE|[163]
11:36:36.0 (13813634)|HEAP_ALLOCATE|[162]|Bytes:5
11:36:36.0 (13833727)|HEAP_ALLOCATE|[162]|Bytes:28
11:36:36.0 (13840624)|VARIABLE_SCOPE_BEGIN|[162]|PSetName|PermissionSet|true|false
11:36:36.0 (13872081)|VARIABLE_ASSIGNMENT|[162]|PSetName|{"s":1,"v":{"Id":"0PS36000000mmnIGAQ","Label":"00ex00000018ozk_128_ (10 more) ...","Name":"X00ex00000018ozk_128 (11 more) ...","NamespacePrefix":"shiva15testns","UserLicenseId":"10036000000eSpyAAE","CreatedDate":"2016-03-08T19:00:02.000Z"}}|0x2e8c57b8
11:36:36.0 (13876512)|STATEMENT_EXECUTE|[162]
11:36:36.0 (13899806)|ENTERING_MANAGED_PKG|
11:36:36.0 (13910124)|STATEMENT_EXECUTE|[163]
11:36:36.0 (13921100)|HEAP_ALLOCATE|[162]|Bytes:5
11:36:36.0 (13941173)|HEAP_ALLOCATE|[162]|Bytes:28
11:36:36.0 (13948211)|VARIABLE_SCOPE_BEGIN|[162]|PSetName|PermissionSet|true|false
11:36:36.0 (13979489)|VARIABLE_ASSIGNMENT|[162]|PSetName|{"s":1,"v":{"Id":"0PS36000000mmnJGAQ","Label":"00ex00000018ozj_128_ (10 more) ...","Name":"X00ex00000018ozj_128 (11 more) ...","NamespacePrefix":"shiva15testns","UserLicenseId":"10036000000eSpyAAE","CreatedDate":"2016-03-08T19:00:02.000Z"}}|0x13c763c4
11:36:36.0 (13984583)|STATEMENT_EXECUTE|[162]
11:36:36.0 (14007864)|ENTERING_MANAGED_PKG|
11:36:36.0 (14019375)|STATEMENT_EXECUTE|[163]
11:36:36.0 (14030264)|HEAP_ALLOCATE|[162]|Bytes:5
11:36:36.0 (14050415)|HEAP_ALLOCATE|[162]|Bytes:28
11:36:36.0 (14057250)|VARIABLE_SCOPE_BEGIN|[162]|PSetName|PermissionSet|true|false
11:36:36.0 (14088330)|VARIABLE_ASSIGNMENT|[162]|PSetName|{"s":1,"v":{"Id":"0PS36000000mmnKGAQ","Label":"00ex00000018ozo_128_ (10 more) ...","Name":"X00ex00000018ozo_128 (11 more) ...","NamespacePrefix":"shiva15testns","UserLicenseId":"10036000000eSpyAAE","CreatedDate":"2016-03-08T19:00:02.000Z"}}|0x1fafdb11
11:36:36.0 (14092763)|STATEMENT_EXECUTE|[162]
11:36:36.0 (14116014)|ENTERING_MANAGED_PKG|
11:36:36.0 (14126338)|STATEMENT_EXECUTE|[163]
11:36:36.0 (14137176)|HEAP_ALLOCATE|[162]|Bytes:5
11:36:36.0 (14157089)|HEAP_ALLOCATE|[162]|Bytes:28
11:36:36.0 (14163923)|VARIABLE_SCOPE_BEGIN|[162]|PSetName|PermissionSet|true|false
11:36:36.0 (14194671)|VARIABLE_ASSIGNMENT|[162]|PSetName|{"s":1,"v":{"Id":"0PS36000000mmnLGAQ","Label":"00ex00000018ozh_128_ (10 more) ...","Name":"X00ex00000018ozh_128 (11 more) ...","NamespacePrefix":"shiva15testns","UserLicenseId":"10036000000eSpyAAE","CreatedDate":"2016-03-08T19:00:02.000Z"}}|0x65bb9b7b
11:36:36.0 (14199672)|STATEMENT_EXECUTE|[162]
11:36:36.0 (14222949)|ENTERING_MANAGED_PKG|
11:36:36.0 (14233042)|STATEMENT_EXECUTE|[163]
11:36:36.0 (14243770)|HEAP_ALLOCATE|[162]|Bytes:5
11:36:36.0 (14263773)|HEAP_ALLOCATE|[162]|Bytes:28
11:36:36.0 (14270610)|VARIABLE_SCOPE_BEGIN|[162]|PSetName|PermissionSet|true|false
11:36:36.0 (14301074)|VARIABLE_ASSIGNMENT|[162]|PSetName|{"s":1,"v":{"Id":"0PS36000000mmnMGAQ","Label":"00ex00000018ozq_128_ (11 more) ...","Name":"X00ex00000018ozq_128 (12 more) ...","NamespacePrefix":"shiva15testns","UserLicenseId":"10036000000eSpyAAE","CreatedDate":"2016-03-08T19:00:02.000Z"}}|0x29c621e3
11:36:36.0 (14305579)|STATEMENT_EXECUTE|[162]
11:36:36.0 (14329001)|ENTERING_MANAGED_PKG|
11:36:36.0 (14339367)|STATEMENT_EXECUTE|[163]
11:36:36.0 (14350244)|HEAP_ALLOCATE|[162]|Bytes:5
11:36:36.0 (14370459)|HEAP_ALLOCATE|[162]|Bytes:28
11:36:36.0 (14377665)|VARIABLE_SCOPE_BEGIN|[162]|PSetName|PermissionSet|true|false
11:36:36.0 (14408334)|VARIABLE_ASSIGNMENT|[162]|PSetName|{"s":1,"v":{"Id":"0PS36000000mmnNGAQ","Label":"00ex00000018ozp_128_ (10 more) ...","Name":"X00ex00000018ozp_128 (11 more) ...","NamespacePrefix":"shiva15testns","UserLicenseId":"10036000000eSpyAAE","CreatedDate":"2016-03-08T19:00:02.000Z"}}|0x1b7ae5c
11:36:36.0 (14413475)|STATEMENT_EXECUTE|[162]
11:36:36.0 (14436884)|ENTERING_MANAGED_PKG|
11:36:36.0 (14446981)|STATEMENT_EXECUTE|[163]
11:36:36.0 (14457722)|HEAP_ALLOCATE|[162]|Bytes:5
11:36:36.0 (14477763)|HEAP_ALLOCATE|[162]|Bytes:28
11:36:36.0 (14484785)|VARIABLE_SCOPE_BEGIN|[162]|PSetName|PermissionSet|true|false
11:36:36.0 (14515166)|VARIABLE_ASSIGNMENT|[162]|PSetName|{"s":1,"v":{"Id":"0PS36000000mmnOGAQ","Label":"00ex00000018ozn_128_ (10 more) ...","Name":"X00ex00000018ozn_128 (11 more) ...","NamespacePrefix":"shiva15testns","UserLicenseId":"10036000000eSpyAAE","CreatedDate":"2016-03-08T19:00:02.000Z"}}|0x60a18a28
11:36:36.0 (14519946)|STATEMENT_EXECUTE|[162]
11:36:36.0 (14543329)|ENTERING_MANAGED_PKG|
11:36:36.0 (14553416)|STATEMENT_EXECUTE|[163]
11:36:36.0 (14564162)|HEAP_ALLOCATE|[162]|Bytes:5
11:36:36.0 (14584217)|HEAP_ALLOCATE|[162]|Bytes:28
11:36:36.0 (14591206)|VARIABLE_SCOPE_BEGIN|[162]|PSetName|PermissionSet|true|false
11:36:36.0 (14625296)|VARIABLE_ASSIGNMENT|[162]|PSetName|{"s":1,"v":{"Id":"0PS36000000mmnPGAQ","Label":"00e1a000000MWa9AAG","Name":"X00e1a000000MWa9AAG","NamespacePrefix":"shiva15testns","UserLicenseId":"10036000000eSq0AAE","CreatedDate":"2016-03-08T19:00:02.000Z"}}|0x59f8a504
11:36:36.0 (14630279)|STATEMENT_EXECUTE|[162]
11:36:36.0 (14654000)|ENTERING_MANAGED_PKG|
11:36:36.0 (14664444)|STATEMENT_EXECUTE|[163]
11:36:36.0 (14675513)|HEAP_ALLOCATE|[162]|Bytes:5
11:36:36.0 (14695648)|HEAP_ALLOCATE|[162]|Bytes:28
11:36:36.0 (14702568)|VARIABLE_SCOPE_BEGIN|[162]|PSetName|PermissionSet|true|false
11:36:36.0 (14732352)|VARIABLE_ASSIGNMENT|[162]|PSetName|{"s":1,"v":{"Id":"0PS36000000mmnQGAQ","Label":"00e1a000000MWaBAAW","Name":"X00e1a000000MWaBAAW","NamespacePrefix":"shiva15testns","UserLicenseId":"10036000000eSq2AAE","CreatedDate":"2016-03-08T19:00:02.000Z"}}|0x41a95ee1
11:36:36.0 (14737219)|STATEMENT_EXECUTE|[162]
11:36:36.0 (14760527)|ENTERING_MANAGED_PKG|
11:36:36.0 (14770673)|STATEMENT_EXECUTE|[163]
11:36:36.0 (14781491)|HEAP_ALLOCATE|[162]|Bytes:5
11:36:36.0 (14801350)|HEAP_ALLOCATE|[162]|Bytes:28
11:36:36.0 (14808295)|VARIABLE_SCOPE_BEGIN|[162]|PSetName|PermissionSet|true|false
11:36:36.0 (14837929)|VARIABLE_ASSIGNMENT|[162]|PSetName|{"s":1,"v":{"Id":"0PS36000000mmnRGAQ","Label":"00e1a000000MWaCAAW","Name":"X00e1a000000MWaCAAW","NamespacePrefix":"shiva15testns","UserLicenseId":"10036000000eSq3AAE","CreatedDate":"2016-03-08T19:00:02.000Z"}}|0x7dd0cdc6
11:36:36.0 (14842904)|STATEMENT_EXECUTE|[162]
11:36:36.0 (14866028)|ENTERING_MANAGED_PKG|
11:36:36.0 (14876114)|STATEMENT_EXECUTE|[163]
11:36:36.0 (14886857)|HEAP_ALLOCATE|[162]|Bytes:5
11:36:36.0 (14906744)|HEAP_ALLOCATE|[162]|Bytes:28
11:36:36.0 (14913581)|VARIABLE_SCOPE_BEGIN|[162]|PSetName|PermissionSet|true|false
11:36:36.0 (14942956)|VARIABLE_ASSIGNMENT|[162]|PSetName|{"s":1,"v":{"Id":"0PS36000000mmnSGAQ","Label":"00e1a000000MWaDAAW","Name":"X00e1a000000MWaDAAW","NamespacePrefix":"shiva15testns","UserLicenseId":"10036000000eSq4AAE","CreatedDate":"2016-03-08T19:00:02.000Z"}}|0x114cf89e
11:36:36.0 (14947353)|STATEMENT_EXECUTE|[162]
11:36:36.0 (14970380)|ENTERING_MANAGED_PKG|
11:36:36.0 (14980382)|STATEMENT_EXECUTE|[163]
11:36:36.0 (14991250)|HEAP_ALLOCATE|[162]|Bytes:5
11:36:36.0 (15011507)|HEAP_ALLOCATE|[162]|Bytes:28
11:36:36.0 (15019099)|VARIABLE_SCOPE_BEGIN|[162]|PSetName|PermissionSet|true|false
11:36:36.0 (15048381)|VARIABLE_ASSIGNMENT|[162]|PSetName|{"s":1,"v":{"Id":"0PS36000000mmnTGAQ","Label":"00e1a000000MWaEAAW","Name":"X00e1a000000MWaEAAW","NamespacePrefix":"shiva15testns","UserLicenseId":"10036000000eSq5AAE","CreatedDate":"2016-03-08T19:00:02.000Z"}}|0xd00af36
11:36:36.0 (15052989)|STATEMENT_EXECUTE|[162]
11:36:36.0 (15076270)|ENTERING_MANAGED_PKG|
11:36:36.0 (15086531)|STATEMENT_EXECUTE|[163]
11:36:36.0 (15097313)|HEAP_ALLOCATE|[162]|Bytes:5
11:36:36.0 (15117177)|HEAP_ALLOCATE|[162]|Bytes:28
11:36:36.0 (15124080)|VARIABLE_SCOPE_BEGIN|[162]|PSetName|PermissionSet|true|false
11:36:36.0 (15153306)|VARIABLE_ASSIGNMENT|[162]|PSetName|{"s":1,"v":{"Id":"0PS36000000mmnUGAQ","Label":"00e1a000000MWaFAAW","Name":"X00e1a000000MWaFAAW","NamespacePrefix":"shiva15testns","UserLicenseId":"10036000000eSq6AAE","CreatedDate":"2016-03-08T19:00:02.000Z"}}|0x6d5b621
11:36:36.0 (15157763)|STATEMENT_EXECUTE|[162]
11:36:36.0 (15181027)|ENTERING_MANAGED_PKG|
11:36:36.0 (15191189)|STATEMENT_EXECUTE|[163]
11:36:36.0 (15202032)|HEAP_ALLOCATE|[162]|Bytes:5
11:36:36.0 (15222081)|HEAP_ALLOCATE|[162]|Bytes:28
11:36:36.0 (15229004)|VARIABLE_SCOPE_BEGIN|[162]|PSetName|PermissionSet|true|false
11:36:36.0 (15258306)|VARIABLE_ASSIGNMENT|[162]|PSetName|{"s":1,"v":{"Id":"0PS36000000mmnVGAQ","Label":"00e1a000000MWaGAAW","Name":"X00e1a000000MWaGAAW","NamespacePrefix":"shiva15testns","UserLicenseId":"10036000000eSq7AAE","CreatedDate":"2016-03-08T19:00:02.000Z"}}|0x7d90f5c0
11:36:36.0 (15263445)|STATEMENT_EXECUTE|[162]
11:36:36.0 (15286660)|ENTERING_MANAGED_PKG|
11:36:36.0 (15296965)|STATEMENT_EXECUTE|[163]
11:36:36.0 (15307676)|HEAP_ALLOCATE|[162]|Bytes:5
11:36:36.0 (15327678)|HEAP_ALLOCATE|[162]|Bytes:28
11:36:36.0 (15334520)|VARIABLE_SCOPE_BEGIN|[162]|PSetName|PermissionSet|true|false
11:36:36.0 (15363754)|VARIABLE_ASSIGNMENT|[162]|PSetName|{"s":1,"v":{"Id":"0PS36000000mmnWGAQ","Label":"00e1a000000MWaHAAW","Name":"X00e1a000000MWaHAAW","NamespacePrefix":"shiva15testns","UserLicenseId":"10036000000eSq8AAE","CreatedDate":"2016-03-08T19:00:02.000Z"}}|0xb6e6ae4
11:36:36.0 (15368229)|STATEMENT_EXECUTE|[162]
11:36:36.0 (15391342)|ENTERING_MANAGED_PKG|
11:36:36.0 (15401590)|STATEMENT_EXECUTE|[163]
11:36:36.0 (15412440)|HEAP_ALLOCATE|[162]|Bytes:5
11:36:36.0 (15432506)|HEAP_ALLOCATE|[162]|Bytes:28
11:36:36.0 (15439677)|VARIABLE_SCOPE_BEGIN|[162]|PSetName|PermissionSet|true|false
11:36:36.0 (15468935)|VARIABLE_ASSIGNMENT|[162]|PSetName|{"s":1,"v":{"Id":"0PS36000000mmnXGAQ","Label":"00e1a000000MWaIAAW","Name":"X00e1a000000MWaIAAW","NamespacePrefix":"shiva15testns","UserLicenseId":"10036000000eSq9AAE","CreatedDate":"2016-03-08T19:00:02.000Z"}}|0x39f1da0
11:36:36.0 (15473597)|STATEMENT_EXECUTE|[162]
11:36:36.0 (15496844)|ENTERING_MANAGED_PKG|
11:36:36.0 (15506975)|STATEMENT_EXECUTE|[163]
11:36:36.0 (15517838)|HEAP_ALLOCATE|[162]|Bytes:5
11:36:36.0 (15537836)|HEAP_ALLOCATE|[162]|Bytes:28
11:36:36.0 (15544583)|VARIABLE_SCOPE_BEGIN|[162]|PSetName|PermissionSet|true|false
11:36:36.0 (15574026)|VARIABLE_ASSIGNMENT|[162]|PSetName|{"s":1,"v":{"Id":"0PS36000000mmnYGAQ","Label":"00e1a000000MWaJAAW","Name":"X00e1a000000MWaJAAW","NamespacePrefix":"shiva15testns","UserLicenseId":"10036000000eSqAAAU","CreatedDate":"2016-03-08T19:00:02.000Z"}}|0x2850c74c
11:36:36.0 (15578551)|STATEMENT_EXECUTE|[162]
11:36:36.0 (15601826)|ENTERING_MANAGED_PKG|
11:36:36.0 (15626348)|STATEMENT_EXECUTE|[163]
11:36:36.0 (15638763)|HEAP_ALLOCATE|[162]|Bytes:5
11:36:36.0 (15660204)|HEAP_ALLOCATE|[162]|Bytes:28
11:36:36.0 (15667148)|VARIABLE_SCOPE_BEGIN|[162]|PSetName|PermissionSet|true|false
11:36:36.0 (15697439)|VARIABLE_ASSIGNMENT|[162]|PSetName|{"s":1,"v":{"Id":"0PS36000000mmnZGAQ","Label":"00e1a000000MWaKAAW","Name":"X00e1a000000MWaKAAW","NamespacePrefix":"shiva15testns","UserLicenseId":"10036000000eSqBAAU","CreatedDate":"2016-03-08T19:00:02.000Z"}}|0x52141973
11:36:36.0 (15701952)|STATEMENT_EXECUTE|[162]
11:36:36.0 (15725350)|ENTERING_MANAGED_PKG|
11:36:36.0 (15735518)|STATEMENT_EXECUTE|[163]
11:36:36.0 (15746261)|HEAP_ALLOCATE|[162]|Bytes:5
11:36:36.0 (15766337)|HEAP_ALLOCATE|[162]|Bytes:28
11:36:36.0 (15773056)|VARIABLE_SCOPE_BEGIN|[162]|PSetName|PermissionSet|true|false
11:36:36.0 (15802662)|VARIABLE_ASSIGNMENT|[162]|PSetName|{"s":1,"v":{"Id":"0PS36000000mmnaGAA","Label":"00e1a000000MWaLAAW","Name":"X00e1a000000MWaLAAW","NamespacePrefix":"shiva15testns","UserLicenseId":"10036000000eSqCAAU","CreatedDate":"2016-03-08T19:00:02.000Z"}}|0x2ad5709f
11:36:36.0 (15807605)|STATEMENT_EXECUTE|[162]
11:36:36.0 (15830923)|ENTERING_MANAGED_PKG|
11:36:36.0 (15841207)|STATEMENT_EXECUTE|[163]
11:36:36.0 (15851995)|HEAP_ALLOCATE|[162]|Bytes:5
11:36:36.0 (15871898)|HEAP_ALLOCATE|[162]|Bytes:28
11:36:36.0 (15878679)|VARIABLE_SCOPE_BEGIN|[162]|PSetName|PermissionSet|true|false
11:36:36.0 (15911439)|VARIABLE_ASSIGNMENT|[162]|PSetName|{"s":1,"v":{"Id":"0PS36000000mmnbGAA","Label":"00e1a000000MWaMAAW","Name":"X00e1a000000MWaMAAW","NamespacePrefix":"shiva15testns","UserLicenseId":"10036000000eSqDAAU","CreatedDate":"2016-03-08T19:00:02.000Z"}}|0x515c1a78
11:36:36.0 (15916085)|STATEMENT_EXECUTE|[162]
11:36:36.0 (15939506)|ENTERING_MANAGED_PKG|
11:36:36.0 (15949719)|STATEMENT_EXECUTE|[163]
11:36:36.0 (15960619)|HEAP_ALLOCATE|[162]|Bytes:5
11:36:36.0 (15980784)|HEAP_ALLOCATE|[162]|Bytes:28
11:36:36.0 (15987679)|VARIABLE_SCOPE_BEGIN|[162]|PSetName|PermissionSet|true|false
11:36:36.0 (16016956)|VARIABLE_ASSIGNMENT|[162]|PSetName|{"s":1,"v":{"Id":"0PS36000000mmncGAA","Label":"00e1a000000MWaNAAW","Name":"X00e1a000000MWaNAAW","NamespacePrefix":"shiva15testns","UserLicenseId":"10036000000eSqEAAU","CreatedDate":"2016-03-08T19:00:02.000Z"}}|0x7f18cdb8
11:36:36.0 (16022348)|STATEMENT_EXECUTE|[162]
11:36:36.0 (16045518)|ENTERING_MANAGED_PKG|
11:36:36.0 (16055670)|STATEMENT_EXECUTE|[163]
11:36:36.0 (16066450)|HEAP_ALLOCATE|[162]|Bytes:5
11:36:36.0 (16086330)|HEAP_ALLOCATE|[162]|Bytes:28
11:36:36.0 (16093187)|VARIABLE_SCOPE_BEGIN|[162]|PSetName|PermissionSet|true|false
11:36:36.0 (16122494)|VARIABLE_ASSIGNMENT|[162]|PSetName|{"s":1,"v":{"Id":"0PS36000000mmndGAA","Label":"00e1a000000MWaOAAW","Name":"X00e1a000000MWaOAAW","NamespacePrefix":"shiva15testns","UserLicenseId":"10036000000eSqFAAU","CreatedDate":"2016-03-08T19:00:02.000Z"}}|0xdb58ca9
11:36:36.0 (16126979)|STATEMENT_EXECUTE|[162]
11:36:36.0 (16150107)|ENTERING_MANAGED_PKG|
11:36:36.0 (16160256)|STATEMENT_EXECUTE|[163]
11:36:36.0 (16170984)|HEAP_ALLOCATE|[162]|Bytes:5
11:36:36.0 (16191057)|HEAP_ALLOCATE|[162]|Bytes:28
11:36:36.0 (16197903)|VARIABLE_SCOPE_BEGIN|[162]|PSetName|PermissionSet|true|false
11:36:36.0 (16227167)|VARIABLE_ASSIGNMENT|[162]|PSetName|{"s":1,"v":{"Id":"0PS36000000mmneGAA","Label":"00e1a000000MWaPAAW","Name":"X00e1a000000MWaPAAW","NamespacePrefix":"shiva15testns","UserLicenseId":"10036000000eSqGAAU","CreatedDate":"2016-03-08T19:00:02.000Z"}}|0xc654408
11:36:36.0 (16231858)|STATEMENT_EXECUTE|[162]
11:36:36.0 (16254862)|ENTERING_MANAGED_PKG|
11:36:36.0 (16265573)|STATEMENT_EXECUTE|[163]
11:36:36.0 (16276689)|HEAP_ALLOCATE|[162]|Bytes:5
11:36:36.0 (16297101)|HEAP_ALLOCATE|[162]|Bytes:28
11:36:36.0 (16303864)|VARIABLE_SCOPE_BEGIN|[162]|PSetName|PermissionSet|true|false
11:36:36.0 (16332949)|VARIABLE_ASSIGNMENT|[162]|PSetName|{"s":1,"v":{"Id":"0PS36000000mmnfGAA","Label":"00e1a000000MWaQAAW","Name":"X00e1a000000MWaQAAW","NamespacePrefix":"shiva15testns","UserLicenseId":"10036000000eSqHAAU","CreatedDate":"2016-03-08T19:00:02.000Z"}}|0x3ddb1026
11:36:36.0 (16337395)|STATEMENT_EXECUTE|[162]
11:36:36.0 (16360617)|ENTERING_MANAGED_PKG|
11:36:36.0 (16371045)|STATEMENT_EXECUTE|[163]
11:36:36.0 (16381888)|HEAP_ALLOCATE|[162]|Bytes:5
11:36:36.0 (16401950)|HEAP_ALLOCATE|[162]|Bytes:28
11:36:36.0 (16408706)|VARIABLE_SCOPE_BEGIN|[162]|PSetName|PermissionSet|true|false
11:36:36.0 (16438106)|VARIABLE_ASSIGNMENT|[162]|PSetName|{"s":1,"v":{"Id":"0PS36000000mmngGAA","Label":"00e1a000000MWaRAAW","Name":"X00e1a000000MWaRAAW","NamespacePrefix":"shiva15testns","UserLicenseId":"10036000000eSqIAAU","CreatedDate":"2016-03-08T19:00:02.000Z"}}|0x4976f28
11:36:36.0 (16442695)|STATEMENT_EXECUTE|[162]
11:36:36.0 (16465649)|ENTERING_MANAGED_PKG|
11:36:36.0 (16475988)|STATEMENT_EXECUTE|[163]
11:36:36.0 (16486777)|HEAP_ALLOCATE|[162]|Bytes:5
11:36:36.0 (16506772)|HEAP_ALLOCATE|[162]|Bytes:28
11:36:36.0 (16513548)|VARIABLE_SCOPE_BEGIN|[162]|PSetName|PermissionSet|true|false
11:36:36.0 (16542896)|VARIABLE_ASSIGNMENT|[162]|PSetName|{"s":1,"v":{"Id":"0PS36000000mmnhGAA","Label":"00e1a000000MWaSAAW","Name":"X00e1a000000MWaSAAW","NamespacePrefix":"shiva15testns","UserLicenseId":"10036000000eSqJAAU","CreatedDate":"2016-03-08T19:00:02.000Z"}}|0x25667bd7
11:36:36.0 (16547595)|STATEMENT_EXECUTE|[162]
11:36:36.0 (16571186)|ENTERING_MANAGED_PKG|
11:36:36.0 (16581574)|STATEMENT_EXECUTE|[163]
11:36:36.0 (16592339)|HEAP_ALLOCATE|[162]|Bytes:5
11:36:36.0 (16615960)|HEAP_ALLOCATE|[162]|Bytes:28
11:36:36.0 (16623395)|VARIABLE_SCOPE_BEGIN|[162]|PSetName|PermissionSet|true|false
11:36:36.0 (16652901)|VARIABLE_ASSIGNMENT|[162]|PSetName|{"s":1,"v":{"Id":"0PS36000000mmniGAA","Label":"00e1a000000MWaTAAW","Name":"X00e1a000000MWaTAAW","NamespacePrefix":"shiva15testns","UserLicenseId":"10036000000eSqJAAU","CreatedDate":"2016-03-08T19:00:02.000Z"}}|0x3053e77
11:36:36.0 (16657546)|STATEMENT_EXECUTE|[162]
11:36:36.0 (16680909)|ENTERING_MANAGED_PKG|
11:36:36.0 (16690993)|STATEMENT_EXECUTE|[163]
11:36:36.0 (16701883)|HEAP_ALLOCATE|[162]|Bytes:5
11:36:36.0 (16722314)|HEAP_ALLOCATE|[162]|Bytes:28
11:36:36.0 (16729135)|VARIABLE_SCOPE_BEGIN|[162]|PSetName|PermissionSet|true|false
11:36:36.0 (16758339)|VARIABLE_ASSIGNMENT|[162]|PSetName|{"s":1,"v":{"Id":"0PS36000000mmnjGAA","Label":"00e1a000000MWaUAAW","Name":"X00e1a000000MWaUAAW","NamespacePrefix":"shiva15testns","UserLicenseId":"10036000000eSqKAAU","CreatedDate":"2016-03-08T19:00:02.000Z"}}|0x66ba4411
11:36:36.0 (16762944)|STATEMENT_EXECUTE|[162]
11:36:36.0 (16786358)|ENTERING_MANAGED_PKG|
11:36:36.0 (16796576)|STATEMENT_EXECUTE|[163]
11:36:36.0 (16807264)|HEAP_ALLOCATE|[162]|Bytes:5
11:36:36.0 (16827315)|HEAP_ALLOCATE|[162]|Bytes:28
11:36:36.0 (16834060)|VARIABLE_SCOPE_BEGIN|[162]|PSetName|PermissionSet|true|false
11:36:36.0 (16863447)|VARIABLE_ASSIGNMENT|[162]|PSetName|{"s":1,"v":{"Id":"0PS36000000mmnlGAA","Label":"00e1a000000N1LRAA0","Name":"X00e1a000000N1LRAA0","NamespacePrefix":"shiva15testns","UserLicenseId":"10036000000eSqLAAU","CreatedDate":"2016-03-08T19:00:02.000Z"}}|0x59eb99c1
11:36:36.0 (16867953)|STATEMENT_EXECUTE|[162]
11:36:36.0 (16891231)|ENTERING_MANAGED_PKG|
11:36:36.0 (16901522)|STATEMENT_EXECUTE|[163]
11:36:36.0 (16912379)|HEAP_ALLOCATE|[162]|Bytes:5
11:36:36.0 (16932588)|HEAP_ALLOCATE|[162]|Bytes:28
11:36:36.0 (16939429)|VARIABLE_SCOPE_BEGIN|[162]|PSetName|PermissionSet|true|false
11:36:36.0 (16968550)|VARIABLE_ASSIGNMENT|[162]|PSetName|{"s":1,"v":{"Id":"0PS36000000mmnmGAA","Label":"00e1a000000N1LSAA0","Name":"X00e1a000000N1LSAA0","NamespacePrefix":"shiva15testns","UserLicenseId":"10036000000eSqMAAU","CreatedDate":"2016-03-08T19:00:02.000Z"}}|0x4f45e9e8
11:36:36.0 (16972879)|STATEMENT_EXECUTE|[162]
11:36:36.0 (16996072)|ENTERING_MANAGED_PKG|
11:36:36.0 (17006252)|STATEMENT_EXECUTE|[163]
11:36:36.0 (17017720)|HEAP_ALLOCATE|[162]|Bytes:5
11:36:36.0 (17037616)|HEAP_ALLOCATE|[162]|Bytes:28
11:36:36.0 (17044444)|VARIABLE_SCOPE_BEGIN|[162]|PSetName|PermissionSet|true|false
11:36:36.0 (17073551)|VARIABLE_ASSIGNMENT|[162]|PSetName|{"s":1,"v":{"Id":"0PS36000000mmnnGAA","Label":"00e1a000000N1wKAAS","Name":"X00e1a000000N1wKAAS","NamespacePrefix":"shiva15testns","UserLicenseId":"10036000000eSqNAAU","CreatedDate":"2016-03-08T19:00:02.000Z"}}|0x659990f1
11:36:36.0 (17078069)|STATEMENT_EXECUTE|[162]
11:36:36.0 (17101487)|ENTERING_MANAGED_PKG|
11:36:36.0 (17111737)|STATEMENT_EXECUTE|[163]
11:36:36.0 (17122697)|HEAP_ALLOCATE|[162]|Bytes:5
11:36:36.0 (17142694)|HEAP_ALLOCATE|[162]|Bytes:28
11:36:36.0 (17149527)|VARIABLE_SCOPE_BEGIN|[162]|PSetName|PermissionSet|true|false
11:36:36.0 (17178909)|VARIABLE_ASSIGNMENT|[162]|PSetName|{"s":1,"v":{"Id":"0PS36000000mmnoGAA","Label":"00e1a000000N1wLAAS","Name":"X00e1a000000N1wLAAS","NamespacePrefix":"shiva15testns","UserLicenseId":"10036000000eSqNAAU","CreatedDate":"2016-03-08T19:00:02.000Z"}}|0x5137ca9f
11:36:36.0 (17183455)|STATEMENT_EXECUTE|[162]
11:36:36.0 (17206922)|ENTERING_MANAGED_PKG|
11:36:36.0 (17217173)|STATEMENT_EXECUTE|[163]
11:36:36.0 (17227997)|HEAP_ALLOCATE|[162]|Bytes:5
11:36:36.0 (17248029)|HEAP_ALLOCATE|[162]|Bytes:28
11:36:36.0 (17254791)|VARIABLE_SCOPE_BEGIN|[162]|PSetName|PermissionSet|true|false
11:36:36.0 (17284280)|VARIABLE_ASSIGNMENT|[162]|PSetName|{"s":1,"v":{"Id":"0PS36000000mmnqGAA","Label":"00e1a000000MWaAAAW","Name":"X00e1a000000MWaAAAW","NamespacePrefix":"shiva15testns","UserLicenseId":"10036000000eSq1AAE","CreatedDate":"2016-03-08T19:00:02.000Z"}}|0x541774e9
11:36:36.0 (17289018)|STATEMENT_EXECUTE|[162]
11:36:36.0 (17312493)|ENTERING_MANAGED_PKG|
11:36:36.0 (17322732)|STATEMENT_EXECUTE|[163]
11:36:36.0 (17333600)|HEAP_ALLOCATE|[162]|Bytes:5
11:36:36.0 (17353582)|HEAP_ALLOCATE|[162]|Bytes:32
11:36:36.0 (17360401)|VARIABLE_SCOPE_BEGIN|[162]|PSetName|PermissionSet|true|false
11:36:36.0 (17391662)|VARIABLE_ASSIGNMENT|[162]|PSetName|{"s":1,"v":{"Id":"0PS36000000q71PGAQ","Label":"PermissionSet_Test","Name":"PermissionSet_Test","Description":"This is for testing  (11 more) ...","NamespacePrefix":"shiva15testns","UserLicenseId":"10036000000eSpyAAE","CreatedDate":"2016-03-20T22:41:12.000Z"}}|0x347ddd2a
11:36:36.0 (17396517)|STATEMENT_EXECUTE|[162]
11:36:36.0 (17419825)|ENTERING_MANAGED_PKG|
11:36:36.0 (17430292)|STATEMENT_EXECUTE|[163]
11:36:36.0 (17431934)|STATEMENT_EXECUTE|[166]
11:36:36.0 (17436690)|HEAP_ALLOCATE|[166]|Bytes:32
11:36:36.0 (17455321)|ENTERING_MANAGED_PKG|
11:36:36.0 (17459344)|HEAP_ALLOCATE|[166]|Bytes:18
11:36:36.0 (17483919)|ENTERING_MANAGED_PKG|
11:36:36.0 (17496967)|HEAP_ALLOCATE|[166]|Bytes:19
11:36:36.0 (17521124)|CONSTRUCTOR_ENTRY|[166]|01p36000005Jpvx|<init>(String,String,String,String,String,String,String)
11:36:36.0 (17527100)|VARIABLE_SCOPE_BEGIN|[1031]|this|shiva15testns.PermissionSetPortalControllers.PermissionSetClass|true|false
11:36:36.0 (17548000)|VARIABLE_ASSIGNMENT|[1031]|this|{}|0x9cd1e1d
11:36:36.0 (17550665)|VARIABLE_SCOPE_BEGIN|[1031]|label|String|false|false
11:36:36.0 (17555658)|VARIABLE_ASSIGNMENT|[1031]|label|"PermissionSet_Test"
11:36:36.0 (17557486)|VARIABLE_SCOPE_BEGIN|[1031]|apiName|String|false|false
11:36:36.0 (17560590)|VARIABLE_ASSIGNMENT|[1031]|apiName|"PermissionSet_Test"
11:36:36.0 (17562305)|VARIABLE_SCOPE_BEGIN|[1031]|id|String|false|false
11:36:36.0 (17565381)|VARIABLE_ASSIGNMENT|[1031]|id|"0PS36000000q71PGAQ"
11:36:36.0 (17566950)|VARIABLE_SCOPE_BEGIN|[1031]|description|String|false|false
11:36:36.0 (17571285)|VARIABLE_ASSIGNMENT|[1031]|description|"This is for testing  (11 more) ..."
11:36:36.0 (17573358)|VARIABLE_SCOPE_BEGIN|[1031]|namespacePrefix|String|false|false
11:36:36.0 (17576403)|VARIABLE_ASSIGNMENT|[1031]|namespacePrefix|"shiva15testns"
11:36:36.0 (17578121)|VARIABLE_SCOPE_BEGIN|[1031]|userLicenseId|String|false|false
11:36:36.0 (17581662)|VARIABLE_ASSIGNMENT|[1031]|userLicenseId|null
11:36:36.0 (17583295)|VARIABLE_SCOPE_BEGIN|[1031]|createdDate|String|false|false
11:36:36.0 (17586546)|VARIABLE_ASSIGNMENT|[1031]|createdDate|"2016-03-20 15:41:12"
11:36:36.0 (17589506)|STATEMENT_EXECUTE|[1014]
11:36:36.0 (17590863)|STATEMENT_EXECUTE|[1017]
11:36:36.0 (17592134)|STATEMENT_EXECUTE|[1019]
11:36:36.0 (17593213)|STATEMENT_EXECUTE|[1021]
11:36:36.0 (17594265)|STATEMENT_EXECUTE|[1023]
11:36:36.0 (17595379)|STATEMENT_EXECUTE|[1025]
11:36:36.0 (17596411)|STATEMENT_EXECUTE|[1027]
11:36:36.0 (17597442)|STATEMENT_EXECUTE|[1029]
11:36:36.0 (17611632)|STATEMENT_EXECUTE|[1032]
11:36:36.0 (17613366)|STATEMENT_EXECUTE|[1033]
11:36:36.0 (17634891)|VARIABLE_ASSIGNMENT|[EXTERNAL]|this|{}|0x9cd1e1d
11:36:36.0 (17640864)|VARIABLE_ASSIGNMENT|[EXTERNAL]|value|"PermissionSet_Test"
11:36:36.0 (17648359)|VARIABLE_ASSIGNMENT|[1017]|this.label|"PermissionSet_Test"|0x9cd1e1d
11:36:36.0 (17654909)|STATEMENT_EXECUTE|[1034]
11:36:36.0 (17675729)|VARIABLE_ASSIGNMENT|[EXTERNAL]|this|{"label":"PermissionSet_Test"}|0x9cd1e1d
11:36:36.0 (17680606)|VARIABLE_ASSIGNMENT|[EXTERNAL]|value|"PermissionSet_Test"
11:36:36.0 (17686452)|VARIABLE_ASSIGNMENT|[1019]|this.apiName|"PermissionSet_Test"|0x9cd1e1d
11:36:36.0 (17692576)|STATEMENT_EXECUTE|[1035]
11:36:36.0 (17713433)|VARIABLE_ASSIGNMENT|[EXTERNAL]|this|{"apiName":"PermissionSet_Test","label":"PermissionSet_Test"}|0x9cd1e1d
11:36:36.0 (17718342)|VARIABLE_ASSIGNMENT|[EXTERNAL]|value|"0PS36000000q71PGAQ"
11:36:36.0 (17724193)|VARIABLE_ASSIGNMENT|[1021]|this.id|"0PS36000000q71PGAQ"|0x9cd1e1d
11:36:36.0 (17730288)|STATEMENT_EXECUTE|[1036]
11:36:36.0 (17751589)|VARIABLE_ASSIGNMENT|[EXTERNAL]|this|{"apiName":"PermissionSet_Test","id":"0PS36000000q71PGAQ","label":"PermissionSet_Test"}|0x9cd1e1d
11:36:36.0 (17758262)|VARIABLE_ASSIGNMENT|[EXTERNAL]|value|"This is for testing  (11 more) ..."
11:36:36.0 (17765124)|VARIABLE_ASSIGNMENT|[1023]|this.description|"This is for testing  (11 more) ..."|0x9cd1e1d
11:36:36.0 (17771372)|STATEMENT_EXECUTE|[1037]
11:36:36.0 (17793889)|VARIABLE_ASSIGNMENT|[EXTERNAL]|this|{"apiName":"PermissionSet_Test","description":"This is for testing  (11 more) ...","id":"0PS36000000q71PGAQ","label":"PermissionSet_Test"}|0x9cd1e1d
11:36:36.0 (17799308)|VARIABLE_ASSIGNMENT|[EXTERNAL]|value|"shiva15testns"
11:36:36.0 (17805274)|VARIABLE_ASSIGNMENT|[1025]|this.namespacePrefix|"shiva15testns"|0x9cd1e1d
11:36:36.0 (17811407)|STATEMENT_EXECUTE|[1038]
11:36:36.0 (17834407)|VARIABLE_ASSIGNMENT|[EXTERNAL]|this|{"apiName":"PermissionSet_Test","description":"This is for testing  (11 more) ...","id":"0PS36000000q71PGAQ","label":"PermissionSet_Test","namespacePrefix":"shiva15testns"}|0x9cd1e1d
11:36:36.0 (17840424)|VARIABLE_ASSIGNMENT|[EXTERNAL]|value|null
11:36:36.0 (17846684)|VARIABLE_ASSIGNMENT|[1027]|this.userLicenseId|null|0x9cd1e1d
11:36:36.0 (17852632)|STATEMENT_EXECUTE|[1039]
11:36:36.0 (17876268)|VARIABLE_ASSIGNMENT|[EXTERNAL]|this|{"apiName":"PermissionSet_Test","description":"This is for testing  (11 more) ...","id":"0PS36000000q71PGAQ","label":"PermissionSet_Test","namespacePrefix":"shiva15testns"}|0x9cd1e1d
11:36:36.0 (17881725)|VARIABLE_ASSIGNMENT|[EXTERNAL]|value|"2016-03-20 15:41:12"
11:36:36.0 (17888005)|VARIABLE_ASSIGNMENT|[1029]|this.createdDate|"2016-03-20 15:41:12"|0x9cd1e1d
11:36:36.0 (17901087)|CONSTRUCTOR_EXIT|[166]|01p36000005Jpvx|<init>(String,String,String,String,String,String,String)
11:36:36.0 (17922825)|VARIABLE_ASSIGNMENT|[166]|pSetObj|{"apiName":"PermissionSet_Test","createdDate":"2016-03-20 15:41:12","description":"This is for testing  (11 more) ...","id":"0PS36000000q71PGAQ","label":"PermissionSet_Test","namespacePrefix":"shiva15testns"}|0x9cd1e1d
11:36:36.0 (17929897)|STATEMENT_EXECUTE|[167]
11:36:36.0 (17942914)|ENTERING_MANAGED_PKG|
11:36:36.0 (17952288)|HEAP_ALLOCATE|[EXTERNAL]|Bytes:4
11:36:36.0 (17959571)|STATEMENT_EXECUTE|[168]
11:36:36.0 (17974559)|ENTERING_MANAGED_PKG|
11:36:36.0 (18022292)|HEAP_ALLOCATE|[168]|Bytes:231
11:36:36.0 (18039665)|HEAP_ALLOCATE|[168]|Bytes:255
11:36:36.0 (18052822)|ENTERING_MANAGED_PKG|
11:36:36.0 (18068186)|USER_DEBUG|[168]|ERROR|The PermissionSet Name: PermissionSet:{Id=0PS36000000q71PGAQ, Label=PermissionSet_Test, Name=PermissionSet_Test, Description=This is for testing Description, NamespacePrefix=shiva15testns, UserLicenseId=10036000000eSpyAAE, CreatedDate=2016-03-20 22:41:12}
11:36:36.0 (18086479)|HEAP_ALLOCATE|[162]|Bytes:5
11:36:36.0 (18108564)|HEAP_ALLOCATE|[162]|Bytes:32
11:36:36.0 (18115963)|VARIABLE_SCOPE_BEGIN|[162]|PSetName|PermissionSet|true|false
11:36:36.0 (18149361)|VARIABLE_ASSIGNMENT|[162]|PSetName|{"s":1,"v":{"Id":"0PS360000015WSaGAM","Label":"Permission_Set_Name","Name":"Permission_Set_Name","Description":"Permission Set Descr (11 more) ...","NamespacePrefix":"shiva15testns","UserLicenseId":"10036000000eSpyAAE","CreatedDate":"2016-04-28T18:12:07.000Z"}}|0x1dcadd4c
11:36:36.0 (18154506)|STATEMENT_EXECUTE|[162]
11:36:36.0 (18179021)|ENTERING_MANAGED_PKG|
11:36:36.0 (18189525)|STATEMENT_EXECUTE|[163]
11:36:36.0 (18191178)|STATEMENT_EXECUTE|[166]
11:36:36.0 (18196154)|HEAP_ALLOCATE|[166]|Bytes:32
11:36:36.0 (18214352)|ENTERING_MANAGED_PKG|
11:36:36.0 (18218216)|HEAP_ALLOCATE|[166]|Bytes:18
11:36:36.0 (18242676)|ENTERING_MANAGED_PKG|
11:36:36.0 (18255760)|HEAP_ALLOCATE|[166]|Bytes:19
11:36:36.0 (18279468)|CONSTRUCTOR_ENTRY|[166]|01p36000005Jpvx|<init>(String,String,String,String,String,String,String)
11:36:36.0 (18285080)|VARIABLE_SCOPE_BEGIN|[1031]|this|shiva15testns.PermissionSetPortalControllers.PermissionSetClass|true|false
11:36:36.0 (18305445)|VARIABLE_ASSIGNMENT|[1031]|this|{}|0x249123b3
11:36:36.0 (18308059)|VARIABLE_SCOPE_BEGIN|[1031]|label|String|false|false
11:36:36.0 (18312906)|VARIABLE_ASSIGNMENT|[1031]|label|"Permission_Set_Name"
11:36:36.0 (18314715)|VARIABLE_SCOPE_BEGIN|[1031]|apiName|String|false|false
11:36:36.0 (18317910)|VARIABLE_ASSIGNMENT|[1031]|apiName|"Permission_Set_Name"
11:36:36.0 (18319582)|VARIABLE_SCOPE_BEGIN|[1031]|id|String|false|false
11:36:36.0 (18322808)|VARIABLE_ASSIGNMENT|[1031]|id|"0PS360000015WSaGAM"
11:36:36.0 (18324699)|VARIABLE_SCOPE_BEGIN|[1031]|description|String|false|false
11:36:36.0 (18328968)|VARIABLE_ASSIGNMENT|[1031]|description|"Permission Set Descr (11 more) ..."
11:36:36.0 (18330825)|VARIABLE_SCOPE_BEGIN|[1031]|namespacePrefix|String|false|false
11:36:36.0 (18333902)|VARIABLE_ASSIGNMENT|[1031]|namespacePrefix|"shiva15testns"
11:36:36.0 (18335811)|VARIABLE_SCOPE_BEGIN|[1031]|userLicenseId|String|false|false
11:36:36.0 (18339285)|VARIABLE_ASSIGNMENT|[1031]|userLicenseId|null
11:36:36.0 (18340873)|VARIABLE_SCOPE_BEGIN|[1031]|createdDate|String|false|false
11:36:36.0 (18344063)|VARIABLE_ASSIGNMENT|[1031]|createdDate|"2016-04-28 11:12:07"
11:36:36.0 (18346979)|STATEMENT_EXECUTE|[1014]
11:36:36.0 (18348243)|STATEMENT_EXECUTE|[1017]
11:36:36.0 (18349460)|STATEMENT_EXECUTE|[1019]
11:36:36.0 (18350551)|STATEMENT_EXECUTE|[1021]
11:36:36.0 (18351633)|STATEMENT_EXECUTE|[1023]
11:36:36.0 (18352753)|STATEMENT_EXECUTE|[1025]
11:36:36.0 (18353865)|STATEMENT_EXECUTE|[1027]
11:36:36.0 (18355051)|STATEMENT_EXECUTE|[1029]
11:36:36.0 (18365551)|STATEMENT_EXECUTE|[1032]
11:36:36.0 (18367163)|STATEMENT_EXECUTE|[1033]
11:36:36.0 (18387763)|VARIABLE_ASSIGNMENT|[EXTERNAL]|this|{}|0x249123b3
11:36:36.0 (18393412)|VARIABLE_ASSIGNMENT|[EXTERNAL]|value|"Permission_Set_Name"
11:36:36.0 (18400307)|VARIABLE_ASSIGNMENT|[1017]|this.label|"Permission_Set_Name"|0x249123b3
11:36:36.0 (18406825)|STATEMENT_EXECUTE|[1034]
11:36:36.0 (18427119)|VARIABLE_ASSIGNMENT|[EXTERNAL]|this|{"label":"Permission_Set_Name"}|0x249123b3
11:36:36.0 (18431773)|VARIABLE_ASSIGNMENT|[EXTERNAL]|value|"Permission_Set_Name"
11:36:36.0 (18437585)|VARIABLE_ASSIGNMENT|[1019]|this.apiName|"Permission_Set_Name"|0x249123b3
11:36:36.0 (18443534)|STATEMENT_EXECUTE|[1035]
11:36:36.0 (18464007)|VARIABLE_ASSIGNMENT|[EXTERNAL]|this|{"apiName":"Permission_Set_Name","label":"Permission_Set_Name"}|0x249123b3
11:36:36.0 (18468912)|VARIABLE_ASSIGNMENT|[EXTERNAL]|value|"0PS360000015WSaGAM"
11:36:36.0 (18474752)|VARIABLE_ASSIGNMENT|[1021]|this.id|"0PS360000015WSaGAM"|0x249123b3
11:36:36.0 (18480957)|STATEMENT_EXECUTE|[1036]
11:36:36.0 (18501962)|VARIABLE_ASSIGNMENT|[EXTERNAL]|this|{"apiName":"Permission_Set_Name","id":"0PS360000015WSaGAM","label":"Permission_Set_Name"}|0x249123b3
11:36:36.0 (18508081)|VARIABLE_ASSIGNMENT|[EXTERNAL]|value|"Permission Set Descr (11 more) ..."
11:36:36.0 (18514601)|VARIABLE_ASSIGNMENT|[1023]|this.description|"Permission Set Descr (11 more) ..."|0x249123b3
11:36:36.0 (18520828)|STATEMENT_EXECUTE|[1037]
11:36:36.0 (18542875)|VARIABLE_ASSIGNMENT|[EXTERNAL]|this|{"apiName":"Permission_Set_Name","description":"Permission Set Descr (11 more) ...","id":"0PS360000015WSaGAM","label":"Permission_Set_Name"}|0x249123b3
11:36:36.0 (18547906)|VARIABLE_ASSIGNMENT|[EXTERNAL]|value|"shiva15testns"
11:36:36.0 (18553695)|VARIABLE_ASSIGNMENT|[1025]|this.namespacePrefix|"shiva15testns"|0x249123b3
11:36:36.0 (18559753)|STATEMENT_EXECUTE|[1038]
11:36:36.0 (18582187)|VARIABLE_ASSIGNMENT|[EXTERNAL]|this|{"apiName":"Permission_Set_Name","description":"Permission Set Descr (11 more) ...","id":"0PS360000015WSaGAM","label":"Permission_Set_Name","namespacePrefix":"shiva15testns"}|0x249123b3
11:36:36.0 (18588434)|VARIABLE_ASSIGNMENT|[EXTERNAL]|value|null
11:36:36.0 (18594619)|VARIABLE_ASSIGNMENT|[1027]|this.userLicenseId|null|0x249123b3
11:36:36.0 (18600634)|STATEMENT_EXECUTE|[1039]
11:36:36.0 (18629878)|VARIABLE_ASSIGNMENT|[EXTERNAL]|this|{"apiName":"Permission_Set_Name","description":"Permission Set Descr (11 more) ...","id":"0PS360000015WSaGAM","label":"Permission_Set_Name","namespacePrefix":"shiva15testns"}|0x249123b3
11:36:36.0 (18635656)|VARIABLE_ASSIGNMENT|[EXTERNAL]|value|"2016-04-28 11:12:07"
11:36:36.0 (18641866)|VARIABLE_ASSIGNMENT|[1029]|this.createdDate|"2016-04-28 11:12:07"|0x249123b3
11:36:36.0 (18655391)|CONSTRUCTOR_EXIT|[166]|01p36000005Jpvx|<init>(String,String,String,String,String,String,String)
11:36:36.0 (18677472)|VARIABLE_ASSIGNMENT|[166]|pSetObj|{"apiName":"Permission_Set_Name","createdDate":"2016-04-28 11:12:07","description":"Permission Set Descr (11 more) ...","id":"0PS360000015WSaGAM","label":"Permission_Set_Name","namespacePrefix":"shiva15testns"}|0x249123b3
11:36:36.0 (18681440)|STATEMENT_EXECUTE|[167]
11:36:36.0 (18693763)|ENTERING_MANAGED_PKG|
11:36:36.0 (18703041)|HEAP_ALLOCATE|[EXTERNAL]|Bytes:4
11:36:36.0 (18710313)|STATEMENT_EXECUTE|[168]
11:36:36.0 (18725415)|ENTERING_MANAGED_PKG|
11:36:36.0 (18771791)|HEAP_ALLOCATE|[168]|Bytes:233
11:36:36.0 (18788567)|HEAP_ALLOCATE|[168]|Bytes:257
11:36:36.0 (18801578)|ENTERING_MANAGED_PKG|
11:36:36.0 (18816279)|USER_DEBUG|[168]|ERROR|The PermissionSet Name: PermissionSet:{Id=0PS360000015WSaGAM, Label=Permission_Set_Name, Name=Permission_Set_Name, Description=Permission Set Description Test, NamespacePrefix=shiva15testns, UserLicenseId=10036000000eSpyAAE, CreatedDate=2016-04-28 18:12:07}
11:36:36.0 (18834664)|HEAP_ALLOCATE|[162]|Bytes:5
11:36:36.0 (18847855)|VARIABLE_ASSIGNMENT|[162]|PSetName|null|
11:36:36.0 (18851198)|STATEMENT_EXECUTE|[171]
11:36:36.0 (18864123)|SYSTEM_MODE_EXIT|false
11:36:36.18 (18906102)|CUMULATIVE_LIMIT_USAGE
11:36:36.18 (18906102)|LIMIT_USAGE_FOR_NS|(default)|
  Number of SOQL queries: 0 out of 100
  Number of query rows: 0 out of 50000
  Number of SOSL queries: 0 out of 20
  Number of DML statements: 0 out of 150
  Number of DML rows: 0 out of 10000
  Maximum CPU time: 0 out of 10000
  Maximum heap size: 0 out of 6000000
  Number of callouts: 0 out of 100
  Number of Email Invocations: 0 out of 10
  Number of future calls: 0 out of 50
  Number of queueable jobs added to the queue: 0 out of 50
  Number of Mobile Apex push calls: 0 out of 10

11:36:36.18 (18906102)|LIMIT_USAGE_FOR_NS|shiva15testns|
  Number of SOQL queries: 1 out of 100
  Number of query rows: 42 out of 50000
  Number of SOSL queries: 0 out of 20
  Number of DML statements: 0 out of 150
  Number of DML rows: 0 out of 10000
  Maximum CPU time: 0 out of 10000
  Maximum heap size: 0 out of 6000000
  Number of callouts: 0 out of 100
  Number of Email Invocations: 0 out of 10
  Number of future calls: 0 out of 50
  Number of queueable jobs added to the queue: 0 out of 50
  Number of Mobile Apex push calls: 0 out of 10

11:36:36.18 (18906102)|CUMULATIVE_LIMIT_USAGE_END

11:36:36.0 (18976014)|CODE_UNIT_FINISHED|PermissionSetPortalControllers.getAllPermissionSets
11:36:36.0 (21449989)|EXECUTION_FINISHED
11:36:36.23 (23537277)|EXECUTION_STARTED
11:36:36.23 (23545683)|CODE_UNIT_STARTED|[EXTERNAL]|Aura
11:36:36.23 (23578264)|CODE_UNIT_FINISHED|Aura
11:36:36.23 (24602735)|EXECUTION_FINISHED
11:36:36.25 (25662139)|EXECUTION_STARTED
11:36:36.25 (25669000)|CODE_UNIT_STARTED|[EXTERNAL]|Aura
11:36:36.25 (25699168)|CODE_UNIT_FINISHED|Aura
11:36:36.25 (26720453)|EXECUTION_FINISHED
11:36:36.27 (27622187)|EXECUTION_STARTED
11:36:36.27 (27628894)|CODE_UNIT_STARTED|[EXTERNAL]|Aura
11:36:36.27 (27658846)|CODE_UNIT_FINISHED|Aura
11:36:36.27 (28767702)|EXECUTION_FINISHED
11:36:36.29 (29769923)|EXECUTION_STARTED
11:36:36.29 (29776308)|CODE_UNIT_STARTED|[EXTERNAL]|Aura
11:36:36.29 (29805937)|CODE_UNIT_FINISHED|Aura
11:36:36.29 (31043686)|EXECUTION_FINISHED
11:36:36.32 (32075454)|EXECUTION_STARTED
11:36:36.32 (32082269)|CODE_UNIT_STARTED|[EXTERNAL]|Aura
11:36:36.32 (32113794)|CODE_UNIT_FINISHED|Aura
11:36:36.32 (33190066)|EXECUTION_FINISHED
11:36:36.34 (34511706)|EXECUTION_STARTED
11:36:36.34 (34518060)|CODE_UNIT_STARTED|[EXTERNAL]|Aura
11:36:36.34 (34548094)|CODE_UNIT_FINISHED|Aura
11:36:36.34 (35803943)|EXECUTION_FINISHED
