36.0 APEX_CODE,FINEST;APEX_PROFILING,INFO;CALLOUT,INFO;DB,INFO;SYSTEM,DEBUG;VALIDATION,INFO;VISUALFORCE,INFO;WORKFLOW,INFO
11:19:31.0 (399398)|EXECUTION_STARTED
11:19:31.0 (435250)|CODE_UNIT_STARTED|[EXTERNAL]|01p36000005Jpvx|PermissionSetPortalControllers.getAllPermissionSets
11:19:31.0 (1139226)|VARIABLE_SCOPE_BEGIN|[2]|PermissionSetPortalControllers.AllObjectsofOrg|Map<String,Schema.SObjectType>|true|true
11:19:31.0 (1157467)|VARIABLE_SCOPE_BEGIN|[3]|PermissionSetPortalControllers.AllPermissionSets|List<PermissionSet>|true|true
11:19:31.0 (1190155)|VARIABLE_SCOPE_BEGIN|[4]|PermissionSetPortalControllers.inputField|String|false|true
11:19:31.0 (1371344)|HEAP_ALLOCATE|[72]|Bytes:3
11:19:31.0 (1428120)|HEAP_ALLOCATE|[77]|Bytes:152
11:19:31.0 (1448406)|HEAP_ALLOCATE|[342]|Bytes:408
11:19:31.0 (1467975)|HEAP_ALLOCATE|[355]|Bytes:408
11:19:31.0 (1485492)|HEAP_ALLOCATE|[467]|Bytes:48
11:19:31.0 (1519924)|HEAP_ALLOCATE|[139]|Bytes:6
11:19:31.0 (1549446)|HEAP_ALLOCATE|[EXTERNAL]|Bytes:88
11:19:31.0 (1555510)|HEAP_ALLOCATE|[EXTERNAL]|Bytes:6
11:19:31.0 (1558276)|HEAP_ALLOCATE|[EXTERNAL]|Bytes:5
11:19:31.0 (1573435)|METHOD_ENTRY|[1]|01p36000005Jpvx|PermissionSetPortalControllers.PermissionSetPortalControllers()
11:19:31.0 (1577485)|STATEMENT_EXECUTE|[1]
11:19:31.0 (1582835)|STATEMENT_EXECUTE|[1]
11:19:31.0 (1618867)|HEAP_ALLOCATE|[50]|Bytes:5
11:19:31.0 (1643697)|HEAP_ALLOCATE|[56]|Bytes:5
11:19:31.0 (1652773)|HEAP_ALLOCATE|[64]|Bytes:7
11:19:31.0 (1681528)|SYSTEM_MODE_ENTER|false
11:19:31.0 (1699575)|HEAP_ALLOCATE|[EXTERNAL]|Bytes:5
11:19:31.0 (1708801)|SYSTEM_MODE_EXIT|false
11:19:31.0 (1723081)|METHOD_EXIT|[1]|PermissionSetPortalControllers
11:19:31.0 (1732684)|SYSTEM_MODE_ENTER|false
11:19:31.0 (1746723)|HEAP_ALLOCATE|[8]|Bytes:5
11:19:31.0 (1750688)|STATEMENT_EXECUTE|[7]
11:19:31.0 (1753098)|STATEMENT_EXECUTE|[8]
11:19:31.0 (1758451)|HEAP_ALLOCATE|[8]|Bytes:34
11:19:31.0 (1770501)|HEAP_ALLOCATE|[8]|Bytes:4
11:19:31.0 (2986198)|SOQL_EXECUTE_BEGIN|[8]|Aggregations:0|SELECT Id, Name FROM PermissionSet
11:19:31.0 (6350422)|SOQL_EXECUTE_END|[8]|Rows:36
11:19:31.0 (6367252)|HEAP_ALLOCATE|[8]|Bytes:148
11:19:31.0 (6411769)|HEAP_ALLOCATE|[8]|Bytes:2125
11:19:31.0 (6467335)|HEAP_ALLOCATE|[8]|Bytes:148
11:19:31.0 (6536037)|VARIABLE_ASSIGNMENT|[8]|PermissionSetPortalControllers.AllPermissionSets|{"s":1,"v":"List of size 36 too large to display"}|0x6a09a62d
11:19:31.0 (6654350)|ENTERING_MANAGED_PKG|
11:19:31.0 (6692233)|STATEMENT_EXECUTE|[9]
11:19:31.0 (6707457)|ENTERING_MANAGED_PKG|
11:19:31.0 (6954353)|HEAP_ALLOCATE|[10]|Bytes:5
11:19:31.0 (6994975)|HEAP_ALLOCATE|[10]|Bytes:12
11:19:31.0 (7012615)|VARIABLE_SCOPE_BEGIN|[10]|PSetName|PermissionSet|true|false
11:19:31.0 (7037421)|VARIABLE_ASSIGNMENT|[10]|PSetName|{"s":1,"v":{"Id":"0PS36000000mmnFGAQ","Name":"X00e1a000000MWa8AAG"}}|0x3fff3f27
11:19:31.0 (7041470)|STATEMENT_EXECUTE|[10]
11:19:31.0 (7043301)|STATEMENT_EXECUTE|[11]
11:19:31.0 (7209964)|HEAP_ALLOCATE|[11]|Bytes:24
11:19:31.0 (7245540)|ENTERING_MANAGED_PKG|
11:19:31.0 (7310327)|HEAP_ALLOCATE|[11]|Bytes:63
11:19:31.0 (7333409)|HEAP_ALLOCATE|[11]|Bytes:87
11:19:31.0 (7360821)|ENTERING_MANAGED_PKG|
11:19:31.0 (7373106)|USER_DEBUG|[11]|ERROR|The PermissionSet Name: PermissionSet:{Id=0PS36000000mmnFGAQ, Name=X00e1a000000MWa8AAG}
11:19:31.0 (7388768)|HEAP_ALLOCATE|[10]|Bytes:5
11:19:31.0 (7410968)|HEAP_ALLOCATE|[10]|Bytes:12
11:19:31.0 (7419493)|VARIABLE_SCOPE_BEGIN|[10]|PSetName|PermissionSet|true|false
11:19:31.0 (7437070)|VARIABLE_ASSIGNMENT|[10]|PSetName|{"s":1,"v":{"Id":"0PS36000000mmnGGAQ","Name":"X00ex00000018ozl_128 (11 more) ..."}}|0x43cae05a
11:19:31.0 (7440848)|STATEMENT_EXECUTE|[10]
11:19:31.0 (7442401)|STATEMENT_EXECUTE|[11]
11:19:31.0 (7459042)|ENTERING_MANAGED_PKG|
11:19:31.0 (7481087)|HEAP_ALLOCATE|[11]|Bytes:75
11:19:31.0 (7494324)|HEAP_ALLOCATE|[11]|Bytes:99
11:19:31.0 (7505263)|ENTERING_MANAGED_PKG|
11:19:31.0 (7511078)|USER_DEBUG|[11]|ERROR|The PermissionSet Name: PermissionSet:{Id=0PS36000000mmnGGAQ, Name=X00ex00000018ozl_128_09_04_12_5}
11:19:31.0 (7524331)|HEAP_ALLOCATE|[10]|Bytes:5
11:19:31.0 (7548651)|HEAP_ALLOCATE|[10]|Bytes:12
11:19:31.0 (7557325)|VARIABLE_SCOPE_BEGIN|[10]|PSetName|PermissionSet|true|false
11:19:31.0 (7572512)|VARIABLE_ASSIGNMENT|[10]|PSetName|{"s":1,"v":{"Id":"0PS36000000mmnHGAQ","Name":"X00ex00000018ozm_128 (11 more) ..."}}|0x3d018ef8
11:19:31.0 (7575893)|STATEMENT_EXECUTE|[10]
11:19:31.0 (7577346)|STATEMENT_EXECUTE|[11]
11:19:31.0 (7593377)|ENTERING_MANAGED_PKG|
11:19:31.0 (7614377)|HEAP_ALLOCATE|[11]|Bytes:75
11:19:31.0 (7626881)|HEAP_ALLOCATE|[11]|Bytes:99
11:19:31.0 (7637363)|ENTERING_MANAGED_PKG|
11:19:31.0 (7643011)|USER_DEBUG|[11]|ERROR|The PermissionSet Name: PermissionSet:{Id=0PS36000000mmnHGAQ, Name=X00ex00000018ozm_128_09_04_12_6}
11:19:31.0 (7655877)|HEAP_ALLOCATE|[10]|Bytes:5
11:19:31.0 (7675556)|HEAP_ALLOCATE|[10]|Bytes:12
11:19:31.0 (7683522)|VARIABLE_SCOPE_BEGIN|[10]|PSetName|PermissionSet|true|false
11:19:31.0 (7697881)|VARIABLE_ASSIGNMENT|[10]|PSetName|{"s":1,"v":{"Id":"0PS36000000mmnIGAQ","Name":"X00ex00000018ozk_128 (11 more) ..."}}|0x3fac8e35
11:19:31.0 (7701558)|STATEMENT_EXECUTE|[10]
11:19:31.0 (7703085)|STATEMENT_EXECUTE|[11]
11:19:31.0 (7718261)|ENTERING_MANAGED_PKG|
11:19:31.0 (7738674)|HEAP_ALLOCATE|[11]|Bytes:75
11:19:31.0 (7751438)|HEAP_ALLOCATE|[11]|Bytes:99
11:19:31.0 (7782252)|ENTERING_MANAGED_PKG|
11:19:31.0 (7788942)|USER_DEBUG|[11]|ERROR|The PermissionSet Name: PermissionSet:{Id=0PS36000000mmnIGAQ, Name=X00ex00000018ozk_128_09_04_12_4}
11:19:31.0 (7803219)|HEAP_ALLOCATE|[10]|Bytes:5
11:19:31.0 (7823891)|HEAP_ALLOCATE|[10]|Bytes:12
11:19:31.0 (7831753)|VARIABLE_SCOPE_BEGIN|[10]|PSetName|PermissionSet|true|false
11:19:31.0 (7846302)|VARIABLE_ASSIGNMENT|[10]|PSetName|{"s":1,"v":{"Id":"0PS36000000mmnJGAQ","Name":"X00ex00000018ozj_128 (11 more) ..."}}|0x79ec88e0
11:19:31.0 (7849892)|STATEMENT_EXECUTE|[10]
11:19:31.0 (7851244)|STATEMENT_EXECUTE|[11]
11:19:31.0 (7866752)|ENTERING_MANAGED_PKG|
11:19:31.0 (7887553)|HEAP_ALLOCATE|[11]|Bytes:75
11:19:31.0 (7900293)|HEAP_ALLOCATE|[11]|Bytes:99
11:19:31.0 (7910503)|ENTERING_MANAGED_PKG|
11:19:31.0 (7915818)|USER_DEBUG|[11]|ERROR|The PermissionSet Name: PermissionSet:{Id=0PS36000000mmnJGAQ, Name=X00ex00000018ozj_128_09_04_12_3}
11:19:31.0 (7928393)|HEAP_ALLOCATE|[10]|Bytes:5
11:19:31.0 (7948173)|HEAP_ALLOCATE|[10]|Bytes:12
11:19:31.0 (7955977)|VARIABLE_SCOPE_BEGIN|[10]|PSetName|PermissionSet|true|false
11:19:31.0 (7970261)|VARIABLE_ASSIGNMENT|[10]|PSetName|{"s":1,"v":{"Id":"0PS36000000mmnKGAQ","Name":"X00ex00000018ozo_128 (11 more) ..."}}|0x6d307fb7
11:19:31.0 (7973844)|STATEMENT_EXECUTE|[10]
11:19:31.0 (7975154)|STATEMENT_EXECUTE|[11]
11:19:31.0 (7989987)|ENTERING_MANAGED_PKG|
11:19:31.0 (8010094)|HEAP_ALLOCATE|[11]|Bytes:75
11:19:31.0 (8024050)|HEAP_ALLOCATE|[11]|Bytes:99
11:19:31.0 (8034425)|ENTERING_MANAGED_PKG|
11:19:31.0 (8039586)|USER_DEBUG|[11]|ERROR|The PermissionSet Name: PermissionSet:{Id=0PS36000000mmnKGAQ, Name=X00ex00000018ozo_128_09_04_12_8}
11:19:31.0 (8051961)|HEAP_ALLOCATE|[10]|Bytes:5
11:19:31.0 (8071359)|HEAP_ALLOCATE|[10]|Bytes:12
11:19:31.0 (8079002)|VARIABLE_SCOPE_BEGIN|[10]|PSetName|PermissionSet|true|false
11:19:31.0 (8092931)|VARIABLE_ASSIGNMENT|[10]|PSetName|{"s":1,"v":{"Id":"0PS36000000mmnLGAQ","Name":"X00ex00000018ozh_128 (11 more) ..."}}|0x5c774aa7
11:19:31.0 (8096688)|STATEMENT_EXECUTE|[10]
11:19:31.0 (8097965)|STATEMENT_EXECUTE|[11]
11:19:31.0 (8112942)|ENTERING_MANAGED_PKG|
11:19:31.0 (8132907)|HEAP_ALLOCATE|[11]|Bytes:75
11:19:31.0 (8145206)|HEAP_ALLOCATE|[11]|Bytes:99
11:19:31.0 (8155335)|ENTERING_MANAGED_PKG|
11:19:31.0 (8160501)|USER_DEBUG|[11]|ERROR|The PermissionSet Name: PermissionSet:{Id=0PS36000000mmnLGAQ, Name=X00ex00000018ozh_128_09_04_12_1}
11:19:31.0 (8172728)|HEAP_ALLOCATE|[10]|Bytes:5
11:19:31.0 (8192613)|HEAP_ALLOCATE|[10]|Bytes:12
11:19:31.0 (8200205)|VARIABLE_SCOPE_BEGIN|[10]|PSetName|PermissionSet|true|false
11:19:31.0 (8213861)|VARIABLE_ASSIGNMENT|[10]|PSetName|{"s":1,"v":{"Id":"0PS36000000mmnMGAQ","Name":"X00ex00000018ozq_128 (12 more) ..."}}|0x7f1ba3a
11:19:31.0 (8217267)|STATEMENT_EXECUTE|[10]
11:19:31.0 (8218644)|STATEMENT_EXECUTE|[11]
11:19:31.0 (8233803)|ENTERING_MANAGED_PKG|
11:19:31.0 (8253849)|HEAP_ALLOCATE|[11]|Bytes:76
11:19:31.0 (8266250)|HEAP_ALLOCATE|[11]|Bytes:100
11:19:31.0 (8276405)|ENTERING_MANAGED_PKG|
11:19:31.0 (8281624)|USER_DEBUG|[11]|ERROR|The PermissionSet Name: PermissionSet:{Id=0PS36000000mmnMGAQ, Name=X00ex00000018ozq_128_09_04_12_10}
11:19:31.0 (8294092)|HEAP_ALLOCATE|[10]|Bytes:5
11:19:31.0 (8313384)|HEAP_ALLOCATE|[10]|Bytes:12
11:19:31.0 (8321011)|VARIABLE_SCOPE_BEGIN|[10]|PSetName|PermissionSet|true|false
11:19:31.0 (8334945)|VARIABLE_ASSIGNMENT|[10]|PSetName|{"s":1,"v":{"Id":"0PS36000000mmnNGAQ","Name":"X00ex00000018ozp_128 (11 more) ..."}}|0x1a4799ac
11:19:31.0 (8338345)|STATEMENT_EXECUTE|[10]
11:19:31.0 (8339828)|STATEMENT_EXECUTE|[11]
11:19:31.0 (8354655)|ENTERING_MANAGED_PKG|
11:19:31.0 (8374571)|HEAP_ALLOCATE|[11]|Bytes:75
11:19:31.0 (8386991)|HEAP_ALLOCATE|[11]|Bytes:99
11:19:31.0 (8396912)|ENTERING_MANAGED_PKG|
11:19:31.0 (8402019)|USER_DEBUG|[11]|ERROR|The PermissionSet Name: PermissionSet:{Id=0PS36000000mmnNGAQ, Name=X00ex00000018ozp_128_09_04_12_9}
11:19:31.0 (8413867)|HEAP_ALLOCATE|[10]|Bytes:5
11:19:31.0 (8433154)|HEAP_ALLOCATE|[10]|Bytes:12
11:19:31.0 (8440742)|VARIABLE_SCOPE_BEGIN|[10]|PSetName|PermissionSet|true|false
11:19:31.0 (8454688)|VARIABLE_ASSIGNMENT|[10]|PSetName|{"s":1,"v":{"Id":"0PS36000000mmnOGAQ","Name":"X00ex00000018ozn_128 (11 more) ..."}}|0x74649094
11:19:31.0 (8458041)|STATEMENT_EXECUTE|[10]
11:19:31.0 (8459391)|STATEMENT_EXECUTE|[11]
11:19:31.0 (8474133)|ENTERING_MANAGED_PKG|
11:19:31.0 (8494213)|HEAP_ALLOCATE|[11]|Bytes:75
11:19:31.0 (8506949)|HEAP_ALLOCATE|[11]|Bytes:99
11:19:31.0 (8517040)|ENTERING_MANAGED_PKG|
11:19:31.0 (8522360)|USER_DEBUG|[11]|ERROR|The PermissionSet Name: PermissionSet:{Id=0PS36000000mmnOGAQ, Name=X00ex00000018ozn_128_09_04_12_7}
11:19:31.0 (8535117)|HEAP_ALLOCATE|[10]|Bytes:5
11:19:31.0 (8566453)|HEAP_ALLOCATE|[10]|Bytes:12
11:19:31.0 (8580217)|VARIABLE_SCOPE_BEGIN|[10]|PSetName|PermissionSet|true|false
11:19:31.0 (8602402)|VARIABLE_ASSIGNMENT|[10]|PSetName|{"s":1,"v":{"Id":"0PS36000000mmnPGAQ","Name":"X00e1a000000MWa9AAG"}}|0x12a0decd
11:19:31.0 (8606982)|STATEMENT_EXECUTE|[10]
11:19:31.0 (8608403)|STATEMENT_EXECUTE|[11]
11:19:31.0 (8625794)|ENTERING_MANAGED_PKG|
11:19:31.0 (8647310)|HEAP_ALLOCATE|[11]|Bytes:63
11:19:31.0 (8659775)|HEAP_ALLOCATE|[11]|Bytes:87
11:19:31.0 (8670354)|ENTERING_MANAGED_PKG|
11:19:31.0 (8675726)|USER_DEBUG|[11]|ERROR|The PermissionSet Name: PermissionSet:{Id=0PS36000000mmnPGAQ, Name=X00e1a000000MWa9AAG}
11:19:31.0 (8687977)|HEAP_ALLOCATE|[10]|Bytes:5
11:19:31.0 (8707818)|HEAP_ALLOCATE|[10]|Bytes:12
11:19:31.0 (8715588)|VARIABLE_SCOPE_BEGIN|[10]|PSetName|PermissionSet|true|false
11:19:31.0 (8728868)|VARIABLE_ASSIGNMENT|[10]|PSetName|{"s":1,"v":{"Id":"0PS36000000mmnQGAQ","Name":"X00e1a000000MWaBAAW"}}|0x180a96c9
11:19:31.0 (8731981)|STATEMENT_EXECUTE|[10]
11:19:31.0 (8733302)|STATEMENT_EXECUTE|[11]
11:19:31.0 (8748207)|ENTERING_MANAGED_PKG|
11:19:31.0 (8771728)|HEAP_ALLOCATE|[11]|Bytes:63
11:19:31.0 (8784902)|HEAP_ALLOCATE|[11]|Bytes:87
11:19:31.0 (8795578)|ENTERING_MANAGED_PKG|
11:19:31.0 (8803778)|USER_DEBUG|[11]|ERROR|The PermissionSet Name: PermissionSet:{Id=0PS36000000mmnQGAQ, Name=X00e1a000000MWaBAAW}
11:19:31.0 (8825180)|HEAP_ALLOCATE|[10]|Bytes:5
11:19:31.0 (8853459)|HEAP_ALLOCATE|[10]|Bytes:12
11:19:31.0 (8862127)|VARIABLE_SCOPE_BEGIN|[10]|PSetName|PermissionSet|true|false
11:19:31.0 (8875671)|VARIABLE_ASSIGNMENT|[10]|PSetName|{"s":1,"v":{"Id":"0PS36000000mmnRGAQ","Name":"X00e1a000000MWaCAAW"}}|0x3ea6f69d
11:19:31.0 (8878753)|STATEMENT_EXECUTE|[10]
11:19:31.0 (8880128)|STATEMENT_EXECUTE|[11]
11:19:31.0 (8895798)|ENTERING_MANAGED_PKG|
11:19:31.0 (8916566)|HEAP_ALLOCATE|[11]|Bytes:63
11:19:31.0 (8929785)|HEAP_ALLOCATE|[11]|Bytes:87
11:19:31.0 (8940029)|ENTERING_MANAGED_PKG|
11:19:31.0 (8945173)|USER_DEBUG|[11]|ERROR|The PermissionSet Name: PermissionSet:{Id=0PS36000000mmnRGAQ, Name=X00e1a000000MWaCAAW}
11:19:31.0 (8957758)|HEAP_ALLOCATE|[10]|Bytes:5
11:19:31.0 (8987230)|HEAP_ALLOCATE|[10]|Bytes:12
11:19:31.0 (8996156)|VARIABLE_SCOPE_BEGIN|[10]|PSetName|PermissionSet|true|false
11:19:31.0 (9009638)|VARIABLE_ASSIGNMENT|[10]|PSetName|{"s":1,"v":{"Id":"0PS36000000mmnSGAQ","Name":"X00e1a000000MWaDAAW"}}|0x6e9631ed
11:19:31.0 (9013838)|STATEMENT_EXECUTE|[10]
11:19:31.0 (9015166)|STATEMENT_EXECUTE|[11]
11:19:31.0 (9030910)|ENTERING_MANAGED_PKG|
11:19:31.0 (9051451)|HEAP_ALLOCATE|[11]|Bytes:63
11:19:31.0 (9064165)|HEAP_ALLOCATE|[11]|Bytes:87
11:19:31.0 (9074282)|ENTERING_MANAGED_PKG|
11:19:31.0 (9079613)|USER_DEBUG|[11]|ERROR|The PermissionSet Name: PermissionSet:{Id=0PS36000000mmnSGAQ, Name=X00e1a000000MWaDAAW}
11:19:31.0 (9091834)|HEAP_ALLOCATE|[10]|Bytes:5
11:19:31.0 (9115053)|HEAP_ALLOCATE|[10]|Bytes:12
11:19:31.0 (9123437)|VARIABLE_SCOPE_BEGIN|[10]|PSetName|PermissionSet|true|false
11:19:31.0 (9136269)|VARIABLE_ASSIGNMENT|[10]|PSetName|{"s":1,"v":{"Id":"0PS36000000mmnTGAQ","Name":"X00e1a000000MWaEAAW"}}|0x7ad4dc44
11:19:31.0 (9140200)|STATEMENT_EXECUTE|[10]
11:19:31.0 (9141588)|STATEMENT_EXECUTE|[11]
11:19:31.0 (9156803)|ENTERING_MANAGED_PKG|
11:19:31.0 (9177046)|HEAP_ALLOCATE|[11]|Bytes:63
11:19:31.0 (9189509)|HEAP_ALLOCATE|[11]|Bytes:87
11:19:31.0 (9199997)|ENTERING_MANAGED_PKG|
11:19:31.0 (9205199)|USER_DEBUG|[11]|ERROR|The PermissionSet Name: PermissionSet:{Id=0PS36000000mmnTGAQ, Name=X00e1a000000MWaEAAW}
11:19:31.0 (9219476)|HEAP_ALLOCATE|[10]|Bytes:5
11:19:31.0 (9250022)|HEAP_ALLOCATE|[10]|Bytes:12
11:19:31.0 (9261175)|VARIABLE_SCOPE_BEGIN|[10]|PSetName|PermissionSet|true|false
11:19:31.0 (9276600)|VARIABLE_ASSIGNMENT|[10]|PSetName|{"s":1,"v":{"Id":"0PS36000000mmnUGAQ","Name":"X00e1a000000MWaFAAW"}}|0x36a4b109
11:19:31.0 (9299061)|STATEMENT_EXECUTE|[10]
11:19:31.0 (9301155)|STATEMENT_EXECUTE|[11]
11:19:31.0 (9321984)|ENTERING_MANAGED_PKG|
11:19:31.0 (9347284)|HEAP_ALLOCATE|[11]|Bytes:63
11:19:31.0 (9360824)|HEAP_ALLOCATE|[11]|Bytes:87
11:19:31.0 (9371579)|ENTERING_MANAGED_PKG|
11:19:31.0 (9377125)|USER_DEBUG|[11]|ERROR|The PermissionSet Name: PermissionSet:{Id=0PS36000000mmnUGAQ, Name=X00e1a000000MWaFAAW}
11:19:31.0 (9389653)|HEAP_ALLOCATE|[10]|Bytes:5
11:19:31.0 (9409409)|HEAP_ALLOCATE|[10]|Bytes:12
11:19:31.0 (9417216)|VARIABLE_SCOPE_BEGIN|[10]|PSetName|PermissionSet|true|false
11:19:31.0 (9430016)|VARIABLE_ASSIGNMENT|[10]|PSetName|{"s":1,"v":{"Id":"0PS36000000mmnVGAQ","Name":"X00e1a000000MWaGAAW"}}|0x3f3fab5e
11:19:31.0 (9432944)|STATEMENT_EXECUTE|[10]
11:19:31.0 (9434277)|STATEMENT_EXECUTE|[11]
11:19:31.0 (9448975)|ENTERING_MANAGED_PKG|
11:19:31.0 (9471337)|HEAP_ALLOCATE|[11]|Bytes:63
11:19:31.0 (9491945)|HEAP_ALLOCATE|[11]|Bytes:87
11:19:31.0 (9512548)|ENTERING_MANAGED_PKG|
11:19:31.0 (9521439)|USER_DEBUG|[11]|ERROR|The PermissionSet Name: PermissionSet:{Id=0PS36000000mmnVGAQ, Name=X00e1a000000MWaGAAW}
11:19:31.0 (9552282)|HEAP_ALLOCATE|[10]|Bytes:5
11:19:31.0 (9588732)|HEAP_ALLOCATE|[10]|Bytes:12
11:19:31.0 (9601831)|VARIABLE_SCOPE_BEGIN|[10]|PSetName|PermissionSet|true|false
11:19:31.0 (9620804)|VARIABLE_ASSIGNMENT|[10]|PSetName|{"s":1,"v":{"Id":"0PS36000000mmnWGAQ","Name":"X00e1a000000MWaHAAW"}}|0x60f9ec0d
11:19:31.0 (9626040)|STATEMENT_EXECUTE|[10]
11:19:31.0 (9628339)|STATEMENT_EXECUTE|[11]
11:19:31.0 (9651346)|ENTERING_MANAGED_PKG|
11:19:31.0 (9680928)|HEAP_ALLOCATE|[11]|Bytes:63
11:19:31.0 (9701464)|HEAP_ALLOCATE|[11]|Bytes:87
11:19:31.0 (9720457)|ENTERING_MANAGED_PKG|
11:19:31.0 (9729406)|USER_DEBUG|[11]|ERROR|The PermissionSet Name: PermissionSet:{Id=0PS36000000mmnWGAQ, Name=X00e1a000000MWaHAAW}
11:19:31.0 (9752493)|HEAP_ALLOCATE|[10]|Bytes:5
11:19:31.0 (9786770)|HEAP_ALLOCATE|[10]|Bytes:12
11:19:31.0 (9801058)|VARIABLE_SCOPE_BEGIN|[10]|PSetName|PermissionSet|true|false
11:19:31.0 (9822129)|VARIABLE_ASSIGNMENT|[10]|PSetName|{"s":1,"v":{"Id":"0PS36000000mmnXGAQ","Name":"X00e1a000000MWaIAAW"}}|0x3c133aaa
11:19:31.0 (9828063)|STATEMENT_EXECUTE|[10]
11:19:31.0 (9833555)|STATEMENT_EXECUTE|[11]
11:19:31.0 (9855851)|ENTERING_MANAGED_PKG|
11:19:31.0 (9878152)|HEAP_ALLOCATE|[11]|Bytes:63
11:19:31.0 (9891509)|HEAP_ALLOCATE|[11]|Bytes:87
11:19:31.0 (9902216)|ENTERING_MANAGED_PKG|
11:19:31.0 (9911488)|USER_DEBUG|[11]|ERROR|The PermissionSet Name: PermissionSet:{Id=0PS36000000mmnXGAQ, Name=X00e1a000000MWaIAAW}
11:19:31.0 (9925277)|HEAP_ALLOCATE|[10]|Bytes:5
11:19:31.0 (9946660)|HEAP_ALLOCATE|[10]|Bytes:12
11:19:31.0 (9978373)|VARIABLE_SCOPE_BEGIN|[10]|PSetName|PermissionSet|true|false
11:19:31.0 (10000319)|VARIABLE_ASSIGNMENT|[10]|PSetName|{"s":1,"v":{"Id":"0PS36000000mmnYGAQ","Name":"X00e1a000000MWaJAAW"}}|0x2face8d8
11:19:31.0 (10007718)|STATEMENT_EXECUTE|[10]
11:19:31.0 (10010152)|STATEMENT_EXECUTE|[11]
11:19:31.0 (10035756)|ENTERING_MANAGED_PKG|
11:19:31.0 (10075632)|HEAP_ALLOCATE|[11]|Bytes:63
11:19:31.0 (10102670)|HEAP_ALLOCATE|[11]|Bytes:87
11:19:31.0 (10149172)|ENTERING_MANAGED_PKG|
11:19:31.0 (10159872)|USER_DEBUG|[11]|ERROR|The PermissionSet Name: PermissionSet:{Id=0PS36000000mmnYGAQ, Name=X00e1a000000MWaJAAW}
11:19:31.0 (10183681)|HEAP_ALLOCATE|[10]|Bytes:5
11:19:31.0 (10218472)|HEAP_ALLOCATE|[10]|Bytes:12
11:19:31.0 (10231839)|VARIABLE_SCOPE_BEGIN|[10]|PSetName|PermissionSet|true|false
11:19:31.0 (10251550)|VARIABLE_ASSIGNMENT|[10]|PSetName|{"s":1,"v":{"Id":"0PS36000000mmnZGAQ","Name":"X00e1a000000MWaKAAW"}}|0x6d0bc328
11:19:31.0 (10257031)|STATEMENT_EXECUTE|[10]
11:19:31.0 (10259207)|STATEMENT_EXECUTE|[11]
11:19:31.0 (10311487)|ENTERING_MANAGED_PKG|
11:19:31.0 (10345270)|HEAP_ALLOCATE|[11]|Bytes:63
11:19:31.0 (10366907)|HEAP_ALLOCATE|[11]|Bytes:87
11:19:31.0 (10385637)|ENTERING_MANAGED_PKG|
11:19:31.0 (10394884)|USER_DEBUG|[11]|ERROR|The PermissionSet Name: PermissionSet:{Id=0PS36000000mmnZGAQ, Name=X00e1a000000MWaKAAW}
11:19:31.0 (10418929)|HEAP_ALLOCATE|[10]|Bytes:5
11:19:31.0 (10452048)|HEAP_ALLOCATE|[10]|Bytes:12
11:19:31.0 (10464781)|VARIABLE_SCOPE_BEGIN|[10]|PSetName|PermissionSet|true|false
11:19:31.0 (10484472)|VARIABLE_ASSIGNMENT|[10]|PSetName|{"s":1,"v":{"Id":"0PS36000000mmnaGAA","Name":"X00e1a000000MWaLAAW"}}|0x42bdd300
11:19:31.0 (10489447)|STATEMENT_EXECUTE|[10]
11:19:31.0 (10491691)|STATEMENT_EXECUTE|[11]
11:19:31.0 (10513845)|ENTERING_MANAGED_PKG|
11:19:31.0 (10551765)|HEAP_ALLOCATE|[11]|Bytes:63
11:19:31.0 (10572178)|HEAP_ALLOCATE|[11]|Bytes:87
11:19:31.0 (10604293)|ENTERING_MANAGED_PKG|
11:19:31.0 (10613134)|USER_DEBUG|[11]|ERROR|The PermissionSet Name: PermissionSet:{Id=0PS36000000mmnaGAA, Name=X00e1a000000MWaLAAW}
11:19:31.0 (10634212)|HEAP_ALLOCATE|[10]|Bytes:5
11:19:31.0 (10664075)|HEAP_ALLOCATE|[10]|Bytes:12
11:19:31.0 (10676033)|VARIABLE_SCOPE_BEGIN|[10]|PSetName|PermissionSet|true|false
11:19:31.0 (10694672)|VARIABLE_ASSIGNMENT|[10]|PSetName|{"s":1,"v":{"Id":"0PS36000000mmnbGAA","Name":"X00e1a000000MWaMAAW"}}|0x67de7797
11:19:31.0 (10699474)|STATEMENT_EXECUTE|[10]
11:19:31.0 (10701574)|STATEMENT_EXECUTE|[11]
11:19:31.0 (10722453)|ENTERING_MANAGED_PKG|
11:19:31.0 (10753540)|HEAP_ALLOCATE|[11]|Bytes:63
11:19:31.0 (10773605)|HEAP_ALLOCATE|[11]|Bytes:87
11:19:31.0 (10790203)|ENTERING_MANAGED_PKG|
11:19:31.0 (10800264)|USER_DEBUG|[11]|ERROR|The PermissionSet Name: PermissionSet:{Id=0PS36000000mmnbGAA, Name=X00e1a000000MWaMAAW}
11:19:31.0 (10827491)|HEAP_ALLOCATE|[10]|Bytes:5
11:19:31.0 (10863764)|HEAP_ALLOCATE|[10]|Bytes:12
11:19:31.0 (10878325)|VARIABLE_SCOPE_BEGIN|[10]|PSetName|PermissionSet|true|false
11:19:31.0 (10900088)|VARIABLE_ASSIGNMENT|[10]|PSetName|{"s":1,"v":{"Id":"0PS36000000mmncGAA","Name":"X00e1a000000MWaNAAW"}}|0x2ffca99c
11:19:31.0 (10906013)|STATEMENT_EXECUTE|[10]
11:19:31.0 (10908258)|STATEMENT_EXECUTE|[11]
11:19:31.0 (10933000)|ENTERING_MANAGED_PKG|
11:19:31.0 (10965931)|HEAP_ALLOCATE|[11]|Bytes:63
11:19:31.0 (10985761)|HEAP_ALLOCATE|[11]|Bytes:87
11:19:31.0 (11002363)|ENTERING_MANAGED_PKG|
11:19:31.0 (11011292)|USER_DEBUG|[11]|ERROR|The PermissionSet Name: PermissionSet:{Id=0PS36000000mmncGAA, Name=X00e1a000000MWaNAAW}
11:19:31.0 (11030697)|HEAP_ALLOCATE|[10]|Bytes:5
11:19:31.0 (11060258)|HEAP_ALLOCATE|[10]|Bytes:12
11:19:31.0 (11072563)|VARIABLE_SCOPE_BEGIN|[10]|PSetName|PermissionSet|true|false
11:19:31.0 (11092749)|VARIABLE_ASSIGNMENT|[10]|PSetName|{"s":1,"v":{"Id":"0PS36000000mmndGAA","Name":"X00e1a000000MWaOAAW"}}|0x1cdd3dc8
11:19:31.0 (11098169)|STATEMENT_EXECUTE|[10]
11:19:31.0 (11100798)|STATEMENT_EXECUTE|[11]
11:19:31.0 (11124351)|ENTERING_MANAGED_PKG|
11:19:31.0 (11157885)|HEAP_ALLOCATE|[11]|Bytes:63
11:19:31.0 (11179457)|HEAP_ALLOCATE|[11]|Bytes:87
11:19:31.0 (11197864)|ENTERING_MANAGED_PKG|
11:19:31.0 (11206857)|USER_DEBUG|[11]|ERROR|The PermissionSet Name: PermissionSet:{Id=0PS36000000mmndGAA, Name=X00e1a000000MWaOAAW}
11:19:31.0 (11229365)|HEAP_ALLOCATE|[10]|Bytes:5
11:19:31.0 (11269791)|HEAP_ALLOCATE|[10]|Bytes:12
11:19:31.0 (11283131)|VARIABLE_SCOPE_BEGIN|[10]|PSetName|PermissionSet|true|false
11:19:31.0 (11303412)|VARIABLE_ASSIGNMENT|[10]|PSetName|{"s":1,"v":{"Id":"0PS36000000mmneGAA","Name":"X00e1a000000MWaPAAW"}}|0x3054c880
11:19:31.0 (11309385)|STATEMENT_EXECUTE|[10]
11:19:31.0 (11317211)|STATEMENT_EXECUTE|[11]
11:19:31.0 (11342433)|ENTERING_MANAGED_PKG|
11:19:31.0 (11375955)|HEAP_ALLOCATE|[11]|Bytes:63
11:19:31.0 (11396367)|HEAP_ALLOCATE|[11]|Bytes:87
11:19:31.0 (11412386)|ENTERING_MANAGED_PKG|
11:19:31.0 (11419384)|USER_DEBUG|[11]|ERROR|The PermissionSet Name: PermissionSet:{Id=0PS36000000mmneGAA, Name=X00e1a000000MWaPAAW}
11:19:31.0 (11437552)|HEAP_ALLOCATE|[10]|Bytes:5
11:19:31.0 (11469039)|HEAP_ALLOCATE|[10]|Bytes:12
11:19:31.0 (11482795)|VARIABLE_SCOPE_BEGIN|[10]|PSetName|PermissionSet|true|false
11:19:31.0 (11502393)|VARIABLE_ASSIGNMENT|[10]|PSetName|{"s":1,"v":{"Id":"0PS36000000mmnfGAA","Name":"X00e1a000000MWaQAAW"}}|0x242273d2
11:19:31.0 (11508075)|STATEMENT_EXECUTE|[10]
11:19:31.0 (11510744)|STATEMENT_EXECUTE|[11]
11:19:31.0 (11535538)|ENTERING_MANAGED_PKG|
11:19:31.0 (11575924)|HEAP_ALLOCATE|[11]|Bytes:63
11:19:31.0 (11597957)|HEAP_ALLOCATE|[11]|Bytes:87
11:19:31.0 (11616475)|ENTERING_MANAGED_PKG|
11:19:31.0 (11625553)|USER_DEBUG|[11]|ERROR|The PermissionSet Name: PermissionSet:{Id=0PS36000000mmnfGAA, Name=X00e1a000000MWaQAAW}
11:19:31.0 (11684033)|HEAP_ALLOCATE|[10]|Bytes:5
11:19:31.0 (11718864)|HEAP_ALLOCATE|[10]|Bytes:12
11:19:31.0 (11733255)|VARIABLE_SCOPE_BEGIN|[10]|PSetName|PermissionSet|true|false
11:19:31.0 (11758407)|VARIABLE_ASSIGNMENT|[10]|PSetName|{"s":1,"v":{"Id":"0PS36000000mmngGAA","Name":"X00e1a000000MWaRAAW"}}|0x6e589e83
11:19:31.0 (11764610)|STATEMENT_EXECUTE|[10]
11:19:31.0 (11767090)|STATEMENT_EXECUTE|[11]
11:19:31.0 (11793830)|ENTERING_MANAGED_PKG|
11:19:31.0 (11860046)|HEAP_ALLOCATE|[11]|Bytes:63
11:19:31.0 (11883341)|HEAP_ALLOCATE|[11]|Bytes:87
11:19:31.0 (11903091)|ENTERING_MANAGED_PKG|
11:19:31.0 (11912261)|USER_DEBUG|[11]|ERROR|The PermissionSet Name: PermissionSet:{Id=0PS36000000mmngGAA, Name=X00e1a000000MWaRAAW}
11:19:31.0 (11934970)|HEAP_ALLOCATE|[10]|Bytes:5
11:19:31.0 (11972508)|HEAP_ALLOCATE|[10]|Bytes:12
11:19:31.0 (11987510)|VARIABLE_SCOPE_BEGIN|[10]|PSetName|PermissionSet|true|false
11:19:31.0 (12026095)|VARIABLE_ASSIGNMENT|[10]|PSetName|{"s":1,"v":{"Id":"0PS36000000mmnhGAA","Name":"X00e1a000000MWaSAAW"}}|0x1b9eddfd
11:19:31.0 (12046854)|STATEMENT_EXECUTE|[10]
11:19:31.0 (12048718)|STATEMENT_EXECUTE|[11]
11:19:31.0 (12067353)|ENTERING_MANAGED_PKG|
11:19:31.0 (12089752)|HEAP_ALLOCATE|[11]|Bytes:63
11:19:31.0 (12103171)|HEAP_ALLOCATE|[11]|Bytes:87
11:19:31.0 (12114095)|ENTERING_MANAGED_PKG|
11:19:31.0 (12119666)|USER_DEBUG|[11]|ERROR|The PermissionSet Name: PermissionSet:{Id=0PS36000000mmnhGAA, Name=X00e1a000000MWaSAAW}
11:19:31.0 (12132753)|HEAP_ALLOCATE|[10]|Bytes:5
11:19:31.0 (12153055)|HEAP_ALLOCATE|[10]|Bytes:12
11:19:31.0 (12174029)|VARIABLE_SCOPE_BEGIN|[10]|PSetName|PermissionSet|true|false
11:19:31.0 (12188299)|VARIABLE_ASSIGNMENT|[10]|PSetName|{"s":1,"v":{"Id":"0PS36000000mmniGAA","Name":"X00e1a000000MWaTAAW"}}|0xd9816c6
11:19:31.0 (12191792)|STATEMENT_EXECUTE|[10]
11:19:31.0 (12193108)|STATEMENT_EXECUTE|[11]
11:19:31.0 (12209368)|ENTERING_MANAGED_PKG|
11:19:31.0 (12249962)|HEAP_ALLOCATE|[11]|Bytes:63
11:19:31.0 (12265241)|HEAP_ALLOCATE|[11]|Bytes:87
11:19:31.0 (12276659)|ENTERING_MANAGED_PKG|
11:19:31.0 (12282210)|USER_DEBUG|[11]|ERROR|The PermissionSet Name: PermissionSet:{Id=0PS36000000mmniGAA, Name=X00e1a000000MWaTAAW}
11:19:31.0 (12294814)|HEAP_ALLOCATE|[10]|Bytes:5
11:19:31.0 (12314757)|HEAP_ALLOCATE|[10]|Bytes:12
11:19:31.0 (12322498)|VARIABLE_SCOPE_BEGIN|[10]|PSetName|PermissionSet|true|false
11:19:31.0 (12335920)|VARIABLE_ASSIGNMENT|[10]|PSetName|{"s":1,"v":{"Id":"0PS36000000mmnjGAA","Name":"X00e1a000000MWaUAAW"}}|0x3a935844
11:19:31.0 (12339325)|STATEMENT_EXECUTE|[10]
11:19:31.0 (12340610)|STATEMENT_EXECUTE|[11]
11:19:31.0 (12355772)|ENTERING_MANAGED_PKG|
11:19:31.0 (12376407)|HEAP_ALLOCATE|[11]|Bytes:63
11:19:31.0 (12388931)|HEAP_ALLOCATE|[11]|Bytes:87
11:19:31.0 (12399025)|ENTERING_MANAGED_PKG|
11:19:31.0 (12404246)|USER_DEBUG|[11]|ERROR|The PermissionSet Name: PermissionSet:{Id=0PS36000000mmnjGAA, Name=X00e1a000000MWaUAAW}
11:19:31.0 (12416252)|HEAP_ALLOCATE|[10]|Bytes:5
11:19:31.0 (12435946)|HEAP_ALLOCATE|[10]|Bytes:12
11:19:31.0 (12444288)|VARIABLE_SCOPE_BEGIN|[10]|PSetName|PermissionSet|true|false
11:19:31.0 (12457571)|VARIABLE_ASSIGNMENT|[10]|PSetName|{"s":1,"v":{"Id":"0PS36000000mmnlGAA","Name":"X00e1a000000N1LRAA0"}}|0x10957513
11:19:31.0 (12460599)|STATEMENT_EXECUTE|[10]
11:19:31.0 (12461915)|STATEMENT_EXECUTE|[11]
11:19:31.0 (12476434)|ENTERING_MANAGED_PKG|
11:19:31.0 (12496398)|HEAP_ALLOCATE|[11]|Bytes:63
11:19:31.0 (12512502)|HEAP_ALLOCATE|[11]|Bytes:87
11:19:31.0 (12523410)|ENTERING_MANAGED_PKG|
11:19:31.0 (12528784)|USER_DEBUG|[11]|ERROR|The PermissionSet Name: PermissionSet:{Id=0PS36000000mmnlGAA, Name=X00e1a000000N1LRAA0}
11:19:31.0 (12540702)|HEAP_ALLOCATE|[10]|Bytes:5
11:19:31.0 (12568443)|HEAP_ALLOCATE|[10]|Bytes:12
11:19:31.0 (12576723)|VARIABLE_SCOPE_BEGIN|[10]|PSetName|PermissionSet|true|false
11:19:31.0 (12589940)|VARIABLE_ASSIGNMENT|[10]|PSetName|{"s":1,"v":{"Id":"0PS36000000mmnmGAA","Name":"X00e1a000000N1LSAA0"}}|0x7d8923c9
11:19:31.0 (12592968)|STATEMENT_EXECUTE|[10]
11:19:31.0 (12594649)|STATEMENT_EXECUTE|[11]
11:19:31.0 (12609720)|ENTERING_MANAGED_PKG|
11:19:31.0 (12630668)|HEAP_ALLOCATE|[11]|Bytes:63
11:19:31.0 (12643373)|HEAP_ALLOCATE|[11]|Bytes:87
11:19:31.0 (12653511)|ENTERING_MANAGED_PKG|
11:19:31.0 (12659027)|USER_DEBUG|[11]|ERROR|The PermissionSet Name: PermissionSet:{Id=0PS36000000mmnmGAA, Name=X00e1a000000N1LSAA0}
11:19:31.0 (12671065)|HEAP_ALLOCATE|[10]|Bytes:5
11:19:31.0 (12690493)|HEAP_ALLOCATE|[10]|Bytes:12
11:19:31.0 (12698182)|VARIABLE_SCOPE_BEGIN|[10]|PSetName|PermissionSet|true|false
11:19:31.0 (12711056)|VARIABLE_ASSIGNMENT|[10]|PSetName|{"s":1,"v":{"Id":"0PS36000000mmnnGAA","Name":"X00e1a000000N1wKAAS"}}|0x30ea3498
11:19:31.0 (12714138)|STATEMENT_EXECUTE|[10]
11:19:31.0 (12715446)|STATEMENT_EXECUTE|[11]
11:19:31.0 (12729986)|ENTERING_MANAGED_PKG|
11:19:31.0 (12749964)|HEAP_ALLOCATE|[11]|Bytes:63
11:19:31.0 (12781208)|HEAP_ALLOCATE|[11]|Bytes:87
11:19:31.0 (12793166)|ENTERING_MANAGED_PKG|
11:19:31.0 (12798910)|USER_DEBUG|[11]|ERROR|The PermissionSet Name: PermissionSet:{Id=0PS36000000mmnnGAA, Name=X00e1a000000N1wKAAS}
11:19:31.0 (12811675)|HEAP_ALLOCATE|[10]|Bytes:5
11:19:31.0 (12831887)|HEAP_ALLOCATE|[10]|Bytes:12
11:19:31.0 (12839765)|VARIABLE_SCOPE_BEGIN|[10]|PSetName|PermissionSet|true|false
11:19:31.0 (12852845)|VARIABLE_ASSIGNMENT|[10]|PSetName|{"s":1,"v":{"Id":"0PS36000000mmnoGAA","Name":"X00e1a000000N1wLAAS"}}|0x101b0bb9
11:19:31.0 (12855838)|STATEMENT_EXECUTE|[10]
11:19:31.0 (12857227)|STATEMENT_EXECUTE|[11]
11:19:31.0 (12872087)|ENTERING_MANAGED_PKG|
11:19:31.0 (12892821)|HEAP_ALLOCATE|[11]|Bytes:63
11:19:31.0 (12905209)|HEAP_ALLOCATE|[11]|Bytes:87
11:19:31.0 (12931668)|ENTERING_MANAGED_PKG|
11:19:31.0 (12938698)|USER_DEBUG|[11]|ERROR|The PermissionSet Name: PermissionSet:{Id=0PS36000000mmnoGAA, Name=X00e1a000000N1wLAAS}
11:19:31.0 (12952664)|HEAP_ALLOCATE|[10]|Bytes:5
11:19:31.0 (12984770)|HEAP_ALLOCATE|[10]|Bytes:12
11:19:31.0 (12993429)|VARIABLE_SCOPE_BEGIN|[10]|PSetName|PermissionSet|true|false
11:19:31.0 (13006828)|VARIABLE_ASSIGNMENT|[10]|PSetName|{"s":1,"v":{"Id":"0PS36000000mmnqGAA","Name":"X00e1a000000MWaAAAW"}}|0x2b1dd944
11:19:31.0 (13011418)|STATEMENT_EXECUTE|[10]
11:19:31.0 (13012860)|STATEMENT_EXECUTE|[11]
11:19:31.0 (13028315)|ENTERING_MANAGED_PKG|
11:19:31.0 (13049473)|HEAP_ALLOCATE|[11]|Bytes:63
11:19:31.0 (13062117)|HEAP_ALLOCATE|[11]|Bytes:87
11:19:31.0 (13072230)|ENTERING_MANAGED_PKG|
11:19:31.0 (13077465)|USER_DEBUG|[11]|ERROR|The PermissionSet Name: PermissionSet:{Id=0PS36000000mmnqGAA, Name=X00e1a000000MWaAAAW}
11:19:31.0 (13089564)|HEAP_ALLOCATE|[10]|Bytes:5
11:19:31.0 (13103458)|VARIABLE_ASSIGNMENT|[10]|PSetName|null|
11:19:31.0 (13107298)|STATEMENT_EXECUTE|[14]
11:19:31.0 (13129471)|SYSTEM_MODE_EXIT|false
11:19:31.13 (13195041)|CUMULATIVE_LIMIT_USAGE
11:19:31.13 (13195041)|LIMIT_USAGE_FOR_NS|(default)|
  Number of SOQL queries: 0 out of 100
  Number of query rows: 0 out of 50000
  Number of SOSL queries: 0 out of 20
  Number of DML statements: 0 out of 150
  Number of DML rows: 0 out of 10000
  Maximum CPU time: 0 out of 10000
  Maximum heap size: 0 out of 6000000
  Number of callouts: 0 out of 100
  Number of Email Invocations: 0 out of 10
  Number of future calls: 0 out of 50
  Number of queueable jobs added to the queue: 0 out of 50
  Number of Mobile Apex push calls: 0 out of 10

11:19:31.13 (13195041)|LIMIT_USAGE_FOR_NS|shiva15testns|
  Number of SOQL queries: 1 out of 100
  Number of query rows: 36 out of 50000
  Number of SOSL queries: 0 out of 20
  Number of DML statements: 0 out of 150
  Number of DML rows: 0 out of 10000
  Maximum CPU time: 0 out of 10000
  Maximum heap size: 0 out of 6000000
  Number of callouts: 0 out of 100
  Number of Email Invocations: 0 out of 10
  Number of future calls: 0 out of 50
  Number of queueable jobs added to the queue: 0 out of 50
  Number of Mobile Apex push calls: 0 out of 10

11:19:31.13 (13195041)|CUMULATIVE_LIMIT_USAGE_END

11:19:31.0 (13307588)|CODE_UNIT_FINISHED|PermissionSetPortalControllers.getAllPermissionSets
11:19:31.0 (15304277)|EXECUTION_FINISHED
