36.0 APEX_CODE,FINEST;APEX_PROFILING,INFO;CALLOUT,INFO;DB,INFO;SYSTEM,DEBUG;VALIDATION,INFO;VISUALFORCE,INFO;WORKFLOW,INFO
13:39:32.1 (1016089)|HEAP_ALLOCATE|[72]|Bytes:3
13:39:32.1 (1094678)|HEAP_ALLOCATE|[77]|Bytes:152
13:39:32.1 (1115632)|HEAP_ALLOCATE|[342]|Bytes:408
13:39:32.1 (1135088)|HEAP_ALLOCATE|[355]|Bytes:408
13:39:32.1 (1153485)|HEAP_ALLOCATE|[467]|Bytes:48
13:39:32.2 (2841773)|STATEMENT_EXECUTE|[1]
13:39:32.2 (2884314)|HEAP_ALLOCATE|[50]|Bytes:5
13:39:32.2 (2913328)|HEAP_ALLOCATE|[56]|Bytes:5
13:39:32.2 (2922623)|HEAP_ALLOCATE|[64]|Bytes:7
13:39:32.2 (2951775)|SYSTEM_MODE_ENTER|false
13:39:32.2 (2968814)|HEAP_ALLOCATE|[EXTERNAL]|Bytes:5
13:39:32.2 (2973944)|STATEMENT_EXECUTE|[465]
13:39:32.2 (2975750)|STATEMENT_EXECUTE|[492]
13:39:32.2 (2976885)|STATEMENT_EXECUTE|[508]
13:39:32.2 (2977999)|STATEMENT_EXECUTE|[522]
13:39:32.2 (2979110)|STATEMENT_EXECUTE|[548]
13:39:32.2 (2980224)|STATEMENT_EXECUTE|[564]
13:39:32.2 (2986439)|SYSTEM_MODE_EXIT|false
13:39:32.2 (2999101)|METHOD_EXIT|[1]|PermissionSetPortalControllers
13:39:32.2 (3004265)|HEAP_ALLOCATE|[EXTERNAL]|Bytes:129
13:39:32.2 (3007216)|HEAP_ALLOCATE|[EXTERNAL]|Bytes:6228
13:39:32.2 (3012847)|SYSTEM_MODE_ENTER|false
13:39:32.2 (3025321)|VARIABLE_SCOPE_BEGIN|[436]|changesRecordedObj|String|false|false
13:39:32.2 (3055192)|VARIABLE_ASSIGNMENT|[436]|changesRecordedObj|"{\"changedinPSetDetai (109 more) ..."
13:39:32.2 (3060734)|VARIABLE_SCOPE_BEGIN|[436]|changedPSetData|String|false|false
13:39:32.2 (3066889)|VARIABLE_ASSIGNMENT|[436]|changedPSetData|"[{\"name\":\"X00e1a0000 (6208 more) ..."
13:39:32.2 (3070417)|VARIABLE_SCOPE_BEGIN|[436]|changedObjData|String|false|false
13:39:32.2 (3075000)|VARIABLE_ASSIGNMENT|[436]|changedObjData|null
13:39:32.2 (3088290)|HEAP_ALLOCATE|[437]|Bytes:5
13:39:32.2 (3092245)|STATEMENT_EXECUTE|[436]
13:39:32.2 (3093621)|STATEMENT_EXECUTE|[437]
13:39:32.2 (3094644)|STATEMENT_EXECUTE|[437]
13:39:32.2 (3095820)|STATEMENT_EXECUTE|[441]
13:39:32.2 (3098918)|HEAP_ALLOCATE|[441]|Bytes:37
13:39:32.2 (3130201)|ENTERING_MANAGED_PKG|
13:39:32.2 (3163183)|USER_DEBUG|[441]|DEBUG|Its inside the savePSetDetailsChanges
13:39:32.2 (3179565)|SYSTEM_MODE_EXIT|false
13:39:32.3 (3222868)|CUMULATIVE_LIMIT_USAGE
13:39:32.3 (3222868)|LIMIT_USAGE_FOR_NS|(default)|
  Number of SOQL queries: 0 out of 100
  Number of query rows: 0 out of 50000
  Number of SOSL queries: 0 out of 20
  Number of DML statements: 0 out of 150
  Number of DML rows: 0 out of 10000
  Maximum CPU time: 0 out of 10000
  Maximum heap size: 0 out of 6000000
  Number of callouts: 0 out of 100
  Number of Email Invocations: 0 out of 10
  Number of future calls: 0 out of 50
  Number of queueable jobs added to the queue: 0 out of 50
  Number of Mobile Apex push calls: 0 out of 10

13:39:32.3 (3222868)|CUMULATIVE_LIMIT_USAGE_END

13:39:32.2 (3267534)|CODE_UNIT_FINISHED|PermissionSetPortalControllers.savePSetDetailsChanges
