36.0 APEX_CODE,FINEST;APEX_PROFILING,INFO;CALLOUT,INFO;DB,INFO;SYSTEM,DEBUG;VALIDATION,INFO;VISUALFORCE,INFO;WORKFLOW,INFO
16:38:01.0 (547975)|EXECUTION_STARTED
16:38:01.0 (585036)|CODE_UNIT_STARTED|[EXTERNAL]|01p36000005Jpvx|PermissionSetPortalControllers.getAllFields
16:38:01.0 (1364338)|VARIABLE_SCOPE_BEGIN|[2]|PermissionSetPortalControllers.AllObjectsofOrg|Map<String,Schema.SObjectType>|true|true
16:38:01.0 (1386560)|VARIABLE_SCOPE_BEGIN|[3]|PermissionSetPortalControllers.AllPermissionSets|List<PermissionSet>|true|true
16:38:01.0 (1404092)|VARIABLE_SCOPE_BEGIN|[4]|PermissionSetPortalControllers.inputField|String|false|true
16:38:01.0 (1610655)|HEAP_ALLOCATE|[72]|Bytes:3
16:38:01.0 (1665371)|HEAP_ALLOCATE|[77]|Bytes:152
16:38:01.0 (1687019)|HEAP_ALLOCATE|[342]|Bytes:408
16:38:01.0 (1718246)|HEAP_ALLOCATE|[355]|Bytes:408
16:38:01.0 (1737873)|HEAP_ALLOCATE|[467]|Bytes:48
16:38:01.0 (1781696)|HEAP_ALLOCATE|[139]|Bytes:6
16:38:01.0 (1812575)|HEAP_ALLOCATE|[EXTERNAL]|Bytes:88
16:38:01.0 (1817741)|HEAP_ALLOCATE|[EXTERNAL]|Bytes:9
16:38:01.0 (1820852)|HEAP_ALLOCATE|[EXTERNAL]|Bytes:11
16:38:01.0 (1839582)|METHOD_ENTRY|[1]|01p36000005Jpvx|PermissionSetPortalControllers.PermissionSetPortalControllers()
16:38:01.0 (1844666)|STATEMENT_EXECUTE|[1]
16:38:01.0 (1849397)|STATEMENT_EXECUTE|[1]
16:38:01.0 (1884343)|HEAP_ALLOCATE|[50]|Bytes:5
16:38:01.0 (1911690)|HEAP_ALLOCATE|[56]|Bytes:5
16:38:01.0 (1920785)|HEAP_ALLOCATE|[64]|Bytes:7
16:38:01.0 (1950648)|SYSTEM_MODE_ENTER|false
16:38:01.0 (1970254)|HEAP_ALLOCATE|[EXTERNAL]|Bytes:5
16:38:01.0 (1978302)|SYSTEM_MODE_EXIT|false
16:38:01.0 (1990763)|METHOD_EXIT|[1]|PermissionSetPortalControllers
16:38:01.0 (1999054)|SYSTEM_MODE_ENTER|false
16:38:01.0 (2012785)|VARIABLE_SCOPE_BEGIN|[63]|selectedObject|String|false|false
16:38:01.0 (2047592)|VARIABLE_ASSIGNMENT|[63]|selectedObject|null
16:38:01.0 (2061248)|HEAP_ALLOCATE|[65]|Bytes:5
16:38:01.0 (2065728)|STATEMENT_EXECUTE|[63]
16:38:01.0 (2068164)|STATEMENT_EXECUTE|[65]
16:38:01.0 (2075732)|HEAP_ALLOCATE|[65]|Bytes:4
16:38:01.0 (2122717)|ENTERING_MANAGED_PKG|
16:38:01.0 (2158126)|VARIABLE_SCOPE_BEGIN|[65]|individiaulObjFields|List<String>|true|false
16:38:01.0 (2207356)|HEAP_ALLOCATE|[EXTERNAL]|Bytes:4
16:38:01.0 (2231909)|VARIABLE_ASSIGNMENT|[65]|individiaulObjFields|{"s":1,"v":[]}|0x144d1d70
16:38:01.0 (2235310)|STATEMENT_EXECUTE|[68]
16:38:01.0 (2263656)|ENTERING_MANAGED_PKG|
16:38:01.0 (22977201)|HEAP_ALLOCATE|[68]|Bytes:1412
16:38:01.0 (23011716)|VARIABLE_SCOPE_BEGIN|[68]|schemaMap|Map<String,Schema.SObjectType>|true|false
16:38:01.0 (23297610)|VARIABLE_ASSIGNMENT|[68]|schemaMap|"{acceptedeventrelation=AcceptedEventRelation, account=Account, accountcleaninfo=AccountCleanInfo, accountcontactrole=AccountContactRole, accountfeed=AccountFeed, accounthistory=AccountHistory, accountpartner=AccountPartner, accountshare=AccountShare, actionlinkgrouptemplate=ActionLinkGroupTemplate, actionlinktemplate=ActionLinkTemplate, ...}"|0x2a145380
16:38:01.0 (23306812)|STATEMENT_EXECUTE|[72]
16:38:01.0 (23336323)|ENTERING_MANAGED_PKG|
16:38:01.0 (23461019)|HEAP_ALLOCATE|[72]|Bytes:41
16:38:01.0 (23552740)|FATAL_ERROR|System.NullPointerException: Attempt to de-reference a null object

Class.shiva15testns.PermissionSetPortalControllers.getAllFields: line 72, column 1
16:38:01.0 (23567020)|FATAL_ERROR|System.NullPointerException: Attempt to de-reference a null object

Class.shiva15testns.PermissionSetPortalControllers.getAllFields: line 72, column 1
16:38:01.23 (23578326)|CUMULATIVE_LIMIT_USAGE
16:38:01.23 (23578326)|LIMIT_USAGE_FOR_NS|(default)|
  Number of SOQL queries: 0 out of 100
  Number of query rows: 0 out of 50000
  Number of SOSL queries: 0 out of 20
  Number of DML statements: 0 out of 150
  Number of DML rows: 0 out of 10000
  Maximum CPU time: 0 out of 10000
  Maximum heap size: 0 out of 6000000
  Number of callouts: 0 out of 100
  Number of Email Invocations: 0 out of 10
  Number of future calls: 0 out of 50
  Number of queueable jobs added to the queue: 0 out of 50
  Number of Mobile Apex push calls: 0 out of 10

16:38:01.23 (23578326)|CUMULATIVE_LIMIT_USAGE_END

16:38:01.0 (23637898)|CODE_UNIT_FINISHED|PermissionSetPortalControllers.getAllFields
16:38:01.0 (25569874)|EXECUTION_FINISHED
