36.0 APEX_CODE,FINEST;APEX_PROFILING,INFO;CALLOUT,INFO;DB,INFO;SYSTEM,DEBUG;VALIDATION,INFO;VISUALFORCE,INFO;WORKFLOW,INFO
13:48:36.0 (467110)|EXECUTION_STARTED
13:48:36.0 (501271)|CODE_UNIT_STARTED|[EXTERNAL]|01p36000005Jpvx|PermissionSetPortalControllers.getAllPermissionSets
13:48:36.0 (1221148)|VARIABLE_SCOPE_BEGIN|[3]|PermissionSetPortalControllers.AllPermissionSets|List<PermissionSet>|true|true
13:48:36.0 (1244268)|VARIABLE_SCOPE_BEGIN|[10]|PermissionSetPortalControllers.accountField|Set<String>|true|true
13:48:36.0 (1249432)|VARIABLE_SCOPE_BEGIN|[5]|PermissionSetPortalControllers.allObjectsOfOrg|List<shiva15testns.PermissionSetPortalControllers.ObjectDetailsClass>|true|true
13:48:36.0 (1253976)|VARIABLE_SCOPE_BEGIN|[9]|PermissionSetPortalControllers.contactsField|Set<String>|true|true
13:48:36.0 (1257592)|VARIABLE_SCOPE_BEGIN|[7]|PermissionSetPortalControllers.isNotSystemSObjectList|Set<String>|true|true
13:48:36.0 (1443132)|HEAP_ALLOCATE|[72]|Bytes:3
13:48:36.0 (1506330)|HEAP_ALLOCATE|[77]|Bytes:152
13:48:36.0 (1527164)|HEAP_ALLOCATE|[342]|Bytes:408
13:48:36.0 (1549286)|HEAP_ALLOCATE|[355]|Bytes:408
13:48:36.0 (1569182)|HEAP_ALLOCATE|[467]|Bytes:48
13:48:36.0 (1604024)|HEAP_ALLOCATE|[139]|Bytes:6
13:48:36.0 (1631044)|HEAP_ALLOCATE|[EXTERNAL]|Bytes:168
13:48:36.0 (1636775)|HEAP_ALLOCATE|[EXTERNAL]|Bytes:89
13:48:36.0 (1640207)|HEAP_ALLOCATE|[EXTERNAL]|Bytes:348
13:48:36.0 (1658324)|METHOD_ENTRY|[1]|01p36000005Jpvx|PermissionSetPortalControllers.PermissionSetPortalControllers()
13:48:36.0 (1662698)|STATEMENT_EXECUTE|[1]
13:48:36.0 (1668882)|STATEMENT_EXECUTE|[1]
13:48:36.0 (1700164)|HEAP_ALLOCATE|[50]|Bytes:5
13:48:36.0 (1726949)|HEAP_ALLOCATE|[56]|Bytes:5
13:48:36.0 (1735376)|HEAP_ALLOCATE|[64]|Bytes:7
13:48:36.0 (1762712)|SYSTEM_MODE_ENTER|false
13:48:36.0 (1785104)|HEAP_ALLOCATE|[9]|Bytes:5
13:48:36.0 (1789657)|STATEMENT_EXECUTE|[9]
13:48:36.0 (1797709)|HEAP_ALLOCATE|[9]|Bytes:4
13:48:36.0 (1845663)|ENTERING_MANAGED_PKG|
13:48:36.0 (1972132)|VARIABLE_ASSIGNMENT|[9]|PermissionSetPortalControllers.contactsField|{"s":1,"v":[]}|0x5a285a46
13:48:36.0 (1977166)|STATEMENT_EXECUTE|[10]
13:48:36.0 (1982583)|HEAP_ALLOCATE|[10]|Bytes:4
13:48:36.0 (1996220)|ENTERING_MANAGED_PKG|
13:48:36.0 (2031386)|VARIABLE_ASSIGNMENT|[10]|PermissionSetPortalControllers.accountField|{"s":1,"v":[]}|0x56e0977a
13:48:36.0 (2036414)|STATEMENT_EXECUTE|[1039]
13:48:36.0 (2038188)|STATEMENT_EXECUTE|[1068]
13:48:36.0 (2039613)|STATEMENT_EXECUTE|[1096]
13:48:36.0 (2041267)|STATEMENT_EXECUTE|[1125]
13:48:36.0 (2042389)|STATEMENT_EXECUTE|[1141]
13:48:36.0 (2043619)|STATEMENT_EXECUTE|[1158]
13:48:36.0 (2044793)|STATEMENT_EXECUTE|[1169]
13:48:36.0 (2045955)|STATEMENT_EXECUTE|[1174]
13:48:36.0 (2057080)|SYSTEM_MODE_EXIT|false
13:48:36.0 (2068146)|METHOD_EXIT|[1]|PermissionSetPortalControllers
13:48:36.0 (2077978)|SYSTEM_MODE_ENTER|false
13:48:36.0 (2093190)|HEAP_ALLOCATE|[157]|Bytes:5
13:48:36.0 (2097574)|STATEMENT_EXECUTE|[156]
13:48:36.0 (2099153)|STATEMENT_EXECUTE|[157]
13:48:36.0 (2100449)|STATEMENT_EXECUTE|[157]
13:48:36.0 (2101757)|STATEMENT_EXECUTE|[158]
13:48:36.0 (2105143)|HEAP_ALLOCATE|[158]|Bytes:99
13:48:36.0 (2116955)|HEAP_ALLOCATE|[158]|Bytes:4
13:48:36.0 (3240992)|SOQL_EXECUTE_BEGIN|[158]|Aggregations:0|SELECT Id, label, Name, Description, NamespacePrefix, UserLicenseId, CreatedDate FROM PermissionSet
13:48:36.0 (7468370)|SOQL_EXECUTE_END|[158]|Rows:45
13:48:36.0 (7485801)|HEAP_ALLOCATE|[158]|Bytes:184
13:48:36.0 (7596182)|HEAP_ALLOCATE|[158]|Bytes:7983
13:48:36.0 (7642036)|HEAP_ALLOCATE|[158]|Bytes:184
13:48:36.0 (7680791)|VARIABLE_ASSIGNMENT|[158]|PermissionSetPortalControllers.AllPermissionSets|{"s":1,"v":"List of size 45 too large to display"}|0x3a1bc244
13:48:36.0 (7797389)|ENTERING_MANAGED_PKG|
13:48:36.0 (7836911)|STATEMENT_EXECUTE|[159]
13:48:36.0 (7840329)|STATEMENT_EXECUTE|[160]
13:48:36.0 (8026934)|VARIABLE_SCOPE_BEGIN|[160]|pSetObj|shiva15testns.PermissionSetPortalControllers.PermissionSetClass|true|false
13:48:36.0 (8042846)|VARIABLE_ASSIGNMENT|[160]|pSetObj|null|
13:48:36.0 (8046784)|STATEMENT_EXECUTE|[161]
13:48:36.0 (8055036)|HEAP_ALLOCATE|[161]|Bytes:4
13:48:36.0 (8118365)|ENTERING_MANAGED_PKG|
13:48:36.0 (8141527)|VARIABLE_SCOPE_BEGIN|[161]|permissionSetsLst|List<shiva15testns.PermissionSetPortalControllers.PermissionSetClass>|true|false
13:48:36.0 (8170249)|HEAP_ALLOCATE|[EXTERNAL]|Bytes:4
13:48:36.0 (8185598)|VARIABLE_ASSIGNMENT|[161]|permissionSetsLst|{"s":1,"v":[]}|0x471ef9ce
13:48:36.0 (8206575)|ENTERING_MANAGED_PKG|
13:48:36.0 (8445321)|HEAP_ALLOCATE|[162]|Bytes:5
13:48:36.0 (8499254)|HEAP_ALLOCATE|[162]|Bytes:28
13:48:36.0 (8519342)|VARIABLE_SCOPE_BEGIN|[162]|PSetName|PermissionSet|true|false
13:48:36.0 (8586337)|VARIABLE_ASSIGNMENT|[162]|PSetName|{"s":1,"v":{"Id":"0PS36000000mmnFGAQ","Label":"00e1a000000MWa8AAG","Name":"X00e1a000000MWa8AAG","NamespacePrefix":"shiva15testns","UserLicenseId":"10036000000eSpzAAE","CreatedDate":"2016-03-08T19:00:02.000Z"}}|0x3cd3cd53
13:48:36.0 (8593784)|STATEMENT_EXECUTE|[162]
13:48:36.0 (8631020)|HEAP_ALLOCATE|[163]|Bytes:3
13:48:36.0 (8672574)|ENTERING_MANAGED_PKG|
13:48:36.0 (8717415)|STATEMENT_EXECUTE|[163]
13:48:36.0 (8738792)|HEAP_ALLOCATE|[162]|Bytes:5
13:48:36.0 (8771052)|HEAP_ALLOCATE|[162]|Bytes:28
13:48:36.0 (8780146)|VARIABLE_SCOPE_BEGIN|[162]|PSetName|PermissionSet|true|false
13:48:36.0 (8810410)|VARIABLE_ASSIGNMENT|[162]|PSetName|{"s":1,"v":{"Id":"0PS36000000mmnGGAQ","Label":"00ex00000018ozl_128_ (10 more) ...","Name":"X00ex00000018ozl_128 (11 more) ...","NamespacePrefix":"shiva15testns","UserLicenseId":"10036000000eSpyAAE","CreatedDate":"2016-03-08T19:00:02.000Z"}}|0x669b1220
13:48:36.0 (8815676)|STATEMENT_EXECUTE|[162]
13:48:36.0 (8839218)|ENTERING_MANAGED_PKG|
13:48:36.0 (8849749)|STATEMENT_EXECUTE|[163]
13:48:36.0 (8860985)|HEAP_ALLOCATE|[162]|Bytes:5
13:48:36.0 (8881950)|HEAP_ALLOCATE|[162]|Bytes:28
13:48:36.0 (8889451)|VARIABLE_SCOPE_BEGIN|[162]|PSetName|PermissionSet|true|false
13:48:36.0 (8917355)|VARIABLE_ASSIGNMENT|[162]|PSetName|{"s":1,"v":{"Id":"0PS36000000mmnHGAQ","Label":"00ex00000018ozm_128_ (10 more) ...","Name":"X00ex00000018ozm_128 (11 more) ...","NamespacePrefix":"shiva15testns","UserLicenseId":"10036000000eSpyAAE","CreatedDate":"2016-03-08T19:00:02.000Z"}}|0x2f8d4c01
13:48:36.0 (8924393)|STATEMENT_EXECUTE|[162]
13:48:36.0 (8955424)|ENTERING_MANAGED_PKG|
13:48:36.0 (8975075)|STATEMENT_EXECUTE|[163]
13:48:36.0 (8993782)|HEAP_ALLOCATE|[162]|Bytes:5
13:48:36.0 (9028592)|HEAP_ALLOCATE|[162]|Bytes:28
13:48:36.0 (9041719)|VARIABLE_SCOPE_BEGIN|[162]|PSetName|PermissionSet|true|false
13:48:36.0 (9077719)|VARIABLE_ASSIGNMENT|[162]|PSetName|{"s":1,"v":{"Id":"0PS36000000mmnIGAQ","Label":"00ex00000018ozk_128_ (10 more) ...","Name":"X00ex00000018ozk_128 (11 more) ...","NamespacePrefix":"shiva15testns","UserLicenseId":"10036000000eSpyAAE","CreatedDate":"2016-03-08T19:00:02.000Z"}}|0x3a5168b5
13:48:36.0 (9085350)|STATEMENT_EXECUTE|[162]
13:48:36.0 (9115232)|ENTERING_MANAGED_PKG|
13:48:36.0 (9133539)|STATEMENT_EXECUTE|[163]
13:48:36.0 (9151543)|HEAP_ALLOCATE|[162]|Bytes:5
13:48:36.0 (9184100)|HEAP_ALLOCATE|[162]|Bytes:28
13:48:36.0 (9196782)|VARIABLE_SCOPE_BEGIN|[162]|PSetName|PermissionSet|true|false
13:48:36.0 (9232219)|VARIABLE_ASSIGNMENT|[162]|PSetName|{"s":1,"v":{"Id":"0PS36000000mmnJGAQ","Label":"00ex00000018ozj_128_ (10 more) ...","Name":"X00ex00000018ozj_128 (11 more) ...","NamespacePrefix":"shiva15testns","UserLicenseId":"10036000000eSpyAAE","CreatedDate":"2016-03-08T19:00:02.000Z"}}|0x184a83f9
13:48:36.0 (9239576)|STATEMENT_EXECUTE|[162]
13:48:36.0 (9268426)|ENTERING_MANAGED_PKG|
13:48:36.0 (9286123)|STATEMENT_EXECUTE|[163]
13:48:36.0 (9305582)|HEAP_ALLOCATE|[162]|Bytes:5
13:48:36.0 (9337594)|HEAP_ALLOCATE|[162]|Bytes:28
13:48:36.0 (9356624)|VARIABLE_SCOPE_BEGIN|[162]|PSetName|PermissionSet|true|false
13:48:36.0 (9393542)|VARIABLE_ASSIGNMENT|[162]|PSetName|{"s":1,"v":{"Id":"0PS36000000mmnKGAQ","Label":"00ex00000018ozo_128_ (10 more) ...","Name":"X00ex00000018ozo_128 (11 more) ...","NamespacePrefix":"shiva15testns","UserLicenseId":"10036000000eSpyAAE","CreatedDate":"2016-03-08T19:00:02.000Z"}}|0x26fe88c2
13:48:36.0 (9400650)|STATEMENT_EXECUTE|[162]
13:48:36.0 (9433601)|ENTERING_MANAGED_PKG|
13:48:36.0 (9451359)|STATEMENT_EXECUTE|[163]
13:48:36.0 (9467493)|HEAP_ALLOCATE|[162]|Bytes:5
13:48:36.0 (9500831)|HEAP_ALLOCATE|[162]|Bytes:28
13:48:36.0 (9514160)|VARIABLE_SCOPE_BEGIN|[162]|PSetName|PermissionSet|true|false
13:48:36.0 (9542323)|VARIABLE_ASSIGNMENT|[162]|PSetName|{"s":1,"v":{"Id":"0PS36000000mmnLGAQ","Label":"00ex00000018ozh_128_ (10 more) ...","Name":"X00ex00000018ozh_128 (11 more) ...","NamespacePrefix":"shiva15testns","UserLicenseId":"10036000000eSpyAAE","CreatedDate":"2016-03-08T19:00:02.000Z"}}|0x63d62558
13:48:36.0 (9546770)|STATEMENT_EXECUTE|[162]
13:48:36.0 (9571522)|ENTERING_MANAGED_PKG|
13:48:36.0 (9582136)|STATEMENT_EXECUTE|[163]
13:48:36.0 (9593829)|HEAP_ALLOCATE|[162]|Bytes:5
13:48:36.0 (9614645)|HEAP_ALLOCATE|[162]|Bytes:28
13:48:36.0 (9622045)|VARIABLE_SCOPE_BEGIN|[162]|PSetName|PermissionSet|true|false
13:48:36.0 (9646236)|VARIABLE_ASSIGNMENT|[162]|PSetName|{"s":1,"v":{"Id":"0PS36000000mmnMGAQ","Label":"00ex00000018ozq_128_ (11 more) ...","Name":"X00ex00000018ozq_128 (12 more) ...","NamespacePrefix":"shiva15testns","UserLicenseId":"10036000000eSpyAAE","CreatedDate":"2016-03-08T19:00:02.000Z"}}|0x5273ed57
13:48:36.0 (9650845)|STATEMENT_EXECUTE|[162]
13:48:36.0 (9672050)|ENTERING_MANAGED_PKG|
13:48:36.0 (9681980)|STATEMENT_EXECUTE|[163]
13:48:36.0 (9692700)|HEAP_ALLOCATE|[162]|Bytes:5
13:48:36.0 (9712771)|HEAP_ALLOCATE|[162]|Bytes:28
13:48:36.0 (9719957)|VARIABLE_SCOPE_BEGIN|[162]|PSetName|PermissionSet|true|false
13:48:36.0 (9743423)|VARIABLE_ASSIGNMENT|[162]|PSetName|{"s":1,"v":{"Id":"0PS36000000mmnNGAQ","Label":"00ex00000018ozp_128_ (10 more) ...","Name":"X00ex00000018ozp_128 (11 more) ...","NamespacePrefix":"shiva15testns","UserLicenseId":"10036000000eSpyAAE","CreatedDate":"2016-03-08T19:00:02.000Z"}}|0x1eeaf9ab
13:48:36.0 (9747915)|STATEMENT_EXECUTE|[162]
13:48:36.0 (9769180)|ENTERING_MANAGED_PKG|
13:48:36.0 (9778964)|STATEMENT_EXECUTE|[163]
13:48:36.0 (9789643)|HEAP_ALLOCATE|[162]|Bytes:5
13:48:36.0 (9809231)|HEAP_ALLOCATE|[162]|Bytes:28
13:48:36.0 (9816287)|VARIABLE_SCOPE_BEGIN|[162]|PSetName|PermissionSet|true|false
13:48:36.0 (9839862)|VARIABLE_ASSIGNMENT|[162]|PSetName|{"s":1,"v":{"Id":"0PS36000000mmnOGAQ","Label":"00ex00000018ozn_128_ (10 more) ...","Name":"X00ex00000018ozn_128 (11 more) ...","NamespacePrefix":"shiva15testns","UserLicenseId":"10036000000eSpyAAE","CreatedDate":"2016-03-08T19:00:02.000Z"}}|0x4c80ca2c
13:48:36.0 (9844617)|STATEMENT_EXECUTE|[162]
13:48:36.0 (9865683)|ENTERING_MANAGED_PKG|
13:48:36.0 (9875492)|STATEMENT_EXECUTE|[163]
13:48:36.0 (9886186)|HEAP_ALLOCATE|[162]|Bytes:5
13:48:36.0 (9905858)|HEAP_ALLOCATE|[162]|Bytes:28
13:48:36.0 (9913044)|VARIABLE_SCOPE_BEGIN|[162]|PSetName|PermissionSet|true|false
13:48:36.0 (9936227)|VARIABLE_ASSIGNMENT|[162]|PSetName|{"s":1,"v":{"Id":"0PS36000000mmnPGAQ","Label":"00e1a000000MWa9AAG","Name":"X00e1a000000MWa9AAG","NamespacePrefix":"shiva15testns","UserLicenseId":"10036000000eSq0AAE","CreatedDate":"2016-03-08T19:00:02.000Z"}}|0x1e2eda01
13:48:36.0 (9940223)|STATEMENT_EXECUTE|[162]
13:48:36.0 (9961134)|ENTERING_MANAGED_PKG|
13:48:36.0 (9970755)|STATEMENT_EXECUTE|[163]
13:48:36.0 (9981238)|HEAP_ALLOCATE|[162]|Bytes:5
13:48:36.0 (10000763)|HEAP_ALLOCATE|[162]|Bytes:28
13:48:36.0 (10008939)|VARIABLE_SCOPE_BEGIN|[162]|PSetName|PermissionSet|true|false
13:48:36.0 (10031928)|VARIABLE_ASSIGNMENT|[162]|PSetName|{"s":1,"v":{"Id":"0PS36000000mmnQGAQ","Label":"00e1a000000MWaBAAW","Name":"X00e1a000000MWaBAAW","NamespacePrefix":"shiva15testns","UserLicenseId":"10036000000eSq2AAE","CreatedDate":"2016-03-08T19:00:02.000Z"}}|0x53fa95c6
13:48:36.0 (10036092)|STATEMENT_EXECUTE|[162]
13:48:36.0 (10056941)|ENTERING_MANAGED_PKG|
13:48:36.0 (10067088)|STATEMENT_EXECUTE|[163]
13:48:36.0 (10079468)|HEAP_ALLOCATE|[162]|Bytes:5
13:48:36.0 (10101790)|HEAP_ALLOCATE|[162]|Bytes:28
13:48:36.0 (10108900)|VARIABLE_SCOPE_BEGIN|[162]|PSetName|PermissionSet|true|false
13:48:36.0 (10131967)|VARIABLE_ASSIGNMENT|[162]|PSetName|{"s":1,"v":{"Id":"0PS36000000mmnRGAQ","Label":"00e1a000000MWaCAAW","Name":"X00e1a000000MWaCAAW","NamespacePrefix":"shiva15testns","UserLicenseId":"10036000000eSq3AAE","CreatedDate":"2016-03-08T19:00:02.000Z"}}|0x1a1409b3
13:48:36.0 (10135967)|STATEMENT_EXECUTE|[162]
13:48:36.0 (10156844)|ENTERING_MANAGED_PKG|
13:48:36.0 (10166652)|STATEMENT_EXECUTE|[163]
13:48:36.0 (10177168)|HEAP_ALLOCATE|[162]|Bytes:5
13:48:36.0 (10196858)|HEAP_ALLOCATE|[162]|Bytes:28
13:48:36.0 (10204173)|VARIABLE_SCOPE_BEGIN|[162]|PSetName|PermissionSet|true|false
13:48:36.0 (10227167)|VARIABLE_ASSIGNMENT|[162]|PSetName|{"s":1,"v":{"Id":"0PS36000000mmnSGAQ","Label":"00e1a000000MWaDAAW","Name":"X00e1a000000MWaDAAW","NamespacePrefix":"shiva15testns","UserLicenseId":"10036000000eSq4AAE","CreatedDate":"2016-03-08T19:00:02.000Z"}}|0x508f7177
13:48:36.0 (10233475)|STATEMENT_EXECUTE|[162]
13:48:36.0 (10255043)|ENTERING_MANAGED_PKG|
13:48:36.0 (10268667)|STATEMENT_EXECUTE|[163]
13:48:36.0 (10286142)|HEAP_ALLOCATE|[162]|Bytes:5
13:48:36.0 (10320208)|HEAP_ALLOCATE|[162]|Bytes:28
13:48:36.0 (10332707)|VARIABLE_SCOPE_BEGIN|[162]|PSetName|PermissionSet|true|false
13:48:36.0 (10369949)|VARIABLE_ASSIGNMENT|[162]|PSetName|{"s":1,"v":{"Id":"0PS36000000mmnTGAQ","Label":"00e1a000000MWaEAAW","Name":"X00e1a000000MWaEAAW","NamespacePrefix":"shiva15testns","UserLicenseId":"10036000000eSq5AAE","CreatedDate":"2016-03-08T19:00:02.000Z"}}|0x381957b5
13:48:36.0 (10375566)|STATEMENT_EXECUTE|[162]
13:48:36.0 (10398789)|ENTERING_MANAGED_PKG|
13:48:36.0 (10408998)|STATEMENT_EXECUTE|[163]
13:48:36.0 (10420103)|HEAP_ALLOCATE|[162]|Bytes:5
13:48:36.0 (10440734)|HEAP_ALLOCATE|[162]|Bytes:28
13:48:36.0 (10448138)|VARIABLE_SCOPE_BEGIN|[162]|PSetName|PermissionSet|true|false
13:48:36.0 (10471155)|VARIABLE_ASSIGNMENT|[162]|PSetName|{"s":1,"v":{"Id":"0PS36000000mmnUGAQ","Label":"00e1a000000MWaFAAW","Name":"X00e1a000000MWaFAAW","NamespacePrefix":"shiva15testns","UserLicenseId":"10036000000eSq6AAE","CreatedDate":"2016-03-08T19:00:02.000Z"}}|0x3f4aa1d5
13:48:36.0 (10475481)|STATEMENT_EXECUTE|[162]
13:48:36.0 (10496512)|ENTERING_MANAGED_PKG|
13:48:36.0 (10506264)|STATEMENT_EXECUTE|[163]
13:48:36.0 (10516955)|HEAP_ALLOCATE|[162]|Bytes:5
13:48:36.0 (10536621)|HEAP_ALLOCATE|[162]|Bytes:28
13:48:36.0 (10543823)|VARIABLE_SCOPE_BEGIN|[162]|PSetName|PermissionSet|true|false
13:48:36.0 (10569856)|VARIABLE_ASSIGNMENT|[162]|PSetName|{"s":1,"v":{"Id":"0PS36000000mmnVGAQ","Label":"00e1a000000MWaGAAW","Name":"X00e1a000000MWaGAAW","NamespacePrefix":"shiva15testns","UserLicenseId":"10036000000eSq7AAE","CreatedDate":"2016-03-08T19:00:02.000Z"}}|0x5a96e1e
13:48:36.0 (10574517)|STATEMENT_EXECUTE|[162]
13:48:36.0 (10595642)|ENTERING_MANAGED_PKG|
13:48:36.0 (10605287)|STATEMENT_EXECUTE|[163]
13:48:36.0 (10616031)|HEAP_ALLOCATE|[162]|Bytes:5
13:48:36.0 (10635860)|HEAP_ALLOCATE|[162]|Bytes:28
13:48:36.0 (10643315)|VARIABLE_SCOPE_BEGIN|[162]|PSetName|PermissionSet|true|false
13:48:36.0 (10666176)|VARIABLE_ASSIGNMENT|[162]|PSetName|{"s":1,"v":{"Id":"0PS36000000mmnWGAQ","Label":"00e1a000000MWaHAAW","Name":"X00e1a000000MWaHAAW","NamespacePrefix":"shiva15testns","UserLicenseId":"10036000000eSq8AAE","CreatedDate":"2016-03-08T19:00:02.000Z"}}|0x2e86b315
13:48:36.0 (10670187)|STATEMENT_EXECUTE|[162]
13:48:36.0 (10690766)|ENTERING_MANAGED_PKG|
13:48:36.0 (10700386)|STATEMENT_EXECUTE|[163]
13:48:36.0 (10710822)|HEAP_ALLOCATE|[162]|Bytes:5
13:48:36.0 (10730434)|HEAP_ALLOCATE|[162]|Bytes:28
13:48:36.0 (10737363)|VARIABLE_SCOPE_BEGIN|[162]|PSetName|PermissionSet|true|false
13:48:36.0 (10760038)|VARIABLE_ASSIGNMENT|[162]|PSetName|{"s":1,"v":{"Id":"0PS36000000mmnXGAQ","Label":"00e1a000000MWaIAAW","Name":"X00e1a000000MWaIAAW","NamespacePrefix":"shiva15testns","UserLicenseId":"10036000000eSq9AAE","CreatedDate":"2016-03-08T19:00:02.000Z"}}|0x5cd0fd8f
13:48:36.0 (10764315)|STATEMENT_EXECUTE|[162]
13:48:36.0 (10785073)|ENTERING_MANAGED_PKG|
13:48:36.0 (10795043)|STATEMENT_EXECUTE|[163]
13:48:36.0 (10805726)|HEAP_ALLOCATE|[162]|Bytes:5
13:48:36.0 (10825453)|HEAP_ALLOCATE|[162]|Bytes:28
13:48:36.0 (10832564)|VARIABLE_SCOPE_BEGIN|[162]|PSetName|PermissionSet|true|false
13:48:36.0 (10855513)|VARIABLE_ASSIGNMENT|[162]|PSetName|{"s":1,"v":{"Id":"0PS36000000mmnYGAQ","Label":"00e1a000000MWaJAAW","Name":"X00e1a000000MWaJAAW","NamespacePrefix":"shiva15testns","UserLicenseId":"10036000000eSqAAAU","CreatedDate":"2016-03-08T19:00:02.000Z"}}|0x36febbc9
13:48:36.0 (10859569)|STATEMENT_EXECUTE|[162]
13:48:36.0 (10880188)|ENTERING_MANAGED_PKG|
13:48:36.0 (10889695)|STATEMENT_EXECUTE|[163]
13:48:36.0 (10900402)|HEAP_ALLOCATE|[162]|Bytes:5
13:48:36.0 (10919915)|HEAP_ALLOCATE|[162]|Bytes:28
13:48:36.0 (10927369)|VARIABLE_SCOPE_BEGIN|[162]|PSetName|PermissionSet|true|false
13:48:36.0 (10949784)|VARIABLE_ASSIGNMENT|[162]|PSetName|{"s":1,"v":{"Id":"0PS36000000mmnZGAQ","Label":"00e1a000000MWaKAAW","Name":"X00e1a000000MWaKAAW","NamespacePrefix":"shiva15testns","UserLicenseId":"10036000000eSqBAAU","CreatedDate":"2016-03-08T19:00:02.000Z"}}|0x78e9fa96
13:48:36.0 (10953923)|STATEMENT_EXECUTE|[162]
13:48:36.0 (10974765)|ENTERING_MANAGED_PKG|
13:48:36.0 (10984250)|STATEMENT_EXECUTE|[163]
13:48:36.0 (10995040)|HEAP_ALLOCATE|[162]|Bytes:5
13:48:36.0 (11014883)|HEAP_ALLOCATE|[162]|Bytes:28
13:48:36.0 (11022836)|VARIABLE_SCOPE_BEGIN|[162]|PSetName|PermissionSet|true|false
13:48:36.0 (11046001)|VARIABLE_ASSIGNMENT|[162]|PSetName|{"s":1,"v":{"Id":"0PS36000000mmnaGAA","Label":"00e1a000000MWaLAAW","Name":"X00e1a000000MWaLAAW","NamespacePrefix":"shiva15testns","UserLicenseId":"10036000000eSqCAAU","CreatedDate":"2016-03-08T19:00:02.000Z"}}|0x636ce085
13:48:36.0 (11050037)|STATEMENT_EXECUTE|[162]
13:48:36.0 (11070954)|ENTERING_MANAGED_PKG|
13:48:36.0 (11080758)|STATEMENT_EXECUTE|[163]
13:48:36.0 (11091577)|HEAP_ALLOCATE|[162]|Bytes:5
13:48:36.0 (11111118)|HEAP_ALLOCATE|[162]|Bytes:28
13:48:36.0 (11118376)|VARIABLE_SCOPE_BEGIN|[162]|PSetName|PermissionSet|true|false
13:48:36.0 (11141459)|VARIABLE_ASSIGNMENT|[162]|PSetName|{"s":1,"v":{"Id":"0PS36000000mmnbGAA","Label":"00e1a000000MWaMAAW","Name":"X00e1a000000MWaMAAW","NamespacePrefix":"shiva15testns","UserLicenseId":"10036000000eSqDAAU","CreatedDate":"2016-03-08T19:00:02.000Z"}}|0x388b55e2
13:48:36.0 (11145596)|STATEMENT_EXECUTE|[162]
13:48:36.0 (11166491)|ENTERING_MANAGED_PKG|
13:48:36.0 (11176138)|STATEMENT_EXECUTE|[163]
13:48:36.0 (11187017)|HEAP_ALLOCATE|[162]|Bytes:5
13:48:36.0 (11207004)|HEAP_ALLOCATE|[162]|Bytes:28
13:48:36.0 (11214062)|VARIABLE_SCOPE_BEGIN|[162]|PSetName|PermissionSet|true|false
13:48:36.0 (11236957)|VARIABLE_ASSIGNMENT|[162]|PSetName|{"s":1,"v":{"Id":"0PS36000000mmncGAA","Label":"00e1a000000MWaNAAW","Name":"X00e1a000000MWaNAAW","NamespacePrefix":"shiva15testns","UserLicenseId":"10036000000eSqEAAU","CreatedDate":"2016-03-08T19:00:02.000Z"}}|0x7b6891c9
13:48:36.0 (11240955)|STATEMENT_EXECUTE|[162]
13:48:36.0 (11262075)|ENTERING_MANAGED_PKG|
13:48:36.0 (11271645)|STATEMENT_EXECUTE|[163]
13:48:36.0 (11282358)|HEAP_ALLOCATE|[162]|Bytes:5
13:48:36.0 (11302781)|HEAP_ALLOCATE|[162]|Bytes:28
13:48:36.0 (11309898)|VARIABLE_SCOPE_BEGIN|[162]|PSetName|PermissionSet|true|false
13:48:36.0 (11332358)|VARIABLE_ASSIGNMENT|[162]|PSetName|{"s":1,"v":{"Id":"0PS36000000mmndGAA","Label":"00e1a000000MWaOAAW","Name":"X00e1a000000MWaOAAW","NamespacePrefix":"shiva15testns","UserLicenseId":"10036000000eSqFAAU","CreatedDate":"2016-03-08T19:00:02.000Z"}}|0x4ce2e978
13:48:36.0 (11336421)|STATEMENT_EXECUTE|[162]
13:48:36.0 (11369325)|ENTERING_MANAGED_PKG|
13:48:36.0 (11380781)|STATEMENT_EXECUTE|[163]
13:48:36.0 (11392082)|HEAP_ALLOCATE|[162]|Bytes:5
13:48:36.0 (11412334)|HEAP_ALLOCATE|[162]|Bytes:28
13:48:36.0 (11419662)|VARIABLE_SCOPE_BEGIN|[162]|PSetName|PermissionSet|true|false
13:48:36.0 (11442893)|VARIABLE_ASSIGNMENT|[162]|PSetName|{"s":1,"v":{"Id":"0PS36000000mmneGAA","Label":"00e1a000000MWaPAAW","Name":"X00e1a000000MWaPAAW","NamespacePrefix":"shiva15testns","UserLicenseId":"10036000000eSqGAAU","CreatedDate":"2016-03-08T19:00:02.000Z"}}|0x488e50a9
13:48:36.0 (11447122)|STATEMENT_EXECUTE|[162]
13:48:36.0 (11467855)|ENTERING_MANAGED_PKG|
13:48:36.0 (11477469)|STATEMENT_EXECUTE|[163]
13:48:36.0 (11488191)|HEAP_ALLOCATE|[162]|Bytes:5
13:48:36.0 (11507861)|HEAP_ALLOCATE|[162]|Bytes:28
13:48:36.0 (11515017)|VARIABLE_SCOPE_BEGIN|[162]|PSetName|PermissionSet|true|false
13:48:36.0 (11537500)|VARIABLE_ASSIGNMENT|[162]|PSetName|{"s":1,"v":{"Id":"0PS36000000mmnfGAA","Label":"00e1a000000MWaQAAW","Name":"X00e1a000000MWaQAAW","NamespacePrefix":"shiva15testns","UserLicenseId":"10036000000eSqHAAU","CreatedDate":"2016-03-08T19:00:02.000Z"}}|0x2a48281f
13:48:36.0 (11541672)|STATEMENT_EXECUTE|[162]
13:48:36.0 (11564851)|ENTERING_MANAGED_PKG|
13:48:36.0 (11575007)|STATEMENT_EXECUTE|[163]
13:48:36.0 (11585930)|HEAP_ALLOCATE|[162]|Bytes:5
13:48:36.0 (11605663)|HEAP_ALLOCATE|[162]|Bytes:28
13:48:36.0 (11612782)|VARIABLE_SCOPE_BEGIN|[162]|PSetName|PermissionSet|true|false
13:48:36.0 (11635566)|VARIABLE_ASSIGNMENT|[162]|PSetName|{"s":1,"v":{"Id":"0PS36000000mmngGAA","Label":"00e1a000000MWaRAAW","Name":"X00e1a000000MWaRAAW","NamespacePrefix":"shiva15testns","UserLicenseId":"10036000000eSqIAAU","CreatedDate":"2016-03-08T19:00:02.000Z"}}|0x15911246
13:48:36.0 (11639633)|STATEMENT_EXECUTE|[162]
13:48:36.0 (11660412)|ENTERING_MANAGED_PKG|
13:48:36.0 (11669971)|STATEMENT_EXECUTE|[163]
13:48:36.0 (11680573)|HEAP_ALLOCATE|[162]|Bytes:5
13:48:36.0 (11700061)|HEAP_ALLOCATE|[162]|Bytes:28
13:48:36.0 (11707055)|VARIABLE_SCOPE_BEGIN|[162]|PSetName|PermissionSet|true|false
13:48:36.0 (11729581)|VARIABLE_ASSIGNMENT|[162]|PSetName|{"s":1,"v":{"Id":"0PS36000000mmnhGAA","Label":"00e1a000000MWaSAAW","Name":"X00e1a000000MWaSAAW","NamespacePrefix":"shiva15testns","UserLicenseId":"10036000000eSqJAAU","CreatedDate":"2016-03-08T19:00:02.000Z"}}|0x4ee390a5
13:48:36.0 (11733514)|STATEMENT_EXECUTE|[162]
13:48:36.0 (11754159)|ENTERING_MANAGED_PKG|
13:48:36.0 (11763766)|STATEMENT_EXECUTE|[163]
13:48:36.0 (11774507)|HEAP_ALLOCATE|[162]|Bytes:5
13:48:36.0 (11794028)|HEAP_ALLOCATE|[162]|Bytes:28
13:48:36.0 (11801432)|VARIABLE_SCOPE_BEGIN|[162]|PSetName|PermissionSet|true|false
13:48:36.0 (11824208)|VARIABLE_ASSIGNMENT|[162]|PSetName|{"s":1,"v":{"Id":"0PS36000000mmniGAA","Label":"00e1a000000MWaTAAW","Name":"X00e1a000000MWaTAAW","NamespacePrefix":"shiva15testns","UserLicenseId":"10036000000eSqJAAU","CreatedDate":"2016-03-08T19:00:02.000Z"}}|0x74529ac8
13:48:36.0 (11829773)|STATEMENT_EXECUTE|[162]
13:48:36.0 (11851119)|ENTERING_MANAGED_PKG|
13:48:36.0 (11860701)|STATEMENT_EXECUTE|[163]
13:48:36.0 (11871480)|HEAP_ALLOCATE|[162]|Bytes:5
13:48:36.0 (11891274)|HEAP_ALLOCATE|[162]|Bytes:28
13:48:36.0 (11898157)|VARIABLE_SCOPE_BEGIN|[162]|PSetName|PermissionSet|true|false
13:48:36.0 (11920797)|VARIABLE_ASSIGNMENT|[162]|PSetName|{"s":1,"v":{"Id":"0PS36000000mmnjGAA","Label":"00e1a000000MWaUAAW","Name":"X00e1a000000MWaUAAW","NamespacePrefix":"shiva15testns","UserLicenseId":"10036000000eSqKAAU","CreatedDate":"2016-03-08T19:00:02.000Z"}}|0x1f314c8d
13:48:36.0 (11924932)|STATEMENT_EXECUTE|[162]
13:48:36.0 (11945660)|ENTERING_MANAGED_PKG|
13:48:36.0 (11955702)|STATEMENT_EXECUTE|[163]
13:48:36.0 (11966237)|HEAP_ALLOCATE|[162]|Bytes:5
13:48:36.0 (11985923)|HEAP_ALLOCATE|[162]|Bytes:28
13:48:36.0 (11992992)|VARIABLE_SCOPE_BEGIN|[162]|PSetName|PermissionSet|true|false
13:48:36.0 (12015470)|VARIABLE_ASSIGNMENT|[162]|PSetName|{"s":1,"v":{"Id":"0PS36000000mmnlGAA","Label":"00e1a000000N1LRAA0","Name":"X00e1a000000N1LRAA0","NamespacePrefix":"shiva15testns","UserLicenseId":"10036000000eSqLAAU","CreatedDate":"2016-03-08T19:00:02.000Z"}}|0x2af6e0f
13:48:36.0 (12020198)|STATEMENT_EXECUTE|[162]
13:48:36.0 (12040922)|ENTERING_MANAGED_PKG|
13:48:36.0 (12050509)|STATEMENT_EXECUTE|[163]
13:48:36.0 (12061060)|HEAP_ALLOCATE|[162]|Bytes:5
13:48:36.0 (12084768)|HEAP_ALLOCATE|[162]|Bytes:28
13:48:36.0 (12091955)|VARIABLE_SCOPE_BEGIN|[162]|PSetName|PermissionSet|true|false
13:48:36.0 (12114564)|VARIABLE_ASSIGNMENT|[162]|PSetName|{"s":1,"v":{"Id":"0PS36000000mmnmGAA","Label":"00e1a000000N1LSAA0","Name":"X00e1a000000N1LSAA0","NamespacePrefix":"shiva15testns","UserLicenseId":"10036000000eSqMAAU","CreatedDate":"2016-03-08T19:00:02.000Z"}}|0x501ba047
13:48:36.0 (12118797)|STATEMENT_EXECUTE|[162]
13:48:36.0 (12139588)|ENTERING_MANAGED_PKG|
13:48:36.0 (12149244)|STATEMENT_EXECUTE|[163]
13:48:36.0 (12159605)|HEAP_ALLOCATE|[162]|Bytes:5
13:48:36.0 (12179280)|HEAP_ALLOCATE|[162]|Bytes:28
13:48:36.0 (12186366)|VARIABLE_SCOPE_BEGIN|[162]|PSetName|PermissionSet|true|false
13:48:36.0 (12208683)|VARIABLE_ASSIGNMENT|[162]|PSetName|{"s":1,"v":{"Id":"0PS36000000mmnnGAA","Label":"00e1a000000N1wKAAS","Name":"X00e1a000000N1wKAAS","NamespacePrefix":"shiva15testns","UserLicenseId":"10036000000eSqNAAU","CreatedDate":"2016-03-08T19:00:02.000Z"}}|0x307ff456
13:48:36.0 (12212794)|STATEMENT_EXECUTE|[162]
13:48:36.0 (12233267)|ENTERING_MANAGED_PKG|
13:48:36.0 (12242836)|STATEMENT_EXECUTE|[163]
13:48:36.0 (12253488)|HEAP_ALLOCATE|[162]|Bytes:5
13:48:36.0 (12272882)|HEAP_ALLOCATE|[162]|Bytes:28
13:48:36.0 (12280013)|VARIABLE_SCOPE_BEGIN|[162]|PSetName|PermissionSet|true|false
13:48:36.0 (12302686)|VARIABLE_ASSIGNMENT|[162]|PSetName|{"s":1,"v":{"Id":"0PS36000000mmnoGAA","Label":"00e1a000000N1wLAAS","Name":"X00e1a000000N1wLAAS","NamespacePrefix":"shiva15testns","UserLicenseId":"10036000000eSqNAAU","CreatedDate":"2016-03-08T19:00:02.000Z"}}|0x25bf93f0
13:48:36.0 (12306644)|STATEMENT_EXECUTE|[162]
13:48:36.0 (12327190)|ENTERING_MANAGED_PKG|
13:48:36.0 (12336723)|STATEMENT_EXECUTE|[163]
13:48:36.0 (12352951)|HEAP_ALLOCATE|[162]|Bytes:5
13:48:36.0 (12373405)|HEAP_ALLOCATE|[162]|Bytes:28
13:48:36.0 (12380714)|VARIABLE_SCOPE_BEGIN|[162]|PSetName|PermissionSet|true|false
13:48:36.0 (12403584)|VARIABLE_ASSIGNMENT|[162]|PSetName|{"s":1,"v":{"Id":"0PS36000000mmnqGAA","Label":"00e1a000000MWaAAAW","Name":"X00e1a000000MWaAAAW","NamespacePrefix":"shiva15testns","UserLicenseId":"10036000000eSq1AAE","CreatedDate":"2016-03-08T19:00:02.000Z"}}|0x5c995e5e
13:48:36.0 (12407709)|STATEMENT_EXECUTE|[162]
13:48:36.0 (12428693)|ENTERING_MANAGED_PKG|
13:48:36.0 (12438386)|STATEMENT_EXECUTE|[163]
13:48:36.0 (12449400)|HEAP_ALLOCATE|[162]|Bytes:5
13:48:36.0 (12469034)|HEAP_ALLOCATE|[162]|Bytes:32
13:48:36.0 (12476218)|VARIABLE_SCOPE_BEGIN|[162]|PSetName|PermissionSet|true|false
13:48:36.0 (12500515)|VARIABLE_ASSIGNMENT|[162]|PSetName|{"s":1,"v":{"Id":"0PS36000000q71PGAQ","Label":"PermissionSet_Test","Name":"PermissionSet_Test","Description":"This is for testing  (11 more) ...","NamespacePrefix":"shiva15testns","UserLicenseId":"10036000000eSpyAAE","CreatedDate":"2016-03-20T22:41:12.000Z"}}|0x510dc412
13:48:36.0 (12504869)|STATEMENT_EXECUTE|[162]
13:48:36.0 (12525506)|ENTERING_MANAGED_PKG|
13:48:36.0 (12535695)|STATEMENT_EXECUTE|[163]
13:48:36.0 (12537354)|STATEMENT_EXECUTE|[164]
13:48:36.0 (12541299)|HEAP_ALLOCATE|[164]|Bytes:52
13:48:36.0 (12547931)|HEAP_ALLOCATE|[164]|Bytes:4
13:48:36.0 (12555995)|HEAP_ALLOCATE|[164]|Bytes:7
13:48:36.0 (13532313)|SOQL_EXECUTE_BEGIN|[164]|Aggregations:0|SELECT Id, Name FROM UserLicense WHERE Id = :tmpVar1
13:48:36.0 (15525117)|SOQL_EXECUTE_END|[164]|Rows:1
13:48:36.0 (15538010)|HEAP_ALLOCATE|[164]|Bytes:8
13:48:36.0 (15547887)|HEAP_ALLOCATE|[164]|Bytes:47
13:48:36.0 (15576239)|HEAP_ALLOCATE|[164]|Bytes:8
13:48:36.0 (15586263)|HEAP_ALLOCATE|[164]|Bytes:37
13:48:36.0 (15653134)|HEAP_ALLOCATE|[164]|Bytes:12
13:48:36.0 (15661979)|VARIABLE_SCOPE_BEGIN|[164]|ulicense|UserLicense|true|false
13:48:36.0 (15678195)|VARIABLE_ASSIGNMENT|[164]|ulicense|{"s":1,"v":{"Id":"10036000000eSpyAAE","Name":"Salesforce"}}|0x388751ee
13:48:36.0 (15681635)|STATEMENT_EXECUTE|[165]
13:48:36.0 (15690577)|HEAP_ALLOCATE|[165]|Bytes:240
13:48:36.0 (15696893)|HEAP_ALLOCATE|[165]|Bytes:39
13:48:36.0 (15719207)|HEAP_ALLOCATE|[165]|Bytes:32
13:48:36.0 (15772686)|ENTERING_MANAGED_PKG|
13:48:36.0 (15801692)|HEAP_ALLOCATE|[165]|Bytes:18
13:48:36.0 (15876056)|ENTERING_MANAGED_PKG|
13:48:36.0 (15903201)|HEAP_ALLOCATE|[165]|Bytes:19
13:48:36.0 (15950991)|CONSTRUCTOR_ENTRY|[165]|01p36000005Jpvx|<init>(String,String,String,String,String,String,String)
13:48:36.0 (15977781)|VARIABLE_SCOPE_BEGIN|[1056]|this|shiva15testns.PermissionSetPortalControllers.PermissionSetClass|true|false
13:48:36.0 (16052951)|VARIABLE_ASSIGNMENT|[1056]|this|{}|0x1a8e3998
13:48:36.0 (16058026)|VARIABLE_SCOPE_BEGIN|[1056]|label|String|false|false
13:48:36.0 (16063683)|VARIABLE_ASSIGNMENT|[1056]|label|"PermissionSet_Test"
13:48:36.0 (16066103)|VARIABLE_SCOPE_BEGIN|[1056]|apiName|String|false|false
13:48:36.0 (16069011)|VARIABLE_ASSIGNMENT|[1056]|apiName|"PermissionSet_Test"
13:48:36.0 (16071086)|VARIABLE_SCOPE_BEGIN|[1056]|id|String|false|false
13:48:36.0 (16074111)|VARIABLE_ASSIGNMENT|[1056]|id|"0PS36000000q71PGAQ"
13:48:36.0 (16076049)|VARIABLE_SCOPE_BEGIN|[1056]|description|String|false|false
13:48:36.0 (16079994)|VARIABLE_ASSIGNMENT|[1056]|description|"This is for testing  (11 more) ..."
13:48:36.0 (16082105)|VARIABLE_SCOPE_BEGIN|[1056]|namespacePrefix|String|false|false
13:48:36.0 (16085033)|VARIABLE_ASSIGNMENT|[1056]|namespacePrefix|"shiva15testns"
13:48:36.0 (16086916)|VARIABLE_SCOPE_BEGIN|[1056]|userLicenseId|String|false|false
13:48:36.0 (16089725)|VARIABLE_ASSIGNMENT|[1056]|userLicenseId|"Salesforce"
13:48:36.0 (16091635)|VARIABLE_SCOPE_BEGIN|[1056]|createdDate|String|false|false
13:48:36.0 (16094551)|VARIABLE_ASSIGNMENT|[1056]|createdDate|"2016-03-20 15:41:12"
13:48:36.0 (16098091)|STATEMENT_EXECUTE|[1039]
13:48:36.0 (16099831)|STATEMENT_EXECUTE|[1042]
13:48:36.0 (16101536)|STATEMENT_EXECUTE|[1044]
13:48:36.0 (16102870)|STATEMENT_EXECUTE|[1046]
13:48:36.0 (16104084)|STATEMENT_EXECUTE|[1048]
13:48:36.0 (16105172)|STATEMENT_EXECUTE|[1050]
13:48:36.0 (16106476)|STATEMENT_EXECUTE|[1052]
13:48:36.0 (16107705)|STATEMENT_EXECUTE|[1054]
13:48:36.0 (16116258)|HEAP_ALLOCATE|[1058]|Bytes:6
13:48:36.0 (16145666)|STATEMENT_EXECUTE|[1057]
13:48:36.0 (16147886)|STATEMENT_EXECUTE|[1058]
13:48:36.0 (16233720)|VARIABLE_ASSIGNMENT|[EXTERNAL]|this|{}|0x1a8e3998
13:48:36.0 (16241663)|VARIABLE_ASSIGNMENT|[EXTERNAL]|value|"PermissionSet_Test"
13:48:36.0 (16255214)|VARIABLE_ASSIGNMENT|[1042]|this.label|"PermissionSet_Test"|0x1a8e3998
13:48:36.0 (16263830)|STATEMENT_EXECUTE|[1059]
13:48:36.0 (16315319)|VARIABLE_ASSIGNMENT|[EXTERNAL]|this|{"label":"PermissionSet_Test"}|0x1a8e3998
13:48:36.0 (16321521)|VARIABLE_ASSIGNMENT|[EXTERNAL]|value|"PermissionSet_Test"
13:48:36.0 (16329483)|VARIABLE_ASSIGNMENT|[1044]|this.apiName|"PermissionSet_Test"|0x1a8e3998
13:48:36.0 (16337319)|STATEMENT_EXECUTE|[1060]
13:48:36.0 (16392844)|VARIABLE_ASSIGNMENT|[EXTERNAL]|this|{"apiName":"PermissionSet_Test","label":"PermissionSet_Test"}|0x1a8e3998
13:48:36.0 (16399533)|VARIABLE_ASSIGNMENT|[EXTERNAL]|value|"0PS36000000q71PGAQ"
13:48:36.0 (16407590)|VARIABLE_ASSIGNMENT|[1046]|this.id|"0PS36000000q71PGAQ"|0x1a8e3998
13:48:36.0 (16415198)|STATEMENT_EXECUTE|[1061]
13:48:36.0 (16464523)|VARIABLE_ASSIGNMENT|[EXTERNAL]|this|{"apiName":"PermissionSet_Test","id":"0PS36000000q71PGAQ","label":"PermissionSet_Test"}|0x1a8e3998
13:48:36.0 (16472166)|VARIABLE_ASSIGNMENT|[EXTERNAL]|value|"This is for testing  (11 more) ..."
13:48:36.0 (16481085)|VARIABLE_ASSIGNMENT|[1048]|this.description|"This is for testing  (11 more) ..."|0x1a8e3998
13:48:36.0 (16488300)|STATEMENT_EXECUTE|[1062]
13:48:36.0 (16538647)|VARIABLE_ASSIGNMENT|[EXTERNAL]|this|{"apiName":"PermissionSet_Test","description":"This is for testing  (11 more) ...","id":"0PS36000000q71PGAQ","label":"PermissionSet_Test"}|0x1a8e3998
13:48:36.0 (16545118)|VARIABLE_ASSIGNMENT|[EXTERNAL]|value|"shiva15testns"
13:48:36.0 (16555713)|VARIABLE_ASSIGNMENT|[1050]|this.namespacePrefix|"shiva15testns"|0x1a8e3998
13:48:36.0 (16564820)|STATEMENT_EXECUTE|[1063]
13:48:36.0 (16617544)|VARIABLE_ASSIGNMENT|[EXTERNAL]|this|{"apiName":"PermissionSet_Test","description":"This is for testing  (11 more) ...","id":"0PS36000000q71PGAQ","label":"PermissionSet_Test","namespacePrefix":"shiva15testns"}|0x1a8e3998
13:48:36.0 (16624362)|VARIABLE_ASSIGNMENT|[EXTERNAL]|value|"Salesforce"
13:48:36.0 (16632212)|VARIABLE_ASSIGNMENT|[1052]|this.userLicenseId|"Salesforce"|0x1a8e3998
13:48:36.0 (16639167)|STATEMENT_EXECUTE|[1064]
13:48:36.0 (16690192)|VARIABLE_ASSIGNMENT|[EXTERNAL]|this|{"apiName":"PermissionSet_Test","description":"This is for testing  (11 more) ...","id":"0PS36000000q71PGAQ","label":"PermissionSet_Test","namespacePrefix":"shiva15testns","userLicenseId":"Salesforce"}|0x1a8e3998
13:48:36.0 (16697348)|VARIABLE_ASSIGNMENT|[EXTERNAL]|value|"2016-03-20 15:41:12"
13:48:36.0 (16705078)|VARIABLE_ASSIGNMENT|[1054]|this.createdDate|"2016-03-20 15:41:12"|0x1a8e3998
13:48:36.0 (16719730)|CONSTRUCTOR_EXIT|[165]|01p36000005Jpvx|<init>(String,String,String,String,String,String,String)
13:48:36.0 (16742343)|VARIABLE_ASSIGNMENT|[165]|pSetObj|{"apiName":"PermissionSet_Test","createdDate":"2016-03-20 15:41:12","description":"This is for testing  (11 more) ...","id":"0PS36000000q71PGAQ","label":"PermissionSet_Test","namespacePrefix":"shiva15testns","userLicenseId":"Salesforce"}|0x1a8e3998
13:48:36.0 (16746306)|STATEMENT_EXECUTE|[167]
13:48:36.0 (16761244)|ENTERING_MANAGED_PKG|
13:48:36.0 (16784467)|HEAP_ALLOCATE|[EXTERNAL]|Bytes:4
13:48:36.0 (16792831)|STATEMENT_EXECUTE|[168]
13:48:36.0 (16965976)|HEAP_ALLOCATE|[168]|Bytes:24
13:48:36.0 (16986489)|ENTERING_MANAGED_PKG|
13:48:36.0 (17059016)|HEAP_ALLOCATE|[168]|Bytes:231
13:48:36.0 (17079154)|HEAP_ALLOCATE|[168]|Bytes:255
13:48:36.0 (17103854)|ENTERING_MANAGED_PKG|
13:48:36.0 (17121248)|USER_DEBUG|[168]|ERROR|The PermissionSet Name: PermissionSet:{Id=0PS36000000q71PGAQ, Label=PermissionSet_Test, Name=PermissionSet_Test, Description=This is for testing Description, NamespacePrefix=shiva15testns, UserLicenseId=10036000000eSpyAAE, CreatedDate=2016-03-20 22:41:12}
13:48:36.0 (17140816)|HEAP_ALLOCATE|[162]|Bytes:5
13:48:36.0 (17164453)|HEAP_ALLOCATE|[162]|Bytes:32
13:48:36.0 (17172718)|VARIABLE_SCOPE_BEGIN|[162]|PSetName|PermissionSet|true|false
13:48:36.0 (17201652)|VARIABLE_ASSIGNMENT|[162]|PSetName|{"s":1,"v":{"Id":"0PS360000017KxHGAU","Label":"Final_Test","Name":"Final_Test","Description":"Descp","NamespacePrefix":"shiva15testns","UserLicenseId":"10036000000eSpyAAE","CreatedDate":"2016-05-04T00:16:41.000Z"}}|0x1e9f5721
13:48:36.0 (17206249)|STATEMENT_EXECUTE|[162]
13:48:36.0 (17229788)|ENTERING_MANAGED_PKG|
13:48:36.0 (17240556)|STATEMENT_EXECUTE|[163]
13:48:36.0 (17242367)|STATEMENT_EXECUTE|[164]
13:48:36.0 (17246970)|HEAP_ALLOCATE|[164]|Bytes:4
13:48:36.0 (17391865)|SOQL_EXECUTE_BEGIN|[164]|Aggregations:0|SELECT Id, Name FROM UserLicense WHERE Id = :tmpVar1
13:48:36.0 (18984489)|SOQL_EXECUTE_END|[164]|Rows:1
13:48:36.0 (18995662)|HEAP_ALLOCATE|[164]|Bytes:8
13:48:36.0 (19004664)|HEAP_ALLOCATE|[164]|Bytes:47
13:48:36.0 (19019622)|HEAP_ALLOCATE|[164]|Bytes:8
13:48:36.0 (19058805)|HEAP_ALLOCATE|[164]|Bytes:12
13:48:36.0 (19071851)|VARIABLE_SCOPE_BEGIN|[164]|ulicense|UserLicense|true|false
13:48:36.0 (19093822)|VARIABLE_ASSIGNMENT|[164]|ulicense|{"s":1,"v":{"Id":"10036000000eSpyAAE","Name":"Salesforce"}}|0x1b97f099
13:48:36.0 (19099368)|STATEMENT_EXECUTE|[165]
13:48:36.0 (19107131)|HEAP_ALLOCATE|[165]|Bytes:32
13:48:36.0 (19140822)|ENTERING_MANAGED_PKG|
13:48:36.0 (19146550)|HEAP_ALLOCATE|[165]|Bytes:18
13:48:36.0 (19175906)|ENTERING_MANAGED_PKG|
13:48:36.0 (19189822)|HEAP_ALLOCATE|[165]|Bytes:19
13:48:36.0 (19208849)|CONSTRUCTOR_ENTRY|[165]|01p36000005Jpvx|<init>(String,String,String,String,String,String,String)
13:48:36.0 (19214142)|VARIABLE_SCOPE_BEGIN|[1056]|this|shiva15testns.PermissionSetPortalControllers.PermissionSetClass|true|false
13:48:36.0 (19235523)|VARIABLE_ASSIGNMENT|[1056]|this|{}|0x6714a095
13:48:36.0 (19238357)|VARIABLE_SCOPE_BEGIN|[1056]|label|String|false|false
13:48:36.0 (19242862)|VARIABLE_ASSIGNMENT|[1056]|label|"Final_Test"
13:48:36.0 (19244502)|VARIABLE_SCOPE_BEGIN|[1056]|apiName|String|false|false
13:48:36.0 (19247113)|VARIABLE_ASSIGNMENT|[1056]|apiName|"Final_Test"
13:48:36.0 (19248900)|VARIABLE_SCOPE_BEGIN|[1056]|id|String|false|false
13:48:36.0 (19251982)|VARIABLE_ASSIGNMENT|[1056]|id|"0PS360000017KxHGAU"
13:48:36.0 (19253593)|VARIABLE_SCOPE_BEGIN|[1056]|description|String|false|false
13:48:36.0 (19256198)|VARIABLE_ASSIGNMENT|[1056]|description|"Descp"
13:48:36.0 (19257800)|VARIABLE_SCOPE_BEGIN|[1056]|namespacePrefix|String|false|false
13:48:36.0 (19260350)|VARIABLE_ASSIGNMENT|[1056]|namespacePrefix|"shiva15testns"
13:48:36.0 (19261971)|VARIABLE_SCOPE_BEGIN|[1056]|userLicenseId|String|false|false
13:48:36.0 (19264397)|VARIABLE_ASSIGNMENT|[1056]|userLicenseId|"Salesforce"
13:48:36.0 (19265980)|VARIABLE_SCOPE_BEGIN|[1056]|createdDate|String|false|false
13:48:36.0 (19268703)|VARIABLE_ASSIGNMENT|[1056]|createdDate|"2016-05-03 17:16:41"
13:48:36.0 (19271480)|STATEMENT_EXECUTE|[1039]
13:48:36.0 (19273059)|STATEMENT_EXECUTE|[1042]
13:48:36.0 (19274625)|STATEMENT_EXECUTE|[1044]
13:48:36.0 (19275828)|STATEMENT_EXECUTE|[1046]
13:48:36.0 (19276959)|STATEMENT_EXECUTE|[1048]
13:48:36.0 (19278058)|STATEMENT_EXECUTE|[1050]
13:48:36.0 (19279336)|STATEMENT_EXECUTE|[1052]
13:48:36.0 (19280625)|STATEMENT_EXECUTE|[1054]
13:48:36.0 (19292364)|STATEMENT_EXECUTE|[1057]
13:48:36.0 (19293946)|STATEMENT_EXECUTE|[1058]
13:48:36.0 (19314452)|VARIABLE_ASSIGNMENT|[EXTERNAL]|this|{}|0x6714a095
13:48:36.0 (19319580)|VARIABLE_ASSIGNMENT|[EXTERNAL]|value|"Final_Test"
13:48:36.0 (19326790)|VARIABLE_ASSIGNMENT|[1042]|this.label|"Final_Test"|0x6714a095
13:48:36.0 (19333188)|STATEMENT_EXECUTE|[1059]
13:48:36.0 (19357659)|VARIABLE_ASSIGNMENT|[EXTERNAL]|this|{"label":"Final_Test"}|0x6714a095
13:48:36.0 (19362520)|VARIABLE_ASSIGNMENT|[EXTERNAL]|value|"Final_Test"
13:48:36.0 (19368537)|VARIABLE_ASSIGNMENT|[1044]|this.apiName|"Final_Test"|0x6714a095
13:48:36.0 (19374874)|STATEMENT_EXECUTE|[1060]
13:48:36.0 (19394510)|VARIABLE_ASSIGNMENT|[EXTERNAL]|this|{"apiName":"Final_Test","label":"Final_Test"}|0x6714a095
13:48:36.0 (19399475)|VARIABLE_ASSIGNMENT|[EXTERNAL]|value|"0PS360000017KxHGAU"
13:48:36.0 (19405630)|VARIABLE_ASSIGNMENT|[1046]|this.id|"0PS360000017KxHGAU"|0x6714a095
13:48:36.0 (19411467)|STATEMENT_EXECUTE|[1061]
13:48:36.0 (19430780)|VARIABLE_ASSIGNMENT|[EXTERNAL]|this|{"apiName":"Final_Test","id":"0PS360000017KxHGAU","label":"Final_Test"}|0x6714a095
13:48:36.0 (19435565)|VARIABLE_ASSIGNMENT|[EXTERNAL]|value|"Descp"
13:48:36.0 (19441199)|VARIABLE_ASSIGNMENT|[1048]|this.description|"Descp"|0x6714a095
13:48:36.0 (19446834)|STATEMENT_EXECUTE|[1062]
13:48:36.0 (19467159)|VARIABLE_ASSIGNMENT|[EXTERNAL]|this|{"apiName":"Final_Test","description":"Descp","id":"0PS360000017KxHGAU","label":"Final_Test"}|0x6714a095
13:48:36.0 (19472060)|VARIABLE_ASSIGNMENT|[EXTERNAL]|value|"shiva15testns"
13:48:36.0 (19477723)|VARIABLE_ASSIGNMENT|[1050]|this.namespacePrefix|"shiva15testns"|0x6714a095
13:48:36.0 (19483478)|STATEMENT_EXECUTE|[1063]
13:48:36.0 (19503929)|VARIABLE_ASSIGNMENT|[EXTERNAL]|this|{"apiName":"Final_Test","description":"Descp","id":"0PS360000017KxHGAU","label":"Final_Test","namespacePrefix":"shiva15testns"}|0x6714a095
13:48:36.0 (19508684)|VARIABLE_ASSIGNMENT|[EXTERNAL]|value|"Salesforce"
13:48:36.0 (19514404)|VARIABLE_ASSIGNMENT|[1052]|this.userLicenseId|"Salesforce"|0x6714a095
13:48:36.0 (19520163)|STATEMENT_EXECUTE|[1064]
13:48:36.0 (19541035)|VARIABLE_ASSIGNMENT|[EXTERNAL]|this|{"apiName":"Final_Test","description":"Descp","id":"0PS360000017KxHGAU","label":"Final_Test","namespacePrefix":"shiva15testns","userLicenseId":"Salesforce"}|0x6714a095
13:48:36.0 (19546284)|VARIABLE_ASSIGNMENT|[EXTERNAL]|value|"2016-05-03 17:16:41"
13:48:36.0 (19552358)|VARIABLE_ASSIGNMENT|[1054]|this.createdDate|"2016-05-03 17:16:41"|0x6714a095
13:48:36.0 (19565303)|CONSTRUCTOR_EXIT|[165]|01p36000005Jpvx|<init>(String,String,String,String,String,String,String)
13:48:36.0 (19585629)|VARIABLE_ASSIGNMENT|[165]|pSetObj|{"apiName":"Final_Test","createdDate":"2016-05-03 17:16:41","description":"Descp","id":"0PS360000017KxHGAU","label":"Final_Test","namespacePrefix":"shiva15testns","userLicenseId":"Salesforce"}|0x6714a095
13:48:36.0 (19589193)|STATEMENT_EXECUTE|[167]
13:48:36.0 (19600163)|ENTERING_MANAGED_PKG|
13:48:36.0 (19604414)|HEAP_ALLOCATE|[EXTERNAL]|Bytes:4
13:48:36.0 (19609948)|STATEMENT_EXECUTE|[168]
13:48:36.0 (19623120)|ENTERING_MANAGED_PKG|
13:48:36.0 (19671432)|HEAP_ALLOCATE|[168]|Bytes:189
13:48:36.0 (19686686)|HEAP_ALLOCATE|[168]|Bytes:213
13:48:36.0 (19698970)|ENTERING_MANAGED_PKG|
13:48:36.0 (19709806)|USER_DEBUG|[168]|ERROR|The PermissionSet Name: PermissionSet:{Id=0PS360000017KxHGAU, Label=Final_Test, Name=Final_Test, Description=Descp, NamespacePrefix=shiva15testns, UserLicenseId=10036000000eSpyAAE, CreatedDate=2016-05-04 00:16:41}
13:48:36.0 (19727744)|HEAP_ALLOCATE|[162]|Bytes:5
13:48:36.0 (19751230)|HEAP_ALLOCATE|[162]|Bytes:32
13:48:36.0 (19759241)|VARIABLE_SCOPE_BEGIN|[162]|PSetName|PermissionSet|true|false
13:48:36.0 (19786998)|VARIABLE_ASSIGNMENT|[162]|PSetName|{"s":1,"v":{"Id":"0PS360000017LExGAM","Label":"Final_Test_1","Name":"Final_Test_1","Description":"Descp","NamespacePrefix":"shiva15testns","UserLicenseId":"10036000000eSpyAAE","CreatedDate":"2016-05-04T00:43:23.000Z"}}|0x47666711
13:48:36.0 (19791483)|STATEMENT_EXECUTE|[162]
13:48:36.0 (19813833)|ENTERING_MANAGED_PKG|
13:48:36.0 (19824403)|STATEMENT_EXECUTE|[163]
13:48:36.0 (19826395)|STATEMENT_EXECUTE|[164]
13:48:36.0 (19831250)|HEAP_ALLOCATE|[164]|Bytes:4
13:48:36.0 (19967932)|SOQL_EXECUTE_BEGIN|[164]|Aggregations:0|SELECT Id, Name FROM UserLicense WHERE Id = :tmpVar1
13:48:36.0 (22160204)|SOQL_EXECUTE_END|[164]|Rows:1
13:48:36.0 (22172311)|HEAP_ALLOCATE|[164]|Bytes:8
13:48:36.0 (22181359)|HEAP_ALLOCATE|[164]|Bytes:47
13:48:36.0 (22194674)|HEAP_ALLOCATE|[164]|Bytes:8
13:48:36.0 (22224301)|HEAP_ALLOCATE|[164]|Bytes:12
13:48:36.0 (22232394)|VARIABLE_SCOPE_BEGIN|[164]|ulicense|UserLicense|true|false
13:48:36.0 (22248816)|VARIABLE_ASSIGNMENT|[164]|ulicense|{"s":1,"v":{"Id":"10036000000eSpyAAE","Name":"Salesforce"}}|0x4486ea3
13:48:36.0 (22252551)|STATEMENT_EXECUTE|[165]
13:48:36.0 (22258047)|HEAP_ALLOCATE|[165]|Bytes:32
13:48:36.0 (22283763)|ENTERING_MANAGED_PKG|
13:48:36.0 (22288574)|HEAP_ALLOCATE|[165]|Bytes:18
13:48:36.0 (22316081)|ENTERING_MANAGED_PKG|
13:48:36.0 (22330135)|HEAP_ALLOCATE|[165]|Bytes:19
13:48:36.0 (22353330)|CONSTRUCTOR_ENTRY|[165]|01p36000005Jpvx|<init>(String,String,String,String,String,String,String)
13:48:36.0 (22359032)|VARIABLE_SCOPE_BEGIN|[1056]|this|shiva15testns.PermissionSetPortalControllers.PermissionSetClass|true|false
13:48:36.0 (22381146)|VARIABLE_ASSIGNMENT|[1056]|this|{}|0x4fe65348
13:48:36.0 (22384124)|VARIABLE_SCOPE_BEGIN|[1056]|label|String|false|false
13:48:36.0 (22388487)|VARIABLE_ASSIGNMENT|[1056]|label|"Final_Test_1"
13:48:36.0 (22390177)|VARIABLE_SCOPE_BEGIN|[1056]|apiName|String|false|false
13:48:36.0 (22392913)|VARIABLE_ASSIGNMENT|[1056]|apiName|"Final_Test_1"
13:48:36.0 (22394485)|VARIABLE_SCOPE_BEGIN|[1056]|id|String|false|false
13:48:36.0 (22400848)|VARIABLE_ASSIGNMENT|[1056]|id|"0PS360000017LExGAM"
13:48:36.0 (22402731)|VARIABLE_SCOPE_BEGIN|[1056]|description|String|false|false
13:48:36.0 (22405306)|VARIABLE_ASSIGNMENT|[1056]|description|"Descp"
13:48:36.0 (22406729)|VARIABLE_SCOPE_BEGIN|[1056]|namespacePrefix|String|false|false
13:48:36.0 (22409380)|VARIABLE_ASSIGNMENT|[1056]|namespacePrefix|"shiva15testns"
13:48:36.0 (22410963)|VARIABLE_SCOPE_BEGIN|[1056]|userLicenseId|String|false|false
13:48:36.0 (22413486)|VARIABLE_ASSIGNMENT|[1056]|userLicenseId|"Salesforce"
13:48:36.0 (22415089)|VARIABLE_SCOPE_BEGIN|[1056]|createdDate|String|false|false
13:48:36.0 (22417779)|VARIABLE_ASSIGNMENT|[1056]|createdDate|"2016-05-03 17:43:23"
13:48:36.0 (22420683)|STATEMENT_EXECUTE|[1039]
13:48:36.0 (22422250)|STATEMENT_EXECUTE|[1042]
13:48:36.0 (22423755)|STATEMENT_EXECUTE|[1044]
13:48:36.0 (22424990)|STATEMENT_EXECUTE|[1046]
13:48:36.0 (22426124)|STATEMENT_EXECUTE|[1048]
13:48:36.0 (22427212)|STATEMENT_EXECUTE|[1050]
13:48:36.0 (22428460)|STATEMENT_EXECUTE|[1052]
13:48:36.0 (22429562)|STATEMENT_EXECUTE|[1054]
13:48:36.0 (22441792)|STATEMENT_EXECUTE|[1057]
13:48:36.0 (22443482)|STATEMENT_EXECUTE|[1058]
13:48:36.0 (22464442)|VARIABLE_ASSIGNMENT|[EXTERNAL]|this|{}|0x4fe65348
13:48:36.0 (22469892)|VARIABLE_ASSIGNMENT|[EXTERNAL]|value|"Final_Test_1"
13:48:36.0 (22477268)|VARIABLE_ASSIGNMENT|[1042]|this.label|"Final_Test_1"|0x4fe65348
13:48:36.0 (22483612)|STATEMENT_EXECUTE|[1059]
13:48:36.0 (22503070)|VARIABLE_ASSIGNMENT|[EXTERNAL]|this|{"label":"Final_Test_1"}|0x4fe65348
13:48:36.0 (22507788)|VARIABLE_ASSIGNMENT|[EXTERNAL]|value|"Final_Test_1"
13:48:36.0 (22513556)|VARIABLE_ASSIGNMENT|[1044]|this.apiName|"Final_Test_1"|0x4fe65348
13:48:36.0 (22519622)|STATEMENT_EXECUTE|[1060]
13:48:36.0 (22538784)|VARIABLE_ASSIGNMENT|[EXTERNAL]|this|{"apiName":"Final_Test_1","label":"Final_Test_1"}|0x4fe65348
13:48:36.0 (22543798)|VARIABLE_ASSIGNMENT|[EXTERNAL]|value|"0PS360000017LExGAM"
13:48:36.0 (22549627)|VARIABLE_ASSIGNMENT|[1046]|this.id|"0PS360000017LExGAM"|0x4fe65348
13:48:36.0 (22555234)|STATEMENT_EXECUTE|[1061]
13:48:36.0 (22574605)|VARIABLE_ASSIGNMENT|[EXTERNAL]|this|{"apiName":"Final_Test_1","id":"0PS360000017LExGAM","label":"Final_Test_1"}|0x4fe65348
13:48:36.0 (22579295)|VARIABLE_ASSIGNMENT|[EXTERNAL]|value|"Descp"
13:48:36.0 (22584774)|VARIABLE_ASSIGNMENT|[1048]|this.description|"Descp"|0x4fe65348
13:48:36.0 (22590386)|STATEMENT_EXECUTE|[1062]
13:48:36.0 (22610415)|VARIABLE_ASSIGNMENT|[EXTERNAL]|this|{"apiName":"Final_Test_1","description":"Descp","id":"0PS360000017LExGAM","label":"Final_Test_1"}|0x4fe65348
13:48:36.0 (22617654)|VARIABLE_ASSIGNMENT|[EXTERNAL]|value|"shiva15testns"
13:48:36.0 (22628320)|VARIABLE_ASSIGNMENT|[1050]|this.namespacePrefix|"shiva15testns"|0x4fe65348
13:48:36.0 (22640157)|STATEMENT_EXECUTE|[1063]
13:48:36.0 (22680071)|VARIABLE_ASSIGNMENT|[EXTERNAL]|this|{"apiName":"Final_Test_1","description":"Descp","id":"0PS360000017LExGAM","label":"Final_Test_1","namespacePrefix":"shiva15testns"}|0x4fe65348
13:48:36.0 (22690434)|VARIABLE_ASSIGNMENT|[EXTERNAL]|value|"Salesforce"
13:48:36.0 (22702838)|VARIABLE_ASSIGNMENT|[1052]|this.userLicenseId|"Salesforce"|0x4fe65348
13:48:36.0 (22711478)|STATEMENT_EXECUTE|[1064]
13:48:36.0 (22737814)|VARIABLE_ASSIGNMENT|[EXTERNAL]|this|{"apiName":"Final_Test_1","description":"Descp","id":"0PS360000017LExGAM","label":"Final_Test_1","namespacePrefix":"shiva15testns","userLicenseId":"Salesforce"}|0x4fe65348
13:48:36.0 (22743498)|VARIABLE_ASSIGNMENT|[EXTERNAL]|value|"2016-05-03 17:43:23"
13:48:36.0 (22749483)|VARIABLE_ASSIGNMENT|[1054]|this.createdDate|"2016-05-03 17:43:23"|0x4fe65348
13:48:36.0 (22763151)|CONSTRUCTOR_EXIT|[165]|01p36000005Jpvx|<init>(String,String,String,String,String,String,String)
13:48:36.0 (22783971)|VARIABLE_ASSIGNMENT|[165]|pSetObj|{"apiName":"Final_Test_1","createdDate":"2016-05-03 17:43:23","description":"Descp","id":"0PS360000017LExGAM","label":"Final_Test_1","namespacePrefix":"shiva15testns","userLicenseId":"Salesforce"}|0x4fe65348
13:48:36.0 (22787884)|STATEMENT_EXECUTE|[167]
13:48:36.0 (22798959)|ENTERING_MANAGED_PKG|
13:48:36.0 (22803461)|HEAP_ALLOCATE|[EXTERNAL]|Bytes:4
13:48:36.0 (22809189)|STATEMENT_EXECUTE|[168]
13:48:36.0 (22822932)|ENTERING_MANAGED_PKG|
13:48:36.0 (22873418)|HEAP_ALLOCATE|[168]|Bytes:193
13:48:36.0 (22889409)|HEAP_ALLOCATE|[168]|Bytes:217
13:48:36.0 (22902295)|ENTERING_MANAGED_PKG|
13:48:36.0 (22914894)|USER_DEBUG|[168]|ERROR|The PermissionSet Name: PermissionSet:{Id=0PS360000017LExGAM, Label=Final_Test_1, Name=Final_Test_1, Description=Descp, NamespacePrefix=shiva15testns, UserLicenseId=10036000000eSpyAAE, CreatedDate=2016-05-04 00:43:23}
13:48:36.0 (22933835)|HEAP_ALLOCATE|[162]|Bytes:5
13:48:36.0 (22957866)|HEAP_ALLOCATE|[162]|Bytes:28
13:48:36.0 (22966479)|VARIABLE_SCOPE_BEGIN|[162]|PSetName|PermissionSet|true|false
13:48:36.0 (22994899)|VARIABLE_ASSIGNMENT|[162]|PSetName|{"s":1,"v":{"Id":"0PS360000017LF2GAM","Label":"Final_Test_2","Name":"Final_Test_2","NamespacePrefix":"shiva15testns","UserLicenseId":"10036000000eSpyAAE","CreatedDate":"2016-05-04T00:44:15.000Z"}}|0x511bba0d
13:48:36.0 (22999616)|STATEMENT_EXECUTE|[162]
13:48:36.0 (23022491)|ENTERING_MANAGED_PKG|
13:48:36.0 (23034221)|STATEMENT_EXECUTE|[163]
13:48:36.0 (23035944)|STATEMENT_EXECUTE|[164]
13:48:36.0 (23040624)|HEAP_ALLOCATE|[164]|Bytes:4
13:48:36.0 (23259031)|SOQL_EXECUTE_BEGIN|[164]|Aggregations:0|SELECT Id, Name FROM UserLicense WHERE Id = :tmpVar1
13:48:36.0 (24651937)|SOQL_EXECUTE_END|[164]|Rows:1
13:48:36.0 (24663892)|HEAP_ALLOCATE|[164]|Bytes:8
13:48:36.0 (24672986)|HEAP_ALLOCATE|[164]|Bytes:47
13:48:36.0 (24687301)|HEAP_ALLOCATE|[164]|Bytes:8
13:48:36.0 (24716771)|HEAP_ALLOCATE|[164]|Bytes:12
13:48:36.0 (24724813)|VARIABLE_SCOPE_BEGIN|[164]|ulicense|UserLicense|true|false
13:48:36.0 (24740904)|VARIABLE_ASSIGNMENT|[164]|ulicense|{"s":1,"v":{"Id":"10036000000eSpyAAE","Name":"Salesforce"}}|0x387fb144
13:48:36.0 (24744365)|STATEMENT_EXECUTE|[165]
13:48:36.0 (24749695)|HEAP_ALLOCATE|[165]|Bytes:32
13:48:36.0 (24775099)|ENTERING_MANAGED_PKG|
13:48:36.0 (24780157)|HEAP_ALLOCATE|[165]|Bytes:18
13:48:36.0 (24807925)|ENTERING_MANAGED_PKG|
13:48:36.0 (24822978)|HEAP_ALLOCATE|[165]|Bytes:19
13:48:36.0 (24841679)|CONSTRUCTOR_ENTRY|[165]|01p36000005Jpvx|<init>(String,String,String,String,String,String,String)
13:48:36.0 (24847067)|VARIABLE_SCOPE_BEGIN|[1056]|this|shiva15testns.PermissionSetPortalControllers.PermissionSetClass|true|false
13:48:36.0 (24868992)|VARIABLE_ASSIGNMENT|[1056]|this|{}|0x578e8367
13:48:36.0 (24871652)|VARIABLE_SCOPE_BEGIN|[1056]|label|String|false|false
13:48:36.0 (24875912)|VARIABLE_ASSIGNMENT|[1056]|label|"Final_Test_2"
13:48:36.0 (24877573)|VARIABLE_SCOPE_BEGIN|[1056]|apiName|String|false|false
13:48:36.0 (24880225)|VARIABLE_ASSIGNMENT|[1056]|apiName|"Final_Test_2"
13:48:36.0 (24881784)|VARIABLE_SCOPE_BEGIN|[1056]|id|String|false|false
13:48:36.0 (24884687)|VARIABLE_ASSIGNMENT|[1056]|id|"0PS360000017LF2GAM"
13:48:36.0 (24886265)|VARIABLE_SCOPE_BEGIN|[1056]|description|String|false|false
13:48:36.0 (24889836)|VARIABLE_ASSIGNMENT|[1056]|description|null
13:48:36.0 (24891370)|VARIABLE_SCOPE_BEGIN|[1056]|namespacePrefix|String|false|false
13:48:36.0 (24894200)|VARIABLE_ASSIGNMENT|[1056]|namespacePrefix|"shiva15testns"
13:48:36.0 (24895807)|VARIABLE_SCOPE_BEGIN|[1056]|userLicenseId|String|false|false
13:48:36.0 (24898382)|VARIABLE_ASSIGNMENT|[1056]|userLicenseId|"Salesforce"
13:48:36.0 (24899976)|VARIABLE_SCOPE_BEGIN|[1056]|createdDate|String|false|false
13:48:36.0 (24902647)|VARIABLE_ASSIGNMENT|[1056]|createdDate|"2016-05-03 17:44:15"
13:48:36.0 (24905414)|STATEMENT_EXECUTE|[1039]
13:48:36.0 (24906969)|STATEMENT_EXECUTE|[1042]
13:48:36.0 (24908314)|STATEMENT_EXECUTE|[1044]
13:48:36.0 (24909572)|STATEMENT_EXECUTE|[1046]
13:48:36.0 (24910731)|STATEMENT_EXECUTE|[1048]
13:48:36.0 (24911835)|STATEMENT_EXECUTE|[1050]
13:48:36.0 (24913111)|STATEMENT_EXECUTE|[1052]
13:48:36.0 (24914224)|STATEMENT_EXECUTE|[1054]
13:48:36.0 (24930985)|STATEMENT_EXECUTE|[1057]
13:48:36.0 (24934348)|STATEMENT_EXECUTE|[1058]
13:48:36.0 (24969625)|VARIABLE_ASSIGNMENT|[EXTERNAL]|this|{}|0x578e8367
13:48:36.0 (24979916)|VARIABLE_ASSIGNMENT|[EXTERNAL]|value|"Final_Test_2"
13:48:36.0 (24993574)|VARIABLE_ASSIGNMENT|[1042]|this.label|"Final_Test_2"|0x578e8367
13:48:36.0 (25004711)|STATEMENT_EXECUTE|[1059]
13:48:36.0 (25044691)|VARIABLE_ASSIGNMENT|[EXTERNAL]|this|{"label":"Final_Test_2"}|0x578e8367
13:48:36.0 (25053355)|VARIABLE_ASSIGNMENT|[EXTERNAL]|value|"Final_Test_2"
13:48:36.0 (25067405)|VARIABLE_ASSIGNMENT|[1044]|this.apiName|"Final_Test_2"|0x578e8367
13:48:36.0 (25078323)|STATEMENT_EXECUTE|[1060]
13:48:36.0 (25114815)|VARIABLE_ASSIGNMENT|[EXTERNAL]|this|{"apiName":"Final_Test_2","label":"Final_Test_2"}|0x578e8367
13:48:36.0 (25124156)|VARIABLE_ASSIGNMENT|[EXTERNAL]|value|"0PS360000017LF2GAM"
13:48:36.0 (25136911)|VARIABLE_ASSIGNMENT|[1046]|this.id|"0PS360000017LF2GAM"|0x578e8367
13:48:36.0 (25148147)|STATEMENT_EXECUTE|[1061]
13:48:36.0 (25175097)|VARIABLE_ASSIGNMENT|[EXTERNAL]|this|{"apiName":"Final_Test_2","id":"0PS360000017LF2GAM","label":"Final_Test_2"}|0x578e8367
13:48:36.0 (25180340)|VARIABLE_ASSIGNMENT|[EXTERNAL]|value|null
13:48:36.0 (25186664)|VARIABLE_ASSIGNMENT|[1048]|this.description|null|0x578e8367
13:48:36.0 (25192962)|STATEMENT_EXECUTE|[1062]
13:48:36.0 (25213465)|VARIABLE_ASSIGNMENT|[EXTERNAL]|this|{"apiName":"Final_Test_2","id":"0PS360000017LF2GAM","label":"Final_Test_2"}|0x578e8367
13:48:36.0 (25218455)|VARIABLE_ASSIGNMENT|[EXTERNAL]|value|"shiva15testns"
13:48:36.0 (25224313)|VARIABLE_ASSIGNMENT|[1050]|this.namespacePrefix|"shiva15testns"|0x578e8367
13:48:36.0 (25230109)|STATEMENT_EXECUTE|[1063]
13:48:36.0 (25249770)|VARIABLE_ASSIGNMENT|[EXTERNAL]|this|{"apiName":"Final_Test_2","id":"0PS360000017LF2GAM","label":"Final_Test_2","namespacePrefix":"shiva15testns"}|0x578e8367
13:48:36.0 (25254481)|VARIABLE_ASSIGNMENT|[EXTERNAL]|value|"Salesforce"
13:48:36.0 (25260037)|VARIABLE_ASSIGNMENT|[1052]|this.userLicenseId|"Salesforce"|0x578e8367
13:48:36.0 (25265666)|STATEMENT_EXECUTE|[1064]
13:48:36.0 (25286124)|VARIABLE_ASSIGNMENT|[EXTERNAL]|this|{"apiName":"Final_Test_2","id":"0PS360000017LF2GAM","label":"Final_Test_2","namespacePrefix":"shiva15testns","userLicenseId":"Salesforce"}|0x578e8367
13:48:36.0 (25291627)|VARIABLE_ASSIGNMENT|[EXTERNAL]|value|"2016-05-03 17:44:15"
13:48:36.0 (25297514)|VARIABLE_ASSIGNMENT|[1054]|this.createdDate|"2016-05-03 17:44:15"|0x578e8367
13:48:36.0 (25311048)|CONSTRUCTOR_EXIT|[165]|01p36000005Jpvx|<init>(String,String,String,String,String,String,String)
13:48:36.0 (25331612)|VARIABLE_ASSIGNMENT|[165]|pSetObj|{"apiName":"Final_Test_2","createdDate":"2016-05-03 17:44:15","id":"0PS360000017LF2GAM","label":"Final_Test_2","namespacePrefix":"shiva15testns","userLicenseId":"Salesforce"}|0x578e8367
13:48:36.0 (25335121)|STATEMENT_EXECUTE|[167]
13:48:36.0 (25350797)|ENTERING_MANAGED_PKG|
13:48:36.0 (25355769)|HEAP_ALLOCATE|[EXTERNAL]|Bytes:4
13:48:36.0 (25361923)|STATEMENT_EXECUTE|[168]
13:48:36.0 (25376087)|ENTERING_MANAGED_PKG|
13:48:36.0 (25422509)|HEAP_ALLOCATE|[168]|Bytes:174
13:48:36.0 (25438067)|HEAP_ALLOCATE|[168]|Bytes:198
13:48:36.0 (25450744)|ENTERING_MANAGED_PKG|
13:48:36.0 (25462563)|USER_DEBUG|[168]|ERROR|The PermissionSet Name: PermissionSet:{Id=0PS360000017LF2GAM, Label=Final_Test_2, Name=Final_Test_2, NamespacePrefix=shiva15testns, UserLicenseId=10036000000eSpyAAE, CreatedDate=2016-05-04 00:44:15}
13:48:36.0 (25480928)|HEAP_ALLOCATE|[162]|Bytes:5
13:48:36.0 (25504214)|HEAP_ALLOCATE|[162]|Bytes:28
13:48:36.0 (25512493)|VARIABLE_SCOPE_BEGIN|[162]|PSetName|PermissionSet|true|false
13:48:36.0 (25541985)|VARIABLE_ASSIGNMENT|[162]|PSetName|{"s":1,"v":{"Id":"0PS360000017LFMGA2","Label":"Final_Test_3","Name":"Final_Test_3","NamespacePrefix":"shiva15testns","UserLicenseId":"10036000000eSpyAAE","CreatedDate":"2016-05-04T00:45:07.000Z"}}|0x6e09d968
13:48:36.0 (25546387)|STATEMENT_EXECUTE|[162]
13:48:36.0 (25568802)|ENTERING_MANAGED_PKG|
13:48:36.0 (25579953)|STATEMENT_EXECUTE|[163]
13:48:36.0 (25581761)|STATEMENT_EXECUTE|[164]
13:48:36.0 (25586438)|HEAP_ALLOCATE|[164]|Bytes:4
13:48:36.0 (25727110)|SOQL_EXECUTE_BEGIN|[164]|Aggregations:0|SELECT Id, Name FROM UserLicense WHERE Id = :tmpVar1
13:48:36.0 (27017125)|SOQL_EXECUTE_END|[164]|Rows:1
13:48:36.0 (27028375)|HEAP_ALLOCATE|[164]|Bytes:8
13:48:36.0 (27037291)|HEAP_ALLOCATE|[164]|Bytes:47
13:48:36.0 (27050457)|HEAP_ALLOCATE|[164]|Bytes:8
13:48:36.0 (27079286)|HEAP_ALLOCATE|[164]|Bytes:12
13:48:36.0 (27087176)|VARIABLE_SCOPE_BEGIN|[164]|ulicense|UserLicense|true|false
13:48:36.0 (27102980)|VARIABLE_ASSIGNMENT|[164]|ulicense|{"s":1,"v":{"Id":"10036000000eSpyAAE","Name":"Salesforce"}}|0x33f5ed56
13:48:36.0 (27106616)|STATEMENT_EXECUTE|[165]
13:48:36.0 (27111928)|HEAP_ALLOCATE|[165]|Bytes:32
13:48:36.0 (27136656)|ENTERING_MANAGED_PKG|
13:48:36.0 (27141329)|HEAP_ALLOCATE|[165]|Bytes:18
13:48:36.0 (27168503)|ENTERING_MANAGED_PKG|
13:48:36.0 (27182130)|HEAP_ALLOCATE|[165]|Bytes:19
13:48:36.0 (27200888)|CONSTRUCTOR_ENTRY|[165]|01p36000005Jpvx|<init>(String,String,String,String,String,String,String)
13:48:36.0 (27206042)|VARIABLE_SCOPE_BEGIN|[1056]|this|shiva15testns.PermissionSetPortalControllers.PermissionSetClass|true|false
13:48:36.0 (27226944)|VARIABLE_ASSIGNMENT|[1056]|this|{}|0x2db8a77
13:48:36.0 (27229762)|VARIABLE_SCOPE_BEGIN|[1056]|label|String|false|false
13:48:36.0 (27234036)|VARIABLE_ASSIGNMENT|[1056]|label|"Final_Test_3"
13:48:36.0 (27235755)|VARIABLE_SCOPE_BEGIN|[1056]|apiName|String|false|false
13:48:36.0 (27238582)|VARIABLE_ASSIGNMENT|[1056]|apiName|"Final_Test_3"
13:48:36.0 (27240142)|VARIABLE_SCOPE_BEGIN|[1056]|id|String|false|false
13:48:36.0 (27242890)|VARIABLE_ASSIGNMENT|[1056]|id|"0PS360000017LFMGA2"
13:48:36.0 (27244662)|VARIABLE_SCOPE_BEGIN|[1056]|description|String|false|false
13:48:36.0 (27247442)|VARIABLE_ASSIGNMENT|[1056]|description|null
13:48:36.0 (27249002)|VARIABLE_SCOPE_BEGIN|[1056]|namespacePrefix|String|false|false
13:48:36.0 (27251719)|VARIABLE_ASSIGNMENT|[1056]|namespacePrefix|"shiva15testns"
13:48:36.0 (27253353)|VARIABLE_SCOPE_BEGIN|[1056]|userLicenseId|String|false|false
13:48:36.0 (27255983)|VARIABLE_ASSIGNMENT|[1056]|userLicenseId|"Salesforce"
13:48:36.0 (27257540)|VARIABLE_SCOPE_BEGIN|[1056]|createdDate|String|false|false
13:48:36.0 (27260167)|VARIABLE_ASSIGNMENT|[1056]|createdDate|"2016-05-03 17:45:07"
13:48:36.0 (27263040)|STATEMENT_EXECUTE|[1039]
13:48:36.0 (27265423)|STATEMENT_EXECUTE|[1042]
13:48:36.0 (27267595)|STATEMENT_EXECUTE|[1044]
13:48:36.0 (27269515)|STATEMENT_EXECUTE|[1046]
13:48:36.0 (27271475)|STATEMENT_EXECUTE|[1048]
13:48:36.0 (27273352)|STATEMENT_EXECUTE|[1050]
13:48:36.0 (27275236)|STATEMENT_EXECUTE|[1052]
13:48:36.0 (27277381)|STATEMENT_EXECUTE|[1054]
13:48:36.0 (27296762)|STATEMENT_EXECUTE|[1057]
13:48:36.0 (27299946)|STATEMENT_EXECUTE|[1058]
13:48:36.0 (27334638)|VARIABLE_ASSIGNMENT|[EXTERNAL]|this|{}|0x2db8a77
13:48:36.0 (27350806)|VARIABLE_ASSIGNMENT|[EXTERNAL]|value|"Final_Test_3"
13:48:36.0 (27365164)|VARIABLE_ASSIGNMENT|[1042]|this.label|"Final_Test_3"|0x2db8a77
13:48:36.0 (27377108)|STATEMENT_EXECUTE|[1059]
13:48:36.0 (27414922)|VARIABLE_ASSIGNMENT|[EXTERNAL]|this|{"label":"Final_Test_3"}|0x2db8a77
13:48:36.0 (27423933)|VARIABLE_ASSIGNMENT|[EXTERNAL]|value|"Final_Test_3"
13:48:36.0 (27436564)|VARIABLE_ASSIGNMENT|[1044]|this.apiName|"Final_Test_3"|0x2db8a77
13:48:36.0 (27448663)|STATEMENT_EXECUTE|[1060]
13:48:36.0 (27479639)|VARIABLE_ASSIGNMENT|[EXTERNAL]|this|{"apiName":"Final_Test_3","label":"Final_Test_3"}|0x2db8a77
13:48:36.0 (27485128)|VARIABLE_ASSIGNMENT|[EXTERNAL]|value|"0PS360000017LFMGA2"
13:48:36.0 (27492103)|VARIABLE_ASSIGNMENT|[1046]|this.id|"0PS360000017LFMGA2"|0x2db8a77
13:48:36.0 (27498738)|STATEMENT_EXECUTE|[1061]
13:48:36.0 (27519145)|VARIABLE_ASSIGNMENT|[EXTERNAL]|this|{"apiName":"Final_Test_3","id":"0PS360000017LFMGA2","label":"Final_Test_3"}|0x2db8a77
13:48:36.0 (27524149)|VARIABLE_ASSIGNMENT|[EXTERNAL]|value|null
13:48:36.0 (27529926)|VARIABLE_ASSIGNMENT|[1048]|this.description|null|0x2db8a77
13:48:36.0 (27535999)|STATEMENT_EXECUTE|[1062]
13:48:36.0 (27555790)|VARIABLE_ASSIGNMENT|[EXTERNAL]|this|{"apiName":"Final_Test_3","id":"0PS360000017LFMGA2","label":"Final_Test_3"}|0x2db8a77
13:48:36.0 (27560574)|VARIABLE_ASSIGNMENT|[EXTERNAL]|value|"shiva15testns"
13:48:36.0 (27566301)|VARIABLE_ASSIGNMENT|[1050]|this.namespacePrefix|"shiva15testns"|0x2db8a77
13:48:36.0 (27572150)|STATEMENT_EXECUTE|[1063]
13:48:36.0 (27591615)|VARIABLE_ASSIGNMENT|[EXTERNAL]|this|{"apiName":"Final_Test_3","id":"0PS360000017LFMGA2","label":"Final_Test_3","namespacePrefix":"shiva15testns"}|0x2db8a77
13:48:36.0 (27596422)|VARIABLE_ASSIGNMENT|[EXTERNAL]|value|"Salesforce"
13:48:36.0 (27601923)|VARIABLE_ASSIGNMENT|[1052]|this.userLicenseId|"Salesforce"|0x2db8a77
13:48:36.0 (27607709)|STATEMENT_EXECUTE|[1064]
13:48:36.0 (27628222)|VARIABLE_ASSIGNMENT|[EXTERNAL]|this|{"apiName":"Final_Test_3","id":"0PS360000017LFMGA2","label":"Final_Test_3","namespacePrefix":"shiva15testns","userLicenseId":"Salesforce"}|0x2db8a77
13:48:36.0 (27633370)|VARIABLE_ASSIGNMENT|[EXTERNAL]|value|"2016-05-03 17:45:07"
13:48:36.0 (27638970)|VARIABLE_ASSIGNMENT|[1054]|this.createdDate|"2016-05-03 17:45:07"|0x2db8a77
13:48:36.0 (27652234)|CONSTRUCTOR_EXIT|[165]|01p36000005Jpvx|<init>(String,String,String,String,String,String,String)
13:48:36.0 (27672138)|VARIABLE_ASSIGNMENT|[165]|pSetObj|{"apiName":"Final_Test_3","createdDate":"2016-05-03 17:45:07","id":"0PS360000017LFMGA2","label":"Final_Test_3","namespacePrefix":"shiva15testns","userLicenseId":"Salesforce"}|0x2db8a77
13:48:36.0 (27675571)|STATEMENT_EXECUTE|[167]
13:48:36.0 (27686885)|ENTERING_MANAGED_PKG|
13:48:36.0 (27691277)|HEAP_ALLOCATE|[EXTERNAL]|Bytes:4
13:48:36.0 (27696898)|STATEMENT_EXECUTE|[168]
13:48:36.0 (27710417)|ENTERING_MANAGED_PKG|
13:48:36.0 (27755128)|HEAP_ALLOCATE|[168]|Bytes:174
13:48:36.0 (27770332)|HEAP_ALLOCATE|[168]|Bytes:198
13:48:36.0 (27782618)|ENTERING_MANAGED_PKG|
13:48:36.0 (27793977)|USER_DEBUG|[168]|ERROR|The PermissionSet Name: PermissionSet:{Id=0PS360000017LFMGA2, Label=Final_Test_3, Name=Final_Test_3, NamespacePrefix=shiva15testns, UserLicenseId=10036000000eSpyAAE, CreatedDate=2016-05-04 00:45:07}
13:48:36.0 (27812132)|HEAP_ALLOCATE|[162]|Bytes:5
13:48:36.0 (27835547)|HEAP_ALLOCATE|[162]|Bytes:32
13:48:36.0 (27844013)|VARIABLE_SCOPE_BEGIN|[162]|PSetName|PermissionSet|true|false
13:48:36.0 (27875382)|VARIABLE_ASSIGNMENT|[162]|PSetName|{"s":1,"v":{"Id":"0PS360000017j41GAA","Label":"Permission_Set_Creat (13 more) ...","Name":"Permission_Set_Creat (13 more) ...","Description":"Permission Set Creat (23 more) ...","NamespacePrefix":"shiva15testns","UserLicenseId":"10036000000eSpyAAE","CreatedDate":"2016-05-04T19:46:39.000Z"}}|0xacbbdd7
13:48:36.0 (27880237)|STATEMENT_EXECUTE|[162]
13:48:36.0 (27903014)|ENTERING_MANAGED_PKG|
13:48:36.0 (27913861)|STATEMENT_EXECUTE|[163]
13:48:36.0 (27915705)|STATEMENT_EXECUTE|[164]
13:48:36.0 (27920388)|HEAP_ALLOCATE|[164]|Bytes:4
13:48:36.0 (28056680)|SOQL_EXECUTE_BEGIN|[164]|Aggregations:0|SELECT Id, Name FROM UserLicense WHERE Id = :tmpVar1
13:48:36.0 (29448774)|SOQL_EXECUTE_END|[164]|Rows:1
13:48:36.0 (29459972)|HEAP_ALLOCATE|[164]|Bytes:8
13:48:36.0 (29469152)|HEAP_ALLOCATE|[164]|Bytes:47
13:48:36.0 (29483986)|HEAP_ALLOCATE|[164]|Bytes:8
13:48:36.0 (29523784)|HEAP_ALLOCATE|[164]|Bytes:12
13:48:36.0 (29536986)|VARIABLE_SCOPE_BEGIN|[164]|ulicense|UserLicense|true|false
13:48:36.0 (29558627)|VARIABLE_ASSIGNMENT|[164]|ulicense|{"s":1,"v":{"Id":"10036000000eSpyAAE","Name":"Salesforce"}}|0xb1ce758
13:48:36.0 (29564745)|STATEMENT_EXECUTE|[165]
13:48:36.0 (29572066)|HEAP_ALLOCATE|[165]|Bytes:32
13:48:36.0 (29605336)|ENTERING_MANAGED_PKG|
13:48:36.0 (29612377)|HEAP_ALLOCATE|[165]|Bytes:18
13:48:36.0 (29660672)|ENTERING_MANAGED_PKG|
13:48:36.0 (29680690)|HEAP_ALLOCATE|[165]|Bytes:19
13:48:36.0 (29709361)|CONSTRUCTOR_ENTRY|[165]|01p36000005Jpvx|<init>(String,String,String,String,String,String,String)
13:48:36.0 (29717365)|VARIABLE_SCOPE_BEGIN|[1056]|this|shiva15testns.PermissionSetPortalControllers.PermissionSetClass|true|false
13:48:36.0 (29747827)|VARIABLE_ASSIGNMENT|[1056]|this|{}|0x65159542
13:48:36.0 (29753243)|VARIABLE_SCOPE_BEGIN|[1056]|label|String|false|false
13:48:36.0 (29763168)|VARIABLE_ASSIGNMENT|[1056]|label|"Permission_Set_Creat (13 more) ..."
13:48:36.0 (29766922)|VARIABLE_SCOPE_BEGIN|[1056]|apiName|String|false|false
13:48:36.0 (29772189)|VARIABLE_ASSIGNMENT|[1056]|apiName|"Permission_Set_Creat (13 more) ..."
13:48:36.0 (29774113)|VARIABLE_SCOPE_BEGIN|[1056]|id|String|false|false
13:48:36.0 (29777065)|VARIABLE_ASSIGNMENT|[1056]|id|"0PS360000017j41GAA"
13:48:36.0 (29778700)|VARIABLE_SCOPE_BEGIN|[1056]|description|String|false|false
13:48:36.0 (29782065)|VARIABLE_ASSIGNMENT|[1056]|description|"Permission Set Creat (23 more) ..."
13:48:36.0 (29783764)|VARIABLE_SCOPE_BEGIN|[1056]|namespacePrefix|String|false|false
13:48:36.0 (29786332)|VARIABLE_ASSIGNMENT|[1056]|namespacePrefix|"shiva15testns"
13:48:36.0 (29787930)|VARIABLE_SCOPE_BEGIN|[1056]|userLicenseId|String|false|false
13:48:36.0 (29790472)|VARIABLE_ASSIGNMENT|[1056]|userLicenseId|"Salesforce"
13:48:36.0 (29792035)|VARIABLE_SCOPE_BEGIN|[1056]|createdDate|String|false|false
13:48:36.0 (29794679)|VARIABLE_ASSIGNMENT|[1056]|createdDate|"2016-05-04 12:46:39"
13:48:36.0 (29798209)|STATEMENT_EXECUTE|[1039]
13:48:36.0 (29799743)|STATEMENT_EXECUTE|[1042]
13:48:36.0 (29801210)|STATEMENT_EXECUTE|[1044]
13:48:36.0 (29802386)|STATEMENT_EXECUTE|[1046]
13:48:36.0 (29803491)|STATEMENT_EXECUTE|[1048]
13:48:36.0 (29804596)|STATEMENT_EXECUTE|[1050]
13:48:36.0 (29805733)|STATEMENT_EXECUTE|[1052]
13:48:36.0 (29806839)|STATEMENT_EXECUTE|[1054]
13:48:36.0 (29820025)|STATEMENT_EXECUTE|[1057]
13:48:36.0 (29821679)|STATEMENT_EXECUTE|[1058]
13:48:36.0 (29844489)|VARIABLE_ASSIGNMENT|[EXTERNAL]|this|{}|0x65159542
13:48:36.0 (29850790)|VARIABLE_ASSIGNMENT|[EXTERNAL]|value|"Permission_Set_Creat (13 more) ..."
13:48:36.0 (29858714)|VARIABLE_ASSIGNMENT|[1042]|this.label|"Permission_Set_Creat (13 more) ..."|0x65159542
13:48:36.0 (29865240)|STATEMENT_EXECUTE|[1059]
13:48:36.0 (29885561)|VARIABLE_ASSIGNMENT|[EXTERNAL]|this|{"label":"Permission_Set_Creat (13 more) ..."}|0x65159542
13:48:36.0 (29890915)|VARIABLE_ASSIGNMENT|[EXTERNAL]|value|"Permission_Set_Creat (13 more) ..."
13:48:36.0 (29897574)|VARIABLE_ASSIGNMENT|[1044]|this.apiName|"Permission_Set_Creat (13 more) ..."|0x65159542
13:48:36.0 (29903466)|STATEMENT_EXECUTE|[1060]
13:48:36.0 (29923827)|VARIABLE_ASSIGNMENT|[EXTERNAL]|this|{"apiName":"Permission_Set_Creat (13 more) ...","label":"Permission_Set_Creat (13 more) ..."}|0x65159542
13:48:36.0 (29928838)|VARIABLE_ASSIGNMENT|[EXTERNAL]|value|"0PS360000017j41GAA"
13:48:36.0 (29934774)|VARIABLE_ASSIGNMENT|[1046]|this.id|"0PS360000017j41GAA"|0x65159542
13:48:36.0 (29940415)|STATEMENT_EXECUTE|[1061]
13:48:36.0 (29960565)|VARIABLE_ASSIGNMENT|[EXTERNAL]|this|{"apiName":"Permission_Set_Creat (13 more) ...","id":"0PS360000017j41GAA","label":"Permission_Set_Creat (13 more) ..."}|0x65159542
13:48:36.0 (29966216)|VARIABLE_ASSIGNMENT|[EXTERNAL]|value|"Permission Set Creat (23 more) ..."
13:48:36.0 (29972493)|VARIABLE_ASSIGNMENT|[1048]|this.description|"Permission Set Creat (23 more) ..."|0x65159542
13:48:36.0 (29978243)|STATEMENT_EXECUTE|[1062]
13:48:36.0 (29999713)|VARIABLE_ASSIGNMENT|[EXTERNAL]|this|{"apiName":"Permission_Set_Creat (13 more) ...","description":"Permission Set Creat (23 more) ...","id":"0PS360000017j41GAA","label":"Permission_Set_Creat (13 more) ..."}|0x65159542
13:48:36.0 (30005010)|VARIABLE_ASSIGNMENT|[EXTERNAL]|value|"shiva15testns"
13:48:36.0 (30011728)|VARIABLE_ASSIGNMENT|[1050]|this.namespacePrefix|"shiva15testns"|0x65159542
13:48:36.0 (30017379)|STATEMENT_EXECUTE|[1063]
13:48:36.0 (30039359)|VARIABLE_ASSIGNMENT|[EXTERNAL]|this|{"apiName":"Permission_Set_Creat (13 more) ...","description":"Permission Set Creat (23 more) ...","id":"0PS360000017j41GAA","label":"Permission_Set_Creat (13 more) ...","namespacePrefix":"shiva15testns"}|0x65159542
13:48:36.0 (30044531)|VARIABLE_ASSIGNMENT|[EXTERNAL]|value|"Salesforce"
13:48:36.0 (30050049)|VARIABLE_ASSIGNMENT|[1052]|this.userLicenseId|"Salesforce"|0x65159542
13:48:36.0 (30055837)|STATEMENT_EXECUTE|[1064]
13:48:36.0 (30078150)|VARIABLE_ASSIGNMENT|[EXTERNAL]|this|{"apiName":"Permission_Set_Creat (13 more) ...","description":"Permission Set Creat (23 more) ...","id":"0PS360000017j41GAA","label":"Permission_Set_Creat (13 more) ...","namespacePrefix":"shiva15testns","userLicenseId":"Salesforce"}|0x65159542
13:48:36.0 (30083872)|VARIABLE_ASSIGNMENT|[EXTERNAL]|value|"2016-05-04 12:46:39"
13:48:36.0 (30089532)|VARIABLE_ASSIGNMENT|[1054]|this.createdDate|"2016-05-04 12:46:39"|0x65159542
13:48:36.0 (30102695)|CONSTRUCTOR_EXIT|[165]|01p36000005Jpvx|<init>(String,String,String,String,String,String,String)
13:48:36.0 (30124475)|VARIABLE_ASSIGNMENT|[165]|pSetObj|{"apiName":"Permission_Set_Creat (13 more) ...","createdDate":"2016-05-04 12:46:39","description":"Permission Set Creat (23 more) ...","id":"0PS360000017j41GAA","label":"Permission_Set_Creat (13 more) ...","namespacePrefix":"shiva15testns","userLicenseId":"Salesforce"}|0x65159542
13:48:36.0 (30128363)|STATEMENT_EXECUTE|[167]
13:48:36.0 (30139901)|ENTERING_MANAGED_PKG|
13:48:36.0 (30144359)|HEAP_ALLOCATE|[EXTERNAL]|Bytes:4
13:48:36.0 (30150061)|STATEMENT_EXECUTE|[168]
13:48:36.0 (30163610)|ENTERING_MANAGED_PKG|
13:48:36.0 (30210872)|HEAP_ALLOCATE|[168]|Bytes:273
13:48:36.0 (30226306)|HEAP_ALLOCATE|[168]|Bytes:297
13:48:36.0 (30239254)|ENTERING_MANAGED_PKG|
13:48:36.0 (30250353)|USER_DEBUG|[168]|ERROR|The PermissionSet Name: PermissionSet:{Id=0PS360000017j41GAA, Label=Permission_Set_Creation_Testing_1, Name=Permission_Set_Creation_Testing_1, Description=Permission Set Creating Testing Description, NamespacePrefix=shiva15testns, UserLicenseId=10036000000eSpyAAE, CreatedDate=2016-05-04 19:46:39}
13:48:36.0 (30268346)|HEAP_ALLOCATE|[162]|Bytes:5
13:48:36.0 (30291794)|HEAP_ALLOCATE|[162]|Bytes:32
13:48:36.0 (30300076)|VARIABLE_SCOPE_BEGIN|[162]|PSetName|PermissionSet|true|false
13:48:36.0 (30328238)|VARIABLE_ASSIGNMENT|[162]|PSetName|{"s":1,"v":{"Id":"0PS360000017jAjGAI","Label":"Final_Test_4","Name":"Final_Test_4","Description":"Fina Test 4 Descp","NamespacePrefix":"shiva15testns","UserLicenseId":"10036000000eSpyAAE","CreatedDate":"2016-05-04T19:48:51.000Z"}}|0x7e610d70
13:48:36.0 (30332683)|STATEMENT_EXECUTE|[162]
13:48:36.0 (30370818)|ENTERING_MANAGED_PKG|
13:48:36.0 (30382298)|STATEMENT_EXECUTE|[163]
13:48:36.0 (30384417)|STATEMENT_EXECUTE|[164]
13:48:36.0 (30389376)|HEAP_ALLOCATE|[164]|Bytes:4
13:48:36.0 (30595289)|SOQL_EXECUTE_BEGIN|[164]|Aggregations:0|SELECT Id, Name FROM UserLicense WHERE Id = :tmpVar1
13:48:36.0 (32420653)|SOQL_EXECUTE_END|[164]|Rows:1
13:48:36.0 (32432125)|HEAP_ALLOCATE|[164]|Bytes:8
13:48:36.0 (32441445)|HEAP_ALLOCATE|[164]|Bytes:47
13:48:36.0 (32455337)|HEAP_ALLOCATE|[164]|Bytes:8
13:48:36.0 (32484089)|HEAP_ALLOCATE|[164]|Bytes:12
13:48:36.0 (32491993)|VARIABLE_SCOPE_BEGIN|[164]|ulicense|UserLicense|true|false
13:48:36.0 (32507807)|VARIABLE_ASSIGNMENT|[164]|ulicense|{"s":1,"v":{"Id":"10036000000eSpyAAE","Name":"Salesforce"}}|0x5671052
13:48:36.0 (32511115)|STATEMENT_EXECUTE|[165]
13:48:36.0 (32516566)|HEAP_ALLOCATE|[165]|Bytes:32
13:48:36.0 (32542041)|ENTERING_MANAGED_PKG|
13:48:36.0 (32546886)|HEAP_ALLOCATE|[165]|Bytes:18
13:48:36.0 (32580195)|ENTERING_MANAGED_PKG|
13:48:36.0 (32600092)|HEAP_ALLOCATE|[165]|Bytes:19
13:48:36.0 (32620552)|CONSTRUCTOR_ENTRY|[165]|01p36000005Jpvx|<init>(String,String,String,String,String,String,String)
13:48:36.0 (32626078)|VARIABLE_SCOPE_BEGIN|[1056]|this|shiva15testns.PermissionSetPortalControllers.PermissionSetClass|true|false
13:48:36.0 (32647452)|VARIABLE_ASSIGNMENT|[1056]|this|{}|0x6a271918
13:48:36.0 (32650274)|VARIABLE_SCOPE_BEGIN|[1056]|label|String|false|false
13:48:36.0 (32655013)|VARIABLE_ASSIGNMENT|[1056]|label|"Final_Test_4"
13:48:36.0 (32656712)|VARIABLE_SCOPE_BEGIN|[1056]|apiName|String|false|false
13:48:36.0 (32659344)|VARIABLE_ASSIGNMENT|[1056]|apiName|"Final_Test_4"
13:48:36.0 (32660883)|VARIABLE_SCOPE_BEGIN|[1056]|id|String|false|false
13:48:36.0 (32663710)|VARIABLE_ASSIGNMENT|[1056]|id|"0PS360000017jAjGAI"
13:48:36.0 (32665290)|VARIABLE_SCOPE_BEGIN|[1056]|description|String|false|false
13:48:36.0 (32668171)|VARIABLE_ASSIGNMENT|[1056]|description|"Fina Test 4 Descp"
13:48:36.0 (32669749)|VARIABLE_SCOPE_BEGIN|[1056]|namespacePrefix|String|false|false
13:48:36.0 (32672327)|VARIABLE_ASSIGNMENT|[1056]|namespacePrefix|"shiva15testns"
13:48:36.0 (32673823)|VARIABLE_SCOPE_BEGIN|[1056]|userLicenseId|String|false|false
13:48:36.0 (32676310)|VARIABLE_ASSIGNMENT|[1056]|userLicenseId|"Salesforce"
13:48:36.0 (32677810)|VARIABLE_SCOPE_BEGIN|[1056]|createdDate|String|false|false
13:48:36.0 (32680432)|VARIABLE_ASSIGNMENT|[1056]|createdDate|"2016-05-04 12:48:51"
13:48:36.0 (32683441)|STATEMENT_EXECUTE|[1039]
13:48:36.0 (32685000)|STATEMENT_EXECUTE|[1042]
13:48:36.0 (32686397)|STATEMENT_EXECUTE|[1044]
13:48:36.0 (32687520)|STATEMENT_EXECUTE|[1046]
13:48:36.0 (32688644)|STATEMENT_EXECUTE|[1048]
13:48:36.0 (32689918)|STATEMENT_EXECUTE|[1050]
13:48:36.0 (32691104)|STATEMENT_EXECUTE|[1052]
13:48:36.0 (32692207)|STATEMENT_EXECUTE|[1054]
13:48:36.0 (32704083)|STATEMENT_EXECUTE|[1057]
13:48:36.0 (32705713)|STATEMENT_EXECUTE|[1058]
13:48:36.0 (32725983)|VARIABLE_ASSIGNMENT|[EXTERNAL]|this|{}|0x6a271918
13:48:36.0 (32731322)|VARIABLE_ASSIGNMENT|[EXTERNAL]|value|"Final_Test_4"
13:48:36.0 (32738304)|VARIABLE_ASSIGNMENT|[1042]|this.label|"Final_Test_4"|0x6a271918
13:48:36.0 (32744751)|STATEMENT_EXECUTE|[1059]
13:48:36.0 (32764296)|VARIABLE_ASSIGNMENT|[EXTERNAL]|this|{"label":"Final_Test_4"}|0x6a271918
13:48:36.0 (32768831)|VARIABLE_ASSIGNMENT|[EXTERNAL]|value|"Final_Test_4"
13:48:36.0 (32777032)|VARIABLE_ASSIGNMENT|[1044]|this.apiName|"Final_Test_4"|0x6a271918
13:48:36.0 (32784252)|STATEMENT_EXECUTE|[1060]
13:48:36.0 (32805225)|VARIABLE_ASSIGNMENT|[EXTERNAL]|this|{"apiName":"Final_Test_4","label":"Final_Test_4"}|0x6a271918
13:48:36.0 (32810160)|VARIABLE_ASSIGNMENT|[EXTERNAL]|value|"0PS360000017jAjGAI"
13:48:36.0 (32816202)|VARIABLE_ASSIGNMENT|[1046]|this.id|"0PS360000017jAjGAI"|0x6a271918
13:48:36.0 (32821712)|STATEMENT_EXECUTE|[1061]
13:48:36.0 (32841351)|VARIABLE_ASSIGNMENT|[EXTERNAL]|this|{"apiName":"Final_Test_4","id":"0PS360000017jAjGAI","label":"Final_Test_4"}|0x6a271918
13:48:36.0 (32846231)|VARIABLE_ASSIGNMENT|[EXTERNAL]|value|"Fina Test 4 Descp"
13:48:36.0 (32852003)|VARIABLE_ASSIGNMENT|[1048]|this.description|"Fina Test 4 Descp"|0x6a271918
13:48:36.0 (32857680)|STATEMENT_EXECUTE|[1062]
13:48:36.0 (32877573)|VARIABLE_ASSIGNMENT|[EXTERNAL]|this|{"apiName":"Final_Test_4","description":"Fina Test 4 Descp","id":"0PS360000017jAjGAI","label":"Final_Test_4"}|0x6a271918
13:48:36.0 (32882430)|VARIABLE_ASSIGNMENT|[EXTERNAL]|value|"shiva15testns"
13:48:36.0 (32887774)|VARIABLE_ASSIGNMENT|[1050]|this.namespacePrefix|"shiva15testns"|0x6a271918
13:48:36.0 (32893550)|STATEMENT_EXECUTE|[1063]
13:48:36.0 (32914686)|VARIABLE_ASSIGNMENT|[EXTERNAL]|this|{"apiName":"Final_Test_4","description":"Fina Test 4 Descp","id":"0PS360000017jAjGAI","label":"Final_Test_4","namespacePrefix":"shiva15testns"}|0x6a271918
13:48:36.0 (32919613)|VARIABLE_ASSIGNMENT|[EXTERNAL]|value|"Salesforce"
13:48:36.0 (32925092)|VARIABLE_ASSIGNMENT|[1052]|this.userLicenseId|"Salesforce"|0x6a271918
13:48:36.0 (32930735)|STATEMENT_EXECUTE|[1064]
13:48:36.0 (32951375)|VARIABLE_ASSIGNMENT|[EXTERNAL]|this|{"apiName":"Final_Test_4","description":"Fina Test 4 Descp","id":"0PS360000017jAjGAI","label":"Final_Test_4","namespacePrefix":"shiva15testns","userLicenseId":"Salesforce"}|0x6a271918
13:48:36.0 (32956765)|VARIABLE_ASSIGNMENT|[EXTERNAL]|value|"2016-05-04 12:48:51"
13:48:36.0 (32962428)|VARIABLE_ASSIGNMENT|[1054]|this.createdDate|"2016-05-04 12:48:51"|0x6a271918
13:48:36.0 (32975370)|CONSTRUCTOR_EXIT|[165]|01p36000005Jpvx|<init>(String,String,String,String,String,String,String)
13:48:36.0 (32995911)|VARIABLE_ASSIGNMENT|[165]|pSetObj|{"apiName":"Final_Test_4","createdDate":"2016-05-04 12:48:51","description":"Fina Test 4 Descp","id":"0PS360000017jAjGAI","label":"Final_Test_4","namespacePrefix":"shiva15testns","userLicenseId":"Salesforce"}|0x6a271918
13:48:36.0 (32999732)|STATEMENT_EXECUTE|[167]
13:48:36.0 (33010679)|ENTERING_MANAGED_PKG|
13:48:36.0 (33015964)|HEAP_ALLOCATE|[EXTERNAL]|Bytes:4
13:48:36.0 (33021631)|STATEMENT_EXECUTE|[168]
13:48:36.0 (33034738)|ENTERING_MANAGED_PKG|
13:48:36.0 (33082544)|HEAP_ALLOCATE|[168]|Bytes:205
13:48:36.0 (33097729)|HEAP_ALLOCATE|[168]|Bytes:229
13:48:36.0 (33110083)|ENTERING_MANAGED_PKG|
13:48:36.0 (33121210)|USER_DEBUG|[168]|ERROR|The PermissionSet Name: PermissionSet:{Id=0PS360000017jAjGAI, Label=Final_Test_4, Name=Final_Test_4, Description=Fina Test 4 Descp, NamespacePrefix=shiva15testns, UserLicenseId=10036000000eSpyAAE, CreatedDate=2016-05-04 19:48:51}
13:48:36.0 (33145569)|HEAP_ALLOCATE|[162]|Bytes:5
13:48:36.0 (33172726)|HEAP_ALLOCATE|[162]|Bytes:32
13:48:36.0 (33181209)|VARIABLE_SCOPE_BEGIN|[162]|PSetName|PermissionSet|true|false
13:48:36.0 (33210341)|VARIABLE_ASSIGNMENT|[162]|PSetName|{"s":1,"v":{"Id":"0PS360000017jDxGAI","Label":"Final_Test_5","Name":"Final_Test_5","Description":"Final Test Descp","NamespacePrefix":"shiva15testns","UserLicenseId":"10036000000eSpyAAE","CreatedDate":"2016-05-04T19:49:51.000Z"}}|0x72a60b63
13:48:36.0 (33215043)|STATEMENT_EXECUTE|[162]
13:48:36.0 (33238039)|ENTERING_MANAGED_PKG|
13:48:36.0 (33248958)|STATEMENT_EXECUTE|[163]
13:48:36.0 (33250721)|STATEMENT_EXECUTE|[164]
13:48:36.0 (33255550)|HEAP_ALLOCATE|[164]|Bytes:4
13:48:36.0 (33401099)|SOQL_EXECUTE_BEGIN|[164]|Aggregations:0|SELECT Id, Name FROM UserLicense WHERE Id = :tmpVar1
13:48:36.0 (34874541)|SOQL_EXECUTE_END|[164]|Rows:1
13:48:36.0 (34890470)|HEAP_ALLOCATE|[164]|Bytes:8
13:48:36.0 (34903522)|HEAP_ALLOCATE|[164]|Bytes:47
13:48:36.0 (34921737)|HEAP_ALLOCATE|[164]|Bytes:8
13:48:36.0 (34958310)|HEAP_ALLOCATE|[164]|Bytes:12
13:48:36.0 (34968973)|VARIABLE_SCOPE_BEGIN|[164]|ulicense|UserLicense|true|false
13:48:36.0 (34988853)|VARIABLE_ASSIGNMENT|[164]|ulicense|{"s":1,"v":{"Id":"10036000000eSpyAAE","Name":"Salesforce"}}|0x2ab56b2b
13:48:36.0 (34993754)|STATEMENT_EXECUTE|[165]
13:48:36.0 (35005626)|HEAP_ALLOCATE|[165]|Bytes:32
13:48:36.0 (35044730)|ENTERING_MANAGED_PKG|
13:48:36.0 (35052918)|HEAP_ALLOCATE|[165]|Bytes:18
13:48:36.0 (35104614)|ENTERING_MANAGED_PKG|
13:48:36.0 (35125699)|HEAP_ALLOCATE|[165]|Bytes:19
13:48:36.0 (35156613)|CONSTRUCTOR_ENTRY|[165]|01p36000005Jpvx|<init>(String,String,String,String,String,String,String)
13:48:36.0 (35165801)|VARIABLE_SCOPE_BEGIN|[1056]|this|shiva15testns.PermissionSetPortalControllers.PermissionSetClass|true|false
13:48:36.0 (35197553)|VARIABLE_ASSIGNMENT|[1056]|this|{}|0x42426e60
13:48:36.0 (35202912)|VARIABLE_SCOPE_BEGIN|[1056]|label|String|false|false
13:48:36.0 (35210300)|VARIABLE_ASSIGNMENT|[1056]|label|"Final_Test_5"
13:48:36.0 (35213415)|VARIABLE_SCOPE_BEGIN|[1056]|apiName|String|false|false
13:48:36.0 (35218267)|VARIABLE_ASSIGNMENT|[1056]|apiName|"Final_Test_5"
13:48:36.0 (35221090)|VARIABLE_SCOPE_BEGIN|[1056]|id|String|false|false
13:48:36.0 (35226564)|VARIABLE_ASSIGNMENT|[1056]|id|"0PS360000017jDxGAI"
13:48:36.0 (35229252)|VARIABLE_SCOPE_BEGIN|[1056]|description|String|false|false
13:48:36.0 (35234717)|VARIABLE_ASSIGNMENT|[1056]|description|"Final Test Descp"
13:48:36.0 (35238219)|VARIABLE_SCOPE_BEGIN|[1056]|namespacePrefix|String|false|false
13:48:36.0 (35243945)|VARIABLE_ASSIGNMENT|[1056]|namespacePrefix|"shiva15testns"
13:48:36.0 (35246861)|VARIABLE_SCOPE_BEGIN|[1056]|userLicenseId|String|false|false
13:48:36.0 (35252011)|VARIABLE_ASSIGNMENT|[1056]|userLicenseId|"Salesforce"
13:48:36.0 (35254901)|VARIABLE_SCOPE_BEGIN|[1056]|createdDate|String|false|false
13:48:36.0 (35260592)|VARIABLE_ASSIGNMENT|[1056]|createdDate|"2016-05-04 12:49:51"
13:48:36.0 (35265421)|STATEMENT_EXECUTE|[1039]
13:48:36.0 (35267719)|STATEMENT_EXECUTE|[1042]
13:48:36.0 (35270212)|STATEMENT_EXECUTE|[1044]
13:48:36.0 (35272261)|STATEMENT_EXECUTE|[1046]
13:48:36.0 (35273819)|STATEMENT_EXECUTE|[1048]
13:48:36.0 (35275471)|STATEMENT_EXECUTE|[1050]
13:48:36.0 (35277149)|STATEMENT_EXECUTE|[1052]
13:48:36.0 (35278751)|STATEMENT_EXECUTE|[1054]
13:48:36.0 (35298393)|STATEMENT_EXECUTE|[1057]
13:48:36.0 (35301472)|STATEMENT_EXECUTE|[1058]
13:48:36.0 (35337267)|VARIABLE_ASSIGNMENT|[EXTERNAL]|this|{}|0x42426e60
13:48:36.0 (35353163)|VARIABLE_ASSIGNMENT|[EXTERNAL]|value|"Final_Test_5"
13:48:36.0 (35368194)|VARIABLE_ASSIGNMENT|[1042]|this.label|"Final_Test_5"|0x42426e60
13:48:36.0 (35380245)|STATEMENT_EXECUTE|[1059]
13:48:36.0 (35418380)|VARIABLE_ASSIGNMENT|[EXTERNAL]|this|{"label":"Final_Test_5"}|0x42426e60
13:48:36.0 (35426792)|VARIABLE_ASSIGNMENT|[EXTERNAL]|value|"Final_Test_5"
13:48:36.0 (35438637)|VARIABLE_ASSIGNMENT|[1044]|this.apiName|"Final_Test_5"|0x42426e60
13:48:36.0 (35449753)|STATEMENT_EXECUTE|[1060]
13:48:36.0 (35487032)|VARIABLE_ASSIGNMENT|[EXTERNAL]|this|{"apiName":"Final_Test_5","label":"Final_Test_5"}|0x42426e60
13:48:36.0 (35495827)|VARIABLE_ASSIGNMENT|[EXTERNAL]|value|"0PS360000017jDxGAI"
13:48:36.0 (35507910)|VARIABLE_ASSIGNMENT|[1046]|this.id|"0PS360000017jDxGAI"|0x42426e60
13:48:36.0 (35518588)|STATEMENT_EXECUTE|[1061]
13:48:36.0 (35555287)|VARIABLE_ASSIGNMENT|[EXTERNAL]|this|{"apiName":"Final_Test_5","id":"0PS360000017jDxGAI","label":"Final_Test_5"}|0x42426e60
13:48:36.0 (35565356)|VARIABLE_ASSIGNMENT|[EXTERNAL]|value|"Final Test Descp"
13:48:36.0 (35578154)|VARIABLE_ASSIGNMENT|[1048]|this.description|"Final Test Descp"|0x42426e60
13:48:36.0 (35589449)|STATEMENT_EXECUTE|[1062]
13:48:36.0 (35628886)|VARIABLE_ASSIGNMENT|[EXTERNAL]|this|{"apiName":"Final_Test_5","description":"Final Test Descp","id":"0PS360000017jDxGAI","label":"Final_Test_5"}|0x42426e60
13:48:36.0 (35638456)|VARIABLE_ASSIGNMENT|[EXTERNAL]|value|"shiva15testns"
13:48:36.0 (35651789)|VARIABLE_ASSIGNMENT|[1050]|this.namespacePrefix|"shiva15testns"|0x42426e60
13:48:36.0 (35663206)|STATEMENT_EXECUTE|[1063]
13:48:36.0 (35704218)|VARIABLE_ASSIGNMENT|[EXTERNAL]|this|{"apiName":"Final_Test_5","description":"Final Test Descp","id":"0PS360000017jDxGAI","label":"Final_Test_5","namespacePrefix":"shiva15testns"}|0x42426e60
13:48:36.0 (35713119)|VARIABLE_ASSIGNMENT|[EXTERNAL]|value|"Salesforce"
13:48:36.0 (35725337)|VARIABLE_ASSIGNMENT|[1052]|this.userLicenseId|"Salesforce"|0x42426e60
13:48:36.0 (35736055)|STATEMENT_EXECUTE|[1064]
13:48:36.0 (35777682)|VARIABLE_ASSIGNMENT|[EXTERNAL]|this|{"apiName":"Final_Test_5","description":"Final Test Descp","id":"0PS360000017jDxGAI","label":"Final_Test_5","namespacePrefix":"shiva15testns","userLicenseId":"Salesforce"}|0x42426e60
13:48:36.0 (35788315)|VARIABLE_ASSIGNMENT|[EXTERNAL]|value|"2016-05-04 12:49:51"
13:48:36.0 (35800513)|VARIABLE_ASSIGNMENT|[1054]|this.createdDate|"2016-05-04 12:49:51"|0x42426e60
13:48:36.0 (35823365)|CONSTRUCTOR_EXIT|[165]|01p36000005Jpvx|<init>(String,String,String,String,String,String,String)
13:48:36.0 (35862717)|VARIABLE_ASSIGNMENT|[165]|pSetObj|{"apiName":"Final_Test_5","createdDate":"2016-05-04 12:49:51","description":"Final Test Descp","id":"0PS360000017jDxGAI","label":"Final_Test_5","namespacePrefix":"shiva15testns","userLicenseId":"Salesforce"}|0x42426e60
13:48:36.0 (35869502)|STATEMENT_EXECUTE|[167]
13:48:36.0 (35887629)|ENTERING_MANAGED_PKG|
13:48:36.0 (35895999)|HEAP_ALLOCATE|[EXTERNAL]|Bytes:4
13:48:36.0 (35906484)|STATEMENT_EXECUTE|[168]
13:48:36.0 (35929917)|ENTERING_MANAGED_PKG|
13:48:36.0 (36011687)|HEAP_ALLOCATE|[168]|Bytes:204
13:48:36.0 (36036639)|HEAP_ALLOCATE|[168]|Bytes:228
13:48:36.0 (36056090)|ENTERING_MANAGED_PKG|
13:48:36.0 (36071857)|USER_DEBUG|[168]|ERROR|The PermissionSet Name: PermissionSet:{Id=0PS360000017jDxGAI, Label=Final_Test_5, Name=Final_Test_5, Description=Final Test Descp, NamespacePrefix=shiva15testns, UserLicenseId=10036000000eSpyAAE, CreatedDate=2016-05-04 19:49:51}
13:48:36.0 (36100403)|HEAP_ALLOCATE|[162]|Bytes:5
13:48:36.0 (36137583)|HEAP_ALLOCATE|[162]|Bytes:32
13:48:36.0 (36151740)|VARIABLE_SCOPE_BEGIN|[162]|PSetName|PermissionSet|true|false
13:48:36.0 (36190425)|VARIABLE_ASSIGNMENT|[162]|PSetName|{"s":1,"v":{"Id":"0PS360000017l7SGAQ","Label":"Final_Test_6","Name":"Final_Test_6","Description":"Descp","NamespacePrefix":"shiva15testns","UserLicenseId":"10036000000eSpyAAE","CreatedDate":"2016-05-04T20:47:01.000Z"}}|0x52c44ec6
13:48:36.0 (36197229)|STATEMENT_EXECUTE|[162]
13:48:36.0 (36228644)|ENTERING_MANAGED_PKG|
13:48:36.0 (36248482)|STATEMENT_EXECUTE|[163]
13:48:36.0 (36251533)|STATEMENT_EXECUTE|[164]
13:48:36.0 (36257687)|HEAP_ALLOCATE|[164]|Bytes:4
13:48:36.0 (36450943)|SOQL_EXECUTE_BEGIN|[164]|Aggregations:0|SELECT Id, Name FROM UserLicense WHERE Id = :tmpVar1
13:48:36.0 (38051207)|SOQL_EXECUTE_END|[164]|Rows:1
13:48:36.0 (38066334)|HEAP_ALLOCATE|[164]|Bytes:8
13:48:36.0 (38077673)|HEAP_ALLOCATE|[164]|Bytes:47
13:48:36.0 (38094469)|HEAP_ALLOCATE|[164]|Bytes:8
13:48:36.0 (38130401)|HEAP_ALLOCATE|[164]|Bytes:12
13:48:36.0 (38140978)|VARIABLE_SCOPE_BEGIN|[164]|ulicense|UserLicense|true|false
13:48:36.0 (38161471)|VARIABLE_ASSIGNMENT|[164]|ulicense|{"s":1,"v":{"Id":"10036000000eSpyAAE","Name":"Salesforce"}}|0x28f2bb67
13:48:36.0 (38165905)|STATEMENT_EXECUTE|[165]
13:48:36.0 (38173196)|HEAP_ALLOCATE|[165]|Bytes:32
13:48:36.0 (38207255)|ENTERING_MANAGED_PKG|
13:48:36.0 (38213887)|HEAP_ALLOCATE|[165]|Bytes:18
13:48:36.0 (38255985)|ENTERING_MANAGED_PKG|
13:48:36.0 (38274130)|HEAP_ALLOCATE|[165]|Bytes:19
13:48:36.0 (38301049)|CONSTRUCTOR_ENTRY|[165]|01p36000005Jpvx|<init>(String,String,String,String,String,String,String)
13:48:36.0 (38308872)|VARIABLE_SCOPE_BEGIN|[1056]|this|shiva15testns.PermissionSetPortalControllers.PermissionSetClass|true|false
13:48:36.0 (38339233)|VARIABLE_ASSIGNMENT|[1056]|this|{}|0x16365b5d
13:48:36.0 (38343141)|VARIABLE_SCOPE_BEGIN|[1056]|label|String|false|false
13:48:36.0 (38349898)|VARIABLE_ASSIGNMENT|[1056]|label|"Final_Test_6"
13:48:36.0 (38353008)|VARIABLE_SCOPE_BEGIN|[1056]|apiName|String|false|false
13:48:36.0 (38357547)|VARIABLE_ASSIGNMENT|[1056]|apiName|"Final_Test_6"
13:48:36.0 (38360218)|VARIABLE_SCOPE_BEGIN|[1056]|id|String|false|false
13:48:36.0 (38365144)|VARIABLE_ASSIGNMENT|[1056]|id|"0PS360000017l7SGAQ"
13:48:36.0 (38367773)|VARIABLE_SCOPE_BEGIN|[1056]|description|String|false|false
13:48:36.0 (38371938)|VARIABLE_ASSIGNMENT|[1056]|description|"Descp"
13:48:36.0 (38374749)|VARIABLE_SCOPE_BEGIN|[1056]|namespacePrefix|String|false|false
13:48:36.0 (38379634)|VARIABLE_ASSIGNMENT|[1056]|namespacePrefix|"shiva15testns"
13:48:36.0 (38382415)|VARIABLE_SCOPE_BEGIN|[1056]|userLicenseId|String|false|false
13:48:36.0 (38386959)|VARIABLE_ASSIGNMENT|[1056]|userLicenseId|"Salesforce"
13:48:36.0 (38389387)|VARIABLE_SCOPE_BEGIN|[1056]|createdDate|String|false|false
13:48:36.0 (38393999)|VARIABLE_ASSIGNMENT|[1056]|createdDate|"2016-05-04 13:47:01"
13:48:36.0 (38398158)|STATEMENT_EXECUTE|[1039]
13:48:36.0 (38400551)|STATEMENT_EXECUTE|[1042]
13:48:36.0 (38402751)|STATEMENT_EXECUTE|[1044]
13:48:36.0 (38404732)|STATEMENT_EXECUTE|[1046]
13:48:36.0 (38406619)|STATEMENT_EXECUTE|[1048]
13:48:36.0 (38408555)|STATEMENT_EXECUTE|[1050]
13:48:36.0 (38410538)|STATEMENT_EXECUTE|[1052]
13:48:36.0 (38412238)|STATEMENT_EXECUTE|[1054]
13:48:36.0 (38428839)|STATEMENT_EXECUTE|[1057]
13:48:36.0 (38431466)|STATEMENT_EXECUTE|[1058]
13:48:36.0 (38461825)|VARIABLE_ASSIGNMENT|[EXTERNAL]|this|{}|0x16365b5d
13:48:36.0 (38469421)|VARIABLE_ASSIGNMENT|[EXTERNAL]|value|"Final_Test_6"
13:48:36.0 (38480198)|VARIABLE_ASSIGNMENT|[1042]|this.label|"Final_Test_6"|0x16365b5d
13:48:36.0 (38490242)|STATEMENT_EXECUTE|[1059]
13:48:36.0 (38521581)|VARIABLE_ASSIGNMENT|[EXTERNAL]|this|{"label":"Final_Test_6"}|0x16365b5d
13:48:36.0 (38528641)|VARIABLE_ASSIGNMENT|[EXTERNAL]|value|"Final_Test_6"
13:48:36.0 (38538156)|VARIABLE_ASSIGNMENT|[1044]|this.apiName|"Final_Test_6"|0x16365b5d
13:48:36.0 (38547432)|STATEMENT_EXECUTE|[1060]
13:48:36.0 (38579828)|VARIABLE_ASSIGNMENT|[EXTERNAL]|this|{"apiName":"Final_Test_6","label":"Final_Test_6"}|0x16365b5d
13:48:36.0 (38587865)|VARIABLE_ASSIGNMENT|[EXTERNAL]|value|"0PS360000017l7SGAQ"
13:48:36.0 (38596996)|VARIABLE_ASSIGNMENT|[1046]|this.id|"0PS360000017l7SGAQ"|0x16365b5d
13:48:36.0 (38605720)|STATEMENT_EXECUTE|[1061]
13:48:36.0 (38637383)|VARIABLE_ASSIGNMENT|[EXTERNAL]|this|{"apiName":"Final_Test_6","id":"0PS360000017l7SGAQ","label":"Final_Test_6"}|0x16365b5d
13:48:36.0 (38644704)|VARIABLE_ASSIGNMENT|[EXTERNAL]|value|"Descp"
13:48:36.0 (38653665)|VARIABLE_ASSIGNMENT|[1048]|this.description|"Descp"|0x16365b5d
13:48:36.0 (38661843)|STATEMENT_EXECUTE|[1062]
13:48:36.0 (38695462)|VARIABLE_ASSIGNMENT|[EXTERNAL]|this|{"apiName":"Final_Test_6","description":"Descp","id":"0PS360000017l7SGAQ","label":"Final_Test_6"}|0x16365b5d
13:48:36.0 (38703073)|VARIABLE_ASSIGNMENT|[EXTERNAL]|value|"shiva15testns"
13:48:36.0 (38712237)|VARIABLE_ASSIGNMENT|[1050]|this.namespacePrefix|"shiva15testns"|0x16365b5d
13:48:36.0 (38726191)|STATEMENT_EXECUTE|[1063]
13:48:36.0 (38761076)|VARIABLE_ASSIGNMENT|[EXTERNAL]|this|{"apiName":"Final_Test_6","description":"Descp","id":"0PS360000017l7SGAQ","label":"Final_Test_6","namespacePrefix":"shiva15testns"}|0x16365b5d
13:48:36.0 (38769074)|VARIABLE_ASSIGNMENT|[EXTERNAL]|value|"Salesforce"
13:48:36.0 (38778026)|VARIABLE_ASSIGNMENT|[1052]|this.userLicenseId|"Salesforce"|0x16365b5d
13:48:36.0 (38786791)|STATEMENT_EXECUTE|[1064]
13:48:36.0 (38821235)|VARIABLE_ASSIGNMENT|[EXTERNAL]|this|{"apiName":"Final_Test_6","description":"Descp","id":"0PS360000017l7SGAQ","label":"Final_Test_6","namespacePrefix":"shiva15testns","userLicenseId":"Salesforce"}|0x16365b5d
13:48:36.0 (38829471)|VARIABLE_ASSIGNMENT|[EXTERNAL]|value|"2016-05-04 13:47:01"
13:48:36.0 (38838610)|VARIABLE_ASSIGNMENT|[1054]|this.createdDate|"2016-05-04 13:47:01"|0x16365b5d
13:48:36.0 (38857354)|CONSTRUCTOR_EXIT|[165]|01p36000005Jpvx|<init>(String,String,String,String,String,String,String)
13:48:36.0 (38890526)|VARIABLE_ASSIGNMENT|[165]|pSetObj|{"apiName":"Final_Test_6","createdDate":"2016-05-04 13:47:01","description":"Descp","id":"0PS360000017l7SGAQ","label":"Final_Test_6","namespacePrefix":"shiva15testns","userLicenseId":"Salesforce"}|0x16365b5d
13:48:36.0 (38895613)|STATEMENT_EXECUTE|[167]
13:48:36.0 (38911161)|ENTERING_MANAGED_PKG|
13:48:36.0 (38917609)|HEAP_ALLOCATE|[EXTERNAL]|Bytes:4
13:48:36.0 (38925646)|STATEMENT_EXECUTE|[168]
13:48:36.0 (38944651)|ENTERING_MANAGED_PKG|
13:48:36.0 (39018684)|HEAP_ALLOCATE|[168]|Bytes:193
13:48:36.0 (39039736)|HEAP_ALLOCATE|[168]|Bytes:217
13:48:36.0 (39056217)|ENTERING_MANAGED_PKG|
13:48:36.0 (39069740)|USER_DEBUG|[168]|ERROR|The PermissionSet Name: PermissionSet:{Id=0PS360000017l7SGAQ, Label=Final_Test_6, Name=Final_Test_6, Description=Descp, NamespacePrefix=shiva15testns, UserLicenseId=10036000000eSpyAAE, CreatedDate=2016-05-04 20:47:01}
13:48:36.0 (39110130)|HEAP_ALLOCATE|[162]|Bytes:5
13:48:36.0 (39128954)|VARIABLE_ASSIGNMENT|[162]|PSetName|null|
13:48:36.0 (39133617)|STATEMENT_EXECUTE|[171]
13:48:36.0 (39149365)|SYSTEM_MODE_EXIT|false
13:48:36.39 (39202835)|CUMULATIVE_LIMIT_USAGE
13:48:36.39 (39202835)|LIMIT_USAGE_FOR_NS|(default)|
  Number of SOQL queries: 0 out of 100
  Number of query rows: 0 out of 50000
  Number of SOSL queries: 0 out of 20
  Number of DML statements: 0 out of 150
  Number of DML rows: 0 out of 10000
  Maximum CPU time: 0 out of 10000
  Maximum heap size: 0 out of 6000000
  Number of callouts: 0 out of 100
  Number of Email Invocations: 0 out of 10
  Number of future calls: 0 out of 50
  Number of queueable jobs added to the queue: 0 out of 50
  Number of Mobile Apex push calls: 0 out of 10

13:48:36.39 (39202835)|LIMIT_USAGE_FOR_NS|shiva15testns|
  Number of SOQL queries: 10 out of 100
  Number of query rows: 54 out of 50000
  Number of SOSL queries: 0 out of 20
  Number of DML statements: 0 out of 150
  Number of DML rows: 0 out of 10000
  Maximum CPU time: 0 out of 10000
  Maximum heap size: 0 out of 6000000
  Number of callouts: 0 out of 100
  Number of Email Invocations: 0 out of 10
  Number of future calls: 0 out of 50
  Number of queueable jobs added to the queue: 0 out of 50
  Number of Mobile Apex push calls: 0 out of 10

13:48:36.39 (39202835)|CUMULATIVE_LIMIT_USAGE_END

13:48:36.0 (39268598)|CODE_UNIT_FINISHED|PermissionSetPortalControllers.getAllPermissionSets
13:48:36.0 (41632958)|EXECUTION_FINISHED
13:48:36.43 (43994621)|EXECUTION_STARTED
13:48:36.43 (44003456)|CODE_UNIT_STARTED|[EXTERNAL]|Aura
13:48:36.43 (44059380)|CODE_UNIT_FINISHED|Aura
13:48:36.43 (45301892)|EXECUTION_FINISHED
13:48:36.46 (46380668)|EXECUTION_STARTED
13:48:36.46 (46387529)|CODE_UNIT_STARTED|[EXTERNAL]|Aura
13:48:36.46 (46433895)|CODE_UNIT_FINISHED|Aura
13:48:36.46 (47601452)|EXECUTION_FINISHED
13:48:36.48 (48883566)|EXECUTION_STARTED
13:48:36.48 (48890406)|CODE_UNIT_STARTED|[EXTERNAL]|Aura
13:48:36.48 (48936018)|CODE_UNIT_FINISHED|Aura
13:48:36.48 (50052747)|EXECUTION_FINISHED
13:48:36.51 (51938945)|EXECUTION_STARTED
13:48:36.51 (51947707)|CODE_UNIT_STARTED|[EXTERNAL]|Aura
13:48:36.51 (52019855)|CODE_UNIT_FINISHED|Aura
13:48:36.51 (53318232)|EXECUTION_FINISHED
13:48:36.54 (54837822)|EXECUTION_STARTED
13:48:36.54 (54847353)|CODE_UNIT_STARTED|[EXTERNAL]|Aura
13:48:36.54 (54917534)|CODE_UNIT_FINISHED|Aura
13:48:36.54 (56478839)|EXECUTION_FINISHED
13:48:36.58 (58419343)|EXECUTION_STARTED
13:48:36.58 (58428626)|CODE_UNIT_STARTED|[EXTERNAL]|Aura
13:48:36.58 (58506675)|CODE_UNIT_FINISHED|Aura
13:48:36.58 (59811088)|EXECUTION_FINISHED
13:48:36.61 (61404642)|EXECUTION_STARTED
13:48:36.61 (61471030)|CODE_UNIT_STARTED|[EXTERNAL]|Aura
13:48:36.61 (61562410)|CODE_UNIT_FINISHED|Aura
13:48:36.61 (63271699)|EXECUTION_FINISHED
13:48:36.64 (64463546)|EXECUTION_STARTED
13:48:36.64 (64472862)|CODE_UNIT_STARTED|[EXTERNAL]|Aura
13:48:36.64 (64555100)|CODE_UNIT_FINISHED|Aura
13:48:36.64 (65695260)|EXECUTION_FINISHED
13:48:36.66 (66711249)|EXECUTION_STARTED
13:48:36.66 (66720420)|CODE_UNIT_STARTED|[EXTERNAL]|Aura
13:48:36.66 (66797336)|CODE_UNIT_FINISHED|Aura
13:48:36.66 (68174189)|EXECUTION_FINISHED
