36.0 APEX_CODE,FINEST;APEX_PROFILING,INFO;CALLOUT,INFO;DB,INFO;SYSTEM,DEBUG;VALIDATION,INFO;VISUALFORCE,INFO;WORKFLOW,INFO
11:12:20.1 (1086965)|HEAP_ALLOCATE|[72]|Bytes:3
11:12:20.1 (1189495)|HEAP_ALLOCATE|[77]|Bytes:152
11:12:20.1 (1213360)|HEAP_ALLOCATE|[342]|Bytes:408
11:12:20.1 (1233488)|HEAP_ALLOCATE|[355]|Bytes:408
11:12:20.1 (1252463)|HEAP_ALLOCATE|[467]|Bytes:48
11:12:20.3 (3905984)|STATEMENT_EXECUTE|[1]
11:12:20.3 (3954364)|HEAP_ALLOCATE|[50]|Bytes:5
11:12:20.3 (3985151)|HEAP_ALLOCATE|[56]|Bytes:5
11:12:20.3 (3994914)|HEAP_ALLOCATE|[64]|Bytes:7
11:12:20.3 (4028371)|SYSTEM_MODE_ENTER|false
11:12:20.3 (4049630)|HEAP_ALLOCATE|[9]|Bytes:5
11:12:20.3 (4055100)|STATEMENT_EXECUTE|[9]
11:12:20.3 (4066445)|HEAP_ALLOCATE|[9]|Bytes:4
11:12:20.3 (4095547)|ENTERING_MANAGED_PKG|
11:12:20.3 (4210849)|VARIABLE_ASSIGNMENT|[9]|PermissionSetPortalControllers.contactsField|{"s":1,"v":[]}|0x3f02829
11:12:20.3 (4216864)|STATEMENT_EXECUTE|[10]
11:12:20.3 (4223749)|HEAP_ALLOCATE|[10]|Bytes:4
11:12:20.3 (4240729)|ENTERING_MANAGED_PKG|
11:12:20.3 (4288211)|VARIABLE_ASSIGNMENT|[10]|PermissionSetPortalControllers.accountField|{"s":1,"v":[]}|0x39d0794c
11:12:20.3 (4293777)|STATEMENT_EXECUTE|[1010]
11:12:20.3 (4295506)|STATEMENT_EXECUTE|[1039]
11:12:20.3 (4296708)|STATEMENT_EXECUTE|[1067]
11:12:20.3 (4297797)|STATEMENT_EXECUTE|[1096]
11:12:20.3 (4299040)|STATEMENT_EXECUTE|[1112]
11:12:20.3 (4300084)|STATEMENT_EXECUTE|[1129]
11:12:20.3 (4301101)|STATEMENT_EXECUTE|[1140]
11:12:20.3 (4302144)|STATEMENT_EXECUTE|[1145]
11:12:20.3 (4311702)|SYSTEM_MODE_EXIT|false
11:12:20.3 (4325558)|METHOD_EXIT|[1]|PermissionSetPortalControllers
11:12:20.3 (4331512)|HEAP_ALLOCATE|[EXTERNAL]|Bytes:18
11:12:20.3 (4341938)|SYSTEM_MODE_ENTER|false
11:12:20.3 (4351740)|VARIABLE_SCOPE_BEGIN|[291]|PSetId|String|false|false
11:12:20.3 (4361110)|VARIABLE_ASSIGNMENT|[291]|PSetId|"0PS360000015WSaGAM"
11:12:20.3 (4376425)|HEAP_ALLOCATE|[292]|Bytes:5
11:12:20.3 (4380721)|STATEMENT_EXECUTE|[291]
11:12:20.3 (4382233)|STATEMENT_EXECUTE|[292]
11:12:20.3 (4383345)|STATEMENT_EXECUTE|[292]
11:12:20.3 (4384646)|STATEMENT_EXECUTE|[293]
11:12:20.3 (4387721)|HEAP_ALLOCATE|[293]|Bytes:29
11:12:20.3 (4403590)|HEAP_ALLOCATE|[293]|Bytes:47
11:12:20.3 (4437848)|ENTERING_MANAGED_PKG|
11:12:20.3 (4471165)|USER_DEBUG|[293]|DEBUG|Exec is in getAllObjectData: 0PS360000015WSaGAM
11:12:20.3 (4481311)|STATEMENT_EXECUTE|[297]
11:12:20.3 (4488673)|HEAP_ALLOCATE|[297]|Bytes:4
11:12:20.3 (4568114)|ENTERING_MANAGED_PKG|
11:12:20.3 (4592301)|VARIABLE_SCOPE_BEGIN|[297]|objectDetailsClassList|List<shiva15testns.PermissionSetPortalControllers.ObjectDetailsClass>|true|false
11:12:20.3 (4621408)|HEAP_ALLOCATE|[EXTERNAL]|Bytes:4
11:12:20.3 (4636799)|VARIABLE_ASSIGNMENT|[297]|objectDetailsClassList|{"s":1,"v":[]}|0x674609fe
11:12:20.3 (4640361)|STATEMENT_EXECUTE|[299]
11:12:20.3 (4644574)|HEAP_ALLOCATE|[300]|Bytes:257
11:12:20.3 (4658087)|HEAP_ALLOCATE|[300]|Bytes:4
11:12:20.3 (4671329)|HEAP_ALLOCATE|[300]|Bytes:7
11:12:20.3 (6182196)|SOQL_EXECUTE_BEGIN|[300]|Aggregations:0|SELECT Id, ParentId, Parent.Name, Parent.PermissionsTransferAnyLead, SobjectType, PermissionsCreate, PermissionsDelete, PermissionsEdit, PermissionsModifyAllRecords, PermissionsRead, PermissionsViewAllRecords FROM ObjectPermissions WHERE ParentId = :tmpVar1
11:12:20.3 (55168739)|SOQL_EXECUTE_END|[300]|Rows:0
11:12:20.3 (55214222)|HEAP_ALLOCATE|[300]|Bytes:4
11:12:20.3 (55234642)|HEAP_ALLOCATE|[300]|Bytes:0
11:12:20.3 (55359189)|HEAP_ALLOCATE|[300]|Bytes:4
11:12:20.3 (55386444)|VARIABLE_SCOPE_BEGIN|[299]|AllPermissionsonObjsofPset|List<ObjectPermissions>|true|false
11:12:20.3 (55417621)|VARIABLE_ASSIGNMENT|[299]|AllPermissionsonObjsofPset|{"s":1,"v":[]}|0x690d66f5
11:12:20.3 (55511586)|ENTERING_MANAGED_PKG|
11:12:20.3 (55571879)|STATEMENT_EXECUTE|[334]
11:12:20.3 (55575039)|STATEMENT_EXECUTE|[335]
11:12:20.3 (55582793)|HEAP_ALLOCATE|[335]|Bytes:45
11:12:20.3 (55609187)|ENTERING_MANAGED_PKG|
11:12:20.3 (55639694)|USER_DEBUG|[335]|DEBUG|No Permissions concerened to individual Psets
11:12:20.3 (55648776)|STATEMENT_EXECUTE|[336]
11:12:20.3 (55668330)|SYSTEM_MODE_EXIT|false
11:12:20.55 (55715263)|CUMULATIVE_LIMIT_USAGE
11:12:20.55 (55715263)|LIMIT_USAGE_FOR_NS|(default)|
  Number of SOQL queries: 0 out of 100
  Number of query rows: 0 out of 50000
  Number of SOSL queries: 0 out of 20
  Number of DML statements: 0 out of 150
  Number of DML rows: 0 out of 10000
  Maximum CPU time: 0 out of 10000
  Maximum heap size: 0 out of 6000000
  Number of callouts: 0 out of 100
  Number of Email Invocations: 0 out of 10
  Number of future calls: 0 out of 50
  Number of queueable jobs added to the queue: 0 out of 50
  Number of Mobile Apex push calls: 0 out of 10

11:12:20.55 (55715263)|LIMIT_USAGE_FOR_NS|shiva15testns|
  Number of SOQL queries: 1 out of 100
  Number of query rows: 0 out of 50000
  Number of SOSL queries: 0 out of 20
  Number of DML statements: 0 out of 150
  Number of DML rows: 0 out of 10000
  Maximum CPU time: 0 out of 10000
  Maximum heap size: 0 out of 6000000
  Number of callouts: 0 out of 100
  Number of Email Invocations: 0 out of 10
  Number of future calls: 0 out of 50
  Number of queueable jobs added to the queue: 0 out of 50
  Number of Mobile Apex push calls: 0 out of 10

11:12:20.55 (55715263)|CUMULATIVE_LIMIT_USAGE_END

11:12:20.3 (55787024)|CODE_UNIT_FINISHED|PermissionSetPortalControllers.getAllObjectData
