36.0 APEX_CODE,FINEST;APEX_PROFILING,INFO;CALLOUT,INFO;DB,INFO;SYSTEM,DEBUG;VALIDATION,INFO;VISUALFORCE,INFO;WORKFLOW,INFO
03:07:28.0 (84401)|EXECUTION_STARTED
03:07:28.0 (118567)|CODE_UNIT_STARTED|[EXTERNAL]|01p36000005Jpvx|PermissionSetPortalControllers.getAllPermissionSets
03:07:28.0 (361209)|HEAP_ALLOCATE|[72]|Bytes:3
03:07:28.0 (430909)|HEAP_ALLOCATE|[77]|Bytes:152
03:07:28.0 (452450)|HEAP_ALLOCATE|[342]|Bytes:408
03:07:28.0 (474178)|HEAP_ALLOCATE|[355]|Bytes:408
03:07:28.0 (500664)|HEAP_ALLOCATE|[467]|Bytes:48
03:07:28.0 (546313)|HEAP_ALLOCATE|[139]|Bytes:6
03:07:28.0 (590462)|VARIABLE_SCOPE_BEGIN|[2]|PermissionSetPortalControllers.AllObjectsofOrg|Map<String,Schema.SObjectType>|true|true
03:07:28.0 (598936)|VARIABLE_SCOPE_BEGIN|[3]|PermissionSetPortalControllers.AllPermissionSets|List<PermissionSet>|true|true
03:07:28.0 (605327)|VARIABLE_SCOPE_BEGIN|[4]|PermissionSetPortalControllers.inputField|String|false|true
03:07:28.0 (695136)|HEAP_ALLOCATE|[EXTERNAL]|Bytes:88
03:07:28.0 (702293)|HEAP_ALLOCATE|[EXTERNAL]|Bytes:3
03:07:28.0 (705764)|HEAP_ALLOCATE|[EXTERNAL]|Bytes:5
03:07:28.0 (888100)|METHOD_ENTRY|[1]|01p36000005Jpvx|PermissionSetPortalControllers.PermissionSetPortalControllers()
03:07:28.0 (894439)|STATEMENT_EXECUTE|[1]
03:07:28.0 (903712)|STATEMENT_EXECUTE|[1]
03:07:28.0 (942461)|HEAP_ALLOCATE|[50]|Bytes:5
03:07:28.0 (971601)|HEAP_ALLOCATE|[56]|Bytes:5
03:07:28.0 (981231)|HEAP_ALLOCATE|[64]|Bytes:7
03:07:28.0 (1009627)|SYSTEM_MODE_ENTER|false
03:07:28.0 (1029479)|HEAP_ALLOCATE|[EXTERNAL]|Bytes:5
03:07:28.0 (1038636)|SYSTEM_MODE_EXIT|false
03:07:28.0 (1052541)|METHOD_EXIT|[1]|PermissionSetPortalControllers
03:07:28.0 (1064485)|SYSTEM_MODE_ENTER|false
03:07:28.0 (1077819)|HEAP_ALLOCATE|[8]|Bytes:5
03:07:28.0 (1082202)|STATEMENT_EXECUTE|[7]
03:07:28.0 (1083750)|STATEMENT_EXECUTE|[8]
03:07:28.0 (1087501)|HEAP_ALLOCATE|[8]|Bytes:34
03:07:28.0 (1099864)|HEAP_ALLOCATE|[8]|Bytes:4
03:07:28.0 (1758459)|SOQL_EXECUTE_BEGIN|[8]|Aggregations:0|SELECT Id, Name FROM PermissionSet
03:07:28.0 (5275551)|SOQL_EXECUTE_END|[8]|Rows:36
03:07:28.0 (5301359)|HEAP_ALLOCATE|[8]|Bytes:148
03:07:28.0 (5358069)|HEAP_ALLOCATE|[8]|Bytes:2125
03:07:28.0 (5401042)|HEAP_ALLOCATE|[8]|Bytes:148
03:07:28.0 (5456708)|VARIABLE_ASSIGNMENT|[8]|PermissionSetPortalControllers.AllPermissionSets|{"s":1,"v":"List of size 36 too large to display"}|0xf70ecb3
03:07:28.0 (5573258)|ENTERING_MANAGED_PKG|
03:07:28.0 (5615389)|STATEMENT_EXECUTE|[9]
03:07:28.0 (5632987)|ENTERING_MANAGED_PKG|
03:07:28.0 (5885577)|HEAP_ALLOCATE|[10]|Bytes:5
03:07:28.0 (5928937)|HEAP_ALLOCATE|[10]|Bytes:12
03:07:28.0 (5943575)|VARIABLE_SCOPE_BEGIN|[10]|PSetName|PermissionSet|true|false
03:07:28.0 (5965576)|VARIABLE_ASSIGNMENT|[10]|PSetName|{"s":1,"v":{"Id":"0PS36000000mmnFGAQ","Name":"X00e1a000000MWa8AAG"}}|0x155910c7
03:07:28.0 (5970057)|STATEMENT_EXECUTE|[10]
03:07:28.0 (5971665)|STATEMENT_EXECUTE|[11]
03:07:28.0 (6164178)|HEAP_ALLOCATE|[11]|Bytes:24
03:07:28.0 (6208016)|ENTERING_MANAGED_PKG|
03:07:28.0 (6271997)|HEAP_ALLOCATE|[11]|Bytes:63
03:07:28.0 (6300272)|HEAP_ALLOCATE|[11]|Bytes:87
03:07:28.0 (6330773)|ENTERING_MANAGED_PKG|
03:07:28.0 (6354745)|USER_DEBUG|[11]|ERROR|The PermissionSet Name: PermissionSet:{Id=0PS36000000mmnFGAQ, Name=X00e1a000000MWa8AAG}
03:07:28.0 (6372773)|HEAP_ALLOCATE|[10]|Bytes:5
03:07:28.0 (6396265)|HEAP_ALLOCATE|[10]|Bytes:12
03:07:28.0 (6404516)|VARIABLE_SCOPE_BEGIN|[10]|PSetName|PermissionSet|true|false
03:07:28.0 (6421584)|VARIABLE_ASSIGNMENT|[10]|PSetName|{"s":1,"v":{"Id":"0PS36000000mmnGGAQ","Name":"X00ex00000018ozl_128 (11 more) ..."}}|0x6e906c0a
03:07:28.0 (6425435)|STATEMENT_EXECUTE|[10]
03:07:28.0 (6426771)|STATEMENT_EXECUTE|[11]
03:07:28.0 (6444312)|ENTERING_MANAGED_PKG|
03:07:28.0 (6470016)|HEAP_ALLOCATE|[11]|Bytes:75
03:07:28.0 (6489316)|HEAP_ALLOCATE|[11]|Bytes:99
03:07:28.0 (6501869)|ENTERING_MANAGED_PKG|
03:07:28.0 (6515857)|USER_DEBUG|[11]|ERROR|The PermissionSet Name: PermissionSet:{Id=0PS36000000mmnGGAQ, Name=X00ex00000018ozl_128_09_04_12_5}
03:07:28.0 (6532464)|HEAP_ALLOCATE|[10]|Bytes:5
03:07:28.0 (6554658)|HEAP_ALLOCATE|[10]|Bytes:12
03:07:28.0 (6562543)|VARIABLE_SCOPE_BEGIN|[10]|PSetName|PermissionSet|true|false
03:07:28.0 (6577820)|VARIABLE_ASSIGNMENT|[10]|PSetName|{"s":1,"v":{"Id":"0PS36000000mmnHGAQ","Name":"X00ex00000018ozm_128 (11 more) ..."}}|0x7c8748b6
03:07:28.0 (6581133)|STATEMENT_EXECUTE|[10]
03:07:28.0 (6582447)|STATEMENT_EXECUTE|[11]
03:07:28.0 (6599221)|ENTERING_MANAGED_PKG|
03:07:28.0 (6623711)|HEAP_ALLOCATE|[11]|Bytes:75
03:07:28.0 (6637446)|HEAP_ALLOCATE|[11]|Bytes:99
03:07:28.0 (6649048)|ENTERING_MANAGED_PKG|
03:07:28.0 (6662242)|USER_DEBUG|[11]|ERROR|The PermissionSet Name: PermissionSet:{Id=0PS36000000mmnHGAQ, Name=X00ex00000018ozm_128_09_04_12_6}
03:07:28.0 (6678986)|HEAP_ALLOCATE|[10]|Bytes:5
03:07:28.0 (6700954)|HEAP_ALLOCATE|[10]|Bytes:12
03:07:28.0 (6708834)|VARIABLE_SCOPE_BEGIN|[10]|PSetName|PermissionSet|true|false
03:07:28.0 (6723486)|VARIABLE_ASSIGNMENT|[10]|PSetName|{"s":1,"v":{"Id":"0PS36000000mmnIGAQ","Name":"X00ex00000018ozk_128 (11 more) ..."}}|0x7f4136fb
03:07:28.0 (6726831)|STATEMENT_EXECUTE|[10]
03:07:28.0 (6728042)|STATEMENT_EXECUTE|[11]
03:07:28.0 (6744640)|ENTERING_MANAGED_PKG|
03:07:28.0 (6768942)|HEAP_ALLOCATE|[11]|Bytes:75
03:07:28.0 (6782404)|HEAP_ALLOCATE|[11]|Bytes:99
03:07:28.0 (6793750)|ENTERING_MANAGED_PKG|
03:07:28.0 (6806830)|USER_DEBUG|[11]|ERROR|The PermissionSet Name: PermissionSet:{Id=0PS36000000mmnIGAQ, Name=X00ex00000018ozk_128_09_04_12_4}
03:07:28.0 (6822840)|HEAP_ALLOCATE|[10]|Bytes:5
03:07:28.0 (6844409)|HEAP_ALLOCATE|[10]|Bytes:12
03:07:28.0 (6852114)|VARIABLE_SCOPE_BEGIN|[10]|PSetName|PermissionSet|true|false
03:07:28.0 (6866239)|VARIABLE_ASSIGNMENT|[10]|PSetName|{"s":1,"v":{"Id":"0PS36000000mmnJGAQ","Name":"X00ex00000018ozj_128 (11 more) ..."}}|0x2243cefc
03:07:28.0 (6869755)|STATEMENT_EXECUTE|[10]
03:07:28.0 (6870999)|STATEMENT_EXECUTE|[11]
03:07:28.0 (6887396)|ENTERING_MANAGED_PKG|
03:07:28.0 (6911216)|HEAP_ALLOCATE|[11]|Bytes:75
03:07:28.0 (6924478)|HEAP_ALLOCATE|[11]|Bytes:99
03:07:28.0 (6935852)|ENTERING_MANAGED_PKG|
03:07:28.0 (6948798)|USER_DEBUG|[11]|ERROR|The PermissionSet Name: PermissionSet:{Id=0PS36000000mmnJGAQ, Name=X00ex00000018ozj_128_09_04_12_3}
03:07:28.0 (6964242)|HEAP_ALLOCATE|[10]|Bytes:5
03:07:28.0 (6985709)|HEAP_ALLOCATE|[10]|Bytes:12
03:07:28.0 (6993444)|VARIABLE_SCOPE_BEGIN|[10]|PSetName|PermissionSet|true|false
03:07:28.0 (7007562)|VARIABLE_ASSIGNMENT|[10]|PSetName|{"s":1,"v":{"Id":"0PS36000000mmnKGAQ","Name":"X00ex00000018ozo_128 (11 more) ..."}}|0x4fde1682
03:07:28.0 (7012036)|STATEMENT_EXECUTE|[10]
03:07:28.0 (7013249)|STATEMENT_EXECUTE|[11]
03:07:28.0 (7029895)|ENTERING_MANAGED_PKG|
03:07:28.0 (7053496)|HEAP_ALLOCATE|[11]|Bytes:75
03:07:28.0 (7066876)|HEAP_ALLOCATE|[11]|Bytes:99
03:07:28.0 (7078219)|ENTERING_MANAGED_PKG|
03:07:28.0 (7091091)|USER_DEBUG|[11]|ERROR|The PermissionSet Name: PermissionSet:{Id=0PS36000000mmnKGAQ, Name=X00ex00000018ozo_128_09_04_12_8}
03:07:28.0 (7106368)|HEAP_ALLOCATE|[10]|Bytes:5
03:07:28.0 (7127846)|HEAP_ALLOCATE|[10]|Bytes:12
03:07:28.0 (7135511)|VARIABLE_SCOPE_BEGIN|[10]|PSetName|PermissionSet|true|false
03:07:28.0 (7149532)|VARIABLE_ASSIGNMENT|[10]|PSetName|{"s":1,"v":{"Id":"0PS36000000mmnLGAQ","Name":"X00ex00000018ozh_128 (11 more) ..."}}|0x9da3537
03:07:28.0 (7152803)|STATEMENT_EXECUTE|[10]
03:07:28.0 (7153970)|STATEMENT_EXECUTE|[11]
03:07:28.0 (7170213)|ENTERING_MANAGED_PKG|
03:07:28.0 (7193760)|HEAP_ALLOCATE|[11]|Bytes:75
03:07:28.0 (7207298)|HEAP_ALLOCATE|[11]|Bytes:99
03:07:28.0 (7218607)|ENTERING_MANAGED_PKG|
03:07:28.0 (7231423)|USER_DEBUG|[11]|ERROR|The PermissionSet Name: PermissionSet:{Id=0PS36000000mmnLGAQ, Name=X00ex00000018ozh_128_09_04_12_1}
03:07:28.0 (7247123)|HEAP_ALLOCATE|[10]|Bytes:5
03:07:28.0 (7268371)|HEAP_ALLOCATE|[10]|Bytes:12
03:07:28.0 (7276323)|VARIABLE_SCOPE_BEGIN|[10]|PSetName|PermissionSet|true|false
03:07:28.0 (7290300)|VARIABLE_ASSIGNMENT|[10]|PSetName|{"s":1,"v":{"Id":"0PS36000000mmnMGAQ","Name":"X00ex00000018ozq_128 (12 more) ..."}}|0x7f5a2c19
03:07:28.0 (7293584)|STATEMENT_EXECUTE|[10]
03:07:28.0 (7294799)|STATEMENT_EXECUTE|[11]
03:07:28.0 (7311091)|ENTERING_MANAGED_PKG|
03:07:28.0 (7334808)|HEAP_ALLOCATE|[11]|Bytes:76
03:07:28.0 (7348061)|HEAP_ALLOCATE|[11]|Bytes:100
03:07:28.0 (7359482)|ENTERING_MANAGED_PKG|
03:07:28.0 (7372229)|USER_DEBUG|[11]|ERROR|The PermissionSet Name: PermissionSet:{Id=0PS36000000mmnMGAQ, Name=X00ex00000018ozq_128_09_04_12_10}
03:07:28.0 (7388075)|HEAP_ALLOCATE|[10]|Bytes:5
03:07:28.0 (7409446)|HEAP_ALLOCATE|[10]|Bytes:12
03:07:28.0 (7417134)|VARIABLE_SCOPE_BEGIN|[10]|PSetName|PermissionSet|true|false
03:07:28.0 (7431323)|VARIABLE_ASSIGNMENT|[10]|PSetName|{"s":1,"v":{"Id":"0PS36000000mmnNGAQ","Name":"X00ex00000018ozp_128 (11 more) ..."}}|0x43d23920
03:07:28.0 (7434519)|STATEMENT_EXECUTE|[10]
03:07:28.0 (7435909)|STATEMENT_EXECUTE|[11]
03:07:28.0 (7452187)|ENTERING_MANAGED_PKG|
03:07:28.0 (7475720)|HEAP_ALLOCATE|[11]|Bytes:75
03:07:28.0 (7494198)|HEAP_ALLOCATE|[11]|Bytes:99
03:07:28.0 (7505686)|ENTERING_MANAGED_PKG|
03:07:28.0 (7518723)|USER_DEBUG|[11]|ERROR|The PermissionSet Name: PermissionSet:{Id=0PS36000000mmnNGAQ, Name=X00ex00000018ozp_128_09_04_12_9}
03:07:28.0 (7534503)|HEAP_ALLOCATE|[10]|Bytes:5
03:07:28.0 (7555891)|HEAP_ALLOCATE|[10]|Bytes:12
03:07:28.0 (7563634)|VARIABLE_SCOPE_BEGIN|[10]|PSetName|PermissionSet|true|false
03:07:28.0 (7577514)|VARIABLE_ASSIGNMENT|[10]|PSetName|{"s":1,"v":{"Id":"0PS36000000mmnOGAQ","Name":"X00ex00000018ozn_128 (11 more) ..."}}|0x7c874dde
03:07:28.0 (7580696)|STATEMENT_EXECUTE|[10]
03:07:28.0 (7581888)|STATEMENT_EXECUTE|[11]
03:07:28.0 (7598016)|ENTERING_MANAGED_PKG|
03:07:28.0 (7621371)|HEAP_ALLOCATE|[11]|Bytes:75
03:07:28.0 (7634711)|HEAP_ALLOCATE|[11]|Bytes:99
03:07:28.0 (7645830)|ENTERING_MANAGED_PKG|
03:07:28.0 (7658534)|USER_DEBUG|[11]|ERROR|The PermissionSet Name: PermissionSet:{Id=0PS36000000mmnOGAQ, Name=X00ex00000018ozn_128_09_04_12_7}
03:07:28.0 (7674093)|HEAP_ALLOCATE|[10]|Bytes:5
03:07:28.0 (7695367)|HEAP_ALLOCATE|[10]|Bytes:12
03:07:28.0 (7702979)|VARIABLE_SCOPE_BEGIN|[10]|PSetName|PermissionSet|true|false
03:07:28.0 (7716192)|VARIABLE_ASSIGNMENT|[10]|PSetName|{"s":1,"v":{"Id":"0PS36000000mmnPGAQ","Name":"X00e1a000000MWa9AAG"}}|0x242cacf4
03:07:28.0 (7719327)|STATEMENT_EXECUTE|[10]
03:07:28.0 (7720511)|STATEMENT_EXECUTE|[11]
03:07:28.0 (7736715)|ENTERING_MANAGED_PKG|
03:07:28.0 (7760096)|HEAP_ALLOCATE|[11]|Bytes:63
03:07:28.0 (7773196)|HEAP_ALLOCATE|[11]|Bytes:87
03:07:28.0 (7784136)|ENTERING_MANAGED_PKG|
03:07:28.0 (7797062)|USER_DEBUG|[11]|ERROR|The PermissionSet Name: PermissionSet:{Id=0PS36000000mmnPGAQ, Name=X00e1a000000MWa9AAG}
03:07:28.0 (7812469)|HEAP_ALLOCATE|[10]|Bytes:5
03:07:28.0 (7834060)|HEAP_ALLOCATE|[10]|Bytes:12
03:07:28.0 (7841488)|VARIABLE_SCOPE_BEGIN|[10]|PSetName|PermissionSet|true|false
03:07:28.0 (7854757)|VARIABLE_ASSIGNMENT|[10]|PSetName|{"s":1,"v":{"Id":"0PS36000000mmnQGAQ","Name":"X00e1a000000MWaBAAW"}}|0xab8768c
03:07:28.0 (7858241)|STATEMENT_EXECUTE|[10]
03:07:28.0 (7859619)|STATEMENT_EXECUTE|[11]
03:07:28.0 (7875716)|ENTERING_MANAGED_PKG|
03:07:28.0 (7899109)|HEAP_ALLOCATE|[11]|Bytes:63
03:07:28.0 (7912096)|HEAP_ALLOCATE|[11]|Bytes:87
03:07:28.0 (7923091)|ENTERING_MANAGED_PKG|
03:07:28.0 (7935642)|USER_DEBUG|[11]|ERROR|The PermissionSet Name: PermissionSet:{Id=0PS36000000mmnQGAQ, Name=X00e1a000000MWaBAAW}
03:07:28.0 (7951059)|HEAP_ALLOCATE|[10]|Bytes:5
03:07:28.0 (7972357)|HEAP_ALLOCATE|[10]|Bytes:12
03:07:28.0 (7979940)|VARIABLE_SCOPE_BEGIN|[10]|PSetName|PermissionSet|true|false
03:07:28.0 (7993043)|VARIABLE_ASSIGNMENT|[10]|PSetName|{"s":1,"v":{"Id":"0PS36000000mmnRGAQ","Name":"X00e1a000000MWaCAAW"}}|0x58f145c2
03:07:28.0 (7996382)|STATEMENT_EXECUTE|[10]
03:07:28.0 (7997585)|STATEMENT_EXECUTE|[11]
03:07:28.0 (8013797)|ENTERING_MANAGED_PKG|
03:07:28.0 (8038313)|HEAP_ALLOCATE|[11]|Bytes:63
03:07:28.0 (8051833)|HEAP_ALLOCATE|[11]|Bytes:87
03:07:28.0 (8062822)|ENTERING_MANAGED_PKG|
03:07:28.0 (8075709)|USER_DEBUG|[11]|ERROR|The PermissionSet Name: PermissionSet:{Id=0PS36000000mmnRGAQ, Name=X00e1a000000MWaCAAW}
03:07:28.0 (8091202)|HEAP_ALLOCATE|[10]|Bytes:5
03:07:28.0 (8112433)|HEAP_ALLOCATE|[10]|Bytes:12
03:07:28.0 (8119955)|VARIABLE_SCOPE_BEGIN|[10]|PSetName|PermissionSet|true|false
03:07:28.0 (8132806)|VARIABLE_ASSIGNMENT|[10]|PSetName|{"s":1,"v":{"Id":"0PS36000000mmnSGAQ","Name":"X00e1a000000MWaDAAW"}}|0x1ede0abf
03:07:28.0 (8135868)|STATEMENT_EXECUTE|[10]
03:07:28.0 (8137020)|STATEMENT_EXECUTE|[11]
03:07:28.0 (8153223)|ENTERING_MANAGED_PKG|
03:07:28.0 (8176589)|HEAP_ALLOCATE|[11]|Bytes:63
03:07:28.0 (8189644)|HEAP_ALLOCATE|[11]|Bytes:87
03:07:28.0 (8200555)|ENTERING_MANAGED_PKG|
03:07:28.0 (8213116)|USER_DEBUG|[11]|ERROR|The PermissionSet Name: PermissionSet:{Id=0PS36000000mmnSGAQ, Name=X00e1a000000MWaDAAW}
03:07:28.0 (8228672)|HEAP_ALLOCATE|[10]|Bytes:5
03:07:28.0 (8249518)|HEAP_ALLOCATE|[10]|Bytes:12
03:07:28.0 (8257383)|VARIABLE_SCOPE_BEGIN|[10]|PSetName|PermissionSet|true|false
03:07:28.0 (8270509)|VARIABLE_ASSIGNMENT|[10]|PSetName|{"s":1,"v":{"Id":"0PS36000000mmnTGAQ","Name":"X00e1a000000MWaEAAW"}}|0x5fd44e9c
03:07:28.0 (8273492)|STATEMENT_EXECUTE|[10]
03:07:28.0 (8274664)|STATEMENT_EXECUTE|[11]
03:07:28.0 (8290742)|ENTERING_MANAGED_PKG|
03:07:28.0 (8314067)|HEAP_ALLOCATE|[11]|Bytes:63
03:07:28.0 (8327070)|HEAP_ALLOCATE|[11]|Bytes:87
03:07:28.0 (8337812)|ENTERING_MANAGED_PKG|
03:07:28.0 (8350486)|USER_DEBUG|[11]|ERROR|The PermissionSet Name: PermissionSet:{Id=0PS36000000mmnTGAQ, Name=X00e1a000000MWaEAAW}
03:07:28.0 (8365919)|HEAP_ALLOCATE|[10]|Bytes:5
03:07:28.0 (8387017)|HEAP_ALLOCATE|[10]|Bytes:12
03:07:28.0 (8394675)|VARIABLE_SCOPE_BEGIN|[10]|PSetName|PermissionSet|true|false
03:07:28.0 (8407717)|VARIABLE_ASSIGNMENT|[10]|PSetName|{"s":1,"v":{"Id":"0PS36000000mmnUGAQ","Name":"X00e1a000000MWaFAAW"}}|0x16915ffc
03:07:28.0 (8410808)|STATEMENT_EXECUTE|[10]
03:07:28.0 (8411958)|STATEMENT_EXECUTE|[11]
03:07:28.0 (8428118)|ENTERING_MANAGED_PKG|
03:07:28.0 (8451128)|HEAP_ALLOCATE|[11]|Bytes:63
03:07:28.0 (8464682)|HEAP_ALLOCATE|[11]|Bytes:87
03:07:28.0 (8475706)|ENTERING_MANAGED_PKG|
03:07:28.0 (8492602)|USER_DEBUG|[11]|ERROR|The PermissionSet Name: PermissionSet:{Id=0PS36000000mmnUGAQ, Name=X00e1a000000MWaFAAW}
03:07:28.0 (8508652)|HEAP_ALLOCATE|[10]|Bytes:5
03:07:28.0 (8530070)|HEAP_ALLOCATE|[10]|Bytes:12
03:07:28.0 (8537712)|VARIABLE_SCOPE_BEGIN|[10]|PSetName|PermissionSet|true|false
03:07:28.0 (8550675)|VARIABLE_ASSIGNMENT|[10]|PSetName|{"s":1,"v":{"Id":"0PS36000000mmnVGAQ","Name":"X00e1a000000MWaGAAW"}}|0x441cd7b9
03:07:28.0 (8553909)|STATEMENT_EXECUTE|[10]
03:07:28.0 (8555051)|STATEMENT_EXECUTE|[11]
03:07:28.0 (8571198)|ENTERING_MANAGED_PKG|
03:07:28.0 (8594509)|HEAP_ALLOCATE|[11]|Bytes:63
03:07:28.0 (8607645)|HEAP_ALLOCATE|[11]|Bytes:87
03:07:28.0 (8618711)|ENTERING_MANAGED_PKG|
03:07:28.0 (8631354)|USER_DEBUG|[11]|ERROR|The PermissionSet Name: PermissionSet:{Id=0PS36000000mmnVGAQ, Name=X00e1a000000MWaGAAW}
03:07:28.0 (8647045)|HEAP_ALLOCATE|[10]|Bytes:5
03:07:28.0 (8668380)|HEAP_ALLOCATE|[10]|Bytes:12
03:07:28.0 (8676017)|VARIABLE_SCOPE_BEGIN|[10]|PSetName|PermissionSet|true|false
03:07:28.0 (8689043)|VARIABLE_ASSIGNMENT|[10]|PSetName|{"s":1,"v":{"Id":"0PS36000000mmnWGAQ","Name":"X00e1a000000MWaHAAW"}}|0x2a79a677
03:07:28.0 (8692119)|STATEMENT_EXECUTE|[10]
03:07:28.0 (8693317)|STATEMENT_EXECUTE|[11]
03:07:28.0 (8709272)|ENTERING_MANAGED_PKG|
03:07:28.0 (8732291)|HEAP_ALLOCATE|[11]|Bytes:63
03:07:28.0 (8745343)|HEAP_ALLOCATE|[11]|Bytes:87
03:07:28.0 (8756256)|ENTERING_MANAGED_PKG|
03:07:28.0 (8768893)|USER_DEBUG|[11]|ERROR|The PermissionSet Name: PermissionSet:{Id=0PS36000000mmnWGAQ, Name=X00e1a000000MWaHAAW}
03:07:28.0 (8784569)|HEAP_ALLOCATE|[10]|Bytes:5
03:07:28.0 (8805786)|HEAP_ALLOCATE|[10]|Bytes:12
03:07:28.0 (8813382)|VARIABLE_SCOPE_BEGIN|[10]|PSetName|PermissionSet|true|false
03:07:28.0 (8826317)|VARIABLE_ASSIGNMENT|[10]|PSetName|{"s":1,"v":{"Id":"0PS36000000mmnXGAQ","Name":"X00e1a000000MWaIAAW"}}|0x5724bd0a
03:07:28.0 (8829469)|STATEMENT_EXECUTE|[10]
03:07:28.0 (8830646)|STATEMENT_EXECUTE|[11]
03:07:28.0 (8846654)|ENTERING_MANAGED_PKG|
03:07:28.0 (8869726)|HEAP_ALLOCATE|[11]|Bytes:63
03:07:28.0 (8882809)|HEAP_ALLOCATE|[11]|Bytes:87
03:07:28.0 (8893811)|ENTERING_MANAGED_PKG|
03:07:28.0 (8906604)|USER_DEBUG|[11]|ERROR|The PermissionSet Name: PermissionSet:{Id=0PS36000000mmnXGAQ, Name=X00e1a000000MWaIAAW}
03:07:28.0 (8922107)|HEAP_ALLOCATE|[10]|Bytes:5
03:07:28.0 (8943199)|HEAP_ALLOCATE|[10]|Bytes:12
03:07:28.0 (8950867)|VARIABLE_SCOPE_BEGIN|[10]|PSetName|PermissionSet|true|false
03:07:28.0 (8963770)|VARIABLE_ASSIGNMENT|[10]|PSetName|{"s":1,"v":{"Id":"0PS36000000mmnYGAQ","Name":"X00e1a000000MWaJAAW"}}|0x4bd666ad
03:07:28.0 (8966946)|STATEMENT_EXECUTE|[10]
03:07:28.0 (8968133)|STATEMENT_EXECUTE|[11]
03:07:28.0 (8984140)|ENTERING_MANAGED_PKG|
03:07:28.0 (9007208)|HEAP_ALLOCATE|[11]|Bytes:63
03:07:28.0 (9021352)|HEAP_ALLOCATE|[11]|Bytes:87
03:07:28.0 (9032296)|ENTERING_MANAGED_PKG|
03:07:28.0 (9044904)|USER_DEBUG|[11]|ERROR|The PermissionSet Name: PermissionSet:{Id=0PS36000000mmnYGAQ, Name=X00e1a000000MWaJAAW}
03:07:28.0 (9060522)|HEAP_ALLOCATE|[10]|Bytes:5
03:07:28.0 (9081742)|HEAP_ALLOCATE|[10]|Bytes:12
03:07:28.0 (9089433)|VARIABLE_SCOPE_BEGIN|[10]|PSetName|PermissionSet|true|false
03:07:28.0 (9102385)|VARIABLE_ASSIGNMENT|[10]|PSetName|{"s":1,"v":{"Id":"0PS36000000mmnZGAQ","Name":"X00e1a000000MWaKAAW"}}|0x69d5c171
03:07:28.0 (9105663)|STATEMENT_EXECUTE|[10]
03:07:28.0 (9106830)|STATEMENT_EXECUTE|[11]
03:07:28.0 (9123052)|ENTERING_MANAGED_PKG|
03:07:28.0 (9146331)|HEAP_ALLOCATE|[11]|Bytes:63
03:07:28.0 (9159262)|HEAP_ALLOCATE|[11]|Bytes:87
03:07:28.0 (9170295)|ENTERING_MANAGED_PKG|
03:07:28.0 (9183055)|USER_DEBUG|[11]|ERROR|The PermissionSet Name: PermissionSet:{Id=0PS36000000mmnZGAQ, Name=X00e1a000000MWaKAAW}
03:07:28.0 (9198396)|HEAP_ALLOCATE|[10]|Bytes:5
03:07:28.0 (9219503)|HEAP_ALLOCATE|[10]|Bytes:12
03:07:28.0 (9227135)|VARIABLE_SCOPE_BEGIN|[10]|PSetName|PermissionSet|true|false
03:07:28.0 (9240071)|VARIABLE_ASSIGNMENT|[10]|PSetName|{"s":1,"v":{"Id":"0PS36000000mmnaGAA","Name":"X00e1a000000MWaLAAW"}}|0xef89822
03:07:28.0 (9243388)|STATEMENT_EXECUTE|[10]
03:07:28.0 (9244627)|STATEMENT_EXECUTE|[11]
03:07:28.0 (9260670)|ENTERING_MANAGED_PKG|
03:07:28.0 (9283852)|HEAP_ALLOCATE|[11]|Bytes:63
03:07:28.0 (9297038)|HEAP_ALLOCATE|[11]|Bytes:87
03:07:28.0 (9307830)|ENTERING_MANAGED_PKG|
03:07:28.0 (9320475)|USER_DEBUG|[11]|ERROR|The PermissionSet Name: PermissionSet:{Id=0PS36000000mmnaGAA, Name=X00e1a000000MWaLAAW}
03:07:28.0 (9335903)|HEAP_ALLOCATE|[10]|Bytes:5
03:07:28.0 (9357073)|HEAP_ALLOCATE|[10]|Bytes:12
03:07:28.0 (9364695)|VARIABLE_SCOPE_BEGIN|[10]|PSetName|PermissionSet|true|false
03:07:28.0 (9377775)|VARIABLE_ASSIGNMENT|[10]|PSetName|{"s":1,"v":{"Id":"0PS36000000mmnbGAA","Name":"X00e1a000000MWaMAAW"}}|0x7c46b81a
03:07:28.0 (9380750)|STATEMENT_EXECUTE|[10]
03:07:28.0 (9382016)|STATEMENT_EXECUTE|[11]
03:07:28.0 (9398033)|ENTERING_MANAGED_PKG|
03:07:28.0 (9421257)|HEAP_ALLOCATE|[11]|Bytes:63
03:07:28.0 (9434271)|HEAP_ALLOCATE|[11]|Bytes:87
03:07:28.0 (9445496)|ENTERING_MANAGED_PKG|
03:07:28.0 (9458074)|USER_DEBUG|[11]|ERROR|The PermissionSet Name: PermissionSet:{Id=0PS36000000mmnbGAA, Name=X00e1a000000MWaMAAW}
03:07:28.0 (9473257)|HEAP_ALLOCATE|[10]|Bytes:5
03:07:28.0 (9498758)|HEAP_ALLOCATE|[10]|Bytes:12
03:07:28.0 (9506759)|VARIABLE_SCOPE_BEGIN|[10]|PSetName|PermissionSet|true|false
03:07:28.0 (9519778)|VARIABLE_ASSIGNMENT|[10]|PSetName|{"s":1,"v":{"Id":"0PS36000000mmncGAA","Name":"X00e1a000000MWaNAAW"}}|0x4dd5a31
03:07:28.0 (9523059)|STATEMENT_EXECUTE|[10]
03:07:28.0 (9524236)|STATEMENT_EXECUTE|[11]
03:07:28.0 (9540433)|ENTERING_MANAGED_PKG|
03:07:28.0 (9563829)|HEAP_ALLOCATE|[11]|Bytes:63
03:07:28.0 (9576867)|HEAP_ALLOCATE|[11]|Bytes:87
03:07:28.0 (9587792)|ENTERING_MANAGED_PKG|
03:07:28.0 (9600505)|USER_DEBUG|[11]|ERROR|The PermissionSet Name: PermissionSet:{Id=0PS36000000mmncGAA, Name=X00e1a000000MWaNAAW}
03:07:28.0 (9615760)|HEAP_ALLOCATE|[10]|Bytes:5
03:07:28.0 (9636987)|HEAP_ALLOCATE|[10]|Bytes:12
03:07:28.0 (9645051)|VARIABLE_SCOPE_BEGIN|[10]|PSetName|PermissionSet|true|false
03:07:28.0 (9657930)|VARIABLE_ASSIGNMENT|[10]|PSetName|{"s":1,"v":{"Id":"0PS36000000mmndGAA","Name":"X00e1a000000MWaOAAW"}}|0x43c4cd92
03:07:28.0 (9661185)|STATEMENT_EXECUTE|[10]
03:07:28.0 (9662366)|STATEMENT_EXECUTE|[11]
03:07:28.0 (9678403)|ENTERING_MANAGED_PKG|
03:07:28.0 (9701741)|HEAP_ALLOCATE|[11]|Bytes:63
03:07:28.0 (9714798)|HEAP_ALLOCATE|[11]|Bytes:87
03:07:28.0 (9725726)|ENTERING_MANAGED_PKG|
03:07:28.0 (9738389)|USER_DEBUG|[11]|ERROR|The PermissionSet Name: PermissionSet:{Id=0PS36000000mmndGAA, Name=X00e1a000000MWaOAAW}
03:07:28.0 (9753888)|HEAP_ALLOCATE|[10]|Bytes:5
03:07:28.0 (9774957)|HEAP_ALLOCATE|[10]|Bytes:12
03:07:28.0 (9782586)|VARIABLE_SCOPE_BEGIN|[10]|PSetName|PermissionSet|true|false
03:07:28.0 (9795495)|VARIABLE_ASSIGNMENT|[10]|PSetName|{"s":1,"v":{"Id":"0PS36000000mmneGAA","Name":"X00e1a000000MWaPAAW"}}|0x9376440
03:07:28.0 (9798610)|STATEMENT_EXECUTE|[10]
03:07:28.0 (9799759)|STATEMENT_EXECUTE|[11]
03:07:28.0 (9815732)|ENTERING_MANAGED_PKG|
03:07:28.0 (9839208)|HEAP_ALLOCATE|[11]|Bytes:63
03:07:28.0 (9852200)|HEAP_ALLOCATE|[11]|Bytes:87
03:07:28.0 (9863218)|ENTERING_MANAGED_PKG|
03:07:28.0 (9875838)|USER_DEBUG|[11]|ERROR|The PermissionSet Name: PermissionSet:{Id=0PS36000000mmneGAA, Name=X00e1a000000MWaPAAW}
03:07:28.0 (9891329)|HEAP_ALLOCATE|[10]|Bytes:5
03:07:28.0 (9912494)|HEAP_ALLOCATE|[10]|Bytes:12
03:07:28.0 (9920250)|VARIABLE_SCOPE_BEGIN|[10]|PSetName|PermissionSet|true|false
03:07:28.0 (9933180)|VARIABLE_ASSIGNMENT|[10]|PSetName|{"s":1,"v":{"Id":"0PS36000000mmnfGAA","Name":"X00e1a000000MWaQAAW"}}|0x40f88b14
03:07:28.0 (9936191)|STATEMENT_EXECUTE|[10]
03:07:28.0 (9937373)|STATEMENT_EXECUTE|[11]
03:07:28.0 (9953300)|ENTERING_MANAGED_PKG|
03:07:28.0 (9976725)|HEAP_ALLOCATE|[11]|Bytes:63
03:07:28.0 (9989714)|HEAP_ALLOCATE|[11]|Bytes:87
03:07:28.0 (10000654)|ENTERING_MANAGED_PKG|
03:07:28.0 (10014317)|USER_DEBUG|[11]|ERROR|The PermissionSet Name: PermissionSet:{Id=0PS36000000mmnfGAA, Name=X00e1a000000MWaQAAW}
03:07:28.0 (10030303)|HEAP_ALLOCATE|[10]|Bytes:5
03:07:28.0 (10051638)|HEAP_ALLOCATE|[10]|Bytes:12
03:07:28.0 (10059342)|VARIABLE_SCOPE_BEGIN|[10]|PSetName|PermissionSet|true|false
03:07:28.0 (10072655)|VARIABLE_ASSIGNMENT|[10]|PSetName|{"s":1,"v":{"Id":"0PS36000000mmngGAA","Name":"X00e1a000000MWaRAAW"}}|0x2e1a5de8
03:07:28.0 (10075967)|STATEMENT_EXECUTE|[10]
03:07:28.0 (10077235)|STATEMENT_EXECUTE|[11]
03:07:28.0 (10093265)|ENTERING_MANAGED_PKG|
03:07:28.0 (10116676)|HEAP_ALLOCATE|[11]|Bytes:63
03:07:28.0 (10129804)|HEAP_ALLOCATE|[11]|Bytes:87
03:07:28.0 (10140726)|ENTERING_MANAGED_PKG|
03:07:28.0 (10153382)|USER_DEBUG|[11]|ERROR|The PermissionSet Name: PermissionSet:{Id=0PS36000000mmngGAA, Name=X00e1a000000MWaRAAW}
03:07:28.0 (10168860)|HEAP_ALLOCATE|[10]|Bytes:5
03:07:28.0 (10190107)|HEAP_ALLOCATE|[10]|Bytes:12
03:07:28.0 (10197637)|VARIABLE_SCOPE_BEGIN|[10]|PSetName|PermissionSet|true|false
03:07:28.0 (10210638)|VARIABLE_ASSIGNMENT|[10]|PSetName|{"s":1,"v":{"Id":"0PS36000000mmnhGAA","Name":"X00e1a000000MWaSAAW"}}|0x4b57bde4
03:07:28.0 (10214085)|STATEMENT_EXECUTE|[10]
03:07:28.0 (10215320)|STATEMENT_EXECUTE|[11]
03:07:28.0 (10231297)|ENTERING_MANAGED_PKG|
03:07:28.0 (10254690)|HEAP_ALLOCATE|[11]|Bytes:63
03:07:28.0 (10268011)|HEAP_ALLOCATE|[11]|Bytes:87
03:07:28.0 (10279048)|ENTERING_MANAGED_PKG|
03:07:28.0 (10291841)|USER_DEBUG|[11]|ERROR|The PermissionSet Name: PermissionSet:{Id=0PS36000000mmnhGAA, Name=X00e1a000000MWaSAAW}
03:07:28.0 (10306937)|HEAP_ALLOCATE|[10]|Bytes:5
03:07:28.0 (10328184)|HEAP_ALLOCATE|[10]|Bytes:12
03:07:28.0 (10335784)|VARIABLE_SCOPE_BEGIN|[10]|PSetName|PermissionSet|true|false
03:07:28.0 (10348804)|VARIABLE_ASSIGNMENT|[10]|PSetName|{"s":1,"v":{"Id":"0PS36000000mmniGAA","Name":"X00e1a000000MWaTAAW"}}|0x79f0c5aa
03:07:28.0 (10352000)|STATEMENT_EXECUTE|[10]
03:07:28.0 (10353164)|STATEMENT_EXECUTE|[11]
03:07:28.0 (10369267)|ENTERING_MANAGED_PKG|
03:07:28.0 (10392623)|HEAP_ALLOCATE|[11]|Bytes:63
03:07:28.0 (10405825)|HEAP_ALLOCATE|[11]|Bytes:87
03:07:28.0 (10416729)|ENTERING_MANAGED_PKG|
03:07:28.0 (10429578)|USER_DEBUG|[11]|ERROR|The PermissionSet Name: PermissionSet:{Id=0PS36000000mmniGAA, Name=X00e1a000000MWaTAAW}
03:07:28.0 (10445131)|HEAP_ALLOCATE|[10]|Bytes:5
03:07:28.0 (10466304)|HEAP_ALLOCATE|[10]|Bytes:12
03:07:28.0 (10473981)|VARIABLE_SCOPE_BEGIN|[10]|PSetName|PermissionSet|true|false
03:07:28.0 (10490593)|VARIABLE_ASSIGNMENT|[10]|PSetName|{"s":1,"v":{"Id":"0PS36000000mmnjGAA","Name":"X00e1a000000MWaUAAW"}}|0x7dd451ab
03:07:28.0 (10493734)|STATEMENT_EXECUTE|[10]
03:07:28.0 (10494931)|STATEMENT_EXECUTE|[11]
03:07:28.0 (10511421)|ENTERING_MANAGED_PKG|
03:07:28.0 (10534885)|HEAP_ALLOCATE|[11]|Bytes:63
03:07:28.0 (10548025)|HEAP_ALLOCATE|[11]|Bytes:87
03:07:28.0 (10558952)|ENTERING_MANAGED_PKG|
03:07:28.0 (10571795)|USER_DEBUG|[11]|ERROR|The PermissionSet Name: PermissionSet:{Id=0PS36000000mmnjGAA, Name=X00e1a000000MWaUAAW}
03:07:28.0 (10587345)|HEAP_ALLOCATE|[10]|Bytes:5
03:07:28.0 (10608869)|HEAP_ALLOCATE|[10]|Bytes:12
03:07:28.0 (10616387)|VARIABLE_SCOPE_BEGIN|[10]|PSetName|PermissionSet|true|false
03:07:28.0 (10629773)|VARIABLE_ASSIGNMENT|[10]|PSetName|{"s":1,"v":{"Id":"0PS36000000mmnlGAA","Name":"X00e1a000000N1LRAA0"}}|0x15db6e4
03:07:28.0 (10632857)|STATEMENT_EXECUTE|[10]
03:07:28.0 (10634019)|STATEMENT_EXECUTE|[11]
03:07:28.0 (10649801)|ENTERING_MANAGED_PKG|
03:07:28.0 (10672936)|HEAP_ALLOCATE|[11]|Bytes:63
03:07:28.0 (10685998)|HEAP_ALLOCATE|[11]|Bytes:87
03:07:28.0 (10696978)|ENTERING_MANAGED_PKG|
03:07:28.0 (10709692)|USER_DEBUG|[11]|ERROR|The PermissionSet Name: PermissionSet:{Id=0PS36000000mmnlGAA, Name=X00e1a000000N1LRAA0}
03:07:28.0 (10725093)|HEAP_ALLOCATE|[10]|Bytes:5
03:07:28.0 (10746237)|HEAP_ALLOCATE|[10]|Bytes:12
03:07:28.0 (10753754)|VARIABLE_SCOPE_BEGIN|[10]|PSetName|PermissionSet|true|false
03:07:28.0 (10766800)|VARIABLE_ASSIGNMENT|[10]|PSetName|{"s":1,"v":{"Id":"0PS36000000mmnmGAA","Name":"X00e1a000000N1LSAA0"}}|0x771393b6
03:07:28.0 (10770346)|STATEMENT_EXECUTE|[10]
03:07:28.0 (10771506)|STATEMENT_EXECUTE|[11]
03:07:28.0 (10787581)|ENTERING_MANAGED_PKG|
03:07:28.0 (10810895)|HEAP_ALLOCATE|[11]|Bytes:63
03:07:28.0 (10824174)|HEAP_ALLOCATE|[11]|Bytes:87
03:07:28.0 (10835194)|ENTERING_MANAGED_PKG|
03:07:28.0 (10847827)|USER_DEBUG|[11]|ERROR|The PermissionSet Name: PermissionSet:{Id=0PS36000000mmnmGAA, Name=X00e1a000000N1LSAA0}
03:07:28.0 (10863311)|HEAP_ALLOCATE|[10]|Bytes:5
03:07:28.0 (10884435)|HEAP_ALLOCATE|[10]|Bytes:12
03:07:28.0 (10892004)|VARIABLE_SCOPE_BEGIN|[10]|PSetName|PermissionSet|true|false
03:07:28.0 (10905377)|VARIABLE_ASSIGNMENT|[10]|PSetName|{"s":1,"v":{"Id":"0PS36000000mmnnGAA","Name":"X00e1a000000N1wKAAS"}}|0x8b1c56b
03:07:28.0 (10908487)|STATEMENT_EXECUTE|[10]
03:07:28.0 (10909712)|STATEMENT_EXECUTE|[11]
03:07:28.0 (10925696)|ENTERING_MANAGED_PKG|
03:07:28.0 (10949154)|HEAP_ALLOCATE|[11]|Bytes:63
03:07:28.0 (10962279)|HEAP_ALLOCATE|[11]|Bytes:87
03:07:28.0 (10973127)|ENTERING_MANAGED_PKG|
03:07:28.0 (10985793)|USER_DEBUG|[11]|ERROR|The PermissionSet Name: PermissionSet:{Id=0PS36000000mmnnGAA, Name=X00e1a000000N1wKAAS}
03:07:28.0 (11001406)|HEAP_ALLOCATE|[10]|Bytes:5
03:07:28.0 (11023965)|HEAP_ALLOCATE|[10]|Bytes:12
03:07:28.0 (11031459)|VARIABLE_SCOPE_BEGIN|[10]|PSetName|PermissionSet|true|false
03:07:28.0 (11044557)|VARIABLE_ASSIGNMENT|[10]|PSetName|{"s":1,"v":{"Id":"0PS36000000mmnoGAA","Name":"X00e1a000000N1wLAAS"}}|0x573784df
03:07:28.0 (11047634)|STATEMENT_EXECUTE|[10]
03:07:28.0 (11048826)|STATEMENT_EXECUTE|[11]
03:07:28.0 (11064911)|ENTERING_MANAGED_PKG|
03:07:28.0 (11087852)|HEAP_ALLOCATE|[11]|Bytes:63
03:07:28.0 (11100852)|HEAP_ALLOCATE|[11]|Bytes:87
03:07:28.0 (11111835)|ENTERING_MANAGED_PKG|
03:07:28.0 (11124509)|USER_DEBUG|[11]|ERROR|The PermissionSet Name: PermissionSet:{Id=0PS36000000mmnoGAA, Name=X00e1a000000N1wLAAS}
03:07:28.0 (11139949)|HEAP_ALLOCATE|[10]|Bytes:5
03:07:28.0 (11160826)|HEAP_ALLOCATE|[10]|Bytes:12
03:07:28.0 (11168399)|VARIABLE_SCOPE_BEGIN|[10]|PSetName|PermissionSet|true|false
03:07:28.0 (11181491)|VARIABLE_ASSIGNMENT|[10]|PSetName|{"s":1,"v":{"Id":"0PS36000000mmnqGAA","Name":"X00e1a000000MWaAAAW"}}|0x3b31f24b
03:07:28.0 (11184571)|STATEMENT_EXECUTE|[10]
03:07:28.0 (11185997)|STATEMENT_EXECUTE|[11]
03:07:28.0 (11202138)|ENTERING_MANAGED_PKG|
03:07:28.0 (11225551)|HEAP_ALLOCATE|[11]|Bytes:63
03:07:28.0 (11238426)|HEAP_ALLOCATE|[11]|Bytes:87
03:07:28.0 (11249317)|ENTERING_MANAGED_PKG|
03:07:28.0 (11261937)|USER_DEBUG|[11]|ERROR|The PermissionSet Name: PermissionSet:{Id=0PS36000000mmnqGAA, Name=X00e1a000000MWaAAAW}
03:07:28.0 (11277123)|HEAP_ALLOCATE|[10]|Bytes:5
03:07:28.0 (11290990)|VARIABLE_ASSIGNMENT|[10]|PSetName|null|
03:07:28.0 (11294397)|STATEMENT_EXECUTE|[14]
03:07:28.0 (11309647)|SYSTEM_MODE_EXIT|false
03:07:28.11 (11357843)|CUMULATIVE_LIMIT_USAGE
03:07:28.11 (11357843)|LIMIT_USAGE_FOR_NS|(default)|
  Number of SOQL queries: 0 out of 100
  Number of query rows: 0 out of 50000
  Number of SOSL queries: 0 out of 20
  Number of DML statements: 0 out of 150
  Number of DML rows: 0 out of 10000
  Maximum CPU time: 0 out of 10000
  Maximum heap size: 0 out of 6000000
  Number of callouts: 0 out of 100
  Number of Email Invocations: 0 out of 10
  Number of future calls: 0 out of 50
  Number of queueable jobs added to the queue: 0 out of 50
  Number of Mobile Apex push calls: 0 out of 10

03:07:28.11 (11357843)|LIMIT_USAGE_FOR_NS|shiva15testns|
  Number of SOQL queries: 1 out of 100
  Number of query rows: 36 out of 50000
  Number of SOSL queries: 0 out of 20
  Number of DML statements: 0 out of 150
  Number of DML rows: 0 out of 10000
  Maximum CPU time: 0 out of 10000
  Maximum heap size: 0 out of 6000000
  Number of callouts: 0 out of 100
  Number of Email Invocations: 0 out of 10
  Number of future calls: 0 out of 50
  Number of queueable jobs added to the queue: 0 out of 50
  Number of Mobile Apex push calls: 0 out of 10

03:07:28.11 (11357843)|CUMULATIVE_LIMIT_USAGE_END

03:07:28.0 (11428304)|CODE_UNIT_FINISHED|PermissionSetPortalControllers.getAllPermissionSets
03:07:28.0 (13075096)|EXECUTION_FINISHED
