36.0 APEX_CODE,FINEST;APEX_PROFILING,INFO;CALLOUT,INFO;DB,INFO;SYSTEM,DEBUG;VALIDATION,INFO;VISUALFORCE,INFO;WORKFLOW,INFO
18:25:29.0 (426376)|EXECUTION_STARTED
18:25:29.0 (463090)|CODE_UNIT_STARTED|[EXTERNAL]|01p36000005Jpvx|PermissionSetPortalControllers.getAllPermissionSets
18:25:29.0 (1239904)|VARIABLE_SCOPE_BEGIN|[3]|PermissionSetPortalControllers.AllPermissionSets|List<PermissionSet>|true|true
18:25:29.0 (1265136)|VARIABLE_SCOPE_BEGIN|[10]|PermissionSetPortalControllers.accountField|Set<String>|true|true
18:25:29.0 (1271801)|VARIABLE_SCOPE_BEGIN|[5]|PermissionSetPortalControllers.allObjectsOfOrg|List<shiva15testns.PermissionSetPortalControllers.ObjectDetailsClass>|true|true
18:25:29.0 (1277407)|VARIABLE_SCOPE_BEGIN|[9]|PermissionSetPortalControllers.contactsField|Set<String>|true|true
18:25:29.0 (1281701)|VARIABLE_SCOPE_BEGIN|[7]|PermissionSetPortalControllers.isNotSystemSObjectList|Set<String>|true|true
18:25:29.0 (1421239)|HEAP_ALLOCATE|[72]|Bytes:3
18:25:29.0 (1456851)|HEAP_ALLOCATE|[77]|Bytes:152
18:25:29.0 (1472977)|HEAP_ALLOCATE|[342]|Bytes:408
18:25:29.0 (1490495)|HEAP_ALLOCATE|[355]|Bytes:408
18:25:29.0 (1506865)|HEAP_ALLOCATE|[467]|Bytes:48
18:25:29.0 (1536404)|HEAP_ALLOCATE|[139]|Bytes:6
18:25:29.0 (1554814)|HEAP_ALLOCATE|[EXTERNAL]|Bytes:168
18:25:29.0 (1560019)|HEAP_ALLOCATE|[EXTERNAL]|Bytes:68
18:25:29.0 (1563366)|HEAP_ALLOCATE|[EXTERNAL]|Bytes:250
18:25:29.0 (1579854)|METHOD_ENTRY|[1]|01p36000005Jpvx|PermissionSetPortalControllers.PermissionSetPortalControllers()
18:25:29.0 (1585051)|STATEMENT_EXECUTE|[1]
18:25:29.0 (1590689)|STATEMENT_EXECUTE|[1]
18:25:29.0 (1626133)|HEAP_ALLOCATE|[50]|Bytes:5
18:25:29.0 (1650426)|HEAP_ALLOCATE|[56]|Bytes:5
18:25:29.0 (1658748)|HEAP_ALLOCATE|[64]|Bytes:7
18:25:29.0 (1675302)|SYSTEM_MODE_ENTER|false
18:25:29.0 (1691677)|HEAP_ALLOCATE|[9]|Bytes:5
18:25:29.0 (1695394)|STATEMENT_EXECUTE|[9]
18:25:29.0 (1703035)|HEAP_ALLOCATE|[9]|Bytes:4
18:25:29.0 (1750019)|ENTERING_MANAGED_PKG|
18:25:29.0 (1865350)|VARIABLE_ASSIGNMENT|[9]|PermissionSetPortalControllers.contactsField|{"s":1,"v":[]}|0x6fe6d5ed
18:25:29.0 (1870778)|STATEMENT_EXECUTE|[10]
18:25:29.0 (1876303)|HEAP_ALLOCATE|[10]|Bytes:4
18:25:29.0 (1890133)|ENTERING_MANAGED_PKG|
18:25:29.0 (1939267)|VARIABLE_ASSIGNMENT|[10]|PermissionSetPortalControllers.accountField|{"s":1,"v":[]}|0x4570e6e2
18:25:29.0 (1943531)|STATEMENT_EXECUTE|[950]
18:25:29.0 (1945068)|STATEMENT_EXECUTE|[979]
18:25:29.0 (1946266)|STATEMENT_EXECUTE|[1007]
18:25:29.0 (1948214)|STATEMENT_EXECUTE|[1036]
18:25:29.0 (1949698)|STATEMENT_EXECUTE|[1052]
18:25:29.0 (1950759)|STATEMENT_EXECUTE|[1069]
18:25:29.0 (1951805)|STATEMENT_EXECUTE|[1080]
18:25:29.0 (1952907)|STATEMENT_EXECUTE|[1085]
18:25:29.0 (1959213)|SYSTEM_MODE_EXIT|false
18:25:29.0 (1970555)|METHOD_EXIT|[1]|PermissionSetPortalControllers
18:25:29.0 (1977680)|SYSTEM_MODE_ENTER|false
18:25:29.0 (1992186)|HEAP_ALLOCATE|[143]|Bytes:5
18:25:29.0 (1996174)|STATEMENT_EXECUTE|[142]
18:25:29.0 (1997579)|STATEMENT_EXECUTE|[143]
18:25:29.0 (1998553)|STATEMENT_EXECUTE|[143]
18:25:29.0 (1999741)|STATEMENT_EXECUTE|[144]
18:25:29.0 (2002776)|HEAP_ALLOCATE|[144]|Bytes:99
18:25:29.0 (2012135)|HEAP_ALLOCATE|[144]|Bytes:4
18:25:29.0 (2671562)|SOQL_EXECUTE_BEGIN|[144]|Aggregations:0|SELECT Id, label, Name, Description, NamespacePrefix, UserLicenseId, CreatedDate FROM PermissionSet
18:25:29.0 (5755776)|SOQL_EXECUTE_END|[144]|Rows:37
18:25:29.0 (5773145)|HEAP_ALLOCATE|[144]|Bytes:152
18:25:29.0 (5860584)|HEAP_ALLOCATE|[144]|Bytes:6569
18:25:29.0 (5894346)|HEAP_ALLOCATE|[144]|Bytes:152
18:25:29.0 (5923557)|VARIABLE_ASSIGNMENT|[144]|PermissionSetPortalControllers.AllPermissionSets|{"s":1,"v":"List of size 37 too large to display"}|0x25342ad1
18:25:29.0 (6004472)|ENTERING_MANAGED_PKG|
18:25:29.0 (6037950)|STATEMENT_EXECUTE|[145]
18:25:29.0 (6040782)|STATEMENT_EXECUTE|[146]
18:25:29.0 (6168603)|VARIABLE_SCOPE_BEGIN|[146]|pSetObj|shiva15testns.PermissionSetPortalControllers.PermissionSetClass|true|false
18:25:29.0 (6181901)|VARIABLE_ASSIGNMENT|[146]|pSetObj|null|
18:25:29.0 (6184709)|STATEMENT_EXECUTE|[147]
18:25:29.0 (6191178)|HEAP_ALLOCATE|[147]|Bytes:4
18:25:29.0 (6236613)|ENTERING_MANAGED_PKG|
18:25:29.0 (6252431)|VARIABLE_SCOPE_BEGIN|[147]|permissionSetsLst|List<shiva15testns.PermissionSetPortalControllers.PermissionSetClass>|true|false
18:25:29.0 (6273433)|HEAP_ALLOCATE|[EXTERNAL]|Bytes:4
18:25:29.0 (6285902)|VARIABLE_ASSIGNMENT|[147]|permissionSetsLst|{"s":1,"v":[]}|0xf488dd7
18:25:29.0 (6302902)|ENTERING_MANAGED_PKG|
18:25:29.0 (6522969)|HEAP_ALLOCATE|[148]|Bytes:5
18:25:29.0 (6563857)|HEAP_ALLOCATE|[148]|Bytes:28
18:25:29.0 (6575995)|VARIABLE_SCOPE_BEGIN|[148]|PSetName|PermissionSet|true|false
18:25:29.0 (6624580)|VARIABLE_ASSIGNMENT|[148]|PSetName|{"s":1,"v":{"Id":"0PS36000000mmnFGAQ","Label":"00e1a000000MWa8AAG","Name":"X00e1a000000MWa8AAG","NamespacePrefix":"shiva15testns","UserLicenseId":"10036000000eSpzAAE","CreatedDate":"2016-03-08T19:00:02.000Z"}}|0x9f928a
18:25:29.0 (6629891)|STATEMENT_EXECUTE|[148]
18:25:29.0 (6659445)|HEAP_ALLOCATE|[149]|Bytes:3
18:25:29.0 (6692863)|ENTERING_MANAGED_PKG|
18:25:29.0 (6723562)|STATEMENT_EXECUTE|[149]
18:25:29.0 (6735695)|HEAP_ALLOCATE|[148]|Bytes:5
18:25:29.0 (6758050)|HEAP_ALLOCATE|[148]|Bytes:28
18:25:29.0 (6766747)|VARIABLE_SCOPE_BEGIN|[148]|PSetName|PermissionSet|true|false
18:25:29.0 (6793499)|VARIABLE_ASSIGNMENT|[148]|PSetName|{"s":1,"v":{"Id":"0PS36000000mmnGGAQ","Label":"00ex00000018ozl_128_ (10 more) ...","Name":"X00ex00000018ozl_128 (11 more) ...","NamespacePrefix":"shiva15testns","UserLicenseId":"10036000000eSpyAAE","CreatedDate":"2016-03-08T19:00:02.000Z"}}|0x4f3a49bd
18:25:29.0 (6798596)|STATEMENT_EXECUTE|[148]
18:25:29.0 (6821201)|ENTERING_MANAGED_PKG|
18:25:29.0 (6831029)|STATEMENT_EXECUTE|[149]
18:25:29.0 (6847150)|HEAP_ALLOCATE|[148]|Bytes:5
18:25:29.0 (6867807)|HEAP_ALLOCATE|[148]|Bytes:28
18:25:29.0 (6875924)|VARIABLE_SCOPE_BEGIN|[148]|PSetName|PermissionSet|true|false
18:25:29.0 (6899939)|VARIABLE_ASSIGNMENT|[148]|PSetName|{"s":1,"v":{"Id":"0PS36000000mmnHGAQ","Label":"00ex00000018ozm_128_ (10 more) ...","Name":"X00ex00000018ozm_128 (11 more) ...","NamespacePrefix":"shiva15testns","UserLicenseId":"10036000000eSpyAAE","CreatedDate":"2016-03-08T19:00:02.000Z"}}|0x4567fa3
18:25:29.0 (6904570)|STATEMENT_EXECUTE|[148]
18:25:29.0 (6925649)|ENTERING_MANAGED_PKG|
18:25:29.0 (6935267)|STATEMENT_EXECUTE|[149]
18:25:29.0 (6945246)|HEAP_ALLOCATE|[148]|Bytes:5
18:25:29.0 (6964899)|HEAP_ALLOCATE|[148]|Bytes:28
18:25:29.0 (6973094)|VARIABLE_SCOPE_BEGIN|[148]|PSetName|PermissionSet|true|false
18:25:29.0 (6995724)|VARIABLE_ASSIGNMENT|[148]|PSetName|{"s":1,"v":{"Id":"0PS36000000mmnIGAQ","Label":"00ex00000018ozk_128_ (10 more) ...","Name":"X00ex00000018ozk_128 (11 more) ...","NamespacePrefix":"shiva15testns","UserLicenseId":"10036000000eSpyAAE","CreatedDate":"2016-03-08T19:00:02.000Z"}}|0x1fec5a68
18:25:29.0 (7000302)|STATEMENT_EXECUTE|[148]
18:25:29.0 (7022567)|ENTERING_MANAGED_PKG|
18:25:29.0 (7032452)|STATEMENT_EXECUTE|[149]
18:25:29.0 (7042569)|HEAP_ALLOCATE|[148]|Bytes:5
18:25:29.0 (7062134)|HEAP_ALLOCATE|[148]|Bytes:28
18:25:29.0 (7070022)|VARIABLE_SCOPE_BEGIN|[148]|PSetName|PermissionSet|true|false
18:25:29.0 (7092886)|VARIABLE_ASSIGNMENT|[148]|PSetName|{"s":1,"v":{"Id":"0PS36000000mmnJGAQ","Label":"00ex00000018ozj_128_ (10 more) ...","Name":"X00ex00000018ozj_128 (11 more) ...","NamespacePrefix":"shiva15testns","UserLicenseId":"10036000000eSpyAAE","CreatedDate":"2016-03-08T19:00:02.000Z"}}|0x639b80dd
18:25:29.0 (7097107)|STATEMENT_EXECUTE|[148]
18:25:29.0 (7117616)|ENTERING_MANAGED_PKG|
18:25:29.0 (7126902)|STATEMENT_EXECUTE|[149]
18:25:29.0 (7136798)|HEAP_ALLOCATE|[148]|Bytes:5
18:25:29.0 (7161712)|HEAP_ALLOCATE|[148]|Bytes:28
18:25:29.0 (7170143)|VARIABLE_SCOPE_BEGIN|[148]|PSetName|PermissionSet|true|false
18:25:29.0 (7192823)|VARIABLE_ASSIGNMENT|[148]|PSetName|{"s":1,"v":{"Id":"0PS36000000mmnKGAQ","Label":"00ex00000018ozo_128_ (10 more) ...","Name":"X00ex00000018ozo_128 (11 more) ...","NamespacePrefix":"shiva15testns","UserLicenseId":"10036000000eSpyAAE","CreatedDate":"2016-03-08T19:00:02.000Z"}}|0x7ef14ab2
18:25:29.0 (7197345)|STATEMENT_EXECUTE|[148]
18:25:29.0 (7218238)|ENTERING_MANAGED_PKG|
18:25:29.0 (7227454)|STATEMENT_EXECUTE|[149]
18:25:29.0 (7237457)|HEAP_ALLOCATE|[148]|Bytes:5
18:25:29.0 (7256901)|HEAP_ALLOCATE|[148]|Bytes:28
18:25:29.0 (7264835)|VARIABLE_SCOPE_BEGIN|[148]|PSetName|PermissionSet|true|false
18:25:29.0 (7287709)|VARIABLE_ASSIGNMENT|[148]|PSetName|{"s":1,"v":{"Id":"0PS36000000mmnLGAQ","Label":"00ex00000018ozh_128_ (10 more) ...","Name":"X00ex00000018ozh_128 (11 more) ...","NamespacePrefix":"shiva15testns","UserLicenseId":"10036000000eSpyAAE","CreatedDate":"2016-03-08T19:00:02.000Z"}}|0x49ed99a8
18:25:29.0 (7291965)|STATEMENT_EXECUTE|[148]
18:25:29.0 (7312110)|ENTERING_MANAGED_PKG|
18:25:29.0 (7321389)|STATEMENT_EXECUTE|[149]
18:25:29.0 (7331674)|HEAP_ALLOCATE|[148]|Bytes:5
18:25:29.0 (7351084)|HEAP_ALLOCATE|[148]|Bytes:28
18:25:29.0 (7358913)|VARIABLE_SCOPE_BEGIN|[148]|PSetName|PermissionSet|true|false
18:25:29.0 (7381366)|VARIABLE_ASSIGNMENT|[148]|PSetName|{"s":1,"v":{"Id":"0PS36000000mmnMGAQ","Label":"00ex00000018ozq_128_ (11 more) ...","Name":"X00ex00000018ozq_128 (12 more) ...","NamespacePrefix":"shiva15testns","UserLicenseId":"10036000000eSpyAAE","CreatedDate":"2016-03-08T19:00:02.000Z"}}|0x342fb5e7
18:25:29.0 (7385364)|STATEMENT_EXECUTE|[148]
18:25:29.0 (7405801)|ENTERING_MANAGED_PKG|
18:25:29.0 (7414951)|STATEMENT_EXECUTE|[149]
18:25:29.0 (7424796)|HEAP_ALLOCATE|[148]|Bytes:5
18:25:29.0 (7444023)|HEAP_ALLOCATE|[148]|Bytes:28
18:25:29.0 (7451871)|VARIABLE_SCOPE_BEGIN|[148]|PSetName|PermissionSet|true|false
18:25:29.0 (7473582)|VARIABLE_ASSIGNMENT|[148]|PSetName|{"s":1,"v":{"Id":"0PS36000000mmnNGAQ","Label":"00ex00000018ozp_128_ (10 more) ...","Name":"X00ex00000018ozp_128 (11 more) ...","NamespacePrefix":"shiva15testns","UserLicenseId":"10036000000eSpyAAE","CreatedDate":"2016-03-08T19:00:02.000Z"}}|0xb8d56d7
18:25:29.0 (7478234)|STATEMENT_EXECUTE|[148]
18:25:29.0 (7498715)|ENTERING_MANAGED_PKG|
18:25:29.0 (7507873)|STATEMENT_EXECUTE|[149]
18:25:29.0 (7517762)|HEAP_ALLOCATE|[148]|Bytes:5
18:25:29.0 (7537200)|HEAP_ALLOCATE|[148]|Bytes:28
18:25:29.0 (7545086)|VARIABLE_SCOPE_BEGIN|[148]|PSetName|PermissionSet|true|false
18:25:29.0 (7566891)|VARIABLE_ASSIGNMENT|[148]|PSetName|{"s":1,"v":{"Id":"0PS36000000mmnOGAQ","Label":"00ex00000018ozn_128_ (10 more) ...","Name":"X00ex00000018ozn_128 (11 more) ...","NamespacePrefix":"shiva15testns","UserLicenseId":"10036000000eSpyAAE","CreatedDate":"2016-03-08T19:00:02.000Z"}}|0x7f5d39ce
18:25:29.0 (7570932)|STATEMENT_EXECUTE|[148]
18:25:29.0 (7591090)|ENTERING_MANAGED_PKG|
18:25:29.0 (7600263)|STATEMENT_EXECUTE|[149]
18:25:29.0 (7610149)|HEAP_ALLOCATE|[148]|Bytes:5
18:25:29.0 (7629680)|HEAP_ALLOCATE|[148]|Bytes:28
18:25:29.0 (7637484)|VARIABLE_SCOPE_BEGIN|[148]|PSetName|PermissionSet|true|false
18:25:29.0 (7659160)|VARIABLE_ASSIGNMENT|[148]|PSetName|{"s":1,"v":{"Id":"0PS36000000mmnPGAQ","Label":"00e1a000000MWa9AAG","Name":"X00e1a000000MWa9AAG","NamespacePrefix":"shiva15testns","UserLicenseId":"10036000000eSq0AAE","CreatedDate":"2016-03-08T19:00:02.000Z"}}|0x5a58df54
18:25:29.0 (7663265)|STATEMENT_EXECUTE|[148]
18:25:29.0 (7683814)|ENTERING_MANAGED_PKG|
18:25:29.0 (7693012)|STATEMENT_EXECUTE|[149]
18:25:29.0 (7702897)|HEAP_ALLOCATE|[148]|Bytes:5
18:25:29.0 (7722013)|HEAP_ALLOCATE|[148]|Bytes:28
18:25:29.0 (7729944)|VARIABLE_SCOPE_BEGIN|[148]|PSetName|PermissionSet|true|false
18:25:29.0 (7751438)|VARIABLE_ASSIGNMENT|[148]|PSetName|{"s":1,"v":{"Id":"0PS36000000mmnQGAQ","Label":"00e1a000000MWaBAAW","Name":"X00e1a000000MWaBAAW","NamespacePrefix":"shiva15testns","UserLicenseId":"10036000000eSq2AAE","CreatedDate":"2016-03-08T19:00:02.000Z"}}|0x1311c975
18:25:29.0 (7755647)|STATEMENT_EXECUTE|[148]
18:25:29.0 (7776034)|ENTERING_MANAGED_PKG|
18:25:29.0 (7785293)|STATEMENT_EXECUTE|[149]
18:25:29.0 (7794986)|HEAP_ALLOCATE|[148]|Bytes:5
18:25:29.0 (7814713)|HEAP_ALLOCATE|[148]|Bytes:28
18:25:29.0 (7822652)|VARIABLE_SCOPE_BEGIN|[148]|PSetName|PermissionSet|true|false
18:25:29.0 (7844009)|VARIABLE_ASSIGNMENT|[148]|PSetName|{"s":1,"v":{"Id":"0PS36000000mmnRGAQ","Label":"00e1a000000MWaCAAW","Name":"X00e1a000000MWaCAAW","NamespacePrefix":"shiva15testns","UserLicenseId":"10036000000eSq3AAE","CreatedDate":"2016-03-08T19:00:02.000Z"}}|0x72cb1e2e
18:25:29.0 (7848088)|STATEMENT_EXECUTE|[148]
18:25:29.0 (7868279)|ENTERING_MANAGED_PKG|
18:25:29.0 (7877930)|STATEMENT_EXECUTE|[149]
18:25:29.0 (7887808)|HEAP_ALLOCATE|[148]|Bytes:5
18:25:29.0 (7907197)|HEAP_ALLOCATE|[148]|Bytes:28
18:25:29.0 (7915089)|VARIABLE_SCOPE_BEGIN|[148]|PSetName|PermissionSet|true|false
18:25:29.0 (7936090)|VARIABLE_ASSIGNMENT|[148]|PSetName|{"s":1,"v":{"Id":"0PS36000000mmnSGAQ","Label":"00e1a000000MWaDAAW","Name":"X00e1a000000MWaDAAW","NamespacePrefix":"shiva15testns","UserLicenseId":"10036000000eSq4AAE","CreatedDate":"2016-03-08T19:00:02.000Z"}}|0x644edaf0
18:25:29.0 (7943378)|STATEMENT_EXECUTE|[148]
18:25:29.0 (7964366)|ENTERING_MANAGED_PKG|
18:25:29.0 (7973651)|STATEMENT_EXECUTE|[149]
18:25:29.0 (7983525)|HEAP_ALLOCATE|[148]|Bytes:5
18:25:29.0 (8002967)|HEAP_ALLOCATE|[148]|Bytes:28
18:25:29.0 (8011759)|VARIABLE_SCOPE_BEGIN|[148]|PSetName|PermissionSet|true|false
18:25:29.0 (8033534)|VARIABLE_ASSIGNMENT|[148]|PSetName|{"s":1,"v":{"Id":"0PS36000000mmnTGAQ","Label":"00e1a000000MWaEAAW","Name":"X00e1a000000MWaEAAW","NamespacePrefix":"shiva15testns","UserLicenseId":"10036000000eSq5AAE","CreatedDate":"2016-03-08T19:00:02.000Z"}}|0x78f01b52
18:25:29.0 (8037517)|STATEMENT_EXECUTE|[148]
18:25:29.0 (8057854)|ENTERING_MANAGED_PKG|
18:25:29.0 (8066972)|STATEMENT_EXECUTE|[149]
18:25:29.0 (8076798)|HEAP_ALLOCATE|[148]|Bytes:5
18:25:29.0 (8096161)|HEAP_ALLOCATE|[148]|Bytes:28
18:25:29.0 (8104159)|VARIABLE_SCOPE_BEGIN|[148]|PSetName|PermissionSet|true|false
18:25:29.0 (8125499)|VARIABLE_ASSIGNMENT|[148]|PSetName|{"s":1,"v":{"Id":"0PS36000000mmnUGAQ","Label":"00e1a000000MWaFAAW","Name":"X00e1a000000MWaFAAW","NamespacePrefix":"shiva15testns","UserLicenseId":"10036000000eSq6AAE","CreatedDate":"2016-03-08T19:00:02.000Z"}}|0x65373f58
18:25:29.0 (8129762)|STATEMENT_EXECUTE|[148]
18:25:29.0 (8154364)|ENTERING_MANAGED_PKG|
18:25:29.0 (8163940)|STATEMENT_EXECUTE|[149]
18:25:29.0 (8174117)|HEAP_ALLOCATE|[148]|Bytes:5
18:25:29.0 (8193452)|HEAP_ALLOCATE|[148]|Bytes:28
18:25:29.0 (8201289)|VARIABLE_SCOPE_BEGIN|[148]|PSetName|PermissionSet|true|false
18:25:29.0 (8222969)|VARIABLE_ASSIGNMENT|[148]|PSetName|{"s":1,"v":{"Id":"0PS36000000mmnVGAQ","Label":"00e1a000000MWaGAAW","Name":"X00e1a000000MWaGAAW","NamespacePrefix":"shiva15testns","UserLicenseId":"10036000000eSq7AAE","CreatedDate":"2016-03-08T19:00:02.000Z"}}|0x4fa767be
18:25:29.0 (8227007)|STATEMENT_EXECUTE|[148]
18:25:29.0 (8247432)|ENTERING_MANAGED_PKG|
18:25:29.0 (8256626)|STATEMENT_EXECUTE|[149]
18:25:29.0 (8266470)|HEAP_ALLOCATE|[148]|Bytes:5
18:25:29.0 (8285814)|HEAP_ALLOCATE|[148]|Bytes:28
18:25:29.0 (8293902)|VARIABLE_SCOPE_BEGIN|[148]|PSetName|PermissionSet|true|false
18:25:29.0 (8315902)|VARIABLE_ASSIGNMENT|[148]|PSetName|{"s":1,"v":{"Id":"0PS36000000mmnWGAQ","Label":"00e1a000000MWaHAAW","Name":"X00e1a000000MWaHAAW","NamespacePrefix":"shiva15testns","UserLicenseId":"10036000000eSq8AAE","CreatedDate":"2016-03-08T19:00:02.000Z"}}|0x5dacbde0
18:25:29.0 (8319993)|STATEMENT_EXECUTE|[148]
18:25:29.0 (8340304)|ENTERING_MANAGED_PKG|
18:25:29.0 (8349485)|STATEMENT_EXECUTE|[149]
18:25:29.0 (8359486)|HEAP_ALLOCATE|[148]|Bytes:5
18:25:29.0 (8378906)|HEAP_ALLOCATE|[148]|Bytes:28
18:25:29.0 (8386847)|VARIABLE_SCOPE_BEGIN|[148]|PSetName|PermissionSet|true|false
18:25:29.0 (8408347)|VARIABLE_ASSIGNMENT|[148]|PSetName|{"s":1,"v":{"Id":"0PS36000000mmnXGAQ","Label":"00e1a000000MWaIAAW","Name":"X00e1a000000MWaIAAW","NamespacePrefix":"shiva15testns","UserLicenseId":"10036000000eSq9AAE","CreatedDate":"2016-03-08T19:00:02.000Z"}}|0x25fe178c
18:25:29.0 (8412807)|STATEMENT_EXECUTE|[148]
18:25:29.0 (8433195)|ENTERING_MANAGED_PKG|
18:25:29.0 (8442439)|STATEMENT_EXECUTE|[149]
18:25:29.0 (8452669)|HEAP_ALLOCATE|[148]|Bytes:5
18:25:29.0 (8471877)|HEAP_ALLOCATE|[148]|Bytes:28
18:25:29.0 (8479830)|VARIABLE_SCOPE_BEGIN|[148]|PSetName|PermissionSet|true|false
18:25:29.0 (8501477)|VARIABLE_ASSIGNMENT|[148]|PSetName|{"s":1,"v":{"Id":"0PS36000000mmnYGAQ","Label":"00e1a000000MWaJAAW","Name":"X00e1a000000MWaJAAW","NamespacePrefix":"shiva15testns","UserLicenseId":"10036000000eSqAAAU","CreatedDate":"2016-03-08T19:00:02.000Z"}}|0x79ef2194
18:25:29.0 (8505636)|STATEMENT_EXECUTE|[148]
18:25:29.0 (8526347)|ENTERING_MANAGED_PKG|
18:25:29.0 (8535531)|STATEMENT_EXECUTE|[149]
18:25:29.0 (8545488)|HEAP_ALLOCATE|[148]|Bytes:5
18:25:29.0 (8564842)|HEAP_ALLOCATE|[148]|Bytes:28
18:25:29.0 (8573018)|VARIABLE_SCOPE_BEGIN|[148]|PSetName|PermissionSet|true|false
18:25:29.0 (8594257)|VARIABLE_ASSIGNMENT|[148]|PSetName|{"s":1,"v":{"Id":"0PS36000000mmnZGAQ","Label":"00e1a000000MWaKAAW","Name":"X00e1a000000MWaKAAW","NamespacePrefix":"shiva15testns","UserLicenseId":"10036000000eSqBAAU","CreatedDate":"2016-03-08T19:00:02.000Z"}}|0xd813380
18:25:29.0 (8598551)|STATEMENT_EXECUTE|[148]
18:25:29.0 (8618912)|ENTERING_MANAGED_PKG|
18:25:29.0 (8628175)|STATEMENT_EXECUTE|[149]
18:25:29.0 (8638171)|HEAP_ALLOCATE|[148]|Bytes:5
18:25:29.0 (8657516)|HEAP_ALLOCATE|[148]|Bytes:28
18:25:29.0 (8665343)|VARIABLE_SCOPE_BEGIN|[148]|PSetName|PermissionSet|true|false
18:25:29.0 (8687018)|VARIABLE_ASSIGNMENT|[148]|PSetName|{"s":1,"v":{"Id":"0PS36000000mmnaGAA","Label":"00e1a000000MWaLAAW","Name":"X00e1a000000MWaLAAW","NamespacePrefix":"shiva15testns","UserLicenseId":"10036000000eSqCAAU","CreatedDate":"2016-03-08T19:00:02.000Z"}}|0x35facc6d
18:25:29.0 (8691218)|STATEMENT_EXECUTE|[148]
18:25:29.0 (8711524)|ENTERING_MANAGED_PKG|
18:25:29.0 (8720615)|STATEMENT_EXECUTE|[149]
18:25:29.0 (8730430)|HEAP_ALLOCATE|[148]|Bytes:5
18:25:29.0 (8749899)|HEAP_ALLOCATE|[148]|Bytes:28
18:25:29.0 (8757910)|VARIABLE_SCOPE_BEGIN|[148]|PSetName|PermissionSet|true|false
18:25:29.0 (8779405)|VARIABLE_ASSIGNMENT|[148]|PSetName|{"s":1,"v":{"Id":"0PS36000000mmnbGAA","Label":"00e1a000000MWaMAAW","Name":"X00e1a000000MWaMAAW","NamespacePrefix":"shiva15testns","UserLicenseId":"10036000000eSqDAAU","CreatedDate":"2016-03-08T19:00:02.000Z"}}|0x606dff29
18:25:29.0 (8783675)|STATEMENT_EXECUTE|[148]
18:25:29.0 (8804282)|ENTERING_MANAGED_PKG|
18:25:29.0 (8813529)|STATEMENT_EXECUTE|[149]
18:25:29.0 (8823410)|HEAP_ALLOCATE|[148]|Bytes:5
18:25:29.0 (8842704)|HEAP_ALLOCATE|[148]|Bytes:28
18:25:29.0 (8850637)|VARIABLE_SCOPE_BEGIN|[148]|PSetName|PermissionSet|true|false
18:25:29.0 (8872437)|VARIABLE_ASSIGNMENT|[148]|PSetName|{"s":1,"v":{"Id":"0PS36000000mmncGAA","Label":"00e1a000000MWaNAAW","Name":"X00e1a000000MWaNAAW","NamespacePrefix":"shiva15testns","UserLicenseId":"10036000000eSqEAAU","CreatedDate":"2016-03-08T19:00:02.000Z"}}|0x600e8131
18:25:29.0 (8876639)|STATEMENT_EXECUTE|[148]
18:25:29.0 (8897089)|ENTERING_MANAGED_PKG|
18:25:29.0 (8906129)|STATEMENT_EXECUTE|[149]
18:25:29.0 (8916076)|HEAP_ALLOCATE|[148]|Bytes:5
18:25:29.0 (8935327)|HEAP_ALLOCATE|[148]|Bytes:28
18:25:29.0 (8943140)|VARIABLE_SCOPE_BEGIN|[148]|PSetName|PermissionSet|true|false
18:25:29.0 (8964866)|VARIABLE_ASSIGNMENT|[148]|PSetName|{"s":1,"v":{"Id":"0PS36000000mmndGAA","Label":"00e1a000000MWaOAAW","Name":"X00e1a000000MWaOAAW","NamespacePrefix":"shiva15testns","UserLicenseId":"10036000000eSqFAAU","CreatedDate":"2016-03-08T19:00:02.000Z"}}|0x6417a383
18:25:29.0 (8968918)|STATEMENT_EXECUTE|[148]
18:25:29.0 (8989237)|ENTERING_MANAGED_PKG|
18:25:29.0 (8998322)|STATEMENT_EXECUTE|[149]
18:25:29.0 (9008224)|HEAP_ALLOCATE|[148]|Bytes:5
18:25:29.0 (9028663)|HEAP_ALLOCATE|[148]|Bytes:28
18:25:29.0 (9036424)|VARIABLE_SCOPE_BEGIN|[148]|PSetName|PermissionSet|true|false
18:25:29.0 (9057852)|VARIABLE_ASSIGNMENT|[148]|PSetName|{"s":1,"v":{"Id":"0PS36000000mmneGAA","Label":"00e1a000000MWaPAAW","Name":"X00e1a000000MWaPAAW","NamespacePrefix":"shiva15testns","UserLicenseId":"10036000000eSqGAAU","CreatedDate":"2016-03-08T19:00:02.000Z"}}|0x76d92c8
18:25:29.0 (9061873)|STATEMENT_EXECUTE|[148]
18:25:29.0 (9082243)|ENTERING_MANAGED_PKG|
18:25:29.0 (9096969)|STATEMENT_EXECUTE|[149]
18:25:29.0 (9107160)|HEAP_ALLOCATE|[148]|Bytes:5
18:25:29.0 (9126705)|HEAP_ALLOCATE|[148]|Bytes:28
18:25:29.0 (9134592)|VARIABLE_SCOPE_BEGIN|[148]|PSetName|PermissionSet|true|false
18:25:29.0 (9159487)|VARIABLE_ASSIGNMENT|[148]|PSetName|{"s":1,"v":{"Id":"0PS36000000mmnfGAA","Label":"00e1a000000MWaQAAW","Name":"X00e1a000000MWaQAAW","NamespacePrefix":"shiva15testns","UserLicenseId":"10036000000eSqHAAU","CreatedDate":"2016-03-08T19:00:02.000Z"}}|0x876a1bb
18:25:29.0 (9163659)|STATEMENT_EXECUTE|[148]
18:25:29.0 (9184471)|ENTERING_MANAGED_PKG|
18:25:29.0 (9193796)|STATEMENT_EXECUTE|[149]
18:25:29.0 (9203819)|HEAP_ALLOCATE|[148]|Bytes:5
18:25:29.0 (9223440)|HEAP_ALLOCATE|[148]|Bytes:28
18:25:29.0 (9231249)|VARIABLE_SCOPE_BEGIN|[148]|PSetName|PermissionSet|true|false
18:25:29.0 (9252645)|VARIABLE_ASSIGNMENT|[148]|PSetName|{"s":1,"v":{"Id":"0PS36000000mmngGAA","Label":"00e1a000000MWaRAAW","Name":"X00e1a000000MWaRAAW","NamespacePrefix":"shiva15testns","UserLicenseId":"10036000000eSqIAAU","CreatedDate":"2016-03-08T19:00:02.000Z"}}|0x1c65ae8d
18:25:29.0 (9256758)|STATEMENT_EXECUTE|[148]
18:25:29.0 (9277135)|ENTERING_MANAGED_PKG|
18:25:29.0 (9286332)|STATEMENT_EXECUTE|[149]
18:25:29.0 (9296239)|HEAP_ALLOCATE|[148]|Bytes:5
18:25:29.0 (9315476)|HEAP_ALLOCATE|[148]|Bytes:28
18:25:29.0 (9323252)|VARIABLE_SCOPE_BEGIN|[148]|PSetName|PermissionSet|true|false
18:25:29.0 (9344584)|VARIABLE_ASSIGNMENT|[148]|PSetName|{"s":1,"v":{"Id":"0PS36000000mmnhGAA","Label":"00e1a000000MWaSAAW","Name":"X00e1a000000MWaSAAW","NamespacePrefix":"shiva15testns","UserLicenseId":"10036000000eSqJAAU","CreatedDate":"2016-03-08T19:00:02.000Z"}}|0x45b71d39
18:25:29.0 (9348640)|STATEMENT_EXECUTE|[148]
18:25:29.0 (9368694)|ENTERING_MANAGED_PKG|
18:25:29.0 (9377786)|STATEMENT_EXECUTE|[149]
18:25:29.0 (9387616)|HEAP_ALLOCATE|[148]|Bytes:5
18:25:29.0 (9406776)|HEAP_ALLOCATE|[148]|Bytes:28
18:25:29.0 (9414574)|VARIABLE_SCOPE_BEGIN|[148]|PSetName|PermissionSet|true|false
18:25:29.0 (9435941)|VARIABLE_ASSIGNMENT|[148]|PSetName|{"s":1,"v":{"Id":"0PS36000000mmniGAA","Label":"00e1a000000MWaTAAW","Name":"X00e1a000000MWaTAAW","NamespacePrefix":"shiva15testns","UserLicenseId":"10036000000eSqJAAU","CreatedDate":"2016-03-08T19:00:02.000Z"}}|0x2ea72c95
18:25:29.0 (9440583)|STATEMENT_EXECUTE|[148]
18:25:29.0 (9460966)|ENTERING_MANAGED_PKG|
18:25:29.0 (9470210)|STATEMENT_EXECUTE|[149]
18:25:29.0 (9479997)|HEAP_ALLOCATE|[148]|Bytes:5
18:25:29.0 (9499002)|HEAP_ALLOCATE|[148]|Bytes:28
18:25:29.0 (9506800)|VARIABLE_SCOPE_BEGIN|[148]|PSetName|PermissionSet|true|false
18:25:29.0 (9528043)|VARIABLE_ASSIGNMENT|[148]|PSetName|{"s":1,"v":{"Id":"0PS36000000mmnjGAA","Label":"00e1a000000MWaUAAW","Name":"X00e1a000000MWaUAAW","NamespacePrefix":"shiva15testns","UserLicenseId":"10036000000eSqKAAU","CreatedDate":"2016-03-08T19:00:02.000Z"}}|0x13612b83
18:25:29.0 (9532288)|STATEMENT_EXECUTE|[148]
18:25:29.0 (9552457)|ENTERING_MANAGED_PKG|
18:25:29.0 (9561658)|STATEMENT_EXECUTE|[149]
18:25:29.0 (9571646)|HEAP_ALLOCATE|[148]|Bytes:5
18:25:29.0 (9590923)|HEAP_ALLOCATE|[148]|Bytes:28
18:25:29.0 (9599143)|VARIABLE_SCOPE_BEGIN|[148]|PSetName|PermissionSet|true|false
18:25:29.0 (9620761)|VARIABLE_ASSIGNMENT|[148]|PSetName|{"s":1,"v":{"Id":"0PS36000000mmnlGAA","Label":"00e1a000000N1LRAA0","Name":"X00e1a000000N1LRAA0","NamespacePrefix":"shiva15testns","UserLicenseId":"10036000000eSqLAAU","CreatedDate":"2016-03-08T19:00:02.000Z"}}|0x2241eea4
18:25:29.0 (9624470)|STATEMENT_EXECUTE|[148]
18:25:29.0 (9644742)|ENTERING_MANAGED_PKG|
18:25:29.0 (9653986)|STATEMENT_EXECUTE|[149]
18:25:29.0 (9663901)|HEAP_ALLOCATE|[148]|Bytes:5
18:25:29.0 (9683254)|HEAP_ALLOCATE|[148]|Bytes:28
18:25:29.0 (9690940)|VARIABLE_SCOPE_BEGIN|[148]|PSetName|PermissionSet|true|false
18:25:29.0 (9712742)|VARIABLE_ASSIGNMENT|[148]|PSetName|{"s":1,"v":{"Id":"0PS36000000mmnmGAA","Label":"00e1a000000N1LSAA0","Name":"X00e1a000000N1LSAA0","NamespacePrefix":"shiva15testns","UserLicenseId":"10036000000eSqMAAU","CreatedDate":"2016-03-08T19:00:02.000Z"}}|0x5f627100
18:25:29.0 (9716631)|STATEMENT_EXECUTE|[148]
18:25:29.0 (9737286)|ENTERING_MANAGED_PKG|
18:25:29.0 (9746466)|STATEMENT_EXECUTE|[149]
18:25:29.0 (9756352)|HEAP_ALLOCATE|[148]|Bytes:5
18:25:29.0 (9775758)|HEAP_ALLOCATE|[148]|Bytes:28
18:25:29.0 (9783725)|VARIABLE_SCOPE_BEGIN|[148]|PSetName|PermissionSet|true|false
18:25:29.0 (9805572)|VARIABLE_ASSIGNMENT|[148]|PSetName|{"s":1,"v":{"Id":"0PS36000000mmnnGAA","Label":"00e1a000000N1wKAAS","Name":"X00e1a000000N1wKAAS","NamespacePrefix":"shiva15testns","UserLicenseId":"10036000000eSqNAAU","CreatedDate":"2016-03-08T19:00:02.000Z"}}|0x48b62dfd
18:25:29.0 (9809478)|STATEMENT_EXECUTE|[148]
18:25:29.0 (9829567)|ENTERING_MANAGED_PKG|
18:25:29.0 (9838702)|STATEMENT_EXECUTE|[149]
18:25:29.0 (9848696)|HEAP_ALLOCATE|[148]|Bytes:5
18:25:29.0 (9867989)|HEAP_ALLOCATE|[148]|Bytes:28
18:25:29.0 (9875759)|VARIABLE_SCOPE_BEGIN|[148]|PSetName|PermissionSet|true|false
18:25:29.0 (9897553)|VARIABLE_ASSIGNMENT|[148]|PSetName|{"s":1,"v":{"Id":"0PS36000000mmnoGAA","Label":"00e1a000000N1wLAAS","Name":"X00e1a000000N1wLAAS","NamespacePrefix":"shiva15testns","UserLicenseId":"10036000000eSqNAAU","CreatedDate":"2016-03-08T19:00:02.000Z"}}|0x52113a5b
18:25:29.0 (9901721)|STATEMENT_EXECUTE|[148]
18:25:29.0 (9922142)|ENTERING_MANAGED_PKG|
18:25:29.0 (9931455)|STATEMENT_EXECUTE|[149]
18:25:29.0 (9941373)|HEAP_ALLOCATE|[148]|Bytes:5
18:25:29.0 (9960518)|HEAP_ALLOCATE|[148]|Bytes:28
18:25:29.0 (9968308)|VARIABLE_SCOPE_BEGIN|[148]|PSetName|PermissionSet|true|false
18:25:29.0 (9989502)|VARIABLE_ASSIGNMENT|[148]|PSetName|{"s":1,"v":{"Id":"0PS36000000mmnqGAA","Label":"00e1a000000MWaAAAW","Name":"X00e1a000000MWaAAAW","NamespacePrefix":"shiva15testns","UserLicenseId":"10036000000eSq1AAE","CreatedDate":"2016-03-08T19:00:02.000Z"}}|0x7f88ca73
18:25:29.0 (9993915)|STATEMENT_EXECUTE|[148]
18:25:29.0 (10014104)|ENTERING_MANAGED_PKG|
18:25:29.0 (10024164)|STATEMENT_EXECUTE|[149]
18:25:29.0 (10034165)|HEAP_ALLOCATE|[148]|Bytes:5
18:25:29.0 (10053428)|HEAP_ALLOCATE|[148]|Bytes:32
18:25:29.0 (10061413)|VARIABLE_SCOPE_BEGIN|[148]|PSetName|PermissionSet|true|false
18:25:29.0 (10086351)|VARIABLE_ASSIGNMENT|[148]|PSetName|{"s":1,"v":{"Id":"0PS36000000q71PGAQ","Label":"PermissionSet_Test_t (12 more) ...","Name":"PermissionSet_Test_t (6 more) ...","Description":"This is for testing  (42 more) ...","NamespacePrefix":"shiva15testns","UserLicenseId":"10036000000eSpyAAE","CreatedDate":"2016-03-20T22:41:12.000Z"}}|0x33ae4ef3
18:25:29.0 (10091139)|STATEMENT_EXECUTE|[148]
18:25:29.0 (10111704)|ENTERING_MANAGED_PKG|
18:25:29.0 (10121737)|STATEMENT_EXECUTE|[149]
18:25:29.0 (10123375)|STATEMENT_EXECUTE|[150]
18:25:29.0 (10129241)|HEAP_ALLOCATE|[150]|Bytes:240
18:25:29.0 (10135036)|HEAP_ALLOCATE|[150]|Bytes:31
18:25:29.0 (10161290)|HEAP_ALLOCATE|[150]|Bytes:32
18:25:29.0 (10210685)|ENTERING_MANAGED_PKG|
18:25:29.0 (10238270)|HEAP_ALLOCATE|[150]|Bytes:18
18:25:29.0 (10291852)|ENTERING_MANAGED_PKG|
18:25:29.0 (10296382)|HEAP_ALLOCATE|[150]|Bytes:18
18:25:29.0 (10337766)|ENTERING_MANAGED_PKG|
18:25:29.0 (10360984)|HEAP_ALLOCATE|[150]|Bytes:19
18:25:29.0 (10404349)|CONSTRUCTOR_ENTRY|[150]|01p36000005Jpvx|<init>(String,String,String,String,String,String,String)
18:25:29.0 (10433698)|VARIABLE_SCOPE_BEGIN|[967]|this|shiva15testns.PermissionSetPortalControllers.PermissionSetClass|true|false
18:25:29.0 (10507455)|VARIABLE_ASSIGNMENT|[967]|this|{}|0x5602c7f8
18:25:29.0 (10513419)|VARIABLE_SCOPE_BEGIN|[967]|label|String|false|false
18:25:29.0 (10520127)|VARIABLE_ASSIGNMENT|[967]|label|"PermissionSet_Test_t (12 more) ..."
18:25:29.0 (10523500)|VARIABLE_SCOPE_BEGIN|[967]|apiName|String|false|false
18:25:29.0 (10527799)|VARIABLE_ASSIGNMENT|[967]|apiName|"PermissionSet_Test_t (6 more) ..."
18:25:29.0 (10530630)|VARIABLE_SCOPE_BEGIN|[967]|id|String|false|false
18:25:29.0 (10533965)|VARIABLE_ASSIGNMENT|[967]|id|"0PS36000000q71PGAQ"
18:25:29.0 (10536659)|VARIABLE_SCOPE_BEGIN|[967]|description|String|false|false
18:25:29.0 (10540559)|VARIABLE_ASSIGNMENT|[967]|description|"This is for testing  (42 more) ..."
18:25:29.0 (10543377)|VARIABLE_SCOPE_BEGIN|[967]|namespacePrefix|String|false|false
18:25:29.0 (10546512)|VARIABLE_ASSIGNMENT|[967]|namespacePrefix|"shiva15testns"
18:25:29.0 (10549116)|VARIABLE_SCOPE_BEGIN|[967]|userLicenseId|String|false|false
18:25:29.0 (10552611)|VARIABLE_ASSIGNMENT|[967]|userLicenseId|"10036000000eSpyAAE"
18:25:29.0 (10555216)|VARIABLE_SCOPE_BEGIN|[967]|createdDate|String|false|false
18:25:29.0 (10558650)|VARIABLE_ASSIGNMENT|[967]|createdDate|"2016-03-20 15:41:12"
18:25:29.0 (10562129)|STATEMENT_EXECUTE|[950]
18:25:29.0 (10563575)|STATEMENT_EXECUTE|[953]
18:25:29.0 (10564858)|STATEMENT_EXECUTE|[955]
18:25:29.0 (10565914)|STATEMENT_EXECUTE|[957]
18:25:29.0 (10567125)|STATEMENT_EXECUTE|[959]
18:25:29.0 (10568300)|STATEMENT_EXECUTE|[961]
18:25:29.0 (10569473)|STATEMENT_EXECUTE|[963]
18:25:29.0 (10570690)|STATEMENT_EXECUTE|[965]
18:25:29.0 (10580075)|HEAP_ALLOCATE|[969]|Bytes:6
18:25:29.0 (10605994)|STATEMENT_EXECUTE|[968]
18:25:29.0 (10607991)|STATEMENT_EXECUTE|[969]
18:25:29.0 (10691761)|VARIABLE_ASSIGNMENT|[EXTERNAL]|this|{}|0x5602c7f8
18:25:29.0 (10701444)|VARIABLE_ASSIGNMENT|[EXTERNAL]|value|"PermissionSet_Test_t (12 more) ..."
18:25:29.0 (10713198)|VARIABLE_ASSIGNMENT|[953]|this.label|"PermissionSet_Test_t (12 more) ..."|0x5602c7f8
18:25:29.0 (10721272)|STATEMENT_EXECUTE|[970]
18:25:29.0 (10777047)|VARIABLE_ASSIGNMENT|[EXTERNAL]|this|{"label":"PermissionSet_Test_t (12 more) ..."}|0x5602c7f8
18:25:29.0 (10785450)|VARIABLE_ASSIGNMENT|[EXTERNAL]|value|"PermissionSet_Test_t (6 more) ..."
18:25:29.0 (10794335)|VARIABLE_ASSIGNMENT|[955]|this.apiName|"PermissionSet_Test_t (6 more) ..."|0x5602c7f8
18:25:29.0 (10801372)|STATEMENT_EXECUTE|[971]
18:25:29.0 (10856172)|VARIABLE_ASSIGNMENT|[EXTERNAL]|this|{"apiName":"PermissionSet_Test_t (6 more) ...","label":"PermissionSet_Test_t (12 more) ..."}|0x5602c7f8
18:25:29.0 (10864446)|VARIABLE_ASSIGNMENT|[EXTERNAL]|value|"0PS36000000q71PGAQ"
18:25:29.0 (10872659)|VARIABLE_ASSIGNMENT|[957]|this.id|"0PS36000000q71PGAQ"|0x5602c7f8
18:25:29.0 (10879562)|STATEMENT_EXECUTE|[972]
18:25:29.0 (10933937)|VARIABLE_ASSIGNMENT|[EXTERNAL]|this|{"apiName":"PermissionSet_Test_t (6 more) ...","id":"0PS36000000q71PGAQ","label":"PermissionSet_Test_t (12 more) ..."}|0x5602c7f8
18:25:29.0 (10942691)|VARIABLE_ASSIGNMENT|[EXTERNAL]|value|"This is for testing  (42 more) ..."
18:25:29.0 (10952348)|VARIABLE_ASSIGNMENT|[959]|this.description|"This is for testing  (42 more) ..."|0x5602c7f8
18:25:29.0 (10962991)|STATEMENT_EXECUTE|[973]
18:25:29.0 (11023790)|VARIABLE_ASSIGNMENT|[EXTERNAL]|this|{"apiName":"PermissionSet_Test_t (6 more) ...","description":"This is for testing  (42 more) ...","id":"0PS36000000q71PGAQ","label":"PermissionSet_Test_t (12 more) ..."}|0x5602c7f8
18:25:29.0 (11033369)|VARIABLE_ASSIGNMENT|[EXTERNAL]|value|"shiva15testns"
18:25:29.0 (11042306)|VARIABLE_ASSIGNMENT|[961]|this.namespacePrefix|"shiva15testns"|0x5602c7f8
18:25:29.0 (11053093)|STATEMENT_EXECUTE|[974]
18:25:29.0 (11113951)|VARIABLE_ASSIGNMENT|[EXTERNAL]|this|{"apiName":"PermissionSet_Test_t (6 more) ...","description":"This is for testing  (42 more) ...","id":"0PS36000000q71PGAQ","label":"PermissionSet_Test_t (12 more) ...","namespacePrefix":"shiva15testns"}|0x5602c7f8
18:25:29.0 (11122826)|VARIABLE_ASSIGNMENT|[EXTERNAL]|value|"10036000000eSpyAAE"
18:25:29.0 (11131413)|VARIABLE_ASSIGNMENT|[963]|this.userLicenseId|"10036000000eSpyAAE"|0x5602c7f8
18:25:29.0 (11138452)|STATEMENT_EXECUTE|[975]
18:25:29.0 (11206133)|VARIABLE_ASSIGNMENT|[EXTERNAL]|this|{"apiName":"PermissionSet_Test_t (6 more) ...","description":"This is for testing  (42 more) ...","id":"0PS36000000q71PGAQ","label":"PermissionSet_Test_t (12 more) ...","namespacePrefix":"shiva15testns","userLicenseId":"10036000000eSpyAAE"}|0x5602c7f8
18:25:29.0 (11216056)|VARIABLE_ASSIGNMENT|[EXTERNAL]|value|"2016-03-20 15:41:12"
18:25:29.0 (11224747)|VARIABLE_ASSIGNMENT|[965]|this.createdDate|"2016-03-20 15:41:12"|0x5602c7f8
18:25:29.0 (11239260)|CONSTRUCTOR_EXIT|[150]|01p36000005Jpvx|<init>(String,String,String,String,String,String,String)
18:25:29.0 (11262676)|VARIABLE_ASSIGNMENT|[150]|pSetObj|{"apiName":"PermissionSet_Test_t (6 more) ...","createdDate":"2016-03-20 15:41:12","description":"This is for testing  (42 more) ...","id":"0PS36000000q71PGAQ","label":"PermissionSet_Test_t (12 more) ...","namespacePrefix":"shiva15testns","userLicenseId":"10036000000eSpyAAE"}|0x5602c7f8
18:25:29.0 (11267349)|STATEMENT_EXECUTE|[151]
18:25:29.0 (11282573)|ENTERING_MANAGED_PKG|
18:25:29.0 (11307579)|HEAP_ALLOCATE|[EXTERNAL]|Bytes:4
18:25:29.0 (11323939)|HEAP_ALLOCATE|[148]|Bytes:5
18:25:29.0 (11336910)|VARIABLE_ASSIGNMENT|[148]|PSetName|null|
18:25:29.0 (11340456)|STATEMENT_EXECUTE|[155]
18:25:29.0 (11350740)|SYSTEM_MODE_EXIT|false
18:25:29.11 (11396215)|CUMULATIVE_LIMIT_USAGE
18:25:29.11 (11396215)|LIMIT_USAGE_FOR_NS|(default)|
  Number of SOQL queries: 0 out of 100
  Number of query rows: 0 out of 50000
  Number of SOSL queries: 0 out of 20
  Number of DML statements: 0 out of 150
  Number of DML rows: 0 out of 10000
  Maximum CPU time: 0 out of 10000
  Maximum heap size: 0 out of 6000000
  Number of callouts: 0 out of 100
  Number of Email Invocations: 0 out of 10
  Number of future calls: 0 out of 50
  Number of queueable jobs added to the queue: 0 out of 50
  Number of Mobile Apex push calls: 0 out of 10

18:25:29.11 (11396215)|LIMIT_USAGE_FOR_NS|shiva15testns|
  Number of SOQL queries: 1 out of 100
  Number of query rows: 37 out of 50000
  Number of SOSL queries: 0 out of 20
  Number of DML statements: 0 out of 150
  Number of DML rows: 0 out of 10000
  Maximum CPU time: 0 out of 10000
  Maximum heap size: 0 out of 6000000
  Number of callouts: 0 out of 100
  Number of Email Invocations: 0 out of 10
  Number of future calls: 0 out of 50
  Number of queueable jobs added to the queue: 0 out of 50
  Number of Mobile Apex push calls: 0 out of 10

18:25:29.11 (11396215)|CUMULATIVE_LIMIT_USAGE_END

18:25:29.0 (11440561)|CODE_UNIT_FINISHED|PermissionSetPortalControllers.getAllPermissionSets
18:25:29.0 (13161896)|EXECUTION_FINISHED
18:25:29.15 (15703092)|EXECUTION_STARTED
18:25:29.15 (15711639)|CODE_UNIT_STARTED|[EXTERNAL]|Aura
18:25:29.15 (15749520)|CODE_UNIT_FINISHED|Aura
18:25:29.15 (17157678)|EXECUTION_FINISHED
