36.0 APEX_CODE,FINEST;APEX_PROFILING,INFO;CALLOUT,INFO;DB,INFO;SYSTEM,DEBUG;VALIDATION,INFO;VISUALFORCE,INFO;WORKFLOW,INFO
18:18:27.0 (498739)|EXECUTION_STARTED
18:18:27.0 (530859)|CODE_UNIT_STARTED|[EXTERNAL]|01p36000005Jpvx|PermissionSetPortalControllers.getAllPermissionSets
18:18:27.0 (1426969)|VARIABLE_SCOPE_BEGIN|[3]|PermissionSetPortalControllers.AllPermissionSets|List<PermissionSet>|true|true
18:18:27.0 (1648063)|VARIABLE_SCOPE_BEGIN|[10]|PermissionSetPortalControllers.accountField|Set<String>|true|true
18:18:27.0 (1655389)|VARIABLE_SCOPE_BEGIN|[5]|PermissionSetPortalControllers.allObjectsOfOrg|List<shiva15testns.PermissionSetPortalControllers.ObjectDetailsClass>|true|true
18:18:27.0 (1661221)|VARIABLE_SCOPE_BEGIN|[9]|PermissionSetPortalControllers.contactsField|Set<String>|true|true
18:18:27.0 (1665859)|VARIABLE_SCOPE_BEGIN|[7]|PermissionSetPortalControllers.isNotSystemSObjectList|Set<String>|true|true
18:18:27.0 (1848412)|HEAP_ALLOCATE|[72]|Bytes:3
18:18:27.0 (1933441)|HEAP_ALLOCATE|[77]|Bytes:152
18:18:27.0 (1953859)|HEAP_ALLOCATE|[342]|Bytes:408
18:18:27.0 (1972782)|HEAP_ALLOCATE|[355]|Bytes:408
18:18:27.0 (1993163)|HEAP_ALLOCATE|[467]|Bytes:48
18:18:27.0 (2027170)|HEAP_ALLOCATE|[139]|Bytes:6
18:18:27.0 (2055038)|HEAP_ALLOCATE|[EXTERNAL]|Bytes:168
18:18:27.0 (2084862)|HEAP_ALLOCATE|[EXTERNAL]|Bytes:68
18:18:27.0 (2089528)|HEAP_ALLOCATE|[EXTERNAL]|Bytes:250
18:18:27.0 (2109529)|METHOD_ENTRY|[1]|01p36000005Jpvx|PermissionSetPortalControllers.PermissionSetPortalControllers()
18:18:27.0 (2114045)|STATEMENT_EXECUTE|[1]
18:18:27.0 (2119671)|STATEMENT_EXECUTE|[1]
18:18:27.0 (2153284)|HEAP_ALLOCATE|[50]|Bytes:5
18:18:27.0 (2179807)|HEAP_ALLOCATE|[56]|Bytes:5
18:18:27.0 (2188383)|HEAP_ALLOCATE|[64]|Bytes:7
18:18:27.0 (2213853)|SYSTEM_MODE_ENTER|false
18:18:27.0 (2233003)|HEAP_ALLOCATE|[9]|Bytes:5
18:18:27.0 (2237363)|STATEMENT_EXECUTE|[9]
18:18:27.0 (2244683)|HEAP_ALLOCATE|[9]|Bytes:4
18:18:27.0 (2296429)|ENTERING_MANAGED_PKG|
18:18:27.0 (2439609)|VARIABLE_ASSIGNMENT|[9]|PermissionSetPortalControllers.contactsField|{"s":1,"v":[]}|0x7a614f76
18:18:27.0 (2445269)|STATEMENT_EXECUTE|[10]
18:18:27.0 (2450912)|HEAP_ALLOCATE|[10]|Bytes:4
18:18:27.0 (2466011)|ENTERING_MANAGED_PKG|
18:18:27.0 (2502982)|VARIABLE_ASSIGNMENT|[10]|PermissionSetPortalControllers.accountField|{"s":1,"v":[]}|0x147de1e7
18:18:27.0 (2507259)|STATEMENT_EXECUTE|[954]
18:18:27.0 (2508734)|STATEMENT_EXECUTE|[983]
18:18:27.0 (2510063)|STATEMENT_EXECUTE|[1011]
18:18:27.0 (2511574)|STATEMENT_EXECUTE|[1040]
18:18:27.0 (2512784)|STATEMENT_EXECUTE|[1056]
18:18:27.0 (2513954)|STATEMENT_EXECUTE|[1073]
18:18:27.0 (2515042)|STATEMENT_EXECUTE|[1084]
18:18:27.0 (2516208)|STATEMENT_EXECUTE|[1089]
18:18:27.0 (2523664)|SYSTEM_MODE_EXIT|false
18:18:27.0 (2535853)|METHOD_EXIT|[1]|PermissionSetPortalControllers
18:18:27.0 (2547316)|SYSTEM_MODE_ENTER|false
18:18:27.0 (2562880)|HEAP_ALLOCATE|[147]|Bytes:5
18:18:27.0 (2566754)|STATEMENT_EXECUTE|[146]
18:18:27.0 (2568239)|STATEMENT_EXECUTE|[147]
18:18:27.0 (2569258)|STATEMENT_EXECUTE|[147]
18:18:27.0 (2570362)|STATEMENT_EXECUTE|[148]
18:18:27.0 (2573611)|HEAP_ALLOCATE|[148]|Bytes:99
18:18:27.0 (2585536)|HEAP_ALLOCATE|[148]|Bytes:4
18:18:27.0 (3816817)|SOQL_EXECUTE_BEGIN|[148]|Aggregations:0|SELECT Id, label, Name, Description, NamespacePrefix, UserLicenseId, CreatedDate FROM PermissionSet
18:18:27.0 (25680501)|SOQL_EXECUTE_END|[148]|Rows:37
18:18:27.0 (25723140)|HEAP_ALLOCATE|[148]|Bytes:152
18:18:27.0 (25833972)|HEAP_ALLOCATE|[148]|Bytes:6569
18:18:27.0 (25900806)|HEAP_ALLOCATE|[148]|Bytes:152
18:18:27.0 (25976983)|VARIABLE_ASSIGNMENT|[148]|PermissionSetPortalControllers.AllPermissionSets|{"s":1,"v":"List of size 37 too large to display"}|0xd651078
18:18:27.0 (26088513)|ENTERING_MANAGED_PKG|
18:18:27.0 (26143610)|STATEMENT_EXECUTE|[149]
18:18:27.0 (26146177)|STATEMENT_EXECUTE|[150]
18:18:27.0 (26297519)|VARIABLE_SCOPE_BEGIN|[150]|pSetObj|shiva15testns.PermissionSetPortalControllers.PermissionSetClass|true|false
18:18:27.0 (26311936)|VARIABLE_ASSIGNMENT|[150]|pSetObj|null|
18:18:27.0 (26314560)|STATEMENT_EXECUTE|[151]
18:18:27.0 (26324301)|HEAP_ALLOCATE|[151]|Bytes:4
18:18:27.0 (26375452)|ENTERING_MANAGED_PKG|
18:18:27.0 (26398293)|VARIABLE_SCOPE_BEGIN|[151]|permissionSetsLst|List<shiva15testns.PermissionSetPortalControllers.PermissionSetClass>|true|false
18:18:27.0 (26421989)|HEAP_ALLOCATE|[EXTERNAL]|Bytes:4
18:18:27.0 (26439413)|VARIABLE_ASSIGNMENT|[151]|permissionSetsLst|{"s":1,"v":[]}|0x3b482bb2
18:18:27.0 (26458910)|ENTERING_MANAGED_PKG|
18:18:27.0 (26800728)|HEAP_ALLOCATE|[152]|Bytes:5
18:18:27.0 (26894238)|HEAP_ALLOCATE|[152]|Bytes:28
18:18:27.0 (26911317)|VARIABLE_SCOPE_BEGIN|[152]|PSetName|PermissionSet|true|false
18:18:27.0 (26965216)|VARIABLE_ASSIGNMENT|[152]|PSetName|{"s":1,"v":{"Id":"0PS36000000mmnFGAQ","Label":"00e1a000000MWa8AAG","Name":"X00e1a000000MWa8AAG","NamespacePrefix":"shiva15testns","UserLicenseId":"10036000000eSpzAAE","CreatedDate":"2016-03-08T19:00:02.000Z"}}|0x4c9d6a43
18:18:27.0 (26970514)|STATEMENT_EXECUTE|[152]
18:18:27.0 (27008950)|HEAP_ALLOCATE|[153]|Bytes:3
18:18:27.0 (27050410)|ENTERING_MANAGED_PKG|
18:18:27.0 (27083162)|STATEMENT_EXECUTE|[153]
18:18:27.0 (27096224)|HEAP_ALLOCATE|[152]|Bytes:5
18:18:27.0 (27120643)|HEAP_ALLOCATE|[152]|Bytes:28
18:18:27.0 (27129159)|VARIABLE_SCOPE_BEGIN|[152]|PSetName|PermissionSet|true|false
18:18:27.0 (27155730)|VARIABLE_ASSIGNMENT|[152]|PSetName|{"s":1,"v":{"Id":"0PS36000000mmnGGAQ","Label":"00ex00000018ozl_128_ (10 more) ...","Name":"X00ex00000018ozl_128 (11 more) ...","NamespacePrefix":"shiva15testns","UserLicenseId":"10036000000eSpyAAE","CreatedDate":"2016-03-08T19:00:02.000Z"}}|0x732363e4
18:18:27.0 (27161466)|STATEMENT_EXECUTE|[152]
18:18:27.0 (27184748)|ENTERING_MANAGED_PKG|
18:18:27.0 (27194444)|STATEMENT_EXECUTE|[153]
18:18:27.0 (27205425)|HEAP_ALLOCATE|[152]|Bytes:5
18:18:27.0 (27227095)|HEAP_ALLOCATE|[152]|Bytes:28
18:18:27.0 (27234877)|VARIABLE_SCOPE_BEGIN|[152]|PSetName|PermissionSet|true|false
18:18:27.0 (27258172)|VARIABLE_ASSIGNMENT|[152]|PSetName|{"s":1,"v":{"Id":"0PS36000000mmnHGAQ","Label":"00ex00000018ozm_128_ (10 more) ...","Name":"X00ex00000018ozm_128 (11 more) ...","NamespacePrefix":"shiva15testns","UserLicenseId":"10036000000eSpyAAE","CreatedDate":"2016-03-08T19:00:02.000Z"}}|0xebf68e4
18:18:27.0 (27262705)|STATEMENT_EXECUTE|[152]
18:18:27.0 (27284417)|ENTERING_MANAGED_PKG|
18:18:27.0 (27293949)|STATEMENT_EXECUTE|[153]
18:18:27.0 (27304524)|HEAP_ALLOCATE|[152]|Bytes:5
18:18:27.0 (27325031)|HEAP_ALLOCATE|[152]|Bytes:28
18:18:27.0 (27332794)|VARIABLE_SCOPE_BEGIN|[152]|PSetName|PermissionSet|true|false
18:18:27.0 (27355698)|VARIABLE_ASSIGNMENT|[152]|PSetName|{"s":1,"v":{"Id":"0PS36000000mmnIGAQ","Label":"00ex00000018ozk_128_ (10 more) ...","Name":"X00ex00000018ozk_128 (11 more) ...","NamespacePrefix":"shiva15testns","UserLicenseId":"10036000000eSpyAAE","CreatedDate":"2016-03-08T19:00:02.000Z"}}|0xae2f6f7
18:18:27.0 (27360492)|STATEMENT_EXECUTE|[152]
18:18:27.0 (27381922)|ENTERING_MANAGED_PKG|
18:18:27.0 (27391390)|STATEMENT_EXECUTE|[153]
18:18:27.0 (27401984)|HEAP_ALLOCATE|[152]|Bytes:5
18:18:27.0 (27422066)|HEAP_ALLOCATE|[152]|Bytes:28
18:18:27.0 (27429723)|VARIABLE_SCOPE_BEGIN|[152]|PSetName|PermissionSet|true|false
18:18:27.0 (27452456)|VARIABLE_ASSIGNMENT|[152]|PSetName|{"s":1,"v":{"Id":"0PS36000000mmnJGAQ","Label":"00ex00000018ozj_128_ (10 more) ...","Name":"X00ex00000018ozj_128 (11 more) ...","NamespacePrefix":"shiva15testns","UserLicenseId":"10036000000eSpyAAE","CreatedDate":"2016-03-08T19:00:02.000Z"}}|0x2d8a4a9a
18:18:27.0 (27457086)|STATEMENT_EXECUTE|[152]
18:18:27.0 (27478185)|ENTERING_MANAGED_PKG|
18:18:27.0 (27487900)|STATEMENT_EXECUTE|[153]
18:18:27.0 (27498511)|HEAP_ALLOCATE|[152]|Bytes:5
18:18:27.0 (27518704)|HEAP_ALLOCATE|[152]|Bytes:28
18:18:27.0 (27526080)|VARIABLE_SCOPE_BEGIN|[152]|PSetName|PermissionSet|true|false
18:18:27.0 (27548439)|VARIABLE_ASSIGNMENT|[152]|PSetName|{"s":1,"v":{"Id":"0PS36000000mmnKGAQ","Label":"00ex00000018ozo_128_ (10 more) ...","Name":"X00ex00000018ozo_128 (11 more) ...","NamespacePrefix":"shiva15testns","UserLicenseId":"10036000000eSpyAAE","CreatedDate":"2016-03-08T19:00:02.000Z"}}|0x455e208c
18:18:27.0 (27552817)|STATEMENT_EXECUTE|[152]
18:18:27.0 (27573855)|ENTERING_MANAGED_PKG|
18:18:27.0 (27583122)|STATEMENT_EXECUTE|[153]
18:18:27.0 (27593671)|HEAP_ALLOCATE|[152]|Bytes:5
18:18:27.0 (27613789)|HEAP_ALLOCATE|[152]|Bytes:28
18:18:27.0 (27621113)|VARIABLE_SCOPE_BEGIN|[152]|PSetName|PermissionSet|true|false
18:18:27.0 (27642585)|VARIABLE_ASSIGNMENT|[152]|PSetName|{"s":1,"v":{"Id":"0PS36000000mmnLGAQ","Label":"00ex00000018ozh_128_ (10 more) ...","Name":"X00ex00000018ozh_128 (11 more) ...","NamespacePrefix":"shiva15testns","UserLicenseId":"10036000000eSpyAAE","CreatedDate":"2016-03-08T19:00:02.000Z"}}|0x3053988b
18:18:27.0 (27646719)|STATEMENT_EXECUTE|[152]
18:18:27.0 (27667945)|ENTERING_MANAGED_PKG|
18:18:27.0 (27677493)|STATEMENT_EXECUTE|[153]
18:18:27.0 (27688061)|HEAP_ALLOCATE|[152]|Bytes:5
18:18:27.0 (27708070)|HEAP_ALLOCATE|[152]|Bytes:28
18:18:27.0 (27715457)|VARIABLE_SCOPE_BEGIN|[152]|PSetName|PermissionSet|true|false
18:18:27.0 (27737306)|VARIABLE_ASSIGNMENT|[152]|PSetName|{"s":1,"v":{"Id":"0PS36000000mmnMGAQ","Label":"00ex00000018ozq_128_ (11 more) ...","Name":"X00ex00000018ozq_128 (12 more) ...","NamespacePrefix":"shiva15testns","UserLicenseId":"10036000000eSpyAAE","CreatedDate":"2016-03-08T19:00:02.000Z"}}|0x2d1b9538
18:18:27.0 (27741948)|STATEMENT_EXECUTE|[152]
18:18:27.0 (27762615)|ENTERING_MANAGED_PKG|
18:18:27.0 (27772024)|STATEMENT_EXECUTE|[153]
18:18:27.0 (27782347)|HEAP_ALLOCATE|[152]|Bytes:5
18:18:27.0 (27802309)|HEAP_ALLOCATE|[152]|Bytes:28
18:18:27.0 (27809768)|VARIABLE_SCOPE_BEGIN|[152]|PSetName|PermissionSet|true|false
18:18:27.0 (27831529)|VARIABLE_ASSIGNMENT|[152]|PSetName|{"s":1,"v":{"Id":"0PS36000000mmnNGAQ","Label":"00ex00000018ozp_128_ (10 more) ...","Name":"X00ex00000018ozp_128 (11 more) ...","NamespacePrefix":"shiva15testns","UserLicenseId":"10036000000eSpyAAE","CreatedDate":"2016-03-08T19:00:02.000Z"}}|0x523ac49b
18:18:27.0 (27836178)|STATEMENT_EXECUTE|[152]
18:18:27.0 (27856967)|ENTERING_MANAGED_PKG|
18:18:27.0 (27866314)|STATEMENT_EXECUTE|[153]
18:18:27.0 (27881548)|HEAP_ALLOCATE|[152]|Bytes:5
18:18:27.0 (27902563)|HEAP_ALLOCATE|[152]|Bytes:28
18:18:27.0 (27910269)|VARIABLE_SCOPE_BEGIN|[152]|PSetName|PermissionSet|true|false
18:18:27.0 (27932204)|VARIABLE_ASSIGNMENT|[152]|PSetName|{"s":1,"v":{"Id":"0PS36000000mmnOGAQ","Label":"00ex00000018ozn_128_ (10 more) ...","Name":"X00ex00000018ozn_128 (11 more) ...","NamespacePrefix":"shiva15testns","UserLicenseId":"10036000000eSpyAAE","CreatedDate":"2016-03-08T19:00:02.000Z"}}|0x66d4d410
18:18:27.0 (27936846)|STATEMENT_EXECUTE|[152]
18:18:27.0 (27957918)|ENTERING_MANAGED_PKG|
18:18:27.0 (27967356)|STATEMENT_EXECUTE|[153]
18:18:27.0 (27977783)|HEAP_ALLOCATE|[152]|Bytes:5
18:18:27.0 (27997654)|HEAP_ALLOCATE|[152]|Bytes:28
18:18:27.0 (28005572)|VARIABLE_SCOPE_BEGIN|[152]|PSetName|PermissionSet|true|false
18:18:27.0 (28028086)|VARIABLE_ASSIGNMENT|[152]|PSetName|{"s":1,"v":{"Id":"0PS36000000mmnPGAQ","Label":"00e1a000000MWa9AAG","Name":"X00e1a000000MWa9AAG","NamespacePrefix":"shiva15testns","UserLicenseId":"10036000000eSq0AAE","CreatedDate":"2016-03-08T19:00:02.000Z"}}|0x4a6f9f81
18:18:27.0 (28032324)|STATEMENT_EXECUTE|[152]
18:18:27.0 (28053416)|ENTERING_MANAGED_PKG|
18:18:27.0 (28062693)|STATEMENT_EXECUTE|[153]
18:18:27.0 (28073270)|HEAP_ALLOCATE|[152]|Bytes:5
18:18:27.0 (28093562)|HEAP_ALLOCATE|[152]|Bytes:28
18:18:27.0 (28101037)|VARIABLE_SCOPE_BEGIN|[152]|PSetName|PermissionSet|true|false
18:18:27.0 (28121871)|VARIABLE_ASSIGNMENT|[152]|PSetName|{"s":1,"v":{"Id":"0PS36000000mmnQGAQ","Label":"00e1a000000MWaBAAW","Name":"X00e1a000000MWaBAAW","NamespacePrefix":"shiva15testns","UserLicenseId":"10036000000eSq2AAE","CreatedDate":"2016-03-08T19:00:02.000Z"}}|0x3bac61a1
18:18:27.0 (28126029)|STATEMENT_EXECUTE|[152]
18:18:27.0 (28146809)|ENTERING_MANAGED_PKG|
18:18:27.0 (28156451)|STATEMENT_EXECUTE|[153]
18:18:27.0 (28166843)|HEAP_ALLOCATE|[152]|Bytes:5
18:18:27.0 (28186756)|HEAP_ALLOCATE|[152]|Bytes:28
18:18:27.0 (28194242)|VARIABLE_SCOPE_BEGIN|[152]|PSetName|PermissionSet|true|false
18:18:27.0 (28214970)|VARIABLE_ASSIGNMENT|[152]|PSetName|{"s":1,"v":{"Id":"0PS36000000mmnRGAQ","Label":"00e1a000000MWaCAAW","Name":"X00e1a000000MWaCAAW","NamespacePrefix":"shiva15testns","UserLicenseId":"10036000000eSq3AAE","CreatedDate":"2016-03-08T19:00:02.000Z"}}|0x3f367453
18:18:27.0 (28219114)|STATEMENT_EXECUTE|[152]
18:18:27.0 (28239924)|ENTERING_MANAGED_PKG|
18:18:27.0 (28249300)|STATEMENT_EXECUTE|[153]
18:18:27.0 (28259658)|HEAP_ALLOCATE|[152]|Bytes:5
18:18:27.0 (28279494)|HEAP_ALLOCATE|[152]|Bytes:28
18:18:27.0 (28286797)|VARIABLE_SCOPE_BEGIN|[152]|PSetName|PermissionSet|true|false
18:18:27.0 (28307497)|VARIABLE_ASSIGNMENT|[152]|PSetName|{"s":1,"v":{"Id":"0PS36000000mmnSGAQ","Label":"00e1a000000MWaDAAW","Name":"X00e1a000000MWaDAAW","NamespacePrefix":"shiva15testns","UserLicenseId":"10036000000eSq4AAE","CreatedDate":"2016-03-08T19:00:02.000Z"}}|0x7f0253f1
18:18:27.0 (28312020)|STATEMENT_EXECUTE|[152]
18:18:27.0 (28333131)|ENTERING_MANAGED_PKG|
18:18:27.0 (28342404)|STATEMENT_EXECUTE|[153]
18:18:27.0 (28352795)|HEAP_ALLOCATE|[152]|Bytes:5
18:18:27.0 (28372722)|HEAP_ALLOCATE|[152]|Bytes:28
18:18:27.0 (28380019)|VARIABLE_SCOPE_BEGIN|[152]|PSetName|PermissionSet|true|false
18:18:27.0 (28400642)|VARIABLE_ASSIGNMENT|[152]|PSetName|{"s":1,"v":{"Id":"0PS36000000mmnTGAQ","Label":"00e1a000000MWaEAAW","Name":"X00e1a000000MWaEAAW","NamespacePrefix":"shiva15testns","UserLicenseId":"10036000000eSq5AAE","CreatedDate":"2016-03-08T19:00:02.000Z"}}|0x49275807
18:18:27.0 (28404733)|STATEMENT_EXECUTE|[152]
18:18:27.0 (28425535)|ENTERING_MANAGED_PKG|
18:18:27.0 (28434865)|STATEMENT_EXECUTE|[153]
18:18:27.0 (28445204)|HEAP_ALLOCATE|[152]|Bytes:5
18:18:27.0 (28465209)|HEAP_ALLOCATE|[152]|Bytes:28
18:18:27.0 (28472608)|VARIABLE_SCOPE_BEGIN|[152]|PSetName|PermissionSet|true|false
18:18:27.0 (28493716)|VARIABLE_ASSIGNMENT|[152]|PSetName|{"s":1,"v":{"Id":"0PS36000000mmnUGAQ","Label":"00e1a000000MWaFAAW","Name":"X00e1a000000MWaFAAW","NamespacePrefix":"shiva15testns","UserLicenseId":"10036000000eSq6AAE","CreatedDate":"2016-03-08T19:00:02.000Z"}}|0x115e89eb
18:18:27.0 (28498026)|STATEMENT_EXECUTE|[152]
18:18:27.0 (28519056)|ENTERING_MANAGED_PKG|
18:18:27.0 (28528509)|STATEMENT_EXECUTE|[153]
18:18:27.0 (28538922)|HEAP_ALLOCATE|[152]|Bytes:5
18:18:27.0 (28558839)|HEAP_ALLOCATE|[152]|Bytes:28
18:18:27.0 (28566209)|VARIABLE_SCOPE_BEGIN|[152]|PSetName|PermissionSet|true|false
18:18:27.0 (28586772)|VARIABLE_ASSIGNMENT|[152]|PSetName|{"s":1,"v":{"Id":"0PS36000000mmnVGAQ","Label":"00e1a000000MWaGAAW","Name":"X00e1a000000MWaGAAW","NamespacePrefix":"shiva15testns","UserLicenseId":"10036000000eSq7AAE","CreatedDate":"2016-03-08T19:00:02.000Z"}}|0x1d46f37f
18:18:27.0 (28590785)|STATEMENT_EXECUTE|[152]
18:18:27.0 (28611747)|ENTERING_MANAGED_PKG|
18:18:27.0 (28621138)|STATEMENT_EXECUTE|[153]
18:18:27.0 (28631416)|HEAP_ALLOCATE|[152]|Bytes:5
18:18:27.0 (28651586)|HEAP_ALLOCATE|[152]|Bytes:28
18:18:27.0 (28658969)|VARIABLE_SCOPE_BEGIN|[152]|PSetName|PermissionSet|true|false
18:18:27.0 (28679656)|VARIABLE_ASSIGNMENT|[152]|PSetName|{"s":1,"v":{"Id":"0PS36000000mmnWGAQ","Label":"00e1a000000MWaHAAW","Name":"X00e1a000000MWaHAAW","NamespacePrefix":"shiva15testns","UserLicenseId":"10036000000eSq8AAE","CreatedDate":"2016-03-08T19:00:02.000Z"}}|0x70b6a6fd
18:18:27.0 (28683936)|STATEMENT_EXECUTE|[152]
18:18:27.0 (28704935)|ENTERING_MANAGED_PKG|
18:18:27.0 (28714164)|STATEMENT_EXECUTE|[153]
18:18:27.0 (28724542)|HEAP_ALLOCATE|[152]|Bytes:5
18:18:27.0 (28744455)|HEAP_ALLOCATE|[152]|Bytes:28
18:18:27.0 (28751956)|VARIABLE_SCOPE_BEGIN|[152]|PSetName|PermissionSet|true|false
18:18:27.0 (28772573)|VARIABLE_ASSIGNMENT|[152]|PSetName|{"s":1,"v":{"Id":"0PS36000000mmnXGAQ","Label":"00e1a000000MWaIAAW","Name":"X00e1a000000MWaIAAW","NamespacePrefix":"shiva15testns","UserLicenseId":"10036000000eSq9AAE","CreatedDate":"2016-03-08T19:00:02.000Z"}}|0x3a23f8c
18:18:27.0 (28777146)|STATEMENT_EXECUTE|[152]
18:18:27.0 (28798264)|ENTERING_MANAGED_PKG|
18:18:27.0 (28807535)|STATEMENT_EXECUTE|[153]
18:18:27.0 (28818130)|HEAP_ALLOCATE|[152]|Bytes:5
18:18:27.0 (28838079)|HEAP_ALLOCATE|[152]|Bytes:28
18:18:27.0 (28845432)|VARIABLE_SCOPE_BEGIN|[152]|PSetName|PermissionSet|true|false
18:18:27.0 (28866220)|VARIABLE_ASSIGNMENT|[152]|PSetName|{"s":1,"v":{"Id":"0PS36000000mmnYGAQ","Label":"00e1a000000MWaJAAW","Name":"X00e1a000000MWaJAAW","NamespacePrefix":"shiva15testns","UserLicenseId":"10036000000eSqAAAU","CreatedDate":"2016-03-08T19:00:02.000Z"}}|0x6656ffc2
18:18:27.0 (28870453)|STATEMENT_EXECUTE|[152]
18:18:27.0 (28895300)|ENTERING_MANAGED_PKG|
18:18:27.0 (28904819)|STATEMENT_EXECUTE|[153]
18:18:27.0 (28915309)|HEAP_ALLOCATE|[152]|Bytes:5
18:18:27.0 (28935546)|HEAP_ALLOCATE|[152]|Bytes:28
18:18:27.0 (28943264)|VARIABLE_SCOPE_BEGIN|[152]|PSetName|PermissionSet|true|false
18:18:27.0 (28963822)|VARIABLE_ASSIGNMENT|[152]|PSetName|{"s":1,"v":{"Id":"0PS36000000mmnZGAQ","Label":"00e1a000000MWaKAAW","Name":"X00e1a000000MWaKAAW","NamespacePrefix":"shiva15testns","UserLicenseId":"10036000000eSqBAAU","CreatedDate":"2016-03-08T19:00:02.000Z"}}|0x4c21357c
18:18:27.0 (28968121)|STATEMENT_EXECUTE|[152]
18:18:27.0 (28989076)|ENTERING_MANAGED_PKG|
18:18:27.0 (28998263)|STATEMENT_EXECUTE|[153]
18:18:27.0 (29008633)|HEAP_ALLOCATE|[152]|Bytes:5
18:18:27.0 (29029744)|HEAP_ALLOCATE|[152]|Bytes:28
18:18:27.0 (29037120)|VARIABLE_SCOPE_BEGIN|[152]|PSetName|PermissionSet|true|false
18:18:27.0 (29057698)|VARIABLE_ASSIGNMENT|[152]|PSetName|{"s":1,"v":{"Id":"0PS36000000mmnaGAA","Label":"00e1a000000MWaLAAW","Name":"X00e1a000000MWaLAAW","NamespacePrefix":"shiva15testns","UserLicenseId":"10036000000eSqCAAU","CreatedDate":"2016-03-08T19:00:02.000Z"}}|0x9e5f34b
18:18:27.0 (29061735)|STATEMENT_EXECUTE|[152]
18:18:27.0 (29082636)|ENTERING_MANAGED_PKG|
18:18:27.0 (29091899)|STATEMENT_EXECUTE|[153]
18:18:27.0 (29102271)|HEAP_ALLOCATE|[152]|Bytes:5
18:18:27.0 (29122323)|HEAP_ALLOCATE|[152]|Bytes:28
18:18:27.0 (29130164)|VARIABLE_SCOPE_BEGIN|[152]|PSetName|PermissionSet|true|false
18:18:27.0 (29150635)|VARIABLE_ASSIGNMENT|[152]|PSetName|{"s":1,"v":{"Id":"0PS36000000mmnbGAA","Label":"00e1a000000MWaMAAW","Name":"X00e1a000000MWaMAAW","NamespacePrefix":"shiva15testns","UserLicenseId":"10036000000eSqDAAU","CreatedDate":"2016-03-08T19:00:02.000Z"}}|0x1ba9f3a4
18:18:27.0 (29154767)|STATEMENT_EXECUTE|[152]
18:18:27.0 (29175392)|ENTERING_MANAGED_PKG|
18:18:27.0 (29184637)|STATEMENT_EXECUTE|[153]
18:18:27.0 (29194983)|HEAP_ALLOCATE|[152]|Bytes:5
18:18:27.0 (29214917)|HEAP_ALLOCATE|[152]|Bytes:28
18:18:27.0 (29222279)|VARIABLE_SCOPE_BEGIN|[152]|PSetName|PermissionSet|true|false
18:18:27.0 (29242768)|VARIABLE_ASSIGNMENT|[152]|PSetName|{"s":1,"v":{"Id":"0PS36000000mmncGAA","Label":"00e1a000000MWaNAAW","Name":"X00e1a000000MWaNAAW","NamespacePrefix":"shiva15testns","UserLicenseId":"10036000000eSqEAAU","CreatedDate":"2016-03-08T19:00:02.000Z"}}|0x4a50b7fc
18:18:27.0 (29246959)|STATEMENT_EXECUTE|[152]
18:18:27.0 (29267579)|ENTERING_MANAGED_PKG|
18:18:27.0 (29277270)|STATEMENT_EXECUTE|[153]
18:18:27.0 (29287613)|HEAP_ALLOCATE|[152]|Bytes:5
18:18:27.0 (29307467)|HEAP_ALLOCATE|[152]|Bytes:28
18:18:27.0 (29314841)|VARIABLE_SCOPE_BEGIN|[152]|PSetName|PermissionSet|true|false
18:18:27.0 (29335357)|VARIABLE_ASSIGNMENT|[152]|PSetName|{"s":1,"v":{"Id":"0PS36000000mmndGAA","Label":"00e1a000000MWaOAAW","Name":"X00e1a000000MWaOAAW","NamespacePrefix":"shiva15testns","UserLicenseId":"10036000000eSqFAAU","CreatedDate":"2016-03-08T19:00:02.000Z"}}|0xf9fe11f
18:18:27.0 (29339545)|STATEMENT_EXECUTE|[152]
18:18:27.0 (29360234)|ENTERING_MANAGED_PKG|
18:18:27.0 (29369479)|STATEMENT_EXECUTE|[153]
18:18:27.0 (29379885)|HEAP_ALLOCATE|[152]|Bytes:5
18:18:27.0 (29399591)|HEAP_ALLOCATE|[152]|Bytes:28
18:18:27.0 (29406891)|VARIABLE_SCOPE_BEGIN|[152]|PSetName|PermissionSet|true|false
18:18:27.0 (29427363)|VARIABLE_ASSIGNMENT|[152]|PSetName|{"s":1,"v":{"Id":"0PS36000000mmneGAA","Label":"00e1a000000MWaPAAW","Name":"X00e1a000000MWaPAAW","NamespacePrefix":"shiva15testns","UserLicenseId":"10036000000eSqGAAU","CreatedDate":"2016-03-08T19:00:02.000Z"}}|0x29c6340c
18:18:27.0 (29431529)|STATEMENT_EXECUTE|[152]
18:18:27.0 (29452258)|ENTERING_MANAGED_PKG|
18:18:27.0 (29461538)|STATEMENT_EXECUTE|[153]
18:18:27.0 (29471969)|HEAP_ALLOCATE|[152]|Bytes:5
18:18:27.0 (29492175)|HEAP_ALLOCATE|[152]|Bytes:28
18:18:27.0 (29499537)|VARIABLE_SCOPE_BEGIN|[152]|PSetName|PermissionSet|true|false
18:18:27.0 (29520091)|VARIABLE_ASSIGNMENT|[152]|PSetName|{"s":1,"v":{"Id":"0PS36000000mmnfGAA","Label":"00e1a000000MWaQAAW","Name":"X00e1a000000MWaQAAW","NamespacePrefix":"shiva15testns","UserLicenseId":"10036000000eSqHAAU","CreatedDate":"2016-03-08T19:00:02.000Z"}}|0x7da6d643
18:18:27.0 (29524299)|STATEMENT_EXECUTE|[152]
18:18:27.0 (29545333)|ENTERING_MANAGED_PKG|
18:18:27.0 (29554530)|STATEMENT_EXECUTE|[153]
18:18:27.0 (29564977)|HEAP_ALLOCATE|[152]|Bytes:5
18:18:27.0 (29584822)|HEAP_ALLOCATE|[152]|Bytes:28
18:18:27.0 (29592159)|VARIABLE_SCOPE_BEGIN|[152]|PSetName|PermissionSet|true|false
18:18:27.0 (29613094)|VARIABLE_ASSIGNMENT|[152]|PSetName|{"s":1,"v":{"Id":"0PS36000000mmngGAA","Label":"00e1a000000MWaRAAW","Name":"X00e1a000000MWaRAAW","NamespacePrefix":"shiva15testns","UserLicenseId":"10036000000eSqIAAU","CreatedDate":"2016-03-08T19:00:02.000Z"}}|0x3286615c
18:18:27.0 (29617208)|STATEMENT_EXECUTE|[152]
18:18:27.0 (29638169)|ENTERING_MANAGED_PKG|
18:18:27.0 (29647367)|STATEMENT_EXECUTE|[153]
18:18:27.0 (29657732)|HEAP_ALLOCATE|[152]|Bytes:5
18:18:27.0 (29677482)|HEAP_ALLOCATE|[152]|Bytes:28
18:18:27.0 (29684832)|VARIABLE_SCOPE_BEGIN|[152]|PSetName|PermissionSet|true|false
18:18:27.0 (29705258)|VARIABLE_ASSIGNMENT|[152]|PSetName|{"s":1,"v":{"Id":"0PS36000000mmnhGAA","Label":"00e1a000000MWaSAAW","Name":"X00e1a000000MWaSAAW","NamespacePrefix":"shiva15testns","UserLicenseId":"10036000000eSqJAAU","CreatedDate":"2016-03-08T19:00:02.000Z"}}|0x42e1f90a
18:18:27.0 (29709425)|STATEMENT_EXECUTE|[152]
18:18:27.0 (29730256)|ENTERING_MANAGED_PKG|
18:18:27.0 (29739529)|STATEMENT_EXECUTE|[153]
18:18:27.0 (29750251)|HEAP_ALLOCATE|[152]|Bytes:5
18:18:27.0 (29770122)|HEAP_ALLOCATE|[152]|Bytes:28
18:18:27.0 (29777387)|VARIABLE_SCOPE_BEGIN|[152]|PSetName|PermissionSet|true|false
18:18:27.0 (29797936)|VARIABLE_ASSIGNMENT|[152]|PSetName|{"s":1,"v":{"Id":"0PS36000000mmniGAA","Label":"00e1a000000MWaTAAW","Name":"X00e1a000000MWaTAAW","NamespacePrefix":"shiva15testns","UserLicenseId":"10036000000eSqJAAU","CreatedDate":"2016-03-08T19:00:02.000Z"}}|0x5a9fc30e
18:18:27.0 (29802212)|STATEMENT_EXECUTE|[152]
18:18:27.0 (29822799)|ENTERING_MANAGED_PKG|
18:18:27.0 (29832011)|STATEMENT_EXECUTE|[153]
18:18:27.0 (29842363)|HEAP_ALLOCATE|[152]|Bytes:5
18:18:27.0 (29862425)|HEAP_ALLOCATE|[152]|Bytes:28
18:18:27.0 (29869944)|VARIABLE_SCOPE_BEGIN|[152]|PSetName|PermissionSet|true|false
18:18:27.0 (29893736)|VARIABLE_ASSIGNMENT|[152]|PSetName|{"s":1,"v":{"Id":"0PS36000000mmnjGAA","Label":"00e1a000000MWaUAAW","Name":"X00e1a000000MWaUAAW","NamespacePrefix":"shiva15testns","UserLicenseId":"10036000000eSqKAAU","CreatedDate":"2016-03-08T19:00:02.000Z"}}|0x11c012d0
18:18:27.0 (29898207)|STATEMENT_EXECUTE|[152]
18:18:27.0 (29919494)|ENTERING_MANAGED_PKG|
18:18:27.0 (29928857)|STATEMENT_EXECUTE|[153]
18:18:27.0 (29939335)|HEAP_ALLOCATE|[152]|Bytes:5
18:18:27.0 (29959540)|HEAP_ALLOCATE|[152]|Bytes:28
18:18:27.0 (29966934)|VARIABLE_SCOPE_BEGIN|[152]|PSetName|PermissionSet|true|false
18:18:27.0 (29987742)|VARIABLE_ASSIGNMENT|[152]|PSetName|{"s":1,"v":{"Id":"0PS36000000mmnlGAA","Label":"00e1a000000N1LRAA0","Name":"X00e1a000000N1LRAA0","NamespacePrefix":"shiva15testns","UserLicenseId":"10036000000eSqLAAU","CreatedDate":"2016-03-08T19:00:02.000Z"}}|0x10cd1d35
18:18:27.0 (29991594)|STATEMENT_EXECUTE|[152]
18:18:27.0 (30012381)|ENTERING_MANAGED_PKG|
18:18:27.0 (30022503)|STATEMENT_EXECUTE|[153]
18:18:27.0 (30032902)|HEAP_ALLOCATE|[152]|Bytes:5
18:18:27.0 (30052790)|HEAP_ALLOCATE|[152]|Bytes:28
18:18:27.0 (30060175)|VARIABLE_SCOPE_BEGIN|[152]|PSetName|PermissionSet|true|false
18:18:27.0 (30080908)|VARIABLE_ASSIGNMENT|[152]|PSetName|{"s":1,"v":{"Id":"0PS36000000mmnmGAA","Label":"00e1a000000N1LSAA0","Name":"X00e1a000000N1LSAA0","NamespacePrefix":"shiva15testns","UserLicenseId":"10036000000eSqMAAU","CreatedDate":"2016-03-08T19:00:02.000Z"}}|0x5da98f8f
18:18:27.0 (30085456)|STATEMENT_EXECUTE|[152]
18:18:27.0 (30106506)|ENTERING_MANAGED_PKG|
18:18:27.0 (30115916)|STATEMENT_EXECUTE|[153]
18:18:27.0 (30126290)|HEAP_ALLOCATE|[152]|Bytes:5
18:18:27.0 (30146343)|HEAP_ALLOCATE|[152]|Bytes:28
18:18:27.0 (30153716)|VARIABLE_SCOPE_BEGIN|[152]|PSetName|PermissionSet|true|false
18:18:27.0 (30174134)|VARIABLE_ASSIGNMENT|[152]|PSetName|{"s":1,"v":{"Id":"0PS36000000mmnnGAA","Label":"00e1a000000N1wKAAS","Name":"X00e1a000000N1wKAAS","NamespacePrefix":"shiva15testns","UserLicenseId":"10036000000eSqNAAU","CreatedDate":"2016-03-08T19:00:02.000Z"}}|0x798aa087
18:18:27.0 (30178141)|STATEMENT_EXECUTE|[152]
18:18:27.0 (30198970)|ENTERING_MANAGED_PKG|
18:18:27.0 (30208306)|STATEMENT_EXECUTE|[153]
18:18:27.0 (30218679)|HEAP_ALLOCATE|[152]|Bytes:5
18:18:27.0 (30238558)|HEAP_ALLOCATE|[152]|Bytes:28
18:18:27.0 (30246385)|VARIABLE_SCOPE_BEGIN|[152]|PSetName|PermissionSet|true|false
18:18:27.0 (30266980)|VARIABLE_ASSIGNMENT|[152]|PSetName|{"s":1,"v":{"Id":"0PS36000000mmnoGAA","Label":"00e1a000000N1wLAAS","Name":"X00e1a000000N1wLAAS","NamespacePrefix":"shiva15testns","UserLicenseId":"10036000000eSqNAAU","CreatedDate":"2016-03-08T19:00:02.000Z"}}|0x68cd6bf4
18:18:27.0 (30270911)|STATEMENT_EXECUTE|[152]
18:18:27.0 (30291707)|ENTERING_MANAGED_PKG|
18:18:27.0 (30300980)|STATEMENT_EXECUTE|[153]
18:18:27.0 (30311310)|HEAP_ALLOCATE|[152]|Bytes:5
18:18:27.0 (30331308)|HEAP_ALLOCATE|[152]|Bytes:28
18:18:27.0 (30338747)|VARIABLE_SCOPE_BEGIN|[152]|PSetName|PermissionSet|true|false
18:18:27.0 (30359438)|VARIABLE_ASSIGNMENT|[152]|PSetName|{"s":1,"v":{"Id":"0PS36000000mmnqGAA","Label":"00e1a000000MWaAAAW","Name":"X00e1a000000MWaAAAW","NamespacePrefix":"shiva15testns","UserLicenseId":"10036000000eSq1AAE","CreatedDate":"2016-03-08T19:00:02.000Z"}}|0x1011f76d
18:18:27.0 (30366468)|STATEMENT_EXECUTE|[152]
18:18:27.0 (30388240)|ENTERING_MANAGED_PKG|
18:18:27.0 (30397679)|STATEMENT_EXECUTE|[153]
18:18:27.0 (30408104)|HEAP_ALLOCATE|[152]|Bytes:5
18:18:27.0 (30428313)|HEAP_ALLOCATE|[152]|Bytes:32
18:18:27.0 (30435696)|VARIABLE_SCOPE_BEGIN|[152]|PSetName|PermissionSet|true|false
18:18:27.0 (30459791)|VARIABLE_ASSIGNMENT|[152]|PSetName|{"s":1,"v":{"Id":"0PS36000000q71PGAQ","Label":"PermissionSet_Test_t (12 more) ...","Name":"PermissionSet_Test_t (6 more) ...","Description":"This is for testing  (42 more) ...","NamespacePrefix":"shiva15testns","UserLicenseId":"10036000000eSpyAAE","CreatedDate":"2016-03-20T22:41:12.000Z"}}|0x155c717
18:18:27.0 (30464308)|STATEMENT_EXECUTE|[152]
18:18:27.0 (30485431)|ENTERING_MANAGED_PKG|
18:18:27.0 (30495381)|STATEMENT_EXECUTE|[153]
18:18:27.0 (30497039)|STATEMENT_EXECUTE|[154]
18:18:27.0 (30506366)|HEAP_ALLOCATE|[154]|Bytes:240
18:18:27.0 (30512258)|HEAP_ALLOCATE|[154]|Bytes:31
18:18:27.0 (30537861)|HEAP_ALLOCATE|[154]|Bytes:32
18:18:27.0 (30591191)|ENTERING_MANAGED_PKG|
18:18:27.0 (30619162)|HEAP_ALLOCATE|[154]|Bytes:18
18:18:27.0 (30677227)|ENTERING_MANAGED_PKG|
18:18:27.0 (30681736)|HEAP_ALLOCATE|[154]|Bytes:18
18:18:27.0 (30723776)|ENTERING_MANAGED_PKG|
18:18:27.0 (30769799)|HEAP_ALLOCATE|[154]|Bytes:19
18:18:27.0 (30821009)|CONSTRUCTOR_ENTRY|[154]|01p36000005Jpvx|<init>(String,String,String,String,String,String,String)
18:18:27.0 (30849002)|VARIABLE_SCOPE_BEGIN|[971]|this|shiva15testns.PermissionSetPortalControllers.PermissionSetClass|true|false
18:18:27.0 (30950356)|VARIABLE_ASSIGNMENT|[971]|this|{}|0x628e96b6
18:18:27.0 (30956736)|VARIABLE_SCOPE_BEGIN|[971]|label|String|false|false
18:18:27.0 (30963915)|VARIABLE_ASSIGNMENT|[971]|label|"PermissionSet_Test_t (12 more) ..."
18:18:27.0 (30966606)|VARIABLE_SCOPE_BEGIN|[971]|apiName|String|false|false
18:18:27.0 (30970530)|VARIABLE_ASSIGNMENT|[971]|apiName|"PermissionSet_Test_t (6 more) ..."
18:18:27.0 (30972881)|VARIABLE_SCOPE_BEGIN|[971]|id|String|false|false
18:18:27.0 (30976145)|VARIABLE_ASSIGNMENT|[971]|id|"0PS36000000q71PGAQ"
18:18:27.0 (30978287)|VARIABLE_SCOPE_BEGIN|[971]|description|String|false|false
18:18:27.0 (30981957)|VARIABLE_ASSIGNMENT|[971]|description|"This is for testing  (42 more) ..."
18:18:27.0 (30984386)|VARIABLE_SCOPE_BEGIN|[971]|namespacePrefix|String|false|false
18:18:27.0 (30987374)|VARIABLE_ASSIGNMENT|[971]|namespacePrefix|"shiva15testns"
18:18:27.0 (30989392)|VARIABLE_SCOPE_BEGIN|[971]|userLicenseId|String|false|false
18:18:27.0 (30992419)|VARIABLE_ASSIGNMENT|[971]|userLicenseId|"10036000000eSpyAAE"
18:18:27.0 (30994545)|VARIABLE_SCOPE_BEGIN|[971]|createdDate|String|false|false
18:18:27.0 (30997584)|VARIABLE_ASSIGNMENT|[971]|createdDate|"2016-03-20 15:41:12"
18:18:27.0 (31001383)|STATEMENT_EXECUTE|[954]
18:18:27.0 (31003593)|STATEMENT_EXECUTE|[957]
18:18:27.0 (31005137)|STATEMENT_EXECUTE|[959]
18:18:27.0 (31006446)|STATEMENT_EXECUTE|[961]
18:18:27.0 (31007728)|STATEMENT_EXECUTE|[963]
18:18:27.0 (31008857)|STATEMENT_EXECUTE|[965]
18:18:27.0 (31009856)|STATEMENT_EXECUTE|[967]
18:18:27.0 (31010925)|STATEMENT_EXECUTE|[969]
18:18:27.0 (31021137)|HEAP_ALLOCATE|[973]|Bytes:6
18:18:27.0 (31058724)|STATEMENT_EXECUTE|[972]
18:18:27.0 (31060581)|STATEMENT_EXECUTE|[973]
18:18:27.0 (31152853)|VARIABLE_ASSIGNMENT|[EXTERNAL]|this|{}|0x628e96b6
18:18:27.0 (31161880)|VARIABLE_ASSIGNMENT|[EXTERNAL]|value|"PermissionSet_Test_t (12 more) ..."
18:18:27.0 (31177691)|VARIABLE_ASSIGNMENT|[957]|this.label|"PermissionSet_Test_t (12 more) ..."|0x628e96b6
18:18:27.0 (31186621)|STATEMENT_EXECUTE|[974]
18:18:27.0 (31241465)|VARIABLE_ASSIGNMENT|[EXTERNAL]|this|{"label":"PermissionSet_Test_t (12 more) ..."}|0x628e96b6
18:18:27.0 (31249411)|VARIABLE_ASSIGNMENT|[EXTERNAL]|value|"PermissionSet_Test_t (6 more) ..."
18:18:27.0 (31259006)|VARIABLE_ASSIGNMENT|[959]|this.apiName|"PermissionSet_Test_t (6 more) ..."|0x628e96b6
18:18:27.0 (31266734)|STATEMENT_EXECUTE|[975]
18:18:27.0 (31320487)|VARIABLE_ASSIGNMENT|[EXTERNAL]|this|{"apiName":"PermissionSet_Test_t (6 more) ...","label":"PermissionSet_Test_t (12 more) ..."}|0x628e96b6
18:18:27.0 (31327983)|VARIABLE_ASSIGNMENT|[EXTERNAL]|value|"0PS36000000q71PGAQ"
18:18:27.0 (31336941)|VARIABLE_ASSIGNMENT|[961]|this.id|"0PS36000000q71PGAQ"|0x628e96b6
18:18:27.0 (31344546)|STATEMENT_EXECUTE|[976]
18:18:27.0 (31399566)|VARIABLE_ASSIGNMENT|[EXTERNAL]|this|{"apiName":"PermissionSet_Test_t (6 more) ...","id":"0PS36000000q71PGAQ","label":"PermissionSet_Test_t (12 more) ..."}|0x628e96b6
18:18:27.0 (31407624)|VARIABLE_ASSIGNMENT|[EXTERNAL]|value|"This is for testing  (42 more) ..."
18:18:27.0 (31417075)|VARIABLE_ASSIGNMENT|[963]|this.description|"This is for testing  (42 more) ..."|0x628e96b6
18:18:27.0 (31424335)|STATEMENT_EXECUTE|[977]
18:18:27.0 (31479531)|VARIABLE_ASSIGNMENT|[EXTERNAL]|this|{"apiName":"PermissionSet_Test_t (6 more) ...","description":"This is for testing  (42 more) ...","id":"0PS36000000q71PGAQ","label":"PermissionSet_Test_t (12 more) ..."}|0x628e96b6
18:18:27.0 (31487195)|VARIABLE_ASSIGNMENT|[EXTERNAL]|value|"shiva15testns"
18:18:27.0 (31496149)|VARIABLE_ASSIGNMENT|[965]|this.namespacePrefix|"shiva15testns"|0x628e96b6
18:18:27.0 (31503299)|STATEMENT_EXECUTE|[978]
18:18:27.0 (31557994)|VARIABLE_ASSIGNMENT|[EXTERNAL]|this|{"apiName":"PermissionSet_Test_t (6 more) ...","description":"This is for testing  (42 more) ...","id":"0PS36000000q71PGAQ","label":"PermissionSet_Test_t (12 more) ...","namespacePrefix":"shiva15testns"}|0x628e96b6
18:18:27.0 (31566011)|VARIABLE_ASSIGNMENT|[EXTERNAL]|value|"10036000000eSpyAAE"
18:18:27.0 (31574908)|VARIABLE_ASSIGNMENT|[967]|this.userLicenseId|"10036000000eSpyAAE"|0x628e96b6
18:18:27.0 (31582123)|STATEMENT_EXECUTE|[979]
18:18:27.0 (31638512)|VARIABLE_ASSIGNMENT|[EXTERNAL]|this|{"apiName":"PermissionSet_Test_t (6 more) ...","description":"This is for testing  (42 more) ...","id":"0PS36000000q71PGAQ","label":"PermissionSet_Test_t (12 more) ...","namespacePrefix":"shiva15testns","userLicenseId":"10036000000eSpyAAE"}|0x628e96b6
18:18:27.0 (31646355)|VARIABLE_ASSIGNMENT|[EXTERNAL]|value|"2016-03-20 15:41:12"
18:18:27.0 (31655579)|VARIABLE_ASSIGNMENT|[969]|this.createdDate|"2016-03-20 15:41:12"|0x628e96b6
18:18:27.0 (31670761)|CONSTRUCTOR_EXIT|[154]|01p36000005Jpvx|<init>(String,String,String,String,String,String,String)
18:18:27.0 (31696177)|VARIABLE_ASSIGNMENT|[154]|pSetObj|{"apiName":"PermissionSet_Test_t (6 more) ...","createdDate":"2016-03-20 15:41:12","description":"This is for testing  (42 more) ...","id":"0PS36000000q71PGAQ","label":"PermissionSet_Test_t (12 more) ...","namespacePrefix":"shiva15testns","userLicenseId":"10036000000eSpyAAE"}|0x628e96b6
18:18:27.0 (31701084)|STATEMENT_EXECUTE|[155]
18:18:27.0 (31717216)|ENTERING_MANAGED_PKG|
18:18:27.0 (31743102)|HEAP_ALLOCATE|[EXTERNAL]|Bytes:4
18:18:27.0 (31760267)|HEAP_ALLOCATE|[152]|Bytes:5
18:18:27.0 (31773147)|VARIABLE_ASSIGNMENT|[152]|PSetName|null|
18:18:27.0 (31777257)|STATEMENT_EXECUTE|[159]
18:18:27.0 (31791349)|SYSTEM_MODE_EXIT|false
18:18:27.31 (31843034)|CUMULATIVE_LIMIT_USAGE
18:18:27.31 (31843034)|LIMIT_USAGE_FOR_NS|(default)|
  Number of SOQL queries: 0 out of 100
  Number of query rows: 0 out of 50000
  Number of SOSL queries: 0 out of 20
  Number of DML statements: 0 out of 150
  Number of DML rows: 0 out of 10000
  Maximum CPU time: 0 out of 10000
  Maximum heap size: 0 out of 6000000
  Number of callouts: 0 out of 100
  Number of Email Invocations: 0 out of 10
  Number of future calls: 0 out of 50
  Number of queueable jobs added to the queue: 0 out of 50
  Number of Mobile Apex push calls: 0 out of 10

18:18:27.31 (31843034)|LIMIT_USAGE_FOR_NS|shiva15testns|
  Number of SOQL queries: 1 out of 100
  Number of query rows: 37 out of 50000
  Number of SOSL queries: 0 out of 20
  Number of DML statements: 0 out of 150
  Number of DML rows: 0 out of 10000
  Maximum CPU time: 0 out of 10000
  Maximum heap size: 0 out of 6000000
  Number of callouts: 0 out of 100
  Number of Email Invocations: 0 out of 10
  Number of future calls: 0 out of 50
  Number of queueable jobs added to the queue: 0 out of 50
  Number of Mobile Apex push calls: 0 out of 10

18:18:27.31 (31843034)|CUMULATIVE_LIMIT_USAGE_END

18:18:27.0 (31907889)|CODE_UNIT_FINISHED|PermissionSetPortalControllers.getAllPermissionSets
18:18:27.0 (33717649)|EXECUTION_FINISHED
18:18:27.36 (36063817)|EXECUTION_STARTED
18:18:27.36 (36072614)|CODE_UNIT_STARTED|[EXTERNAL]|Aura
18:18:27.36 (36123375)|CODE_UNIT_FINISHED|Aura
18:18:27.36 (37395362)|EXECUTION_FINISHED
