36.0 APEX_CODE,FINEST;APEX_PROFILING,INFO;CALLOUT,INFO;DB,INFO;SYSTEM,DEBUG;VALIDATION,INFO;VISUALFORCE,INFO;WORKFLOW,INFO
13:55:54.1 (1072964)|HEAP_ALLOCATE|[72]|Bytes:3
13:55:54.1 (1158252)|HEAP_ALLOCATE|[77]|Bytes:152
13:55:54.1 (1172944)|HEAP_ALLOCATE|[342]|Bytes:408
13:55:54.1 (1188572)|HEAP_ALLOCATE|[355]|Bytes:408
13:55:54.1 (1202647)|HEAP_ALLOCATE|[467]|Bytes:48
13:55:54.3 (3568291)|STATEMENT_EXECUTE|[1]
13:55:54.3 (3620143)|HEAP_ALLOCATE|[50]|Bytes:5
13:55:54.3 (3654920)|HEAP_ALLOCATE|[56]|Bytes:5
13:55:54.3 (3674824)|HEAP_ALLOCATE|[64]|Bytes:7
13:55:54.3 (3706312)|SYSTEM_MODE_ENTER|false
13:55:54.3 (3722960)|HEAP_ALLOCATE|[9]|Bytes:5
13:55:54.3 (3727707)|STATEMENT_EXECUTE|[9]
13:55:54.3 (3735637)|HEAP_ALLOCATE|[9]|Bytes:4
13:55:54.3 (3759446)|ENTERING_MANAGED_PKG|
13:55:54.3 (3875706)|VARIABLE_ASSIGNMENT|[9]|PermissionSetPortalControllers.contactsField|{"s":1,"v":[]}|0x1ac0c7a4
13:55:54.3 (3881073)|STATEMENT_EXECUTE|[10]
13:55:54.3 (3886235)|HEAP_ALLOCATE|[10]|Bytes:4
13:55:54.3 (3899559)|ENTERING_MANAGED_PKG|
13:55:54.3 (3937389)|VARIABLE_ASSIGNMENT|[10]|PermissionSetPortalControllers.accountField|{"s":1,"v":[]}|0x298d739
13:55:54.3 (3942388)|STATEMENT_EXECUTE|[1040]
13:55:54.3 (3944008)|STATEMENT_EXECUTE|[1069]
13:55:54.3 (3945087)|STATEMENT_EXECUTE|[1097]
13:55:54.3 (3946349)|STATEMENT_EXECUTE|[1126]
13:55:54.3 (3947407)|STATEMENT_EXECUTE|[1142]
13:55:54.3 (3948454)|STATEMENT_EXECUTE|[1159]
13:55:54.3 (3949668)|STATEMENT_EXECUTE|[1170]
13:55:54.3 (3950724)|STATEMENT_EXECUTE|[1175]
13:55:54.3 (3960060)|SYSTEM_MODE_EXIT|false
13:55:54.3 (3970771)|METHOD_EXIT|[1]|PermissionSetPortalControllers
13:55:54.3 (3977291)|HEAP_ALLOCATE|[EXTERNAL]|Bytes:153
13:55:54.3 (3983173)|SYSTEM_MODE_ENTER|false
13:55:54.3 (3995374)|VARIABLE_SCOPE_BEGIN|[720]|newly_Created_pSet_as_String|String|false|false
13:55:54.3 (4008375)|VARIABLE_ASSIGNMENT|[720]|newly_Created_pSet_as_String|"{\"label\":\"Final_Test (133 more) ..."
13:55:54.3 (4013512)|VARIABLE_SCOPE_BEGIN|[720]|object_Permission_Changes_as_String|String|false|false
13:55:54.3 (4017770)|VARIABLE_ASSIGNMENT|[720]|object_Permission_Changes_as_String|null
13:55:54.3 (4020833)|VARIABLE_SCOPE_BEGIN|[720]|recorded_Changes_Obj_as_String|String|false|false
13:55:54.3 (4023882)|VARIABLE_ASSIGNMENT|[720]|recorded_Changes_Obj_as_String|null
13:55:54.3 (4037161)|HEAP_ALLOCATE|[721]|Bytes:5
13:55:54.3 (4041000)|STATEMENT_EXECUTE|[720]
13:55:54.3 (4042373)|STATEMENT_EXECUTE|[721]
13:55:54.3 (4043431)|STATEMENT_EXECUTE|[721]
13:55:54.3 (4044699)|STATEMENT_EXECUTE|[729]
13:55:54.3 (4049834)|VARIABLE_SCOPE_BEGIN|[729]|check_Whether_PSet_isCreated|Boolean|false|false
13:55:54.3 (4053103)|HEAP_ALLOCATE|[729]|Bytes:5
13:55:54.3 (4058642)|VARIABLE_ASSIGNMENT|[729]|check_Whether_PSet_isCreated|false
13:55:54.3 (4060624)|STATEMENT_EXECUTE|[730]
13:55:54.3 (4063005)|VARIABLE_SCOPE_BEGIN|[730]|check_Whether_ChangesIn_Obj_Are_Saved|Boolean|false|false
13:55:54.3 (4066007)|HEAP_ALLOCATE|[730]|Bytes:5
13:55:54.3 (4069642)|VARIABLE_ASSIGNMENT|[730]|check_Whether_ChangesIn_Obj_Are_Saved|false
13:55:54.3 (4071574)|STATEMENT_EXECUTE|[731]
13:55:54.3 (4073800)|VARIABLE_SCOPE_BEGIN|[731]|check_Whether_ChangesIn_Field_Are_Saved|Boolean|false|false
13:55:54.3 (4076696)|HEAP_ALLOCATE|[731]|Bytes:5
13:55:54.3 (4080336)|VARIABLE_ASSIGNMENT|[731]|check_Whether_ChangesIn_Field_Are_Saved|false
13:55:54.3 (4082116)|STATEMENT_EXECUTE|[733]
13:55:54.3 (4085249)|HEAP_ALLOCATE|[733]|Bytes:79
13:55:54.3 (4115103)|ENTERING_MANAGED_PKG|
13:55:54.3 (4145500)|USER_DEBUG|[733]|DEBUG|Its inside the create_New_PermissionSet_and_SaveConcerned_Obj_Field_Permissions
13:55:54.3 (4159914)|STATEMENT_EXECUTE|[734]
13:55:54.3 (4166299)|HEAP_ALLOCATE|[734]|Bytes:22
13:55:54.3 (4188842)|HEAP_ALLOCATE|[734]|Bytes:26
13:55:54.3 (4206445)|ENTERING_MANAGED_PKG|
13:55:54.3 (4220380)|USER_DEBUG|[734]|DEBUG|changes Recorded Obj: null
13:55:54.3 (4227483)|STATEMENT_EXECUTE|[735]
13:55:54.3 (4231621)|HEAP_ALLOCATE|[735]|Bytes:15
13:55:54.3 (4238722)|HEAP_ALLOCATE|[735]|Bytes:168
13:55:54.3 (4248691)|ENTERING_MANAGED_PKG|
13:55:54.3 (4258546)|USER_DEBUG|[735]|DEBUG|new PSet Data: {"label":"Final_Test_9","apiName":"Final_Test_9","id":"","description":"Decp","namespacePrefix":"","userLicenseId":"10036000000eSpyAAE","createdDate":""}
13:55:54.3 (4265254)|STATEMENT_EXECUTE|[736]
13:55:54.3 (4269417)|HEAP_ALLOCATE|[736]|Bytes:18
13:55:54.3 (4275573)|HEAP_ALLOCATE|[736]|Bytes:22
13:55:54.3 (4284447)|ENTERING_MANAGED_PKG|
13:55:54.3 (4293900)|USER_DEBUG|[736]|DEBUG|changed Obj Data: null
13:55:54.3 (4299717)|STATEMENT_EXECUTE|[738]
13:55:54.3 (4436498)|VARIABLE_SCOPE_BEGIN|[738]|new_PSetObj_for_creation|shiva15testns.PermissionSetPortalControllers.PermissionSetClass|true|false
13:55:54.3 (4446879)|VARIABLE_ASSIGNMENT|[738]|new_PSetObj_for_creation|null|
13:55:54.3 (4449680)|STATEMENT_EXECUTE|[739]
13:55:54.3 (4452852)|VARIABLE_SCOPE_BEGIN|[739]|objDetails_for_creation|List<shiva15testns.PermissionSetPortalControllers.ObjectDetailsClass>|true|false
13:55:54.3 (4457432)|VARIABLE_ASSIGNMENT|[739]|objDetails_for_creation|null|
13:55:54.3 (4459402)|STATEMENT_EXECUTE|[740]
13:55:54.3 (4716605)|VARIABLE_SCOPE_BEGIN|[740]|changes_recorded|shiva15testns.PermissionSetPortalControllers.ChangesrecordedfromUser|true|false
13:55:54.3 (4730474)|VARIABLE_ASSIGNMENT|[740]|changes_recorded|null|
13:55:54.3 (4735559)|STATEMENT_EXECUTE|[741]
13:55:54.3 (4740068)|VARIABLE_SCOPE_BEGIN|[741]|newly_created_pSet_id|String|false|false
13:55:54.3 (4744790)|VARIABLE_ASSIGNMENT|[741]|newly_created_pSet_id|null
13:55:54.3 (4769543)|ENTERING_MANAGED_PKG|
13:55:54.3 (4806278)|STATEMENT_EXECUTE|[744]
13:55:54.3 (4808632)|STATEMENT_EXECUTE|[746]
13:55:54.3 (4813311)|HEAP_ALLOCATE|[746]|Bytes:63
13:55:54.3 (4896235)|HEAP_ALLOCATE|[746]|Bytes:24
13:55:54.3 (4910834)|SYSTEM_METHOD_ENTRY|[1]|Type.Type()
13:55:54.3 (4913995)|STATEMENT_EXECUTE|[1]
13:55:54.3 (4923774)|SYSTEM_METHOD_EXIT|[1]|Type
13:55:54.3 (4929857)|HEAP_ALLOCATE|[746]|Bytes:8
13:55:54.3 (4953091)|HEAP_ALLOCATE|[746]|Bytes:8
13:55:54.3 (4958663)|VARIABLE_SCOPE_BEGIN|[4]|this|System.Type|true|false
13:55:54.3 (4995718)|VARIABLE_ASSIGNMENT|[4]|this|{}|0x2df199b6
13:55:54.3 (5002035)|VARIABLE_SCOPE_BEGIN|[4]|apextype|java:common.apex.runtime.ApexObjectType|true|false
13:55:54.3 (5144700)|VARIABLE_ASSIGNMENT|[4]|apextype|"shiva15testns.PermissionSetPortalControllers.PermissionSetClass"|0x614ff068
13:55:54.3 (5212497)|HEAP_ALLOCATE|[746]|Bytes:8
13:55:54.3 (5257712)|HEAP_ALLOCATE|[746]|Bytes:18
13:55:54.3 (5270221)|SYSTEM_METHOD_ENTRY|[1]|JSON.JSON()
13:55:54.3 (5272931)|STATEMENT_EXECUTE|[1]
13:55:54.3 (5281072)|SYSTEM_METHOD_EXIT|[1]|JSON
13:55:54.3 (5296808)|METHOD_ENTRY|[746]||System.JSON.deserialize(String, System.Type)
13:55:54.3 (5773470)|METHOD_EXIT|[746]||System.JSON.deserialize(String, System.Type)
13:55:54.3 (5810714)|VARIABLE_ASSIGNMENT|[746]|new_PSetObj_for_creation|{"apiName":"Final_Test_9","createdDate":"","description":"Decp","id":"","label":"Final_Test_9","namespacePrefix":"","userLicenseId":"10036000000eSpyAAE"}|0x3462fe94
13:55:54.3 (5815669)|STATEMENT_EXECUTE|[747]
13:55:54.3 (5832521)|METHOD_ENTRY|[747]|01p36000005Jpvx|shiva15testns.PermissionSetPortalControllers.create_New_PermissionSet(shiva15testns.PermissionSetPortalControllers.PermissionSetClass)
13:55:54.3 (5853996)|VARIABLE_SCOPE_BEGIN|[784]|pSetObj_As_Param|shiva15testns.PermissionSetPortalControllers.PermissionSetClass|true|false
13:55:54.3 (5879873)|VARIABLE_ASSIGNMENT|[784]|pSetObj_As_Param|{"apiName":"Final_Test_9","createdDate":"","description":"Decp","id":"","label":"Final_Test_9","namespacePrefix":"","userLicenseId":"10036000000eSpyAAE"}|0x3462fe94
13:55:54.3 (5890222)|HEAP_ALLOCATE|[785]|Bytes:5
13:55:54.3 (5894202)|STATEMENT_EXECUTE|[784]
13:55:54.3 (5895821)|STATEMENT_EXECUTE|[785]
13:55:54.3 (5896912)|STATEMENT_EXECUTE|[785]
13:55:54.3 (5898075)|STATEMENT_EXECUTE|[787]
13:55:54.3 (5920237)|HEAP_ALLOCATE|[787]|Bytes:4
13:55:54.3 (6040268)|VARIABLE_SCOPE_BEGIN|[787]|pSetObj|PermissionSet|true|false
13:55:54.3 (6056772)|VARIABLE_ASSIGNMENT|[787]|pSetObj|{}|0x14848c4d
13:55:54.3 (6059899)|STATEMENT_EXECUTE|[788]
13:55:54.3 (6127369)|VARIABLE_ASSIGNMENT|[EXTERNAL]|this|{"apiName":"Final_Test_9","createdDate":"","description":"Decp","id":"","label":"Final_Test_9","namespacePrefix":"","userLicenseId":"10036000000eSpyAAE"}|0x3462fe94
13:55:54.3 (7509709)|VARIABLE_ASSIGNMENT|[788]|this.Label|"Final_Test_9"|0x14848c4d
13:55:54.3 (7516685)|STATEMENT_EXECUTE|[789]
13:55:54.3 (7578796)|VARIABLE_ASSIGNMENT|[EXTERNAL]|this|{"apiName":"Final_Test_9","createdDate":"","description":"Decp","id":"","label":"Final_Test_9","namespacePrefix":"","userLicenseId":"10036000000eSpyAAE"}|0x3462fe94
13:55:54.3 (7639569)|VARIABLE_ASSIGNMENT|[789]|this.Name|"Final_Test_9"|0x14848c4d
13:55:54.3 (7644274)|STATEMENT_EXECUTE|[790]
13:55:54.3 (7695841)|VARIABLE_ASSIGNMENT|[EXTERNAL]|this|{"apiName":"Final_Test_9","createdDate":"","description":"Decp","id":"","label":"Final_Test_9","namespacePrefix":"","userLicenseId":"10036000000eSpyAAE"}|0x3462fe94
13:55:54.3 (7722114)|HEAP_ALLOCATE|[790]|Bytes:4
13:55:54.3 (7798584)|VARIABLE_ASSIGNMENT|[790]|this.UserLicenseId|"10036000000eSpyAAE"|0x14848c4d
13:55:54.3 (7803066)|STATEMENT_EXECUTE|[791]
13:55:54.3 (7853202)|VARIABLE_ASSIGNMENT|[EXTERNAL]|this|{"apiName":"Final_Test_9","createdDate":"","description":"Decp","id":"","label":"Final_Test_9","namespacePrefix":"","userLicenseId":"10036000000eSpyAAE"}|0x3462fe94
13:55:54.3 (7909737)|VARIABLE_ASSIGNMENT|[791]|this.Description|"Decp"|0x14848c4d
13:55:54.3 (7914048)|STATEMENT_EXECUTE|[792]
13:55:54.3 (7951940)|HEAP_ALLOCATE|[792]|Bytes:8
13:55:54.3 (7968220)|DML_BEGIN|[792]|Op:Insert|Type:PermissionSet|Rows:1
13:55:54.3 (8019331)|HEAP_ALLOCATE|[EXTERNAL]|Bytes:8
13:55:54.3 (152212838)|DML_END|[792]
13:55:54.3 (152245301)|STATEMENT_EXECUTE|[793]
13:55:54.3 (152257774)|HEAP_ALLOCATE|[793]|Bytes:5
13:55:54.3 (152284095)|METHOD_EXIT|[747]|01p36000005Jpvx|shiva15testns.PermissionSetPortalControllers.create_New_PermissionSet(shiva15testns.PermissionSetPortalControllers.PermissionSetClass)
13:55:54.3 (152291640)|HEAP_ALLOCATE|[747]|Bytes:5
13:55:54.3 (152308525)|VARIABLE_ASSIGNMENT|[747]|check_Whether_PSet_isCreated|true
13:55:54.3 (152311966)|STATEMENT_EXECUTE|[749]
13:55:54.3 (152319520)|HEAP_ALLOCATE|[749]|Bytes:137
13:55:54.3 (152332368)|HEAP_ALLOCATE|[749]|Bytes:4
13:55:54.3 (152628949)|SOQL_EXECUTE_BEGIN|[749]|Aggregations:0|SELECT Id, label, Name, Description, NamespacePrefix, UserLicenseId, CreatedDate FROM PermissionSet ORDER BY CreatedDate DESC NULLS FIRST
13:55:54.3 (156308613)|SOQL_EXECUTE_END|[749]|Rows:48
13:55:54.3 (156325766)|HEAP_ALLOCATE|[749]|Bytes:196
13:55:54.3 (156433620)|HEAP_ALLOCATE|[749]|Bytes:8508
13:55:54.3 (156459484)|HEAP_ALLOCATE|[749]|Bytes:196
13:55:54.3 (156472591)|VARIABLE_SCOPE_BEGIN|[749]|pSetList_for_Getting_Last_PSet_Id|List<PermissionSet>|true|false
13:55:54.3 (156498286)|VARIABLE_ASSIGNMENT|[749]|pSetList_for_Getting_Last_PSet_Id|{"s":1,"v":"List of size 48 too large to display"}|0x3014bd1e
13:55:54.3 (156502592)|STATEMENT_EXECUTE|[750]
13:55:54.3 (156595649)|HEAP_ALLOCATE|[750]|Bytes:32
13:55:54.3 (156658704)|HEAP_ALLOCATE|[750]|Bytes:18
13:55:54.3 (156675576)|VARIABLE_ASSIGNMENT|[750]|newly_created_pSet_id|"0PS360000017lcNGAQ"
13:55:54.3 (156679421)|STATEMENT_EXECUTE|[751]
13:55:54.3 (156684013)|HEAP_ALLOCATE|[751]|Bytes:27
13:55:54.3 (156694310)|HEAP_ALLOCATE|[751]|Bytes:45
13:55:54.3 (156718184)|ENTERING_MANAGED_PKG|
13:55:54.3 (156759637)|USER_DEBUG|[751]|DEBUG|The newly created PSet Id: 0PS360000017lcNGAQ
13:55:54.3 (156774985)|STATEMENT_EXECUTE|[754]
13:55:54.3 (156781398)|HEAP_ALLOCATE|[754]|Bytes:15
13:55:54.3 (156791509)|HEAP_ALLOCATE|[754]|Bytes:19
13:55:54.3 (156809852)|ENTERING_MANAGED_PKG|
13:55:54.3 (156828462)|USER_DEBUG|[754]|DEBUG|Just for gags: null
13:55:54.3 (156863297)|ENTERING_MANAGED_PKG|
13:55:54.3 (156991401)|HEAP_ALLOCATE|[756]|Bytes:41
13:55:54.3 (157045112)|VARIABLE_SCOPE_BEGIN|[778]|e|Exception|true|false
13:55:54.3 (157156478)|VARIABLE_ASSIGNMENT|[778]|e|"common.apex.runtime.impl.ExecutionException: Attempt to de-reference a null object"|0x67824a84
13:55:54.3 (157164370)|STATEMENT_EXECUTE|[778]
13:55:54.3 (157167003)|STATEMENT_EXECUTE|[779]
13:55:54.3 (157173249)|HEAP_ALLOCATE|[779]|Bytes:57
13:55:54.3 (157224370)|HEAP_ALLOCATE|[779]|Bytes:27
13:55:54.3 (157236170)|HEAP_ALLOCATE|[779]|Bytes:3
13:55:54.3 (157252226)|HEAP_ALLOCATE|[779]|Bytes:37
13:55:54.3 (157258685)|HEAP_ALLOCATE|[779]|Bytes:4
13:55:54.3 (157292405)|ENTERING_MANAGED_PKG|
13:55:54.3 (157314085)|HEAP_ALLOCATE|[779]|Bytes:132
13:55:54.3 (157334773)|ENTERING_MANAGED_PKG|
13:55:54.3 (157341514)|USER_DEBUG|[779]|DEBUG|The following exception has occurred in savePSetDetails: System.NullPointerException : Attempt to de-reference a null object -- null
13:55:54.3 (157352999)|STATEMENT_EXECUTE|[780]
13:55:54.3 (157363109)|HEAP_ALLOCATE|[780]|Bytes:5
13:55:54.3 (157379555)|HEAP_ALLOCATE|[780]|Bytes:5
13:55:54.3 (157394764)|SYSTEM_MODE_EXIT|false
13:55:54.168 (168627964)|CUMULATIVE_LIMIT_USAGE
13:55:54.168 (168627964)|LIMIT_USAGE_FOR_NS|(default)|
  Number of SOQL queries: 0 out of 100
  Number of query rows: 0 out of 50000
  Number of SOSL queries: 0 out of 20
  Number of DML statements: 0 out of 150
  Number of DML rows: 0 out of 10000
  Maximum CPU time: 0 out of 10000
  Maximum heap size: 0 out of 6000000
  Number of callouts: 0 out of 100
  Number of Email Invocations: 0 out of 10
  Number of future calls: 0 out of 50
  Number of queueable jobs added to the queue: 0 out of 50
  Number of Mobile Apex push calls: 0 out of 10

13:55:54.168 (168627964)|LIMIT_USAGE_FOR_NS|shiva15testns|
  Number of SOQL queries: 1 out of 100
  Number of query rows: 48 out of 50000
  Number of SOSL queries: 0 out of 20
  Number of DML statements: 1 out of 150
  Number of DML rows: 1 out of 10000
  Maximum CPU time: 0 out of 10000
  Maximum heap size: 0 out of 6000000
  Number of callouts: 0 out of 100
  Number of Email Invocations: 0 out of 10
  Number of future calls: 0 out of 50
  Number of queueable jobs added to the queue: 0 out of 50
  Number of Mobile Apex push calls: 0 out of 10

13:55:54.168 (168627964)|CUMULATIVE_LIMIT_USAGE_END

13:55:54.3 (168718831)|CODE_UNIT_FINISHED|PermissionSetPortalControllers.create_New_PermissionSet_and_SaveConcerned_Obj_Field_Permissions
