36.0 APEX_CODE,FINEST;APEX_PROFILING,INFO;CALLOUT,INFO;DB,INFO;SYSTEM,DEBUG;VALIDATION,INFO;VISUALFORCE,INFO;WORKFLOW,INFO
20:21:13.0 (469285)|EXECUTION_STARTED
20:21:13.0 (503086)|CODE_UNIT_STARTED|[EXTERNAL]|01p36000005Jpvx|PermissionSetPortalControllers.getAllPermissionSets
20:21:13.0 (1379584)|VARIABLE_SCOPE_BEGIN|[3]|PermissionSetPortalControllers.AllPermissionSets|List<PermissionSet>|true|true
20:21:13.0 (1406432)|VARIABLE_SCOPE_BEGIN|[10]|PermissionSetPortalControllers.accountField|Set<String>|true|true
20:21:13.0 (1413732)|VARIABLE_SCOPE_BEGIN|[5]|PermissionSetPortalControllers.allObjectsOfOrg|List<shiva15testns.PermissionSetPortalControllers.ObjectDetailsClass>|true|true
20:21:13.0 (1419612)|VARIABLE_SCOPE_BEGIN|[9]|PermissionSetPortalControllers.contactsField|Set<String>|true|true
20:21:13.0 (1424191)|VARIABLE_SCOPE_BEGIN|[7]|PermissionSetPortalControllers.isNotSystemSObjectList|Set<String>|true|true
20:21:13.0 (1608500)|HEAP_ALLOCATE|[72]|Bytes:3
20:21:13.0 (1668317)|HEAP_ALLOCATE|[77]|Bytes:152
20:21:13.0 (1687924)|HEAP_ALLOCATE|[342]|Bytes:408
20:21:13.0 (1706012)|HEAP_ALLOCATE|[355]|Bytes:408
20:21:13.0 (1723489)|HEAP_ALLOCATE|[467]|Bytes:48
20:21:13.0 (1759287)|HEAP_ALLOCATE|[139]|Bytes:6
20:21:13.0 (1786414)|HEAP_ALLOCATE|[EXTERNAL]|Bytes:168
20:21:13.0 (1792588)|HEAP_ALLOCATE|[EXTERNAL]|Bytes:68
20:21:13.0 (1796202)|HEAP_ALLOCATE|[EXTERNAL]|Bytes:242
20:21:13.0 (1815930)|METHOD_ENTRY|[1]|01p36000005Jpvx|PermissionSetPortalControllers.PermissionSetPortalControllers()
20:21:13.0 (1820841)|STATEMENT_EXECUTE|[1]
20:21:13.0 (1826509)|STATEMENT_EXECUTE|[1]
20:21:13.0 (1863041)|HEAP_ALLOCATE|[50]|Bytes:5
20:21:13.0 (1891513)|HEAP_ALLOCATE|[56]|Bytes:5
20:21:13.0 (1912201)|HEAP_ALLOCATE|[64]|Bytes:7
20:21:13.0 (1951086)|SYSTEM_MODE_ENTER|false
20:21:13.0 (1976850)|HEAP_ALLOCATE|[9]|Bytes:5
20:21:13.0 (1982514)|STATEMENT_EXECUTE|[9]
20:21:13.0 (1991311)|HEAP_ALLOCATE|[9]|Bytes:4
20:21:13.0 (2033679)|ENTERING_MANAGED_PKG|
20:21:13.0 (2173849)|VARIABLE_ASSIGNMENT|[9]|PermissionSetPortalControllers.contactsField|{"s":1,"v":[]}|0x21ec3cb2
20:21:13.0 (2179255)|STATEMENT_EXECUTE|[10]
20:21:13.0 (2199736)|HEAP_ALLOCATE|[10]|Bytes:4
20:21:13.0 (2222101)|ENTERING_MANAGED_PKG|
20:21:13.0 (2280916)|VARIABLE_ASSIGNMENT|[10]|PermissionSetPortalControllers.accountField|{"s":1,"v":[]}|0x602d7be4
20:21:13.0 (2286002)|STATEMENT_EXECUTE|[950]
20:21:13.0 (2287680)|STATEMENT_EXECUTE|[979]
20:21:13.0 (2288924)|STATEMENT_EXECUTE|[1007]
20:21:13.0 (2290558)|STATEMENT_EXECUTE|[1036]
20:21:13.0 (2291618)|STATEMENT_EXECUTE|[1052]
20:21:13.0 (2292684)|STATEMENT_EXECUTE|[1069]
20:21:13.0 (2293868)|STATEMENT_EXECUTE|[1080]
20:21:13.0 (2294930)|STATEMENT_EXECUTE|[1085]
20:21:13.0 (2303014)|SYSTEM_MODE_EXIT|false
20:21:13.0 (2316043)|METHOD_EXIT|[1]|PermissionSetPortalControllers
20:21:13.0 (2324895)|SYSTEM_MODE_ENTER|false
20:21:13.0 (2340131)|HEAP_ALLOCATE|[147]|Bytes:5
20:21:13.0 (2344496)|STATEMENT_EXECUTE|[146]
20:21:13.0 (2346064)|STATEMENT_EXECUTE|[147]
20:21:13.0 (2347048)|STATEMENT_EXECUTE|[147]
20:21:13.0 (2348221)|STATEMENT_EXECUTE|[148]
20:21:13.0 (2351388)|HEAP_ALLOCATE|[148]|Bytes:99
20:21:13.0 (2363370)|HEAP_ALLOCATE|[148]|Bytes:4
20:21:13.0 (3641638)|SOQL_EXECUTE_BEGIN|[148]|Aggregations:0|SELECT Id, label, Name, Description, NamespacePrefix, UserLicenseId, CreatedDate FROM PermissionSet
20:21:13.0 (8817478)|SOQL_EXECUTE_END|[148]|Rows:37
20:21:13.0 (8848967)|HEAP_ALLOCATE|[148]|Bytes:152
20:21:13.0 (9004961)|HEAP_ALLOCATE|[148]|Bytes:6569
20:21:13.0 (9053144)|HEAP_ALLOCATE|[148]|Bytes:152
20:21:13.0 (9084244)|VARIABLE_ASSIGNMENT|[148]|PermissionSetPortalControllers.AllPermissionSets|{"s":1,"v":"List of size 37 too large to display"}|0x18f006d7
20:21:13.0 (9194620)|ENTERING_MANAGED_PKG|
20:21:13.0 (9239056)|STATEMENT_EXECUTE|[149]
20:21:13.0 (9243283)|STATEMENT_EXECUTE|[150]
20:21:13.0 (9423822)|VARIABLE_SCOPE_BEGIN|[150]|pSetObj|shiva15testns.PermissionSetPortalControllers.PermissionSetClass|true|false
20:21:13.0 (9440542)|VARIABLE_ASSIGNMENT|[150]|pSetObj|null|
20:21:13.0 (9445411)|STATEMENT_EXECUTE|[151]
20:21:13.0 (9455303)|HEAP_ALLOCATE|[151]|Bytes:4
20:21:13.0 (9525681)|ENTERING_MANAGED_PKG|
20:21:13.0 (9549728)|VARIABLE_SCOPE_BEGIN|[151]|permissionSetsLst|List<shiva15testns.PermissionSetPortalControllers.PermissionSetClass>|true|false
20:21:13.0 (9577218)|HEAP_ALLOCATE|[EXTERNAL]|Bytes:4
20:21:13.0 (9593728)|VARIABLE_ASSIGNMENT|[151]|permissionSetsLst|{"s":1,"v":[]}|0x27fa2f6f
20:21:13.0 (9613380)|ENTERING_MANAGED_PKG|
20:21:13.0 (9860368)|HEAP_ALLOCATE|[152]|Bytes:5
20:21:13.0 (9901229)|HEAP_ALLOCATE|[152]|Bytes:28
20:21:13.0 (9915992)|VARIABLE_SCOPE_BEGIN|[152]|PSetName|PermissionSet|true|false
20:21:13.0 (9970370)|VARIABLE_ASSIGNMENT|[152]|PSetName|{"s":1,"v":{"Id":"0PS36000000mmnFGAQ","Label":"00e1a000000MWa8AAG","Name":"X00e1a000000MWa8AAG","NamespacePrefix":"shiva15testns","UserLicenseId":"10036000000eSpzAAE","CreatedDate":"2016-03-08T19:00:02.000Z"}}|0x29903d5d
20:21:13.0 (9975759)|STATEMENT_EXECUTE|[152]
20:21:13.0 (10005144)|HEAP_ALLOCATE|[153]|Bytes:3
20:21:13.0 (10044085)|ENTERING_MANAGED_PKG|
20:21:13.0 (10078379)|STATEMENT_EXECUTE|[153]
20:21:13.0 (10090877)|HEAP_ALLOCATE|[152]|Bytes:5
20:21:13.0 (10113881)|HEAP_ALLOCATE|[152]|Bytes:28
20:21:13.0 (10122119)|VARIABLE_SCOPE_BEGIN|[152]|PSetName|PermissionSet|true|false
20:21:13.0 (10152365)|VARIABLE_ASSIGNMENT|[152]|PSetName|{"s":1,"v":{"Id":"0PS36000000mmnGGAQ","Label":"00ex00000018ozl_128_ (10 more) ...","Name":"X00ex00000018ozl_128 (11 more) ...","NamespacePrefix":"shiva15testns","UserLicenseId":"10036000000eSpyAAE","CreatedDate":"2016-03-08T19:00:02.000Z"}}|0x6c72e1ad
20:21:13.0 (10158399)|STATEMENT_EXECUTE|[152]
20:21:13.0 (10181739)|ENTERING_MANAGED_PKG|
20:21:13.0 (10192626)|STATEMENT_EXECUTE|[153]
20:21:13.0 (10203515)|HEAP_ALLOCATE|[152]|Bytes:5
20:21:13.0 (10223956)|HEAP_ALLOCATE|[152]|Bytes:28
20:21:13.0 (10231769)|VARIABLE_SCOPE_BEGIN|[152]|PSetName|PermissionSet|true|false
20:21:13.0 (10255570)|VARIABLE_ASSIGNMENT|[152]|PSetName|{"s":1,"v":{"Id":"0PS36000000mmnHGAQ","Label":"00ex00000018ozm_128_ (10 more) ...","Name":"X00ex00000018ozm_128 (11 more) ...","NamespacePrefix":"shiva15testns","UserLicenseId":"10036000000eSpyAAE","CreatedDate":"2016-03-08T19:00:02.000Z"}}|0x1d32836f
20:21:13.0 (10261263)|STATEMENT_EXECUTE|[152]
20:21:13.0 (10282788)|ENTERING_MANAGED_PKG|
20:21:13.0 (10305980)|STATEMENT_EXECUTE|[153]
20:21:13.0 (10322199)|HEAP_ALLOCATE|[152]|Bytes:5
20:21:13.0 (10348443)|HEAP_ALLOCATE|[152]|Bytes:28
20:21:13.0 (10356652)|VARIABLE_SCOPE_BEGIN|[152]|PSetName|PermissionSet|true|false
20:21:13.0 (10380316)|VARIABLE_ASSIGNMENT|[152]|PSetName|{"s":1,"v":{"Id":"0PS36000000mmnIGAQ","Label":"00ex00000018ozk_128_ (10 more) ...","Name":"X00ex00000018ozk_128 (11 more) ...","NamespacePrefix":"shiva15testns","UserLicenseId":"10036000000eSpyAAE","CreatedDate":"2016-03-08T19:00:02.000Z"}}|0x2db0af8f
20:21:13.0 (10385233)|STATEMENT_EXECUTE|[152]
20:21:13.0 (10407336)|ENTERING_MANAGED_PKG|
20:21:13.0 (10417951)|STATEMENT_EXECUTE|[153]
20:21:13.0 (10428503)|HEAP_ALLOCATE|[152]|Bytes:5
20:21:13.0 (10448236)|HEAP_ALLOCATE|[152]|Bytes:28
20:21:13.0 (10455847)|VARIABLE_SCOPE_BEGIN|[152]|PSetName|PermissionSet|true|false
20:21:13.0 (10478085)|VARIABLE_ASSIGNMENT|[152]|PSetName|{"s":1,"v":{"Id":"0PS36000000mmnJGAQ","Label":"00ex00000018ozj_128_ (10 more) ...","Name":"X00ex00000018ozj_128 (11 more) ...","NamespacePrefix":"shiva15testns","UserLicenseId":"10036000000eSpyAAE","CreatedDate":"2016-03-08T19:00:02.000Z"}}|0x56215b1
20:21:13.0 (10482897)|STATEMENT_EXECUTE|[152]
20:21:13.0 (10504436)|ENTERING_MANAGED_PKG|
20:21:13.0 (10514476)|STATEMENT_EXECUTE|[153]
20:21:13.0 (10530397)|HEAP_ALLOCATE|[152]|Bytes:5
20:21:13.0 (10551056)|HEAP_ALLOCATE|[152]|Bytes:28
20:21:13.0 (10558677)|VARIABLE_SCOPE_BEGIN|[152]|PSetName|PermissionSet|true|false
20:21:13.0 (10595421)|VARIABLE_ASSIGNMENT|[152]|PSetName|{"s":1,"v":{"Id":"0PS36000000mmnKGAQ","Label":"00ex00000018ozo_128_ (10 more) ...","Name":"X00ex00000018ozo_128 (11 more) ...","NamespacePrefix":"shiva15testns","UserLicenseId":"10036000000eSpyAAE","CreatedDate":"2016-03-08T19:00:02.000Z"}}|0x7ee6e339
20:21:13.0 (10604678)|STATEMENT_EXECUTE|[152]
20:21:13.0 (10638500)|ENTERING_MANAGED_PKG|
20:21:13.0 (10652251)|STATEMENT_EXECUTE|[153]
20:21:13.0 (10663516)|HEAP_ALLOCATE|[152]|Bytes:5
20:21:13.0 (10683808)|HEAP_ALLOCATE|[152]|Bytes:28
20:21:13.0 (10691590)|VARIABLE_SCOPE_BEGIN|[152]|PSetName|PermissionSet|true|false
20:21:13.0 (10714563)|VARIABLE_ASSIGNMENT|[152]|PSetName|{"s":1,"v":{"Id":"0PS36000000mmnLGAQ","Label":"00ex00000018ozh_128_ (10 more) ...","Name":"X00ex00000018ozh_128 (11 more) ...","NamespacePrefix":"shiva15testns","UserLicenseId":"10036000000eSpyAAE","CreatedDate":"2016-03-08T19:00:02.000Z"}}|0x77462e71
20:21:13.0 (10719700)|STATEMENT_EXECUTE|[152]
20:21:13.0 (10741072)|ENTERING_MANAGED_PKG|
20:21:13.0 (10751651)|STATEMENT_EXECUTE|[153]
20:21:13.0 (10762044)|HEAP_ALLOCATE|[152]|Bytes:5
20:21:13.0 (10781396)|HEAP_ALLOCATE|[152]|Bytes:28
20:21:13.0 (10788978)|VARIABLE_SCOPE_BEGIN|[152]|PSetName|PermissionSet|true|false
20:21:13.0 (10810658)|VARIABLE_ASSIGNMENT|[152]|PSetName|{"s":1,"v":{"Id":"0PS36000000mmnMGAQ","Label":"00ex00000018ozq_128_ (11 more) ...","Name":"X00ex00000018ozq_128 (12 more) ...","NamespacePrefix":"shiva15testns","UserLicenseId":"10036000000eSpyAAE","CreatedDate":"2016-03-08T19:00:02.000Z"}}|0x5fa23bc1
20:21:13.0 (10815465)|STATEMENT_EXECUTE|[152]
20:21:13.0 (10836480)|ENTERING_MANAGED_PKG|
20:21:13.0 (10846607)|STATEMENT_EXECUTE|[153]
20:21:13.0 (10856768)|HEAP_ALLOCATE|[152]|Bytes:5
20:21:13.0 (10876001)|HEAP_ALLOCATE|[152]|Bytes:28
20:21:13.0 (10883584)|VARIABLE_SCOPE_BEGIN|[152]|PSetName|PermissionSet|true|false
20:21:13.0 (10905229)|VARIABLE_ASSIGNMENT|[152]|PSetName|{"s":1,"v":{"Id":"0PS36000000mmnNGAQ","Label":"00ex00000018ozp_128_ (10 more) ...","Name":"X00ex00000018ozp_128 (11 more) ...","NamespacePrefix":"shiva15testns","UserLicenseId":"10036000000eSpyAAE","CreatedDate":"2016-03-08T19:00:02.000Z"}}|0x4a786219
20:21:13.0 (10910441)|STATEMENT_EXECUTE|[152]
20:21:13.0 (10931656)|ENTERING_MANAGED_PKG|
20:21:13.0 (10941780)|STATEMENT_EXECUTE|[153]
20:21:13.0 (10951986)|HEAP_ALLOCATE|[152]|Bytes:5
20:21:13.0 (10970906)|HEAP_ALLOCATE|[152]|Bytes:28
20:21:13.0 (10978462)|VARIABLE_SCOPE_BEGIN|[152]|PSetName|PermissionSet|true|false
20:21:13.0 (10999706)|VARIABLE_ASSIGNMENT|[152]|PSetName|{"s":1,"v":{"Id":"0PS36000000mmnOGAQ","Label":"00ex00000018ozn_128_ (10 more) ...","Name":"X00ex00000018ozn_128 (11 more) ...","NamespacePrefix":"shiva15testns","UserLicenseId":"10036000000eSpyAAE","CreatedDate":"2016-03-08T19:00:02.000Z"}}|0x34ebf44
20:21:13.0 (11004429)|STATEMENT_EXECUTE|[152]
20:21:13.0 (11026460)|ENTERING_MANAGED_PKG|
20:21:13.0 (11040813)|STATEMENT_EXECUTE|[153]
20:21:13.0 (11058103)|HEAP_ALLOCATE|[152]|Bytes:5
20:21:13.0 (11091138)|HEAP_ALLOCATE|[152]|Bytes:28
20:21:13.0 (11105123)|VARIABLE_SCOPE_BEGIN|[152]|PSetName|PermissionSet|true|false
20:21:13.0 (11138338)|VARIABLE_ASSIGNMENT|[152]|PSetName|{"s":1,"v":{"Id":"0PS36000000mmnPGAQ","Label":"00e1a000000MWa9AAG","Name":"X00e1a000000MWa9AAG","NamespacePrefix":"shiva15testns","UserLicenseId":"10036000000eSq0AAE","CreatedDate":"2016-03-08T19:00:02.000Z"}}|0x453d3cfa
20:21:13.0 (11145683)|STATEMENT_EXECUTE|[152]
20:21:13.0 (11177595)|ENTERING_MANAGED_PKG|
20:21:13.0 (11195435)|STATEMENT_EXECUTE|[153]
20:21:13.0 (11212334)|HEAP_ALLOCATE|[152]|Bytes:5
20:21:13.0 (11244105)|HEAP_ALLOCATE|[152]|Bytes:28
20:21:13.0 (11257659)|VARIABLE_SCOPE_BEGIN|[152]|PSetName|PermissionSet|true|false
20:21:13.0 (11290274)|VARIABLE_ASSIGNMENT|[152]|PSetName|{"s":1,"v":{"Id":"0PS36000000mmnQGAQ","Label":"00e1a000000MWaBAAW","Name":"X00e1a000000MWaBAAW","NamespacePrefix":"shiva15testns","UserLicenseId":"10036000000eSq2AAE","CreatedDate":"2016-03-08T19:00:02.000Z"}}|0xb0f6baf
20:21:13.0 (11298174)|STATEMENT_EXECUTE|[152]
20:21:13.0 (11329561)|ENTERING_MANAGED_PKG|
20:21:13.0 (11348118)|STATEMENT_EXECUTE|[153]
20:21:13.0 (11364771)|HEAP_ALLOCATE|[152]|Bytes:5
20:21:13.0 (11393589)|HEAP_ALLOCATE|[152]|Bytes:28
20:21:13.0 (11404397)|VARIABLE_SCOPE_BEGIN|[152]|PSetName|PermissionSet|true|false
20:21:13.0 (11434825)|VARIABLE_ASSIGNMENT|[152]|PSetName|{"s":1,"v":{"Id":"0PS36000000mmnRGAQ","Label":"00e1a000000MWaCAAW","Name":"X00e1a000000MWaCAAW","NamespacePrefix":"shiva15testns","UserLicenseId":"10036000000eSq3AAE","CreatedDate":"2016-03-08T19:00:02.000Z"}}|0x2eeb87d
20:21:13.0 (11442317)|STATEMENT_EXECUTE|[152]
20:21:13.0 (11541392)|ENTERING_MANAGED_PKG|
20:21:13.0 (11562582)|STATEMENT_EXECUTE|[153]
20:21:13.0 (11580830)|HEAP_ALLOCATE|[152]|Bytes:5
20:21:13.0 (11615983)|HEAP_ALLOCATE|[152]|Bytes:28
20:21:13.0 (11628923)|VARIABLE_SCOPE_BEGIN|[152]|PSetName|PermissionSet|true|false
20:21:13.0 (11677383)|VARIABLE_ASSIGNMENT|[152]|PSetName|{"s":1,"v":{"Id":"0PS36000000mmnSGAQ","Label":"00e1a000000MWaDAAW","Name":"X00e1a000000MWaDAAW","NamespacePrefix":"shiva15testns","UserLicenseId":"10036000000eSq4AAE","CreatedDate":"2016-03-08T19:00:02.000Z"}}|0x74ac93fb
20:21:13.0 (11686433)|STATEMENT_EXECUTE|[152]
20:21:13.0 (11728182)|ENTERING_MANAGED_PKG|
20:21:13.0 (11759314)|STATEMENT_EXECUTE|[153]
20:21:13.0 (11775366)|HEAP_ALLOCATE|[152]|Bytes:5
20:21:13.0 (11809155)|HEAP_ALLOCATE|[152]|Bytes:28
20:21:13.0 (11819466)|VARIABLE_SCOPE_BEGIN|[152]|PSetName|PermissionSet|true|false
20:21:13.0 (11841914)|VARIABLE_ASSIGNMENT|[152]|PSetName|{"s":1,"v":{"Id":"0PS36000000mmnTGAQ","Label":"00e1a000000MWaEAAW","Name":"X00e1a000000MWaEAAW","NamespacePrefix":"shiva15testns","UserLicenseId":"10036000000eSq5AAE","CreatedDate":"2016-03-08T19:00:02.000Z"}}|0x585abb78
20:21:13.0 (11846493)|STATEMENT_EXECUTE|[152]
20:21:13.0 (11868695)|ENTERING_MANAGED_PKG|
20:21:13.0 (11879110)|STATEMENT_EXECUTE|[153]
20:21:13.0 (11889674)|HEAP_ALLOCATE|[152]|Bytes:5
20:21:13.0 (11909375)|HEAP_ALLOCATE|[152]|Bytes:28
20:21:13.0 (11916953)|VARIABLE_SCOPE_BEGIN|[152]|PSetName|PermissionSet|true|false
20:21:13.0 (11938331)|VARIABLE_ASSIGNMENT|[152]|PSetName|{"s":1,"v":{"Id":"0PS36000000mmnUGAQ","Label":"00e1a000000MWaFAAW","Name":"X00e1a000000MWaFAAW","NamespacePrefix":"shiva15testns","UserLicenseId":"10036000000eSq6AAE","CreatedDate":"2016-03-08T19:00:02.000Z"}}|0x28f8e1cf
20:21:13.0 (11943128)|STATEMENT_EXECUTE|[152]
20:21:13.0 (11964363)|ENTERING_MANAGED_PKG|
20:21:13.0 (11974376)|STATEMENT_EXECUTE|[153]
20:21:13.0 (11984627)|HEAP_ALLOCATE|[152]|Bytes:5
20:21:13.0 (12003748)|HEAP_ALLOCATE|[152]|Bytes:28
20:21:13.0 (12012478)|VARIABLE_SCOPE_BEGIN|[152]|PSetName|PermissionSet|true|false
20:21:13.0 (12033779)|VARIABLE_ASSIGNMENT|[152]|PSetName|{"s":1,"v":{"Id":"0PS36000000mmnVGAQ","Label":"00e1a000000MWaGAAW","Name":"X00e1a000000MWaGAAW","NamespacePrefix":"shiva15testns","UserLicenseId":"10036000000eSq7AAE","CreatedDate":"2016-03-08T19:00:02.000Z"}}|0x5fa299fd
20:21:13.0 (12038961)|STATEMENT_EXECUTE|[152]
20:21:13.0 (12060129)|ENTERING_MANAGED_PKG|
20:21:13.0 (12070201)|STATEMENT_EXECUTE|[153]
20:21:13.0 (12080392)|HEAP_ALLOCATE|[152]|Bytes:5
20:21:13.0 (12099730)|HEAP_ALLOCATE|[152]|Bytes:28
20:21:13.0 (12107205)|VARIABLE_SCOPE_BEGIN|[152]|PSetName|PermissionSet|true|false
20:21:13.0 (12127730)|VARIABLE_ASSIGNMENT|[152]|PSetName|{"s":1,"v":{"Id":"0PS36000000mmnWGAQ","Label":"00e1a000000MWaHAAW","Name":"X00e1a000000MWaHAAW","NamespacePrefix":"shiva15testns","UserLicenseId":"10036000000eSq8AAE","CreatedDate":"2016-03-08T19:00:02.000Z"}}|0x4f01eab9
20:21:13.0 (12132111)|STATEMENT_EXECUTE|[152]
20:21:13.0 (12153128)|ENTERING_MANAGED_PKG|
20:21:13.0 (12163382)|STATEMENT_EXECUTE|[153]
20:21:13.0 (12173684)|HEAP_ALLOCATE|[152]|Bytes:5
20:21:13.0 (12192928)|HEAP_ALLOCATE|[152]|Bytes:28
20:21:13.0 (12200450)|VARIABLE_SCOPE_BEGIN|[152]|PSetName|PermissionSet|true|false
20:21:13.0 (12221476)|VARIABLE_ASSIGNMENT|[152]|PSetName|{"s":1,"v":{"Id":"0PS36000000mmnXGAQ","Label":"00e1a000000MWaIAAW","Name":"X00e1a000000MWaIAAW","NamespacePrefix":"shiva15testns","UserLicenseId":"10036000000eSq9AAE","CreatedDate":"2016-03-08T19:00:02.000Z"}}|0x428d095a
20:21:13.0 (12225974)|STATEMENT_EXECUTE|[152]
20:21:13.0 (12246853)|ENTERING_MANAGED_PKG|
20:21:13.0 (12256923)|STATEMENT_EXECUTE|[153]
20:21:13.0 (12267095)|HEAP_ALLOCATE|[152]|Bytes:5
20:21:13.0 (12286228)|HEAP_ALLOCATE|[152]|Bytes:28
20:21:13.0 (12293623)|VARIABLE_SCOPE_BEGIN|[152]|PSetName|PermissionSet|true|false
20:21:13.0 (12316067)|VARIABLE_ASSIGNMENT|[152]|PSetName|{"s":1,"v":{"Id":"0PS36000000mmnYGAQ","Label":"00e1a000000MWaJAAW","Name":"X00e1a000000MWaJAAW","NamespacePrefix":"shiva15testns","UserLicenseId":"10036000000eSqAAAU","CreatedDate":"2016-03-08T19:00:02.000Z"}}|0x2d947e5d
20:21:13.0 (12321577)|STATEMENT_EXECUTE|[152]
20:21:13.0 (12343402)|ENTERING_MANAGED_PKG|
20:21:13.0 (12353489)|STATEMENT_EXECUTE|[153]
20:21:13.0 (12363921)|HEAP_ALLOCATE|[152]|Bytes:5
20:21:13.0 (12383298)|HEAP_ALLOCATE|[152]|Bytes:28
20:21:13.0 (12391238)|VARIABLE_SCOPE_BEGIN|[152]|PSetName|PermissionSet|true|false
20:21:13.0 (12412060)|VARIABLE_ASSIGNMENT|[152]|PSetName|{"s":1,"v":{"Id":"0PS36000000mmnZGAQ","Label":"00e1a000000MWaKAAW","Name":"X00e1a000000MWaKAAW","NamespacePrefix":"shiva15testns","UserLicenseId":"10036000000eSqBAAU","CreatedDate":"2016-03-08T19:00:02.000Z"}}|0x66b26763
20:21:13.0 (12416746)|STATEMENT_EXECUTE|[152]
20:21:13.0 (12438140)|ENTERING_MANAGED_PKG|
20:21:13.0 (12448225)|STATEMENT_EXECUTE|[153]
20:21:13.0 (12458604)|HEAP_ALLOCATE|[152]|Bytes:5
20:21:13.0 (12477759)|HEAP_ALLOCATE|[152]|Bytes:28
20:21:13.0 (12485142)|VARIABLE_SCOPE_BEGIN|[152]|PSetName|PermissionSet|true|false
20:21:13.0 (12506056)|VARIABLE_ASSIGNMENT|[152]|PSetName|{"s":1,"v":{"Id":"0PS36000000mmnaGAA","Label":"00e1a000000MWaLAAW","Name":"X00e1a000000MWaLAAW","NamespacePrefix":"shiva15testns","UserLicenseId":"10036000000eSqCAAU","CreatedDate":"2016-03-08T19:00:02.000Z"}}|0x26261d2e
20:21:13.0 (12510669)|STATEMENT_EXECUTE|[152]
20:21:13.0 (12536249)|ENTERING_MANAGED_PKG|
20:21:13.0 (12546613)|STATEMENT_EXECUTE|[153]
20:21:13.0 (12557139)|HEAP_ALLOCATE|[152]|Bytes:5
20:21:13.0 (12576511)|HEAP_ALLOCATE|[152]|Bytes:28
20:21:13.0 (12584045)|VARIABLE_SCOPE_BEGIN|[152]|PSetName|PermissionSet|true|false
20:21:13.0 (12605172)|VARIABLE_ASSIGNMENT|[152]|PSetName|{"s":1,"v":{"Id":"0PS36000000mmnbGAA","Label":"00e1a000000MWaMAAW","Name":"X00e1a000000MWaMAAW","NamespacePrefix":"shiva15testns","UserLicenseId":"10036000000eSqDAAU","CreatedDate":"2016-03-08T19:00:02.000Z"}}|0xc4b1769
20:21:13.0 (12609889)|STATEMENT_EXECUTE|[152]
20:21:13.0 (12631106)|ENTERING_MANAGED_PKG|
20:21:13.0 (12641067)|STATEMENT_EXECUTE|[153]
20:21:13.0 (12651381)|HEAP_ALLOCATE|[152]|Bytes:5
20:21:13.0 (12670611)|HEAP_ALLOCATE|[152]|Bytes:28
20:21:13.0 (12678059)|VARIABLE_SCOPE_BEGIN|[152]|PSetName|PermissionSet|true|false
20:21:13.0 (12699062)|VARIABLE_ASSIGNMENT|[152]|PSetName|{"s":1,"v":{"Id":"0PS36000000mmncGAA","Label":"00e1a000000MWaNAAW","Name":"X00e1a000000MWaNAAW","NamespacePrefix":"shiva15testns","UserLicenseId":"10036000000eSqEAAU","CreatedDate":"2016-03-08T19:00:02.000Z"}}|0x2a3e62b
20:21:13.0 (12703353)|STATEMENT_EXECUTE|[152]
20:21:13.0 (12724333)|ENTERING_MANAGED_PKG|
20:21:13.0 (12734787)|STATEMENT_EXECUTE|[153]
20:21:13.0 (12745115)|HEAP_ALLOCATE|[152]|Bytes:5
20:21:13.0 (12764234)|HEAP_ALLOCATE|[152]|Bytes:28
20:21:13.0 (12771535)|VARIABLE_SCOPE_BEGIN|[152]|PSetName|PermissionSet|true|false
20:21:13.0 (12792171)|VARIABLE_ASSIGNMENT|[152]|PSetName|{"s":1,"v":{"Id":"0PS36000000mmndGAA","Label":"00e1a000000MWaOAAW","Name":"X00e1a000000MWaOAAW","NamespacePrefix":"shiva15testns","UserLicenseId":"10036000000eSqFAAU","CreatedDate":"2016-03-08T19:00:02.000Z"}}|0x77df0063
20:21:13.0 (12796224)|STATEMENT_EXECUTE|[152]
20:21:13.0 (12817268)|ENTERING_MANAGED_PKG|
20:21:13.0 (12827289)|STATEMENT_EXECUTE|[153]
20:21:13.0 (12837480)|HEAP_ALLOCATE|[152]|Bytes:5
20:21:13.0 (12856454)|HEAP_ALLOCATE|[152]|Bytes:28
20:21:13.0 (12863916)|VARIABLE_SCOPE_BEGIN|[152]|PSetName|PermissionSet|true|false
20:21:13.0 (12884642)|VARIABLE_ASSIGNMENT|[152]|PSetName|{"s":1,"v":{"Id":"0PS36000000mmneGAA","Label":"00e1a000000MWaPAAW","Name":"X00e1a000000MWaPAAW","NamespacePrefix":"shiva15testns","UserLicenseId":"10036000000eSqGAAU","CreatedDate":"2016-03-08T19:00:02.000Z"}}|0x6186acdb
20:21:13.0 (12889233)|STATEMENT_EXECUTE|[152]
20:21:13.0 (12910565)|ENTERING_MANAGED_PKG|
20:21:13.0 (12920644)|STATEMENT_EXECUTE|[153]
20:21:13.0 (12930902)|HEAP_ALLOCATE|[152]|Bytes:5
20:21:13.0 (12949959)|HEAP_ALLOCATE|[152]|Bytes:28
20:21:13.0 (12957267)|VARIABLE_SCOPE_BEGIN|[152]|PSetName|PermissionSet|true|false
20:21:13.0 (12977780)|VARIABLE_ASSIGNMENT|[152]|PSetName|{"s":1,"v":{"Id":"0PS36000000mmnfGAA","Label":"00e1a000000MWaQAAW","Name":"X00e1a000000MWaQAAW","NamespacePrefix":"shiva15testns","UserLicenseId":"10036000000eSqHAAU","CreatedDate":"2016-03-08T19:00:02.000Z"}}|0x35221fdd
20:21:13.0 (12982285)|STATEMENT_EXECUTE|[152]
20:21:13.0 (13003436)|ENTERING_MANAGED_PKG|
20:21:13.0 (13014342)|STATEMENT_EXECUTE|[153]
20:21:13.0 (13024719)|HEAP_ALLOCATE|[152]|Bytes:5
20:21:13.0 (13044002)|HEAP_ALLOCATE|[152]|Bytes:28
20:21:13.0 (13051417)|VARIABLE_SCOPE_BEGIN|[152]|PSetName|PermissionSet|true|false
20:21:13.0 (13072037)|VARIABLE_ASSIGNMENT|[152]|PSetName|{"s":1,"v":{"Id":"0PS36000000mmngGAA","Label":"00e1a000000MWaRAAW","Name":"X00e1a000000MWaRAAW","NamespacePrefix":"shiva15testns","UserLicenseId":"10036000000eSqIAAU","CreatedDate":"2016-03-08T19:00:02.000Z"}}|0x282d25ec
20:21:13.0 (13076905)|STATEMENT_EXECUTE|[152]
20:21:13.0 (13097927)|ENTERING_MANAGED_PKG|
20:21:13.0 (13108023)|STATEMENT_EXECUTE|[153]
20:21:13.0 (13118290)|HEAP_ALLOCATE|[152]|Bytes:5
20:21:13.0 (13137707)|HEAP_ALLOCATE|[152]|Bytes:28
20:21:13.0 (13145169)|VARIABLE_SCOPE_BEGIN|[152]|PSetName|PermissionSet|true|false
20:21:13.0 (13166018)|VARIABLE_ASSIGNMENT|[152]|PSetName|{"s":1,"v":{"Id":"0PS36000000mmnhGAA","Label":"00e1a000000MWaSAAW","Name":"X00e1a000000MWaSAAW","NamespacePrefix":"shiva15testns","UserLicenseId":"10036000000eSqJAAU","CreatedDate":"2016-03-08T19:00:02.000Z"}}|0x277ee492
20:21:13.0 (13170315)|STATEMENT_EXECUTE|[152]
20:21:13.0 (13191317)|ENTERING_MANAGED_PKG|
20:21:13.0 (13201292)|STATEMENT_EXECUTE|[153]
20:21:13.0 (13211636)|HEAP_ALLOCATE|[152]|Bytes:5
20:21:13.0 (13231291)|HEAP_ALLOCATE|[152]|Bytes:28
20:21:13.0 (13238787)|VARIABLE_SCOPE_BEGIN|[152]|PSetName|PermissionSet|true|false
20:21:13.0 (13259600)|VARIABLE_ASSIGNMENT|[152]|PSetName|{"s":1,"v":{"Id":"0PS36000000mmniGAA","Label":"00e1a000000MWaTAAW","Name":"X00e1a000000MWaTAAW","NamespacePrefix":"shiva15testns","UserLicenseId":"10036000000eSqJAAU","CreatedDate":"2016-03-08T19:00:02.000Z"}}|0x734a64d2
20:21:13.0 (13264170)|STATEMENT_EXECUTE|[152]
20:21:13.0 (13285210)|ENTERING_MANAGED_PKG|
20:21:13.0 (13295287)|STATEMENT_EXECUTE|[153]
20:21:13.0 (13305494)|HEAP_ALLOCATE|[152]|Bytes:5
20:21:13.0 (13327318)|HEAP_ALLOCATE|[152]|Bytes:28
20:21:13.0 (13335494)|VARIABLE_SCOPE_BEGIN|[152]|PSetName|PermissionSet|true|false
20:21:13.0 (13356366)|VARIABLE_ASSIGNMENT|[152]|PSetName|{"s":1,"v":{"Id":"0PS36000000mmnjGAA","Label":"00e1a000000MWaUAAW","Name":"X00e1a000000MWaUAAW","NamespacePrefix":"shiva15testns","UserLicenseId":"10036000000eSqKAAU","CreatedDate":"2016-03-08T19:00:02.000Z"}}|0x56334191
20:21:13.0 (13360758)|STATEMENT_EXECUTE|[152]
20:21:13.0 (13381938)|ENTERING_MANAGED_PKG|
20:21:13.0 (13391993)|STATEMENT_EXECUTE|[153]
20:21:13.0 (13402346)|HEAP_ALLOCATE|[152]|Bytes:5
20:21:13.0 (13421385)|HEAP_ALLOCATE|[152]|Bytes:28
20:21:13.0 (13428880)|VARIABLE_SCOPE_BEGIN|[152]|PSetName|PermissionSet|true|false
20:21:13.0 (13449978)|VARIABLE_ASSIGNMENT|[152]|PSetName|{"s":1,"v":{"Id":"0PS36000000mmnlGAA","Label":"00e1a000000N1LRAA0","Name":"X00e1a000000N1LRAA0","NamespacePrefix":"shiva15testns","UserLicenseId":"10036000000eSqLAAU","CreatedDate":"2016-03-08T19:00:02.000Z"}}|0x17701cfe
20:21:13.0 (13454602)|STATEMENT_EXECUTE|[152]
20:21:13.0 (13475407)|ENTERING_MANAGED_PKG|
20:21:13.0 (13485595)|STATEMENT_EXECUTE|[153]
20:21:13.0 (13495827)|HEAP_ALLOCATE|[152]|Bytes:5
20:21:13.0 (13514806)|HEAP_ALLOCATE|[152]|Bytes:28
20:21:13.0 (13525878)|VARIABLE_SCOPE_BEGIN|[152]|PSetName|PermissionSet|true|false
20:21:13.0 (13546791)|VARIABLE_ASSIGNMENT|[152]|PSetName|{"s":1,"v":{"Id":"0PS36000000mmnmGAA","Label":"00e1a000000N1LSAA0","Name":"X00e1a000000N1LSAA0","NamespacePrefix":"shiva15testns","UserLicenseId":"10036000000eSqMAAU","CreatedDate":"2016-03-08T19:00:02.000Z"}}|0x477a20f6
20:21:13.0 (13551662)|STATEMENT_EXECUTE|[152]
20:21:13.0 (13572960)|ENTERING_MANAGED_PKG|
20:21:13.0 (13583005)|STATEMENT_EXECUTE|[153]
20:21:13.0 (13593344)|HEAP_ALLOCATE|[152]|Bytes:5
20:21:13.0 (13613040)|HEAP_ALLOCATE|[152]|Bytes:28
20:21:13.0 (13620475)|VARIABLE_SCOPE_BEGIN|[152]|PSetName|PermissionSet|true|false
20:21:13.0 (13641487)|VARIABLE_ASSIGNMENT|[152]|PSetName|{"s":1,"v":{"Id":"0PS36000000mmnnGAA","Label":"00e1a000000N1wKAAS","Name":"X00e1a000000N1wKAAS","NamespacePrefix":"shiva15testns","UserLicenseId":"10036000000eSqNAAU","CreatedDate":"2016-03-08T19:00:02.000Z"}}|0x6736a03f
20:21:13.0 (13645740)|STATEMENT_EXECUTE|[152]
20:21:13.0 (13666580)|ENTERING_MANAGED_PKG|
20:21:13.0 (13676693)|STATEMENT_EXECUTE|[153]
20:21:13.0 (13686914)|HEAP_ALLOCATE|[152]|Bytes:5
20:21:13.0 (13706223)|HEAP_ALLOCATE|[152]|Bytes:28
20:21:13.0 (13713823)|VARIABLE_SCOPE_BEGIN|[152]|PSetName|PermissionSet|true|false
20:21:13.0 (13734523)|VARIABLE_ASSIGNMENT|[152]|PSetName|{"s":1,"v":{"Id":"0PS36000000mmnoGAA","Label":"00e1a000000N1wLAAS","Name":"X00e1a000000N1wLAAS","NamespacePrefix":"shiva15testns","UserLicenseId":"10036000000eSqNAAU","CreatedDate":"2016-03-08T19:00:02.000Z"}}|0x2b454a81
20:21:13.0 (13739260)|STATEMENT_EXECUTE|[152]
20:21:13.0 (13760047)|ENTERING_MANAGED_PKG|
20:21:13.0 (13769932)|STATEMENT_EXECUTE|[153]
20:21:13.0 (13780135)|HEAP_ALLOCATE|[152]|Bytes:5
20:21:13.0 (13799216)|HEAP_ALLOCATE|[152]|Bytes:28
20:21:13.0 (13806901)|VARIABLE_SCOPE_BEGIN|[152]|PSetName|PermissionSet|true|false
20:21:13.0 (13827608)|VARIABLE_ASSIGNMENT|[152]|PSetName|{"s":1,"v":{"Id":"0PS36000000mmnqGAA","Label":"00e1a000000MWaAAAW","Name":"X00e1a000000MWaAAAW","NamespacePrefix":"shiva15testns","UserLicenseId":"10036000000eSq1AAE","CreatedDate":"2016-03-08T19:00:02.000Z"}}|0x3cc524fb
20:21:13.0 (13832440)|STATEMENT_EXECUTE|[152]
20:21:13.0 (13853387)|ENTERING_MANAGED_PKG|
20:21:13.0 (13863704)|STATEMENT_EXECUTE|[153]
20:21:13.0 (13874024)|HEAP_ALLOCATE|[152]|Bytes:5
20:21:13.0 (13892902)|HEAP_ALLOCATE|[152]|Bytes:32
20:21:13.0 (13900369)|VARIABLE_SCOPE_BEGIN|[152]|PSetName|PermissionSet|true|false
20:21:13.0 (13924441)|VARIABLE_ASSIGNMENT|[152]|PSetName|{"s":1,"v":{"Id":"0PS36000000q71PGAQ","Label":"PermissionSet_Test_t (12 more) ...","Name":"PermissionSet_Test_t (6 more) ...","Description":"This is for testing  (42 more) ...","NamespacePrefix":"shiva15testns","UserLicenseId":"10036000000eSpyAAE","CreatedDate":"2016-03-20T22:41:12.000Z"}}|0x2aaede05
20:21:13.0 (13929808)|STATEMENT_EXECUTE|[152]
20:21:13.0 (13951008)|ENTERING_MANAGED_PKG|
20:21:13.0 (13961734)|STATEMENT_EXECUTE|[153]
20:21:13.0 (13963447)|STATEMENT_EXECUTE|[154]
20:21:13.0 (13970150)|HEAP_ALLOCATE|[154]|Bytes:240
20:21:13.0 (13975765)|HEAP_ALLOCATE|[154]|Bytes:31
20:21:13.0 (14003131)|HEAP_ALLOCATE|[154]|Bytes:32
20:21:13.0 (14055222)|ENTERING_MANAGED_PKG|
20:21:13.0 (14084571)|HEAP_ALLOCATE|[154]|Bytes:18
20:21:13.0 (14140499)|ENTERING_MANAGED_PKG|
20:21:13.0 (14145223)|HEAP_ALLOCATE|[154]|Bytes:18
20:21:13.0 (14183551)|ENTERING_MANAGED_PKG|
20:21:13.0 (14220036)|HEAP_ALLOCATE|[154]|Bytes:19
20:21:13.0 (14271539)|CONSTRUCTOR_ENTRY|[154]|01p36000005Jpvx|<init>(String,String,String,String,String,String,String)
20:21:13.0 (14297500)|VARIABLE_SCOPE_BEGIN|[967]|this|shiva15testns.PermissionSetPortalControllers.PermissionSetClass|true|false
20:21:13.0 (14376852)|VARIABLE_ASSIGNMENT|[967]|this|{}|0x5ed1e185
20:21:13.0 (14383941)|VARIABLE_SCOPE_BEGIN|[967]|label|String|false|false
20:21:13.0 (14391031)|VARIABLE_ASSIGNMENT|[967]|label|"PermissionSet_Test_t (12 more) ..."
20:21:13.0 (14394471)|VARIABLE_SCOPE_BEGIN|[967]|apiName|String|false|false
20:21:13.0 (14398664)|VARIABLE_ASSIGNMENT|[967]|apiName|"PermissionSet_Test_t (6 more) ..."
20:21:13.0 (14405420)|VARIABLE_SCOPE_BEGIN|[967]|id|String|false|false
20:21:13.0 (14409064)|VARIABLE_ASSIGNMENT|[967]|id|"0PS36000000q71PGAQ"
20:21:13.0 (14412001)|VARIABLE_SCOPE_BEGIN|[967]|description|String|false|false
20:21:13.0 (14416033)|VARIABLE_ASSIGNMENT|[967]|description|"This is for testing  (42 more) ..."
20:21:13.0 (14419462)|VARIABLE_SCOPE_BEGIN|[967]|namespacePrefix|String|false|false
20:21:13.0 (14422792)|VARIABLE_ASSIGNMENT|[967]|namespacePrefix|"shiva15testns"
20:21:13.0 (14425713)|VARIABLE_SCOPE_BEGIN|[967]|userLicenseId|String|false|false
20:21:13.0 (14429158)|VARIABLE_ASSIGNMENT|[967]|userLicenseId|"10036000000eSpyAAE"
20:21:13.0 (14432036)|VARIABLE_SCOPE_BEGIN|[967]|createdDate|String|false|false
20:21:13.0 (14435166)|VARIABLE_ASSIGNMENT|[967]|createdDate|"2016-03-20 15:41:12"
20:21:13.0 (14438799)|STATEMENT_EXECUTE|[950]
20:21:13.0 (14440310)|STATEMENT_EXECUTE|[953]
20:21:13.0 (14441925)|STATEMENT_EXECUTE|[955]
20:21:13.0 (14443065)|STATEMENT_EXECUTE|[957]
20:21:13.0 (14444084)|STATEMENT_EXECUTE|[959]
20:21:13.0 (14445248)|STATEMENT_EXECUTE|[961]
20:21:13.0 (14446386)|STATEMENT_EXECUTE|[963]
20:21:13.0 (14447510)|STATEMENT_EXECUTE|[965]
20:21:13.0 (14456481)|HEAP_ALLOCATE|[969]|Bytes:6
20:21:13.0 (14484438)|STATEMENT_EXECUTE|[968]
20:21:13.0 (14486501)|STATEMENT_EXECUTE|[969]
20:21:13.0 (14581307)|VARIABLE_ASSIGNMENT|[EXTERNAL]|this|{}|0x5ed1e185
20:21:13.0 (14591187)|VARIABLE_ASSIGNMENT|[EXTERNAL]|value|"PermissionSet_Test_t (12 more) ..."
20:21:13.0 (14603980)|VARIABLE_ASSIGNMENT|[953]|this.label|"PermissionSet_Test_t (12 more) ..."|0x5ed1e185
20:21:13.0 (14612111)|STATEMENT_EXECUTE|[970]
20:21:13.0 (14671243)|VARIABLE_ASSIGNMENT|[EXTERNAL]|this|{"label":"PermissionSet_Test_t (12 more) ..."}|0x5ed1e185
20:21:13.0 (14680154)|VARIABLE_ASSIGNMENT|[EXTERNAL]|value|"PermissionSet_Test_t (6 more) ..."
20:21:13.0 (14689614)|VARIABLE_ASSIGNMENT|[955]|this.apiName|"PermissionSet_Test_t (6 more) ..."|0x5ed1e185
20:21:13.0 (14697187)|STATEMENT_EXECUTE|[971]
20:21:13.0 (14754689)|VARIABLE_ASSIGNMENT|[EXTERNAL]|this|{"apiName":"PermissionSet_Test_t (6 more) ...","label":"PermissionSet_Test_t (12 more) ..."}|0x5ed1e185
20:21:13.0 (14763330)|VARIABLE_ASSIGNMENT|[EXTERNAL]|value|"0PS36000000q71PGAQ"
20:21:13.0 (14772296)|VARIABLE_ASSIGNMENT|[957]|this.id|"0PS36000000q71PGAQ"|0x5ed1e185
20:21:13.0 (14779922)|STATEMENT_EXECUTE|[972]
20:21:13.0 (14836895)|VARIABLE_ASSIGNMENT|[EXTERNAL]|this|{"apiName":"PermissionSet_Test_t (6 more) ...","id":"0PS36000000q71PGAQ","label":"PermissionSet_Test_t (12 more) ..."}|0x5ed1e185
20:21:13.0 (14846452)|VARIABLE_ASSIGNMENT|[EXTERNAL]|value|"This is for testing  (42 more) ..."
20:21:13.0 (14855760)|VARIABLE_ASSIGNMENT|[959]|this.description|"This is for testing  (42 more) ..."|0x5ed1e185
20:21:13.0 (14863553)|STATEMENT_EXECUTE|[973]
20:21:13.0 (14921900)|VARIABLE_ASSIGNMENT|[EXTERNAL]|this|{"apiName":"PermissionSet_Test_t (6 more) ...","description":"This is for testing  (42 more) ...","id":"0PS36000000q71PGAQ","label":"PermissionSet_Test_t (12 more) ..."}|0x5ed1e185
20:21:13.0 (14930588)|VARIABLE_ASSIGNMENT|[EXTERNAL]|value|"shiva15testns"
20:21:13.0 (14939150)|VARIABLE_ASSIGNMENT|[961]|this.namespacePrefix|"shiva15testns"|0x5ed1e185
20:21:13.0 (14946499)|STATEMENT_EXECUTE|[974]
20:21:13.0 (15004158)|VARIABLE_ASSIGNMENT|[EXTERNAL]|this|{"apiName":"PermissionSet_Test_t (6 more) ...","description":"This is for testing  (42 more) ...","id":"0PS36000000q71PGAQ","label":"PermissionSet_Test_t (12 more) ...","namespacePrefix":"shiva15testns"}|0x5ed1e185
20:21:13.0 (15013888)|VARIABLE_ASSIGNMENT|[EXTERNAL]|value|"10036000000eSpyAAE"
20:21:13.0 (15022530)|VARIABLE_ASSIGNMENT|[963]|this.userLicenseId|"10036000000eSpyAAE"|0x5ed1e185
20:21:13.0 (15029801)|STATEMENT_EXECUTE|[975]
20:21:13.0 (15089537)|VARIABLE_ASSIGNMENT|[EXTERNAL]|this|{"apiName":"PermissionSet_Test_t (6 more) ...","description":"This is for testing  (42 more) ...","id":"0PS36000000q71PGAQ","label":"PermissionSet_Test_t (12 more) ...","namespacePrefix":"shiva15testns","userLicenseId":"10036000000eSpyAAE"}|0x5ed1e185
20:21:13.0 (15098928)|VARIABLE_ASSIGNMENT|[EXTERNAL]|value|"2016-03-20 15:41:12"
20:21:13.0 (15107945)|VARIABLE_ASSIGNMENT|[965]|this.createdDate|"2016-03-20 15:41:12"|0x5ed1e185
20:21:13.0 (15123187)|CONSTRUCTOR_EXIT|[154]|01p36000005Jpvx|<init>(String,String,String,String,String,String,String)
20:21:13.0 (15148086)|VARIABLE_ASSIGNMENT|[154]|pSetObj|{"apiName":"PermissionSet_Test_t (6 more) ...","createdDate":"2016-03-20 15:41:12","description":"This is for testing  (42 more) ...","id":"0PS36000000q71PGAQ","label":"PermissionSet_Test_t (12 more) ...","namespacePrefix":"shiva15testns","userLicenseId":"10036000000eSpyAAE"}|0x5ed1e185
20:21:13.0 (15152666)|STATEMENT_EXECUTE|[155]
20:21:13.0 (15168747)|ENTERING_MANAGED_PKG|
20:21:13.0 (15193851)|HEAP_ALLOCATE|[EXTERNAL]|Bytes:4
20:21:13.0 (15210841)|HEAP_ALLOCATE|[152]|Bytes:5
20:21:13.0 (15223572)|VARIABLE_ASSIGNMENT|[152]|PSetName|null|
20:21:13.0 (15227820)|STATEMENT_EXECUTE|[159]
20:21:13.0 (15239317)|SYSTEM_MODE_EXIT|false
20:21:13.15 (15285929)|CUMULATIVE_LIMIT_USAGE
20:21:13.15 (15285929)|LIMIT_USAGE_FOR_NS|(default)|
  Number of SOQL queries: 0 out of 100
  Number of query rows: 0 out of 50000
  Number of SOSL queries: 0 out of 20
  Number of DML statements: 0 out of 150
  Number of DML rows: 0 out of 10000
  Maximum CPU time: 0 out of 10000
  Maximum heap size: 0 out of 6000000
  Number of callouts: 0 out of 100
  Number of Email Invocations: 0 out of 10
  Number of future calls: 0 out of 50
  Number of queueable jobs added to the queue: 0 out of 50
  Number of Mobile Apex push calls: 0 out of 10

20:21:13.15 (15285929)|LIMIT_USAGE_FOR_NS|shiva15testns|
  Number of SOQL queries: 1 out of 100
  Number of query rows: 37 out of 50000
  Number of SOSL queries: 0 out of 20
  Number of DML statements: 0 out of 150
  Number of DML rows: 0 out of 10000
  Maximum CPU time: 0 out of 10000
  Maximum heap size: 0 out of 6000000
  Number of callouts: 0 out of 100
  Number of Email Invocations: 0 out of 10
  Number of future calls: 0 out of 50
  Number of queueable jobs added to the queue: 0 out of 50
  Number of Mobile Apex push calls: 0 out of 10

20:21:13.15 (15285929)|CUMULATIVE_LIMIT_USAGE_END

20:21:13.0 (15342469)|CODE_UNIT_FINISHED|PermissionSetPortalControllers.getAllPermissionSets
20:21:13.0 (17083277)|EXECUTION_FINISHED
20:21:13.19 (19690906)|EXECUTION_STARTED
20:21:13.19 (19700546)|CODE_UNIT_STARTED|[EXTERNAL]|Aura
20:21:13.19 (19748590)|CODE_UNIT_FINISHED|Aura
20:21:13.19 (20765965)|EXECUTION_FINISHED
