36.0 APEX_CODE,FINEST;APEX_PROFILING,INFO;CALLOUT,INFO;DB,INFO;SYSTEM,DEBUG;VALIDATION,INFO;VISUALFORCE,INFO;WORKFLOW,INFO
15:18:06.0 (72132)|EXECUTION_STARTED
15:18:06.0 (100921)|CODE_UNIT_STARTED|[EXTERNAL]|01p36000005Jpvx|PermissionSetPortalControllers.getAllPermissionSets
15:18:06.0 (335431)|VARIABLE_SCOPE_BEGIN|[3]|PermissionSetPortalControllers.AllPermissionSets|List<PermissionSet>|true|true
15:18:06.0 (357327)|VARIABLE_SCOPE_BEGIN|[10]|PermissionSetPortalControllers.accountField|Set<String>|true|true
15:18:06.0 (364013)|VARIABLE_SCOPE_BEGIN|[5]|PermissionSetPortalControllers.allObjectsOfOrg|List<shiva15testns.PermissionSetPortalControllers.ObjectDetailsClass>|true|true
15:18:06.0 (370761)|VARIABLE_SCOPE_BEGIN|[9]|PermissionSetPortalControllers.contactsField|Set<String>|true|true
15:18:06.0 (375697)|VARIABLE_SCOPE_BEGIN|[7]|PermissionSetPortalControllers.isNotSystemSObjectList|Set<String>|true|true
15:18:06.0 (549972)|HEAP_ALLOCATE|[72]|Bytes:3
15:18:06.0 (597258)|HEAP_ALLOCATE|[77]|Bytes:152
15:18:06.0 (616881)|HEAP_ALLOCATE|[342]|Bytes:408
15:18:06.0 (636320)|HEAP_ALLOCATE|[355]|Bytes:408
15:18:06.0 (653876)|HEAP_ALLOCATE|[467]|Bytes:48
15:18:06.0 (692700)|HEAP_ALLOCATE|[139]|Bytes:6
15:18:06.0 (719684)|HEAP_ALLOCATE|[EXTERNAL]|Bytes:168
15:18:06.0 (726343)|HEAP_ALLOCATE|[EXTERNAL]|Bytes:90
15:18:06.0 (730643)|HEAP_ALLOCATE|[EXTERNAL]|Bytes:402
15:18:06.0 (752424)|METHOD_ENTRY|[1]|01p36000005Jpvx|PermissionSetPortalControllers.PermissionSetPortalControllers()
15:18:06.0 (758323)|STATEMENT_EXECUTE|[1]
15:18:06.0 (765651)|STATEMENT_EXECUTE|[1]
15:18:06.0 (798526)|HEAP_ALLOCATE|[50]|Bytes:5
15:18:06.0 (822733)|HEAP_ALLOCATE|[56]|Bytes:5
15:18:06.0 (833235)|HEAP_ALLOCATE|[64]|Bytes:7
15:18:06.0 (860054)|SYSTEM_MODE_ENTER|false
15:18:06.0 (878581)|HEAP_ALLOCATE|[9]|Bytes:5
15:18:06.0 (883182)|STATEMENT_EXECUTE|[9]
15:18:06.0 (889381)|HEAP_ALLOCATE|[9]|Bytes:4
15:18:06.0 (931322)|ENTERING_MANAGED_PKG|
15:18:06.0 (1032407)|VARIABLE_ASSIGNMENT|[9]|PermissionSetPortalControllers.contactsField|{"s":1,"v":[]}|0x4bdf4703
15:18:06.0 (1038404)|STATEMENT_EXECUTE|[10]
15:18:06.0 (1044194)|HEAP_ALLOCATE|[10]|Bytes:4
15:18:06.0 (1057991)|ENTERING_MANAGED_PKG|
15:18:06.0 (1094068)|VARIABLE_ASSIGNMENT|[10]|PermissionSetPortalControllers.accountField|{"s":1,"v":[]}|0x7018a81e
15:18:06.0 (1098330)|STATEMENT_EXECUTE|[1089]
15:18:06.0 (1100022)|STATEMENT_EXECUTE|[1118]
15:18:06.0 (1101283)|STATEMENT_EXECUTE|[1146]
15:18:06.0 (1102706)|STATEMENT_EXECUTE|[1175]
15:18:06.0 (1104314)|STATEMENT_EXECUTE|[1191]
15:18:06.0 (1105572)|STATEMENT_EXECUTE|[1208]
15:18:06.0 (1110159)|STATEMENT_EXECUTE|[1219]
15:18:06.0 (1111455)|STATEMENT_EXECUTE|[1224]
15:18:06.0 (1120148)|SYSTEM_MODE_EXIT|false
15:18:06.0 (1138015)|METHOD_EXIT|[1]|PermissionSetPortalControllers
15:18:06.0 (1146535)|SYSTEM_MODE_ENTER|false
15:18:06.0 (1161841)|HEAP_ALLOCATE|[157]|Bytes:5
15:18:06.0 (1166412)|STATEMENT_EXECUTE|[156]
15:18:06.0 (1167928)|STATEMENT_EXECUTE|[157]
15:18:06.0 (1169064)|STATEMENT_EXECUTE|[157]
15:18:06.0 (1170153)|STATEMENT_EXECUTE|[158]
15:18:06.0 (1173544)|HEAP_ALLOCATE|[158]|Bytes:99
15:18:06.0 (1184114)|HEAP_ALLOCATE|[158]|Bytes:4
15:18:06.0 (1885625)|SOQL_EXECUTE_BEGIN|[158]|Aggregations:0|SELECT Id, label, Name, Description, NamespacePrefix, UserLicenseId, CreatedDate FROM PermissionSet
15:18:06.0 (5684786)|SOQL_EXECUTE_END|[158]|Rows:40
15:18:06.0 (5718799)|HEAP_ALLOCATE|[158]|Bytes:164
15:18:06.0 (5841073)|HEAP_ALLOCATE|[158]|Bytes:6981
15:18:06.0 (5901880)|HEAP_ALLOCATE|[158]|Bytes:164
15:18:06.0 (5942826)|VARIABLE_ASSIGNMENT|[158]|PermissionSetPortalControllers.AllPermissionSets|{"s":1,"v":"List of size 40 too large to display"}|0x134dbd53
15:18:06.0 (6078882)|ENTERING_MANAGED_PKG|
15:18:06.0 (6123117)|STATEMENT_EXECUTE|[159]
15:18:06.0 (6128259)|STATEMENT_EXECUTE|[160]
15:18:06.0 (6136276)|HEAP_ALLOCATE|[160]|Bytes:34
15:18:06.0 (6178605)|ENTERING_MANAGED_PKG|
15:18:06.0 (6210654)|USER_DEBUG|[160]|DEBUG|inside AllPermissionSets not empty
15:18:06.0 (6223213)|STATEMENT_EXECUTE|[161]
15:18:06.0 (6419591)|VARIABLE_SCOPE_BEGIN|[161]|pSetObj|shiva15testns.PermissionSetPortalControllers.PermissionSetClass|true|false
15:18:06.0 (6437390)|VARIABLE_ASSIGNMENT|[161]|pSetObj|null|
15:18:06.0 (6442445)|STATEMENT_EXECUTE|[162]
15:18:06.0 (6451073)|HEAP_ALLOCATE|[162]|Bytes:4
15:18:06.0 (6525836)|ENTERING_MANAGED_PKG|
15:18:06.0 (6553818)|VARIABLE_SCOPE_BEGIN|[162]|permissionSetsLst|List<shiva15testns.PermissionSetPortalControllers.PermissionSetClass>|true|false
15:18:06.0 (6605362)|HEAP_ALLOCATE|[EXTERNAL]|Bytes:4
15:18:06.0 (6624924)|VARIABLE_ASSIGNMENT|[162]|permissionSetsLst|{"s":1,"v":[]}|0x5d293f49
15:18:06.0 (6652023)|ENTERING_MANAGED_PKG|
15:18:06.0 (6974708)|HEAP_ALLOCATE|[163]|Bytes:5
15:18:06.0 (7025412)|HEAP_ALLOCATE|[163]|Bytes:28
15:18:06.0 (7047810)|VARIABLE_SCOPE_BEGIN|[163]|PSetName|PermissionSet|true|false
15:18:06.0 (7119828)|VARIABLE_ASSIGNMENT|[163]|PSetName|{"s":1,"v":{"Id":"0PS36000000mmnFGAQ","Label":"00e1a000000MWa8AAG","Name":"X00e1a000000MWa8AAG","NamespacePrefix":"shiva15testns","UserLicenseId":"10036000000eSpzAAE","CreatedDate":"2016-03-08T19:00:02.000Z"}}|0x55d2c4a1
15:18:06.0 (7128971)|STATEMENT_EXECUTE|[163]
15:18:06.0 (7180016)|HEAP_ALLOCATE|[164]|Bytes:3
15:18:06.0 (7232466)|ENTERING_MANAGED_PKG|
15:18:06.0 (7296841)|STATEMENT_EXECUTE|[164]
15:18:06.0 (7322241)|HEAP_ALLOCATE|[163]|Bytes:5
15:18:06.0 (7363318)|HEAP_ALLOCATE|[163]|Bytes:28
15:18:06.0 (7379574)|VARIABLE_SCOPE_BEGIN|[163]|PSetName|PermissionSet|true|false
15:18:06.0 (7423955)|VARIABLE_ASSIGNMENT|[163]|PSetName|{"s":1,"v":{"Id":"0PS36000000mmnGGAQ","Label":"00ex00000018ozl_128_ (10 more) ...","Name":"X00ex00000018ozl_128 (11 more) ...","NamespacePrefix":"shiva15testns","UserLicenseId":"10036000000eSpyAAE","CreatedDate":"2016-03-08T19:00:02.000Z"}}|0x7c989cab
15:18:06.0 (7433909)|STATEMENT_EXECUTE|[163]
15:18:06.0 (7469998)|ENTERING_MANAGED_PKG|
15:18:06.0 (7489260)|STATEMENT_EXECUTE|[164]
15:18:06.0 (7508587)|HEAP_ALLOCATE|[163]|Bytes:5
15:18:06.0 (7546860)|HEAP_ALLOCATE|[163]|Bytes:28
15:18:06.0 (7562109)|VARIABLE_SCOPE_BEGIN|[163]|PSetName|PermissionSet|true|false
15:18:06.0 (7603317)|VARIABLE_ASSIGNMENT|[163]|PSetName|{"s":1,"v":{"Id":"0PS36000000mmnHGAQ","Label":"00ex00000018ozm_128_ (10 more) ...","Name":"X00ex00000018ozm_128 (11 more) ...","NamespacePrefix":"shiva15testns","UserLicenseId":"10036000000eSpyAAE","CreatedDate":"2016-03-08T19:00:02.000Z"}}|0x46590b40
15:18:06.0 (7612902)|STATEMENT_EXECUTE|[163]
15:18:06.0 (7648481)|ENTERING_MANAGED_PKG|
15:18:06.0 (7667963)|STATEMENT_EXECUTE|[164]
15:18:06.0 (7687966)|HEAP_ALLOCATE|[163]|Bytes:5
15:18:06.0 (7725125)|HEAP_ALLOCATE|[163]|Bytes:28
15:18:06.0 (7739641)|VARIABLE_SCOPE_BEGIN|[163]|PSetName|PermissionSet|true|false
15:18:06.0 (7780149)|VARIABLE_ASSIGNMENT|[163]|PSetName|{"s":1,"v":{"Id":"0PS36000000mmnIGAQ","Label":"00ex00000018ozk_128_ (10 more) ...","Name":"X00ex00000018ozk_128 (11 more) ...","NamespacePrefix":"shiva15testns","UserLicenseId":"10036000000eSpyAAE","CreatedDate":"2016-03-08T19:00:02.000Z"}}|0x63fce4e9
15:18:06.0 (7789916)|STATEMENT_EXECUTE|[163]
15:18:06.0 (7822078)|ENTERING_MANAGED_PKG|
15:18:06.0 (7841501)|STATEMENT_EXECUTE|[164]
15:18:06.0 (7861603)|HEAP_ALLOCATE|[163]|Bytes:5
15:18:06.0 (7898557)|HEAP_ALLOCATE|[163]|Bytes:28
15:18:06.0 (7909294)|VARIABLE_SCOPE_BEGIN|[163]|PSetName|PermissionSet|true|false
15:18:06.0 (7937856)|VARIABLE_ASSIGNMENT|[163]|PSetName|{"s":1,"v":{"Id":"0PS36000000mmnJGAQ","Label":"00ex00000018ozj_128_ (10 more) ...","Name":"X00ex00000018ozj_128 (11 more) ...","NamespacePrefix":"shiva15testns","UserLicenseId":"10036000000eSpyAAE","CreatedDate":"2016-03-08T19:00:02.000Z"}}|0x20c8c3fb
15:18:06.0 (7943074)|STATEMENT_EXECUTE|[163]
15:18:06.0 (7968729)|ENTERING_MANAGED_PKG|
15:18:06.0 (7980583)|STATEMENT_EXECUTE|[164]
15:18:06.0 (7992211)|HEAP_ALLOCATE|[163]|Bytes:5
15:18:06.0 (8013885)|HEAP_ALLOCATE|[163]|Bytes:28
15:18:06.0 (8022808)|VARIABLE_SCOPE_BEGIN|[163]|PSetName|PermissionSet|true|false
15:18:06.0 (8049117)|VARIABLE_ASSIGNMENT|[163]|PSetName|{"s":1,"v":{"Id":"0PS36000000mmnKGAQ","Label":"00ex00000018ozo_128_ (10 more) ...","Name":"X00ex00000018ozo_128 (11 more) ...","NamespacePrefix":"shiva15testns","UserLicenseId":"10036000000eSpyAAE","CreatedDate":"2016-03-08T19:00:02.000Z"}}|0x188d7e8d
15:18:06.0 (8054024)|STATEMENT_EXECUTE|[163]
15:18:06.0 (8075720)|ENTERING_MANAGED_PKG|
15:18:06.0 (8085042)|STATEMENT_EXECUTE|[164]
15:18:06.0 (8095885)|HEAP_ALLOCATE|[163]|Bytes:5
15:18:06.0 (8116084)|HEAP_ALLOCATE|[163]|Bytes:28
15:18:06.0 (8123696)|VARIABLE_SCOPE_BEGIN|[163]|PSetName|PermissionSet|true|false
15:18:06.0 (8148310)|VARIABLE_ASSIGNMENT|[163]|PSetName|{"s":1,"v":{"Id":"0PS36000000mmnLGAQ","Label":"00ex00000018ozh_128_ (10 more) ...","Name":"X00ex00000018ozh_128 (11 more) ...","NamespacePrefix":"shiva15testns","UserLicenseId":"10036000000eSpyAAE","CreatedDate":"2016-03-08T19:00:02.000Z"}}|0x168075d7
15:18:06.0 (8153229)|STATEMENT_EXECUTE|[163]
15:18:06.0 (8178932)|ENTERING_MANAGED_PKG|
15:18:06.0 (8189001)|STATEMENT_EXECUTE|[164]
15:18:06.0 (8200015)|HEAP_ALLOCATE|[163]|Bytes:5
15:18:06.0 (8220169)|HEAP_ALLOCATE|[163]|Bytes:28
15:18:06.0 (8227855)|VARIABLE_SCOPE_BEGIN|[163]|PSetName|PermissionSet|true|false
15:18:06.0 (8252101)|VARIABLE_ASSIGNMENT|[163]|PSetName|{"s":1,"v":{"Id":"0PS36000000mmnMGAQ","Label":"00ex00000018ozq_128_ (11 more) ...","Name":"X00ex00000018ozq_128 (12 more) ...","NamespacePrefix":"shiva15testns","UserLicenseId":"10036000000eSpyAAE","CreatedDate":"2016-03-08T19:00:02.000Z"}}|0x125f0042
15:18:06.0 (8256604)|STATEMENT_EXECUTE|[163]
15:18:06.0 (8277714)|ENTERING_MANAGED_PKG|
15:18:06.0 (8287126)|STATEMENT_EXECUTE|[164]
15:18:06.0 (8297535)|HEAP_ALLOCATE|[163]|Bytes:5
15:18:06.0 (8317468)|HEAP_ALLOCATE|[163]|Bytes:28
15:18:06.0 (8325044)|VARIABLE_SCOPE_BEGIN|[163]|PSetName|PermissionSet|true|false
15:18:06.0 (8348705)|VARIABLE_ASSIGNMENT|[163]|PSetName|{"s":1,"v":{"Id":"0PS36000000mmnNGAQ","Label":"00ex00000018ozp_128_ (10 more) ...","Name":"X00ex00000018ozp_128 (11 more) ...","NamespacePrefix":"shiva15testns","UserLicenseId":"10036000000eSpyAAE","CreatedDate":"2016-03-08T19:00:02.000Z"}}|0x74eecee9
15:18:06.0 (8353727)|STATEMENT_EXECUTE|[163]
15:18:06.0 (8374338)|ENTERING_MANAGED_PKG|
15:18:06.0 (8383379)|STATEMENT_EXECUTE|[164]
15:18:06.0 (8393846)|HEAP_ALLOCATE|[163]|Bytes:5
15:18:06.0 (8413409)|HEAP_ALLOCATE|[163]|Bytes:28
15:18:06.0 (8420873)|VARIABLE_SCOPE_BEGIN|[163]|PSetName|PermissionSet|true|false
15:18:06.0 (8444585)|VARIABLE_ASSIGNMENT|[163]|PSetName|{"s":1,"v":{"Id":"0PS36000000mmnOGAQ","Label":"00ex00000018ozn_128_ (10 more) ...","Name":"X00ex00000018ozn_128 (11 more) ...","NamespacePrefix":"shiva15testns","UserLicenseId":"10036000000eSpyAAE","CreatedDate":"2016-03-08T19:00:02.000Z"}}|0x7e4afef
15:18:06.0 (8449141)|STATEMENT_EXECUTE|[163]
15:18:06.0 (8469593)|ENTERING_MANAGED_PKG|
15:18:06.0 (8478745)|STATEMENT_EXECUTE|[164]
15:18:06.0 (8489352)|HEAP_ALLOCATE|[163]|Bytes:5
15:18:06.0 (8509009)|HEAP_ALLOCATE|[163]|Bytes:28
15:18:06.0 (8516569)|VARIABLE_SCOPE_BEGIN|[163]|PSetName|PermissionSet|true|false
15:18:06.0 (8539385)|VARIABLE_ASSIGNMENT|[163]|PSetName|{"s":1,"v":{"Id":"0PS36000000mmnPGAQ","Label":"00e1a000000MWa9AAG","Name":"X00e1a000000MWa9AAG","NamespacePrefix":"shiva15testns","UserLicenseId":"10036000000eSq0AAE","CreatedDate":"2016-03-08T19:00:02.000Z"}}|0x12df4c09
15:18:06.0 (8543971)|STATEMENT_EXECUTE|[163]
15:18:06.0 (8564448)|ENTERING_MANAGED_PKG|
15:18:06.0 (8573402)|STATEMENT_EXECUTE|[164]
15:18:06.0 (8583746)|HEAP_ALLOCATE|[163]|Bytes:5
15:18:06.0 (8603376)|HEAP_ALLOCATE|[163]|Bytes:28
15:18:06.0 (8611029)|VARIABLE_SCOPE_BEGIN|[163]|PSetName|PermissionSet|true|false
15:18:06.0 (8633427)|VARIABLE_ASSIGNMENT|[163]|PSetName|{"s":1,"v":{"Id":"0PS36000000mmnQGAQ","Label":"00e1a000000MWaBAAW","Name":"X00e1a000000MWaBAAW","NamespacePrefix":"shiva15testns","UserLicenseId":"10036000000eSq2AAE","CreatedDate":"2016-03-08T19:00:02.000Z"}}|0x78680300
15:18:06.0 (8638530)|STATEMENT_EXECUTE|[163]
15:18:06.0 (8658840)|ENTERING_MANAGED_PKG|
15:18:06.0 (8667942)|STATEMENT_EXECUTE|[164]
15:18:06.0 (8678280)|HEAP_ALLOCATE|[163]|Bytes:5
15:18:06.0 (8697933)|HEAP_ALLOCATE|[163]|Bytes:28
15:18:06.0 (8705271)|VARIABLE_SCOPE_BEGIN|[163]|PSetName|PermissionSet|true|false
15:18:06.0 (8727787)|VARIABLE_ASSIGNMENT|[163]|PSetName|{"s":1,"v":{"Id":"0PS36000000mmnRGAQ","Label":"00e1a000000MWaCAAW","Name":"X00e1a000000MWaCAAW","NamespacePrefix":"shiva15testns","UserLicenseId":"10036000000eSq3AAE","CreatedDate":"2016-03-08T19:00:02.000Z"}}|0x7af30362
15:18:06.0 (8732707)|STATEMENT_EXECUTE|[163]
15:18:06.0 (8753030)|ENTERING_MANAGED_PKG|
15:18:06.0 (8762363)|STATEMENT_EXECUTE|[164]
15:18:06.0 (8772894)|HEAP_ALLOCATE|[163]|Bytes:5
15:18:06.0 (8792723)|HEAP_ALLOCATE|[163]|Bytes:28
15:18:06.0 (8800207)|VARIABLE_SCOPE_BEGIN|[163]|PSetName|PermissionSet|true|false
15:18:06.0 (8823078)|VARIABLE_ASSIGNMENT|[163]|PSetName|{"s":1,"v":{"Id":"0PS36000000mmnSGAQ","Label":"00e1a000000MWaDAAW","Name":"X00e1a000000MWaDAAW","NamespacePrefix":"shiva15testns","UserLicenseId":"10036000000eSq4AAE","CreatedDate":"2016-03-08T19:00:02.000Z"}}|0x584a5004
15:18:06.0 (8828103)|STATEMENT_EXECUTE|[163]
15:18:06.0 (8848669)|ENTERING_MANAGED_PKG|
15:18:06.0 (8857794)|STATEMENT_EXECUTE|[164]
15:18:06.0 (8868233)|HEAP_ALLOCATE|[163]|Bytes:5
15:18:06.0 (8887631)|HEAP_ALLOCATE|[163]|Bytes:28
15:18:06.0 (8895067)|VARIABLE_SCOPE_BEGIN|[163]|PSetName|PermissionSet|true|false
15:18:06.0 (8917624)|VARIABLE_ASSIGNMENT|[163]|PSetName|{"s":1,"v":{"Id":"0PS36000000mmnTGAQ","Label":"00e1a000000MWaEAAW","Name":"X00e1a000000MWaEAAW","NamespacePrefix":"shiva15testns","UserLicenseId":"10036000000eSq5AAE","CreatedDate":"2016-03-08T19:00:02.000Z"}}|0x301df000
15:18:06.0 (8921970)|STATEMENT_EXECUTE|[163]
15:18:06.0 (8942789)|ENTERING_MANAGED_PKG|
15:18:06.0 (8951989)|STATEMENT_EXECUTE|[164]
15:18:06.0 (8964142)|HEAP_ALLOCATE|[163]|Bytes:5
15:18:06.0 (8985761)|HEAP_ALLOCATE|[163]|Bytes:28
15:18:06.0 (8993285)|VARIABLE_SCOPE_BEGIN|[163]|PSetName|PermissionSet|true|false
15:18:06.0 (9016584)|VARIABLE_ASSIGNMENT|[163]|PSetName|{"s":1,"v":{"Id":"0PS36000000mmnUGAQ","Label":"00e1a000000MWaFAAW","Name":"X00e1a000000MWaFAAW","NamespacePrefix":"shiva15testns","UserLicenseId":"10036000000eSq6AAE","CreatedDate":"2016-03-08T19:00:02.000Z"}}|0x8d58500
15:18:06.0 (9022197)|STATEMENT_EXECUTE|[163]
15:18:06.0 (9043328)|ENTERING_MANAGED_PKG|
15:18:06.0 (9052647)|STATEMENT_EXECUTE|[164]
15:18:06.0 (9063252)|HEAP_ALLOCATE|[163]|Bytes:5
15:18:06.0 (9082971)|HEAP_ALLOCATE|[163]|Bytes:28
15:18:06.0 (9090369)|VARIABLE_SCOPE_BEGIN|[163]|PSetName|PermissionSet|true|false
15:18:06.0 (9112723)|VARIABLE_ASSIGNMENT|[163]|PSetName|{"s":1,"v":{"Id":"0PS36000000mmnVGAQ","Label":"00e1a000000MWaGAAW","Name":"X00e1a000000MWaGAAW","NamespacePrefix":"shiva15testns","UserLicenseId":"10036000000eSq7AAE","CreatedDate":"2016-03-08T19:00:02.000Z"}}|0x6a5f6f6b
15:18:06.0 (9117079)|STATEMENT_EXECUTE|[163]
15:18:06.0 (9159629)|ENTERING_MANAGED_PKG|
15:18:06.0 (9175910)|STATEMENT_EXECUTE|[164]
15:18:06.0 (9187592)|HEAP_ALLOCATE|[163]|Bytes:5
15:18:06.0 (9208429)|HEAP_ALLOCATE|[163]|Bytes:28
15:18:06.0 (9216317)|VARIABLE_SCOPE_BEGIN|[163]|PSetName|PermissionSet|true|false
15:18:06.0 (9239609)|VARIABLE_ASSIGNMENT|[163]|PSetName|{"s":1,"v":{"Id":"0PS36000000mmnWGAQ","Label":"00e1a000000MWaHAAW","Name":"X00e1a000000MWaHAAW","NamespacePrefix":"shiva15testns","UserLicenseId":"10036000000eSq8AAE","CreatedDate":"2016-03-08T19:00:02.000Z"}}|0x601fc854
15:18:06.0 (9244239)|STATEMENT_EXECUTE|[163]
15:18:06.0 (9265072)|ENTERING_MANAGED_PKG|
15:18:06.0 (9274232)|STATEMENT_EXECUTE|[164]
15:18:06.0 (9284793)|HEAP_ALLOCATE|[163]|Bytes:5
15:18:06.0 (9304632)|HEAP_ALLOCATE|[163]|Bytes:28
15:18:06.0 (9312100)|VARIABLE_SCOPE_BEGIN|[163]|PSetName|PermissionSet|true|false
15:18:06.0 (9334533)|VARIABLE_ASSIGNMENT|[163]|PSetName|{"s":1,"v":{"Id":"0PS36000000mmnXGAQ","Label":"00e1a000000MWaIAAW","Name":"X00e1a000000MWaIAAW","NamespacePrefix":"shiva15testns","UserLicenseId":"10036000000eSq9AAE","CreatedDate":"2016-03-08T19:00:02.000Z"}}|0x3f5da9a7
15:18:06.0 (9339296)|STATEMENT_EXECUTE|[163]
15:18:06.0 (9360006)|ENTERING_MANAGED_PKG|
15:18:06.0 (9369195)|STATEMENT_EXECUTE|[164]
15:18:06.0 (9379769)|HEAP_ALLOCATE|[163]|Bytes:5
15:18:06.0 (9399512)|HEAP_ALLOCATE|[163]|Bytes:28
15:18:06.0 (9406837)|VARIABLE_SCOPE_BEGIN|[163]|PSetName|PermissionSet|true|false
15:18:06.0 (9429368)|VARIABLE_ASSIGNMENT|[163]|PSetName|{"s":1,"v":{"Id":"0PS36000000mmnYGAQ","Label":"00e1a000000MWaJAAW","Name":"X00e1a000000MWaJAAW","NamespacePrefix":"shiva15testns","UserLicenseId":"10036000000eSqAAAU","CreatedDate":"2016-03-08T19:00:02.000Z"}}|0x1b84c6c9
15:18:06.0 (9433727)|STATEMENT_EXECUTE|[163]
15:18:06.0 (9454213)|ENTERING_MANAGED_PKG|
15:18:06.0 (9463252)|STATEMENT_EXECUTE|[164]
15:18:06.0 (9473603)|HEAP_ALLOCATE|[163]|Bytes:5
15:18:06.0 (9493309)|HEAP_ALLOCATE|[163]|Bytes:28
15:18:06.0 (9500773)|VARIABLE_SCOPE_BEGIN|[163]|PSetName|PermissionSet|true|false
15:18:06.0 (9523401)|VARIABLE_ASSIGNMENT|[163]|PSetName|{"s":1,"v":{"Id":"0PS36000000mmnZGAQ","Label":"00e1a000000MWaKAAW","Name":"X00e1a000000MWaKAAW","NamespacePrefix":"shiva15testns","UserLicenseId":"10036000000eSqBAAU","CreatedDate":"2016-03-08T19:00:02.000Z"}}|0xab1c6e5
15:18:06.0 (9528048)|STATEMENT_EXECUTE|[163]
15:18:06.0 (9548573)|ENTERING_MANAGED_PKG|
15:18:06.0 (9557625)|STATEMENT_EXECUTE|[164]
15:18:06.0 (9568056)|HEAP_ALLOCATE|[163]|Bytes:5
15:18:06.0 (9587658)|HEAP_ALLOCATE|[163]|Bytes:28
15:18:06.0 (9595110)|VARIABLE_SCOPE_BEGIN|[163]|PSetName|PermissionSet|true|false
15:18:06.0 (9617522)|VARIABLE_ASSIGNMENT|[163]|PSetName|{"s":1,"v":{"Id":"0PS36000000mmnaGAA","Label":"00e1a000000MWaLAAW","Name":"X00e1a000000MWaLAAW","NamespacePrefix":"shiva15testns","UserLicenseId":"10036000000eSqCAAU","CreatedDate":"2016-03-08T19:00:02.000Z"}}|0x1472e28f
15:18:06.0 (9621870)|STATEMENT_EXECUTE|[163]
15:18:06.0 (9642181)|ENTERING_MANAGED_PKG|
15:18:06.0 (9651306)|STATEMENT_EXECUTE|[164]
15:18:06.0 (9661566)|HEAP_ALLOCATE|[163]|Bytes:5
15:18:06.0 (9681089)|HEAP_ALLOCATE|[163]|Bytes:28
15:18:06.0 (9688988)|VARIABLE_SCOPE_BEGIN|[163]|PSetName|PermissionSet|true|false
15:18:06.0 (9711630)|VARIABLE_ASSIGNMENT|[163]|PSetName|{"s":1,"v":{"Id":"0PS36000000mmnbGAA","Label":"00e1a000000MWaMAAW","Name":"X00e1a000000MWaMAAW","NamespacePrefix":"shiva15testns","UserLicenseId":"10036000000eSqDAAU","CreatedDate":"2016-03-08T19:00:02.000Z"}}|0x46306137
15:18:06.0 (9716371)|STATEMENT_EXECUTE|[163]
15:18:06.0 (9736726)|ENTERING_MANAGED_PKG|
15:18:06.0 (9745835)|STATEMENT_EXECUTE|[164]
15:18:06.0 (9756217)|HEAP_ALLOCATE|[163]|Bytes:5
15:18:06.0 (9775951)|HEAP_ALLOCATE|[163]|Bytes:28
15:18:06.0 (9783379)|VARIABLE_SCOPE_BEGIN|[163]|PSetName|PermissionSet|true|false
15:18:06.0 (9806288)|VARIABLE_ASSIGNMENT|[163]|PSetName|{"s":1,"v":{"Id":"0PS36000000mmncGAA","Label":"00e1a000000MWaNAAW","Name":"X00e1a000000MWaNAAW","NamespacePrefix":"shiva15testns","UserLicenseId":"10036000000eSqEAAU","CreatedDate":"2016-03-08T19:00:02.000Z"}}|0x7b3f55b6
15:18:06.0 (9810775)|STATEMENT_EXECUTE|[163]
15:18:06.0 (9831387)|ENTERING_MANAGED_PKG|
15:18:06.0 (9840490)|STATEMENT_EXECUTE|[164]
15:18:06.0 (9851097)|HEAP_ALLOCATE|[163]|Bytes:5
15:18:06.0 (9870907)|HEAP_ALLOCATE|[163]|Bytes:28
15:18:06.0 (9878533)|VARIABLE_SCOPE_BEGIN|[163]|PSetName|PermissionSet|true|false
15:18:06.0 (9901234)|VARIABLE_ASSIGNMENT|[163]|PSetName|{"s":1,"v":{"Id":"0PS36000000mmndGAA","Label":"00e1a000000MWaOAAW","Name":"X00e1a000000MWaOAAW","NamespacePrefix":"shiva15testns","UserLicenseId":"10036000000eSqFAAU","CreatedDate":"2016-03-08T19:00:02.000Z"}}|0x7fbd22da
15:18:06.0 (9905668)|STATEMENT_EXECUTE|[163]
15:18:06.0 (9926135)|ENTERING_MANAGED_PKG|
15:18:06.0 (9935361)|STATEMENT_EXECUTE|[164]
15:18:06.0 (9945745)|HEAP_ALLOCATE|[163]|Bytes:5
15:18:06.0 (9968573)|HEAP_ALLOCATE|[163]|Bytes:28
15:18:06.0 (9977307)|VARIABLE_SCOPE_BEGIN|[163]|PSetName|PermissionSet|true|false
15:18:06.0 (10000390)|VARIABLE_ASSIGNMENT|[163]|PSetName|{"s":1,"v":{"Id":"0PS36000000mmneGAA","Label":"00e1a000000MWaPAAW","Name":"X00e1a000000MWaPAAW","NamespacePrefix":"shiva15testns","UserLicenseId":"10036000000eSqGAAU","CreatedDate":"2016-03-08T19:00:02.000Z"}}|0x7c58c138
15:18:06.0 (10006279)|STATEMENT_EXECUTE|[163]
15:18:06.0 (10027363)|ENTERING_MANAGED_PKG|
15:18:06.0 (10036692)|STATEMENT_EXECUTE|[164]
15:18:06.0 (10047335)|HEAP_ALLOCATE|[163]|Bytes:5
15:18:06.0 (10067404)|HEAP_ALLOCATE|[163]|Bytes:28
15:18:06.0 (10074947)|VARIABLE_SCOPE_BEGIN|[163]|PSetName|PermissionSet|true|false
15:18:06.0 (10097472)|VARIABLE_ASSIGNMENT|[163]|PSetName|{"s":1,"v":{"Id":"0PS36000000mmnfGAA","Label":"00e1a000000MWaQAAW","Name":"X00e1a000000MWaQAAW","NamespacePrefix":"shiva15testns","UserLicenseId":"10036000000eSqHAAU","CreatedDate":"2016-03-08T19:00:02.000Z"}}|0x39a42e5d
15:18:06.0 (10101779)|STATEMENT_EXECUTE|[163]
15:18:06.0 (10122502)|ENTERING_MANAGED_PKG|
15:18:06.0 (10131723)|STATEMENT_EXECUTE|[164]
15:18:06.0 (10142106)|HEAP_ALLOCATE|[163]|Bytes:5
15:18:06.0 (10161788)|HEAP_ALLOCATE|[163]|Bytes:28
15:18:06.0 (10173262)|VARIABLE_SCOPE_BEGIN|[163]|PSetName|PermissionSet|true|false
15:18:06.0 (10197207)|VARIABLE_ASSIGNMENT|[163]|PSetName|{"s":1,"v":{"Id":"0PS36000000mmngGAA","Label":"00e1a000000MWaRAAW","Name":"X00e1a000000MWaRAAW","NamespacePrefix":"shiva15testns","UserLicenseId":"10036000000eSqIAAU","CreatedDate":"2016-03-08T19:00:02.000Z"}}|0x38374e3a
15:18:06.0 (10202103)|STATEMENT_EXECUTE|[163]
15:18:06.0 (10223021)|ENTERING_MANAGED_PKG|
15:18:06.0 (10232303)|STATEMENT_EXECUTE|[164]
15:18:06.0 (10242754)|HEAP_ALLOCATE|[163]|Bytes:5
15:18:06.0 (10262513)|HEAP_ALLOCATE|[163]|Bytes:28
15:18:06.0 (10270111)|VARIABLE_SCOPE_BEGIN|[163]|PSetName|PermissionSet|true|false
15:18:06.0 (10293116)|VARIABLE_ASSIGNMENT|[163]|PSetName|{"s":1,"v":{"Id":"0PS36000000mmnhGAA","Label":"00e1a000000MWaSAAW","Name":"X00e1a000000MWaSAAW","NamespacePrefix":"shiva15testns","UserLicenseId":"10036000000eSqJAAU","CreatedDate":"2016-03-08T19:00:02.000Z"}}|0x2e8a0014
15:18:06.0 (10297526)|STATEMENT_EXECUTE|[163]
15:18:06.0 (10318050)|ENTERING_MANAGED_PKG|
15:18:06.0 (10327156)|STATEMENT_EXECUTE|[164]
15:18:06.0 (10337650)|HEAP_ALLOCATE|[163]|Bytes:5
15:18:06.0 (10357089)|HEAP_ALLOCATE|[163]|Bytes:28
15:18:06.0 (10364614)|VARIABLE_SCOPE_BEGIN|[163]|PSetName|PermissionSet|true|false
15:18:06.0 (10386729)|VARIABLE_ASSIGNMENT|[163]|PSetName|{"s":1,"v":{"Id":"0PS36000000mmniGAA","Label":"00e1a000000MWaTAAW","Name":"X00e1a000000MWaTAAW","NamespacePrefix":"shiva15testns","UserLicenseId":"10036000000eSqJAAU","CreatedDate":"2016-03-08T19:00:02.000Z"}}|0x146145fc
15:18:06.0 (10391090)|STATEMENT_EXECUTE|[163]
15:18:06.0 (10411481)|ENTERING_MANAGED_PKG|
15:18:06.0 (10420542)|STATEMENT_EXECUTE|[164]
15:18:06.0 (10430837)|HEAP_ALLOCATE|[163]|Bytes:5
15:18:06.0 (10450213)|HEAP_ALLOCATE|[163]|Bytes:28
15:18:06.0 (10457545)|VARIABLE_SCOPE_BEGIN|[163]|PSetName|PermissionSet|true|false
15:18:06.0 (10479591)|VARIABLE_ASSIGNMENT|[163]|PSetName|{"s":1,"v":{"Id":"0PS36000000mmnjGAA","Label":"00e1a000000MWaUAAW","Name":"X00e1a000000MWaUAAW","NamespacePrefix":"shiva15testns","UserLicenseId":"10036000000eSqKAAU","CreatedDate":"2016-03-08T19:00:02.000Z"}}|0xc2f57eb
15:18:06.0 (10484324)|STATEMENT_EXECUTE|[163]
15:18:06.0 (10504737)|ENTERING_MANAGED_PKG|
15:18:06.0 (10513855)|STATEMENT_EXECUTE|[164]
15:18:06.0 (10524108)|HEAP_ALLOCATE|[163]|Bytes:5
15:18:06.0 (10543791)|HEAP_ALLOCATE|[163]|Bytes:28
15:18:06.0 (10551210)|VARIABLE_SCOPE_BEGIN|[163]|PSetName|PermissionSet|true|false
15:18:06.0 (10574112)|VARIABLE_ASSIGNMENT|[163]|PSetName|{"s":1,"v":{"Id":"0PS36000000mmnlGAA","Label":"00e1a000000N1LRAA0","Name":"X00e1a000000N1LRAA0","NamespacePrefix":"shiva15testns","UserLicenseId":"10036000000eSqLAAU","CreatedDate":"2016-03-08T19:00:02.000Z"}}|0xe6b9eca
15:18:06.0 (10578527)|STATEMENT_EXECUTE|[163]
15:18:06.0 (10598690)|ENTERING_MANAGED_PKG|
15:18:06.0 (10607725)|STATEMENT_EXECUTE|[164]
15:18:06.0 (10618098)|HEAP_ALLOCATE|[163]|Bytes:5
15:18:06.0 (10637679)|HEAP_ALLOCATE|[163]|Bytes:28
15:18:06.0 (10644989)|VARIABLE_SCOPE_BEGIN|[163]|PSetName|PermissionSet|true|false
15:18:06.0 (10667281)|VARIABLE_ASSIGNMENT|[163]|PSetName|{"s":1,"v":{"Id":"0PS36000000mmnmGAA","Label":"00e1a000000N1LSAA0","Name":"X00e1a000000N1LSAA0","NamespacePrefix":"shiva15testns","UserLicenseId":"10036000000eSqMAAU","CreatedDate":"2016-03-08T19:00:02.000Z"}}|0x701fa5b3
15:18:06.0 (10672045)|STATEMENT_EXECUTE|[163]
15:18:06.0 (10692516)|ENTERING_MANAGED_PKG|
15:18:06.0 (10701561)|STATEMENT_EXECUTE|[164]
15:18:06.0 (10711704)|HEAP_ALLOCATE|[163]|Bytes:5
15:18:06.0 (10731335)|HEAP_ALLOCATE|[163]|Bytes:28
15:18:06.0 (10738889)|VARIABLE_SCOPE_BEGIN|[163]|PSetName|PermissionSet|true|false
15:18:06.0 (10761440)|VARIABLE_ASSIGNMENT|[163]|PSetName|{"s":1,"v":{"Id":"0PS36000000mmnnGAA","Label":"00e1a000000N1wKAAS","Name":"X00e1a000000N1wKAAS","NamespacePrefix":"shiva15testns","UserLicenseId":"10036000000eSqNAAU","CreatedDate":"2016-03-08T19:00:02.000Z"}}|0x6e4f40e9
15:18:06.0 (10766195)|STATEMENT_EXECUTE|[163]
15:18:06.0 (10786419)|ENTERING_MANAGED_PKG|
15:18:06.0 (10795457)|STATEMENT_EXECUTE|[164]
15:18:06.0 (10805976)|HEAP_ALLOCATE|[163]|Bytes:5
15:18:06.0 (10825661)|HEAP_ALLOCATE|[163]|Bytes:28
15:18:06.0 (10833554)|VARIABLE_SCOPE_BEGIN|[163]|PSetName|PermissionSet|true|false
15:18:06.0 (10856372)|VARIABLE_ASSIGNMENT|[163]|PSetName|{"s":1,"v":{"Id":"0PS36000000mmnoGAA","Label":"00e1a000000N1wLAAS","Name":"X00e1a000000N1wLAAS","NamespacePrefix":"shiva15testns","UserLicenseId":"10036000000eSqNAAU","CreatedDate":"2016-03-08T19:00:02.000Z"}}|0x1829d2c4
15:18:06.0 (10861044)|STATEMENT_EXECUTE|[163]
15:18:06.0 (10881542)|ENTERING_MANAGED_PKG|
15:18:06.0 (10890509)|STATEMENT_EXECUTE|[164]
15:18:06.0 (10900781)|HEAP_ALLOCATE|[163]|Bytes:5
15:18:06.0 (10920117)|HEAP_ALLOCATE|[163]|Bytes:28
15:18:06.0 (10927524)|VARIABLE_SCOPE_BEGIN|[163]|PSetName|PermissionSet|true|false
15:18:06.0 (10949851)|VARIABLE_ASSIGNMENT|[163]|PSetName|{"s":1,"v":{"Id":"0PS36000000mmnqGAA","Label":"00e1a000000MWaAAAW","Name":"X00e1a000000MWaAAAW","NamespacePrefix":"shiva15testns","UserLicenseId":"10036000000eSq1AAE","CreatedDate":"2016-03-08T19:00:02.000Z"}}|0x4a6692c5
15:18:06.0 (10954110)|STATEMENT_EXECUTE|[163]
15:18:06.0 (10977483)|ENTERING_MANAGED_PKG|
15:18:06.0 (10986950)|STATEMENT_EXECUTE|[164]
15:18:06.0 (10997618)|HEAP_ALLOCATE|[163]|Bytes:5
15:18:06.0 (11017444)|HEAP_ALLOCATE|[163]|Bytes:32
15:18:06.0 (11025562)|VARIABLE_SCOPE_BEGIN|[163]|PSetName|PermissionSet|true|false
15:18:06.0 (11050336)|VARIABLE_ASSIGNMENT|[163]|PSetName|{"s":1,"v":{"Id":"0PS36000000q71PGAQ","Label":"PermissionSet_Test","Name":"PermissionSet_Test","Description":"This is for testing  (11 more) ...","NamespacePrefix":"shiva15testns","UserLicenseId":"10036000000eSpyAAE","CreatedDate":"2016-03-20T22:41:12.000Z"}}|0x47d99407
15:18:06.0 (11055698)|STATEMENT_EXECUTE|[163]
15:18:06.0 (11076327)|ENTERING_MANAGED_PKG|
15:18:06.0 (11086109)|STATEMENT_EXECUTE|[164]
15:18:06.0 (11087843)|STATEMENT_EXECUTE|[166]
15:18:06.0 (11091462)|VARIABLE_SCOPE_BEGIN|[166]|user_License_Name|String|false|false
15:18:06.0 (11097888)|VARIABLE_ASSIGNMENT|[166]|user_License_Name|null
15:18:06.0 (11122694)|STATEMENT_EXECUTE|[167]
15:18:06.0 (11124730)|STATEMENT_EXECUTE|[168]
15:18:06.0 (11129308)|HEAP_ALLOCATE|[168]|Bytes:52
15:18:06.0 (11138365)|HEAP_ALLOCATE|[168]|Bytes:4
15:18:06.0 (11146033)|HEAP_ALLOCATE|[168]|Bytes:7
15:18:06.0 (12106879)|SOQL_EXECUTE_BEGIN|[168]|Aggregations:0|SELECT Id, Name FROM UserLicense WHERE Id = :tmpVar1
15:18:06.0 (14413823)|SOQL_EXECUTE_END|[168]|Rows:1
15:18:06.0 (14435900)|HEAP_ALLOCATE|[168]|Bytes:8
15:18:06.0 (14449657)|HEAP_ALLOCATE|[168]|Bytes:47
15:18:06.0 (14478541)|HEAP_ALLOCATE|[168]|Bytes:8
15:18:06.0 (14489357)|HEAP_ALLOCATE|[168]|Bytes:37
15:18:06.0 (14555549)|HEAP_ALLOCATE|[168]|Bytes:12
15:18:06.0 (14564454)|VARIABLE_SCOPE_BEGIN|[168]|ulicense|UserLicense|true|false
15:18:06.0 (14586501)|VARIABLE_ASSIGNMENT|[168]|ulicense|{"s":1,"v":{"Id":"10036000000eSpyAAE","Name":"Salesforce"}}|0x645394ab
15:18:06.0 (14590820)|STATEMENT_EXECUTE|[169]
15:18:06.0 (14620602)|VARIABLE_ASSIGNMENT|[169]|user_License_Name|"Salesforce"
15:18:06.0 (14624465)|STATEMENT_EXECUTE|[171]
15:18:06.0 (14632708)|HEAP_ALLOCATE|[171]|Bytes:240
15:18:06.0 (14640318)|HEAP_ALLOCATE|[171]|Bytes:39
15:18:06.0 (14664078)|HEAP_ALLOCATE|[171]|Bytes:32
15:18:06.0 (14716242)|ENTERING_MANAGED_PKG|
15:18:06.0 (14745882)|HEAP_ALLOCATE|[171]|Bytes:18
15:18:06.0 (14813931)|ENTERING_MANAGED_PKG|
15:18:06.0 (14850769)|HEAP_ALLOCATE|[171]|Bytes:19
15:18:06.0 (14895289)|CONSTRUCTOR_ENTRY|[171]|01p36000005Jpvx|<init>(String,String,String,String,String,String,String)
15:18:06.0 (14921651)|VARIABLE_SCOPE_BEGIN|[1106]|this|shiva15testns.PermissionSetPortalControllers.PermissionSetClass|true|false
15:18:06.0 (14994356)|VARIABLE_ASSIGNMENT|[1106]|this|{}|0x38214d9c
15:18:06.0 (14999611)|VARIABLE_SCOPE_BEGIN|[1106]|label|String|false|false
15:18:06.0 (15005196)|VARIABLE_ASSIGNMENT|[1106]|label|"PermissionSet_Test"
15:18:06.0 (15008571)|VARIABLE_SCOPE_BEGIN|[1106]|apiName|String|false|false
15:18:06.0 (15012146)|VARIABLE_ASSIGNMENT|[1106]|apiName|"PermissionSet_Test"
15:18:06.0 (15014490)|VARIABLE_SCOPE_BEGIN|[1106]|id|String|false|false
15:18:06.0 (15017962)|VARIABLE_ASSIGNMENT|[1106]|id|"0PS36000000q71PGAQ"
15:18:06.0 (15020186)|VARIABLE_SCOPE_BEGIN|[1106]|description|String|false|false
15:18:06.0 (15025014)|VARIABLE_ASSIGNMENT|[1106]|description|"This is for testing  (11 more) ..."
15:18:06.0 (15027433)|VARIABLE_SCOPE_BEGIN|[1106]|namespacePrefix|String|false|false
15:18:06.0 (15031155)|VARIABLE_ASSIGNMENT|[1106]|namespacePrefix|"shiva15testns"
15:18:06.0 (15033345)|VARIABLE_SCOPE_BEGIN|[1106]|userLicenseId|String|false|false
15:18:06.0 (15036645)|VARIABLE_ASSIGNMENT|[1106]|userLicenseId|"Salesforce"
15:18:06.0 (15038812)|VARIABLE_SCOPE_BEGIN|[1106]|createdDate|String|false|false
15:18:06.0 (15042132)|VARIABLE_ASSIGNMENT|[1106]|createdDate|"2016-03-20 15:41:12"
15:18:06.0 (15046107)|STATEMENT_EXECUTE|[1089]
15:18:06.0 (15047818)|STATEMENT_EXECUTE|[1092]
15:18:06.0 (15049402)|STATEMENT_EXECUTE|[1094]
15:18:06.0 (15050727)|STATEMENT_EXECUTE|[1096]
15:18:06.0 (15052027)|STATEMENT_EXECUTE|[1098]
15:18:06.0 (15053327)|STATEMENT_EXECUTE|[1100]
15:18:06.0 (15054558)|STATEMENT_EXECUTE|[1102]
15:18:06.0 (15055843)|STATEMENT_EXECUTE|[1104]
15:18:06.0 (15066043)|HEAP_ALLOCATE|[1108]|Bytes:6
15:18:06.0 (15098406)|STATEMENT_EXECUTE|[1107]
15:18:06.0 (15100633)|STATEMENT_EXECUTE|[1108]
15:18:06.0 (15193490)|VARIABLE_ASSIGNMENT|[EXTERNAL]|this|{}|0x38214d9c
15:18:06.0 (15201646)|VARIABLE_ASSIGNMENT|[EXTERNAL]|value|"PermissionSet_Test"
15:18:06.0 (15216979)|VARIABLE_ASSIGNMENT|[1092]|this.label|"PermissionSet_Test"|0x38214d9c
15:18:06.0 (15224884)|STATEMENT_EXECUTE|[1109]
15:18:06.0 (15277644)|VARIABLE_ASSIGNMENT|[EXTERNAL]|this|{"label":"PermissionSet_Test"}|0x38214d9c
15:18:06.0 (15284276)|VARIABLE_ASSIGNMENT|[EXTERNAL]|value|"PermissionSet_Test"
15:18:06.0 (15292657)|VARIABLE_ASSIGNMENT|[1094]|this.apiName|"PermissionSet_Test"|0x38214d9c
15:18:06.0 (15299605)|STATEMENT_EXECUTE|[1110]
15:18:06.0 (15350060)|VARIABLE_ASSIGNMENT|[EXTERNAL]|this|{"apiName":"PermissionSet_Test","label":"PermissionSet_Test"}|0x38214d9c
15:18:06.0 (15356988)|VARIABLE_ASSIGNMENT|[EXTERNAL]|value|"0PS36000000q71PGAQ"
15:18:06.0 (15365277)|VARIABLE_ASSIGNMENT|[1096]|this.id|"0PS36000000q71PGAQ"|0x38214d9c
15:18:06.0 (15372347)|STATEMENT_EXECUTE|[1111]
15:18:06.0 (15422946)|VARIABLE_ASSIGNMENT|[EXTERNAL]|this|{"apiName":"PermissionSet_Test","id":"0PS36000000q71PGAQ","label":"PermissionSet_Test"}|0x38214d9c
15:18:06.0 (15431213)|VARIABLE_ASSIGNMENT|[EXTERNAL]|value|"This is for testing  (11 more) ..."
15:18:06.0 (15441186)|VARIABLE_ASSIGNMENT|[1098]|this.description|"This is for testing  (11 more) ..."|0x38214d9c
15:18:06.0 (15448213)|STATEMENT_EXECUTE|[1112]
15:18:06.0 (15500419)|VARIABLE_ASSIGNMENT|[EXTERNAL]|this|{"apiName":"PermissionSet_Test","description":"This is for testing  (11 more) ...","id":"0PS36000000q71PGAQ","label":"PermissionSet_Test"}|0x38214d9c
15:18:06.0 (15508048)|VARIABLE_ASSIGNMENT|[EXTERNAL]|value|"shiva15testns"
15:18:06.0 (15516445)|VARIABLE_ASSIGNMENT|[1100]|this.namespacePrefix|"shiva15testns"|0x38214d9c
15:18:06.0 (15523505)|STATEMENT_EXECUTE|[1113]
15:18:06.0 (15575782)|VARIABLE_ASSIGNMENT|[EXTERNAL]|this|{"apiName":"PermissionSet_Test","description":"This is for testing  (11 more) ...","id":"0PS36000000q71PGAQ","label":"PermissionSet_Test","namespacePrefix":"shiva15testns"}|0x38214d9c
15:18:06.0 (15583023)|VARIABLE_ASSIGNMENT|[EXTERNAL]|value|"Salesforce"
15:18:06.0 (15591525)|VARIABLE_ASSIGNMENT|[1102]|this.userLicenseId|"Salesforce"|0x38214d9c
15:18:06.0 (15598492)|STATEMENT_EXECUTE|[1114]
15:18:06.0 (15651896)|VARIABLE_ASSIGNMENT|[EXTERNAL]|this|{"apiName":"PermissionSet_Test","description":"This is for testing  (11 more) ...","id":"0PS36000000q71PGAQ","label":"PermissionSet_Test","namespacePrefix":"shiva15testns","userLicenseId":"Salesforce"}|0x38214d9c
15:18:06.0 (15659844)|VARIABLE_ASSIGNMENT|[EXTERNAL]|value|"2016-03-20 15:41:12"
15:18:06.0 (15668316)|VARIABLE_ASSIGNMENT|[1104]|this.createdDate|"2016-03-20 15:41:12"|0x38214d9c
15:18:06.0 (15681924)|CONSTRUCTOR_EXIT|[171]|01p36000005Jpvx|<init>(String,String,String,String,String,String,String)
15:18:06.0 (15705617)|VARIABLE_ASSIGNMENT|[171]|pSetObj|{"apiName":"PermissionSet_Test","createdDate":"2016-03-20 15:41:12","description":"This is for testing  (11 more) ...","id":"0PS36000000q71PGAQ","label":"PermissionSet_Test","namespacePrefix":"shiva15testns","userLicenseId":"Salesforce"}|0x38214d9c
15:18:06.0 (15710338)|STATEMENT_EXECUTE|[173]
15:18:06.0 (15725794)|ENTERING_MANAGED_PKG|
15:18:06.0 (15757911)|HEAP_ALLOCATE|[EXTERNAL]|Bytes:4
15:18:06.0 (15766795)|STATEMENT_EXECUTE|[174]
15:18:06.0 (15962220)|HEAP_ALLOCATE|[174]|Bytes:24
15:18:06.0 (15983267)|ENTERING_MANAGED_PKG|
15:18:06.0 (16060777)|HEAP_ALLOCATE|[174]|Bytes:231
15:18:06.0 (16104816)|HEAP_ALLOCATE|[174]|Bytes:255
15:18:06.0 (16133795)|ENTERING_MANAGED_PKG|
15:18:06.0 (16147468)|USER_DEBUG|[174]|ERROR|The PermissionSet Name: PermissionSet:{Id=0PS36000000q71PGAQ, Label=PermissionSet_Test, Name=PermissionSet_Test, Description=This is for testing Description, NamespacePrefix=shiva15testns, UserLicenseId=10036000000eSpyAAE, CreatedDate=2016-03-20 22:41:12}
15:18:06.0 (16165098)|HEAP_ALLOCATE|[163]|Bytes:5
15:18:06.0 (16188465)|HEAP_ALLOCATE|[163]|Bytes:32
15:18:06.0 (16197369)|VARIABLE_SCOPE_BEGIN|[163]|PSetName|PermissionSet|true|false
15:18:06.0 (16227314)|VARIABLE_ASSIGNMENT|[163]|PSetName|{"s":1,"v":{"Id":"0PS360000017KxHGAU","Label":"Final_Test","Name":"Final_Test","Description":"Descp","NamespacePrefix":"shiva15testns","UserLicenseId":"10036000000eSpyAAE","CreatedDate":"2016-05-04T00:16:41.000Z"}}|0x5385cc1d
15:18:06.0 (16232927)|STATEMENT_EXECUTE|[163]
15:18:06.0 (16256282)|ENTERING_MANAGED_PKG|
15:18:06.0 (16266794)|STATEMENT_EXECUTE|[164]
15:18:06.0 (16268555)|STATEMENT_EXECUTE|[166]
15:18:06.0 (16272149)|VARIABLE_SCOPE_BEGIN|[166]|user_License_Name|String|false|false
15:18:06.0 (16278305)|VARIABLE_ASSIGNMENT|[166]|user_License_Name|null
15:18:06.0 (16284638)|STATEMENT_EXECUTE|[167]
15:18:06.0 (16286081)|STATEMENT_EXECUTE|[168]
15:18:06.0 (16290893)|HEAP_ALLOCATE|[168]|Bytes:4
15:18:06.0 (16478291)|SOQL_EXECUTE_BEGIN|[168]|Aggregations:0|SELECT Id, Name FROM UserLicense WHERE Id = :tmpVar1
15:18:06.0 (18197662)|SOQL_EXECUTE_END|[168]|Rows:1
15:18:06.0 (18215389)|HEAP_ALLOCATE|[168]|Bytes:8
15:18:06.0 (18227427)|HEAP_ALLOCATE|[168]|Bytes:47
15:18:06.0 (18242884)|HEAP_ALLOCATE|[168]|Bytes:8
15:18:06.0 (18271989)|HEAP_ALLOCATE|[168]|Bytes:12
15:18:06.0 (18280084)|VARIABLE_SCOPE_BEGIN|[168]|ulicense|UserLicense|true|false
15:18:06.0 (18297578)|VARIABLE_ASSIGNMENT|[168]|ulicense|{"s":1,"v":{"Id":"10036000000eSpyAAE","Name":"Salesforce"}}|0x5e38670b
15:18:06.0 (18301545)|STATEMENT_EXECUTE|[169]
15:18:06.0 (18314386)|VARIABLE_ASSIGNMENT|[169]|user_License_Name|"Salesforce"
15:18:06.0 (18317489)|STATEMENT_EXECUTE|[171]
15:18:06.0 (18322339)|HEAP_ALLOCATE|[171]|Bytes:32
15:18:06.0 (18344585)|ENTERING_MANAGED_PKG|
15:18:06.0 (18349328)|HEAP_ALLOCATE|[171]|Bytes:18
15:18:06.0 (18373271)|ENTERING_MANAGED_PKG|
15:18:06.0 (18386745)|HEAP_ALLOCATE|[171]|Bytes:19
15:18:06.0 (18404506)|CONSTRUCTOR_ENTRY|[171]|01p36000005Jpvx|<init>(String,String,String,String,String,String,String)
15:18:06.0 (18409927)|VARIABLE_SCOPE_BEGIN|[1106]|this|shiva15testns.PermissionSetPortalControllers.PermissionSetClass|true|false
15:18:06.0 (18432464)|VARIABLE_ASSIGNMENT|[1106]|this|{}|0x77bb9297
15:18:06.0 (18435566)|VARIABLE_SCOPE_BEGIN|[1106]|label|String|false|false
15:18:06.0 (18440109)|VARIABLE_ASSIGNMENT|[1106]|label|"Final_Test"
15:18:06.0 (18441894)|VARIABLE_SCOPE_BEGIN|[1106]|apiName|String|false|false
15:18:06.0 (18445110)|VARIABLE_ASSIGNMENT|[1106]|apiName|"Final_Test"
15:18:06.0 (18446892)|VARIABLE_SCOPE_BEGIN|[1106]|id|String|false|false
15:18:06.0 (18450302)|VARIABLE_ASSIGNMENT|[1106]|id|"0PS360000017KxHGAU"
15:18:06.0 (18452017)|VARIABLE_SCOPE_BEGIN|[1106]|description|String|false|false
15:18:06.0 (18454988)|VARIABLE_ASSIGNMENT|[1106]|description|"Descp"
15:18:06.0 (18457101)|VARIABLE_SCOPE_BEGIN|[1106]|namespacePrefix|String|false|false
15:18:06.0 (18460215)|VARIABLE_ASSIGNMENT|[1106]|namespacePrefix|"shiva15testns"
15:18:06.0 (18461950)|VARIABLE_SCOPE_BEGIN|[1106]|userLicenseId|String|false|false
15:18:06.0 (18464851)|VARIABLE_ASSIGNMENT|[1106]|userLicenseId|"Salesforce"
15:18:06.0 (18466645)|VARIABLE_SCOPE_BEGIN|[1106]|createdDate|String|false|false
15:18:06.0 (18469799)|VARIABLE_ASSIGNMENT|[1106]|createdDate|"2016-05-03 17:16:41"
15:18:06.0 (18472794)|STATEMENT_EXECUTE|[1089]
15:18:06.0 (18474215)|STATEMENT_EXECUTE|[1092]
15:18:06.0 (18475702)|STATEMENT_EXECUTE|[1094]
15:18:06.0 (18476896)|STATEMENT_EXECUTE|[1096]
15:18:06.0 (18478054)|STATEMENT_EXECUTE|[1098]
15:18:06.0 (18479231)|STATEMENT_EXECUTE|[1100]
15:18:06.0 (18480397)|STATEMENT_EXECUTE|[1102]
15:18:06.0 (18481539)|STATEMENT_EXECUTE|[1104]
15:18:06.0 (18493313)|STATEMENT_EXECUTE|[1107]
15:18:06.0 (18494913)|STATEMENT_EXECUTE|[1108]
15:18:06.0 (18514976)|VARIABLE_ASSIGNMENT|[EXTERNAL]|this|{}|0x77bb9297
15:18:06.0 (18520744)|VARIABLE_ASSIGNMENT|[EXTERNAL]|value|"Final_Test"
15:18:06.0 (18528277)|VARIABLE_ASSIGNMENT|[1092]|this.label|"Final_Test"|0x77bb9297
15:18:06.0 (18534421)|STATEMENT_EXECUTE|[1109]
15:18:06.0 (18554985)|VARIABLE_ASSIGNMENT|[EXTERNAL]|this|{"label":"Final_Test"}|0x77bb9297
15:18:06.0 (18559834)|VARIABLE_ASSIGNMENT|[EXTERNAL]|value|"Final_Test"
15:18:06.0 (18566054)|VARIABLE_ASSIGNMENT|[1094]|this.apiName|"Final_Test"|0x77bb9297
15:18:06.0 (18571630)|STATEMENT_EXECUTE|[1110]
15:18:06.0 (18591849)|VARIABLE_ASSIGNMENT|[EXTERNAL]|this|{"apiName":"Final_Test","label":"Final_Test"}|0x77bb9297
15:18:06.0 (18597014)|VARIABLE_ASSIGNMENT|[EXTERNAL]|value|"0PS360000017KxHGAU"
15:18:06.0 (18603424)|VARIABLE_ASSIGNMENT|[1096]|this.id|"0PS360000017KxHGAU"|0x77bb9297
15:18:06.0 (18609093)|STATEMENT_EXECUTE|[1111]
15:18:06.0 (18630026)|VARIABLE_ASSIGNMENT|[EXTERNAL]|this|{"apiName":"Final_Test","id":"0PS360000017KxHGAU","label":"Final_Test"}|0x77bb9297
15:18:06.0 (18635324)|VARIABLE_ASSIGNMENT|[EXTERNAL]|value|"Descp"
15:18:06.0 (18641652)|VARIABLE_ASSIGNMENT|[1098]|this.description|"Descp"|0x77bb9297
15:18:06.0 (18647093)|STATEMENT_EXECUTE|[1112]
15:18:06.0 (18668125)|VARIABLE_ASSIGNMENT|[EXTERNAL]|this|{"apiName":"Final_Test","description":"Descp","id":"0PS360000017KxHGAU","label":"Final_Test"}|0x77bb9297
15:18:06.0 (18673263)|VARIABLE_ASSIGNMENT|[EXTERNAL]|value|"shiva15testns"
15:18:06.0 (18679493)|VARIABLE_ASSIGNMENT|[1100]|this.namespacePrefix|"shiva15testns"|0x77bb9297
15:18:06.0 (18685055)|STATEMENT_EXECUTE|[1113]
15:18:06.0 (18706196)|VARIABLE_ASSIGNMENT|[EXTERNAL]|this|{"apiName":"Final_Test","description":"Descp","id":"0PS360000017KxHGAU","label":"Final_Test","namespacePrefix":"shiva15testns"}|0x77bb9297
15:18:06.0 (18711347)|VARIABLE_ASSIGNMENT|[EXTERNAL]|value|"Salesforce"
15:18:06.0 (18717363)|VARIABLE_ASSIGNMENT|[1102]|this.userLicenseId|"Salesforce"|0x77bb9297
15:18:06.0 (18722925)|STATEMENT_EXECUTE|[1114]
15:18:06.0 (18744789)|VARIABLE_ASSIGNMENT|[EXTERNAL]|this|{"apiName":"Final_Test","description":"Descp","id":"0PS360000017KxHGAU","label":"Final_Test","namespacePrefix":"shiva15testns","userLicenseId":"Salesforce"}|0x77bb9297
15:18:06.0 (18750640)|VARIABLE_ASSIGNMENT|[EXTERNAL]|value|"2016-05-03 17:16:41"
15:18:06.0 (18757160)|VARIABLE_ASSIGNMENT|[1104]|this.createdDate|"2016-05-03 17:16:41"|0x77bb9297
15:18:06.0 (18769160)|CONSTRUCTOR_EXIT|[171]|01p36000005Jpvx|<init>(String,String,String,String,String,String,String)
15:18:06.0 (18790273)|VARIABLE_ASSIGNMENT|[171]|pSetObj|{"apiName":"Final_Test","createdDate":"2016-05-03 17:16:41","description":"Descp","id":"0PS360000017KxHGAU","label":"Final_Test","namespacePrefix":"shiva15testns","userLicenseId":"Salesforce"}|0x77bb9297
15:18:06.0 (18794399)|STATEMENT_EXECUTE|[173]
15:18:06.0 (18806142)|ENTERING_MANAGED_PKG|
15:18:06.0 (18814358)|HEAP_ALLOCATE|[EXTERNAL]|Bytes:4
15:18:06.0 (18820790)|STATEMENT_EXECUTE|[174]
15:18:06.0 (18834784)|ENTERING_MANAGED_PKG|
15:18:06.0 (18882640)|HEAP_ALLOCATE|[174]|Bytes:189
15:18:06.0 (18897833)|HEAP_ALLOCATE|[174]|Bytes:213
15:18:06.0 (18910119)|ENTERING_MANAGED_PKG|
15:18:06.0 (18917652)|USER_DEBUG|[174]|ERROR|The PermissionSet Name: PermissionSet:{Id=0PS360000017KxHGAU, Label=Final_Test, Name=Final_Test, Description=Descp, NamespacePrefix=shiva15testns, UserLicenseId=10036000000eSpyAAE, CreatedDate=2016-05-04 00:16:41}
15:18:06.0 (18937201)|HEAP_ALLOCATE|[163]|Bytes:5
15:18:06.0 (18960510)|HEAP_ALLOCATE|[163]|Bytes:24
15:18:06.0 (18969408)|VARIABLE_SCOPE_BEGIN|[163]|PSetName|PermissionSet|true|false
15:18:06.0 (18995928)|VARIABLE_ASSIGNMENT|[163]|PSetName|{"s":1,"v":{"Id":"0PS36000001I6ugGAC","Label":"test_pSet","Name":"test_pSet","NamespacePrefix":"shiva15testns","CreatedDate":"2016-05-19T21:43:36.000Z"}}|0x5ec9b5b
15:18:06.0 (19000435)|STATEMENT_EXECUTE|[163]
15:18:06.0 (19023960)|ENTERING_MANAGED_PKG|
15:18:06.0 (19033984)|STATEMENT_EXECUTE|[164]
15:18:06.0 (19035746)|STATEMENT_EXECUTE|[166]
15:18:06.0 (19039196)|VARIABLE_SCOPE_BEGIN|[166]|user_License_Name|String|false|false
15:18:06.0 (19045144)|VARIABLE_ASSIGNMENT|[166]|user_License_Name|null
15:18:06.0 (19049654)|STATEMENT_EXECUTE|[167]
15:18:06.0 (19051518)|STATEMENT_EXECUTE|[171]
15:18:06.0 (19056125)|HEAP_ALLOCATE|[171]|Bytes:32
15:18:06.0 (19073399)|ENTERING_MANAGED_PKG|
15:18:06.0 (19077231)|HEAP_ALLOCATE|[171]|Bytes:18
15:18:06.0 (19098778)|ENTERING_MANAGED_PKG|
15:18:06.0 (19114985)|HEAP_ALLOCATE|[171]|Bytes:19
15:18:06.0 (19137198)|CONSTRUCTOR_ENTRY|[171]|01p36000005Jpvx|<init>(String,String,String,String,String,String,String)
15:18:06.0 (19142165)|VARIABLE_SCOPE_BEGIN|[1106]|this|shiva15testns.PermissionSetPortalControllers.PermissionSetClass|true|false
15:18:06.0 (19163111)|VARIABLE_ASSIGNMENT|[1106]|this|{}|0x4b338c96
15:18:06.0 (19165919)|VARIABLE_SCOPE_BEGIN|[1106]|label|String|false|false
15:18:06.0 (19170187)|VARIABLE_ASSIGNMENT|[1106]|label|"test_pSet"
15:18:06.0 (19172071)|VARIABLE_SCOPE_BEGIN|[1106]|apiName|String|false|false
15:18:06.0 (19174924)|VARIABLE_ASSIGNMENT|[1106]|apiName|"test_pSet"
15:18:06.0 (19176597)|VARIABLE_SCOPE_BEGIN|[1106]|id|String|false|false
15:18:06.0 (19179794)|VARIABLE_ASSIGNMENT|[1106]|id|"0PS36000001I6ugGAC"
15:18:06.0 (19181569)|VARIABLE_SCOPE_BEGIN|[1106]|description|String|false|false
15:18:06.0 (19184720)|VARIABLE_ASSIGNMENT|[1106]|description|null
15:18:06.0 (19186354)|VARIABLE_SCOPE_BEGIN|[1106]|namespacePrefix|String|false|false
15:18:06.0 (19189413)|VARIABLE_ASSIGNMENT|[1106]|namespacePrefix|"shiva15testns"
15:18:06.0 (19191114)|VARIABLE_SCOPE_BEGIN|[1106]|userLicenseId|String|false|false
15:18:06.0 (19193749)|VARIABLE_ASSIGNMENT|[1106]|userLicenseId|null
15:18:06.0 (19195373)|VARIABLE_SCOPE_BEGIN|[1106]|createdDate|String|false|false
15:18:06.0 (19199086)|VARIABLE_ASSIGNMENT|[1106]|createdDate|"2016-05-19 14:43:36"
15:18:06.0 (19201993)|STATEMENT_EXECUTE|[1089]
15:18:06.0 (19203316)|STATEMENT_EXECUTE|[1092]
15:18:06.0 (19204796)|STATEMENT_EXECUTE|[1094]
15:18:06.0 (19206002)|STATEMENT_EXECUTE|[1096]
15:18:06.0 (19207173)|STATEMENT_EXECUTE|[1098]
15:18:06.0 (19208341)|STATEMENT_EXECUTE|[1100]
15:18:06.0 (19209501)|STATEMENT_EXECUTE|[1102]
15:18:06.0 (19210673)|STATEMENT_EXECUTE|[1104]
15:18:06.0 (19222052)|STATEMENT_EXECUTE|[1107]
15:18:06.0 (19223695)|STATEMENT_EXECUTE|[1108]
15:18:06.0 (19243514)|VARIABLE_ASSIGNMENT|[EXTERNAL]|this|{}|0x4b338c96
15:18:06.0 (19249045)|VARIABLE_ASSIGNMENT|[EXTERNAL]|value|"test_pSet"
15:18:06.0 (19256116)|VARIABLE_ASSIGNMENT|[1092]|this.label|"test_pSet"|0x4b338c96
15:18:06.0 (19262480)|STATEMENT_EXECUTE|[1109]
15:18:06.0 (19282241)|VARIABLE_ASSIGNMENT|[EXTERNAL]|this|{"label":"test_pSet"}|0x4b338c96
15:18:06.0 (19289959)|VARIABLE_ASSIGNMENT|[EXTERNAL]|value|"test_pSet"
15:18:06.0 (19296408)|VARIABLE_ASSIGNMENT|[1094]|this.apiName|"test_pSet"|0x4b338c96
15:18:06.0 (19302032)|STATEMENT_EXECUTE|[1110]
15:18:06.0 (19322365)|VARIABLE_ASSIGNMENT|[EXTERNAL]|this|{"apiName":"test_pSet","label":"test_pSet"}|0x4b338c96
15:18:06.0 (19327370)|VARIABLE_ASSIGNMENT|[EXTERNAL]|value|"0PS36000001I6ugGAC"
15:18:06.0 (19333567)|VARIABLE_ASSIGNMENT|[1096]|this.id|"0PS36000001I6ugGAC"|0x4b338c96
15:18:06.0 (19339225)|STATEMENT_EXECUTE|[1111]
15:18:06.0 (19359556)|VARIABLE_ASSIGNMENT|[EXTERNAL]|this|{"apiName":"test_pSet","id":"0PS36000001I6ugGAC","label":"test_pSet"}|0x4b338c96
15:18:06.0 (19364663)|VARIABLE_ASSIGNMENT|[EXTERNAL]|value|null
15:18:06.0 (19370757)|VARIABLE_ASSIGNMENT|[1098]|this.description|null|0x4b338c96
15:18:06.0 (19376251)|STATEMENT_EXECUTE|[1112]
15:18:06.0 (19396513)|VARIABLE_ASSIGNMENT|[EXTERNAL]|this|{"apiName":"test_pSet","id":"0PS36000001I6ugGAC","label":"test_pSet"}|0x4b338c96
15:18:06.0 (19401217)|VARIABLE_ASSIGNMENT|[EXTERNAL]|value|"shiva15testns"
15:18:06.0 (19407333)|VARIABLE_ASSIGNMENT|[1100]|this.namespacePrefix|"shiva15testns"|0x4b338c96
15:18:06.0 (19412840)|STATEMENT_EXECUTE|[1113]
15:18:06.0 (19433354)|VARIABLE_ASSIGNMENT|[EXTERNAL]|this|{"apiName":"test_pSet","id":"0PS36000001I6ugGAC","label":"test_pSet","namespacePrefix":"shiva15testns"}|0x4b338c96
15:18:06.0 (19438490)|VARIABLE_ASSIGNMENT|[EXTERNAL]|value|null
15:18:06.0 (19444361)|VARIABLE_ASSIGNMENT|[1102]|this.userLicenseId|null|0x4b338c96
15:18:06.0 (19449697)|STATEMENT_EXECUTE|[1114]
15:18:06.0 (19470246)|VARIABLE_ASSIGNMENT|[EXTERNAL]|this|{"apiName":"test_pSet","id":"0PS36000001I6ugGAC","label":"test_pSet","namespacePrefix":"shiva15testns"}|0x4b338c96
15:18:06.0 (19476049)|VARIABLE_ASSIGNMENT|[EXTERNAL]|value|"2016-05-19 14:43:36"
15:18:06.0 (19482658)|VARIABLE_ASSIGNMENT|[1104]|this.createdDate|"2016-05-19 14:43:36"|0x4b338c96
15:18:06.0 (19494587)|CONSTRUCTOR_EXIT|[171]|01p36000005Jpvx|<init>(String,String,String,String,String,String,String)
15:18:06.0 (19514182)|VARIABLE_ASSIGNMENT|[171]|pSetObj|{"apiName":"test_pSet","createdDate":"2016-05-19 14:43:36","id":"0PS36000001I6ugGAC","label":"test_pSet","namespacePrefix":"shiva15testns"}|0x4b338c96
15:18:06.0 (19517880)|STATEMENT_EXECUTE|[173]
15:18:06.0 (19529350)|ENTERING_MANAGED_PKG|
15:18:06.0 (19537560)|HEAP_ALLOCATE|[EXTERNAL]|Bytes:4
15:18:06.0 (19543921)|STATEMENT_EXECUTE|[174]
15:18:06.0 (19557891)|ENTERING_MANAGED_PKG|
15:18:06.0 (19595244)|HEAP_ALLOCATE|[174]|Bytes:134
15:18:06.0 (19610091)|HEAP_ALLOCATE|[174]|Bytes:158
15:18:06.0 (19621857)|ENTERING_MANAGED_PKG|
15:18:06.0 (19628641)|USER_DEBUG|[174]|ERROR|The PermissionSet Name: PermissionSet:{Id=0PS36000001I6ugGAC, Label=test_pSet, Name=test_pSet, NamespacePrefix=shiva15testns, CreatedDate=2016-05-19 21:43:36}
15:18:06.0 (19643972)|HEAP_ALLOCATE|[163]|Bytes:5
15:18:06.0 (19665781)|HEAP_ALLOCATE|[163]|Bytes:28
15:18:06.0 (19674147)|VARIABLE_SCOPE_BEGIN|[163]|PSetName|PermissionSet|true|false
15:18:06.0 (19702530)|VARIABLE_ASSIGNMENT|[163]|PSetName|{"s":1,"v":{"Id":"0PS36000001I7jCGAS","Label":"Final_test_2","Name":"Final_test_2","Description":"This is a test witho (22 more) ...","NamespacePrefix":"shiva15testns","CreatedDate":"2016-05-19T22:18:06.000Z"}}|0x7b62d199
15:18:06.0 (19707467)|STATEMENT_EXECUTE|[163]
15:18:06.0 (19729306)|ENTERING_MANAGED_PKG|
15:18:06.0 (19739089)|STATEMENT_EXECUTE|[164]
15:18:06.0 (19740777)|STATEMENT_EXECUTE|[166]
15:18:06.0 (19744253)|VARIABLE_SCOPE_BEGIN|[166]|user_License_Name|String|false|false
15:18:06.0 (19750152)|VARIABLE_ASSIGNMENT|[166]|user_License_Name|null
15:18:06.0 (19754637)|STATEMENT_EXECUTE|[167]
15:18:06.0 (19756085)|STATEMENT_EXECUTE|[171]
15:18:06.0 (19760548)|HEAP_ALLOCATE|[171]|Bytes:32
15:18:06.0 (19777426)|ENTERING_MANAGED_PKG|
15:18:06.0 (19781310)|HEAP_ALLOCATE|[171]|Bytes:18
15:18:06.0 (19803900)|ENTERING_MANAGED_PKG|
15:18:06.0 (19816414)|HEAP_ALLOCATE|[171]|Bytes:19
15:18:06.0 (19833395)|CONSTRUCTOR_ENTRY|[171]|01p36000005Jpvx|<init>(String,String,String,String,String,String,String)
15:18:06.0 (19838533)|VARIABLE_SCOPE_BEGIN|[1106]|this|shiva15testns.PermissionSetPortalControllers.PermissionSetClass|true|false
15:18:06.0 (19858451)|VARIABLE_ASSIGNMENT|[1106]|this|{}|0x15319eca
15:18:06.0 (19861195)|VARIABLE_SCOPE_BEGIN|[1106]|label|String|false|false
15:18:06.0 (19865541)|VARIABLE_ASSIGNMENT|[1106]|label|"Final_test_2"
15:18:06.0 (19867291)|VARIABLE_SCOPE_BEGIN|[1106]|apiName|String|false|false
15:18:06.0 (19870224)|VARIABLE_ASSIGNMENT|[1106]|apiName|"Final_test_2"
15:18:06.0 (19871990)|VARIABLE_SCOPE_BEGIN|[1106]|id|String|false|false
15:18:06.0 (19875022)|VARIABLE_ASSIGNMENT|[1106]|id|"0PS36000001I7jCGAS"
15:18:06.0 (19876708)|VARIABLE_SCOPE_BEGIN|[1106]|description|String|false|false
15:18:06.0 (19880920)|VARIABLE_ASSIGNMENT|[1106]|description|"This is a test witho (22 more) ..."
15:18:06.0 (19882873)|VARIABLE_SCOPE_BEGIN|[1106]|namespacePrefix|String|false|false
15:18:06.0 (19886178)|VARIABLE_ASSIGNMENT|[1106]|namespacePrefix|"shiva15testns"
15:18:06.0 (19887890)|VARIABLE_SCOPE_BEGIN|[1106]|userLicenseId|String|false|false
15:18:06.0 (19890620)|VARIABLE_ASSIGNMENT|[1106]|userLicenseId|null
15:18:06.0 (19892317)|VARIABLE_SCOPE_BEGIN|[1106]|createdDate|String|false|false
15:18:06.0 (19895390)|VARIABLE_ASSIGNMENT|[1106]|createdDate|"2016-05-19 15:18:06"
15:18:06.0 (19898361)|STATEMENT_EXECUTE|[1089]
15:18:06.0 (19899710)|STATEMENT_EXECUTE|[1092]
15:18:06.0 (19901176)|STATEMENT_EXECUTE|[1094]
15:18:06.0 (19902386)|STATEMENT_EXECUTE|[1096]
15:18:06.0 (19903561)|STATEMENT_EXECUTE|[1098]
15:18:06.0 (19904822)|STATEMENT_EXECUTE|[1100]
15:18:06.0 (19906015)|STATEMENT_EXECUTE|[1102]
15:18:06.0 (19907188)|STATEMENT_EXECUTE|[1104]
15:18:06.0 (19919811)|STATEMENT_EXECUTE|[1107]
15:18:06.0 (19922561)|STATEMENT_EXECUTE|[1108]
15:18:06.0 (19945869)|VARIABLE_ASSIGNMENT|[EXTERNAL]|this|{}|0x15319eca
15:18:06.0 (19951212)|VARIABLE_ASSIGNMENT|[EXTERNAL]|value|"Final_test_2"
15:18:06.0 (19958824)|VARIABLE_ASSIGNMENT|[1092]|this.label|"Final_test_2"|0x15319eca
15:18:06.0 (19964701)|STATEMENT_EXECUTE|[1109]
15:18:06.0 (19984506)|VARIABLE_ASSIGNMENT|[EXTERNAL]|this|{"label":"Final_test_2"}|0x15319eca
15:18:06.0 (19989273)|VARIABLE_ASSIGNMENT|[EXTERNAL]|value|"Final_test_2"
15:18:06.0 (19995291)|VARIABLE_ASSIGNMENT|[1094]|this.apiName|"Final_test_2"|0x15319eca
15:18:06.0 (20000859)|STATEMENT_EXECUTE|[1110]
15:18:06.0 (20021939)|VARIABLE_ASSIGNMENT|[EXTERNAL]|this|{"apiName":"Final_test_2","label":"Final_test_2"}|0x15319eca
15:18:06.0 (20026668)|VARIABLE_ASSIGNMENT|[EXTERNAL]|value|"0PS36000001I7jCGAS"
15:18:06.0 (20032911)|VARIABLE_ASSIGNMENT|[1096]|this.id|"0PS36000001I7jCGAS"|0x15319eca
15:18:06.0 (20038396)|STATEMENT_EXECUTE|[1111]
15:18:06.0 (20058733)|VARIABLE_ASSIGNMENT|[EXTERNAL]|this|{"apiName":"Final_test_2","id":"0PS36000001I7jCGAS","label":"Final_test_2"}|0x15319eca
15:18:06.0 (20065042)|VARIABLE_ASSIGNMENT|[EXTERNAL]|value|"This is a test witho (22 more) ..."
15:18:06.0 (20072477)|VARIABLE_ASSIGNMENT|[1098]|this.description|"This is a test witho (22 more) ..."|0x15319eca
15:18:06.0 (20078487)|STATEMENT_EXECUTE|[1112]
15:18:06.0 (20100540)|VARIABLE_ASSIGNMENT|[EXTERNAL]|this|{"apiName":"Final_test_2","description":"This is a test witho (22 more) ...","id":"0PS36000001I7jCGAS","label":"Final_test_2"}|0x15319eca
15:18:06.0 (20105673)|VARIABLE_ASSIGNMENT|[EXTERNAL]|value|"shiva15testns"
15:18:06.0 (20112110)|VARIABLE_ASSIGNMENT|[1100]|this.namespacePrefix|"shiva15testns"|0x15319eca
15:18:06.0 (20117785)|STATEMENT_EXECUTE|[1113]
15:18:06.0 (20144867)|VARIABLE_ASSIGNMENT|[EXTERNAL]|this|{"apiName":"Final_test_2","description":"This is a test witho (22 more) ...","id":"0PS36000001I7jCGAS","label":"Final_test_2","namespacePrefix":"shiva15testns"}|0x15319eca
15:18:06.0 (20150276)|VARIABLE_ASSIGNMENT|[EXTERNAL]|value|null
15:18:06.0 (20156379)|VARIABLE_ASSIGNMENT|[1102]|this.userLicenseId|null|0x15319eca
15:18:06.0 (20162231)|STATEMENT_EXECUTE|[1114]
15:18:06.0 (20185096)|VARIABLE_ASSIGNMENT|[EXTERNAL]|this|{"apiName":"Final_test_2","description":"This is a test witho (22 more) ...","id":"0PS36000001I7jCGAS","label":"Final_test_2","namespacePrefix":"shiva15testns"}|0x15319eca
15:18:06.0 (20191089)|VARIABLE_ASSIGNMENT|[EXTERNAL]|value|"2016-05-19 15:18:06"
15:18:06.0 (20197556)|VARIABLE_ASSIGNMENT|[1104]|this.createdDate|"2016-05-19 15:18:06"|0x15319eca
15:18:06.0 (20213102)|CONSTRUCTOR_EXIT|[171]|01p36000005Jpvx|<init>(String,String,String,String,String,String,String)
15:18:06.0 (20235763)|VARIABLE_ASSIGNMENT|[171]|pSetObj|{"apiName":"Final_test_2","createdDate":"2016-05-19 15:18:06","description":"This is a test witho (22 more) ...","id":"0PS36000001I7jCGAS","label":"Final_test_2","namespacePrefix":"shiva15testns"}|0x15319eca
15:18:06.0 (20239678)|STATEMENT_EXECUTE|[173]
15:18:06.0 (20251075)|ENTERING_MANAGED_PKG|
15:18:06.0 (20259563)|HEAP_ALLOCATE|[EXTERNAL]|Bytes:4
15:18:06.0 (20265852)|STATEMENT_EXECUTE|[174]
15:18:06.0 (20279725)|ENTERING_MANAGED_PKG|
15:18:06.0 (20319570)|HEAP_ALLOCATE|[174]|Bytes:196
15:18:06.0 (20334320)|HEAP_ALLOCATE|[174]|Bytes:220
15:18:06.0 (20345950)|ENTERING_MANAGED_PKG|
15:18:06.0 (20352805)|USER_DEBUG|[174]|ERROR|The PermissionSet Name: PermissionSet:{Id=0PS36000001I7jCGAS, Label=Final_test_2, Name=Final_test_2, Description=This is a test without selecting U License, NamespacePrefix=shiva15testns, CreatedDate=2016-05-19 22:18:06}
15:18:06.0 (20367307)|HEAP_ALLOCATE|[163]|Bytes:5
15:18:06.0 (20379532)|VARIABLE_ASSIGNMENT|[163]|PSetName|null|
15:18:06.0 (20382891)|STATEMENT_EXECUTE|[177]
15:18:06.0 (20394962)|SYSTEM_MODE_EXIT|false
15:18:06.20 (20438415)|CUMULATIVE_LIMIT_USAGE
15:18:06.20 (20438415)|LIMIT_USAGE_FOR_NS|(default)|
  Number of SOQL queries: 0 out of 100
  Number of query rows: 0 out of 50000
  Number of SOSL queries: 0 out of 20
  Number of DML statements: 0 out of 150
  Number of DML rows: 0 out of 10000
  Maximum CPU time: 0 out of 10000
  Maximum heap size: 0 out of 6000000
  Number of callouts: 0 out of 100
  Number of Email Invocations: 0 out of 10
  Number of future calls: 0 out of 50
  Number of queueable jobs added to the queue: 0 out of 50
  Number of Mobile Apex push calls: 0 out of 10

15:18:06.20 (20438415)|LIMIT_USAGE_FOR_NS|shiva15testns|
  Number of SOQL queries: 3 out of 100
  Number of query rows: 42 out of 50000
  Number of SOSL queries: 0 out of 20
  Number of DML statements: 0 out of 150
  Number of DML rows: 0 out of 10000
  Maximum CPU time: 0 out of 10000
  Maximum heap size: 0 out of 6000000
  Number of callouts: 0 out of 100
  Number of Email Invocations: 0 out of 10
  Number of future calls: 0 out of 50
  Number of queueable jobs added to the queue: 0 out of 50
  Number of Mobile Apex push calls: 0 out of 10

15:18:06.20 (20438415)|CUMULATIVE_LIMIT_USAGE_END

15:18:06.0 (20506435)|CODE_UNIT_FINISHED|PermissionSetPortalControllers.getAllPermissionSets
15:18:06.0 (29707852)|EXECUTION_FINISHED
15:18:06.32 (32368710)|EXECUTION_STARTED
15:18:06.32 (32379908)|CODE_UNIT_STARTED|[EXTERNAL]|Aura
15:18:06.32 (32444691)|CODE_UNIT_FINISHED|Aura
15:18:06.32 (33467902)|EXECUTION_FINISHED
15:18:06.35 (35203314)|EXECUTION_STARTED
15:18:06.35 (35209578)|CODE_UNIT_STARTED|[EXTERNAL]|Aura
15:18:06.35 (35246712)|CODE_UNIT_FINISHED|Aura
15:18:06.35 (36399699)|EXECUTION_FINISHED
15:18:06.38 (38152648)|EXECUTION_STARTED
15:18:06.38 (38171434)|CODE_UNIT_STARTED|[EXTERNAL]|Aura
15:18:06.38 (38224109)|CODE_UNIT_FINISHED|Aura
15:18:06.38 (39402601)|EXECUTION_FINISHED
15:18:06.41 (41107215)|EXECUTION_STARTED
15:18:06.41 (41113228)|CODE_UNIT_STARTED|[EXTERNAL]|Aura
15:18:06.41 (41153645)|CODE_UNIT_FINISHED|Aura
15:18:06.41 (42888611)|EXECUTION_FINISHED
