36.0 APEX_CODE,FINEST;APEX_PROFILING,INFO;CALLOUT,INFO;DB,INFO;SYSTEM,DEBUG;VALIDATION,INFO;VISUALFORCE,INFO;WORKFLOW,INFO
19:12:11.0 (523487)|EXECUTION_STARTED
19:12:11.0 (556974)|CODE_UNIT_STARTED|[EXTERNAL]|01p36000005Jpvx|PermissionSetPortalControllers.getAllPermissionSets
19:12:11.0 (1416386)|HEAP_ALLOCATE|[72]|Bytes:3
19:12:11.0 (1481764)|HEAP_ALLOCATE|[77]|Bytes:152
19:12:11.0 (1503931)|HEAP_ALLOCATE|[342]|Bytes:408
19:12:11.0 (1526165)|HEAP_ALLOCATE|[355]|Bytes:408
19:12:11.0 (1546764)|HEAP_ALLOCATE|[467]|Bytes:48
19:12:11.0 (1578608)|HEAP_ALLOCATE|[139]|Bytes:6
19:12:11.0 (1616893)|VARIABLE_SCOPE_BEGIN|[3]|PermissionSetPortalControllers.AllPermissionSets|List<PermissionSet>|true|true
19:12:11.0 (1624558)|VARIABLE_SCOPE_BEGIN|[10]|PermissionSetPortalControllers.accountField|Set<String>|true|true
19:12:11.0 (1627922)|VARIABLE_SCOPE_BEGIN|[5]|PermissionSetPortalControllers.allObjectsOfOrg|List<shiva15testns.PermissionSetPortalControllers.ObjectDetailsClass>|true|true
19:12:11.0 (1631993)|VARIABLE_SCOPE_BEGIN|[9]|PermissionSetPortalControllers.contactsField|Set<String>|true|true
19:12:11.0 (1634765)|VARIABLE_SCOPE_BEGIN|[7]|PermissionSetPortalControllers.isNotSystemSObjectList|Set<String>|true|true
19:12:11.0 (1703360)|HEAP_ALLOCATE|[EXTERNAL]|Bytes:168
19:12:11.0 (1709688)|HEAP_ALLOCATE|[EXTERNAL]|Bytes:89
19:12:11.0 (1713286)|HEAP_ALLOCATE|[EXTERNAL]|Bytes:344
19:12:11.0 (1930644)|METHOD_ENTRY|[1]|01p36000005Jpvx|PermissionSetPortalControllers.PermissionSetPortalControllers()
19:12:11.0 (1936527)|STATEMENT_EXECUTE|[1]
19:12:11.0 (1944270)|STATEMENT_EXECUTE|[1]
19:12:11.0 (2000086)|HEAP_ALLOCATE|[50]|Bytes:5
19:12:11.0 (2027427)|HEAP_ALLOCATE|[56]|Bytes:5
19:12:11.0 (2036133)|HEAP_ALLOCATE|[64]|Bytes:7
19:12:11.0 (2060268)|SYSTEM_MODE_ENTER|false
19:12:11.0 (2081805)|HEAP_ALLOCATE|[9]|Bytes:5
19:12:11.0 (2086680)|STATEMENT_EXECUTE|[9]
19:12:11.0 (2095521)|HEAP_ALLOCATE|[9]|Bytes:4
19:12:11.0 (2141273)|ENTERING_MANAGED_PKG|
19:12:11.0 (2273176)|VARIABLE_ASSIGNMENT|[9]|PermissionSetPortalControllers.contactsField|{"s":1,"v":[]}|0x5976a2f3
19:12:11.0 (2278707)|STATEMENT_EXECUTE|[10]
19:12:11.0 (2283991)|HEAP_ALLOCATE|[10]|Bytes:4
19:12:11.0 (2298018)|ENTERING_MANAGED_PKG|
19:12:11.0 (2330739)|VARIABLE_ASSIGNMENT|[10]|PermissionSetPortalControllers.accountField|{"s":1,"v":[]}|0x3c22d4ac
19:12:11.0 (2335066)|STATEMENT_EXECUTE|[1037]
19:12:11.0 (2336908)|STATEMENT_EXECUTE|[1066]
19:12:11.0 (2338065)|STATEMENT_EXECUTE|[1094]
19:12:11.0 (2339428)|STATEMENT_EXECUTE|[1123]
19:12:11.0 (2340732)|STATEMENT_EXECUTE|[1139]
19:12:11.0 (2341777)|STATEMENT_EXECUTE|[1156]
19:12:11.0 (2342815)|STATEMENT_EXECUTE|[1167]
19:12:11.0 (2343809)|STATEMENT_EXECUTE|[1172]
19:12:11.0 (2351142)|SYSTEM_MODE_EXIT|false
19:12:11.0 (2362712)|METHOD_EXIT|[1]|PermissionSetPortalControllers
19:12:11.0 (2374790)|SYSTEM_MODE_ENTER|false
19:12:11.0 (2390396)|HEAP_ALLOCATE|[157]|Bytes:5
19:12:11.0 (2395174)|STATEMENT_EXECUTE|[156]
19:12:11.0 (2396595)|STATEMENT_EXECUTE|[157]
19:12:11.0 (2397589)|STATEMENT_EXECUTE|[157]
19:12:11.0 (2398658)|STATEMENT_EXECUTE|[158]
19:12:11.0 (2401691)|HEAP_ALLOCATE|[158]|Bytes:99
19:12:11.0 (2413123)|HEAP_ALLOCATE|[158]|Bytes:4
19:12:11.0 (3723435)|SOQL_EXECUTE_BEGIN|[158]|Aggregations:0|SELECT Id, label, Name, Description, NamespacePrefix, UserLicenseId, CreatedDate FROM PermissionSet
19:12:11.0 (7557417)|SOQL_EXECUTE_END|[158]|Rows:43
19:12:11.0 (7574962)|HEAP_ALLOCATE|[158]|Bytes:176
19:12:11.0 (7673311)|HEAP_ALLOCATE|[158]|Bytes:7632
19:12:11.0 (7709185)|HEAP_ALLOCATE|[158]|Bytes:176
19:12:11.0 (7742687)|VARIABLE_ASSIGNMENT|[158]|PermissionSetPortalControllers.AllPermissionSets|{"s":1,"v":"List of size 43 too large to display"}|0x661cf0af
19:12:11.0 (7824177)|ENTERING_MANAGED_PKG|
19:12:11.0 (7858972)|STATEMENT_EXECUTE|[159]
19:12:11.0 (7861590)|STATEMENT_EXECUTE|[160]
19:12:11.0 (7925152)|VARIABLE_SCOPE_BEGIN|[160]|pSetObj|shiva15testns.PermissionSetPortalControllers.PermissionSetClass|true|false
19:12:11.0 (7937912)|VARIABLE_ASSIGNMENT|[160]|pSetObj|null|
19:12:11.0 (7940438)|STATEMENT_EXECUTE|[161]
19:12:11.0 (7963034)|HEAP_ALLOCATE|[161]|Bytes:4
19:12:11.0 (8009583)|ENTERING_MANAGED_PKG|
19:12:11.0 (8028702)|VARIABLE_SCOPE_BEGIN|[161]|permissionSetsLst|List<shiva15testns.PermissionSetPortalControllers.PermissionSetClass>|true|false
19:12:11.0 (8051218)|HEAP_ALLOCATE|[EXTERNAL]|Bytes:4
19:12:11.0 (8064118)|VARIABLE_ASSIGNMENT|[161]|permissionSetsLst|{"s":1,"v":[]}|0x3717ad6
19:12:11.0 (8079717)|ENTERING_MANAGED_PKG|
19:12:11.0 (8304229)|HEAP_ALLOCATE|[162]|Bytes:5
19:12:11.0 (8346862)|HEAP_ALLOCATE|[162]|Bytes:28
19:12:11.0 (8358886)|VARIABLE_SCOPE_BEGIN|[162]|PSetName|PermissionSet|true|false
19:12:11.0 (8405618)|VARIABLE_ASSIGNMENT|[162]|PSetName|{"s":1,"v":{"Id":"0PS36000000mmnFGAQ","Label":"00e1a000000MWa8AAG","Name":"X00e1a000000MWa8AAG","NamespacePrefix":"shiva15testns","UserLicenseId":"10036000000eSpzAAE","CreatedDate":"2016-03-08T19:00:02.000Z"}}|0xb26e795
19:12:11.0 (8411476)|STATEMENT_EXECUTE|[162]
19:12:11.0 (8442365)|HEAP_ALLOCATE|[163]|Bytes:3
19:12:11.0 (8475754)|ENTERING_MANAGED_PKG|
19:12:11.0 (8507634)|STATEMENT_EXECUTE|[163]
19:12:11.0 (8520248)|HEAP_ALLOCATE|[162]|Bytes:5
19:12:11.0 (8543518)|HEAP_ALLOCATE|[162]|Bytes:28
19:12:11.0 (8552462)|VARIABLE_SCOPE_BEGIN|[162]|PSetName|PermissionSet|true|false
19:12:11.0 (8577966)|VARIABLE_ASSIGNMENT|[162]|PSetName|{"s":1,"v":{"Id":"0PS36000000mmnGGAQ","Label":"00ex00000018ozl_128_ (10 more) ...","Name":"X00ex00000018ozl_128 (11 more) ...","NamespacePrefix":"shiva15testns","UserLicenseId":"10036000000eSpyAAE","CreatedDate":"2016-03-08T19:00:02.000Z"}}|0x3f5fb384
19:12:11.0 (8583313)|STATEMENT_EXECUTE|[162]
19:12:11.0 (8605201)|ENTERING_MANAGED_PKG|
19:12:11.0 (8614914)|STATEMENT_EXECUTE|[163]
19:12:11.0 (8625547)|HEAP_ALLOCATE|[162]|Bytes:5
19:12:11.0 (8646588)|HEAP_ALLOCATE|[162]|Bytes:28
19:12:11.0 (8654761)|VARIABLE_SCOPE_BEGIN|[162]|PSetName|PermissionSet|true|false
19:12:11.0 (8677649)|VARIABLE_ASSIGNMENT|[162]|PSetName|{"s":1,"v":{"Id":"0PS36000000mmnHGAQ","Label":"00ex00000018ozm_128_ (10 more) ...","Name":"X00ex00000018ozm_128 (11 more) ...","NamespacePrefix":"shiva15testns","UserLicenseId":"10036000000eSpyAAE","CreatedDate":"2016-03-08T19:00:02.000Z"}}|0x21dc6910
19:12:11.0 (8682607)|STATEMENT_EXECUTE|[162]
19:12:11.0 (8703052)|ENTERING_MANAGED_PKG|
19:12:11.0 (8712277)|STATEMENT_EXECUTE|[163]
19:12:11.0 (8722364)|HEAP_ALLOCATE|[162]|Bytes:5
19:12:11.0 (8742252)|HEAP_ALLOCATE|[162]|Bytes:28
19:12:11.0 (8750258)|VARIABLE_SCOPE_BEGIN|[162]|PSetName|PermissionSet|true|false
19:12:11.0 (8772483)|VARIABLE_ASSIGNMENT|[162]|PSetName|{"s":1,"v":{"Id":"0PS36000000mmnIGAQ","Label":"00ex00000018ozk_128_ (10 more) ...","Name":"X00ex00000018ozk_128 (11 more) ...","NamespacePrefix":"shiva15testns","UserLicenseId":"10036000000eSpyAAE","CreatedDate":"2016-03-08T19:00:02.000Z"}}|0x1e73aec4
19:12:11.0 (8777282)|STATEMENT_EXECUTE|[162]
19:12:11.0 (8796934)|ENTERING_MANAGED_PKG|
19:12:11.0 (8805899)|STATEMENT_EXECUTE|[163]
19:12:11.0 (8815601)|HEAP_ALLOCATE|[162]|Bytes:5
19:12:11.0 (8835044)|HEAP_ALLOCATE|[162]|Bytes:28
19:12:11.0 (8842710)|VARIABLE_SCOPE_BEGIN|[162]|PSetName|PermissionSet|true|false
19:12:11.0 (8863682)|VARIABLE_ASSIGNMENT|[162]|PSetName|{"s":1,"v":{"Id":"0PS36000000mmnJGAQ","Label":"00ex00000018ozj_128_ (10 more) ...","Name":"X00ex00000018ozj_128 (11 more) ...","NamespacePrefix":"shiva15testns","UserLicenseId":"10036000000eSpyAAE","CreatedDate":"2016-03-08T19:00:02.000Z"}}|0x22d5f8d0
19:12:11.0 (8868290)|STATEMENT_EXECUTE|[162]
19:12:11.0 (8887624)|ENTERING_MANAGED_PKG|
19:12:11.0 (8896431)|STATEMENT_EXECUTE|[163]
19:12:11.0 (8906215)|HEAP_ALLOCATE|[162]|Bytes:5
19:12:11.0 (8925513)|HEAP_ALLOCATE|[162]|Bytes:28
19:12:11.0 (8933174)|VARIABLE_SCOPE_BEGIN|[162]|PSetName|PermissionSet|true|false
19:12:11.0 (8954341)|VARIABLE_ASSIGNMENT|[162]|PSetName|{"s":1,"v":{"Id":"0PS36000000mmnKGAQ","Label":"00ex00000018ozo_128_ (10 more) ...","Name":"X00ex00000018ozo_128 (11 more) ...","NamespacePrefix":"shiva15testns","UserLicenseId":"10036000000eSpyAAE","CreatedDate":"2016-03-08T19:00:02.000Z"}}|0x60d4bc9d
19:12:11.0 (8959016)|STATEMENT_EXECUTE|[162]
19:12:11.0 (8978426)|ENTERING_MANAGED_PKG|
19:12:11.0 (8987166)|STATEMENT_EXECUTE|[163]
19:12:11.0 (8996898)|HEAP_ALLOCATE|[162]|Bytes:5
19:12:11.0 (9016372)|HEAP_ALLOCATE|[162]|Bytes:28
19:12:11.0 (9025137)|VARIABLE_SCOPE_BEGIN|[162]|PSetName|PermissionSet|true|false
19:12:11.0 (9046083)|VARIABLE_ASSIGNMENT|[162]|PSetName|{"s":1,"v":{"Id":"0PS36000000mmnLGAQ","Label":"00ex00000018ozh_128_ (10 more) ...","Name":"X00ex00000018ozh_128 (11 more) ...","NamespacePrefix":"shiva15testns","UserLicenseId":"10036000000eSpyAAE","CreatedDate":"2016-03-08T19:00:02.000Z"}}|0x2282cd7e
19:12:11.0 (9050279)|STATEMENT_EXECUTE|[162]
19:12:11.0 (9069636)|ENTERING_MANAGED_PKG|
19:12:11.0 (9078570)|STATEMENT_EXECUTE|[163]
19:12:11.0 (9088536)|HEAP_ALLOCATE|[162]|Bytes:5
19:12:11.0 (9107842)|HEAP_ALLOCATE|[162]|Bytes:28
19:12:11.0 (9115502)|VARIABLE_SCOPE_BEGIN|[162]|PSetName|PermissionSet|true|false
19:12:11.0 (9136179)|VARIABLE_ASSIGNMENT|[162]|PSetName|{"s":1,"v":{"Id":"0PS36000000mmnMGAQ","Label":"00ex00000018ozq_128_ (11 more) ...","Name":"X00ex00000018ozq_128 (12 more) ...","NamespacePrefix":"shiva15testns","UserLicenseId":"10036000000eSpyAAE","CreatedDate":"2016-03-08T19:00:02.000Z"}}|0x21045264
19:12:11.0 (9141031)|STATEMENT_EXECUTE|[162]
19:12:11.0 (9165211)|ENTERING_MANAGED_PKG|
19:12:11.0 (9174406)|STATEMENT_EXECUTE|[163]
19:12:11.0 (9184547)|HEAP_ALLOCATE|[162]|Bytes:5
19:12:11.0 (9204190)|HEAP_ALLOCATE|[162]|Bytes:28
19:12:11.0 (9211923)|VARIABLE_SCOPE_BEGIN|[162]|PSetName|PermissionSet|true|false
19:12:11.0 (9232801)|VARIABLE_ASSIGNMENT|[162]|PSetName|{"s":1,"v":{"Id":"0PS36000000mmnNGAQ","Label":"00ex00000018ozp_128_ (10 more) ...","Name":"X00ex00000018ozp_128 (11 more) ...","NamespacePrefix":"shiva15testns","UserLicenseId":"10036000000eSpyAAE","CreatedDate":"2016-03-08T19:00:02.000Z"}}|0x2c1a3dec
19:12:11.0 (9237244)|STATEMENT_EXECUTE|[162]
19:12:11.0 (9256818)|ENTERING_MANAGED_PKG|
19:12:11.0 (9265852)|STATEMENT_EXECUTE|[163]
19:12:11.0 (9275673)|HEAP_ALLOCATE|[162]|Bytes:5
19:12:11.0 (9294858)|HEAP_ALLOCATE|[162]|Bytes:28
19:12:11.0 (9302418)|VARIABLE_SCOPE_BEGIN|[162]|PSetName|PermissionSet|true|false
19:12:11.0 (9323647)|VARIABLE_ASSIGNMENT|[162]|PSetName|{"s":1,"v":{"Id":"0PS36000000mmnOGAQ","Label":"00ex00000018ozn_128_ (10 more) ...","Name":"X00ex00000018ozn_128 (11 more) ...","NamespacePrefix":"shiva15testns","UserLicenseId":"10036000000eSpyAAE","CreatedDate":"2016-03-08T19:00:02.000Z"}}|0x69ef5ca6
19:12:11.0 (9328550)|STATEMENT_EXECUTE|[162]
19:12:11.0 (9347782)|ENTERING_MANAGED_PKG|
19:12:11.0 (9356873)|STATEMENT_EXECUTE|[163]
19:12:11.0 (9366607)|HEAP_ALLOCATE|[162]|Bytes:5
19:12:11.0 (9385991)|HEAP_ALLOCATE|[162]|Bytes:28
19:12:11.0 (9393621)|VARIABLE_SCOPE_BEGIN|[162]|PSetName|PermissionSet|true|false
19:12:11.0 (9414369)|VARIABLE_ASSIGNMENT|[162]|PSetName|{"s":1,"v":{"Id":"0PS36000000mmnPGAQ","Label":"00e1a000000MWa9AAG","Name":"X00e1a000000MWa9AAG","NamespacePrefix":"shiva15testns","UserLicenseId":"10036000000eSq0AAE","CreatedDate":"2016-03-08T19:00:02.000Z"}}|0x5db295d8
19:12:11.0 (9418906)|STATEMENT_EXECUTE|[162]
19:12:11.0 (9438295)|ENTERING_MANAGED_PKG|
19:12:11.0 (9447174)|STATEMENT_EXECUTE|[163]
19:12:11.0 (9456939)|HEAP_ALLOCATE|[162]|Bytes:5
19:12:11.0 (9495386)|HEAP_ALLOCATE|[162]|Bytes:28
19:12:11.0 (9509718)|VARIABLE_SCOPE_BEGIN|[162]|PSetName|PermissionSet|true|false
19:12:11.0 (9541123)|VARIABLE_ASSIGNMENT|[162]|PSetName|{"s":1,"v":{"Id":"0PS36000000mmnQGAQ","Label":"00e1a000000MWaBAAW","Name":"X00e1a000000MWaBAAW","NamespacePrefix":"shiva15testns","UserLicenseId":"10036000000eSq2AAE","CreatedDate":"2016-03-08T19:00:02.000Z"}}|0x5e267b78
19:12:11.0 (9547945)|STATEMENT_EXECUTE|[162]
19:12:11.0 (9574157)|ENTERING_MANAGED_PKG|
19:12:11.0 (9588273)|STATEMENT_EXECUTE|[163]
19:12:11.0 (9603215)|HEAP_ALLOCATE|[162]|Bytes:5
19:12:11.0 (9632657)|HEAP_ALLOCATE|[162]|Bytes:28
19:12:11.0 (9643557)|VARIABLE_SCOPE_BEGIN|[162]|PSetName|PermissionSet|true|false
19:12:11.0 (9672278)|VARIABLE_ASSIGNMENT|[162]|PSetName|{"s":1,"v":{"Id":"0PS36000000mmnRGAQ","Label":"00e1a000000MWaCAAW","Name":"X00e1a000000MWaCAAW","NamespacePrefix":"shiva15testns","UserLicenseId":"10036000000eSq3AAE","CreatedDate":"2016-03-08T19:00:02.000Z"}}|0x232ed80d
19:12:11.0 (9678699)|STATEMENT_EXECUTE|[162]
19:12:11.0 (9705054)|ENTERING_MANAGED_PKG|
19:12:11.0 (9719035)|STATEMENT_EXECUTE|[163]
19:12:11.0 (9733913)|HEAP_ALLOCATE|[162]|Bytes:5
19:12:11.0 (9762488)|HEAP_ALLOCATE|[162]|Bytes:28
19:12:11.0 (9773585)|VARIABLE_SCOPE_BEGIN|[162]|PSetName|PermissionSet|true|false
19:12:11.0 (9802634)|VARIABLE_ASSIGNMENT|[162]|PSetName|{"s":1,"v":{"Id":"0PS36000000mmnSGAQ","Label":"00e1a000000MWaDAAW","Name":"X00e1a000000MWaDAAW","NamespacePrefix":"shiva15testns","UserLicenseId":"10036000000eSq4AAE","CreatedDate":"2016-03-08T19:00:02.000Z"}}|0x30b7aaa2
19:12:11.0 (9809267)|STATEMENT_EXECUTE|[162]
19:12:11.0 (9835126)|ENTERING_MANAGED_PKG|
19:12:11.0 (9849191)|STATEMENT_EXECUTE|[163]
19:12:11.0 (9863949)|HEAP_ALLOCATE|[162]|Bytes:5
19:12:11.0 (9892358)|HEAP_ALLOCATE|[162]|Bytes:28
19:12:11.0 (9903570)|VARIABLE_SCOPE_BEGIN|[162]|PSetName|PermissionSet|true|false
19:12:11.0 (9932901)|VARIABLE_ASSIGNMENT|[162]|PSetName|{"s":1,"v":{"Id":"0PS36000000mmnTGAQ","Label":"00e1a000000MWaEAAW","Name":"X00e1a000000MWaEAAW","NamespacePrefix":"shiva15testns","UserLicenseId":"10036000000eSq5AAE","CreatedDate":"2016-03-08T19:00:02.000Z"}}|0x7962e539
19:12:11.0 (9939759)|STATEMENT_EXECUTE|[162]
19:12:11.0 (9966369)|ENTERING_MANAGED_PKG|
19:12:11.0 (9980925)|STATEMENT_EXECUTE|[163]
19:12:11.0 (9995957)|HEAP_ALLOCATE|[162]|Bytes:5
19:12:11.0 (10024623)|HEAP_ALLOCATE|[162]|Bytes:28
19:12:11.0 (10037402)|VARIABLE_SCOPE_BEGIN|[162]|PSetName|PermissionSet|true|false
19:12:11.0 (10066856)|VARIABLE_ASSIGNMENT|[162]|PSetName|{"s":1,"v":{"Id":"0PS36000000mmnUGAQ","Label":"00e1a000000MWaFAAW","Name":"X00e1a000000MWaFAAW","NamespacePrefix":"shiva15testns","UserLicenseId":"10036000000eSq6AAE","CreatedDate":"2016-03-08T19:00:02.000Z"}}|0x14f2bcd6
19:12:11.0 (10073689)|STATEMENT_EXECUTE|[162]
19:12:11.0 (10099678)|ENTERING_MANAGED_PKG|
19:12:11.0 (10114059)|STATEMENT_EXECUTE|[163]
19:12:11.0 (10129033)|HEAP_ALLOCATE|[162]|Bytes:5
19:12:11.0 (10164667)|HEAP_ALLOCATE|[162]|Bytes:28
19:12:11.0 (10177700)|VARIABLE_SCOPE_BEGIN|[162]|PSetName|PermissionSet|true|false
19:12:11.0 (10206556)|VARIABLE_ASSIGNMENT|[162]|PSetName|{"s":1,"v":{"Id":"0PS36000000mmnVGAQ","Label":"00e1a000000MWaGAAW","Name":"X00e1a000000MWaGAAW","NamespacePrefix":"shiva15testns","UserLicenseId":"10036000000eSq7AAE","CreatedDate":"2016-03-08T19:00:02.000Z"}}|0x41c9f0f5
19:12:11.0 (10212750)|STATEMENT_EXECUTE|[162]
19:12:11.0 (10239235)|ENTERING_MANAGED_PKG|
19:12:11.0 (10253453)|STATEMENT_EXECUTE|[163]
19:12:11.0 (10268618)|HEAP_ALLOCATE|[162]|Bytes:5
19:12:11.0 (10297030)|HEAP_ALLOCATE|[162]|Bytes:28
19:12:11.0 (10308417)|VARIABLE_SCOPE_BEGIN|[162]|PSetName|PermissionSet|true|false
19:12:11.0 (10338422)|VARIABLE_ASSIGNMENT|[162]|PSetName|{"s":1,"v":{"Id":"0PS36000000mmnWGAQ","Label":"00e1a000000MWaHAAW","Name":"X00e1a000000MWaHAAW","NamespacePrefix":"shiva15testns","UserLicenseId":"10036000000eSq8AAE","CreatedDate":"2016-03-08T19:00:02.000Z"}}|0x4ca6a0d4
19:12:11.0 (10344394)|STATEMENT_EXECUTE|[162]
19:12:11.0 (10369734)|ENTERING_MANAGED_PKG|
19:12:11.0 (10383196)|STATEMENT_EXECUTE|[163]
19:12:11.0 (10397879)|HEAP_ALLOCATE|[162]|Bytes:5
19:12:11.0 (10426634)|HEAP_ALLOCATE|[162]|Bytes:28
19:12:11.0 (10437812)|VARIABLE_SCOPE_BEGIN|[162]|PSetName|PermissionSet|true|false
19:12:11.0 (10466205)|VARIABLE_ASSIGNMENT|[162]|PSetName|{"s":1,"v":{"Id":"0PS36000000mmnXGAQ","Label":"00e1a000000MWaIAAW","Name":"X00e1a000000MWaIAAW","NamespacePrefix":"shiva15testns","UserLicenseId":"10036000000eSq9AAE","CreatedDate":"2016-03-08T19:00:02.000Z"}}|0x2203df54
19:12:11.0 (10472728)|STATEMENT_EXECUTE|[162]
19:12:11.0 (10498182)|ENTERING_MANAGED_PKG|
19:12:11.0 (10512669)|STATEMENT_EXECUTE|[163]
19:12:11.0 (10527348)|HEAP_ALLOCATE|[162]|Bytes:5
19:12:11.0 (10555848)|HEAP_ALLOCATE|[162]|Bytes:28
19:12:11.0 (10567219)|VARIABLE_SCOPE_BEGIN|[162]|PSetName|PermissionSet|true|false
19:12:11.0 (10596332)|VARIABLE_ASSIGNMENT|[162]|PSetName|{"s":1,"v":{"Id":"0PS36000000mmnYGAQ","Label":"00e1a000000MWaJAAW","Name":"X00e1a000000MWaJAAW","NamespacePrefix":"shiva15testns","UserLicenseId":"10036000000eSqAAAU","CreatedDate":"2016-03-08T19:00:02.000Z"}}|0x2316c3ce
19:12:11.0 (10602848)|STATEMENT_EXECUTE|[162]
19:12:11.0 (10628136)|ENTERING_MANAGED_PKG|
19:12:11.0 (10642164)|STATEMENT_EXECUTE|[163]
19:12:11.0 (10656960)|HEAP_ALLOCATE|[162]|Bytes:5
19:12:11.0 (10684690)|HEAP_ALLOCATE|[162]|Bytes:28
19:12:11.0 (10696347)|VARIABLE_SCOPE_BEGIN|[162]|PSetName|PermissionSet|true|false
19:12:11.0 (10725389)|VARIABLE_ASSIGNMENT|[162]|PSetName|{"s":1,"v":{"Id":"0PS36000000mmnZGAQ","Label":"00e1a000000MWaKAAW","Name":"X00e1a000000MWaKAAW","NamespacePrefix":"shiva15testns","UserLicenseId":"10036000000eSqBAAU","CreatedDate":"2016-03-08T19:00:02.000Z"}}|0x2d56d101
19:12:11.0 (10732144)|STATEMENT_EXECUTE|[162]
19:12:11.0 (10756826)|ENTERING_MANAGED_PKG|
19:12:11.0 (10770982)|STATEMENT_EXECUTE|[163]
19:12:11.0 (10785857)|HEAP_ALLOCATE|[162]|Bytes:5
19:12:11.0 (10813946)|HEAP_ALLOCATE|[162]|Bytes:28
19:12:11.0 (10825253)|VARIABLE_SCOPE_BEGIN|[162]|PSetName|PermissionSet|true|false
19:12:11.0 (10857460)|VARIABLE_ASSIGNMENT|[162]|PSetName|{"s":1,"v":{"Id":"0PS36000000mmnaGAA","Label":"00e1a000000MWaLAAW","Name":"X00e1a000000MWaLAAW","NamespacePrefix":"shiva15testns","UserLicenseId":"10036000000eSqCAAU","CreatedDate":"2016-03-08T19:00:02.000Z"}}|0x540f747f
19:12:11.0 (10864086)|STATEMENT_EXECUTE|[162]
19:12:11.0 (10889342)|ENTERING_MANAGED_PKG|
19:12:11.0 (10903280)|STATEMENT_EXECUTE|[163]
19:12:11.0 (10918014)|HEAP_ALLOCATE|[162]|Bytes:5
19:12:11.0 (10946870)|HEAP_ALLOCATE|[162]|Bytes:28
19:12:11.0 (10958892)|VARIABLE_SCOPE_BEGIN|[162]|PSetName|PermissionSet|true|false
19:12:11.0 (10987750)|VARIABLE_ASSIGNMENT|[162]|PSetName|{"s":1,"v":{"Id":"0PS36000000mmnbGAA","Label":"00e1a000000MWaMAAW","Name":"X00e1a000000MWaMAAW","NamespacePrefix":"shiva15testns","UserLicenseId":"10036000000eSqDAAU","CreatedDate":"2016-03-08T19:00:02.000Z"}}|0x68cae8d5
19:12:11.0 (10994457)|STATEMENT_EXECUTE|[162]
19:12:11.0 (11020632)|ENTERING_MANAGED_PKG|
19:12:11.0 (11036279)|STATEMENT_EXECUTE|[163]
19:12:11.0 (11050786)|HEAP_ALLOCATE|[162]|Bytes:5
19:12:11.0 (11079333)|HEAP_ALLOCATE|[162]|Bytes:28
19:12:11.0 (11090739)|VARIABLE_SCOPE_BEGIN|[162]|PSetName|PermissionSet|true|false
19:12:11.0 (11119727)|VARIABLE_ASSIGNMENT|[162]|PSetName|{"s":1,"v":{"Id":"0PS36000000mmncGAA","Label":"00e1a000000MWaNAAW","Name":"X00e1a000000MWaNAAW","NamespacePrefix":"shiva15testns","UserLicenseId":"10036000000eSqEAAU","CreatedDate":"2016-03-08T19:00:02.000Z"}}|0x7d574eb1
19:12:11.0 (11125956)|STATEMENT_EXECUTE|[162]
19:12:11.0 (11156156)|ENTERING_MANAGED_PKG|
19:12:11.0 (11171036)|STATEMENT_EXECUTE|[163]
19:12:11.0 (11185710)|HEAP_ALLOCATE|[162]|Bytes:5
19:12:11.0 (11214220)|HEAP_ALLOCATE|[162]|Bytes:28
19:12:11.0 (11225699)|VARIABLE_SCOPE_BEGIN|[162]|PSetName|PermissionSet|true|false
19:12:11.0 (11254607)|VARIABLE_ASSIGNMENT|[162]|PSetName|{"s":1,"v":{"Id":"0PS36000000mmndGAA","Label":"00e1a000000MWaOAAW","Name":"X00e1a000000MWaOAAW","NamespacePrefix":"shiva15testns","UserLicenseId":"10036000000eSqFAAU","CreatedDate":"2016-03-08T19:00:02.000Z"}}|0x661246c3
19:12:11.0 (11261085)|STATEMENT_EXECUTE|[162]
19:12:11.0 (11286567)|ENTERING_MANAGED_PKG|
19:12:11.0 (11300068)|STATEMENT_EXECUTE|[163]
19:12:11.0 (11315059)|HEAP_ALLOCATE|[162]|Bytes:5
19:12:11.0 (11342999)|HEAP_ALLOCATE|[162]|Bytes:28
19:12:11.0 (11354332)|VARIABLE_SCOPE_BEGIN|[162]|PSetName|PermissionSet|true|false
19:12:11.0 (11382801)|VARIABLE_ASSIGNMENT|[162]|PSetName|{"s":1,"v":{"Id":"0PS36000000mmneGAA","Label":"00e1a000000MWaPAAW","Name":"X00e1a000000MWaPAAW","NamespacePrefix":"shiva15testns","UserLicenseId":"10036000000eSqGAAU","CreatedDate":"2016-03-08T19:00:02.000Z"}}|0x49117af2
19:12:11.0 (11389594)|STATEMENT_EXECUTE|[162]
19:12:11.0 (11414594)|ENTERING_MANAGED_PKG|
19:12:11.0 (11428675)|STATEMENT_EXECUTE|[163]
19:12:11.0 (11443015)|HEAP_ALLOCATE|[162]|Bytes:5
19:12:11.0 (11471448)|HEAP_ALLOCATE|[162]|Bytes:28
19:12:11.0 (11482952)|VARIABLE_SCOPE_BEGIN|[162]|PSetName|PermissionSet|true|false
19:12:11.0 (11512242)|VARIABLE_ASSIGNMENT|[162]|PSetName|{"s":1,"v":{"Id":"0PS36000000mmnfGAA","Label":"00e1a000000MWaQAAW","Name":"X00e1a000000MWaQAAW","NamespacePrefix":"shiva15testns","UserLicenseId":"10036000000eSqHAAU","CreatedDate":"2016-03-08T19:00:02.000Z"}}|0x7622bf45
19:12:11.0 (11518574)|STATEMENT_EXECUTE|[162]
19:12:11.0 (11543875)|ENTERING_MANAGED_PKG|
19:12:11.0 (11557856)|STATEMENT_EXECUTE|[163]
19:12:11.0 (11572513)|HEAP_ALLOCATE|[162]|Bytes:5
19:12:11.0 (11601512)|HEAP_ALLOCATE|[162]|Bytes:28
19:12:11.0 (11613314)|VARIABLE_SCOPE_BEGIN|[162]|PSetName|PermissionSet|true|false
19:12:11.0 (11642166)|VARIABLE_ASSIGNMENT|[162]|PSetName|{"s":1,"v":{"Id":"0PS36000000mmngGAA","Label":"00e1a000000MWaRAAW","Name":"X00e1a000000MWaRAAW","NamespacePrefix":"shiva15testns","UserLicenseId":"10036000000eSqIAAU","CreatedDate":"2016-03-08T19:00:02.000Z"}}|0x31c745f6
19:12:11.0 (11648640)|STATEMENT_EXECUTE|[162]
19:12:11.0 (11673767)|ENTERING_MANAGED_PKG|
19:12:11.0 (11687876)|STATEMENT_EXECUTE|[163]
19:12:11.0 (11702638)|HEAP_ALLOCATE|[162]|Bytes:5
19:12:11.0 (11731090)|HEAP_ALLOCATE|[162]|Bytes:28
19:12:11.0 (11742161)|VARIABLE_SCOPE_BEGIN|[162]|PSetName|PermissionSet|true|false
19:12:11.0 (11770818)|VARIABLE_ASSIGNMENT|[162]|PSetName|{"s":1,"v":{"Id":"0PS36000000mmnhGAA","Label":"00e1a000000MWaSAAW","Name":"X00e1a000000MWaSAAW","NamespacePrefix":"shiva15testns","UserLicenseId":"10036000000eSqJAAU","CreatedDate":"2016-03-08T19:00:02.000Z"}}|0x45973953
19:12:11.0 (11777432)|STATEMENT_EXECUTE|[162]
19:12:11.0 (11802337)|ENTERING_MANAGED_PKG|
19:12:11.0 (11815935)|STATEMENT_EXECUTE|[163]
19:12:11.0 (11830444)|HEAP_ALLOCATE|[162]|Bytes:5
19:12:11.0 (11858821)|HEAP_ALLOCATE|[162]|Bytes:28
19:12:11.0 (11870141)|VARIABLE_SCOPE_BEGIN|[162]|PSetName|PermissionSet|true|false
19:12:11.0 (11899892)|VARIABLE_ASSIGNMENT|[162]|PSetName|{"s":1,"v":{"Id":"0PS36000000mmniGAA","Label":"00e1a000000MWaTAAW","Name":"X00e1a000000MWaTAAW","NamespacePrefix":"shiva15testns","UserLicenseId":"10036000000eSqJAAU","CreatedDate":"2016-03-08T19:00:02.000Z"}}|0x7931df9
19:12:11.0 (11906520)|STATEMENT_EXECUTE|[162]
19:12:11.0 (11931599)|ENTERING_MANAGED_PKG|
19:12:11.0 (11946283)|STATEMENT_EXECUTE|[163]
19:12:11.0 (11961319)|HEAP_ALLOCATE|[162]|Bytes:5
19:12:11.0 (11990202)|HEAP_ALLOCATE|[162]|Bytes:28
19:12:11.0 (12001542)|VARIABLE_SCOPE_BEGIN|[162]|PSetName|PermissionSet|true|false
19:12:11.0 (12031748)|VARIABLE_ASSIGNMENT|[162]|PSetName|{"s":1,"v":{"Id":"0PS36000000mmnjGAA","Label":"00e1a000000MWaUAAW","Name":"X00e1a000000MWaUAAW","NamespacePrefix":"shiva15testns","UserLicenseId":"10036000000eSqKAAU","CreatedDate":"2016-03-08T19:00:02.000Z"}}|0x64a842d9
19:12:11.0 (12038491)|STATEMENT_EXECUTE|[162]
19:12:11.0 (12063952)|ENTERING_MANAGED_PKG|
19:12:11.0 (12079074)|STATEMENT_EXECUTE|[163]
19:12:11.0 (12093220)|HEAP_ALLOCATE|[162]|Bytes:5
19:12:11.0 (12121547)|HEAP_ALLOCATE|[162]|Bytes:28
19:12:11.0 (12133218)|VARIABLE_SCOPE_BEGIN|[162]|PSetName|PermissionSet|true|false
19:12:11.0 (12167227)|VARIABLE_ASSIGNMENT|[162]|PSetName|{"s":1,"v":{"Id":"0PS36000000mmnlGAA","Label":"00e1a000000N1LRAA0","Name":"X00e1a000000N1LRAA0","NamespacePrefix":"shiva15testns","UserLicenseId":"10036000000eSqLAAU","CreatedDate":"2016-03-08T19:00:02.000Z"}}|0x6f4b534f
19:12:11.0 (12173777)|STATEMENT_EXECUTE|[162]
19:12:11.0 (12199483)|ENTERING_MANAGED_PKG|
19:12:11.0 (12213541)|STATEMENT_EXECUTE|[163]
19:12:11.0 (12227992)|HEAP_ALLOCATE|[162]|Bytes:5
19:12:11.0 (12256531)|HEAP_ALLOCATE|[162]|Bytes:28
19:12:11.0 (12267685)|VARIABLE_SCOPE_BEGIN|[162]|PSetName|PermissionSet|true|false
19:12:11.0 (12296871)|VARIABLE_ASSIGNMENT|[162]|PSetName|{"s":1,"v":{"Id":"0PS36000000mmnmGAA","Label":"00e1a000000N1LSAA0","Name":"X00e1a000000N1LSAA0","NamespacePrefix":"shiva15testns","UserLicenseId":"10036000000eSqMAAU","CreatedDate":"2016-03-08T19:00:02.000Z"}}|0x13eaa254
19:12:11.0 (12303638)|STATEMENT_EXECUTE|[162]
19:12:11.0 (12329014)|ENTERING_MANAGED_PKG|
19:12:11.0 (12343378)|STATEMENT_EXECUTE|[163]
19:12:11.0 (12357627)|HEAP_ALLOCATE|[162]|Bytes:5
19:12:11.0 (12385631)|HEAP_ALLOCATE|[162]|Bytes:28
19:12:11.0 (12396877)|VARIABLE_SCOPE_BEGIN|[162]|PSetName|PermissionSet|true|false
19:12:11.0 (12426196)|VARIABLE_ASSIGNMENT|[162]|PSetName|{"s":1,"v":{"Id":"0PS36000000mmnnGAA","Label":"00e1a000000N1wKAAS","Name":"X00e1a000000N1wKAAS","NamespacePrefix":"shiva15testns","UserLicenseId":"10036000000eSqNAAU","CreatedDate":"2016-03-08T19:00:02.000Z"}}|0xc891905
19:12:11.0 (12432834)|STATEMENT_EXECUTE|[162]
19:12:11.0 (12457547)|ENTERING_MANAGED_PKG|
19:12:11.0 (12471702)|STATEMENT_EXECUTE|[163]
19:12:11.0 (12486081)|HEAP_ALLOCATE|[162]|Bytes:5
19:12:11.0 (12513915)|HEAP_ALLOCATE|[162]|Bytes:28
19:12:11.0 (12525221)|VARIABLE_SCOPE_BEGIN|[162]|PSetName|PermissionSet|true|false
19:12:11.0 (12554056)|VARIABLE_ASSIGNMENT|[162]|PSetName|{"s":1,"v":{"Id":"0PS36000000mmnoGAA","Label":"00e1a000000N1wLAAS","Name":"X00e1a000000N1wLAAS","NamespacePrefix":"shiva15testns","UserLicenseId":"10036000000eSqNAAU","CreatedDate":"2016-03-08T19:00:02.000Z"}}|0x2a113cc7
19:12:11.0 (12561056)|STATEMENT_EXECUTE|[162]
19:12:11.0 (12585959)|ENTERING_MANAGED_PKG|
19:12:11.0 (12600328)|STATEMENT_EXECUTE|[163]
19:12:11.0 (12614871)|HEAP_ALLOCATE|[162]|Bytes:5
19:12:11.0 (12643138)|HEAP_ALLOCATE|[162]|Bytes:28
19:12:11.0 (12654317)|VARIABLE_SCOPE_BEGIN|[162]|PSetName|PermissionSet|true|false
19:12:11.0 (12683058)|VARIABLE_ASSIGNMENT|[162]|PSetName|{"s":1,"v":{"Id":"0PS36000000mmnqGAA","Label":"00e1a000000MWaAAAW","Name":"X00e1a000000MWaAAAW","NamespacePrefix":"shiva15testns","UserLicenseId":"10036000000eSq1AAE","CreatedDate":"2016-03-08T19:00:02.000Z"}}|0x1ff5d3e1
19:12:11.0 (12689048)|STATEMENT_EXECUTE|[162]
19:12:11.0 (12714396)|ENTERING_MANAGED_PKG|
19:12:11.0 (12728114)|STATEMENT_EXECUTE|[163]
19:12:11.0 (12742567)|HEAP_ALLOCATE|[162]|Bytes:5
19:12:11.0 (12771717)|HEAP_ALLOCATE|[162]|Bytes:32
19:12:11.0 (12783006)|VARIABLE_SCOPE_BEGIN|[162]|PSetName|PermissionSet|true|false
19:12:11.0 (12814670)|VARIABLE_ASSIGNMENT|[162]|PSetName|{"s":1,"v":{"Id":"0PS36000000q71PGAQ","Label":"PermissionSet_Test","Name":"PermissionSet_Test","Description":"This is for testing  (11 more) ...","NamespacePrefix":"shiva15testns","UserLicenseId":"10036000000eSpyAAE","CreatedDate":"2016-03-20T22:41:12.000Z"}}|0x59cb3a49
19:12:11.0 (12821235)|STATEMENT_EXECUTE|[162]
19:12:11.0 (12846598)|ENTERING_MANAGED_PKG|
19:12:11.0 (12860713)|STATEMENT_EXECUTE|[163]
19:12:11.0 (12863686)|STATEMENT_EXECUTE|[164]
19:12:11.0 (12868349)|HEAP_ALLOCATE|[164]|Bytes:52
19:12:11.0 (12877505)|HEAP_ALLOCATE|[164]|Bytes:4
19:12:11.0 (12886592)|HEAP_ALLOCATE|[164]|Bytes:7
19:12:11.0 (13965267)|SOQL_EXECUTE_BEGIN|[164]|Aggregations:0|SELECT Id, Name FROM UserLicense WHERE Id = :tmpVar1
19:12:11.0 (16019167)|SOQL_EXECUTE_END|[164]|Rows:1
19:12:11.0 (16044085)|HEAP_ALLOCATE|[164]|Bytes:8
19:12:11.0 (16061969)|HEAP_ALLOCATE|[164]|Bytes:47
19:12:11.0 (16156740)|HEAP_ALLOCATE|[164]|Bytes:8
19:12:11.0 (16189549)|HEAP_ALLOCATE|[164]|Bytes:37
19:12:11.0 (16269229)|HEAP_ALLOCATE|[164]|Bytes:12
19:12:11.0 (16281114)|VARIABLE_SCOPE_BEGIN|[164]|ulicense|UserLicense|true|false
19:12:11.0 (16303010)|VARIABLE_ASSIGNMENT|[164]|ulicense|{"s":1,"v":{"Id":"10036000000eSpyAAE","Name":"Salesforce"}}|0x584f004
19:12:11.0 (16308048)|STATEMENT_EXECUTE|[165]
19:12:11.0 (16317686)|HEAP_ALLOCATE|[165]|Bytes:240
19:12:11.0 (16324334)|HEAP_ALLOCATE|[165]|Bytes:39
19:12:11.0 (16331985)|HEAP_ALLOCATE|[165]|Bytes:32
19:12:11.0 (16389230)|ENTERING_MANAGED_PKG|
19:12:11.0 (16425385)|HEAP_ALLOCATE|[165]|Bytes:18
19:12:11.0 (16501004)|ENTERING_MANAGED_PKG|
19:12:11.0 (16542191)|HEAP_ALLOCATE|[165]|Bytes:19
19:12:11.0 (16569729)|CONSTRUCTOR_ENTRY|[165]|01p36000005Jpvx|<init>(String,String,String,String,String,String,String)
19:12:11.0 (16580012)|VARIABLE_SCOPE_BEGIN|[1054]|this|shiva15testns.PermissionSetPortalControllers.PermissionSetClass|true|false
19:12:11.0 (16618602)|VARIABLE_ASSIGNMENT|[1054]|this|{}|0x4caed5d3
19:12:11.0 (16622281)|VARIABLE_SCOPE_BEGIN|[1054]|label|String|false|false
19:12:11.0 (16627669)|VARIABLE_ASSIGNMENT|[1054]|label|"PermissionSet_Test"
19:12:11.0 (16630030)|VARIABLE_SCOPE_BEGIN|[1054]|apiName|String|false|false
19:12:11.0 (16633451)|VARIABLE_ASSIGNMENT|[1054]|apiName|"PermissionSet_Test"
19:12:11.0 (16636160)|VARIABLE_SCOPE_BEGIN|[1054]|id|String|false|false
19:12:11.0 (16639062)|VARIABLE_ASSIGNMENT|[1054]|id|"0PS36000000q71PGAQ"
19:12:11.0 (16640966)|VARIABLE_SCOPE_BEGIN|[1054]|description|String|false|false
19:12:11.0 (16645833)|VARIABLE_ASSIGNMENT|[1054]|description|"This is for testing  (11 more) ..."
19:12:11.0 (16647976)|VARIABLE_SCOPE_BEGIN|[1054]|namespacePrefix|String|false|false
19:12:11.0 (16651072)|VARIABLE_ASSIGNMENT|[1054]|namespacePrefix|"shiva15testns"
19:12:11.0 (16653121)|VARIABLE_SCOPE_BEGIN|[1054]|userLicenseId|String|false|false
19:12:11.0 (16656087)|VARIABLE_ASSIGNMENT|[1054]|userLicenseId|"Salesforce"
19:12:11.0 (16658111)|VARIABLE_SCOPE_BEGIN|[1054]|createdDate|String|false|false
19:12:11.0 (16661044)|VARIABLE_ASSIGNMENT|[1054]|createdDate|"2016-03-20 15:41:12"
19:12:11.0 (16665086)|STATEMENT_EXECUTE|[1037]
19:12:11.0 (16666701)|STATEMENT_EXECUTE|[1040]
19:12:11.0 (16668673)|STATEMENT_EXECUTE|[1042]
19:12:11.0 (16670011)|STATEMENT_EXECUTE|[1044]
19:12:11.0 (16671005)|STATEMENT_EXECUTE|[1046]
19:12:11.0 (16672117)|STATEMENT_EXECUTE|[1048]
19:12:11.0 (16673183)|STATEMENT_EXECUTE|[1050]
19:12:11.0 (16674381)|STATEMENT_EXECUTE|[1052]
19:12:11.0 (16683462)|HEAP_ALLOCATE|[1056]|Bytes:6
19:12:11.0 (16712143)|STATEMENT_EXECUTE|[1055]
19:12:11.0 (16714286)|STATEMENT_EXECUTE|[1056]
19:12:11.0 (16765566)|VARIABLE_ASSIGNMENT|[EXTERNAL]|this|{}|0x4caed5d3
19:12:11.0 (16772326)|VARIABLE_ASSIGNMENT|[EXTERNAL]|value|"PermissionSet_Test"
19:12:11.0 (16784528)|VARIABLE_ASSIGNMENT|[1040]|this.label|"PermissionSet_Test"|0x4caed5d3
19:12:11.0 (16792046)|STATEMENT_EXECUTE|[1057]
19:12:11.0 (16827039)|VARIABLE_ASSIGNMENT|[EXTERNAL]|this|{"label":"PermissionSet_Test"}|0x4caed5d3
19:12:11.0 (16832774)|VARIABLE_ASSIGNMENT|[EXTERNAL]|value|"PermissionSet_Test"
19:12:11.0 (16840089)|VARIABLE_ASSIGNMENT|[1042]|this.apiName|"PermissionSet_Test"|0x4caed5d3
19:12:11.0 (16846584)|STATEMENT_EXECUTE|[1058]
19:12:11.0 (16879962)|VARIABLE_ASSIGNMENT|[EXTERNAL]|this|{"apiName":"PermissionSet_Test","label":"PermissionSet_Test"}|0x4caed5d3
19:12:11.0 (16885870)|VARIABLE_ASSIGNMENT|[EXTERNAL]|value|"0PS36000000q71PGAQ"
19:12:11.0 (16892679)|VARIABLE_ASSIGNMENT|[1044]|this.id|"0PS36000000q71PGAQ"|0x4caed5d3
19:12:11.0 (16898856)|STATEMENT_EXECUTE|[1059]
19:12:11.0 (16949568)|VARIABLE_ASSIGNMENT|[EXTERNAL]|this|{"apiName":"PermissionSet_Test","id":"0PS36000000q71PGAQ","label":"PermissionSet_Test"}|0x4caed5d3
19:12:11.0 (16957404)|VARIABLE_ASSIGNMENT|[EXTERNAL]|value|"This is for testing  (11 more) ..."
19:12:11.0 (16966135)|VARIABLE_ASSIGNMENT|[1046]|this.description|"This is for testing  (11 more) ..."|0x4caed5d3
19:12:11.0 (16972963)|STATEMENT_EXECUTE|[1060]
19:12:11.0 (17010047)|VARIABLE_ASSIGNMENT|[EXTERNAL]|this|{"apiName":"PermissionSet_Test","description":"This is for testing  (11 more) ...","id":"0PS36000000q71PGAQ","label":"PermissionSet_Test"}|0x4caed5d3
19:12:11.0 (17017145)|VARIABLE_ASSIGNMENT|[EXTERNAL]|value|"shiva15testns"
19:12:11.0 (17025270)|VARIABLE_ASSIGNMENT|[1048]|this.namespacePrefix|"shiva15testns"|0x4caed5d3
19:12:11.0 (17031703)|STATEMENT_EXECUTE|[1061]
19:12:11.0 (17067406)|VARIABLE_ASSIGNMENT|[EXTERNAL]|this|{"apiName":"PermissionSet_Test","description":"This is for testing  (11 more) ...","id":"0PS36000000q71PGAQ","label":"PermissionSet_Test","namespacePrefix":"shiva15testns"}|0x4caed5d3
19:12:11.0 (17073782)|VARIABLE_ASSIGNMENT|[EXTERNAL]|value|"Salesforce"
19:12:11.0 (17081473)|VARIABLE_ASSIGNMENT|[1050]|this.userLicenseId|"Salesforce"|0x4caed5d3
19:12:11.0 (17087482)|STATEMENT_EXECUTE|[1062]
19:12:11.0 (17123295)|VARIABLE_ASSIGNMENT|[EXTERNAL]|this|{"apiName":"PermissionSet_Test","description":"This is for testing  (11 more) ...","id":"0PS36000000q71PGAQ","label":"PermissionSet_Test","namespacePrefix":"shiva15testns","userLicenseId":"Salesforce"}|0x4caed5d3
19:12:11.0 (17130227)|VARIABLE_ASSIGNMENT|[EXTERNAL]|value|"2016-03-20 15:41:12"
19:12:11.0 (17138145)|VARIABLE_ASSIGNMENT|[1052]|this.createdDate|"2016-03-20 15:41:12"|0x4caed5d3
19:12:11.0 (17152288)|CONSTRUCTOR_EXIT|[165]|01p36000005Jpvx|<init>(String,String,String,String,String,String,String)
19:12:11.0 (17175957)|VARIABLE_ASSIGNMENT|[165]|pSetObj|{"apiName":"PermissionSet_Test","createdDate":"2016-03-20 15:41:12","description":"This is for testing  (11 more) ...","id":"0PS36000000q71PGAQ","label":"PermissionSet_Test","namespacePrefix":"shiva15testns","userLicenseId":"Salesforce"}|0x4caed5d3
19:12:11.0 (17180697)|STATEMENT_EXECUTE|[167]
19:12:11.0 (17197064)|ENTERING_MANAGED_PKG|
19:12:11.0 (17223357)|HEAP_ALLOCATE|[EXTERNAL]|Bytes:4
19:12:11.0 (17231494)|STATEMENT_EXECUTE|[168]
19:12:11.0 (17397073)|HEAP_ALLOCATE|[168]|Bytes:24
19:12:11.0 (17416312)|ENTERING_MANAGED_PKG|
19:12:11.0 (17491957)|HEAP_ALLOCATE|[168]|Bytes:231
19:12:11.0 (17514665)|HEAP_ALLOCATE|[168]|Bytes:255
19:12:11.0 (17542187)|ENTERING_MANAGED_PKG|
19:12:11.0 (17557214)|USER_DEBUG|[168]|ERROR|The PermissionSet Name: PermissionSet:{Id=0PS36000000q71PGAQ, Label=PermissionSet_Test, Name=PermissionSet_Test, Description=This is for testing Description, NamespacePrefix=shiva15testns, UserLicenseId=10036000000eSpyAAE, CreatedDate=2016-03-20 22:41:12}
19:12:11.0 (17576866)|HEAP_ALLOCATE|[162]|Bytes:5
19:12:11.0 (17601723)|HEAP_ALLOCATE|[162]|Bytes:32
19:12:11.0 (17610993)|VARIABLE_SCOPE_BEGIN|[162]|PSetName|PermissionSet|true|false
19:12:11.0 (17641874)|VARIABLE_ASSIGNMENT|[162]|PSetName|{"s":1,"v":{"Id":"0PS360000016pyOGAQ","Label":"Final_Test","Name":"Final_Test","Description":"Descp","NamespacePrefix":"shiva15testns","UserLicenseId":"10036000000eSpyAAE","CreatedDate":"2016-05-03T01:36:03.000Z"}}|0x1d4e4144
19:12:11.0 (17646625)|STATEMENT_EXECUTE|[162]
19:12:11.0 (17669022)|ENTERING_MANAGED_PKG|
19:12:11.0 (17679106)|STATEMENT_EXECUTE|[163]
19:12:11.0 (17680885)|STATEMENT_EXECUTE|[164]
19:12:11.0 (17685752)|HEAP_ALLOCATE|[164]|Bytes:4
19:12:11.0 (17860195)|SOQL_EXECUTE_BEGIN|[164]|Aggregations:0|SELECT Id, Name FROM UserLicense WHERE Id = :tmpVar1
19:12:11.0 (19326267)|SOQL_EXECUTE_END|[164]|Rows:1
19:12:11.0 (19338174)|HEAP_ALLOCATE|[164]|Bytes:8
19:12:11.0 (19347785)|HEAP_ALLOCATE|[164]|Bytes:47
19:12:11.0 (19363412)|HEAP_ALLOCATE|[164]|Bytes:8
19:12:11.0 (19394354)|HEAP_ALLOCATE|[164]|Bytes:12
19:12:11.0 (19402915)|VARIABLE_SCOPE_BEGIN|[164]|ulicense|UserLicense|true|false
19:12:11.0 (19420837)|VARIABLE_ASSIGNMENT|[164]|ulicense|{"s":1,"v":{"Id":"10036000000eSpyAAE","Name":"Salesforce"}}|0x74ec7074
19:12:11.0 (19424502)|STATEMENT_EXECUTE|[165]
19:12:11.0 (19430061)|HEAP_ALLOCATE|[165]|Bytes:32
19:12:11.0 (19455992)|ENTERING_MANAGED_PKG|
19:12:11.0 (19460998)|HEAP_ALLOCATE|[165]|Bytes:18
19:12:11.0 (19487740)|ENTERING_MANAGED_PKG|
19:12:11.0 (19502781)|HEAP_ALLOCATE|[165]|Bytes:19
19:12:11.0 (19521998)|CONSTRUCTOR_ENTRY|[165]|01p36000005Jpvx|<init>(String,String,String,String,String,String,String)
19:12:11.0 (19528229)|VARIABLE_SCOPE_BEGIN|[1054]|this|shiva15testns.PermissionSetPortalControllers.PermissionSetClass|true|false
19:12:11.0 (19551214)|VARIABLE_ASSIGNMENT|[1054]|this|{}|0x77fd62cd
19:12:11.0 (19554856)|VARIABLE_SCOPE_BEGIN|[1054]|label|String|false|false
19:12:11.0 (19559753)|VARIABLE_ASSIGNMENT|[1054]|label|"Final_Test"
19:12:11.0 (19561973)|VARIABLE_SCOPE_BEGIN|[1054]|apiName|String|false|false
19:12:11.0 (19564865)|VARIABLE_ASSIGNMENT|[1054]|apiName|"Final_Test"
19:12:11.0 (19566974)|VARIABLE_SCOPE_BEGIN|[1054]|id|String|false|false
19:12:11.0 (19570214)|VARIABLE_ASSIGNMENT|[1054]|id|"0PS360000016pyOGAQ"
19:12:11.0 (19572303)|VARIABLE_SCOPE_BEGIN|[1054]|description|String|false|false
19:12:11.0 (19575076)|VARIABLE_ASSIGNMENT|[1054]|description|"Descp"
19:12:11.0 (19576999)|VARIABLE_SCOPE_BEGIN|[1054]|namespacePrefix|String|false|false
19:12:11.0 (19580083)|VARIABLE_ASSIGNMENT|[1054]|namespacePrefix|"shiva15testns"
19:12:11.0 (19581959)|VARIABLE_SCOPE_BEGIN|[1054]|userLicenseId|String|false|false
19:12:11.0 (19584898)|VARIABLE_ASSIGNMENT|[1054]|userLicenseId|"Salesforce"
19:12:11.0 (19586800)|VARIABLE_SCOPE_BEGIN|[1054]|createdDate|String|false|false
19:12:11.0 (19589885)|VARIABLE_ASSIGNMENT|[1054]|createdDate|"2016-05-02 18:36:03"
19:12:11.0 (19593235)|STATEMENT_EXECUTE|[1037]
19:12:11.0 (19607321)|STATEMENT_EXECUTE|[1040]
19:12:11.0 (19610704)|STATEMENT_EXECUTE|[1042]
19:12:11.0 (19612516)|STATEMENT_EXECUTE|[1044]
19:12:11.0 (19614374)|STATEMENT_EXECUTE|[1046]
19:12:11.0 (19616443)|STATEMENT_EXECUTE|[1048]
19:12:11.0 (19618264)|STATEMENT_EXECUTE|[1050]
19:12:11.0 (19620639)|STATEMENT_EXECUTE|[1052]
19:12:11.0 (19640060)|STATEMENT_EXECUTE|[1055]
19:12:11.0 (19643718)|STATEMENT_EXECUTE|[1056]
19:12:11.0 (19679959)|VARIABLE_ASSIGNMENT|[EXTERNAL]|this|{}|0x77fd62cd
19:12:11.0 (19690905)|VARIABLE_ASSIGNMENT|[EXTERNAL]|value|"Final_Test"
19:12:11.0 (19700750)|VARIABLE_ASSIGNMENT|[1040]|this.label|"Final_Test"|0x77fd62cd
19:12:11.0 (19708347)|STATEMENT_EXECUTE|[1057]
19:12:11.0 (19733323)|VARIABLE_ASSIGNMENT|[EXTERNAL]|this|{"label":"Final_Test"}|0x77fd62cd
19:12:11.0 (19738592)|VARIABLE_ASSIGNMENT|[EXTERNAL]|value|"Final_Test"
19:12:11.0 (19744722)|VARIABLE_ASSIGNMENT|[1042]|this.apiName|"Final_Test"|0x77fd62cd
19:12:11.0 (19750674)|STATEMENT_EXECUTE|[1058]
19:12:11.0 (19771747)|VARIABLE_ASSIGNMENT|[EXTERNAL]|this|{"apiName":"Final_Test","label":"Final_Test"}|0x77fd62cd
19:12:11.0 (19777425)|VARIABLE_ASSIGNMENT|[EXTERNAL]|value|"0PS360000016pyOGAQ"
19:12:11.0 (19783598)|VARIABLE_ASSIGNMENT|[1044]|this.id|"0PS360000016pyOGAQ"|0x77fd62cd
19:12:11.0 (19789112)|STATEMENT_EXECUTE|[1059]
19:12:11.0 (19810993)|VARIABLE_ASSIGNMENT|[EXTERNAL]|this|{"apiName":"Final_Test","id":"0PS360000016pyOGAQ","label":"Final_Test"}|0x77fd62cd
19:12:11.0 (19816382)|VARIABLE_ASSIGNMENT|[EXTERNAL]|value|"Descp"
19:12:11.0 (19822449)|VARIABLE_ASSIGNMENT|[1046]|this.description|"Descp"|0x77fd62cd
19:12:11.0 (19827884)|STATEMENT_EXECUTE|[1060]
19:12:11.0 (19849518)|VARIABLE_ASSIGNMENT|[EXTERNAL]|this|{"apiName":"Final_Test","description":"Descp","id":"0PS360000016pyOGAQ","label":"Final_Test"}|0x77fd62cd
19:12:11.0 (19855363)|VARIABLE_ASSIGNMENT|[EXTERNAL]|value|"shiva15testns"
19:12:11.0 (19861547)|VARIABLE_ASSIGNMENT|[1048]|this.namespacePrefix|"shiva15testns"|0x77fd62cd
19:12:11.0 (19867012)|STATEMENT_EXECUTE|[1061]
19:12:11.0 (19888652)|VARIABLE_ASSIGNMENT|[EXTERNAL]|this|{"apiName":"Final_Test","description":"Descp","id":"0PS360000016pyOGAQ","label":"Final_Test","namespacePrefix":"shiva15testns"}|0x77fd62cd
19:12:11.0 (19894330)|VARIABLE_ASSIGNMENT|[EXTERNAL]|value|"Salesforce"
19:12:11.0 (19900192)|VARIABLE_ASSIGNMENT|[1050]|this.userLicenseId|"Salesforce"|0x77fd62cd
19:12:11.0 (19905637)|STATEMENT_EXECUTE|[1062]
19:12:11.0 (19927923)|VARIABLE_ASSIGNMENT|[EXTERNAL]|this|{"apiName":"Final_Test","description":"Descp","id":"0PS360000016pyOGAQ","label":"Final_Test","namespacePrefix":"shiva15testns","userLicenseId":"Salesforce"}|0x77fd62cd
19:12:11.0 (19933910)|VARIABLE_ASSIGNMENT|[EXTERNAL]|value|"2016-05-02 18:36:03"
19:12:11.0 (19940165)|VARIABLE_ASSIGNMENT|[1052]|this.createdDate|"2016-05-02 18:36:03"|0x77fd62cd
19:12:11.0 (19957102)|CONSTRUCTOR_EXIT|[165]|01p36000005Jpvx|<init>(String,String,String,String,String,String,String)
19:12:11.0 (19980412)|VARIABLE_ASSIGNMENT|[165]|pSetObj|{"apiName":"Final_Test","createdDate":"2016-05-02 18:36:03","description":"Descp","id":"0PS360000016pyOGAQ","label":"Final_Test","namespacePrefix":"shiva15testns","userLicenseId":"Salesforce"}|0x77fd62cd
19:12:11.0 (19984918)|STATEMENT_EXECUTE|[167]
19:12:11.0 (20000586)|ENTERING_MANAGED_PKG|
19:12:11.0 (20006491)|HEAP_ALLOCATE|[EXTERNAL]|Bytes:4
19:12:11.0 (20012484)|STATEMENT_EXECUTE|[168]
19:12:11.0 (20025749)|ENTERING_MANAGED_PKG|
19:12:11.0 (20074435)|HEAP_ALLOCATE|[168]|Bytes:189
19:12:11.0 (20090315)|HEAP_ALLOCATE|[168]|Bytes:213
19:12:11.0 (20101335)|ENTERING_MANAGED_PKG|
19:12:11.0 (20121498)|USER_DEBUG|[168]|ERROR|The PermissionSet Name: PermissionSet:{Id=0PS360000016pyOGAQ, Label=Final_Test, Name=Final_Test, Description=Descp, NamespacePrefix=shiva15testns, UserLicenseId=10036000000eSpyAAE, CreatedDate=2016-05-03 01:36:03}
19:12:11.0 (20154935)|HEAP_ALLOCATE|[162]|Bytes:5
19:12:11.0 (20194310)|HEAP_ALLOCATE|[162]|Bytes:32
19:12:11.0 (20208247)|VARIABLE_SCOPE_BEGIN|[162]|PSetName|PermissionSet|true|false
19:12:11.0 (20244448)|VARIABLE_ASSIGNMENT|[162]|PSetName|{"s":1,"v":{"Id":"0PS360000016pzlGAA","Label":"Final_Error_Testing","Name":"Final_Error_Testing","Description":"Descp","NamespacePrefix":"shiva15testns","UserLicenseId":"10036000000eSpyAAE","CreatedDate":"2016-05-03T01:41:02.000Z"}}|0x3e9aa12e
19:12:11.0 (20251809)|STATEMENT_EXECUTE|[162]
19:12:11.0 (20281576)|ENTERING_MANAGED_PKG|
19:12:11.0 (20293169)|STATEMENT_EXECUTE|[163]
19:12:11.0 (20295260)|STATEMENT_EXECUTE|[164]
19:12:11.0 (20300184)|HEAP_ALLOCATE|[164]|Bytes:4
19:12:11.0 (20447400)|SOQL_EXECUTE_BEGIN|[164]|Aggregations:0|SELECT Id, Name FROM UserLicense WHERE Id = :tmpVar1
19:12:11.0 (21826174)|SOQL_EXECUTE_END|[164]|Rows:1
19:12:11.0 (21841298)|HEAP_ALLOCATE|[164]|Bytes:8
19:12:11.0 (21853382)|HEAP_ALLOCATE|[164]|Bytes:47
19:12:11.0 (21870810)|HEAP_ALLOCATE|[164]|Bytes:8
19:12:11.0 (21908134)|HEAP_ALLOCATE|[164]|Bytes:12
19:12:11.0 (21919827)|VARIABLE_SCOPE_BEGIN|[164]|ulicense|UserLicense|true|false
19:12:11.0 (21947751)|VARIABLE_ASSIGNMENT|[164]|ulicense|{"s":1,"v":{"Id":"10036000000eSpyAAE","Name":"Salesforce"}}|0x4e9d73c2
19:12:11.0 (21953748)|STATEMENT_EXECUTE|[165]
19:12:11.0 (21960644)|HEAP_ALLOCATE|[165]|Bytes:32
19:12:11.0 (21992641)|ENTERING_MANAGED_PKG|
19:12:11.0 (21999441)|HEAP_ALLOCATE|[165]|Bytes:18
19:12:11.0 (22037423)|ENTERING_MANAGED_PKG|
19:12:11.0 (22055803)|HEAP_ALLOCATE|[165]|Bytes:19
19:12:11.0 (22082418)|CONSTRUCTOR_ENTRY|[165]|01p36000005Jpvx|<init>(String,String,String,String,String,String,String)
19:12:11.0 (22092228)|VARIABLE_SCOPE_BEGIN|[1054]|this|shiva15testns.PermissionSetPortalControllers.PermissionSetClass|true|false
19:12:11.0 (22123310)|VARIABLE_ASSIGNMENT|[1054]|this|{}|0x367ed4aa
19:12:11.0 (22128843)|VARIABLE_SCOPE_BEGIN|[1054]|label|String|false|false
19:12:11.0 (22137977)|VARIABLE_ASSIGNMENT|[1054]|label|"Final_Error_Testing"
19:12:11.0 (22141779)|VARIABLE_SCOPE_BEGIN|[1054]|apiName|String|false|false
19:12:11.0 (22147264)|VARIABLE_ASSIGNMENT|[1054]|apiName|"Final_Error_Testing"
19:12:11.0 (22150911)|VARIABLE_SCOPE_BEGIN|[1054]|id|String|false|false
19:12:11.0 (22156592)|VARIABLE_ASSIGNMENT|[1054]|id|"0PS360000016pzlGAA"
19:12:11.0 (22159877)|VARIABLE_SCOPE_BEGIN|[1054]|description|String|false|false
19:12:11.0 (22165003)|VARIABLE_ASSIGNMENT|[1054]|description|"Descp"
19:12:11.0 (22168049)|VARIABLE_SCOPE_BEGIN|[1054]|namespacePrefix|String|false|false
19:12:11.0 (22173197)|VARIABLE_ASSIGNMENT|[1054]|namespacePrefix|"shiva15testns"
19:12:11.0 (22176296)|VARIABLE_SCOPE_BEGIN|[1054]|userLicenseId|String|false|false
19:12:11.0 (22181364)|VARIABLE_ASSIGNMENT|[1054]|userLicenseId|"Salesforce"
19:12:11.0 (22184462)|VARIABLE_SCOPE_BEGIN|[1054]|createdDate|String|false|false
19:12:11.0 (22189675)|VARIABLE_ASSIGNMENT|[1054]|createdDate|"2016-05-02 18:41:02"
19:12:11.0 (22194598)|STATEMENT_EXECUTE|[1037]
19:12:11.0 (22197299)|STATEMENT_EXECUTE|[1040]
19:12:11.0 (22199740)|STATEMENT_EXECUTE|[1042]
19:12:11.0 (22201787)|STATEMENT_EXECUTE|[1044]
19:12:11.0 (22203792)|STATEMENT_EXECUTE|[1046]
19:12:11.0 (22205837)|STATEMENT_EXECUTE|[1048]
19:12:11.0 (22207815)|STATEMENT_EXECUTE|[1050]
19:12:11.0 (22209837)|STATEMENT_EXECUTE|[1052]
19:12:11.0 (22226868)|STATEMENT_EXECUTE|[1055]
19:12:11.0 (22229658)|STATEMENT_EXECUTE|[1056]
19:12:11.0 (22261077)|VARIABLE_ASSIGNMENT|[EXTERNAL]|this|{}|0x367ed4aa
19:12:11.0 (22270027)|VARIABLE_ASSIGNMENT|[EXTERNAL]|value|"Final_Error_Testing"
19:12:11.0 (22280952)|VARIABLE_ASSIGNMENT|[1040]|this.label|"Final_Error_Testing"|0x367ed4aa
19:12:11.0 (22290247)|STATEMENT_EXECUTE|[1057]
19:12:11.0 (22320978)|VARIABLE_ASSIGNMENT|[EXTERNAL]|this|{"label":"Final_Error_Testing"}|0x367ed4aa
19:12:11.0 (22328862)|VARIABLE_ASSIGNMENT|[EXTERNAL]|value|"Final_Error_Testing"
19:12:11.0 (22338240)|VARIABLE_ASSIGNMENT|[1042]|this.apiName|"Final_Error_Testing"|0x367ed4aa
19:12:11.0 (22346990)|STATEMENT_EXECUTE|[1058]
19:12:11.0 (22377873)|VARIABLE_ASSIGNMENT|[EXTERNAL]|this|{"apiName":"Final_Error_Testing","label":"Final_Error_Testing"}|0x367ed4aa
19:12:11.0 (22386452)|VARIABLE_ASSIGNMENT|[EXTERNAL]|value|"0PS360000016pzlGAA"
19:12:11.0 (22396029)|VARIABLE_ASSIGNMENT|[1044]|this.id|"0PS360000016pzlGAA"|0x367ed4aa
19:12:11.0 (22405829)|STATEMENT_EXECUTE|[1059]
19:12:11.0 (22441936)|VARIABLE_ASSIGNMENT|[EXTERNAL]|this|{"apiName":"Final_Error_Testing","id":"0PS360000016pzlGAA","label":"Final_Error_Testing"}|0x367ed4aa
19:12:11.0 (22450456)|VARIABLE_ASSIGNMENT|[EXTERNAL]|value|"Descp"
19:12:11.0 (22459921)|VARIABLE_ASSIGNMENT|[1046]|this.description|"Descp"|0x367ed4aa
19:12:11.0 (22468468)|STATEMENT_EXECUTE|[1060]
19:12:11.0 (22501214)|VARIABLE_ASSIGNMENT|[EXTERNAL]|this|{"apiName":"Final_Error_Testing","description":"Descp","id":"0PS360000016pzlGAA","label":"Final_Error_Testing"}|0x367ed4aa
19:12:11.0 (22509559)|VARIABLE_ASSIGNMENT|[EXTERNAL]|value|"shiva15testns"
19:12:11.0 (22519477)|VARIABLE_ASSIGNMENT|[1048]|this.namespacePrefix|"shiva15testns"|0x367ed4aa
19:12:11.0 (22527937)|STATEMENT_EXECUTE|[1061]
19:12:11.0 (22561755)|VARIABLE_ASSIGNMENT|[EXTERNAL]|this|{"apiName":"Final_Error_Testing","description":"Descp","id":"0PS360000016pzlGAA","label":"Final_Error_Testing","namespacePrefix":"shiva15testns"}|0x367ed4aa
19:12:11.0 (22570117)|VARIABLE_ASSIGNMENT|[EXTERNAL]|value|"Salesforce"
19:12:11.0 (22579185)|VARIABLE_ASSIGNMENT|[1050]|this.userLicenseId|"Salesforce"|0x367ed4aa
19:12:11.0 (22587521)|STATEMENT_EXECUTE|[1062]
19:12:11.0 (22621704)|VARIABLE_ASSIGNMENT|[EXTERNAL]|this|{"apiName":"Final_Error_Testing","description":"Descp","id":"0PS360000016pzlGAA","label":"Final_Error_Testing","namespacePrefix":"shiva15testns","userLicenseId":"Salesforce"}|0x367ed4aa
19:12:11.0 (22630641)|VARIABLE_ASSIGNMENT|[EXTERNAL]|value|"2016-05-02 18:41:02"
19:12:11.0 (22640268)|VARIABLE_ASSIGNMENT|[1052]|this.createdDate|"2016-05-02 18:41:02"|0x367ed4aa
19:12:11.0 (22659727)|CONSTRUCTOR_EXIT|[165]|01p36000005Jpvx|<init>(String,String,String,String,String,String,String)
19:12:11.0 (22692198)|VARIABLE_ASSIGNMENT|[165]|pSetObj|{"apiName":"Final_Error_Testing","createdDate":"2016-05-02 18:41:02","description":"Descp","id":"0PS360000016pzlGAA","label":"Final_Error_Testing","namespacePrefix":"shiva15testns","userLicenseId":"Salesforce"}|0x367ed4aa
19:12:11.0 (22698474)|STATEMENT_EXECUTE|[167]
19:12:11.0 (22713228)|ENTERING_MANAGED_PKG|
19:12:11.0 (22719942)|HEAP_ALLOCATE|[EXTERNAL]|Bytes:4
19:12:11.0 (22728665)|STATEMENT_EXECUTE|[168]
19:12:11.0 (22746747)|ENTERING_MANAGED_PKG|
19:12:11.0 (22821349)|HEAP_ALLOCATE|[168]|Bytes:207
19:12:11.0 (22842332)|HEAP_ALLOCATE|[168]|Bytes:231
19:12:11.0 (22858422)|ENTERING_MANAGED_PKG|
19:12:11.0 (22868371)|USER_DEBUG|[168]|ERROR|The PermissionSet Name: PermissionSet:{Id=0PS360000016pzlGAA, Label=Final_Error_Testing, Name=Final_Error_Testing, Description=Descp, NamespacePrefix=shiva15testns, UserLicenseId=10036000000eSpyAAE, CreatedDate=2016-05-03 01:41:02}
19:12:11.0 (22890996)|HEAP_ALLOCATE|[162]|Bytes:5
19:12:11.0 (22921691)|HEAP_ALLOCATE|[162]|Bytes:32
19:12:11.0 (22934515)|VARIABLE_SCOPE_BEGIN|[162]|PSetName|PermissionSet|true|false
19:12:11.0 (22974616)|VARIABLE_ASSIGNMENT|[162]|PSetName|{"s":1,"v":{"Id":"0PS360000016q17GAA","Label":"PSet_Trying_tesy","Name":"PSet_Trying_tesy","Description":"Descp","NamespacePrefix":"shiva15testns","UserLicenseId":"10036000000eSpyAAE","CreatedDate":"2016-05-03T01:43:28.000Z"}}|0xfc107c7
19:12:11.0 (22981427)|STATEMENT_EXECUTE|[162]
19:12:11.0 (23008411)|ENTERING_MANAGED_PKG|
19:12:11.0 (23024261)|STATEMENT_EXECUTE|[163]
19:12:11.0 (23027035)|STATEMENT_EXECUTE|[164]
19:12:11.0 (23033192)|HEAP_ALLOCATE|[164]|Bytes:4
19:12:11.0 (23249659)|SOQL_EXECUTE_BEGIN|[164]|Aggregations:0|SELECT Id, Name FROM UserLicense WHERE Id = :tmpVar1
19:12:11.0 (24993420)|SOQL_EXECUTE_END|[164]|Rows:1
19:12:11.0 (25009693)|HEAP_ALLOCATE|[164]|Bytes:8
19:12:11.0 (25023353)|HEAP_ALLOCATE|[164]|Bytes:47
19:12:11.0 (25043183)|HEAP_ALLOCATE|[164]|Bytes:8
19:12:11.0 (25083704)|HEAP_ALLOCATE|[164]|Bytes:12
19:12:11.0 (25095425)|VARIABLE_SCOPE_BEGIN|[164]|ulicense|UserLicense|true|false
19:12:11.0 (25118418)|VARIABLE_ASSIGNMENT|[164]|ulicense|{"s":1,"v":{"Id":"10036000000eSpyAAE","Name":"Salesforce"}}|0x61ffee8c
19:12:11.0 (25124156)|STATEMENT_EXECUTE|[165]
19:12:11.0 (25131023)|HEAP_ALLOCATE|[165]|Bytes:32
19:12:11.0 (25164050)|ENTERING_MANAGED_PKG|
19:12:11.0 (25170990)|HEAP_ALLOCATE|[165]|Bytes:18
19:12:11.0 (25211697)|ENTERING_MANAGED_PKG|
19:12:11.0 (25230869)|HEAP_ALLOCATE|[165]|Bytes:19
19:12:11.0 (25258521)|CONSTRUCTOR_ENTRY|[165]|01p36000005Jpvx|<init>(String,String,String,String,String,String,String)
19:12:11.0 (25267662)|VARIABLE_SCOPE_BEGIN|[1054]|this|shiva15testns.PermissionSetPortalControllers.PermissionSetClass|true|false
19:12:11.0 (25298203)|VARIABLE_ASSIGNMENT|[1054]|this|{}|0x7b5ac4a7
19:12:11.0 (25302900)|VARIABLE_SCOPE_BEGIN|[1054]|label|String|false|false
19:12:11.0 (25310576)|VARIABLE_ASSIGNMENT|[1054]|label|"PSet_Trying_tesy"
19:12:11.0 (25314043)|VARIABLE_SCOPE_BEGIN|[1054]|apiName|String|false|false
19:12:11.0 (25319814)|VARIABLE_ASSIGNMENT|[1054]|apiName|"PSet_Trying_tesy"
19:12:11.0 (25323293)|VARIABLE_SCOPE_BEGIN|[1054]|id|String|false|false
19:12:11.0 (25328623)|VARIABLE_ASSIGNMENT|[1054]|id|"0PS360000016q17GAA"
19:12:11.0 (25331803)|VARIABLE_SCOPE_BEGIN|[1054]|description|String|false|false
19:12:11.0 (25337574)|VARIABLE_ASSIGNMENT|[1054]|description|"Descp"
19:12:11.0 (25340745)|VARIABLE_SCOPE_BEGIN|[1054]|namespacePrefix|String|false|false
19:12:11.0 (25346013)|VARIABLE_ASSIGNMENT|[1054]|namespacePrefix|"shiva15testns"
19:12:11.0 (25349277)|VARIABLE_SCOPE_BEGIN|[1054]|userLicenseId|String|false|false
19:12:11.0 (25354345)|VARIABLE_ASSIGNMENT|[1054]|userLicenseId|"Salesforce"
19:12:11.0 (25357388)|VARIABLE_SCOPE_BEGIN|[1054]|createdDate|String|false|false
19:12:11.0 (25362463)|VARIABLE_ASSIGNMENT|[1054]|createdDate|"2016-05-02 18:43:28"
19:12:11.0 (25367120)|STATEMENT_EXECUTE|[1037]
19:12:11.0 (25369620)|STATEMENT_EXECUTE|[1040]
19:12:11.0 (25371913)|STATEMENT_EXECUTE|[1042]
19:12:11.0 (25373951)|STATEMENT_EXECUTE|[1044]
19:12:11.0 (25375720)|STATEMENT_EXECUTE|[1046]
19:12:11.0 (25377845)|STATEMENT_EXECUTE|[1048]
19:12:11.0 (25379739)|STATEMENT_EXECUTE|[1050]
19:12:11.0 (25381590)|STATEMENT_EXECUTE|[1052]
19:12:11.0 (25399314)|STATEMENT_EXECUTE|[1055]
19:12:11.0 (25402404)|STATEMENT_EXECUTE|[1056]
19:12:11.0 (25434714)|VARIABLE_ASSIGNMENT|[EXTERNAL]|this|{}|0x7b5ac4a7
19:12:11.0 (25443142)|VARIABLE_ASSIGNMENT|[EXTERNAL]|value|"PSet_Trying_tesy"
19:12:11.0 (25454047)|VARIABLE_ASSIGNMENT|[1040]|this.label|"PSet_Trying_tesy"|0x7b5ac4a7
19:12:11.0 (25463328)|STATEMENT_EXECUTE|[1057]
19:12:11.0 (25493712)|VARIABLE_ASSIGNMENT|[EXTERNAL]|this|{"label":"PSet_Trying_tesy"}|0x7b5ac4a7
19:12:11.0 (25501481)|VARIABLE_ASSIGNMENT|[EXTERNAL]|value|"PSet_Trying_tesy"
19:12:11.0 (25510927)|VARIABLE_ASSIGNMENT|[1042]|this.apiName|"PSet_Trying_tesy"|0x7b5ac4a7
19:12:11.0 (25519158)|STATEMENT_EXECUTE|[1058]
19:12:11.0 (25549929)|VARIABLE_ASSIGNMENT|[EXTERNAL]|this|{"apiName":"PSet_Trying_tesy","label":"PSet_Trying_tesy"}|0x7b5ac4a7
19:12:11.0 (25557911)|VARIABLE_ASSIGNMENT|[EXTERNAL]|value|"0PS360000016q17GAA"
19:12:11.0 (25567389)|VARIABLE_ASSIGNMENT|[1044]|this.id|"0PS360000016q17GAA"|0x7b5ac4a7
19:12:11.0 (25575586)|STATEMENT_EXECUTE|[1059]
19:12:11.0 (25606488)|VARIABLE_ASSIGNMENT|[EXTERNAL]|this|{"apiName":"PSet_Trying_tesy","id":"0PS360000016q17GAA","label":"PSet_Trying_tesy"}|0x7b5ac4a7
19:12:11.0 (25615059)|VARIABLE_ASSIGNMENT|[EXTERNAL]|value|"Descp"
19:12:11.0 (25624164)|VARIABLE_ASSIGNMENT|[1046]|this.description|"Descp"|0x7b5ac4a7
19:12:11.0 (25632126)|STATEMENT_EXECUTE|[1060]
19:12:11.0 (25663953)|VARIABLE_ASSIGNMENT|[EXTERNAL]|this|{"apiName":"PSet_Trying_tesy","description":"Descp","id":"0PS360000016q17GAA","label":"PSet_Trying_tesy"}|0x7b5ac4a7
19:12:11.0 (25671908)|VARIABLE_ASSIGNMENT|[EXTERNAL]|value|"shiva15testns"
19:12:11.0 (25681356)|VARIABLE_ASSIGNMENT|[1048]|this.namespacePrefix|"shiva15testns"|0x7b5ac4a7
19:12:11.0 (25689958)|STATEMENT_EXECUTE|[1061]
19:12:11.0 (25722770)|VARIABLE_ASSIGNMENT|[EXTERNAL]|this|{"apiName":"PSet_Trying_tesy","description":"Descp","id":"0PS360000016q17GAA","label":"PSet_Trying_tesy","namespacePrefix":"shiva15testns"}|0x7b5ac4a7
19:12:11.0 (25730951)|VARIABLE_ASSIGNMENT|[EXTERNAL]|value|"Salesforce"
19:12:11.0 (25740390)|VARIABLE_ASSIGNMENT|[1050]|this.userLicenseId|"Salesforce"|0x7b5ac4a7
19:12:11.0 (25749036)|STATEMENT_EXECUTE|[1062]
19:12:11.0 (25783162)|VARIABLE_ASSIGNMENT|[EXTERNAL]|this|{"apiName":"PSet_Trying_tesy","description":"Descp","id":"0PS360000016q17GAA","label":"PSet_Trying_tesy","namespacePrefix":"shiva15testns","userLicenseId":"Salesforce"}|0x7b5ac4a7
19:12:11.0 (25791948)|VARIABLE_ASSIGNMENT|[EXTERNAL]|value|"2016-05-02 18:43:28"
19:12:11.0 (25802455)|VARIABLE_ASSIGNMENT|[1052]|this.createdDate|"2016-05-02 18:43:28"|0x7b5ac4a7
19:12:11.0 (25823676)|CONSTRUCTOR_EXIT|[165]|01p36000005Jpvx|<init>(String,String,String,String,String,String,String)
19:12:11.0 (25858414)|VARIABLE_ASSIGNMENT|[165]|pSetObj|{"apiName":"PSet_Trying_tesy","createdDate":"2016-05-02 18:43:28","description":"Descp","id":"0PS360000016q17GAA","label":"PSet_Trying_tesy","namespacePrefix":"shiva15testns","userLicenseId":"Salesforce"}|0x7b5ac4a7
19:12:11.0 (25864836)|STATEMENT_EXECUTE|[167]
19:12:11.0 (25880340)|ENTERING_MANAGED_PKG|
19:12:11.0 (25887099)|HEAP_ALLOCATE|[EXTERNAL]|Bytes:4
19:12:11.0 (25895814)|STATEMENT_EXECUTE|[168]
19:12:11.0 (25914240)|ENTERING_MANAGED_PKG|
19:12:11.0 (25991694)|HEAP_ALLOCATE|[168]|Bytes:201
19:12:11.0 (26012983)|HEAP_ALLOCATE|[168]|Bytes:225
19:12:11.0 (26030476)|ENTERING_MANAGED_PKG|
19:12:11.0 (26039490)|USER_DEBUG|[168]|ERROR|The PermissionSet Name: PermissionSet:{Id=0PS360000016q17GAA, Label=PSet_Trying_tesy, Name=PSet_Trying_tesy, Description=Descp, NamespacePrefix=shiva15testns, UserLicenseId=10036000000eSpyAAE, CreatedDate=2016-05-03 01:43:28}
19:12:11.0 (26062118)|HEAP_ALLOCATE|[162]|Bytes:5
19:12:11.0 (26092646)|HEAP_ALLOCATE|[162]|Bytes:32
19:12:11.0 (26105260)|VARIABLE_SCOPE_BEGIN|[162]|PSetName|PermissionSet|true|false
19:12:11.0 (26139522)|VARIABLE_ASSIGNMENT|[162]|PSetName|{"s":1,"v":{"Id":"0PS360000016q1MGAQ","Label":"Testing_PSet","Name":"Testing_PSet","Description":"Descp","NamespacePrefix":"shiva15testns","UserLicenseId":"10036000000eSpyAAE","CreatedDate":"2016-05-03T01:46:27.000Z"}}|0xfd87d04
19:12:11.0 (26146247)|STATEMENT_EXECUTE|[162]
19:12:11.0 (26173583)|ENTERING_MANAGED_PKG|
19:12:11.0 (26188523)|STATEMENT_EXECUTE|[163]
19:12:11.0 (26191936)|STATEMENT_EXECUTE|[164]
19:12:11.0 (26198387)|HEAP_ALLOCATE|[164]|Bytes:4
19:12:11.0 (26401624)|SOQL_EXECUTE_BEGIN|[164]|Aggregations:0|SELECT Id, Name FROM UserLicense WHERE Id = :tmpVar1
19:12:11.0 (28058172)|SOQL_EXECUTE_END|[164]|Rows:1
19:12:11.0 (28074275)|HEAP_ALLOCATE|[164]|Bytes:8
19:12:11.0 (28087102)|HEAP_ALLOCATE|[164]|Bytes:47
19:12:11.0 (28104975)|HEAP_ALLOCATE|[164]|Bytes:8
19:12:11.0 (28143372)|HEAP_ALLOCATE|[164]|Bytes:12
19:12:11.0 (28155852)|VARIABLE_SCOPE_BEGIN|[164]|ulicense|UserLicense|true|false
19:12:11.0 (28179965)|VARIABLE_ASSIGNMENT|[164]|ulicense|{"s":1,"v":{"Id":"10036000000eSpyAAE","Name":"Salesforce"}}|0x49e1a
19:12:11.0 (28185920)|STATEMENT_EXECUTE|[165]
19:12:11.0 (28193318)|HEAP_ALLOCATE|[165]|Bytes:32
19:12:11.0 (28228627)|ENTERING_MANAGED_PKG|
19:12:11.0 (28237023)|HEAP_ALLOCATE|[165]|Bytes:18
19:12:11.0 (28283500)|ENTERING_MANAGED_PKG|
19:12:11.0 (28305179)|HEAP_ALLOCATE|[165]|Bytes:19
19:12:11.0 (28335861)|CONSTRUCTOR_ENTRY|[165]|01p36000005Jpvx|<init>(String,String,String,String,String,String,String)
19:12:11.0 (28345307)|VARIABLE_SCOPE_BEGIN|[1054]|this|shiva15testns.PermissionSetPortalControllers.PermissionSetClass|true|false
19:12:11.0 (28376674)|VARIABLE_ASSIGNMENT|[1054]|this|{}|0x6b3d7f36
19:12:11.0 (28383311)|VARIABLE_SCOPE_BEGIN|[1054]|label|String|false|false
19:12:11.0 (28392171)|VARIABLE_ASSIGNMENT|[1054]|label|"Testing_PSet"
19:12:11.0 (28395985)|VARIABLE_SCOPE_BEGIN|[1054]|apiName|String|false|false
19:12:11.0 (28401511)|VARIABLE_ASSIGNMENT|[1054]|apiName|"Testing_PSet"
19:12:11.0 (28404606)|VARIABLE_SCOPE_BEGIN|[1054]|id|String|false|false
19:12:11.0 (28410143)|VARIABLE_ASSIGNMENT|[1054]|id|"0PS360000016q1MGAQ"
19:12:11.0 (28413235)|VARIABLE_SCOPE_BEGIN|[1054]|description|String|false|false
19:12:11.0 (28418754)|VARIABLE_ASSIGNMENT|[1054]|description|"Descp"
19:12:11.0 (28421834)|VARIABLE_SCOPE_BEGIN|[1054]|namespacePrefix|String|false|false
19:12:11.0 (28426796)|VARIABLE_ASSIGNMENT|[1054]|namespacePrefix|"shiva15testns"
19:12:11.0 (28430106)|VARIABLE_SCOPE_BEGIN|[1054]|userLicenseId|String|false|false
19:12:11.0 (28440433)|VARIABLE_ASSIGNMENT|[1054]|userLicenseId|"Salesforce"
19:12:11.0 (28444432)|VARIABLE_SCOPE_BEGIN|[1054]|createdDate|String|false|false
19:12:11.0 (28451004)|VARIABLE_ASSIGNMENT|[1054]|createdDate|"2016-05-02 18:46:27"
19:12:11.0 (28457064)|STATEMENT_EXECUTE|[1037]
19:12:11.0 (28459877)|STATEMENT_EXECUTE|[1040]
19:12:11.0 (28462733)|STATEMENT_EXECUTE|[1042]
19:12:11.0 (28464934)|STATEMENT_EXECUTE|[1044]
19:12:11.0 (28466996)|STATEMENT_EXECUTE|[1046]
19:12:11.0 (28469197)|STATEMENT_EXECUTE|[1048]
19:12:11.0 (28471405)|STATEMENT_EXECUTE|[1050]
19:12:11.0 (28474011)|STATEMENT_EXECUTE|[1052]
19:12:11.0 (28492556)|STATEMENT_EXECUTE|[1055]
19:12:11.0 (28495392)|STATEMENT_EXECUTE|[1056]
19:12:11.0 (28530848)|VARIABLE_ASSIGNMENT|[EXTERNAL]|this|{}|0x6b3d7f36
19:12:11.0 (28541442)|VARIABLE_ASSIGNMENT|[EXTERNAL]|value|"Testing_PSet"
19:12:11.0 (28554847)|VARIABLE_ASSIGNMENT|[1040]|this.label|"Testing_PSet"|0x6b3d7f36
19:12:11.0 (28566330)|STATEMENT_EXECUTE|[1057]
19:12:11.0 (28604950)|VARIABLE_ASSIGNMENT|[EXTERNAL]|this|{"label":"Testing_PSet"}|0x6b3d7f36
19:12:11.0 (28615186)|VARIABLE_ASSIGNMENT|[EXTERNAL]|value|"Testing_PSet"
19:12:11.0 (28626687)|VARIABLE_ASSIGNMENT|[1042]|this.apiName|"Testing_PSet"|0x6b3d7f36
19:12:11.0 (28636369)|STATEMENT_EXECUTE|[1058]
19:12:11.0 (28671682)|VARIABLE_ASSIGNMENT|[EXTERNAL]|this|{"apiName":"Testing_PSet","label":"Testing_PSet"}|0x6b3d7f36
19:12:11.0 (28681149)|VARIABLE_ASSIGNMENT|[EXTERNAL]|value|"0PS360000016q1MGAQ"
19:12:11.0 (28694216)|VARIABLE_ASSIGNMENT|[1044]|this.id|"0PS360000016q1MGAQ"|0x6b3d7f36
19:12:11.0 (28705888)|STATEMENT_EXECUTE|[1059]
19:12:11.0 (28745360)|VARIABLE_ASSIGNMENT|[EXTERNAL]|this|{"apiName":"Testing_PSet","id":"0PS360000016q1MGAQ","label":"Testing_PSet"}|0x6b3d7f36
19:12:11.0 (28755798)|VARIABLE_ASSIGNMENT|[EXTERNAL]|value|"Descp"
19:12:11.0 (28768652)|VARIABLE_ASSIGNMENT|[1046]|this.description|"Descp"|0x6b3d7f36
19:12:11.0 (28780013)|STATEMENT_EXECUTE|[1060]
19:12:11.0 (28820253)|VARIABLE_ASSIGNMENT|[EXTERNAL]|this|{"apiName":"Testing_PSet","description":"Descp","id":"0PS360000016q1MGAQ","label":"Testing_PSet"}|0x6b3d7f36
19:12:11.0 (28830093)|VARIABLE_ASSIGNMENT|[EXTERNAL]|value|"shiva15testns"
19:12:11.0 (28841915)|VARIABLE_ASSIGNMENT|[1048]|this.namespacePrefix|"shiva15testns"|0x6b3d7f36
19:12:11.0 (28852219)|STATEMENT_EXECUTE|[1061]
19:12:11.0 (28890542)|VARIABLE_ASSIGNMENT|[EXTERNAL]|this|{"apiName":"Testing_PSet","description":"Descp","id":"0PS360000016q1MGAQ","label":"Testing_PSet","namespacePrefix":"shiva15testns"}|0x6b3d7f36
19:12:11.0 (28899615)|VARIABLE_ASSIGNMENT|[EXTERNAL]|value|"Salesforce"
19:12:11.0 (28911049)|VARIABLE_ASSIGNMENT|[1050]|this.userLicenseId|"Salesforce"|0x6b3d7f36
19:12:11.0 (28921200)|STATEMENT_EXECUTE|[1062]
19:12:11.0 (28969907)|VARIABLE_ASSIGNMENT|[EXTERNAL]|this|{"apiName":"Testing_PSet","description":"Descp","id":"0PS360000016q1MGAQ","label":"Testing_PSet","namespacePrefix":"shiva15testns","userLicenseId":"Salesforce"}|0x6b3d7f36
19:12:11.0 (28978180)|VARIABLE_ASSIGNMENT|[EXTERNAL]|value|"2016-05-02 18:46:27"
19:12:11.0 (28986417)|VARIABLE_ASSIGNMENT|[1052]|this.createdDate|"2016-05-02 18:46:27"|0x6b3d7f36
19:12:11.0 (29001317)|CONSTRUCTOR_EXIT|[165]|01p36000005Jpvx|<init>(String,String,String,String,String,String,String)
19:12:11.0 (29025785)|VARIABLE_ASSIGNMENT|[165]|pSetObj|{"apiName":"Testing_PSet","createdDate":"2016-05-02 18:46:27","description":"Descp","id":"0PS360000016q1MGAQ","label":"Testing_PSet","namespacePrefix":"shiva15testns","userLicenseId":"Salesforce"}|0x6b3d7f36
19:12:11.0 (29030120)|STATEMENT_EXECUTE|[167]
19:12:11.0 (29042507)|ENTERING_MANAGED_PKG|
19:12:11.0 (29047412)|HEAP_ALLOCATE|[EXTERNAL]|Bytes:4
19:12:11.0 (29053524)|STATEMENT_EXECUTE|[168]
19:12:11.0 (29067158)|ENTERING_MANAGED_PKG|
19:12:11.0 (29114936)|HEAP_ALLOCATE|[168]|Bytes:193
19:12:11.0 (29130024)|HEAP_ALLOCATE|[168]|Bytes:217
19:12:11.0 (29140857)|ENTERING_MANAGED_PKG|
19:12:11.0 (29147267)|USER_DEBUG|[168]|ERROR|The PermissionSet Name: PermissionSet:{Id=0PS360000016q1MGAQ, Label=Testing_PSet, Name=Testing_PSet, Description=Descp, NamespacePrefix=shiva15testns, UserLicenseId=10036000000eSpyAAE, CreatedDate=2016-05-03 01:46:27}
19:12:11.0 (29163179)|HEAP_ALLOCATE|[162]|Bytes:5
19:12:11.0 (29185973)|HEAP_ALLOCATE|[162]|Bytes:28
19:12:11.0 (29195228)|VARIABLE_SCOPE_BEGIN|[162]|PSetName|PermissionSet|true|false
19:12:11.0 (29221106)|VARIABLE_ASSIGNMENT|[162]|PSetName|{"s":1,"v":{"Id":"0PS360000016qNFGAY","Label":"PSet_Testing_Testing","Name":"PSet_Testing_Testing","NamespacePrefix":"shiva15testns","UserLicenseId":"10036000000eSpyAAE","CreatedDate":"2016-05-03T02:02:52.000Z"}}|0x607349da
19:12:11.0 (29227171)|STATEMENT_EXECUTE|[162]
19:12:11.0 (29257098)|ENTERING_MANAGED_PKG|
19:12:11.0 (29271690)|STATEMENT_EXECUTE|[163]
19:12:11.0 (29273566)|STATEMENT_EXECUTE|[164]
19:12:11.0 (29278145)|HEAP_ALLOCATE|[164]|Bytes:4
19:12:11.0 (29424595)|SOQL_EXECUTE_BEGIN|[164]|Aggregations:0|SELECT Id, Name FROM UserLicense WHERE Id = :tmpVar1
19:12:11.0 (30868693)|SOQL_EXECUTE_END|[164]|Rows:1
19:12:11.0 (30880189)|HEAP_ALLOCATE|[164]|Bytes:8
19:12:11.0 (30889480)|HEAP_ALLOCATE|[164]|Bytes:47
19:12:11.0 (30902976)|HEAP_ALLOCATE|[164]|Bytes:8
19:12:11.0 (30952810)|HEAP_ALLOCATE|[164]|Bytes:12
19:12:11.0 (30969463)|VARIABLE_SCOPE_BEGIN|[164]|ulicense|UserLicense|true|false
19:12:11.0 (30994150)|VARIABLE_ASSIGNMENT|[164]|ulicense|{"s":1,"v":{"Id":"10036000000eSpyAAE","Name":"Salesforce"}}|0x5386402a
19:12:11.0 (31000178)|STATEMENT_EXECUTE|[165]
19:12:11.0 (31008652)|HEAP_ALLOCATE|[165]|Bytes:32
19:12:11.0 (31044362)|ENTERING_MANAGED_PKG|
19:12:11.0 (31052138)|HEAP_ALLOCATE|[165]|Bytes:18
19:12:11.0 (31100620)|ENTERING_MANAGED_PKG|
19:12:11.0 (31118897)|HEAP_ALLOCATE|[165]|Bytes:19
19:12:11.0 (31140209)|CONSTRUCTOR_ENTRY|[165]|01p36000005Jpvx|<init>(String,String,String,String,String,String,String)
19:12:11.0 (31146649)|VARIABLE_SCOPE_BEGIN|[1054]|this|shiva15testns.PermissionSetPortalControllers.PermissionSetClass|true|false
19:12:11.0 (31174305)|VARIABLE_ASSIGNMENT|[1054]|this|{}|0x1d29f8c1
19:12:11.0 (31177798)|VARIABLE_SCOPE_BEGIN|[1054]|label|String|false|false
19:12:11.0 (31182913)|VARIABLE_ASSIGNMENT|[1054]|label|"PSet_Testing_Testing"
19:12:11.0 (31184966)|VARIABLE_SCOPE_BEGIN|[1054]|apiName|String|false|false
19:12:11.0 (31188050)|VARIABLE_ASSIGNMENT|[1054]|apiName|"PSet_Testing_Testing"
19:12:11.0 (31189924)|VARIABLE_SCOPE_BEGIN|[1054]|id|String|false|false
19:12:11.0 (31192948)|VARIABLE_ASSIGNMENT|[1054]|id|"0PS360000016qNFGAY"
19:12:11.0 (31194801)|VARIABLE_SCOPE_BEGIN|[1054]|description|String|false|false
19:12:11.0 (31197885)|VARIABLE_ASSIGNMENT|[1054]|description|null
19:12:11.0 (31199508)|VARIABLE_SCOPE_BEGIN|[1054]|namespacePrefix|String|false|false
19:12:11.0 (31202377)|VARIABLE_ASSIGNMENT|[1054]|namespacePrefix|"shiva15testns"
19:12:11.0 (31204500)|VARIABLE_SCOPE_BEGIN|[1054]|userLicenseId|String|false|false
19:12:11.0 (31207385)|VARIABLE_ASSIGNMENT|[1054]|userLicenseId|"Salesforce"
19:12:11.0 (31209181)|VARIABLE_SCOPE_BEGIN|[1054]|createdDate|String|false|false
19:12:11.0 (31212158)|VARIABLE_ASSIGNMENT|[1054]|createdDate|"2016-05-02 19:02:52"
19:12:11.0 (31215240)|STATEMENT_EXECUTE|[1037]
19:12:11.0 (31216598)|STATEMENT_EXECUTE|[1040]
19:12:11.0 (31217884)|STATEMENT_EXECUTE|[1042]
19:12:11.0 (31218890)|STATEMENT_EXECUTE|[1044]
19:12:11.0 (31219878)|STATEMENT_EXECUTE|[1046]
19:12:11.0 (31220905)|STATEMENT_EXECUTE|[1048]
19:12:11.0 (31221943)|STATEMENT_EXECUTE|[1050]
19:12:11.0 (31223025)|STATEMENT_EXECUTE|[1052]
19:12:11.0 (31234150)|STATEMENT_EXECUTE|[1055]
19:12:11.0 (31235873)|STATEMENT_EXECUTE|[1056]
19:12:11.0 (31263985)|VARIABLE_ASSIGNMENT|[EXTERNAL]|this|{}|0x1d29f8c1
19:12:11.0 (31269903)|VARIABLE_ASSIGNMENT|[EXTERNAL]|value|"PSet_Testing_Testing"
19:12:11.0 (31277928)|VARIABLE_ASSIGNMENT|[1040]|this.label|"PSet_Testing_Testing"|0x1d29f8c1
19:12:11.0 (31284079)|STATEMENT_EXECUTE|[1057]
19:12:11.0 (31304753)|VARIABLE_ASSIGNMENT|[EXTERNAL]|this|{"label":"PSet_Testing_Testing"}|0x1d29f8c1
19:12:11.0 (31309951)|VARIABLE_ASSIGNMENT|[EXTERNAL]|value|"PSet_Testing_Testing"
19:12:11.0 (31315797)|VARIABLE_ASSIGNMENT|[1042]|this.apiName|"PSet_Testing_Testing"|0x1d29f8c1
19:12:11.0 (31321276)|STATEMENT_EXECUTE|[1058]
19:12:11.0 (31341707)|VARIABLE_ASSIGNMENT|[EXTERNAL]|this|{"apiName":"PSet_Testing_Testing","label":"PSet_Testing_Testing"}|0x1d29f8c1
19:12:11.0 (31347131)|VARIABLE_ASSIGNMENT|[EXTERNAL]|value|"0PS360000016qNFGAY"
19:12:11.0 (31352930)|VARIABLE_ASSIGNMENT|[1044]|this.id|"0PS360000016qNFGAY"|0x1d29f8c1
19:12:11.0 (31358364)|STATEMENT_EXECUTE|[1059]
19:12:11.0 (31379116)|VARIABLE_ASSIGNMENT|[EXTERNAL]|this|{"apiName":"PSet_Testing_Testing","id":"0PS360000016qNFGAY","label":"PSet_Testing_Testing"}|0x1d29f8c1
19:12:11.0 (31384616)|VARIABLE_ASSIGNMENT|[EXTERNAL]|value|null
19:12:11.0 (31390690)|VARIABLE_ASSIGNMENT|[1046]|this.description|null|0x1d29f8c1
19:12:11.0 (31395970)|STATEMENT_EXECUTE|[1060]
19:12:11.0 (31416973)|VARIABLE_ASSIGNMENT|[EXTERNAL]|this|{"apiName":"PSet_Testing_Testing","id":"0PS360000016qNFGAY","label":"PSet_Testing_Testing"}|0x1d29f8c1
19:12:11.0 (31422113)|VARIABLE_ASSIGNMENT|[EXTERNAL]|value|"shiva15testns"
19:12:11.0 (31428033)|VARIABLE_ASSIGNMENT|[1048]|this.namespacePrefix|"shiva15testns"|0x1d29f8c1
19:12:11.0 (31433347)|STATEMENT_EXECUTE|[1061]
19:12:11.0 (31454086)|VARIABLE_ASSIGNMENT|[EXTERNAL]|this|{"apiName":"PSet_Testing_Testing","id":"0PS360000016qNFGAY","label":"PSet_Testing_Testing","namespacePrefix":"shiva15testns"}|0x1d29f8c1
19:12:11.0 (31459679)|VARIABLE_ASSIGNMENT|[EXTERNAL]|value|"Salesforce"
19:12:11.0 (31465350)|VARIABLE_ASSIGNMENT|[1050]|this.userLicenseId|"Salesforce"|0x1d29f8c1
19:12:11.0 (31470698)|STATEMENT_EXECUTE|[1062]
19:12:11.0 (31492225)|VARIABLE_ASSIGNMENT|[EXTERNAL]|this|{"apiName":"PSet_Testing_Testing","id":"0PS360000016qNFGAY","label":"PSet_Testing_Testing","namespacePrefix":"shiva15testns","userLicenseId":"Salesforce"}|0x1d29f8c1
19:12:11.0 (31498191)|VARIABLE_ASSIGNMENT|[EXTERNAL]|value|"2016-05-02 19:02:52"
19:12:11.0 (31504030)|VARIABLE_ASSIGNMENT|[1052]|this.createdDate|"2016-05-02 19:02:52"|0x1d29f8c1
19:12:11.0 (31516551)|CONSTRUCTOR_EXIT|[165]|01p36000005Jpvx|<init>(String,String,String,String,String,String,String)
19:12:11.0 (31538351)|VARIABLE_ASSIGNMENT|[165]|pSetObj|{"apiName":"PSet_Testing_Testing","createdDate":"2016-05-02 19:02:52","id":"0PS360000016qNFGAY","label":"PSet_Testing_Testing","namespacePrefix":"shiva15testns","userLicenseId":"Salesforce"}|0x1d29f8c1
19:12:11.0 (31542255)|STATEMENT_EXECUTE|[167]
19:12:11.0 (31553700)|ENTERING_MANAGED_PKG|
19:12:11.0 (31558318)|HEAP_ALLOCATE|[EXTERNAL]|Bytes:4
19:12:11.0 (31564005)|STATEMENT_EXECUTE|[168]
19:12:11.0 (31576610)|ENTERING_MANAGED_PKG|
19:12:11.0 (31619769)|HEAP_ALLOCATE|[168]|Bytes:190
19:12:11.0 (31634860)|HEAP_ALLOCATE|[168]|Bytes:214
19:12:11.0 (31645487)|ENTERING_MANAGED_PKG|
19:12:11.0 (31652073)|USER_DEBUG|[168]|ERROR|The PermissionSet Name: PermissionSet:{Id=0PS360000016qNFGAY, Label=PSet_Testing_Testing, Name=PSet_Testing_Testing, NamespacePrefix=shiva15testns, UserLicenseId=10036000000eSpyAAE, CreatedDate=2016-05-03 02:02:52}
19:12:11.0 (31667711)|HEAP_ALLOCATE|[162]|Bytes:5
19:12:11.0 (31689799)|HEAP_ALLOCATE|[162]|Bytes:32
19:12:11.0 (31698685)|VARIABLE_SCOPE_BEGIN|[162]|PSetName|PermissionSet|true|false
19:12:11.0 (31727214)|VARIABLE_ASSIGNMENT|[162]|PSetName|{"s":1,"v":{"Id":"0PS360000016qWwGAI","Label":"PSet_Testing_Creatio (1 more) ...","Name":"PSet_Testing_Creatio (1 more) ...","Description":"PSet Testing Creatio (13 more) ...","NamespacePrefix":"shiva15testns","UserLicenseId":"10036000000eSpyAAE","CreatedDate":"2016-05-03T02:08:46.000Z"}}|0xb8b072b
19:12:11.0 (31732478)|STATEMENT_EXECUTE|[162]
19:12:11.0 (31753742)|ENTERING_MANAGED_PKG|
19:12:11.0 (31763357)|STATEMENT_EXECUTE|[163]
19:12:11.0 (31765019)|STATEMENT_EXECUTE|[164]
19:12:11.0 (31769417)|HEAP_ALLOCATE|[164]|Bytes:4
19:12:11.0 (31912415)|SOQL_EXECUTE_BEGIN|[164]|Aggregations:0|SELECT Id, Name FROM UserLicense WHERE Id = :tmpVar1
19:12:11.0 (33546149)|SOQL_EXECUTE_END|[164]|Rows:1
19:12:11.0 (33557646)|HEAP_ALLOCATE|[164]|Bytes:8
19:12:11.0 (33566983)|HEAP_ALLOCATE|[164]|Bytes:47
19:12:11.0 (33580700)|HEAP_ALLOCATE|[164]|Bytes:8
19:12:11.0 (33610135)|HEAP_ALLOCATE|[164]|Bytes:12
19:12:11.0 (33618292)|VARIABLE_SCOPE_BEGIN|[164]|ulicense|UserLicense|true|false
19:12:11.0 (33635225)|VARIABLE_ASSIGNMENT|[164]|ulicense|{"s":1,"v":{"Id":"10036000000eSpyAAE","Name":"Salesforce"}}|0x421eb646
19:12:11.0 (33638890)|STATEMENT_EXECUTE|[165]
19:12:11.0 (33643988)|HEAP_ALLOCATE|[165]|Bytes:32
19:12:11.0 (33668228)|ENTERING_MANAGED_PKG|
19:12:11.0 (33672989)|HEAP_ALLOCATE|[165]|Bytes:18
19:12:11.0 (33698412)|ENTERING_MANAGED_PKG|
19:12:11.0 (33712300)|HEAP_ALLOCATE|[165]|Bytes:19
19:12:11.0 (33731154)|CONSTRUCTOR_ENTRY|[165]|01p36000005Jpvx|<init>(String,String,String,String,String,String,String)
19:12:11.0 (33737216)|VARIABLE_SCOPE_BEGIN|[1054]|this|shiva15testns.PermissionSetPortalControllers.PermissionSetClass|true|false
19:12:11.0 (33758802)|VARIABLE_ASSIGNMENT|[1054]|this|{}|0x1f00913c
19:12:11.0 (33762149)|VARIABLE_SCOPE_BEGIN|[1054]|label|String|false|false
19:12:11.0 (33768331)|VARIABLE_ASSIGNMENT|[1054]|label|"PSet_Testing_Creatio (1 more) ..."
19:12:11.0 (33770315)|VARIABLE_SCOPE_BEGIN|[1054]|apiName|String|false|false
19:12:11.0 (33774290)|VARIABLE_ASSIGNMENT|[1054]|apiName|"PSet_Testing_Creatio (1 more) ..."
19:12:11.0 (33776216)|VARIABLE_SCOPE_BEGIN|[1054]|id|String|false|false
19:12:11.0 (33779422)|VARIABLE_ASSIGNMENT|[1054]|id|"0PS360000016qWwGAI"
19:12:11.0 (33781155)|VARIABLE_SCOPE_BEGIN|[1054]|description|String|false|false
19:12:11.0 (33784914)|VARIABLE_ASSIGNMENT|[1054]|description|"PSet Testing Creatio (13 more) ..."
19:12:11.0 (33786747)|VARIABLE_SCOPE_BEGIN|[1054]|namespacePrefix|String|false|false
19:12:11.0 (33789697)|VARIABLE_ASSIGNMENT|[1054]|namespacePrefix|"shiva15testns"
19:12:11.0 (33791450)|VARIABLE_SCOPE_BEGIN|[1054]|userLicenseId|String|false|false
19:12:11.0 (33794314)|VARIABLE_ASSIGNMENT|[1054]|userLicenseId|"Salesforce"
19:12:11.0 (33796111)|VARIABLE_SCOPE_BEGIN|[1054]|createdDate|String|false|false
19:12:11.0 (33798889)|VARIABLE_ASSIGNMENT|[1054]|createdDate|"2016-05-02 19:08:46"
19:12:11.0 (33802032)|STATEMENT_EXECUTE|[1037]
19:12:11.0 (33803420)|STATEMENT_EXECUTE|[1040]
19:12:11.0 (33804939)|STATEMENT_EXECUTE|[1042]
19:12:11.0 (33806020)|STATEMENT_EXECUTE|[1044]
19:12:11.0 (33807023)|STATEMENT_EXECUTE|[1046]
19:12:11.0 (33808052)|STATEMENT_EXECUTE|[1048]
19:12:11.0 (33809054)|STATEMENT_EXECUTE|[1050]
19:12:11.0 (33810053)|STATEMENT_EXECUTE|[1052]
19:12:11.0 (33821273)|STATEMENT_EXECUTE|[1055]
19:12:11.0 (33822938)|STATEMENT_EXECUTE|[1056]
19:12:11.0 (33843720)|VARIABLE_ASSIGNMENT|[EXTERNAL]|this|{}|0x1f00913c
19:12:11.0 (33850144)|VARIABLE_ASSIGNMENT|[EXTERNAL]|value|"PSet_Testing_Creatio (1 more) ..."
19:12:11.0 (33858324)|VARIABLE_ASSIGNMENT|[1040]|this.label|"PSet_Testing_Creatio (1 more) ..."|0x1f00913c
19:12:11.0 (33864617)|STATEMENT_EXECUTE|[1057]
19:12:11.0 (33885939)|VARIABLE_ASSIGNMENT|[EXTERNAL]|this|{"label":"PSet_Testing_Creatio (1 more) ..."}|0x1f00913c
19:12:11.0 (33891657)|VARIABLE_ASSIGNMENT|[EXTERNAL]|value|"PSet_Testing_Creatio (1 more) ..."
19:12:11.0 (33898066)|VARIABLE_ASSIGNMENT|[1042]|this.apiName|"PSet_Testing_Creatio (1 more) ..."|0x1f00913c
19:12:11.0 (33903856)|STATEMENT_EXECUTE|[1058]
19:12:11.0 (33925183)|VARIABLE_ASSIGNMENT|[EXTERNAL]|this|{"apiName":"PSet_Testing_Creatio (1 more) ...","label":"PSet_Testing_Creatio (1 more) ..."}|0x1f00913c
19:12:11.0 (33934711)|VARIABLE_ASSIGNMENT|[EXTERNAL]|value|"0PS360000016qWwGAI"
19:12:11.0 (33941274)|VARIABLE_ASSIGNMENT|[1044]|this.id|"0PS360000016qWwGAI"|0x1f00913c
19:12:11.0 (33947155)|STATEMENT_EXECUTE|[1059]
19:12:11.0 (33969905)|VARIABLE_ASSIGNMENT|[EXTERNAL]|this|{"apiName":"PSet_Testing_Creatio (1 more) ...","id":"0PS360000016qWwGAI","label":"PSet_Testing_Creatio (1 more) ..."}|0x1f00913c
19:12:11.0 (33976624)|VARIABLE_ASSIGNMENT|[EXTERNAL]|value|"PSet Testing Creatio (13 more) ..."
19:12:11.0 (33983439)|VARIABLE_ASSIGNMENT|[1046]|this.description|"PSet Testing Creatio (13 more) ..."|0x1f00913c
19:12:11.0 (33989416)|STATEMENT_EXECUTE|[1060]
19:12:11.0 (34012597)|VARIABLE_ASSIGNMENT|[EXTERNAL]|this|{"apiName":"PSet_Testing_Creatio (1 more) ...","description":"PSet Testing Creatio (13 more) ...","id":"0PS360000016qWwGAI","label":"PSet_Testing_Creatio (1 more) ..."}|0x1f00913c
19:12:11.0 (34019449)|VARIABLE_ASSIGNMENT|[EXTERNAL]|value|"shiva15testns"
19:12:11.0 (34025663)|VARIABLE_ASSIGNMENT|[1048]|this.namespacePrefix|"shiva15testns"|0x1f00913c
19:12:11.0 (34031364)|STATEMENT_EXECUTE|[1061]
19:12:11.0 (34055006)|VARIABLE_ASSIGNMENT|[EXTERNAL]|this|{"apiName":"PSet_Testing_Creatio (1 more) ...","description":"PSet Testing Creatio (13 more) ...","id":"0PS360000016qWwGAI","label":"PSet_Testing_Creatio (1 more) ...","namespacePrefix":"shiva15testns"}|0x1f00913c
19:12:11.0 (34061110)|VARIABLE_ASSIGNMENT|[EXTERNAL]|value|"Salesforce"
19:12:11.0 (34066993)|VARIABLE_ASSIGNMENT|[1050]|this.userLicenseId|"Salesforce"|0x1f00913c
19:12:11.0 (34072443)|STATEMENT_EXECUTE|[1062]
19:12:11.0 (34096236)|VARIABLE_ASSIGNMENT|[EXTERNAL]|this|{"apiName":"PSet_Testing_Creatio (1 more) ...","description":"PSet Testing Creatio (13 more) ...","id":"0PS360000016qWwGAI","label":"PSet_Testing_Creatio (1 more) ...","namespacePrefix":"shiva15testns","userLicenseId":"Salesforce"}|0x1f00913c
19:12:11.0 (34103602)|VARIABLE_ASSIGNMENT|[EXTERNAL]|value|"2016-05-02 19:08:46"
19:12:11.0 (34109787)|VARIABLE_ASSIGNMENT|[1052]|this.createdDate|"2016-05-02 19:08:46"|0x1f00913c
19:12:11.0 (34122251)|CONSTRUCTOR_EXIT|[165]|01p36000005Jpvx|<init>(String,String,String,String,String,String,String)
19:12:11.0 (34144796)|VARIABLE_ASSIGNMENT|[165]|pSetObj|{"apiName":"PSet_Testing_Creatio (1 more) ...","createdDate":"2016-05-02 19:08:46","description":"PSet Testing Creatio (13 more) ...","id":"0PS360000016qWwGAI","label":"PSet_Testing_Creatio (1 more) ...","namespacePrefix":"shiva15testns","userLicenseId":"Salesforce"}|0x1f00913c
19:12:11.0 (34153608)|STATEMENT_EXECUTE|[167]
19:12:11.0 (34165345)|ENTERING_MANAGED_PKG|
19:12:11.0 (34170046)|HEAP_ALLOCATE|[EXTERNAL]|Bytes:4
19:12:11.0 (34175820)|STATEMENT_EXECUTE|[168]
19:12:11.0 (34188312)|ENTERING_MANAGED_PKG|
19:12:11.0 (34233802)|HEAP_ALLOCATE|[168]|Bytes:239
19:12:11.0 (34248722)|HEAP_ALLOCATE|[168]|Bytes:263
19:12:11.0 (34259639)|ENTERING_MANAGED_PKG|
19:12:11.0 (34266309)|USER_DEBUG|[168]|ERROR|The PermissionSet Name: PermissionSet:{Id=0PS360000016qWwGAI, Label=PSet_Testing_Creation, Name=PSet_Testing_Creation, Description=PSet Testing Creation Description, NamespacePrefix=shiva15testns, UserLicenseId=10036000000eSpyAAE, CreatedDate=2016-05-03 02:08:46}
19:12:11.0 (34282369)|HEAP_ALLOCATE|[162]|Bytes:5
19:12:11.0 (34295989)|VARIABLE_ASSIGNMENT|[162]|PSetName|null|
19:12:11.0 (34299849)|STATEMENT_EXECUTE|[171]
19:12:11.0 (34312295)|SYSTEM_MODE_EXIT|false
19:12:11.34 (34359607)|CUMULATIVE_LIMIT_USAGE
19:12:11.34 (34359607)|LIMIT_USAGE_FOR_NS|(default)|
  Number of SOQL queries: 0 out of 100
  Number of query rows: 0 out of 50000
  Number of SOSL queries: 0 out of 20
  Number of DML statements: 0 out of 150
  Number of DML rows: 0 out of 10000
  Maximum CPU time: 0 out of 10000
  Maximum heap size: 0 out of 6000000
  Number of callouts: 0 out of 100
  Number of Email Invocations: 0 out of 10
  Number of future calls: 0 out of 50
  Number of queueable jobs added to the queue: 0 out of 50
  Number of Mobile Apex push calls: 0 out of 10

19:12:11.34 (34359607)|LIMIT_USAGE_FOR_NS|shiva15testns|
  Number of SOQL queries: 8 out of 100
  Number of query rows: 50 out of 50000
  Number of SOSL queries: 0 out of 20
  Number of DML statements: 0 out of 150
  Number of DML rows: 0 out of 10000
  Maximum CPU time: 0 out of 10000
  Maximum heap size: 0 out of 6000000
  Number of callouts: 0 out of 100
  Number of Email Invocations: 0 out of 10
  Number of future calls: 0 out of 50
  Number of queueable jobs added to the queue: 0 out of 50
  Number of Mobile Apex push calls: 0 out of 10

19:12:11.34 (34359607)|CUMULATIVE_LIMIT_USAGE_END

19:12:11.0 (34404186)|CODE_UNIT_FINISHED|PermissionSetPortalControllers.getAllPermissionSets
19:12:11.0 (36418291)|EXECUTION_FINISHED
19:12:11.38 (38734492)|EXECUTION_STARTED
19:12:11.38 (38742317)|CODE_UNIT_STARTED|[EXTERNAL]|Aura
19:12:11.38 (38781937)|CODE_UNIT_FINISHED|Aura
19:12:11.38 (40096797)|EXECUTION_FINISHED
19:12:11.41 (41624977)|EXECUTION_STARTED
19:12:11.41 (41631408)|CODE_UNIT_STARTED|[EXTERNAL]|Aura
19:12:11.41 (41665349)|CODE_UNIT_FINISHED|Aura
19:12:11.41 (43171437)|EXECUTION_FINISHED
19:12:11.44 (44651944)|EXECUTION_STARTED
19:12:11.44 (44658300)|CODE_UNIT_STARTED|[EXTERNAL]|Aura
19:12:11.44 (44692519)|CODE_UNIT_FINISHED|Aura
19:12:11.44 (46308440)|EXECUTION_FINISHED
19:12:11.47 (47648461)|EXECUTION_STARTED
19:12:11.47 (47657441)|CODE_UNIT_STARTED|[EXTERNAL]|Aura
19:12:11.47 (47711417)|CODE_UNIT_FINISHED|Aura
19:12:11.47 (48878690)|EXECUTION_FINISHED
19:12:11.50 (50095194)|EXECUTION_STARTED
19:12:11.50 (50108215)|CODE_UNIT_STARTED|[EXTERNAL]|Aura
19:12:11.50 (50198258)|CODE_UNIT_FINISHED|Aura
19:12:11.50 (51475672)|EXECUTION_FINISHED
19:12:11.52 (52483475)|EXECUTION_STARTED
19:12:11.52 (52492828)|CODE_UNIT_STARTED|[EXTERNAL]|Aura
19:12:11.52 (52549700)|CODE_UNIT_FINISHED|Aura
19:12:11.52 (54234558)|EXECUTION_FINISHED
19:12:11.55 (55382447)|EXECUTION_STARTED
19:12:11.55 (55391583)|CODE_UNIT_STARTED|[EXTERNAL]|Aura
19:12:11.55 (55451104)|CODE_UNIT_FINISHED|Aura
19:12:11.55 (56425192)|EXECUTION_FINISHED
