36.0 APEX_CODE,FINEST;APEX_PROFILING,INFO;CALLOUT,INFO;DB,INFO;SYSTEM,DEBUG;VALIDATION,INFO;VISUALFORCE,INFO;WORKFLOW,INFO
11:40:05.0 (80324)|EXECUTION_STARTED
11:40:05.0 (120990)|CODE_UNIT_STARTED|[EXTERNAL]|01p36000005Jpvx|PermissionSetPortalControllers.getAllPermissionSets
11:40:05.0 (339591)|HEAP_ALLOCATE|[72]|Bytes:3
11:40:05.0 (430666)|HEAP_ALLOCATE|[77]|Bytes:152
11:40:05.0 (466956)|HEAP_ALLOCATE|[342]|Bytes:408
11:40:05.0 (509256)|HEAP_ALLOCATE|[355]|Bytes:408
11:40:05.0 (544468)|HEAP_ALLOCATE|[467]|Bytes:48
11:40:05.0 (598096)|HEAP_ALLOCATE|[139]|Bytes:6
11:40:05.0 (660316)|VARIABLE_SCOPE_BEGIN|[3]|PermissionSetPortalControllers.AllPermissionSets|List<PermissionSet>|true|true
11:40:05.0 (673096)|VARIABLE_SCOPE_BEGIN|[10]|PermissionSetPortalControllers.accountField|Set<String>|true|true
11:40:05.0 (680107)|VARIABLE_SCOPE_BEGIN|[5]|PermissionSetPortalControllers.allObjectsOfOrg|List<shiva15testns.PermissionSetPortalControllers.ObjectDetailsClass>|true|true
11:40:05.0 (687848)|VARIABLE_SCOPE_BEGIN|[9]|PermissionSetPortalControllers.contactsField|Set<String>|true|true
11:40:05.0 (694030)|VARIABLE_SCOPE_BEGIN|[7]|PermissionSetPortalControllers.isNotSystemSObjectList|Set<String>|true|true
11:40:05.0 (785393)|HEAP_ALLOCATE|[EXTERNAL]|Bytes:168
11:40:05.0 (792212)|HEAP_ALLOCATE|[EXTERNAL]|Bytes:76
11:40:05.0 (796176)|HEAP_ALLOCATE|[EXTERNAL]|Bytes:314
11:40:05.0 (1029554)|METHOD_ENTRY|[1]|01p36000005Jpvx|PermissionSetPortalControllers.PermissionSetPortalControllers()
11:40:05.0 (1036074)|STATEMENT_EXECUTE|[1]
11:40:05.0 (1043435)|STATEMENT_EXECUTE|[1]
11:40:05.0 (1085874)|HEAP_ALLOCATE|[50]|Bytes:5
11:40:05.0 (1129703)|HEAP_ALLOCATE|[56]|Bytes:5
11:40:05.0 (1149034)|HEAP_ALLOCATE|[64]|Bytes:7
11:40:05.0 (1185919)|SYSTEM_MODE_ENTER|false
11:40:05.0 (1207635)|HEAP_ALLOCATE|[9]|Bytes:5
11:40:05.0 (1211935)|STATEMENT_EXECUTE|[9]
11:40:05.0 (1220718)|HEAP_ALLOCATE|[9]|Bytes:4
11:40:05.0 (1278349)|ENTERING_MANAGED_PKG|
11:40:05.0 (1407397)|VARIABLE_ASSIGNMENT|[9]|PermissionSetPortalControllers.contactsField|{"s":1,"v":[]}|0x6a126066
11:40:05.0 (1413371)|STATEMENT_EXECUTE|[10]
11:40:05.0 (1419446)|HEAP_ALLOCATE|[10]|Bytes:4
11:40:05.0 (1433854)|ENTERING_MANAGED_PKG|
11:40:05.0 (1473822)|VARIABLE_ASSIGNMENT|[10]|PermissionSetPortalControllers.accountField|{"s":1,"v":[]}|0x5fc22b36
11:40:05.0 (1478259)|STATEMENT_EXECUTE|[1014]
11:40:05.0 (1479820)|STATEMENT_EXECUTE|[1043]
11:40:05.0 (1481381)|STATEMENT_EXECUTE|[1071]
11:40:05.0 (1482899)|STATEMENT_EXECUTE|[1100]
11:40:05.0 (1484116)|STATEMENT_EXECUTE|[1116]
11:40:05.0 (1485190)|STATEMENT_EXECUTE|[1133]
11:40:05.0 (1486249)|STATEMENT_EXECUTE|[1144]
11:40:05.0 (1487362)|STATEMENT_EXECUTE|[1149]
11:40:05.0 (1496419)|SYSTEM_MODE_EXIT|false
11:40:05.0 (1507568)|METHOD_EXIT|[1]|PermissionSetPortalControllers
11:40:05.0 (1532840)|SYSTEM_MODE_ENTER|false
11:40:05.0 (1554800)|HEAP_ALLOCATE|[157]|Bytes:5
11:40:05.0 (1561339)|STATEMENT_EXECUTE|[156]
11:40:05.0 (1563970)|STATEMENT_EXECUTE|[157]
11:40:05.0 (1565496)|STATEMENT_EXECUTE|[157]
11:40:05.0 (1567160)|STATEMENT_EXECUTE|[158]
11:40:05.0 (1572301)|HEAP_ALLOCATE|[158]|Bytes:99
11:40:05.0 (1601172)|HEAP_ALLOCATE|[158]|Bytes:4
11:40:05.0 (2396901)|SOQL_EXECUTE_BEGIN|[158]|Aggregations:0|SELECT Id, label, Name, Description, NamespacePrefix, UserLicenseId, CreatedDate FROM PermissionSet
11:40:05.0 (7071887)|SOQL_EXECUTE_END|[158]|Rows:42
11:40:05.0 (7092315)|HEAP_ALLOCATE|[158]|Bytes:172
11:40:05.0 (7194615)|HEAP_ALLOCATE|[158]|Bytes:7424
11:40:05.0 (7229554)|HEAP_ALLOCATE|[158]|Bytes:172
11:40:05.0 (7265096)|VARIABLE_ASSIGNMENT|[158]|PermissionSetPortalControllers.AllPermissionSets|{"s":1,"v":"List of size 42 too large to display"}|0x4c728333
11:40:05.0 (7347099)|ENTERING_MANAGED_PKG|
11:40:05.0 (7381094)|STATEMENT_EXECUTE|[159]
11:40:05.0 (7383635)|STATEMENT_EXECUTE|[160]
11:40:05.0 (7471836)|VARIABLE_SCOPE_BEGIN|[160]|pSetObj|shiva15testns.PermissionSetPortalControllers.PermissionSetClass|true|false
11:40:05.0 (7485196)|VARIABLE_ASSIGNMENT|[160]|pSetObj|null|
11:40:05.0 (7487934)|STATEMENT_EXECUTE|[161]
11:40:05.0 (7511974)|HEAP_ALLOCATE|[161]|Bytes:4
11:40:05.0 (7558823)|ENTERING_MANAGED_PKG|
11:40:05.0 (7578527)|VARIABLE_SCOPE_BEGIN|[161]|permissionSetsLst|List<shiva15testns.PermissionSetPortalControllers.PermissionSetClass>|true|false
11:40:05.0 (7601509)|HEAP_ALLOCATE|[EXTERNAL]|Bytes:4
11:40:05.0 (7614349)|VARIABLE_ASSIGNMENT|[161]|permissionSetsLst|{"s":1,"v":[]}|0x57a251dd
11:40:05.0 (7632989)|ENTERING_MANAGED_PKG|
11:40:05.0 (7852411)|HEAP_ALLOCATE|[162]|Bytes:5
11:40:05.0 (7892675)|HEAP_ALLOCATE|[162]|Bytes:28
11:40:05.0 (7904799)|VARIABLE_SCOPE_BEGIN|[162]|PSetName|PermissionSet|true|false
11:40:05.0 (7954731)|VARIABLE_ASSIGNMENT|[162]|PSetName|{"s":1,"v":{"Id":"0PS36000000KFvSGAW","Label":"random","Name":"random","NamespacePrefix":"shiva15testns","UserLicenseId":"10036000000eSpyAAE","CreatedDate":"2016-04-26T00:59:56.000Z"}}|0x5c2e14c8
11:40:05.0 (7959904)|STATEMENT_EXECUTE|[162]
11:40:05.0 (7998165)|HEAP_ALLOCATE|[163]|Bytes:3
11:40:05.0 (8032713)|ENTERING_MANAGED_PKG|
11:40:05.0 (8079962)|STATEMENT_EXECUTE|[163]
11:40:05.0 (8082377)|STATEMENT_EXECUTE|[166]
11:40:05.0 (8088988)|HEAP_ALLOCATE|[166]|Bytes:236
11:40:05.0 (8094791)|HEAP_ALLOCATE|[166]|Bytes:39
11:40:05.0 (8102520)|HEAP_ALLOCATE|[166]|Bytes:32
11:40:05.0 (8151150)|ENTERING_MANAGED_PKG|
11:40:05.0 (8179085)|HEAP_ALLOCATE|[166]|Bytes:18
11:40:05.0 (8237123)|ENTERING_MANAGED_PKG|
11:40:05.0 (8270681)|HEAP_ALLOCATE|[166]|Bytes:19
11:40:05.0 (8299655)|CONSTRUCTOR_ENTRY|[166]|01p36000005Jpvx|<init>(String,String,String,String,String,String,String)
11:40:05.0 (8307827)|VARIABLE_SCOPE_BEGIN|[1031]|this|shiva15testns.PermissionSetPortalControllers.PermissionSetClass|true|false
11:40:05.0 (8350618)|VARIABLE_ASSIGNMENT|[1031]|this|{}|0x519e466
11:40:05.0 (8354291)|VARIABLE_SCOPE_BEGIN|[1031]|label|String|false|false
11:40:05.0 (8359306)|VARIABLE_ASSIGNMENT|[1031]|label|"random"
11:40:05.0 (8362000)|VARIABLE_SCOPE_BEGIN|[1031]|apiName|String|false|false
11:40:05.0 (8364850)|VARIABLE_ASSIGNMENT|[1031]|apiName|"random"
11:40:05.0 (8366947)|VARIABLE_SCOPE_BEGIN|[1031]|id|String|false|false
11:40:05.0 (8370007)|VARIABLE_ASSIGNMENT|[1031]|id|"0PS36000000KFvSGAW"
11:40:05.0 (8372048)|VARIABLE_SCOPE_BEGIN|[1031]|description|String|false|false
11:40:05.0 (8374922)|VARIABLE_ASSIGNMENT|[1031]|description|null
11:40:05.0 (8376975)|VARIABLE_SCOPE_BEGIN|[1031]|namespacePrefix|String|false|false
11:40:05.0 (8380018)|VARIABLE_ASSIGNMENT|[1031]|namespacePrefix|"shiva15testns"
11:40:05.0 (8382394)|VARIABLE_SCOPE_BEGIN|[1031]|userLicenseId|String|false|false
11:40:05.0 (8384853)|VARIABLE_ASSIGNMENT|[1031]|userLicenseId|null
11:40:05.0 (8386872)|VARIABLE_SCOPE_BEGIN|[1031]|createdDate|String|false|false
11:40:05.0 (8390007)|VARIABLE_ASSIGNMENT|[1031]|createdDate|"2016-04-25 17:59:56"
11:40:05.0 (8393787)|STATEMENT_EXECUTE|[1014]
11:40:05.0 (8395405)|STATEMENT_EXECUTE|[1017]
11:40:05.0 (8396854)|STATEMENT_EXECUTE|[1019]
11:40:05.0 (8398278)|STATEMENT_EXECUTE|[1021]
11:40:05.0 (8399351)|STATEMENT_EXECUTE|[1023]
11:40:05.0 (8400628)|STATEMENT_EXECUTE|[1025]
11:40:05.0 (8401675)|STATEMENT_EXECUTE|[1027]
11:40:05.0 (8402725)|STATEMENT_EXECUTE|[1029]
11:40:05.0 (8411086)|HEAP_ALLOCATE|[1033]|Bytes:6
11:40:05.0 (8434776)|STATEMENT_EXECUTE|[1032]
11:40:05.0 (8436816)|STATEMENT_EXECUTE|[1033]
11:40:05.0 (8485777)|VARIABLE_ASSIGNMENT|[EXTERNAL]|this|{}|0x519e466
11:40:05.0 (8492686)|VARIABLE_ASSIGNMENT|[EXTERNAL]|value|"random"
11:40:05.0 (8504244)|VARIABLE_ASSIGNMENT|[1017]|this.label|"random"|0x519e466
11:40:05.0 (8512523)|STATEMENT_EXECUTE|[1034]
11:40:05.0 (8550964)|VARIABLE_ASSIGNMENT|[EXTERNAL]|this|{"label":"random"}|0x519e466
11:40:05.0 (8556534)|VARIABLE_ASSIGNMENT|[EXTERNAL]|value|"random"
11:40:05.0 (8564488)|VARIABLE_ASSIGNMENT|[1019]|this.apiName|"random"|0x519e466
11:40:05.0 (8571852)|STATEMENT_EXECUTE|[1035]
11:40:05.0 (8609554)|VARIABLE_ASSIGNMENT|[EXTERNAL]|this|{"apiName":"random","label":"random"}|0x519e466
11:40:05.0 (8615848)|VARIABLE_ASSIGNMENT|[EXTERNAL]|value|"0PS36000000KFvSGAW"
11:40:05.0 (8623705)|VARIABLE_ASSIGNMENT|[1021]|this.id|"0PS36000000KFvSGAW"|0x519e466
11:40:05.0 (8630938)|STATEMENT_EXECUTE|[1036]
11:40:05.0 (8669692)|VARIABLE_ASSIGNMENT|[EXTERNAL]|this|{"apiName":"random","id":"0PS36000000KFvSGAW","label":"random"}|0x519e466
11:40:05.0 (8675577)|VARIABLE_ASSIGNMENT|[EXTERNAL]|value|null
11:40:05.0 (8683104)|VARIABLE_ASSIGNMENT|[1023]|this.description|null|0x519e466
11:40:05.0 (8690284)|STATEMENT_EXECUTE|[1037]
11:40:05.0 (8727764)|VARIABLE_ASSIGNMENT|[EXTERNAL]|this|{"apiName":"random","id":"0PS36000000KFvSGAW","label":"random"}|0x519e466
11:40:05.0 (8733689)|VARIABLE_ASSIGNMENT|[EXTERNAL]|value|"shiva15testns"
11:40:05.0 (8741371)|VARIABLE_ASSIGNMENT|[1025]|this.namespacePrefix|"shiva15testns"|0x519e466
11:40:05.0 (8748399)|STATEMENT_EXECUTE|[1038]
11:40:05.0 (8785925)|VARIABLE_ASSIGNMENT|[EXTERNAL]|this|{"apiName":"random","id":"0PS36000000KFvSGAW","label":"random","namespacePrefix":"shiva15testns"}|0x519e466
11:40:05.0 (8792232)|VARIABLE_ASSIGNMENT|[EXTERNAL]|value|null
11:40:05.0 (8799671)|VARIABLE_ASSIGNMENT|[1027]|this.userLicenseId|null|0x519e466
11:40:05.0 (8806886)|STATEMENT_EXECUTE|[1039]
11:40:05.0 (8844287)|VARIABLE_ASSIGNMENT|[EXTERNAL]|this|{"apiName":"random","id":"0PS36000000KFvSGAW","label":"random","namespacePrefix":"shiva15testns"}|0x519e466
11:40:05.0 (8850242)|VARIABLE_ASSIGNMENT|[EXTERNAL]|value|"2016-04-25 17:59:56"
11:40:05.0 (8858406)|VARIABLE_ASSIGNMENT|[1029]|this.createdDate|"2016-04-25 17:59:56"|0x519e466
11:40:05.0 (8872910)|CONSTRUCTOR_EXIT|[166]|01p36000005Jpvx|<init>(String,String,String,String,String,String,String)
11:40:05.0 (8897068)|VARIABLE_ASSIGNMENT|[166]|pSetObj|{"apiName":"random","createdDate":"2016-04-25 17:59:56","id":"0PS36000000KFvSGAW","label":"random","namespacePrefix":"shiva15testns"}|0x519e466
11:40:05.0 (8901423)|STATEMENT_EXECUTE|[167]
11:40:05.0 (8916746)|ENTERING_MANAGED_PKG|
11:40:05.0 (8942454)|HEAP_ALLOCATE|[EXTERNAL]|Bytes:4
11:40:05.0 (8950695)|STATEMENT_EXECUTE|[168]
11:40:05.0 (9102825)|HEAP_ALLOCATE|[168]|Bytes:24
11:40:05.0 (9125389)|ENTERING_MANAGED_PKG|
11:40:05.0 (9194613)|HEAP_ALLOCATE|[168]|Bytes:162
11:40:05.0 (9219620)|HEAP_ALLOCATE|[168]|Bytes:186
11:40:05.0 (9244483)|ENTERING_MANAGED_PKG|
11:40:05.0 (9259501)|USER_DEBUG|[168]|ERROR|The PermissionSet Name: PermissionSet:{Id=0PS36000000KFvSGAW, Label=random, Name=random, NamespacePrefix=shiva15testns, UserLicenseId=10036000000eSpyAAE, CreatedDate=2016-04-26 00:59:56}
11:40:05.0 (9276579)|HEAP_ALLOCATE|[162]|Bytes:5
11:40:05.0 (9299193)|HEAP_ALLOCATE|[162]|Bytes:32
11:40:05.0 (9307428)|VARIABLE_SCOPE_BEGIN|[162]|PSetName|PermissionSet|true|false
11:40:05.0 (9333273)|VARIABLE_ASSIGNMENT|[162]|PSetName|{"s":1,"v":{"Id":"0PS36000000KhGKGA0","Label":"test1label","Name":"test1name","Description":"test Description 1","NamespacePrefix":"shiva15testns","UserLicenseId":"10036000000eSpyAAE","CreatedDate":"2016-04-27T01:22:31.000Z"}}|0xf3f6045
11:40:05.0 (9338073)|STATEMENT_EXECUTE|[162]
11:40:05.0 (9361072)|ENTERING_MANAGED_PKG|
11:40:05.0 (9370807)|STATEMENT_EXECUTE|[163]
11:40:05.0 (9372518)|STATEMENT_EXECUTE|[166]
11:40:05.0 (9377624)|HEAP_ALLOCATE|[166]|Bytes:32
11:40:05.0 (9395320)|ENTERING_MANAGED_PKG|
11:40:05.0 (9399346)|HEAP_ALLOCATE|[166]|Bytes:18
11:40:05.0 (9439393)|ENTERING_MANAGED_PKG|
11:40:05.0 (9453236)|HEAP_ALLOCATE|[166]|Bytes:19
11:40:05.0 (9473079)|CONSTRUCTOR_ENTRY|[166]|01p36000005Jpvx|<init>(String,String,String,String,String,String,String)
11:40:05.0 (9478131)|VARIABLE_SCOPE_BEGIN|[1031]|this|shiva15testns.PermissionSetPortalControllers.PermissionSetClass|true|false
11:40:05.0 (9501805)|VARIABLE_ASSIGNMENT|[1031]|this|{}|0x4df2dd5b
11:40:05.0 (9504713)|VARIABLE_SCOPE_BEGIN|[1031]|label|String|false|false
11:40:05.0 (9509354)|VARIABLE_ASSIGNMENT|[1031]|label|"test1label"
11:40:05.0 (9511066)|VARIABLE_SCOPE_BEGIN|[1031]|apiName|String|false|false
11:40:05.0 (9514003)|VARIABLE_ASSIGNMENT|[1031]|apiName|"test1name"
11:40:05.0 (9515549)|VARIABLE_SCOPE_BEGIN|[1031]|id|String|false|false
11:40:05.0 (9518493)|VARIABLE_ASSIGNMENT|[1031]|id|"0PS36000000KhGKGA0"
11:40:05.0 (9520046)|VARIABLE_SCOPE_BEGIN|[1031]|description|String|false|false
11:40:05.0 (9523117)|VARIABLE_ASSIGNMENT|[1031]|description|"test Description 1"
11:40:05.0 (9524853)|VARIABLE_SCOPE_BEGIN|[1031]|namespacePrefix|String|false|false
11:40:05.0 (9527643)|VARIABLE_ASSIGNMENT|[1031]|namespacePrefix|"shiva15testns"
11:40:05.0 (9529216)|VARIABLE_SCOPE_BEGIN|[1031]|userLicenseId|String|false|false
11:40:05.0 (9531904)|VARIABLE_ASSIGNMENT|[1031]|userLicenseId|null
11:40:05.0 (9533396)|VARIABLE_SCOPE_BEGIN|[1031]|createdDate|String|false|false
11:40:05.0 (9536493)|VARIABLE_ASSIGNMENT|[1031]|createdDate|"2016-04-26 18:22:31"
11:40:05.0 (9539395)|STATEMENT_EXECUTE|[1014]
11:40:05.0 (9540672)|STATEMENT_EXECUTE|[1017]
11:40:05.0 (9542051)|STATEMENT_EXECUTE|[1019]
11:40:05.0 (9543097)|STATEMENT_EXECUTE|[1021]
11:40:05.0 (9544177)|STATEMENT_EXECUTE|[1023]
11:40:05.0 (9545174)|STATEMENT_EXECUTE|[1025]
11:40:05.0 (9546168)|STATEMENT_EXECUTE|[1027]
11:40:05.0 (9547156)|STATEMENT_EXECUTE|[1029]
11:40:05.0 (9558001)|STATEMENT_EXECUTE|[1032]
11:40:05.0 (9559468)|STATEMENT_EXECUTE|[1033]
11:40:05.0 (9583204)|VARIABLE_ASSIGNMENT|[EXTERNAL]|this|{}|0x4df2dd5b
11:40:05.0 (9589006)|VARIABLE_ASSIGNMENT|[EXTERNAL]|value|"test1label"
11:40:05.0 (9596881)|VARIABLE_ASSIGNMENT|[1017]|this.label|"test1label"|0x4df2dd5b
11:40:05.0 (9603365)|STATEMENT_EXECUTE|[1034]
11:40:05.0 (9626496)|VARIABLE_ASSIGNMENT|[EXTERNAL]|this|{"label":"test1label"}|0x4df2dd5b
11:40:05.0 (9631316)|VARIABLE_ASSIGNMENT|[EXTERNAL]|value|"test1name"
11:40:05.0 (9637722)|VARIABLE_ASSIGNMENT|[1019]|this.apiName|"test1name"|0x4df2dd5b
11:40:05.0 (9643969)|STATEMENT_EXECUTE|[1035]
11:40:05.0 (9666935)|VARIABLE_ASSIGNMENT|[EXTERNAL]|this|{"apiName":"test1name","label":"test1label"}|0x4df2dd5b
11:40:05.0 (9672001)|VARIABLE_ASSIGNMENT|[EXTERNAL]|value|"0PS36000000KhGKGA0"
11:40:05.0 (9678632)|VARIABLE_ASSIGNMENT|[1021]|this.id|"0PS36000000KhGKGA0"|0x4df2dd5b
11:40:05.0 (9684804)|STATEMENT_EXECUTE|[1036]
11:40:05.0 (9708143)|VARIABLE_ASSIGNMENT|[EXTERNAL]|this|{"apiName":"test1name","id":"0PS36000000KhGKGA0","label":"test1label"}|0x4df2dd5b
11:40:05.0 (9713559)|VARIABLE_ASSIGNMENT|[EXTERNAL]|value|"test Description 1"
11:40:05.0 (9720560)|VARIABLE_ASSIGNMENT|[1023]|this.description|"test Description 1"|0x4df2dd5b
11:40:05.0 (9726777)|STATEMENT_EXECUTE|[1037]
11:40:05.0 (9750969)|VARIABLE_ASSIGNMENT|[EXTERNAL]|this|{"apiName":"test1name","description":"test Description 1","id":"0PS36000000KhGKGA0","label":"test1label"}|0x4df2dd5b
11:40:05.0 (9756516)|VARIABLE_ASSIGNMENT|[EXTERNAL]|value|"shiva15testns"
11:40:05.0 (9763262)|VARIABLE_ASSIGNMENT|[1025]|this.namespacePrefix|"shiva15testns"|0x4df2dd5b
11:40:05.0 (9769432)|STATEMENT_EXECUTE|[1038]
11:40:05.0 (9809818)|VARIABLE_ASSIGNMENT|[EXTERNAL]|this|{"apiName":"test1name","description":"test Description 1","id":"0PS36000000KhGKGA0","label":"test1label","namespacePrefix":"shiva15testns"}|0x4df2dd5b
11:40:05.0 (9816692)|VARIABLE_ASSIGNMENT|[EXTERNAL]|value|null
11:40:05.0 (9824249)|VARIABLE_ASSIGNMENT|[1027]|this.userLicenseId|null|0x4df2dd5b
11:40:05.0 (9831407)|STATEMENT_EXECUTE|[1039]
11:40:05.0 (9857283)|VARIABLE_ASSIGNMENT|[EXTERNAL]|this|{"apiName":"test1name","description":"test Description 1","id":"0PS36000000KhGKGA0","label":"test1label","namespacePrefix":"shiva15testns"}|0x4df2dd5b
11:40:05.0 (9863302)|VARIABLE_ASSIGNMENT|[EXTERNAL]|value|"2016-04-26 18:22:31"
11:40:05.0 (9870245)|VARIABLE_ASSIGNMENT|[1029]|this.createdDate|"2016-04-26 18:22:31"|0x4df2dd5b
11:40:05.0 (9883942)|CONSTRUCTOR_EXIT|[166]|01p36000005Jpvx|<init>(String,String,String,String,String,String,String)
11:40:05.0 (9908026)|VARIABLE_ASSIGNMENT|[166]|pSetObj|{"apiName":"test1name","createdDate":"2016-04-26 18:22:31","description":"test Description 1","id":"0PS36000000KhGKGA0","label":"test1label","namespacePrefix":"shiva15testns"}|0x4df2dd5b
11:40:05.0 (9912060)|STATEMENT_EXECUTE|[167]
11:40:05.0 (9924361)|ENTERING_MANAGED_PKG|
11:40:05.0 (9929308)|HEAP_ALLOCATE|[EXTERNAL]|Bytes:4
11:40:05.0 (9935040)|STATEMENT_EXECUTE|[168]
11:40:05.0 (9948791)|ENTERING_MANAGED_PKG|
11:40:05.0 (10003589)|HEAP_ALLOCATE|[168]|Bytes:201
11:40:05.0 (10021567)|HEAP_ALLOCATE|[168]|Bytes:225
11:40:05.0 (10034103)|ENTERING_MANAGED_PKG|
11:40:05.0 (10040836)|USER_DEBUG|[168]|ERROR|The PermissionSet Name: PermissionSet:{Id=0PS36000000KhGKGA0, Label=test1label, Name=test1name, Description=test Description 1, NamespacePrefix=shiva15testns, UserLicenseId=10036000000eSpyAAE, CreatedDate=2016-04-27 01:22:31}
11:40:05.0 (10056698)|HEAP_ALLOCATE|[162]|Bytes:5
11:40:05.0 (10078691)|HEAP_ALLOCATE|[162]|Bytes:32
11:40:05.0 (10086911)|VARIABLE_SCOPE_BEGIN|[162]|PSetName|PermissionSet|true|false
11:40:05.0 (10112113)|VARIABLE_ASSIGNMENT|[162]|PSetName|{"s":1,"v":{"Id":"0PS36000000KhI0GAK","Label":"test1ONElabel","Name":"test1ONEname","Description":"test Description 1","NamespacePrefix":"shiva15testns","UserLicenseId":"10036000000eSpyAAE","CreatedDate":"2016-04-27T01:26:38.000Z"}}|0x53dcd299
11:40:05.0 (10116423)|STATEMENT_EXECUTE|[162]
11:40:05.0 (10138847)|ENTERING_MANAGED_PKG|
11:40:05.0 (10148799)|STATEMENT_EXECUTE|[163]
11:40:05.0 (10150436)|STATEMENT_EXECUTE|[166]
11:40:05.0 (10155248)|HEAP_ALLOCATE|[166]|Bytes:32
11:40:05.0 (10172917)|ENTERING_MANAGED_PKG|
11:40:05.0 (10176880)|HEAP_ALLOCATE|[166]|Bytes:18
11:40:05.0 (10200699)|ENTERING_MANAGED_PKG|
11:40:05.0 (10214031)|HEAP_ALLOCATE|[166]|Bytes:19
11:40:05.0 (10232936)|CONSTRUCTOR_ENTRY|[166]|01p36000005Jpvx|<init>(String,String,String,String,String,String,String)
11:40:05.0 (10237855)|VARIABLE_SCOPE_BEGIN|[1031]|this|shiva15testns.PermissionSetPortalControllers.PermissionSetClass|true|false
11:40:05.0 (10260989)|VARIABLE_ASSIGNMENT|[1031]|this|{}|0x326c1ff
11:40:05.0 (10263942)|VARIABLE_SCOPE_BEGIN|[1031]|label|String|false|false
11:40:05.0 (10268752)|VARIABLE_ASSIGNMENT|[1031]|label|"test1ONElabel"
11:40:05.0 (10270547)|VARIABLE_SCOPE_BEGIN|[1031]|apiName|String|false|false
11:40:05.0 (10273520)|VARIABLE_ASSIGNMENT|[1031]|apiName|"test1ONEname"
11:40:05.0 (10275244)|VARIABLE_SCOPE_BEGIN|[1031]|id|String|false|false
11:40:05.0 (10278152)|VARIABLE_ASSIGNMENT|[1031]|id|"0PS36000000KhI0GAK"
11:40:05.0 (10279743)|VARIABLE_SCOPE_BEGIN|[1031]|description|String|false|false
11:40:05.0 (10282555)|VARIABLE_ASSIGNMENT|[1031]|description|"test Description 1"
11:40:05.0 (10284158)|VARIABLE_SCOPE_BEGIN|[1031]|namespacePrefix|String|false|false
11:40:05.0 (10286789)|VARIABLE_ASSIGNMENT|[1031]|namespacePrefix|"shiva15testns"
11:40:05.0 (10288874)|VARIABLE_SCOPE_BEGIN|[1031]|userLicenseId|String|false|false
11:40:05.0 (10291652)|VARIABLE_ASSIGNMENT|[1031]|userLicenseId|null
11:40:05.0 (10293266)|VARIABLE_SCOPE_BEGIN|[1031]|createdDate|String|false|false
11:40:05.0 (10296241)|VARIABLE_ASSIGNMENT|[1031]|createdDate|"2016-04-26 18:26:38"
11:40:05.0 (10298985)|STATEMENT_EXECUTE|[1014]
11:40:05.0 (10300291)|STATEMENT_EXECUTE|[1017]
11:40:05.0 (10301679)|STATEMENT_EXECUTE|[1019]
11:40:05.0 (10302788)|STATEMENT_EXECUTE|[1021]
11:40:05.0 (10303877)|STATEMENT_EXECUTE|[1023]
11:40:05.0 (10304892)|STATEMENT_EXECUTE|[1025]
11:40:05.0 (10305948)|STATEMENT_EXECUTE|[1027]
11:40:05.0 (10307038)|STATEMENT_EXECUTE|[1029]
11:40:05.0 (10317636)|STATEMENT_EXECUTE|[1032]
11:40:05.0 (10319102)|STATEMENT_EXECUTE|[1033]
11:40:05.0 (10342279)|VARIABLE_ASSIGNMENT|[EXTERNAL]|this|{}|0x326c1ff
11:40:05.0 (10348055)|VARIABLE_ASSIGNMENT|[EXTERNAL]|value|"test1ONElabel"
11:40:05.0 (10355592)|VARIABLE_ASSIGNMENT|[1017]|this.label|"test1ONElabel"|0x326c1ff
11:40:05.0 (10362434)|STATEMENT_EXECUTE|[1034]
11:40:05.0 (10385081)|VARIABLE_ASSIGNMENT|[EXTERNAL]|this|{"label":"test1ONElabel"}|0x326c1ff
11:40:05.0 (10390000)|VARIABLE_ASSIGNMENT|[EXTERNAL]|value|"test1ONEname"
11:40:05.0 (10396605)|VARIABLE_ASSIGNMENT|[1019]|this.apiName|"test1ONEname"|0x326c1ff
11:40:05.0 (10402765)|STATEMENT_EXECUTE|[1035]
11:40:05.0 (10426274)|VARIABLE_ASSIGNMENT|[EXTERNAL]|this|{"apiName":"test1ONEname","label":"test1ONElabel"}|0x326c1ff
11:40:05.0 (10431378)|VARIABLE_ASSIGNMENT|[EXTERNAL]|value|"0PS36000000KhI0GAK"
11:40:05.0 (10438207)|VARIABLE_ASSIGNMENT|[1021]|this.id|"0PS36000000KhI0GAK"|0x326c1ff
11:40:05.0 (10444348)|STATEMENT_EXECUTE|[1036]
11:40:05.0 (10467744)|VARIABLE_ASSIGNMENT|[EXTERNAL]|this|{"apiName":"test1ONEname","id":"0PS36000000KhI0GAK","label":"test1ONElabel"}|0x326c1ff
11:40:05.0 (10473072)|VARIABLE_ASSIGNMENT|[EXTERNAL]|value|"test Description 1"
11:40:05.0 (10479543)|VARIABLE_ASSIGNMENT|[1023]|this.description|"test Description 1"|0x326c1ff
11:40:05.0 (10485666)|STATEMENT_EXECUTE|[1037]
11:40:05.0 (10509743)|VARIABLE_ASSIGNMENT|[EXTERNAL]|this|{"apiName":"test1ONEname","description":"test Description 1","id":"0PS36000000KhI0GAK","label":"test1ONElabel"}|0x326c1ff
11:40:05.0 (10515021)|VARIABLE_ASSIGNMENT|[EXTERNAL]|value|"shiva15testns"
11:40:05.0 (10521528)|VARIABLE_ASSIGNMENT|[1025]|this.namespacePrefix|"shiva15testns"|0x326c1ff
11:40:05.0 (10527752)|STATEMENT_EXECUTE|[1038]
11:40:05.0 (10552516)|VARIABLE_ASSIGNMENT|[EXTERNAL]|this|{"apiName":"test1ONEname","description":"test Description 1","id":"0PS36000000KhI0GAK","label":"test1ONElabel","namespacePrefix":"shiva15testns"}|0x326c1ff
11:40:05.0 (10557951)|VARIABLE_ASSIGNMENT|[EXTERNAL]|value|null
11:40:05.0 (10564413)|VARIABLE_ASSIGNMENT|[1027]|this.userLicenseId|null|0x326c1ff
11:40:05.0 (10570989)|STATEMENT_EXECUTE|[1039]
11:40:05.0 (10596276)|VARIABLE_ASSIGNMENT|[EXTERNAL]|this|{"apiName":"test1ONEname","description":"test Description 1","id":"0PS36000000KhI0GAK","label":"test1ONElabel","namespacePrefix":"shiva15testns"}|0x326c1ff
11:40:05.0 (10601934)|VARIABLE_ASSIGNMENT|[EXTERNAL]|value|"2016-04-26 18:26:38"
11:40:05.0 (10608842)|VARIABLE_ASSIGNMENT|[1029]|this.createdDate|"2016-04-26 18:26:38"|0x326c1ff
11:40:05.0 (10622213)|CONSTRUCTOR_EXIT|[166]|01p36000005Jpvx|<init>(String,String,String,String,String,String,String)
11:40:05.0 (10645762)|VARIABLE_ASSIGNMENT|[166]|pSetObj|{"apiName":"test1ONEname","createdDate":"2016-04-26 18:26:38","description":"test Description 1","id":"0PS36000000KhI0GAK","label":"test1ONElabel","namespacePrefix":"shiva15testns"}|0x326c1ff
11:40:05.0 (10649853)|STATEMENT_EXECUTE|[167]
11:40:05.0 (10661644)|ENTERING_MANAGED_PKG|
11:40:05.0 (10666531)|HEAP_ALLOCATE|[EXTERNAL]|Bytes:4
11:40:05.0 (10672275)|STATEMENT_EXECUTE|[168]
11:40:05.0 (10685967)|ENTERING_MANAGED_PKG|
11:40:05.0 (10727566)|HEAP_ALLOCATE|[168]|Bytes:207
11:40:05.0 (10743403)|HEAP_ALLOCATE|[168]|Bytes:231
11:40:05.0 (10755406)|ENTERING_MANAGED_PKG|
11:40:05.0 (10761872)|USER_DEBUG|[168]|ERROR|The PermissionSet Name: PermissionSet:{Id=0PS36000000KhI0GAK, Label=test1ONElabel, Name=test1ONEname, Description=test Description 1, NamespacePrefix=shiva15testns, UserLicenseId=10036000000eSpyAAE, CreatedDate=2016-04-27 01:26:38}
11:40:05.0 (10777308)|HEAP_ALLOCATE|[162]|Bytes:5
11:40:05.0 (10798970)|HEAP_ALLOCATE|[162]|Bytes:32
11:40:05.0 (10806655)|VARIABLE_SCOPE_BEGIN|[162]|PSetName|PermissionSet|true|false
11:40:05.0 (10831031)|VARIABLE_ASSIGNMENT|[162]|PSetName|{"s":1,"v":{"Id":"0PS36000000KlvMGAS","Label":"test_name","Name":"test_name","Description":"test desc","NamespacePrefix":"shiva15testns","UserLicenseId":"10036000000eSpyAAE","CreatedDate":"2016-04-27T09:47:35.000Z"}}|0x278ee397
11:40:05.0 (10835367)|STATEMENT_EXECUTE|[162]
11:40:05.0 (10857674)|ENTERING_MANAGED_PKG|
11:40:05.0 (10881462)|STATEMENT_EXECUTE|[163]
11:40:05.0 (10883596)|STATEMENT_EXECUTE|[166]
11:40:05.0 (10888681)|HEAP_ALLOCATE|[166]|Bytes:32
11:40:05.0 (10909558)|ENTERING_MANAGED_PKG|
11:40:05.0 (10913615)|HEAP_ALLOCATE|[166]|Bytes:18
11:40:05.0 (10937437)|ENTERING_MANAGED_PKG|
11:40:05.0 (10950377)|HEAP_ALLOCATE|[166]|Bytes:19
11:40:05.0 (10969254)|CONSTRUCTOR_ENTRY|[166]|01p36000005Jpvx|<init>(String,String,String,String,String,String,String)
11:40:05.0 (10978598)|VARIABLE_SCOPE_BEGIN|[1031]|this|shiva15testns.PermissionSetPortalControllers.PermissionSetClass|true|false
11:40:05.0 (11003202)|VARIABLE_ASSIGNMENT|[1031]|this|{}|0x49562f29
11:40:05.0 (11007265)|VARIABLE_SCOPE_BEGIN|[1031]|label|String|false|false
11:40:05.0 (11012202)|VARIABLE_ASSIGNMENT|[1031]|label|"test_name"
11:40:05.0 (11014109)|VARIABLE_SCOPE_BEGIN|[1031]|apiName|String|false|false
11:40:05.0 (11017002)|VARIABLE_ASSIGNMENT|[1031]|apiName|"test_name"
11:40:05.0 (11018601)|VARIABLE_SCOPE_BEGIN|[1031]|id|String|false|false
11:40:05.0 (11021616)|VARIABLE_ASSIGNMENT|[1031]|id|"0PS36000000KlvMGAS"
11:40:05.0 (11023246)|VARIABLE_SCOPE_BEGIN|[1031]|description|String|false|false
11:40:05.0 (11025943)|VARIABLE_ASSIGNMENT|[1031]|description|"test desc"
11:40:05.0 (11027485)|VARIABLE_SCOPE_BEGIN|[1031]|namespacePrefix|String|false|false
11:40:05.0 (11030211)|VARIABLE_ASSIGNMENT|[1031]|namespacePrefix|"shiva15testns"
11:40:05.0 (11031849)|VARIABLE_SCOPE_BEGIN|[1031]|userLicenseId|String|false|false
11:40:05.0 (11034621)|VARIABLE_ASSIGNMENT|[1031]|userLicenseId|null
11:40:05.0 (11036366)|VARIABLE_SCOPE_BEGIN|[1031]|createdDate|String|false|false
11:40:05.0 (11039375)|VARIABLE_ASSIGNMENT|[1031]|createdDate|"2016-04-27 02:47:35"
11:40:05.0 (11042212)|STATEMENT_EXECUTE|[1014]
11:40:05.0 (11043420)|STATEMENT_EXECUTE|[1017]
11:40:05.0 (11044726)|STATEMENT_EXECUTE|[1019]
11:40:05.0 (11045732)|STATEMENT_EXECUTE|[1021]
11:40:05.0 (11046760)|STATEMENT_EXECUTE|[1023]
11:40:05.0 (11047791)|STATEMENT_EXECUTE|[1025]
11:40:05.0 (11048806)|STATEMENT_EXECUTE|[1027]
11:40:05.0 (11049811)|STATEMENT_EXECUTE|[1029]
11:40:05.0 (11060602)|STATEMENT_EXECUTE|[1032]
11:40:05.0 (11062097)|STATEMENT_EXECUTE|[1033]
11:40:05.0 (11085576)|VARIABLE_ASSIGNMENT|[EXTERNAL]|this|{}|0x49562f29
11:40:05.0 (11091031)|VARIABLE_ASSIGNMENT|[EXTERNAL]|value|"test_name"
11:40:05.0 (11098657)|VARIABLE_ASSIGNMENT|[1017]|this.label|"test_name"|0x49562f29
11:40:05.0 (11105113)|STATEMENT_EXECUTE|[1034]
11:40:05.0 (11128041)|VARIABLE_ASSIGNMENT|[EXTERNAL]|this|{"label":"test_name"}|0x49562f29
11:40:05.0 (11133348)|VARIABLE_ASSIGNMENT|[EXTERNAL]|value|"test_name"
11:40:05.0 (11139937)|VARIABLE_ASSIGNMENT|[1019]|this.apiName|"test_name"|0x49562f29
11:40:05.0 (11146008)|STATEMENT_EXECUTE|[1035]
11:40:05.0 (11169069)|VARIABLE_ASSIGNMENT|[EXTERNAL]|this|{"apiName":"test_name","label":"test_name"}|0x49562f29
11:40:05.0 (11174327)|VARIABLE_ASSIGNMENT|[EXTERNAL]|value|"0PS36000000KlvMGAS"
11:40:05.0 (11181082)|VARIABLE_ASSIGNMENT|[1021]|this.id|"0PS36000000KlvMGAS"|0x49562f29
11:40:05.0 (11187264)|STATEMENT_EXECUTE|[1036]
11:40:05.0 (11210588)|VARIABLE_ASSIGNMENT|[EXTERNAL]|this|{"apiName":"test_name","id":"0PS36000000KlvMGAS","label":"test_name"}|0x49562f29
11:40:05.0 (11215581)|VARIABLE_ASSIGNMENT|[EXTERNAL]|value|"test desc"
11:40:05.0 (11221893)|VARIABLE_ASSIGNMENT|[1023]|this.description|"test desc"|0x49562f29
11:40:05.0 (11227866)|STATEMENT_EXECUTE|[1037]
11:40:05.0 (11251608)|VARIABLE_ASSIGNMENT|[EXTERNAL]|this|{"apiName":"test_name","description":"test desc","id":"0PS36000000KlvMGAS","label":"test_name"}|0x49562f29
11:40:05.0 (11256989)|VARIABLE_ASSIGNMENT|[EXTERNAL]|value|"shiva15testns"
11:40:05.0 (11263425)|VARIABLE_ASSIGNMENT|[1025]|this.namespacePrefix|"shiva15testns"|0x49562f29
11:40:05.0 (11269677)|STATEMENT_EXECUTE|[1038]
11:40:05.0 (11294156)|VARIABLE_ASSIGNMENT|[EXTERNAL]|this|{"apiName":"test_name","description":"test desc","id":"0PS36000000KlvMGAS","label":"test_name","namespacePrefix":"shiva15testns"}|0x49562f29
11:40:05.0 (11299493)|VARIABLE_ASSIGNMENT|[EXTERNAL]|value|null
11:40:05.0 (11305755)|VARIABLE_ASSIGNMENT|[1027]|this.userLicenseId|null|0x49562f29
11:40:05.0 (11312092)|STATEMENT_EXECUTE|[1039]
11:40:05.0 (11336545)|VARIABLE_ASSIGNMENT|[EXTERNAL]|this|{"apiName":"test_name","description":"test desc","id":"0PS36000000KlvMGAS","label":"test_name","namespacePrefix":"shiva15testns"}|0x49562f29
11:40:05.0 (11342247)|VARIABLE_ASSIGNMENT|[EXTERNAL]|value|"2016-04-27 02:47:35"
11:40:05.0 (11348824)|VARIABLE_ASSIGNMENT|[1029]|this.createdDate|"2016-04-27 02:47:35"|0x49562f29
11:40:05.0 (11362513)|CONSTRUCTOR_EXIT|[166]|01p36000005Jpvx|<init>(String,String,String,String,String,String,String)
11:40:05.0 (11386136)|VARIABLE_ASSIGNMENT|[166]|pSetObj|{"apiName":"test_name","createdDate":"2016-04-27 02:47:35","description":"test desc","id":"0PS36000000KlvMGAS","label":"test_name","namespacePrefix":"shiva15testns"}|0x49562f29
11:40:05.0 (11390107)|STATEMENT_EXECUTE|[167]
11:40:05.0 (11402057)|ENTERING_MANAGED_PKG|
11:40:05.0 (11406949)|HEAP_ALLOCATE|[EXTERNAL]|Bytes:4
11:40:05.0 (11412621)|STATEMENT_EXECUTE|[168]
11:40:05.0 (11426331)|ENTERING_MANAGED_PKG|
11:40:05.0 (11467493)|HEAP_ALLOCATE|[168]|Bytes:191
11:40:05.0 (11483587)|HEAP_ALLOCATE|[168]|Bytes:215
11:40:05.0 (11495374)|ENTERING_MANAGED_PKG|
11:40:05.0 (11501845)|USER_DEBUG|[168]|ERROR|The PermissionSet Name: PermissionSet:{Id=0PS36000000KlvMGAS, Label=test_name, Name=test_name, Description=test desc, NamespacePrefix=shiva15testns, UserLicenseId=10036000000eSpyAAE, CreatedDate=2016-04-27 09:47:35}
11:40:05.0 (11516973)|HEAP_ALLOCATE|[162]|Bytes:5
11:40:05.0 (11550417)|HEAP_ALLOCATE|[162]|Bytes:28
11:40:05.0 (11559839)|VARIABLE_SCOPE_BEGIN|[162]|PSetName|PermissionSet|true|false
11:40:05.0 (11584383)|VARIABLE_ASSIGNMENT|[162]|PSetName|{"s":1,"v":{"Id":"0PS36000000mmnFGAQ","Label":"00e1a000000MWa8AAG","Name":"X00e1a000000MWa8AAG","NamespacePrefix":"shiva15testns","UserLicenseId":"10036000000eSpzAAE","CreatedDate":"2016-03-08T19:00:02.000Z"}}|0xbaa3bfa
11:40:05.0 (11588907)|STATEMENT_EXECUTE|[162]
11:40:05.0 (11611475)|ENTERING_MANAGED_PKG|
11:40:05.0 (11621219)|STATEMENT_EXECUTE|[163]
11:40:05.0 (11632484)|HEAP_ALLOCATE|[162]|Bytes:5
11:40:05.0 (11653524)|HEAP_ALLOCATE|[162]|Bytes:28
11:40:05.0 (11661024)|VARIABLE_SCOPE_BEGIN|[162]|PSetName|PermissionSet|true|false
11:40:05.0 (11684808)|VARIABLE_ASSIGNMENT|[162]|PSetName|{"s":1,"v":{"Id":"0PS36000000mmnGGAQ","Label":"00ex00000018ozl_128_ (10 more) ...","Name":"X00ex00000018ozl_128 (11 more) ...","NamespacePrefix":"shiva15testns","UserLicenseId":"10036000000eSpyAAE","CreatedDate":"2016-03-08T19:00:02.000Z"}}|0x7f635f82
11:40:05.0 (11689207)|STATEMENT_EXECUTE|[162]
11:40:05.0 (11710549)|ENTERING_MANAGED_PKG|
11:40:05.0 (11720359)|STATEMENT_EXECUTE|[163]
11:40:05.0 (11731093)|HEAP_ALLOCATE|[162]|Bytes:5
11:40:05.0 (11751642)|HEAP_ALLOCATE|[162]|Bytes:28
11:40:05.0 (11759025)|VARIABLE_SCOPE_BEGIN|[162]|PSetName|PermissionSet|true|false
11:40:05.0 (11781209)|VARIABLE_ASSIGNMENT|[162]|PSetName|{"s":1,"v":{"Id":"0PS36000000mmnHGAQ","Label":"00ex00000018ozm_128_ (10 more) ...","Name":"X00ex00000018ozm_128 (11 more) ...","NamespacePrefix":"shiva15testns","UserLicenseId":"10036000000eSpyAAE","CreatedDate":"2016-03-08T19:00:02.000Z"}}|0x4a9e02ed
11:40:05.0 (11785726)|STATEMENT_EXECUTE|[162]
11:40:05.0 (11806770)|ENTERING_MANAGED_PKG|
11:40:05.0 (11816056)|STATEMENT_EXECUTE|[163]
11:40:05.0 (11826705)|HEAP_ALLOCATE|[162]|Bytes:5
11:40:05.0 (11847107)|HEAP_ALLOCATE|[162]|Bytes:28
11:40:05.0 (11854257)|VARIABLE_SCOPE_BEGIN|[162]|PSetName|PermissionSet|true|false
11:40:05.0 (11876167)|VARIABLE_ASSIGNMENT|[162]|PSetName|{"s":1,"v":{"Id":"0PS36000000mmnIGAQ","Label":"00ex00000018ozk_128_ (10 more) ...","Name":"X00ex00000018ozk_128 (11 more) ...","NamespacePrefix":"shiva15testns","UserLicenseId":"10036000000eSpyAAE","CreatedDate":"2016-03-08T19:00:02.000Z"}}|0x1a5cd272
11:40:05.0 (11880669)|STATEMENT_EXECUTE|[162]
11:40:05.0 (11901806)|ENTERING_MANAGED_PKG|
11:40:05.0 (11910960)|STATEMENT_EXECUTE|[163]
11:40:05.0 (11921684)|HEAP_ALLOCATE|[162]|Bytes:5
11:40:05.0 (11941803)|HEAP_ALLOCATE|[162]|Bytes:28
11:40:05.0 (11948951)|VARIABLE_SCOPE_BEGIN|[162]|PSetName|PermissionSet|true|false
11:40:05.0 (11970374)|VARIABLE_ASSIGNMENT|[162]|PSetName|{"s":1,"v":{"Id":"0PS36000000mmnJGAQ","Label":"00ex00000018ozj_128_ (10 more) ...","Name":"X00ex00000018ozj_128 (11 more) ...","NamespacePrefix":"shiva15testns","UserLicenseId":"10036000000eSpyAAE","CreatedDate":"2016-03-08T19:00:02.000Z"}}|0x40f35f28
11:40:05.0 (11978406)|STATEMENT_EXECUTE|[162]
11:40:05.0 (11999917)|ENTERING_MANAGED_PKG|
11:40:05.0 (12009155)|STATEMENT_EXECUTE|[163]
11:40:05.0 (12020702)|HEAP_ALLOCATE|[162]|Bytes:5
11:40:05.0 (12041313)|HEAP_ALLOCATE|[162]|Bytes:28
11:40:05.0 (12049043)|VARIABLE_SCOPE_BEGIN|[162]|PSetName|PermissionSet|true|false
11:40:05.0 (12070987)|VARIABLE_ASSIGNMENT|[162]|PSetName|{"s":1,"v":{"Id":"0PS36000000mmnKGAQ","Label":"00ex00000018ozo_128_ (10 more) ...","Name":"X00ex00000018ozo_128 (11 more) ...","NamespacePrefix":"shiva15testns","UserLicenseId":"10036000000eSpyAAE","CreatedDate":"2016-03-08T19:00:02.000Z"}}|0x250987fb
11:40:05.0 (12075210)|STATEMENT_EXECUTE|[162]
11:40:05.0 (12096227)|ENTERING_MANAGED_PKG|
11:40:05.0 (28682630)|STATEMENT_EXECUTE|[163]
11:40:05.0 (28697823)|HEAP_ALLOCATE|[162]|Bytes:5
11:40:05.0 (28720888)|HEAP_ALLOCATE|[162]|Bytes:28
11:40:05.0 (28728713)|VARIABLE_SCOPE_BEGIN|[162]|PSetName|PermissionSet|true|false
11:40:05.0 (28752844)|VARIABLE_ASSIGNMENT|[162]|PSetName|{"s":1,"v":{"Id":"0PS36000000mmnLGAQ","Label":"00ex00000018ozh_128_ (10 more) ...","Name":"X00ex00000018ozh_128 (11 more) ...","NamespacePrefix":"shiva15testns","UserLicenseId":"10036000000eSpyAAE","CreatedDate":"2016-03-08T19:00:02.000Z"}}|0x1fba60dd
11:40:05.0 (28757859)|STATEMENT_EXECUTE|[162]
11:40:05.0 (28780185)|ENTERING_MANAGED_PKG|
11:40:05.0 (28789580)|STATEMENT_EXECUTE|[163]
11:40:05.0 (28800462)|HEAP_ALLOCATE|[162]|Bytes:5
11:40:05.0 (28821066)|HEAP_ALLOCATE|[162]|Bytes:28
11:40:05.0 (28828462)|VARIABLE_SCOPE_BEGIN|[162]|PSetName|PermissionSet|true|false
11:40:05.0 (28850145)|VARIABLE_ASSIGNMENT|[162]|PSetName|{"s":1,"v":{"Id":"0PS36000000mmnMGAQ","Label":"00ex00000018ozq_128_ (11 more) ...","Name":"X00ex00000018ozq_128 (12 more) ...","NamespacePrefix":"shiva15testns","UserLicenseId":"10036000000eSpyAAE","CreatedDate":"2016-03-08T19:00:02.000Z"}}|0x6309ee1a
11:40:05.0 (28854636)|STATEMENT_EXECUTE|[162]
11:40:05.0 (28876050)|ENTERING_MANAGED_PKG|
11:40:05.0 (28885292)|STATEMENT_EXECUTE|[163]
11:40:05.0 (28895968)|HEAP_ALLOCATE|[162]|Bytes:5
11:40:05.0 (28916008)|HEAP_ALLOCATE|[162]|Bytes:28
11:40:05.0 (28923222)|VARIABLE_SCOPE_BEGIN|[162]|PSetName|PermissionSet|true|false
11:40:05.0 (28944572)|VARIABLE_ASSIGNMENT|[162]|PSetName|{"s":1,"v":{"Id":"0PS36000000mmnNGAQ","Label":"00ex00000018ozp_128_ (10 more) ...","Name":"X00ex00000018ozp_128 (11 more) ...","NamespacePrefix":"shiva15testns","UserLicenseId":"10036000000eSpyAAE","CreatedDate":"2016-03-08T19:00:02.000Z"}}|0x39d9f74c
11:40:05.0 (28949388)|STATEMENT_EXECUTE|[162]
11:40:05.0 (28970424)|ENTERING_MANAGED_PKG|
11:40:05.0 (28986761)|STATEMENT_EXECUTE|[163]
11:40:05.0 (28997942)|HEAP_ALLOCATE|[162]|Bytes:5
11:40:05.0 (29018554)|HEAP_ALLOCATE|[162]|Bytes:28
11:40:05.0 (29026869)|VARIABLE_SCOPE_BEGIN|[162]|PSetName|PermissionSet|true|false
11:40:05.0 (29048436)|VARIABLE_ASSIGNMENT|[162]|PSetName|{"s":1,"v":{"Id":"0PS36000000mmnOGAQ","Label":"00ex00000018ozn_128_ (10 more) ...","Name":"X00ex00000018ozn_128 (11 more) ...","NamespacePrefix":"shiva15testns","UserLicenseId":"10036000000eSpyAAE","CreatedDate":"2016-03-08T19:00:02.000Z"}}|0x508689d3
11:40:05.0 (29052882)|STATEMENT_EXECUTE|[162]
11:40:05.0 (29074166)|ENTERING_MANAGED_PKG|
11:40:05.0 (29083523)|STATEMENT_EXECUTE|[163]
11:40:05.0 (29094264)|HEAP_ALLOCATE|[162]|Bytes:5
11:40:05.0 (29114635)|HEAP_ALLOCATE|[162]|Bytes:28
11:40:05.0 (29121715)|VARIABLE_SCOPE_BEGIN|[162]|PSetName|PermissionSet|true|false
11:40:05.0 (29142582)|VARIABLE_ASSIGNMENT|[162]|PSetName|{"s":1,"v":{"Id":"0PS36000000mmnPGAQ","Label":"00e1a000000MWa9AAG","Name":"X00e1a000000MWa9AAG","NamespacePrefix":"shiva15testns","UserLicenseId":"10036000000eSq0AAE","CreatedDate":"2016-03-08T19:00:02.000Z"}}|0x1cf6a796
11:40:05.0 (29146605)|STATEMENT_EXECUTE|[162]
11:40:05.0 (29167712)|ENTERING_MANAGED_PKG|
11:40:05.0 (29176977)|STATEMENT_EXECUTE|[163]
11:40:05.0 (29187913)|HEAP_ALLOCATE|[162]|Bytes:5
11:40:05.0 (29208050)|HEAP_ALLOCATE|[162]|Bytes:28
11:40:05.0 (29215219)|VARIABLE_SCOPE_BEGIN|[162]|PSetName|PermissionSet|true|false
11:40:05.0 (29235811)|VARIABLE_ASSIGNMENT|[162]|PSetName|{"s":1,"v":{"Id":"0PS36000000mmnQGAQ","Label":"00e1a000000MWaBAAW","Name":"X00e1a000000MWaBAAW","NamespacePrefix":"shiva15testns","UserLicenseId":"10036000000eSq2AAE","CreatedDate":"2016-03-08T19:00:02.000Z"}}|0x30a3e32c
11:40:05.0 (29240338)|STATEMENT_EXECUTE|[162]
11:40:05.0 (29267567)|ENTERING_MANAGED_PKG|
11:40:05.0 (29276812)|STATEMENT_EXECUTE|[163]
11:40:05.0 (29287622)|HEAP_ALLOCATE|[162]|Bytes:5
11:40:05.0 (29307989)|HEAP_ALLOCATE|[162]|Bytes:28
11:40:05.0 (29315108)|VARIABLE_SCOPE_BEGIN|[162]|PSetName|PermissionSet|true|false
11:40:05.0 (29336269)|VARIABLE_ASSIGNMENT|[162]|PSetName|{"s":1,"v":{"Id":"0PS36000000mmnRGAQ","Label":"00e1a000000MWaCAAW","Name":"X00e1a000000MWaCAAW","NamespacePrefix":"shiva15testns","UserLicenseId":"10036000000eSq3AAE","CreatedDate":"2016-03-08T19:00:02.000Z"}}|0x46b611e3
11:40:05.0 (29340368)|STATEMENT_EXECUTE|[162]
11:40:05.0 (29360997)|ENTERING_MANAGED_PKG|
11:40:05.0 (29370154)|STATEMENT_EXECUTE|[163]
11:40:05.0 (29380944)|HEAP_ALLOCATE|[162]|Bytes:5
11:40:05.0 (29400816)|HEAP_ALLOCATE|[162]|Bytes:28
11:40:05.0 (29407872)|VARIABLE_SCOPE_BEGIN|[162]|PSetName|PermissionSet|true|false
11:40:05.0 (29428337)|VARIABLE_ASSIGNMENT|[162]|PSetName|{"s":1,"v":{"Id":"0PS36000000mmnSGAQ","Label":"00e1a000000MWaDAAW","Name":"X00e1a000000MWaDAAW","NamespacePrefix":"shiva15testns","UserLicenseId":"10036000000eSq4AAE","CreatedDate":"2016-03-08T19:00:02.000Z"}}|0x229ac0f7
11:40:05.0 (29432586)|STATEMENT_EXECUTE|[162]
11:40:05.0 (29453251)|ENTERING_MANAGED_PKG|
11:40:05.0 (29462250)|STATEMENT_EXECUTE|[163]
11:40:05.0 (29472829)|HEAP_ALLOCATE|[162]|Bytes:5
11:40:05.0 (29492643)|HEAP_ALLOCATE|[162]|Bytes:28
11:40:05.0 (29499877)|VARIABLE_SCOPE_BEGIN|[162]|PSetName|PermissionSet|true|false
11:40:05.0 (29520255)|VARIABLE_ASSIGNMENT|[162]|PSetName|{"s":1,"v":{"Id":"0PS36000000mmnTGAQ","Label":"00e1a000000MWaEAAW","Name":"X00e1a000000MWaEAAW","NamespacePrefix":"shiva15testns","UserLicenseId":"10036000000eSq5AAE","CreatedDate":"2016-03-08T19:00:02.000Z"}}|0xbf90925
11:40:05.0 (29524456)|STATEMENT_EXECUTE|[162]
11:40:05.0 (29544949)|ENTERING_MANAGED_PKG|
11:40:05.0 (29553965)|STATEMENT_EXECUTE|[163]
11:40:05.0 (29564635)|HEAP_ALLOCATE|[162]|Bytes:5
11:40:05.0 (29584696)|HEAP_ALLOCATE|[162]|Bytes:28
11:40:05.0 (29591790)|VARIABLE_SCOPE_BEGIN|[162]|PSetName|PermissionSet|true|false
11:40:05.0 (29612751)|VARIABLE_ASSIGNMENT|[162]|PSetName|{"s":1,"v":{"Id":"0PS36000000mmnUGAQ","Label":"00e1a000000MWaFAAW","Name":"X00e1a000000MWaFAAW","NamespacePrefix":"shiva15testns","UserLicenseId":"10036000000eSq6AAE","CreatedDate":"2016-03-08T19:00:02.000Z"}}|0x246c31f5
11:40:05.0 (29616721)|STATEMENT_EXECUTE|[162]
11:40:05.0 (29637598)|ENTERING_MANAGED_PKG|
11:40:05.0 (29646673)|STATEMENT_EXECUTE|[163]
11:40:05.0 (29657437)|HEAP_ALLOCATE|[162]|Bytes:5
11:40:05.0 (29677140)|HEAP_ALLOCATE|[162]|Bytes:28
11:40:05.0 (29684204)|VARIABLE_SCOPE_BEGIN|[162]|PSetName|PermissionSet|true|false
11:40:05.0 (29704702)|VARIABLE_ASSIGNMENT|[162]|PSetName|{"s":1,"v":{"Id":"0PS36000000mmnVGAQ","Label":"00e1a000000MWaGAAW","Name":"X00e1a000000MWaGAAW","NamespacePrefix":"shiva15testns","UserLicenseId":"10036000000eSq7AAE","CreatedDate":"2016-03-08T19:00:02.000Z"}}|0x52a30592
11:40:05.0 (29708738)|STATEMENT_EXECUTE|[162]
11:40:05.0 (29729573)|ENTERING_MANAGED_PKG|
11:40:05.0 (29739056)|STATEMENT_EXECUTE|[163]
11:40:05.0 (29749704)|HEAP_ALLOCATE|[162]|Bytes:5
11:40:05.0 (29769572)|HEAP_ALLOCATE|[162]|Bytes:28
11:40:05.0 (29776999)|VARIABLE_SCOPE_BEGIN|[162]|PSetName|PermissionSet|true|false
11:40:05.0 (29797373)|VARIABLE_ASSIGNMENT|[162]|PSetName|{"s":1,"v":{"Id":"0PS36000000mmnWGAQ","Label":"00e1a000000MWaHAAW","Name":"X00e1a000000MWaHAAW","NamespacePrefix":"shiva15testns","UserLicenseId":"10036000000eSq8AAE","CreatedDate":"2016-03-08T19:00:02.000Z"}}|0x264afa49
11:40:05.0 (29801260)|STATEMENT_EXECUTE|[162]
11:40:05.0 (29825019)|ENTERING_MANAGED_PKG|
11:40:05.0 (29835071)|STATEMENT_EXECUTE|[163]
11:40:05.0 (29846007)|HEAP_ALLOCATE|[162]|Bytes:5
11:40:05.0 (29866295)|HEAP_ALLOCATE|[162]|Bytes:28
11:40:05.0 (29877522)|VARIABLE_SCOPE_BEGIN|[162]|PSetName|PermissionSet|true|false
11:40:05.0 (29910323)|VARIABLE_ASSIGNMENT|[162]|PSetName|{"s":1,"v":{"Id":"0PS36000000mmnXGAQ","Label":"00e1a000000MWaIAAW","Name":"X00e1a000000MWaIAAW","NamespacePrefix":"shiva15testns","UserLicenseId":"10036000000eSq9AAE","CreatedDate":"2016-03-08T19:00:02.000Z"}}|0x65397f84
11:40:05.0 (29915543)|STATEMENT_EXECUTE|[162]
11:40:05.0 (29941027)|ENTERING_MANAGED_PKG|
11:40:05.0 (29950944)|STATEMENT_EXECUTE|[163]
11:40:05.0 (29962186)|HEAP_ALLOCATE|[162]|Bytes:5
11:40:05.0 (29994877)|HEAP_ALLOCATE|[162]|Bytes:28
11:40:05.0 (30002983)|VARIABLE_SCOPE_BEGIN|[162]|PSetName|PermissionSet|true|false
11:40:05.0 (30025756)|VARIABLE_ASSIGNMENT|[162]|PSetName|{"s":1,"v":{"Id":"0PS36000000mmnYGAQ","Label":"00e1a000000MWaJAAW","Name":"X00e1a000000MWaJAAW","NamespacePrefix":"shiva15testns","UserLicenseId":"10036000000eSqAAAU","CreatedDate":"2016-03-08T19:00:02.000Z"}}|0x209f094f
11:40:05.0 (30030167)|STATEMENT_EXECUTE|[162]
11:40:05.0 (30051576)|ENTERING_MANAGED_PKG|
11:40:05.0 (30063869)|STATEMENT_EXECUTE|[163]
11:40:05.0 (30087792)|HEAP_ALLOCATE|[162]|Bytes:5
11:40:05.0 (30123675)|HEAP_ALLOCATE|[162]|Bytes:28
11:40:05.0 (30137228)|VARIABLE_SCOPE_BEGIN|[162]|PSetName|PermissionSet|true|false
11:40:05.0 (30167495)|VARIABLE_ASSIGNMENT|[162]|PSetName|{"s":1,"v":{"Id":"0PS36000000mmnZGAQ","Label":"00e1a000000MWaKAAW","Name":"X00e1a000000MWaKAAW","NamespacePrefix":"shiva15testns","UserLicenseId":"10036000000eSqBAAU","CreatedDate":"2016-03-08T19:00:02.000Z"}}|0x6ada175b
11:40:05.0 (30172949)|STATEMENT_EXECUTE|[162]
11:40:05.0 (30196598)|ENTERING_MANAGED_PKG|
11:40:05.0 (30206260)|STATEMENT_EXECUTE|[163]
11:40:05.0 (30217452)|HEAP_ALLOCATE|[162]|Bytes:5
11:40:05.0 (30258496)|HEAP_ALLOCATE|[162]|Bytes:28
11:40:05.0 (30272005)|VARIABLE_SCOPE_BEGIN|[162]|PSetName|PermissionSet|true|false
11:40:05.0 (30303380)|VARIABLE_ASSIGNMENT|[162]|PSetName|{"s":1,"v":{"Id":"0PS36000000mmnaGAA","Label":"00e1a000000MWaLAAW","Name":"X00e1a000000MWaLAAW","NamespacePrefix":"shiva15testns","UserLicenseId":"10036000000eSqCAAU","CreatedDate":"2016-03-08T19:00:02.000Z"}}|0x1bb320fb
11:40:05.0 (30308980)|STATEMENT_EXECUTE|[162]
11:40:05.0 (30332750)|ENTERING_MANAGED_PKG|
11:40:05.0 (30345192)|STATEMENT_EXECUTE|[163]
11:40:05.0 (30356477)|HEAP_ALLOCATE|[162]|Bytes:5
11:40:05.0 (30377476)|HEAP_ALLOCATE|[162]|Bytes:28
11:40:05.0 (30384968)|VARIABLE_SCOPE_BEGIN|[162]|PSetName|PermissionSet|true|false
11:40:05.0 (30406154)|VARIABLE_ASSIGNMENT|[162]|PSetName|{"s":1,"v":{"Id":"0PS36000000mmnbGAA","Label":"00e1a000000MWaMAAW","Name":"X00e1a000000MWaMAAW","NamespacePrefix":"shiva15testns","UserLicenseId":"10036000000eSqDAAU","CreatedDate":"2016-03-08T19:00:02.000Z"}}|0x35d8b956
11:40:05.0 (30410512)|STATEMENT_EXECUTE|[162]
11:40:05.0 (30431551)|ENTERING_MANAGED_PKG|
11:40:05.0 (30443862)|STATEMENT_EXECUTE|[163]
11:40:05.0 (30454762)|HEAP_ALLOCATE|[162]|Bytes:5
11:40:05.0 (30475527)|HEAP_ALLOCATE|[162]|Bytes:28
11:40:05.0 (30482677)|VARIABLE_SCOPE_BEGIN|[162]|PSetName|PermissionSet|true|false
11:40:05.0 (30503575)|VARIABLE_ASSIGNMENT|[162]|PSetName|{"s":1,"v":{"Id":"0PS36000000mmncGAA","Label":"00e1a000000MWaNAAW","Name":"X00e1a000000MWaNAAW","NamespacePrefix":"shiva15testns","UserLicenseId":"10036000000eSqEAAU","CreatedDate":"2016-03-08T19:00:02.000Z"}}|0x6dd50bd3
11:40:05.0 (30507914)|STATEMENT_EXECUTE|[162]
11:40:05.0 (30528756)|ENTERING_MANAGED_PKG|
11:40:05.0 (30537874)|STATEMENT_EXECUTE|[163]
11:40:05.0 (30548586)|HEAP_ALLOCATE|[162]|Bytes:5
11:40:05.0 (30568564)|HEAP_ALLOCATE|[162]|Bytes:28
11:40:05.0 (30575751)|VARIABLE_SCOPE_BEGIN|[162]|PSetName|PermissionSet|true|false
11:40:05.0 (30596154)|VARIABLE_ASSIGNMENT|[162]|PSetName|{"s":1,"v":{"Id":"0PS36000000mmndGAA","Label":"00e1a000000MWaOAAW","Name":"X00e1a000000MWaOAAW","NamespacePrefix":"shiva15testns","UserLicenseId":"10036000000eSqFAAU","CreatedDate":"2016-03-08T19:00:02.000Z"}}|0x578fa9fd
11:40:05.0 (30600015)|STATEMENT_EXECUTE|[162]
11:40:05.0 (30620722)|ENTERING_MANAGED_PKG|
11:40:05.0 (30633198)|STATEMENT_EXECUTE|[163]
11:40:05.0 (30644164)|HEAP_ALLOCATE|[162]|Bytes:5
11:40:05.0 (30664558)|HEAP_ALLOCATE|[162]|Bytes:28
11:40:05.0 (30671735)|VARIABLE_SCOPE_BEGIN|[162]|PSetName|PermissionSet|true|false
11:40:05.0 (30692202)|VARIABLE_ASSIGNMENT|[162]|PSetName|{"s":1,"v":{"Id":"0PS36000000mmneGAA","Label":"00e1a000000MWaPAAW","Name":"X00e1a000000MWaPAAW","NamespacePrefix":"shiva15testns","UserLicenseId":"10036000000eSqGAAU","CreatedDate":"2016-03-08T19:00:02.000Z"}}|0x55b9ef0f
11:40:05.0 (30696732)|STATEMENT_EXECUTE|[162]
11:40:05.0 (30717774)|ENTERING_MANAGED_PKG|
11:40:05.0 (30727155)|STATEMENT_EXECUTE|[163]
11:40:05.0 (30737738)|HEAP_ALLOCATE|[162]|Bytes:5
11:40:05.0 (30758360)|HEAP_ALLOCATE|[162]|Bytes:28
11:40:05.0 (30765498)|VARIABLE_SCOPE_BEGIN|[162]|PSetName|PermissionSet|true|false
11:40:05.0 (30786090)|VARIABLE_ASSIGNMENT|[162]|PSetName|{"s":1,"v":{"Id":"0PS36000000mmnfGAA","Label":"00e1a000000MWaQAAW","Name":"X00e1a000000MWaQAAW","NamespacePrefix":"shiva15testns","UserLicenseId":"10036000000eSqHAAU","CreatedDate":"2016-03-08T19:00:02.000Z"}}|0x25dbeee7
11:40:05.0 (30790059)|STATEMENT_EXECUTE|[162]
11:40:05.0 (30811022)|ENTERING_MANAGED_PKG|
11:40:05.0 (30820207)|STATEMENT_EXECUTE|[163]
11:40:05.0 (30830808)|HEAP_ALLOCATE|[162]|Bytes:5
11:40:05.0 (30850575)|HEAP_ALLOCATE|[162]|Bytes:28
11:40:05.0 (30857978)|VARIABLE_SCOPE_BEGIN|[162]|PSetName|PermissionSet|true|false
11:40:05.0 (30878258)|VARIABLE_ASSIGNMENT|[162]|PSetName|{"s":1,"v":{"Id":"0PS36000000mmngGAA","Label":"00e1a000000MWaRAAW","Name":"X00e1a000000MWaRAAW","NamespacePrefix":"shiva15testns","UserLicenseId":"10036000000eSqIAAU","CreatedDate":"2016-03-08T19:00:02.000Z"}}|0x6095e21c
11:40:05.0 (30882997)|STATEMENT_EXECUTE|[162]
11:40:05.0 (30912259)|ENTERING_MANAGED_PKG|
11:40:05.0 (30925388)|STATEMENT_EXECUTE|[163]
11:40:05.0 (30936806)|HEAP_ALLOCATE|[162]|Bytes:5
11:40:05.0 (30957403)|HEAP_ALLOCATE|[162]|Bytes:28
11:40:05.0 (30964708)|VARIABLE_SCOPE_BEGIN|[162]|PSetName|PermissionSet|true|false
11:40:05.0 (30991288)|VARIABLE_ASSIGNMENT|[162]|PSetName|{"s":1,"v":{"Id":"0PS36000000mmnhGAA","Label":"00e1a000000MWaSAAW","Name":"X00e1a000000MWaSAAW","NamespacePrefix":"shiva15testns","UserLicenseId":"10036000000eSqJAAU","CreatedDate":"2016-03-08T19:00:02.000Z"}}|0x4a7f6fb2
11:40:05.0 (30995744)|STATEMENT_EXECUTE|[162]
11:40:05.0 (31017319)|ENTERING_MANAGED_PKG|
11:40:05.0 (31027649)|STATEMENT_EXECUTE|[163]
11:40:05.0 (31041502)|HEAP_ALLOCATE|[162]|Bytes:5
11:40:05.0 (31062740)|HEAP_ALLOCATE|[162]|Bytes:28
11:40:05.0 (31070115)|VARIABLE_SCOPE_BEGIN|[162]|PSetName|PermissionSet|true|false
11:40:05.0 (31090732)|VARIABLE_ASSIGNMENT|[162]|PSetName|{"s":1,"v":{"Id":"0PS36000000mmniGAA","Label":"00e1a000000MWaTAAW","Name":"X00e1a000000MWaTAAW","NamespacePrefix":"shiva15testns","UserLicenseId":"10036000000eSqJAAU","CreatedDate":"2016-03-08T19:00:02.000Z"}}|0x50a43065
11:40:05.0 (31094621)|STATEMENT_EXECUTE|[162]
11:40:05.0 (31115435)|ENTERING_MANAGED_PKG|
11:40:05.0 (31124766)|STATEMENT_EXECUTE|[163]
11:40:05.0 (31135366)|HEAP_ALLOCATE|[162]|Bytes:5
11:40:05.0 (31155514)|HEAP_ALLOCATE|[162]|Bytes:28
11:40:05.0 (31162547)|VARIABLE_SCOPE_BEGIN|[162]|PSetName|PermissionSet|true|false
11:40:05.0 (31183469)|VARIABLE_ASSIGNMENT|[162]|PSetName|{"s":1,"v":{"Id":"0PS36000000mmnjGAA","Label":"00e1a000000MWaUAAW","Name":"X00e1a000000MWaUAAW","NamespacePrefix":"shiva15testns","UserLicenseId":"10036000000eSqKAAU","CreatedDate":"2016-03-08T19:00:02.000Z"}}|0x2a724040
11:40:05.0 (31190179)|STATEMENT_EXECUTE|[162]
11:40:05.0 (31212116)|ENTERING_MANAGED_PKG|
11:40:05.0 (31221309)|STATEMENT_EXECUTE|[163]
11:40:05.0 (31232220)|HEAP_ALLOCATE|[162]|Bytes:5
11:40:05.0 (31252413)|HEAP_ALLOCATE|[162]|Bytes:28
11:40:05.0 (31259597)|VARIABLE_SCOPE_BEGIN|[162]|PSetName|PermissionSet|true|false
11:40:05.0 (31280347)|VARIABLE_ASSIGNMENT|[162]|PSetName|{"s":1,"v":{"Id":"0PS36000000mmnlGAA","Label":"00e1a000000N1LRAA0","Name":"X00e1a000000N1LRAA0","NamespacePrefix":"shiva15testns","UserLicenseId":"10036000000eSqLAAU","CreatedDate":"2016-03-08T19:00:02.000Z"}}|0x6538c210
11:40:05.0 (31284614)|STATEMENT_EXECUTE|[162]
11:40:05.0 (31305304)|ENTERING_MANAGED_PKG|
11:40:05.0 (31314374)|STATEMENT_EXECUTE|[163]
11:40:05.0 (31325023)|HEAP_ALLOCATE|[162]|Bytes:5
11:40:05.0 (31360232)|HEAP_ALLOCATE|[162]|Bytes:28
11:40:05.0 (31368935)|VARIABLE_SCOPE_BEGIN|[162]|PSetName|PermissionSet|true|false
11:40:05.0 (31390444)|VARIABLE_ASSIGNMENT|[162]|PSetName|{"s":1,"v":{"Id":"0PS36000000mmnmGAA","Label":"00e1a000000N1LSAA0","Name":"X00e1a000000N1LSAA0","NamespacePrefix":"shiva15testns","UserLicenseId":"10036000000eSqMAAU","CreatedDate":"2016-03-08T19:00:02.000Z"}}|0x548b23fa
11:40:05.0 (31394598)|STATEMENT_EXECUTE|[162]
11:40:05.0 (31415996)|ENTERING_MANAGED_PKG|
11:40:05.0 (31425233)|STATEMENT_EXECUTE|[163]
11:40:05.0 (31435936)|HEAP_ALLOCATE|[162]|Bytes:5
11:40:05.0 (31456109)|HEAP_ALLOCATE|[162]|Bytes:28
11:40:05.0 (31463314)|VARIABLE_SCOPE_BEGIN|[162]|PSetName|PermissionSet|true|false
11:40:05.0 (31484020)|VARIABLE_ASSIGNMENT|[162]|PSetName|{"s":1,"v":{"Id":"0PS36000000mmnnGAA","Label":"00e1a000000N1wKAAS","Name":"X00e1a000000N1wKAAS","NamespacePrefix":"shiva15testns","UserLicenseId":"10036000000eSqNAAU","CreatedDate":"2016-03-08T19:00:02.000Z"}}|0x25dd1616
11:40:05.0 (31487987)|STATEMENT_EXECUTE|[162]
11:40:05.0 (31508665)|ENTERING_MANAGED_PKG|
11:40:05.0 (31517873)|STATEMENT_EXECUTE|[163]
11:40:05.0 (31528481)|HEAP_ALLOCATE|[162]|Bytes:5
11:40:05.0 (31548444)|HEAP_ALLOCATE|[162]|Bytes:28
11:40:05.0 (31555558)|VARIABLE_SCOPE_BEGIN|[162]|PSetName|PermissionSet|true|false
11:40:05.0 (31575943)|VARIABLE_ASSIGNMENT|[162]|PSetName|{"s":1,"v":{"Id":"0PS36000000mmnoGAA","Label":"00e1a000000N1wLAAS","Name":"X00e1a000000N1wLAAS","NamespacePrefix":"shiva15testns","UserLicenseId":"10036000000eSqNAAU","CreatedDate":"2016-03-08T19:00:02.000Z"}}|0x1d1522ad
11:40:05.0 (31579840)|STATEMENT_EXECUTE|[162]
11:40:05.0 (31600621)|ENTERING_MANAGED_PKG|
11:40:05.0 (31609832)|STATEMENT_EXECUTE|[163]
11:40:05.0 (31620423)|HEAP_ALLOCATE|[162]|Bytes:5
11:40:05.0 (31640206)|HEAP_ALLOCATE|[162]|Bytes:28
11:40:05.0 (31647277)|VARIABLE_SCOPE_BEGIN|[162]|PSetName|PermissionSet|true|false
11:40:05.0 (31667444)|VARIABLE_ASSIGNMENT|[162]|PSetName|{"s":1,"v":{"Id":"0PS36000000mmnqGAA","Label":"00e1a000000MWaAAAW","Name":"X00e1a000000MWaAAAW","NamespacePrefix":"shiva15testns","UserLicenseId":"10036000000eSq1AAE","CreatedDate":"2016-03-08T19:00:02.000Z"}}|0x3e1e5b5d
11:40:05.0 (31671999)|STATEMENT_EXECUTE|[162]
11:40:05.0 (31692493)|ENTERING_MANAGED_PKG|
11:40:05.0 (31701521)|STATEMENT_EXECUTE|[163]
11:40:05.0 (31712190)|HEAP_ALLOCATE|[162]|Bytes:5
11:40:05.0 (31732167)|HEAP_ALLOCATE|[162]|Bytes:32
11:40:05.0 (31739278)|VARIABLE_SCOPE_BEGIN|[162]|PSetName|PermissionSet|true|false
11:40:05.0 (31762002)|VARIABLE_ASSIGNMENT|[162]|PSetName|{"s":1,"v":{"Id":"0PS36000000q71PGAQ","Label":"PermissionSet_Test","Name":"PermissionSet_Test","Description":"This is for testing  (11 more) ...","NamespacePrefix":"shiva15testns","UserLicenseId":"10036000000eSpyAAE","CreatedDate":"2016-03-20T22:41:12.000Z"}}|0x33872b97
11:40:05.0 (31766344)|STATEMENT_EXECUTE|[162]
11:40:05.0 (31787150)|ENTERING_MANAGED_PKG|
11:40:05.0 (31796810)|STATEMENT_EXECUTE|[163]
11:40:05.0 (31798456)|STATEMENT_EXECUTE|[166]
11:40:05.0 (31803639)|HEAP_ALLOCATE|[166]|Bytes:32
11:40:05.0 (31820935)|ENTERING_MANAGED_PKG|
11:40:05.0 (31825073)|HEAP_ALLOCATE|[166]|Bytes:18
11:40:05.0 (31863392)|ENTERING_MANAGED_PKG|
11:40:05.0 (31878639)|HEAP_ALLOCATE|[166]|Bytes:19
11:40:05.0 (31899193)|CONSTRUCTOR_ENTRY|[166]|01p36000005Jpvx|<init>(String,String,String,String,String,String,String)
11:40:05.0 (31904694)|VARIABLE_SCOPE_BEGIN|[1031]|this|shiva15testns.PermissionSetPortalControllers.PermissionSetClass|true|false
11:40:05.0 (31931270)|VARIABLE_ASSIGNMENT|[1031]|this|{}|0xa68b2cb
11:40:05.0 (31934375)|VARIABLE_SCOPE_BEGIN|[1031]|label|String|false|false
11:40:05.0 (31939558)|VARIABLE_ASSIGNMENT|[1031]|label|"PermissionSet_Test"
11:40:05.0 (31941391)|VARIABLE_SCOPE_BEGIN|[1031]|apiName|String|false|false
11:40:05.0 (31944334)|VARIABLE_ASSIGNMENT|[1031]|apiName|"PermissionSet_Test"
11:40:05.0 (31946034)|VARIABLE_SCOPE_BEGIN|[1031]|id|String|false|false
11:40:05.0 (31949030)|VARIABLE_ASSIGNMENT|[1031]|id|"0PS36000000q71PGAQ"
11:40:05.0 (31950691)|VARIABLE_SCOPE_BEGIN|[1031]|description|String|false|false
11:40:05.0 (31954834)|VARIABLE_ASSIGNMENT|[1031]|description|"This is for testing  (11 more) ..."
11:40:05.0 (31956571)|VARIABLE_SCOPE_BEGIN|[1031]|namespacePrefix|String|false|false
11:40:05.0 (31959373)|VARIABLE_ASSIGNMENT|[1031]|namespacePrefix|"shiva15testns"
11:40:05.0 (31961459)|VARIABLE_SCOPE_BEGIN|[1031]|userLicenseId|String|false|false
11:40:05.0 (31964174)|VARIABLE_ASSIGNMENT|[1031]|userLicenseId|null
11:40:05.0 (31965752)|VARIABLE_SCOPE_BEGIN|[1031]|createdDate|String|false|false
11:40:05.0 (31968763)|VARIABLE_ASSIGNMENT|[1031]|createdDate|"2016-03-20 15:41:12"
11:40:05.0 (31971655)|STATEMENT_EXECUTE|[1014]
11:40:05.0 (31973021)|STATEMENT_EXECUTE|[1017]
11:40:05.0 (31980312)|STATEMENT_EXECUTE|[1019]
11:40:05.0 (31981611)|STATEMENT_EXECUTE|[1021]
11:40:05.0 (31982724)|STATEMENT_EXECUTE|[1023]
11:40:05.0 (31983742)|STATEMENT_EXECUTE|[1025]
11:40:05.0 (31984855)|STATEMENT_EXECUTE|[1027]
11:40:05.0 (31985862)|STATEMENT_EXECUTE|[1029]
11:40:05.0 (31997706)|STATEMENT_EXECUTE|[1032]
11:40:05.0 (31999276)|STATEMENT_EXECUTE|[1033]
11:40:05.0 (32024573)|VARIABLE_ASSIGNMENT|[EXTERNAL]|this|{}|0xa68b2cb
11:40:05.0 (32031635)|VARIABLE_ASSIGNMENT|[EXTERNAL]|value|"PermissionSet_Test"
11:40:05.0 (32040445)|VARIABLE_ASSIGNMENT|[1017]|this.label|"PermissionSet_Test"|0xa68b2cb
11:40:05.0 (32050760)|STATEMENT_EXECUTE|[1034]
11:40:05.0 (32075561)|VARIABLE_ASSIGNMENT|[EXTERNAL]|this|{"label":"PermissionSet_Test"}|0xa68b2cb
11:40:05.0 (32080768)|VARIABLE_ASSIGNMENT|[EXTERNAL]|value|"PermissionSet_Test"
11:40:05.0 (32087646)|VARIABLE_ASSIGNMENT|[1019]|this.apiName|"PermissionSet_Test"|0xa68b2cb
11:40:05.0 (32093977)|STATEMENT_EXECUTE|[1035]
11:40:05.0 (32117790)|VARIABLE_ASSIGNMENT|[EXTERNAL]|this|{"apiName":"PermissionSet_Test","label":"PermissionSet_Test"}|0xa68b2cb
11:40:05.0 (32123009)|VARIABLE_ASSIGNMENT|[EXTERNAL]|value|"0PS36000000q71PGAQ"
11:40:05.0 (32129731)|VARIABLE_ASSIGNMENT|[1021]|this.id|"0PS36000000q71PGAQ"|0xa68b2cb
11:40:05.0 (32136177)|STATEMENT_EXECUTE|[1036]
11:40:05.0 (32160267)|VARIABLE_ASSIGNMENT|[EXTERNAL]|this|{"apiName":"PermissionSet_Test","id":"0PS36000000q71PGAQ","label":"PermissionSet_Test"}|0xa68b2cb
11:40:05.0 (32166974)|VARIABLE_ASSIGNMENT|[EXTERNAL]|value|"This is for testing  (11 more) ..."
11:40:05.0 (32174728)|VARIABLE_ASSIGNMENT|[1023]|this.description|"This is for testing  (11 more) ..."|0xa68b2cb
11:40:05.0 (32181367)|STATEMENT_EXECUTE|[1037]
11:40:05.0 (32212528)|VARIABLE_ASSIGNMENT|[EXTERNAL]|this|{"apiName":"PermissionSet_Test","description":"This is for testing  (11 more) ...","id":"0PS36000000q71PGAQ","label":"PermissionSet_Test"}|0xa68b2cb
11:40:05.0 (32218347)|VARIABLE_ASSIGNMENT|[EXTERNAL]|value|"shiva15testns"
11:40:05.0 (32225590)|VARIABLE_ASSIGNMENT|[1025]|this.namespacePrefix|"shiva15testns"|0xa68b2cb
11:40:05.0 (32232344)|STATEMENT_EXECUTE|[1038]
11:40:05.0 (32258474)|VARIABLE_ASSIGNMENT|[EXTERNAL]|this|{"apiName":"PermissionSet_Test","description":"This is for testing  (11 more) ...","id":"0PS36000000q71PGAQ","label":"PermissionSet_Test","namespacePrefix":"shiva15testns"}|0xa68b2cb
11:40:05.0 (32264231)|VARIABLE_ASSIGNMENT|[EXTERNAL]|value|null
11:40:05.0 (32270913)|VARIABLE_ASSIGNMENT|[1027]|this.userLicenseId|null|0xa68b2cb
11:40:05.0 (32277383)|STATEMENT_EXECUTE|[1039]
11:40:05.0 (32303332)|VARIABLE_ASSIGNMENT|[EXTERNAL]|this|{"apiName":"PermissionSet_Test","description":"This is for testing  (11 more) ...","id":"0PS36000000q71PGAQ","label":"PermissionSet_Test","namespacePrefix":"shiva15testns"}|0xa68b2cb
11:40:05.0 (32309312)|VARIABLE_ASSIGNMENT|[EXTERNAL]|value|"2016-03-20 15:41:12"
11:40:05.0 (32316225)|VARIABLE_ASSIGNMENT|[1029]|this.createdDate|"2016-03-20 15:41:12"|0xa68b2cb
11:40:05.0 (32330463)|CONSTRUCTOR_EXIT|[166]|01p36000005Jpvx|<init>(String,String,String,String,String,String,String)
11:40:05.0 (32355385)|VARIABLE_ASSIGNMENT|[166]|pSetObj|{"apiName":"PermissionSet_Test","createdDate":"2016-03-20 15:41:12","description":"This is for testing  (11 more) ...","id":"0PS36000000q71PGAQ","label":"PermissionSet_Test","namespacePrefix":"shiva15testns"}|0xa68b2cb
11:40:05.0 (32359356)|STATEMENT_EXECUTE|[167]
11:40:05.0 (32371824)|ENTERING_MANAGED_PKG|
11:40:05.0 (32377022)|HEAP_ALLOCATE|[EXTERNAL]|Bytes:4
11:40:05.0 (32383073)|STATEMENT_EXECUTE|[168]
11:40:05.0 (32396999)|ENTERING_MANAGED_PKG|
11:40:05.0 (32442577)|HEAP_ALLOCATE|[168]|Bytes:231
11:40:05.0 (32459069)|HEAP_ALLOCATE|[168]|Bytes:255
11:40:05.0 (32472623)|ENTERING_MANAGED_PKG|
11:40:05.0 (32480596)|USER_DEBUG|[168]|ERROR|The PermissionSet Name: PermissionSet:{Id=0PS36000000q71PGAQ, Label=PermissionSet_Test, Name=PermissionSet_Test, Description=This is for testing Description, NamespacePrefix=shiva15testns, UserLicenseId=10036000000eSpyAAE, CreatedDate=2016-03-20 22:41:12}
11:40:05.0 (32496120)|HEAP_ALLOCATE|[162]|Bytes:5
11:40:05.0 (32520678)|HEAP_ALLOCATE|[162]|Bytes:32
11:40:05.0 (32528520)|VARIABLE_SCOPE_BEGIN|[162]|PSetName|PermissionSet|true|false
11:40:05.0 (32552976)|VARIABLE_ASSIGNMENT|[162]|PSetName|{"s":1,"v":{"Id":"0PS360000015WSaGAM","Label":"Permission_Set_Name","Name":"Permission_Set_Name","Description":"Permission Set Descr (11 more) ...","NamespacePrefix":"shiva15testns","UserLicenseId":"10036000000eSpyAAE","CreatedDate":"2016-04-28T18:12:07.000Z"}}|0x7e27f657
11:40:05.0 (32557475)|STATEMENT_EXECUTE|[162]
11:40:05.0 (32579495)|ENTERING_MANAGED_PKG|
11:40:05.0 (32589133)|STATEMENT_EXECUTE|[163]
11:40:05.0 (32590754)|STATEMENT_EXECUTE|[166]
11:40:05.0 (32596146)|HEAP_ALLOCATE|[166]|Bytes:32
11:40:05.0 (32613375)|ENTERING_MANAGED_PKG|
11:40:05.0 (32617440)|HEAP_ALLOCATE|[166]|Bytes:18
11:40:05.0 (32641037)|ENTERING_MANAGED_PKG|
11:40:05.0 (32654137)|HEAP_ALLOCATE|[166]|Bytes:19
11:40:05.0 (32673035)|CONSTRUCTOR_ENTRY|[166]|01p36000005Jpvx|<init>(String,String,String,String,String,String,String)
11:40:05.0 (32677888)|VARIABLE_SCOPE_BEGIN|[1031]|this|shiva15testns.PermissionSetPortalControllers.PermissionSetClass|true|false
11:40:05.0 (32701082)|VARIABLE_ASSIGNMENT|[1031]|this|{}|0x51abbed8
11:40:05.0 (32703887)|VARIABLE_SCOPE_BEGIN|[1031]|label|String|false|false
11:40:05.0 (32708837)|VARIABLE_ASSIGNMENT|[1031]|label|"Permission_Set_Name"
11:40:05.0 (32710645)|VARIABLE_SCOPE_BEGIN|[1031]|apiName|String|false|false
11:40:05.0 (32713546)|VARIABLE_ASSIGNMENT|[1031]|apiName|"Permission_Set_Name"
11:40:05.0 (32715218)|VARIABLE_SCOPE_BEGIN|[1031]|id|String|false|false
11:40:05.0 (32718141)|VARIABLE_ASSIGNMENT|[1031]|id|"0PS360000015WSaGAM"
11:40:05.0 (32719675)|VARIABLE_SCOPE_BEGIN|[1031]|description|String|false|false
11:40:05.0 (32723310)|VARIABLE_ASSIGNMENT|[1031]|description|"Permission Set Descr (11 more) ..."
11:40:05.0 (32725286)|VARIABLE_SCOPE_BEGIN|[1031]|namespacePrefix|String|false|false
11:40:05.0 (32728042)|VARIABLE_ASSIGNMENT|[1031]|namespacePrefix|"shiva15testns"
11:40:05.0 (32729680)|VARIABLE_SCOPE_BEGIN|[1031]|userLicenseId|String|false|false
11:40:05.0 (32732308)|VARIABLE_ASSIGNMENT|[1031]|userLicenseId|null
11:40:05.0 (32733868)|VARIABLE_SCOPE_BEGIN|[1031]|createdDate|String|false|false
11:40:05.0 (32736715)|VARIABLE_ASSIGNMENT|[1031]|createdDate|"2016-04-28 11:12:07"
11:40:05.0 (32739584)|STATEMENT_EXECUTE|[1014]
11:40:05.0 (32740793)|STATEMENT_EXECUTE|[1017]
11:40:05.0 (32742112)|STATEMENT_EXECUTE|[1019]
11:40:05.0 (32743124)|STATEMENT_EXECUTE|[1021]
11:40:05.0 (32744107)|STATEMENT_EXECUTE|[1023]
11:40:05.0 (32745117)|STATEMENT_EXECUTE|[1025]
11:40:05.0 (32746119)|STATEMENT_EXECUTE|[1027]
11:40:05.0 (32747183)|STATEMENT_EXECUTE|[1029]
11:40:05.0 (32758072)|STATEMENT_EXECUTE|[1032]
11:40:05.0 (32759601)|STATEMENT_EXECUTE|[1033]
11:40:05.0 (32783276)|VARIABLE_ASSIGNMENT|[EXTERNAL]|this|{}|0x51abbed8
11:40:05.0 (32789490)|VARIABLE_ASSIGNMENT|[EXTERNAL]|value|"Permission_Set_Name"
11:40:05.0 (32797631)|VARIABLE_ASSIGNMENT|[1017]|this.label|"Permission_Set_Name"|0x51abbed8
11:40:05.0 (32804163)|STATEMENT_EXECUTE|[1034]
11:40:05.0 (32827344)|VARIABLE_ASSIGNMENT|[EXTERNAL]|this|{"label":"Permission_Set_Name"}|0x51abbed8
11:40:05.0 (32832529)|VARIABLE_ASSIGNMENT|[EXTERNAL]|value|"Permission_Set_Name"
11:40:05.0 (32839190)|VARIABLE_ASSIGNMENT|[1019]|this.apiName|"Permission_Set_Name"|0x51abbed8
11:40:05.0 (32845442)|STATEMENT_EXECUTE|[1035]
11:40:05.0 (32868895)|VARIABLE_ASSIGNMENT|[EXTERNAL]|this|{"apiName":"Permission_Set_Name","label":"Permission_Set_Name"}|0x51abbed8
11:40:05.0 (32874147)|VARIABLE_ASSIGNMENT|[EXTERNAL]|value|"0PS360000015WSaGAM"
11:40:05.0 (32880733)|VARIABLE_ASSIGNMENT|[1021]|this.id|"0PS360000015WSaGAM"|0x51abbed8
11:40:05.0 (32886973)|STATEMENT_EXECUTE|[1036]
11:40:05.0 (32910824)|VARIABLE_ASSIGNMENT|[EXTERNAL]|this|{"apiName":"Permission_Set_Name","id":"0PS360000015WSaGAM","label":"Permission_Set_Name"}|0x51abbed8
11:40:05.0 (32917013)|VARIABLE_ASSIGNMENT|[EXTERNAL]|value|"Permission Set Descr (11 more) ..."
11:40:05.0 (32924693)|VARIABLE_ASSIGNMENT|[1023]|this.description|"Permission Set Descr (11 more) ..."|0x51abbed8
11:40:05.0 (32931256)|STATEMENT_EXECUTE|[1037]
11:40:05.0 (32956457)|VARIABLE_ASSIGNMENT|[EXTERNAL]|this|{"apiName":"Permission_Set_Name","description":"Permission Set Descr (11 more) ...","id":"0PS360000015WSaGAM","label":"Permission_Set_Name"}|0x51abbed8
11:40:05.0 (32961986)|VARIABLE_ASSIGNMENT|[EXTERNAL]|value|"shiva15testns"
11:40:05.0 (32968552)|VARIABLE_ASSIGNMENT|[1025]|this.namespacePrefix|"shiva15testns"|0x51abbed8
11:40:05.0 (32980591)|STATEMENT_EXECUTE|[1038]
11:40:05.0 (33008987)|VARIABLE_ASSIGNMENT|[EXTERNAL]|this|{"apiName":"Permission_Set_Name","description":"Permission Set Descr (11 more) ...","id":"0PS360000015WSaGAM","label":"Permission_Set_Name","namespacePrefix":"shiva15testns"}|0x51abbed8
11:40:05.0 (33015799)|VARIABLE_ASSIGNMENT|[EXTERNAL]|value|null
11:40:05.0 (33023072)|VARIABLE_ASSIGNMENT|[1027]|this.userLicenseId|null|0x51abbed8
11:40:05.0 (33029762)|STATEMENT_EXECUTE|[1039]
11:40:05.0 (33056469)|VARIABLE_ASSIGNMENT|[EXTERNAL]|this|{"apiName":"Permission_Set_Name","description":"Permission Set Descr (11 more) ...","id":"0PS360000015WSaGAM","label":"Permission_Set_Name","namespacePrefix":"shiva15testns"}|0x51abbed8
11:40:05.0 (33062218)|VARIABLE_ASSIGNMENT|[EXTERNAL]|value|"2016-04-28 11:12:07"
11:40:05.0 (33068881)|VARIABLE_ASSIGNMENT|[1029]|this.createdDate|"2016-04-28 11:12:07"|0x51abbed8
11:40:05.0 (33082273)|CONSTRUCTOR_EXIT|[166]|01p36000005Jpvx|<init>(String,String,String,String,String,String,String)
11:40:05.0 (33106772)|VARIABLE_ASSIGNMENT|[166]|pSetObj|{"apiName":"Permission_Set_Name","createdDate":"2016-04-28 11:12:07","description":"Permission Set Descr (11 more) ...","id":"0PS360000015WSaGAM","label":"Permission_Set_Name","namespacePrefix":"shiva15testns"}|0x51abbed8
11:40:05.0 (33110804)|STATEMENT_EXECUTE|[167]
11:40:05.0 (33122742)|ENTERING_MANAGED_PKG|
11:40:05.0 (33127543)|HEAP_ALLOCATE|[EXTERNAL]|Bytes:4
11:40:05.0 (33133572)|STATEMENT_EXECUTE|[168]
11:40:05.0 (33147252)|ENTERING_MANAGED_PKG|
11:40:05.0 (33191248)|HEAP_ALLOCATE|[168]|Bytes:233
11:40:05.0 (33208611)|HEAP_ALLOCATE|[168]|Bytes:257
11:40:05.0 (33220995)|ENTERING_MANAGED_PKG|
11:40:05.0 (33227362)|USER_DEBUG|[168]|ERROR|The PermissionSet Name: PermissionSet:{Id=0PS360000015WSaGAM, Label=Permission_Set_Name, Name=Permission_Set_Name, Description=Permission Set Description Test, NamespacePrefix=shiva15testns, UserLicenseId=10036000000eSpyAAE, CreatedDate=2016-04-28 18:12:07}
11:40:05.0 (33242741)|HEAP_ALLOCATE|[162]|Bytes:5
11:40:05.0 (33255429)|VARIABLE_ASSIGNMENT|[162]|PSetName|null|
11:40:05.0 (33259288)|STATEMENT_EXECUTE|[171]
11:40:05.0 (33277044)|SYSTEM_MODE_EXIT|false
11:40:05.33 (33321123)|CUMULATIVE_LIMIT_USAGE
11:40:05.33 (33321123)|LIMIT_USAGE_FOR_NS|(default)|
  Number of SOQL queries: 0 out of 100
  Number of query rows: 0 out of 50000
  Number of SOSL queries: 0 out of 20
  Number of DML statements: 0 out of 150
  Number of DML rows: 0 out of 10000
  Maximum CPU time: 0 out of 10000
  Maximum heap size: 0 out of 6000000
  Number of callouts: 0 out of 100
  Number of Email Invocations: 0 out of 10
  Number of future calls: 0 out of 50
  Number of queueable jobs added to the queue: 0 out of 50
  Number of Mobile Apex push calls: 0 out of 10

11:40:05.33 (33321123)|LIMIT_USAGE_FOR_NS|shiva15testns|
  Number of SOQL queries: 1 out of 100
  Number of query rows: 42 out of 50000
  Number of SOSL queries: 0 out of 20
  Number of DML statements: 0 out of 150
  Number of DML rows: 0 out of 10000
  Maximum CPU time: 0 out of 10000
  Maximum heap size: 0 out of 6000000
  Number of callouts: 0 out of 100
  Number of Email Invocations: 0 out of 10
  Number of future calls: 0 out of 50
  Number of queueable jobs added to the queue: 0 out of 50
  Number of Mobile Apex push calls: 0 out of 10

11:40:05.33 (33321123)|CUMULATIVE_LIMIT_USAGE_END

11:40:05.0 (33370629)|CODE_UNIT_FINISHED|PermissionSetPortalControllers.getAllPermissionSets
11:40:05.0 (35992971)|EXECUTION_FINISHED
11:40:05.39 (39315341)|EXECUTION_STARTED
11:40:05.39 (39325128)|CODE_UNIT_STARTED|[EXTERNAL]|Aura
11:40:05.39 (39369539)|CODE_UNIT_FINISHED|Aura
11:40:05.39 (40842678)|EXECUTION_FINISHED
11:40:05.42 (42112843)|EXECUTION_STARTED
11:40:05.42 (42119798)|CODE_UNIT_STARTED|[EXTERNAL]|Aura
11:40:05.42 (42157748)|CODE_UNIT_FINISHED|Aura
11:40:05.42 (43703354)|EXECUTION_FINISHED
11:40:05.45 (45284097)|EXECUTION_STARTED
11:40:05.45 (45291046)|CODE_UNIT_STARTED|[EXTERNAL]|Aura
11:40:05.45 (45328839)|CODE_UNIT_FINISHED|Aura
11:40:05.45 (47257887)|EXECUTION_FINISHED
11:40:05.48 (48849499)|EXECUTION_STARTED
11:40:05.48 (48856390)|CODE_UNIT_STARTED|[EXTERNAL]|Aura
11:40:05.48 (48893049)|CODE_UNIT_FINISHED|Aura
11:40:05.48 (50650004)|EXECUTION_FINISHED
11:40:05.52 (52464198)|EXECUTION_STARTED
11:40:05.52 (52471146)|CODE_UNIT_STARTED|[EXTERNAL]|Aura
11:40:05.52 (52509159)|CODE_UNIT_FINISHED|Aura
11:40:05.52 (53851926)|EXECUTION_FINISHED
11:40:05.55 (55197472)|EXECUTION_STARTED
11:40:05.55 (55215168)|CODE_UNIT_STARTED|[EXTERNAL]|Aura
11:40:05.55 (55295038)|CODE_UNIT_FINISHED|Aura
11:40:05.55 (56541717)|EXECUTION_FINISHED
