36.0 APEX_CODE,FINEST;APEX_PROFILING,INFO;CALLOUT,INFO;DB,INFO;SYSTEM,DEBUG;VALIDATION,INFO;VISUALFORCE,INFO;WORKFLOW,INFO
11:17:29.0 (442422)|EXECUTION_STARTED
11:17:29.0 (470411)|CODE_UNIT_STARTED|[EXTERNAL]|01p36000005Jpvx|PermissionSetPortalControllers.getAllPermissionSets
11:17:29.0 (1210052)|VARIABLE_SCOPE_BEGIN|[2]|PermissionSetPortalControllers.AllObjectsofOrg|Map<String,Schema.SObjectType>|true|true
11:17:29.0 (1225361)|VARIABLE_SCOPE_BEGIN|[3]|PermissionSetPortalControllers.AllPermissionSets|List<PermissionSet>|true|true
11:17:29.0 (1249657)|VARIABLE_SCOPE_BEGIN|[4]|PermissionSetPortalControllers.inputField|String|false|true
11:17:29.0 (1379047)|HEAP_ALLOCATE|[72]|Bytes:3
11:17:29.0 (1423782)|HEAP_ALLOCATE|[77]|Bytes:152
11:17:29.0 (1443302)|HEAP_ALLOCATE|[342]|Bytes:408
11:17:29.0 (1464384)|HEAP_ALLOCATE|[355]|Bytes:408
11:17:29.0 (1483248)|HEAP_ALLOCATE|[467]|Bytes:48
11:17:29.0 (1524535)|HEAP_ALLOCATE|[139]|Bytes:6
11:17:29.0 (1549672)|HEAP_ALLOCATE|[EXTERNAL]|Bytes:88
11:17:29.0 (1555895)|HEAP_ALLOCATE|[EXTERNAL]|Bytes:6
11:17:29.0 (1559264)|HEAP_ALLOCATE|[EXTERNAL]|Bytes:5
11:17:29.0 (1576028)|METHOD_ENTRY|[1]|01p36000005Jpvx|PermissionSetPortalControllers.PermissionSetPortalControllers()
11:17:29.0 (1579533)|STATEMENT_EXECUTE|[1]
11:17:29.0 (1584468)|STATEMENT_EXECUTE|[1]
11:17:29.0 (1616794)|HEAP_ALLOCATE|[50]|Bytes:5
11:17:29.0 (1638065)|HEAP_ALLOCATE|[56]|Bytes:5
11:17:29.0 (1647161)|HEAP_ALLOCATE|[64]|Bytes:7
11:17:29.0 (1672875)|SYSTEM_MODE_ENTER|false
11:17:29.0 (1689032)|HEAP_ALLOCATE|[EXTERNAL]|Bytes:5
11:17:29.0 (1697216)|SYSTEM_MODE_EXIT|false
11:17:29.0 (1713696)|METHOD_EXIT|[1]|PermissionSetPortalControllers
11:17:29.0 (1724089)|SYSTEM_MODE_ENTER|false
11:17:29.0 (1737352)|HEAP_ALLOCATE|[8]|Bytes:5
11:17:29.0 (1741306)|STATEMENT_EXECUTE|[7]
11:17:29.0 (1742865)|STATEMENT_EXECUTE|[8]
11:17:29.0 (1746777)|HEAP_ALLOCATE|[8]|Bytes:34
11:17:29.0 (1755669)|HEAP_ALLOCATE|[8]|Bytes:4
11:17:29.0 (2866194)|SOQL_EXECUTE_BEGIN|[8]|Aggregations:0|SELECT Id, Name FROM PermissionSet
11:17:29.0 (6629165)|SOQL_EXECUTE_END|[8]|Rows:36
11:17:29.0 (6651498)|HEAP_ALLOCATE|[8]|Bytes:148
11:17:29.0 (6711631)|HEAP_ALLOCATE|[8]|Bytes:2125
11:17:29.0 (6758798)|HEAP_ALLOCATE|[8]|Bytes:148
11:17:29.0 (6836208)|VARIABLE_ASSIGNMENT|[8]|PermissionSetPortalControllers.AllPermissionSets|{"s":1,"v":"List of size 36 too large to display"}|0x7896c859
11:17:29.0 (6930663)|ENTERING_MANAGED_PKG|
11:17:29.0 (6960019)|STATEMENT_EXECUTE|[9]
11:17:29.0 (6973896)|ENTERING_MANAGED_PKG|
11:17:29.0 (7174902)|HEAP_ALLOCATE|[10]|Bytes:5
11:17:29.0 (7213366)|HEAP_ALLOCATE|[10]|Bytes:12
11:17:29.0 (7242993)|VARIABLE_SCOPE_BEGIN|[10]|PSetName|PermissionSet|true|false
11:17:29.0 (7271748)|VARIABLE_ASSIGNMENT|[10]|PSetName|{"s":1,"v":{"Id":"0PS36000000mmnFGAQ","Name":"X00e1a000000MWa8AAG"}}|0x730ed398
11:17:29.0 (7278368)|STATEMENT_EXECUTE|[10]
11:17:29.0 (7280646)|STATEMENT_EXECUTE|[11]
11:17:29.0 (7452351)|HEAP_ALLOCATE|[11]|Bytes:24
11:17:29.0 (7482494)|ENTERING_MANAGED_PKG|
11:17:29.0 (7538110)|HEAP_ALLOCATE|[11]|Bytes:63
11:17:29.0 (7558124)|HEAP_ALLOCATE|[11]|Bytes:87
11:17:29.0 (7581193)|ENTERING_MANAGED_PKG|
11:17:29.0 (7602156)|USER_DEBUG|[11]|ERROR|The PermissionSet Name: PermissionSet:{Id=0PS36000000mmnFGAQ, Name=X00e1a000000MWa8AAG}
11:17:29.0 (7619827)|HEAP_ALLOCATE|[10]|Bytes:5
11:17:29.0 (7643113)|HEAP_ALLOCATE|[10]|Bytes:12
11:17:29.0 (7651544)|VARIABLE_SCOPE_BEGIN|[10]|PSetName|PermissionSet|true|false
11:17:29.0 (7669713)|VARIABLE_ASSIGNMENT|[10]|PSetName|{"s":1,"v":{"Id":"0PS36000000mmnGGAQ","Name":"X00ex00000018ozl_128 (11 more) ..."}}|0x29e22bf1
11:17:29.0 (7674168)|STATEMENT_EXECUTE|[10]
11:17:29.0 (7675585)|STATEMENT_EXECUTE|[11]
11:17:29.0 (7692933)|ENTERING_MANAGED_PKG|
11:17:29.0 (7739504)|HEAP_ALLOCATE|[11]|Bytes:75
11:17:29.0 (7755242)|HEAP_ALLOCATE|[11]|Bytes:99
11:17:29.0 (7767403)|ENTERING_MANAGED_PKG|
11:17:29.0 (7782157)|USER_DEBUG|[11]|ERROR|The PermissionSet Name: PermissionSet:{Id=0PS36000000mmnGGAQ, Name=X00ex00000018ozl_128_09_04_12_5}
11:17:29.0 (7798746)|HEAP_ALLOCATE|[10]|Bytes:5
11:17:29.0 (7820791)|HEAP_ALLOCATE|[10]|Bytes:12
11:17:29.0 (7828731)|VARIABLE_SCOPE_BEGIN|[10]|PSetName|PermissionSet|true|false
11:17:29.0 (7845867)|VARIABLE_ASSIGNMENT|[10]|PSetName|{"s":1,"v":{"Id":"0PS36000000mmnHGAQ","Name":"X00ex00000018ozm_128 (11 more) ..."}}|0x3db02aae
11:17:29.0 (7849570)|STATEMENT_EXECUTE|[10]
11:17:29.0 (7850884)|STATEMENT_EXECUTE|[11]
11:17:29.0 (7867228)|ENTERING_MANAGED_PKG|
11:17:29.0 (7889612)|HEAP_ALLOCATE|[11]|Bytes:75
11:17:29.0 (7902216)|HEAP_ALLOCATE|[11]|Bytes:99
11:17:29.0 (7913377)|ENTERING_MANAGED_PKG|
11:17:29.0 (7927199)|USER_DEBUG|[11]|ERROR|The PermissionSet Name: PermissionSet:{Id=0PS36000000mmnHGAQ, Name=X00ex00000018ozm_128_09_04_12_6}
11:17:29.0 (7943221)|HEAP_ALLOCATE|[10]|Bytes:5
11:17:29.0 (7964660)|HEAP_ALLOCATE|[10]|Bytes:12
11:17:29.0 (7972474)|VARIABLE_SCOPE_BEGIN|[10]|PSetName|PermissionSet|true|false
11:17:29.0 (7988417)|VARIABLE_ASSIGNMENT|[10]|PSetName|{"s":1,"v":{"Id":"0PS36000000mmnIGAQ","Name":"X00ex00000018ozk_128 (11 more) ..."}}|0x37b4fa1
11:17:29.0 (7992139)|STATEMENT_EXECUTE|[10]
11:17:29.0 (7993402)|STATEMENT_EXECUTE|[11]
11:17:29.0 (8008915)|ENTERING_MANAGED_PKG|
11:17:29.0 (8031593)|HEAP_ALLOCATE|[11]|Bytes:75
11:17:29.0 (8044077)|HEAP_ALLOCATE|[11]|Bytes:99
11:17:29.0 (8055022)|ENTERING_MANAGED_PKG|
11:17:29.0 (8068601)|USER_DEBUG|[11]|ERROR|The PermissionSet Name: PermissionSet:{Id=0PS36000000mmnIGAQ, Name=X00ex00000018ozk_128_09_04_12_4}
11:17:29.0 (8084446)|HEAP_ALLOCATE|[10]|Bytes:5
11:17:29.0 (8105145)|HEAP_ALLOCATE|[10]|Bytes:12
11:17:29.0 (8112767)|VARIABLE_SCOPE_BEGIN|[10]|PSetName|PermissionSet|true|false
11:17:29.0 (8128459)|VARIABLE_ASSIGNMENT|[10]|PSetName|{"s":1,"v":{"Id":"0PS36000000mmnJGAQ","Name":"X00ex00000018ozj_128 (11 more) ..."}}|0x66cde45
11:17:29.0 (8132420)|STATEMENT_EXECUTE|[10]
11:17:29.0 (8133610)|STATEMENT_EXECUTE|[11]
11:17:29.0 (8149086)|ENTERING_MANAGED_PKG|
11:17:29.0 (8170650)|HEAP_ALLOCATE|[11]|Bytes:75
11:17:29.0 (8183022)|HEAP_ALLOCATE|[11]|Bytes:99
11:17:29.0 (8193783)|ENTERING_MANAGED_PKG|
11:17:29.0 (8207227)|USER_DEBUG|[11]|ERROR|The PermissionSet Name: PermissionSet:{Id=0PS36000000mmnJGAQ, Name=X00ex00000018ozj_128_09_04_12_3}
11:17:29.0 (8222607)|HEAP_ALLOCATE|[10]|Bytes:5
11:17:29.0 (8243184)|HEAP_ALLOCATE|[10]|Bytes:12
11:17:29.0 (8265400)|VARIABLE_SCOPE_BEGIN|[10]|PSetName|PermissionSet|true|false
11:17:29.0 (8283193)|VARIABLE_ASSIGNMENT|[10]|PSetName|{"s":1,"v":{"Id":"0PS36000000mmnKGAQ","Name":"X00ex00000018ozo_128 (11 more) ..."}}|0x3ee9c0da
11:17:29.0 (8287047)|STATEMENT_EXECUTE|[10]
11:17:29.0 (8288251)|STATEMENT_EXECUTE|[11]
11:17:29.0 (8304739)|ENTERING_MANAGED_PKG|
11:17:29.0 (8326263)|HEAP_ALLOCATE|[11]|Bytes:75
11:17:29.0 (8339665)|HEAP_ALLOCATE|[11]|Bytes:99
11:17:29.0 (8350806)|ENTERING_MANAGED_PKG|
11:17:29.0 (8364544)|USER_DEBUG|[11]|ERROR|The PermissionSet Name: PermissionSet:{Id=0PS36000000mmnKGAQ, Name=X00ex00000018ozo_128_09_04_12_8}
11:17:29.0 (8380136)|HEAP_ALLOCATE|[10]|Bytes:5
11:17:29.0 (8401297)|HEAP_ALLOCATE|[10]|Bytes:12
11:17:29.0 (8419711)|VARIABLE_SCOPE_BEGIN|[10]|PSetName|PermissionSet|true|false
11:17:29.0 (8443288)|VARIABLE_ASSIGNMENT|[10]|PSetName|{"s":1,"v":{"Id":"0PS36000000mmnLGAQ","Name":"X00ex00000018ozh_128 (11 more) ..."}}|0x23078f3
11:17:29.0 (8449688)|STATEMENT_EXECUTE|[10]
11:17:29.0 (8451688)|STATEMENT_EXECUTE|[11]
11:17:29.0 (8476309)|ENTERING_MANAGED_PKG|
11:17:29.0 (8511248)|HEAP_ALLOCATE|[11]|Bytes:75
11:17:29.0 (8526666)|HEAP_ALLOCATE|[11]|Bytes:99
11:17:29.0 (8538501)|ENTERING_MANAGED_PKG|
11:17:29.0 (8552956)|USER_DEBUG|[11]|ERROR|The PermissionSet Name: PermissionSet:{Id=0PS36000000mmnLGAQ, Name=X00ex00000018ozh_128_09_04_12_1}
11:17:29.0 (8568858)|HEAP_ALLOCATE|[10]|Bytes:5
11:17:29.0 (8590891)|HEAP_ALLOCATE|[10]|Bytes:12
11:17:29.0 (8598540)|VARIABLE_SCOPE_BEGIN|[10]|PSetName|PermissionSet|true|false
11:17:29.0 (8618695)|VARIABLE_ASSIGNMENT|[10]|PSetName|{"s":1,"v":{"Id":"0PS36000000mmnMGAQ","Name":"X00ex00000018ozq_128 (12 more) ..."}}|0x5b6f3953
11:17:29.0 (8623473)|STATEMENT_EXECUTE|[10]
11:17:29.0 (8624686)|STATEMENT_EXECUTE|[11]
11:17:29.0 (8641238)|ENTERING_MANAGED_PKG|
11:17:29.0 (8662632)|HEAP_ALLOCATE|[11]|Bytes:76
11:17:29.0 (8675438)|HEAP_ALLOCATE|[11]|Bytes:100
11:17:29.0 (8686751)|ENTERING_MANAGED_PKG|
11:17:29.0 (8702661)|USER_DEBUG|[11]|ERROR|The PermissionSet Name: PermissionSet:{Id=0PS36000000mmnMGAQ, Name=X00ex00000018ozq_128_09_04_12_10}
11:17:29.0 (8720441)|HEAP_ALLOCATE|[10]|Bytes:5
11:17:29.0 (8741422)|HEAP_ALLOCATE|[10]|Bytes:12
11:17:29.0 (8749010)|VARIABLE_SCOPE_BEGIN|[10]|PSetName|PermissionSet|true|false
11:17:29.0 (8764678)|VARIABLE_ASSIGNMENT|[10]|PSetName|{"s":1,"v":{"Id":"0PS36000000mmnNGAQ","Name":"X00ex00000018ozp_128 (11 more) ..."}}|0x3b915a8d
11:17:29.0 (8768474)|STATEMENT_EXECUTE|[10]
11:17:29.0 (8769793)|STATEMENT_EXECUTE|[11]
11:17:29.0 (8799768)|ENTERING_MANAGED_PKG|
11:17:29.0 (8822552)|HEAP_ALLOCATE|[11]|Bytes:75
11:17:29.0 (8836066)|HEAP_ALLOCATE|[11]|Bytes:99
11:17:29.0 (8847008)|ENTERING_MANAGED_PKG|
11:17:29.0 (8860548)|USER_DEBUG|[11]|ERROR|The PermissionSet Name: PermissionSet:{Id=0PS36000000mmnNGAQ, Name=X00ex00000018ozp_128_09_04_12_9}
11:17:29.0 (8875961)|HEAP_ALLOCATE|[10]|Bytes:5
11:17:29.0 (8896874)|HEAP_ALLOCATE|[10]|Bytes:12
11:17:29.0 (8904373)|VARIABLE_SCOPE_BEGIN|[10]|PSetName|PermissionSet|true|false
11:17:29.0 (8919747)|VARIABLE_ASSIGNMENT|[10]|PSetName|{"s":1,"v":{"Id":"0PS36000000mmnOGAQ","Name":"X00ex00000018ozn_128 (11 more) ..."}}|0x4b0ea235
11:17:29.0 (8923216)|STATEMENT_EXECUTE|[10]
11:17:29.0 (8924405)|STATEMENT_EXECUTE|[11]
11:17:29.0 (8956308)|ENTERING_MANAGED_PKG|
11:17:29.0 (8992131)|HEAP_ALLOCATE|[11]|Bytes:75
11:17:29.0 (9015549)|HEAP_ALLOCATE|[11]|Bytes:99
11:17:29.0 (9033205)|ENTERING_MANAGED_PKG|
11:17:29.0 (9047486)|USER_DEBUG|[11]|ERROR|The PermissionSet Name: PermissionSet:{Id=0PS36000000mmnOGAQ, Name=X00ex00000018ozn_128_09_04_12_7}
11:17:29.0 (9063900)|HEAP_ALLOCATE|[10]|Bytes:5
11:17:29.0 (9085727)|HEAP_ALLOCATE|[10]|Bytes:12
11:17:29.0 (9093363)|VARIABLE_SCOPE_BEGIN|[10]|PSetName|PermissionSet|true|false
11:17:29.0 (9108822)|VARIABLE_ASSIGNMENT|[10]|PSetName|{"s":1,"v":{"Id":"0PS36000000mmnPGAQ","Name":"X00e1a000000MWa9AAG"}}|0x4a78bc47
11:17:29.0 (9112303)|STATEMENT_EXECUTE|[10]
11:17:29.0 (9113557)|STATEMENT_EXECUTE|[11]
11:17:29.0 (9129110)|ENTERING_MANAGED_PKG|
11:17:29.0 (9150724)|HEAP_ALLOCATE|[11]|Bytes:63
11:17:29.0 (9163232)|HEAP_ALLOCATE|[11]|Bytes:87
11:17:29.0 (9174043)|ENTERING_MANAGED_PKG|
11:17:29.0 (9187504)|USER_DEBUG|[11]|ERROR|The PermissionSet Name: PermissionSet:{Id=0PS36000000mmnPGAQ, Name=X00e1a000000MWa9AAG}
11:17:29.0 (9202640)|HEAP_ALLOCATE|[10]|Bytes:5
11:17:29.0 (9223253)|HEAP_ALLOCATE|[10]|Bytes:12
11:17:29.0 (9230599)|VARIABLE_SCOPE_BEGIN|[10]|PSetName|PermissionSet|true|false
11:17:29.0 (9245184)|VARIABLE_ASSIGNMENT|[10]|PSetName|{"s":1,"v":{"Id":"0PS36000000mmnQGAQ","Name":"X00e1a000000MWaBAAW"}}|0x68ffa1fa
11:17:29.0 (9248768)|STATEMENT_EXECUTE|[10]
11:17:29.0 (9250004)|STATEMENT_EXECUTE|[11]
11:17:29.0 (9265262)|ENTERING_MANAGED_PKG|
11:17:29.0 (9286607)|HEAP_ALLOCATE|[11]|Bytes:63
11:17:29.0 (9299022)|HEAP_ALLOCATE|[11]|Bytes:87
11:17:29.0 (9309801)|ENTERING_MANAGED_PKG|
11:17:29.0 (9322919)|USER_DEBUG|[11]|ERROR|The PermissionSet Name: PermissionSet:{Id=0PS36000000mmnQGAQ, Name=X00e1a000000MWaBAAW}
11:17:29.0 (9337867)|HEAP_ALLOCATE|[10]|Bytes:5
11:17:29.0 (9358300)|HEAP_ALLOCATE|[10]|Bytes:12
11:17:29.0 (9365599)|VARIABLE_SCOPE_BEGIN|[10]|PSetName|PermissionSet|true|false
11:17:29.0 (9380004)|VARIABLE_ASSIGNMENT|[10]|PSetName|{"s":1,"v":{"Id":"0PS36000000mmnRGAQ","Name":"X00e1a000000MWaCAAW"}}|0x590bcb5a
11:17:29.0 (9383283)|STATEMENT_EXECUTE|[10]
11:17:29.0 (9384485)|STATEMENT_EXECUTE|[11]
11:17:29.0 (9399630)|ENTERING_MANAGED_PKG|
11:17:29.0 (9442502)|HEAP_ALLOCATE|[11]|Bytes:63
11:17:29.0 (9466769)|HEAP_ALLOCATE|[11]|Bytes:87
11:17:29.0 (9491113)|ENTERING_MANAGED_PKG|
11:17:29.0 (9508701)|USER_DEBUG|[11]|ERROR|The PermissionSet Name: PermissionSet:{Id=0PS36000000mmnRGAQ, Name=X00e1a000000MWaCAAW}
11:17:29.0 (9526255)|HEAP_ALLOCATE|[10]|Bytes:5
11:17:29.0 (9547955)|HEAP_ALLOCATE|[10]|Bytes:12
11:17:29.0 (9555697)|VARIABLE_SCOPE_BEGIN|[10]|PSetName|PermissionSet|true|false
11:17:29.0 (9570670)|VARIABLE_ASSIGNMENT|[10]|PSetName|{"s":1,"v":{"Id":"0PS36000000mmnSGAQ","Name":"X00e1a000000MWaDAAW"}}|0x672ad544
11:17:29.0 (9574109)|STATEMENT_EXECUTE|[10]
11:17:29.0 (9575382)|STATEMENT_EXECUTE|[11]
11:17:29.0 (9591194)|ENTERING_MANAGED_PKG|
11:17:29.0 (9612511)|HEAP_ALLOCATE|[11]|Bytes:63
11:17:29.0 (9625070)|HEAP_ALLOCATE|[11]|Bytes:87
11:17:29.0 (9635758)|ENTERING_MANAGED_PKG|
11:17:29.0 (9649213)|USER_DEBUG|[11]|ERROR|The PermissionSet Name: PermissionSet:{Id=0PS36000000mmnSGAQ, Name=X00e1a000000MWaDAAW}
11:17:29.0 (9664343)|HEAP_ALLOCATE|[10]|Bytes:5
11:17:29.0 (9684655)|HEAP_ALLOCATE|[10]|Bytes:12
11:17:29.0 (9692386)|VARIABLE_SCOPE_BEGIN|[10]|PSetName|PermissionSet|true|false
11:17:29.0 (9709381)|VARIABLE_ASSIGNMENT|[10]|PSetName|{"s":1,"v":{"Id":"0PS36000000mmnTGAQ","Name":"X00e1a000000MWaEAAW"}}|0x68bfc762
11:17:29.0 (9713038)|STATEMENT_EXECUTE|[10]
11:17:29.0 (9714232)|STATEMENT_EXECUTE|[11]
11:17:29.0 (9729844)|ENTERING_MANAGED_PKG|
11:17:29.0 (9751072)|HEAP_ALLOCATE|[11]|Bytes:63
11:17:29.0 (9763380)|HEAP_ALLOCATE|[11]|Bytes:87
11:17:29.0 (9773765)|ENTERING_MANAGED_PKG|
11:17:29.0 (9787192)|USER_DEBUG|[11]|ERROR|The PermissionSet Name: PermissionSet:{Id=0PS36000000mmnTGAQ, Name=X00e1a000000MWaEAAW}
11:17:29.0 (9802143)|HEAP_ALLOCATE|[10]|Bytes:5
11:17:29.0 (9822839)|HEAP_ALLOCATE|[10]|Bytes:12
11:17:29.0 (9830150)|VARIABLE_SCOPE_BEGIN|[10]|PSetName|PermissionSet|true|false
11:17:29.0 (9844538)|VARIABLE_ASSIGNMENT|[10]|PSetName|{"s":1,"v":{"Id":"0PS36000000mmnUGAQ","Name":"X00e1a000000MWaFAAW"}}|0x7d5a4bfe
11:17:29.0 (9847935)|STATEMENT_EXECUTE|[10]
11:17:29.0 (9849125)|STATEMENT_EXECUTE|[11]
11:17:29.0 (9864589)|ENTERING_MANAGED_PKG|
11:17:29.0 (9900231)|HEAP_ALLOCATE|[11]|Bytes:63
11:17:29.0 (9914303)|HEAP_ALLOCATE|[11]|Bytes:87
11:17:29.0 (9925450)|ENTERING_MANAGED_PKG|
11:17:29.0 (9939038)|USER_DEBUG|[11]|ERROR|The PermissionSet Name: PermissionSet:{Id=0PS36000000mmnUGAQ, Name=X00e1a000000MWaFAAW}
11:17:29.0 (9954354)|HEAP_ALLOCATE|[10]|Bytes:5
11:17:29.0 (9975303)|HEAP_ALLOCATE|[10]|Bytes:12
11:17:29.0 (9982680)|VARIABLE_SCOPE_BEGIN|[10]|PSetName|PermissionSet|true|false
11:17:29.0 (9996733)|VARIABLE_ASSIGNMENT|[10]|PSetName|{"s":1,"v":{"Id":"0PS36000000mmnVGAQ","Name":"X00e1a000000MWaGAAW"}}|0x7a0c0e14
11:17:29.0 (10000083)|STATEMENT_EXECUTE|[10]
11:17:29.0 (10002344)|STATEMENT_EXECUTE|[11]
11:17:29.0 (10017513)|ENTERING_MANAGED_PKG|
11:17:29.0 (10038626)|HEAP_ALLOCATE|[11]|Bytes:63
11:17:29.0 (10051197)|HEAP_ALLOCATE|[11]|Bytes:87
11:17:29.0 (10061759)|ENTERING_MANAGED_PKG|
11:17:29.0 (10075035)|USER_DEBUG|[11]|ERROR|The PermissionSet Name: PermissionSet:{Id=0PS36000000mmnVGAQ, Name=X00e1a000000MWaGAAW}
11:17:29.0 (10090399)|HEAP_ALLOCATE|[10]|Bytes:5
11:17:29.0 (10111494)|HEAP_ALLOCATE|[10]|Bytes:12
11:17:29.0 (10118927)|VARIABLE_SCOPE_BEGIN|[10]|PSetName|PermissionSet|true|false
11:17:29.0 (10133392)|VARIABLE_ASSIGNMENT|[10]|PSetName|{"s":1,"v":{"Id":"0PS36000000mmnWGAQ","Name":"X00e1a000000MWaHAAW"}}|0x4bbd74e4
11:17:29.0 (10136777)|STATEMENT_EXECUTE|[10]
11:17:29.0 (10137920)|STATEMENT_EXECUTE|[11]
11:17:29.0 (10152934)|ENTERING_MANAGED_PKG|
11:17:29.0 (10173966)|HEAP_ALLOCATE|[11]|Bytes:63
11:17:29.0 (10186539)|HEAP_ALLOCATE|[11]|Bytes:87
11:17:29.0 (10196948)|ENTERING_MANAGED_PKG|
11:17:29.0 (10210239)|USER_DEBUG|[11]|ERROR|The PermissionSet Name: PermissionSet:{Id=0PS36000000mmnWGAQ, Name=X00e1a000000MWaHAAW}
11:17:29.0 (10225472)|HEAP_ALLOCATE|[10]|Bytes:5
11:17:29.0 (10246193)|HEAP_ALLOCATE|[10]|Bytes:12
11:17:29.0 (10253552)|VARIABLE_SCOPE_BEGIN|[10]|PSetName|PermissionSet|true|false
11:17:29.0 (10268159)|VARIABLE_ASSIGNMENT|[10]|PSetName|{"s":1,"v":{"Id":"0PS36000000mmnXGAQ","Name":"X00e1a000000MWaIAAW"}}|0x5daf2e26
11:17:29.0 (10271644)|STATEMENT_EXECUTE|[10]
11:17:29.0 (10272932)|STATEMENT_EXECUTE|[11]
11:17:29.0 (10287957)|ENTERING_MANAGED_PKG|
11:17:29.0 (10309232)|HEAP_ALLOCATE|[11]|Bytes:63
11:17:29.0 (10321540)|HEAP_ALLOCATE|[11]|Bytes:87
11:17:29.0 (10332001)|ENTERING_MANAGED_PKG|
11:17:29.0 (10345135)|USER_DEBUG|[11]|ERROR|The PermissionSet Name: PermissionSet:{Id=0PS36000000mmnXGAQ, Name=X00e1a000000MWaIAAW}
11:17:29.0 (10359863)|HEAP_ALLOCATE|[10]|Bytes:5
11:17:29.0 (10403060)|HEAP_ALLOCATE|[10]|Bytes:12
11:17:29.0 (10416920)|VARIABLE_SCOPE_BEGIN|[10]|PSetName|PermissionSet|true|false
11:17:29.0 (10438504)|VARIABLE_ASSIGNMENT|[10]|PSetName|{"s":1,"v":{"Id":"0PS36000000mmnYGAQ","Name":"X00e1a000000MWaJAAW"}}|0x72058bd6
11:17:29.0 (10443583)|STATEMENT_EXECUTE|[10]
11:17:29.0 (10444852)|STATEMENT_EXECUTE|[11]
11:17:29.0 (10462014)|ENTERING_MANAGED_PKG|
11:17:29.0 (10484266)|HEAP_ALLOCATE|[11]|Bytes:63
11:17:29.0 (10502689)|HEAP_ALLOCATE|[11]|Bytes:87
11:17:29.0 (10513700)|ENTERING_MANAGED_PKG|
11:17:29.0 (10527847)|USER_DEBUG|[11]|ERROR|The PermissionSet Name: PermissionSet:{Id=0PS36000000mmnYGAQ, Name=X00e1a000000MWaJAAW}
11:17:29.0 (10543445)|HEAP_ALLOCATE|[10]|Bytes:5
11:17:29.0 (10565042)|HEAP_ALLOCATE|[10]|Bytes:12
11:17:29.0 (10572566)|VARIABLE_SCOPE_BEGIN|[10]|PSetName|PermissionSet|true|false
11:17:29.0 (10586985)|VARIABLE_ASSIGNMENT|[10]|PSetName|{"s":1,"v":{"Id":"0PS36000000mmnZGAQ","Name":"X00e1a000000MWaKAAW"}}|0x6863572c
11:17:29.0 (10590254)|STATEMENT_EXECUTE|[10]
11:17:29.0 (10591471)|STATEMENT_EXECUTE|[11]
11:17:29.0 (10606769)|ENTERING_MANAGED_PKG|
11:17:29.0 (10628112)|HEAP_ALLOCATE|[11]|Bytes:63
11:17:29.0 (10640432)|HEAP_ALLOCATE|[11]|Bytes:87
11:17:29.0 (10651048)|ENTERING_MANAGED_PKG|
11:17:29.0 (10664496)|USER_DEBUG|[11]|ERROR|The PermissionSet Name: PermissionSet:{Id=0PS36000000mmnZGAQ, Name=X00e1a000000MWaKAAW}
11:17:29.0 (10679541)|HEAP_ALLOCATE|[10]|Bytes:5
11:17:29.0 (10701965)|HEAP_ALLOCATE|[10]|Bytes:12
11:17:29.0 (10710788)|VARIABLE_SCOPE_BEGIN|[10]|PSetName|PermissionSet|true|false
11:17:29.0 (10725959)|VARIABLE_ASSIGNMENT|[10]|PSetName|{"s":1,"v":{"Id":"0PS36000000mmnaGAA","Name":"X00e1a000000MWaLAAW"}}|0x48d91490
11:17:29.0 (10729129)|STATEMENT_EXECUTE|[10]
11:17:29.0 (10730311)|STATEMENT_EXECUTE|[11]
11:17:29.0 (10745668)|ENTERING_MANAGED_PKG|
11:17:29.0 (10766818)|HEAP_ALLOCATE|[11]|Bytes:63
11:17:29.0 (10779376)|HEAP_ALLOCATE|[11]|Bytes:87
11:17:29.0 (10789902)|ENTERING_MANAGED_PKG|
11:17:29.0 (10803197)|USER_DEBUG|[11]|ERROR|The PermissionSet Name: PermissionSet:{Id=0PS36000000mmnaGAA, Name=X00e1a000000MWaLAAW}
11:17:29.0 (10818176)|HEAP_ALLOCATE|[10]|Bytes:5
11:17:29.0 (10839094)|HEAP_ALLOCATE|[10]|Bytes:12
11:17:29.0 (10846579)|VARIABLE_SCOPE_BEGIN|[10]|PSetName|PermissionSet|true|false
11:17:29.0 (10860701)|VARIABLE_ASSIGNMENT|[10]|PSetName|{"s":1,"v":{"Id":"0PS36000000mmnbGAA","Name":"X00e1a000000MWaMAAW"}}|0x6ca3cdb3
11:17:29.0 (10863942)|STATEMENT_EXECUTE|[10]
11:17:29.0 (10865137)|STATEMENT_EXECUTE|[11]
11:17:29.0 (10880069)|ENTERING_MANAGED_PKG|
11:17:29.0 (10901342)|HEAP_ALLOCATE|[11]|Bytes:63
11:17:29.0 (10913724)|HEAP_ALLOCATE|[11]|Bytes:87
11:17:29.0 (10924133)|ENTERING_MANAGED_PKG|
11:17:29.0 (10937244)|USER_DEBUG|[11]|ERROR|The PermissionSet Name: PermissionSet:{Id=0PS36000000mmnbGAA, Name=X00e1a000000MWaMAAW}
11:17:29.0 (10968782)|HEAP_ALLOCATE|[10]|Bytes:5
11:17:29.0 (11004160)|HEAP_ALLOCATE|[10]|Bytes:12
11:17:29.0 (11019106)|VARIABLE_SCOPE_BEGIN|[10]|PSetName|PermissionSet|true|false
11:17:29.0 (11039564)|VARIABLE_ASSIGNMENT|[10]|PSetName|{"s":1,"v":{"Id":"0PS36000000mmncGAA","Name":"X00e1a000000MWaNAAW"}}|0x32a6a0ca
11:17:29.0 (11044303)|STATEMENT_EXECUTE|[10]
11:17:29.0 (11045660)|STATEMENT_EXECUTE|[11]
11:17:29.0 (11062537)|ENTERING_MANAGED_PKG|
11:17:29.0 (11084717)|HEAP_ALLOCATE|[11]|Bytes:63
11:17:29.0 (11097641)|HEAP_ALLOCATE|[11]|Bytes:87
11:17:29.0 (11108306)|ENTERING_MANAGED_PKG|
11:17:29.0 (11122233)|USER_DEBUG|[11]|ERROR|The PermissionSet Name: PermissionSet:{Id=0PS36000000mmncGAA, Name=X00e1a000000MWaNAAW}
11:17:29.0 (11138031)|HEAP_ALLOCATE|[10]|Bytes:5
11:17:29.0 (11159344)|HEAP_ALLOCATE|[10]|Bytes:12
11:17:29.0 (11166930)|VARIABLE_SCOPE_BEGIN|[10]|PSetName|PermissionSet|true|false
11:17:29.0 (11182228)|VARIABLE_ASSIGNMENT|[10]|PSetName|{"s":1,"v":{"Id":"0PS36000000mmndGAA","Name":"X00e1a000000MWaOAAW"}}|0x400e4b85
11:17:29.0 (11185491)|STATEMENT_EXECUTE|[10]
11:17:29.0 (11186707)|STATEMENT_EXECUTE|[11]
11:17:29.0 (11201868)|ENTERING_MANAGED_PKG|
11:17:29.0 (11222909)|HEAP_ALLOCATE|[11]|Bytes:63
11:17:29.0 (11235318)|HEAP_ALLOCATE|[11]|Bytes:87
11:17:29.0 (11245929)|ENTERING_MANAGED_PKG|
11:17:29.0 (11259081)|USER_DEBUG|[11]|ERROR|The PermissionSet Name: PermissionSet:{Id=0PS36000000mmndGAA, Name=X00e1a000000MWaOAAW}
11:17:29.0 (11274095)|HEAP_ALLOCATE|[10]|Bytes:5
11:17:29.0 (11294643)|HEAP_ALLOCATE|[10]|Bytes:12
11:17:29.0 (11302029)|VARIABLE_SCOPE_BEGIN|[10]|PSetName|PermissionSet|true|false
11:17:29.0 (11316698)|VARIABLE_ASSIGNMENT|[10]|PSetName|{"s":1,"v":{"Id":"0PS36000000mmneGAA","Name":"X00e1a000000MWaPAAW"}}|0x4073aa80
11:17:29.0 (11320201)|STATEMENT_EXECUTE|[10]
11:17:29.0 (11321442)|STATEMENT_EXECUTE|[11]
11:17:29.0 (11336571)|ENTERING_MANAGED_PKG|
11:17:29.0 (11357538)|HEAP_ALLOCATE|[11]|Bytes:63
11:17:29.0 (11369720)|HEAP_ALLOCATE|[11]|Bytes:87
11:17:29.0 (11380160)|ENTERING_MANAGED_PKG|
11:17:29.0 (11393359)|USER_DEBUG|[11]|ERROR|The PermissionSet Name: PermissionSet:{Id=0PS36000000mmneGAA, Name=X00e1a000000MWaPAAW}
11:17:29.0 (11408245)|HEAP_ALLOCATE|[10]|Bytes:5
11:17:29.0 (11450610)|HEAP_ALLOCATE|[10]|Bytes:12
11:17:29.0 (11469095)|VARIABLE_SCOPE_BEGIN|[10]|PSetName|PermissionSet|true|false
11:17:29.0 (11498152)|VARIABLE_ASSIGNMENT|[10]|PSetName|{"s":1,"v":{"Id":"0PS36000000mmnfGAA","Name":"X00e1a000000MWaQAAW"}}|0x32cf3968
11:17:29.0 (11505240)|STATEMENT_EXECUTE|[10]
11:17:29.0 (11507163)|STATEMENT_EXECUTE|[11]
11:17:29.0 (11531916)|ENTERING_MANAGED_PKG|
11:17:29.0 (11561381)|HEAP_ALLOCATE|[11]|Bytes:63
11:17:29.0 (11576179)|HEAP_ALLOCATE|[11]|Bytes:87
11:17:29.0 (11587720)|ENTERING_MANAGED_PKG|
11:17:29.0 (11602127)|USER_DEBUG|[11]|ERROR|The PermissionSet Name: PermissionSet:{Id=0PS36000000mmnfGAA, Name=X00e1a000000MWaQAAW}
11:17:29.0 (11617964)|HEAP_ALLOCATE|[10]|Bytes:5
11:17:29.0 (11639331)|HEAP_ALLOCATE|[10]|Bytes:12
11:17:29.0 (11646924)|VARIABLE_SCOPE_BEGIN|[10]|PSetName|PermissionSet|true|false
11:17:29.0 (11661732)|VARIABLE_ASSIGNMENT|[10]|PSetName|{"s":1,"v":{"Id":"0PS36000000mmngGAA","Name":"X00e1a000000MWaRAAW"}}|0x35686f0b
11:17:29.0 (11664948)|STATEMENT_EXECUTE|[10]
11:17:29.0 (11666123)|STATEMENT_EXECUTE|[11]
11:17:29.0 (11681602)|ENTERING_MANAGED_PKG|
11:17:29.0 (11706563)|HEAP_ALLOCATE|[11]|Bytes:63
11:17:29.0 (11720371)|HEAP_ALLOCATE|[11]|Bytes:87
11:17:29.0 (11731453)|ENTERING_MANAGED_PKG|
11:17:29.0 (11744952)|USER_DEBUG|[11]|ERROR|The PermissionSet Name: PermissionSet:{Id=0PS36000000mmngGAA, Name=X00e1a000000MWaRAAW}
11:17:29.0 (11760087)|HEAP_ALLOCATE|[10]|Bytes:5
11:17:29.0 (11780673)|HEAP_ALLOCATE|[10]|Bytes:12
11:17:29.0 (11788166)|VARIABLE_SCOPE_BEGIN|[10]|PSetName|PermissionSet|true|false
11:17:29.0 (11802963)|VARIABLE_ASSIGNMENT|[10]|PSetName|{"s":1,"v":{"Id":"0PS36000000mmnhGAA","Name":"X00e1a000000MWaSAAW"}}|0x7085840
11:17:29.0 (11806177)|STATEMENT_EXECUTE|[10]
11:17:29.0 (11807381)|STATEMENT_EXECUTE|[11]
11:17:29.0 (11822551)|ENTERING_MANAGED_PKG|
11:17:29.0 (11843558)|HEAP_ALLOCATE|[11]|Bytes:63
11:17:29.0 (11855856)|HEAP_ALLOCATE|[11]|Bytes:87
11:17:29.0 (11866253)|ENTERING_MANAGED_PKG|
11:17:29.0 (11879703)|USER_DEBUG|[11]|ERROR|The PermissionSet Name: PermissionSet:{Id=0PS36000000mmnhGAA, Name=X00e1a000000MWaSAAW}
11:17:29.0 (11894622)|HEAP_ALLOCATE|[10]|Bytes:5
11:17:29.0 (11915232)|HEAP_ALLOCATE|[10]|Bytes:12
11:17:29.0 (11922647)|VARIABLE_SCOPE_BEGIN|[10]|PSetName|PermissionSet|true|false
11:17:29.0 (11937024)|VARIABLE_ASSIGNMENT|[10]|PSetName|{"s":1,"v":{"Id":"0PS36000000mmniGAA","Name":"X00e1a000000MWaTAAW"}}|0x5af2d58b
11:17:29.0 (11940343)|STATEMENT_EXECUTE|[10]
11:17:29.0 (11941527)|STATEMENT_EXECUTE|[11]
11:17:29.0 (11956615)|ENTERING_MANAGED_PKG|
11:17:29.0 (11977597)|HEAP_ALLOCATE|[11]|Bytes:63
11:17:29.0 (11990330)|HEAP_ALLOCATE|[11]|Bytes:87
11:17:29.0 (12016012)|ENTERING_MANAGED_PKG|
11:17:29.0 (12038012)|USER_DEBUG|[11]|ERROR|The PermissionSet Name: PermissionSet:{Id=0PS36000000mmniGAA, Name=X00e1a000000MWaTAAW}
11:17:29.0 (12064102)|HEAP_ALLOCATE|[10]|Bytes:5
11:17:29.0 (12096732)|HEAP_ALLOCATE|[10]|Bytes:12
11:17:29.0 (12106299)|VARIABLE_SCOPE_BEGIN|[10]|PSetName|PermissionSet|true|false
11:17:29.0 (12121514)|VARIABLE_ASSIGNMENT|[10]|PSetName|{"s":1,"v":{"Id":"0PS36000000mmnjGAA","Name":"X00e1a000000MWaUAAW"}}|0x11bdb3c4
11:17:29.0 (12124917)|STATEMENT_EXECUTE|[10]
11:17:29.0 (12126243)|STATEMENT_EXECUTE|[11]
11:17:29.0 (12142378)|ENTERING_MANAGED_PKG|
11:17:29.0 (12164240)|HEAP_ALLOCATE|[11]|Bytes:63
11:17:29.0 (12176799)|HEAP_ALLOCATE|[11]|Bytes:87
11:17:29.0 (12187726)|ENTERING_MANAGED_PKG|
11:17:29.0 (12201518)|USER_DEBUG|[11]|ERROR|The PermissionSet Name: PermissionSet:{Id=0PS36000000mmnjGAA, Name=X00e1a000000MWaUAAW}
11:17:29.0 (12216545)|HEAP_ALLOCATE|[10]|Bytes:5
11:17:29.0 (12237708)|HEAP_ALLOCATE|[10]|Bytes:12
11:17:29.0 (12245198)|VARIABLE_SCOPE_BEGIN|[10]|PSetName|PermissionSet|true|false
11:17:29.0 (12259649)|VARIABLE_ASSIGNMENT|[10]|PSetName|{"s":1,"v":{"Id":"0PS36000000mmnlGAA","Name":"X00e1a000000N1LRAA0"}}|0x67db86cf
11:17:29.0 (12262828)|STATEMENT_EXECUTE|[10]
11:17:29.0 (12264040)|STATEMENT_EXECUTE|[11]
11:17:29.0 (12279324)|ENTERING_MANAGED_PKG|
11:17:29.0 (12300264)|HEAP_ALLOCATE|[11]|Bytes:63
11:17:29.0 (12312505)|HEAP_ALLOCATE|[11]|Bytes:87
11:17:29.0 (12323040)|ENTERING_MANAGED_PKG|
11:17:29.0 (12336309)|USER_DEBUG|[11]|ERROR|The PermissionSet Name: PermissionSet:{Id=0PS36000000mmnlGAA, Name=X00e1a000000N1LRAA0}
11:17:29.0 (12351227)|HEAP_ALLOCATE|[10]|Bytes:5
11:17:29.0 (12371846)|HEAP_ALLOCATE|[10]|Bytes:12
11:17:29.0 (12379435)|VARIABLE_SCOPE_BEGIN|[10]|PSetName|PermissionSet|true|false
11:17:29.0 (12393880)|VARIABLE_ASSIGNMENT|[10]|PSetName|{"s":1,"v":{"Id":"0PS36000000mmnmGAA","Name":"X00e1a000000N1LSAA0"}}|0x2254082c
11:17:29.0 (12397247)|STATEMENT_EXECUTE|[10]
11:17:29.0 (12398871)|STATEMENT_EXECUTE|[11]
11:17:29.0 (12425810)|ENTERING_MANAGED_PKG|
11:17:29.0 (12461697)|HEAP_ALLOCATE|[11]|Bytes:63
11:17:29.0 (12485099)|HEAP_ALLOCATE|[11]|Bytes:87
11:17:29.0 (12508608)|ENTERING_MANAGED_PKG|
11:17:29.0 (12523118)|USER_DEBUG|[11]|ERROR|The PermissionSet Name: PermissionSet:{Id=0PS36000000mmnmGAA, Name=X00e1a000000N1LSAA0}
11:17:29.0 (12539036)|HEAP_ALLOCATE|[10]|Bytes:5
11:17:29.0 (12560613)|HEAP_ALLOCATE|[10]|Bytes:12
11:17:29.0 (12568282)|VARIABLE_SCOPE_BEGIN|[10]|PSetName|PermissionSet|true|false
11:17:29.0 (12583361)|VARIABLE_ASSIGNMENT|[10]|PSetName|{"s":1,"v":{"Id":"0PS36000000mmnnGAA","Name":"X00e1a000000N1wKAAS"}}|0x6e46cf60
11:17:29.0 (12587036)|STATEMENT_EXECUTE|[10]
11:17:29.0 (12588235)|STATEMENT_EXECUTE|[11]
11:17:29.0 (12603932)|ENTERING_MANAGED_PKG|
11:17:29.0 (12625252)|HEAP_ALLOCATE|[11]|Bytes:63
11:17:29.0 (12637538)|HEAP_ALLOCATE|[11]|Bytes:87
11:17:29.0 (12647952)|ENTERING_MANAGED_PKG|
11:17:29.0 (12661087)|USER_DEBUG|[11]|ERROR|The PermissionSet Name: PermissionSet:{Id=0PS36000000mmnnGAA, Name=X00e1a000000N1wKAAS}
11:17:29.0 (12676569)|HEAP_ALLOCATE|[10]|Bytes:5
11:17:29.0 (12698097)|HEAP_ALLOCATE|[10]|Bytes:12
11:17:29.0 (12707743)|VARIABLE_SCOPE_BEGIN|[10]|PSetName|PermissionSet|true|false
11:17:29.0 (12722495)|VARIABLE_ASSIGNMENT|[10]|PSetName|{"s":1,"v":{"Id":"0PS36000000mmnoGAA","Name":"X00e1a000000N1wLAAS"}}|0x121962ff
11:17:29.0 (12725687)|STATEMENT_EXECUTE|[10]
11:17:29.0 (12726995)|STATEMENT_EXECUTE|[11]
11:17:29.0 (12742627)|ENTERING_MANAGED_PKG|
11:17:29.0 (12764041)|HEAP_ALLOCATE|[11]|Bytes:63
11:17:29.0 (12776452)|HEAP_ALLOCATE|[11]|Bytes:87
11:17:29.0 (12786996)|ENTERING_MANAGED_PKG|
11:17:29.0 (12800306)|USER_DEBUG|[11]|ERROR|The PermissionSet Name: PermissionSet:{Id=0PS36000000mmnoGAA, Name=X00e1a000000N1wLAAS}
11:17:29.0 (12815457)|HEAP_ALLOCATE|[10]|Bytes:5
11:17:29.0 (12836418)|HEAP_ALLOCATE|[10]|Bytes:12
11:17:29.0 (12843823)|VARIABLE_SCOPE_BEGIN|[10]|PSetName|PermissionSet|true|false
11:17:29.0 (12858219)|VARIABLE_ASSIGNMENT|[10]|PSetName|{"s":1,"v":{"Id":"0PS36000000mmnqGAA","Name":"X00e1a000000MWaAAAW"}}|0x29cf638d
11:17:29.0 (12861571)|STATEMENT_EXECUTE|[10]
11:17:29.0 (12862847)|STATEMENT_EXECUTE|[11]
11:17:29.0 (12877864)|ENTERING_MANAGED_PKG|
11:17:29.0 (12898704)|HEAP_ALLOCATE|[11]|Bytes:63
11:17:29.0 (12911137)|HEAP_ALLOCATE|[11]|Bytes:87
11:17:29.0 (12921582)|ENTERING_MANAGED_PKG|
11:17:29.0 (12934824)|USER_DEBUG|[11]|ERROR|The PermissionSet Name: PermissionSet:{Id=0PS36000000mmnqGAA, Name=X00e1a000000MWaAAAW}
11:17:29.0 (12949946)|HEAP_ALLOCATE|[10]|Bytes:5
11:17:29.0 (12961634)|VARIABLE_ASSIGNMENT|[10]|PSetName|null|
11:17:29.0 (12964750)|STATEMENT_EXECUTE|[14]
11:17:29.0 (12976825)|SYSTEM_MODE_EXIT|false
11:17:29.13 (13038996)|CUMULATIVE_LIMIT_USAGE
11:17:29.13 (13038996)|LIMIT_USAGE_FOR_NS|(default)|
  Number of SOQL queries: 0 out of 100
  Number of query rows: 0 out of 50000
  Number of SOSL queries: 0 out of 20
  Number of DML statements: 0 out of 150
  Number of DML rows: 0 out of 10000
  Maximum CPU time: 0 out of 10000
  Maximum heap size: 0 out of 6000000
  Number of callouts: 0 out of 100
  Number of Email Invocations: 0 out of 10
  Number of future calls: 0 out of 50
  Number of queueable jobs added to the queue: 0 out of 50
  Number of Mobile Apex push calls: 0 out of 10

11:17:29.13 (13038996)|LIMIT_USAGE_FOR_NS|shiva15testns|
  Number of SOQL queries: 1 out of 100
  Number of query rows: 36 out of 50000
  Number of SOSL queries: 0 out of 20
  Number of DML statements: 0 out of 150
  Number of DML rows: 0 out of 10000
  Maximum CPU time: 0 out of 10000
  Maximum heap size: 0 out of 6000000
  Number of callouts: 0 out of 100
  Number of Email Invocations: 0 out of 10
  Number of future calls: 0 out of 50
  Number of queueable jobs added to the queue: 0 out of 50
  Number of Mobile Apex push calls: 0 out of 10

11:17:29.13 (13038996)|CUMULATIVE_LIMIT_USAGE_END

11:17:29.0 (13103669)|CODE_UNIT_FINISHED|PermissionSetPortalControllers.getAllPermissionSets
11:17:29.0 (15177547)|EXECUTION_FINISHED
