36.0 APEX_CODE,FINEST;APEX_PROFILING,INFO;CALLOUT,INFO;DB,INFO;SYSTEM,DEBUG;VALIDATION,INFO;VISUALFORCE,INFO;WORKFLOW,INFO
11:10:27.0 (625096)|EXECUTION_STARTED
11:10:27.0 (666341)|CODE_UNIT_STARTED|[EXTERNAL]|01p36000005Jpvx|PermissionSetPortalControllers.getAllPermissionSets
11:10:27.0 (1610799)|HEAP_ALLOCATE|[72]|Bytes:3
11:10:27.0 (1673472)|HEAP_ALLOCATE|[77]|Bytes:152
11:10:27.0 (1693887)|HEAP_ALLOCATE|[342]|Bytes:408
11:10:27.0 (1714343)|HEAP_ALLOCATE|[355]|Bytes:408
11:10:27.0 (1733034)|HEAP_ALLOCATE|[467]|Bytes:48
11:10:27.0 (1772425)|HEAP_ALLOCATE|[139]|Bytes:6
11:10:27.0 (1809843)|VARIABLE_SCOPE_BEGIN|[3]|PermissionSetPortalControllers.AllPermissionSets|List<PermissionSet>|true|true
11:10:27.0 (1938716)|VARIABLE_SCOPE_BEGIN|[10]|PermissionSetPortalControllers.accountField|Set<String>|true|true
11:10:27.0 (1942760)|VARIABLE_SCOPE_BEGIN|[5]|PermissionSetPortalControllers.allObjectsOfOrg|List<shiva15testns.PermissionSetPortalControllers.ObjectDetailsClass>|true|true
11:10:27.0 (1947246)|VARIABLE_SCOPE_BEGIN|[9]|PermissionSetPortalControllers.contactsField|Set<String>|true|true
11:10:27.0 (1950003)|VARIABLE_SCOPE_BEGIN|[7]|PermissionSetPortalControllers.isNotSystemSObjectList|Set<String>|true|true
11:10:27.0 (2033165)|HEAP_ALLOCATE|[EXTERNAL]|Bytes:168
11:10:27.0 (2040999)|HEAP_ALLOCATE|[EXTERNAL]|Bytes:76
11:10:27.0 (2045229)|HEAP_ALLOCATE|[EXTERNAL]|Bytes:310
11:10:27.0 (2276428)|METHOD_ENTRY|[1]|01p36000005Jpvx|PermissionSetPortalControllers.PermissionSetPortalControllers()
11:10:27.0 (2282297)|STATEMENT_EXECUTE|[1]
11:10:27.0 (2289002)|STATEMENT_EXECUTE|[1]
11:10:27.0 (2326427)|HEAP_ALLOCATE|[50]|Bytes:5
11:10:27.0 (2351480)|HEAP_ALLOCATE|[56]|Bytes:5
11:10:27.0 (2360238)|HEAP_ALLOCATE|[64]|Bytes:7
11:10:27.0 (2388584)|SYSTEM_MODE_ENTER|false
11:10:27.0 (2406865)|HEAP_ALLOCATE|[9]|Bytes:5
11:10:27.0 (2410993)|STATEMENT_EXECUTE|[9]
11:10:27.0 (2419293)|HEAP_ALLOCATE|[9]|Bytes:4
11:10:27.0 (2466445)|ENTERING_MANAGED_PKG|
11:10:27.0 (2610117)|VARIABLE_ASSIGNMENT|[9]|PermissionSetPortalControllers.contactsField|{"s":1,"v":[]}|0x3710cbe3
11:10:27.0 (2615315)|STATEMENT_EXECUTE|[10]
11:10:27.0 (2621051)|HEAP_ALLOCATE|[10]|Bytes:4
11:10:27.0 (2634697)|ENTERING_MANAGED_PKG|
11:10:27.0 (2669920)|VARIABLE_ASSIGNMENT|[10]|PermissionSetPortalControllers.accountField|{"s":1,"v":[]}|0x72688271
11:10:27.0 (2674096)|STATEMENT_EXECUTE|[1010]
11:10:27.0 (2675726)|STATEMENT_EXECUTE|[1039]
11:10:27.0 (2676868)|STATEMENT_EXECUTE|[1067]
11:10:27.0 (2678400)|STATEMENT_EXECUTE|[1096]
11:10:27.0 (2679464)|STATEMENT_EXECUTE|[1112]
11:10:27.0 (2680588)|STATEMENT_EXECUTE|[1129]
11:10:27.0 (2681694)|STATEMENT_EXECUTE|[1140]
11:10:27.0 (2682863)|STATEMENT_EXECUTE|[1145]
11:10:27.0 (2691668)|SYSTEM_MODE_EXIT|false
11:10:27.0 (2702357)|METHOD_EXIT|[1]|PermissionSetPortalControllers
11:10:27.0 (2711421)|SYSTEM_MODE_ENTER|false
11:10:27.0 (2725498)|HEAP_ALLOCATE|[157]|Bytes:5
11:10:27.0 (2729342)|STATEMENT_EXECUTE|[156]
11:10:27.0 (2730702)|STATEMENT_EXECUTE|[157]
11:10:27.0 (2731840)|STATEMENT_EXECUTE|[157]
11:10:27.0 (2732941)|STATEMENT_EXECUTE|[158]
11:10:27.0 (2736002)|HEAP_ALLOCATE|[158]|Bytes:99
11:10:27.0 (2746409)|HEAP_ALLOCATE|[158]|Bytes:4
11:10:27.0 (4066591)|SOQL_EXECUTE_BEGIN|[158]|Aggregations:0|SELECT Id, label, Name, Description, NamespacePrefix, UserLicenseId, CreatedDate FROM PermissionSet
11:10:27.0 (8259792)|SOQL_EXECUTE_END|[158]|Rows:41
11:10:27.0 (8280033)|HEAP_ALLOCATE|[158]|Bytes:168
11:10:27.0 (8378469)|HEAP_ALLOCATE|[158]|Bytes:7208
11:10:27.0 (8422267)|HEAP_ALLOCATE|[158]|Bytes:168
11:10:27.0 (8457729)|VARIABLE_ASSIGNMENT|[158]|PermissionSetPortalControllers.AllPermissionSets|{"s":1,"v":"List of size 41 too large to display"}|0x39edf256
11:10:27.0 (8545679)|ENTERING_MANAGED_PKG|
11:10:27.0 (8581835)|STATEMENT_EXECUTE|[159]
11:10:27.0 (8584402)|STATEMENT_EXECUTE|[160]
11:10:27.0 (8661394)|VARIABLE_SCOPE_BEGIN|[160]|pSetObj|shiva15testns.PermissionSetPortalControllers.PermissionSetClass|true|false
11:10:27.0 (8674554)|VARIABLE_ASSIGNMENT|[160]|pSetObj|null|
11:10:27.0 (8676994)|STATEMENT_EXECUTE|[161]
11:10:27.0 (8700540)|HEAP_ALLOCATE|[161]|Bytes:4
11:10:27.0 (8747664)|ENTERING_MANAGED_PKG|
11:10:27.0 (8767149)|VARIABLE_SCOPE_BEGIN|[161]|permissionSetsLst|List<shiva15testns.PermissionSetPortalControllers.PermissionSetClass>|true|false
11:10:27.0 (8794739)|HEAP_ALLOCATE|[EXTERNAL]|Bytes:4
11:10:27.0 (8808956)|VARIABLE_ASSIGNMENT|[161]|permissionSetsLst|{"s":1,"v":[]}|0x4baf0f04
11:10:27.0 (8826032)|ENTERING_MANAGED_PKG|
11:10:27.0 (9042684)|HEAP_ALLOCATE|[162]|Bytes:5
11:10:27.0 (9109065)|HEAP_ALLOCATE|[162]|Bytes:28
11:10:27.0 (9123136)|VARIABLE_SCOPE_BEGIN|[162]|PSetName|PermissionSet|true|false
11:10:27.0 (9175549)|VARIABLE_ASSIGNMENT|[162]|PSetName|{"s":1,"v":{"Id":"0PS36000000KFvSGAW","Label":"random","Name":"random","NamespacePrefix":"shiva15testns","UserLicenseId":"10036000000eSpyAAE","CreatedDate":"2016-04-26T00:59:56.000Z"}}|0x673d0ef7
11:10:27.0 (9181007)|STATEMENT_EXECUTE|[162]
11:10:27.0 (9209408)|HEAP_ALLOCATE|[163]|Bytes:3
11:10:27.0 (9245982)|ENTERING_MANAGED_PKG|
11:10:27.0 (9277516)|STATEMENT_EXECUTE|[163]
11:10:27.0 (9279851)|STATEMENT_EXECUTE|[166]
11:10:27.0 (9286021)|HEAP_ALLOCATE|[166]|Bytes:240
11:10:27.0 (9291648)|HEAP_ALLOCATE|[166]|Bytes:39
11:10:27.0 (9298597)|HEAP_ALLOCATE|[166]|Bytes:32
11:10:27.0 (9350047)|ENTERING_MANAGED_PKG|
11:10:27.0 (9375835)|HEAP_ALLOCATE|[166]|Bytes:18
11:10:27.0 (9438640)|ENTERING_MANAGED_PKG|
11:10:27.0 (9482735)|HEAP_ALLOCATE|[166]|Bytes:19
11:10:27.0 (9513458)|CONSTRUCTOR_ENTRY|[166]|01p36000005Jpvx|<init>(String,String,String,String,String,String,String)
11:10:27.0 (9521301)|VARIABLE_SCOPE_BEGIN|[1027]|this|shiva15testns.PermissionSetPortalControllers.PermissionSetClass|true|false
11:10:27.0 (9560841)|VARIABLE_ASSIGNMENT|[1027]|this|{}|0x3e812cae
11:10:27.0 (9564734)|VARIABLE_SCOPE_BEGIN|[1027]|label|String|false|false
11:10:27.0 (9569764)|VARIABLE_ASSIGNMENT|[1027]|label|"random"
11:10:27.0 (9572406)|VARIABLE_SCOPE_BEGIN|[1027]|apiName|String|false|false
11:10:27.0 (9575528)|VARIABLE_ASSIGNMENT|[1027]|apiName|"random"
11:10:27.0 (9577460)|VARIABLE_SCOPE_BEGIN|[1027]|id|String|false|false
11:10:27.0 (9580759)|VARIABLE_ASSIGNMENT|[1027]|id|"0PS36000000KFvSGAW"
11:10:27.0 (9583080)|VARIABLE_SCOPE_BEGIN|[1027]|description|String|false|false
11:10:27.0 (9585982)|VARIABLE_ASSIGNMENT|[1027]|description|null
11:10:27.0 (9587852)|VARIABLE_SCOPE_BEGIN|[1027]|namespacePrefix|String|false|false
11:10:27.0 (9591171)|VARIABLE_ASSIGNMENT|[1027]|namespacePrefix|"shiva15testns"
11:10:27.0 (9593456)|VARIABLE_SCOPE_BEGIN|[1027]|userLicenseId|String|false|false
11:10:27.0 (9595869)|VARIABLE_ASSIGNMENT|[1027]|userLicenseId|null
11:10:27.0 (9597867)|VARIABLE_SCOPE_BEGIN|[1027]|createdDate|String|false|false
11:10:27.0 (9601043)|VARIABLE_ASSIGNMENT|[1027]|createdDate|"2016-04-25 17:59:56"
11:10:27.0 (9604644)|STATEMENT_EXECUTE|[1010]
11:10:27.0 (9606331)|STATEMENT_EXECUTE|[1013]
11:10:27.0 (9607913)|STATEMENT_EXECUTE|[1015]
11:10:27.0 (9609248)|STATEMENT_EXECUTE|[1017]
11:10:27.0 (9610384)|STATEMENT_EXECUTE|[1019]
11:10:27.0 (9611658)|STATEMENT_EXECUTE|[1021]
11:10:27.0 (9612866)|STATEMENT_EXECUTE|[1023]
11:10:27.0 (9613842)|STATEMENT_EXECUTE|[1025]
11:10:27.0 (9622122)|HEAP_ALLOCATE|[1029]|Bytes:6
11:10:27.0 (9651140)|STATEMENT_EXECUTE|[1028]
11:10:27.0 (9653267)|STATEMENT_EXECUTE|[1029]
11:10:27.0 (9706992)|VARIABLE_ASSIGNMENT|[EXTERNAL]|this|{}|0x3e812cae
11:10:27.0 (9713932)|VARIABLE_ASSIGNMENT|[EXTERNAL]|value|"random"
11:10:27.0 (9725589)|VARIABLE_ASSIGNMENT|[1013]|this.label|"random"|0x3e812cae
11:10:27.0 (9733530)|STATEMENT_EXECUTE|[1030]
11:10:27.0 (9770795)|VARIABLE_ASSIGNMENT|[EXTERNAL]|this|{"label":"random"}|0x3e812cae
11:10:27.0 (9776805)|VARIABLE_ASSIGNMENT|[EXTERNAL]|value|"random"
11:10:27.0 (9784772)|VARIABLE_ASSIGNMENT|[1015]|this.apiName|"random"|0x3e812cae
11:10:27.0 (9791585)|STATEMENT_EXECUTE|[1031]
11:10:27.0 (9827250)|VARIABLE_ASSIGNMENT|[EXTERNAL]|this|{"apiName":"random","label":"random"}|0x3e812cae
11:10:27.0 (9833667)|VARIABLE_ASSIGNMENT|[EXTERNAL]|value|"0PS36000000KFvSGAW"
11:10:27.0 (9841778)|VARIABLE_ASSIGNMENT|[1017]|this.id|"0PS36000000KFvSGAW"|0x3e812cae
11:10:27.0 (9848917)|STATEMENT_EXECUTE|[1032]
11:10:27.0 (9885197)|VARIABLE_ASSIGNMENT|[EXTERNAL]|this|{"apiName":"random","id":"0PS36000000KFvSGAW","label":"random"}|0x3e812cae
11:10:27.0 (9891059)|VARIABLE_ASSIGNMENT|[EXTERNAL]|value|null
11:10:27.0 (9898226)|VARIABLE_ASSIGNMENT|[1019]|this.description|null|0x3e812cae
11:10:27.0 (9904778)|STATEMENT_EXECUTE|[1033]
11:10:27.0 (9940547)|VARIABLE_ASSIGNMENT|[EXTERNAL]|this|{"apiName":"random","id":"0PS36000000KFvSGAW","label":"random"}|0x3e812cae
11:10:27.0 (9946759)|VARIABLE_ASSIGNMENT|[EXTERNAL]|value|"shiva15testns"
11:10:27.0 (9954511)|VARIABLE_ASSIGNMENT|[1021]|this.namespacePrefix|"shiva15testns"|0x3e812cae
11:10:27.0 (9961240)|STATEMENT_EXECUTE|[1034]
11:10:27.0 (9996702)|VARIABLE_ASSIGNMENT|[EXTERNAL]|this|{"apiName":"random","id":"0PS36000000KFvSGAW","label":"random","namespacePrefix":"shiva15testns"}|0x3e812cae
11:10:27.0 (10002630)|VARIABLE_ASSIGNMENT|[EXTERNAL]|value|null
11:10:27.0 (10010404)|VARIABLE_ASSIGNMENT|[1023]|this.userLicenseId|null|0x3e812cae
11:10:27.0 (10017037)|STATEMENT_EXECUTE|[1035]
11:10:27.0 (10051337)|VARIABLE_ASSIGNMENT|[EXTERNAL]|this|{"apiName":"random","id":"0PS36000000KFvSGAW","label":"random","namespacePrefix":"shiva15testns"}|0x3e812cae
11:10:27.0 (10058150)|VARIABLE_ASSIGNMENT|[EXTERNAL]|value|"2016-04-25 17:59:56"
11:10:27.0 (10066578)|VARIABLE_ASSIGNMENT|[1025]|this.createdDate|"2016-04-25 17:59:56"|0x3e812cae
11:10:27.0 (10080965)|CONSTRUCTOR_EXIT|[166]|01p36000005Jpvx|<init>(String,String,String,String,String,String,String)
11:10:27.0 (10103001)|VARIABLE_ASSIGNMENT|[166]|pSetObj|{"apiName":"random","createdDate":"2016-04-25 17:59:56","id":"0PS36000000KFvSGAW","label":"random","namespacePrefix":"shiva15testns"}|0x3e812cae
11:10:27.0 (10106798)|STATEMENT_EXECUTE|[167]
11:10:27.0 (10123383)|ENTERING_MANAGED_PKG|
11:10:27.0 (10149995)|HEAP_ALLOCATE|[EXTERNAL]|Bytes:4
11:10:27.0 (10158598)|STATEMENT_EXECUTE|[168]
11:10:27.0 (10341432)|HEAP_ALLOCATE|[168]|Bytes:24
11:10:27.0 (10363583)|ENTERING_MANAGED_PKG|
11:10:27.0 (10439186)|HEAP_ALLOCATE|[168]|Bytes:162
11:10:27.0 (10462803)|HEAP_ALLOCATE|[168]|Bytes:186
11:10:27.0 (10491708)|ENTERING_MANAGED_PKG|
11:10:27.0 (10506095)|USER_DEBUG|[168]|ERROR|The PermissionSet Name: PermissionSet:{Id=0PS36000000KFvSGAW, Label=random, Name=random, NamespacePrefix=shiva15testns, UserLicenseId=10036000000eSpyAAE, CreatedDate=2016-04-26 00:59:56}
11:10:27.0 (10523551)|HEAP_ALLOCATE|[162]|Bytes:5
11:10:27.0 (10550299)|HEAP_ALLOCATE|[162]|Bytes:32
11:10:27.0 (10559507)|VARIABLE_SCOPE_BEGIN|[162]|PSetName|PermissionSet|true|false
11:10:27.0 (10589684)|VARIABLE_ASSIGNMENT|[162]|PSetName|{"s":1,"v":{"Id":"0PS36000000KhGKGA0","Label":"test1label","Name":"test1name","Description":"test Description 1","NamespacePrefix":"shiva15testns","UserLicenseId":"10036000000eSpyAAE","CreatedDate":"2016-04-27T01:22:31.000Z"}}|0x6abe22db
11:10:27.0 (10594953)|STATEMENT_EXECUTE|[162]
11:10:27.0 (10618618)|ENTERING_MANAGED_PKG|
11:10:27.0 (10629190)|STATEMENT_EXECUTE|[163]
11:10:27.0 (10630779)|STATEMENT_EXECUTE|[166]
11:10:27.0 (10635164)|HEAP_ALLOCATE|[166]|Bytes:32
11:10:27.0 (10653257)|ENTERING_MANAGED_PKG|
11:10:27.0 (10657169)|HEAP_ALLOCATE|[166]|Bytes:18
11:10:27.0 (10696939)|ENTERING_MANAGED_PKG|
11:10:27.0 (10710654)|HEAP_ALLOCATE|[166]|Bytes:19
11:10:27.0 (10730543)|CONSTRUCTOR_ENTRY|[166]|01p36000005Jpvx|<init>(String,String,String,String,String,String,String)
11:10:27.0 (10736015)|VARIABLE_SCOPE_BEGIN|[1027]|this|shiva15testns.PermissionSetPortalControllers.PermissionSetClass|true|false
11:10:27.0 (10758064)|VARIABLE_ASSIGNMENT|[1027]|this|{}|0x5405353d
11:10:27.0 (10761000)|VARIABLE_SCOPE_BEGIN|[1027]|label|String|false|false
11:10:27.0 (10765691)|VARIABLE_ASSIGNMENT|[1027]|label|"test1label"
11:10:27.0 (10767453)|VARIABLE_SCOPE_BEGIN|[1027]|apiName|String|false|false
11:10:27.0 (10770529)|VARIABLE_ASSIGNMENT|[1027]|apiName|"test1name"
11:10:27.0 (10772238)|VARIABLE_SCOPE_BEGIN|[1027]|id|String|false|false
11:10:27.0 (10775720)|VARIABLE_ASSIGNMENT|[1027]|id|"0PS36000000KhGKGA0"
11:10:27.0 (10777446)|VARIABLE_SCOPE_BEGIN|[1027]|description|String|false|false
11:10:27.0 (10780959)|VARIABLE_ASSIGNMENT|[1027]|description|"test Description 1"
11:10:27.0 (10782682)|VARIABLE_SCOPE_BEGIN|[1027]|namespacePrefix|String|false|false
11:10:27.0 (10785481)|VARIABLE_ASSIGNMENT|[1027]|namespacePrefix|"shiva15testns"
11:10:27.0 (10787306)|VARIABLE_SCOPE_BEGIN|[1027]|userLicenseId|String|false|false
11:10:27.0 (10789900)|VARIABLE_ASSIGNMENT|[1027]|userLicenseId|null
11:10:27.0 (10791386)|VARIABLE_SCOPE_BEGIN|[1027]|createdDate|String|false|false
11:10:27.0 (10794454)|VARIABLE_ASSIGNMENT|[1027]|createdDate|"2016-04-26 18:22:31"
11:10:27.0 (10797497)|STATEMENT_EXECUTE|[1010]
11:10:27.0 (10798921)|STATEMENT_EXECUTE|[1013]
11:10:27.0 (10800219)|STATEMENT_EXECUTE|[1015]
11:10:27.0 (10801260)|STATEMENT_EXECUTE|[1017]
11:10:27.0 (10802259)|STATEMENT_EXECUTE|[1019]
11:10:27.0 (10803328)|STATEMENT_EXECUTE|[1021]
11:10:27.0 (10804396)|STATEMENT_EXECUTE|[1023]
11:10:27.0 (10805374)|STATEMENT_EXECUTE|[1025]
11:10:27.0 (10817400)|STATEMENT_EXECUTE|[1028]
11:10:27.0 (10819084)|STATEMENT_EXECUTE|[1029]
11:10:27.0 (10840981)|VARIABLE_ASSIGNMENT|[EXTERNAL]|this|{}|0x5405353d
11:10:27.0 (10846354)|VARIABLE_ASSIGNMENT|[EXTERNAL]|value|"test1label"
11:10:27.0 (10854209)|VARIABLE_ASSIGNMENT|[1013]|this.label|"test1label"|0x5405353d
11:10:27.0 (10860468)|STATEMENT_EXECUTE|[1030]
11:10:27.0 (10881543)|VARIABLE_ASSIGNMENT|[EXTERNAL]|this|{"label":"test1label"}|0x5405353d
11:10:27.0 (10886347)|VARIABLE_ASSIGNMENT|[EXTERNAL]|value|"test1name"
11:10:27.0 (10892681)|VARIABLE_ASSIGNMENT|[1015]|this.apiName|"test1name"|0x5405353d
11:10:27.0 (10898577)|STATEMENT_EXECUTE|[1031]
11:10:27.0 (10919859)|VARIABLE_ASSIGNMENT|[EXTERNAL]|this|{"apiName":"test1name","label":"test1label"}|0x5405353d
11:10:27.0 (10924904)|VARIABLE_ASSIGNMENT|[EXTERNAL]|value|"0PS36000000KhGKGA0"
11:10:27.0 (10931863)|VARIABLE_ASSIGNMENT|[1017]|this.id|"0PS36000000KhGKGA0"|0x5405353d
11:10:27.0 (10937811)|STATEMENT_EXECUTE|[1032]
11:10:27.0 (10959868)|VARIABLE_ASSIGNMENT|[EXTERNAL]|this|{"apiName":"test1name","id":"0PS36000000KhGKGA0","label":"test1label"}|0x5405353d
11:10:27.0 (10965840)|VARIABLE_ASSIGNMENT|[EXTERNAL]|value|"test Description 1"
11:10:27.0 (10972482)|VARIABLE_ASSIGNMENT|[1019]|this.description|"test Description 1"|0x5405353d
11:10:27.0 (10978178)|STATEMENT_EXECUTE|[1033]
11:10:27.0 (11000648)|VARIABLE_ASSIGNMENT|[EXTERNAL]|this|{"apiName":"test1name","description":"test Description 1","id":"0PS36000000KhGKGA0","label":"test1label"}|0x5405353d
11:10:27.0 (11007173)|VARIABLE_ASSIGNMENT|[EXTERNAL]|value|"shiva15testns"
11:10:27.0 (11013500)|VARIABLE_ASSIGNMENT|[1021]|this.namespacePrefix|"shiva15testns"|0x5405353d
11:10:27.0 (11019292)|STATEMENT_EXECUTE|[1034]
11:10:27.0 (11041805)|VARIABLE_ASSIGNMENT|[EXTERNAL]|this|{"apiName":"test1name","description":"test Description 1","id":"0PS36000000KhGKGA0","label":"test1label","namespacePrefix":"shiva15testns"}|0x5405353d
11:10:27.0 (11047188)|VARIABLE_ASSIGNMENT|[EXTERNAL]|value|null
11:10:27.0 (11052873)|VARIABLE_ASSIGNMENT|[1023]|this.userLicenseId|null|0x5405353d
11:10:27.0 (11063486)|STATEMENT_EXECUTE|[1035]
11:10:27.0 (11089060)|VARIABLE_ASSIGNMENT|[EXTERNAL]|this|{"apiName":"test1name","description":"test Description 1","id":"0PS36000000KhGKGA0","label":"test1label","namespacePrefix":"shiva15testns"}|0x5405353d
11:10:27.0 (11095135)|VARIABLE_ASSIGNMENT|[EXTERNAL]|value|"2016-04-26 18:22:31"
11:10:27.0 (11102093)|VARIABLE_ASSIGNMENT|[1025]|this.createdDate|"2016-04-26 18:22:31"|0x5405353d
11:10:27.0 (11115132)|CONSTRUCTOR_EXIT|[166]|01p36000005Jpvx|<init>(String,String,String,String,String,String,String)
11:10:27.0 (11136584)|VARIABLE_ASSIGNMENT|[166]|pSetObj|{"apiName":"test1name","createdDate":"2016-04-26 18:22:31","description":"test Description 1","id":"0PS36000000KhGKGA0","label":"test1label","namespacePrefix":"shiva15testns"}|0x5405353d
11:10:27.0 (11140298)|STATEMENT_EXECUTE|[167]
11:10:27.0 (11151381)|ENTERING_MANAGED_PKG|
11:10:27.0 (11155954)|HEAP_ALLOCATE|[EXTERNAL]|Bytes:4
11:10:27.0 (11161667)|STATEMENT_EXECUTE|[168]
11:10:27.0 (11175390)|ENTERING_MANAGED_PKG|
11:10:27.0 (11219246)|HEAP_ALLOCATE|[168]|Bytes:201
11:10:27.0 (11235139)|HEAP_ALLOCATE|[168]|Bytes:225
11:10:27.0 (11247215)|ENTERING_MANAGED_PKG|
11:10:27.0 (11253814)|USER_DEBUG|[168]|ERROR|The PermissionSet Name: PermissionSet:{Id=0PS36000000KhGKGA0, Label=test1label, Name=test1name, Description=test Description 1, NamespacePrefix=shiva15testns, UserLicenseId=10036000000eSpyAAE, CreatedDate=2016-04-27 01:22:31}
11:10:27.0 (11269518)|HEAP_ALLOCATE|[162]|Bytes:5
11:10:27.0 (11291292)|HEAP_ALLOCATE|[162]|Bytes:32
11:10:27.0 (11299939)|VARIABLE_SCOPE_BEGIN|[162]|PSetName|PermissionSet|true|false
11:10:27.0 (11325951)|VARIABLE_ASSIGNMENT|[162]|PSetName|{"s":1,"v":{"Id":"0PS36000000KhI0GAK","Label":"test1ONElabel","Name":"test1ONEname","Description":"test Description 1","NamespacePrefix":"shiva15testns","UserLicenseId":"10036000000eSpyAAE","CreatedDate":"2016-04-27T01:26:38.000Z"}}|0x71c62a1d
11:10:27.0 (11330299)|STATEMENT_EXECUTE|[162]
11:10:27.0 (11352278)|ENTERING_MANAGED_PKG|
11:10:27.0 (11362128)|STATEMENT_EXECUTE|[163]
11:10:27.0 (11363703)|STATEMENT_EXECUTE|[166]
11:10:27.0 (11368021)|HEAP_ALLOCATE|[166]|Bytes:32
11:10:27.0 (11385589)|ENTERING_MANAGED_PKG|
11:10:27.0 (11389373)|HEAP_ALLOCATE|[166]|Bytes:18
11:10:27.0 (11412148)|ENTERING_MANAGED_PKG|
11:10:27.0 (11439065)|HEAP_ALLOCATE|[166]|Bytes:19
11:10:27.0 (11460578)|CONSTRUCTOR_ENTRY|[166]|01p36000005Jpvx|<init>(String,String,String,String,String,String,String)
11:10:27.0 (11466051)|VARIABLE_SCOPE_BEGIN|[1027]|this|shiva15testns.PermissionSetPortalControllers.PermissionSetClass|true|false
11:10:27.0 (11488267)|VARIABLE_ASSIGNMENT|[1027]|this|{}|0x12aacf93
11:10:27.0 (11490997)|VARIABLE_SCOPE_BEGIN|[1027]|label|String|false|false
11:10:27.0 (11495680)|VARIABLE_ASSIGNMENT|[1027]|label|"test1ONElabel"
11:10:27.0 (11497477)|VARIABLE_SCOPE_BEGIN|[1027]|apiName|String|false|false
11:10:27.0 (11500353)|VARIABLE_ASSIGNMENT|[1027]|apiName|"test1ONEname"
11:10:27.0 (11502040)|VARIABLE_SCOPE_BEGIN|[1027]|id|String|false|false
11:10:27.0 (11505199)|VARIABLE_ASSIGNMENT|[1027]|id|"0PS36000000KhI0GAK"
11:10:27.0 (11506842)|VARIABLE_SCOPE_BEGIN|[1027]|description|String|false|false
11:10:27.0 (11509892)|VARIABLE_ASSIGNMENT|[1027]|description|"test Description 1"
11:10:27.0 (11511623)|VARIABLE_SCOPE_BEGIN|[1027]|namespacePrefix|String|false|false
11:10:27.0 (11514788)|VARIABLE_ASSIGNMENT|[1027]|namespacePrefix|"shiva15testns"
11:10:27.0 (11516594)|VARIABLE_SCOPE_BEGIN|[1027]|userLicenseId|String|false|false
11:10:27.0 (11519203)|VARIABLE_ASSIGNMENT|[1027]|userLicenseId|null
11:10:27.0 (11520685)|VARIABLE_SCOPE_BEGIN|[1027]|createdDate|String|false|false
11:10:27.0 (11523873)|VARIABLE_ASSIGNMENT|[1027]|createdDate|"2016-04-26 18:26:38"
11:10:27.0 (11526658)|STATEMENT_EXECUTE|[1010]
11:10:27.0 (11527905)|STATEMENT_EXECUTE|[1013]
11:10:27.0 (11529266)|STATEMENT_EXECUTE|[1015]
11:10:27.0 (11530339)|STATEMENT_EXECUTE|[1017]
11:10:27.0 (11531356)|STATEMENT_EXECUTE|[1019]
11:10:27.0 (11532367)|STATEMENT_EXECUTE|[1021]
11:10:27.0 (11533400)|STATEMENT_EXECUTE|[1023]
11:10:27.0 (11534428)|STATEMENT_EXECUTE|[1025]
11:10:27.0 (11545720)|STATEMENT_EXECUTE|[1028]
11:10:27.0 (11547348)|STATEMENT_EXECUTE|[1029]
11:10:27.0 (11568626)|VARIABLE_ASSIGNMENT|[EXTERNAL]|this|{}|0x12aacf93
11:10:27.0 (11574103)|VARIABLE_ASSIGNMENT|[EXTERNAL]|value|"test1ONElabel"
11:10:27.0 (11582014)|VARIABLE_ASSIGNMENT|[1013]|this.label|"test1ONElabel"|0x12aacf93
11:10:27.0 (11588151)|STATEMENT_EXECUTE|[1030]
11:10:27.0 (11609144)|VARIABLE_ASSIGNMENT|[EXTERNAL]|this|{"label":"test1ONElabel"}|0x12aacf93
11:10:27.0 (11614233)|VARIABLE_ASSIGNMENT|[EXTERNAL]|value|"test1ONEname"
11:10:27.0 (11620832)|VARIABLE_ASSIGNMENT|[1015]|this.apiName|"test1ONEname"|0x12aacf93
11:10:27.0 (11626729)|STATEMENT_EXECUTE|[1031]
11:10:27.0 (11648519)|VARIABLE_ASSIGNMENT|[EXTERNAL]|this|{"apiName":"test1ONEname","label":"test1ONElabel"}|0x12aacf93
11:10:27.0 (11653868)|VARIABLE_ASSIGNMENT|[EXTERNAL]|value|"0PS36000000KhI0GAK"
11:10:27.0 (11660128)|VARIABLE_ASSIGNMENT|[1017]|this.id|"0PS36000000KhI0GAK"|0x12aacf93
11:10:27.0 (11666235)|STATEMENT_EXECUTE|[1032]
11:10:27.0 (11688291)|VARIABLE_ASSIGNMENT|[EXTERNAL]|this|{"apiName":"test1ONEname","id":"0PS36000000KhI0GAK","label":"test1ONElabel"}|0x12aacf93
11:10:27.0 (11693568)|VARIABLE_ASSIGNMENT|[EXTERNAL]|value|"test Description 1"
11:10:27.0 (11700180)|VARIABLE_ASSIGNMENT|[1019]|this.description|"test Description 1"|0x12aacf93
11:10:27.0 (11705911)|STATEMENT_EXECUTE|[1033]
11:10:27.0 (11727489)|VARIABLE_ASSIGNMENT|[EXTERNAL]|this|{"apiName":"test1ONEname","description":"test Description 1","id":"0PS36000000KhI0GAK","label":"test1ONElabel"}|0x12aacf93
11:10:27.0 (11732679)|VARIABLE_ASSIGNMENT|[EXTERNAL]|value|"shiva15testns"
11:10:27.0 (11738888)|VARIABLE_ASSIGNMENT|[1021]|this.namespacePrefix|"shiva15testns"|0x12aacf93
11:10:27.0 (11744811)|STATEMENT_EXECUTE|[1034]
11:10:27.0 (11767173)|VARIABLE_ASSIGNMENT|[EXTERNAL]|this|{"apiName":"test1ONEname","description":"test Description 1","id":"0PS36000000KhI0GAK","label":"test1ONElabel","namespacePrefix":"shiva15testns"}|0x12aacf93
11:10:27.0 (11772158)|VARIABLE_ASSIGNMENT|[EXTERNAL]|value|null
11:10:27.0 (11777794)|VARIABLE_ASSIGNMENT|[1023]|this.userLicenseId|null|0x12aacf93
11:10:27.0 (11783722)|STATEMENT_EXECUTE|[1035]
11:10:27.0 (11806838)|VARIABLE_ASSIGNMENT|[EXTERNAL]|this|{"apiName":"test1ONEname","description":"test Description 1","id":"0PS36000000KhI0GAK","label":"test1ONElabel","namespacePrefix":"shiva15testns"}|0x12aacf93
11:10:27.0 (11812468)|VARIABLE_ASSIGNMENT|[EXTERNAL]|value|"2016-04-26 18:26:38"
11:10:27.0 (11818997)|VARIABLE_ASSIGNMENT|[1025]|this.createdDate|"2016-04-26 18:26:38"|0x12aacf93
11:10:27.0 (11831870)|CONSTRUCTOR_EXIT|[166]|01p36000005Jpvx|<init>(String,String,String,String,String,String,String)
11:10:27.0 (11853647)|VARIABLE_ASSIGNMENT|[166]|pSetObj|{"apiName":"test1ONEname","createdDate":"2016-04-26 18:26:38","description":"test Description 1","id":"0PS36000000KhI0GAK","label":"test1ONElabel","namespacePrefix":"shiva15testns"}|0x12aacf93
11:10:27.0 (11857554)|STATEMENT_EXECUTE|[167]
11:10:27.0 (11868622)|ENTERING_MANAGED_PKG|
11:10:27.0 (11873175)|HEAP_ALLOCATE|[EXTERNAL]|Bytes:4
11:10:27.0 (11878883)|STATEMENT_EXECUTE|[168]
11:10:27.0 (11892269)|ENTERING_MANAGED_PKG|
11:10:27.0 (11936520)|HEAP_ALLOCATE|[168]|Bytes:207
11:10:27.0 (11958888)|HEAP_ALLOCATE|[168]|Bytes:231
11:10:27.0 (11970809)|ENTERING_MANAGED_PKG|
11:10:27.0 (11977307)|USER_DEBUG|[168]|ERROR|The PermissionSet Name: PermissionSet:{Id=0PS36000000KhI0GAK, Label=test1ONElabel, Name=test1ONEname, Description=test Description 1, NamespacePrefix=shiva15testns, UserLicenseId=10036000000eSpyAAE, CreatedDate=2016-04-27 01:26:38}
11:10:27.0 (11997340)|HEAP_ALLOCATE|[162]|Bytes:5
11:10:27.0 (12019589)|HEAP_ALLOCATE|[162]|Bytes:32
11:10:27.0 (12028691)|VARIABLE_SCOPE_BEGIN|[162]|PSetName|PermissionSet|true|false
11:10:27.0 (12054613)|VARIABLE_ASSIGNMENT|[162]|PSetName|{"s":1,"v":{"Id":"0PS36000000KlvMGAS","Label":"test_name","Name":"test_name","Description":"test desc","NamespacePrefix":"shiva15testns","UserLicenseId":"10036000000eSpyAAE","CreatedDate":"2016-04-27T09:47:35.000Z"}}|0x2f87bda0
11:10:27.0 (12059208)|STATEMENT_EXECUTE|[162]
11:10:27.0 (12081191)|ENTERING_MANAGED_PKG|
11:10:27.0 (12090900)|STATEMENT_EXECUTE|[163]
11:10:27.0 (12092501)|STATEMENT_EXECUTE|[166]
11:10:27.0 (12096860)|HEAP_ALLOCATE|[166]|Bytes:32
11:10:27.0 (12113910)|ENTERING_MANAGED_PKG|
11:10:27.0 (12117763)|HEAP_ALLOCATE|[166]|Bytes:18
11:10:27.0 (12140495)|ENTERING_MANAGED_PKG|
11:10:27.0 (12153041)|HEAP_ALLOCATE|[166]|Bytes:19
11:10:27.0 (12171330)|CONSTRUCTOR_ENTRY|[166]|01p36000005Jpvx|<init>(String,String,String,String,String,String,String)
11:10:27.0 (12176454)|VARIABLE_SCOPE_BEGIN|[1027]|this|shiva15testns.PermissionSetPortalControllers.PermissionSetClass|true|false
11:10:27.0 (12197452)|VARIABLE_ASSIGNMENT|[1027]|this|{}|0x25f96534
11:10:27.0 (12200158)|VARIABLE_SCOPE_BEGIN|[1027]|label|String|false|false
11:10:27.0 (12204715)|VARIABLE_ASSIGNMENT|[1027]|label|"test_name"
11:10:27.0 (12206472)|VARIABLE_SCOPE_BEGIN|[1027]|apiName|String|false|false
11:10:27.0 (12209369)|VARIABLE_ASSIGNMENT|[1027]|apiName|"test_name"
11:10:27.0 (12210938)|VARIABLE_SCOPE_BEGIN|[1027]|id|String|false|false
11:10:27.0 (12214354)|VARIABLE_ASSIGNMENT|[1027]|id|"0PS36000000KlvMGAS"
11:10:27.0 (12215937)|VARIABLE_SCOPE_BEGIN|[1027]|description|String|false|false
11:10:27.0 (12219019)|VARIABLE_ASSIGNMENT|[1027]|description|"test desc"
11:10:27.0 (12220716)|VARIABLE_SCOPE_BEGIN|[1027]|namespacePrefix|String|false|false
11:10:27.0 (12223576)|VARIABLE_ASSIGNMENT|[1027]|namespacePrefix|"shiva15testns"
11:10:27.0 (12225721)|VARIABLE_SCOPE_BEGIN|[1027]|userLicenseId|String|false|false
11:10:27.0 (12228296)|VARIABLE_ASSIGNMENT|[1027]|userLicenseId|null
11:10:27.0 (12229945)|VARIABLE_SCOPE_BEGIN|[1027]|createdDate|String|false|false
11:10:27.0 (12233009)|VARIABLE_ASSIGNMENT|[1027]|createdDate|"2016-04-27 02:47:35"
11:10:27.0 (12235874)|STATEMENT_EXECUTE|[1010]
11:10:27.0 (12237166)|STATEMENT_EXECUTE|[1013]
11:10:27.0 (12238444)|STATEMENT_EXECUTE|[1015]
11:10:27.0 (12239497)|STATEMENT_EXECUTE|[1017]
11:10:27.0 (12240493)|STATEMENT_EXECUTE|[1019]
11:10:27.0 (12241610)|STATEMENT_EXECUTE|[1021]
11:10:27.0 (12242639)|STATEMENT_EXECUTE|[1023]
11:10:27.0 (12243623)|STATEMENT_EXECUTE|[1025]
11:10:27.0 (12255054)|STATEMENT_EXECUTE|[1028]
11:10:27.0 (12256706)|STATEMENT_EXECUTE|[1029]
11:10:27.0 (12277399)|VARIABLE_ASSIGNMENT|[EXTERNAL]|this|{}|0x25f96534
11:10:27.0 (12282731)|VARIABLE_ASSIGNMENT|[EXTERNAL]|value|"test_name"
11:10:27.0 (12289841)|VARIABLE_ASSIGNMENT|[1013]|this.label|"test_name"|0x25f96534
11:10:27.0 (12296055)|STATEMENT_EXECUTE|[1030]
11:10:27.0 (12316719)|VARIABLE_ASSIGNMENT|[EXTERNAL]|this|{"label":"test_name"}|0x25f96534
11:10:27.0 (12322214)|VARIABLE_ASSIGNMENT|[EXTERNAL]|value|"test_name"
11:10:27.0 (12328388)|VARIABLE_ASSIGNMENT|[1015]|this.apiName|"test_name"|0x25f96534
11:10:27.0 (12334028)|STATEMENT_EXECUTE|[1031]
11:10:27.0 (12355203)|VARIABLE_ASSIGNMENT|[EXTERNAL]|this|{"apiName":"test_name","label":"test_name"}|0x25f96534
11:10:27.0 (12360281)|VARIABLE_ASSIGNMENT|[EXTERNAL]|value|"0PS36000000KlvMGAS"
11:10:27.0 (12366920)|VARIABLE_ASSIGNMENT|[1017]|this.id|"0PS36000000KlvMGAS"|0x25f96534
11:10:27.0 (12372759)|STATEMENT_EXECUTE|[1032]
11:10:27.0 (12393964)|VARIABLE_ASSIGNMENT|[EXTERNAL]|this|{"apiName":"test_name","id":"0PS36000000KlvMGAS","label":"test_name"}|0x25f96534
11:10:27.0 (12399166)|VARIABLE_ASSIGNMENT|[EXTERNAL]|value|"test desc"
11:10:27.0 (12405134)|VARIABLE_ASSIGNMENT|[1019]|this.description|"test desc"|0x25f96534
11:10:27.0 (12410970)|STATEMENT_EXECUTE|[1033]
11:10:27.0 (12438600)|VARIABLE_ASSIGNMENT|[EXTERNAL]|this|{"apiName":"test_name","description":"test desc","id":"0PS36000000KlvMGAS","label":"test_name"}|0x25f96534
11:10:27.0 (12444653)|VARIABLE_ASSIGNMENT|[EXTERNAL]|value|"shiva15testns"
11:10:27.0 (12451052)|VARIABLE_ASSIGNMENT|[1021]|this.namespacePrefix|"shiva15testns"|0x25f96534
11:10:27.0 (12457365)|STATEMENT_EXECUTE|[1034]
11:10:27.0 (12480608)|VARIABLE_ASSIGNMENT|[EXTERNAL]|this|{"apiName":"test_name","description":"test desc","id":"0PS36000000KlvMGAS","label":"test_name","namespacePrefix":"shiva15testns"}|0x25f96534
11:10:27.0 (12486167)|VARIABLE_ASSIGNMENT|[EXTERNAL]|value|null
11:10:27.0 (12491933)|VARIABLE_ASSIGNMENT|[1023]|this.userLicenseId|null|0x25f96534
11:10:27.0 (12497572)|STATEMENT_EXECUTE|[1035]
11:10:27.0 (12519543)|VARIABLE_ASSIGNMENT|[EXTERNAL]|this|{"apiName":"test_name","description":"test desc","id":"0PS36000000KlvMGAS","label":"test_name","namespacePrefix":"shiva15testns"}|0x25f96534
11:10:27.0 (12525003)|VARIABLE_ASSIGNMENT|[EXTERNAL]|value|"2016-04-27 02:47:35"
11:10:27.0 (12531498)|VARIABLE_ASSIGNMENT|[1025]|this.createdDate|"2016-04-27 02:47:35"|0x25f96534
11:10:27.0 (12544809)|CONSTRUCTOR_EXIT|[166]|01p36000005Jpvx|<init>(String,String,String,String,String,String,String)
11:10:27.0 (12567178)|VARIABLE_ASSIGNMENT|[166]|pSetObj|{"apiName":"test_name","createdDate":"2016-04-27 02:47:35","description":"test desc","id":"0PS36000000KlvMGAS","label":"test_name","namespacePrefix":"shiva15testns"}|0x25f96534
11:10:27.0 (12570854)|STATEMENT_EXECUTE|[167]
11:10:27.0 (12582007)|ENTERING_MANAGED_PKG|
11:10:27.0 (12586476)|HEAP_ALLOCATE|[EXTERNAL]|Bytes:4
11:10:27.0 (12591891)|STATEMENT_EXECUTE|[168]
11:10:27.0 (12604834)|ENTERING_MANAGED_PKG|
11:10:27.0 (12647967)|HEAP_ALLOCATE|[168]|Bytes:191
11:10:27.0 (12663408)|HEAP_ALLOCATE|[168]|Bytes:215
11:10:27.0 (12674696)|ENTERING_MANAGED_PKG|
11:10:27.0 (12681046)|USER_DEBUG|[168]|ERROR|The PermissionSet Name: PermissionSet:{Id=0PS36000000KlvMGAS, Label=test_name, Name=test_name, Description=test desc, NamespacePrefix=shiva15testns, UserLicenseId=10036000000eSpyAAE, CreatedDate=2016-04-27 09:47:35}
11:10:27.0 (12695545)|HEAP_ALLOCATE|[162]|Bytes:5
11:10:27.0 (12716806)|HEAP_ALLOCATE|[162]|Bytes:28
11:10:27.0 (12725108)|VARIABLE_SCOPE_BEGIN|[162]|PSetName|PermissionSet|true|false
11:10:27.0 (12750637)|VARIABLE_ASSIGNMENT|[162]|PSetName|{"s":1,"v":{"Id":"0PS36000000mmnFGAQ","Label":"00e1a000000MWa8AAG","Name":"X00e1a000000MWa8AAG","NamespacePrefix":"shiva15testns","UserLicenseId":"10036000000eSpzAAE","CreatedDate":"2016-03-08T19:00:02.000Z"}}|0x20c25411
11:10:27.0 (12754774)|STATEMENT_EXECUTE|[162]
11:10:27.0 (12776934)|ENTERING_MANAGED_PKG|
11:10:27.0 (12786670)|STATEMENT_EXECUTE|[163]
11:10:27.0 (12797151)|HEAP_ALLOCATE|[162]|Bytes:5
11:10:27.0 (12817341)|HEAP_ALLOCATE|[162]|Bytes:28
11:10:27.0 (12825026)|VARIABLE_SCOPE_BEGIN|[162]|PSetName|PermissionSet|true|false
11:10:27.0 (12850596)|VARIABLE_ASSIGNMENT|[162]|PSetName|{"s":1,"v":{"Id":"0PS36000000mmnGGAQ","Label":"00ex00000018ozl_128_ (10 more) ...","Name":"X00ex00000018ozl_128 (11 more) ...","NamespacePrefix":"shiva15testns","UserLicenseId":"10036000000eSpyAAE","CreatedDate":"2016-03-08T19:00:02.000Z"}}|0x3b711228
11:10:27.0 (12855068)|STATEMENT_EXECUTE|[162]
11:10:27.0 (12876175)|ENTERING_MANAGED_PKG|
11:10:27.0 (12885591)|STATEMENT_EXECUTE|[163]
11:10:27.0 (12895709)|HEAP_ALLOCATE|[162]|Bytes:5
11:10:27.0 (12915494)|HEAP_ALLOCATE|[162]|Bytes:28
11:10:27.0 (12923045)|VARIABLE_SCOPE_BEGIN|[162]|PSetName|PermissionSet|true|false
11:10:27.0 (12946296)|VARIABLE_ASSIGNMENT|[162]|PSetName|{"s":1,"v":{"Id":"0PS36000000mmnHGAQ","Label":"00ex00000018ozm_128_ (10 more) ...","Name":"X00ex00000018ozm_128 (11 more) ...","NamespacePrefix":"shiva15testns","UserLicenseId":"10036000000eSpyAAE","CreatedDate":"2016-03-08T19:00:02.000Z"}}|0x7b275199
11:10:27.0 (12950693)|STATEMENT_EXECUTE|[162]
11:10:27.0 (12971508)|ENTERING_MANAGED_PKG|
11:10:27.0 (12980957)|STATEMENT_EXECUTE|[163]
11:10:27.0 (12991267)|HEAP_ALLOCATE|[162]|Bytes:5
11:10:27.0 (13010864)|HEAP_ALLOCATE|[162]|Bytes:28
11:10:27.0 (13019313)|VARIABLE_SCOPE_BEGIN|[162]|PSetName|PermissionSet|true|false
11:10:27.0 (13042272)|VARIABLE_ASSIGNMENT|[162]|PSetName|{"s":1,"v":{"Id":"0PS36000000mmnIGAQ","Label":"00ex00000018ozk_128_ (10 more) ...","Name":"X00ex00000018ozk_128 (11 more) ...","NamespacePrefix":"shiva15testns","UserLicenseId":"10036000000eSpyAAE","CreatedDate":"2016-03-08T19:00:02.000Z"}}|0x69df89e0
11:10:27.0 (13047080)|STATEMENT_EXECUTE|[162]
11:10:27.0 (13068062)|ENTERING_MANAGED_PKG|
11:10:27.0 (13077458)|STATEMENT_EXECUTE|[163]
11:10:27.0 (13087603)|HEAP_ALLOCATE|[162]|Bytes:5
11:10:27.0 (13107038)|HEAP_ALLOCATE|[162]|Bytes:28
11:10:27.0 (13114793)|VARIABLE_SCOPE_BEGIN|[162]|PSetName|PermissionSet|true|false
11:10:27.0 (13137228)|VARIABLE_ASSIGNMENT|[162]|PSetName|{"s":1,"v":{"Id":"0PS36000000mmnJGAQ","Label":"00ex00000018ozj_128_ (10 more) ...","Name":"X00ex00000018ozj_128 (11 more) ...","NamespacePrefix":"shiva15testns","UserLicenseId":"10036000000eSpyAAE","CreatedDate":"2016-03-08T19:00:02.000Z"}}|0x5b0f2a16
11:10:27.0 (13142101)|STATEMENT_EXECUTE|[162]
11:10:27.0 (13162887)|ENTERING_MANAGED_PKG|
11:10:27.0 (13172197)|STATEMENT_EXECUTE|[163]
11:10:27.0 (13182405)|HEAP_ALLOCATE|[162]|Bytes:5
11:10:27.0 (13201748)|HEAP_ALLOCATE|[162]|Bytes:28
11:10:27.0 (13209433)|VARIABLE_SCOPE_BEGIN|[162]|PSetName|PermissionSet|true|false
11:10:27.0 (13231384)|VARIABLE_ASSIGNMENT|[162]|PSetName|{"s":1,"v":{"Id":"0PS36000000mmnKGAQ","Label":"00ex00000018ozo_128_ (10 more) ...","Name":"X00ex00000018ozo_128 (11 more) ...","NamespacePrefix":"shiva15testns","UserLicenseId":"10036000000eSpyAAE","CreatedDate":"2016-03-08T19:00:02.000Z"}}|0x68dc930d
11:10:27.0 (13235110)|STATEMENT_EXECUTE|[162]
11:10:27.0 (13255747)|ENTERING_MANAGED_PKG|
11:10:27.0 (13265042)|STATEMENT_EXECUTE|[163]
11:10:27.0 (13275083)|HEAP_ALLOCATE|[162]|Bytes:5
11:10:27.0 (13294607)|HEAP_ALLOCATE|[162]|Bytes:28
11:10:27.0 (13302172)|VARIABLE_SCOPE_BEGIN|[162]|PSetName|PermissionSet|true|false
11:10:27.0 (13324881)|VARIABLE_ASSIGNMENT|[162]|PSetName|{"s":1,"v":{"Id":"0PS36000000mmnLGAQ","Label":"00ex00000018ozh_128_ (10 more) ...","Name":"X00ex00000018ozh_128 (11 more) ...","NamespacePrefix":"shiva15testns","UserLicenseId":"10036000000eSpyAAE","CreatedDate":"2016-03-08T19:00:02.000Z"}}|0x2936ac16
11:10:27.0 (13329761)|STATEMENT_EXECUTE|[162]
11:10:27.0 (13350518)|ENTERING_MANAGED_PKG|
11:10:27.0 (13360059)|STATEMENT_EXECUTE|[163]
11:10:27.0 (13370050)|HEAP_ALLOCATE|[162]|Bytes:5
11:10:27.0 (13389795)|HEAP_ALLOCATE|[162]|Bytes:28
11:10:27.0 (13397410)|VARIABLE_SCOPE_BEGIN|[162]|PSetName|PermissionSet|true|false
11:10:27.0 (13424519)|VARIABLE_ASSIGNMENT|[162]|PSetName|{"s":1,"v":{"Id":"0PS36000000mmnMGAQ","Label":"00ex00000018ozq_128_ (11 more) ...","Name":"X00ex00000018ozq_128 (12 more) ...","NamespacePrefix":"shiva15testns","UserLicenseId":"10036000000eSpyAAE","CreatedDate":"2016-03-08T19:00:02.000Z"}}|0x3cb3b059
11:10:27.0 (13428731)|STATEMENT_EXECUTE|[162]
11:10:27.0 (13450107)|ENTERING_MANAGED_PKG|
11:10:27.0 (13460000)|STATEMENT_EXECUTE|[163]
11:10:27.0 (13469956)|HEAP_ALLOCATE|[162]|Bytes:5
11:10:27.0 (13490167)|HEAP_ALLOCATE|[162]|Bytes:28
11:10:27.0 (13497742)|VARIABLE_SCOPE_BEGIN|[162]|PSetName|PermissionSet|true|false
11:10:27.0 (13520157)|VARIABLE_ASSIGNMENT|[162]|PSetName|{"s":1,"v":{"Id":"0PS36000000mmnNGAQ","Label":"00ex00000018ozp_128_ (10 more) ...","Name":"X00ex00000018ozp_128 (11 more) ...","NamespacePrefix":"shiva15testns","UserLicenseId":"10036000000eSpyAAE","CreatedDate":"2016-03-08T19:00:02.000Z"}}|0x1ece7243
11:10:27.0 (13524114)|STATEMENT_EXECUTE|[162]
11:10:27.0 (13544954)|ENTERING_MANAGED_PKG|
11:10:27.0 (13576251)|STATEMENT_EXECUTE|[163]
11:10:27.0 (13594289)|HEAP_ALLOCATE|[162]|Bytes:5
11:10:27.0 (13629106)|HEAP_ALLOCATE|[162]|Bytes:28
11:10:27.0 (13641280)|VARIABLE_SCOPE_BEGIN|[162]|PSetName|PermissionSet|true|false
11:10:27.0 (13666090)|VARIABLE_ASSIGNMENT|[162]|PSetName|{"s":1,"v":{"Id":"0PS36000000mmnOGAQ","Label":"00ex00000018ozn_128_ (10 more) ...","Name":"X00ex00000018ozn_128 (11 more) ...","NamespacePrefix":"shiva15testns","UserLicenseId":"10036000000eSpyAAE","CreatedDate":"2016-03-08T19:00:02.000Z"}}|0x1206ce6c
11:10:27.0 (13669954)|STATEMENT_EXECUTE|[162]
11:10:27.0 (13692438)|ENTERING_MANAGED_PKG|
11:10:27.0 (13702205)|STATEMENT_EXECUTE|[163]
11:10:27.0 (13712625)|HEAP_ALLOCATE|[162]|Bytes:5
11:10:27.0 (13733279)|HEAP_ALLOCATE|[162]|Bytes:28
11:10:27.0 (13740889)|VARIABLE_SCOPE_BEGIN|[162]|PSetName|PermissionSet|true|false
11:10:27.0 (13763639)|VARIABLE_ASSIGNMENT|[162]|PSetName|{"s":1,"v":{"Id":"0PS36000000mmnPGAQ","Label":"00e1a000000MWa9AAG","Name":"X00e1a000000MWa9AAG","NamespacePrefix":"shiva15testns","UserLicenseId":"10036000000eSq0AAE","CreatedDate":"2016-03-08T19:00:02.000Z"}}|0xecc9626
11:10:27.0 (13767629)|STATEMENT_EXECUTE|[162]
11:10:27.0 (13788160)|ENTERING_MANAGED_PKG|
11:10:27.0 (13797718)|STATEMENT_EXECUTE|[163]
11:10:27.0 (13807685)|HEAP_ALLOCATE|[162]|Bytes:5
11:10:27.0 (13842984)|HEAP_ALLOCATE|[162]|Bytes:28
11:10:27.0 (13852218)|VARIABLE_SCOPE_BEGIN|[162]|PSetName|PermissionSet|true|false
11:10:27.0 (13875706)|VARIABLE_ASSIGNMENT|[162]|PSetName|{"s":1,"v":{"Id":"0PS36000000mmnQGAQ","Label":"00e1a000000MWaBAAW","Name":"X00e1a000000MWaBAAW","NamespacePrefix":"shiva15testns","UserLicenseId":"10036000000eSq2AAE","CreatedDate":"2016-03-08T19:00:02.000Z"}}|0x2f5cdede
11:10:27.0 (13880347)|STATEMENT_EXECUTE|[162]
11:10:27.0 (13901776)|ENTERING_MANAGED_PKG|
11:10:27.0 (13911458)|STATEMENT_EXECUTE|[163]
11:10:27.0 (13921774)|HEAP_ALLOCATE|[162]|Bytes:5
11:10:27.0 (13941568)|HEAP_ALLOCATE|[162]|Bytes:28
11:10:27.0 (13949212)|VARIABLE_SCOPE_BEGIN|[162]|PSetName|PermissionSet|true|false
11:10:27.0 (13970940)|VARIABLE_ASSIGNMENT|[162]|PSetName|{"s":1,"v":{"Id":"0PS36000000mmnRGAQ","Label":"00e1a000000MWaCAAW","Name":"X00e1a000000MWaCAAW","NamespacePrefix":"shiva15testns","UserLicenseId":"10036000000eSq3AAE","CreatedDate":"2016-03-08T19:00:02.000Z"}}|0x426dfd1c
11:10:27.0 (13975326)|STATEMENT_EXECUTE|[162]
11:10:27.0 (13999868)|ENTERING_MANAGED_PKG|
11:10:27.0 (14009580)|STATEMENT_EXECUTE|[163]
11:10:27.0 (14020563)|HEAP_ALLOCATE|[162]|Bytes:5
11:10:27.0 (14043155)|HEAP_ALLOCATE|[162]|Bytes:28
11:10:27.0 (14050965)|VARIABLE_SCOPE_BEGIN|[162]|PSetName|PermissionSet|true|false
11:10:27.0 (14074188)|VARIABLE_ASSIGNMENT|[162]|PSetName|{"s":1,"v":{"Id":"0PS36000000mmnSGAQ","Label":"00e1a000000MWaDAAW","Name":"X00e1a000000MWaDAAW","NamespacePrefix":"shiva15testns","UserLicenseId":"10036000000eSq4AAE","CreatedDate":"2016-03-08T19:00:02.000Z"}}|0x66bc3e93
11:10:27.0 (14078165)|STATEMENT_EXECUTE|[162]
11:10:27.0 (14098852)|ENTERING_MANAGED_PKG|
11:10:27.0 (14108129)|STATEMENT_EXECUTE|[163]
11:10:27.0 (14118102)|HEAP_ALLOCATE|[162]|Bytes:5
11:10:27.0 (14137428)|HEAP_ALLOCATE|[162]|Bytes:28
11:10:27.0 (14145136)|VARIABLE_SCOPE_BEGIN|[162]|PSetName|PermissionSet|true|false
11:10:27.0 (14167075)|VARIABLE_ASSIGNMENT|[162]|PSetName|{"s":1,"v":{"Id":"0PS36000000mmnTGAQ","Label":"00e1a000000MWaEAAW","Name":"X00e1a000000MWaEAAW","NamespacePrefix":"shiva15testns","UserLicenseId":"10036000000eSq5AAE","CreatedDate":"2016-03-08T19:00:02.000Z"}}|0xcabe9c4
11:10:27.0 (14170741)|STATEMENT_EXECUTE|[162]
11:10:27.0 (14191420)|ENTERING_MANAGED_PKG|
11:10:27.0 (14200790)|STATEMENT_EXECUTE|[163]
11:10:27.0 (14211121)|HEAP_ALLOCATE|[162]|Bytes:5
11:10:27.0 (14230691)|HEAP_ALLOCATE|[162]|Bytes:28
11:10:27.0 (14238193)|VARIABLE_SCOPE_BEGIN|[162]|PSetName|PermissionSet|true|false
11:10:27.0 (14260283)|VARIABLE_ASSIGNMENT|[162]|PSetName|{"s":1,"v":{"Id":"0PS36000000mmnUGAQ","Label":"00e1a000000MWaFAAW","Name":"X00e1a000000MWaFAAW","NamespacePrefix":"shiva15testns","UserLicenseId":"10036000000eSq6AAE","CreatedDate":"2016-03-08T19:00:02.000Z"}}|0x45486ca1
11:10:27.0 (14264316)|STATEMENT_EXECUTE|[162]
11:10:27.0 (14284794)|ENTERING_MANAGED_PKG|
11:10:27.0 (14294332)|STATEMENT_EXECUTE|[163]
11:10:27.0 (14304126)|HEAP_ALLOCATE|[162]|Bytes:5
11:10:27.0 (14323612)|HEAP_ALLOCATE|[162]|Bytes:28
11:10:27.0 (14331188)|VARIABLE_SCOPE_BEGIN|[162]|PSetName|PermissionSet|true|false
11:10:27.0 (14352896)|VARIABLE_ASSIGNMENT|[162]|PSetName|{"s":1,"v":{"Id":"0PS36000000mmnVGAQ","Label":"00e1a000000MWaGAAW","Name":"X00e1a000000MWaGAAW","NamespacePrefix":"shiva15testns","UserLicenseId":"10036000000eSq7AAE","CreatedDate":"2016-03-08T19:00:02.000Z"}}|0x6860fc09
11:10:27.0 (14357639)|STATEMENT_EXECUTE|[162]
11:10:27.0 (14378082)|ENTERING_MANAGED_PKG|
11:10:27.0 (14387549)|STATEMENT_EXECUTE|[163]
11:10:27.0 (14397522)|HEAP_ALLOCATE|[162]|Bytes:5
11:10:27.0 (14421267)|HEAP_ALLOCATE|[162]|Bytes:28
11:10:27.0 (14429463)|VARIABLE_SCOPE_BEGIN|[162]|PSetName|PermissionSet|true|false
11:10:27.0 (14451658)|VARIABLE_ASSIGNMENT|[162]|PSetName|{"s":1,"v":{"Id":"0PS36000000mmnWGAQ","Label":"00e1a000000MWaHAAW","Name":"X00e1a000000MWaHAAW","NamespacePrefix":"shiva15testns","UserLicenseId":"10036000000eSq8AAE","CreatedDate":"2016-03-08T19:00:02.000Z"}}|0x6faf0f30
11:10:27.0 (14455646)|STATEMENT_EXECUTE|[162]
11:10:27.0 (14476474)|ENTERING_MANAGED_PKG|
11:10:27.0 (14486099)|STATEMENT_EXECUTE|[163]
11:10:27.0 (14496152)|HEAP_ALLOCATE|[162]|Bytes:5
11:10:27.0 (14516339)|HEAP_ALLOCATE|[162]|Bytes:28
11:10:27.0 (14524122)|VARIABLE_SCOPE_BEGIN|[162]|PSetName|PermissionSet|true|false
11:10:27.0 (14545930)|VARIABLE_ASSIGNMENT|[162]|PSetName|{"s":1,"v":{"Id":"0PS36000000mmnXGAQ","Label":"00e1a000000MWaIAAW","Name":"X00e1a000000MWaIAAW","NamespacePrefix":"shiva15testns","UserLicenseId":"10036000000eSq9AAE","CreatedDate":"2016-03-08T19:00:02.000Z"}}|0x3c192ec8
11:10:27.0 (14550154)|STATEMENT_EXECUTE|[162]
11:10:27.0 (14570670)|ENTERING_MANAGED_PKG|
11:10:27.0 (14580075)|STATEMENT_EXECUTE|[163]
11:10:27.0 (14589983)|HEAP_ALLOCATE|[162]|Bytes:5
11:10:27.0 (14609477)|HEAP_ALLOCATE|[162]|Bytes:28
11:10:27.0 (14616911)|VARIABLE_SCOPE_BEGIN|[162]|PSetName|PermissionSet|true|false
11:10:27.0 (14638706)|VARIABLE_ASSIGNMENT|[162]|PSetName|{"s":1,"v":{"Id":"0PS36000000mmnYGAQ","Label":"00e1a000000MWaJAAW","Name":"X00e1a000000MWaJAAW","NamespacePrefix":"shiva15testns","UserLicenseId":"10036000000eSqAAAU","CreatedDate":"2016-03-08T19:00:02.000Z"}}|0x3a32608e
11:10:27.0 (14642557)|STATEMENT_EXECUTE|[162]
11:10:27.0 (14663150)|ENTERING_MANAGED_PKG|
11:10:27.0 (14672552)|STATEMENT_EXECUTE|[163]
11:10:27.0 (14682399)|HEAP_ALLOCATE|[162]|Bytes:5
11:10:27.0 (14702254)|HEAP_ALLOCATE|[162]|Bytes:28
11:10:27.0 (14710130)|VARIABLE_SCOPE_BEGIN|[162]|PSetName|PermissionSet|true|false
11:10:27.0 (14732204)|VARIABLE_ASSIGNMENT|[162]|PSetName|{"s":1,"v":{"Id":"0PS36000000mmnZGAQ","Label":"00e1a000000MWaKAAW","Name":"X00e1a000000MWaKAAW","NamespacePrefix":"shiva15testns","UserLicenseId":"10036000000eSqBAAU","CreatedDate":"2016-03-08T19:00:02.000Z"}}|0x555d5375
11:10:27.0 (14736266)|STATEMENT_EXECUTE|[162]
11:10:27.0 (14756670)|ENTERING_MANAGED_PKG|
11:10:27.0 (14766123)|STATEMENT_EXECUTE|[163]
11:10:27.0 (14775953)|HEAP_ALLOCATE|[162]|Bytes:5
11:10:27.0 (14795617)|HEAP_ALLOCATE|[162]|Bytes:28
11:10:27.0 (14803073)|VARIABLE_SCOPE_BEGIN|[162]|PSetName|PermissionSet|true|false
11:10:27.0 (14824809)|VARIABLE_ASSIGNMENT|[162]|PSetName|{"s":1,"v":{"Id":"0PS36000000mmnaGAA","Label":"00e1a000000MWaLAAW","Name":"X00e1a000000MWaLAAW","NamespacePrefix":"shiva15testns","UserLicenseId":"10036000000eSqCAAU","CreatedDate":"2016-03-08T19:00:02.000Z"}}|0x429c1061
11:10:27.0 (14828730)|STATEMENT_EXECUTE|[162]
11:10:27.0 (14849319)|ENTERING_MANAGED_PKG|
11:10:27.0 (14858832)|STATEMENT_EXECUTE|[163]
11:10:27.0 (14868732)|HEAP_ALLOCATE|[162]|Bytes:5
11:10:27.0 (14888013)|HEAP_ALLOCATE|[162]|Bytes:28
11:10:27.0 (14895351)|VARIABLE_SCOPE_BEGIN|[162]|PSetName|PermissionSet|true|false
11:10:27.0 (14917109)|VARIABLE_ASSIGNMENT|[162]|PSetName|{"s":1,"v":{"Id":"0PS36000000mmnbGAA","Label":"00e1a000000MWaMAAW","Name":"X00e1a000000MWaMAAW","NamespacePrefix":"shiva15testns","UserLicenseId":"10036000000eSqDAAU","CreatedDate":"2016-03-08T19:00:02.000Z"}}|0x37060994
11:10:27.0 (14921171)|STATEMENT_EXECUTE|[162]
11:10:27.0 (14941390)|ENTERING_MANAGED_PKG|
11:10:27.0 (14950838)|STATEMENT_EXECUTE|[163]
11:10:27.0 (14960739)|HEAP_ALLOCATE|[162]|Bytes:5
11:10:27.0 (14980126)|HEAP_ALLOCATE|[162]|Bytes:28
11:10:27.0 (14987528)|VARIABLE_SCOPE_BEGIN|[162]|PSetName|PermissionSet|true|false
11:10:27.0 (15009155)|VARIABLE_ASSIGNMENT|[162]|PSetName|{"s":1,"v":{"Id":"0PS36000000mmncGAA","Label":"00e1a000000MWaNAAW","Name":"X00e1a000000MWaNAAW","NamespacePrefix":"shiva15testns","UserLicenseId":"10036000000eSqEAAU","CreatedDate":"2016-03-08T19:00:02.000Z"}}|0x1e9929ea
11:10:27.0 (15017499)|STATEMENT_EXECUTE|[162]
11:10:27.0 (15038721)|ENTERING_MANAGED_PKG|
11:10:27.0 (15048169)|STATEMENT_EXECUTE|[163]
11:10:27.0 (15058291)|HEAP_ALLOCATE|[162]|Bytes:5
11:10:27.0 (15078004)|HEAP_ALLOCATE|[162]|Bytes:28
11:10:27.0 (15085539)|VARIABLE_SCOPE_BEGIN|[162]|PSetName|PermissionSet|true|false
11:10:27.0 (15107294)|VARIABLE_ASSIGNMENT|[162]|PSetName|{"s":1,"v":{"Id":"0PS36000000mmndGAA","Label":"00e1a000000MWaOAAW","Name":"X00e1a000000MWaOAAW","NamespacePrefix":"shiva15testns","UserLicenseId":"10036000000eSqFAAU","CreatedDate":"2016-03-08T19:00:02.000Z"}}|0x216007b7
11:10:27.0 (15111302)|STATEMENT_EXECUTE|[162]
11:10:27.0 (15131827)|ENTERING_MANAGED_PKG|
11:10:27.0 (15141283)|STATEMENT_EXECUTE|[163]
11:10:27.0 (15151260)|HEAP_ALLOCATE|[162]|Bytes:5
11:10:27.0 (15170961)|HEAP_ALLOCATE|[162]|Bytes:28
11:10:27.0 (15178241)|VARIABLE_SCOPE_BEGIN|[162]|PSetName|PermissionSet|true|false
11:10:27.0 (15200238)|VARIABLE_ASSIGNMENT|[162]|PSetName|{"s":1,"v":{"Id":"0PS36000000mmneGAA","Label":"00e1a000000MWaPAAW","Name":"X00e1a000000MWaPAAW","NamespacePrefix":"shiva15testns","UserLicenseId":"10036000000eSqGAAU","CreatedDate":"2016-03-08T19:00:02.000Z"}}|0x35d14e2
11:10:27.0 (15204137)|STATEMENT_EXECUTE|[162]
11:10:27.0 (15224603)|ENTERING_MANAGED_PKG|
11:10:27.0 (15234131)|STATEMENT_EXECUTE|[163]
11:10:27.0 (15243929)|HEAP_ALLOCATE|[162]|Bytes:5
11:10:27.0 (15263351)|HEAP_ALLOCATE|[162]|Bytes:28
11:10:27.0 (15270772)|VARIABLE_SCOPE_BEGIN|[162]|PSetName|PermissionSet|true|false
11:10:27.0 (15292108)|VARIABLE_ASSIGNMENT|[162]|PSetName|{"s":1,"v":{"Id":"0PS36000000mmnfGAA","Label":"00e1a000000MWaQAAW","Name":"X00e1a000000MWaQAAW","NamespacePrefix":"shiva15testns","UserLicenseId":"10036000000eSqHAAU","CreatedDate":"2016-03-08T19:00:02.000Z"}}|0x410e7b4
11:10:27.0 (15295674)|STATEMENT_EXECUTE|[162]
11:10:27.0 (15316261)|ENTERING_MANAGED_PKG|
11:10:27.0 (15325885)|STATEMENT_EXECUTE|[163]
11:10:27.0 (15336003)|HEAP_ALLOCATE|[162]|Bytes:5
11:10:27.0 (15355382)|HEAP_ALLOCATE|[162]|Bytes:28
11:10:27.0 (15362914)|VARIABLE_SCOPE_BEGIN|[162]|PSetName|PermissionSet|true|false
11:10:27.0 (15384724)|VARIABLE_ASSIGNMENT|[162]|PSetName|{"s":1,"v":{"Id":"0PS36000000mmngGAA","Label":"00e1a000000MWaRAAW","Name":"X00e1a000000MWaRAAW","NamespacePrefix":"shiva15testns","UserLicenseId":"10036000000eSqIAAU","CreatedDate":"2016-03-08T19:00:02.000Z"}}|0x539158a5
11:10:27.0 (15388594)|STATEMENT_EXECUTE|[162]
11:10:27.0 (15409218)|ENTERING_MANAGED_PKG|
11:10:27.0 (15422372)|STATEMENT_EXECUTE|[163]
11:10:27.0 (15432978)|HEAP_ALLOCATE|[162]|Bytes:5
11:10:27.0 (15453085)|HEAP_ALLOCATE|[162]|Bytes:28
11:10:27.0 (15460716)|VARIABLE_SCOPE_BEGIN|[162]|PSetName|PermissionSet|true|false
11:10:27.0 (15482856)|VARIABLE_ASSIGNMENT|[162]|PSetName|{"s":1,"v":{"Id":"0PS36000000mmnhGAA","Label":"00e1a000000MWaSAAW","Name":"X00e1a000000MWaSAAW","NamespacePrefix":"shiva15testns","UserLicenseId":"10036000000eSqJAAU","CreatedDate":"2016-03-08T19:00:02.000Z"}}|0x726da0df
11:10:27.0 (15487066)|STATEMENT_EXECUTE|[162]
11:10:27.0 (15507770)|ENTERING_MANAGED_PKG|
11:10:27.0 (15517277)|STATEMENT_EXECUTE|[163]
11:10:27.0 (15527167)|HEAP_ALLOCATE|[162]|Bytes:5
11:10:27.0 (15546389)|HEAP_ALLOCATE|[162]|Bytes:28
11:10:27.0 (15553850)|VARIABLE_SCOPE_BEGIN|[162]|PSetName|PermissionSet|true|false
11:10:27.0 (15575502)|VARIABLE_ASSIGNMENT|[162]|PSetName|{"s":1,"v":{"Id":"0PS36000000mmniGAA","Label":"00e1a000000MWaTAAW","Name":"X00e1a000000MWaTAAW","NamespacePrefix":"shiva15testns","UserLicenseId":"10036000000eSqJAAU","CreatedDate":"2016-03-08T19:00:02.000Z"}}|0x19fc5074
11:10:27.0 (15579734)|STATEMENT_EXECUTE|[162]
11:10:27.0 (15600178)|ENTERING_MANAGED_PKG|
11:10:27.0 (15609553)|STATEMENT_EXECUTE|[163]
11:10:27.0 (15619571)|HEAP_ALLOCATE|[162]|Bytes:5
11:10:27.0 (15638817)|HEAP_ALLOCATE|[162]|Bytes:28
11:10:27.0 (15646357)|VARIABLE_SCOPE_BEGIN|[162]|PSetName|PermissionSet|true|false
11:10:27.0 (15670948)|VARIABLE_ASSIGNMENT|[162]|PSetName|{"s":1,"v":{"Id":"0PS36000000mmnjGAA","Label":"00e1a000000MWaUAAW","Name":"X00e1a000000MWaUAAW","NamespacePrefix":"shiva15testns","UserLicenseId":"10036000000eSqKAAU","CreatedDate":"2016-03-08T19:00:02.000Z"}}|0x1ad239b8
11:10:27.0 (15675084)|STATEMENT_EXECUTE|[162]
11:10:27.0 (15696075)|ENTERING_MANAGED_PKG|
11:10:27.0 (15708533)|STATEMENT_EXECUTE|[163]
11:10:27.0 (15718801)|HEAP_ALLOCATE|[162]|Bytes:5
11:10:27.0 (15738353)|HEAP_ALLOCATE|[162]|Bytes:28
11:10:27.0 (15748518)|VARIABLE_SCOPE_BEGIN|[162]|PSetName|PermissionSet|true|false
11:10:27.0 (15771044)|VARIABLE_ASSIGNMENT|[162]|PSetName|{"s":1,"v":{"Id":"0PS36000000mmnlGAA","Label":"00e1a000000N1LRAA0","Name":"X00e1a000000N1LRAA0","NamespacePrefix":"shiva15testns","UserLicenseId":"10036000000eSqLAAU","CreatedDate":"2016-03-08T19:00:02.000Z"}}|0x43df1e37
11:10:27.0 (15774865)|STATEMENT_EXECUTE|[162]
11:10:27.0 (15798045)|ENTERING_MANAGED_PKG|
11:10:27.0 (15808225)|STATEMENT_EXECUTE|[163]
11:10:27.0 (15818364)|HEAP_ALLOCATE|[162]|Bytes:5
11:10:27.0 (15838671)|HEAP_ALLOCATE|[162]|Bytes:28
11:10:27.0 (15846196)|VARIABLE_SCOPE_BEGIN|[162]|PSetName|PermissionSet|true|false
11:10:27.0 (15868787)|VARIABLE_ASSIGNMENT|[162]|PSetName|{"s":1,"v":{"Id":"0PS36000000mmnmGAA","Label":"00e1a000000N1LSAA0","Name":"X00e1a000000N1LSAA0","NamespacePrefix":"shiva15testns","UserLicenseId":"10036000000eSqMAAU","CreatedDate":"2016-03-08T19:00:02.000Z"}}|0x5cab25cb
11:10:27.0 (15872938)|STATEMENT_EXECUTE|[162]
11:10:27.0 (15893758)|ENTERING_MANAGED_PKG|
11:10:27.0 (15903300)|STATEMENT_EXECUTE|[163]
11:10:27.0 (15913149)|HEAP_ALLOCATE|[162]|Bytes:5
11:10:27.0 (15932676)|HEAP_ALLOCATE|[162]|Bytes:28
11:10:27.0 (15940181)|VARIABLE_SCOPE_BEGIN|[162]|PSetName|PermissionSet|true|false
11:10:27.0 (15962201)|VARIABLE_ASSIGNMENT|[162]|PSetName|{"s":1,"v":{"Id":"0PS36000000mmnnGAA","Label":"00e1a000000N1wKAAS","Name":"X00e1a000000N1wKAAS","NamespacePrefix":"shiva15testns","UserLicenseId":"10036000000eSqNAAU","CreatedDate":"2016-03-08T19:00:02.000Z"}}|0x272fa1da
11:10:27.0 (15966105)|STATEMENT_EXECUTE|[162]
11:10:27.0 (15986769)|ENTERING_MANAGED_PKG|
11:10:27.0 (15996125)|STATEMENT_EXECUTE|[163]
11:10:27.0 (16006000)|HEAP_ALLOCATE|[162]|Bytes:5
11:10:27.0 (16026733)|HEAP_ALLOCATE|[162]|Bytes:28
11:10:27.0 (16034264)|VARIABLE_SCOPE_BEGIN|[162]|PSetName|PermissionSet|true|false
11:10:27.0 (16056348)|VARIABLE_ASSIGNMENT|[162]|PSetName|{"s":1,"v":{"Id":"0PS36000000mmnoGAA","Label":"00e1a000000N1wLAAS","Name":"X00e1a000000N1wLAAS","NamespacePrefix":"shiva15testns","UserLicenseId":"10036000000eSqNAAU","CreatedDate":"2016-03-08T19:00:02.000Z"}}|0x2cbb537e
11:10:27.0 (16060742)|STATEMENT_EXECUTE|[162]
11:10:27.0 (16081293)|ENTERING_MANAGED_PKG|
11:10:27.0 (16090629)|STATEMENT_EXECUTE|[163]
11:10:27.0 (16100684)|HEAP_ALLOCATE|[162]|Bytes:5
11:10:27.0 (16120357)|HEAP_ALLOCATE|[162]|Bytes:28
11:10:27.0 (16128229)|VARIABLE_SCOPE_BEGIN|[162]|PSetName|PermissionSet|true|false
11:10:27.0 (16149951)|VARIABLE_ASSIGNMENT|[162]|PSetName|{"s":1,"v":{"Id":"0PS36000000mmnqGAA","Label":"00e1a000000MWaAAAW","Name":"X00e1a000000MWaAAAW","NamespacePrefix":"shiva15testns","UserLicenseId":"10036000000eSq1AAE","CreatedDate":"2016-03-08T19:00:02.000Z"}}|0x172ede78
11:10:27.0 (16154096)|STATEMENT_EXECUTE|[162]
11:10:27.0 (16174601)|ENTERING_MANAGED_PKG|
11:10:27.0 (16183928)|STATEMENT_EXECUTE|[163]
11:10:27.0 (16193809)|HEAP_ALLOCATE|[162]|Bytes:5
11:10:27.0 (16213473)|HEAP_ALLOCATE|[162]|Bytes:32
11:10:27.0 (16220958)|VARIABLE_SCOPE_BEGIN|[162]|PSetName|PermissionSet|true|false
11:10:27.0 (16244397)|VARIABLE_ASSIGNMENT|[162]|PSetName|{"s":1,"v":{"Id":"0PS36000000q71PGAQ","Label":"PermissionSet_Test","Name":"PermissionSet_Test","Description":"This is for testing  (11 more) ...","NamespacePrefix":"shiva15testns","UserLicenseId":"10036000000eSpyAAE","CreatedDate":"2016-03-20T22:41:12.000Z"}}|0x12ae342b
11:10:27.0 (16248926)|STATEMENT_EXECUTE|[162]
11:10:27.0 (16269794)|ENTERING_MANAGED_PKG|
11:10:27.0 (16279380)|STATEMENT_EXECUTE|[163]
11:10:27.0 (16280930)|STATEMENT_EXECUTE|[166]
11:10:27.0 (16285487)|HEAP_ALLOCATE|[166]|Bytes:32
11:10:27.0 (16302490)|ENTERING_MANAGED_PKG|
11:10:27.0 (16306316)|HEAP_ALLOCATE|[166]|Bytes:18
11:10:27.0 (16329294)|ENTERING_MANAGED_PKG|
11:10:27.0 (16342354)|HEAP_ALLOCATE|[166]|Bytes:19
11:10:27.0 (16361808)|CONSTRUCTOR_ENTRY|[166]|01p36000005Jpvx|<init>(String,String,String,String,String,String,String)
11:10:27.0 (16367367)|VARIABLE_SCOPE_BEGIN|[1027]|this|shiva15testns.PermissionSetPortalControllers.PermissionSetClass|true|false
11:10:27.0 (16388818)|VARIABLE_ASSIGNMENT|[1027]|this|{}|0x62575b5
11:10:27.0 (16391755)|VARIABLE_SCOPE_BEGIN|[1027]|label|String|false|false
11:10:27.0 (16396647)|VARIABLE_ASSIGNMENT|[1027]|label|"PermissionSet_Test"
11:10:27.0 (16398558)|VARIABLE_SCOPE_BEGIN|[1027]|apiName|String|false|false
11:10:27.0 (16401656)|VARIABLE_ASSIGNMENT|[1027]|apiName|"PermissionSet_Test"
11:10:27.0 (16403366)|VARIABLE_SCOPE_BEGIN|[1027]|id|String|false|false
11:10:27.0 (16406644)|VARIABLE_ASSIGNMENT|[1027]|id|"0PS36000000q71PGAQ"
11:10:27.0 (16408326)|VARIABLE_SCOPE_BEGIN|[1027]|description|String|false|false
11:10:27.0 (16412231)|VARIABLE_ASSIGNMENT|[1027]|description|"This is for testing  (11 more) ..."
11:10:27.0 (16414340)|VARIABLE_SCOPE_BEGIN|[1027]|namespacePrefix|String|false|false
11:10:27.0 (16421782)|VARIABLE_ASSIGNMENT|[1027]|namespacePrefix|"shiva15testns"
11:10:27.0 (16423809)|VARIABLE_SCOPE_BEGIN|[1027]|userLicenseId|String|false|false
11:10:27.0 (16426642)|VARIABLE_ASSIGNMENT|[1027]|userLicenseId|null
11:10:27.0 (16428199)|VARIABLE_SCOPE_BEGIN|[1027]|createdDate|String|false|false
11:10:27.0 (16431338)|VARIABLE_ASSIGNMENT|[1027]|createdDate|"2016-03-20 15:41:12"
11:10:27.0 (16434173)|STATEMENT_EXECUTE|[1010]
11:10:27.0 (16435519)|STATEMENT_EXECUTE|[1013]
11:10:27.0 (16436779)|STATEMENT_EXECUTE|[1015]
11:10:27.0 (16437881)|STATEMENT_EXECUTE|[1017]
11:10:27.0 (16438967)|STATEMENT_EXECUTE|[1019]
11:10:27.0 (16440011)|STATEMENT_EXECUTE|[1021]
11:10:27.0 (16441034)|STATEMENT_EXECUTE|[1023]
11:10:27.0 (16442023)|STATEMENT_EXECUTE|[1025]
11:10:27.0 (16453504)|STATEMENT_EXECUTE|[1028]
11:10:27.0 (16455142)|STATEMENT_EXECUTE|[1029]
11:10:27.0 (16477082)|VARIABLE_ASSIGNMENT|[EXTERNAL]|this|{}|0x62575b5
11:10:27.0 (16482884)|VARIABLE_ASSIGNMENT|[EXTERNAL]|value|"PermissionSet_Test"
11:10:27.0 (16490560)|VARIABLE_ASSIGNMENT|[1013]|this.label|"PermissionSet_Test"|0x62575b5
11:10:27.0 (16497009)|STATEMENT_EXECUTE|[1030]
11:10:27.0 (16517824)|VARIABLE_ASSIGNMENT|[EXTERNAL]|this|{"label":"PermissionSet_Test"}|0x62575b5
11:10:27.0 (16522732)|VARIABLE_ASSIGNMENT|[EXTERNAL]|value|"PermissionSet_Test"
11:10:27.0 (16529195)|VARIABLE_ASSIGNMENT|[1015]|this.apiName|"PermissionSet_Test"|0x62575b5
11:10:27.0 (16535144)|STATEMENT_EXECUTE|[1031]
11:10:27.0 (16555843)|VARIABLE_ASSIGNMENT|[EXTERNAL]|this|{"apiName":"PermissionSet_Test","label":"PermissionSet_Test"}|0x62575b5
11:10:27.0 (16561035)|VARIABLE_ASSIGNMENT|[EXTERNAL]|value|"0PS36000000q71PGAQ"
11:10:27.0 (16567173)|VARIABLE_ASSIGNMENT|[1017]|this.id|"0PS36000000q71PGAQ"|0x62575b5
11:10:27.0 (16573202)|STATEMENT_EXECUTE|[1032]
11:10:27.0 (16594176)|VARIABLE_ASSIGNMENT|[EXTERNAL]|this|{"apiName":"PermissionSet_Test","id":"0PS36000000q71PGAQ","label":"PermissionSet_Test"}|0x62575b5
11:10:27.0 (16600490)|VARIABLE_ASSIGNMENT|[EXTERNAL]|value|"This is for testing  (11 more) ..."
11:10:27.0 (16630140)|VARIABLE_ASSIGNMENT|[1019]|this.description|"This is for testing  (11 more) ..."|0x62575b5
11:10:27.0 (16642694)|STATEMENT_EXECUTE|[1033]
11:10:27.0 (16681146)|VARIABLE_ASSIGNMENT|[EXTERNAL]|this|{"apiName":"PermissionSet_Test","description":"This is for testing  (11 more) ...","id":"0PS36000000q71PGAQ","label":"PermissionSet_Test"}|0x62575b5
11:10:27.0 (16688305)|VARIABLE_ASSIGNMENT|[EXTERNAL]|value|"shiva15testns"
11:10:27.0 (16695919)|VARIABLE_ASSIGNMENT|[1021]|this.namespacePrefix|"shiva15testns"|0x62575b5
11:10:27.0 (16702881)|STATEMENT_EXECUTE|[1034]
11:10:27.0 (16726952)|VARIABLE_ASSIGNMENT|[EXTERNAL]|this|{"apiName":"PermissionSet_Test","description":"This is for testing  (11 more) ...","id":"0PS36000000q71PGAQ","label":"PermissionSet_Test","namespacePrefix":"shiva15testns"}|0x62575b5
11:10:27.0 (16732899)|VARIABLE_ASSIGNMENT|[EXTERNAL]|value|null
11:10:27.0 (16738772)|VARIABLE_ASSIGNMENT|[1023]|this.userLicenseId|null|0x62575b5
11:10:27.0 (16744973)|STATEMENT_EXECUTE|[1035]
11:10:27.0 (16768031)|VARIABLE_ASSIGNMENT|[EXTERNAL]|this|{"apiName":"PermissionSet_Test","description":"This is for testing  (11 more) ...","id":"0PS36000000q71PGAQ","label":"PermissionSet_Test","namespacePrefix":"shiva15testns"}|0x62575b5
11:10:27.0 (16773831)|VARIABLE_ASSIGNMENT|[EXTERNAL]|value|"2016-03-20 15:41:12"
11:10:27.0 (16780594)|VARIABLE_ASSIGNMENT|[1025]|this.createdDate|"2016-03-20 15:41:12"|0x62575b5
11:10:27.0 (16793805)|CONSTRUCTOR_EXIT|[166]|01p36000005Jpvx|<init>(String,String,String,String,String,String,String)
11:10:27.0 (16815535)|VARIABLE_ASSIGNMENT|[166]|pSetObj|{"apiName":"PermissionSet_Test","createdDate":"2016-03-20 15:41:12","description":"This is for testing  (11 more) ...","id":"0PS36000000q71PGAQ","label":"PermissionSet_Test","namespacePrefix":"shiva15testns"}|0x62575b5
11:10:27.0 (16819370)|STATEMENT_EXECUTE|[167]
11:10:27.0 (16830819)|ENTERING_MANAGED_PKG|
11:10:27.0 (16835378)|HEAP_ALLOCATE|[EXTERNAL]|Bytes:4
11:10:27.0 (16841138)|STATEMENT_EXECUTE|[168]
11:10:27.0 (16854286)|ENTERING_MANAGED_PKG|
11:10:27.0 (16899965)|HEAP_ALLOCATE|[168]|Bytes:231
11:10:27.0 (16915805)|HEAP_ALLOCATE|[168]|Bytes:255
11:10:27.0 (16927862)|ENTERING_MANAGED_PKG|
11:10:27.0 (16934461)|USER_DEBUG|[168]|ERROR|The PermissionSet Name: PermissionSet:{Id=0PS36000000q71PGAQ, Label=PermissionSet_Test, Name=PermissionSet_Test, Description=This is for testing Description, NamespacePrefix=shiva15testns, UserLicenseId=10036000000eSpyAAE, CreatedDate=2016-03-20 22:41:12}
11:10:27.0 (16949047)|HEAP_ALLOCATE|[162]|Bytes:5
11:10:27.0 (16962013)|VARIABLE_ASSIGNMENT|[162]|PSetName|null|
11:10:27.0 (16965177)|STATEMENT_EXECUTE|[171]
11:10:27.0 (16980956)|SYSTEM_MODE_EXIT|false
11:10:27.17 (17028387)|CUMULATIVE_LIMIT_USAGE
11:10:27.17 (17028387)|LIMIT_USAGE_FOR_NS|(default)|
  Number of SOQL queries: 0 out of 100
  Number of query rows: 0 out of 50000
  Number of SOSL queries: 0 out of 20
  Number of DML statements: 0 out of 150
  Number of DML rows: 0 out of 10000
  Maximum CPU time: 0 out of 10000
  Maximum heap size: 0 out of 6000000
  Number of callouts: 0 out of 100
  Number of Email Invocations: 0 out of 10
  Number of future calls: 0 out of 50
  Number of queueable jobs added to the queue: 0 out of 50
  Number of Mobile Apex push calls: 0 out of 10

11:10:27.17 (17028387)|LIMIT_USAGE_FOR_NS|shiva15testns|
  Number of SOQL queries: 1 out of 100
  Number of query rows: 41 out of 50000
  Number of SOSL queries: 0 out of 20
  Number of DML statements: 0 out of 150
  Number of DML rows: 0 out of 10000
  Maximum CPU time: 0 out of 10000
  Maximum heap size: 0 out of 6000000
  Number of callouts: 0 out of 100
  Number of Email Invocations: 0 out of 10
  Number of future calls: 0 out of 50
  Number of queueable jobs added to the queue: 0 out of 50
  Number of Mobile Apex push calls: 0 out of 10

11:10:27.17 (17028387)|CUMULATIVE_LIMIT_USAGE_END

11:10:27.0 (17088989)|CODE_UNIT_FINISHED|PermissionSetPortalControllers.getAllPermissionSets
11:10:27.0 (19158655)|EXECUTION_FINISHED
11:10:27.22 (22870543)|EXECUTION_STARTED
11:10:27.22 (22878691)|CODE_UNIT_STARTED|[EXTERNAL]|Aura
11:10:27.22 (22916562)|CODE_UNIT_FINISHED|Aura
11:10:27.22 (24664315)|EXECUTION_FINISHED
11:10:27.25 (25856120)|EXECUTION_STARTED
11:10:27.25 (25862280)|CODE_UNIT_STARTED|[EXTERNAL]|Aura
11:10:27.25 (25895753)|CODE_UNIT_FINISHED|Aura
11:10:27.25 (27923043)|EXECUTION_FINISHED
11:10:27.29 (29107513)|EXECUTION_STARTED
11:10:27.29 (29113668)|CODE_UNIT_STARTED|[EXTERNAL]|Aura
11:10:27.29 (29151511)|CODE_UNIT_FINISHED|Aura
11:10:27.29 (30300431)|EXECUTION_FINISHED
11:10:27.31 (31320339)|EXECUTION_STARTED
11:10:27.31 (31326419)|CODE_UNIT_STARTED|[EXTERNAL]|Aura
11:10:27.31 (31360034)|CODE_UNIT_FINISHED|Aura
11:10:27.31 (32473441)|EXECUTION_FINISHED
11:10:27.34 (34324462)|EXECUTION_STARTED
11:10:27.34 (34330535)|CODE_UNIT_STARTED|[EXTERNAL]|Aura
11:10:27.34 (34364925)|CODE_UNIT_FINISHED|Aura
11:10:27.34 (35775669)|EXECUTION_FINISHED
