36.0 APEX_CODE,FINEST;APEX_PROFILING,INFO;CALLOUT,INFO;DB,INFO;SYSTEM,DEBUG;VALIDATION,INFO;VISUALFORCE,INFO;WORKFLOW,INFO
17:44:34.1 (1090662)|HEAP_ALLOCATE|[72]|Bytes:3
17:44:34.1 (1166292)|HEAP_ALLOCATE|[77]|Bytes:152
17:44:34.1 (1183256)|HEAP_ALLOCATE|[342]|Bytes:408
17:44:34.1 (1199940)|HEAP_ALLOCATE|[355]|Bytes:408
17:44:34.1 (1214775)|HEAP_ALLOCATE|[467]|Bytes:48
17:44:34.3 (3928706)|STATEMENT_EXECUTE|[1]
17:44:34.3 (3972274)|HEAP_ALLOCATE|[50]|Bytes:5
17:44:34.3 (3998892)|HEAP_ALLOCATE|[56]|Bytes:5
17:44:34.3 (4008760)|HEAP_ALLOCATE|[64]|Bytes:7
17:44:34.3 (4031560)|SYSTEM_MODE_ENTER|false
17:44:34.3 (4051752)|HEAP_ALLOCATE|[EXTERNAL]|Bytes:5
17:44:34.3 (4057426)|STATEMENT_EXECUTE|[918]
17:44:34.3 (4059379)|STATEMENT_EXECUTE|[947]
17:44:34.3 (4060564)|STATEMENT_EXECUTE|[975]
17:44:34.3 (4061704)|STATEMENT_EXECUTE|[1004]
17:44:34.3 (4063239)|STATEMENT_EXECUTE|[1020]
17:44:34.3 (4064381)|STATEMENT_EXECUTE|[1037]
17:44:34.3 (4065758)|STATEMENT_EXECUTE|[1048]
17:44:34.3 (4066918)|STATEMENT_EXECUTE|[1053]
17:44:34.3 (4072178)|SYSTEM_MODE_EXIT|false
17:44:34.3 (4078898)|METHOD_EXIT|[1]|PermissionSetPortalControllers
17:44:34.3 (4084031)|HEAP_ALLOCATE|[EXTERNAL]|Bytes:25
17:44:34.3 (4086359)|HEAP_ALLOCATE|[EXTERNAL]|Bytes:18
17:44:34.3 (4092319)|SYSTEM_MODE_ENTER|false
17:44:34.3 (4105982)|VARIABLE_SCOPE_BEGIN|[378]|selectedObject|String|false|false
17:44:34.3 (4148195)|VARIABLE_ASSIGNMENT|[378]|selectedObject|"shiva15testns__expen (5 more) ..."
17:44:34.3 (4154438)|VARIABLE_SCOPE_BEGIN|[378]|selectedPSet|String|false|false
17:44:34.3 (4159158)|VARIABLE_ASSIGNMENT|[378]|selectedPSet|"0PS36000000q71PGAQ"
17:44:34.3 (4172714)|HEAP_ALLOCATE|[379]|Bytes:5
17:44:34.3 (4176653)|STATEMENT_EXECUTE|[378]
17:44:34.3 (4178205)|STATEMENT_EXECUTE|[379]
17:44:34.3 (4179311)|STATEMENT_EXECUTE|[379]
17:44:34.3 (4180815)|STATEMENT_EXECUTE|[380]
17:44:34.3 (4186799)|HEAP_ALLOCATE|[380]|Bytes:4
17:44:34.3 (4266938)|ENTERING_MANAGED_PKG|
17:44:34.3 (4298060)|VARIABLE_SCOPE_BEGIN|[380]|listOfFieldsForSorting|List<shiva15testns.PermissionSetPortalControllers.FieldDetailsClass>|true|false
17:44:34.3 (4332114)|HEAP_ALLOCATE|[EXTERNAL]|Bytes:4
17:44:34.3 (4355151)|VARIABLE_ASSIGNMENT|[380]|listOfFieldsForSorting|{"s":1,"v":[]}|0x56ac84d8
17:44:34.3 (4359166)|STATEMENT_EXECUTE|[381]
17:44:34.3 (4392841)|ENTERING_MANAGED_PKG|
17:44:34.3 (26836410)|HEAP_ALLOCATE|[381]|Bytes:1420
17:44:34.3 (26873573)|VARIABLE_SCOPE_BEGIN|[381]|schemaMap|Map<String,Schema.SObjectType>|true|false
17:44:34.3 (27118181)|VARIABLE_ASSIGNMENT|[381]|schemaMap|"{acceptedeventrelation=AcceptedEventRelation, account=Account, accountcleaninfo=AccountCleanInfo, accountcontactrole=AccountContactRole, accountfeed=AccountFeed, accounthistory=AccountHistory, accountpartner=AccountPartner, accountshare=AccountShare, actionlinkgrouptemplate=ActionLinkGroupTemplate, actionlinktemplate=ActionLinkTemplate, ...}"|0x59756ad8
17:44:34.3 (27128379)|STATEMENT_EXECUTE|[382]
17:44:34.3 (27137470)|HEAP_ALLOCATE|[382]|Bytes:4
17:44:34.3 (27160803)|ENTERING_MANAGED_PKG|
17:44:34.3 (27199765)|VARIABLE_SCOPE_BEGIN|[382]|individualObjectAllFieldsList|List<shiva15testns.PermissionSetPortalControllers.FieldDetailsClass>|true|false
17:44:34.3 (27214290)|HEAP_ALLOCATE|[EXTERNAL]|Bytes:4
17:44:34.3 (27238494)|VARIABLE_ASSIGNMENT|[382]|individualObjectAllFieldsList|{"s":1,"v":[]}|0x6f94a3d2
17:44:34.3 (27242093)|STATEMENT_EXECUTE|[383]
17:44:34.3 (27300999)|VARIABLE_SCOPE_BEGIN|[383]|fieldClassObj|shiva15testns.PermissionSetPortalControllers.FieldDetailsClass|true|false
17:44:34.3 (27310127)|VARIABLE_ASSIGNMENT|[383]|fieldClassObj|null|
17:44:34.3 (27331173)|ENTERING_MANAGED_PKG|
17:44:34.3 (27369001)|STATEMENT_EXECUTE|[386]
17:44:34.3 (27371549)|STATEMENT_EXECUTE|[388]
17:44:34.3 (27382957)|ENTERING_MANAGED_PKG|
17:44:34.3 (27771139)|HEAP_ALLOCATE|[388]|Bytes:4
17:44:34.3 (28930163)|HEAP_ALLOCATE|[388]|Bytes:64
17:44:34.3 (28943301)|VARIABLE_SCOPE_BEGIN|[388]|IndividiaulfieldMap|Map<String,Schema.SObjectField>|true|false
17:44:34.3 (29095631)|VARIABLE_ASSIGNMENT|[388]|IndividiaulfieldMap|"{createdbyid=CreatedById, createddate=CreatedDate, id=Id, isdeleted=IsDeleted, lastmodifiedbyid=LastModifiedById, lastmodifieddate=LastModifiedDate, lastreferenceddate=LastReferencedDate, lastvieweddate=LastViewedDate, name=Name, ownerid=OwnerId, ...}"|0x3daaedaf
17:44:34.3 (29123046)|ENTERING_MANAGED_PKG|
17:44:34.3 (29148592)|STATEMENT_EXECUTE|[390]
17:44:34.3 (29151027)|STATEMENT_EXECUTE|[392]
17:44:34.3 (29168230)|METHOD_ENTRY|[392]|01p36000005Jpvx|shiva15testns.PermissionSetPortalControllers.addSystemLevelFields()
17:44:34.3 (29198272)|HEAP_ALLOCATE|[86]|Bytes:5
17:44:34.3 (29202994)|STATEMENT_EXECUTE|[85]
17:44:34.3 (29204707)|STATEMENT_EXECUTE|[86]
17:44:34.3 (29211648)|HEAP_ALLOCATE|[86]|Bytes:4
17:44:34.3 (29231415)|ENTERING_MANAGED_PKG|
17:44:34.3 (29253586)|VARIABLE_SCOPE_BEGIN|[86]|fieldsWhichCannotBeAccessible|Set<String>|true|false
17:44:34.3 (29295394)|VARIABLE_ASSIGNMENT|[86]|fieldsWhichCannotBeAccessible|{"s":1,"v":[]}|0x5658736b
17:44:34.3 (29299678)|STATEMENT_EXECUTE|[87]
17:44:34.3 (29304216)|HEAP_ALLOCATE|[87]|Bytes:2
17:44:34.3 (29323138)|ENTERING_MANAGED_PKG|
17:44:34.3 (29344274)|HEAP_ALLOCATE|[EXTERNAL]|Bytes:4
17:44:34.3 (29352592)|STATEMENT_EXECUTE|[88]
17:44:34.3 (29356323)|HEAP_ALLOCATE|[88]|Bytes:9
17:44:34.3 (29367394)|ENTERING_MANAGED_PKG|
17:44:34.3 (29382215)|HEAP_ALLOCATE|[EXTERNAL]|Bytes:4
17:44:34.3 (29388890)|STATEMENT_EXECUTE|[89]
17:44:34.3 (29392622)|HEAP_ALLOCATE|[89]|Bytes:11
17:44:34.3 (29403093)|ENTERING_MANAGED_PKG|
17:44:34.3 (29417042)|HEAP_ALLOCATE|[EXTERNAL]|Bytes:4
17:44:34.3 (29423422)|STATEMENT_EXECUTE|[90]
17:44:34.3 (29426795)|HEAP_ALLOCATE|[90]|Bytes:11
17:44:34.3 (29436855)|ENTERING_MANAGED_PKG|
17:44:34.3 (29450868)|HEAP_ALLOCATE|[EXTERNAL]|Bytes:4
17:44:34.3 (29457271)|STATEMENT_EXECUTE|[91]
17:44:34.3 (29460559)|HEAP_ALLOCATE|[91]|Bytes:16
17:44:34.3 (29470631)|ENTERING_MANAGED_PKG|
17:44:34.3 (29489339)|HEAP_ALLOCATE|[EXTERNAL]|Bytes:4
17:44:34.3 (29496574)|STATEMENT_EXECUTE|[92]
17:44:34.3 (29500160)|HEAP_ALLOCATE|[92]|Bytes:16
17:44:34.3 (29510828)|ENTERING_MANAGED_PKG|
17:44:34.3 (29524912)|HEAP_ALLOCATE|[EXTERNAL]|Bytes:4
17:44:34.3 (29531462)|STATEMENT_EXECUTE|[93]
17:44:34.3 (29534793)|HEAP_ALLOCATE|[93]|Bytes:14
17:44:34.3 (29544880)|ENTERING_MANAGED_PKG|
17:44:34.3 (29558459)|HEAP_ALLOCATE|[EXTERNAL]|Bytes:4
17:44:34.3 (29564859)|STATEMENT_EXECUTE|[94]
17:44:34.3 (29574578)|METHOD_EXIT|[392]|01p36000005Jpvx|shiva15testns.PermissionSetPortalControllers.addSystemLevelFields()
17:44:34.3 (29579673)|VARIABLE_SCOPE_BEGIN|[392]|systemFields|Set<String>|true|false
17:44:34.3 (29595201)|VARIABLE_ASSIGNMENT|[392]|systemFields|{"s":1,"v":"List of size 7 too large to display"}|0x5658736b
17:44:34.3 (29598506)|STATEMENT_EXECUTE|[393]
17:44:34.3 (29610434)|METHOD_ENTRY|[393]|01p36000005Jpvx|shiva15testns.PermissionSetPortalControllers.addStringsWhichCannotBeAccessible()
17:44:34.3 (29631597)|HEAP_ALLOCATE|[98]|Bytes:5
17:44:34.3 (29635808)|STATEMENT_EXECUTE|[97]
17:44:34.3 (29637184)|STATEMENT_EXECUTE|[98]
17:44:34.3 (29641538)|HEAP_ALLOCATE|[98]|Bytes:4
17:44:34.3 (29652931)|ENTERING_MANAGED_PKG|
17:44:34.3 (29672343)|VARIABLE_SCOPE_BEGIN|[98]|fieldStrings|Set<String>|true|false
17:44:34.3 (29690755)|VARIABLE_ASSIGNMENT|[98]|fieldStrings|{"s":1,"v":[]}|0x63291be0
17:44:34.3 (29694253)|STATEMENT_EXECUTE|[99]
17:44:34.3 (29698452)|HEAP_ALLOCATE|[99]|Bytes:10
17:44:34.3 (29712227)|ENTERING_MANAGED_PKG|
17:44:34.3 (29729838)|HEAP_ALLOCATE|[EXTERNAL]|Bytes:4
17:44:34.3 (29737286)|STATEMENT_EXECUTE|[100]
17:44:34.3 (29740989)|HEAP_ALLOCATE|[100]|Bytes:12
17:44:34.3 (29751758)|ENTERING_MANAGED_PKG|
17:44:34.3 (29765767)|HEAP_ALLOCATE|[EXTERNAL]|Bytes:4
17:44:34.3 (29772392)|STATEMENT_EXECUTE|[101]
17:44:34.3 (29775773)|HEAP_ALLOCATE|[101]|Bytes:11
17:44:34.3 (29785822)|ENTERING_MANAGED_PKG|
17:44:34.3 (29799583)|HEAP_ALLOCATE|[EXTERNAL]|Bytes:4
17:44:34.3 (29805846)|STATEMENT_EXECUTE|[102]
17:44:34.3 (29809305)|HEAP_ALLOCATE|[102]|Bytes:13
17:44:34.3 (29819158)|ENTERING_MANAGED_PKG|
17:44:34.3 (29832669)|HEAP_ALLOCATE|[EXTERNAL]|Bytes:4
17:44:34.3 (29839079)|STATEMENT_EXECUTE|[103]
17:44:34.3 (29842560)|HEAP_ALLOCATE|[103]|Bytes:9
17:44:34.3 (29852531)|ENTERING_MANAGED_PKG|
17:44:34.3 (29866266)|HEAP_ALLOCATE|[EXTERNAL]|Bytes:4
17:44:34.3 (29872391)|STATEMENT_EXECUTE|[104]
17:44:34.3 (29875715)|HEAP_ALLOCATE|[104]|Bytes:11
17:44:34.3 (29888767)|ENTERING_MANAGED_PKG|
17:44:34.3 (29902372)|HEAP_ALLOCATE|[EXTERNAL]|Bytes:4
17:44:34.3 (29908692)|STATEMENT_EXECUTE|[105]
17:44:34.3 (29911963)|HEAP_ALLOCATE|[105]|Bytes:15
17:44:34.3 (29921834)|ENTERING_MANAGED_PKG|
17:44:34.3 (29936444)|HEAP_ALLOCATE|[EXTERNAL]|Bytes:4
17:44:34.3 (29942911)|STATEMENT_EXECUTE|[106]
17:44:34.3 (29946717)|HEAP_ALLOCATE|[106]|Bytes:17
17:44:34.3 (29957002)|ENTERING_MANAGED_PKG|
17:44:34.3 (29970510)|HEAP_ALLOCATE|[EXTERNAL]|Bytes:4
17:44:34.3 (29976643)|STATEMENT_EXECUTE|[107]
17:44:34.3 (29979761)|HEAP_ALLOCATE|[107]|Bytes:12
17:44:34.3 (29993930)|ENTERING_MANAGED_PKG|
17:44:34.3 (30008431)|HEAP_ALLOCATE|[EXTERNAL]|Bytes:4
17:44:34.3 (30016083)|STATEMENT_EXECUTE|[108]
17:44:34.3 (30019677)|HEAP_ALLOCATE|[108]|Bytes:14
17:44:34.3 (30030051)|ENTERING_MANAGED_PKG|
17:44:34.3 (30043657)|HEAP_ALLOCATE|[EXTERNAL]|Bytes:4
17:44:34.3 (30049970)|STATEMENT_EXECUTE|[109]
17:44:34.3 (30054049)|HEAP_ALLOCATE|[109]|Bytes:13
17:44:34.3 (30064287)|ENTERING_MANAGED_PKG|
17:44:34.3 (30077793)|HEAP_ALLOCATE|[EXTERNAL]|Bytes:4
17:44:34.3 (30083973)|STATEMENT_EXECUTE|[110]
17:44:34.3 (30087844)|HEAP_ALLOCATE|[110]|Bytes:15
17:44:34.3 (30097937)|ENTERING_MANAGED_PKG|
17:44:34.3 (30111325)|HEAP_ALLOCATE|[EXTERNAL]|Bytes:4
17:44:34.3 (30117737)|STATEMENT_EXECUTE|[111]
17:44:34.3 (30121633)|HEAP_ALLOCATE|[111]|Bytes:14
17:44:34.3 (30132040)|ENTERING_MANAGED_PKG|
17:44:34.3 (30145311)|HEAP_ALLOCATE|[EXTERNAL]|Bytes:4
17:44:34.3 (30152156)|STATEMENT_EXECUTE|[112]
17:44:34.3 (30156177)|HEAP_ALLOCATE|[112]|Bytes:16
17:44:34.3 (30166423)|ENTERING_MANAGED_PKG|
17:44:34.3 (30180036)|HEAP_ALLOCATE|[EXTERNAL]|Bytes:4
17:44:34.3 (30186315)|STATEMENT_EXECUTE|[113]
17:44:34.3 (30190242)|HEAP_ALLOCATE|[113]|Bytes:20
17:44:34.3 (30200458)|ENTERING_MANAGED_PKG|
17:44:34.3 (30213810)|HEAP_ALLOCATE|[EXTERNAL]|Bytes:4
17:44:34.3 (30219895)|STATEMENT_EXECUTE|[114]
17:44:34.3 (30223846)|HEAP_ALLOCATE|[114]|Bytes:22
17:44:34.3 (30233865)|ENTERING_MANAGED_PKG|
17:44:34.3 (30247453)|HEAP_ALLOCATE|[EXTERNAL]|Bytes:4
17:44:34.3 (30253848)|STATEMENT_EXECUTE|[115]
17:44:34.3 (30257899)|HEAP_ALLOCATE|[115]|Bytes:10
17:44:34.3 (30267972)|ENTERING_MANAGED_PKG|
17:44:34.3 (30281339)|HEAP_ALLOCATE|[EXTERNAL]|Bytes:4
17:44:34.3 (30287584)|STATEMENT_EXECUTE|[117]
17:44:34.3 (30295041)|METHOD_EXIT|[393]|01p36000005Jpvx|shiva15testns.PermissionSetPortalControllers.addStringsWhichCannotBeAccessible()
17:44:34.3 (30299731)|VARIABLE_SCOPE_BEGIN|[393]|fieldStrings|Set<String>|true|false
17:44:34.3 (30313523)|VARIABLE_ASSIGNMENT|[393]|fieldStrings|{"s":1,"v":"List of size 17 too large to display"}|0x63291be0
17:44:34.3 (30325567)|HEAP_ALLOCATE|[394]|Bytes:4
17:44:34.3 (30343261)|ENTERING_MANAGED_PKG|
17:44:34.3 (30367281)|ENTERING_MANAGED_PKG|
17:44:34.3 (30398000)|HEAP_ALLOCATE|[394]|Bytes:4
17:44:34.3 (30517683)|HEAP_ALLOCATE|[394]|Bytes:64
17:44:34.3 (30537508)|ENTERING_MANAGED_PKG|
17:44:34.3 (30566205)|HEAP_ALLOCATE|[394]|Bytes:284
17:44:34.3 (30584456)|ENTERING_MANAGED_PKG|
17:44:34.3 (30593701)|HEAP_ALLOCATE|[394]|Bytes:60
17:44:34.3 (30605215)|ENTERING_MANAGED_PKG|
17:44:34.3 (30685686)|HEAP_ALLOCATE|[394]|Bytes:5
17:44:34.3 (30703476)|VARIABLE_SCOPE_BEGIN|[394]|sfield|String|false|false
17:44:34.3 (30712077)|VARIABLE_ASSIGNMENT|[394]|sfield|"id"
17:44:34.3 (30715168)|STATEMENT_EXECUTE|[394]
17:44:34.3 (30726663)|ENTERING_MANAGED_PKG|
17:44:34.3 (31775623)|HEAP_ALLOCATE|[397]|Bytes:8
17:44:34.3 (31801448)|STATEMENT_EXECUTE|[397]
17:44:34.3 (31816211)|ENTERING_MANAGED_PKG|
17:44:34.3 (31877896)|HEAP_ALLOCATE|[400]|Bytes:8
17:44:34.3 (31897082)|STATEMENT_EXECUTE|[400]
17:44:34.3 (31909109)|ENTERING_MANAGED_PKG|
17:44:34.3 (31964568)|HEAP_ALLOCATE|[404]|Bytes:8
17:44:34.3 (31987214)|STATEMENT_EXECUTE|[422]
17:44:34.3 (31989091)|STATEMENT_EXECUTE|[423]
17:44:34.3 (31993271)|HEAP_ALLOCATE|[423]|Bytes:24
17:44:34.3 (31997320)|HEAP_ALLOCATE|[423]|Bytes:11
17:44:34.3 (32009377)|ENTERING_MANAGED_PKG|
17:44:34.3 (32065703)|HEAP_ALLOCATE|[423]|Bytes:8
17:44:34.3 (32083940)|HEAP_ALLOCATE|[423]|Bytes:9
17:44:34.3 (32088946)|HEAP_ALLOCATE|[423]|Bytes:10
17:44:34.3 (32101261)|ENTERING_MANAGED_PKG|
17:44:34.3 (32135885)|HEAP_ALLOCATE|[423]|Bytes:8
17:44:34.3 (32153514)|HEAP_ALLOCATE|[423]|Bytes:2
17:44:34.3 (32171329)|HEAP_ALLOCATE|[423]|Bytes:58
17:44:34.3 (32175831)|HEAP_ALLOCATE|[423]|Bytes:14
17:44:34.3 (32187981)|ENTERING_MANAGED_PKG|
17:44:34.3 (32222954)|HEAP_ALLOCATE|[423]|Bytes:8
17:44:34.3 (32239328)|HEAP_ALLOCATE|[423]|Bytes:2
17:44:34.3 (32248957)|HEAP_ALLOCATE|[423]|Bytes:16
17:44:34.3 (32253732)|HEAP_ALLOCATE|[423]|Bytes:74
17:44:34.3 (32276287)|ENTERING_MANAGED_PKG|
17:44:34.3 (32281779)|USER_DEBUG|[423]|DEBUG|This is not accessible: id### label: Record ID ## name: Id## localname: Id
17:44:34.3 (32297717)|HEAP_ALLOCATE|[394]|Bytes:5
17:44:34.3 (32310981)|VARIABLE_SCOPE_BEGIN|[394]|sfield|String|false|false
17:44:34.3 (32319411)|VARIABLE_ASSIGNMENT|[394]|sfield|"ownerid"
17:44:34.3 (32322382)|STATEMENT_EXECUTE|[394]
17:44:34.3 (32331502)|ENTERING_MANAGED_PKG|
17:44:34.3 (32510673)|HEAP_ALLOCATE|[397]|Bytes:8
17:44:34.3 (32525397)|STATEMENT_EXECUTE|[397]
17:44:34.3 (32536675)|ENTERING_MANAGED_PKG|
17:44:34.3 (32569399)|HEAP_ALLOCATE|[400]|Bytes:8
17:44:34.3 (32580487)|STATEMENT_EXECUTE|[400]
17:44:34.3 (32589763)|ENTERING_MANAGED_PKG|
17:44:34.3 (32618963)|HEAP_ALLOCATE|[404]|Bytes:8
17:44:34.3 (32629783)|STATEMENT_EXECUTE|[422]
17:44:34.3 (32631340)|STATEMENT_EXECUTE|[423]
17:44:34.3 (32641227)|ENTERING_MANAGED_PKG|
17:44:34.3 (32670207)|HEAP_ALLOCATE|[423]|Bytes:8
17:44:34.3 (32681201)|HEAP_ALLOCATE|[423]|Bytes:8
17:44:34.3 (32692378)|ENTERING_MANAGED_PKG|
17:44:34.3 (32722043)|HEAP_ALLOCATE|[423]|Bytes:8
17:44:34.3 (32732293)|HEAP_ALLOCATE|[423]|Bytes:7
17:44:34.3 (32738750)|HEAP_ALLOCATE|[423]|Bytes:67
17:44:34.3 (32749433)|ENTERING_MANAGED_PKG|
17:44:34.3 (32778927)|HEAP_ALLOCATE|[423]|Bytes:8
17:44:34.3 (32788748)|HEAP_ALLOCATE|[423]|Bytes:7
17:44:34.3 (32794226)|HEAP_ALLOCATE|[423]|Bytes:21
17:44:34.3 (32798094)|HEAP_ALLOCATE|[423]|Bytes:88
17:44:34.3 (32808632)|ENTERING_MANAGED_PKG|
17:44:34.3 (32812390)|USER_DEBUG|[423]|DEBUG|This is not accessible: ownerid### label: Owner ID ## name: OwnerId## localname: OwnerId
17:44:34.3 (32826834)|HEAP_ALLOCATE|[394]|Bytes:5
17:44:34.3 (32839866)|VARIABLE_SCOPE_BEGIN|[394]|sfield|String|false|false
17:44:34.3 (32848238)|VARIABLE_ASSIGNMENT|[394]|sfield|"isdeleted"
17:44:34.3 (32851167)|STATEMENT_EXECUTE|[394]
17:44:34.3 (32859890)|ENTERING_MANAGED_PKG|
17:44:34.3 (32976611)|HEAP_ALLOCATE|[397]|Bytes:8
17:44:34.3 (32990534)|STATEMENT_EXECUTE|[397]
17:44:34.3 (33001715)|ENTERING_MANAGED_PKG|
17:44:34.3 (33035397)|HEAP_ALLOCATE|[400]|Bytes:8
17:44:34.3 (33046540)|STATEMENT_EXECUTE|[400]
17:44:34.3 (33056086)|ENTERING_MANAGED_PKG|
17:44:34.3 (33085242)|HEAP_ALLOCATE|[404]|Bytes:8
17:44:34.3 (33096022)|STATEMENT_EXECUTE|[422]
17:44:34.3 (33097616)|STATEMENT_EXECUTE|[423]
17:44:34.3 (33107336)|ENTERING_MANAGED_PKG|
17:44:34.3 (33135935)|HEAP_ALLOCATE|[423]|Bytes:8
17:44:34.3 (33147076)|HEAP_ALLOCATE|[423]|Bytes:7
17:44:34.3 (33157776)|ENTERING_MANAGED_PKG|
17:44:34.3 (33187074)|HEAP_ALLOCATE|[423]|Bytes:8
17:44:34.3 (33197416)|HEAP_ALLOCATE|[423]|Bytes:9
17:44:34.3 (33203816)|HEAP_ALLOCATE|[423]|Bytes:70
17:44:34.3 (33214423)|ENTERING_MANAGED_PKG|
17:44:34.3 (33243435)|HEAP_ALLOCATE|[423]|Bytes:8
17:44:34.3 (33253113)|HEAP_ALLOCATE|[423]|Bytes:9
17:44:34.3 (33258454)|HEAP_ALLOCATE|[423]|Bytes:23
17:44:34.3 (33262374)|HEAP_ALLOCATE|[423]|Bytes:93
17:44:34.3 (33272635)|ENTERING_MANAGED_PKG|
17:44:34.3 (33276172)|USER_DEBUG|[423]|DEBUG|This is not accessible: isdeleted### label: Deleted ## name: IsDeleted## localname: IsDeleted
17:44:34.3 (33290603)|HEAP_ALLOCATE|[394]|Bytes:5
17:44:34.3 (33303620)|VARIABLE_SCOPE_BEGIN|[394]|sfield|String|false|false
17:44:34.3 (33311692)|VARIABLE_ASSIGNMENT|[394]|sfield|"name"
17:44:34.3 (33314539)|STATEMENT_EXECUTE|[394]
17:44:34.3 (33323241)|ENTERING_MANAGED_PKG|
17:44:34.3 (33452133)|HEAP_ALLOCATE|[397]|Bytes:8
17:44:34.3 (33466203)|STATEMENT_EXECUTE|[397]
17:44:34.3 (33477268)|ENTERING_MANAGED_PKG|
17:44:34.3 (33515222)|HEAP_ALLOCATE|[400]|Bytes:8
17:44:34.3 (33526650)|STATEMENT_EXECUTE|[400]
17:44:34.3 (33536261)|ENTERING_MANAGED_PKG|
17:44:34.3 (33565473)|HEAP_ALLOCATE|[404]|Bytes:8
17:44:34.3 (33576275)|STATEMENT_EXECUTE|[422]
17:44:34.3 (33577810)|STATEMENT_EXECUTE|[423]
17:44:34.3 (33587473)|ENTERING_MANAGED_PKG|
17:44:34.3 (33616116)|HEAP_ALLOCATE|[423]|Bytes:8
17:44:34.3 (33627220)|HEAP_ALLOCATE|[423]|Bytes:12
17:44:34.3 (33637958)|ENTERING_MANAGED_PKG|
17:44:34.3 (33666814)|HEAP_ALLOCATE|[423]|Bytes:8
17:44:34.3 (33677010)|HEAP_ALLOCATE|[423]|Bytes:4
17:44:34.3 (33683667)|HEAP_ALLOCATE|[423]|Bytes:65
17:44:34.3 (33694448)|ENTERING_MANAGED_PKG|
17:44:34.3 (33723610)|HEAP_ALLOCATE|[423]|Bytes:8
17:44:34.3 (33733414)|HEAP_ALLOCATE|[423]|Bytes:4
17:44:34.3 (33738862)|HEAP_ALLOCATE|[423]|Bytes:18
17:44:34.3 (33742710)|HEAP_ALLOCATE|[423]|Bytes:83
17:44:34.3 (33752928)|ENTERING_MANAGED_PKG|
17:44:34.3 (33756552)|USER_DEBUG|[423]|DEBUG|This is not accessible: name### label: Expense Name ## name: Name## localname: Name
17:44:34.3 (33770610)|HEAP_ALLOCATE|[394]|Bytes:5
17:44:34.3 (33783143)|VARIABLE_SCOPE_BEGIN|[394]|sfield|String|false|false
17:44:34.3 (33791354)|VARIABLE_ASSIGNMENT|[394]|sfield|"createddate"
17:44:34.3 (33794231)|STATEMENT_EXECUTE|[394]
17:44:34.3 (33803018)|ENTERING_MANAGED_PKG|
17:44:34.3 (33932176)|HEAP_ALLOCATE|[397]|Bytes:8
17:44:34.3 (33946241)|STATEMENT_EXECUTE|[397]
17:44:34.3 (33957185)|ENTERING_MANAGED_PKG|
17:44:34.3 (33988948)|HEAP_ALLOCATE|[400]|Bytes:8
17:44:34.3 (33999989)|STATEMENT_EXECUTE|[400]
17:44:34.3 (34009283)|ENTERING_MANAGED_PKG|
17:44:34.3 (34040079)|HEAP_ALLOCATE|[404]|Bytes:8
17:44:34.3 (34051078)|STATEMENT_EXECUTE|[422]
17:44:34.3 (34052745)|STATEMENT_EXECUTE|[423]
17:44:34.3 (34062403)|ENTERING_MANAGED_PKG|
17:44:34.3 (34091361)|HEAP_ALLOCATE|[423]|Bytes:8
17:44:34.3 (34102626)|HEAP_ALLOCATE|[423]|Bytes:12
17:44:34.3 (34113427)|ENTERING_MANAGED_PKG|
17:44:34.3 (34142041)|HEAP_ALLOCATE|[423]|Bytes:8
17:44:34.3 (34152197)|HEAP_ALLOCATE|[423]|Bytes:11
17:44:34.3 (34158546)|HEAP_ALLOCATE|[423]|Bytes:79
17:44:34.3 (34169140)|ENTERING_MANAGED_PKG|
17:44:34.3 (34197985)|HEAP_ALLOCATE|[423]|Bytes:8
17:44:34.3 (34207759)|HEAP_ALLOCATE|[423]|Bytes:11
17:44:34.3 (34213354)|HEAP_ALLOCATE|[423]|Bytes:25
17:44:34.3 (34217271)|HEAP_ALLOCATE|[423]|Bytes:104
17:44:34.3 (34227364)|ENTERING_MANAGED_PKG|
17:44:34.3 (34230888)|USER_DEBUG|[423]|DEBUG|This is not accessible: createddate### label: Created Date ## name: CreatedDate## localname: CreatedDate
17:44:34.3 (34244988)|HEAP_ALLOCATE|[394]|Bytes:5
17:44:34.3 (34257521)|VARIABLE_SCOPE_BEGIN|[394]|sfield|String|false|false
17:44:34.3 (34265987)|VARIABLE_ASSIGNMENT|[394]|sfield|"createdbyid"
17:44:34.3 (34268871)|STATEMENT_EXECUTE|[394]
17:44:34.3 (34277594)|ENTERING_MANAGED_PKG|
17:44:34.3 (34410358)|HEAP_ALLOCATE|[397]|Bytes:8
17:44:34.3 (34424569)|STATEMENT_EXECUTE|[397]
17:44:34.3 (34435596)|ENTERING_MANAGED_PKG|
17:44:34.3 (34467540)|HEAP_ALLOCATE|[400]|Bytes:8
17:44:34.3 (34482516)|STATEMENT_EXECUTE|[400]
17:44:34.3 (34493101)|ENTERING_MANAGED_PKG|
17:44:34.3 (34523381)|HEAP_ALLOCATE|[404]|Bytes:8
17:44:34.3 (34534338)|STATEMENT_EXECUTE|[422]
17:44:34.3 (34535972)|STATEMENT_EXECUTE|[423]
17:44:34.3 (34545722)|ENTERING_MANAGED_PKG|
17:44:34.3 (34574621)|HEAP_ALLOCATE|[423]|Bytes:8
17:44:34.3 (34585620)|HEAP_ALLOCATE|[423]|Bytes:13
17:44:34.3 (34596461)|ENTERING_MANAGED_PKG|
17:44:34.3 (34625194)|HEAP_ALLOCATE|[423]|Bytes:8
17:44:34.3 (34635513)|HEAP_ALLOCATE|[423]|Bytes:11
17:44:34.3 (34641779)|HEAP_ALLOCATE|[423]|Bytes:80
17:44:34.3 (34652396)|ENTERING_MANAGED_PKG|
17:44:34.3 (34681570)|HEAP_ALLOCATE|[423]|Bytes:8
17:44:34.3 (34691398)|HEAP_ALLOCATE|[423]|Bytes:11
17:44:34.3 (34696811)|HEAP_ALLOCATE|[423]|Bytes:25
17:44:34.3 (34700636)|HEAP_ALLOCATE|[423]|Bytes:105
17:44:34.3 (34710761)|ENTERING_MANAGED_PKG|
17:44:34.3 (34718596)|USER_DEBUG|[423]|DEBUG|This is not accessible: createdbyid### label: Created By ID ## name: CreatedById## localname: CreatedById
17:44:34.3 (34733194)|HEAP_ALLOCATE|[394]|Bytes:5
17:44:34.3 (34745943)|VARIABLE_SCOPE_BEGIN|[394]|sfield|String|false|false
17:44:34.3 (34754424)|VARIABLE_ASSIGNMENT|[394]|sfield|"lastmodifieddate"
17:44:34.3 (34757346)|STATEMENT_EXECUTE|[394]
17:44:34.3 (34766436)|ENTERING_MANAGED_PKG|
17:44:34.3 (34890662)|HEAP_ALLOCATE|[397]|Bytes:8
17:44:34.3 (34904727)|STATEMENT_EXECUTE|[397]
17:44:34.3 (34915704)|ENTERING_MANAGED_PKG|
17:44:34.3 (34947547)|HEAP_ALLOCATE|[400]|Bytes:8
17:44:34.3 (34958481)|STATEMENT_EXECUTE|[400]
17:44:34.3 (34967748)|ENTERING_MANAGED_PKG|
17:44:34.3 (34996703)|HEAP_ALLOCATE|[404]|Bytes:8
17:44:34.3 (35007875)|STATEMENT_EXECUTE|[422]
17:44:34.3 (35010284)|STATEMENT_EXECUTE|[423]
17:44:34.3 (35020343)|ENTERING_MANAGED_PKG|
17:44:34.3 (35049525)|HEAP_ALLOCATE|[423]|Bytes:8
17:44:34.3 (35060726)|HEAP_ALLOCATE|[423]|Bytes:18
17:44:34.3 (35071592)|ENTERING_MANAGED_PKG|
17:44:34.3 (35100543)|HEAP_ALLOCATE|[423]|Bytes:8
17:44:34.3 (35110787)|HEAP_ALLOCATE|[423]|Bytes:16
17:44:34.3 (35117158)|HEAP_ALLOCATE|[423]|Bytes:95
17:44:34.3 (35127692)|ENTERING_MANAGED_PKG|
17:44:34.3 (35156911)|HEAP_ALLOCATE|[423]|Bytes:8
17:44:34.3 (35166788)|HEAP_ALLOCATE|[423]|Bytes:16
17:44:34.3 (35172127)|HEAP_ALLOCATE|[423]|Bytes:30
17:44:34.3 (35176027)|HEAP_ALLOCATE|[423]|Bytes:125
17:44:34.3 (35185977)|ENTERING_MANAGED_PKG|
17:44:34.3 (35189495)|USER_DEBUG|[423]|DEBUG|This is not accessible: lastmodifieddate### label: Last Modified Date ## name: LastModifiedDate## localname: LastModifiedDate
17:44:34.3 (35203228)|HEAP_ALLOCATE|[394]|Bytes:5
17:44:34.3 (35215837)|VARIABLE_SCOPE_BEGIN|[394]|sfield|String|false|false
17:44:34.3 (35223982)|VARIABLE_ASSIGNMENT|[394]|sfield|"lastmodifiedbyid"
17:44:34.3 (35227114)|STATEMENT_EXECUTE|[394]
17:44:34.3 (35235741)|ENTERING_MANAGED_PKG|
17:44:34.3 (35366350)|HEAP_ALLOCATE|[397]|Bytes:8
17:44:34.3 (35380335)|STATEMENT_EXECUTE|[397]
17:44:34.3 (35391084)|ENTERING_MANAGED_PKG|
17:44:34.3 (35422753)|HEAP_ALLOCATE|[400]|Bytes:8
17:44:34.3 (35433681)|STATEMENT_EXECUTE|[400]
17:44:34.3 (35442989)|ENTERING_MANAGED_PKG|
17:44:34.3 (35471818)|HEAP_ALLOCATE|[404]|Bytes:8
17:44:34.3 (35487005)|STATEMENT_EXECUTE|[422]
17:44:34.3 (35488762)|STATEMENT_EXECUTE|[423]
17:44:34.3 (35499338)|ENTERING_MANAGED_PKG|
17:44:34.3 (35529781)|HEAP_ALLOCATE|[423]|Bytes:8
17:44:34.3 (35541157)|HEAP_ALLOCATE|[423]|Bytes:19
17:44:34.3 (35551987)|ENTERING_MANAGED_PKG|
17:44:34.3 (35581077)|HEAP_ALLOCATE|[423]|Bytes:8
17:44:34.3 (35591217)|HEAP_ALLOCATE|[423]|Bytes:16
17:44:34.3 (35597360)|HEAP_ALLOCATE|[423]|Bytes:96
17:44:34.3 (35607765)|ENTERING_MANAGED_PKG|
17:44:34.3 (35637130)|HEAP_ALLOCATE|[423]|Bytes:8
17:44:34.3 (35646741)|HEAP_ALLOCATE|[423]|Bytes:16
17:44:34.3 (35652452)|HEAP_ALLOCATE|[423]|Bytes:30
17:44:34.3 (35656227)|HEAP_ALLOCATE|[423]|Bytes:126
17:44:34.3 (35666391)|ENTERING_MANAGED_PKG|
17:44:34.3 (35669889)|USER_DEBUG|[423]|DEBUG|This is not accessible: lastmodifiedbyid### label: Last Modified By ID ## name: LastModifiedById## localname: LastModifiedById
17:44:34.3 (35683453)|HEAP_ALLOCATE|[394]|Bytes:5
17:44:34.3 (35695755)|VARIABLE_SCOPE_BEGIN|[394]|sfield|String|false|false
17:44:34.3 (35703637)|VARIABLE_ASSIGNMENT|[394]|sfield|"systemmodstamp"
17:44:34.3 (35706461)|STATEMENT_EXECUTE|[394]
17:44:34.3 (35715214)|ENTERING_MANAGED_PKG|
17:44:34.3 (35824723)|HEAP_ALLOCATE|[397]|Bytes:8
17:44:34.3 (35838672)|STATEMENT_EXECUTE|[397]
17:44:34.3 (35849612)|ENTERING_MANAGED_PKG|
17:44:34.3 (35881458)|HEAP_ALLOCATE|[400]|Bytes:8
17:44:34.3 (35892429)|STATEMENT_EXECUTE|[400]
17:44:34.3 (35901735)|ENTERING_MANAGED_PKG|
17:44:34.3 (35930798)|HEAP_ALLOCATE|[404]|Bytes:8
17:44:34.3 (35941473)|STATEMENT_EXECUTE|[422]
17:44:34.3 (35943255)|STATEMENT_EXECUTE|[423]
17:44:34.3 (35953255)|ENTERING_MANAGED_PKG|
17:44:34.3 (35982515)|HEAP_ALLOCATE|[423]|Bytes:8
17:44:34.3 (35993881)|HEAP_ALLOCATE|[423]|Bytes:15
17:44:34.3 (36004555)|ENTERING_MANAGED_PKG|
17:44:34.3 (36034711)|HEAP_ALLOCATE|[423]|Bytes:8
17:44:34.3 (36045048)|HEAP_ALLOCATE|[423]|Bytes:14
17:44:34.3 (36057103)|HEAP_ALLOCATE|[423]|Bytes:88
17:44:34.3 (36068710)|ENTERING_MANAGED_PKG|
17:44:34.3 (36099526)|HEAP_ALLOCATE|[423]|Bytes:8
17:44:34.3 (36109450)|HEAP_ALLOCATE|[423]|Bytes:14
17:44:34.3 (36114921)|HEAP_ALLOCATE|[423]|Bytes:28
17:44:34.3 (36118755)|HEAP_ALLOCATE|[423]|Bytes:116
17:44:34.3 (36128932)|ENTERING_MANAGED_PKG|
17:44:34.3 (36132417)|USER_DEBUG|[423]|DEBUG|This is not accessible: systemmodstamp### label: System Modstamp ## name: SystemModstamp## localname: SystemModstamp
17:44:34.3 (36146499)|HEAP_ALLOCATE|[394]|Bytes:5
17:44:34.3 (36158758)|VARIABLE_SCOPE_BEGIN|[394]|sfield|String|false|false
17:44:34.3 (36166542)|VARIABLE_ASSIGNMENT|[394]|sfield|"lastvieweddate"
17:44:34.3 (36169498)|STATEMENT_EXECUTE|[394]
17:44:34.3 (36178318)|ENTERING_MANAGED_PKG|
17:44:34.3 (36286236)|HEAP_ALLOCATE|[397]|Bytes:8
17:44:34.3 (36300170)|STATEMENT_EXECUTE|[397]
17:44:34.3 (36310938)|ENTERING_MANAGED_PKG|
17:44:34.3 (36342374)|HEAP_ALLOCATE|[400]|Bytes:8
17:44:34.3 (36353444)|STATEMENT_EXECUTE|[400]
17:44:34.3 (36362618)|ENTERING_MANAGED_PKG|
17:44:34.3 (36391810)|HEAP_ALLOCATE|[404]|Bytes:8
17:44:34.3 (36402742)|STATEMENT_EXECUTE|[422]
17:44:34.3 (36404311)|STATEMENT_EXECUTE|[423]
17:44:34.3 (36414131)|ENTERING_MANAGED_PKG|
17:44:34.3 (36443287)|HEAP_ALLOCATE|[423]|Bytes:8
17:44:34.3 (36454364)|HEAP_ALLOCATE|[423]|Bytes:16
17:44:34.3 (36465186)|ENTERING_MANAGED_PKG|
17:44:34.3 (36498952)|HEAP_ALLOCATE|[423]|Bytes:8
17:44:34.3 (36509732)|HEAP_ALLOCATE|[423]|Bytes:14
17:44:34.3 (36516247)|HEAP_ALLOCATE|[423]|Bytes:89
17:44:34.3 (36527125)|ENTERING_MANAGED_PKG|
17:44:34.3 (36556829)|HEAP_ALLOCATE|[423]|Bytes:8
17:44:34.3 (36566577)|HEAP_ALLOCATE|[423]|Bytes:14
17:44:34.3 (36571916)|HEAP_ALLOCATE|[423]|Bytes:28
17:44:34.3 (36576223)|HEAP_ALLOCATE|[423]|Bytes:117
17:44:34.3 (36586259)|ENTERING_MANAGED_PKG|
17:44:34.3 (36589729)|USER_DEBUG|[423]|DEBUG|This is not accessible: lastvieweddate### label: Last Viewed Date ## name: LastViewedDate## localname: LastViewedDate
17:44:34.3 (36603671)|HEAP_ALLOCATE|[394]|Bytes:5
17:44:34.3 (36616215)|VARIABLE_SCOPE_BEGIN|[394]|sfield|String|false|false
17:44:34.3 (36624155)|VARIABLE_ASSIGNMENT|[394]|sfield|"lastreferenceddate"
17:44:34.3 (36626925)|STATEMENT_EXECUTE|[394]
17:44:34.3 (36635713)|ENTERING_MANAGED_PKG|
17:44:34.3 (36742988)|HEAP_ALLOCATE|[397]|Bytes:8
17:44:34.3 (36756873)|STATEMENT_EXECUTE|[397]
17:44:34.3 (36767797)|ENTERING_MANAGED_PKG|
17:44:34.3 (36799640)|HEAP_ALLOCATE|[400]|Bytes:8
17:44:34.3 (36810600)|STATEMENT_EXECUTE|[400]
17:44:34.3 (36819920)|ENTERING_MANAGED_PKG|
17:44:34.3 (36849070)|HEAP_ALLOCATE|[404]|Bytes:8
17:44:34.3 (36859899)|STATEMENT_EXECUTE|[422]
17:44:34.3 (36861558)|STATEMENT_EXECUTE|[423]
17:44:34.3 (36871266)|ENTERING_MANAGED_PKG|
17:44:34.3 (36900854)|HEAP_ALLOCATE|[423]|Bytes:8
17:44:34.3 (36912232)|HEAP_ALLOCATE|[423]|Bytes:20
17:44:34.3 (36922936)|ENTERING_MANAGED_PKG|
17:44:34.3 (36951924)|HEAP_ALLOCATE|[423]|Bytes:8
17:44:34.3 (36962319)|HEAP_ALLOCATE|[423]|Bytes:18
17:44:34.3 (36968613)|HEAP_ALLOCATE|[423]|Bytes:101
17:44:34.3 (36979282)|ENTERING_MANAGED_PKG|
17:44:34.3 (37008620)|HEAP_ALLOCATE|[423]|Bytes:8
17:44:34.3 (37019327)|HEAP_ALLOCATE|[423]|Bytes:18
17:44:34.3 (37024799)|HEAP_ALLOCATE|[423]|Bytes:32
17:44:34.3 (37028604)|HEAP_ALLOCATE|[423]|Bytes:133
17:44:34.3 (37038680)|ENTERING_MANAGED_PKG|
17:44:34.3 (37042135)|USER_DEBUG|[423]|DEBUG|This is not accessible: lastreferenceddate### label: Last Referenced Date ## name: LastReferencedDate## localname: LastReferencedDate
17:44:34.3 (37055763)|HEAP_ALLOCATE|[394]|Bytes:5
17:44:34.3 (37068231)|VARIABLE_SCOPE_BEGIN|[394]|sfield|String|false|false
17:44:34.3 (37079229)|VARIABLE_ASSIGNMENT|[394]|sfield|"shiva15testns__amoun (4 more) ..."
17:44:34.3 (37082296)|STATEMENT_EXECUTE|[394]
17:44:34.3 (37091666)|ENTERING_MANAGED_PKG|
17:44:34.3 (37804062)|HEAP_ALLOCATE|[397]|Bytes:8
17:44:34.3 (37818932)|STATEMENT_EXECUTE|[397]
17:44:34.3 (37820678)|STATEMENT_EXECUTE|[398]
17:44:34.3 (37825057)|HEAP_ALLOCATE|[398]|Bytes:24
17:44:34.3 (37840378)|ENTERING_MANAGED_PKG|
17:44:34.3 (37908775)|HEAP_ALLOCATE|[398]|Bytes:8
17:44:34.3 (37925725)|HEAP_ALLOCATE|[398]|Bytes:6
17:44:34.3 (37934505)|HEAP_ALLOCATE|[398]|Bytes:30
17:44:34.3 (37948230)|ENTERING_MANAGED_PKG|
17:44:34.3 (37952040)|USER_DEBUG|[398]|DEBUG|This is a custom Field: Amount
17:44:34.3 (37963416)|ENTERING_MANAGED_PKG|
17:44:34.3 (37996443)|HEAP_ALLOCATE|[400]|Bytes:8
17:44:34.3 (38008249)|STATEMENT_EXECUTE|[400]
17:44:34.3 (38010834)|STATEMENT_EXECUTE|[401]
17:44:34.3 (38014963)|HEAP_ALLOCATE|[401]|Bytes:34
17:44:34.3 (38018897)|HEAP_ALLOCATE|[401]|Bytes:10
17:44:34.3 (38030594)|ENTERING_MANAGED_PKG|
17:44:34.3 (38088672)|HEAP_ALLOCATE|[401]|Bytes:8
17:44:34.3 (38104984)|HEAP_ALLOCATE|[401]|Bytes:6
17:44:34.3 (38119047)|HEAP_ALLOCATE|[401]|Bytes:74
17:44:34.3 (38131649)|ENTERING_MANAGED_PKG|
17:44:34.3 (38135295)|USER_DEBUG|[401]|DEBUG|This is a isPermissionable Field: shiva15testns__amount__c### name: Amount
17:44:34.3 (38146247)|ENTERING_MANAGED_PKG|
17:44:34.3 (38179712)|HEAP_ALLOCATE|[404]|Bytes:8
17:44:34.3 (38191530)|STATEMENT_EXECUTE|[404]
17:44:34.3 (38193207)|STATEMENT_EXECUTE|[405]
17:44:34.3 (38203991)|ENTERING_MANAGED_PKG|
17:44:34.3 (38260013)|HEAP_ALLOCATE|[405]|Bytes:8
17:44:34.3 (38276303)|HEAP_ALLOCATE|[405]|Bytes:6
17:44:34.3 (38281688)|VARIABLE_SCOPE_BEGIN|[405]|labelOfField|String|false|false
17:44:34.3 (38290414)|VARIABLE_ASSIGNMENT|[405]|labelOfField|"Amount"
17:44:34.3 (38306344)|ENTERING_MANAGED_PKG|
17:44:34.3 (38334494)|STATEMENT_EXECUTE|[407]
17:44:34.3 (38345816)|ENTERING_MANAGED_PKG|
17:44:34.3 (38366401)|STATEMENT_EXECUTE|[408]
17:44:34.3 (38368618)|STATEMENT_EXECUTE|[409]
17:44:34.3 (38372919)|HEAP_ALLOCATE|[409]|Bytes:41
17:44:34.3 (38386003)|ENTERING_MANAGED_PKG|
17:44:34.3 (38440359)|HEAP_ALLOCATE|[409]|Bytes:8
17:44:34.3 (38457306)|HEAP_ALLOCATE|[409]|Bytes:24
17:44:34.3 (38465883)|HEAP_ALLOCATE|[409]|Bytes:116
17:44:34.3 (38483259)|ENTERING_MANAGED_PKG|
17:44:34.3 (38521158)|HEAP_ALLOCATE|[409]|Bytes:8
17:44:34.3 (38535780)|HEAP_ALLOCATE|[409]|Bytes:9
17:44:34.3 (38542879)|HEAP_ALLOCATE|[409]|Bytes:23
17:44:34.3 (38547306)|HEAP_ALLOCATE|[409]|Bytes:139
17:44:34.3 (38559545)|ENTERING_MANAGED_PKG|
17:44:34.3 (38563106)|USER_DEBUG|[409]|DEBUG|this is the wanted Field Name### sfield: shiva15testns__amount__c### label: Amount ## name: shiva15testns__Amount__c## localname: Amount__c
17:44:34.3 (38569619)|STATEMENT_EXECUTE|[410]
17:44:34.3 (38578553)|HEAP_ALLOCATE|[410]|Bytes:4
17:44:34.3 (38911763)|HEAP_ALLOCATE|[410]|Bytes:16
17:44:34.3 (38947123)|CONSTRUCTOR_ENTRY|[410]|01p36000005Jpvx|<init>(String,String,shiva15testns.PermissionSetPortalControllers.FieldPermissionsClass)
17:44:34.3 (38986525)|VARIABLE_SCOPE_BEGIN|[1013]|this|shiva15testns.PermissionSetPortalControllers.FieldDetailsClass|true|false
17:44:34.3 (39029682)|VARIABLE_ASSIGNMENT|[1013]|this|{}|0x55786d4f
17:44:34.3 (39036680)|VARIABLE_SCOPE_BEGIN|[1013]|fieldName|String|false|false
17:44:34.3 (39047726)|VARIABLE_ASSIGNMENT|[1013]|fieldName|"shiva15testns__amoun (4 more) ..."
17:44:34.3 (39052222)|VARIABLE_SCOPE_BEGIN|[1013]|fieldLabel|String|false|false
17:44:34.3 (39056029)|VARIABLE_ASSIGNMENT|[1013]|fieldLabel|"Amount"
17:44:34.3 (39059456)|VARIABLE_SCOPE_BEGIN|[1013]|fieldPermissions|shiva15testns.PermissionSetPortalControllers.FieldPermissionsClass|true|false
17:44:34.3 (39064052)|VARIABLE_ASSIGNMENT|[1013]|fieldPermissions|null|
17:44:34.3 (39067858)|STATEMENT_EXECUTE|[1004]
17:44:34.3 (39069477)|STATEMENT_EXECUTE|[1007]
17:44:34.3 (39071059)|STATEMENT_EXECUTE|[1009]
17:44:34.3 (39072322)|STATEMENT_EXECUTE|[1011]
17:44:34.3 (39081951)|HEAP_ALLOCATE|[1014]|Bytes:6
17:44:34.3 (39114806)|STATEMENT_EXECUTE|[1013]
17:44:34.3 (39116848)|STATEMENT_EXECUTE|[1014]
17:44:34.3 (39131329)|VARIABLE_ASSIGNMENT|[1014]|this.fieldName|"shiva15testns__amoun (4 more) ..."|0x55786d4f
17:44:34.3 (39133898)|STATEMENT_EXECUTE|[1015]
17:44:34.3 (39139719)|VARIABLE_ASSIGNMENT|[1015]|this.fieldLabel|"Amount"|0x55786d4f
17:44:34.3 (39142079)|STATEMENT_EXECUTE|[1016]
17:44:34.3 (39147421)|VARIABLE_ASSIGNMENT|[1016]|this.fieldPermissions|null|0x55786d4f
17:44:34.3 (39157515)|CONSTRUCTOR_EXIT|[410]|01p36000005Jpvx|<init>(String,String,shiva15testns.PermissionSetPortalControllers.FieldPermissionsClass)
17:44:34.3 (39178078)|VARIABLE_ASSIGNMENT|[410]|fieldClassObj|{"fieldLabel":"Amount","fieldName":"shiva15testns__amoun (4 more) ..."}|0x55786d4f
17:44:34.3 (39181902)|STATEMENT_EXECUTE|[411]
17:44:34.3 (39198820)|ENTERING_MANAGED_PKG|
17:44:34.3 (39223211)|HEAP_ALLOCATE|[EXTERNAL]|Bytes:4
17:44:34.3 (39231678)|STATEMENT_EXECUTE|[412]
17:44:34.3 (39241920)|ENTERING_MANAGED_PKG|
17:44:34.3 (39261771)|HEAP_ALLOCATE|[EXTERNAL]|Bytes:4
17:44:34.3 (39278187)|HEAP_ALLOCATE|[394]|Bytes:5
17:44:34.3 (39291658)|VARIABLE_SCOPE_BEGIN|[394]|sfield|String|false|false
17:44:34.3 (39300761)|VARIABLE_ASSIGNMENT|[394]|sfield|"shiva15testns__clien (4 more) ..."
17:44:34.3 (39303802)|STATEMENT_EXECUTE|[394]
17:44:34.3 (39314370)|ENTERING_MANAGED_PKG|
17:44:34.3 (39457354)|HEAP_ALLOCATE|[397]|Bytes:8
17:44:34.3 (39471741)|STATEMENT_EXECUTE|[397]
17:44:34.3 (39473442)|STATEMENT_EXECUTE|[398]
17:44:34.3 (39489979)|ENTERING_MANAGED_PKG|
17:44:34.3 (39526345)|HEAP_ALLOCATE|[398]|Bytes:8
17:44:34.3 (39538276)|HEAP_ALLOCATE|[398]|Bytes:6
17:44:34.3 (39544116)|HEAP_ALLOCATE|[398]|Bytes:30
17:44:34.3 (39555209)|ENTERING_MANAGED_PKG|
17:44:34.3 (39559182)|USER_DEBUG|[398]|DEBUG|This is a custom Field: Client
17:44:34.3 (39570190)|ENTERING_MANAGED_PKG|
17:44:34.3 (39602233)|HEAP_ALLOCATE|[400]|Bytes:8
17:44:34.3 (39613690)|STATEMENT_EXECUTE|[400]
17:44:34.3 (39615264)|STATEMENT_EXECUTE|[401]
17:44:34.3 (39625344)|ENTERING_MANAGED_PKG|
17:44:34.3 (39656495)|HEAP_ALLOCATE|[401]|Bytes:8
17:44:34.3 (39667491)|HEAP_ALLOCATE|[401]|Bytes:6
17:44:34.3 (39673543)|HEAP_ALLOCATE|[401]|Bytes:74
17:44:34.3 (39683810)|ENTERING_MANAGED_PKG|
17:44:34.3 (39687178)|USER_DEBUG|[401]|DEBUG|This is a isPermissionable Field: shiva15testns__client__c### name: Client
17:44:34.3 (39697795)|ENTERING_MANAGED_PKG|
17:44:34.3 (39729155)|HEAP_ALLOCATE|[404]|Bytes:8
17:44:34.3 (39740215)|STATEMENT_EXECUTE|[404]
17:44:34.3 (39742096)|STATEMENT_EXECUTE|[405]
17:44:34.3 (39751160)|ENTERING_MANAGED_PKG|
17:44:34.3 (39781670)|HEAP_ALLOCATE|[405]|Bytes:8
17:44:34.3 (39792631)|HEAP_ALLOCATE|[405]|Bytes:6
17:44:34.3 (39797649)|VARIABLE_SCOPE_BEGIN|[405]|labelOfField|String|false|false
17:44:34.3 (39805826)|VARIABLE_ASSIGNMENT|[405]|labelOfField|"Client"
17:44:34.3 (39816570)|ENTERING_MANAGED_PKG|
17:44:34.3 (39825466)|STATEMENT_EXECUTE|[407]
17:44:34.3 (39831627)|ENTERING_MANAGED_PKG|
17:44:34.3 (39838073)|STATEMENT_EXECUTE|[408]
17:44:34.3 (39839631)|STATEMENT_EXECUTE|[409]
17:44:34.3 (39846672)|ENTERING_MANAGED_PKG|
17:44:34.3 (39878828)|HEAP_ALLOCATE|[409]|Bytes:8
17:44:34.3 (39889593)|HEAP_ALLOCATE|[409]|Bytes:24
17:44:34.3 (39895989)|HEAP_ALLOCATE|[409]|Bytes:116
17:44:34.3 (39906805)|ENTERING_MANAGED_PKG|
17:44:34.3 (39937629)|HEAP_ALLOCATE|[409]|Bytes:8
17:44:34.3 (39947361)|HEAP_ALLOCATE|[409]|Bytes:9
17:44:34.3 (39952965)|HEAP_ALLOCATE|[409]|Bytes:23
17:44:34.3 (39956862)|HEAP_ALLOCATE|[409]|Bytes:139
17:44:34.3 (39966840)|ENTERING_MANAGED_PKG|
17:44:34.3 (39970499)|USER_DEBUG|[409]|DEBUG|this is the wanted Field Name### sfield: shiva15testns__client__c### label: Client ## name: shiva15testns__Client__c## localname: Client__c
17:44:34.3 (39976799)|STATEMENT_EXECUTE|[410]
17:44:34.3 (39981485)|HEAP_ALLOCATE|[410]|Bytes:16
17:44:34.3 (39991795)|CONSTRUCTOR_ENTRY|[410]|01p36000005Jpvx|<init>(String,String,shiva15testns.PermissionSetPortalControllers.FieldPermissionsClass)
17:44:34.3 (39997353)|VARIABLE_SCOPE_BEGIN|[1013]|this|shiva15testns.PermissionSetPortalControllers.FieldDetailsClass|true|false
17:44:34.3 (40014703)|VARIABLE_ASSIGNMENT|[1013]|this|{}|0x6bbe0fa4
17:44:34.3 (40018716)|VARIABLE_SCOPE_BEGIN|[1013]|fieldName|String|false|false
17:44:34.3 (40024889)|VARIABLE_ASSIGNMENT|[1013]|fieldName|"shiva15testns__clien (4 more) ..."
17:44:34.3 (40026998)|VARIABLE_SCOPE_BEGIN|[1013]|fieldLabel|String|false|false
17:44:34.3 (40033314)|VARIABLE_ASSIGNMENT|[1013]|fieldLabel|"Client"
17:44:34.3 (40035404)|VARIABLE_SCOPE_BEGIN|[1013]|fieldPermissions|shiva15testns.PermissionSetPortalControllers.FieldPermissionsClass|true|false
17:44:34.3 (40038837)|VARIABLE_ASSIGNMENT|[1013]|fieldPermissions|null|
17:44:34.3 (40041957)|STATEMENT_EXECUTE|[1004]
17:44:34.3 (40043316)|STATEMENT_EXECUTE|[1007]
17:44:34.3 (40044689)|STATEMENT_EXECUTE|[1009]
17:44:34.3 (40045847)|STATEMENT_EXECUTE|[1011]
17:44:34.3 (40057632)|STATEMENT_EXECUTE|[1013]
17:44:34.3 (40059219)|STATEMENT_EXECUTE|[1014]
17:44:34.3 (40067672)|VARIABLE_ASSIGNMENT|[1014]|this.fieldName|"shiva15testns__clien (4 more) ..."|0x6bbe0fa4
17:44:34.3 (40070078)|STATEMENT_EXECUTE|[1015]
17:44:34.3 (40075230)|VARIABLE_ASSIGNMENT|[1015]|this.fieldLabel|"Client"|0x6bbe0fa4
17:44:34.3 (40077259)|STATEMENT_EXECUTE|[1016]
17:44:34.3 (40081984)|VARIABLE_ASSIGNMENT|[1016]|this.fieldPermissions|null|0x6bbe0fa4
17:44:34.3 (40091058)|CONSTRUCTOR_EXIT|[410]|01p36000005Jpvx|<init>(String,String,shiva15testns.PermissionSetPortalControllers.FieldPermissionsClass)
17:44:34.3 (40108690)|VARIABLE_ASSIGNMENT|[410]|fieldClassObj|{"fieldLabel":"Client","fieldName":"shiva15testns__clien (4 more) ..."}|0x6bbe0fa4
17:44:34.3 (40112370)|STATEMENT_EXECUTE|[411]
17:44:34.3 (40124362)|ENTERING_MANAGED_PKG|
17:44:34.3 (40129225)|HEAP_ALLOCATE|[EXTERNAL]|Bytes:4
17:44:34.3 (40135544)|STATEMENT_EXECUTE|[412]
17:44:34.3 (40142237)|ENTERING_MANAGED_PKG|
17:44:34.3 (40145846)|HEAP_ALLOCATE|[EXTERNAL]|Bytes:4
17:44:34.3 (40158744)|HEAP_ALLOCATE|[394]|Bytes:5
17:44:34.3 (40171259)|VARIABLE_SCOPE_BEGIN|[394]|sfield|String|false|false
17:44:34.3 (40179653)|VARIABLE_ASSIGNMENT|[394]|sfield|"shiva15testns__date_ (2 more) ..."
17:44:34.3 (40182559)|STATEMENT_EXECUTE|[394]
17:44:34.3 (40191445)|ENTERING_MANAGED_PKG|
17:44:34.3 (40327268)|HEAP_ALLOCATE|[397]|Bytes:8
17:44:34.3 (40341396)|STATEMENT_EXECUTE|[397]
17:44:34.3 (40343008)|STATEMENT_EXECUTE|[398]
17:44:34.3 (40354206)|ENTERING_MANAGED_PKG|
17:44:34.3 (40388314)|HEAP_ALLOCATE|[398]|Bytes:8
17:44:34.3 (40399699)|HEAP_ALLOCATE|[398]|Bytes:4
17:44:34.3 (40405259)|HEAP_ALLOCATE|[398]|Bytes:28
17:44:34.3 (40415763)|ENTERING_MANAGED_PKG|
17:44:34.3 (40419452)|USER_DEBUG|[398]|DEBUG|This is a custom Field: Date
17:44:34.3 (40430056)|ENTERING_MANAGED_PKG|
17:44:34.3 (40461770)|HEAP_ALLOCATE|[400]|Bytes:8
17:44:34.3 (40473217)|STATEMENT_EXECUTE|[400]
17:44:34.3 (40474795)|STATEMENT_EXECUTE|[401]
17:44:34.3 (40489838)|ENTERING_MANAGED_PKG|
17:44:34.3 (40522454)|HEAP_ALLOCATE|[401]|Bytes:8
17:44:34.3 (40533445)|HEAP_ALLOCATE|[401]|Bytes:4
17:44:34.3 (40539375)|HEAP_ALLOCATE|[401]|Bytes:70
17:44:34.3 (40549517)|ENTERING_MANAGED_PKG|
17:44:34.3 (40553013)|USER_DEBUG|[401]|DEBUG|This is a isPermissionable Field: shiva15testns__date__c### name: Date
17:44:34.3 (40563454)|ENTERING_MANAGED_PKG|
17:44:34.3 (40594732)|HEAP_ALLOCATE|[404]|Bytes:8
17:44:34.3 (40605837)|STATEMENT_EXECUTE|[404]
17:44:34.3 (40607433)|STATEMENT_EXECUTE|[405]
17:44:34.3 (40616559)|ENTERING_MANAGED_PKG|
17:44:34.3 (40647086)|HEAP_ALLOCATE|[405]|Bytes:8
17:44:34.3 (40658086)|HEAP_ALLOCATE|[405]|Bytes:4
17:44:34.3 (40662982)|VARIABLE_SCOPE_BEGIN|[405]|labelOfField|String|false|false
17:44:34.3 (40670602)|VARIABLE_ASSIGNMENT|[405]|labelOfField|"Date"
17:44:34.3 (40681203)|ENTERING_MANAGED_PKG|
17:44:34.3 (40689693)|STATEMENT_EXECUTE|[407]
17:44:34.3 (40695866)|ENTERING_MANAGED_PKG|
17:44:34.3 (40702005)|STATEMENT_EXECUTE|[408]
17:44:34.3 (40703920)|STATEMENT_EXECUTE|[409]
17:44:34.3 (40710983)|ENTERING_MANAGED_PKG|
17:44:34.3 (40743796)|HEAP_ALLOCATE|[409]|Bytes:8
17:44:34.3 (40754569)|HEAP_ALLOCATE|[409]|Bytes:22
17:44:34.3 (40760883)|HEAP_ALLOCATE|[409]|Bytes:110
17:44:34.3 (40771625)|ENTERING_MANAGED_PKG|
17:44:34.3 (40802502)|HEAP_ALLOCATE|[409]|Bytes:8
17:44:34.3 (40812365)|HEAP_ALLOCATE|[409]|Bytes:7
17:44:34.3 (40817871)|HEAP_ALLOCATE|[409]|Bytes:21
17:44:34.3 (40821806)|HEAP_ALLOCATE|[409]|Bytes:131
17:44:34.3 (40831651)|ENTERING_MANAGED_PKG|
17:44:34.3 (40835071)|USER_DEBUG|[409]|DEBUG|this is the wanted Field Name### sfield: shiva15testns__date__c### label: Date ## name: shiva15testns__Date__c## localname: Date__c
17:44:34.3 (40841000)|STATEMENT_EXECUTE|[410]
17:44:34.3 (40845591)|HEAP_ALLOCATE|[410]|Bytes:16
17:44:34.3 (40855861)|CONSTRUCTOR_ENTRY|[410]|01p36000005Jpvx|<init>(String,String,shiva15testns.PermissionSetPortalControllers.FieldPermissionsClass)
17:44:34.3 (40861090)|VARIABLE_SCOPE_BEGIN|[1013]|this|shiva15testns.PermissionSetPortalControllers.FieldDetailsClass|true|false
17:44:34.3 (40877732)|VARIABLE_ASSIGNMENT|[1013]|this|{}|0x23f76279
17:44:34.3 (40880611)|VARIABLE_SCOPE_BEGIN|[1013]|fieldName|String|false|false
17:44:34.3 (40886664)|VARIABLE_ASSIGNMENT|[1013]|fieldName|"shiva15testns__date_ (2 more) ..."
17:44:34.3 (40888737)|VARIABLE_SCOPE_BEGIN|[1013]|fieldLabel|String|false|false
17:44:34.3 (40891532)|VARIABLE_ASSIGNMENT|[1013]|fieldLabel|"Date"
17:44:34.3 (40893365)|VARIABLE_SCOPE_BEGIN|[1013]|fieldPermissions|shiva15testns.PermissionSetPortalControllers.FieldPermissionsClass|true|false
17:44:34.3 (40896683)|VARIABLE_ASSIGNMENT|[1013]|fieldPermissions|null|
17:44:34.3 (40899588)|STATEMENT_EXECUTE|[1004]
17:44:34.3 (40900869)|STATEMENT_EXECUTE|[1007]
17:44:34.3 (40902241)|STATEMENT_EXECUTE|[1009]
17:44:34.3 (40903403)|STATEMENT_EXECUTE|[1011]
17:44:34.3 (40914576)|STATEMENT_EXECUTE|[1013]
17:44:34.3 (40916230)|STATEMENT_EXECUTE|[1014]
17:44:34.3 (40928047)|VARIABLE_ASSIGNMENT|[1014]|this.fieldName|"shiva15testns__date_ (2 more) ..."|0x23f76279
17:44:34.3 (40930846)|STATEMENT_EXECUTE|[1015]
17:44:34.3 (40936125)|VARIABLE_ASSIGNMENT|[1015]|this.fieldLabel|"Date"|0x23f76279
17:44:34.3 (40938230)|STATEMENT_EXECUTE|[1016]
17:44:34.3 (40942970)|VARIABLE_ASSIGNMENT|[1016]|this.fieldPermissions|null|0x23f76279
17:44:34.3 (40952170)|CONSTRUCTOR_EXIT|[410]|01p36000005Jpvx|<init>(String,String,shiva15testns.PermissionSetPortalControllers.FieldPermissionsClass)
17:44:34.3 (40969610)|VARIABLE_ASSIGNMENT|[410]|fieldClassObj|{"fieldLabel":"Date","fieldName":"shiva15testns__date_ (2 more) ..."}|0x23f76279
17:44:34.3 (40973065)|STATEMENT_EXECUTE|[411]
17:44:34.3 (40984884)|ENTERING_MANAGED_PKG|
17:44:34.3 (40989429)|HEAP_ALLOCATE|[EXTERNAL]|Bytes:4
17:44:34.3 (40995577)|STATEMENT_EXECUTE|[412]
17:44:34.3 (41002073)|ENTERING_MANAGED_PKG|
17:44:34.3 (41006344)|HEAP_ALLOCATE|[EXTERNAL]|Bytes:4
17:44:34.3 (41019235)|HEAP_ALLOCATE|[394]|Bytes:5
17:44:34.3 (41031778)|VARIABLE_SCOPE_BEGIN|[394]|sfield|String|false|false
17:44:34.3 (41040181)|VARIABLE_ASSIGNMENT|[394]|sfield|"shiva15testns__reimb (8 more) ..."
17:44:34.3 (41043027)|STATEMENT_EXECUTE|[394]
17:44:34.3 (41051861)|ENTERING_MANAGED_PKG|
17:44:34.3 (41187469)|HEAP_ALLOCATE|[397]|Bytes:8
17:44:34.3 (41201634)|STATEMENT_EXECUTE|[397]
17:44:34.3 (41203268)|STATEMENT_EXECUTE|[398]
17:44:34.3 (41214744)|ENTERING_MANAGED_PKG|
17:44:34.3 (41248754)|HEAP_ALLOCATE|[398]|Bytes:8
17:44:34.3 (41260428)|HEAP_ALLOCATE|[398]|Bytes:11
17:44:34.3 (41266152)|HEAP_ALLOCATE|[398]|Bytes:35
17:44:34.3 (41276457)|ENTERING_MANAGED_PKG|
17:44:34.3 (41280152)|USER_DEBUG|[398]|DEBUG|This is a custom Field: Reimbursed?
17:44:34.3 (41290756)|ENTERING_MANAGED_PKG|
17:44:34.3 (41322717)|HEAP_ALLOCATE|[400]|Bytes:8
17:44:34.3 (41333936)|STATEMENT_EXECUTE|[400]
17:44:34.3 (41335497)|STATEMENT_EXECUTE|[401]
17:44:34.3 (41345433)|ENTERING_MANAGED_PKG|
17:44:34.3 (41376146)|HEAP_ALLOCATE|[401]|Bytes:8
17:44:34.3 (41387043)|HEAP_ALLOCATE|[401]|Bytes:11
17:44:34.3 (41393029)|HEAP_ALLOCATE|[401]|Bytes:83
17:44:34.3 (41403147)|ENTERING_MANAGED_PKG|
17:44:34.3 (41406502)|USER_DEBUG|[401]|DEBUG|This is a isPermissionable Field: shiva15testns__reimbursed__c### name: Reimbursed?
17:44:34.3 (41416858)|ENTERING_MANAGED_PKG|
17:44:34.3 (41448360)|HEAP_ALLOCATE|[404]|Bytes:8
17:44:34.3 (41459512)|STATEMENT_EXECUTE|[404]
17:44:34.3 (41461394)|STATEMENT_EXECUTE|[405]
17:44:34.3 (41470506)|ENTERING_MANAGED_PKG|
17:44:34.3 (41507401)|HEAP_ALLOCATE|[405]|Bytes:8
17:44:34.3 (41518834)|HEAP_ALLOCATE|[405]|Bytes:11
17:44:34.3 (41523870)|VARIABLE_SCOPE_BEGIN|[405]|labelOfField|String|false|false
17:44:34.3 (41531711)|VARIABLE_ASSIGNMENT|[405]|labelOfField|"Reimbursed?"
17:44:34.3 (41542389)|ENTERING_MANAGED_PKG|
17:44:34.3 (41550953)|STATEMENT_EXECUTE|[407]
17:44:34.3 (41557143)|ENTERING_MANAGED_PKG|
17:44:34.3 (41563314)|STATEMENT_EXECUTE|[408]
17:44:34.3 (41564840)|STATEMENT_EXECUTE|[409]
17:44:34.3 (41571922)|ENTERING_MANAGED_PKG|
17:44:34.3 (41604291)|HEAP_ALLOCATE|[409]|Bytes:8
17:44:34.3 (41615131)|HEAP_ALLOCATE|[409]|Bytes:28
17:44:34.3 (41621539)|HEAP_ALLOCATE|[409]|Bytes:129
17:44:34.3 (41632269)|ENTERING_MANAGED_PKG|
17:44:34.3 (41663236)|HEAP_ALLOCATE|[409]|Bytes:8
17:44:34.3 (41673161)|HEAP_ALLOCATE|[409]|Bytes:13
17:44:34.3 (41678569)|HEAP_ALLOCATE|[409]|Bytes:27
17:44:34.3 (41682471)|HEAP_ALLOCATE|[409]|Bytes:156
17:44:34.3 (41692557)|ENTERING_MANAGED_PKG|
17:44:34.3 (41695987)|USER_DEBUG|[409]|DEBUG|this is the wanted Field Name### sfield: shiva15testns__reimbursed__c### label: Reimbursed? ## name: shiva15testns__Reimbursed__c## localname: Reimbursed__c
17:44:34.3 (41702091)|STATEMENT_EXECUTE|[410]
17:44:34.3 (41706694)|HEAP_ALLOCATE|[410]|Bytes:16
17:44:34.3 (41716669)|CONSTRUCTOR_ENTRY|[410]|01p36000005Jpvx|<init>(String,String,shiva15testns.PermissionSetPortalControllers.FieldPermissionsClass)
17:44:34.3 (41721686)|VARIABLE_SCOPE_BEGIN|[1013]|this|shiva15testns.PermissionSetPortalControllers.FieldDetailsClass|true|false
17:44:34.3 (41738010)|VARIABLE_ASSIGNMENT|[1013]|this|{}|0x294f31f6
17:44:34.3 (41740919)|VARIABLE_SCOPE_BEGIN|[1013]|fieldName|String|false|false
17:44:34.3 (41746596)|VARIABLE_ASSIGNMENT|[1013]|fieldName|"shiva15testns__reimb (8 more) ..."
17:44:34.3 (41748576)|VARIABLE_SCOPE_BEGIN|[1013]|fieldLabel|String|false|false
17:44:34.3 (41751510)|VARIABLE_ASSIGNMENT|[1013]|fieldLabel|"Reimbursed?"
17:44:34.3 (41753392)|VARIABLE_SCOPE_BEGIN|[1013]|fieldPermissions|shiva15testns.PermissionSetPortalControllers.FieldPermissionsClass|true|false
17:44:34.3 (41756743)|VARIABLE_ASSIGNMENT|[1013]|fieldPermissions|null|
17:44:34.3 (41759768)|STATEMENT_EXECUTE|[1004]
17:44:34.3 (41761173)|STATEMENT_EXECUTE|[1007]
17:44:34.3 (41762536)|STATEMENT_EXECUTE|[1009]
17:44:34.3 (41763706)|STATEMENT_EXECUTE|[1011]
17:44:34.3 (41774962)|STATEMENT_EXECUTE|[1013]
17:44:34.3 (41776564)|STATEMENT_EXECUTE|[1014]
17:44:34.3 (41784757)|VARIABLE_ASSIGNMENT|[1014]|this.fieldName|"shiva15testns__reimb (8 more) ..."|0x294f31f6
17:44:34.3 (41787087)|STATEMENT_EXECUTE|[1015]
17:44:34.3 (41792028)|VARIABLE_ASSIGNMENT|[1015]|this.fieldLabel|"Reimbursed?"|0x294f31f6
17:44:34.3 (41794031)|STATEMENT_EXECUTE|[1016]
17:44:34.3 (41798624)|VARIABLE_ASSIGNMENT|[1016]|this.fieldPermissions|null|0x294f31f6
17:44:34.3 (41807127)|CONSTRUCTOR_EXIT|[410]|01p36000005Jpvx|<init>(String,String,shiva15testns.PermissionSetPortalControllers.FieldPermissionsClass)
17:44:34.3 (41828651)|VARIABLE_ASSIGNMENT|[410]|fieldClassObj|{"fieldLabel":"Reimbursed?","fieldName":"shiva15testns__reimb (8 more) ..."}|0x294f31f6
17:44:34.3 (41832277)|STATEMENT_EXECUTE|[411]
17:44:34.3 (41844070)|ENTERING_MANAGED_PKG|
17:44:34.3 (41848693)|HEAP_ALLOCATE|[EXTERNAL]|Bytes:4
17:44:34.3 (41854819)|STATEMENT_EXECUTE|[412]
17:44:34.3 (41861116)|ENTERING_MANAGED_PKG|
17:44:34.3 (41864453)|HEAP_ALLOCATE|[EXTERNAL]|Bytes:4
17:44:34.3 (41877456)|HEAP_ALLOCATE|[394]|Bytes:5
17:44:34.3 (41889220)|VARIABLE_ASSIGNMENT|[394]|sfield|null
17:44:34.3 (41893340)|STATEMENT_EXECUTE|[427]
17:44:34.3 (41912834)|METHOD_ENTRY|[427]|01p36000005Jpvx|shiva15testns.PermissionSetPortalControllers.sortTheFieldLabels(List<shiva15testns.PermissionSetPortalControllers.FieldDetailsClass>)
17:44:34.3 (41935174)|VARIABLE_SCOPE_BEGIN|[443]|listOfFieldDetailsClass|List<shiva15testns.PermissionSetPortalControllers.FieldDetailsClass>|true|false
17:44:34.3 (41979773)|VARIABLE_ASSIGNMENT|[443]|listOfFieldDetailsClass|{"s":1,"v":[{"fieldLabel":"Amount","fieldName":"shiva15testns__amoun (4 more) ..."},{"fieldLabel":"Client","fieldName":"shiva15testns__clien (4 more) ..."},{"fieldLabel":"Date","fieldName":"shiva15testns__date_ (2 more) ..."},{"fieldLabel":"Reimbursed?","fieldName":"shiva15testns__reimb (8 more) ..."}]}|0x6f94a3d2
17:44:34.3 (41991322)|HEAP_ALLOCATE|[444]|Bytes:5
17:44:34.3 (41995239)|STATEMENT_EXECUTE|[443]
17:44:34.3 (41996715)|STATEMENT_EXECUTE|[444]
17:44:34.3 (41997840)|STATEMENT_EXECUTE|[444]
17:44:34.3 (41999326)|STATEMENT_EXECUTE|[446]
17:44:34.3 (42003771)|HEAP_ALLOCATE|[446]|Bytes:4
17:44:34.3 (42018302)|ENTERING_MANAGED_PKG|
17:44:34.3 (42037768)|VARIABLE_SCOPE_BEGIN|[446]|fieldNames|List<String>|true|false
17:44:34.3 (42071636)|HEAP_ALLOCATE|[EXTERNAL]|Bytes:4
17:44:34.3 (42082664)|VARIABLE_ASSIGNMENT|[446]|fieldNames|{"s":1,"v":[]}|0x758c7d4c
17:44:34.3 (42086037)|STATEMENT_EXECUTE|[447]
17:44:34.3 (42090865)|HEAP_ALLOCATE|[447]|Bytes:4
17:44:34.3 (42103072)|ENTERING_MANAGED_PKG|
17:44:34.3 (42120192)|VARIABLE_SCOPE_BEGIN|[447]|finalFieldNameSortedList|List<shiva15testns.PermissionSetPortalControllers.FieldDetailsClass>|true|false
17:44:34.3 (42132154)|HEAP_ALLOCATE|[EXTERNAL]|Bytes:4
17:44:34.3 (42141641)|VARIABLE_ASSIGNMENT|[447]|finalFieldNameSortedList|{"s":1,"v":[]}|0x7b4df822
17:44:34.3 (42144766)|STATEMENT_EXECUTE|[448]
17:44:34.3 (42186424)|HEAP_ALLOCATE|[448]|Bytes:4
17:44:34.3 (42242077)|VARIABLE_SCOPE_BEGIN|[448]|mapForFieldLabelComparision|Map<String,shiva15testns.PermissionSetPortalControllers.FieldDetailsClass>|true|false
17:44:34.3 (42261972)|VARIABLE_ASSIGNMENT|[448]|mapForFieldLabelComparision|{"s":1,"v":{}}|0x2b5da63c
17:44:34.3 (42276890)|ENTERING_MANAGED_PKG|
17:44:34.3 (42460654)|HEAP_ALLOCATE|[450]|Bytes:5
17:44:34.3 (42474476)|HEAP_ALLOCATE|[450]|Bytes:16
17:44:34.3 (42486568)|VARIABLE_SCOPE_BEGIN|[450]|fieldObj|shiva15testns.PermissionSetPortalControllers.FieldDetailsClass|true|false
17:44:34.3 (42509190)|VARIABLE_ASSIGNMENT|[450]|fieldObj|{"fieldLabel":"Amount","fieldName":"shiva15testns__amoun (4 more) ..."}|0x55786d4f
17:44:34.3 (42513604)|STATEMENT_EXECUTE|[450]
17:44:34.3 (42515179)|STATEMENT_EXECUTE|[451]
17:44:34.3 (42532086)|ENTERING_MANAGED_PKG|
17:44:34.3 (42553780)|HEAP_ALLOCATE|[EXTERNAL]|Bytes:4
17:44:34.3 (42561294)|STATEMENT_EXECUTE|[452]
17:44:34.3 (42578314)|ENTERING_MANAGED_PKG|
17:44:34.3 (42601018)|HEAP_ALLOCATE|[EXTERNAL]|Bytes:-4
17:44:34.3 (42616812)|HEAP_ALLOCATE|[450]|Bytes:5
17:44:34.3 (42626545)|HEAP_ALLOCATE|[450]|Bytes:16
17:44:34.3 (42632537)|VARIABLE_SCOPE_BEGIN|[450]|fieldObj|shiva15testns.PermissionSetPortalControllers.FieldDetailsClass|true|false
17:44:34.3 (42652288)|VARIABLE_ASSIGNMENT|[450]|fieldObj|{"fieldLabel":"Client","fieldName":"shiva15testns__clien (4 more) ..."}|0x6bbe0fa4
17:44:34.3 (42656177)|STATEMENT_EXECUTE|[450]
17:44:34.3 (42657593)|STATEMENT_EXECUTE|[451]
17:44:34.3 (42669878)|ENTERING_MANAGED_PKG|
17:44:34.3 (42673748)|HEAP_ALLOCATE|[EXTERNAL]|Bytes:4
17:44:34.3 (42679505)|STATEMENT_EXECUTE|[452]
17:44:34.3 (42686586)|ENTERING_MANAGED_PKG|
17:44:34.3 (42691666)|HEAP_ALLOCATE|[EXTERNAL]|Bytes:-4
17:44:34.3 (42703498)|HEAP_ALLOCATE|[450]|Bytes:5
17:44:34.3 (42712655)|HEAP_ALLOCATE|[450]|Bytes:16
17:44:34.3 (42718421)|VARIABLE_SCOPE_BEGIN|[450]|fieldObj|shiva15testns.PermissionSetPortalControllers.FieldDetailsClass|true|false
17:44:34.3 (42735675)|VARIABLE_ASSIGNMENT|[450]|fieldObj|{"fieldLabel":"Date","fieldName":"shiva15testns__date_ (2 more) ..."}|0x23f76279
17:44:34.3 (42739190)|STATEMENT_EXECUTE|[450]
17:44:34.3 (42740546)|STATEMENT_EXECUTE|[451]
17:44:34.3 (42751870)|ENTERING_MANAGED_PKG|
17:44:34.3 (42755503)|HEAP_ALLOCATE|[EXTERNAL]|Bytes:4
17:44:34.3 (42761011)|STATEMENT_EXECUTE|[452]
17:44:34.3 (42767715)|ENTERING_MANAGED_PKG|
17:44:34.3 (42772500)|HEAP_ALLOCATE|[EXTERNAL]|Bytes:-4
17:44:34.3 (42784292)|HEAP_ALLOCATE|[450]|Bytes:5
17:44:34.3 (42793242)|HEAP_ALLOCATE|[450]|Bytes:16
17:44:34.3 (42798853)|VARIABLE_SCOPE_BEGIN|[450]|fieldObj|shiva15testns.PermissionSetPortalControllers.FieldDetailsClass|true|false
17:44:34.3 (42815735)|VARIABLE_ASSIGNMENT|[450]|fieldObj|{"fieldLabel":"Reimbursed?","fieldName":"shiva15testns__reimb (8 more) ..."}|0x294f31f6
17:44:34.3 (42822630)|STATEMENT_EXECUTE|[450]
17:44:34.3 (42824065)|STATEMENT_EXECUTE|[451]
17:44:34.3 (42835911)|ENTERING_MANAGED_PKG|
17:44:34.3 (42839625)|HEAP_ALLOCATE|[EXTERNAL]|Bytes:4
17:44:34.3 (42845213)|STATEMENT_EXECUTE|[452]
17:44:34.3 (42852022)|ENTERING_MANAGED_PKG|
17:44:34.3 (42856801)|HEAP_ALLOCATE|[EXTERNAL]|Bytes:-4
17:44:34.3 (42868714)|HEAP_ALLOCATE|[450]|Bytes:5
17:44:34.3 (42880146)|VARIABLE_ASSIGNMENT|[450]|fieldObj|null|
17:44:34.3 (42883306)|STATEMENT_EXECUTE|[454]
17:44:34.3 (42894820)|ENTERING_MANAGED_PKG|
17:44:34.3 (42935521)|ENTERING_MANAGED_PKG|
17:44:34.3 (42960640)|HEAP_ALLOCATE|[456]|Bytes:5
17:44:34.3 (42970911)|HEAP_ALLOCATE|[456]|Bytes:6
17:44:34.3 (42977868)|VARIABLE_SCOPE_BEGIN|[456]|str|String|false|false
17:44:34.3 (42985376)|VARIABLE_ASSIGNMENT|[456]|str|"Amount"
17:44:34.3 (42988285)|STATEMENT_EXECUTE|[456]
17:44:34.3 (42999670)|ENTERING_MANAGED_PKG|
17:44:34.3 (43024406)|STATEMENT_EXECUTE|[457]
17:44:34.3 (43027663)|STATEMENT_EXECUTE|[458]
17:44:34.3 (43037478)|ENTERING_MANAGED_PKG|
17:44:34.3 (43066380)|ENTERING_MANAGED_PKG|
17:44:34.3 (43071405)|HEAP_ALLOCATE|[EXTERNAL]|Bytes:4
17:44:34.3 (43084480)|HEAP_ALLOCATE|[456]|Bytes:5
17:44:34.3 (43093474)|HEAP_ALLOCATE|[456]|Bytes:6
17:44:34.3 (43099691)|VARIABLE_SCOPE_BEGIN|[456]|str|String|false|false
17:44:34.3 (43106401)|VARIABLE_ASSIGNMENT|[456]|str|"Client"
17:44:34.3 (43108808)|STATEMENT_EXECUTE|[456]
17:44:34.3 (43117427)|ENTERING_MANAGED_PKG|
17:44:34.3 (43124125)|STATEMENT_EXECUTE|[457]
17:44:34.3 (43125725)|STATEMENT_EXECUTE|[458]
17:44:34.3 (43131272)|ENTERING_MANAGED_PKG|
17:44:34.3 (43141420)|ENTERING_MANAGED_PKG|
17:44:34.3 (43145284)|HEAP_ALLOCATE|[EXTERNAL]|Bytes:4
17:44:34.3 (43156390)|HEAP_ALLOCATE|[456]|Bytes:5
17:44:34.3 (43164806)|HEAP_ALLOCATE|[456]|Bytes:4
17:44:34.3 (43170718)|VARIABLE_SCOPE_BEGIN|[456]|str|String|false|false
17:44:34.3 (43176645)|VARIABLE_ASSIGNMENT|[456]|str|"Date"
17:44:34.3 (43179063)|STATEMENT_EXECUTE|[456]
17:44:34.3 (43186625)|ENTERING_MANAGED_PKG|
17:44:34.3 (43192958)|STATEMENT_EXECUTE|[457]
17:44:34.3 (43194609)|STATEMENT_EXECUTE|[458]
17:44:34.3 (43200123)|ENTERING_MANAGED_PKG|
17:44:34.3 (43209853)|ENTERING_MANAGED_PKG|
17:44:34.3 (43213743)|HEAP_ALLOCATE|[EXTERNAL]|Bytes:4
17:44:34.3 (43224566)|HEAP_ALLOCATE|[456]|Bytes:5
17:44:34.3 (43232985)|HEAP_ALLOCATE|[456]|Bytes:11
17:44:34.3 (43238673)|VARIABLE_SCOPE_BEGIN|[456]|str|String|false|false
17:44:34.3 (43244754)|VARIABLE_ASSIGNMENT|[456]|str|"Reimbursed?"
17:44:34.3 (43247237)|STATEMENT_EXECUTE|[456]
17:44:34.3 (43254937)|ENTERING_MANAGED_PKG|
17:44:34.3 (43261504)|STATEMENT_EXECUTE|[457]
17:44:34.3 (43263158)|STATEMENT_EXECUTE|[458]
17:44:34.3 (43268813)|ENTERING_MANAGED_PKG|
17:44:34.3 (43278600)|ENTERING_MANAGED_PKG|
17:44:34.3 (43282368)|HEAP_ALLOCATE|[EXTERNAL]|Bytes:4
17:44:34.3 (43293346)|HEAP_ALLOCATE|[456]|Bytes:5
17:44:34.3 (43303801)|VARIABLE_ASSIGNMENT|[456]|str|null
17:44:34.3 (43306714)|STATEMENT_EXECUTE|[461]
17:44:34.3 (43316792)|METHOD_EXIT|[427]|01p36000005Jpvx|shiva15testns.PermissionSetPortalControllers.sortTheFieldLabels(List<shiva15testns.PermissionSetPortalControllers.FieldDetailsClass>)
17:44:34.3 (43356931)|VARIABLE_ASSIGNMENT|[427]|individualObjectAllFieldsList|{"s":1,"v":[{"fieldLabel":"Amount","fieldName":"shiva15testns__amoun (4 more) ..."},{"fieldLabel":"Client","fieldName":"shiva15testns__clien (4 more) ..."},{"fieldLabel":"Date","fieldName":"shiva15testns__date_ (2 more) ..."},{"fieldLabel":"Reimbursed?","fieldName":"shiva15testns__reimb (8 more) ..."}]}|0x7b4df822
17:44:34.3 (43361972)|STATEMENT_EXECUTE|[428]
17:44:34.3 (43380323)|METHOD_ENTRY|[428]|01p36000005Jpvx|shiva15testns.PermissionSetPortalControllers.getFieldPermissions(String, String, List<shiva15testns.PermissionSetPortalControllers.FieldDetailsClass>)
17:44:34.3 (43400218)|VARIABLE_SCOPE_BEGIN|[475]|pSetId|String|false|false
17:44:34.3 (43408129)|VARIABLE_ASSIGNMENT|[475]|pSetId|"0PS36000000q71PGAQ"
17:44:34.3 (43411843)|VARIABLE_SCOPE_BEGIN|[475]|objName|String|false|false
17:44:34.3 (43416780)|VARIABLE_ASSIGNMENT|[475]|objName|"shiva15testns__expen (5 more) ..."
17:44:34.3 (43420496)|VARIABLE_SCOPE_BEGIN|[475]|individualObjectAllFieldsListAsInput|List<shiva15testns.PermissionSetPortalControllers.FieldDetailsClass>|true|false
17:44:34.3 (43454452)|VARIABLE_ASSIGNMENT|[475]|individualObjectAllFieldsListAsInput|{"s":1,"v":[{"fieldLabel":"Amount","fieldName":"shiva15testns__amoun (4 more) ..."},{"fieldLabel":"Client","fieldName":"shiva15testns__clien (4 more) ..."},{"fieldLabel":"Date","fieldName":"shiva15testns__date_ (2 more) ..."},{"fieldLabel":"Reimbursed?","fieldName":"shiva15testns__reimb (8 more) ..."}]}|0x7b4df822
17:44:34.3 (43464781)|HEAP_ALLOCATE|[478]|Bytes:5
17:44:34.3 (43468671)|STATEMENT_EXECUTE|[475]
17:44:34.3 (43470139)|STATEMENT_EXECUTE|[477]
17:44:34.3 (43473838)|HEAP_ALLOCATE|[478]|Bytes:163
17:44:34.3 (43488474)|HEAP_ALLOCATE|[478]|Bytes:4
17:44:34.3 (43498458)|HEAP_ALLOCATE|[478]|Bytes:7
17:44:34.3 (43519566)|HEAP_ALLOCATE|[478]|Bytes:7
17:44:34.3 (45021844)|SOQL_EXECUTE_BEGIN|[478]|Aggregations:0|SELECT Id, Field, Parent.Name, ParentId, SobjectType, PermissionsEdit, PermissionsRead FROM FieldPermissions WHERE (ParentId = :tmpVar1 AND SobjectType = :tmpVar2)
17:44:34.3 (71214078)|SOQL_EXECUTE_END|[478]|Rows:0
17:44:34.3 (71247423)|HEAP_ALLOCATE|[478]|Bytes:4
17:44:34.3 (71264643)|HEAP_ALLOCATE|[478]|Bytes:0
17:44:34.3 (71368599)|HEAP_ALLOCATE|[478]|Bytes:4
17:44:34.3 (71396197)|VARIABLE_SCOPE_BEGIN|[477]|FieldPermissionsList|List<FieldPermissions>|true|false
17:44:34.3 (71437068)|VARIABLE_ASSIGNMENT|[477]|FieldPermissionsList|{"s":1,"v":[]}|0x376e8885
17:44:34.3 (71441944)|STATEMENT_EXECUTE|[480]
17:44:34.3 (71487688)|HEAP_ALLOCATE|[480]|Bytes:4
17:44:34.3 (71553975)|VARIABLE_SCOPE_BEGIN|[480]|fieldPermissionsListMap|Map<String,FieldPermissions>|true|false
17:44:34.3 (71574435)|VARIABLE_ASSIGNMENT|[480]|fieldPermissionsListMap|{"s":1,"v":{}}|0x76920190
17:44:34.3 (71654592)|ENTERING_MANAGED_PKG|
17:44:34.3 (71867402)|HEAP_ALLOCATE|[482]|Bytes:5
17:44:34.3 (71892631)|VARIABLE_ASSIGNMENT|[482]|fper|null|
17:44:34.3 (71897012)|STATEMENT_EXECUTE|[482]
17:44:34.3 (71899290)|STATEMENT_EXECUTE|[486]
17:44:34.3 (71906179)|HEAP_ALLOCATE|[486]|Bytes:4
17:44:34.3 (71921615)|ENTERING_MANAGED_PKG|
17:44:34.3 (71946206)|VARIABLE_SCOPE_BEGIN|[486]|individualObjectAllFieldsFinalList|List<shiva15testns.PermissionSetPortalControllers.FieldDetailsClass>|true|false
17:44:34.3 (71962484)|HEAP_ALLOCATE|[EXTERNAL]|Bytes:4
17:44:34.3 (71975657)|VARIABLE_ASSIGNMENT|[486]|individualObjectAllFieldsFinalList|{"s":1,"v":[]}|0x506c22a
17:44:34.3 (71979168)|STATEMENT_EXECUTE|[488]
17:44:34.3 (71983454)|VARIABLE_SCOPE_BEGIN|[488]|fieldPermissionsObj|shiva15testns.PermissionSetPortalControllers.FieldPermissionsClass|true|false
17:44:34.3 (71989178)|VARIABLE_ASSIGNMENT|[488]|fieldPermissionsObj|null|
17:44:34.3 (72003093)|ENTERING_MANAGED_PKG|
17:44:34.3 (72033726)|HEAP_ALLOCATE|[490]|Bytes:5
17:44:34.3 (72047486)|HEAP_ALLOCATE|[490]|Bytes:16
17:44:34.3 (72055107)|VARIABLE_SCOPE_BEGIN|[490]|fieldClassObj|shiva15testns.PermissionSetPortalControllers.FieldDetailsClass|true|false
17:44:34.3 (72095756)|VARIABLE_ASSIGNMENT|[490]|fieldClassObj|{"fieldLabel":"Amount","fieldName":"shiva15testns__amoun (4 more) ..."}|0x55786d4f
17:44:34.3 (72100205)|STATEMENT_EXECUTE|[490]
17:44:34.3 (72118335)|ENTERING_MANAGED_PKG|
17:44:34.3 (72143103)|STATEMENT_EXECUTE|[508]
17:44:34.3 (72145185)|STATEMENT_EXECUTE|[509]
17:44:34.3 (72150241)|HEAP_ALLOCATE|[509]|Bytes:60
17:44:34.3 (72169015)|ENTERING_MANAGED_PKG|
17:44:34.3 (72190457)|USER_DEBUG|[509]|DEBUG|No Field Permissions concerened to individual Psets and Objs
17:44:34.3 (72198582)|STATEMENT_EXECUTE|[510]
17:44:34.3 (72207906)|HEAP_ALLOCATE|[510]|Bytes:4
17:44:34.3 (72237371)|HEAP_ALLOCATE|[510]|Bytes:16
17:44:34.3 (72274868)|CONSTRUCTOR_ENTRY|[510]|01p36000005Jpvx|<init>(String,Boolean,Boolean)
17:44:34.3 (72317584)|VARIABLE_SCOPE_BEGIN|[1029]|this|shiva15testns.PermissionSetPortalControllers.FieldPermissionsClass|true|false
17:44:34.3 (72341187)|VARIABLE_ASSIGNMENT|[1029]|this|{}|0x1ae7e60f
17:44:34.3 (72350459)|VARIABLE_SCOPE_BEGIN|[1029]|fieldPermissionsId|String|false|false
17:44:34.3 (72355111)|VARIABLE_ASSIGNMENT|[1029]|fieldPermissionsId|null
17:44:34.3 (72360550)|VARIABLE_SCOPE_BEGIN|[1029]|fieldRead|Boolean|false|false
17:44:34.3 (72364970)|VARIABLE_ASSIGNMENT|[1029]|fieldRead|false
17:44:34.3 (72368735)|VARIABLE_SCOPE_BEGIN|[1029]|fieldEdit|Boolean|false|false
17:44:34.3 (72371582)|VARIABLE_ASSIGNMENT|[1029]|fieldEdit|false
17:44:34.3 (72380512)|STATEMENT_EXECUTE|[1020]
17:44:34.3 (72382511)|STATEMENT_EXECUTE|[1023]
17:44:34.3 (72383906)|STATEMENT_EXECUTE|[1025]
17:44:34.3 (72385173)|STATEMENT_EXECUTE|[1027]
17:44:34.3 (72406898)|STATEMENT_EXECUTE|[1029]
17:44:34.3 (72408784)|STATEMENT_EXECUTE|[1030]
17:44:34.3 (72421341)|VARIABLE_ASSIGNMENT|[1030]|this.fieldPermissionsId|null|0x1ae7e60f
17:44:34.3 (72423846)|STATEMENT_EXECUTE|[1031]
17:44:34.3 (72427986)|HEAP_ALLOCATE|[1031]|Bytes:5
17:44:34.3 (72434580)|VARIABLE_ASSIGNMENT|[1031]|this.fieldRead|false|0x1ae7e60f
17:44:34.3 (72436814)|STATEMENT_EXECUTE|[1032]
17:44:34.3 (72439692)|HEAP_ALLOCATE|[1032]|Bytes:5
17:44:34.3 (72444729)|VARIABLE_ASSIGNMENT|[1032]|this.fieldEdit|false|0x1ae7e60f
17:44:34.3 (72454026)|CONSTRUCTOR_EXIT|[510]|01p36000005Jpvx|<init>(String,Boolean,Boolean)
17:44:34.3 (72472268)|VARIABLE_ASSIGNMENT|[510]|fieldPermissionsObj|{"fieldEdit":false,"fieldRead":false}|0x1ae7e60f
17:44:34.3 (72475537)|STATEMENT_EXECUTE|[511]
17:44:34.3 (72482850)|VARIABLE_ASSIGNMENT|[511]|this.fieldPermissions|0x1ae7e60f|0x55786d4f
17:44:34.3 (72485141)|STATEMENT_EXECUTE|[512]
17:44:34.3 (72498720)|ENTERING_MANAGED_PKG|
17:44:34.3 (72524358)|HEAP_ALLOCATE|[EXTERNAL]|Bytes:4
17:44:34.3 (72541394)|HEAP_ALLOCATE|[490]|Bytes:5
17:44:34.3 (72551787)|HEAP_ALLOCATE|[490]|Bytes:16
17:44:34.3 (72557999)|VARIABLE_SCOPE_BEGIN|[490]|fieldClassObj|shiva15testns.PermissionSetPortalControllers.FieldDetailsClass|true|false
17:44:34.3 (72579355)|VARIABLE_ASSIGNMENT|[490]|fieldClassObj|{"fieldLabel":"Client","fieldName":"shiva15testns__clien (4 more) ..."}|0x6bbe0fa4
17:44:34.3 (72583552)|STATEMENT_EXECUTE|[490]
17:44:34.3 (72598668)|ENTERING_MANAGED_PKG|
17:44:34.3 (72610792)|STATEMENT_EXECUTE|[508]
17:44:34.3 (72612427)|STATEMENT_EXECUTE|[509]
17:44:34.3 (72621836)|ENTERING_MANAGED_PKG|
17:44:34.3 (72625678)|USER_DEBUG|[509]|DEBUG|No Field Permissions concerened to individual Psets and Objs
17:44:34.3 (72631471)|STATEMENT_EXECUTE|[510]
17:44:34.3 (72636117)|HEAP_ALLOCATE|[510]|Bytes:16
17:44:34.3 (72646445)|CONSTRUCTOR_ENTRY|[510]|01p36000005Jpvx|<init>(String,Boolean,Boolean)
17:44:34.3 (72651532)|VARIABLE_SCOPE_BEGIN|[1029]|this|shiva15testns.PermissionSetPortalControllers.FieldPermissionsClass|true|false
17:44:34.3 (72667511)|VARIABLE_ASSIGNMENT|[1029]|this|{}|0xf6062dd
17:44:34.3 (72670523)|VARIABLE_SCOPE_BEGIN|[1029]|fieldPermissionsId|String|false|false
17:44:34.3 (72674024)|VARIABLE_ASSIGNMENT|[1029]|fieldPermissionsId|null
17:44:34.3 (72677258)|VARIABLE_SCOPE_BEGIN|[1029]|fieldRead|Boolean|false|false
17:44:34.3 (72680462)|VARIABLE_ASSIGNMENT|[1029]|fieldRead|false
17:44:34.3 (72682586)|VARIABLE_SCOPE_BEGIN|[1029]|fieldEdit|Boolean|false|false
17:44:34.3 (72685080)|VARIABLE_ASSIGNMENT|[1029]|fieldEdit|false
17:44:34.3 (72687733)|STATEMENT_EXECUTE|[1020]
17:44:34.3 (72689068)|STATEMENT_EXECUTE|[1023]
17:44:34.3 (72690392)|STATEMENT_EXECUTE|[1025]
17:44:34.3 (72691559)|STATEMENT_EXECUTE|[1027]
17:44:34.3 (72702725)|STATEMENT_EXECUTE|[1029]
17:44:34.3 (72704425)|STATEMENT_EXECUTE|[1030]
17:44:34.3 (72711324)|VARIABLE_ASSIGNMENT|[1030]|this.fieldPermissionsId|null|0xf6062dd
17:44:34.3 (72713515)|STATEMENT_EXECUTE|[1031]
17:44:34.3 (72716727)|HEAP_ALLOCATE|[1031]|Bytes:5
17:44:34.3 (72722436)|VARIABLE_ASSIGNMENT|[1031]|this.fieldRead|false|0xf6062dd
17:44:34.3 (72724413)|STATEMENT_EXECUTE|[1032]
17:44:34.3 (72726871)|HEAP_ALLOCATE|[1032]|Bytes:5
17:44:34.3 (72731573)|VARIABLE_ASSIGNMENT|[1032]|this.fieldEdit|false|0xf6062dd
17:44:34.3 (72739788)|CONSTRUCTOR_EXIT|[510]|01p36000005Jpvx|<init>(String,Boolean,Boolean)
17:44:34.3 (72756510)|VARIABLE_ASSIGNMENT|[510]|fieldPermissionsObj|{"fieldEdit":false,"fieldRead":false}|0xf6062dd
17:44:34.3 (72759579)|STATEMENT_EXECUTE|[511]
17:44:34.3 (72765278)|VARIABLE_ASSIGNMENT|[511]|this.fieldPermissions|0xf6062dd|0x6bbe0fa4
17:44:34.3 (72767294)|STATEMENT_EXECUTE|[512]
17:44:34.3 (72778384)|ENTERING_MANAGED_PKG|
17:44:34.3 (72782804)|HEAP_ALLOCATE|[EXTERNAL]|Bytes:4
17:44:34.3 (72796556)|HEAP_ALLOCATE|[490]|Bytes:5
17:44:34.3 (72806423)|HEAP_ALLOCATE|[490]|Bytes:16
17:44:34.3 (72812520)|VARIABLE_SCOPE_BEGIN|[490]|fieldClassObj|shiva15testns.PermissionSetPortalControllers.FieldDetailsClass|true|false
17:44:34.3 (72831233)|VARIABLE_ASSIGNMENT|[490]|fieldClassObj|{"fieldLabel":"Date","fieldName":"shiva15testns__date_ (2 more) ..."}|0x23f76279
17:44:34.3 (72834887)|STATEMENT_EXECUTE|[490]
17:44:34.3 (72846130)|ENTERING_MANAGED_PKG|
17:44:34.3 (72856358)|STATEMENT_EXECUTE|[508]
17:44:34.3 (72857897)|STATEMENT_EXECUTE|[509]
17:44:34.3 (72866150)|ENTERING_MANAGED_PKG|
17:44:34.3 (72869701)|USER_DEBUG|[509]|DEBUG|No Field Permissions concerened to individual Psets and Objs
17:44:34.3 (72875184)|STATEMENT_EXECUTE|[510]
17:44:34.3 (72879577)|HEAP_ALLOCATE|[510]|Bytes:16
17:44:34.3 (72889712)|CONSTRUCTOR_ENTRY|[510]|01p36000005Jpvx|<init>(String,Boolean,Boolean)
17:44:34.3 (72894565)|VARIABLE_SCOPE_BEGIN|[1029]|this|shiva15testns.PermissionSetPortalControllers.FieldPermissionsClass|true|false
17:44:34.3 (72909729)|VARIABLE_ASSIGNMENT|[1029]|this|{}|0x2838393b
17:44:34.3 (72912567)|VARIABLE_SCOPE_BEGIN|[1029]|fieldPermissionsId|String|false|false
17:44:34.3 (72915993)|VARIABLE_ASSIGNMENT|[1029]|fieldPermissionsId|null
17:44:34.3 (72919033)|VARIABLE_SCOPE_BEGIN|[1029]|fieldRead|Boolean|false|false
17:44:34.3 (72921999)|VARIABLE_ASSIGNMENT|[1029]|fieldRead|false
17:44:34.3 (72924022)|VARIABLE_SCOPE_BEGIN|[1029]|fieldEdit|Boolean|false|false
17:44:34.3 (72926467)|VARIABLE_ASSIGNMENT|[1029]|fieldEdit|false
17:44:34.3 (72929092)|STATEMENT_EXECUTE|[1020]
17:44:34.3 (72930342)|STATEMENT_EXECUTE|[1023]
17:44:34.3 (72931609)|STATEMENT_EXECUTE|[1025]
17:44:34.3 (72932716)|STATEMENT_EXECUTE|[1027]
17:44:34.3 (72943198)|STATEMENT_EXECUTE|[1029]
17:44:34.3 (72944821)|STATEMENT_EXECUTE|[1030]
17:44:34.3 (72951489)|VARIABLE_ASSIGNMENT|[1030]|this.fieldPermissionsId|null|0x2838393b
17:44:34.3 (72953675)|STATEMENT_EXECUTE|[1031]
17:44:34.3 (72956790)|HEAP_ALLOCATE|[1031]|Bytes:5
17:44:34.3 (72962160)|VARIABLE_ASSIGNMENT|[1031]|this.fieldRead|false|0x2838393b
17:44:34.3 (72964006)|STATEMENT_EXECUTE|[1032]
17:44:34.3 (72969838)|HEAP_ALLOCATE|[1032]|Bytes:5
17:44:34.3 (72974785)|VARIABLE_ASSIGNMENT|[1032]|this.fieldEdit|false|0x2838393b
17:44:34.3 (72983643)|CONSTRUCTOR_EXIT|[510]|01p36000005Jpvx|<init>(String,Boolean,Boolean)
17:44:34.3 (72999034)|VARIABLE_ASSIGNMENT|[510]|fieldPermissionsObj|{"fieldEdit":false,"fieldRead":false}|0x2838393b
17:44:34.3 (73002160)|STATEMENT_EXECUTE|[511]
17:44:34.3 (73009211)|VARIABLE_ASSIGNMENT|[511]|this.fieldPermissions|0x2838393b|0x23f76279
17:44:34.3 (73011236)|STATEMENT_EXECUTE|[512]
17:44:34.3 (73022413)|ENTERING_MANAGED_PKG|
17:44:34.3 (73026643)|HEAP_ALLOCATE|[EXTERNAL]|Bytes:4
17:44:34.3 (73039957)|HEAP_ALLOCATE|[490]|Bytes:5
17:44:34.3 (73049841)|HEAP_ALLOCATE|[490]|Bytes:16
17:44:34.3 (73055636)|VARIABLE_SCOPE_BEGIN|[490]|fieldClassObj|shiva15testns.PermissionSetPortalControllers.FieldDetailsClass|true|false
17:44:34.3 (73074491)|VARIABLE_ASSIGNMENT|[490]|fieldClassObj|{"fieldLabel":"Reimbursed?","fieldName":"shiva15testns__reimb (8 more) ..."}|0x294f31f6
17:44:34.3 (73078170)|STATEMENT_EXECUTE|[490]
17:44:34.3 (73089609)|ENTERING_MANAGED_PKG|
17:44:34.3 (73099879)|STATEMENT_EXECUTE|[508]
17:44:34.3 (73101441)|STATEMENT_EXECUTE|[509]
17:44:34.3 (73109919)|ENTERING_MANAGED_PKG|
17:44:34.3 (73113332)|USER_DEBUG|[509]|DEBUG|No Field Permissions concerened to individual Psets and Objs
17:44:34.3 (73118843)|STATEMENT_EXECUTE|[510]
17:44:34.3 (73123038)|HEAP_ALLOCATE|[510]|Bytes:16
17:44:34.3 (73132847)|CONSTRUCTOR_ENTRY|[510]|01p36000005Jpvx|<init>(String,Boolean,Boolean)
17:44:34.3 (73137655)|VARIABLE_SCOPE_BEGIN|[1029]|this|shiva15testns.PermissionSetPortalControllers.FieldPermissionsClass|true|false
17:44:34.3 (73152267)|VARIABLE_ASSIGNMENT|[1029]|this|{}|0x1a7d452d
17:44:34.3 (73155051)|VARIABLE_SCOPE_BEGIN|[1029]|fieldPermissionsId|String|false|false
17:44:34.3 (73158366)|VARIABLE_ASSIGNMENT|[1029]|fieldPermissionsId|null
17:44:34.3 (73161414)|VARIABLE_SCOPE_BEGIN|[1029]|fieldRead|Boolean|false|false
17:44:34.3 (73164505)|VARIABLE_ASSIGNMENT|[1029]|fieldRead|false
17:44:34.3 (73166590)|VARIABLE_SCOPE_BEGIN|[1029]|fieldEdit|Boolean|false|false
17:44:34.3 (73169004)|VARIABLE_ASSIGNMENT|[1029]|fieldEdit|false
17:44:34.3 (73171557)|STATEMENT_EXECUTE|[1020]
17:44:34.3 (73172767)|STATEMENT_EXECUTE|[1023]
17:44:34.3 (73174036)|STATEMENT_EXECUTE|[1025]
17:44:34.3 (73175354)|STATEMENT_EXECUTE|[1027]
17:44:34.3 (73186046)|STATEMENT_EXECUTE|[1029]
17:44:34.3 (73187716)|STATEMENT_EXECUTE|[1030]
17:44:34.3 (73194198)|VARIABLE_ASSIGNMENT|[1030]|this.fieldPermissionsId|null|0x1a7d452d
17:44:34.3 (73196371)|STATEMENT_EXECUTE|[1031]
17:44:34.3 (73199403)|HEAP_ALLOCATE|[1031]|Bytes:5
17:44:34.3 (73204727)|VARIABLE_ASSIGNMENT|[1031]|this.fieldRead|false|0x1a7d452d
17:44:34.3 (73206637)|STATEMENT_EXECUTE|[1032]
17:44:34.3 (73209040)|HEAP_ALLOCATE|[1032]|Bytes:5
17:44:34.3 (73213641)|VARIABLE_ASSIGNMENT|[1032]|this.fieldEdit|false|0x1a7d452d
17:44:34.3 (73221619)|CONSTRUCTOR_EXIT|[510]|01p36000005Jpvx|<init>(String,Boolean,Boolean)
17:44:34.3 (73237088)|VARIABLE_ASSIGNMENT|[510]|fieldPermissionsObj|{"fieldEdit":false,"fieldRead":false}|0x1a7d452d
17:44:34.3 (73240405)|STATEMENT_EXECUTE|[511]
17:44:34.3 (73246361)|VARIABLE_ASSIGNMENT|[511]|this.fieldPermissions|0x1a7d452d|0x294f31f6
17:44:34.3 (73248215)|STATEMENT_EXECUTE|[512]
17:44:34.3 (73259250)|ENTERING_MANAGED_PKG|
17:44:34.3 (73263441)|HEAP_ALLOCATE|[EXTERNAL]|Bytes:4
17:44:34.3 (73277042)|HEAP_ALLOCATE|[490]|Bytes:5
17:44:34.3 (73288090)|VARIABLE_ASSIGNMENT|[490]|fieldClassObj|null|
17:44:34.3 (73291137)|STATEMENT_EXECUTE|[516]
17:44:34.3 (73294994)|HEAP_ALLOCATE|[516]|Bytes:37
17:44:34.3 (73320293)|ENTERING_MANAGED_PKG|
17:44:34.3 (73446244)|HEAP_ALLOCATE|[516]|Bytes:705
17:44:34.3 (73465131)|HEAP_ALLOCATE|[516]|Bytes:742
17:44:34.3 (73479166)|ENTERING_MANAGED_PKG|
17:44:34.3 (73483096)|USER_DEBUG|[516]|DEBUG|individualObjectAllFieldsFinalList : (FieldDetailsClass:[fieldLabel=Amount, fieldName=shiva15testns__amount__c, fieldPermissions=FieldPermissionsClass:[fieldEdit=false, fieldPermissionsId=null, fieldRead=false]], FieldDetailsClass:[fieldLabel=Client, fieldName=shiva15testns__client__c, fieldPermissions=FieldPermissionsClass:[fieldEdit=false, fieldPermissionsId=null, fieldRead=false]], FieldDetailsClass:[fieldLabel=Date, fieldName=shiva15testns__date__c, fieldPermissions=FieldPermissionsClass:[fieldEdit=false, fieldPermissionsId=null, fieldRead=false]], FieldDetailsClass:[fieldLabel=Reimbursed?, fieldName=shiva15testns__reimbursed__c, fieldPermissions=FieldPermissionsClass:[fieldEdit=false, fieldPermissionsId=null, fieldRead=false]])
17:44:34.3 (73493547)|STATEMENT_EXECUTE|[517]
17:44:34.3 (73505973)|METHOD_EXIT|[428]|01p36000005Jpvx|shiva15testns.PermissionSetPortalControllers.getFieldPermissions(String, String, List<shiva15testns.PermissionSetPortalControllers.FieldDetailsClass>)
17:44:34.3 (73523058)|SYSTEM_MODE_EXIT|false
17:44:34.73 (73572325)|CUMULATIVE_LIMIT_USAGE
17:44:34.73 (73572325)|LIMIT_USAGE_FOR_NS|(default)|
  Number of SOQL queries: 0 out of 100
  Number of query rows: 0 out of 50000
  Number of SOSL queries: 0 out of 20
  Number of DML statements: 0 out of 150
  Number of DML rows: 0 out of 10000
  Maximum CPU time: 0 out of 10000
  Maximum heap size: 0 out of 6000000
  Number of callouts: 0 out of 100
  Number of Email Invocations: 0 out of 10
  Number of future calls: 0 out of 50
  Number of queueable jobs added to the queue: 0 out of 50
  Number of Mobile Apex push calls: 0 out of 10

17:44:34.73 (73572325)|LIMIT_USAGE_FOR_NS|shiva15testns|
  Number of SOQL queries: 1 out of 100
  Number of query rows: 0 out of 50000
  Number of SOSL queries: 0 out of 20
  Number of DML statements: 0 out of 150
  Number of DML rows: 0 out of 10000
  Maximum CPU time: 0 out of 10000
  Maximum heap size: 0 out of 6000000
  Number of callouts: 0 out of 100
  Number of Email Invocations: 0 out of 10
  Number of future calls: 0 out of 50
  Number of queueable jobs added to the queue: 0 out of 50
  Number of Mobile Apex push calls: 0 out of 10

17:44:34.73 (73572325)|CUMULATIVE_LIMIT_USAGE_END

17:44:34.3 (73624905)|CODE_UNIT_FINISHED|PermissionSetPortalControllers.getAllFieldData
17:44:34.75 (75964153)|CODE_UNIT_STARTED|[EXTERNAL]|Aura
17:44:34.75 (77266263)|CODE_UNIT_STARTED|[EXTERNAL]|Aura
17:44:34.75 (77294512)|CODE_UNIT_FINISHED|Aura
17:44:34.75 (77309325)|CODE_UNIT_FINISHED|Aura
17:44:34.78 (78381365)|CODE_UNIT_STARTED|[EXTERNAL]|Aura
17:44:34.78 (79408793)|CODE_UNIT_STARTED|[EXTERNAL]|Aura
17:44:34.78 (79434436)|CODE_UNIT_FINISHED|Aura
17:44:34.78 (79447568)|CODE_UNIT_FINISHED|Aura
17:44:34.80 (80521208)|CODE_UNIT_STARTED|[EXTERNAL]|Aura
17:44:34.80 (81614117)|CODE_UNIT_STARTED|[EXTERNAL]|Aura
17:44:34.80 (81638366)|CODE_UNIT_FINISHED|Aura
17:44:34.80 (81651305)|CODE_UNIT_FINISHED|Aura
17:44:34.82 (82620051)|CODE_UNIT_STARTED|[EXTERNAL]|Aura
17:44:34.82 (83662179)|CODE_UNIT_STARTED|[EXTERNAL]|Aura
17:44:34.82 (83686296)|CODE_UNIT_FINISHED|Aura
17:44:34.82 (83699054)|CODE_UNIT_FINISHED|Aura
