36.0 APEX_CODE,FINEST;APEX_PROFILING,INFO;CALLOUT,INFO;DB,INFO;SYSTEM,DEBUG;VALIDATION,INFO;VISUALFORCE,INFO;WORKFLOW,INFO
11:46:01.0 (507251)|EXECUTION_STARTED
11:46:01.0 (541229)|CODE_UNIT_STARTED|[EXTERNAL]|01p36000005Jpvx|PermissionSetPortalControllers.getAllPermissionSets
11:46:01.0 (1073576)|VARIABLE_SCOPE_BEGIN|[3]|PermissionSetPortalControllers.AllPermissionSets|List<PermissionSet>|true|true
11:46:01.0 (1095813)|VARIABLE_SCOPE_BEGIN|[10]|PermissionSetPortalControllers.accountField|Set<String>|true|true
11:46:01.0 (1101763)|VARIABLE_SCOPE_BEGIN|[5]|PermissionSetPortalControllers.allObjectsOfOrg|List<shiva15testns.PermissionSetPortalControllers.ObjectDetailsClass>|true|true
11:46:01.0 (1107094)|VARIABLE_SCOPE_BEGIN|[9]|PermissionSetPortalControllers.contactsField|Set<String>|true|true
11:46:01.0 (1111521)|VARIABLE_SCOPE_BEGIN|[7]|PermissionSetPortalControllers.isNotSystemSObjectList|Set<String>|true|true
11:46:01.0 (1212350)|HEAP_ALLOCATE|[72]|Bytes:3
11:46:01.0 (1244392)|HEAP_ALLOCATE|[77]|Bytes:152
11:46:01.0 (1258329)|HEAP_ALLOCATE|[342]|Bytes:408
11:46:01.0 (1276208)|HEAP_ALLOCATE|[355]|Bytes:408
11:46:01.0 (1293888)|HEAP_ALLOCATE|[467]|Bytes:48
11:46:01.0 (1322178)|HEAP_ALLOCATE|[139]|Bytes:6
11:46:01.0 (1344609)|HEAP_ALLOCATE|[EXTERNAL]|Bytes:168
11:46:01.0 (1350739)|HEAP_ALLOCATE|[EXTERNAL]|Bytes:76
11:46:01.0 (1354897)|HEAP_ALLOCATE|[EXTERNAL]|Bytes:318
11:46:01.0 (1371248)|METHOD_ENTRY|[1]|01p36000005Jpvx|PermissionSetPortalControllers.PermissionSetPortalControllers()
11:46:01.0 (1375289)|STATEMENT_EXECUTE|[1]
11:46:01.0 (1380734)|STATEMENT_EXECUTE|[1]
11:46:01.0 (1409444)|HEAP_ALLOCATE|[50]|Bytes:5
11:46:01.0 (1427569)|HEAP_ALLOCATE|[56]|Bytes:5
11:46:01.0 (1436310)|HEAP_ALLOCATE|[64]|Bytes:7
11:46:01.0 (1460827)|SYSTEM_MODE_ENTER|false
11:46:01.0 (1482047)|HEAP_ALLOCATE|[9]|Bytes:5
11:46:01.0 (1486801)|STATEMENT_EXECUTE|[9]
11:46:01.0 (1495329)|HEAP_ALLOCATE|[9]|Bytes:4
11:46:01.0 (1536937)|ENTERING_MANAGED_PKG|
11:46:01.0 (1656258)|VARIABLE_ASSIGNMENT|[9]|PermissionSetPortalControllers.contactsField|{"s":1,"v":[]}|0x28fc8ea6
11:46:01.0 (1662346)|STATEMENT_EXECUTE|[10]
11:46:01.0 (1668324)|HEAP_ALLOCATE|[10]|Bytes:4
11:46:01.0 (1682737)|ENTERING_MANAGED_PKG|
11:46:01.0 (1722332)|VARIABLE_ASSIGNMENT|[10]|PermissionSetPortalControllers.accountField|{"s":1,"v":[]}|0x755b98be
11:46:01.0 (1727021)|STATEMENT_EXECUTE|[983]
11:46:01.0 (1728525)|STATEMENT_EXECUTE|[1012]
11:46:01.0 (1730011)|STATEMENT_EXECUTE|[1040]
11:46:01.0 (1731299)|STATEMENT_EXECUTE|[1069]
11:46:01.0 (1732467)|STATEMENT_EXECUTE|[1085]
11:46:01.0 (1733558)|STATEMENT_EXECUTE|[1102]
11:46:01.0 (1734759)|STATEMENT_EXECUTE|[1113]
11:46:01.0 (1735855)|STATEMENT_EXECUTE|[1118]
11:46:01.0 (1743747)|SYSTEM_MODE_EXIT|false
11:46:01.0 (1754797)|METHOD_EXIT|[1]|PermissionSetPortalControllers
11:46:01.0 (1763394)|SYSTEM_MODE_ENTER|false
11:46:01.0 (1776047)|HEAP_ALLOCATE|[157]|Bytes:5
11:46:01.0 (1780180)|STATEMENT_EXECUTE|[156]
11:46:01.0 (1781574)|STATEMENT_EXECUTE|[157]
11:46:01.0 (1782534)|STATEMENT_EXECUTE|[157]
11:46:01.0 (1783612)|STATEMENT_EXECUTE|[158]
11:46:01.0 (1786732)|HEAP_ALLOCATE|[158]|Bytes:99
11:46:01.0 (1798531)|HEAP_ALLOCATE|[158]|Bytes:4
11:46:01.0 (2942056)|SOQL_EXECUTE_BEGIN|[158]|Aggregations:0|SELECT Id, label, Name, Description, NamespacePrefix, UserLicenseId, CreatedDate FROM PermissionSet
11:46:01.0 (6936734)|SOQL_EXECUTE_END|[158]|Rows:42
11:46:01.0 (6957623)|HEAP_ALLOCATE|[158]|Bytes:172
11:46:01.0 (7061332)|HEAP_ALLOCATE|[158]|Bytes:7424
11:46:01.0 (7096820)|HEAP_ALLOCATE|[158]|Bytes:172
11:46:01.0 (7132306)|VARIABLE_ASSIGNMENT|[158]|PermissionSetPortalControllers.AllPermissionSets|{"s":1,"v":"List of size 42 too large to display"}|0x7e34ec8c
11:46:01.0 (7211646)|ENTERING_MANAGED_PKG|
11:46:01.0 (7243099)|STATEMENT_EXECUTE|[159]
11:46:01.0 (7245580)|STATEMENT_EXECUTE|[160]
11:46:01.0 (7365231)|VARIABLE_SCOPE_BEGIN|[160]|pSetObj|shiva15testns.PermissionSetPortalControllers.PermissionSetClass|true|false
11:46:01.0 (7378986)|VARIABLE_ASSIGNMENT|[160]|pSetObj|null|
11:46:01.0 (7381582)|STATEMENT_EXECUTE|[161]
11:46:01.0 (7388389)|HEAP_ALLOCATE|[161]|Bytes:4
11:46:01.0 (7433944)|ENTERING_MANAGED_PKG|
11:46:01.0 (7451483)|VARIABLE_SCOPE_BEGIN|[161]|permissionSetsLst|List<shiva15testns.PermissionSetPortalControllers.PermissionSetClass>|true|false
11:46:01.0 (7473662)|HEAP_ALLOCATE|[EXTERNAL]|Bytes:4
11:46:01.0 (7486929)|VARIABLE_ASSIGNMENT|[161]|permissionSetsLst|{"s":1,"v":[]}|0x485d1cb
11:46:01.0 (7503895)|ENTERING_MANAGED_PKG|
11:46:01.0 (7750974)|HEAP_ALLOCATE|[162]|Bytes:5
11:46:01.0 (7792337)|HEAP_ALLOCATE|[162]|Bytes:28
11:46:01.0 (7807365)|VARIABLE_SCOPE_BEGIN|[162]|PSetName|PermissionSet|true|false
11:46:01.0 (7856392)|VARIABLE_ASSIGNMENT|[162]|PSetName|{"s":1,"v":{"Id":"0PS36000000KFvSGAW","Label":"random","Name":"random","NamespacePrefix":"shiva15testns","UserLicenseId":"10036000000eSpyAAE","CreatedDate":"2016-04-26T00:59:56.000Z"}}|0x23299814
11:46:01.0 (7861705)|STATEMENT_EXECUTE|[162]
11:46:01.0 (7892240)|HEAP_ALLOCATE|[163]|Bytes:3
11:46:01.0 (7927731)|ENTERING_MANAGED_PKG|
11:46:01.0 (7960511)|STATEMENT_EXECUTE|[163]
11:46:01.0 (7962634)|STATEMENT_EXECUTE|[166]
11:46:01.0 (7968516)|HEAP_ALLOCATE|[166]|Bytes:240
11:46:01.0 (7975161)|HEAP_ALLOCATE|[166]|Bytes:32
11:46:01.0 (7995750)|HEAP_ALLOCATE|[166]|Bytes:32
11:46:01.0 (8044366)|ENTERING_MANAGED_PKG|
11:46:01.0 (8089877)|HEAP_ALLOCATE|[166]|Bytes:18
11:46:01.0 (8176764)|ENTERING_MANAGED_PKG|
11:46:01.0 (8204654)|HEAP_ALLOCATE|[166]|Bytes:19
11:46:01.0 (8258209)|CONSTRUCTOR_ENTRY|[166]|01p36000005Jpvx|<init>(String,String,String,String,String,String,String)
11:46:01.0 (8286409)|VARIABLE_SCOPE_BEGIN|[1000]|this|shiva15testns.PermissionSetPortalControllers.PermissionSetClass|true|false
11:46:01.0 (8358380)|VARIABLE_ASSIGNMENT|[1000]|this|{}|0x1ceeddec
11:46:01.0 (8364817)|VARIABLE_SCOPE_BEGIN|[1000]|label|String|false|false
11:46:01.0 (8370205)|VARIABLE_ASSIGNMENT|[1000]|label|"random"
11:46:01.0 (8373711)|VARIABLE_SCOPE_BEGIN|[1000]|apiName|String|false|false
11:46:01.0 (8376831)|VARIABLE_ASSIGNMENT|[1000]|apiName|"random"
11:46:01.0 (8379766)|VARIABLE_SCOPE_BEGIN|[1000]|id|String|false|false
11:46:01.0 (8383182)|VARIABLE_ASSIGNMENT|[1000]|id|"0PS36000000KFvSGAW"
11:46:01.0 (8386443)|VARIABLE_SCOPE_BEGIN|[1000]|description|String|false|false
11:46:01.0 (8390021)|VARIABLE_ASSIGNMENT|[1000]|description|null
11:46:01.0 (8392795)|VARIABLE_SCOPE_BEGIN|[1000]|namespacePrefix|String|false|false
11:46:01.0 (8396121)|VARIABLE_ASSIGNMENT|[1000]|namespacePrefix|"shiva15testns"
11:46:01.0 (8398990)|VARIABLE_SCOPE_BEGIN|[1000]|userLicenseId|String|false|false
11:46:01.0 (8401766)|VARIABLE_ASSIGNMENT|[1000]|userLicenseId|null
11:46:01.0 (8404380)|VARIABLE_SCOPE_BEGIN|[1000]|createdDate|String|false|false
11:46:01.0 (8407731)|VARIABLE_ASSIGNMENT|[1000]|createdDate|"2016-04-25 17:59:56"
11:46:01.0 (8411160)|STATEMENT_EXECUTE|[983]
11:46:01.0 (8412654)|STATEMENT_EXECUTE|[986]
11:46:01.0 (8414486)|STATEMENT_EXECUTE|[988]
11:46:01.0 (8415834)|STATEMENT_EXECUTE|[990]
11:46:01.0 (8417064)|STATEMENT_EXECUTE|[992]
11:46:01.0 (8418153)|STATEMENT_EXECUTE|[994]
11:46:01.0 (8419253)|STATEMENT_EXECUTE|[996]
11:46:01.0 (8420294)|STATEMENT_EXECUTE|[998]
11:46:01.0 (8429145)|HEAP_ALLOCATE|[1002]|Bytes:6
11:46:01.0 (8455081)|STATEMENT_EXECUTE|[1001]
11:46:01.0 (8457158)|STATEMENT_EXECUTE|[1002]
11:46:01.0 (8540177)|VARIABLE_ASSIGNMENT|[EXTERNAL]|this|{}|0x1ceeddec
11:46:01.0 (8549140)|VARIABLE_ASSIGNMENT|[EXTERNAL]|value|"random"
11:46:01.0 (8562141)|VARIABLE_ASSIGNMENT|[986]|this.label|"random"|0x1ceeddec
11:46:01.0 (8569742)|STATEMENT_EXECUTE|[1003]
11:46:01.0 (8630408)|VARIABLE_ASSIGNMENT|[EXTERNAL]|this|{"label":"random"}|0x1ceeddec
11:46:01.0 (8638584)|VARIABLE_ASSIGNMENT|[EXTERNAL]|value|"random"
11:46:01.0 (8647453)|VARIABLE_ASSIGNMENT|[988]|this.apiName|"random"|0x1ceeddec
11:46:01.0 (8654646)|STATEMENT_EXECUTE|[1004]
11:46:01.0 (8708089)|VARIABLE_ASSIGNMENT|[EXTERNAL]|this|{"apiName":"random","label":"random"}|0x1ceeddec
11:46:01.0 (8716463)|VARIABLE_ASSIGNMENT|[EXTERNAL]|value|"0PS36000000KFvSGAW"
11:46:01.0 (8725250)|VARIABLE_ASSIGNMENT|[990]|this.id|"0PS36000000KFvSGAW"|0x1ceeddec
11:46:01.0 (8732385)|STATEMENT_EXECUTE|[1005]
11:46:01.0 (8789151)|VARIABLE_ASSIGNMENT|[EXTERNAL]|this|{"apiName":"random","id":"0PS36000000KFvSGAW","label":"random"}|0x1ceeddec
11:46:01.0 (8798924)|VARIABLE_ASSIGNMENT|[EXTERNAL]|value|null
11:46:01.0 (8807555)|VARIABLE_ASSIGNMENT|[992]|this.description|null|0x1ceeddec
11:46:01.0 (8814538)|STATEMENT_EXECUTE|[1006]
11:46:01.0 (8867204)|VARIABLE_ASSIGNMENT|[EXTERNAL]|this|{"apiName":"random","id":"0PS36000000KFvSGAW","label":"random"}|0x1ceeddec
11:46:01.0 (8875153)|VARIABLE_ASSIGNMENT|[EXTERNAL]|value|"shiva15testns"
11:46:01.0 (8883981)|VARIABLE_ASSIGNMENT|[994]|this.namespacePrefix|"shiva15testns"|0x1ceeddec
11:46:01.0 (8890780)|STATEMENT_EXECUTE|[1007]
11:46:01.0 (8944007)|VARIABLE_ASSIGNMENT|[EXTERNAL]|this|{"apiName":"random","id":"0PS36000000KFvSGAW","label":"random","namespacePrefix":"shiva15testns"}|0x1ceeddec
11:46:01.0 (8952919)|VARIABLE_ASSIGNMENT|[EXTERNAL]|value|null
11:46:01.0 (8961354)|VARIABLE_ASSIGNMENT|[996]|this.userLicenseId|null|0x1ceeddec
11:46:01.0 (8967955)|STATEMENT_EXECUTE|[1008]
11:46:01.0 (9020433)|VARIABLE_ASSIGNMENT|[EXTERNAL]|this|{"apiName":"random","id":"0PS36000000KFvSGAW","label":"random","namespacePrefix":"shiva15testns"}|0x1ceeddec
11:46:01.0 (9030037)|VARIABLE_ASSIGNMENT|[EXTERNAL]|value|"2016-04-25 17:59:56"
11:46:01.0 (9038631)|VARIABLE_ASSIGNMENT|[998]|this.createdDate|"2016-04-25 17:59:56"|0x1ceeddec
11:46:01.0 (9052839)|CONSTRUCTOR_EXIT|[166]|01p36000005Jpvx|<init>(String,String,String,String,String,String,String)
11:46:01.0 (9073478)|VARIABLE_ASSIGNMENT|[166]|pSetObj|{"apiName":"random","createdDate":"2016-04-25 17:59:56","id":"0PS36000000KFvSGAW","label":"random","namespacePrefix":"shiva15testns"}|0x1ceeddec
11:46:01.0 (9077053)|STATEMENT_EXECUTE|[167]
11:46:01.0 (9091669)|ENTERING_MANAGED_PKG|
11:46:01.0 (9118915)|HEAP_ALLOCATE|[EXTERNAL]|Bytes:4
11:46:01.0 (9126748)|STATEMENT_EXECUTE|[168]
11:46:01.0 (9281938)|HEAP_ALLOCATE|[168]|Bytes:24
11:46:01.0 (9301480)|ENTERING_MANAGED_PKG|
11:46:01.0 (9371433)|HEAP_ALLOCATE|[168]|Bytes:162
11:46:01.0 (9395923)|HEAP_ALLOCATE|[168]|Bytes:186
11:46:01.0 (9420835)|ENTERING_MANAGED_PKG|
11:46:01.0 (9433904)|USER_DEBUG|[168]|ERROR|The PermissionSet Name: PermissionSet:{Id=0PS36000000KFvSGAW, Label=random, Name=random, NamespacePrefix=shiva15testns, UserLicenseId=10036000000eSpyAAE, CreatedDate=2016-04-26 00:59:56}
11:46:01.0 (9450851)|HEAP_ALLOCATE|[162]|Bytes:5
11:46:01.0 (9473031)|HEAP_ALLOCATE|[162]|Bytes:32
11:46:01.0 (9481480)|VARIABLE_SCOPE_BEGIN|[162]|PSetName|PermissionSet|true|false
11:46:01.0 (9506946)|VARIABLE_ASSIGNMENT|[162]|PSetName|{"s":1,"v":{"Id":"0PS36000000KhGKGA0","Label":"test1label","Name":"test1name","Description":"test Description 1","NamespacePrefix":"shiva15testns","UserLicenseId":"10036000000eSpyAAE","CreatedDate":"2016-04-27T01:22:31.000Z"}}|0x4ca797f9
11:46:01.0 (9511642)|STATEMENT_EXECUTE|[162]
11:46:01.0 (9533296)|ENTERING_MANAGED_PKG|
11:46:01.0 (9543397)|STATEMENT_EXECUTE|[163]
11:46:01.0 (9545265)|STATEMENT_EXECUTE|[166]
11:46:01.0 (9550202)|HEAP_ALLOCATE|[166]|Bytes:32
11:46:01.0 (9566766)|ENTERING_MANAGED_PKG|
11:46:01.0 (9570727)|HEAP_ALLOCATE|[166]|Bytes:18
11:46:01.0 (9614191)|ENTERING_MANAGED_PKG|
11:46:01.0 (9628433)|HEAP_ALLOCATE|[166]|Bytes:19
11:46:01.0 (9647364)|CONSTRUCTOR_ENTRY|[166]|01p36000005Jpvx|<init>(String,String,String,String,String,String,String)
11:46:01.0 (9653025)|VARIABLE_SCOPE_BEGIN|[1000]|this|shiva15testns.PermissionSetPortalControllers.PermissionSetClass|true|false
11:46:01.0 (9673626)|VARIABLE_ASSIGNMENT|[1000]|this|{}|0x56b41ac2
11:46:01.0 (9676753)|VARIABLE_SCOPE_BEGIN|[1000]|label|String|false|false
11:46:01.0 (9681154)|VARIABLE_ASSIGNMENT|[1000]|label|"test1label"
11:46:01.0 (9682802)|VARIABLE_SCOPE_BEGIN|[1000]|apiName|String|false|false
11:46:01.0 (9685689)|VARIABLE_ASSIGNMENT|[1000]|apiName|"test1name"
11:46:01.0 (9687248)|VARIABLE_SCOPE_BEGIN|[1000]|id|String|false|false
11:46:01.0 (9690029)|VARIABLE_ASSIGNMENT|[1000]|id|"0PS36000000KhGKGA0"
11:46:01.0 (9691643)|VARIABLE_SCOPE_BEGIN|[1000]|description|String|false|false
11:46:01.0 (9694294)|VARIABLE_ASSIGNMENT|[1000]|description|"test Description 1"
11:46:01.0 (9696391)|VARIABLE_SCOPE_BEGIN|[1000]|namespacePrefix|String|false|false
11:46:01.0 (9698875)|VARIABLE_ASSIGNMENT|[1000]|namespacePrefix|"shiva15testns"
11:46:01.0 (9700595)|VARIABLE_SCOPE_BEGIN|[1000]|userLicenseId|String|false|false
11:46:01.0 (9704045)|VARIABLE_ASSIGNMENT|[1000]|userLicenseId|null
11:46:01.0 (9705711)|VARIABLE_SCOPE_BEGIN|[1000]|createdDate|String|false|false
11:46:01.0 (9708493)|VARIABLE_ASSIGNMENT|[1000]|createdDate|"2016-04-26 18:22:31"
11:46:01.0 (9711267)|STATEMENT_EXECUTE|[983]
11:46:01.0 (9712417)|STATEMENT_EXECUTE|[986]
11:46:01.0 (9713680)|STATEMENT_EXECUTE|[988]
11:46:01.0 (9714708)|STATEMENT_EXECUTE|[990]
11:46:01.0 (9715770)|STATEMENT_EXECUTE|[992]
11:46:01.0 (9716757)|STATEMENT_EXECUTE|[994]
11:46:01.0 (9717729)|STATEMENT_EXECUTE|[996]
11:46:01.0 (9718751)|STATEMENT_EXECUTE|[998]
11:46:01.0 (9729971)|STATEMENT_EXECUTE|[1001]
11:46:01.0 (9731559)|STATEMENT_EXECUTE|[1002]
11:46:01.0 (9751632)|VARIABLE_ASSIGNMENT|[EXTERNAL]|this|{}|0x56b41ac2
11:46:01.0 (9757131)|VARIABLE_ASSIGNMENT|[EXTERNAL]|value|"test1label"
11:46:01.0 (9764293)|VARIABLE_ASSIGNMENT|[986]|this.label|"test1label"|0x56b41ac2
11:46:01.0 (9769740)|STATEMENT_EXECUTE|[1003]
11:46:01.0 (9788811)|VARIABLE_ASSIGNMENT|[EXTERNAL]|this|{"label":"test1label"}|0x56b41ac2
11:46:01.0 (9793355)|VARIABLE_ASSIGNMENT|[EXTERNAL]|value|"test1name"
11:46:01.0 (9799622)|VARIABLE_ASSIGNMENT|[988]|this.apiName|"test1name"|0x56b41ac2
11:46:01.0 (9804551)|STATEMENT_EXECUTE|[1004]
11:46:01.0 (9823694)|VARIABLE_ASSIGNMENT|[EXTERNAL]|this|{"apiName":"test1name","label":"test1label"}|0x56b41ac2
11:46:01.0 (9828568)|VARIABLE_ASSIGNMENT|[EXTERNAL]|value|"0PS36000000KhGKGA0"
11:46:01.0 (9834926)|VARIABLE_ASSIGNMENT|[990]|this.id|"0PS36000000KhGKGA0"|0x56b41ac2
11:46:01.0 (9839893)|STATEMENT_EXECUTE|[1005]
11:46:01.0 (9859304)|VARIABLE_ASSIGNMENT|[EXTERNAL]|this|{"apiName":"test1name","id":"0PS36000000KhGKGA0","label":"test1label"}|0x56b41ac2
11:46:01.0 (9864465)|VARIABLE_ASSIGNMENT|[EXTERNAL]|value|"test Description 1"
11:46:01.0 (9870798)|VARIABLE_ASSIGNMENT|[992]|this.description|"test Description 1"|0x56b41ac2
11:46:01.0 (9875902)|STATEMENT_EXECUTE|[1006]
11:46:01.0 (9896130)|VARIABLE_ASSIGNMENT|[EXTERNAL]|this|{"apiName":"test1name","description":"test Description 1","id":"0PS36000000KhGKGA0","label":"test1label"}|0x56b41ac2
11:46:01.0 (9901206)|VARIABLE_ASSIGNMENT|[EXTERNAL]|value|"shiva15testns"
11:46:01.0 (9907616)|VARIABLE_ASSIGNMENT|[994]|this.namespacePrefix|"shiva15testns"|0x56b41ac2
11:46:01.0 (9912741)|STATEMENT_EXECUTE|[1007]
11:46:01.0 (9933306)|VARIABLE_ASSIGNMENT|[EXTERNAL]|this|{"apiName":"test1name","description":"test Description 1","id":"0PS36000000KhGKGA0","label":"test1label","namespacePrefix":"shiva15testns"}|0x56b41ac2
11:46:01.0 (9939135)|VARIABLE_ASSIGNMENT|[EXTERNAL]|value|null
11:46:01.0 (9945461)|VARIABLE_ASSIGNMENT|[996]|this.userLicenseId|null|0x56b41ac2
11:46:01.0 (9950649)|STATEMENT_EXECUTE|[1008]
11:46:01.0 (9972200)|VARIABLE_ASSIGNMENT|[EXTERNAL]|this|{"apiName":"test1name","description":"test Description 1","id":"0PS36000000KhGKGA0","label":"test1label","namespacePrefix":"shiva15testns"}|0x56b41ac2
11:46:01.0 (9977799)|VARIABLE_ASSIGNMENT|[EXTERNAL]|value|"2016-04-26 18:22:31"
11:46:01.0 (9984247)|VARIABLE_ASSIGNMENT|[998]|this.createdDate|"2016-04-26 18:22:31"|0x56b41ac2
11:46:01.0 (9996456)|CONSTRUCTOR_EXIT|[166]|01p36000005Jpvx|<init>(String,String,String,String,String,String,String)
11:46:01.0 (10016847)|VARIABLE_ASSIGNMENT|[166]|pSetObj|{"apiName":"test1name","createdDate":"2016-04-26 18:22:31","description":"test Description 1","id":"0PS36000000KhGKGA0","label":"test1label","namespacePrefix":"shiva15testns"}|0x56b41ac2
11:46:01.0 (10021220)|STATEMENT_EXECUTE|[167]
11:46:01.0 (10032376)|ENTERING_MANAGED_PKG|
11:46:01.0 (10040005)|HEAP_ALLOCATE|[EXTERNAL]|Bytes:4
11:46:01.0 (10046398)|STATEMENT_EXECUTE|[168]
11:46:01.0 (10059503)|ENTERING_MANAGED_PKG|
11:46:01.0 (10121487)|HEAP_ALLOCATE|[168]|Bytes:201
11:46:01.0 (10145366)|HEAP_ALLOCATE|[168]|Bytes:225
11:46:01.0 (10165255)|ENTERING_MANAGED_PKG|
11:46:01.0 (10174770)|USER_DEBUG|[168]|ERROR|The PermissionSet Name: PermissionSet:{Id=0PS36000000KhGKGA0, Label=test1label, Name=test1name, Description=test Description 1, NamespacePrefix=shiva15testns, UserLicenseId=10036000000eSpyAAE, CreatedDate=2016-04-27 01:22:31}
11:46:01.0 (10200572)|HEAP_ALLOCATE|[162]|Bytes:5
11:46:01.0 (10234165)|HEAP_ALLOCATE|[162]|Bytes:32
11:46:01.0 (10246770)|VARIABLE_SCOPE_BEGIN|[162]|PSetName|PermissionSet|true|false
11:46:01.0 (10281867)|VARIABLE_ASSIGNMENT|[162]|PSetName|{"s":1,"v":{"Id":"0PS36000000KhI0GAK","Label":"test1ONElabel","Name":"test1ONEname","Description":"test Description 1","NamespacePrefix":"shiva15testns","UserLicenseId":"10036000000eSpyAAE","CreatedDate":"2016-04-27T01:26:38.000Z"}}|0x3c732ce8
11:46:01.0 (10288844)|STATEMENT_EXECUTE|[162]
11:46:01.0 (10319065)|ENTERING_MANAGED_PKG|
11:46:01.0 (10337151)|STATEMENT_EXECUTE|[163]
11:46:01.0 (10339874)|STATEMENT_EXECUTE|[166]
11:46:01.0 (10346929)|HEAP_ALLOCATE|[166]|Bytes:32
11:46:01.0 (10376737)|ENTERING_MANAGED_PKG|
11:46:01.0 (10384456)|HEAP_ALLOCATE|[166]|Bytes:18
11:46:01.0 (10428994)|ENTERING_MANAGED_PKG|
11:46:01.0 (10448855)|HEAP_ALLOCATE|[166]|Bytes:19
11:46:01.0 (10470305)|CONSTRUCTOR_ENTRY|[166]|01p36000005Jpvx|<init>(String,String,String,String,String,String,String)
11:46:01.0 (10475959)|VARIABLE_SCOPE_BEGIN|[1000]|this|shiva15testns.PermissionSetPortalControllers.PermissionSetClass|true|false
11:46:01.0 (10496698)|VARIABLE_ASSIGNMENT|[1000]|this|{}|0x3ddedd7
11:46:01.0 (10499824)|VARIABLE_SCOPE_BEGIN|[1000]|label|String|false|false
11:46:01.0 (10504312)|VARIABLE_ASSIGNMENT|[1000]|label|"test1ONElabel"
11:46:01.0 (10506116)|VARIABLE_SCOPE_BEGIN|[1000]|apiName|String|false|false
11:46:01.0 (10508838)|VARIABLE_ASSIGNMENT|[1000]|apiName|"test1ONEname"
11:46:01.0 (10510545)|VARIABLE_SCOPE_BEGIN|[1000]|id|String|false|false
11:46:01.0 (10513321)|VARIABLE_ASSIGNMENT|[1000]|id|"0PS36000000KhI0GAK"
11:46:01.0 (10514905)|VARIABLE_SCOPE_BEGIN|[1000]|description|String|false|false
11:46:01.0 (10517705)|VARIABLE_ASSIGNMENT|[1000]|description|"test Description 1"
11:46:01.0 (10519281)|VARIABLE_SCOPE_BEGIN|[1000]|namespacePrefix|String|false|false
11:46:01.0 (10521909)|VARIABLE_ASSIGNMENT|[1000]|namespacePrefix|"shiva15testns"
11:46:01.0 (10523879)|VARIABLE_SCOPE_BEGIN|[1000]|userLicenseId|String|false|false
11:46:01.0 (10527268)|VARIABLE_ASSIGNMENT|[1000]|userLicenseId|null
11:46:01.0 (10528872)|VARIABLE_SCOPE_BEGIN|[1000]|createdDate|String|false|false
11:46:01.0 (10531794)|VARIABLE_ASSIGNMENT|[1000]|createdDate|"2016-04-26 18:26:38"
11:46:01.0 (10534522)|STATEMENT_EXECUTE|[983]
11:46:01.0 (10535682)|STATEMENT_EXECUTE|[986]
11:46:01.0 (10536948)|STATEMENT_EXECUTE|[988]
11:46:01.0 (10538056)|STATEMENT_EXECUTE|[990]
11:46:01.0 (10539042)|STATEMENT_EXECUTE|[992]
11:46:01.0 (10540065)|STATEMENT_EXECUTE|[994]
11:46:01.0 (10541108)|STATEMENT_EXECUTE|[996]
11:46:01.0 (10542077)|STATEMENT_EXECUTE|[998]
11:46:01.0 (10553386)|STATEMENT_EXECUTE|[1001]
11:46:01.0 (10555054)|STATEMENT_EXECUTE|[1002]
11:46:01.0 (10574657)|VARIABLE_ASSIGNMENT|[EXTERNAL]|this|{}|0x3ddedd7
11:46:01.0 (10579914)|VARIABLE_ASSIGNMENT|[EXTERNAL]|value|"test1ONElabel"
11:46:01.0 (10591663)|VARIABLE_ASSIGNMENT|[986]|this.label|"test1ONElabel"|0x3ddedd7
11:46:01.0 (10597909)|STATEMENT_EXECUTE|[1003]
11:46:01.0 (10618863)|VARIABLE_ASSIGNMENT|[EXTERNAL]|this|{"label":"test1ONElabel"}|0x3ddedd7
11:46:01.0 (10623712)|VARIABLE_ASSIGNMENT|[EXTERNAL]|value|"test1ONEname"
11:46:01.0 (10630117)|VARIABLE_ASSIGNMENT|[988]|this.apiName|"test1ONEname"|0x3ddedd7
11:46:01.0 (10635276)|STATEMENT_EXECUTE|[1004]
11:46:01.0 (10659204)|VARIABLE_ASSIGNMENT|[EXTERNAL]|this|{"apiName":"test1ONEname","label":"test1ONElabel"}|0x3ddedd7
11:46:01.0 (10664580)|VARIABLE_ASSIGNMENT|[EXTERNAL]|value|"0PS36000000KhI0GAK"
11:46:01.0 (10671148)|VARIABLE_ASSIGNMENT|[990]|this.id|"0PS36000000KhI0GAK"|0x3ddedd7
11:46:01.0 (10676467)|STATEMENT_EXECUTE|[1005]
11:46:01.0 (10696821)|VARIABLE_ASSIGNMENT|[EXTERNAL]|this|{"apiName":"test1ONEname","id":"0PS36000000KhI0GAK","label":"test1ONElabel"}|0x3ddedd7
11:46:01.0 (10701925)|VARIABLE_ASSIGNMENT|[EXTERNAL]|value|"test Description 1"
11:46:01.0 (10708112)|VARIABLE_ASSIGNMENT|[992]|this.description|"test Description 1"|0x3ddedd7
11:46:01.0 (10713417)|STATEMENT_EXECUTE|[1006]
11:46:01.0 (10734535)|VARIABLE_ASSIGNMENT|[EXTERNAL]|this|{"apiName":"test1ONEname","description":"test Description 1","id":"0PS36000000KhI0GAK","label":"test1ONElabel"}|0x3ddedd7
11:46:01.0 (10739763)|VARIABLE_ASSIGNMENT|[EXTERNAL]|value|"shiva15testns"
11:46:01.0 (10745801)|VARIABLE_ASSIGNMENT|[994]|this.namespacePrefix|"shiva15testns"|0x3ddedd7
11:46:01.0 (10750965)|STATEMENT_EXECUTE|[1007]
11:46:01.0 (10772115)|VARIABLE_ASSIGNMENT|[EXTERNAL]|this|{"apiName":"test1ONEname","description":"test Description 1","id":"0PS36000000KhI0GAK","label":"test1ONElabel","namespacePrefix":"shiva15testns"}|0x3ddedd7
11:46:01.0 (10778164)|VARIABLE_ASSIGNMENT|[EXTERNAL]|value|null
11:46:01.0 (10784471)|VARIABLE_ASSIGNMENT|[996]|this.userLicenseId|null|0x3ddedd7
11:46:01.0 (10790339)|STATEMENT_EXECUTE|[1008]
11:46:01.0 (10812584)|VARIABLE_ASSIGNMENT|[EXTERNAL]|this|{"apiName":"test1ONEname","description":"test Description 1","id":"0PS36000000KhI0GAK","label":"test1ONElabel","namespacePrefix":"shiva15testns"}|0x3ddedd7
11:46:01.0 (10818609)|VARIABLE_ASSIGNMENT|[EXTERNAL]|value|"2016-04-26 18:26:38"
11:46:01.0 (10825149)|VARIABLE_ASSIGNMENT|[998]|this.createdDate|"2016-04-26 18:26:38"|0x3ddedd7
11:46:01.0 (10837838)|CONSTRUCTOR_EXIT|[166]|01p36000005Jpvx|<init>(String,String,String,String,String,String,String)
11:46:01.0 (10858485)|VARIABLE_ASSIGNMENT|[166]|pSetObj|{"apiName":"test1ONEname","createdDate":"2016-04-26 18:26:38","description":"test Description 1","id":"0PS36000000KhI0GAK","label":"test1ONElabel","namespacePrefix":"shiva15testns"}|0x3ddedd7
11:46:01.0 (10862191)|STATEMENT_EXECUTE|[167]
11:46:01.0 (10873306)|ENTERING_MANAGED_PKG|
11:46:01.0 (10880691)|HEAP_ALLOCATE|[EXTERNAL]|Bytes:4
11:46:01.0 (10886972)|STATEMENT_EXECUTE|[168]
11:46:01.0 (10899867)|ENTERING_MANAGED_PKG|
11:46:01.0 (10945664)|HEAP_ALLOCATE|[168]|Bytes:207
11:46:01.0 (10960508)|HEAP_ALLOCATE|[168]|Bytes:231
11:46:01.0 (10972244)|ENTERING_MANAGED_PKG|
11:46:01.0 (10978864)|USER_DEBUG|[168]|ERROR|The PermissionSet Name: PermissionSet:{Id=0PS36000000KhI0GAK, Label=test1ONElabel, Name=test1ONEname, Description=test Description 1, NamespacePrefix=shiva15testns, UserLicenseId=10036000000eSpyAAE, CreatedDate=2016-04-27 01:26:38}
11:46:01.0 (10994434)|HEAP_ALLOCATE|[162]|Bytes:5
11:46:01.0 (11016002)|HEAP_ALLOCATE|[162]|Bytes:32
11:46:01.0 (11025070)|VARIABLE_SCOPE_BEGIN|[162]|PSetName|PermissionSet|true|false
11:46:01.0 (11049307)|VARIABLE_ASSIGNMENT|[162]|PSetName|{"s":1,"v":{"Id":"0PS36000000KlvMGAS","Label":"test_name","Name":"test_name","Description":"test desc","NamespacePrefix":"shiva15testns","UserLicenseId":"10036000000eSpyAAE","CreatedDate":"2016-04-27T09:47:35.000Z"}}|0xf7beb27
11:46:01.0 (11054112)|STATEMENT_EXECUTE|[162]
11:46:01.0 (11075211)|ENTERING_MANAGED_PKG|
11:46:01.0 (11084715)|STATEMENT_EXECUTE|[163]
11:46:01.0 (11086211)|STATEMENT_EXECUTE|[166]
11:46:01.0 (11091126)|HEAP_ALLOCATE|[166]|Bytes:32
11:46:01.0 (11107640)|ENTERING_MANAGED_PKG|
11:46:01.0 (11111587)|HEAP_ALLOCATE|[166]|Bytes:18
11:46:01.0 (11133572)|ENTERING_MANAGED_PKG|
11:46:01.0 (11146666)|HEAP_ALLOCATE|[166]|Bytes:19
11:46:01.0 (11168137)|CONSTRUCTOR_ENTRY|[166]|01p36000005Jpvx|<init>(String,String,String,String,String,String,String)
11:46:01.0 (11173690)|VARIABLE_SCOPE_BEGIN|[1000]|this|shiva15testns.PermissionSetPortalControllers.PermissionSetClass|true|false
11:46:01.0 (11193880)|VARIABLE_ASSIGNMENT|[1000]|this|{}|0x6ef50a1f
11:46:01.0 (11196741)|VARIABLE_SCOPE_BEGIN|[1000]|label|String|false|false
11:46:01.0 (11200860)|VARIABLE_ASSIGNMENT|[1000]|label|"test_name"
11:46:01.0 (11202529)|VARIABLE_SCOPE_BEGIN|[1000]|apiName|String|false|false
11:46:01.0 (11205009)|VARIABLE_ASSIGNMENT|[1000]|apiName|"test_name"
11:46:01.0 (11206579)|VARIABLE_SCOPE_BEGIN|[1000]|id|String|false|false
11:46:01.0 (11209474)|VARIABLE_ASSIGNMENT|[1000]|id|"0PS36000000KlvMGAS"
11:46:01.0 (11211033)|VARIABLE_SCOPE_BEGIN|[1000]|description|String|false|false
11:46:01.0 (11213616)|VARIABLE_ASSIGNMENT|[1000]|description|"test desc"
11:46:01.0 (11215126)|VARIABLE_SCOPE_BEGIN|[1000]|namespacePrefix|String|false|false
11:46:01.0 (11217609)|VARIABLE_ASSIGNMENT|[1000]|namespacePrefix|"shiva15testns"
11:46:01.0 (11219290)|VARIABLE_SCOPE_BEGIN|[1000]|userLicenseId|String|false|false
11:46:01.0 (11222582)|VARIABLE_ASSIGNMENT|[1000]|userLicenseId|null
11:46:01.0 (11224452)|VARIABLE_SCOPE_BEGIN|[1000]|createdDate|String|false|false
11:46:01.0 (11227420)|VARIABLE_ASSIGNMENT|[1000]|createdDate|"2016-04-27 02:47:35"
11:46:01.0 (11230077)|STATEMENT_EXECUTE|[983]
11:46:01.0 (11231283)|STATEMENT_EXECUTE|[986]
11:46:01.0 (11232582)|STATEMENT_EXECUTE|[988]
11:46:01.0 (11233613)|STATEMENT_EXECUTE|[990]
11:46:01.0 (11234608)|STATEMENT_EXECUTE|[992]
11:46:01.0 (11235591)|STATEMENT_EXECUTE|[994]
11:46:01.0 (11236572)|STATEMENT_EXECUTE|[996]
11:46:01.0 (11237539)|STATEMENT_EXECUTE|[998]
11:46:01.0 (11248499)|STATEMENT_EXECUTE|[1001]
11:46:01.0 (11250023)|STATEMENT_EXECUTE|[1002]
11:46:01.0 (11283527)|VARIABLE_ASSIGNMENT|[EXTERNAL]|this|{}|0x6ef50a1f
11:46:01.0 (11289691)|VARIABLE_ASSIGNMENT|[EXTERNAL]|value|"test_name"
11:46:01.0 (11297350)|VARIABLE_ASSIGNMENT|[986]|this.label|"test_name"|0x6ef50a1f
11:46:01.0 (11303395)|STATEMENT_EXECUTE|[1003]
11:46:01.0 (11323397)|VARIABLE_ASSIGNMENT|[EXTERNAL]|this|{"label":"test_name"}|0x6ef50a1f
11:46:01.0 (11328446)|VARIABLE_ASSIGNMENT|[EXTERNAL]|value|"test_name"
11:46:01.0 (11334301)|VARIABLE_ASSIGNMENT|[988]|this.apiName|"test_name"|0x6ef50a1f
11:46:01.0 (11339442)|STATEMENT_EXECUTE|[1004]
11:46:01.0 (11358696)|VARIABLE_ASSIGNMENT|[EXTERNAL]|this|{"apiName":"test_name","label":"test_name"}|0x6ef50a1f
11:46:01.0 (11363605)|VARIABLE_ASSIGNMENT|[EXTERNAL]|value|"0PS36000000KlvMGAS"
11:46:01.0 (11369862)|VARIABLE_ASSIGNMENT|[990]|this.id|"0PS36000000KlvMGAS"|0x6ef50a1f
11:46:01.0 (11375015)|STATEMENT_EXECUTE|[1005]
11:46:01.0 (11394525)|VARIABLE_ASSIGNMENT|[EXTERNAL]|this|{"apiName":"test_name","id":"0PS36000000KlvMGAS","label":"test_name"}|0x6ef50a1f
11:46:01.0 (11399523)|VARIABLE_ASSIGNMENT|[EXTERNAL]|value|"test desc"
11:46:01.0 (11405573)|VARIABLE_ASSIGNMENT|[992]|this.description|"test desc"|0x6ef50a1f
11:46:01.0 (11410531)|STATEMENT_EXECUTE|[1006]
11:46:01.0 (11430908)|VARIABLE_ASSIGNMENT|[EXTERNAL]|this|{"apiName":"test_name","description":"test desc","id":"0PS36000000KlvMGAS","label":"test_name"}|0x6ef50a1f
11:46:01.0 (11436138)|VARIABLE_ASSIGNMENT|[EXTERNAL]|value|"shiva15testns"
11:46:01.0 (11442336)|VARIABLE_ASSIGNMENT|[994]|this.namespacePrefix|"shiva15testns"|0x6ef50a1f
11:46:01.0 (11447376)|STATEMENT_EXECUTE|[1007]
11:46:01.0 (11467920)|VARIABLE_ASSIGNMENT|[EXTERNAL]|this|{"apiName":"test_name","description":"test desc","id":"0PS36000000KlvMGAS","label":"test_name","namespacePrefix":"shiva15testns"}|0x6ef50a1f
11:46:01.0 (11473817)|VARIABLE_ASSIGNMENT|[EXTERNAL]|value|null
11:46:01.0 (11480103)|VARIABLE_ASSIGNMENT|[996]|this.userLicenseId|null|0x6ef50a1f
11:46:01.0 (11485444)|STATEMENT_EXECUTE|[1008]
11:46:01.0 (11506659)|VARIABLE_ASSIGNMENT|[EXTERNAL]|this|{"apiName":"test_name","description":"test desc","id":"0PS36000000KlvMGAS","label":"test_name","namespacePrefix":"shiva15testns"}|0x6ef50a1f
11:46:01.0 (11512132)|VARIABLE_ASSIGNMENT|[EXTERNAL]|value|"2016-04-27 02:47:35"
11:46:01.0 (11518402)|VARIABLE_ASSIGNMENT|[998]|this.createdDate|"2016-04-27 02:47:35"|0x6ef50a1f
11:46:01.0 (11530878)|CONSTRUCTOR_EXIT|[166]|01p36000005Jpvx|<init>(String,String,String,String,String,String,String)
11:46:01.0 (11551293)|VARIABLE_ASSIGNMENT|[166]|pSetObj|{"apiName":"test_name","createdDate":"2016-04-27 02:47:35","description":"test desc","id":"0PS36000000KlvMGAS","label":"test_name","namespacePrefix":"shiva15testns"}|0x6ef50a1f
11:46:01.0 (11555055)|STATEMENT_EXECUTE|[167]
11:46:01.0 (11565945)|ENTERING_MANAGED_PKG|
11:46:01.0 (11573024)|HEAP_ALLOCATE|[EXTERNAL]|Bytes:4
11:46:01.0 (11579067)|STATEMENT_EXECUTE|[168]
11:46:01.0 (11596452)|ENTERING_MANAGED_PKG|
11:46:01.0 (11652670)|HEAP_ALLOCATE|[168]|Bytes:191
11:46:01.0 (11668213)|HEAP_ALLOCATE|[168]|Bytes:215
11:46:01.0 (11680019)|ENTERING_MANAGED_PKG|
11:46:01.0 (11686511)|USER_DEBUG|[168]|ERROR|The PermissionSet Name: PermissionSet:{Id=0PS36000000KlvMGAS, Label=test_name, Name=test_name, Description=test desc, NamespacePrefix=shiva15testns, UserLicenseId=10036000000eSpyAAE, CreatedDate=2016-04-27 09:47:35}
11:46:01.0 (11701940)|HEAP_ALLOCATE|[162]|Bytes:5
11:46:01.0 (11722848)|HEAP_ALLOCATE|[162]|Bytes:28
11:46:01.0 (11731102)|VARIABLE_SCOPE_BEGIN|[162]|PSetName|PermissionSet|true|false
11:46:01.0 (11755455)|VARIABLE_ASSIGNMENT|[162]|PSetName|{"s":1,"v":{"Id":"0PS36000000mmnFGAQ","Label":"00e1a000000MWa8AAG","Name":"X00e1a000000MWa8AAG","NamespacePrefix":"shiva15testns","UserLicenseId":"10036000000eSpzAAE","CreatedDate":"2016-03-08T19:00:02.000Z"}}|0x607d3be4
11:46:01.0 (11759856)|STATEMENT_EXECUTE|[162]
11:46:01.0 (11780575)|ENTERING_MANAGED_PKG|
11:46:01.0 (11790104)|STATEMENT_EXECUTE|[163]
11:46:01.0 (11801164)|HEAP_ALLOCATE|[162]|Bytes:5
11:46:01.0 (11821013)|HEAP_ALLOCATE|[162]|Bytes:28
11:46:01.0 (11828344)|VARIABLE_SCOPE_BEGIN|[162]|PSetName|PermissionSet|true|false
11:46:01.0 (11852151)|VARIABLE_ASSIGNMENT|[162]|PSetName|{"s":1,"v":{"Id":"0PS36000000mmnGGAQ","Label":"00ex00000018ozl_128_ (10 more) ...","Name":"X00ex00000018ozl_128 (11 more) ...","NamespacePrefix":"shiva15testns","UserLicenseId":"10036000000eSpyAAE","CreatedDate":"2016-03-08T19:00:02.000Z"}}|0x1095604d
11:46:01.0 (11856599)|STATEMENT_EXECUTE|[162]
11:46:01.0 (11876060)|ENTERING_MANAGED_PKG|
11:46:01.0 (11885067)|STATEMENT_EXECUTE|[163]
11:46:01.0 (11896065)|HEAP_ALLOCATE|[162]|Bytes:5
11:46:01.0 (11915357)|HEAP_ALLOCATE|[162]|Bytes:28
11:46:01.0 (11922681)|VARIABLE_SCOPE_BEGIN|[162]|PSetName|PermissionSet|true|false
11:46:01.0 (11944755)|VARIABLE_ASSIGNMENT|[162]|PSetName|{"s":1,"v":{"Id":"0PS36000000mmnHGAQ","Label":"00ex00000018ozm_128_ (10 more) ...","Name":"X00ex00000018ozm_128 (11 more) ...","NamespacePrefix":"shiva15testns","UserLicenseId":"10036000000eSpyAAE","CreatedDate":"2016-03-08T19:00:02.000Z"}}|0x35a41adb
11:46:01.0 (11948931)|STATEMENT_EXECUTE|[162]
11:46:01.0 (11968703)|ENTERING_MANAGED_PKG|
11:46:01.0 (11977714)|STATEMENT_EXECUTE|[163]
11:46:01.0 (11988559)|HEAP_ALLOCATE|[162]|Bytes:5
11:46:01.0 (12007981)|HEAP_ALLOCATE|[162]|Bytes:28
11:46:01.0 (12016199)|VARIABLE_SCOPE_BEGIN|[162]|PSetName|PermissionSet|true|false
11:46:01.0 (12038062)|VARIABLE_ASSIGNMENT|[162]|PSetName|{"s":1,"v":{"Id":"0PS36000000mmnIGAQ","Label":"00ex00000018ozk_128_ (10 more) ...","Name":"X00ex00000018ozk_128 (11 more) ...","NamespacePrefix":"shiva15testns","UserLicenseId":"10036000000eSpyAAE","CreatedDate":"2016-03-08T19:00:02.000Z"}}|0x6556ed9b
11:46:01.0 (12042443)|STATEMENT_EXECUTE|[162]
11:46:01.0 (12061949)|ENTERING_MANAGED_PKG|
11:46:01.0 (12070902)|STATEMENT_EXECUTE|[163]
11:46:01.0 (12081388)|HEAP_ALLOCATE|[162]|Bytes:5
11:46:01.0 (12100766)|HEAP_ALLOCATE|[162]|Bytes:28
11:46:01.0 (12107981)|VARIABLE_SCOPE_BEGIN|[162]|PSetName|PermissionSet|true|false
11:46:01.0 (12129657)|VARIABLE_ASSIGNMENT|[162]|PSetName|{"s":1,"v":{"Id":"0PS36000000mmnJGAQ","Label":"00ex00000018ozj_128_ (10 more) ...","Name":"X00ex00000018ozj_128 (11 more) ...","NamespacePrefix":"shiva15testns","UserLicenseId":"10036000000eSpyAAE","CreatedDate":"2016-03-08T19:00:02.000Z"}}|0x6cfd48ce
11:46:01.0 (12133647)|STATEMENT_EXECUTE|[162]
11:46:01.0 (12153045)|ENTERING_MANAGED_PKG|
11:46:01.0 (12162071)|STATEMENT_EXECUTE|[163]
11:46:01.0 (12172454)|HEAP_ALLOCATE|[162]|Bytes:5
11:46:01.0 (12191735)|HEAP_ALLOCATE|[162]|Bytes:28
11:46:01.0 (12198792)|VARIABLE_SCOPE_BEGIN|[162]|PSetName|PermissionSet|true|false
11:46:01.0 (12220936)|VARIABLE_ASSIGNMENT|[162]|PSetName|{"s":1,"v":{"Id":"0PS36000000mmnKGAQ","Label":"00ex00000018ozo_128_ (10 more) ...","Name":"X00ex00000018ozo_128 (11 more) ...","NamespacePrefix":"shiva15testns","UserLicenseId":"10036000000eSpyAAE","CreatedDate":"2016-03-08T19:00:02.000Z"}}|0x57d1ca14
11:46:01.0 (12225669)|STATEMENT_EXECUTE|[162]
11:46:01.0 (12245289)|ENTERING_MANAGED_PKG|
11:46:01.0 (12254178)|STATEMENT_EXECUTE|[163]
11:46:01.0 (12264819)|HEAP_ALLOCATE|[162]|Bytes:5
11:46:01.0 (12284108)|HEAP_ALLOCATE|[162]|Bytes:28
11:46:01.0 (12291279)|VARIABLE_SCOPE_BEGIN|[162]|PSetName|PermissionSet|true|false
11:46:01.0 (12312908)|VARIABLE_ASSIGNMENT|[162]|PSetName|{"s":1,"v":{"Id":"0PS36000000mmnLGAQ","Label":"00ex00000018ozh_128_ (10 more) ...","Name":"X00ex00000018ozh_128 (11 more) ...","NamespacePrefix":"shiva15testns","UserLicenseId":"10036000000eSpyAAE","CreatedDate":"2016-03-08T19:00:02.000Z"}}|0x42b670f7
11:46:01.0 (12316958)|STATEMENT_EXECUTE|[162]
11:46:01.0 (12336768)|ENTERING_MANAGED_PKG|
11:46:01.0 (12345794)|STATEMENT_EXECUTE|[163]
11:46:01.0 (12356183)|HEAP_ALLOCATE|[162]|Bytes:5
11:46:01.0 (12375245)|HEAP_ALLOCATE|[162]|Bytes:28
11:46:01.0 (12382481)|VARIABLE_SCOPE_BEGIN|[162]|PSetName|PermissionSet|true|false
11:46:01.0 (12403624)|VARIABLE_ASSIGNMENT|[162]|PSetName|{"s":1,"v":{"Id":"0PS36000000mmnMGAQ","Label":"00ex00000018ozq_128_ (11 more) ...","Name":"X00ex00000018ozq_128 (12 more) ...","NamespacePrefix":"shiva15testns","UserLicenseId":"10036000000eSpyAAE","CreatedDate":"2016-03-08T19:00:02.000Z"}}|0x10de770f
11:46:01.0 (12407599)|STATEMENT_EXECUTE|[162]
11:46:01.0 (12427214)|ENTERING_MANAGED_PKG|
11:46:01.0 (12436053)|STATEMENT_EXECUTE|[163]
11:46:01.0 (12446687)|HEAP_ALLOCATE|[162]|Bytes:5
11:46:01.0 (12465925)|HEAP_ALLOCATE|[162]|Bytes:28
11:46:01.0 (12473145)|VARIABLE_SCOPE_BEGIN|[162]|PSetName|PermissionSet|true|false
11:46:01.0 (12494512)|VARIABLE_ASSIGNMENT|[162]|PSetName|{"s":1,"v":{"Id":"0PS36000000mmnNGAQ","Label":"00ex00000018ozp_128_ (10 more) ...","Name":"X00ex00000018ozp_128 (11 more) ...","NamespacePrefix":"shiva15testns","UserLicenseId":"10036000000eSpyAAE","CreatedDate":"2016-03-08T19:00:02.000Z"}}|0x1663f6e2
11:46:01.0 (12498943)|STATEMENT_EXECUTE|[162]
11:46:01.0 (12518425)|ENTERING_MANAGED_PKG|
11:46:01.0 (12527393)|STATEMENT_EXECUTE|[163]
11:46:01.0 (12537880)|HEAP_ALLOCATE|[162]|Bytes:5
11:46:01.0 (12557097)|HEAP_ALLOCATE|[162]|Bytes:28
11:46:01.0 (12564238)|VARIABLE_SCOPE_BEGIN|[162]|PSetName|PermissionSet|true|false
11:46:01.0 (12591468)|VARIABLE_ASSIGNMENT|[162]|PSetName|{"s":1,"v":{"Id":"0PS36000000mmnOGAQ","Label":"00ex00000018ozn_128_ (10 more) ...","Name":"X00ex00000018ozn_128 (11 more) ...","NamespacePrefix":"shiva15testns","UserLicenseId":"10036000000eSpyAAE","CreatedDate":"2016-03-08T19:00:02.000Z"}}|0x4f3b1f50
11:46:01.0 (12596054)|STATEMENT_EXECUTE|[162]
11:46:01.0 (12616247)|ENTERING_MANAGED_PKG|
11:46:01.0 (12625315)|STATEMENT_EXECUTE|[163]
11:46:01.0 (12636082)|HEAP_ALLOCATE|[162]|Bytes:5
11:46:01.0 (12655801)|HEAP_ALLOCATE|[162]|Bytes:28
11:46:01.0 (12663052)|VARIABLE_SCOPE_BEGIN|[162]|PSetName|PermissionSet|true|false
11:46:01.0 (12700273)|VARIABLE_ASSIGNMENT|[162]|PSetName|{"s":1,"v":{"Id":"0PS36000000mmnPGAQ","Label":"00e1a000000MWa9AAG","Name":"X00e1a000000MWa9AAG","NamespacePrefix":"shiva15testns","UserLicenseId":"10036000000eSq0AAE","CreatedDate":"2016-03-08T19:00:02.000Z"}}|0x3efbff88
11:46:01.0 (12704959)|STATEMENT_EXECUTE|[162]
11:46:01.0 (12725647)|ENTERING_MANAGED_PKG|
11:46:01.0 (12734832)|STATEMENT_EXECUTE|[163]
11:46:01.0 (12745621)|HEAP_ALLOCATE|[162]|Bytes:5
11:46:01.0 (12765542)|HEAP_ALLOCATE|[162]|Bytes:28
11:46:01.0 (12772768)|VARIABLE_SCOPE_BEGIN|[162]|PSetName|PermissionSet|true|false
11:46:01.0 (12793490)|VARIABLE_ASSIGNMENT|[162]|PSetName|{"s":1,"v":{"Id":"0PS36000000mmnQGAQ","Label":"00e1a000000MWaBAAW","Name":"X00e1a000000MWaBAAW","NamespacePrefix":"shiva15testns","UserLicenseId":"10036000000eSq2AAE","CreatedDate":"2016-03-08T19:00:02.000Z"}}|0x5d7e9157
11:46:01.0 (12797664)|STATEMENT_EXECUTE|[162]
11:46:01.0 (12817638)|ENTERING_MANAGED_PKG|
11:46:01.0 (12826625)|STATEMENT_EXECUTE|[163]
11:46:01.0 (12837238)|HEAP_ALLOCATE|[162]|Bytes:5
11:46:01.0 (12856489)|HEAP_ALLOCATE|[162]|Bytes:28
11:46:01.0 (12863693)|VARIABLE_SCOPE_BEGIN|[162]|PSetName|PermissionSet|true|false
11:46:01.0 (12884035)|VARIABLE_ASSIGNMENT|[162]|PSetName|{"s":1,"v":{"Id":"0PS36000000mmnRGAQ","Label":"00e1a000000MWaCAAW","Name":"X00e1a000000MWaCAAW","NamespacePrefix":"shiva15testns","UserLicenseId":"10036000000eSq3AAE","CreatedDate":"2016-03-08T19:00:02.000Z"}}|0x54a3b8fc
11:46:01.0 (12888052)|STATEMENT_EXECUTE|[162]
11:46:01.0 (12907635)|ENTERING_MANAGED_PKG|
11:46:01.0 (12916525)|STATEMENT_EXECUTE|[163]
11:46:01.0 (12926983)|HEAP_ALLOCATE|[162]|Bytes:5
11:46:01.0 (12946220)|HEAP_ALLOCATE|[162]|Bytes:28
11:46:01.0 (12953521)|VARIABLE_SCOPE_BEGIN|[162]|PSetName|PermissionSet|true|false
11:46:01.0 (12973844)|VARIABLE_ASSIGNMENT|[162]|PSetName|{"s":1,"v":{"Id":"0PS36000000mmnSGAQ","Label":"00e1a000000MWaDAAW","Name":"X00e1a000000MWaDAAW","NamespacePrefix":"shiva15testns","UserLicenseId":"10036000000eSq4AAE","CreatedDate":"2016-03-08T19:00:02.000Z"}}|0x4375fca7
11:46:01.0 (12978172)|STATEMENT_EXECUTE|[162]
11:46:01.0 (12997581)|ENTERING_MANAGED_PKG|
11:46:01.0 (13006470)|STATEMENT_EXECUTE|[163]
11:46:01.0 (13017903)|HEAP_ALLOCATE|[162]|Bytes:5
11:46:01.0 (13037088)|HEAP_ALLOCATE|[162]|Bytes:28
11:46:01.0 (13044413)|VARIABLE_SCOPE_BEGIN|[162]|PSetName|PermissionSet|true|false
11:46:01.0 (13065258)|VARIABLE_ASSIGNMENT|[162]|PSetName|{"s":1,"v":{"Id":"0PS36000000mmnTGAQ","Label":"00e1a000000MWaEAAW","Name":"X00e1a000000MWaEAAW","NamespacePrefix":"shiva15testns","UserLicenseId":"10036000000eSq5AAE","CreatedDate":"2016-03-08T19:00:02.000Z"}}|0x22935cfe
11:46:01.0 (13069382)|STATEMENT_EXECUTE|[162]
11:46:01.0 (13089013)|ENTERING_MANAGED_PKG|
11:46:01.0 (13097869)|STATEMENT_EXECUTE|[163]
11:46:01.0 (13108377)|HEAP_ALLOCATE|[162]|Bytes:5
11:46:01.0 (13127794)|HEAP_ALLOCATE|[162]|Bytes:28
11:46:01.0 (13134946)|VARIABLE_SCOPE_BEGIN|[162]|PSetName|PermissionSet|true|false
11:46:01.0 (13156274)|VARIABLE_ASSIGNMENT|[162]|PSetName|{"s":1,"v":{"Id":"0PS36000000mmnUGAQ","Label":"00e1a000000MWaFAAW","Name":"X00e1a000000MWaFAAW","NamespacePrefix":"shiva15testns","UserLicenseId":"10036000000eSq6AAE","CreatedDate":"2016-03-08T19:00:02.000Z"}}|0xb4e85d2
11:46:01.0 (13160306)|STATEMENT_EXECUTE|[162]
11:46:01.0 (13179893)|ENTERING_MANAGED_PKG|
11:46:01.0 (13188662)|STATEMENT_EXECUTE|[163]
11:46:01.0 (13199289)|HEAP_ALLOCATE|[162]|Bytes:5
11:46:01.0 (13218606)|HEAP_ALLOCATE|[162]|Bytes:28
11:46:01.0 (13225664)|VARIABLE_SCOPE_BEGIN|[162]|PSetName|PermissionSet|true|false
11:46:01.0 (13246218)|VARIABLE_ASSIGNMENT|[162]|PSetName|{"s":1,"v":{"Id":"0PS36000000mmnVGAQ","Label":"00e1a000000MWaGAAW","Name":"X00e1a000000MWaGAAW","NamespacePrefix":"shiva15testns","UserLicenseId":"10036000000eSq7AAE","CreatedDate":"2016-03-08T19:00:02.000Z"}}|0x42e3b81f
11:46:01.0 (13250022)|STATEMENT_EXECUTE|[162]
11:46:01.0 (13269405)|ENTERING_MANAGED_PKG|
11:46:01.0 (13278188)|STATEMENT_EXECUTE|[163]
11:46:01.0 (13288980)|HEAP_ALLOCATE|[162]|Bytes:5
11:46:01.0 (13308341)|HEAP_ALLOCATE|[162]|Bytes:28
11:46:01.0 (13315494)|VARIABLE_SCOPE_BEGIN|[162]|PSetName|PermissionSet|true|false
11:46:01.0 (13335972)|VARIABLE_ASSIGNMENT|[162]|PSetName|{"s":1,"v":{"Id":"0PS36000000mmnWGAQ","Label":"00e1a000000MWaHAAW","Name":"X00e1a000000MWaHAAW","NamespacePrefix":"shiva15testns","UserLicenseId":"10036000000eSq8AAE","CreatedDate":"2016-03-08T19:00:02.000Z"}}|0x2e1ff420
11:46:01.0 (13339820)|STATEMENT_EXECUTE|[162]
11:46:01.0 (13359174)|ENTERING_MANAGED_PKG|
11:46:01.0 (13367929)|STATEMENT_EXECUTE|[163]
11:46:01.0 (13378359)|HEAP_ALLOCATE|[162]|Bytes:5
11:46:01.0 (13397357)|HEAP_ALLOCATE|[162]|Bytes:28
11:46:01.0 (13404708)|VARIABLE_SCOPE_BEGIN|[162]|PSetName|PermissionSet|true|false
11:46:01.0 (13425494)|VARIABLE_ASSIGNMENT|[162]|PSetName|{"s":1,"v":{"Id":"0PS36000000mmnXGAQ","Label":"00e1a000000MWaIAAW","Name":"X00e1a000000MWaIAAW","NamespacePrefix":"shiva15testns","UserLicenseId":"10036000000eSq9AAE","CreatedDate":"2016-03-08T19:00:02.000Z"}}|0x16d339b1
11:46:01.0 (13429631)|STATEMENT_EXECUTE|[162]
11:46:01.0 (13449056)|ENTERING_MANAGED_PKG|
11:46:01.0 (13457905)|STATEMENT_EXECUTE|[163]
11:46:01.0 (13468301)|HEAP_ALLOCATE|[162]|Bytes:5
11:46:01.0 (13487673)|HEAP_ALLOCATE|[162]|Bytes:28
11:46:01.0 (13494672)|VARIABLE_SCOPE_BEGIN|[162]|PSetName|PermissionSet|true|false
11:46:01.0 (13515011)|VARIABLE_ASSIGNMENT|[162]|PSetName|{"s":1,"v":{"Id":"0PS36000000mmnYGAQ","Label":"00e1a000000MWaJAAW","Name":"X00e1a000000MWaJAAW","NamespacePrefix":"shiva15testns","UserLicenseId":"10036000000eSqAAAU","CreatedDate":"2016-03-08T19:00:02.000Z"}}|0x69cc4eac
11:46:01.0 (13518945)|STATEMENT_EXECUTE|[162]
11:46:01.0 (13538533)|ENTERING_MANAGED_PKG|
11:46:01.0 (13547375)|STATEMENT_EXECUTE|[163]
11:46:01.0 (13557853)|HEAP_ALLOCATE|[162]|Bytes:5
11:46:01.0 (13576983)|HEAP_ALLOCATE|[162]|Bytes:28
11:46:01.0 (13584163)|VARIABLE_SCOPE_BEGIN|[162]|PSetName|PermissionSet|true|false
11:46:01.0 (13609233)|VARIABLE_ASSIGNMENT|[162]|PSetName|{"s":1,"v":{"Id":"0PS36000000mmnZGAQ","Label":"00e1a000000MWaKAAW","Name":"X00e1a000000MWaKAAW","NamespacePrefix":"shiva15testns","UserLicenseId":"10036000000eSqBAAU","CreatedDate":"2016-03-08T19:00:02.000Z"}}|0x363020ca
11:46:01.0 (13613716)|STATEMENT_EXECUTE|[162]
11:46:01.0 (13633441)|ENTERING_MANAGED_PKG|
11:46:01.0 (13642340)|STATEMENT_EXECUTE|[163]
11:46:01.0 (13652858)|HEAP_ALLOCATE|[162]|Bytes:5
11:46:01.0 (13672601)|HEAP_ALLOCATE|[162]|Bytes:28
11:46:01.0 (13679886)|VARIABLE_SCOPE_BEGIN|[162]|PSetName|PermissionSet|true|false
11:46:01.0 (13700278)|VARIABLE_ASSIGNMENT|[162]|PSetName|{"s":1,"v":{"Id":"0PS36000000mmnaGAA","Label":"00e1a000000MWaLAAW","Name":"X00e1a000000MWaLAAW","NamespacePrefix":"shiva15testns","UserLicenseId":"10036000000eSqCAAU","CreatedDate":"2016-03-08T19:00:02.000Z"}}|0x67df7cd8
11:46:01.0 (13704099)|STATEMENT_EXECUTE|[162]
11:46:01.0 (13723724)|ENTERING_MANAGED_PKG|
11:46:01.0 (13732604)|STATEMENT_EXECUTE|[163]
11:46:01.0 (13743162)|HEAP_ALLOCATE|[162]|Bytes:5
11:46:01.0 (13762639)|HEAP_ALLOCATE|[162]|Bytes:28
11:46:01.0 (13769866)|VARIABLE_SCOPE_BEGIN|[162]|PSetName|PermissionSet|true|false
11:46:01.0 (13790113)|VARIABLE_ASSIGNMENT|[162]|PSetName|{"s":1,"v":{"Id":"0PS36000000mmnbGAA","Label":"00e1a000000MWaMAAW","Name":"X00e1a000000MWaMAAW","NamespacePrefix":"shiva15testns","UserLicenseId":"10036000000eSqDAAU","CreatedDate":"2016-03-08T19:00:02.000Z"}}|0x684ecf23
11:46:01.0 (13793947)|STATEMENT_EXECUTE|[162]
11:46:01.0 (13813532)|ENTERING_MANAGED_PKG|
11:46:01.0 (13822263)|STATEMENT_EXECUTE|[163]
11:46:01.0 (13832878)|HEAP_ALLOCATE|[162]|Bytes:5
11:46:01.0 (13852586)|HEAP_ALLOCATE|[162]|Bytes:28
11:46:01.0 (13859745)|VARIABLE_SCOPE_BEGIN|[162]|PSetName|PermissionSet|true|false
11:46:01.0 (13880671)|VARIABLE_ASSIGNMENT|[162]|PSetName|{"s":1,"v":{"Id":"0PS36000000mmncGAA","Label":"00e1a000000MWaNAAW","Name":"X00e1a000000MWaNAAW","NamespacePrefix":"shiva15testns","UserLicenseId":"10036000000eSqEAAU","CreatedDate":"2016-03-08T19:00:02.000Z"}}|0x63fc55a8
11:46:01.0 (13884744)|STATEMENT_EXECUTE|[162]
11:46:01.0 (13904360)|ENTERING_MANAGED_PKG|
11:46:01.0 (13913410)|STATEMENT_EXECUTE|[163]
11:46:01.0 (13923945)|HEAP_ALLOCATE|[162]|Bytes:5
11:46:01.0 (13943048)|HEAP_ALLOCATE|[162]|Bytes:28
11:46:01.0 (13950195)|VARIABLE_SCOPE_BEGIN|[162]|PSetName|PermissionSet|true|false
11:46:01.0 (13970202)|VARIABLE_ASSIGNMENT|[162]|PSetName|{"s":1,"v":{"Id":"0PS36000000mmndGAA","Label":"00e1a000000MWaOAAW","Name":"X00e1a000000MWaOAAW","NamespacePrefix":"shiva15testns","UserLicenseId":"10036000000eSqFAAU","CreatedDate":"2016-03-08T19:00:02.000Z"}}|0x54fd1f6d
11:46:01.0 (13974151)|STATEMENT_EXECUTE|[162]
11:46:01.0 (13993475)|ENTERING_MANAGED_PKG|
11:46:01.0 (14002232)|STATEMENT_EXECUTE|[163]
11:46:01.0 (14013640)|HEAP_ALLOCATE|[162]|Bytes:5
11:46:01.0 (14032915)|HEAP_ALLOCATE|[162]|Bytes:28
11:46:01.0 (14039885)|VARIABLE_SCOPE_BEGIN|[162]|PSetName|PermissionSet|true|false
11:46:01.0 (14061319)|VARIABLE_ASSIGNMENT|[162]|PSetName|{"s":1,"v":{"Id":"0PS36000000mmneGAA","Label":"00e1a000000MWaPAAW","Name":"X00e1a000000MWaPAAW","NamespacePrefix":"shiva15testns","UserLicenseId":"10036000000eSqGAAU","CreatedDate":"2016-03-08T19:00:02.000Z"}}|0x48d89096
11:46:01.0 (14067917)|STATEMENT_EXECUTE|[162]
11:46:01.0 (14096119)|ENTERING_MANAGED_PKG|
11:46:01.0 (14113521)|STATEMENT_EXECUTE|[163]
11:46:01.0 (14131658)|HEAP_ALLOCATE|[162]|Bytes:5
11:46:01.0 (14156791)|HEAP_ALLOCATE|[162]|Bytes:28
11:46:01.0 (14164482)|VARIABLE_SCOPE_BEGIN|[162]|PSetName|PermissionSet|true|false
11:46:01.0 (14186263)|VARIABLE_ASSIGNMENT|[162]|PSetName|{"s":1,"v":{"Id":"0PS36000000mmnfGAA","Label":"00e1a000000MWaQAAW","Name":"X00e1a000000MWaQAAW","NamespacePrefix":"shiva15testns","UserLicenseId":"10036000000eSqHAAU","CreatedDate":"2016-03-08T19:00:02.000Z"}}|0x56f17979
11:46:01.0 (14190183)|STATEMENT_EXECUTE|[162]
11:46:01.0 (14210525)|ENTERING_MANAGED_PKG|
11:46:01.0 (14219759)|STATEMENT_EXECUTE|[163]
11:46:01.0 (14230611)|HEAP_ALLOCATE|[162]|Bytes:5
11:46:01.0 (14250085)|HEAP_ALLOCATE|[162]|Bytes:28
11:46:01.0 (14257346)|VARIABLE_SCOPE_BEGIN|[162]|PSetName|PermissionSet|true|false
11:46:01.0 (14278244)|VARIABLE_ASSIGNMENT|[162]|PSetName|{"s":1,"v":{"Id":"0PS36000000mmngGAA","Label":"00e1a000000MWaRAAW","Name":"X00e1a000000MWaRAAW","NamespacePrefix":"shiva15testns","UserLicenseId":"10036000000eSqIAAU","CreatedDate":"2016-03-08T19:00:02.000Z"}}|0x5721371a
11:46:01.0 (14281963)|STATEMENT_EXECUTE|[162]
11:46:01.0 (14325502)|ENTERING_MANAGED_PKG|
11:46:01.0 (14343178)|STATEMENT_EXECUTE|[163]
11:46:01.0 (14360690)|HEAP_ALLOCATE|[162]|Bytes:5
11:46:01.0 (14383812)|HEAP_ALLOCATE|[162]|Bytes:28
11:46:01.0 (14391532)|VARIABLE_SCOPE_BEGIN|[162]|PSetName|PermissionSet|true|false
11:46:01.0 (14413570)|VARIABLE_ASSIGNMENT|[162]|PSetName|{"s":1,"v":{"Id":"0PS36000000mmnhGAA","Label":"00e1a000000MWaSAAW","Name":"X00e1a000000MWaSAAW","NamespacePrefix":"shiva15testns","UserLicenseId":"10036000000eSqJAAU","CreatedDate":"2016-03-08T19:00:02.000Z"}}|0x6b9b5ce4
11:46:01.0 (14417690)|STATEMENT_EXECUTE|[162]
11:46:01.0 (14438178)|ENTERING_MANAGED_PKG|
11:46:01.0 (14447616)|STATEMENT_EXECUTE|[163]
11:46:01.0 (14458427)|HEAP_ALLOCATE|[162]|Bytes:5
11:46:01.0 (14478133)|HEAP_ALLOCATE|[162]|Bytes:28
11:46:01.0 (14485243)|VARIABLE_SCOPE_BEGIN|[162]|PSetName|PermissionSet|true|false
11:46:01.0 (14506041)|VARIABLE_ASSIGNMENT|[162]|PSetName|{"s":1,"v":{"Id":"0PS36000000mmniGAA","Label":"00e1a000000MWaTAAW","Name":"X00e1a000000MWaTAAW","NamespacePrefix":"shiva15testns","UserLicenseId":"10036000000eSqJAAU","CreatedDate":"2016-03-08T19:00:02.000Z"}}|0x674b2d21
11:46:01.0 (14509992)|STATEMENT_EXECUTE|[162]
11:46:01.0 (14529483)|ENTERING_MANAGED_PKG|
11:46:01.0 (14538546)|STATEMENT_EXECUTE|[163]
11:46:01.0 (14552526)|HEAP_ALLOCATE|[162]|Bytes:5
11:46:01.0 (14572406)|HEAP_ALLOCATE|[162]|Bytes:28
11:46:01.0 (14579690)|VARIABLE_SCOPE_BEGIN|[162]|PSetName|PermissionSet|true|false
11:46:01.0 (14605627)|VARIABLE_ASSIGNMENT|[162]|PSetName|{"s":1,"v":{"Id":"0PS36000000mmnjGAA","Label":"00e1a000000MWaUAAW","Name":"X00e1a000000MWaUAAW","NamespacePrefix":"shiva15testns","UserLicenseId":"10036000000eSqKAAU","CreatedDate":"2016-03-08T19:00:02.000Z"}}|0x3aacba00
11:46:01.0 (14610424)|STATEMENT_EXECUTE|[162]
11:46:01.0 (14630469)|ENTERING_MANAGED_PKG|
11:46:01.0 (14639557)|STATEMENT_EXECUTE|[163]
11:46:01.0 (14650176)|HEAP_ALLOCATE|[162]|Bytes:5
11:46:01.0 (14669391)|HEAP_ALLOCATE|[162]|Bytes:28
11:46:01.0 (14676789)|VARIABLE_SCOPE_BEGIN|[162]|PSetName|PermissionSet|true|false
11:46:01.0 (14697719)|VARIABLE_ASSIGNMENT|[162]|PSetName|{"s":1,"v":{"Id":"0PS36000000mmnlGAA","Label":"00e1a000000N1LRAA0","Name":"X00e1a000000N1LRAA0","NamespacePrefix":"shiva15testns","UserLicenseId":"10036000000eSqLAAU","CreatedDate":"2016-03-08T19:00:02.000Z"}}|0x64ebc3a8
11:46:01.0 (14701452)|STATEMENT_EXECUTE|[162]
11:46:01.0 (14720984)|ENTERING_MANAGED_PKG|
11:46:01.0 (14730137)|STATEMENT_EXECUTE|[163]
11:46:01.0 (14740575)|HEAP_ALLOCATE|[162]|Bytes:5
11:46:01.0 (14760227)|HEAP_ALLOCATE|[162]|Bytes:28
11:46:01.0 (14767439)|VARIABLE_SCOPE_BEGIN|[162]|PSetName|PermissionSet|true|false
11:46:01.0 (14787636)|VARIABLE_ASSIGNMENT|[162]|PSetName|{"s":1,"v":{"Id":"0PS36000000mmnmGAA","Label":"00e1a000000N1LSAA0","Name":"X00e1a000000N1LSAA0","NamespacePrefix":"shiva15testns","UserLicenseId":"10036000000eSqMAAU","CreatedDate":"2016-03-08T19:00:02.000Z"}}|0x5526dfad
11:46:01.0 (14791700)|STATEMENT_EXECUTE|[162]
11:46:01.0 (14813823)|ENTERING_MANAGED_PKG|
11:46:01.0 (14823628)|STATEMENT_EXECUTE|[163]
11:46:01.0 (14834461)|HEAP_ALLOCATE|[162]|Bytes:5
11:46:01.0 (14854033)|HEAP_ALLOCATE|[162]|Bytes:28
11:46:01.0 (14861272)|VARIABLE_SCOPE_BEGIN|[162]|PSetName|PermissionSet|true|false
11:46:01.0 (14882052)|VARIABLE_ASSIGNMENT|[162]|PSetName|{"s":1,"v":{"Id":"0PS36000000mmnnGAA","Label":"00e1a000000N1wKAAS","Name":"X00e1a000000N1wKAAS","NamespacePrefix":"shiva15testns","UserLicenseId":"10036000000eSqNAAU","CreatedDate":"2016-03-08T19:00:02.000Z"}}|0x6bbad20d
11:46:01.0 (14885931)|STATEMENT_EXECUTE|[162]
11:46:01.0 (14905380)|ENTERING_MANAGED_PKG|
11:46:01.0 (14914285)|STATEMENT_EXECUTE|[163]
11:46:01.0 (14924862)|HEAP_ALLOCATE|[162]|Bytes:5
11:46:01.0 (14944227)|HEAP_ALLOCATE|[162]|Bytes:28
11:46:01.0 (14951383)|VARIABLE_SCOPE_BEGIN|[162]|PSetName|PermissionSet|true|false
11:46:01.0 (14976069)|VARIABLE_ASSIGNMENT|[162]|PSetName|{"s":1,"v":{"Id":"0PS36000000mmnoGAA","Label":"00e1a000000N1wLAAS","Name":"X00e1a000000N1wLAAS","NamespacePrefix":"shiva15testns","UserLicenseId":"10036000000eSqNAAU","CreatedDate":"2016-03-08T19:00:02.000Z"}}|0x349909c0
11:46:01.0 (14980122)|STATEMENT_EXECUTE|[162]
11:46:01.0 (15000059)|ENTERING_MANAGED_PKG|
11:46:01.0 (15010066)|STATEMENT_EXECUTE|[163]
11:46:01.0 (15020585)|HEAP_ALLOCATE|[162]|Bytes:5
11:46:01.0 (15039779)|HEAP_ALLOCATE|[162]|Bytes:28
11:46:01.0 (15047128)|VARIABLE_SCOPE_BEGIN|[162]|PSetName|PermissionSet|true|false
11:46:01.0 (15067360)|VARIABLE_ASSIGNMENT|[162]|PSetName|{"s":1,"v":{"Id":"0PS36000000mmnqGAA","Label":"00e1a000000MWaAAAW","Name":"X00e1a000000MWaAAAW","NamespacePrefix":"shiva15testns","UserLicenseId":"10036000000eSq1AAE","CreatedDate":"2016-03-08T19:00:02.000Z"}}|0xed56a78
11:46:01.0 (15071406)|STATEMENT_EXECUTE|[162]
11:46:01.0 (15091020)|ENTERING_MANAGED_PKG|
11:46:01.0 (15099962)|STATEMENT_EXECUTE|[163]
11:46:01.0 (15110389)|HEAP_ALLOCATE|[162]|Bytes:5
11:46:01.0 (15129638)|HEAP_ALLOCATE|[162]|Bytes:32
11:46:01.0 (15136769)|VARIABLE_SCOPE_BEGIN|[162]|PSetName|PermissionSet|true|false
11:46:01.0 (15159260)|VARIABLE_ASSIGNMENT|[162]|PSetName|{"s":1,"v":{"Id":"0PS36000000q71PGAQ","Label":"PermissionSet_Test","Name":"PermissionSet_Test","Description":"This is for testing  (11 more) ...","NamespacePrefix":"shiva15testns","UserLicenseId":"10036000000eSpyAAE","CreatedDate":"2016-03-20T22:41:12.000Z"}}|0x6d6d07b8
11:46:01.0 (15163771)|STATEMENT_EXECUTE|[162]
11:46:01.0 (15183516)|ENTERING_MANAGED_PKG|
11:46:01.0 (15192865)|STATEMENT_EXECUTE|[163]
11:46:01.0 (15194371)|STATEMENT_EXECUTE|[166]
11:46:01.0 (15199554)|HEAP_ALLOCATE|[166]|Bytes:32
11:46:01.0 (15215651)|ENTERING_MANAGED_PKG|
11:46:01.0 (15219544)|HEAP_ALLOCATE|[166]|Bytes:18
11:46:01.0 (15242006)|ENTERING_MANAGED_PKG|
11:46:01.0 (15255783)|HEAP_ALLOCATE|[166]|Bytes:19
11:46:01.0 (15274318)|CONSTRUCTOR_ENTRY|[166]|01p36000005Jpvx|<init>(String,String,String,String,String,String,String)
11:46:01.0 (15279823)|VARIABLE_SCOPE_BEGIN|[1000]|this|shiva15testns.PermissionSetPortalControllers.PermissionSetClass|true|false
11:46:01.0 (15301161)|VARIABLE_ASSIGNMENT|[1000]|this|{}|0x75a9d9f8
11:46:01.0 (15304148)|VARIABLE_SCOPE_BEGIN|[1000]|label|String|false|false
11:46:01.0 (15308837)|VARIABLE_ASSIGNMENT|[1000]|label|"PermissionSet_Test"
11:46:01.0 (15310624)|VARIABLE_SCOPE_BEGIN|[1000]|apiName|String|false|false
11:46:01.0 (15313404)|VARIABLE_ASSIGNMENT|[1000]|apiName|"PermissionSet_Test"
11:46:01.0 (15315069)|VARIABLE_SCOPE_BEGIN|[1000]|id|String|false|false
11:46:01.0 (15317802)|VARIABLE_ASSIGNMENT|[1000]|id|"0PS36000000q71PGAQ"
11:46:01.0 (15319413)|VARIABLE_SCOPE_BEGIN|[1000]|description|String|false|false
11:46:01.0 (15323240)|VARIABLE_ASSIGNMENT|[1000]|description|"This is for testing  (11 more) ..."
11:46:01.0 (15324928)|VARIABLE_SCOPE_BEGIN|[1000]|namespacePrefix|String|false|false
11:46:01.0 (15327535)|VARIABLE_ASSIGNMENT|[1000]|namespacePrefix|"shiva15testns"
11:46:01.0 (15329482)|VARIABLE_SCOPE_BEGIN|[1000]|userLicenseId|String|false|false
11:46:01.0 (15332970)|VARIABLE_ASSIGNMENT|[1000]|userLicenseId|null
11:46:01.0 (15334653)|VARIABLE_SCOPE_BEGIN|[1000]|createdDate|String|false|false
11:46:01.0 (15337610)|VARIABLE_ASSIGNMENT|[1000]|createdDate|"2016-03-20 15:41:12"
11:46:01.0 (15340357)|STATEMENT_EXECUTE|[983]
11:46:01.0 (15341518)|STATEMENT_EXECUTE|[986]
11:46:01.0 (15342856)|STATEMENT_EXECUTE|[988]
11:46:01.0 (15343875)|STATEMENT_EXECUTE|[990]
11:46:01.0 (15344879)|STATEMENT_EXECUTE|[992]
11:46:01.0 (15345895)|STATEMENT_EXECUTE|[994]
11:46:01.0 (15346876)|STATEMENT_EXECUTE|[996]
11:46:01.0 (15347840)|STATEMENT_EXECUTE|[998]
11:46:01.0 (15359111)|STATEMENT_EXECUTE|[1001]
11:46:01.0 (15360800)|STATEMENT_EXECUTE|[1002]
11:46:01.0 (15380805)|VARIABLE_ASSIGNMENT|[EXTERNAL]|this|{}|0x75a9d9f8
11:46:01.0 (15386171)|VARIABLE_ASSIGNMENT|[EXTERNAL]|value|"PermissionSet_Test"
11:46:01.0 (15393707)|VARIABLE_ASSIGNMENT|[986]|this.label|"PermissionSet_Test"|0x75a9d9f8
11:46:01.0 (15399667)|STATEMENT_EXECUTE|[1003]
11:46:01.0 (15419192)|VARIABLE_ASSIGNMENT|[EXTERNAL]|this|{"label":"PermissionSet_Test"}|0x75a9d9f8
11:46:01.0 (15423724)|VARIABLE_ASSIGNMENT|[EXTERNAL]|value|"PermissionSet_Test"
11:46:01.0 (15430097)|VARIABLE_ASSIGNMENT|[988]|this.apiName|"PermissionSet_Test"|0x75a9d9f8
11:46:01.0 (15435348)|STATEMENT_EXECUTE|[1004]
11:46:01.0 (15454812)|VARIABLE_ASSIGNMENT|[EXTERNAL]|this|{"apiName":"PermissionSet_Test","label":"PermissionSet_Test"}|0x75a9d9f8
11:46:01.0 (15459802)|VARIABLE_ASSIGNMENT|[EXTERNAL]|value|"0PS36000000q71PGAQ"
11:46:01.0 (15465973)|VARIABLE_ASSIGNMENT|[990]|this.id|"0PS36000000q71PGAQ"|0x75a9d9f8
11:46:01.0 (15471169)|STATEMENT_EXECUTE|[1005]
11:46:01.0 (15491041)|VARIABLE_ASSIGNMENT|[EXTERNAL]|this|{"apiName":"PermissionSet_Test","id":"0PS36000000q71PGAQ","label":"PermissionSet_Test"}|0x75a9d9f8
11:46:01.0 (15497241)|VARIABLE_ASSIGNMENT|[EXTERNAL]|value|"This is for testing  (11 more) ..."
11:46:01.0 (15504220)|VARIABLE_ASSIGNMENT|[992]|this.description|"This is for testing  (11 more) ..."|0x75a9d9f8
11:46:01.0 (15509766)|STATEMENT_EXECUTE|[1006]
11:46:01.0 (15531502)|VARIABLE_ASSIGNMENT|[EXTERNAL]|this|{"apiName":"PermissionSet_Test","description":"This is for testing  (11 more) ...","id":"0PS36000000q71PGAQ","label":"PermissionSet_Test"}|0x75a9d9f8
11:46:01.0 (15537075)|VARIABLE_ASSIGNMENT|[EXTERNAL]|value|"shiva15testns"
11:46:01.0 (15543371)|VARIABLE_ASSIGNMENT|[994]|this.namespacePrefix|"shiva15testns"|0x75a9d9f8
11:46:01.0 (15548487)|STATEMENT_EXECUTE|[1007]
11:46:01.0 (15570793)|VARIABLE_ASSIGNMENT|[EXTERNAL]|this|{"apiName":"PermissionSet_Test","description":"This is for testing  (11 more) ...","id":"0PS36000000q71PGAQ","label":"PermissionSet_Test","namespacePrefix":"shiva15testns"}|0x75a9d9f8
11:46:01.0 (15576776)|VARIABLE_ASSIGNMENT|[EXTERNAL]|value|null
11:46:01.0 (15583164)|VARIABLE_ASSIGNMENT|[996]|this.userLicenseId|null|0x75a9d9f8
11:46:01.0 (15601941)|STATEMENT_EXECUTE|[1008]
11:46:01.0 (15626408)|VARIABLE_ASSIGNMENT|[EXTERNAL]|this|{"apiName":"PermissionSet_Test","description":"This is for testing  (11 more) ...","id":"0PS36000000q71PGAQ","label":"PermissionSet_Test","namespacePrefix":"shiva15testns"}|0x75a9d9f8
11:46:01.0 (15632316)|VARIABLE_ASSIGNMENT|[EXTERNAL]|value|"2016-03-20 15:41:12"
11:46:01.0 (15639172)|VARIABLE_ASSIGNMENT|[998]|this.createdDate|"2016-03-20 15:41:12"|0x75a9d9f8
11:46:01.0 (15651736)|CONSTRUCTOR_EXIT|[166]|01p36000005Jpvx|<init>(String,String,String,String,String,String,String)
11:46:01.0 (15672625)|VARIABLE_ASSIGNMENT|[166]|pSetObj|{"apiName":"PermissionSet_Test","createdDate":"2016-03-20 15:41:12","description":"This is for testing  (11 more) ...","id":"0PS36000000q71PGAQ","label":"PermissionSet_Test","namespacePrefix":"shiva15testns"}|0x75a9d9f8
11:46:01.0 (15676183)|STATEMENT_EXECUTE|[167]
11:46:01.0 (15687482)|ENTERING_MANAGED_PKG|
11:46:01.0 (15694862)|HEAP_ALLOCATE|[EXTERNAL]|Bytes:4
11:46:01.0 (15701107)|STATEMENT_EXECUTE|[168]
11:46:01.0 (15714116)|ENTERING_MANAGED_PKG|
11:46:01.0 (15760294)|HEAP_ALLOCATE|[168]|Bytes:231
11:46:01.0 (15775128)|HEAP_ALLOCATE|[168]|Bytes:255
11:46:01.0 (15786620)|ENTERING_MANAGED_PKG|
11:46:01.0 (15793731)|USER_DEBUG|[168]|ERROR|The PermissionSet Name: PermissionSet:{Id=0PS36000000q71PGAQ, Label=PermissionSet_Test, Name=PermissionSet_Test, Description=This is for testing Description, NamespacePrefix=shiva15testns, UserLicenseId=10036000000eSpyAAE, CreatedDate=2016-03-20 22:41:12}
11:46:01.0 (15812099)|HEAP_ALLOCATE|[162]|Bytes:5
11:46:01.0 (15832891)|HEAP_ALLOCATE|[162]|Bytes:32
11:46:01.0 (15840660)|VARIABLE_SCOPE_BEGIN|[162]|PSetName|PermissionSet|true|false
11:46:01.0 (15865064)|VARIABLE_ASSIGNMENT|[162]|PSetName|{"s":1,"v":{"Id":"0PS360000015WSaGAM","Label":"Permission_Set_Name","Name":"Permission_Set_Name","Description":"Permission Set Descr (11 more) ...","NamespacePrefix":"shiva15testns","UserLicenseId":"10036000000eSpyAAE","CreatedDate":"2016-04-28T18:12:07.000Z"}}|0x507a9aa2
11:46:01.0 (15869582)|STATEMENT_EXECUTE|[162]
11:46:01.0 (15890134)|ENTERING_MANAGED_PKG|
11:46:01.0 (15899722)|STATEMENT_EXECUTE|[163]
11:46:01.0 (15901329)|STATEMENT_EXECUTE|[166]
11:46:01.0 (15906248)|HEAP_ALLOCATE|[166]|Bytes:32
11:46:01.0 (15922465)|ENTERING_MANAGED_PKG|
11:46:01.0 (15926375)|HEAP_ALLOCATE|[166]|Bytes:18
11:46:01.0 (15948203)|ENTERING_MANAGED_PKG|
11:46:01.0 (15961257)|HEAP_ALLOCATE|[166]|Bytes:19
11:46:01.0 (15979211)|CONSTRUCTOR_ENTRY|[166]|01p36000005Jpvx|<init>(String,String,String,String,String,String,String)
11:46:01.0 (15984335)|VARIABLE_SCOPE_BEGIN|[1000]|this|shiva15testns.PermissionSetPortalControllers.PermissionSetClass|true|false
11:46:01.0 (16003822)|VARIABLE_ASSIGNMENT|[1000]|this|{}|0x3bdaf85
11:46:01.0 (16007456)|VARIABLE_SCOPE_BEGIN|[1000]|label|String|false|false
11:46:01.0 (16012025)|VARIABLE_ASSIGNMENT|[1000]|label|"Permission_Set_Name"
11:46:01.0 (16013871)|VARIABLE_SCOPE_BEGIN|[1000]|apiName|String|false|false
11:46:01.0 (16016546)|VARIABLE_ASSIGNMENT|[1000]|apiName|"Permission_Set_Name"
11:46:01.0 (16018164)|VARIABLE_SCOPE_BEGIN|[1000]|id|String|false|false
11:46:01.0 (16020861)|VARIABLE_ASSIGNMENT|[1000]|id|"0PS360000015WSaGAM"
11:46:01.0 (16022455)|VARIABLE_SCOPE_BEGIN|[1000]|description|String|false|false
11:46:01.0 (16026314)|VARIABLE_ASSIGNMENT|[1000]|description|"Permission Set Descr (11 more) ..."
11:46:01.0 (16028347)|VARIABLE_SCOPE_BEGIN|[1000]|namespacePrefix|String|false|false
11:46:01.0 (16030890)|VARIABLE_ASSIGNMENT|[1000]|namespacePrefix|"shiva15testns"
11:46:01.0 (16032535)|VARIABLE_SCOPE_BEGIN|[1000]|userLicenseId|String|false|false
11:46:01.0 (16035837)|VARIABLE_ASSIGNMENT|[1000]|userLicenseId|null
11:46:01.0 (16037578)|VARIABLE_SCOPE_BEGIN|[1000]|createdDate|String|false|false
11:46:01.0 (16040609)|VARIABLE_ASSIGNMENT|[1000]|createdDate|"2016-04-28 11:12:07"
11:46:01.0 (16043225)|STATEMENT_EXECUTE|[983]
11:46:01.0 (16044357)|STATEMENT_EXECUTE|[986]
11:46:01.0 (16045622)|STATEMENT_EXECUTE|[988]
11:46:01.0 (16046619)|STATEMENT_EXECUTE|[990]
11:46:01.0 (16047622)|STATEMENT_EXECUTE|[992]
11:46:01.0 (16048619)|STATEMENT_EXECUTE|[994]
11:46:01.0 (16049608)|STATEMENT_EXECUTE|[996]
11:46:01.0 (16050568)|STATEMENT_EXECUTE|[998]
11:46:01.0 (16061554)|STATEMENT_EXECUTE|[1001]
11:46:01.0 (16063135)|STATEMENT_EXECUTE|[1002]
11:46:01.0 (16082791)|VARIABLE_ASSIGNMENT|[EXTERNAL]|this|{}|0x3bdaf85
11:46:01.0 (16088492)|VARIABLE_ASSIGNMENT|[EXTERNAL]|value|"Permission_Set_Name"
11:46:01.0 (16095465)|VARIABLE_ASSIGNMENT|[986]|this.label|"Permission_Set_Name"|0x3bdaf85
11:46:01.0 (16100868)|STATEMENT_EXECUTE|[1003]
11:46:01.0 (16119574)|VARIABLE_ASSIGNMENT|[EXTERNAL]|this|{"label":"Permission_Set_Name"}|0x3bdaf85
11:46:01.0 (16124110)|VARIABLE_ASSIGNMENT|[EXTERNAL]|value|"Permission_Set_Name"
11:46:01.0 (16130306)|VARIABLE_ASSIGNMENT|[988]|this.apiName|"Permission_Set_Name"|0x3bdaf85
11:46:01.0 (16135377)|STATEMENT_EXECUTE|[1004]
11:46:01.0 (16154583)|VARIABLE_ASSIGNMENT|[EXTERNAL]|this|{"apiName":"Permission_Set_Name","label":"Permission_Set_Name"}|0x3bdaf85
11:46:01.0 (16159382)|VARIABLE_ASSIGNMENT|[EXTERNAL]|value|"0PS360000015WSaGAM"
11:46:01.0 (16165533)|VARIABLE_ASSIGNMENT|[990]|this.id|"0PS360000015WSaGAM"|0x3bdaf85
11:46:01.0 (16170586)|STATEMENT_EXECUTE|[1005]
11:46:01.0 (16190194)|VARIABLE_ASSIGNMENT|[EXTERNAL]|this|{"apiName":"Permission_Set_Name","id":"0PS360000015WSaGAM","label":"Permission_Set_Name"}|0x3bdaf85
11:46:01.0 (16196276)|VARIABLE_ASSIGNMENT|[EXTERNAL]|value|"Permission Set Descr (11 more) ..."
11:46:01.0 (16203158)|VARIABLE_ASSIGNMENT|[992]|this.description|"Permission Set Descr (11 more) ..."|0x3bdaf85
11:46:01.0 (16208599)|STATEMENT_EXECUTE|[1006]
11:46:01.0 (16230027)|VARIABLE_ASSIGNMENT|[EXTERNAL]|this|{"apiName":"Permission_Set_Name","description":"Permission Set Descr (11 more) ...","id":"0PS360000015WSaGAM","label":"Permission_Set_Name"}|0x3bdaf85
11:46:01.0 (16235242)|VARIABLE_ASSIGNMENT|[EXTERNAL]|value|"shiva15testns"
11:46:01.0 (16241381)|VARIABLE_ASSIGNMENT|[994]|this.namespacePrefix|"shiva15testns"|0x3bdaf85
11:46:01.0 (16246599)|STATEMENT_EXECUTE|[1007]
11:46:01.0 (16268144)|VARIABLE_ASSIGNMENT|[EXTERNAL]|this|{"apiName":"Permission_Set_Name","description":"Permission Set Descr (11 more) ...","id":"0PS360000015WSaGAM","label":"Permission_Set_Name","namespacePrefix":"shiva15testns"}|0x3bdaf85
11:46:01.0 (16274293)|VARIABLE_ASSIGNMENT|[EXTERNAL]|value|null
11:46:01.0 (16281035)|VARIABLE_ASSIGNMENT|[996]|this.userLicenseId|null|0x3bdaf85
11:46:01.0 (16286306)|STATEMENT_EXECUTE|[1008]
11:46:01.0 (16308744)|VARIABLE_ASSIGNMENT|[EXTERNAL]|this|{"apiName":"Permission_Set_Name","description":"Permission Set Descr (11 more) ...","id":"0PS360000015WSaGAM","label":"Permission_Set_Name","namespacePrefix":"shiva15testns"}|0x3bdaf85
11:46:01.0 (16314235)|VARIABLE_ASSIGNMENT|[EXTERNAL]|value|"2016-04-28 11:12:07"
11:46:01.0 (16320521)|VARIABLE_ASSIGNMENT|[998]|this.createdDate|"2016-04-28 11:12:07"|0x3bdaf85
11:46:01.0 (16332614)|CONSTRUCTOR_EXIT|[166]|01p36000005Jpvx|<init>(String,String,String,String,String,String,String)
11:46:01.0 (16353632)|VARIABLE_ASSIGNMENT|[166]|pSetObj|{"apiName":"Permission_Set_Name","createdDate":"2016-04-28 11:12:07","description":"Permission Set Descr (11 more) ...","id":"0PS360000015WSaGAM","label":"Permission_Set_Name","namespacePrefix":"shiva15testns"}|0x3bdaf85
11:46:01.0 (16357416)|STATEMENT_EXECUTE|[167]
11:46:01.0 (16368332)|ENTERING_MANAGED_PKG|
11:46:01.0 (16375640)|HEAP_ALLOCATE|[EXTERNAL]|Bytes:4
11:46:01.0 (16381846)|STATEMENT_EXECUTE|[168]
11:46:01.0 (16394781)|ENTERING_MANAGED_PKG|
11:46:01.0 (16439217)|HEAP_ALLOCATE|[168]|Bytes:233
11:46:01.0 (16453876)|HEAP_ALLOCATE|[168]|Bytes:257
11:46:01.0 (16465320)|ENTERING_MANAGED_PKG|
11:46:01.0 (16471382)|USER_DEBUG|[168]|ERROR|The PermissionSet Name: PermissionSet:{Id=0PS360000015WSaGAM, Label=Permission_Set_Name, Name=Permission_Set_Name, Description=Permission Set Description Test, NamespacePrefix=shiva15testns, UserLicenseId=10036000000eSpyAAE, CreatedDate=2016-04-28 18:12:07}
11:46:01.0 (16486286)|HEAP_ALLOCATE|[162]|Bytes:5
11:46:01.0 (16499645)|VARIABLE_ASSIGNMENT|[162]|PSetName|null|
11:46:01.0 (16503280)|STATEMENT_EXECUTE|[171]
11:46:01.0 (16520646)|SYSTEM_MODE_EXIT|false
11:46:01.16 (16562224)|CUMULATIVE_LIMIT_USAGE
11:46:01.16 (16562224)|LIMIT_USAGE_FOR_NS|(default)|
  Number of SOQL queries: 0 out of 100
  Number of query rows: 0 out of 50000
  Number of SOSL queries: 0 out of 20
  Number of DML statements: 0 out of 150
  Number of DML rows: 0 out of 10000
  Maximum CPU time: 0 out of 10000
  Maximum heap size: 0 out of 6000000
  Number of callouts: 0 out of 100
  Number of Email Invocations: 0 out of 10
  Number of future calls: 0 out of 50
  Number of queueable jobs added to the queue: 0 out of 50
  Number of Mobile Apex push calls: 0 out of 10

11:46:01.16 (16562224)|LIMIT_USAGE_FOR_NS|shiva15testns|
  Number of SOQL queries: 1 out of 100
  Number of query rows: 42 out of 50000
  Number of SOSL queries: 0 out of 20
  Number of DML statements: 0 out of 150
  Number of DML rows: 0 out of 10000
  Maximum CPU time: 0 out of 10000
  Maximum heap size: 0 out of 6000000
  Number of callouts: 0 out of 100
  Number of Email Invocations: 0 out of 10
  Number of future calls: 0 out of 50
  Number of queueable jobs added to the queue: 0 out of 50
  Number of Mobile Apex push calls: 0 out of 10

11:46:01.16 (16562224)|CUMULATIVE_LIMIT_USAGE_END

11:46:01.0 (16624630)|CODE_UNIT_FINISHED|PermissionSetPortalControllers.getAllPermissionSets
11:46:01.0 (19835390)|EXECUTION_FINISHED
11:46:01.23 (23802044)|EXECUTION_STARTED
11:46:01.23 (23815725)|CODE_UNIT_STARTED|[EXTERNAL]|Aura
11:46:01.23 (23863525)|CODE_UNIT_FINISHED|Aura
11:46:01.23 (26120608)|EXECUTION_FINISHED
11:46:01.27 (27803868)|EXECUTION_STARTED
11:46:01.27 (27811724)|CODE_UNIT_STARTED|[EXTERNAL]|Aura
11:46:01.27 (27848029)|CODE_UNIT_FINISHED|Aura
11:46:01.27 (28780412)|EXECUTION_FINISHED
11:46:01.30 (30328863)|EXECUTION_STARTED
11:46:01.30 (30336466)|CODE_UNIT_STARTED|[EXTERNAL]|Aura
11:46:01.30 (30371494)|CODE_UNIT_FINISHED|Aura
11:46:01.30 (32740518)|EXECUTION_FINISHED
11:46:01.33 (33853558)|EXECUTION_STARTED
11:46:01.33 (33865326)|CODE_UNIT_STARTED|[EXTERNAL]|Aura
11:46:01.33 (33905069)|CODE_UNIT_FINISHED|Aura
11:46:01.33 (35545809)|EXECUTION_FINISHED
11:46:01.36 (36551526)|EXECUTION_STARTED
11:46:01.36 (36559285)|CODE_UNIT_STARTED|[EXTERNAL]|Aura
11:46:01.36 (36600616)|CODE_UNIT_FINISHED|Aura
11:46:01.36 (37678599)|EXECUTION_FINISHED
11:46:01.39 (39611883)|EXECUTION_STARTED
11:46:01.39 (39619482)|CODE_UNIT_STARTED|[EXTERNAL]|Aura
11:46:01.39 (39655690)|CODE_UNIT_FINISHED|Aura
11:46:01.39 (40771795)|EXECUTION_FINISHED
