36.0 APEX_CODE,FINEST;APEX_PROFILING,INFO;CALLOUT,INFO;DB,INFO;SYSTEM,DEBUG;VALIDATION,INFO;VISUALFORCE,INFO;WORKFLOW,INFO
18:00:50.1 (1268019)|HEAP_ALLOCATE|[72]|Bytes:3
18:00:50.1 (1436920)|HEAP_ALLOCATE|[77]|Bytes:152
18:00:50.1 (1471146)|HEAP_ALLOCATE|[342]|Bytes:408
18:00:50.1 (1507502)|HEAP_ALLOCATE|[355]|Bytes:408
18:00:50.1 (1539829)|HEAP_ALLOCATE|[467]|Bytes:48
18:00:50.4 (4062168)|STATEMENT_EXECUTE|[1]
18:00:50.4 (4123813)|HEAP_ALLOCATE|[50]|Bytes:5
18:00:50.4 (4165180)|HEAP_ALLOCATE|[56]|Bytes:5
18:00:50.4 (4182849)|HEAP_ALLOCATE|[64]|Bytes:7
18:00:50.4 (4219194)|SYSTEM_MODE_ENTER|false
18:00:50.4 (4399222)|HEAP_ALLOCATE|[EXTERNAL]|Bytes:5
18:00:50.4 (4430156)|STATEMENT_EXECUTE|[372]
18:00:50.4 (4433157)|STATEMENT_EXECUTE|[395]
18:00:50.4 (4435682)|STATEMENT_EXECUTE|[421]
18:00:50.4 (4437988)|STATEMENT_EXECUTE|[437]
18:00:50.4 (4445463)|SYSTEM_MODE_EXIT|false
18:00:50.4 (4460734)|METHOD_EXIT|[1]|PermissionSetPortalControllers
18:00:50.4 (4469559)|HEAP_ALLOCATE|[EXTERNAL]|Bytes:21
18:00:50.4 (4492840)|SYSTEM_MODE_ENTER|false
18:00:50.4 (4509219)|VARIABLE_SCOPE_BEGIN|[158]|selectedObject|String|false|false
18:00:50.4 (4651870)|VARIABLE_ASSIGNMENT|[158]|selectedObject|"acceptedeventrelatio (1 more) ..."
18:00:50.4 (4674602)|HEAP_ALLOCATE|[159]|Bytes:5
18:00:50.4 (4680952)|STATEMENT_EXECUTE|[158]
18:00:50.4 (4683280)|STATEMENT_EXECUTE|[159]
18:00:50.4 (4685265)|STATEMENT_EXECUTE|[159]
18:00:50.4 (4686984)|STATEMENT_EXECUTE|[161]
18:00:50.4 (4693546)|HEAP_ALLOCATE|[161]|Bytes:28
18:00:50.4 (4712787)|HEAP_ALLOCATE|[161]|Bytes:49
18:00:50.4 (4839915)|ENTERING_MANAGED_PKG|
18:00:50.4 (4880527)|USER_DEBUG|[161]|DEBUG|##### Selected Object Name: acceptedeventrelation
18:00:50.4 (4894235)|STATEMENT_EXECUTE|[163]
18:00:50.4 (4904428)|HEAP_ALLOCATE|[163]|Bytes:4
18:00:50.4 (4952882)|ENTERING_MANAGED_PKG|
18:00:50.4 (5047642)|VARIABLE_SCOPE_BEGIN|[163]|individiaulObjFields|List<String>|true|false
18:00:50.4 (5102126)|HEAP_ALLOCATE|[EXTERNAL]|Bytes:4
18:00:50.4 (5129170)|VARIABLE_ASSIGNMENT|[163]|individiaulObjFields|{"s":1,"v":[]}|0x65f3df95
18:00:50.4 (5135350)|STATEMENT_EXECUTE|[166]
18:00:50.4 (5165190)|ENTERING_MANAGED_PKG|
18:00:50.4 (27863705)|HEAP_ALLOCATE|[166]|Bytes:1416
18:00:50.4 (27902676)|VARIABLE_SCOPE_BEGIN|[166]|schemaMap|Map<String,Schema.SObjectType>|true|false
18:00:50.4 (28192088)|VARIABLE_ASSIGNMENT|[166]|schemaMap|"{acceptedeventrelation=AcceptedEventRelation, account=Account, accountcleaninfo=AccountCleanInfo, accountcontactrole=AccountContactRole, accountfeed=AccountFeed, accounthistory=AccountHistory, accountpartner=AccountPartner, accountshare=AccountShare, actionlinkgrouptemplate=ActionLinkGroupTemplate, actionlinktemplate=ActionLinkTemplate, ...}"|0x2db35849
18:00:50.4 (28229659)|ENTERING_MANAGED_PKG|
18:00:50.4 (28285752)|STATEMENT_EXECUTE|[170]
18:00:50.4 (28288696)|STATEMENT_EXECUTE|[171]
18:00:50.4 (28301336)|ENTERING_MANAGED_PKG|
18:00:50.4 (28644108)|HEAP_ALLOCATE|[171]|Bytes:4
18:00:50.4 (28925847)|HEAP_ALLOCATE|[171]|Bytes:52
18:00:50.4 (28936384)|VARIABLE_SCOPE_BEGIN|[171]|IndividiaulfieldMap|Map<String,Schema.SObjectField>|true|false
18:00:50.4 (29080612)|VARIABLE_ASSIGNMENT|[171]|IndividiaulfieldMap|"{createdbyid=CreatedById, createddate=CreatedDate, eventid=EventId, id=Id, isdeleted=IsDeleted, lastmodifiedbyid=LastModifiedById, lastmodifieddate=LastModifiedDate, relationid=RelationId, respondeddate=RespondedDate, response=Response, ...}"|0x457bf34a
18:00:50.4 (29101182)|ENTERING_MANAGED_PKG|
18:00:50.4 (29123807)|STATEMENT_EXECUTE|[174]
18:00:50.4 (29137423)|ENTERING_MANAGED_PKG|
18:00:50.4 (29197795)|HEAP_ALLOCATE|[EXTERNAL]|Bytes:52
18:00:50.4 (29215897)|HEAP_ALLOCATE|[175]|Bytes:52
18:00:50.4 (29237946)|ENTERING_MANAGED_PKG|
18:00:50.4 (29334710)|HEAP_ALLOCATE|[175]|Bytes:5
18:00:50.4 (29403604)|VARIABLE_SCOPE_BEGIN|[175]|sfield|Schema.SObjectField|true|false
18:00:50.4 (29456962)|VARIABLE_ASSIGNMENT|[175]|sfield|"common.apex.runtime.impl.ApexFieldToken@476a396b"|0x476a396b
18:00:50.4 (29462269)|STATEMENT_EXECUTE|[176]
18:00:50.4 (29463710)|STATEMENT_EXECUTE|[177]
18:00:50.4 (30587193)|HEAP_ALLOCATE|[177]|Bytes:8
18:00:50.4 (30630143)|VARIABLE_SCOPE_BEGIN|[177]|dfield|Schema.DescribeFieldResult|true|false
18:00:50.4 (30703834)|VARIABLE_ASSIGNMENT|[177]|dfield|"common.api.soap.wsdl.Field@48a8b95c"|0x3e4cf5a5
18:00:50.4 (30709535)|STATEMENT_EXECUTE|[178]
18:00:50.4 (30715630)|HEAP_ALLOCATE|[178]|Bytes:14
18:00:50.4 (30747816)|ENTERING_MANAGED_PKG|
18:00:50.4 (40390779)|HEAP_ALLOCATE|[178]|Bytes:1059
18:00:50.4 (40444101)|HEAP_ALLOCATE|[178]|Bytes:1073
18:00:50.4 (40473411)|ENTERING_MANAGED_PKG|
18:00:50.4 (40481839)|USER_DEBUG|[178]|DEBUG|####### field Schema.DescribeFieldResult[getByteLength=18;getCalculatedFormula=null;getController=null;getDefaultValue=null;getDefaultValueFormula=null;getDigits=0;getFilteredLookupInfo=null;getInlineHelpText=null;getLabel=Event Relation ID;getLength=18;getLocalName=Id;getMask=null;getMaskType=null;getName=Id;getPrecision=0;getReferenceTargetField=null;getRelationshipName=null;getRelationshipOrder=null;getScale=0;getSoapType=ID;getSobjectField=Id;getType=ID;isAccessible=true;isAggregatable=true;isAutoNumber=false;isCalculated=false;isCascadeDelete=false;isCaseSensitive=false;isCreateable=false;isCustom=false;isDefaultedOnCreate=true;isDependentPicklist=false;isDeprecatedAndHidden=false;isDisplayLocationInDecimal=false;isEncrypted=false;isExternalId=false;isFilterable=true;isGroupable=true;isHighScaleNumber=false;isHtmlFormatted=false;isIdLookup=true;isNameField=false;isNamePointing=false;isNillable=false;isPermissionable=false;isQueryByDistance=false;isRestrictedDelete=false;isSortable=true;isUnique=false;isUpdateable=false;isWriteRequiresMasterRead=false;]
18:00:50.4 (40497591)|STATEMENT_EXECUTE|[179]
18:00:50.4 (40504465)|HEAP_ALLOCATE|[179]|Bytes:18
18:00:50.4 (40530514)|HEAP_ALLOCATE|[179]|Bytes:2
18:00:50.4 (40538469)|HEAP_ALLOCATE|[179]|Bytes:20
18:00:50.4 (40549100)|ENTERING_MANAGED_PKG|
18:00:50.4 (40577371)|USER_DEBUG|[179]|DEBUG|####### field key Id
18:00:50.4 (40583466)|STATEMENT_EXECUTE|[180]
18:00:50.4 (40593560)|HEAP_ALLOCATE|[180]|Bytes:2
18:00:50.4 (40615915)|ENTERING_MANAGED_PKG|
18:00:50.4 (40649189)|HEAP_ALLOCATE|[EXTERNAL]|Bytes:4
18:00:50.4 (40678213)|HEAP_ALLOCATE|[175]|Bytes:5
18:00:50.4 (40707635)|VARIABLE_SCOPE_BEGIN|[175]|sfield|Schema.SObjectField|true|false
18:00:50.4 (40785225)|VARIABLE_ASSIGNMENT|[175]|sfield|"common.apex.runtime.impl.ApexFieldToken@55f5dba5"|0x55f5dba5
18:00:50.4 (40790511)|STATEMENT_EXECUTE|[176]
18:00:50.4 (40791912)|STATEMENT_EXECUTE|[177]
18:00:50.4 (41071367)|HEAP_ALLOCATE|[177]|Bytes:8
18:00:50.4 (41083348)|VARIABLE_SCOPE_BEGIN|[177]|dfield|Schema.DescribeFieldResult|true|false
18:00:50.4 (41154724)|VARIABLE_ASSIGNMENT|[177]|dfield|"common.api.soap.wsdl.Field@ecca1194"|0x1b63b222
18:00:50.4 (41160044)|STATEMENT_EXECUTE|[178]
18:00:50.4 (41183652)|ENTERING_MANAGED_PKG|
18:00:50.4 (41339662)|HEAP_ALLOCATE|[178]|Bytes:1088
18:00:50.4 (41357282)|HEAP_ALLOCATE|[178]|Bytes:1102
18:00:50.4 (41368573)|ENTERING_MANAGED_PKG|
18:00:50.4 (41371967)|USER_DEBUG|[178]|DEBUG|####### field Schema.DescribeFieldResult[getByteLength=18;getCalculatedFormula=null;getController=null;getDefaultValue=null;getDefaultValueFormula=null;getDigits=0;getFilteredLookupInfo=null;getInlineHelpText=null;getLabel=Relation ID;getLength=18;getLocalName=RelationId;getMask=null;getMaskType=null;getName=RelationId;getPrecision=0;getReferenceTargetField=null;getRelationshipName=Relation;getRelationshipOrder=null;getScale=0;getSoapType=ID;getSobjectField=RelationId;getType=REFERENCE;isAccessible=true;isAggregatable=true;isAutoNumber=false;isCalculated=false;isCascadeDelete=false;isCaseSensitive=false;isCreateable=false;isCustom=false;isDefaultedOnCreate=false;isDependentPicklist=false;isDeprecatedAndHidden=false;isDisplayLocationInDecimal=false;isEncrypted=false;isExternalId=false;isFilterable=true;isGroupable=true;isHighScaleNumber=false;isHtmlFormatted=false;isIdLookup=false;isNameField=false;isNamePointing=true;isNillable=true;isPermissionable=false;isQueryByDistance=false;isRestrictedDelete=false;isSortable=true;isUnique=false;isUpdateable=false;isWriteRequiresMasterRead=false;]
18:00:50.4 (41382931)|STATEMENT_EXECUTE|[179]
18:00:50.4 (41392489)|HEAP_ALLOCATE|[179]|Bytes:10
18:00:50.4 (41399189)|HEAP_ALLOCATE|[179]|Bytes:28
18:00:50.4 (41408401)|ENTERING_MANAGED_PKG|
18:00:50.4 (41411549)|USER_DEBUG|[179]|DEBUG|####### field key RelationId
18:00:50.4 (41416090)|STATEMENT_EXECUTE|[180]
18:00:50.4 (41420451)|HEAP_ALLOCATE|[180]|Bytes:10
18:00:50.4 (41429548)|ENTERING_MANAGED_PKG|
18:00:50.4 (41433013)|HEAP_ALLOCATE|[EXTERNAL]|Bytes:4
18:00:50.4 (41446807)|HEAP_ALLOCATE|[175]|Bytes:5
18:00:50.4 (41461823)|VARIABLE_SCOPE_BEGIN|[175]|sfield|Schema.SObjectField|true|false
18:00:50.4 (41512567)|VARIABLE_ASSIGNMENT|[175]|sfield|"common.apex.runtime.impl.ApexFieldToken@4f0e93f2"|0x4f0e93f2
18:00:50.4 (41517428)|STATEMENT_EXECUTE|[176]
18:00:50.4 (41518842)|STATEMENT_EXECUTE|[177]
18:00:50.4 (41681355)|HEAP_ALLOCATE|[177]|Bytes:8
18:00:50.4 (41691556)|VARIABLE_SCOPE_BEGIN|[177]|dfield|Schema.DescribeFieldResult|true|false
18:00:50.4 (41749567)|VARIABLE_ASSIGNMENT|[177]|dfield|"common.api.soap.wsdl.Field@3362d85e"|0x46607777
18:00:50.4 (41754697)|STATEMENT_EXECUTE|[178]
18:00:50.4 (41773056)|ENTERING_MANAGED_PKG|
18:00:50.4 (41891092)|HEAP_ALLOCATE|[178]|Bytes:1074
18:00:50.4 (41908930)|HEAP_ALLOCATE|[178]|Bytes:1088
18:00:50.4 (41920075)|ENTERING_MANAGED_PKG|
18:00:50.4 (41923305)|USER_DEBUG|[178]|DEBUG|####### field Schema.DescribeFieldResult[getByteLength=18;getCalculatedFormula=null;getController=null;getDefaultValue=null;getDefaultValueFormula=null;getDigits=0;getFilteredLookupInfo=null;getInlineHelpText=null;getLabel=Event ID;getLength=18;getLocalName=EventId;getMask=null;getMaskType=null;getName=EventId;getPrecision=0;getReferenceTargetField=null;getRelationshipName=Event;getRelationshipOrder=null;getScale=0;getSoapType=ID;getSobjectField=EventId;getType=REFERENCE;isAccessible=true;isAggregatable=true;isAutoNumber=false;isCalculated=false;isCascadeDelete=false;isCaseSensitive=false;isCreateable=false;isCustom=false;isDefaultedOnCreate=false;isDependentPicklist=false;isDeprecatedAndHidden=false;isDisplayLocationInDecimal=false;isEncrypted=false;isExternalId=false;isFilterable=true;isGroupable=true;isHighScaleNumber=false;isHtmlFormatted=false;isIdLookup=false;isNameField=false;isNamePointing=false;isNillable=true;isPermissionable=false;isQueryByDistance=false;isRestrictedDelete=false;isSortable=true;isUnique=false;isUpdateable=false;isWriteRequiresMasterRead=false;]
18:00:50.4 (41936996)|STATEMENT_EXECUTE|[179]
18:00:50.4 (41944165)|HEAP_ALLOCATE|[179]|Bytes:7
18:00:50.4 (41949496)|HEAP_ALLOCATE|[179]|Bytes:25
18:00:50.4 (41957672)|ENTERING_MANAGED_PKG|
18:00:50.4 (41960397)|USER_DEBUG|[179]|DEBUG|####### field key EventId
18:00:50.4 (41964819)|STATEMENT_EXECUTE|[180]
18:00:50.4 (41968909)|HEAP_ALLOCATE|[180]|Bytes:7
18:00:50.4 (41977885)|ENTERING_MANAGED_PKG|
18:00:50.4 (41981235)|HEAP_ALLOCATE|[EXTERNAL]|Bytes:4
18:00:50.4 (41994759)|HEAP_ALLOCATE|[175]|Bytes:5
18:00:50.4 (42009996)|VARIABLE_SCOPE_BEGIN|[175]|sfield|Schema.SObjectField|true|false
18:00:50.4 (42061001)|VARIABLE_ASSIGNMENT|[175]|sfield|"common.apex.runtime.impl.ApexFieldToken@2bec2b7b"|0x2bec2b7b
18:00:50.4 (42065994)|STATEMENT_EXECUTE|[176]
18:00:50.4 (42067346)|STATEMENT_EXECUTE|[177]
18:00:50.4 (42169332)|HEAP_ALLOCATE|[177]|Bytes:8
18:00:50.4 (42183585)|VARIABLE_SCOPE_BEGIN|[177]|dfield|Schema.DescribeFieldResult|true|false
18:00:50.4 (42241690)|VARIABLE_ASSIGNMENT|[177]|dfield|"common.api.soap.wsdl.Field@b8eca14b"|0x62748bc6
18:00:50.4 (42246642)|STATEMENT_EXECUTE|[178]
18:00:50.4 (42264244)|ENTERING_MANAGED_PKG|
18:00:50.4 (42378814)|HEAP_ALLOCATE|[178]|Bytes:1100
18:00:50.4 (42398387)|HEAP_ALLOCATE|[178]|Bytes:1114
18:00:50.4 (42410251)|ENTERING_MANAGED_PKG|
18:00:50.4 (42415322)|USER_DEBUG|[178]|DEBUG|####### field Schema.DescribeFieldResult[getByteLength=0;getCalculatedFormula=null;getController=null;getDefaultValue=null;getDefaultValueFormula=null;getDigits=0;getFilteredLookupInfo=null;getInlineHelpText=null;getLabel=Response Date;getLength=0;getLocalName=RespondedDate;getMask=null;getMaskType=null;getName=RespondedDate;getPrecision=0;getReferenceTargetField=null;getRelationshipName=null;getRelationshipOrder=null;getScale=0;getSoapType=DATETIME;getSobjectField=RespondedDate;getType=DATETIME;isAccessible=true;isAggregatable=true;isAutoNumber=false;isCalculated=false;isCascadeDelete=false;isCaseSensitive=false;isCreateable=false;isCustom=false;isDefaultedOnCreate=false;isDependentPicklist=false;isDeprecatedAndHidden=false;isDisplayLocationInDecimal=false;isEncrypted=false;isExternalId=false;isFilterable=true;isGroupable=false;isHighScaleNumber=false;isHtmlFormatted=false;isIdLookup=false;isNameField=false;isNamePointing=false;isNillable=true;isPermissionable=false;isQueryByDistance=false;isRestrictedDelete=false;isSortable=true;isUnique=false;isUpdateable=false;isWriteRequiresMasterRead=false;]
18:00:50.4 (42431522)|STATEMENT_EXECUTE|[179]
18:00:50.4 (42440851)|HEAP_ALLOCATE|[179]|Bytes:13
18:00:50.4 (42450322)|HEAP_ALLOCATE|[179]|Bytes:31
18:00:50.4 (42464834)|ENTERING_MANAGED_PKG|
18:00:50.4 (42468290)|USER_DEBUG|[179]|DEBUG|####### field key RespondedDate
18:00:50.4 (42473502)|STATEMENT_EXECUTE|[180]
18:00:50.4 (42478487)|HEAP_ALLOCATE|[180]|Bytes:13
18:00:50.4 (42488102)|ENTERING_MANAGED_PKG|
18:00:50.4 (42491670)|HEAP_ALLOCATE|[EXTERNAL]|Bytes:4
18:00:50.4 (42505085)|HEAP_ALLOCATE|[175]|Bytes:5
18:00:50.4 (42519819)|VARIABLE_SCOPE_BEGIN|[175]|sfield|Schema.SObjectField|true|false
18:00:50.4 (42569871)|VARIABLE_ASSIGNMENT|[175]|sfield|"common.apex.runtime.impl.ApexFieldToken@3d5bee0c"|0x3d5bee0c
18:00:50.4 (42574673)|STATEMENT_EXECUTE|[176]
18:00:50.4 (42575953)|STATEMENT_EXECUTE|[177]
18:00:50.4 (42677479)|HEAP_ALLOCATE|[177]|Bytes:8
18:00:50.4 (42691065)|VARIABLE_SCOPE_BEGIN|[177]|dfield|Schema.DescribeFieldResult|true|false
18:00:50.4 (42772121)|VARIABLE_ASSIGNMENT|[177]|dfield|"common.api.soap.wsdl.Field@888a7a59"|0x6255d151
18:00:50.4 (42777771)|STATEMENT_EXECUTE|[178]
18:00:50.4 (42796268)|ENTERING_MANAGED_PKG|
18:00:50.4 (42911622)|HEAP_ALLOCATE|[178]|Bytes:1079
18:00:50.4 (42928374)|HEAP_ALLOCATE|[178]|Bytes:1093
18:00:50.4 (42939705)|ENTERING_MANAGED_PKG|
18:00:50.4 (42942930)|USER_DEBUG|[178]|DEBUG|####### field Schema.DescribeFieldResult[getByteLength=765;getCalculatedFormula=null;getController=null;getDefaultValue=null;getDefaultValueFormula=null;getDigits=0;getFilteredLookupInfo=null;getInlineHelpText=null;getLabel=Response;getLength=255;getLocalName=Response;getMask=null;getMaskType=null;getName=Response;getPrecision=0;getReferenceTargetField=null;getRelationshipName=null;getRelationshipOrder=null;getScale=0;getSoapType=STRING;getSobjectField=Response;getType=STRING;isAccessible=true;isAggregatable=true;isAutoNumber=false;isCalculated=false;isCascadeDelete=false;isCaseSensitive=false;isCreateable=false;isCustom=false;isDefaultedOnCreate=false;isDependentPicklist=false;isDeprecatedAndHidden=false;isDisplayLocationInDecimal=false;isEncrypted=false;isExternalId=false;isFilterable=true;isGroupable=true;isHighScaleNumber=false;isHtmlFormatted=false;isIdLookup=false;isNameField=false;isNamePointing=false;isNillable=true;isPermissionable=false;isQueryByDistance=false;isRestrictedDelete=false;isSortable=true;isUnique=false;isUpdateable=false;isWriteRequiresMasterRead=false;]
18:00:50.4 (42953909)|STATEMENT_EXECUTE|[179]
18:00:50.4 (42961112)|HEAP_ALLOCATE|[179]|Bytes:8
18:00:50.4 (42966418)|HEAP_ALLOCATE|[179]|Bytes:26
18:00:50.4 (42974197)|ENTERING_MANAGED_PKG|
18:00:50.4 (42976774)|USER_DEBUG|[179]|DEBUG|####### field key Response
18:00:50.4 (42981017)|STATEMENT_EXECUTE|[180]
18:00:50.4 (42985009)|HEAP_ALLOCATE|[180]|Bytes:8
18:00:50.4 (42993822)|ENTERING_MANAGED_PKG|
18:00:50.4 (42997055)|HEAP_ALLOCATE|[EXTERNAL]|Bytes:4
18:00:50.4 (43010371)|HEAP_ALLOCATE|[175]|Bytes:5
18:00:50.4 (43026530)|VARIABLE_SCOPE_BEGIN|[175]|sfield|Schema.SObjectField|true|false
18:00:50.4 (43091548)|VARIABLE_ASSIGNMENT|[175]|sfield|"common.apex.runtime.impl.ApexFieldToken@468832f1"|0x468832f1
18:00:50.4 (43099095)|STATEMENT_EXECUTE|[176]
18:00:50.4 (43101658)|STATEMENT_EXECUTE|[177]
18:00:50.4 (43237479)|HEAP_ALLOCATE|[177]|Bytes:8
18:00:50.4 (43247835)|VARIABLE_SCOPE_BEGIN|[177]|dfield|Schema.DescribeFieldResult|true|false
18:00:50.4 (43304922)|VARIABLE_ASSIGNMENT|[177]|dfield|"common.api.soap.wsdl.Field@894ba61e"|0x658abb13
18:00:50.4 (43310314)|STATEMENT_EXECUTE|[178]
18:00:50.4 (43328082)|ENTERING_MANAGED_PKG|
18:00:50.4 (43452892)|HEAP_ALLOCATE|[178]|Bytes:1093
18:00:50.4 (43470223)|HEAP_ALLOCATE|[178]|Bytes:1107
18:00:50.4 (43481236)|ENTERING_MANAGED_PKG|
18:00:50.4 (43484663)|USER_DEBUG|[178]|DEBUG|####### field Schema.DescribeFieldResult[getByteLength=0;getCalculatedFormula=null;getController=null;getDefaultValue=null;getDefaultValueFormula=null;getDigits=0;getFilteredLookupInfo=null;getInlineHelpText=null;getLabel=Created Date;getLength=0;getLocalName=CreatedDate;getMask=null;getMaskType=null;getName=CreatedDate;getPrecision=0;getReferenceTargetField=null;getRelationshipName=null;getRelationshipOrder=null;getScale=0;getSoapType=DATETIME;getSobjectField=CreatedDate;getType=DATETIME;isAccessible=true;isAggregatable=true;isAutoNumber=false;isCalculated=false;isCascadeDelete=false;isCaseSensitive=false;isCreateable=false;isCustom=false;isDefaultedOnCreate=true;isDependentPicklist=false;isDeprecatedAndHidden=false;isDisplayLocationInDecimal=false;isEncrypted=false;isExternalId=false;isFilterable=true;isGroupable=false;isHighScaleNumber=false;isHtmlFormatted=false;isIdLookup=false;isNameField=false;isNamePointing=false;isNillable=false;isPermissionable=false;isQueryByDistance=false;isRestrictedDelete=false;isSortable=true;isUnique=false;isUpdateable=false;isWriteRequiresMasterRead=false;]
18:00:50.4 (43495273)|STATEMENT_EXECUTE|[179]
18:00:50.4 (43501981)|HEAP_ALLOCATE|[179]|Bytes:11
18:00:50.4 (43506943)|HEAP_ALLOCATE|[179]|Bytes:29
18:00:50.4 (43514571)|ENTERING_MANAGED_PKG|
18:00:50.4 (43517116)|USER_DEBUG|[179]|DEBUG|####### field key CreatedDate
18:00:50.4 (43521478)|STATEMENT_EXECUTE|[180]
18:00:50.4 (43525362)|HEAP_ALLOCATE|[180]|Bytes:11
18:00:50.4 (43534076)|ENTERING_MANAGED_PKG|
18:00:50.4 (43537387)|HEAP_ALLOCATE|[EXTERNAL]|Bytes:4
18:00:50.4 (43550483)|HEAP_ALLOCATE|[175]|Bytes:5
18:00:50.4 (43565405)|VARIABLE_SCOPE_BEGIN|[175]|sfield|Schema.SObjectField|true|false
18:00:50.4 (43614448)|VARIABLE_ASSIGNMENT|[175]|sfield|"common.apex.runtime.impl.ApexFieldToken@7d22b8d1"|0x7d22b8d1
18:00:50.4 (43619414)|STATEMENT_EXECUTE|[176]
18:00:50.4 (43620734)|STATEMENT_EXECUTE|[177]
18:00:50.4 (43742100)|HEAP_ALLOCATE|[177]|Bytes:8
18:00:50.4 (43752046)|VARIABLE_SCOPE_BEGIN|[177]|dfield|Schema.DescribeFieldResult|true|false
18:00:50.4 (43808832)|VARIABLE_ASSIGNMENT|[177]|dfield|"common.api.soap.wsdl.Field@2fd4800e"|0x12da3b4c
18:00:50.4 (43813789)|STATEMENT_EXECUTE|[178]
18:00:50.4 (43831074)|ENTERING_MANAGED_PKG|
18:00:50.4 (43950674)|HEAP_ALLOCATE|[178]|Bytes:1095
18:00:50.4 (43968130)|HEAP_ALLOCATE|[178]|Bytes:1109
18:00:50.4 (43979093)|ENTERING_MANAGED_PKG|
18:00:50.4 (43982385)|USER_DEBUG|[178]|DEBUG|####### field Schema.DescribeFieldResult[getByteLength=18;getCalculatedFormula=null;getController=null;getDefaultValue=null;getDefaultValueFormula=null;getDigits=0;getFilteredLookupInfo=null;getInlineHelpText=null;getLabel=Created By ID;getLength=18;getLocalName=CreatedById;getMask=null;getMaskType=null;getName=CreatedById;getPrecision=0;getReferenceTargetField=null;getRelationshipName=CreatedBy;getRelationshipOrder=null;getScale=0;getSoapType=ID;getSobjectField=CreatedById;getType=REFERENCE;isAccessible=true;isAggregatable=true;isAutoNumber=false;isCalculated=false;isCascadeDelete=false;isCaseSensitive=false;isCreateable=false;isCustom=false;isDefaultedOnCreate=true;isDependentPicklist=false;isDeprecatedAndHidden=false;isDisplayLocationInDecimal=false;isEncrypted=false;isExternalId=false;isFilterable=true;isGroupable=true;isHighScaleNumber=false;isHtmlFormatted=false;isIdLookup=false;isNameField=false;isNamePointing=false;isNillable=false;isPermissionable=false;isQueryByDistance=false;isRestrictedDelete=false;isSortable=true;isUnique=false;isUpdateable=false;isWriteRequiresMasterRead=false;]
18:00:50.4 (43995904)|STATEMENT_EXECUTE|[179]
18:00:50.4 (44002736)|HEAP_ALLOCATE|[179]|Bytes:11
18:00:50.4 (44009120)|HEAP_ALLOCATE|[179]|Bytes:29
18:00:50.4 (44017447)|ENTERING_MANAGED_PKG|
18:00:50.4 (44020041)|USER_DEBUG|[179]|DEBUG|####### field key CreatedById
18:00:50.4 (44024772)|STATEMENT_EXECUTE|[180]
18:00:50.4 (44028812)|HEAP_ALLOCATE|[180]|Bytes:11
18:00:50.4 (44037531)|ENTERING_MANAGED_PKG|
18:00:50.4 (44040801)|HEAP_ALLOCATE|[EXTERNAL]|Bytes:4
18:00:50.4 (44055492)|HEAP_ALLOCATE|[175]|Bytes:5
18:00:50.4 (44070252)|VARIABLE_SCOPE_BEGIN|[175]|sfield|Schema.SObjectField|true|false
18:00:50.4 (44118748)|VARIABLE_ASSIGNMENT|[175]|sfield|"common.apex.runtime.impl.ApexFieldToken@37dfe3fd"|0x37dfe3fd
18:00:50.4 (44123541)|STATEMENT_EXECUTE|[176]
18:00:50.4 (44124766)|STATEMENT_EXECUTE|[177]
18:00:50.4 (44256963)|HEAP_ALLOCATE|[177]|Bytes:8
18:00:50.4 (44267229)|VARIABLE_SCOPE_BEGIN|[177]|dfield|Schema.DescribeFieldResult|true|false
18:00:50.4 (44323805)|VARIABLE_ASSIGNMENT|[177]|dfield|"common.api.soap.wsdl.Field@6e51944c"|0x1974612a
18:00:50.4 (44328726)|STATEMENT_EXECUTE|[178]
18:00:50.4 (44346154)|ENTERING_MANAGED_PKG|
18:00:50.4 (44469506)|HEAP_ALLOCATE|[178]|Bytes:1114
18:00:50.4 (44486960)|HEAP_ALLOCATE|[178]|Bytes:1128
18:00:50.4 (44497787)|ENTERING_MANAGED_PKG|
18:00:50.4 (44501349)|USER_DEBUG|[178]|DEBUG|####### field Schema.DescribeFieldResult[getByteLength=0;getCalculatedFormula=null;getController=null;getDefaultValue=null;getDefaultValueFormula=null;getDigits=0;getFilteredLookupInfo=null;getInlineHelpText=null;getLabel=Last Modified Date;getLength=0;getLocalName=LastModifiedDate;getMask=null;getMaskType=null;getName=LastModifiedDate;getPrecision=0;getReferenceTargetField=null;getRelationshipName=null;getRelationshipOrder=null;getScale=0;getSoapType=DATETIME;getSobjectField=LastModifiedDate;getType=DATETIME;isAccessible=true;isAggregatable=true;isAutoNumber=false;isCalculated=false;isCascadeDelete=false;isCaseSensitive=false;isCreateable=false;isCustom=false;isDefaultedOnCreate=true;isDependentPicklist=false;isDeprecatedAndHidden=false;isDisplayLocationInDecimal=false;isEncrypted=false;isExternalId=false;isFilterable=true;isGroupable=false;isHighScaleNumber=false;isHtmlFormatted=false;isIdLookup=false;isNameField=false;isNamePointing=false;isNillable=false;isPermissionable=false;isQueryByDistance=false;isRestrictedDelete=false;isSortable=true;isUnique=false;isUpdateable=false;isWriteRequiresMasterRead=false;]
18:00:50.4 (44514947)|STATEMENT_EXECUTE|[179]
18:00:50.4 (44524960)|HEAP_ALLOCATE|[179]|Bytes:16
18:00:50.4 (44531874)|HEAP_ALLOCATE|[179]|Bytes:34
18:00:50.4 (44541786)|ENTERING_MANAGED_PKG|
18:00:50.4 (44544902)|USER_DEBUG|[179]|DEBUG|####### field key LastModifiedDate
18:00:50.4 (44549535)|STATEMENT_EXECUTE|[180]
18:00:50.4 (44553743)|HEAP_ALLOCATE|[180]|Bytes:16
18:00:50.4 (44562589)|ENTERING_MANAGED_PKG|
18:00:50.4 (44565908)|HEAP_ALLOCATE|[EXTERNAL]|Bytes:4
18:00:50.4 (44579205)|HEAP_ALLOCATE|[175]|Bytes:5
18:00:50.4 (44595654)|VARIABLE_SCOPE_BEGIN|[175]|sfield|Schema.SObjectField|true|false
18:00:50.4 (44655384)|VARIABLE_ASSIGNMENT|[175]|sfield|"common.apex.runtime.impl.ApexFieldToken@55165084"|0x55165084
18:00:50.4 (44660672)|STATEMENT_EXECUTE|[176]
18:00:50.4 (44661889)|STATEMENT_EXECUTE|[177]
18:00:50.4 (44779845)|HEAP_ALLOCATE|[177]|Bytes:8
18:00:50.4 (44790409)|VARIABLE_SCOPE_BEGIN|[177]|dfield|Schema.DescribeFieldResult|true|false
18:00:50.4 (44847268)|VARIABLE_ASSIGNMENT|[177]|dfield|"common.api.soap.wsdl.Field@bc9e5347"|0x5de4265
18:00:50.4 (44852309)|STATEMENT_EXECUTE|[178]
18:00:50.4 (44869528)|ENTERING_MANAGED_PKG|
18:00:50.4 (44989398)|HEAP_ALLOCATE|[178]|Bytes:1121
18:00:50.4 (45006393)|HEAP_ALLOCATE|[178]|Bytes:1135
18:00:50.4 (45018371)|ENTERING_MANAGED_PKG|
18:00:50.4 (45021609)|USER_DEBUG|[178]|DEBUG|####### field Schema.DescribeFieldResult[getByteLength=18;getCalculatedFormula=null;getController=null;getDefaultValue=null;getDefaultValueFormula=null;getDigits=0;getFilteredLookupInfo=null;getInlineHelpText=null;getLabel=Last Modified By ID;getLength=18;getLocalName=LastModifiedById;getMask=null;getMaskType=null;getName=LastModifiedById;getPrecision=0;getReferenceTargetField=null;getRelationshipName=LastModifiedBy;getRelationshipOrder=null;getScale=0;getSoapType=ID;getSobjectField=LastModifiedById;getType=REFERENCE;isAccessible=true;isAggregatable=true;isAutoNumber=false;isCalculated=false;isCascadeDelete=false;isCaseSensitive=false;isCreateable=false;isCustom=false;isDefaultedOnCreate=true;isDependentPicklist=false;isDeprecatedAndHidden=false;isDisplayLocationInDecimal=false;isEncrypted=false;isExternalId=false;isFilterable=true;isGroupable=true;isHighScaleNumber=false;isHtmlFormatted=false;isIdLookup=false;isNameField=false;isNamePointing=false;isNillable=false;isPermissionable=false;isQueryByDistance=false;isRestrictedDelete=false;isSortable=true;isUnique=false;isUpdateable=false;isWriteRequiresMasterRead=false;]
18:00:50.4 (45035830)|STATEMENT_EXECUTE|[179]
18:00:50.4 (45046161)|HEAP_ALLOCATE|[179]|Bytes:16
18:00:50.4 (45052832)|HEAP_ALLOCATE|[179]|Bytes:34
18:00:50.4 (45062720)|ENTERING_MANAGED_PKG|
18:00:50.4 (45065619)|USER_DEBUG|[179]|DEBUG|####### field key LastModifiedById
18:00:50.4 (45070174)|STATEMENT_EXECUTE|[180]
18:00:50.4 (45074308)|HEAP_ALLOCATE|[180]|Bytes:16
18:00:50.4 (45083128)|ENTERING_MANAGED_PKG|
18:00:50.4 (45086590)|HEAP_ALLOCATE|[EXTERNAL]|Bytes:4
18:00:50.4 (45099713)|HEAP_ALLOCATE|[175]|Bytes:5
18:00:50.4 (45114124)|VARIABLE_SCOPE_BEGIN|[175]|sfield|Schema.SObjectField|true|false
18:00:50.4 (45163355)|VARIABLE_ASSIGNMENT|[175]|sfield|"common.apex.runtime.impl.ApexFieldToken@528eff6d"|0x528eff6d
18:00:50.4 (45167820)|STATEMENT_EXECUTE|[176]
18:00:50.4 (45169055)|STATEMENT_EXECUTE|[177]
18:00:50.4 (45279662)|HEAP_ALLOCATE|[177]|Bytes:8
18:00:50.4 (45293404)|VARIABLE_SCOPE_BEGIN|[177]|dfield|Schema.DescribeFieldResult|true|false
18:00:50.4 (45353922)|VARIABLE_ASSIGNMENT|[177]|dfield|"common.api.soap.wsdl.Field@37748047"|0x34e3b902
18:00:50.4 (45359000)|STATEMENT_EXECUTE|[178]
18:00:50.4 (45376856)|ENTERING_MANAGED_PKG|
18:00:50.4 (45499185)|HEAP_ALLOCATE|[178]|Bytes:1105
18:00:50.4 (45515982)|HEAP_ALLOCATE|[178]|Bytes:1119
18:00:50.4 (45527033)|ENTERING_MANAGED_PKG|
18:00:50.4 (45530226)|USER_DEBUG|[178]|DEBUG|####### field Schema.DescribeFieldResult[getByteLength=0;getCalculatedFormula=null;getController=null;getDefaultValue=null;getDefaultValueFormula=null;getDigits=0;getFilteredLookupInfo=null;getInlineHelpText=null;getLabel=System Modstamp;getLength=0;getLocalName=SystemModstamp;getMask=null;getMaskType=null;getName=SystemModstamp;getPrecision=0;getReferenceTargetField=null;getRelationshipName=null;getRelationshipOrder=null;getScale=0;getSoapType=DATETIME;getSobjectField=SystemModstamp;getType=DATETIME;isAccessible=true;isAggregatable=true;isAutoNumber=false;isCalculated=false;isCascadeDelete=false;isCaseSensitive=false;isCreateable=false;isCustom=false;isDefaultedOnCreate=true;isDependentPicklist=false;isDeprecatedAndHidden=false;isDisplayLocationInDecimal=false;isEncrypted=false;isExternalId=false;isFilterable=true;isGroupable=false;isHighScaleNumber=false;isHtmlFormatted=false;isIdLookup=false;isNameField=false;isNamePointing=false;isNillable=false;isPermissionable=false;isQueryByDistance=false;isRestrictedDelete=false;isSortable=true;isUnique=false;isUpdateable=false;isWriteRequiresMasterRead=false;]
18:00:50.4 (45540786)|STATEMENT_EXECUTE|[179]
18:00:50.4 (45547821)|HEAP_ALLOCATE|[179]|Bytes:14
18:00:50.4 (45552875)|HEAP_ALLOCATE|[179]|Bytes:32
18:00:50.4 (45560496)|ENTERING_MANAGED_PKG|
18:00:50.4 (45563059)|USER_DEBUG|[179]|DEBUG|####### field key SystemModstamp
18:00:50.4 (45567366)|STATEMENT_EXECUTE|[180]
18:00:50.4 (45571262)|HEAP_ALLOCATE|[180]|Bytes:14
18:00:50.4 (45579688)|ENTERING_MANAGED_PKG|
18:00:50.4 (45582945)|HEAP_ALLOCATE|[EXTERNAL]|Bytes:4
18:00:50.4 (45595970)|HEAP_ALLOCATE|[175]|Bytes:5
18:00:50.4 (45609977)|VARIABLE_SCOPE_BEGIN|[175]|sfield|Schema.SObjectField|true|false
18:00:50.4 (45658754)|VARIABLE_ASSIGNMENT|[175]|sfield|"common.apex.runtime.impl.ApexFieldToken@3a8231dd"|0x3a8231dd
18:00:50.4 (45663486)|STATEMENT_EXECUTE|[176]
18:00:50.4 (45664703)|STATEMENT_EXECUTE|[177]
18:00:50.4 (45765595)|HEAP_ALLOCATE|[177]|Bytes:8
18:00:50.4 (45775437)|VARIABLE_SCOPE_BEGIN|[177]|dfield|Schema.DescribeFieldResult|true|false
18:00:50.4 (45830942)|VARIABLE_ASSIGNMENT|[177]|dfield|"common.api.soap.wsdl.Field@feb56050"|0x582f2565
18:00:50.4 (45836011)|STATEMENT_EXECUTE|[178]
18:00:50.4 (45853225)|ENTERING_MANAGED_PKG|
18:00:50.4 (45965724)|HEAP_ALLOCATE|[178]|Bytes:1080
18:00:50.4 (45982325)|HEAP_ALLOCATE|[178]|Bytes:1094
18:00:50.4 (45993200)|ENTERING_MANAGED_PKG|
18:00:50.4 (45996416)|USER_DEBUG|[178]|DEBUG|####### field Schema.DescribeFieldResult[getByteLength=0;getCalculatedFormula=null;getController=null;getDefaultValue=null;getDefaultValueFormula=null;getDigits=0;getFilteredLookupInfo=null;getInlineHelpText=null;getLabel=Deleted;getLength=0;getLocalName=IsDeleted;getMask=null;getMaskType=null;getName=IsDeleted;getPrecision=0;getReferenceTargetField=null;getRelationshipName=null;getRelationshipOrder=null;getScale=0;getSoapType=BOOLEAN;getSobjectField=IsDeleted;getType=BOOLEAN;isAccessible=true;isAggregatable=false;isAutoNumber=false;isCalculated=false;isCascadeDelete=false;isCaseSensitive=false;isCreateable=false;isCustom=false;isDefaultedOnCreate=true;isDependentPicklist=false;isDeprecatedAndHidden=false;isDisplayLocationInDecimal=false;isEncrypted=false;isExternalId=false;isFilterable=true;isGroupable=true;isHighScaleNumber=false;isHtmlFormatted=false;isIdLookup=false;isNameField=false;isNamePointing=false;isNillable=false;isPermissionable=false;isQueryByDistance=false;isRestrictedDelete=false;isSortable=true;isUnique=false;isUpdateable=false;isWriteRequiresMasterRead=false;]
18:00:50.4 (46010518)|STATEMENT_EXECUTE|[179]
18:00:50.4 (46018192)|HEAP_ALLOCATE|[179]|Bytes:9
18:00:50.4 (46023476)|HEAP_ALLOCATE|[179]|Bytes:27
18:00:50.4 (46031888)|ENTERING_MANAGED_PKG|
18:00:50.4 (46034642)|USER_DEBUG|[179]|DEBUG|####### field key IsDeleted
18:00:50.4 (46038967)|STATEMENT_EXECUTE|[180]
18:00:50.4 (46042881)|HEAP_ALLOCATE|[180]|Bytes:9
18:00:50.4 (46051406)|ENTERING_MANAGED_PKG|
18:00:50.4 (46054707)|HEAP_ALLOCATE|[EXTERNAL]|Bytes:4
18:00:50.4 (46067425)|HEAP_ALLOCATE|[175]|Bytes:5
18:00:50.4 (46081828)|VARIABLE_SCOPE_BEGIN|[175]|sfield|Schema.SObjectField|true|false
18:00:50.4 (46130599)|VARIABLE_ASSIGNMENT|[175]|sfield|"common.apex.runtime.impl.ApexFieldToken@720afd7b"|0x720afd7b
18:00:50.4 (46135611)|STATEMENT_EXECUTE|[176]
18:00:50.4 (46136905)|STATEMENT_EXECUTE|[177]
18:00:50.4 (46240086)|HEAP_ALLOCATE|[177]|Bytes:8
18:00:50.4 (46250146)|VARIABLE_SCOPE_BEGIN|[177]|dfield|Schema.DescribeFieldResult|true|false
18:00:50.4 (46305759)|VARIABLE_ASSIGNMENT|[177]|dfield|"common.api.soap.wsdl.Field@20736049"|0x1a366c47
18:00:50.4 (46310870)|STATEMENT_EXECUTE|[178]
18:00:50.4 (46328121)|ENTERING_MANAGED_PKG|
18:00:50.4 (46444274)|HEAP_ALLOCATE|[178]|Bytes:1062
18:00:50.4 (46460683)|HEAP_ALLOCATE|[178]|Bytes:1076
18:00:50.4 (46471697)|ENTERING_MANAGED_PKG|
18:00:50.4 (46475054)|USER_DEBUG|[178]|DEBUG|####### field Schema.DescribeFieldResult[getByteLength=150;getCalculatedFormula=null;getController=null;getDefaultValue=null;getDefaultValueFormula=null;getDigits=0;getFilteredLookupInfo=null;getInlineHelpText=null;getLabel=Type;getLength=50;getLocalName=Type;getMask=null;getMaskType=null;getName=Type;getPrecision=0;getReferenceTargetField=null;getRelationshipName=null;getRelationshipOrder=null;getScale=0;getSoapType=STRING;getSobjectField=Type;getType=STRING;isAccessible=true;isAggregatable=true;isAutoNumber=false;isCalculated=false;isCascadeDelete=false;isCaseSensitive=false;isCreateable=false;isCustom=false;isDefaultedOnCreate=false;isDependentPicklist=false;isDeprecatedAndHidden=false;isDisplayLocationInDecimal=false;isEncrypted=false;isExternalId=false;isFilterable=true;isGroupable=true;isHighScaleNumber=false;isHtmlFormatted=false;isIdLookup=false;isNameField=false;isNamePointing=false;isNillable=true;isPermissionable=false;isQueryByDistance=false;isRestrictedDelete=false;isSortable=true;isUnique=false;isUpdateable=false;isWriteRequiresMasterRead=false;]
18:00:50.4 (46485824)|STATEMENT_EXECUTE|[179]
18:00:50.4 (46492184)|HEAP_ALLOCATE|[179]|Bytes:4
18:00:50.4 (46497162)|HEAP_ALLOCATE|[179]|Bytes:22
18:00:50.4 (46504536)|ENTERING_MANAGED_PKG|
18:00:50.4 (46507026)|USER_DEBUG|[179]|DEBUG|####### field key Type
18:00:50.4 (46511233)|STATEMENT_EXECUTE|[180]
18:00:50.4 (46515978)|HEAP_ALLOCATE|[180]|Bytes:4
18:00:50.4 (46524595)|ENTERING_MANAGED_PKG|
18:00:50.4 (46527837)|HEAP_ALLOCATE|[EXTERNAL]|Bytes:4
18:00:50.4 (46540965)|HEAP_ALLOCATE|[175]|Bytes:5
18:00:50.4 (46554896)|VARIABLE_ASSIGNMENT|[175]|sfield|null|
18:00:50.4 (46559201)|STATEMENT_EXECUTE|[185]
18:00:50.4 (46575207)|SYSTEM_MODE_EXIT|false
18:00:50.46 (46625824)|CUMULATIVE_LIMIT_USAGE
18:00:50.46 (46625824)|LIMIT_USAGE_FOR_NS|(default)|
  Number of SOQL queries: 0 out of 100
  Number of query rows: 0 out of 50000
  Number of SOSL queries: 0 out of 20
  Number of DML statements: 0 out of 150
  Number of DML rows: 0 out of 10000
  Maximum CPU time: 0 out of 10000
  Maximum heap size: 0 out of 6000000
  Number of callouts: 0 out of 100
  Number of Email Invocations: 0 out of 10
  Number of future calls: 0 out of 50
  Number of queueable jobs added to the queue: 0 out of 50
  Number of Mobile Apex push calls: 0 out of 10

18:00:50.46 (46625824)|LIMIT_USAGE_FOR_NS|shiva15testns|
  Number of SOQL queries: 0 out of 100
  Number of query rows: 0 out of 50000
  Number of SOSL queries: 0 out of 20
  Number of DML statements: 0 out of 150
  Number of DML rows: 0 out of 10000
  Maximum CPU time: 0 out of 10000
  Maximum heap size: 0 out of 6000000
  Number of callouts: 0 out of 100
  Number of Email Invocations: 0 out of 10
  Number of future calls: 0 out of 50
  Number of queueable jobs added to the queue: 0 out of 50
  Number of Mobile Apex push calls: 0 out of 10

18:00:50.46 (46625824)|CUMULATIVE_LIMIT_USAGE_END

18:00:50.4 (46688661)|CODE_UNIT_FINISHED|PermissionSetPortalControllers.getAllFields
