36.0 APEX_CODE,FINEST;APEX_PROFILING,INFO;CALLOUT,INFO;DB,INFO;SYSTEM,DEBUG;VALIDATION,INFO;VISUALFORCE,INFO;WORKFLOW,INFO
11:03:19.3 (3015401)|EXECUTION_STARTED
11:03:19.3 (3052831)|CODE_UNIT_STARTED|[EXTERNAL]|01p36000005Jpvx|PermissionSetPortalControllers.getAllPermissionSets
11:03:19.3 (4005917)|VARIABLE_SCOPE_BEGIN|[3]|PermissionSetPortalControllers.AllPermissionSets|List<PermissionSet>|true|true
11:03:19.3 (4216461)|VARIABLE_SCOPE_BEGIN|[10]|PermissionSetPortalControllers.accountField|Set<String>|true|true
11:03:19.3 (4222972)|VARIABLE_SCOPE_BEGIN|[5]|PermissionSetPortalControllers.allObjectsOfOrg|List<shiva15testns.PermissionSetPortalControllers.ObjectDetailsClass>|true|true
11:03:19.3 (4227828)|VARIABLE_SCOPE_BEGIN|[9]|PermissionSetPortalControllers.contactsField|Set<String>|true|true
11:03:19.3 (4231491)|VARIABLE_SCOPE_BEGIN|[7]|PermissionSetPortalControllers.isNotSystemSObjectList|Set<String>|true|true
11:03:19.3 (4400202)|HEAP_ALLOCATE|[72]|Bytes:3
11:03:19.3 (4487823)|HEAP_ALLOCATE|[77]|Bytes:152
11:03:19.3 (4507741)|HEAP_ALLOCATE|[342]|Bytes:408
11:03:19.3 (4528226)|HEAP_ALLOCATE|[355]|Bytes:408
11:03:19.3 (4546913)|HEAP_ALLOCATE|[467]|Bytes:48
11:03:19.3 (4619728)|HEAP_ALLOCATE|[139]|Bytes:6
11:03:19.3 (4648665)|HEAP_ALLOCATE|[EXTERNAL]|Bytes:168
11:03:19.3 (4674596)|HEAP_ALLOCATE|[EXTERNAL]|Bytes:76
11:03:19.3 (4678722)|HEAP_ALLOCATE|[EXTERNAL]|Bytes:310
11:03:19.3 (4713676)|METHOD_ENTRY|[1]|01p36000005Jpvx|PermissionSetPortalControllers.PermissionSetPortalControllers()
11:03:19.3 (4718677)|STATEMENT_EXECUTE|[1]
11:03:19.3 (4725039)|STATEMENT_EXECUTE|[1]
11:03:19.3 (4755684)|HEAP_ALLOCATE|[50]|Bytes:5
11:03:19.3 (4781718)|HEAP_ALLOCATE|[56]|Bytes:5
11:03:19.3 (4804049)|HEAP_ALLOCATE|[64]|Bytes:7
11:03:19.3 (4831300)|SYSTEM_MODE_ENTER|false
11:03:19.3 (4847355)|HEAP_ALLOCATE|[9]|Bytes:5
11:03:19.3 (4851390)|STATEMENT_EXECUTE|[9]
11:03:19.3 (4857803)|HEAP_ALLOCATE|[9]|Bytes:4
11:03:19.3 (4901755)|ENTERING_MANAGED_PKG|
11:03:19.3 (5054705)|VARIABLE_ASSIGNMENT|[9]|PermissionSetPortalControllers.contactsField|{"s":1,"v":[]}|0x1d21214e
11:03:19.3 (5060354)|STATEMENT_EXECUTE|[10]
11:03:19.3 (5065821)|HEAP_ALLOCATE|[10]|Bytes:4
11:03:19.3 (5079807)|ENTERING_MANAGED_PKG|
11:03:19.3 (5120019)|VARIABLE_ASSIGNMENT|[10]|PermissionSetPortalControllers.accountField|{"s":1,"v":[]}|0x750926e9
11:03:19.3 (5124149)|STATEMENT_EXECUTE|[1010]
11:03:19.3 (5125848)|STATEMENT_EXECUTE|[1039]
11:03:19.3 (5127062)|STATEMENT_EXECUTE|[1067]
11:03:19.3 (5128607)|STATEMENT_EXECUTE|[1096]
11:03:19.3 (5129664)|STATEMENT_EXECUTE|[1112]
11:03:19.3 (5130748)|STATEMENT_EXECUTE|[1129]
11:03:19.3 (5131929)|STATEMENT_EXECUTE|[1140]
11:03:19.3 (5133298)|STATEMENT_EXECUTE|[1145]
11:03:19.3 (5141203)|SYSTEM_MODE_EXIT|false
11:03:19.3 (5174141)|METHOD_EXIT|[1]|PermissionSetPortalControllers
11:03:19.3 (5184501)|SYSTEM_MODE_ENTER|false
11:03:19.3 (5199258)|HEAP_ALLOCATE|[157]|Bytes:5
11:03:19.3 (5203158)|STATEMENT_EXECUTE|[156]
11:03:19.3 (5204616)|STATEMENT_EXECUTE|[157]
11:03:19.3 (5205623)|STATEMENT_EXECUTE|[157]
11:03:19.3 (5206728)|STATEMENT_EXECUTE|[158]
11:03:19.3 (5209992)|HEAP_ALLOCATE|[158]|Bytes:99
11:03:19.3 (5220180)|HEAP_ALLOCATE|[158]|Bytes:4
11:03:19.3 (5914278)|SOQL_EXECUTE_BEGIN|[158]|Aggregations:0|SELECT Id, label, Name, Description, NamespacePrefix, UserLicenseId, CreatedDate FROM PermissionSet
11:03:19.3 (29284299)|SOQL_EXECUTE_END|[158]|Rows:41
11:03:19.3 (29318856)|HEAP_ALLOCATE|[158]|Bytes:168
11:03:19.3 (29417094)|HEAP_ALLOCATE|[158]|Bytes:7208
11:03:19.3 (29470102)|HEAP_ALLOCATE|[158]|Bytes:168
11:03:19.3 (29529998)|VARIABLE_ASSIGNMENT|[158]|PermissionSetPortalControllers.AllPermissionSets|{"s":1,"v":"List of size 41 too large to display"}|0xb6a9225
11:03:19.3 (29641373)|ENTERING_MANAGED_PKG|
11:03:19.3 (29735030)|STATEMENT_EXECUTE|[159]
11:03:19.3 (29738349)|STATEMENT_EXECUTE|[160]
11:03:19.3 (29905865)|VARIABLE_SCOPE_BEGIN|[160]|pSetObj|shiva15testns.PermissionSetPortalControllers.PermissionSetClass|true|false
11:03:19.3 (29921376)|VARIABLE_ASSIGNMENT|[160]|pSetObj|null|
11:03:19.3 (29923949)|STATEMENT_EXECUTE|[161]
11:03:19.3 (29930910)|HEAP_ALLOCATE|[161]|Bytes:4
11:03:19.3 (29980230)|ENTERING_MANAGED_PKG|
11:03:19.3 (30003026)|VARIABLE_SCOPE_BEGIN|[161]|permissionSetsLst|List<shiva15testns.PermissionSetPortalControllers.PermissionSetClass>|true|false
11:03:19.3 (30028859)|HEAP_ALLOCATE|[EXTERNAL]|Bytes:4
11:03:19.3 (30043141)|VARIABLE_ASSIGNMENT|[161]|permissionSetsLst|{"s":1,"v":[]}|0x70c34700
11:03:19.3 (30059501)|ENTERING_MANAGED_PKG|
11:03:19.3 (30338662)|HEAP_ALLOCATE|[162]|Bytes:5
11:03:19.3 (30396877)|HEAP_ALLOCATE|[162]|Bytes:28
11:03:19.3 (30410371)|VARIABLE_SCOPE_BEGIN|[162]|PSetName|PermissionSet|true|false
11:03:19.3 (30463484)|VARIABLE_ASSIGNMENT|[162]|PSetName|{"s":1,"v":{"Id":"0PS36000000KFvSGAW","Label":"random","Name":"random","NamespacePrefix":"shiva15testns","UserLicenseId":"10036000000eSpyAAE","CreatedDate":"2016-04-26T00:59:56.000Z"}}|0x323ec7c
11:03:19.3 (30468381)|STATEMENT_EXECUTE|[162]
11:03:19.3 (30498557)|HEAP_ALLOCATE|[163]|Bytes:3
11:03:19.3 (30533505)|ENTERING_MANAGED_PKG|
11:03:19.3 (30565467)|STATEMENT_EXECUTE|[163]
11:03:19.3 (30567748)|STATEMENT_EXECUTE|[166]
11:03:19.3 (30575750)|HEAP_ALLOCATE|[166]|Bytes:240
11:03:19.3 (30581639)|HEAP_ALLOCATE|[166]|Bytes:39
11:03:19.3 (30599565)|HEAP_ALLOCATE|[166]|Bytes:32
11:03:19.3 (30647287)|ENTERING_MANAGED_PKG|
11:03:19.3 (30792522)|HEAP_ALLOCATE|[166]|Bytes:18
11:03:19.3 (30857424)|ENTERING_MANAGED_PKG|
11:03:19.3 (30883099)|HEAP_ALLOCATE|[166]|Bytes:19
11:03:19.3 (30927243)|CONSTRUCTOR_ENTRY|[166]|01p36000005Jpvx|<init>(String,String,String,String,String,String,String)
11:03:19.3 (30949418)|VARIABLE_SCOPE_BEGIN|[1027]|this|shiva15testns.PermissionSetPortalControllers.PermissionSetClass|true|false
11:03:19.3 (31021581)|VARIABLE_ASSIGNMENT|[1027]|this|{}|0x4c289d79
11:03:19.3 (31027140)|VARIABLE_SCOPE_BEGIN|[1027]|label|String|false|false
11:03:19.3 (31032936)|VARIABLE_ASSIGNMENT|[1027]|label|"random"
11:03:19.3 (31035424)|VARIABLE_SCOPE_BEGIN|[1027]|apiName|String|false|false
11:03:19.3 (31038344)|VARIABLE_ASSIGNMENT|[1027]|apiName|"random"
11:03:19.3 (31040439)|VARIABLE_SCOPE_BEGIN|[1027]|id|String|false|false
11:03:19.3 (31043748)|VARIABLE_ASSIGNMENT|[1027]|id|"0PS36000000KFvSGAW"
11:03:19.3 (31045897)|VARIABLE_SCOPE_BEGIN|[1027]|description|String|false|false
11:03:19.3 (31048683)|VARIABLE_ASSIGNMENT|[1027]|description|null
11:03:19.3 (31050548)|VARIABLE_SCOPE_BEGIN|[1027]|namespacePrefix|String|false|false
11:03:19.3 (31053695)|VARIABLE_ASSIGNMENT|[1027]|namespacePrefix|"shiva15testns"
11:03:19.3 (31055782)|VARIABLE_SCOPE_BEGIN|[1027]|userLicenseId|String|false|false
11:03:19.3 (31058267)|VARIABLE_ASSIGNMENT|[1027]|userLicenseId|null
11:03:19.3 (31060039)|VARIABLE_SCOPE_BEGIN|[1027]|createdDate|String|false|false
11:03:19.3 (31063280)|VARIABLE_ASSIGNMENT|[1027]|createdDate|"2016-04-25 17:59:56"
11:03:19.3 (31067453)|STATEMENT_EXECUTE|[1010]
11:03:19.3 (31069299)|STATEMENT_EXECUTE|[1013]
11:03:19.3 (31070867)|STATEMENT_EXECUTE|[1015]
11:03:19.3 (31072069)|STATEMENT_EXECUTE|[1017]
11:03:19.3 (31073169)|STATEMENT_EXECUTE|[1019]
11:03:19.3 (31074379)|STATEMENT_EXECUTE|[1021]
11:03:19.3 (31075737)|STATEMENT_EXECUTE|[1023]
11:03:19.3 (31076733)|STATEMENT_EXECUTE|[1025]
11:03:19.3 (31084970)|HEAP_ALLOCATE|[1029]|Bytes:6
11:03:19.3 (31126582)|STATEMENT_EXECUTE|[1028]
11:03:19.3 (31128851)|STATEMENT_EXECUTE|[1029]
11:03:19.3 (31219322)|VARIABLE_ASSIGNMENT|[EXTERNAL]|this|{}|0x4c289d79
11:03:19.3 (31226991)|VARIABLE_ASSIGNMENT|[EXTERNAL]|value|"random"
11:03:19.3 (31255579)|VARIABLE_ASSIGNMENT|[1013]|this.label|"random"|0x4c289d79
11:03:19.3 (31264729)|STATEMENT_EXECUTE|[1030]
11:03:19.3 (31317953)|VARIABLE_ASSIGNMENT|[EXTERNAL]|this|{"label":"random"}|0x4c289d79
11:03:19.3 (31324175)|VARIABLE_ASSIGNMENT|[EXTERNAL]|value|"random"
11:03:19.3 (31332526)|VARIABLE_ASSIGNMENT|[1015]|this.apiName|"random"|0x4c289d79
11:03:19.3 (31339820)|STATEMENT_EXECUTE|[1031]
11:03:19.3 (31389615)|VARIABLE_ASSIGNMENT|[EXTERNAL]|this|{"apiName":"random","label":"random"}|0x4c289d79
11:03:19.3 (31396380)|VARIABLE_ASSIGNMENT|[EXTERNAL]|value|"0PS36000000KFvSGAW"
11:03:19.3 (31405091)|VARIABLE_ASSIGNMENT|[1017]|this.id|"0PS36000000KFvSGAW"|0x4c289d79
11:03:19.3 (31412672)|STATEMENT_EXECUTE|[1032]
11:03:19.3 (31462117)|VARIABLE_ASSIGNMENT|[EXTERNAL]|this|{"apiName":"random","id":"0PS36000000KFvSGAW","label":"random"}|0x4c289d79
11:03:19.3 (31468437)|VARIABLE_ASSIGNMENT|[EXTERNAL]|value|null
11:03:19.3 (31476067)|VARIABLE_ASSIGNMENT|[1019]|this.description|null|0x4c289d79
11:03:19.3 (31482956)|STATEMENT_EXECUTE|[1033]
11:03:19.3 (31535683)|VARIABLE_ASSIGNMENT|[EXTERNAL]|this|{"apiName":"random","id":"0PS36000000KFvSGAW","label":"random"}|0x4c289d79
11:03:19.3 (31542467)|VARIABLE_ASSIGNMENT|[EXTERNAL]|value|"shiva15testns"
11:03:19.3 (31551029)|VARIABLE_ASSIGNMENT|[1021]|this.namespacePrefix|"shiva15testns"|0x4c289d79
11:03:19.3 (31558475)|STATEMENT_EXECUTE|[1034]
11:03:19.3 (31611296)|VARIABLE_ASSIGNMENT|[EXTERNAL]|this|{"apiName":"random","id":"0PS36000000KFvSGAW","label":"random","namespacePrefix":"shiva15testns"}|0x4c289d79
11:03:19.3 (31618198)|VARIABLE_ASSIGNMENT|[EXTERNAL]|value|null
11:03:19.3 (31625826)|VARIABLE_ASSIGNMENT|[1023]|this.userLicenseId|null|0x4c289d79
11:03:19.3 (31632818)|STATEMENT_EXECUTE|[1035]
11:03:19.3 (31682088)|VARIABLE_ASSIGNMENT|[EXTERNAL]|this|{"apiName":"random","id":"0PS36000000KFvSGAW","label":"random","namespacePrefix":"shiva15testns"}|0x4c289d79
11:03:19.3 (31689154)|VARIABLE_ASSIGNMENT|[EXTERNAL]|value|"2016-04-25 17:59:56"
11:03:19.3 (31697802)|VARIABLE_ASSIGNMENT|[1025]|this.createdDate|"2016-04-25 17:59:56"|0x4c289d79
11:03:19.3 (31711982)|CONSTRUCTOR_EXIT|[166]|01p36000005Jpvx|<init>(String,String,String,String,String,String,String)
11:03:19.3 (31732766)|VARIABLE_ASSIGNMENT|[166]|pSetObj|{"apiName":"random","createdDate":"2016-04-25 17:59:56","id":"0PS36000000KFvSGAW","label":"random","namespacePrefix":"shiva15testns"}|0x4c289d79
11:03:19.3 (31736218)|STATEMENT_EXECUTE|[167]
11:03:19.3 (31752324)|ENTERING_MANAGED_PKG|
11:03:19.3 (31779108)|HEAP_ALLOCATE|[EXTERNAL]|Bytes:4
11:03:19.3 (31788199)|STATEMENT_EXECUTE|[168]
11:03:19.3 (31944478)|HEAP_ALLOCATE|[168]|Bytes:24
11:03:19.3 (31965241)|ENTERING_MANAGED_PKG|
11:03:19.3 (32049256)|HEAP_ALLOCATE|[168]|Bytes:162
11:03:19.3 (32072027)|HEAP_ALLOCATE|[168]|Bytes:186
11:03:19.3 (32109794)|ENTERING_MANAGED_PKG|
11:03:19.3 (32124092)|USER_DEBUG|[168]|ERROR|The PermissionSet Name: PermissionSet:{Id=0PS36000000KFvSGAW, Label=random, Name=random, NamespacePrefix=shiva15testns, UserLicenseId=10036000000eSpyAAE, CreatedDate=2016-04-26 00:59:56}
11:03:19.3 (32141359)|HEAP_ALLOCATE|[162]|Bytes:5
11:03:19.3 (32163874)|HEAP_ALLOCATE|[162]|Bytes:32
11:03:19.3 (32172379)|VARIABLE_SCOPE_BEGIN|[162]|PSetName|PermissionSet|true|false
11:03:19.3 (32199695)|VARIABLE_ASSIGNMENT|[162]|PSetName|{"s":1,"v":{"Id":"0PS36000000KhGKGA0","Label":"test1label","Name":"test1name","Description":"test Description 1","NamespacePrefix":"shiva15testns","UserLicenseId":"10036000000eSpyAAE","CreatedDate":"2016-04-27T01:22:31.000Z"}}|0x650f98e3
11:03:19.3 (32204806)|STATEMENT_EXECUTE|[162]
11:03:19.3 (32227765)|ENTERING_MANAGED_PKG|
11:03:19.3 (32237763)|STATEMENT_EXECUTE|[163]
11:03:19.3 (32239366)|STATEMENT_EXECUTE|[166]
11:03:19.3 (32243807)|HEAP_ALLOCATE|[166]|Bytes:32
11:03:19.3 (32261054)|ENTERING_MANAGED_PKG|
11:03:19.3 (32264752)|HEAP_ALLOCATE|[166]|Bytes:18
11:03:19.3 (32302836)|ENTERING_MANAGED_PKG|
11:03:19.3 (32316439)|HEAP_ALLOCATE|[166]|Bytes:19
11:03:19.3 (32335747)|CONSTRUCTOR_ENTRY|[166]|01p36000005Jpvx|<init>(String,String,String,String,String,String,String)
11:03:19.3 (32341525)|VARIABLE_SCOPE_BEGIN|[1027]|this|shiva15testns.PermissionSetPortalControllers.PermissionSetClass|true|false
11:03:19.3 (32363306)|VARIABLE_ASSIGNMENT|[1027]|this|{}|0x62e4addc
11:03:19.3 (32366143)|VARIABLE_SCOPE_BEGIN|[1027]|label|String|false|false
11:03:19.3 (32370482)|VARIABLE_ASSIGNMENT|[1027]|label|"test1label"
11:03:19.3 (32372235)|VARIABLE_SCOPE_BEGIN|[1027]|apiName|String|false|false
11:03:19.3 (32374988)|VARIABLE_ASSIGNMENT|[1027]|apiName|"test1name"
11:03:19.3 (32376605)|VARIABLE_SCOPE_BEGIN|[1027]|id|String|false|false
11:03:19.3 (32379941)|VARIABLE_ASSIGNMENT|[1027]|id|"0PS36000000KhGKGA0"
11:03:19.3 (32381787)|VARIABLE_SCOPE_BEGIN|[1027]|description|String|false|false
11:03:19.3 (32385035)|VARIABLE_ASSIGNMENT|[1027]|description|"test Description 1"
11:03:19.3 (32386783)|VARIABLE_SCOPE_BEGIN|[1027]|namespacePrefix|String|false|false
11:03:19.3 (32389928)|VARIABLE_ASSIGNMENT|[1027]|namespacePrefix|"shiva15testns"
11:03:19.3 (32391623)|VARIABLE_SCOPE_BEGIN|[1027]|userLicenseId|String|false|false
11:03:19.3 (32394224)|VARIABLE_ASSIGNMENT|[1027]|userLicenseId|null
11:03:19.3 (32395724)|VARIABLE_SCOPE_BEGIN|[1027]|createdDate|String|false|false
11:03:19.3 (32398612)|VARIABLE_ASSIGNMENT|[1027]|createdDate|"2016-04-26 18:22:31"
11:03:19.3 (32401404)|STATEMENT_EXECUTE|[1010]
11:03:19.3 (32402691)|STATEMENT_EXECUTE|[1013]
11:03:19.3 (32403903)|STATEMENT_EXECUTE|[1015]
11:03:19.3 (32404937)|STATEMENT_EXECUTE|[1017]
11:03:19.3 (32405947)|STATEMENT_EXECUTE|[1019]
11:03:19.3 (32406997)|STATEMENT_EXECUTE|[1021]
11:03:19.3 (32408029)|STATEMENT_EXECUTE|[1023]
11:03:19.3 (32409024)|STATEMENT_EXECUTE|[1025]
11:03:19.3 (32421056)|STATEMENT_EXECUTE|[1028]
11:03:19.3 (32422644)|STATEMENT_EXECUTE|[1029]
11:03:19.3 (32443069)|VARIABLE_ASSIGNMENT|[EXTERNAL]|this|{}|0x62e4addc
11:03:19.3 (32448372)|VARIABLE_ASSIGNMENT|[EXTERNAL]|value|"test1label"
11:03:19.3 (32455569)|VARIABLE_ASSIGNMENT|[1013]|this.label|"test1label"|0x62e4addc
11:03:19.3 (32461577)|STATEMENT_EXECUTE|[1030]
11:03:19.3 (32481447)|VARIABLE_ASSIGNMENT|[EXTERNAL]|this|{"label":"test1label"}|0x62e4addc
11:03:19.3 (32486464)|VARIABLE_ASSIGNMENT|[EXTERNAL]|value|"test1name"
11:03:19.3 (32492286)|VARIABLE_ASSIGNMENT|[1015]|this.apiName|"test1name"|0x62e4addc
11:03:19.3 (32497735)|STATEMENT_EXECUTE|[1031]
11:03:19.3 (32517792)|VARIABLE_ASSIGNMENT|[EXTERNAL]|this|{"apiName":"test1name","label":"test1label"}|0x62e4addc
11:03:19.3 (32522727)|VARIABLE_ASSIGNMENT|[EXTERNAL]|value|"0PS36000000KhGKGA0"
11:03:19.3 (32528999)|VARIABLE_ASSIGNMENT|[1017]|this.id|"0PS36000000KhGKGA0"|0x62e4addc
11:03:19.3 (32534610)|STATEMENT_EXECUTE|[1032]
11:03:19.3 (32555370)|VARIABLE_ASSIGNMENT|[EXTERNAL]|this|{"apiName":"test1name","id":"0PS36000000KhGKGA0","label":"test1label"}|0x62e4addc
11:03:19.3 (32560691)|VARIABLE_ASSIGNMENT|[EXTERNAL]|value|"test Description 1"
11:03:19.3 (32567040)|VARIABLE_ASSIGNMENT|[1019]|this.description|"test Description 1"|0x62e4addc
11:03:19.3 (32572565)|STATEMENT_EXECUTE|[1033]
11:03:19.3 (32593701)|VARIABLE_ASSIGNMENT|[EXTERNAL]|this|{"apiName":"test1name","description":"test Description 1","id":"0PS36000000KhGKGA0","label":"test1label"}|0x62e4addc
11:03:19.3 (32598779)|VARIABLE_ASSIGNMENT|[EXTERNAL]|value|"shiva15testns"
11:03:19.3 (32604811)|VARIABLE_ASSIGNMENT|[1021]|this.namespacePrefix|"shiva15testns"|0x62e4addc
11:03:19.3 (32610551)|STATEMENT_EXECUTE|[1034]
11:03:19.3 (32632141)|VARIABLE_ASSIGNMENT|[EXTERNAL]|this|{"apiName":"test1name","description":"test Description 1","id":"0PS36000000KhGKGA0","label":"test1label","namespacePrefix":"shiva15testns"}|0x62e4addc
11:03:19.3 (32637508)|VARIABLE_ASSIGNMENT|[EXTERNAL]|value|null
11:03:19.3 (32643229)|VARIABLE_ASSIGNMENT|[1023]|this.userLicenseId|null|0x62e4addc
11:03:19.3 (32648504)|STATEMENT_EXECUTE|[1035]
11:03:19.3 (32669536)|VARIABLE_ASSIGNMENT|[EXTERNAL]|this|{"apiName":"test1name","description":"test Description 1","id":"0PS36000000KhGKGA0","label":"test1label","namespacePrefix":"shiva15testns"}|0x62e4addc
11:03:19.3 (32674683)|VARIABLE_ASSIGNMENT|[EXTERNAL]|value|"2016-04-26 18:22:31"
11:03:19.3 (32680843)|VARIABLE_ASSIGNMENT|[1025]|this.createdDate|"2016-04-26 18:22:31"|0x62e4addc
11:03:19.3 (32693209)|CONSTRUCTOR_EXIT|[166]|01p36000005Jpvx|<init>(String,String,String,String,String,String,String)
11:03:19.3 (32713792)|VARIABLE_ASSIGNMENT|[166]|pSetObj|{"apiName":"test1name","createdDate":"2016-04-26 18:22:31","description":"test Description 1","id":"0PS36000000KhGKGA0","label":"test1label","namespacePrefix":"shiva15testns"}|0x62e4addc
11:03:19.3 (32717353)|STATEMENT_EXECUTE|[167]
11:03:19.3 (32728957)|ENTERING_MANAGED_PKG|
11:03:19.3 (32733626)|HEAP_ALLOCATE|[EXTERNAL]|Bytes:4
11:03:19.3 (32739012)|STATEMENT_EXECUTE|[168]
11:03:19.3 (32751747)|ENTERING_MANAGED_PKG|
11:03:19.3 (32795531)|HEAP_ALLOCATE|[168]|Bytes:201
11:03:19.3 (32811035)|HEAP_ALLOCATE|[168]|Bytes:225
11:03:19.3 (32822470)|ENTERING_MANAGED_PKG|
11:03:19.3 (32828996)|USER_DEBUG|[168]|ERROR|The PermissionSet Name: PermissionSet:{Id=0PS36000000KhGKGA0, Label=test1label, Name=test1name, Description=test Description 1, NamespacePrefix=shiva15testns, UserLicenseId=10036000000eSpyAAE, CreatedDate=2016-04-27 01:22:31}
11:03:19.3 (32843739)|HEAP_ALLOCATE|[162]|Bytes:5
11:03:19.3 (32865190)|HEAP_ALLOCATE|[162]|Bytes:32
11:03:19.3 (32873319)|VARIABLE_SCOPE_BEGIN|[162]|PSetName|PermissionSet|true|false
11:03:19.3 (32898942)|VARIABLE_ASSIGNMENT|[162]|PSetName|{"s":1,"v":{"Id":"0PS36000000KhI0GAK","Label":"test1ONElabel","Name":"test1ONEname","Description":"test Description 1","NamespacePrefix":"shiva15testns","UserLicenseId":"10036000000eSpyAAE","CreatedDate":"2016-04-27T01:26:38.000Z"}}|0x2404befd
11:03:19.3 (32903361)|STATEMENT_EXECUTE|[162]
11:03:19.3 (32925219)|ENTERING_MANAGED_PKG|
11:03:19.3 (32935034)|STATEMENT_EXECUTE|[163]
11:03:19.3 (32936548)|STATEMENT_EXECUTE|[166]
11:03:19.3 (32941221)|HEAP_ALLOCATE|[166]|Bytes:32
11:03:19.3 (32958335)|ENTERING_MANAGED_PKG|
11:03:19.3 (32962024)|HEAP_ALLOCATE|[166]|Bytes:18
11:03:19.3 (32984187)|ENTERING_MANAGED_PKG|
11:03:19.3 (32996538)|HEAP_ALLOCATE|[166]|Bytes:19
11:03:19.3 (33014710)|CONSTRUCTOR_ENTRY|[166]|01p36000005Jpvx|<init>(String,String,String,String,String,String,String)
11:03:19.3 (33020115)|VARIABLE_SCOPE_BEGIN|[1027]|this|shiva15testns.PermissionSetPortalControllers.PermissionSetClass|true|false
11:03:19.3 (33040563)|VARIABLE_ASSIGNMENT|[1027]|this|{}|0xfc59025
11:03:19.3 (33043296)|VARIABLE_SCOPE_BEGIN|[1027]|label|String|false|false
11:03:19.3 (33047607)|VARIABLE_ASSIGNMENT|[1027]|label|"test1ONElabel"
11:03:19.3 (33049393)|VARIABLE_SCOPE_BEGIN|[1027]|apiName|String|false|false
11:03:19.3 (33052230)|VARIABLE_ASSIGNMENT|[1027]|apiName|"test1ONEname"
11:03:19.3 (33053906)|VARIABLE_SCOPE_BEGIN|[1027]|id|String|false|false
11:03:19.3 (33056834)|VARIABLE_ASSIGNMENT|[1027]|id|"0PS36000000KhI0GAK"
11:03:19.3 (33058471)|VARIABLE_SCOPE_BEGIN|[1027]|description|String|false|false
11:03:19.3 (33061199)|VARIABLE_ASSIGNMENT|[1027]|description|"test Description 1"
11:03:19.3 (33063095)|VARIABLE_SCOPE_BEGIN|[1027]|namespacePrefix|String|false|false
11:03:19.3 (33065885)|VARIABLE_ASSIGNMENT|[1027]|namespacePrefix|"shiva15testns"
11:03:19.3 (33067645)|VARIABLE_SCOPE_BEGIN|[1027]|userLicenseId|String|false|false
11:03:19.3 (33070081)|VARIABLE_ASSIGNMENT|[1027]|userLicenseId|null
11:03:19.3 (33071586)|VARIABLE_SCOPE_BEGIN|[1027]|createdDate|String|false|false
11:03:19.3 (33074446)|VARIABLE_ASSIGNMENT|[1027]|createdDate|"2016-04-26 18:26:38"
11:03:19.3 (33077107)|STATEMENT_EXECUTE|[1010]
11:03:19.3 (33078365)|STATEMENT_EXECUTE|[1013]
11:03:19.3 (33079646)|STATEMENT_EXECUTE|[1015]
11:03:19.3 (33080689)|STATEMENT_EXECUTE|[1017]
11:03:19.3 (33081705)|STATEMENT_EXECUTE|[1019]
11:03:19.3 (33082739)|STATEMENT_EXECUTE|[1021]
11:03:19.3 (33083845)|STATEMENT_EXECUTE|[1023]
11:03:19.3 (33084945)|STATEMENT_EXECUTE|[1025]
11:03:19.3 (33095902)|STATEMENT_EXECUTE|[1028]
11:03:19.3 (33097435)|STATEMENT_EXECUTE|[1029]
11:03:19.3 (33123129)|VARIABLE_ASSIGNMENT|[EXTERNAL]|this|{}|0xfc59025
11:03:19.3 (33129104)|VARIABLE_ASSIGNMENT|[EXTERNAL]|value|"test1ONElabel"
11:03:19.3 (33136109)|VARIABLE_ASSIGNMENT|[1013]|this.label|"test1ONElabel"|0xfc59025
11:03:19.3 (33142047)|STATEMENT_EXECUTE|[1030]
11:03:19.3 (33161832)|VARIABLE_ASSIGNMENT|[EXTERNAL]|this|{"label":"test1ONElabel"}|0xfc59025
11:03:19.3 (33166513)|VARIABLE_ASSIGNMENT|[EXTERNAL]|value|"test1ONEname"
11:03:19.3 (33172366)|VARIABLE_ASSIGNMENT|[1015]|this.apiName|"test1ONEname"|0xfc59025
11:03:19.3 (33177910)|STATEMENT_EXECUTE|[1031]
11:03:19.3 (33198030)|VARIABLE_ASSIGNMENT|[EXTERNAL]|this|{"apiName":"test1ONEname","label":"test1ONElabel"}|0xfc59025
11:03:19.3 (33202953)|VARIABLE_ASSIGNMENT|[EXTERNAL]|value|"0PS36000000KhI0GAK"
11:03:19.3 (33209159)|VARIABLE_ASSIGNMENT|[1017]|this.id|"0PS36000000KhI0GAK"|0xfc59025
11:03:19.3 (33214802)|STATEMENT_EXECUTE|[1032]
11:03:19.3 (33235281)|VARIABLE_ASSIGNMENT|[EXTERNAL]|this|{"apiName":"test1ONEname","id":"0PS36000000KhI0GAK","label":"test1ONElabel"}|0xfc59025
11:03:19.3 (33240641)|VARIABLE_ASSIGNMENT|[EXTERNAL]|value|"test Description 1"
11:03:19.3 (33246732)|VARIABLE_ASSIGNMENT|[1019]|this.description|"test Description 1"|0xfc59025
11:03:19.3 (33252381)|STATEMENT_EXECUTE|[1033]
11:03:19.3 (33273316)|VARIABLE_ASSIGNMENT|[EXTERNAL]|this|{"apiName":"test1ONEname","description":"test Description 1","id":"0PS36000000KhI0GAK","label":"test1ONElabel"}|0xfc59025
11:03:19.3 (33278303)|VARIABLE_ASSIGNMENT|[EXTERNAL]|value|"shiva15testns"
11:03:19.3 (33284168)|VARIABLE_ASSIGNMENT|[1021]|this.namespacePrefix|"shiva15testns"|0xfc59025
11:03:19.3 (33289720)|STATEMENT_EXECUTE|[1034]
11:03:19.3 (33310804)|VARIABLE_ASSIGNMENT|[EXTERNAL]|this|{"apiName":"test1ONEname","description":"test Description 1","id":"0PS36000000KhI0GAK","label":"test1ONElabel","namespacePrefix":"shiva15testns"}|0xfc59025
11:03:19.3 (33316074)|VARIABLE_ASSIGNMENT|[EXTERNAL]|value|null
11:03:19.3 (33321475)|VARIABLE_ASSIGNMENT|[1023]|this.userLicenseId|null|0xfc59025
11:03:19.3 (33327151)|STATEMENT_EXECUTE|[1035]
11:03:19.3 (33348677)|VARIABLE_ASSIGNMENT|[EXTERNAL]|this|{"apiName":"test1ONEname","description":"test Description 1","id":"0PS36000000KhI0GAK","label":"test1ONElabel","namespacePrefix":"shiva15testns"}|0xfc59025
11:03:19.3 (33353863)|VARIABLE_ASSIGNMENT|[EXTERNAL]|value|"2016-04-26 18:26:38"
11:03:19.3 (33360010)|VARIABLE_ASSIGNMENT|[1025]|this.createdDate|"2016-04-26 18:26:38"|0xfc59025
11:03:19.3 (33372288)|CONSTRUCTOR_EXIT|[166]|01p36000005Jpvx|<init>(String,String,String,String,String,String,String)
11:03:19.3 (33392416)|VARIABLE_ASSIGNMENT|[166]|pSetObj|{"apiName":"test1ONEname","createdDate":"2016-04-26 18:26:38","description":"test Description 1","id":"0PS36000000KhI0GAK","label":"test1ONElabel","namespacePrefix":"shiva15testns"}|0xfc59025
11:03:19.3 (33395969)|STATEMENT_EXECUTE|[167]
11:03:19.3 (33406832)|ENTERING_MANAGED_PKG|
11:03:19.3 (33411413)|HEAP_ALLOCATE|[EXTERNAL]|Bytes:4
11:03:19.3 (33416549)|STATEMENT_EXECUTE|[168]
11:03:19.3 (33428923)|ENTERING_MANAGED_PKG|
11:03:19.3 (33472925)|HEAP_ALLOCATE|[168]|Bytes:207
11:03:19.3 (33487890)|HEAP_ALLOCATE|[168]|Bytes:231
11:03:19.3 (33499194)|ENTERING_MANAGED_PKG|
11:03:19.3 (33505920)|USER_DEBUG|[168]|ERROR|The PermissionSet Name: PermissionSet:{Id=0PS36000000KhI0GAK, Label=test1ONElabel, Name=test1ONEname, Description=test Description 1, NamespacePrefix=shiva15testns, UserLicenseId=10036000000eSpyAAE, CreatedDate=2016-04-27 01:26:38}
11:03:19.3 (33520316)|HEAP_ALLOCATE|[162]|Bytes:5
11:03:19.3 (33540917)|HEAP_ALLOCATE|[162]|Bytes:32
11:03:19.3 (33548990)|VARIABLE_SCOPE_BEGIN|[162]|PSetName|PermissionSet|true|false
11:03:19.3 (33573911)|VARIABLE_ASSIGNMENT|[162]|PSetName|{"s":1,"v":{"Id":"0PS36000000KlvMGAS","Label":"test_name","Name":"test_name","Description":"test desc","NamespacePrefix":"shiva15testns","UserLicenseId":"10036000000eSpyAAE","CreatedDate":"2016-04-27T09:47:35.000Z"}}|0x41ed6b04
11:03:19.3 (33577954)|STATEMENT_EXECUTE|[162]
11:03:19.3 (33599325)|ENTERING_MANAGED_PKG|
11:03:19.3 (33609163)|STATEMENT_EXECUTE|[163]
11:03:19.3 (33610663)|STATEMENT_EXECUTE|[166]
11:03:19.3 (33615020)|HEAP_ALLOCATE|[166]|Bytes:32
11:03:19.3 (33631535)|ENTERING_MANAGED_PKG|
11:03:19.3 (33635473)|HEAP_ALLOCATE|[166]|Bytes:18
11:03:19.3 (33657416)|ENTERING_MANAGED_PKG|
11:03:19.3 (33669663)|HEAP_ALLOCATE|[166]|Bytes:19
11:03:19.3 (33687865)|CONSTRUCTOR_ENTRY|[166]|01p36000005Jpvx|<init>(String,String,String,String,String,String,String)
11:03:19.3 (33692764)|VARIABLE_SCOPE_BEGIN|[1027]|this|shiva15testns.PermissionSetPortalControllers.PermissionSetClass|true|false
11:03:19.3 (33712862)|VARIABLE_ASSIGNMENT|[1027]|this|{}|0x3807a0c6
11:03:19.3 (33715480)|VARIABLE_SCOPE_BEGIN|[1027]|label|String|false|false
11:03:19.3 (33719719)|VARIABLE_ASSIGNMENT|[1027]|label|"test_name"
11:03:19.3 (33721486)|VARIABLE_SCOPE_BEGIN|[1027]|apiName|String|false|false
11:03:19.3 (33724217)|VARIABLE_ASSIGNMENT|[1027]|apiName|"test_name"
11:03:19.3 (33725834)|VARIABLE_SCOPE_BEGIN|[1027]|id|String|false|false
11:03:19.3 (33728905)|VARIABLE_ASSIGNMENT|[1027]|id|"0PS36000000KlvMGAS"
11:03:19.3 (33730578)|VARIABLE_SCOPE_BEGIN|[1027]|description|String|false|false
11:03:19.3 (33733285)|VARIABLE_ASSIGNMENT|[1027]|description|"test desc"
11:03:19.3 (33734881)|VARIABLE_SCOPE_BEGIN|[1027]|namespacePrefix|String|false|false
11:03:19.3 (33737806)|VARIABLE_ASSIGNMENT|[1027]|namespacePrefix|"shiva15testns"
11:03:19.3 (33739569)|VARIABLE_SCOPE_BEGIN|[1027]|userLicenseId|String|false|false
11:03:19.3 (33741972)|VARIABLE_ASSIGNMENT|[1027]|userLicenseId|null
11:03:19.3 (33743427)|VARIABLE_SCOPE_BEGIN|[1027]|createdDate|String|false|false
11:03:19.3 (33746318)|VARIABLE_ASSIGNMENT|[1027]|createdDate|"2016-04-27 02:47:35"
11:03:19.3 (33748893)|STATEMENT_EXECUTE|[1010]
11:03:19.3 (33750128)|STATEMENT_EXECUTE|[1013]
11:03:19.3 (33751394)|STATEMENT_EXECUTE|[1015]
11:03:19.3 (33752442)|STATEMENT_EXECUTE|[1017]
11:03:19.3 (33753461)|STATEMENT_EXECUTE|[1019]
11:03:19.3 (33754492)|STATEMENT_EXECUTE|[1021]
11:03:19.3 (33755528)|STATEMENT_EXECUTE|[1023]
11:03:19.3 (33756538)|STATEMENT_EXECUTE|[1025]
11:03:19.3 (33767494)|STATEMENT_EXECUTE|[1028]
11:03:19.3 (33769026)|STATEMENT_EXECUTE|[1029]
11:03:19.3 (33788655)|VARIABLE_ASSIGNMENT|[EXTERNAL]|this|{}|0x3807a0c6
11:03:19.3 (33793890)|VARIABLE_ASSIGNMENT|[EXTERNAL]|value|"test_name"
11:03:19.3 (33800693)|VARIABLE_ASSIGNMENT|[1013]|this.label|"test_name"|0x3807a0c6
11:03:19.3 (33806677)|STATEMENT_EXECUTE|[1030]
11:03:19.3 (33826137)|VARIABLE_ASSIGNMENT|[EXTERNAL]|this|{"label":"test_name"}|0x3807a0c6
11:03:19.3 (33830677)|VARIABLE_ASSIGNMENT|[EXTERNAL]|value|"test_name"
11:03:19.3 (33836419)|VARIABLE_ASSIGNMENT|[1015]|this.apiName|"test_name"|0x3807a0c6
11:03:19.3 (33841830)|STATEMENT_EXECUTE|[1031]
11:03:19.3 (33861405)|VARIABLE_ASSIGNMENT|[EXTERNAL]|this|{"apiName":"test_name","label":"test_name"}|0x3807a0c6
11:03:19.3 (33866249)|VARIABLE_ASSIGNMENT|[EXTERNAL]|value|"0PS36000000KlvMGAS"
11:03:19.3 (33872279)|VARIABLE_ASSIGNMENT|[1017]|this.id|"0PS36000000KlvMGAS"|0x3807a0c6
11:03:19.3 (33878081)|STATEMENT_EXECUTE|[1032]
11:03:19.3 (33897977)|VARIABLE_ASSIGNMENT|[EXTERNAL]|this|{"apiName":"test_name","id":"0PS36000000KlvMGAS","label":"test_name"}|0x3807a0c6
11:03:19.3 (33902724)|VARIABLE_ASSIGNMENT|[EXTERNAL]|value|"test desc"
11:03:19.3 (33912041)|VARIABLE_ASSIGNMENT|[1019]|this.description|"test desc"|0x3807a0c6
11:03:19.3 (33918975)|STATEMENT_EXECUTE|[1033]
11:03:19.3 (33940467)|VARIABLE_ASSIGNMENT|[EXTERNAL]|this|{"apiName":"test_name","description":"test desc","id":"0PS36000000KlvMGAS","label":"test_name"}|0x3807a0c6
11:03:19.3 (33945361)|VARIABLE_ASSIGNMENT|[EXTERNAL]|value|"shiva15testns"
11:03:19.3 (33951292)|VARIABLE_ASSIGNMENT|[1021]|this.namespacePrefix|"shiva15testns"|0x3807a0c6
11:03:19.3 (33956815)|STATEMENT_EXECUTE|[1034]
11:03:19.3 (33977487)|VARIABLE_ASSIGNMENT|[EXTERNAL]|this|{"apiName":"test_name","description":"test desc","id":"0PS36000000KlvMGAS","label":"test_name","namespacePrefix":"shiva15testns"}|0x3807a0c6
11:03:19.3 (33982300)|VARIABLE_ASSIGNMENT|[EXTERNAL]|value|null
11:03:19.3 (33987742)|VARIABLE_ASSIGNMENT|[1023]|this.userLicenseId|null|0x3807a0c6
11:03:19.3 (33993190)|STATEMENT_EXECUTE|[1035]
11:03:19.3 (34014419)|VARIABLE_ASSIGNMENT|[EXTERNAL]|this|{"apiName":"test_name","description":"test desc","id":"0PS36000000KlvMGAS","label":"test_name","namespacePrefix":"shiva15testns"}|0x3807a0c6
11:03:19.3 (34020831)|VARIABLE_ASSIGNMENT|[EXTERNAL]|value|"2016-04-27 02:47:35"
11:03:19.3 (34026968)|VARIABLE_ASSIGNMENT|[1025]|this.createdDate|"2016-04-27 02:47:35"|0x3807a0c6
11:03:19.3 (34039096)|CONSTRUCTOR_EXIT|[166]|01p36000005Jpvx|<init>(String,String,String,String,String,String,String)
11:03:19.3 (34059289)|VARIABLE_ASSIGNMENT|[166]|pSetObj|{"apiName":"test_name","createdDate":"2016-04-27 02:47:35","description":"test desc","id":"0PS36000000KlvMGAS","label":"test_name","namespacePrefix":"shiva15testns"}|0x3807a0c6
11:03:19.3 (34062655)|STATEMENT_EXECUTE|[167]
11:03:19.3 (34073575)|ENTERING_MANAGED_PKG|
11:03:19.3 (34078071)|HEAP_ALLOCATE|[EXTERNAL]|Bytes:4
11:03:19.3 (34083335)|STATEMENT_EXECUTE|[168]
11:03:19.3 (34095814)|ENTERING_MANAGED_PKG|
11:03:19.3 (34143913)|HEAP_ALLOCATE|[168]|Bytes:191
11:03:19.3 (34159198)|HEAP_ALLOCATE|[168]|Bytes:215
11:03:19.3 (34170790)|ENTERING_MANAGED_PKG|
11:03:19.3 (34177108)|USER_DEBUG|[168]|ERROR|The PermissionSet Name: PermissionSet:{Id=0PS36000000KlvMGAS, Label=test_name, Name=test_name, Description=test desc, NamespacePrefix=shiva15testns, UserLicenseId=10036000000eSpyAAE, CreatedDate=2016-04-27 09:47:35}
11:03:19.3 (34191837)|HEAP_ALLOCATE|[162]|Bytes:5
11:03:19.3 (34212798)|HEAP_ALLOCATE|[162]|Bytes:28
11:03:19.3 (34221022)|VARIABLE_SCOPE_BEGIN|[162]|PSetName|PermissionSet|true|false
11:03:19.3 (34245854)|VARIABLE_ASSIGNMENT|[162]|PSetName|{"s":1,"v":{"Id":"0PS36000000mmnFGAQ","Label":"00e1a000000MWa8AAG","Name":"X00e1a000000MWa8AAG","NamespacePrefix":"shiva15testns","UserLicenseId":"10036000000eSpzAAE","CreatedDate":"2016-03-08T19:00:02.000Z"}}|0x5d313f49
11:03:19.3 (34250156)|STATEMENT_EXECUTE|[162]
11:03:19.3 (34271760)|ENTERING_MANAGED_PKG|
11:03:19.3 (34281734)|STATEMENT_EXECUTE|[163]
11:03:19.3 (34292137)|HEAP_ALLOCATE|[162]|Bytes:5
11:03:19.3 (34311997)|HEAP_ALLOCATE|[162]|Bytes:28
11:03:19.3 (34319464)|VARIABLE_SCOPE_BEGIN|[162]|PSetName|PermissionSet|true|false
11:03:19.3 (34344634)|VARIABLE_ASSIGNMENT|[162]|PSetName|{"s":1,"v":{"Id":"0PS36000000mmnGGAQ","Label":"00ex00000018ozl_128_ (10 more) ...","Name":"X00ex00000018ozl_128 (11 more) ...","NamespacePrefix":"shiva15testns","UserLicenseId":"10036000000eSpyAAE","CreatedDate":"2016-03-08T19:00:02.000Z"}}|0x44e07c8c
11:03:19.3 (34349149)|STATEMENT_EXECUTE|[162]
11:03:19.3 (34369830)|ENTERING_MANAGED_PKG|
11:03:19.3 (34379517)|STATEMENT_EXECUTE|[163]
11:03:19.3 (34389702)|HEAP_ALLOCATE|[162]|Bytes:5
11:03:19.3 (34409230)|HEAP_ALLOCATE|[162]|Bytes:28
11:03:19.3 (34416865)|VARIABLE_SCOPE_BEGIN|[162]|PSetName|PermissionSet|true|false
11:03:19.3 (34439640)|VARIABLE_ASSIGNMENT|[162]|PSetName|{"s":1,"v":{"Id":"0PS36000000mmnHGAQ","Label":"00ex00000018ozm_128_ (10 more) ...","Name":"X00ex00000018ozm_128 (11 more) ...","NamespacePrefix":"shiva15testns","UserLicenseId":"10036000000eSpyAAE","CreatedDate":"2016-03-08T19:00:02.000Z"}}|0x4592d1bb
11:03:19.3 (34443797)|STATEMENT_EXECUTE|[162]
11:03:19.3 (34464137)|ENTERING_MANAGED_PKG|
11:03:19.3 (34473853)|STATEMENT_EXECUTE|[163]
11:03:19.3 (34483937)|HEAP_ALLOCATE|[162]|Bytes:5
11:03:19.3 (34503116)|HEAP_ALLOCATE|[162]|Bytes:28
11:03:19.3 (34510483)|VARIABLE_SCOPE_BEGIN|[162]|PSetName|PermissionSet|true|false
11:03:19.3 (34533708)|VARIABLE_ASSIGNMENT|[162]|PSetName|{"s":1,"v":{"Id":"0PS36000000mmnIGAQ","Label":"00ex00000018ozk_128_ (10 more) ...","Name":"X00ex00000018ozk_128 (11 more) ...","NamespacePrefix":"shiva15testns","UserLicenseId":"10036000000eSpyAAE","CreatedDate":"2016-03-08T19:00:02.000Z"}}|0x6f8d3746
11:03:19.3 (34537501)|STATEMENT_EXECUTE|[162]
11:03:19.3 (34557568)|ENTERING_MANAGED_PKG|
11:03:19.3 (34566993)|STATEMENT_EXECUTE|[163]
11:03:19.3 (34577049)|HEAP_ALLOCATE|[162]|Bytes:5
11:03:19.3 (34596476)|HEAP_ALLOCATE|[162]|Bytes:28
11:03:19.3 (34603957)|VARIABLE_SCOPE_BEGIN|[162]|PSetName|PermissionSet|true|false
11:03:19.3 (34626276)|VARIABLE_ASSIGNMENT|[162]|PSetName|{"s":1,"v":{"Id":"0PS36000000mmnJGAQ","Label":"00ex00000018ozj_128_ (10 more) ...","Name":"X00ex00000018ozj_128 (11 more) ...","NamespacePrefix":"shiva15testns","UserLicenseId":"10036000000eSpyAAE","CreatedDate":"2016-03-08T19:00:02.000Z"}}|0x3b928689
11:03:19.3 (34630139)|STATEMENT_EXECUTE|[162]
11:03:19.3 (34650569)|ENTERING_MANAGED_PKG|
11:03:19.3 (34660124)|STATEMENT_EXECUTE|[163]
11:03:19.3 (34670222)|HEAP_ALLOCATE|[162]|Bytes:5
11:03:19.3 (34689773)|HEAP_ALLOCATE|[162]|Bytes:28
11:03:19.3 (34697172)|VARIABLE_SCOPE_BEGIN|[162]|PSetName|PermissionSet|true|false
11:03:19.3 (34719630)|VARIABLE_ASSIGNMENT|[162]|PSetName|{"s":1,"v":{"Id":"0PS36000000mmnKGAQ","Label":"00ex00000018ozo_128_ (10 more) ...","Name":"X00ex00000018ozo_128 (11 more) ...","NamespacePrefix":"shiva15testns","UserLicenseId":"10036000000eSpyAAE","CreatedDate":"2016-03-08T19:00:02.000Z"}}|0x7cd1896b
11:03:19.3 (34723325)|STATEMENT_EXECUTE|[162]
11:03:19.3 (34743503)|ENTERING_MANAGED_PKG|
11:03:19.3 (34753084)|STATEMENT_EXECUTE|[163]
11:03:19.3 (34762968)|HEAP_ALLOCATE|[162]|Bytes:5
11:03:19.3 (34781886)|HEAP_ALLOCATE|[162]|Bytes:28
11:03:19.3 (34789155)|VARIABLE_SCOPE_BEGIN|[162]|PSetName|PermissionSet|true|false
11:03:19.3 (34811495)|VARIABLE_ASSIGNMENT|[162]|PSetName|{"s":1,"v":{"Id":"0PS36000000mmnLGAQ","Label":"00ex00000018ozh_128_ (10 more) ...","Name":"X00ex00000018ozh_128 (11 more) ...","NamespacePrefix":"shiva15testns","UserLicenseId":"10036000000eSpyAAE","CreatedDate":"2016-03-08T19:00:02.000Z"}}|0x2f9d8043
11:03:19.3 (34815630)|STATEMENT_EXECUTE|[162]
11:03:19.3 (34835916)|ENTERING_MANAGED_PKG|
11:03:19.3 (34845398)|STATEMENT_EXECUTE|[163]
11:03:19.3 (34855450)|HEAP_ALLOCATE|[162]|Bytes:5
11:03:19.3 (34874429)|HEAP_ALLOCATE|[162]|Bytes:28
11:03:19.3 (34881778)|VARIABLE_SCOPE_BEGIN|[162]|PSetName|PermissionSet|true|false
11:03:19.3 (34903761)|VARIABLE_ASSIGNMENT|[162]|PSetName|{"s":1,"v":{"Id":"0PS36000000mmnMGAQ","Label":"00ex00000018ozq_128_ (11 more) ...","Name":"X00ex00000018ozq_128 (12 more) ...","NamespacePrefix":"shiva15testns","UserLicenseId":"10036000000eSpyAAE","CreatedDate":"2016-03-08T19:00:02.000Z"}}|0x29aca5f1
11:03:19.3 (34907514)|STATEMENT_EXECUTE|[162]
11:03:19.3 (34927526)|ENTERING_MANAGED_PKG|
11:03:19.3 (34937060)|STATEMENT_EXECUTE|[163]
11:03:19.3 (34946980)|HEAP_ALLOCATE|[162]|Bytes:5
11:03:19.3 (34965917)|HEAP_ALLOCATE|[162]|Bytes:28
11:03:19.3 (34973560)|VARIABLE_SCOPE_BEGIN|[162]|PSetName|PermissionSet|true|false
11:03:19.3 (34995541)|VARIABLE_ASSIGNMENT|[162]|PSetName|{"s":1,"v":{"Id":"0PS36000000mmnNGAQ","Label":"00ex00000018ozp_128_ (10 more) ...","Name":"X00ex00000018ozp_128 (11 more) ...","NamespacePrefix":"shiva15testns","UserLicenseId":"10036000000eSpyAAE","CreatedDate":"2016-03-08T19:00:02.000Z"}}|0x625d883
11:03:19.3 (34999486)|STATEMENT_EXECUTE|[162]
11:03:19.3 (35019790)|ENTERING_MANAGED_PKG|
11:03:19.3 (35030319)|STATEMENT_EXECUTE|[163]
11:03:19.3 (35040434)|HEAP_ALLOCATE|[162]|Bytes:5
11:03:19.3 (35059455)|HEAP_ALLOCATE|[162]|Bytes:28
11:03:19.3 (35066780)|VARIABLE_SCOPE_BEGIN|[162]|PSetName|PermissionSet|true|false
11:03:19.3 (35088751)|VARIABLE_ASSIGNMENT|[162]|PSetName|{"s":1,"v":{"Id":"0PS36000000mmnOGAQ","Label":"00ex00000018ozn_128_ (10 more) ...","Name":"X00ex00000018ozn_128 (11 more) ...","NamespacePrefix":"shiva15testns","UserLicenseId":"10036000000eSpyAAE","CreatedDate":"2016-03-08T19:00:02.000Z"}}|0x76cf83fd
11:03:19.3 (35092609)|STATEMENT_EXECUTE|[162]
11:03:19.3 (35117613)|ENTERING_MANAGED_PKG|
11:03:19.3 (35127672)|STATEMENT_EXECUTE|[163]
11:03:19.3 (35137816)|HEAP_ALLOCATE|[162]|Bytes:5
11:03:19.3 (35157377)|HEAP_ALLOCATE|[162]|Bytes:28
11:03:19.3 (35164714)|VARIABLE_SCOPE_BEGIN|[162]|PSetName|PermissionSet|true|false
11:03:19.3 (35186974)|VARIABLE_ASSIGNMENT|[162]|PSetName|{"s":1,"v":{"Id":"0PS36000000mmnPGAQ","Label":"00e1a000000MWa9AAG","Name":"X00e1a000000MWa9AAG","NamespacePrefix":"shiva15testns","UserLicenseId":"10036000000eSq0AAE","CreatedDate":"2016-03-08T19:00:02.000Z"}}|0x35139aff
11:03:19.3 (35190758)|STATEMENT_EXECUTE|[162]
11:03:19.3 (35211013)|ENTERING_MANAGED_PKG|
11:03:19.3 (35220452)|STATEMENT_EXECUTE|[163]
11:03:19.3 (35230381)|HEAP_ALLOCATE|[162]|Bytes:5
11:03:19.3 (35249239)|HEAP_ALLOCATE|[162]|Bytes:28
11:03:19.3 (35256572)|VARIABLE_SCOPE_BEGIN|[162]|PSetName|PermissionSet|true|false
11:03:19.3 (35278212)|VARIABLE_ASSIGNMENT|[162]|PSetName|{"s":1,"v":{"Id":"0PS36000000mmnQGAQ","Label":"00e1a000000MWaBAAW","Name":"X00e1a000000MWaBAAW","NamespacePrefix":"shiva15testns","UserLicenseId":"10036000000eSq2AAE","CreatedDate":"2016-03-08T19:00:02.000Z"}}|0x795c2281
11:03:19.3 (35282167)|STATEMENT_EXECUTE|[162]
11:03:19.3 (35302378)|ENTERING_MANAGED_PKG|
11:03:19.3 (35311978)|STATEMENT_EXECUTE|[163]
11:03:19.3 (35321929)|HEAP_ALLOCATE|[162]|Bytes:5
11:03:19.3 (35340885)|HEAP_ALLOCATE|[162]|Bytes:28
11:03:19.3 (35348071)|VARIABLE_SCOPE_BEGIN|[162]|PSetName|PermissionSet|true|false
11:03:19.3 (35369293)|VARIABLE_ASSIGNMENT|[162]|PSetName|{"s":1,"v":{"Id":"0PS36000000mmnRGAQ","Label":"00e1a000000MWaCAAW","Name":"X00e1a000000MWaCAAW","NamespacePrefix":"shiva15testns","UserLicenseId":"10036000000eSq3AAE","CreatedDate":"2016-03-08T19:00:02.000Z"}}|0x51150ce9
11:03:19.3 (35372968)|STATEMENT_EXECUTE|[162]
11:03:19.3 (35393131)|ENTERING_MANAGED_PKG|
11:03:19.3 (35402942)|STATEMENT_EXECUTE|[163]
11:03:19.3 (35413021)|HEAP_ALLOCATE|[162]|Bytes:5
11:03:19.3 (35431976)|HEAP_ALLOCATE|[162]|Bytes:28
11:03:19.3 (35439605)|VARIABLE_SCOPE_BEGIN|[162]|PSetName|PermissionSet|true|false
11:03:19.3 (35460530)|VARIABLE_ASSIGNMENT|[162]|PSetName|{"s":1,"v":{"Id":"0PS36000000mmnSGAQ","Label":"00e1a000000MWaDAAW","Name":"X00e1a000000MWaDAAW","NamespacePrefix":"shiva15testns","UserLicenseId":"10036000000eSq4AAE","CreatedDate":"2016-03-08T19:00:02.000Z"}}|0x5b4fad5d
11:03:19.3 (35464086)|STATEMENT_EXECUTE|[162]
11:03:19.3 (35484060)|ENTERING_MANAGED_PKG|
11:03:19.3 (35493588)|STATEMENT_EXECUTE|[163]
11:03:19.3 (35503468)|HEAP_ALLOCATE|[162]|Bytes:5
11:03:19.3 (35537819)|HEAP_ALLOCATE|[162]|Bytes:28
11:03:19.3 (35547276)|VARIABLE_SCOPE_BEGIN|[162]|PSetName|PermissionSet|true|false
11:03:19.3 (35569588)|VARIABLE_ASSIGNMENT|[162]|PSetName|{"s":1,"v":{"Id":"0PS36000000mmnTGAQ","Label":"00e1a000000MWaEAAW","Name":"X00e1a000000MWaEAAW","NamespacePrefix":"shiva15testns","UserLicenseId":"10036000000eSq5AAE","CreatedDate":"2016-03-08T19:00:02.000Z"}}|0x72a200a9
11:03:19.3 (35573338)|STATEMENT_EXECUTE|[162]
11:03:19.3 (35594727)|ENTERING_MANAGED_PKG|
11:03:19.3 (35604571)|STATEMENT_EXECUTE|[163]
11:03:19.3 (35614907)|HEAP_ALLOCATE|[162]|Bytes:5
11:03:19.3 (35634425)|HEAP_ALLOCATE|[162]|Bytes:28
11:03:19.3 (35641949)|VARIABLE_SCOPE_BEGIN|[162]|PSetName|PermissionSet|true|false
11:03:19.3 (35663531)|VARIABLE_ASSIGNMENT|[162]|PSetName|{"s":1,"v":{"Id":"0PS36000000mmnUGAQ","Label":"00e1a000000MWaFAAW","Name":"X00e1a000000MWaFAAW","NamespacePrefix":"shiva15testns","UserLicenseId":"10036000000eSq6AAE","CreatedDate":"2016-03-08T19:00:02.000Z"}}|0x6a726c56
11:03:19.3 (35667495)|STATEMENT_EXECUTE|[162]
11:03:19.3 (35687772)|ENTERING_MANAGED_PKG|
11:03:19.3 (35697349)|STATEMENT_EXECUTE|[163]
11:03:19.3 (35707537)|HEAP_ALLOCATE|[162]|Bytes:5
11:03:19.3 (35726700)|HEAP_ALLOCATE|[162]|Bytes:28
11:03:19.3 (35734036)|VARIABLE_SCOPE_BEGIN|[162]|PSetName|PermissionSet|true|false
11:03:19.3 (35755196)|VARIABLE_ASSIGNMENT|[162]|PSetName|{"s":1,"v":{"Id":"0PS36000000mmnVGAQ","Label":"00e1a000000MWaGAAW","Name":"X00e1a000000MWaGAAW","NamespacePrefix":"shiva15testns","UserLicenseId":"10036000000eSq7AAE","CreatedDate":"2016-03-08T19:00:02.000Z"}}|0x137947b5
11:03:19.3 (35759174)|STATEMENT_EXECUTE|[162]
11:03:19.3 (35779268)|ENTERING_MANAGED_PKG|
11:03:19.3 (35788873)|STATEMENT_EXECUTE|[163]
11:03:19.3 (35798894)|HEAP_ALLOCATE|[162]|Bytes:5
11:03:19.3 (35817663)|HEAP_ALLOCATE|[162]|Bytes:28
11:03:19.3 (35824942)|VARIABLE_SCOPE_BEGIN|[162]|PSetName|PermissionSet|true|false
11:03:19.3 (35846358)|VARIABLE_ASSIGNMENT|[162]|PSetName|{"s":1,"v":{"Id":"0PS36000000mmnWGAQ","Label":"00e1a000000MWaHAAW","Name":"X00e1a000000MWaHAAW","NamespacePrefix":"shiva15testns","UserLicenseId":"10036000000eSq8AAE","CreatedDate":"2016-03-08T19:00:02.000Z"}}|0x357a35c2
11:03:19.3 (35850063)|STATEMENT_EXECUTE|[162]
11:03:19.3 (35870191)|ENTERING_MANAGED_PKG|
11:03:19.3 (35879864)|STATEMENT_EXECUTE|[163]
11:03:19.3 (35889858)|HEAP_ALLOCATE|[162]|Bytes:5
11:03:19.3 (35908578)|HEAP_ALLOCATE|[162]|Bytes:28
11:03:19.3 (35915995)|VARIABLE_SCOPE_BEGIN|[162]|PSetName|PermissionSet|true|false
11:03:19.3 (35937543)|VARIABLE_ASSIGNMENT|[162]|PSetName|{"s":1,"v":{"Id":"0PS36000000mmnXGAQ","Label":"00e1a000000MWaIAAW","Name":"X00e1a000000MWaIAAW","NamespacePrefix":"shiva15testns","UserLicenseId":"10036000000eSq9AAE","CreatedDate":"2016-03-08T19:00:02.000Z"}}|0x57bfcc8c
11:03:19.3 (35941062)|STATEMENT_EXECUTE|[162]
11:03:19.3 (35964658)|ENTERING_MANAGED_PKG|
11:03:19.3 (35974957)|STATEMENT_EXECUTE|[163]
11:03:19.3 (35985019)|HEAP_ALLOCATE|[162]|Bytes:5
11:03:19.3 (36004629)|HEAP_ALLOCATE|[162]|Bytes:28
11:03:19.3 (36012839)|VARIABLE_SCOPE_BEGIN|[162]|PSetName|PermissionSet|true|false
11:03:19.3 (36034585)|VARIABLE_ASSIGNMENT|[162]|PSetName|{"s":1,"v":{"Id":"0PS36000000mmnYGAQ","Label":"00e1a000000MWaJAAW","Name":"X00e1a000000MWaJAAW","NamespacePrefix":"shiva15testns","UserLicenseId":"10036000000eSqAAAU","CreatedDate":"2016-03-08T19:00:02.000Z"}}|0x2ed61af1
11:03:19.3 (36038307)|STATEMENT_EXECUTE|[162]
11:03:19.3 (36058716)|ENTERING_MANAGED_PKG|
11:03:19.3 (36068477)|STATEMENT_EXECUTE|[163]
11:03:19.3 (36079063)|HEAP_ALLOCATE|[162]|Bytes:5
11:03:19.3 (36098267)|HEAP_ALLOCATE|[162]|Bytes:28
11:03:19.3 (36110105)|VARIABLE_SCOPE_BEGIN|[162]|PSetName|PermissionSet|true|false
11:03:19.3 (36132077)|VARIABLE_ASSIGNMENT|[162]|PSetName|{"s":1,"v":{"Id":"0PS36000000mmnZGAQ","Label":"00e1a000000MWaKAAW","Name":"X00e1a000000MWaKAAW","NamespacePrefix":"shiva15testns","UserLicenseId":"10036000000eSqBAAU","CreatedDate":"2016-03-08T19:00:02.000Z"}}|0x77cba471
11:03:19.3 (36138551)|STATEMENT_EXECUTE|[162]
11:03:19.3 (36159782)|ENTERING_MANAGED_PKG|
11:03:19.3 (36169561)|STATEMENT_EXECUTE|[163]
11:03:19.3 (36179684)|HEAP_ALLOCATE|[162]|Bytes:5
11:03:19.3 (36198828)|HEAP_ALLOCATE|[162]|Bytes:28
11:03:19.3 (36206184)|VARIABLE_SCOPE_BEGIN|[162]|PSetName|PermissionSet|true|false
11:03:19.3 (36227808)|VARIABLE_ASSIGNMENT|[162]|PSetName|{"s":1,"v":{"Id":"0PS36000000mmnaGAA","Label":"00e1a000000MWaLAAW","Name":"X00e1a000000MWaLAAW","NamespacePrefix":"shiva15testns","UserLicenseId":"10036000000eSqCAAU","CreatedDate":"2016-03-08T19:00:02.000Z"}}|0x137b4b6f
11:03:19.3 (36231825)|STATEMENT_EXECUTE|[162]
11:03:19.3 (36252171)|ENTERING_MANAGED_PKG|
11:03:19.3 (36261731)|STATEMENT_EXECUTE|[163]
11:03:19.3 (36271694)|HEAP_ALLOCATE|[162]|Bytes:5
11:03:19.3 (36290791)|HEAP_ALLOCATE|[162]|Bytes:28
11:03:19.3 (36298145)|VARIABLE_SCOPE_BEGIN|[162]|PSetName|PermissionSet|true|false
11:03:19.3 (36319513)|VARIABLE_ASSIGNMENT|[162]|PSetName|{"s":1,"v":{"Id":"0PS36000000mmnbGAA","Label":"00e1a000000MWaMAAW","Name":"X00e1a000000MWaMAAW","NamespacePrefix":"shiva15testns","UserLicenseId":"10036000000eSqDAAU","CreatedDate":"2016-03-08T19:00:02.000Z"}}|0x3a892e20
11:03:19.3 (36323393)|STATEMENT_EXECUTE|[162]
11:03:19.3 (36343561)|ENTERING_MANAGED_PKG|
11:03:19.3 (36353238)|STATEMENT_EXECUTE|[163]
11:03:19.3 (36363196)|HEAP_ALLOCATE|[162]|Bytes:5
11:03:19.3 (36382354)|HEAP_ALLOCATE|[162]|Bytes:28
11:03:19.3 (36389485)|VARIABLE_SCOPE_BEGIN|[162]|PSetName|PermissionSet|true|false
11:03:19.3 (36410774)|VARIABLE_ASSIGNMENT|[162]|PSetName|{"s":1,"v":{"Id":"0PS36000000mmncGAA","Label":"00e1a000000MWaNAAW","Name":"X00e1a000000MWaNAAW","NamespacePrefix":"shiva15testns","UserLicenseId":"10036000000eSqEAAU","CreatedDate":"2016-03-08T19:00:02.000Z"}}|0x2496aa12
11:03:19.3 (36414613)|STATEMENT_EXECUTE|[162]
11:03:19.3 (36435041)|ENTERING_MANAGED_PKG|
11:03:19.3 (36444646)|STATEMENT_EXECUTE|[163]
11:03:19.3 (36454552)|HEAP_ALLOCATE|[162]|Bytes:5
11:03:19.3 (36473637)|HEAP_ALLOCATE|[162]|Bytes:28
11:03:19.3 (36480767)|VARIABLE_SCOPE_BEGIN|[162]|PSetName|PermissionSet|true|false
11:03:19.3 (36502118)|VARIABLE_ASSIGNMENT|[162]|PSetName|{"s":1,"v":{"Id":"0PS36000000mmndGAA","Label":"00e1a000000MWaOAAW","Name":"X00e1a000000MWaOAAW","NamespacePrefix":"shiva15testns","UserLicenseId":"10036000000eSqFAAU","CreatedDate":"2016-03-08T19:00:02.000Z"}}|0xed47add
11:03:19.3 (36505809)|STATEMENT_EXECUTE|[162]
11:03:19.3 (36525845)|ENTERING_MANAGED_PKG|
11:03:19.3 (36535405)|STATEMENT_EXECUTE|[163]
11:03:19.3 (36545294)|HEAP_ALLOCATE|[162]|Bytes:5
11:03:19.3 (36564288)|HEAP_ALLOCATE|[162]|Bytes:28
11:03:19.3 (36571625)|VARIABLE_SCOPE_BEGIN|[162]|PSetName|PermissionSet|true|false
11:03:19.3 (36593099)|VARIABLE_ASSIGNMENT|[162]|PSetName|{"s":1,"v":{"Id":"0PS36000000mmneGAA","Label":"00e1a000000MWaPAAW","Name":"X00e1a000000MWaPAAW","NamespacePrefix":"shiva15testns","UserLicenseId":"10036000000eSqGAAU","CreatedDate":"2016-03-08T19:00:02.000Z"}}|0x47bd685b
11:03:19.3 (36596972)|STATEMENT_EXECUTE|[162]
11:03:19.3 (36617131)|ENTERING_MANAGED_PKG|
11:03:19.3 (36626664)|STATEMENT_EXECUTE|[163]
11:03:19.3 (36636660)|HEAP_ALLOCATE|[162]|Bytes:5
11:03:19.3 (36655704)|HEAP_ALLOCATE|[162]|Bytes:28
11:03:19.3 (36662931)|VARIABLE_SCOPE_BEGIN|[162]|PSetName|PermissionSet|true|false
11:03:19.3 (36684335)|VARIABLE_ASSIGNMENT|[162]|PSetName|{"s":1,"v":{"Id":"0PS36000000mmnfGAA","Label":"00e1a000000MWaQAAW","Name":"X00e1a000000MWaQAAW","NamespacePrefix":"shiva15testns","UserLicenseId":"10036000000eSqHAAU","CreatedDate":"2016-03-08T19:00:02.000Z"}}|0x34b6b6a2
11:03:19.3 (36688053)|STATEMENT_EXECUTE|[162]
11:03:19.3 (36708367)|ENTERING_MANAGED_PKG|
11:03:19.3 (36718084)|STATEMENT_EXECUTE|[163]
11:03:19.3 (36728088)|HEAP_ALLOCATE|[162]|Bytes:5
11:03:19.3 (36746960)|HEAP_ALLOCATE|[162]|Bytes:28
11:03:19.3 (36754006)|VARIABLE_SCOPE_BEGIN|[162]|PSetName|PermissionSet|true|false
11:03:19.3 (36775015)|VARIABLE_ASSIGNMENT|[162]|PSetName|{"s":1,"v":{"Id":"0PS36000000mmngGAA","Label":"00e1a000000MWaRAAW","Name":"X00e1a000000MWaRAAW","NamespacePrefix":"shiva15testns","UserLicenseId":"10036000000eSqIAAU","CreatedDate":"2016-03-08T19:00:02.000Z"}}|0x25615c1c
11:03:19.3 (36778501)|STATEMENT_EXECUTE|[162]
11:03:19.3 (36798888)|ENTERING_MANAGED_PKG|
11:03:19.3 (36808521)|STATEMENT_EXECUTE|[163]
11:03:19.3 (36818422)|HEAP_ALLOCATE|[162]|Bytes:5
11:03:19.3 (36837360)|HEAP_ALLOCATE|[162]|Bytes:28
11:03:19.3 (36844578)|VARIABLE_SCOPE_BEGIN|[162]|PSetName|PermissionSet|true|false
11:03:19.3 (36866056)|VARIABLE_ASSIGNMENT|[162]|PSetName|{"s":1,"v":{"Id":"0PS36000000mmnhGAA","Label":"00e1a000000MWaSAAW","Name":"X00e1a000000MWaSAAW","NamespacePrefix":"shiva15testns","UserLicenseId":"10036000000eSqJAAU","CreatedDate":"2016-03-08T19:00:02.000Z"}}|0x8ced8ff
11:03:19.3 (36869752)|STATEMENT_EXECUTE|[162]
11:03:19.3 (36889981)|ENTERING_MANAGED_PKG|
11:03:19.3 (36899706)|STATEMENT_EXECUTE|[163]
11:03:19.3 (36909822)|HEAP_ALLOCATE|[162]|Bytes:5
11:03:19.3 (36928976)|HEAP_ALLOCATE|[162]|Bytes:28
11:03:19.3 (36936139)|VARIABLE_SCOPE_BEGIN|[162]|PSetName|PermissionSet|true|false
11:03:19.3 (36957821)|VARIABLE_ASSIGNMENT|[162]|PSetName|{"s":1,"v":{"Id":"0PS36000000mmniGAA","Label":"00e1a000000MWaTAAW","Name":"X00e1a000000MWaTAAW","NamespacePrefix":"shiva15testns","UserLicenseId":"10036000000eSqJAAU","CreatedDate":"2016-03-08T19:00:02.000Z"}}|0x249d960d
11:03:19.3 (36961514)|STATEMENT_EXECUTE|[162]
11:03:19.3 (36981663)|ENTERING_MANAGED_PKG|
11:03:19.3 (36991287)|STATEMENT_EXECUTE|[163]
11:03:19.3 (37001343)|HEAP_ALLOCATE|[162]|Bytes:5
11:03:19.3 (37021275)|HEAP_ALLOCATE|[162]|Bytes:28
11:03:19.3 (37028406)|VARIABLE_SCOPE_BEGIN|[162]|PSetName|PermissionSet|true|false
11:03:19.3 (37050213)|VARIABLE_ASSIGNMENT|[162]|PSetName|{"s":1,"v":{"Id":"0PS36000000mmnjGAA","Label":"00e1a000000MWaUAAW","Name":"X00e1a000000MWaUAAW","NamespacePrefix":"shiva15testns","UserLicenseId":"10036000000eSqKAAU","CreatedDate":"2016-03-08T19:00:02.000Z"}}|0x259f279a
11:03:19.3 (37053919)|STATEMENT_EXECUTE|[162]
11:03:19.3 (37074090)|ENTERING_MANAGED_PKG|
11:03:19.3 (37083619)|STATEMENT_EXECUTE|[163]
11:03:19.3 (37093615)|HEAP_ALLOCATE|[162]|Bytes:5
11:03:19.3 (37116533)|HEAP_ALLOCATE|[162]|Bytes:28
11:03:19.3 (37124231)|VARIABLE_SCOPE_BEGIN|[162]|PSetName|PermissionSet|true|false
11:03:19.3 (37146139)|VARIABLE_ASSIGNMENT|[162]|PSetName|{"s":1,"v":{"Id":"0PS36000000mmnlGAA","Label":"00e1a000000N1LRAA0","Name":"X00e1a000000N1LRAA0","NamespacePrefix":"shiva15testns","UserLicenseId":"10036000000eSqLAAU","CreatedDate":"2016-03-08T19:00:02.000Z"}}|0xab10e89
11:03:19.3 (37149754)|STATEMENT_EXECUTE|[162]
11:03:19.3 (37170120)|ENTERING_MANAGED_PKG|
11:03:19.3 (37179731)|STATEMENT_EXECUTE|[163]
11:03:19.3 (37190209)|HEAP_ALLOCATE|[162]|Bytes:5
11:03:19.3 (37209334)|HEAP_ALLOCATE|[162]|Bytes:28
11:03:19.3 (37216675)|VARIABLE_SCOPE_BEGIN|[162]|PSetName|PermissionSet|true|false
11:03:19.3 (37238506)|VARIABLE_ASSIGNMENT|[162]|PSetName|{"s":1,"v":{"Id":"0PS36000000mmnmGAA","Label":"00e1a000000N1LSAA0","Name":"X00e1a000000N1LSAA0","NamespacePrefix":"shiva15testns","UserLicenseId":"10036000000eSqMAAU","CreatedDate":"2016-03-08T19:00:02.000Z"}}|0x74c62600
11:03:19.3 (37242156)|STATEMENT_EXECUTE|[162]
11:03:19.3 (37262239)|ENTERING_MANAGED_PKG|
11:03:19.3 (37271905)|STATEMENT_EXECUTE|[163]
11:03:19.3 (37282019)|HEAP_ALLOCATE|[162]|Bytes:5
11:03:19.3 (37301056)|HEAP_ALLOCATE|[162]|Bytes:28
11:03:19.3 (37308383)|VARIABLE_SCOPE_BEGIN|[162]|PSetName|PermissionSet|true|false
11:03:19.3 (37330203)|VARIABLE_ASSIGNMENT|[162]|PSetName|{"s":1,"v":{"Id":"0PS36000000mmnnGAA","Label":"00e1a000000N1wKAAS","Name":"X00e1a000000N1wKAAS","NamespacePrefix":"shiva15testns","UserLicenseId":"10036000000eSqNAAU","CreatedDate":"2016-03-08T19:00:02.000Z"}}|0x3ca3fb6b
11:03:19.3 (37334165)|STATEMENT_EXECUTE|[162]
11:03:19.3 (37354616)|ENTERING_MANAGED_PKG|
11:03:19.3 (37364147)|STATEMENT_EXECUTE|[163]
11:03:19.3 (37374099)|HEAP_ALLOCATE|[162]|Bytes:5
11:03:19.3 (37392963)|HEAP_ALLOCATE|[162]|Bytes:28
11:03:19.3 (37400188)|VARIABLE_SCOPE_BEGIN|[162]|PSetName|PermissionSet|true|false
11:03:19.3 (37421805)|VARIABLE_ASSIGNMENT|[162]|PSetName|{"s":1,"v":{"Id":"0PS36000000mmnoGAA","Label":"00e1a000000N1wLAAS","Name":"X00e1a000000N1wLAAS","NamespacePrefix":"shiva15testns","UserLicenseId":"10036000000eSqNAAU","CreatedDate":"2016-03-08T19:00:02.000Z"}}|0x605ca892
11:03:19.3 (37425523)|STATEMENT_EXECUTE|[162]
11:03:19.3 (37445782)|ENTERING_MANAGED_PKG|
11:03:19.3 (37455261)|STATEMENT_EXECUTE|[163]
11:03:19.3 (37465224)|HEAP_ALLOCATE|[162]|Bytes:5
11:03:19.3 (37484233)|HEAP_ALLOCATE|[162]|Bytes:28
11:03:19.3 (37491668)|VARIABLE_SCOPE_BEGIN|[162]|PSetName|PermissionSet|true|false
11:03:19.3 (37513418)|VARIABLE_ASSIGNMENT|[162]|PSetName|{"s":1,"v":{"Id":"0PS36000000mmnqGAA","Label":"00e1a000000MWaAAAW","Name":"X00e1a000000MWaAAAW","NamespacePrefix":"shiva15testns","UserLicenseId":"10036000000eSq1AAE","CreatedDate":"2016-03-08T19:00:02.000Z"}}|0x621b2756
11:03:19.3 (37517304)|STATEMENT_EXECUTE|[162]
11:03:19.3 (37537652)|ENTERING_MANAGED_PKG|
11:03:19.3 (37547271)|STATEMENT_EXECUTE|[163]
11:03:19.3 (37557191)|HEAP_ALLOCATE|[162]|Bytes:5
11:03:19.3 (37576192)|HEAP_ALLOCATE|[162]|Bytes:32
11:03:19.3 (37583426)|VARIABLE_SCOPE_BEGIN|[162]|PSetName|PermissionSet|true|false
11:03:19.3 (37606626)|VARIABLE_ASSIGNMENT|[162]|PSetName|{"s":1,"v":{"Id":"0PS36000000q71PGAQ","Label":"PermissionSet_Test","Name":"PermissionSet_Test","Description":"This is for testing  (11 more) ...","NamespacePrefix":"shiva15testns","UserLicenseId":"10036000000eSpyAAE","CreatedDate":"2016-03-20T22:41:12.000Z"}}|0x27a8eb33
11:03:19.3 (37610647)|STATEMENT_EXECUTE|[162]
11:03:19.3 (37630945)|ENTERING_MANAGED_PKG|
11:03:19.3 (37640959)|STATEMENT_EXECUTE|[163]
11:03:19.3 (37642522)|STATEMENT_EXECUTE|[166]
11:03:19.3 (37647213)|HEAP_ALLOCATE|[166]|Bytes:32
11:03:19.3 (37663549)|ENTERING_MANAGED_PKG|
11:03:19.3 (37667335)|HEAP_ALLOCATE|[166]|Bytes:18
11:03:19.3 (37689708)|ENTERING_MANAGED_PKG|
11:03:19.3 (37702668)|HEAP_ALLOCATE|[166]|Bytes:19
11:03:19.3 (37721495)|CONSTRUCTOR_ENTRY|[166]|01p36000005Jpvx|<init>(String,String,String,String,String,String,String)
11:03:19.3 (37726484)|VARIABLE_SCOPE_BEGIN|[1027]|this|shiva15testns.PermissionSetPortalControllers.PermissionSetClass|true|false
11:03:19.3 (37748254)|VARIABLE_ASSIGNMENT|[1027]|this|{}|0x6254d1bf
11:03:19.3 (37750944)|VARIABLE_SCOPE_BEGIN|[1027]|label|String|false|false
11:03:19.3 (37755736)|VARIABLE_ASSIGNMENT|[1027]|label|"PermissionSet_Test"
11:03:19.3 (37757551)|VARIABLE_SCOPE_BEGIN|[1027]|apiName|String|false|false
11:03:19.3 (37760440)|VARIABLE_ASSIGNMENT|[1027]|apiName|"PermissionSet_Test"
11:03:19.3 (37762165)|VARIABLE_SCOPE_BEGIN|[1027]|id|String|false|false
11:03:19.3 (37765158)|VARIABLE_ASSIGNMENT|[1027]|id|"0PS36000000q71PGAQ"
11:03:19.3 (37766833)|VARIABLE_SCOPE_BEGIN|[1027]|description|String|false|false
11:03:19.3 (37770670)|VARIABLE_ASSIGNMENT|[1027]|description|"This is for testing  (11 more) ..."
11:03:19.3 (37772885)|VARIABLE_SCOPE_BEGIN|[1027]|namespacePrefix|String|false|false
11:03:19.3 (37775756)|VARIABLE_ASSIGNMENT|[1027]|namespacePrefix|"shiva15testns"
11:03:19.3 (37777510)|VARIABLE_SCOPE_BEGIN|[1027]|userLicenseId|String|false|false
11:03:19.3 (37780003)|VARIABLE_ASSIGNMENT|[1027]|userLicenseId|null
11:03:19.3 (37781484)|VARIABLE_SCOPE_BEGIN|[1027]|createdDate|String|false|false
11:03:19.3 (37784289)|VARIABLE_ASSIGNMENT|[1027]|createdDate|"2016-03-20 15:41:12"
11:03:19.3 (37787034)|STATEMENT_EXECUTE|[1010]
11:03:19.3 (37788356)|STATEMENT_EXECUTE|[1013]
11:03:19.3 (37789591)|STATEMENT_EXECUTE|[1015]
11:03:19.3 (37790671)|STATEMENT_EXECUTE|[1017]
11:03:19.3 (37791672)|STATEMENT_EXECUTE|[1019]
11:03:19.3 (37792851)|STATEMENT_EXECUTE|[1021]
11:03:19.3 (37793879)|STATEMENT_EXECUTE|[1023]
11:03:19.3 (37794870)|STATEMENT_EXECUTE|[1025]
11:03:19.3 (37805980)|STATEMENT_EXECUTE|[1028]
11:03:19.3 (37807572)|STATEMENT_EXECUTE|[1029]
11:03:19.3 (37828307)|VARIABLE_ASSIGNMENT|[EXTERNAL]|this|{}|0x6254d1bf
11:03:19.3 (37833846)|VARIABLE_ASSIGNMENT|[EXTERNAL]|value|"PermissionSet_Test"
11:03:19.3 (37841227)|VARIABLE_ASSIGNMENT|[1013]|this.label|"PermissionSet_Test"|0x6254d1bf
11:03:19.3 (37847296)|STATEMENT_EXECUTE|[1030]
11:03:19.3 (37867789)|VARIABLE_ASSIGNMENT|[EXTERNAL]|this|{"label":"PermissionSet_Test"}|0x6254d1bf
11:03:19.3 (37872908)|VARIABLE_ASSIGNMENT|[EXTERNAL]|value|"PermissionSet_Test"
11:03:19.3 (37878977)|VARIABLE_ASSIGNMENT|[1015]|this.apiName|"PermissionSet_Test"|0x6254d1bf
11:03:19.3 (37884620)|STATEMENT_EXECUTE|[1031]
11:03:19.3 (37908567)|VARIABLE_ASSIGNMENT|[EXTERNAL]|this|{"apiName":"PermissionSet_Test","label":"PermissionSet_Test"}|0x6254d1bf
11:03:19.3 (37913995)|VARIABLE_ASSIGNMENT|[EXTERNAL]|value|"0PS36000000q71PGAQ"
11:03:19.3 (37920353)|VARIABLE_ASSIGNMENT|[1017]|this.id|"0PS36000000q71PGAQ"|0x6254d1bf
11:03:19.3 (37926463)|STATEMENT_EXECUTE|[1032]
11:03:19.3 (37947686)|VARIABLE_ASSIGNMENT|[EXTERNAL]|this|{"apiName":"PermissionSet_Test","id":"0PS36000000q71PGAQ","label":"PermissionSet_Test"}|0x6254d1bf
11:03:19.3 (37953965)|VARIABLE_ASSIGNMENT|[EXTERNAL]|value|"This is for testing  (11 more) ..."
11:03:19.3 (37960887)|VARIABLE_ASSIGNMENT|[1019]|this.description|"This is for testing  (11 more) ..."|0x6254d1bf
11:03:19.3 (37966581)|STATEMENT_EXECUTE|[1033]
11:03:19.3 (37988744)|VARIABLE_ASSIGNMENT|[EXTERNAL]|this|{"apiName":"PermissionSet_Test","description":"This is for testing  (11 more) ...","id":"0PS36000000q71PGAQ","label":"PermissionSet_Test"}|0x6254d1bf
11:03:19.3 (37994035)|VARIABLE_ASSIGNMENT|[EXTERNAL]|value|"shiva15testns"
11:03:19.3 (38000278)|VARIABLE_ASSIGNMENT|[1021]|this.namespacePrefix|"shiva15testns"|0x6254d1bf
11:03:19.3 (38006679)|STATEMENT_EXECUTE|[1034]
11:03:19.3 (38028919)|VARIABLE_ASSIGNMENT|[EXTERNAL]|this|{"apiName":"PermissionSet_Test","description":"This is for testing  (11 more) ...","id":"0PS36000000q71PGAQ","label":"PermissionSet_Test","namespacePrefix":"shiva15testns"}|0x6254d1bf
11:03:19.3 (38034082)|VARIABLE_ASSIGNMENT|[EXTERNAL]|value|null
11:03:19.3 (38039986)|VARIABLE_ASSIGNMENT|[1023]|this.userLicenseId|null|0x6254d1bf
11:03:19.3 (38045329)|STATEMENT_EXECUTE|[1035]
11:03:19.3 (38068095)|VARIABLE_ASSIGNMENT|[EXTERNAL]|this|{"apiName":"PermissionSet_Test","description":"This is for testing  (11 more) ...","id":"0PS36000000q71PGAQ","label":"PermissionSet_Test","namespacePrefix":"shiva15testns"}|0x6254d1bf
11:03:19.3 (38073565)|VARIABLE_ASSIGNMENT|[EXTERNAL]|value|"2016-03-20 15:41:12"
11:03:19.3 (38079602)|VARIABLE_ASSIGNMENT|[1025]|this.createdDate|"2016-03-20 15:41:12"|0x6254d1bf
11:03:19.3 (38091714)|CONSTRUCTOR_EXIT|[166]|01p36000005Jpvx|<init>(String,String,String,String,String,String,String)
11:03:19.3 (38117008)|VARIABLE_ASSIGNMENT|[166]|pSetObj|{"apiName":"PermissionSet_Test","createdDate":"2016-03-20 15:41:12","description":"This is for testing  (11 more) ...","id":"0PS36000000q71PGAQ","label":"PermissionSet_Test","namespacePrefix":"shiva15testns"}|0x6254d1bf
11:03:19.3 (38120889)|STATEMENT_EXECUTE|[167]
11:03:19.3 (38132611)|ENTERING_MANAGED_PKG|
11:03:19.3 (38137285)|HEAP_ALLOCATE|[EXTERNAL]|Bytes:4
11:03:19.3 (38142891)|STATEMENT_EXECUTE|[168]
11:03:19.3 (38156215)|ENTERING_MANAGED_PKG|
11:03:19.3 (38206671)|HEAP_ALLOCATE|[168]|Bytes:231
11:03:19.3 (38222733)|HEAP_ALLOCATE|[168]|Bytes:255
11:03:19.3 (38234821)|ENTERING_MANAGED_PKG|
11:03:19.3 (38241736)|USER_DEBUG|[168]|ERROR|The PermissionSet Name: PermissionSet:{Id=0PS36000000q71PGAQ, Label=PermissionSet_Test, Name=PermissionSet_Test, Description=This is for testing Description, NamespacePrefix=shiva15testns, UserLicenseId=10036000000eSpyAAE, CreatedDate=2016-03-20 22:41:12}
11:03:19.3 (38256064)|HEAP_ALLOCATE|[162]|Bytes:5
11:03:19.3 (38268760)|VARIABLE_ASSIGNMENT|[162]|PSetName|null|
11:03:19.3 (38272120)|STATEMENT_EXECUTE|[171]
11:03:19.3 (38320297)|SYSTEM_MODE_EXIT|false
11:03:19.38 (38369568)|CUMULATIVE_LIMIT_USAGE
11:03:19.38 (38369568)|LIMIT_USAGE_FOR_NS|(default)|
  Number of SOQL queries: 0 out of 100
  Number of query rows: 0 out of 50000
  Number of SOSL queries: 0 out of 20
  Number of DML statements: 0 out of 150
  Number of DML rows: 0 out of 10000
  Maximum CPU time: 0 out of 10000
  Maximum heap size: 0 out of 6000000
  Number of callouts: 0 out of 100
  Number of Email Invocations: 0 out of 10
  Number of future calls: 0 out of 50
  Number of queueable jobs added to the queue: 0 out of 50
  Number of Mobile Apex push calls: 0 out of 10

11:03:19.38 (38369568)|LIMIT_USAGE_FOR_NS|shiva15testns|
  Number of SOQL queries: 1 out of 100
  Number of query rows: 41 out of 50000
  Number of SOSL queries: 0 out of 20
  Number of DML statements: 0 out of 150
  Number of DML rows: 0 out of 10000
  Maximum CPU time: 0 out of 10000
  Maximum heap size: 0 out of 6000000
  Number of callouts: 0 out of 100
  Number of Email Invocations: 0 out of 10
  Number of future calls: 0 out of 50
  Number of queueable jobs added to the queue: 0 out of 50
  Number of Mobile Apex push calls: 0 out of 10

11:03:19.38 (38369568)|CUMULATIVE_LIMIT_USAGE_END

11:03:19.3 (38429572)|CODE_UNIT_FINISHED|PermissionSetPortalControllers.getAllPermissionSets
11:03:19.3 (41423306)|EXECUTION_FINISHED
11:03:19.44 (44841275)|EXECUTION_STARTED
11:03:19.44 (44851092)|CODE_UNIT_STARTED|[EXTERNAL]|Aura
11:03:19.44 (44894119)|CODE_UNIT_FINISHED|Aura
11:03:19.44 (46392666)|EXECUTION_FINISHED
11:03:19.47 (47634064)|EXECUTION_STARTED
11:03:19.47 (47643235)|CODE_UNIT_STARTED|[EXTERNAL]|Aura
11:03:19.47 (47701052)|CODE_UNIT_FINISHED|Aura
11:03:19.47 (49480365)|EXECUTION_FINISHED
11:03:19.50 (50923932)|EXECUTION_STARTED
11:03:19.50 (50933693)|CODE_UNIT_STARTED|[EXTERNAL]|Aura
11:03:19.50 (50992557)|CODE_UNIT_FINISHED|Aura
11:03:19.50 (52357158)|EXECUTION_FINISHED
11:03:19.53 (53716002)|EXECUTION_STARTED
11:03:19.53 (53725141)|CODE_UNIT_STARTED|[EXTERNAL]|Aura
11:03:19.53 (53778938)|CODE_UNIT_FINISHED|Aura
11:03:19.53 (55865901)|EXECUTION_FINISHED
11:03:19.57 (57889799)|EXECUTION_STARTED
11:03:19.57 (57903517)|CODE_UNIT_STARTED|[EXTERNAL]|Aura
11:03:19.57 (57958900)|CODE_UNIT_FINISHED|Aura
11:03:19.57 (59920011)|EXECUTION_FINISHED
