36.0 APEX_CODE,FINEST;APEX_PROFILING,INFO;CALLOUT,INFO;DB,INFO;SYSTEM,DEBUG;VALIDATION,INFO;VISUALFORCE,INFO;WORKFLOW,INFO
19:01:43.0 (93961)|EXECUTION_STARTED
19:01:43.0 (136596)|CODE_UNIT_STARTED|[EXTERNAL]|01p36000005Jpvx|PermissionSetPortalControllers.getAllPermissionSets
19:01:43.0 (409139)|HEAP_ALLOCATE|[72]|Bytes:3
19:01:43.0 (484434)|HEAP_ALLOCATE|[77]|Bytes:152
19:01:43.0 (504378)|HEAP_ALLOCATE|[342]|Bytes:408
19:01:43.0 (525197)|HEAP_ALLOCATE|[355]|Bytes:408
19:01:43.0 (544741)|HEAP_ALLOCATE|[467]|Bytes:48
19:01:43.0 (580798)|HEAP_ALLOCATE|[139]|Bytes:6
19:01:43.0 (624666)|VARIABLE_SCOPE_BEGIN|[3]|PermissionSetPortalControllers.AllPermissionSets|List<PermissionSet>|true|true
19:01:43.0 (632706)|VARIABLE_SCOPE_BEGIN|[10]|PermissionSetPortalControllers.accountField|Set<String>|true|true
19:01:43.0 (638406)|VARIABLE_SCOPE_BEGIN|[5]|PermissionSetPortalControllers.allObjectsOfOrg|List<shiva15testns.PermissionSetPortalControllers.ObjectDetailsClass>|true|true
19:01:43.0 (645157)|VARIABLE_SCOPE_BEGIN|[9]|PermissionSetPortalControllers.contactsField|Set<String>|true|true
19:01:43.0 (650777)|VARIABLE_SCOPE_BEGIN|[7]|PermissionSetPortalControllers.isNotSystemSObjectList|Set<String>|true|true
19:01:43.0 (759385)|HEAP_ALLOCATE|[EXTERNAL]|Bytes:168
19:01:43.0 (770701)|HEAP_ALLOCATE|[EXTERNAL]|Bytes:89
19:01:43.0 (778242)|HEAP_ALLOCATE|[EXTERNAL]|Bytes:344
19:01:43.0 (1051267)|METHOD_ENTRY|[1]|01p36000005Jpvx|PermissionSetPortalControllers.PermissionSetPortalControllers()
19:01:43.0 (1061011)|STATEMENT_EXECUTE|[1]
19:01:43.0 (1070598)|STATEMENT_EXECUTE|[1]
19:01:43.0 (1128241)|HEAP_ALLOCATE|[50]|Bytes:5
19:01:43.0 (1173780)|HEAP_ALLOCATE|[56]|Bytes:5
19:01:43.0 (1194165)|HEAP_ALLOCATE|[64]|Bytes:7
19:01:43.0 (1231430)|SYSTEM_MODE_ENTER|false
19:01:43.0 (1256073)|HEAP_ALLOCATE|[9]|Bytes:5
19:01:43.0 (1262000)|STATEMENT_EXECUTE|[9]
19:01:43.0 (1300765)|HEAP_ALLOCATE|[9]|Bytes:4
19:01:43.0 (1344348)|ENTERING_MANAGED_PKG|
19:01:43.0 (1482774)|VARIABLE_ASSIGNMENT|[9]|PermissionSetPortalControllers.contactsField|{"s":1,"v":[]}|0x1425eda3
19:01:43.0 (1490789)|STATEMENT_EXECUTE|[10]
19:01:43.0 (1499120)|HEAP_ALLOCATE|[10]|Bytes:4
19:01:43.0 (1521012)|ENTERING_MANAGED_PKG|
19:01:43.0 (1575309)|VARIABLE_ASSIGNMENT|[10]|PermissionSetPortalControllers.accountField|{"s":1,"v":[]}|0x13c8065a
19:01:43.0 (1581675)|STATEMENT_EXECUTE|[1037]
19:01:43.0 (1584254)|STATEMENT_EXECUTE|[1066]
19:01:43.0 (1586351)|STATEMENT_EXECUTE|[1094]
19:01:43.0 (1588846)|STATEMENT_EXECUTE|[1123]
19:01:43.0 (1591003)|STATEMENT_EXECUTE|[1139]
19:01:43.0 (1593158)|STATEMENT_EXECUTE|[1156]
19:01:43.0 (1595359)|STATEMENT_EXECUTE|[1167]
19:01:43.0 (1597113)|STATEMENT_EXECUTE|[1172]
19:01:43.0 (1606590)|SYSTEM_MODE_EXIT|false
19:01:43.0 (1623268)|METHOD_EXIT|[1]|PermissionSetPortalControllers
19:01:43.0 (1636842)|SYSTEM_MODE_ENTER|false
19:01:43.0 (1658654)|HEAP_ALLOCATE|[157]|Bytes:5
19:01:43.0 (1665918)|STATEMENT_EXECUTE|[156]
19:01:43.0 (1668519)|STATEMENT_EXECUTE|[157]
19:01:43.0 (1670267)|STATEMENT_EXECUTE|[157]
19:01:43.0 (1671898)|STATEMENT_EXECUTE|[158]
19:01:43.0 (1676725)|HEAP_ALLOCATE|[158]|Bytes:99
19:01:43.0 (1691407)|HEAP_ALLOCATE|[158]|Bytes:4
19:01:43.0 (2654400)|SOQL_EXECUTE_BEGIN|[158]|Aggregations:0|SELECT Id, label, Name, Description, NamespacePrefix, UserLicenseId, CreatedDate FROM PermissionSet
19:01:43.0 (7667209)|SOQL_EXECUTE_END|[158]|Rows:41
19:01:43.0 (7693914)|HEAP_ALLOCATE|[158]|Bytes:168
19:01:43.0 (7847547)|HEAP_ALLOCATE|[158]|Bytes:7238
19:01:43.0 (7904065)|HEAP_ALLOCATE|[158]|Bytes:168
19:01:43.0 (7954926)|VARIABLE_ASSIGNMENT|[158]|PermissionSetPortalControllers.AllPermissionSets|{"s":1,"v":"List of size 41 too large to display"}|0x1e47173d
19:01:43.0 (8077268)|ENTERING_MANAGED_PKG|
19:01:43.0 (8128056)|STATEMENT_EXECUTE|[159]
19:01:43.0 (8133392)|STATEMENT_EXECUTE|[160]
19:01:43.0 (8243356)|VARIABLE_SCOPE_BEGIN|[160]|pSetObj|shiva15testns.PermissionSetPortalControllers.PermissionSetClass|true|false
19:01:43.0 (8266032)|VARIABLE_ASSIGNMENT|[160]|pSetObj|null|
19:01:43.0 (8271386)|STATEMENT_EXECUTE|[161]
19:01:43.0 (8306078)|HEAP_ALLOCATE|[161]|Bytes:4
19:01:43.0 (8384228)|ENTERING_MANAGED_PKG|
19:01:43.0 (8417435)|VARIABLE_SCOPE_BEGIN|[161]|permissionSetsLst|List<shiva15testns.PermissionSetPortalControllers.PermissionSetClass>|true|false
19:01:43.0 (8453345)|HEAP_ALLOCATE|[EXTERNAL]|Bytes:4
19:01:43.0 (8473535)|VARIABLE_ASSIGNMENT|[161]|permissionSetsLst|{"s":1,"v":[]}|0x2fe7bd48
19:01:43.0 (8500034)|ENTERING_MANAGED_PKG|
19:01:43.0 (8766405)|HEAP_ALLOCATE|[162]|Bytes:5
19:01:43.0 (8859881)|HEAP_ALLOCATE|[162]|Bytes:28
19:01:43.0 (8878057)|VARIABLE_SCOPE_BEGIN|[162]|PSetName|PermissionSet|true|false
19:01:43.0 (8953332)|VARIABLE_ASSIGNMENT|[162]|PSetName|{"s":1,"v":{"Id":"0PS36000000mmnFGAQ","Label":"00e1a000000MWa8AAG","Name":"X00e1a000000MWa8AAG","NamespacePrefix":"shiva15testns","UserLicenseId":"10036000000eSpzAAE","CreatedDate":"2016-03-08T19:00:02.000Z"}}|0x221bfb76
19:01:43.0 (8962873)|STATEMENT_EXECUTE|[162]
19:01:43.0 (9003129)|HEAP_ALLOCATE|[163]|Bytes:3
19:01:43.0 (9068101)|ENTERING_MANAGED_PKG|
19:01:43.0 (9119099)|STATEMENT_EXECUTE|[163]
19:01:43.0 (9141210)|HEAP_ALLOCATE|[162]|Bytes:5
19:01:43.0 (9185940)|HEAP_ALLOCATE|[162]|Bytes:28
19:01:43.0 (9201874)|VARIABLE_SCOPE_BEGIN|[162]|PSetName|PermissionSet|true|false
19:01:43.0 (9254745)|VARIABLE_ASSIGNMENT|[162]|PSetName|{"s":1,"v":{"Id":"0PS36000000mmnGGAQ","Label":"00ex00000018ozl_128_ (10 more) ...","Name":"X00ex00000018ozl_128 (11 more) ...","NamespacePrefix":"shiva15testns","UserLicenseId":"10036000000eSpyAAE","CreatedDate":"2016-03-08T19:00:02.000Z"}}|0x2698d084
19:01:43.0 (9264375)|STATEMENT_EXECUTE|[162]
19:01:43.0 (9298745)|ENTERING_MANAGED_PKG|
19:01:43.0 (9318518)|STATEMENT_EXECUTE|[163]
19:01:43.0 (9357180)|HEAP_ALLOCATE|[162]|Bytes:5
19:01:43.0 (9397655)|HEAP_ALLOCATE|[162]|Bytes:28
19:01:43.0 (9411622)|VARIABLE_SCOPE_BEGIN|[162]|PSetName|PermissionSet|true|false
19:01:43.0 (9453263)|VARIABLE_ASSIGNMENT|[162]|PSetName|{"s":1,"v":{"Id":"0PS36000000mmnHGAQ","Label":"00ex00000018ozm_128_ (10 more) ...","Name":"X00ex00000018ozm_128 (11 more) ...","NamespacePrefix":"shiva15testns","UserLicenseId":"10036000000eSpyAAE","CreatedDate":"2016-03-08T19:00:02.000Z"}}|0x54f1cbb0
19:01:43.0 (9461929)|STATEMENT_EXECUTE|[162]
19:01:43.0 (9492468)|ENTERING_MANAGED_PKG|
19:01:43.0 (9509989)|STATEMENT_EXECUTE|[163]
19:01:43.0 (9527676)|HEAP_ALLOCATE|[162]|Bytes:5
19:01:43.0 (9561138)|HEAP_ALLOCATE|[162]|Bytes:28
19:01:43.0 (9572019)|VARIABLE_SCOPE_BEGIN|[162]|PSetName|PermissionSet|true|false
19:01:43.0 (9609573)|VARIABLE_ASSIGNMENT|[162]|PSetName|{"s":1,"v":{"Id":"0PS36000000mmnIGAQ","Label":"00ex00000018ozk_128_ (10 more) ...","Name":"X00ex00000018ozk_128 (11 more) ...","NamespacePrefix":"shiva15testns","UserLicenseId":"10036000000eSpyAAE","CreatedDate":"2016-03-08T19:00:02.000Z"}}|0x684d36ae
19:01:43.0 (9617955)|STATEMENT_EXECUTE|[162]
19:01:43.0 (9647757)|ENTERING_MANAGED_PKG|
19:01:43.0 (9664889)|STATEMENT_EXECUTE|[163]
19:01:43.0 (9681733)|HEAP_ALLOCATE|[162]|Bytes:5
19:01:43.0 (9714385)|HEAP_ALLOCATE|[162]|Bytes:28
19:01:43.0 (9726584)|VARIABLE_SCOPE_BEGIN|[162]|PSetName|PermissionSet|true|false
19:01:43.0 (9768818)|VARIABLE_ASSIGNMENT|[162]|PSetName|{"s":1,"v":{"Id":"0PS36000000mmnJGAQ","Label":"00ex00000018ozj_128_ (10 more) ...","Name":"X00ex00000018ozj_128 (11 more) ...","NamespacePrefix":"shiva15testns","UserLicenseId":"10036000000eSpyAAE","CreatedDate":"2016-03-08T19:00:02.000Z"}}|0x15f0a09a
19:01:43.0 (9776220)|STATEMENT_EXECUTE|[162]
19:01:43.0 (9807337)|ENTERING_MANAGED_PKG|
19:01:43.0 (9826144)|STATEMENT_EXECUTE|[163]
19:01:43.0 (9844072)|HEAP_ALLOCATE|[162]|Bytes:5
19:01:43.0 (9876372)|HEAP_ALLOCATE|[162]|Bytes:28
19:01:43.0 (9886794)|VARIABLE_SCOPE_BEGIN|[162]|PSetName|PermissionSet|true|false
19:01:43.0 (9922103)|VARIABLE_ASSIGNMENT|[162]|PSetName|{"s":1,"v":{"Id":"0PS36000000mmnKGAQ","Label":"00ex00000018ozo_128_ (10 more) ...","Name":"X00ex00000018ozo_128 (11 more) ...","NamespacePrefix":"shiva15testns","UserLicenseId":"10036000000eSpyAAE","CreatedDate":"2016-03-08T19:00:02.000Z"}}|0x750c5e50
19:01:43.0 (9930582)|STATEMENT_EXECUTE|[162]
19:01:43.0 (9962579)|ENTERING_MANAGED_PKG|
19:01:43.0 (9980766)|STATEMENT_EXECUTE|[163]
19:01:43.0 (9999687)|HEAP_ALLOCATE|[162]|Bytes:5
19:01:43.0 (10036011)|HEAP_ALLOCATE|[162]|Bytes:28
19:01:43.0 (10051114)|VARIABLE_SCOPE_BEGIN|[162]|PSetName|PermissionSet|true|false
19:01:43.0 (10092092)|VARIABLE_ASSIGNMENT|[162]|PSetName|{"s":1,"v":{"Id":"0PS36000000mmnLGAQ","Label":"00ex00000018ozh_128_ (10 more) ...","Name":"X00ex00000018ozh_128 (11 more) ...","NamespacePrefix":"shiva15testns","UserLicenseId":"10036000000eSpyAAE","CreatedDate":"2016-03-08T19:00:02.000Z"}}|0x2f7ab70a
19:01:43.0 (10100221)|STATEMENT_EXECUTE|[162]
19:01:43.0 (10130888)|ENTERING_MANAGED_PKG|
19:01:43.0 (10147640)|STATEMENT_EXECUTE|[163]
19:01:43.0 (10164701)|HEAP_ALLOCATE|[162]|Bytes:5
19:01:43.0 (10198743)|HEAP_ALLOCATE|[162]|Bytes:28
19:01:43.0 (10217001)|VARIABLE_SCOPE_BEGIN|[162]|PSetName|PermissionSet|true|false
19:01:43.0 (10257095)|VARIABLE_ASSIGNMENT|[162]|PSetName|{"s":1,"v":{"Id":"0PS36000000mmnMGAQ","Label":"00ex00000018ozq_128_ (11 more) ...","Name":"X00ex00000018ozq_128 (12 more) ...","NamespacePrefix":"shiva15testns","UserLicenseId":"10036000000eSpyAAE","CreatedDate":"2016-03-08T19:00:02.000Z"}}|0x2e031c0d
19:01:43.0 (10264743)|STATEMENT_EXECUTE|[162]
19:01:43.0 (10293192)|ENTERING_MANAGED_PKG|
19:01:43.0 (10310269)|STATEMENT_EXECUTE|[163]
19:01:43.0 (10327718)|HEAP_ALLOCATE|[162]|Bytes:5
19:01:43.0 (10362078)|HEAP_ALLOCATE|[162]|Bytes:28
19:01:43.0 (10375230)|VARIABLE_SCOPE_BEGIN|[162]|PSetName|PermissionSet|true|false
19:01:43.0 (10414699)|VARIABLE_ASSIGNMENT|[162]|PSetName|{"s":1,"v":{"Id":"0PS36000000mmnNGAQ","Label":"00ex00000018ozp_128_ (10 more) ...","Name":"X00ex00000018ozp_128 (11 more) ...","NamespacePrefix":"shiva15testns","UserLicenseId":"10036000000eSpyAAE","CreatedDate":"2016-03-08T19:00:02.000Z"}}|0x3ee79d27
19:01:43.0 (10423478)|STATEMENT_EXECUTE|[162]
19:01:43.0 (10454748)|ENTERING_MANAGED_PKG|
19:01:43.0 (10472882)|STATEMENT_EXECUTE|[163]
19:01:43.0 (10490713)|HEAP_ALLOCATE|[162]|Bytes:5
19:01:43.0 (10524411)|HEAP_ALLOCATE|[162]|Bytes:28
19:01:43.0 (10537606)|VARIABLE_SCOPE_BEGIN|[162]|PSetName|PermissionSet|true|false
19:01:43.0 (10575964)|VARIABLE_ASSIGNMENT|[162]|PSetName|{"s":1,"v":{"Id":"0PS36000000mmnOGAQ","Label":"00ex00000018ozn_128_ (10 more) ...","Name":"X00ex00000018ozn_128 (11 more) ...","NamespacePrefix":"shiva15testns","UserLicenseId":"10036000000eSpyAAE","CreatedDate":"2016-03-08T19:00:02.000Z"}}|0x290eba75
19:01:43.0 (10584255)|STATEMENT_EXECUTE|[162]
19:01:43.0 (10614275)|ENTERING_MANAGED_PKG|
19:01:43.0 (10632282)|STATEMENT_EXECUTE|[163]
19:01:43.0 (10649815)|HEAP_ALLOCATE|[162]|Bytes:5
19:01:43.0 (10682747)|HEAP_ALLOCATE|[162]|Bytes:28
19:01:43.0 (10692372)|VARIABLE_SCOPE_BEGIN|[162]|PSetName|PermissionSet|true|false
19:01:43.0 (10718564)|VARIABLE_ASSIGNMENT|[162]|PSetName|{"s":1,"v":{"Id":"0PS36000000mmnPGAQ","Label":"00e1a000000MWa9AAG","Name":"X00e1a000000MWa9AAG","NamespacePrefix":"shiva15testns","UserLicenseId":"10036000000eSq0AAE","CreatedDate":"2016-03-08T19:00:02.000Z"}}|0x53b69ab9
19:01:43.0 (10724004)|STATEMENT_EXECUTE|[162]
19:01:43.0 (10751136)|ENTERING_MANAGED_PKG|
19:01:43.0 (10761492)|STATEMENT_EXECUTE|[163]
19:01:43.0 (10772491)|HEAP_ALLOCATE|[162]|Bytes:5
19:01:43.0 (10793214)|HEAP_ALLOCATE|[162]|Bytes:28
19:01:43.0 (10801175)|VARIABLE_SCOPE_BEGIN|[162]|PSetName|PermissionSet|true|false
19:01:43.0 (10825518)|VARIABLE_ASSIGNMENT|[162]|PSetName|{"s":1,"v":{"Id":"0PS36000000mmnQGAQ","Label":"00e1a000000MWaBAAW","Name":"X00e1a000000MWaBAAW","NamespacePrefix":"shiva15testns","UserLicenseId":"10036000000eSq2AAE","CreatedDate":"2016-03-08T19:00:02.000Z"}}|0x656307b6
19:01:43.0 (10830347)|STATEMENT_EXECUTE|[162]
19:01:43.0 (10852334)|ENTERING_MANAGED_PKG|
19:01:43.0 (10862305)|STATEMENT_EXECUTE|[163]
19:01:43.0 (10873563)|HEAP_ALLOCATE|[162]|Bytes:5
19:01:43.0 (10894003)|HEAP_ALLOCATE|[162]|Bytes:28
19:01:43.0 (10901702)|VARIABLE_SCOPE_BEGIN|[162]|PSetName|PermissionSet|true|false
19:01:43.0 (10925782)|VARIABLE_ASSIGNMENT|[162]|PSetName|{"s":1,"v":{"Id":"0PS36000000mmnRGAQ","Label":"00e1a000000MWaCAAW","Name":"X00e1a000000MWaCAAW","NamespacePrefix":"shiva15testns","UserLicenseId":"10036000000eSq3AAE","CreatedDate":"2016-03-08T19:00:02.000Z"}}|0x676fa098
19:01:43.0 (10930255)|STATEMENT_EXECUTE|[162]
19:01:43.0 (10952019)|ENTERING_MANAGED_PKG|
19:01:43.0 (10961978)|STATEMENT_EXECUTE|[163]
19:01:43.0 (10972746)|HEAP_ALLOCATE|[162]|Bytes:5
19:01:43.0 (10992864)|HEAP_ALLOCATE|[162]|Bytes:28
19:01:43.0 (11000435)|VARIABLE_SCOPE_BEGIN|[162]|PSetName|PermissionSet|true|false
19:01:43.0 (11025581)|VARIABLE_ASSIGNMENT|[162]|PSetName|{"s":1,"v":{"Id":"0PS36000000mmnSGAQ","Label":"00e1a000000MWaDAAW","Name":"X00e1a000000MWaDAAW","NamespacePrefix":"shiva15testns","UserLicenseId":"10036000000eSq4AAE","CreatedDate":"2016-03-08T19:00:02.000Z"}}|0x3bee6312
19:01:43.0 (11030819)|STATEMENT_EXECUTE|[162]
19:01:43.0 (11052594)|ENTERING_MANAGED_PKG|
19:01:43.0 (11062452)|STATEMENT_EXECUTE|[163]
19:01:43.0 (11073196)|HEAP_ALLOCATE|[162]|Bytes:5
19:01:43.0 (11093424)|HEAP_ALLOCATE|[162]|Bytes:28
19:01:43.0 (11101119)|VARIABLE_SCOPE_BEGIN|[162]|PSetName|PermissionSet|true|false
19:01:43.0 (11124752)|VARIABLE_ASSIGNMENT|[162]|PSetName|{"s":1,"v":{"Id":"0PS36000000mmnTGAQ","Label":"00e1a000000MWaEAAW","Name":"X00e1a000000MWaEAAW","NamespacePrefix":"shiva15testns","UserLicenseId":"10036000000eSq5AAE","CreatedDate":"2016-03-08T19:00:02.000Z"}}|0x5c6a5584
19:01:43.0 (11129385)|STATEMENT_EXECUTE|[162]
19:01:43.0 (11151313)|ENTERING_MANAGED_PKG|
19:01:43.0 (11161289)|STATEMENT_EXECUTE|[163]
19:01:43.0 (11172114)|HEAP_ALLOCATE|[162]|Bytes:5
19:01:43.0 (11192588)|HEAP_ALLOCATE|[162]|Bytes:28
19:01:43.0 (11200351)|VARIABLE_SCOPE_BEGIN|[162]|PSetName|PermissionSet|true|false
19:01:43.0 (11223882)|VARIABLE_ASSIGNMENT|[162]|PSetName|{"s":1,"v":{"Id":"0PS36000000mmnUGAQ","Label":"00e1a000000MWaFAAW","Name":"X00e1a000000MWaFAAW","NamespacePrefix":"shiva15testns","UserLicenseId":"10036000000eSq6AAE","CreatedDate":"2016-03-08T19:00:02.000Z"}}|0x2149a708
19:01:43.0 (11229027)|STATEMENT_EXECUTE|[162]
19:01:43.0 (11251066)|ENTERING_MANAGED_PKG|
19:01:43.0 (11260914)|STATEMENT_EXECUTE|[163]
19:01:43.0 (11271714)|HEAP_ALLOCATE|[162]|Bytes:5
19:01:43.0 (11292058)|HEAP_ALLOCATE|[162]|Bytes:28
19:01:43.0 (11299619)|VARIABLE_SCOPE_BEGIN|[162]|PSetName|PermissionSet|true|false
19:01:43.0 (11323604)|VARIABLE_ASSIGNMENT|[162]|PSetName|{"s":1,"v":{"Id":"0PS36000000mmnVGAQ","Label":"00e1a000000MWaGAAW","Name":"X00e1a000000MWaGAAW","NamespacePrefix":"shiva15testns","UserLicenseId":"10036000000eSq7AAE","CreatedDate":"2016-03-08T19:00:02.000Z"}}|0x3b38b8d9
19:01:43.0 (11328352)|STATEMENT_EXECUTE|[162]
19:01:43.0 (11350221)|ENTERING_MANAGED_PKG|
19:01:43.0 (11360143)|STATEMENT_EXECUTE|[163]
19:01:43.0 (11370869)|HEAP_ALLOCATE|[162]|Bytes:5
19:01:43.0 (11391270)|HEAP_ALLOCATE|[162]|Bytes:28
19:01:43.0 (11399305)|VARIABLE_SCOPE_BEGIN|[162]|PSetName|PermissionSet|true|false
19:01:43.0 (11422957)|VARIABLE_ASSIGNMENT|[162]|PSetName|{"s":1,"v":{"Id":"0PS36000000mmnWGAQ","Label":"00e1a000000MWaHAAW","Name":"X00e1a000000MWaHAAW","NamespacePrefix":"shiva15testns","UserLicenseId":"10036000000eSq8AAE","CreatedDate":"2016-03-08T19:00:02.000Z"}}|0x7386aa5f
19:01:43.0 (11427589)|STATEMENT_EXECUTE|[162]
19:01:43.0 (11449606)|ENTERING_MANAGED_PKG|
19:01:43.0 (11459529)|STATEMENT_EXECUTE|[163]
19:01:43.0 (11470459)|HEAP_ALLOCATE|[162]|Bytes:5
19:01:43.0 (11490956)|HEAP_ALLOCATE|[162]|Bytes:28
19:01:43.0 (11498701)|VARIABLE_SCOPE_BEGIN|[162]|PSetName|PermissionSet|true|false
19:01:43.0 (11522422)|VARIABLE_ASSIGNMENT|[162]|PSetName|{"s":1,"v":{"Id":"0PS36000000mmnXGAQ","Label":"00e1a000000MWaIAAW","Name":"X00e1a000000MWaIAAW","NamespacePrefix":"shiva15testns","UserLicenseId":"10036000000eSq9AAE","CreatedDate":"2016-03-08T19:00:02.000Z"}}|0x7dce07de
19:01:43.0 (11527507)|STATEMENT_EXECUTE|[162]
19:01:43.0 (11549677)|ENTERING_MANAGED_PKG|
19:01:43.0 (11559731)|STATEMENT_EXECUTE|[163]
19:01:43.0 (11570613)|HEAP_ALLOCATE|[162]|Bytes:5
19:01:43.0 (11590821)|HEAP_ALLOCATE|[162]|Bytes:28
19:01:43.0 (11598280)|VARIABLE_SCOPE_BEGIN|[162]|PSetName|PermissionSet|true|false
19:01:43.0 (11621807)|VARIABLE_ASSIGNMENT|[162]|PSetName|{"s":1,"v":{"Id":"0PS36000000mmnYGAQ","Label":"00e1a000000MWaJAAW","Name":"X00e1a000000MWaJAAW","NamespacePrefix":"shiva15testns","UserLicenseId":"10036000000eSqAAAU","CreatedDate":"2016-03-08T19:00:02.000Z"}}|0x11539e88
19:01:43.0 (11626921)|STATEMENT_EXECUTE|[162]
19:01:43.0 (11648930)|ENTERING_MANAGED_PKG|
19:01:43.0 (11658752)|STATEMENT_EXECUTE|[163]
19:01:43.0 (11669606)|HEAP_ALLOCATE|[162]|Bytes:5
19:01:43.0 (11689804)|HEAP_ALLOCATE|[162]|Bytes:28
19:01:43.0 (11700791)|VARIABLE_SCOPE_BEGIN|[162]|PSetName|PermissionSet|true|false
19:01:43.0 (11724951)|VARIABLE_ASSIGNMENT|[162]|PSetName|{"s":1,"v":{"Id":"0PS36000000mmnZGAQ","Label":"00e1a000000MWaKAAW","Name":"X00e1a000000MWaKAAW","NamespacePrefix":"shiva15testns","UserLicenseId":"10036000000eSqBAAU","CreatedDate":"2016-03-08T19:00:02.000Z"}}|0x6fd3020b
19:01:43.0 (11734731)|STATEMENT_EXECUTE|[162]
19:01:43.0 (11757244)|ENTERING_MANAGED_PKG|
19:01:43.0 (11767277)|STATEMENT_EXECUTE|[163]
19:01:43.0 (11778226)|HEAP_ALLOCATE|[162]|Bytes:5
19:01:43.0 (11798614)|HEAP_ALLOCATE|[162]|Bytes:28
19:01:43.0 (11806133)|VARIABLE_SCOPE_BEGIN|[162]|PSetName|PermissionSet|true|false
19:01:43.0 (11829594)|VARIABLE_ASSIGNMENT|[162]|PSetName|{"s":1,"v":{"Id":"0PS36000000mmnaGAA","Label":"00e1a000000MWaLAAW","Name":"X00e1a000000MWaLAAW","NamespacePrefix":"shiva15testns","UserLicenseId":"10036000000eSqCAAU","CreatedDate":"2016-03-08T19:00:02.000Z"}}|0x29c199fc
19:01:43.0 (11834190)|STATEMENT_EXECUTE|[162]
19:01:43.0 (11856040)|ENTERING_MANAGED_PKG|
19:01:43.0 (11865913)|STATEMENT_EXECUTE|[163]
19:01:43.0 (11876790)|HEAP_ALLOCATE|[162]|Bytes:5
19:01:43.0 (11897208)|HEAP_ALLOCATE|[162]|Bytes:28
19:01:43.0 (11904842)|VARIABLE_SCOPE_BEGIN|[162]|PSetName|PermissionSet|true|false
19:01:43.0 (11928805)|VARIABLE_ASSIGNMENT|[162]|PSetName|{"s":1,"v":{"Id":"0PS36000000mmnbGAA","Label":"00e1a000000MWaMAAW","Name":"X00e1a000000MWaMAAW","NamespacePrefix":"shiva15testns","UserLicenseId":"10036000000eSqDAAU","CreatedDate":"2016-03-08T19:00:02.000Z"}}|0x243c9bed
19:01:43.0 (11933581)|STATEMENT_EXECUTE|[162]
19:01:43.0 (11955424)|ENTERING_MANAGED_PKG|
19:01:43.0 (11965253)|STATEMENT_EXECUTE|[163]
19:01:43.0 (11976129)|HEAP_ALLOCATE|[162]|Bytes:5
19:01:43.0 (11996298)|HEAP_ALLOCATE|[162]|Bytes:28
19:01:43.0 (12003874)|VARIABLE_SCOPE_BEGIN|[162]|PSetName|PermissionSet|true|false
19:01:43.0 (12028466)|VARIABLE_ASSIGNMENT|[162]|PSetName|{"s":1,"v":{"Id":"0PS36000000mmncGAA","Label":"00e1a000000MWaNAAW","Name":"X00e1a000000MWaNAAW","NamespacePrefix":"shiva15testns","UserLicenseId":"10036000000eSqEAAU","CreatedDate":"2016-03-08T19:00:02.000Z"}}|0x2996e63c
19:01:43.0 (12033775)|STATEMENT_EXECUTE|[162]
19:01:43.0 (12055677)|ENTERING_MANAGED_PKG|
19:01:43.0 (12065476)|STATEMENT_EXECUTE|[163]
19:01:43.0 (12076612)|HEAP_ALLOCATE|[162]|Bytes:5
19:01:43.0 (12096979)|HEAP_ALLOCATE|[162]|Bytes:28
19:01:43.0 (12104651)|VARIABLE_SCOPE_BEGIN|[162]|PSetName|PermissionSet|true|false
19:01:43.0 (12128242)|VARIABLE_ASSIGNMENT|[162]|PSetName|{"s":1,"v":{"Id":"0PS36000000mmndGAA","Label":"00e1a000000MWaOAAW","Name":"X00e1a000000MWaOAAW","NamespacePrefix":"shiva15testns","UserLicenseId":"10036000000eSqFAAU","CreatedDate":"2016-03-08T19:00:02.000Z"}}|0x5e227a5f
19:01:43.0 (12133155)|STATEMENT_EXECUTE|[162]
19:01:43.0 (12154902)|ENTERING_MANAGED_PKG|
19:01:43.0 (12164729)|STATEMENT_EXECUTE|[163]
19:01:43.0 (12175476)|HEAP_ALLOCATE|[162]|Bytes:5
19:01:43.0 (12196140)|HEAP_ALLOCATE|[162]|Bytes:28
19:01:43.0 (12203879)|VARIABLE_SCOPE_BEGIN|[162]|PSetName|PermissionSet|true|false
19:01:43.0 (12227175)|VARIABLE_ASSIGNMENT|[162]|PSetName|{"s":1,"v":{"Id":"0PS36000000mmneGAA","Label":"00e1a000000MWaPAAW","Name":"X00e1a000000MWaPAAW","NamespacePrefix":"shiva15testns","UserLicenseId":"10036000000eSqGAAU","CreatedDate":"2016-03-08T19:00:02.000Z"}}|0x7b09061e
19:01:43.0 (12232330)|STATEMENT_EXECUTE|[162]
19:01:43.0 (12254208)|ENTERING_MANAGED_PKG|
19:01:43.0 (12263972)|STATEMENT_EXECUTE|[163]
19:01:43.0 (12274785)|HEAP_ALLOCATE|[162]|Bytes:5
19:01:43.0 (12294964)|HEAP_ALLOCATE|[162]|Bytes:28
19:01:43.0 (12302560)|VARIABLE_SCOPE_BEGIN|[162]|PSetName|PermissionSet|true|false
19:01:43.0 (12326443)|VARIABLE_ASSIGNMENT|[162]|PSetName|{"s":1,"v":{"Id":"0PS36000000mmnfGAA","Label":"00e1a000000MWaQAAW","Name":"X00e1a000000MWaQAAW","NamespacePrefix":"shiva15testns","UserLicenseId":"10036000000eSqHAAU","CreatedDate":"2016-03-08T19:00:02.000Z"}}|0x3b2a1961
19:01:43.0 (12331102)|STATEMENT_EXECUTE|[162]
19:01:43.0 (12352974)|ENTERING_MANAGED_PKG|
19:01:43.0 (12362622)|STATEMENT_EXECUTE|[163]
19:01:43.0 (12373369)|HEAP_ALLOCATE|[162]|Bytes:5
19:01:43.0 (12393692)|HEAP_ALLOCATE|[162]|Bytes:28
19:01:43.0 (12401349)|VARIABLE_SCOPE_BEGIN|[162]|PSetName|PermissionSet|true|false
19:01:43.0 (12425296)|VARIABLE_ASSIGNMENT|[162]|PSetName|{"s":1,"v":{"Id":"0PS36000000mmngGAA","Label":"00e1a000000MWaRAAW","Name":"X00e1a000000MWaRAAW","NamespacePrefix":"shiva15testns","UserLicenseId":"10036000000eSqIAAU","CreatedDate":"2016-03-08T19:00:02.000Z"}}|0x2513af3e
19:01:43.0 (12430142)|STATEMENT_EXECUTE|[162]
19:01:43.0 (12451884)|ENTERING_MANAGED_PKG|
19:01:43.0 (12461610)|STATEMENT_EXECUTE|[163]
19:01:43.0 (12472326)|HEAP_ALLOCATE|[162]|Bytes:5
19:01:43.0 (12492677)|HEAP_ALLOCATE|[162]|Bytes:28
19:01:43.0 (12500316)|VARIABLE_SCOPE_BEGIN|[162]|PSetName|PermissionSet|true|false
19:01:43.0 (12524451)|VARIABLE_ASSIGNMENT|[162]|PSetName|{"s":1,"v":{"Id":"0PS36000000mmnhGAA","Label":"00e1a000000MWaSAAW","Name":"X00e1a000000MWaSAAW","NamespacePrefix":"shiva15testns","UserLicenseId":"10036000000eSqJAAU","CreatedDate":"2016-03-08T19:00:02.000Z"}}|0x68aed941
19:01:43.0 (12529339)|STATEMENT_EXECUTE|[162]
19:01:43.0 (12550995)|ENTERING_MANAGED_PKG|
19:01:43.0 (12560719)|STATEMENT_EXECUTE|[163]
19:01:43.0 (12571460)|HEAP_ALLOCATE|[162]|Bytes:5
19:01:43.0 (12591736)|HEAP_ALLOCATE|[162]|Bytes:28
19:01:43.0 (12600088)|VARIABLE_SCOPE_BEGIN|[162]|PSetName|PermissionSet|true|false
19:01:43.0 (12624098)|VARIABLE_ASSIGNMENT|[162]|PSetName|{"s":1,"v":{"Id":"0PS36000000mmniGAA","Label":"00e1a000000MWaTAAW","Name":"X00e1a000000MWaTAAW","NamespacePrefix":"shiva15testns","UserLicenseId":"10036000000eSqJAAU","CreatedDate":"2016-03-08T19:00:02.000Z"}}|0x5ba41bbc
19:01:43.0 (12629234)|STATEMENT_EXECUTE|[162]
19:01:43.0 (12650894)|ENTERING_MANAGED_PKG|
19:01:43.0 (12660602)|STATEMENT_EXECUTE|[163]
19:01:43.0 (12671473)|HEAP_ALLOCATE|[162]|Bytes:5
19:01:43.0 (12692171)|HEAP_ALLOCATE|[162]|Bytes:28
19:01:43.0 (12699862)|VARIABLE_SCOPE_BEGIN|[162]|PSetName|PermissionSet|true|false
19:01:43.0 (12723295)|VARIABLE_ASSIGNMENT|[162]|PSetName|{"s":1,"v":{"Id":"0PS36000000mmnjGAA","Label":"00e1a000000MWaUAAW","Name":"X00e1a000000MWaUAAW","NamespacePrefix":"shiva15testns","UserLicenseId":"10036000000eSqKAAU","CreatedDate":"2016-03-08T19:00:02.000Z"}}|0x30aee0b8
19:01:43.0 (12727916)|STATEMENT_EXECUTE|[162]
19:01:43.0 (12755156)|ENTERING_MANAGED_PKG|
19:01:43.0 (12765304)|STATEMENT_EXECUTE|[163]
19:01:43.0 (12776384)|HEAP_ALLOCATE|[162]|Bytes:5
19:01:43.0 (12796765)|HEAP_ALLOCATE|[162]|Bytes:28
19:01:43.0 (12804501)|VARIABLE_SCOPE_BEGIN|[162]|PSetName|PermissionSet|true|false
19:01:43.0 (12828539)|VARIABLE_ASSIGNMENT|[162]|PSetName|{"s":1,"v":{"Id":"0PS36000000mmnlGAA","Label":"00e1a000000N1LRAA0","Name":"X00e1a000000N1LRAA0","NamespacePrefix":"shiva15testns","UserLicenseId":"10036000000eSqLAAU","CreatedDate":"2016-03-08T19:00:02.000Z"}}|0x87cc3cc
19:01:43.0 (12833040)|STATEMENT_EXECUTE|[162]
19:01:43.0 (12855059)|ENTERING_MANAGED_PKG|
19:01:43.0 (12865016)|STATEMENT_EXECUTE|[163]
19:01:43.0 (12875760)|HEAP_ALLOCATE|[162]|Bytes:5
19:01:43.0 (12896122)|HEAP_ALLOCATE|[162]|Bytes:28
19:01:43.0 (12903727)|VARIABLE_SCOPE_BEGIN|[162]|PSetName|PermissionSet|true|false
19:01:43.0 (12927843)|VARIABLE_ASSIGNMENT|[162]|PSetName|{"s":1,"v":{"Id":"0PS36000000mmnmGAA","Label":"00e1a000000N1LSAA0","Name":"X00e1a000000N1LSAA0","NamespacePrefix":"shiva15testns","UserLicenseId":"10036000000eSqMAAU","CreatedDate":"2016-03-08T19:00:02.000Z"}}|0x16067753
19:01:43.0 (12933061)|STATEMENT_EXECUTE|[162]
19:01:43.0 (12969050)|ENTERING_MANAGED_PKG|
19:01:43.0 (12980118)|STATEMENT_EXECUTE|[163]
19:01:43.0 (12991547)|HEAP_ALLOCATE|[162]|Bytes:5
19:01:43.0 (13012914)|HEAP_ALLOCATE|[162]|Bytes:28
19:01:43.0 (13021605)|VARIABLE_SCOPE_BEGIN|[162]|PSetName|PermissionSet|true|false
19:01:43.0 (13045991)|VARIABLE_ASSIGNMENT|[162]|PSetName|{"s":1,"v":{"Id":"0PS36000000mmnnGAA","Label":"00e1a000000N1wKAAS","Name":"X00e1a000000N1wKAAS","NamespacePrefix":"shiva15testns","UserLicenseId":"10036000000eSqNAAU","CreatedDate":"2016-03-08T19:00:02.000Z"}}|0x6d04f7d4
19:01:43.0 (13051043)|STATEMENT_EXECUTE|[162]
19:01:43.0 (13072800)|ENTERING_MANAGED_PKG|
19:01:43.0 (13082564)|STATEMENT_EXECUTE|[163]
19:01:43.0 (13093314)|HEAP_ALLOCATE|[162]|Bytes:5
19:01:43.0 (13114174)|HEAP_ALLOCATE|[162]|Bytes:28
19:01:43.0 (13121910)|VARIABLE_SCOPE_BEGIN|[162]|PSetName|PermissionSet|true|false
19:01:43.0 (13146250)|VARIABLE_ASSIGNMENT|[162]|PSetName|{"s":1,"v":{"Id":"0PS36000000mmnoGAA","Label":"00e1a000000N1wLAAS","Name":"X00e1a000000N1wLAAS","NamespacePrefix":"shiva15testns","UserLicenseId":"10036000000eSqNAAU","CreatedDate":"2016-03-08T19:00:02.000Z"}}|0x2a6871ec
19:01:43.0 (13151015)|STATEMENT_EXECUTE|[162]
19:01:43.0 (13172776)|ENTERING_MANAGED_PKG|
19:01:43.0 (13182594)|STATEMENT_EXECUTE|[163]
19:01:43.0 (13193366)|HEAP_ALLOCATE|[162]|Bytes:5
19:01:43.0 (13213929)|HEAP_ALLOCATE|[162]|Bytes:28
19:01:43.0 (13221709)|VARIABLE_SCOPE_BEGIN|[162]|PSetName|PermissionSet|true|false
19:01:43.0 (13245750)|VARIABLE_ASSIGNMENT|[162]|PSetName|{"s":1,"v":{"Id":"0PS36000000mmnqGAA","Label":"00e1a000000MWaAAAW","Name":"X00e1a000000MWaAAAW","NamespacePrefix":"shiva15testns","UserLicenseId":"10036000000eSq1AAE","CreatedDate":"2016-03-08T19:00:02.000Z"}}|0x44e4a5ce
19:01:43.0 (13250951)|STATEMENT_EXECUTE|[162]
19:01:43.0 (13272763)|ENTERING_MANAGED_PKG|
19:01:43.0 (13282628)|STATEMENT_EXECUTE|[163]
19:01:43.0 (13293849)|HEAP_ALLOCATE|[162]|Bytes:5
19:01:43.0 (13314519)|HEAP_ALLOCATE|[162]|Bytes:32
19:01:43.0 (13322174)|VARIABLE_SCOPE_BEGIN|[162]|PSetName|PermissionSet|true|false
19:01:43.0 (13347829)|VARIABLE_ASSIGNMENT|[162]|PSetName|{"s":1,"v":{"Id":"0PS36000000q71PGAQ","Label":"PermissionSet_Test","Name":"PermissionSet_Test","Description":"This is for testing  (11 more) ...","NamespacePrefix":"shiva15testns","UserLicenseId":"10036000000eSpyAAE","CreatedDate":"2016-03-20T22:41:12.000Z"}}|0x617dfeee
19:01:43.0 (13353631)|STATEMENT_EXECUTE|[162]
19:01:43.0 (13375616)|ENTERING_MANAGED_PKG|
19:01:43.0 (13386088)|STATEMENT_EXECUTE|[163]
19:01:43.0 (13387718)|STATEMENT_EXECUTE|[164]
19:01:43.0 (13391215)|HEAP_ALLOCATE|[164]|Bytes:52
19:01:43.0 (13400322)|HEAP_ALLOCATE|[164]|Bytes:4
19:01:43.0 (13408053)|HEAP_ALLOCATE|[164]|Bytes:7
19:01:43.0 (14403146)|SOQL_EXECUTE_BEGIN|[164]|Aggregations:0|SELECT Id, Name FROM UserLicense WHERE Id = :tmpVar1
19:01:43.0 (16641520)|SOQL_EXECUTE_END|[164]|Rows:1
19:01:43.0 (16657972)|HEAP_ALLOCATE|[164]|Bytes:8
19:01:43.0 (16670981)|HEAP_ALLOCATE|[164]|Bytes:47
19:01:43.0 (16753749)|HEAP_ALLOCATE|[164]|Bytes:8
19:01:43.0 (16764586)|HEAP_ALLOCATE|[164]|Bytes:37
19:01:43.0 (16857184)|HEAP_ALLOCATE|[164]|Bytes:12
19:01:43.0 (16869376)|VARIABLE_SCOPE_BEGIN|[164]|ulicense|UserLicense|true|false
19:01:43.0 (16889582)|VARIABLE_ASSIGNMENT|[164]|ulicense|{"s":1,"v":{"Id":"10036000000eSpyAAE","Name":"Salesforce"}}|0x1d39b09c
19:01:43.0 (16893892)|STATEMENT_EXECUTE|[165]
19:01:43.0 (16903513)|HEAP_ALLOCATE|[165]|Bytes:240
19:01:43.0 (16912837)|HEAP_ALLOCATE|[165]|Bytes:39
19:01:43.0 (16921265)|HEAP_ALLOCATE|[165]|Bytes:32
19:01:43.0 (16982353)|ENTERING_MANAGED_PKG|
19:01:43.0 (17018396)|HEAP_ALLOCATE|[165]|Bytes:18
19:01:43.0 (17096266)|ENTERING_MANAGED_PKG|
19:01:43.0 (17136186)|HEAP_ALLOCATE|[165]|Bytes:19
19:01:43.0 (17167982)|CONSTRUCTOR_ENTRY|[165]|01p36000005Jpvx|<init>(String,String,String,String,String,String,String)
19:01:43.0 (17178340)|VARIABLE_SCOPE_BEGIN|[1054]|this|shiva15testns.PermissionSetPortalControllers.PermissionSetClass|true|false
19:01:43.0 (17216527)|VARIABLE_ASSIGNMENT|[1054]|this|{}|0x4e8eeb2d
19:01:43.0 (17220359)|VARIABLE_SCOPE_BEGIN|[1054]|label|String|false|false
19:01:43.0 (17225606)|VARIABLE_ASSIGNMENT|[1054]|label|"PermissionSet_Test"
19:01:43.0 (17228394)|VARIABLE_SCOPE_BEGIN|[1054]|apiName|String|false|false
19:01:43.0 (17231554)|VARIABLE_ASSIGNMENT|[1054]|apiName|"PermissionSet_Test"
19:01:43.0 (17233379)|VARIABLE_SCOPE_BEGIN|[1054]|id|String|false|false
19:01:43.0 (17236318)|VARIABLE_ASSIGNMENT|[1054]|id|"0PS36000000q71PGAQ"
19:01:43.0 (17238340)|VARIABLE_SCOPE_BEGIN|[1054]|description|String|false|false
19:01:43.0 (17243590)|VARIABLE_ASSIGNMENT|[1054]|description|"This is for testing  (11 more) ..."
19:01:43.0 (17245757)|VARIABLE_SCOPE_BEGIN|[1054]|namespacePrefix|String|false|false
19:01:43.0 (17248588)|VARIABLE_ASSIGNMENT|[1054]|namespacePrefix|"shiva15testns"
19:01:43.0 (17250685)|VARIABLE_SCOPE_BEGIN|[1054]|userLicenseId|String|false|false
19:01:43.0 (17253561)|VARIABLE_ASSIGNMENT|[1054]|userLicenseId|"Salesforce"
19:01:43.0 (17255234)|VARIABLE_SCOPE_BEGIN|[1054]|createdDate|String|false|false
19:01:43.0 (17258103)|VARIABLE_ASSIGNMENT|[1054]|createdDate|"2016-03-20 15:41:12"
19:01:43.0 (17262718)|STATEMENT_EXECUTE|[1037]
19:01:43.0 (17264507)|STATEMENT_EXECUTE|[1040]
19:01:43.0 (17266239)|STATEMENT_EXECUTE|[1042]
19:01:43.0 (17267552)|STATEMENT_EXECUTE|[1044]
19:01:43.0 (17268881)|STATEMENT_EXECUTE|[1046]
19:01:43.0 (17270184)|STATEMENT_EXECUTE|[1048]
19:01:43.0 (17271378)|STATEMENT_EXECUTE|[1050]
19:01:43.0 (17272525)|STATEMENT_EXECUTE|[1052]
19:01:43.0 (17282490)|HEAP_ALLOCATE|[1056]|Bytes:6
19:01:43.0 (17312281)|STATEMENT_EXECUTE|[1055]
19:01:43.0 (17314347)|STATEMENT_EXECUTE|[1056]
19:01:43.0 (17368242)|VARIABLE_ASSIGNMENT|[EXTERNAL]|this|{}|0x4e8eeb2d
19:01:43.0 (17375104)|VARIABLE_ASSIGNMENT|[EXTERNAL]|value|"PermissionSet_Test"
19:01:43.0 (17409932)|VARIABLE_ASSIGNMENT|[1040]|this.label|"PermissionSet_Test"|0x4e8eeb2d
19:01:43.0 (17418768)|STATEMENT_EXECUTE|[1057]
19:01:43.0 (17458116)|VARIABLE_ASSIGNMENT|[EXTERNAL]|this|{"label":"PermissionSet_Test"}|0x4e8eeb2d
19:01:43.0 (17463831)|VARIABLE_ASSIGNMENT|[EXTERNAL]|value|"PermissionSet_Test"
19:01:43.0 (17472897)|VARIABLE_ASSIGNMENT|[1042]|this.apiName|"PermissionSet_Test"|0x4e8eeb2d
19:01:43.0 (17479838)|STATEMENT_EXECUTE|[1058]
19:01:43.0 (17515436)|VARIABLE_ASSIGNMENT|[EXTERNAL]|this|{"apiName":"PermissionSet_Test","label":"PermissionSet_Test"}|0x4e8eeb2d
19:01:43.0 (17521246)|VARIABLE_ASSIGNMENT|[EXTERNAL]|value|"0PS36000000q71PGAQ"
19:01:43.0 (17529704)|VARIABLE_ASSIGNMENT|[1044]|this.id|"0PS36000000q71PGAQ"|0x4e8eeb2d
19:01:43.0 (17536204)|STATEMENT_EXECUTE|[1059]
19:01:43.0 (17571441)|VARIABLE_ASSIGNMENT|[EXTERNAL]|this|{"apiName":"PermissionSet_Test","id":"0PS36000000q71PGAQ","label":"PermissionSet_Test"}|0x4e8eeb2d
19:01:43.0 (17578669)|VARIABLE_ASSIGNMENT|[EXTERNAL]|value|"This is for testing  (11 more) ..."
19:01:43.0 (17587872)|VARIABLE_ASSIGNMENT|[1046]|this.description|"This is for testing  (11 more) ..."|0x4e8eeb2d
19:01:43.0 (17594817)|STATEMENT_EXECUTE|[1060]
19:01:43.0 (17632131)|VARIABLE_ASSIGNMENT|[EXTERNAL]|this|{"apiName":"PermissionSet_Test","description":"This is for testing  (11 more) ...","id":"0PS36000000q71PGAQ","label":"PermissionSet_Test"}|0x4e8eeb2d
19:01:43.0 (17638630)|VARIABLE_ASSIGNMENT|[EXTERNAL]|value|"shiva15testns"
19:01:43.0 (17646972)|VARIABLE_ASSIGNMENT|[1048]|this.namespacePrefix|"shiva15testns"|0x4e8eeb2d
19:01:43.0 (17653566)|STATEMENT_EXECUTE|[1061]
19:01:43.0 (17690084)|VARIABLE_ASSIGNMENT|[EXTERNAL]|this|{"apiName":"PermissionSet_Test","description":"This is for testing  (11 more) ...","id":"0PS36000000q71PGAQ","label":"PermissionSet_Test","namespacePrefix":"shiva15testns"}|0x4e8eeb2d
19:01:43.0 (17696397)|VARIABLE_ASSIGNMENT|[EXTERNAL]|value|"Salesforce"
19:01:43.0 (17704240)|VARIABLE_ASSIGNMENT|[1050]|this.userLicenseId|"Salesforce"|0x4e8eeb2d
19:01:43.0 (17710669)|STATEMENT_EXECUTE|[1062]
19:01:43.0 (17753697)|VARIABLE_ASSIGNMENT|[EXTERNAL]|this|{"apiName":"PermissionSet_Test","description":"This is for testing  (11 more) ...","id":"0PS36000000q71PGAQ","label":"PermissionSet_Test","namespacePrefix":"shiva15testns","userLicenseId":"Salesforce"}|0x4e8eeb2d
19:01:43.0 (17760874)|VARIABLE_ASSIGNMENT|[EXTERNAL]|value|"2016-03-20 15:41:12"
19:01:43.0 (17769893)|VARIABLE_ASSIGNMENT|[1052]|this.createdDate|"2016-03-20 15:41:12"|0x4e8eeb2d
19:01:43.0 (17785955)|CONSTRUCTOR_EXIT|[165]|01p36000005Jpvx|<init>(String,String,String,String,String,String,String)
19:01:43.0 (17810103)|VARIABLE_ASSIGNMENT|[165]|pSetObj|{"apiName":"PermissionSet_Test","createdDate":"2016-03-20 15:41:12","description":"This is for testing  (11 more) ...","id":"0PS36000000q71PGAQ","label":"PermissionSet_Test","namespacePrefix":"shiva15testns","userLicenseId":"Salesforce"}|0x4e8eeb2d
19:01:43.0 (17814565)|STATEMENT_EXECUTE|[167]
19:01:43.0 (17832602)|ENTERING_MANAGED_PKG|
19:01:43.0 (17859177)|HEAP_ALLOCATE|[EXTERNAL]|Bytes:4
19:01:43.0 (17867283)|STATEMENT_EXECUTE|[168]
19:01:43.0 (18053129)|HEAP_ALLOCATE|[168]|Bytes:24
19:01:43.0 (18074785)|ENTERING_MANAGED_PKG|
19:01:43.0 (18148849)|HEAP_ALLOCATE|[168]|Bytes:231
19:01:43.0 (18171849)|HEAP_ALLOCATE|[168]|Bytes:255
19:01:43.0 (18201616)|ENTERING_MANAGED_PKG|
19:01:43.0 (18227984)|USER_DEBUG|[168]|ERROR|The PermissionSet Name: PermissionSet:{Id=0PS36000000q71PGAQ, Label=PermissionSet_Test, Name=PermissionSet_Test, Description=This is for testing Description, NamespacePrefix=shiva15testns, UserLicenseId=10036000000eSpyAAE, CreatedDate=2016-03-20 22:41:12}
19:01:43.0 (18250703)|HEAP_ALLOCATE|[162]|Bytes:5
19:01:43.0 (18278421)|HEAP_ALLOCATE|[162]|Bytes:32
19:01:43.0 (18287834)|VARIABLE_SCOPE_BEGIN|[162]|PSetName|PermissionSet|true|false
19:01:43.0 (18318870)|VARIABLE_ASSIGNMENT|[162]|PSetName|{"s":1,"v":{"Id":"0PS360000016pyOGAQ","Label":"Final_Test","Name":"Final_Test","Description":"Descp","NamespacePrefix":"shiva15testns","UserLicenseId":"10036000000eSpyAAE","CreatedDate":"2016-05-03T01:36:03.000Z"}}|0x2b8d1f42
19:01:43.0 (18324099)|STATEMENT_EXECUTE|[162]
19:01:43.0 (18348741)|ENTERING_MANAGED_PKG|
19:01:43.0 (18359466)|STATEMENT_EXECUTE|[163]
19:01:43.0 (18361107)|STATEMENT_EXECUTE|[164]
19:01:43.0 (18366432)|HEAP_ALLOCATE|[164]|Bytes:4
19:01:43.0 (18522031)|SOQL_EXECUTE_BEGIN|[164]|Aggregations:0|SELECT Id, Name FROM UserLicense WHERE Id = :tmpVar1
19:01:43.0 (20372848)|SOQL_EXECUTE_END|[164]|Rows:1
19:01:43.0 (20385255)|HEAP_ALLOCATE|[164]|Bytes:8
19:01:43.0 (20395505)|HEAP_ALLOCATE|[164]|Bytes:47
19:01:43.0 (20410227)|HEAP_ALLOCATE|[164]|Bytes:8
19:01:43.0 (20440467)|HEAP_ALLOCATE|[164]|Bytes:12
19:01:43.0 (20449642)|VARIABLE_SCOPE_BEGIN|[164]|ulicense|UserLicense|true|false
19:01:43.0 (20467338)|VARIABLE_ASSIGNMENT|[164]|ulicense|{"s":1,"v":{"Id":"10036000000eSpyAAE","Name":"Salesforce"}}|0x547f2fbf
19:01:43.0 (20471092)|STATEMENT_EXECUTE|[165]
19:01:43.0 (20476472)|HEAP_ALLOCATE|[165]|Bytes:32
19:01:43.0 (20526962)|ENTERING_MANAGED_PKG|
19:01:43.0 (20535739)|HEAP_ALLOCATE|[165]|Bytes:18
19:01:43.0 (20571747)|ENTERING_MANAGED_PKG|
19:01:43.0 (20586925)|HEAP_ALLOCATE|[165]|Bytes:19
19:01:43.0 (20607735)|CONSTRUCTOR_ENTRY|[165]|01p36000005Jpvx|<init>(String,String,String,String,String,String,String)
19:01:43.0 (20613796)|VARIABLE_SCOPE_BEGIN|[1054]|this|shiva15testns.PermissionSetPortalControllers.PermissionSetClass|true|false
19:01:43.0 (20637121)|VARIABLE_ASSIGNMENT|[1054]|this|{}|0xc2f820a
19:01:43.0 (20640361)|VARIABLE_SCOPE_BEGIN|[1054]|label|String|false|false
19:01:43.0 (20644961)|VARIABLE_ASSIGNMENT|[1054]|label|"Final_Test"
19:01:43.0 (20646691)|VARIABLE_SCOPE_BEGIN|[1054]|apiName|String|false|false
19:01:43.0 (20649550)|VARIABLE_ASSIGNMENT|[1054]|apiName|"Final_Test"
19:01:43.0 (20651120)|VARIABLE_SCOPE_BEGIN|[1054]|id|String|false|false
19:01:43.0 (20655231)|VARIABLE_ASSIGNMENT|[1054]|id|"0PS360000016pyOGAQ"
19:01:43.0 (20656878)|VARIABLE_SCOPE_BEGIN|[1054]|description|String|false|false
19:01:43.0 (20659458)|VARIABLE_ASSIGNMENT|[1054]|description|"Descp"
19:01:43.0 (20661003)|VARIABLE_SCOPE_BEGIN|[1054]|namespacePrefix|String|false|false
19:01:43.0 (20663982)|VARIABLE_ASSIGNMENT|[1054]|namespacePrefix|"shiva15testns"
19:01:43.0 (20665720)|VARIABLE_SCOPE_BEGIN|[1054]|userLicenseId|String|false|false
19:01:43.0 (20668246)|VARIABLE_ASSIGNMENT|[1054]|userLicenseId|"Salesforce"
19:01:43.0 (20669781)|VARIABLE_SCOPE_BEGIN|[1054]|createdDate|String|false|false
19:01:43.0 (20672497)|VARIABLE_ASSIGNMENT|[1054]|createdDate|"2016-05-02 18:36:03"
19:01:43.0 (20675730)|STATEMENT_EXECUTE|[1037]
19:01:43.0 (20677294)|STATEMENT_EXECUTE|[1040]
19:01:43.0 (20678774)|STATEMENT_EXECUTE|[1042]
19:01:43.0 (20679905)|STATEMENT_EXECUTE|[1044]
19:01:43.0 (20681022)|STATEMENT_EXECUTE|[1046]
19:01:43.0 (20682112)|STATEMENT_EXECUTE|[1048]
19:01:43.0 (20683465)|STATEMENT_EXECUTE|[1050]
19:01:43.0 (20684560)|STATEMENT_EXECUTE|[1052]
19:01:43.0 (20697156)|STATEMENT_EXECUTE|[1055]
19:01:43.0 (20698743)|STATEMENT_EXECUTE|[1056]
19:01:43.0 (20720401)|VARIABLE_ASSIGNMENT|[EXTERNAL]|this|{}|0xc2f820a
19:01:43.0 (20725786)|VARIABLE_ASSIGNMENT|[EXTERNAL]|value|"Final_Test"
19:01:43.0 (20738798)|VARIABLE_ASSIGNMENT|[1040]|this.label|"Final_Test"|0xc2f820a
19:01:43.0 (20745050)|STATEMENT_EXECUTE|[1057]
19:01:43.0 (20766813)|VARIABLE_ASSIGNMENT|[EXTERNAL]|this|{"label":"Final_Test"}|0xc2f820a
19:01:43.0 (20771518)|VARIABLE_ASSIGNMENT|[EXTERNAL]|value|"Final_Test"
19:01:43.0 (20778335)|VARIABLE_ASSIGNMENT|[1042]|this.apiName|"Final_Test"|0xc2f820a
19:01:43.0 (20783706)|STATEMENT_EXECUTE|[1058]
19:01:43.0 (20804610)|VARIABLE_ASSIGNMENT|[EXTERNAL]|this|{"apiName":"Final_Test","label":"Final_Test"}|0xc2f820a
19:01:43.0 (20809299)|VARIABLE_ASSIGNMENT|[EXTERNAL]|value|"0PS360000016pyOGAQ"
19:01:43.0 (20816269)|VARIABLE_ASSIGNMENT|[1044]|this.id|"0PS360000016pyOGAQ"|0xc2f820a
19:01:43.0 (20821967)|STATEMENT_EXECUTE|[1059]
19:01:43.0 (20842797)|VARIABLE_ASSIGNMENT|[EXTERNAL]|this|{"apiName":"Final_Test","id":"0PS360000016pyOGAQ","label":"Final_Test"}|0xc2f820a
19:01:43.0 (20847371)|VARIABLE_ASSIGNMENT|[EXTERNAL]|value|"Descp"
19:01:43.0 (20854169)|VARIABLE_ASSIGNMENT|[1046]|this.description|"Descp"|0xc2f820a
19:01:43.0 (20859726)|STATEMENT_EXECUTE|[1060]
19:01:43.0 (20881333)|VARIABLE_ASSIGNMENT|[EXTERNAL]|this|{"apiName":"Final_Test","description":"Descp","id":"0PS360000016pyOGAQ","label":"Final_Test"}|0xc2f820a
19:01:43.0 (20886851)|VARIABLE_ASSIGNMENT|[EXTERNAL]|value|"shiva15testns"
19:01:43.0 (20898161)|VARIABLE_ASSIGNMENT|[1048]|this.namespacePrefix|"shiva15testns"|0xc2f820a
19:01:43.0 (20903973)|STATEMENT_EXECUTE|[1061]
19:01:43.0 (20926816)|VARIABLE_ASSIGNMENT|[EXTERNAL]|this|{"apiName":"Final_Test","description":"Descp","id":"0PS360000016pyOGAQ","label":"Final_Test","namespacePrefix":"shiva15testns"}|0xc2f820a
19:01:43.0 (20932148)|VARIABLE_ASSIGNMENT|[EXTERNAL]|value|"Salesforce"
19:01:43.0 (20939254)|VARIABLE_ASSIGNMENT|[1050]|this.userLicenseId|"Salesforce"|0xc2f820a
19:01:43.0 (20945024)|STATEMENT_EXECUTE|[1062]
19:01:43.0 (20967919)|VARIABLE_ASSIGNMENT|[EXTERNAL]|this|{"apiName":"Final_Test","description":"Descp","id":"0PS360000016pyOGAQ","label":"Final_Test","namespacePrefix":"shiva15testns","userLicenseId":"Salesforce"}|0xc2f820a
19:01:43.0 (20973268)|VARIABLE_ASSIGNMENT|[EXTERNAL]|value|"2016-05-02 18:36:03"
19:01:43.0 (20979693)|VARIABLE_ASSIGNMENT|[1052]|this.createdDate|"2016-05-02 18:36:03"|0xc2f820a
19:01:43.0 (20992987)|CONSTRUCTOR_EXIT|[165]|01p36000005Jpvx|<init>(String,String,String,String,String,String,String)
19:01:43.0 (21014920)|VARIABLE_ASSIGNMENT|[165]|pSetObj|{"apiName":"Final_Test","createdDate":"2016-05-02 18:36:03","description":"Descp","id":"0PS360000016pyOGAQ","label":"Final_Test","namespacePrefix":"shiva15testns","userLicenseId":"Salesforce"}|0xc2f820a
19:01:43.0 (21019977)|STATEMENT_EXECUTE|[167]
19:01:43.0 (21032772)|ENTERING_MANAGED_PKG|
19:01:43.0 (21037944)|HEAP_ALLOCATE|[EXTERNAL]|Bytes:4
19:01:43.0 (21043820)|STATEMENT_EXECUTE|[168]
19:01:43.0 (21058046)|ENTERING_MANAGED_PKG|
19:01:43.0 (21106429)|HEAP_ALLOCATE|[168]|Bytes:189
19:01:43.0 (21122591)|HEAP_ALLOCATE|[168]|Bytes:213
19:01:43.0 (21135404)|ENTERING_MANAGED_PKG|
19:01:43.0 (21151823)|USER_DEBUG|[168]|ERROR|The PermissionSet Name: PermissionSet:{Id=0PS360000016pyOGAQ, Label=Final_Test, Name=Final_Test, Description=Descp, NamespacePrefix=shiva15testns, UserLicenseId=10036000000eSpyAAE, CreatedDate=2016-05-03 01:36:03}
19:01:43.0 (21186350)|HEAP_ALLOCATE|[162]|Bytes:5
19:01:43.0 (21227584)|HEAP_ALLOCATE|[162]|Bytes:32
19:01:43.0 (21241500)|VARIABLE_SCOPE_BEGIN|[162]|PSetName|PermissionSet|true|false
19:01:43.0 (21272210)|VARIABLE_ASSIGNMENT|[162]|PSetName|{"s":1,"v":{"Id":"0PS360000016pzlGAA","Label":"Final_Error_Testing","Name":"Final_Error_Testing","Description":"Descp","NamespacePrefix":"shiva15testns","UserLicenseId":"10036000000eSpyAAE","CreatedDate":"2016-05-03T01:41:02.000Z"}}|0x4283ecce
19:01:43.0 (21277711)|STATEMENT_EXECUTE|[162]
19:01:43.0 (21302237)|ENTERING_MANAGED_PKG|
19:01:43.0 (21313754)|STATEMENT_EXECUTE|[163]
19:01:43.0 (21315515)|STATEMENT_EXECUTE|[164]
19:01:43.0 (21320322)|HEAP_ALLOCATE|[164]|Bytes:4
19:01:43.0 (21487699)|SOQL_EXECUTE_BEGIN|[164]|Aggregations:0|SELECT Id, Name FROM UserLicense WHERE Id = :tmpVar1
19:01:43.0 (22888236)|SOQL_EXECUTE_END|[164]|Rows:1
19:01:43.0 (22900188)|HEAP_ALLOCATE|[164]|Bytes:8
19:01:43.0 (22910067)|HEAP_ALLOCATE|[164]|Bytes:47
19:01:43.0 (22923721)|HEAP_ALLOCATE|[164]|Bytes:8
19:01:43.0 (22953719)|HEAP_ALLOCATE|[164]|Bytes:12
19:01:43.0 (22962188)|VARIABLE_SCOPE_BEGIN|[164]|ulicense|UserLicense|true|false
19:01:43.0 (22979696)|VARIABLE_ASSIGNMENT|[164]|ulicense|{"s":1,"v":{"Id":"10036000000eSpyAAE","Name":"Salesforce"}}|0x459309de
19:01:43.0 (22983463)|STATEMENT_EXECUTE|[165]
19:01:43.0 (22988781)|HEAP_ALLOCATE|[165]|Bytes:32
19:01:43.0 (23015485)|ENTERING_MANAGED_PKG|
19:01:43.0 (23021340)|HEAP_ALLOCATE|[165]|Bytes:18
19:01:43.0 (23049743)|ENTERING_MANAGED_PKG|
19:01:43.0 (23063701)|HEAP_ALLOCATE|[165]|Bytes:19
19:01:43.0 (23083884)|CONSTRUCTOR_ENTRY|[165]|01p36000005Jpvx|<init>(String,String,String,String,String,String,String)
19:01:43.0 (23089667)|VARIABLE_SCOPE_BEGIN|[1054]|this|shiva15testns.PermissionSetPortalControllers.PermissionSetClass|true|false
19:01:43.0 (23112410)|VARIABLE_ASSIGNMENT|[1054]|this|{}|0x542dd8a4
19:01:43.0 (23115810)|VARIABLE_SCOPE_BEGIN|[1054]|label|String|false|false
19:01:43.0 (23120621)|VARIABLE_ASSIGNMENT|[1054]|label|"Final_Error_Testing"
19:01:43.0 (23122502)|VARIABLE_SCOPE_BEGIN|[1054]|apiName|String|false|false
19:01:43.0 (23125369)|VARIABLE_ASSIGNMENT|[1054]|apiName|"Final_Error_Testing"
19:01:43.0 (23127033)|VARIABLE_SCOPE_BEGIN|[1054]|id|String|false|false
19:01:43.0 (23129955)|VARIABLE_ASSIGNMENT|[1054]|id|"0PS360000016pzlGAA"
19:01:43.0 (23131519)|VARIABLE_SCOPE_BEGIN|[1054]|description|String|false|false
19:01:43.0 (23134085)|VARIABLE_ASSIGNMENT|[1054]|description|"Descp"
19:01:43.0 (23135630)|VARIABLE_SCOPE_BEGIN|[1054]|namespacePrefix|String|false|false
19:01:43.0 (23138328)|VARIABLE_ASSIGNMENT|[1054]|namespacePrefix|"shiva15testns"
19:01:43.0 (23139869)|VARIABLE_SCOPE_BEGIN|[1054]|userLicenseId|String|false|false
19:01:43.0 (23142659)|VARIABLE_ASSIGNMENT|[1054]|userLicenseId|"Salesforce"
19:01:43.0 (23144187)|VARIABLE_SCOPE_BEGIN|[1054]|createdDate|String|false|false
19:01:43.0 (23151195)|VARIABLE_ASSIGNMENT|[1054]|createdDate|"2016-05-02 18:41:02"
19:01:43.0 (23154512)|STATEMENT_EXECUTE|[1037]
19:01:43.0 (23155971)|STATEMENT_EXECUTE|[1040]
19:01:43.0 (23157447)|STATEMENT_EXECUTE|[1042]
19:01:43.0 (23158650)|STATEMENT_EXECUTE|[1044]
19:01:43.0 (23159761)|STATEMENT_EXECUTE|[1046]
19:01:43.0 (23160828)|STATEMENT_EXECUTE|[1048]
19:01:43.0 (23161903)|STATEMENT_EXECUTE|[1050]
19:01:43.0 (23163043)|STATEMENT_EXECUTE|[1052]
19:01:43.0 (23175435)|STATEMENT_EXECUTE|[1055]
19:01:43.0 (23176944)|STATEMENT_EXECUTE|[1056]
19:01:43.0 (23198308)|VARIABLE_ASSIGNMENT|[EXTERNAL]|this|{}|0x542dd8a4
19:01:43.0 (23204112)|VARIABLE_ASSIGNMENT|[EXTERNAL]|value|"Final_Error_Testing"
19:01:43.0 (23212188)|VARIABLE_ASSIGNMENT|[1040]|this.label|"Final_Error_Testing"|0x542dd8a4
19:01:43.0 (23217950)|STATEMENT_EXECUTE|[1057]
19:01:43.0 (23239195)|VARIABLE_ASSIGNMENT|[EXTERNAL]|this|{"label":"Final_Error_Testing"}|0x542dd8a4
19:01:43.0 (23243810)|VARIABLE_ASSIGNMENT|[EXTERNAL]|value|"Final_Error_Testing"
19:01:43.0 (23251250)|VARIABLE_ASSIGNMENT|[1042]|this.apiName|"Final_Error_Testing"|0x542dd8a4
19:01:43.0 (23256639)|STATEMENT_EXECUTE|[1058]
19:01:43.0 (23277168)|VARIABLE_ASSIGNMENT|[EXTERNAL]|this|{"apiName":"Final_Error_Testing","label":"Final_Error_Testing"}|0x542dd8a4
19:01:43.0 (23282433)|VARIABLE_ASSIGNMENT|[EXTERNAL]|value|"0PS360000016pzlGAA"
19:01:43.0 (23289371)|VARIABLE_ASSIGNMENT|[1044]|this.id|"0PS360000016pzlGAA"|0x542dd8a4
19:01:43.0 (23294800)|STATEMENT_EXECUTE|[1059]
19:01:43.0 (23316009)|VARIABLE_ASSIGNMENT|[EXTERNAL]|this|{"apiName":"Final_Error_Testing","id":"0PS360000016pzlGAA","label":"Final_Error_Testing"}|0x542dd8a4
19:01:43.0 (23321312)|VARIABLE_ASSIGNMENT|[EXTERNAL]|value|"Descp"
19:01:43.0 (23327750)|VARIABLE_ASSIGNMENT|[1046]|this.description|"Descp"|0x542dd8a4
19:01:43.0 (23333308)|STATEMENT_EXECUTE|[1060]
19:01:43.0 (23354631)|VARIABLE_ASSIGNMENT|[EXTERNAL]|this|{"apiName":"Final_Error_Testing","description":"Descp","id":"0PS360000016pzlGAA","label":"Final_Error_Testing"}|0x542dd8a4
19:01:43.0 (23360403)|VARIABLE_ASSIGNMENT|[EXTERNAL]|value|"shiva15testns"
19:01:43.0 (23367139)|VARIABLE_ASSIGNMENT|[1048]|this.namespacePrefix|"shiva15testns"|0x542dd8a4
19:01:43.0 (23372691)|STATEMENT_EXECUTE|[1061]
19:01:43.0 (23394788)|VARIABLE_ASSIGNMENT|[EXTERNAL]|this|{"apiName":"Final_Error_Testing","description":"Descp","id":"0PS360000016pzlGAA","label":"Final_Error_Testing","namespacePrefix":"shiva15testns"}|0x542dd8a4
19:01:43.0 (23400066)|VARIABLE_ASSIGNMENT|[EXTERNAL]|value|"Salesforce"
19:01:43.0 (23406934)|VARIABLE_ASSIGNMENT|[1050]|this.userLicenseId|"Salesforce"|0x542dd8a4
19:01:43.0 (23412468)|STATEMENT_EXECUTE|[1062]
19:01:43.0 (23435204)|VARIABLE_ASSIGNMENT|[EXTERNAL]|this|{"apiName":"Final_Error_Testing","description":"Descp","id":"0PS360000016pzlGAA","label":"Final_Error_Testing","namespacePrefix":"shiva15testns","userLicenseId":"Salesforce"}|0x542dd8a4
19:01:43.0 (23440922)|VARIABLE_ASSIGNMENT|[EXTERNAL]|value|"2016-05-02 18:41:02"
19:01:43.0 (23447523)|VARIABLE_ASSIGNMENT|[1052]|this.createdDate|"2016-05-02 18:41:02"|0x542dd8a4
19:01:43.0 (23461368)|CONSTRUCTOR_EXIT|[165]|01p36000005Jpvx|<init>(String,String,String,String,String,String,String)
19:01:43.0 (23483804)|VARIABLE_ASSIGNMENT|[165]|pSetObj|{"apiName":"Final_Error_Testing","createdDate":"2016-05-02 18:41:02","description":"Descp","id":"0PS360000016pzlGAA","label":"Final_Error_Testing","namespacePrefix":"shiva15testns","userLicenseId":"Salesforce"}|0x542dd8a4
19:01:43.0 (23487731)|STATEMENT_EXECUTE|[167]
19:01:43.0 (23500455)|ENTERING_MANAGED_PKG|
19:01:43.0 (23505390)|HEAP_ALLOCATE|[EXTERNAL]|Bytes:4
19:01:43.0 (23511259)|STATEMENT_EXECUTE|[168]
19:01:43.0 (23525122)|ENTERING_MANAGED_PKG|
19:01:43.0 (23571662)|HEAP_ALLOCATE|[168]|Bytes:207
19:01:43.0 (23587478)|HEAP_ALLOCATE|[168]|Bytes:231
19:01:43.0 (23600554)|ENTERING_MANAGED_PKG|
19:01:43.0 (23616776)|USER_DEBUG|[168]|ERROR|The PermissionSet Name: PermissionSet:{Id=0PS360000016pzlGAA, Label=Final_Error_Testing, Name=Final_Error_Testing, Description=Descp, NamespacePrefix=shiva15testns, UserLicenseId=10036000000eSpyAAE, CreatedDate=2016-05-03 01:41:02}
19:01:43.0 (23636024)|HEAP_ALLOCATE|[162]|Bytes:5
19:01:43.0 (23660694)|HEAP_ALLOCATE|[162]|Bytes:32
19:01:43.0 (23669566)|VARIABLE_SCOPE_BEGIN|[162]|PSetName|PermissionSet|true|false
19:01:43.0 (23699716)|VARIABLE_ASSIGNMENT|[162]|PSetName|{"s":1,"v":{"Id":"0PS360000016q17GAA","Label":"PSet_Trying_tesy","Name":"PSet_Trying_tesy","Description":"Descp","NamespacePrefix":"shiva15testns","UserLicenseId":"10036000000eSpyAAE","CreatedDate":"2016-05-03T01:43:28.000Z"}}|0x2328eb85
19:01:43.0 (23705718)|STATEMENT_EXECUTE|[162]
19:01:43.0 (23728996)|ENTERING_MANAGED_PKG|
19:01:43.0 (23744269)|STATEMENT_EXECUTE|[163]
19:01:43.0 (23745990)|STATEMENT_EXECUTE|[164]
19:01:43.0 (23750808)|HEAP_ALLOCATE|[164]|Bytes:4
19:01:43.0 (23896778)|SOQL_EXECUTE_BEGIN|[164]|Aggregations:0|SELECT Id, Name FROM UserLicense WHERE Id = :tmpVar1
19:01:43.0 (25201136)|SOQL_EXECUTE_END|[164]|Rows:1
19:01:43.0 (25213453)|HEAP_ALLOCATE|[164]|Bytes:8
19:01:43.0 (25223268)|HEAP_ALLOCATE|[164]|Bytes:47
19:01:43.0 (25236929)|HEAP_ALLOCATE|[164]|Bytes:8
19:01:43.0 (25266418)|HEAP_ALLOCATE|[164]|Bytes:12
19:01:43.0 (25274848)|VARIABLE_SCOPE_BEGIN|[164]|ulicense|UserLicense|true|false
19:01:43.0 (25292570)|VARIABLE_ASSIGNMENT|[164]|ulicense|{"s":1,"v":{"Id":"10036000000eSpyAAE","Name":"Salesforce"}}|0x46522d8f
19:01:43.0 (25296726)|STATEMENT_EXECUTE|[165]
19:01:43.0 (25301953)|HEAP_ALLOCATE|[165]|Bytes:32
19:01:43.0 (25328059)|ENTERING_MANAGED_PKG|
19:01:43.0 (25332900)|HEAP_ALLOCATE|[165]|Bytes:18
19:01:43.0 (25360961)|ENTERING_MANAGED_PKG|
19:01:43.0 (25375195)|HEAP_ALLOCATE|[165]|Bytes:19
19:01:43.0 (25395341)|CONSTRUCTOR_ENTRY|[165]|01p36000005Jpvx|<init>(String,String,String,String,String,String,String)
19:01:43.0 (25404690)|VARIABLE_SCOPE_BEGIN|[1054]|this|shiva15testns.PermissionSetPortalControllers.PermissionSetClass|true|false
19:01:43.0 (25427693)|VARIABLE_ASSIGNMENT|[1054]|this|{}|0x75ad6e54
19:01:43.0 (25430823)|VARIABLE_SCOPE_BEGIN|[1054]|label|String|false|false
19:01:43.0 (25435564)|VARIABLE_ASSIGNMENT|[1054]|label|"PSet_Trying_tesy"
19:01:43.0 (25437311)|VARIABLE_SCOPE_BEGIN|[1054]|apiName|String|false|false
19:01:43.0 (25440389)|VARIABLE_ASSIGNMENT|[1054]|apiName|"PSet_Trying_tesy"
19:01:43.0 (25442006)|VARIABLE_SCOPE_BEGIN|[1054]|id|String|false|false
19:01:43.0 (25444943)|VARIABLE_ASSIGNMENT|[1054]|id|"0PS360000016q17GAA"
19:01:43.0 (25446501)|VARIABLE_SCOPE_BEGIN|[1054]|description|String|false|false
19:01:43.0 (25449444)|VARIABLE_ASSIGNMENT|[1054]|description|"Descp"
19:01:43.0 (25450995)|VARIABLE_SCOPE_BEGIN|[1054]|namespacePrefix|String|false|false
19:01:43.0 (25454077)|VARIABLE_ASSIGNMENT|[1054]|namespacePrefix|"shiva15testns"
19:01:43.0 (25455684)|VARIABLE_SCOPE_BEGIN|[1054]|userLicenseId|String|false|false
19:01:43.0 (25458253)|VARIABLE_ASSIGNMENT|[1054]|userLicenseId|"Salesforce"
19:01:43.0 (25459740)|VARIABLE_SCOPE_BEGIN|[1054]|createdDate|String|false|false
19:01:43.0 (25462476)|VARIABLE_ASSIGNMENT|[1054]|createdDate|"2016-05-02 18:43:28"
19:01:43.0 (25465607)|STATEMENT_EXECUTE|[1037]
19:01:43.0 (25467013)|STATEMENT_EXECUTE|[1040]
19:01:43.0 (25468494)|STATEMENT_EXECUTE|[1042]
19:01:43.0 (25469629)|STATEMENT_EXECUTE|[1044]
19:01:43.0 (25470712)|STATEMENT_EXECUTE|[1046]
19:01:43.0 (25471804)|STATEMENT_EXECUTE|[1048]
19:01:43.0 (25473014)|STATEMENT_EXECUTE|[1050]
19:01:43.0 (25474106)|STATEMENT_EXECUTE|[1052]
19:01:43.0 (25486341)|STATEMENT_EXECUTE|[1055]
19:01:43.0 (25488313)|STATEMENT_EXECUTE|[1056]
19:01:43.0 (25523689)|VARIABLE_ASSIGNMENT|[EXTERNAL]|this|{}|0x75ad6e54
19:01:43.0 (25534875)|VARIABLE_ASSIGNMENT|[EXTERNAL]|value|"PSet_Trying_tesy"
19:01:43.0 (25550636)|VARIABLE_ASSIGNMENT|[1040]|this.label|"PSet_Trying_tesy"|0x75ad6e54
19:01:43.0 (25562232)|STATEMENT_EXECUTE|[1057]
19:01:43.0 (25590186)|VARIABLE_ASSIGNMENT|[EXTERNAL]|this|{"label":"PSet_Trying_tesy"}|0x75ad6e54
19:01:43.0 (25595574)|VARIABLE_ASSIGNMENT|[EXTERNAL]|value|"PSet_Trying_tesy"
19:01:43.0 (25602748)|VARIABLE_ASSIGNMENT|[1042]|this.apiName|"PSet_Trying_tesy"|0x75ad6e54
19:01:43.0 (25608830)|STATEMENT_EXECUTE|[1058]
19:01:43.0 (25631088)|VARIABLE_ASSIGNMENT|[EXTERNAL]|this|{"apiName":"PSet_Trying_tesy","label":"PSet_Trying_tesy"}|0x75ad6e54
19:01:43.0 (25635941)|VARIABLE_ASSIGNMENT|[EXTERNAL]|value|"0PS360000016q17GAA"
19:01:43.0 (25642667)|VARIABLE_ASSIGNMENT|[1044]|this.id|"0PS360000016q17GAA"|0x75ad6e54
19:01:43.0 (25648548)|STATEMENT_EXECUTE|[1059]
19:01:43.0 (25670090)|VARIABLE_ASSIGNMENT|[EXTERNAL]|this|{"apiName":"PSet_Trying_tesy","id":"0PS360000016q17GAA","label":"PSet_Trying_tesy"}|0x75ad6e54
19:01:43.0 (25675291)|VARIABLE_ASSIGNMENT|[EXTERNAL]|value|"Descp"
19:01:43.0 (25681891)|VARIABLE_ASSIGNMENT|[1046]|this.description|"Descp"|0x75ad6e54
19:01:43.0 (25687496)|STATEMENT_EXECUTE|[1060]
19:01:43.0 (25709214)|VARIABLE_ASSIGNMENT|[EXTERNAL]|this|{"apiName":"PSet_Trying_tesy","description":"Descp","id":"0PS360000016q17GAA","label":"PSet_Trying_tesy"}|0x75ad6e54
19:01:43.0 (25714543)|VARIABLE_ASSIGNMENT|[EXTERNAL]|value|"shiva15testns"
19:01:43.0 (25721211)|VARIABLE_ASSIGNMENT|[1048]|this.namespacePrefix|"shiva15testns"|0x75ad6e54
19:01:43.0 (25726873)|STATEMENT_EXECUTE|[1061]
19:01:43.0 (25754302)|VARIABLE_ASSIGNMENT|[EXTERNAL]|this|{"apiName":"PSet_Trying_tesy","description":"Descp","id":"0PS360000016q17GAA","label":"PSet_Trying_tesy","namespacePrefix":"shiva15testns"}|0x75ad6e54
19:01:43.0 (25759615)|VARIABLE_ASSIGNMENT|[EXTERNAL]|value|"Salesforce"
19:01:43.0 (25766481)|VARIABLE_ASSIGNMENT|[1050]|this.userLicenseId|"Salesforce"|0x75ad6e54
19:01:43.0 (25772441)|STATEMENT_EXECUTE|[1062]
19:01:43.0 (25795858)|VARIABLE_ASSIGNMENT|[EXTERNAL]|this|{"apiName":"PSet_Trying_tesy","description":"Descp","id":"0PS360000016q17GAA","label":"PSet_Trying_tesy","namespacePrefix":"shiva15testns","userLicenseId":"Salesforce"}|0x75ad6e54
19:01:43.0 (25801382)|VARIABLE_ASSIGNMENT|[EXTERNAL]|value|"2016-05-02 18:43:28"
19:01:43.0 (25808046)|VARIABLE_ASSIGNMENT|[1052]|this.createdDate|"2016-05-02 18:43:28"|0x75ad6e54
19:01:43.0 (25821896)|CONSTRUCTOR_EXIT|[165]|01p36000005Jpvx|<init>(String,String,String,String,String,String,String)
19:01:43.0 (25844342)|VARIABLE_ASSIGNMENT|[165]|pSetObj|{"apiName":"PSet_Trying_tesy","createdDate":"2016-05-02 18:43:28","description":"Descp","id":"0PS360000016q17GAA","label":"PSet_Trying_tesy","namespacePrefix":"shiva15testns","userLicenseId":"Salesforce"}|0x75ad6e54
19:01:43.0 (25848302)|STATEMENT_EXECUTE|[167]
19:01:43.0 (25861275)|ENTERING_MANAGED_PKG|
19:01:43.0 (25866366)|HEAP_ALLOCATE|[EXTERNAL]|Bytes:4
19:01:43.0 (25872205)|STATEMENT_EXECUTE|[168]
19:01:43.0 (25886282)|ENTERING_MANAGED_PKG|
19:01:43.0 (25934315)|HEAP_ALLOCATE|[168]|Bytes:201
19:01:43.0 (25950629)|HEAP_ALLOCATE|[168]|Bytes:225
19:01:43.0 (25967202)|ENTERING_MANAGED_PKG|
19:01:43.0 (25983848)|USER_DEBUG|[168]|ERROR|The PermissionSet Name: PermissionSet:{Id=0PS360000016q17GAA, Label=PSet_Trying_tesy, Name=PSet_Trying_tesy, Description=Descp, NamespacePrefix=shiva15testns, UserLicenseId=10036000000eSpyAAE, CreatedDate=2016-05-03 01:43:28}
19:01:43.0 (26019352)|HEAP_ALLOCATE|[162]|Bytes:5
19:01:43.0 (26047785)|HEAP_ALLOCATE|[162]|Bytes:32
19:01:43.0 (26056740)|VARIABLE_SCOPE_BEGIN|[162]|PSetName|PermissionSet|true|false
19:01:43.0 (26086471)|VARIABLE_ASSIGNMENT|[162]|PSetName|{"s":1,"v":{"Id":"0PS360000016q1MGAQ","Label":"Testing_PSet","Name":"Testing_PSet","Description":"Descp","NamespacePrefix":"shiva15testns","UserLicenseId":"10036000000eSpyAAE","CreatedDate":"2016-05-03T01:46:27.000Z"}}|0x2d2cfb80
19:01:43.0 (26092003)|STATEMENT_EXECUTE|[162]
19:01:43.0 (26115989)|ENTERING_MANAGED_PKG|
19:01:43.0 (26126496)|STATEMENT_EXECUTE|[163]
19:01:43.0 (26128556)|STATEMENT_EXECUTE|[164]
19:01:43.0 (26133468)|HEAP_ALLOCATE|[164]|Bytes:4
19:01:43.0 (26290410)|SOQL_EXECUTE_BEGIN|[164]|Aggregations:0|SELECT Id, Name FROM UserLicense WHERE Id = :tmpVar1
19:01:43.0 (27777793)|SOQL_EXECUTE_END|[164]|Rows:1
19:01:43.0 (27789936)|HEAP_ALLOCATE|[164]|Bytes:8
19:01:43.0 (27799911)|HEAP_ALLOCATE|[164]|Bytes:47
19:01:43.0 (27814874)|HEAP_ALLOCATE|[164]|Bytes:8
19:01:43.0 (27845121)|HEAP_ALLOCATE|[164]|Bytes:12
19:01:43.0 (27853521)|VARIABLE_SCOPE_BEGIN|[164]|ulicense|UserLicense|true|false
19:01:43.0 (27870702)|VARIABLE_ASSIGNMENT|[164]|ulicense|{"s":1,"v":{"Id":"10036000000eSpyAAE","Name":"Salesforce"}}|0x31bfb9ea
19:01:43.0 (27874454)|STATEMENT_EXECUTE|[165]
19:01:43.0 (27879804)|HEAP_ALLOCATE|[165]|Bytes:32
19:01:43.0 (27906007)|ENTERING_MANAGED_PKG|
19:01:43.0 (27910955)|HEAP_ALLOCATE|[165]|Bytes:18
19:01:43.0 (27939340)|ENTERING_MANAGED_PKG|
19:01:43.0 (27953286)|HEAP_ALLOCATE|[165]|Bytes:19
19:01:43.0 (27973249)|CONSTRUCTOR_ENTRY|[165]|01p36000005Jpvx|<init>(String,String,String,String,String,String,String)
19:01:43.0 (27979055)|VARIABLE_SCOPE_BEGIN|[1054]|this|shiva15testns.PermissionSetPortalControllers.PermissionSetClass|true|false
19:01:43.0 (28001584)|VARIABLE_ASSIGNMENT|[1054]|this|{}|0x3ae36a9
19:01:43.0 (28008804)|VARIABLE_SCOPE_BEGIN|[1054]|label|String|false|false
19:01:43.0 (28014096)|VARIABLE_ASSIGNMENT|[1054]|label|"Testing_PSet"
19:01:43.0 (28016002)|VARIABLE_SCOPE_BEGIN|[1054]|apiName|String|false|false
19:01:43.0 (28018876)|VARIABLE_ASSIGNMENT|[1054]|apiName|"Testing_PSet"
19:01:43.0 (28020524)|VARIABLE_SCOPE_BEGIN|[1054]|id|String|false|false
19:01:43.0 (28023505)|VARIABLE_ASSIGNMENT|[1054]|id|"0PS360000016q1MGAQ"
19:01:43.0 (28025046)|VARIABLE_SCOPE_BEGIN|[1054]|description|String|false|false
19:01:43.0 (28027764)|VARIABLE_ASSIGNMENT|[1054]|description|"Descp"
19:01:43.0 (28029286)|VARIABLE_SCOPE_BEGIN|[1054]|namespacePrefix|String|false|false
19:01:43.0 (28032255)|VARIABLE_ASSIGNMENT|[1054]|namespacePrefix|"shiva15testns"
19:01:43.0 (28033859)|VARIABLE_SCOPE_BEGIN|[1054]|userLicenseId|String|false|false
19:01:43.0 (28036560)|VARIABLE_ASSIGNMENT|[1054]|userLicenseId|"Salesforce"
19:01:43.0 (28038099)|VARIABLE_SCOPE_BEGIN|[1054]|createdDate|String|false|false
19:01:43.0 (28041023)|VARIABLE_ASSIGNMENT|[1054]|createdDate|"2016-05-02 18:46:27"
19:01:43.0 (28044520)|STATEMENT_EXECUTE|[1037]
19:01:43.0 (28045939)|STATEMENT_EXECUTE|[1040]
19:01:43.0 (28047413)|STATEMENT_EXECUTE|[1042]
19:01:43.0 (28048531)|STATEMENT_EXECUTE|[1044]
19:01:43.0 (28049615)|STATEMENT_EXECUTE|[1046]
19:01:43.0 (28050681)|STATEMENT_EXECUTE|[1048]
19:01:43.0 (28051788)|STATEMENT_EXECUTE|[1050]
19:01:43.0 (28052897)|STATEMENT_EXECUTE|[1052]
19:01:43.0 (28065329)|STATEMENT_EXECUTE|[1055]
19:01:43.0 (28066861)|STATEMENT_EXECUTE|[1056]
19:01:43.0 (28088402)|VARIABLE_ASSIGNMENT|[EXTERNAL]|this|{}|0x3ae36a9
19:01:43.0 (28093759)|VARIABLE_ASSIGNMENT|[EXTERNAL]|value|"Testing_PSet"
19:01:43.0 (28102085)|VARIABLE_ASSIGNMENT|[1040]|this.label|"Testing_PSet"|0x3ae36a9
19:01:43.0 (28108017)|STATEMENT_EXECUTE|[1057]
19:01:43.0 (28129558)|VARIABLE_ASSIGNMENT|[EXTERNAL]|this|{"label":"Testing_PSet"}|0x3ae36a9
19:01:43.0 (28134391)|VARIABLE_ASSIGNMENT|[EXTERNAL]|value|"Testing_PSet"
19:01:43.0 (28140998)|VARIABLE_ASSIGNMENT|[1042]|this.apiName|"Testing_PSet"|0x3ae36a9
19:01:43.0 (28146966)|STATEMENT_EXECUTE|[1058]
19:01:43.0 (28168493)|VARIABLE_ASSIGNMENT|[EXTERNAL]|this|{"apiName":"Testing_PSet","label":"Testing_PSet"}|0x3ae36a9
19:01:43.0 (28173294)|VARIABLE_ASSIGNMENT|[EXTERNAL]|value|"0PS360000016q1MGAQ"
19:01:43.0 (28180004)|VARIABLE_ASSIGNMENT|[1044]|this.id|"0PS360000016q1MGAQ"|0x3ae36a9
19:01:43.0 (28185501)|STATEMENT_EXECUTE|[1059]
19:01:43.0 (28206413)|VARIABLE_ASSIGNMENT|[EXTERNAL]|this|{"apiName":"Testing_PSet","id":"0PS360000016q1MGAQ","label":"Testing_PSet"}|0x3ae36a9
19:01:43.0 (28211231)|VARIABLE_ASSIGNMENT|[EXTERNAL]|value|"Descp"
19:01:43.0 (28217720)|VARIABLE_ASSIGNMENT|[1046]|this.description|"Descp"|0x3ae36a9
19:01:43.0 (28223413)|STATEMENT_EXECUTE|[1060]
19:01:43.0 (28244787)|VARIABLE_ASSIGNMENT|[EXTERNAL]|this|{"apiName":"Testing_PSet","description":"Descp","id":"0PS360000016q1MGAQ","label":"Testing_PSet"}|0x3ae36a9
19:01:43.0 (28249929)|VARIABLE_ASSIGNMENT|[EXTERNAL]|value|"shiva15testns"
19:01:43.0 (28256664)|VARIABLE_ASSIGNMENT|[1048]|this.namespacePrefix|"shiva15testns"|0x3ae36a9
19:01:43.0 (28262458)|STATEMENT_EXECUTE|[1061]
19:01:43.0 (28287955)|VARIABLE_ASSIGNMENT|[EXTERNAL]|this|{"apiName":"Testing_PSet","description":"Descp","id":"0PS360000016q1MGAQ","label":"Testing_PSet","namespacePrefix":"shiva15testns"}|0x3ae36a9
19:01:43.0 (28293087)|VARIABLE_ASSIGNMENT|[EXTERNAL]|value|"Salesforce"
19:01:43.0 (28299745)|VARIABLE_ASSIGNMENT|[1050]|this.userLicenseId|"Salesforce"|0x3ae36a9
19:01:43.0 (28305589)|STATEMENT_EXECUTE|[1062]
19:01:43.0 (28331569)|VARIABLE_ASSIGNMENT|[EXTERNAL]|this|{"apiName":"Testing_PSet","description":"Descp","id":"0PS360000016q1MGAQ","label":"Testing_PSet","namespacePrefix":"shiva15testns","userLicenseId":"Salesforce"}|0x3ae36a9
19:01:43.0 (28337658)|VARIABLE_ASSIGNMENT|[EXTERNAL]|value|"2016-05-02 18:46:27"
19:01:43.0 (28344835)|VARIABLE_ASSIGNMENT|[1052]|this.createdDate|"2016-05-02 18:46:27"|0x3ae36a9
19:01:43.0 (28358662)|CONSTRUCTOR_EXIT|[165]|01p36000005Jpvx|<init>(String,String,String,String,String,String,String)
19:01:43.0 (28380793)|VARIABLE_ASSIGNMENT|[165]|pSetObj|{"apiName":"Testing_PSet","createdDate":"2016-05-02 18:46:27","description":"Descp","id":"0PS360000016q1MGAQ","label":"Testing_PSet","namespacePrefix":"shiva15testns","userLicenseId":"Salesforce"}|0x3ae36a9
19:01:43.0 (28384827)|STATEMENT_EXECUTE|[167]
19:01:43.0 (28397437)|ENTERING_MANAGED_PKG|
19:01:43.0 (28402266)|HEAP_ALLOCATE|[EXTERNAL]|Bytes:4
19:01:43.0 (28408132)|STATEMENT_EXECUTE|[168]
19:01:43.0 (28421835)|ENTERING_MANAGED_PKG|
19:01:43.0 (28469790)|HEAP_ALLOCATE|[168]|Bytes:193
19:01:43.0 (28485898)|HEAP_ALLOCATE|[168]|Bytes:217
19:01:43.0 (28498634)|ENTERING_MANAGED_PKG|
19:01:43.0 (28514818)|USER_DEBUG|[168]|ERROR|The PermissionSet Name: PermissionSet:{Id=0PS360000016q1MGAQ, Label=Testing_PSet, Name=Testing_PSet, Description=Descp, NamespacePrefix=shiva15testns, UserLicenseId=10036000000eSpyAAE, CreatedDate=2016-05-03 01:46:27}
19:01:43.0 (28534396)|HEAP_ALLOCATE|[162]|Bytes:5
19:01:43.0 (28549417)|VARIABLE_ASSIGNMENT|[162]|PSetName|null|
19:01:43.0 (28553220)|STATEMENT_EXECUTE|[171]
19:01:43.0 (28570839)|SYSTEM_MODE_EXIT|false
19:01:43.28 (28621659)|CUMULATIVE_LIMIT_USAGE
19:01:43.28 (28621659)|LIMIT_USAGE_FOR_NS|(default)|
  Number of SOQL queries: 0 out of 100
  Number of query rows: 0 out of 50000
  Number of SOSL queries: 0 out of 20
  Number of DML statements: 0 out of 150
  Number of DML rows: 0 out of 10000
  Maximum CPU time: 0 out of 10000
  Maximum heap size: 0 out of 6000000
  Number of callouts: 0 out of 100
  Number of Email Invocations: 0 out of 10
  Number of future calls: 0 out of 50
  Number of queueable jobs added to the queue: 0 out of 50
  Number of Mobile Apex push calls: 0 out of 10

19:01:43.28 (28621659)|LIMIT_USAGE_FOR_NS|shiva15testns|
  Number of SOQL queries: 6 out of 100
  Number of query rows: 46 out of 50000
  Number of SOSL queries: 0 out of 20
  Number of DML statements: 0 out of 150
  Number of DML rows: 0 out of 10000
  Maximum CPU time: 0 out of 10000
  Maximum heap size: 0 out of 6000000
  Number of callouts: 0 out of 100
  Number of Email Invocations: 0 out of 10
  Number of future calls: 0 out of 50
  Number of queueable jobs added to the queue: 0 out of 50
  Number of Mobile Apex push calls: 0 out of 10

19:01:43.28 (28621659)|CUMULATIVE_LIMIT_USAGE_END

19:01:43.0 (28677587)|CODE_UNIT_FINISHED|PermissionSetPortalControllers.getAllPermissionSets
19:01:43.0 (31162577)|EXECUTION_FINISHED
19:01:43.33 (33674722)|EXECUTION_STARTED
19:01:43.33 (33682653)|CODE_UNIT_STARTED|[EXTERNAL]|Aura
19:01:43.33 (33735257)|CODE_UNIT_FINISHED|Aura
19:01:43.33 (35182327)|EXECUTION_FINISHED
19:01:43.36 (36606221)|EXECUTION_STARTED
19:01:43.36 (36612632)|CODE_UNIT_STARTED|[EXTERNAL]|Aura
19:01:43.36 (36659000)|CODE_UNIT_FINISHED|Aura
19:01:43.36 (38187220)|EXECUTION_FINISHED
19:01:43.39 (39650530)|EXECUTION_STARTED
19:01:43.39 (39656652)|CODE_UNIT_STARTED|[EXTERNAL]|Aura
19:01:43.39 (39696411)|CODE_UNIT_FINISHED|Aura
19:01:43.39 (41169301)|EXECUTION_FINISHED
19:01:43.42 (42589949)|EXECUTION_STARTED
19:01:43.42 (42596255)|CODE_UNIT_STARTED|[EXTERNAL]|Aura
19:01:43.42 (42640200)|CODE_UNIT_FINISHED|Aura
19:01:43.42 (44227155)|EXECUTION_FINISHED
19:01:43.45 (45682146)|EXECUTION_STARTED
19:01:43.45 (45688164)|CODE_UNIT_STARTED|[EXTERNAL]|Aura
19:01:43.45 (45728747)|CODE_UNIT_FINISHED|Aura
19:01:43.45 (47270996)|EXECUTION_FINISHED
