36.0 APEX_CODE,FINEST;APEX_PROFILING,INFO;CALLOUT,INFO;DB,INFO;SYSTEM,DEBUG;VALIDATION,INFO;VISUALFORCE,INFO;WORKFLOW,INFO
18:45:56.0 (457130)|HEAP_ALLOCATE|[72]|Bytes:3
18:45:56.0 (551879)|HEAP_ALLOCATE|[77]|Bytes:152
18:45:56.0 (572662)|HEAP_ALLOCATE|[342]|Bytes:408
18:45:56.0 (591676)|HEAP_ALLOCATE|[355]|Bytes:408
18:45:56.0 (608939)|HEAP_ALLOCATE|[467]|Bytes:48
18:45:56.2 (2316967)|STATEMENT_EXECUTE|[1]
18:45:56.2 (2356835)|HEAP_ALLOCATE|[50]|Bytes:5
18:45:56.2 (2385297)|HEAP_ALLOCATE|[56]|Bytes:5
18:45:56.2 (2395062)|HEAP_ALLOCATE|[64]|Bytes:7
18:45:56.2 (2419086)|SYSTEM_MODE_ENTER|false
18:45:56.2 (2438216)|HEAP_ALLOCATE|[9]|Bytes:5
18:45:56.2 (2442439)|STATEMENT_EXECUTE|[9]
18:45:56.2 (2450955)|HEAP_ALLOCATE|[9]|Bytes:4
18:45:56.2 (2475269)|ENTERING_MANAGED_PKG|
18:45:56.2 (2572510)|VARIABLE_ASSIGNMENT|[9]|PermissionSetPortalControllers.contactsField|{"s":1,"v":[]}|0x2b6c2230
18:45:56.2 (2578078)|STATEMENT_EXECUTE|[10]
18:45:56.2 (2583437)|HEAP_ALLOCATE|[10]|Bytes:4
18:45:56.2 (2597161)|ENTERING_MANAGED_PKG|
18:45:56.2 (2631802)|VARIABLE_ASSIGNMENT|[10]|PermissionSetPortalControllers.accountField|{"s":1,"v":[]}|0x767a26be
18:45:56.2 (2636080)|STATEMENT_EXECUTE|[950]
18:45:56.2 (2638114)|STATEMENT_EXECUTE|[979]
18:45:56.2 (2639374)|STATEMENT_EXECUTE|[1007]
18:45:56.2 (2640751)|STATEMENT_EXECUTE|[1036]
18:45:56.2 (2641915)|STATEMENT_EXECUTE|[1052]
18:45:56.2 (2642999)|STATEMENT_EXECUTE|[1069]
18:45:56.2 (2644082)|STATEMENT_EXECUTE|[1080]
18:45:56.2 (2645176)|STATEMENT_EXECUTE|[1085]
18:45:56.2 (2652934)|SYSTEM_MODE_EXIT|false
18:45:56.2 (2665037)|METHOD_EXIT|[1]|PermissionSetPortalControllers
18:45:56.2 (2672103)|HEAP_ALLOCATE|[EXTERNAL]|Bytes:31
18:45:56.2 (2674886)|HEAP_ALLOCATE|[EXTERNAL]|Bytes:18
18:45:56.2 (2682644)|SYSTEM_MODE_ENTER|false
18:45:56.2 (2693845)|VARIABLE_SCOPE_BEGIN|[403]|selectedObject|String|false|false
18:45:56.2 (2704468)|VARIABLE_ASSIGNMENT|[403]|selectedObject|"shiva15testns__custo (11 more) ..."
18:45:56.2 (2708239)|VARIABLE_SCOPE_BEGIN|[403]|selectedPSet|String|false|false
18:45:56.2 (2712246)|VARIABLE_ASSIGNMENT|[403]|selectedPSet|"0PS36000000q71PGAQ"
18:45:56.2 (2727784)|HEAP_ALLOCATE|[404]|Bytes:5
18:45:56.2 (2731958)|STATEMENT_EXECUTE|[403]
18:45:56.2 (2733436)|STATEMENT_EXECUTE|[404]
18:45:56.2 (2734784)|STATEMENT_EXECUTE|[404]
18:45:56.2 (2736010)|STATEMENT_EXECUTE|[405]
18:45:56.2 (2742021)|HEAP_ALLOCATE|[405]|Bytes:4
18:45:56.2 (2811721)|ENTERING_MANAGED_PKG|
18:45:56.2 (2830389)|VARIABLE_SCOPE_BEGIN|[405]|listOfFieldsForSorting|List<shiva15testns.PermissionSetPortalControllers.FieldDetailsClass>|true|false
18:45:56.2 (2863832)|HEAP_ALLOCATE|[EXTERNAL]|Bytes:4
18:45:56.2 (2877924)|VARIABLE_ASSIGNMENT|[405]|listOfFieldsForSorting|{"s":1,"v":[]}|0x304cb01f
18:45:56.2 (2881588)|STATEMENT_EXECUTE|[406]
18:45:56.2 (2911606)|ENTERING_MANAGED_PKG|
18:45:56.2 (22432883)|HEAP_ALLOCATE|[406]|Bytes:1420
18:45:56.2 (22448557)|VARIABLE_SCOPE_BEGIN|[406]|schemaMap|Map<String,Schema.SObjectType>|true|false
18:45:56.2 (22678619)|VARIABLE_ASSIGNMENT|[406]|schemaMap|"{acceptedeventrelation=AcceptedEventRelation, account=Account, accountcleaninfo=AccountCleanInfo, accountcontactrole=AccountContactRole, accountfeed=AccountFeed, accounthistory=AccountHistory, accountpartner=AccountPartner, accountshare=AccountShare, actionlinkgrouptemplate=ActionLinkGroupTemplate, actionlinktemplate=ActionLinkTemplate, ...}"|0x7a7b6984
18:45:56.2 (22686403)|STATEMENT_EXECUTE|[407]
18:45:56.2 (22692848)|HEAP_ALLOCATE|[407]|Bytes:4
18:45:56.2 (22707308)|ENTERING_MANAGED_PKG|
18:45:56.2 (22726466)|VARIABLE_SCOPE_BEGIN|[407]|individualObjectAllFieldsList|List<shiva15testns.PermissionSetPortalControllers.FieldDetailsClass>|true|false
18:45:56.2 (22737904)|HEAP_ALLOCATE|[EXTERNAL]|Bytes:4
18:45:56.2 (22749551)|VARIABLE_ASSIGNMENT|[407]|individualObjectAllFieldsList|{"s":1,"v":[]}|0x5d13ffa3
18:45:56.2 (22752993)|STATEMENT_EXECUTE|[408]
18:45:56.2 (22795218)|VARIABLE_SCOPE_BEGIN|[408]|fieldClassObj|shiva15testns.PermissionSetPortalControllers.FieldDetailsClass|true|false
18:45:56.2 (22804072)|VARIABLE_ASSIGNMENT|[408]|fieldClassObj|null|
18:45:56.2 (22823181)|ENTERING_MANAGED_PKG|
18:45:56.2 (22857351)|STATEMENT_EXECUTE|[413]
18:45:56.2 (22860222)|STATEMENT_EXECUTE|[415]
18:45:56.2 (22872544)|ENTERING_MANAGED_PKG|
18:45:56.2 (23165200)|HEAP_ALLOCATE|[415]|Bytes:4
18:45:56.2 (23837946)|HEAP_ALLOCATE|[415]|Bytes:40
18:45:56.2 (23850329)|VARIABLE_SCOPE_BEGIN|[415]|IndividiaulfieldMap|Map<String,Schema.SObjectField>|true|false
18:45:56.2 (23978753)|VARIABLE_ASSIGNMENT|[415]|IndividiaulfieldMap|"{createdbyid=CreatedById, createddate=CreatedDate, id=Id, isdeleted=IsDeleted, lastmodifiedbyid=LastModifiedById, lastmodifieddate=LastModifiedDate, name=Name, ownerid=OwnerId, systemmodstamp=SystemModstamp}"|0x14dea6e
18:45:56.2 (23998906)|ENTERING_MANAGED_PKG|
18:45:56.2 (24022689)|STATEMENT_EXECUTE|[417]
18:45:56.2 (24026059)|STATEMENT_EXECUTE|[419]
18:45:56.2 (24036954)|METHOD_ENTRY|[419]|01p36000005Jpvx|shiva15testns.PermissionSetPortalControllers.addSystemLevelFields()
18:45:56.2 (24060506)|HEAP_ALLOCATE|[89]|Bytes:5
18:45:56.2 (24065278)|STATEMENT_EXECUTE|[88]
18:45:56.2 (24067135)|STATEMENT_EXECUTE|[89]
18:45:56.2 (24072257)|HEAP_ALLOCATE|[89]|Bytes:4
18:45:56.2 (24083373)|ENTERING_MANAGED_PKG|
18:45:56.2 (24103145)|VARIABLE_SCOPE_BEGIN|[89]|fieldsWhichCannotBeAccessible|Set<String>|true|false
18:45:56.2 (24121154)|VARIABLE_ASSIGNMENT|[89]|fieldsWhichCannotBeAccessible|{"s":1,"v":[]}|0x295db613
18:45:56.2 (24124769)|STATEMENT_EXECUTE|[90]
18:45:56.2 (24129017)|HEAP_ALLOCATE|[90]|Bytes:2
18:45:56.2 (24144939)|ENTERING_MANAGED_PKG|
18:45:56.2 (24170416)|HEAP_ALLOCATE|[EXTERNAL]|Bytes:4
18:45:56.2 (24179292)|STATEMENT_EXECUTE|[91]
18:45:56.2 (24183783)|HEAP_ALLOCATE|[91]|Bytes:9
18:45:56.2 (24194990)|ENTERING_MANAGED_PKG|
18:45:56.2 (24212880)|HEAP_ALLOCATE|[EXTERNAL]|Bytes:4
18:45:56.2 (24220672)|STATEMENT_EXECUTE|[92]
18:45:56.2 (24224911)|HEAP_ALLOCATE|[92]|Bytes:11
18:45:56.2 (24235189)|ENTERING_MANAGED_PKG|
18:45:56.2 (24251902)|HEAP_ALLOCATE|[EXTERNAL]|Bytes:4
18:45:56.2 (24259244)|STATEMENT_EXECUTE|[93]
18:45:56.2 (24263060)|HEAP_ALLOCATE|[93]|Bytes:11
18:45:56.2 (24273061)|ENTERING_MANAGED_PKG|
18:45:56.2 (24289387)|HEAP_ALLOCATE|[EXTERNAL]|Bytes:4
18:45:56.2 (24296752)|STATEMENT_EXECUTE|[94]
18:45:56.2 (24300665)|HEAP_ALLOCATE|[94]|Bytes:16
18:45:56.2 (24310601)|ENTERING_MANAGED_PKG|
18:45:56.2 (24326472)|HEAP_ALLOCATE|[EXTERNAL]|Bytes:4
18:45:56.2 (24333655)|STATEMENT_EXECUTE|[95]
18:45:56.2 (24337550)|HEAP_ALLOCATE|[95]|Bytes:16
18:45:56.2 (24347746)|ENTERING_MANAGED_PKG|
18:45:56.2 (24363757)|HEAP_ALLOCATE|[EXTERNAL]|Bytes:4
18:45:56.2 (24370834)|STATEMENT_EXECUTE|[96]
18:45:56.2 (24374409)|HEAP_ALLOCATE|[96]|Bytes:14
18:45:56.2 (24384208)|ENTERING_MANAGED_PKG|
18:45:56.2 (24400062)|HEAP_ALLOCATE|[EXTERNAL]|Bytes:4
18:45:56.2 (24407166)|STATEMENT_EXECUTE|[97]
18:45:56.2 (24415281)|METHOD_EXIT|[419]|01p36000005Jpvx|shiva15testns.PermissionSetPortalControllers.addSystemLevelFields()
18:45:56.2 (24419761)|VARIABLE_SCOPE_BEGIN|[419]|systemFields|Set<String>|true|false
18:45:56.2 (24433365)|VARIABLE_ASSIGNMENT|[419]|systemFields|{"s":1,"v":"List of size 7 too large to display"}|0x295db613
18:45:56.2 (24436364)|STATEMENT_EXECUTE|[420]
18:45:56.2 (24446569)|METHOD_ENTRY|[420]|01p36000005Jpvx|shiva15testns.PermissionSetPortalControllers.addFieldWhichAreNotAccessibile()
18:45:56.2 (24474390)|HEAP_ALLOCATE|[102]|Bytes:5
18:45:56.2 (24479118)|STATEMENT_EXECUTE|[100]
18:45:56.2 (24480725)|STATEMENT_EXECUTE|[102]
18:45:56.2 (24488728)|HEAP_ALLOCATE|[102]|Bytes:10
18:45:56.2 (24501600)|ENTERING_MANAGED_PKG|
18:45:56.2 (24520526)|HEAP_ALLOCATE|[EXTERNAL]|Bytes:4
18:45:56.2 (24528667)|STATEMENT_EXECUTE|[103]
18:45:56.2 (24534066)|HEAP_ALLOCATE|[103]|Bytes:12
18:45:56.2 (24545185)|ENTERING_MANAGED_PKG|
18:45:56.2 (24562091)|HEAP_ALLOCATE|[EXTERNAL]|Bytes:4
18:45:56.2 (24569473)|STATEMENT_EXECUTE|[104]
18:45:56.2 (24574587)|HEAP_ALLOCATE|[104]|Bytes:11
18:45:56.2 (24585322)|ENTERING_MANAGED_PKG|
18:45:56.2 (24601445)|HEAP_ALLOCATE|[EXTERNAL]|Bytes:4
18:45:56.2 (24608584)|STATEMENT_EXECUTE|[105]
18:45:56.2 (24613711)|HEAP_ALLOCATE|[105]|Bytes:13
18:45:56.2 (24624172)|ENTERING_MANAGED_PKG|
18:45:56.2 (24640561)|HEAP_ALLOCATE|[EXTERNAL]|Bytes:4
18:45:56.2 (24652677)|STATEMENT_EXECUTE|[106]
18:45:56.2 (24658077)|HEAP_ALLOCATE|[106]|Bytes:9
18:45:56.2 (24669333)|ENTERING_MANAGED_PKG|
18:45:56.2 (24686414)|HEAP_ALLOCATE|[EXTERNAL]|Bytes:4
18:45:56.2 (24693650)|STATEMENT_EXECUTE|[107]
18:45:56.2 (24698653)|HEAP_ALLOCATE|[107]|Bytes:11
18:45:56.2 (24710881)|ENTERING_MANAGED_PKG|
18:45:56.2 (24728413)|HEAP_ALLOCATE|[EXTERNAL]|Bytes:4
18:45:56.2 (24735738)|STATEMENT_EXECUTE|[108]
18:45:56.2 (24740686)|HEAP_ALLOCATE|[108]|Bytes:15
18:45:56.2 (24751474)|ENTERING_MANAGED_PKG|
18:45:56.2 (24767850)|HEAP_ALLOCATE|[EXTERNAL]|Bytes:4
18:45:56.2 (24775191)|STATEMENT_EXECUTE|[109]
18:45:56.2 (24780113)|HEAP_ALLOCATE|[109]|Bytes:17
18:45:56.2 (24790457)|ENTERING_MANAGED_PKG|
18:45:56.2 (24806669)|HEAP_ALLOCATE|[EXTERNAL]|Bytes:4
18:45:56.2 (24813954)|STATEMENT_EXECUTE|[110]
18:45:56.2 (24818681)|HEAP_ALLOCATE|[110]|Bytes:12
18:45:56.2 (24829092)|ENTERING_MANAGED_PKG|
18:45:56.2 (24845490)|HEAP_ALLOCATE|[EXTERNAL]|Bytes:4
18:45:56.2 (24854423)|STATEMENT_EXECUTE|[111]
18:45:56.2 (24861637)|HEAP_ALLOCATE|[111]|Bytes:14
18:45:56.2 (24875136)|ENTERING_MANAGED_PKG|
18:45:56.2 (24893255)|HEAP_ALLOCATE|[EXTERNAL]|Bytes:4
18:45:56.2 (24901299)|STATEMENT_EXECUTE|[112]
18:45:56.2 (24906781)|HEAP_ALLOCATE|[112]|Bytes:13
18:45:56.2 (24917300)|ENTERING_MANAGED_PKG|
18:45:56.2 (24933559)|HEAP_ALLOCATE|[EXTERNAL]|Bytes:4
18:45:56.2 (24940738)|STATEMENT_EXECUTE|[113]
18:45:56.2 (24945852)|HEAP_ALLOCATE|[113]|Bytes:15
18:45:56.2 (24956358)|ENTERING_MANAGED_PKG|
18:45:56.2 (24972816)|HEAP_ALLOCATE|[EXTERNAL]|Bytes:4
18:45:56.2 (24980265)|STATEMENT_EXECUTE|[114]
18:45:56.2 (24985135)|HEAP_ALLOCATE|[114]|Bytes:14
18:45:56.2 (24995617)|ENTERING_MANAGED_PKG|
18:45:56.2 (25011862)|HEAP_ALLOCATE|[EXTERNAL]|Bytes:4
18:45:56.2 (25021010)|STATEMENT_EXECUTE|[115]
18:45:56.2 (25026221)|HEAP_ALLOCATE|[115]|Bytes:16
18:45:56.2 (25036790)|ENTERING_MANAGED_PKG|
18:45:56.2 (25053291)|HEAP_ALLOCATE|[EXTERNAL]|Bytes:4
18:45:56.2 (25060558)|STATEMENT_EXECUTE|[116]
18:45:56.2 (25065741)|HEAP_ALLOCATE|[116]|Bytes:20
18:45:56.2 (25076063)|ENTERING_MANAGED_PKG|
18:45:56.2 (25092588)|HEAP_ALLOCATE|[EXTERNAL]|Bytes:4
18:45:56.2 (25100003)|STATEMENT_EXECUTE|[117]
18:45:56.2 (25105381)|HEAP_ALLOCATE|[117]|Bytes:22
18:45:56.2 (25115616)|ENTERING_MANAGED_PKG|
18:45:56.2 (25131762)|HEAP_ALLOCATE|[EXTERNAL]|Bytes:4
18:45:56.2 (25139122)|STATEMENT_EXECUTE|[118]
18:45:56.2 (25144304)|HEAP_ALLOCATE|[118]|Bytes:10
18:45:56.2 (25154609)|ENTERING_MANAGED_PKG|
18:45:56.2 (25170779)|HEAP_ALLOCATE|[EXTERNAL]|Bytes:4
18:45:56.2 (25178162)|STATEMENT_EXECUTE|[121]
18:45:56.2 (25183467)|HEAP_ALLOCATE|[121]|Bytes:3
18:45:56.2 (25193975)|ENTERING_MANAGED_PKG|
18:45:56.2 (25210168)|HEAP_ALLOCATE|[EXTERNAL]|Bytes:4
18:45:56.2 (25217654)|STATEMENT_EXECUTE|[122]
18:45:56.2 (25223086)|HEAP_ALLOCATE|[122]|Bytes:4
18:45:56.2 (25233502)|ENTERING_MANAGED_PKG|
18:45:56.2 (25249531)|HEAP_ALLOCATE|[EXTERNAL]|Bytes:4
18:45:56.2 (25256735)|STATEMENT_EXECUTE|[123]
18:45:56.2 (25262226)|HEAP_ALLOCATE|[123]|Bytes:11
18:45:56.2 (25272624)|ENTERING_MANAGED_PKG|
18:45:56.2 (25288671)|HEAP_ALLOCATE|[EXTERNAL]|Bytes:4
18:45:56.2 (25295662)|STATEMENT_EXECUTE|[124]
18:45:56.2 (25300973)|HEAP_ALLOCATE|[124]|Bytes:5
18:45:56.2 (25311333)|ENTERING_MANAGED_PKG|
18:45:56.2 (25327209)|HEAP_ALLOCATE|[EXTERNAL]|Bytes:4
18:45:56.2 (25334394)|STATEMENT_EXECUTE|[125]
18:45:56.2 (25339252)|HEAP_ALLOCATE|[125]|Bytes:6
18:45:56.2 (25349610)|ENTERING_MANAGED_PKG|
18:45:56.2 (25365587)|HEAP_ALLOCATE|[EXTERNAL]|Bytes:4
18:45:56.2 (25372756)|STATEMENT_EXECUTE|[126]
18:45:56.2 (25378701)|HEAP_ALLOCATE|[126]|Bytes:11
18:45:56.2 (25389399)|ENTERING_MANAGED_PKG|
18:45:56.2 (25405939)|HEAP_ALLOCATE|[EXTERNAL]|Bytes:4
18:45:56.2 (25413181)|STATEMENT_EXECUTE|[127]
18:45:56.2 (25418458)|HEAP_ALLOCATE|[127]|Bytes:14
18:45:56.2 (25428732)|ENTERING_MANAGED_PKG|
18:45:56.2 (25444987)|HEAP_ALLOCATE|[EXTERNAL]|Bytes:4
18:45:56.2 (25452259)|STATEMENT_EXECUTE|[128]
18:45:56.2 (25458014)|HEAP_ALLOCATE|[128]|Bytes:22
18:45:56.2 (25471133)|ENTERING_MANAGED_PKG|
18:45:56.2 (25499338)|HEAP_ALLOCATE|[EXTERNAL]|Bytes:4
18:45:56.2 (25511828)|STATEMENT_EXECUTE|[129]
18:45:56.2 (25520601)|HEAP_ALLOCATE|[129]|Bytes:15
18:45:56.2 (25539013)|ENTERING_MANAGED_PKG|
18:45:56.2 (25559773)|HEAP_ALLOCATE|[EXTERNAL]|Bytes:4
18:45:56.2 (25568113)|STATEMENT_EXECUTE|[130]
18:45:56.2 (25574125)|HEAP_ALLOCATE|[130]|Bytes:16
18:45:56.2 (25587125)|ENTERING_MANAGED_PKG|
18:45:56.2 (25603978)|HEAP_ALLOCATE|[EXTERNAL]|Bytes:4
18:45:56.2 (25611316)|STATEMENT_EXECUTE|[131]
18:45:56.2 (25616808)|HEAP_ALLOCATE|[131]|Bytes:12
18:45:56.2 (25627554)|ENTERING_MANAGED_PKG|
18:45:56.2 (25648179)|HEAP_ALLOCATE|[EXTERNAL]|Bytes:4
18:45:56.2 (25656176)|STATEMENT_EXECUTE|[132]
18:45:56.2 (25662673)|HEAP_ALLOCATE|[132]|Bytes:13
18:45:56.2 (25676899)|ENTERING_MANAGED_PKG|
18:45:56.2 (25694351)|HEAP_ALLOCATE|[EXTERNAL]|Bytes:4
18:45:56.2 (25702185)|STATEMENT_EXECUTE|[133]
18:45:56.2 (25708204)|HEAP_ALLOCATE|[133]|Bytes:17
18:45:56.2 (25719062)|ENTERING_MANAGED_PKG|
18:45:56.2 (25737512)|HEAP_ALLOCATE|[EXTERNAL]|Bytes:4
18:45:56.2 (25745553)|STATEMENT_EXECUTE|[134]
18:45:56.2 (25751301)|HEAP_ALLOCATE|[134]|Bytes:14
18:45:56.2 (25762062)|ENTERING_MANAGED_PKG|
18:45:56.2 (25778693)|HEAP_ALLOCATE|[EXTERNAL]|Bytes:4
18:45:56.2 (25786152)|STATEMENT_EXECUTE|[135]
18:45:56.2 (25791880)|HEAP_ALLOCATE|[135]|Bytes:12
18:45:56.2 (25802594)|ENTERING_MANAGED_PKG|
18:45:56.2 (25818870)|HEAP_ALLOCATE|[EXTERNAL]|Bytes:4
18:45:56.2 (25826234)|STATEMENT_EXECUTE|[136]
18:45:56.2 (25831727)|HEAP_ALLOCATE|[136]|Bytes:13
18:45:56.2 (25842028)|ENTERING_MANAGED_PKG|
18:45:56.2 (25861706)|HEAP_ALLOCATE|[EXTERNAL]|Bytes:4
18:45:56.2 (25870014)|STATEMENT_EXECUTE|[137]
18:45:56.2 (25876310)|HEAP_ALLOCATE|[137]|Bytes:18
18:45:56.2 (25887297)|ENTERING_MANAGED_PKG|
18:45:56.2 (25904435)|HEAP_ALLOCATE|[EXTERNAL]|Bytes:4
18:45:56.2 (25912188)|STATEMENT_EXECUTE|[138]
18:45:56.2 (25917457)|HEAP_ALLOCATE|[138]|Bytes:15
18:45:56.2 (25927880)|ENTERING_MANAGED_PKG|
18:45:56.2 (25944394)|HEAP_ALLOCATE|[EXTERNAL]|Bytes:4
18:45:56.2 (25951764)|STATEMENT_EXECUTE|[139]
18:45:56.2 (25957490)|HEAP_ALLOCATE|[139]|Bytes:16
18:45:56.2 (25967843)|ENTERING_MANAGED_PKG|
18:45:56.2 (25984511)|HEAP_ALLOCATE|[EXTERNAL]|Bytes:4
18:45:56.2 (25991759)|STATEMENT_EXECUTE|[140]
18:45:56.2 (25997281)|HEAP_ALLOCATE|[140]|Bytes:17
18:45:56.2 (26007691)|ENTERING_MANAGED_PKG|
18:45:56.2 (26025133)|HEAP_ALLOCATE|[EXTERNAL]|Bytes:4
18:45:56.2 (26032622)|STATEMENT_EXECUTE|[141]
18:45:56.2 (26038697)|HEAP_ALLOCATE|[141]|Bytes:23
18:45:56.2 (26049253)|ENTERING_MANAGED_PKG|
18:45:56.2 (26065446)|HEAP_ALLOCATE|[EXTERNAL]|Bytes:4
18:45:56.2 (26078012)|METHOD_EXIT|[420]|01p36000005Jpvx|shiva15testns.PermissionSetPortalControllers.addFieldWhichAreNotAccessibile()
18:45:56.2 (26088662)|HEAP_ALLOCATE|[421]|Bytes:4
18:45:56.2 (26102325)|ENTERING_MANAGED_PKG|
18:45:56.2 (26124203)|ENTERING_MANAGED_PKG|
18:45:56.2 (26153865)|HEAP_ALLOCATE|[421]|Bytes:4
18:45:56.2 (26237930)|HEAP_ALLOCATE|[421]|Bytes:40
18:45:56.2 (26256531)|ENTERING_MANAGED_PKG|
18:45:56.2 (26281541)|HEAP_ALLOCATE|[421]|Bytes:130
18:45:56.2 (26297799)|ENTERING_MANAGED_PKG|
18:45:56.2 (26305584)|HEAP_ALLOCATE|[421]|Bytes:36
18:45:56.2 (26315058)|ENTERING_MANAGED_PKG|
18:45:56.2 (26378012)|HEAP_ALLOCATE|[421]|Bytes:5
18:45:56.2 (26397870)|VARIABLE_SCOPE_BEGIN|[421]|sfield|String|false|false
18:45:56.2 (26407135)|VARIABLE_ASSIGNMENT|[421]|sfield|"id"
18:45:56.2 (26410644)|STATEMENT_EXECUTE|[421]
18:45:56.2 (26422245)|ENTERING_MANAGED_PKG|
18:45:56.2 (27027757)|HEAP_ALLOCATE|[423]|Bytes:8
18:45:56.2 (27053716)|STATEMENT_EXECUTE|[454]
18:45:56.2 (27055879)|STATEMENT_EXECUTE|[455]
18:45:56.2 (27059559)|HEAP_ALLOCATE|[455]|Bytes:24
18:45:56.2 (27063571)|HEAP_ALLOCATE|[455]|Bytes:11
18:45:56.2 (27077924)|ENTERING_MANAGED_PKG|
18:45:56.2 (27138880)|HEAP_ALLOCATE|[455]|Bytes:8
18:45:56.2 (27157837)|HEAP_ALLOCATE|[455]|Bytes:9
18:45:56.2 (27161992)|HEAP_ALLOCATE|[455]|Bytes:10
18:45:56.2 (27174150)|ENTERING_MANAGED_PKG|
18:45:56.2 (27208217)|HEAP_ALLOCATE|[455]|Bytes:8
18:45:56.2 (27224954)|HEAP_ALLOCATE|[455]|Bytes:2
18:45:56.2 (27241917)|HEAP_ALLOCATE|[455]|Bytes:58
18:45:56.2 (27245910)|HEAP_ALLOCATE|[455]|Bytes:14
18:45:56.2 (27257675)|ENTERING_MANAGED_PKG|
18:45:56.2 (27291257)|HEAP_ALLOCATE|[455]|Bytes:8
18:45:56.2 (27306320)|HEAP_ALLOCATE|[455]|Bytes:2
18:45:56.2 (27316420)|HEAP_ALLOCATE|[455]|Bytes:16
18:45:56.2 (27320816)|HEAP_ALLOCATE|[455]|Bytes:74
18:45:56.2 (27341250)|ENTERING_MANAGED_PKG|
18:45:56.2 (27348165)|USER_DEBUG|[455]|DEBUG|This is not accessible: id### label: Record ID ## name: Id## localname: Id
18:45:56.2 (27363317)|HEAP_ALLOCATE|[421]|Bytes:5
18:45:56.2 (27376259)|VARIABLE_SCOPE_BEGIN|[421]|sfield|String|false|false
18:45:56.2 (27384964)|VARIABLE_ASSIGNMENT|[421]|sfield|"ownerid"
18:45:56.2 (27388044)|STATEMENT_EXECUTE|[421]
18:45:56.2 (27396592)|ENTERING_MANAGED_PKG|
18:45:56.2 (27554405)|HEAP_ALLOCATE|[423]|Bytes:8
18:45:56.2 (27568278)|STATEMENT_EXECUTE|[454]
18:45:56.2 (27570020)|STATEMENT_EXECUTE|[455]
18:45:56.2 (27581248)|ENTERING_MANAGED_PKG|
18:45:56.2 (27612460)|HEAP_ALLOCATE|[455]|Bytes:8
18:45:56.2 (27623488)|HEAP_ALLOCATE|[455]|Bytes:8
18:45:56.2 (27633871)|ENTERING_MANAGED_PKG|
18:45:56.2 (27667817)|HEAP_ALLOCATE|[455]|Bytes:8
18:45:56.2 (27677885)|HEAP_ALLOCATE|[455]|Bytes:7
18:45:56.2 (27684261)|HEAP_ALLOCATE|[455]|Bytes:67
18:45:56.2 (27694591)|ENTERING_MANAGED_PKG|
18:45:56.2 (27721963)|HEAP_ALLOCATE|[455]|Bytes:8
18:45:56.2 (27731468)|HEAP_ALLOCATE|[455]|Bytes:7
18:45:56.2 (27736911)|HEAP_ALLOCATE|[455]|Bytes:21
18:45:56.2 (27740580)|HEAP_ALLOCATE|[455]|Bytes:88
18:45:56.2 (27750306)|ENTERING_MANAGED_PKG|
18:45:56.2 (27753899)|USER_DEBUG|[455]|DEBUG|This is not accessible: ownerid### label: Owner ID ## name: OwnerId## localname: OwnerId
18:45:56.2 (27767630)|HEAP_ALLOCATE|[421]|Bytes:5
18:45:56.2 (27780234)|VARIABLE_SCOPE_BEGIN|[421]|sfield|String|false|false
18:45:56.2 (27788636)|VARIABLE_ASSIGNMENT|[421]|sfield|"isdeleted"
18:45:56.2 (27791484)|STATEMENT_EXECUTE|[421]
18:45:56.2 (27800046)|ENTERING_MANAGED_PKG|
18:45:56.2 (27912782)|HEAP_ALLOCATE|[423]|Bytes:8
18:45:56.2 (27926142)|STATEMENT_EXECUTE|[454]
18:45:56.2 (27927851)|STATEMENT_EXECUTE|[455]
18:45:56.2 (27938499)|ENTERING_MANAGED_PKG|
18:45:56.2 (27968717)|HEAP_ALLOCATE|[455]|Bytes:8
18:45:56.2 (27979375)|HEAP_ALLOCATE|[455]|Bytes:7
18:45:56.2 (27989712)|ENTERING_MANAGED_PKG|
18:45:56.2 (28017092)|HEAP_ALLOCATE|[455]|Bytes:8
18:45:56.2 (28027988)|HEAP_ALLOCATE|[455]|Bytes:9
18:45:56.2 (28034261)|HEAP_ALLOCATE|[455]|Bytes:70
18:45:56.2 (28044426)|ENTERING_MANAGED_PKG|
18:45:56.2 (28072476)|HEAP_ALLOCATE|[455]|Bytes:8
18:45:56.2 (28081957)|HEAP_ALLOCATE|[455]|Bytes:9
18:45:56.2 (28087244)|HEAP_ALLOCATE|[455]|Bytes:23
18:45:56.2 (28090913)|HEAP_ALLOCATE|[455]|Bytes:93
18:45:56.2 (28100476)|ENTERING_MANAGED_PKG|
18:45:56.2 (28104299)|USER_DEBUG|[455]|DEBUG|This is not accessible: isdeleted### label: Deleted ## name: IsDeleted## localname: IsDeleted
18:45:56.2 (28117822)|HEAP_ALLOCATE|[421]|Bytes:5
18:45:56.2 (28129501)|VARIABLE_SCOPE_BEGIN|[421]|sfield|String|false|false
18:45:56.2 (28137660)|VARIABLE_ASSIGNMENT|[421]|sfield|"name"
18:45:56.2 (28140440)|STATEMENT_EXECUTE|[421]
18:45:56.2 (28148600)|ENTERING_MANAGED_PKG|
18:45:56.2 (28264840)|HEAP_ALLOCATE|[423]|Bytes:8
18:45:56.2 (28278257)|STATEMENT_EXECUTE|[454]
18:45:56.2 (28279964)|STATEMENT_EXECUTE|[455]
18:45:56.2 (28290955)|ENTERING_MANAGED_PKG|
18:45:56.2 (28321132)|HEAP_ALLOCATE|[455]|Bytes:8
18:45:56.2 (28331941)|HEAP_ALLOCATE|[455]|Bytes:19
18:45:56.2 (28342267)|ENTERING_MANAGED_PKG|
18:45:56.2 (28369570)|HEAP_ALLOCATE|[455]|Bytes:8
18:45:56.2 (28379342)|HEAP_ALLOCATE|[455]|Bytes:4
18:45:56.2 (28385762)|HEAP_ALLOCATE|[455]|Bytes:72
18:45:56.2 (28395754)|ENTERING_MANAGED_PKG|
18:45:56.2 (28423188)|HEAP_ALLOCATE|[455]|Bytes:8
18:45:56.2 (28432475)|HEAP_ALLOCATE|[455]|Bytes:4
18:45:56.2 (28438065)|HEAP_ALLOCATE|[455]|Bytes:18
18:45:56.2 (28441586)|HEAP_ALLOCATE|[455]|Bytes:90
18:45:56.2 (28451263)|ENTERING_MANAGED_PKG|
18:45:56.2 (28454810)|USER_DEBUG|[455]|DEBUG|This is not accessible: name### label: Custom Object  Name ## name: Name## localname: Name
18:45:56.2 (28468158)|HEAP_ALLOCATE|[421]|Bytes:5
18:45:56.2 (28479804)|VARIABLE_SCOPE_BEGIN|[421]|sfield|String|false|false
18:45:56.2 (28487967)|VARIABLE_ASSIGNMENT|[421]|sfield|"createddate"
18:45:56.2 (28490815)|STATEMENT_EXECUTE|[421]
18:45:56.2 (28499202)|ENTERING_MANAGED_PKG|
18:45:56.2 (28620308)|HEAP_ALLOCATE|[423]|Bytes:8
18:45:56.2 (28633374)|STATEMENT_EXECUTE|[454]
18:45:56.2 (28635165)|STATEMENT_EXECUTE|[455]
18:45:56.2 (28650197)|ENTERING_MANAGED_PKG|
18:45:56.2 (28681773)|HEAP_ALLOCATE|[455]|Bytes:8
18:45:56.2 (28692670)|HEAP_ALLOCATE|[455]|Bytes:12
18:45:56.2 (28703150)|ENTERING_MANAGED_PKG|
18:45:56.2 (28730286)|HEAP_ALLOCATE|[455]|Bytes:8
18:45:56.2 (28740105)|HEAP_ALLOCATE|[455]|Bytes:11
18:45:56.2 (28746725)|HEAP_ALLOCATE|[455]|Bytes:79
18:45:56.2 (28756700)|ENTERING_MANAGED_PKG|
18:45:56.2 (28784281)|HEAP_ALLOCATE|[455]|Bytes:8
18:45:56.2 (28793662)|HEAP_ALLOCATE|[455]|Bytes:11
18:45:56.2 (28798707)|HEAP_ALLOCATE|[455]|Bytes:25
18:45:56.2 (28802274)|HEAP_ALLOCATE|[455]|Bytes:104
18:45:56.2 (28811986)|ENTERING_MANAGED_PKG|
18:45:56.2 (28815493)|USER_DEBUG|[455]|DEBUG|This is not accessible: createddate### label: Created Date ## name: CreatedDate## localname: CreatedDate
18:45:56.2 (28828954)|HEAP_ALLOCATE|[421]|Bytes:5
18:45:56.2 (28840667)|VARIABLE_SCOPE_BEGIN|[421]|sfield|String|false|false
18:45:56.2 (28848784)|VARIABLE_ASSIGNMENT|[421]|sfield|"createdbyid"
18:45:56.2 (28852734)|STATEMENT_EXECUTE|[421]
18:45:56.2 (28864239)|ENTERING_MANAGED_PKG|
18:45:56.2 (28991625)|HEAP_ALLOCATE|[423]|Bytes:8
18:45:56.2 (29004780)|STATEMENT_EXECUTE|[454]
18:45:56.2 (29007429)|STATEMENT_EXECUTE|[455]
18:45:56.2 (29018217)|ENTERING_MANAGED_PKG|
18:45:56.2 (29048544)|HEAP_ALLOCATE|[455]|Bytes:8
18:45:56.2 (29059286)|HEAP_ALLOCATE|[455]|Bytes:13
18:45:56.2 (29069861)|ENTERING_MANAGED_PKG|
18:45:56.2 (29096926)|HEAP_ALLOCATE|[455]|Bytes:8
18:45:56.2 (29106844)|HEAP_ALLOCATE|[455]|Bytes:11
18:45:56.2 (29113018)|HEAP_ALLOCATE|[455]|Bytes:80
18:45:56.2 (29122957)|ENTERING_MANAGED_PKG|
18:45:56.2 (29150553)|HEAP_ALLOCATE|[455]|Bytes:8
18:45:56.2 (29159917)|HEAP_ALLOCATE|[455]|Bytes:11
18:45:56.2 (29165091)|HEAP_ALLOCATE|[455]|Bytes:25
18:45:56.2 (29168745)|HEAP_ALLOCATE|[455]|Bytes:105
18:45:56.2 (29178325)|ENTERING_MANAGED_PKG|
18:45:56.2 (29181766)|USER_DEBUG|[455]|DEBUG|This is not accessible: createdbyid### label: Created By ID ## name: CreatedById## localname: CreatedById
18:45:56.2 (29194945)|HEAP_ALLOCATE|[421]|Bytes:5
18:45:56.2 (29206457)|VARIABLE_SCOPE_BEGIN|[421]|sfield|String|false|false
18:45:56.2 (29214599)|VARIABLE_ASSIGNMENT|[421]|sfield|"lastmodifieddate"
18:45:56.2 (29217432)|STATEMENT_EXECUTE|[421]
18:45:56.2 (29225615)|ENTERING_MANAGED_PKG|
18:45:56.2 (29341759)|HEAP_ALLOCATE|[423]|Bytes:8
18:45:56.2 (29355263)|STATEMENT_EXECUTE|[454]
18:45:56.2 (29356947)|STATEMENT_EXECUTE|[455]
18:45:56.2 (29367722)|ENTERING_MANAGED_PKG|
18:45:56.2 (29398097)|HEAP_ALLOCATE|[455]|Bytes:8
18:45:56.2 (29408754)|HEAP_ALLOCATE|[455]|Bytes:18
18:45:56.2 (29419235)|ENTERING_MANAGED_PKG|
18:45:56.2 (29446687)|HEAP_ALLOCATE|[455]|Bytes:8
18:45:56.2 (29456508)|HEAP_ALLOCATE|[455]|Bytes:16
18:45:56.2 (29462826)|HEAP_ALLOCATE|[455]|Bytes:95
18:45:56.2 (29472763)|ENTERING_MANAGED_PKG|
18:45:56.2 (29500217)|HEAP_ALLOCATE|[455]|Bytes:8
18:45:56.2 (29509482)|HEAP_ALLOCATE|[455]|Bytes:16
18:45:56.2 (29514823)|HEAP_ALLOCATE|[455]|Bytes:30
18:45:56.2 (29518444)|HEAP_ALLOCATE|[455]|Bytes:125
18:45:56.2 (29527908)|ENTERING_MANAGED_PKG|
18:45:56.2 (29531302)|USER_DEBUG|[455]|DEBUG|This is not accessible: lastmodifieddate### label: Last Modified Date ## name: LastModifiedDate## localname: LastModifiedDate
18:45:56.2 (29544664)|HEAP_ALLOCATE|[421]|Bytes:5
18:45:56.2 (29555844)|VARIABLE_SCOPE_BEGIN|[421]|sfield|String|false|false
18:45:56.2 (29563969)|VARIABLE_ASSIGNMENT|[421]|sfield|"lastmodifiedbyid"
18:45:56.2 (29566832)|STATEMENT_EXECUTE|[421]
18:45:56.2 (29574983)|ENTERING_MANAGED_PKG|
18:45:56.2 (29715673)|HEAP_ALLOCATE|[423]|Bytes:8
18:45:56.2 (29729269)|STATEMENT_EXECUTE|[454]
18:45:56.2 (29730960)|STATEMENT_EXECUTE|[455]
18:45:56.2 (29742042)|ENTERING_MANAGED_PKG|
18:45:56.2 (29772625)|HEAP_ALLOCATE|[455]|Bytes:8
18:45:56.2 (29783208)|HEAP_ALLOCATE|[455]|Bytes:19
18:45:56.2 (29793497)|ENTERING_MANAGED_PKG|
18:45:56.2 (29820735)|HEAP_ALLOCATE|[455]|Bytes:8
18:45:56.2 (29830379)|HEAP_ALLOCATE|[455]|Bytes:16
18:45:56.2 (29836681)|HEAP_ALLOCATE|[455]|Bytes:96
18:45:56.2 (29846686)|ENTERING_MANAGED_PKG|
18:45:56.2 (29879193)|HEAP_ALLOCATE|[455]|Bytes:8
18:45:56.2 (29888770)|HEAP_ALLOCATE|[455]|Bytes:16
18:45:56.2 (29894107)|HEAP_ALLOCATE|[455]|Bytes:30
18:45:56.2 (29897716)|HEAP_ALLOCATE|[455]|Bytes:126
18:45:56.2 (29907358)|ENTERING_MANAGED_PKG|
18:45:56.2 (29910769)|USER_DEBUG|[455]|DEBUG|This is not accessible: lastmodifiedbyid### label: Last Modified By ID ## name: LastModifiedById## localname: LastModifiedById
18:45:56.2 (29924363)|HEAP_ALLOCATE|[421]|Bytes:5
18:45:56.2 (29935731)|VARIABLE_SCOPE_BEGIN|[421]|sfield|String|false|false
18:45:56.2 (29943710)|VARIABLE_ASSIGNMENT|[421]|sfield|"systemmodstamp"
18:45:56.2 (29946472)|STATEMENT_EXECUTE|[421]
18:45:56.2 (29954755)|ENTERING_MANAGED_PKG|
18:45:56.2 (30054891)|HEAP_ALLOCATE|[423]|Bytes:8
18:45:56.2 (30068980)|STATEMENT_EXECUTE|[454]
18:45:56.2 (30070679)|STATEMENT_EXECUTE|[455]
18:45:56.2 (30081567)|ENTERING_MANAGED_PKG|
18:45:56.2 (30111453)|HEAP_ALLOCATE|[455]|Bytes:8
18:45:56.2 (30122021)|HEAP_ALLOCATE|[455]|Bytes:15
18:45:56.2 (30132478)|ENTERING_MANAGED_PKG|
18:45:56.2 (30159782)|HEAP_ALLOCATE|[455]|Bytes:8
18:45:56.2 (30169319)|HEAP_ALLOCATE|[455]|Bytes:14
18:45:56.2 (30175598)|HEAP_ALLOCATE|[455]|Bytes:88
18:45:56.2 (30185569)|ENTERING_MANAGED_PKG|
18:45:56.2 (30212977)|HEAP_ALLOCATE|[455]|Bytes:8
18:45:56.2 (30222310)|HEAP_ALLOCATE|[455]|Bytes:14
18:45:56.2 (30227499)|HEAP_ALLOCATE|[455]|Bytes:28
18:45:56.2 (30231334)|HEAP_ALLOCATE|[455]|Bytes:116
18:45:56.2 (30240691)|ENTERING_MANAGED_PKG|
18:45:56.2 (30244083)|USER_DEBUG|[455]|DEBUG|This is not accessible: systemmodstamp### label: System Modstamp ## name: SystemModstamp## localname: SystemModstamp
18:45:56.2 (30257324)|HEAP_ALLOCATE|[421]|Bytes:5
18:45:56.2 (30269359)|VARIABLE_ASSIGNMENT|[421]|sfield|null
18:45:56.2 (30273050)|STATEMENT_EXECUTE|[459]
18:45:56.2 (30290268)|METHOD_ENTRY|[459]|01p36000005Jpvx|shiva15testns.PermissionSetPortalControllers.sortTheFieldLabels(List<shiva15testns.PermissionSetPortalControllers.FieldDetailsClass>)
18:45:56.2 (30312618)|VARIABLE_SCOPE_BEGIN|[475]|listOfFieldDetailsClass|List<shiva15testns.PermissionSetPortalControllers.FieldDetailsClass>|true|false
18:45:56.2 (30325900)|VARIABLE_ASSIGNMENT|[475]|listOfFieldDetailsClass|{"s":1,"v":[]}|0x5d13ffa3
18:45:56.2 (30334620)|HEAP_ALLOCATE|[476]|Bytes:5
18:45:56.2 (30338819)|STATEMENT_EXECUTE|[475]
18:45:56.2 (30340344)|STATEMENT_EXECUTE|[476]
18:45:56.2 (30341448)|STATEMENT_EXECUTE|[476]
18:45:56.2 (30342682)|STATEMENT_EXECUTE|[478]
18:45:56.2 (30347122)|HEAP_ALLOCATE|[478]|Bytes:4
18:45:56.2 (30358784)|ENTERING_MANAGED_PKG|
18:45:56.2 (30376697)|VARIABLE_SCOPE_BEGIN|[478]|fieldNames|List<String>|true|false
18:45:56.2 (30401044)|HEAP_ALLOCATE|[EXTERNAL]|Bytes:4
18:45:56.2 (30412431)|VARIABLE_ASSIGNMENT|[478]|fieldNames|{"s":1,"v":[]}|0x9b9e689
18:45:56.2 (30415952)|STATEMENT_EXECUTE|[479]
18:45:56.2 (30420815)|HEAP_ALLOCATE|[479]|Bytes:4
18:45:56.2 (30432059)|ENTERING_MANAGED_PKG|
18:45:56.2 (30447898)|VARIABLE_SCOPE_BEGIN|[479]|finalFieldNameSortedList|List<shiva15testns.PermissionSetPortalControllers.FieldDetailsClass>|true|false
18:45:56.2 (30458377)|HEAP_ALLOCATE|[EXTERNAL]|Bytes:4
18:45:56.2 (30467915)|VARIABLE_ASSIGNMENT|[479]|finalFieldNameSortedList|{"s":1,"v":[]}|0x589fa07e
18:45:56.2 (30471167)|STATEMENT_EXECUTE|[480]
18:45:56.2 (30505978)|HEAP_ALLOCATE|[480]|Bytes:4
18:45:56.2 (30553338)|VARIABLE_SCOPE_BEGIN|[480]|mapForFieldLabelComparision|Map<String,shiva15testns.PermissionSetPortalControllers.FieldDetailsClass>|true|false
18:45:56.2 (30573619)|VARIABLE_ASSIGNMENT|[480]|mapForFieldLabelComparision|{"s":1,"v":{}}|0x189455b0
18:45:56.2 (30588877)|ENTERING_MANAGED_PKG|
18:45:56.2 (30777353)|HEAP_ALLOCATE|[482]|Bytes:5
18:45:56.2 (30792828)|VARIABLE_ASSIGNMENT|[482]|fieldObj|null|
18:45:56.2 (30796408)|STATEMENT_EXECUTE|[482]
18:45:56.2 (30798110)|STATEMENT_EXECUTE|[486]
18:45:56.2 (30810902)|ENTERING_MANAGED_PKG|
18:45:56.2 (30845591)|ENTERING_MANAGED_PKG|
18:45:56.2 (30874550)|HEAP_ALLOCATE|[488]|Bytes:5
18:45:56.2 (30887424)|VARIABLE_ASSIGNMENT|[488]|str|null
18:45:56.2 (30891149)|STATEMENT_EXECUTE|[488]
18:45:56.2 (30892623)|STATEMENT_EXECUTE|[493]
18:45:56.2 (30900224)|METHOD_EXIT|[459]|01p36000005Jpvx|shiva15testns.PermissionSetPortalControllers.sortTheFieldLabels(List<shiva15testns.PermissionSetPortalControllers.FieldDetailsClass>)
18:45:56.2 (30913124)|VARIABLE_ASSIGNMENT|[459]|individualObjectAllFieldsList|{"s":1,"v":[]}|0x589fa07e
18:45:56.2 (30916118)|STATEMENT_EXECUTE|[460]
18:45:56.2 (30933040)|METHOD_ENTRY|[460]|01p36000005Jpvx|shiva15testns.PermissionSetPortalControllers.getFieldPermissions(String, String, List<shiva15testns.PermissionSetPortalControllers.FieldDetailsClass>)
18:45:56.2 (30953042)|VARIABLE_SCOPE_BEGIN|[507]|pSetId|String|false|false
18:45:56.2 (30960504)|VARIABLE_ASSIGNMENT|[507]|pSetId|"0PS36000000q71PGAQ"
18:45:56.2 (30963902)|VARIABLE_SCOPE_BEGIN|[507]|objName|String|false|false
18:45:56.2 (30969034)|VARIABLE_ASSIGNMENT|[507]|objName|"shiva15testns__custo (11 more) ..."
18:45:56.2 (30972191)|VARIABLE_SCOPE_BEGIN|[507]|individualObjectAllFieldsListAsInput|List<shiva15testns.PermissionSetPortalControllers.FieldDetailsClass>|true|false
18:45:56.2 (30980317)|VARIABLE_ASSIGNMENT|[507]|individualObjectAllFieldsListAsInput|{"s":1,"v":[]}|0x589fa07e
18:45:56.2 (30988654)|HEAP_ALLOCATE|[510]|Bytes:5
18:45:56.2 (30992677)|STATEMENT_EXECUTE|[507]
18:45:56.2 (30994205)|STATEMENT_EXECUTE|[509]
18:45:56.2 (30997421)|HEAP_ALLOCATE|[510]|Bytes:163
18:45:56.2 (31005463)|HEAP_ALLOCATE|[510]|Bytes:4
18:45:56.2 (31015802)|HEAP_ALLOCATE|[510]|Bytes:7
18:45:56.2 (31031616)|HEAP_ALLOCATE|[510]|Bytes:7
18:45:56.2 (31822779)|SOQL_EXECUTE_BEGIN|[510]|Aggregations:0|SELECT Id, Field, Parent.Name, ParentId, SobjectType, PermissionsEdit, PermissionsRead FROM FieldPermissions WHERE (ParentId = :tmpVar1 AND SobjectType = :tmpVar2)
18:45:56.2 (77993221)|SOQL_EXECUTE_END|[510]|Rows:0
18:45:56.2 (78019565)|HEAP_ALLOCATE|[510]|Bytes:4
18:45:56.2 (78033489)|HEAP_ALLOCATE|[510]|Bytes:0
18:45:56.2 (78121551)|HEAP_ALLOCATE|[510]|Bytes:4
18:45:56.2 (78141382)|VARIABLE_SCOPE_BEGIN|[509]|FieldPermissionsList|List<FieldPermissions>|true|false
18:45:56.2 (78169172)|VARIABLE_ASSIGNMENT|[509]|FieldPermissionsList|{"s":1,"v":[]}|0x6a67c127
18:45:56.2 (78173569)|STATEMENT_EXECUTE|[512]
18:45:56.2 (78208629)|HEAP_ALLOCATE|[512]|Bytes:4
18:45:56.2 (78256507)|VARIABLE_SCOPE_BEGIN|[512]|fieldPermissionsListMap|Map<String,FieldPermissions>|true|false
18:45:56.2 (78275689)|VARIABLE_ASSIGNMENT|[512]|fieldPermissionsListMap|{"s":1,"v":{}}|0x32a53b09
18:45:56.2 (78343170)|ENTERING_MANAGED_PKG|
18:45:56.2 (78509525)|HEAP_ALLOCATE|[514]|Bytes:5
18:45:56.2 (78532754)|VARIABLE_ASSIGNMENT|[514]|fper|null|
18:45:56.2 (78537011)|STATEMENT_EXECUTE|[514]
18:45:56.2 (78538943)|STATEMENT_EXECUTE|[518]
18:45:56.2 (78543688)|HEAP_ALLOCATE|[518]|Bytes:4
18:45:56.2 (78556969)|ENTERING_MANAGED_PKG|
18:45:56.2 (78576736)|VARIABLE_SCOPE_BEGIN|[518]|individualObjectAllFieldsFinalList|List<shiva15testns.PermissionSetPortalControllers.FieldDetailsClass>|true|false
18:45:56.2 (78589848)|HEAP_ALLOCATE|[EXTERNAL]|Bytes:4
18:45:56.2 (78600907)|VARIABLE_ASSIGNMENT|[518]|individualObjectAllFieldsFinalList|{"s":1,"v":[]}|0x3af4bd13
18:45:56.2 (78604448)|STATEMENT_EXECUTE|[520]
18:45:56.2 (78892101)|VARIABLE_SCOPE_BEGIN|[520]|fieldPermissionsObj|shiva15testns.PermissionSetPortalControllers.FieldPermissionsClass|true|false
18:45:56.2 (78903027)|VARIABLE_ASSIGNMENT|[520]|fieldPermissionsObj|null|
18:45:56.2 (78918657)|ENTERING_MANAGED_PKG|
18:45:56.2 (78950392)|HEAP_ALLOCATE|[522]|Bytes:5
18:45:56.2 (78963787)|VARIABLE_ASSIGNMENT|[522]|fieldClassObj|null|
18:45:56.2 (78967279)|STATEMENT_EXECUTE|[522]
18:45:56.2 (78969117)|STATEMENT_EXECUTE|[548]
18:45:56.2 (78973136)|HEAP_ALLOCATE|[548]|Bytes:37
18:45:56.2 (78997179)|ENTERING_MANAGED_PKG|
18:45:56.2 (79026599)|HEAP_ALLOCATE|[548]|Bytes:2
18:45:56.2 (79042784)|HEAP_ALLOCATE|[548]|Bytes:39
18:45:56.2 (79058654)|ENTERING_MANAGED_PKG|
18:45:56.2 (79062824)|USER_DEBUG|[548]|DEBUG|individualObjectAllFieldsFinalList : ()
18:45:56.2 (79069055)|STATEMENT_EXECUTE|[549]
18:45:56.2 (79079677)|METHOD_EXIT|[460]|01p36000005Jpvx|shiva15testns.PermissionSetPortalControllers.getFieldPermissions(String, String, List<shiva15testns.PermissionSetPortalControllers.FieldDetailsClass>)
18:45:56.2 (79089708)|SYSTEM_MODE_EXIT|false
18:45:56.79 (79137324)|CUMULATIVE_LIMIT_USAGE
18:45:56.79 (79137324)|LIMIT_USAGE_FOR_NS|(default)|
  Number of SOQL queries: 0 out of 100
  Number of query rows: 0 out of 50000
  Number of SOSL queries: 0 out of 20
  Number of DML statements: 0 out of 150
  Number of DML rows: 0 out of 10000
  Maximum CPU time: 0 out of 10000
  Maximum heap size: 0 out of 6000000
  Number of callouts: 0 out of 100
  Number of Email Invocations: 0 out of 10
  Number of future calls: 0 out of 50
  Number of queueable jobs added to the queue: 0 out of 50
  Number of Mobile Apex push calls: 0 out of 10

18:45:56.79 (79137324)|LIMIT_USAGE_FOR_NS|shiva15testns|
  Number of SOQL queries: 1 out of 100
  Number of query rows: 0 out of 50000
  Number of SOSL queries: 0 out of 20
  Number of DML statements: 0 out of 150
  Number of DML rows: 0 out of 10000
  Maximum CPU time: 0 out of 10000
  Maximum heap size: 0 out of 6000000
  Number of callouts: 0 out of 100
  Number of Email Invocations: 0 out of 10
  Number of future calls: 0 out of 50
  Number of queueable jobs added to the queue: 0 out of 50
  Number of Mobile Apex push calls: 0 out of 10

18:45:56.79 (79137324)|CUMULATIVE_LIMIT_USAGE_END

18:45:56.2 (79189602)|CODE_UNIT_FINISHED|PermissionSetPortalControllers.getAllFieldData
