36.0 APEX_CODE,FINEST;APEX_PROFILING,INFO;CALLOUT,INFO;DB,INFO;SYSTEM,DEBUG;VALIDATION,INFO;VISUALFORCE,INFO;WORKFLOW,INFO
18:45:59.1 (1093017)|HEAP_ALLOCATE|[72]|Bytes:3
18:45:59.1 (1191555)|HEAP_ALLOCATE|[77]|Bytes:152
18:45:59.1 (1212922)|HEAP_ALLOCATE|[342]|Bytes:408
18:45:59.1 (1234846)|HEAP_ALLOCATE|[355]|Bytes:408
18:45:59.1 (1253855)|HEAP_ALLOCATE|[467]|Bytes:48
18:45:59.3 (3604735)|STATEMENT_EXECUTE|[1]
18:45:59.3 (3644185)|HEAP_ALLOCATE|[50]|Bytes:5
18:45:59.3 (3671631)|HEAP_ALLOCATE|[56]|Bytes:5
18:45:59.3 (3680464)|HEAP_ALLOCATE|[64]|Bytes:7
18:45:59.3 (3704205)|SYSTEM_MODE_ENTER|false
18:45:59.3 (3724187)|HEAP_ALLOCATE|[9]|Bytes:5
18:45:59.3 (3728392)|STATEMENT_EXECUTE|[9]
18:45:59.3 (3736887)|HEAP_ALLOCATE|[9]|Bytes:4
18:45:59.3 (3759225)|ENTERING_MANAGED_PKG|
18:45:59.3 (3883775)|VARIABLE_ASSIGNMENT|[9]|PermissionSetPortalControllers.contactsField|{"s":1,"v":[]}|0x4db70ea7
18:45:59.3 (3889674)|STATEMENT_EXECUTE|[10]
18:45:59.3 (3895045)|HEAP_ALLOCATE|[10]|Bytes:4
18:45:59.3 (3908592)|ENTERING_MANAGED_PKG|
18:45:59.3 (3944962)|VARIABLE_ASSIGNMENT|[10]|PermissionSetPortalControllers.accountField|{"s":1,"v":[]}|0x1ff34b39
18:45:59.3 (3949824)|STATEMENT_EXECUTE|[950]
18:45:59.3 (3951495)|STATEMENT_EXECUTE|[979]
18:45:59.3 (3952801)|STATEMENT_EXECUTE|[1007]
18:45:59.3 (3954148)|STATEMENT_EXECUTE|[1036]
18:45:59.3 (3955413)|STATEMENT_EXECUTE|[1052]
18:45:59.3 (3956510)|STATEMENT_EXECUTE|[1069]
18:45:59.3 (3957691)|STATEMENT_EXECUTE|[1080]
18:45:59.3 (3959011)|STATEMENT_EXECUTE|[1085]
18:45:59.3 (3966658)|SYSTEM_MODE_EXIT|false
18:45:59.3 (3979508)|METHOD_EXIT|[1]|PermissionSetPortalControllers
18:45:59.3 (3986094)|HEAP_ALLOCATE|[EXTERNAL]|Bytes:25
18:45:59.3 (3988601)|HEAP_ALLOCATE|[EXTERNAL]|Bytes:18
18:45:59.3 (3995838)|SYSTEM_MODE_ENTER|false
18:45:59.3 (4004595)|VARIABLE_SCOPE_BEGIN|[403]|selectedObject|String|false|false
18:45:59.3 (4018372)|VARIABLE_ASSIGNMENT|[403]|selectedObject|"shiva15testns__expen (5 more) ..."
18:45:59.3 (4021399)|VARIABLE_SCOPE_BEGIN|[403]|selectedPSet|String|false|false
18:45:59.3 (4025449)|VARIABLE_ASSIGNMENT|[403]|selectedPSet|"0PS36000000q71PGAQ"
18:45:59.3 (4039453)|HEAP_ALLOCATE|[404]|Bytes:5
18:45:59.3 (4043295)|STATEMENT_EXECUTE|[403]
18:45:59.3 (4044911)|STATEMENT_EXECUTE|[404]
18:45:59.3 (4046349)|STATEMENT_EXECUTE|[404]
18:45:59.3 (4047497)|STATEMENT_EXECUTE|[405]
18:45:59.3 (4053697)|HEAP_ALLOCATE|[405]|Bytes:4
18:45:59.3 (4132886)|ENTERING_MANAGED_PKG|
18:45:59.3 (4154100)|VARIABLE_SCOPE_BEGIN|[405]|listOfFieldsForSorting|List<shiva15testns.PermissionSetPortalControllers.FieldDetailsClass>|true|false
18:45:59.3 (4187764)|HEAP_ALLOCATE|[EXTERNAL]|Bytes:4
18:45:59.3 (4201512)|VARIABLE_ASSIGNMENT|[405]|listOfFieldsForSorting|{"s":1,"v":[]}|0x25a8155d
18:45:59.3 (4204855)|STATEMENT_EXECUTE|[406]
18:45:59.3 (4232206)|ENTERING_MANAGED_PKG|
18:45:59.3 (24156074)|HEAP_ALLOCATE|[406]|Bytes:1420
18:45:59.3 (24197043)|VARIABLE_SCOPE_BEGIN|[406]|schemaMap|Map<String,Schema.SObjectType>|true|false
18:45:59.3 (24457951)|VARIABLE_ASSIGNMENT|[406]|schemaMap|"{acceptedeventrelation=AcceptedEventRelation, account=Account, accountcleaninfo=AccountCleanInfo, accountcontactrole=AccountContactRole, accountfeed=AccountFeed, accounthistory=AccountHistory, accountpartner=AccountPartner, accountshare=AccountShare, actionlinkgrouptemplate=ActionLinkGroupTemplate, actionlinktemplate=ActionLinkTemplate, ...}"|0x509fe579
18:45:59.3 (24469733)|STATEMENT_EXECUTE|[407]
18:45:59.3 (24485541)|HEAP_ALLOCATE|[407]|Bytes:4
18:45:59.3 (24510499)|ENTERING_MANAGED_PKG|
18:45:59.3 (24546665)|VARIABLE_SCOPE_BEGIN|[407]|individualObjectAllFieldsList|List<shiva15testns.PermissionSetPortalControllers.FieldDetailsClass>|true|false
18:45:59.3 (24564240)|HEAP_ALLOCATE|[EXTERNAL]|Bytes:4
18:45:59.3 (24585998)|VARIABLE_ASSIGNMENT|[407]|individualObjectAllFieldsList|{"s":1,"v":[]}|0x5530d6d0
18:45:59.3 (24589413)|STATEMENT_EXECUTE|[408]
18:45:59.3 (24665979)|VARIABLE_SCOPE_BEGIN|[408]|fieldClassObj|shiva15testns.PermissionSetPortalControllers.FieldDetailsClass|true|false
18:45:59.3 (24676209)|VARIABLE_ASSIGNMENT|[408]|fieldClassObj|null|
18:45:59.3 (24697173)|ENTERING_MANAGED_PKG|
18:45:59.3 (24745098)|STATEMENT_EXECUTE|[413]
18:45:59.3 (24747639)|STATEMENT_EXECUTE|[415]
18:45:59.3 (24760209)|ENTERING_MANAGED_PKG|
18:45:59.3 (25199749)|HEAP_ALLOCATE|[415]|Bytes:4
18:45:59.3 (26464670)|HEAP_ALLOCATE|[415]|Bytes:64
18:45:59.3 (26477944)|VARIABLE_SCOPE_BEGIN|[415]|IndividiaulfieldMap|Map<String,Schema.SObjectField>|true|false
18:45:59.3 (26624331)|VARIABLE_ASSIGNMENT|[415]|IndividiaulfieldMap|"{createdbyid=CreatedById, createddate=CreatedDate, id=Id, isdeleted=IsDeleted, lastmodifiedbyid=LastModifiedById, lastmodifieddate=LastModifiedDate, lastreferenceddate=LastReferencedDate, lastvieweddate=LastViewedDate, name=Name, ownerid=OwnerId, ...}"|0x45dc43f1
18:45:59.3 (26644735)|ENTERING_MANAGED_PKG|
18:45:59.3 (26670941)|STATEMENT_EXECUTE|[417]
18:45:59.3 (26673460)|STATEMENT_EXECUTE|[419]
18:45:59.3 (26692797)|METHOD_ENTRY|[419]|01p36000005Jpvx|shiva15testns.PermissionSetPortalControllers.addSystemLevelFields()
18:45:59.3 (26727796)|HEAP_ALLOCATE|[89]|Bytes:5
18:45:59.3 (26732298)|STATEMENT_EXECUTE|[88]
18:45:59.3 (26733907)|STATEMENT_EXECUTE|[89]
18:45:59.3 (26740654)|HEAP_ALLOCATE|[89]|Bytes:4
18:45:59.3 (26753741)|ENTERING_MANAGED_PKG|
18:45:59.3 (26777163)|VARIABLE_SCOPE_BEGIN|[89]|fieldsWhichCannotBeAccessible|Set<String>|true|false
18:45:59.3 (26802222)|VARIABLE_ASSIGNMENT|[89]|fieldsWhichCannotBeAccessible|{"s":1,"v":[]}|0x437e062
18:45:59.3 (26806348)|STATEMENT_EXECUTE|[90]
18:45:59.3 (26812005)|HEAP_ALLOCATE|[90]|Bytes:2
18:45:59.3 (26829785)|ENTERING_MANAGED_PKG|
18:45:59.3 (26851291)|HEAP_ALLOCATE|[EXTERNAL]|Bytes:4
18:45:59.3 (26860272)|STATEMENT_EXECUTE|[91]
18:45:59.3 (26864343)|HEAP_ALLOCATE|[91]|Bytes:9
18:45:59.3 (26875292)|ENTERING_MANAGED_PKG|
18:45:59.3 (26892071)|HEAP_ALLOCATE|[EXTERNAL]|Bytes:4
18:45:59.3 (26899352)|STATEMENT_EXECUTE|[92]
18:45:59.3 (26903210)|HEAP_ALLOCATE|[92]|Bytes:11
18:45:59.3 (26913613)|ENTERING_MANAGED_PKG|
18:45:59.3 (26928619)|HEAP_ALLOCATE|[EXTERNAL]|Bytes:4
18:45:59.3 (26935604)|STATEMENT_EXECUTE|[93]
18:45:59.3 (26939188)|HEAP_ALLOCATE|[93]|Bytes:11
18:45:59.3 (26949146)|ENTERING_MANAGED_PKG|
18:45:59.3 (26963862)|HEAP_ALLOCATE|[EXTERNAL]|Bytes:4
18:45:59.3 (26970951)|STATEMENT_EXECUTE|[94]
18:45:59.3 (26974824)|HEAP_ALLOCATE|[94]|Bytes:16
18:45:59.3 (26984809)|ENTERING_MANAGED_PKG|
18:45:59.3 (26999389)|HEAP_ALLOCATE|[EXTERNAL]|Bytes:4
18:45:59.3 (27006626)|STATEMENT_EXECUTE|[95]
18:45:59.3 (27011375)|HEAP_ALLOCATE|[95]|Bytes:16
18:45:59.3 (27021456)|ENTERING_MANAGED_PKG|
18:45:59.3 (27036322)|HEAP_ALLOCATE|[EXTERNAL]|Bytes:4
18:45:59.3 (27043410)|STATEMENT_EXECUTE|[96]
18:45:59.3 (27047066)|HEAP_ALLOCATE|[96]|Bytes:14
18:45:59.3 (27056843)|ENTERING_MANAGED_PKG|
18:45:59.3 (27071725)|HEAP_ALLOCATE|[EXTERNAL]|Bytes:4
18:45:59.3 (27084216)|STATEMENT_EXECUTE|[97]
18:45:59.3 (27095676)|METHOD_EXIT|[419]|01p36000005Jpvx|shiva15testns.PermissionSetPortalControllers.addSystemLevelFields()
18:45:59.3 (27100907)|VARIABLE_SCOPE_BEGIN|[419]|systemFields|Set<String>|true|false
18:45:59.3 (27116879)|VARIABLE_ASSIGNMENT|[419]|systemFields|{"s":1,"v":"List of size 7 too large to display"}|0x437e062
18:45:59.3 (27120030)|STATEMENT_EXECUTE|[420]
18:45:59.3 (27131545)|METHOD_ENTRY|[420]|01p36000005Jpvx|shiva15testns.PermissionSetPortalControllers.addFieldWhichAreNotAccessibile()
18:45:59.3 (27161871)|HEAP_ALLOCATE|[102]|Bytes:5
18:45:59.3 (27166288)|STATEMENT_EXECUTE|[100]
18:45:59.3 (27167967)|STATEMENT_EXECUTE|[102]
18:45:59.3 (27176991)|HEAP_ALLOCATE|[102]|Bytes:10
18:45:59.3 (27189987)|ENTERING_MANAGED_PKG|
18:45:59.3 (27207760)|HEAP_ALLOCATE|[EXTERNAL]|Bytes:4
18:45:59.3 (27215940)|STATEMENT_EXECUTE|[103]
18:45:59.3 (27222195)|HEAP_ALLOCATE|[103]|Bytes:12
18:45:59.3 (27232966)|ENTERING_MANAGED_PKG|
18:45:59.3 (27248091)|HEAP_ALLOCATE|[EXTERNAL]|Bytes:4
18:45:59.3 (27255420)|STATEMENT_EXECUTE|[104]
18:45:59.3 (27260769)|HEAP_ALLOCATE|[104]|Bytes:11
18:45:59.3 (27270874)|ENTERING_MANAGED_PKG|
18:45:59.3 (27285674)|HEAP_ALLOCATE|[EXTERNAL]|Bytes:4
18:45:59.3 (27292889)|STATEMENT_EXECUTE|[105]
18:45:59.3 (27298351)|HEAP_ALLOCATE|[105]|Bytes:13
18:45:59.3 (27308561)|ENTERING_MANAGED_PKG|
18:45:59.3 (27323244)|HEAP_ALLOCATE|[EXTERNAL]|Bytes:4
18:45:59.3 (27330275)|STATEMENT_EXECUTE|[106]
18:45:59.3 (27335177)|HEAP_ALLOCATE|[106]|Bytes:9
18:45:59.3 (27345638)|ENTERING_MANAGED_PKG|
18:45:59.3 (27360424)|HEAP_ALLOCATE|[EXTERNAL]|Bytes:4
18:45:59.3 (27367420)|STATEMENT_EXECUTE|[107]
18:45:59.3 (27372475)|HEAP_ALLOCATE|[107]|Bytes:11
18:45:59.3 (27384512)|ENTERING_MANAGED_PKG|
18:45:59.3 (27400493)|HEAP_ALLOCATE|[EXTERNAL]|Bytes:4
18:45:59.3 (27407687)|STATEMENT_EXECUTE|[108]
18:45:59.3 (27412879)|HEAP_ALLOCATE|[108]|Bytes:15
18:45:59.3 (27423258)|ENTERING_MANAGED_PKG|
18:45:59.3 (27438067)|HEAP_ALLOCATE|[EXTERNAL]|Bytes:4
18:45:59.3 (27445141)|STATEMENT_EXECUTE|[109]
18:45:59.3 (27450368)|HEAP_ALLOCATE|[109]|Bytes:17
18:45:59.3 (27460644)|ENTERING_MANAGED_PKG|
18:45:59.3 (27475662)|HEAP_ALLOCATE|[EXTERNAL]|Bytes:4
18:45:59.3 (27482803)|STATEMENT_EXECUTE|[110]
18:45:59.3 (27488225)|HEAP_ALLOCATE|[110]|Bytes:12
18:45:59.3 (27498302)|ENTERING_MANAGED_PKG|
18:45:59.3 (27512904)|HEAP_ALLOCATE|[EXTERNAL]|Bytes:4
18:45:59.3 (27519988)|STATEMENT_EXECUTE|[111]
18:45:59.3 (27525017)|HEAP_ALLOCATE|[111]|Bytes:14
18:45:59.3 (27535167)|ENTERING_MANAGED_PKG|
18:45:59.3 (27549702)|HEAP_ALLOCATE|[EXTERNAL]|Bytes:4
18:45:59.3 (27556804)|STATEMENT_EXECUTE|[112]
18:45:59.3 (27562661)|HEAP_ALLOCATE|[112]|Bytes:13
18:45:59.3 (27573089)|ENTERING_MANAGED_PKG|
18:45:59.3 (27587926)|HEAP_ALLOCATE|[EXTERNAL]|Bytes:4
18:45:59.3 (27594935)|STATEMENT_EXECUTE|[113]
18:45:59.3 (27600548)|HEAP_ALLOCATE|[113]|Bytes:15
18:45:59.3 (27611425)|ENTERING_MANAGED_PKG|
18:45:59.3 (27626169)|HEAP_ALLOCATE|[EXTERNAL]|Bytes:4
18:45:59.3 (27633319)|STATEMENT_EXECUTE|[114]
18:45:59.3 (27638775)|HEAP_ALLOCATE|[114]|Bytes:14
18:45:59.3 (27649112)|ENTERING_MANAGED_PKG|
18:45:59.3 (27663880)|HEAP_ALLOCATE|[EXTERNAL]|Bytes:4
18:45:59.3 (27671624)|STATEMENT_EXECUTE|[115]
18:45:59.3 (27677206)|HEAP_ALLOCATE|[115]|Bytes:16
18:45:59.3 (27687880)|ENTERING_MANAGED_PKG|
18:45:59.3 (27702922)|HEAP_ALLOCATE|[EXTERNAL]|Bytes:4
18:45:59.3 (27710072)|STATEMENT_EXECUTE|[116]
18:45:59.3 (27715809)|HEAP_ALLOCATE|[116]|Bytes:20
18:45:59.3 (27726355)|ENTERING_MANAGED_PKG|
18:45:59.3 (27746020)|HEAP_ALLOCATE|[EXTERNAL]|Bytes:4
18:45:59.3 (27753392)|STATEMENT_EXECUTE|[117]
18:45:59.3 (27759334)|HEAP_ALLOCATE|[117]|Bytes:22
18:45:59.3 (27770185)|ENTERING_MANAGED_PKG|
18:45:59.3 (27785450)|HEAP_ALLOCATE|[EXTERNAL]|Bytes:4
18:45:59.3 (27792499)|STATEMENT_EXECUTE|[118]
18:45:59.3 (27798288)|HEAP_ALLOCATE|[118]|Bytes:10
18:45:59.3 (27808607)|ENTERING_MANAGED_PKG|
18:45:59.3 (27823704)|HEAP_ALLOCATE|[EXTERNAL]|Bytes:4
18:45:59.3 (27830703)|STATEMENT_EXECUTE|[121]
18:45:59.3 (27836764)|HEAP_ALLOCATE|[121]|Bytes:3
18:45:59.3 (27847181)|ENTERING_MANAGED_PKG|
18:45:59.3 (27862469)|HEAP_ALLOCATE|[EXTERNAL]|Bytes:4
18:45:59.3 (27869715)|STATEMENT_EXECUTE|[122]
18:45:59.3 (27875149)|HEAP_ALLOCATE|[122]|Bytes:4
18:45:59.3 (27885288)|ENTERING_MANAGED_PKG|
18:45:59.3 (27900096)|HEAP_ALLOCATE|[EXTERNAL]|Bytes:4
18:45:59.3 (27907153)|STATEMENT_EXECUTE|[123]
18:45:59.3 (27912703)|HEAP_ALLOCATE|[123]|Bytes:11
18:45:59.3 (27923233)|ENTERING_MANAGED_PKG|
18:45:59.3 (27938064)|HEAP_ALLOCATE|[EXTERNAL]|Bytes:4
18:45:59.3 (27945160)|STATEMENT_EXECUTE|[124]
18:45:59.3 (27950670)|HEAP_ALLOCATE|[124]|Bytes:5
18:45:59.3 (27960955)|ENTERING_MANAGED_PKG|
18:45:59.3 (27975718)|HEAP_ALLOCATE|[EXTERNAL]|Bytes:4
18:45:59.3 (27982778)|STATEMENT_EXECUTE|[125]
18:45:59.3 (27988222)|HEAP_ALLOCATE|[125]|Bytes:6
18:45:59.3 (27998388)|ENTERING_MANAGED_PKG|
18:45:59.3 (28013213)|HEAP_ALLOCATE|[EXTERNAL]|Bytes:4
18:45:59.3 (28021945)|STATEMENT_EXECUTE|[126]
18:45:59.3 (28027733)|HEAP_ALLOCATE|[126]|Bytes:11
18:45:59.3 (28038061)|ENTERING_MANAGED_PKG|
18:45:59.3 (28053090)|HEAP_ALLOCATE|[EXTERNAL]|Bytes:4
18:45:59.3 (28060277)|STATEMENT_EXECUTE|[127]
18:45:59.3 (28065676)|HEAP_ALLOCATE|[127]|Bytes:14
18:45:59.3 (28079642)|ENTERING_MANAGED_PKG|
18:45:59.3 (28095956)|HEAP_ALLOCATE|[EXTERNAL]|Bytes:4
18:45:59.3 (28103630)|STATEMENT_EXECUTE|[128]
18:45:59.3 (28109613)|HEAP_ALLOCATE|[128]|Bytes:22
18:45:59.3 (28120669)|ENTERING_MANAGED_PKG|
18:45:59.3 (28136152)|HEAP_ALLOCATE|[EXTERNAL]|Bytes:4
18:45:59.3 (28143312)|STATEMENT_EXECUTE|[129]
18:45:59.3 (28148911)|HEAP_ALLOCATE|[129]|Bytes:15
18:45:59.3 (28159193)|ENTERING_MANAGED_PKG|
18:45:59.3 (28174029)|HEAP_ALLOCATE|[EXTERNAL]|Bytes:4
18:45:59.3 (28181268)|STATEMENT_EXECUTE|[130]
18:45:59.3 (28186468)|HEAP_ALLOCATE|[130]|Bytes:16
18:45:59.3 (28198456)|ENTERING_MANAGED_PKG|
18:45:59.3 (28213630)|HEAP_ALLOCATE|[EXTERNAL]|Bytes:4
18:45:59.3 (28220911)|STATEMENT_EXECUTE|[131]
18:45:59.3 (28226688)|HEAP_ALLOCATE|[131]|Bytes:12
18:45:59.3 (28237008)|ENTERING_MANAGED_PKG|
18:45:59.3 (28251629)|HEAP_ALLOCATE|[EXTERNAL]|Bytes:4
18:45:59.3 (28258744)|STATEMENT_EXECUTE|[132]
18:45:59.3 (28263927)|HEAP_ALLOCATE|[132]|Bytes:13
18:45:59.3 (28274248)|ENTERING_MANAGED_PKG|
18:45:59.3 (28288869)|HEAP_ALLOCATE|[EXTERNAL]|Bytes:4
18:45:59.3 (28295922)|STATEMENT_EXECUTE|[133]
18:45:59.3 (28301377)|HEAP_ALLOCATE|[133]|Bytes:17
18:45:59.3 (28311445)|ENTERING_MANAGED_PKG|
18:45:59.3 (28327908)|HEAP_ALLOCATE|[EXTERNAL]|Bytes:4
18:45:59.3 (28335837)|STATEMENT_EXECUTE|[134]
18:45:59.3 (28341389)|HEAP_ALLOCATE|[134]|Bytes:14
18:45:59.3 (28351771)|ENTERING_MANAGED_PKG|
18:45:59.3 (28366587)|HEAP_ALLOCATE|[EXTERNAL]|Bytes:4
18:45:59.3 (28373810)|STATEMENT_EXECUTE|[135]
18:45:59.3 (28379276)|HEAP_ALLOCATE|[135]|Bytes:12
18:45:59.3 (28389318)|ENTERING_MANAGED_PKG|
18:45:59.3 (28403850)|HEAP_ALLOCATE|[EXTERNAL]|Bytes:4
18:45:59.3 (28410912)|STATEMENT_EXECUTE|[136]
18:45:59.3 (28416288)|HEAP_ALLOCATE|[136]|Bytes:13
18:45:59.3 (28426847)|ENTERING_MANAGED_PKG|
18:45:59.3 (28441612)|HEAP_ALLOCATE|[EXTERNAL]|Bytes:4
18:45:59.3 (28448672)|STATEMENT_EXECUTE|[137]
18:45:59.3 (28454067)|HEAP_ALLOCATE|[137]|Bytes:18
18:45:59.3 (28464118)|ENTERING_MANAGED_PKG|
18:45:59.3 (28478862)|HEAP_ALLOCATE|[EXTERNAL]|Bytes:4
18:45:59.3 (28485966)|STATEMENT_EXECUTE|[138]
18:45:59.3 (28491404)|HEAP_ALLOCATE|[138]|Bytes:15
18:45:59.3 (28501564)|ENTERING_MANAGED_PKG|
18:45:59.3 (28516031)|HEAP_ALLOCATE|[EXTERNAL]|Bytes:4
18:45:59.3 (28523074)|STATEMENT_EXECUTE|[139]
18:45:59.3 (28528737)|HEAP_ALLOCATE|[139]|Bytes:16
18:45:59.3 (28539192)|ENTERING_MANAGED_PKG|
18:45:59.3 (28554013)|HEAP_ALLOCATE|[EXTERNAL]|Bytes:4
18:45:59.3 (28561150)|STATEMENT_EXECUTE|[140]
18:45:59.3 (28566787)|HEAP_ALLOCATE|[140]|Bytes:17
18:45:59.3 (28577227)|ENTERING_MANAGED_PKG|
18:45:59.3 (28592038)|HEAP_ALLOCATE|[EXTERNAL]|Bytes:4
18:45:59.3 (28599192)|STATEMENT_EXECUTE|[141]
18:45:59.3 (28604917)|HEAP_ALLOCATE|[141]|Bytes:23
18:45:59.3 (28615240)|ENTERING_MANAGED_PKG|
18:45:59.3 (28630365)|HEAP_ALLOCATE|[EXTERNAL]|Bytes:4
18:45:59.3 (28644886)|METHOD_EXIT|[420]|01p36000005Jpvx|shiva15testns.PermissionSetPortalControllers.addFieldWhichAreNotAccessibile()
18:45:59.3 (28656648)|HEAP_ALLOCATE|[421]|Bytes:4
18:45:59.3 (28671926)|ENTERING_MANAGED_PKG|
18:45:59.3 (28695315)|ENTERING_MANAGED_PKG|
18:45:59.3 (28726128)|HEAP_ALLOCATE|[421]|Bytes:4
18:45:59.3 (28826851)|HEAP_ALLOCATE|[421]|Bytes:64
18:45:59.3 (28846519)|ENTERING_MANAGED_PKG|
18:45:59.3 (28875136)|HEAP_ALLOCATE|[421]|Bytes:284
18:45:59.3 (28892783)|ENTERING_MANAGED_PKG|
18:45:59.3 (28900620)|HEAP_ALLOCATE|[421]|Bytes:60
18:45:59.3 (28911692)|ENTERING_MANAGED_PKG|
18:45:59.3 (29002109)|HEAP_ALLOCATE|[421]|Bytes:5
18:45:59.3 (29024518)|VARIABLE_SCOPE_BEGIN|[421]|sfield|String|false|false
18:45:59.3 (29033367)|VARIABLE_ASSIGNMENT|[421]|sfield|"id"
18:45:59.3 (29036848)|STATEMENT_EXECUTE|[421]
18:45:59.3 (29048383)|ENTERING_MANAGED_PKG|
18:45:59.3 (29681559)|HEAP_ALLOCATE|[423]|Bytes:8
18:45:59.3 (29707071)|STATEMENT_EXECUTE|[454]
18:45:59.3 (29709377)|STATEMENT_EXECUTE|[455]
18:45:59.3 (29713744)|HEAP_ALLOCATE|[455]|Bytes:24
18:45:59.3 (29717430)|HEAP_ALLOCATE|[455]|Bytes:11
18:45:59.3 (29731745)|ENTERING_MANAGED_PKG|
18:45:59.3 (29795302)|HEAP_ALLOCATE|[455]|Bytes:8
18:45:59.3 (29814588)|HEAP_ALLOCATE|[455]|Bytes:9
18:45:59.3 (29819203)|HEAP_ALLOCATE|[455]|Bytes:10
18:45:59.3 (29831753)|ENTERING_MANAGED_PKG|
18:45:59.3 (29868667)|HEAP_ALLOCATE|[455]|Bytes:8
18:45:59.3 (29887109)|HEAP_ALLOCATE|[455]|Bytes:2
18:45:59.3 (29907430)|HEAP_ALLOCATE|[455]|Bytes:58
18:45:59.3 (29911840)|HEAP_ALLOCATE|[455]|Bytes:14
18:45:59.3 (29923809)|ENTERING_MANAGED_PKG|
18:45:59.3 (29959935)|HEAP_ALLOCATE|[455]|Bytes:8
18:45:59.3 (29976411)|HEAP_ALLOCATE|[455]|Bytes:2
18:45:59.3 (29986949)|HEAP_ALLOCATE|[455]|Bytes:16
18:45:59.3 (29991193)|HEAP_ALLOCATE|[455]|Bytes:74
18:45:59.3 (30013376)|ENTERING_MANAGED_PKG|
18:45:59.3 (30028238)|USER_DEBUG|[455]|DEBUG|This is not accessible: id### label: Record ID ## name: Id## localname: Id
18:45:59.3 (30045083)|HEAP_ALLOCATE|[421]|Bytes:5
18:45:59.3 (30058844)|VARIABLE_SCOPE_BEGIN|[421]|sfield|String|false|false
18:45:59.3 (30067925)|VARIABLE_ASSIGNMENT|[421]|sfield|"ownerid"
18:45:59.3 (30071435)|STATEMENT_EXECUTE|[421]
18:45:59.3 (30086956)|ENTERING_MANAGED_PKG|
18:45:59.3 (30258643)|HEAP_ALLOCATE|[423]|Bytes:8
18:45:59.3 (30273153)|STATEMENT_EXECUTE|[454]
18:45:59.3 (30275046)|STATEMENT_EXECUTE|[455]
18:45:59.3 (30286863)|ENTERING_MANAGED_PKG|
18:45:59.3 (30320233)|HEAP_ALLOCATE|[455]|Bytes:8
18:45:59.3 (30331304)|HEAP_ALLOCATE|[455]|Bytes:8
18:45:59.3 (30341941)|ENTERING_MANAGED_PKG|
18:45:59.3 (30371140)|HEAP_ALLOCATE|[455]|Bytes:8
18:45:59.3 (30381181)|HEAP_ALLOCATE|[455]|Bytes:7
18:45:59.3 (30387446)|HEAP_ALLOCATE|[455]|Bytes:67
18:45:59.3 (30397735)|ENTERING_MANAGED_PKG|
18:45:59.3 (30426840)|HEAP_ALLOCATE|[455]|Bytes:8
18:45:59.3 (30436516)|HEAP_ALLOCATE|[455]|Bytes:7
18:45:59.3 (30441701)|HEAP_ALLOCATE|[455]|Bytes:21
18:45:59.3 (30445061)|HEAP_ALLOCATE|[455]|Bytes:88
18:45:59.3 (30454374)|ENTERING_MANAGED_PKG|
18:45:59.3 (30461520)|USER_DEBUG|[455]|DEBUG|This is not accessible: ownerid### label: Owner ID ## name: OwnerId## localname: OwnerId
18:45:59.3 (30476590)|HEAP_ALLOCATE|[421]|Bytes:5
18:45:59.3 (30489898)|VARIABLE_SCOPE_BEGIN|[421]|sfield|String|false|false
18:45:59.3 (30498520)|VARIABLE_ASSIGNMENT|[421]|sfield|"isdeleted"
18:45:59.3 (30501570)|STATEMENT_EXECUTE|[421]
18:45:59.3 (30510575)|ENTERING_MANAGED_PKG|
18:45:59.3 (30623512)|HEAP_ALLOCATE|[423]|Bytes:8
18:45:59.3 (30637562)|STATEMENT_EXECUTE|[454]
18:45:59.3 (30639304)|STATEMENT_EXECUTE|[455]
18:45:59.3 (30650789)|ENTERING_MANAGED_PKG|
18:45:59.3 (30683262)|HEAP_ALLOCATE|[455]|Bytes:8
18:45:59.3 (30693989)|HEAP_ALLOCATE|[455]|Bytes:7
18:45:59.3 (30704534)|ENTERING_MANAGED_PKG|
18:45:59.3 (30733612)|HEAP_ALLOCATE|[455]|Bytes:8
18:45:59.3 (30743699)|HEAP_ALLOCATE|[455]|Bytes:9
18:45:59.3 (30749924)|HEAP_ALLOCATE|[455]|Bytes:70
18:45:59.3 (30759980)|ENTERING_MANAGED_PKG|
18:45:59.3 (30789278)|HEAP_ALLOCATE|[455]|Bytes:8
18:45:59.3 (30798957)|HEAP_ALLOCATE|[455]|Bytes:9
18:45:59.3 (30803969)|HEAP_ALLOCATE|[455]|Bytes:23
18:45:59.3 (30807327)|HEAP_ALLOCATE|[455]|Bytes:93
18:45:59.3 (30816877)|ENTERING_MANAGED_PKG|
18:45:59.3 (30823972)|USER_DEBUG|[455]|DEBUG|This is not accessible: isdeleted### label: Deleted ## name: IsDeleted## localname: IsDeleted
18:45:59.3 (30838739)|HEAP_ALLOCATE|[421]|Bytes:5
18:45:59.3 (30851675)|VARIABLE_SCOPE_BEGIN|[421]|sfield|String|false|false
18:45:59.3 (30859879)|VARIABLE_ASSIGNMENT|[421]|sfield|"name"
18:45:59.3 (30862869)|STATEMENT_EXECUTE|[421]
18:45:59.3 (30871601)|ENTERING_MANAGED_PKG|
18:45:59.3 (30991731)|HEAP_ALLOCATE|[423]|Bytes:8
18:45:59.3 (31005705)|STATEMENT_EXECUTE|[454]
18:45:59.3 (31008503)|STATEMENT_EXECUTE|[455]
18:45:59.3 (31019984)|ENTERING_MANAGED_PKG|
18:45:59.3 (31052857)|HEAP_ALLOCATE|[455]|Bytes:8
18:45:59.3 (31063716)|HEAP_ALLOCATE|[455]|Bytes:12
18:45:59.3 (31078519)|ENTERING_MANAGED_PKG|
18:45:59.3 (31110059)|HEAP_ALLOCATE|[455]|Bytes:8
18:45:59.3 (31120356)|HEAP_ALLOCATE|[455]|Bytes:4
18:45:59.3 (31126455)|HEAP_ALLOCATE|[455]|Bytes:65
18:45:59.3 (31136995)|ENTERING_MANAGED_PKG|
18:45:59.3 (31166791)|HEAP_ALLOCATE|[455]|Bytes:8
18:45:59.3 (31176848)|HEAP_ALLOCATE|[455]|Bytes:4
18:45:59.3 (31181890)|HEAP_ALLOCATE|[455]|Bytes:18
18:45:59.3 (31185356)|HEAP_ALLOCATE|[455]|Bytes:83
18:45:59.3 (31194351)|ENTERING_MANAGED_PKG|
18:45:59.3 (31201195)|USER_DEBUG|[455]|DEBUG|This is not accessible: name### label: Expense Name ## name: Name## localname: Name
18:45:59.3 (31215823)|HEAP_ALLOCATE|[421]|Bytes:5
18:45:59.3 (31228940)|VARIABLE_SCOPE_BEGIN|[421]|sfield|String|false|false
18:45:59.3 (31237183)|VARIABLE_ASSIGNMENT|[421]|sfield|"createddate"
18:45:59.3 (31240067)|STATEMENT_EXECUTE|[421]
18:45:59.3 (31248790)|ENTERING_MANAGED_PKG|
18:45:59.3 (31373450)|HEAP_ALLOCATE|[423]|Bytes:8
18:45:59.3 (31387434)|STATEMENT_EXECUTE|[454]
18:45:59.3 (31389199)|STATEMENT_EXECUTE|[455]
18:45:59.3 (31400651)|ENTERING_MANAGED_PKG|
18:45:59.3 (31433096)|HEAP_ALLOCATE|[455]|Bytes:8
18:45:59.3 (31444154)|HEAP_ALLOCATE|[455]|Bytes:12
18:45:59.3 (31454851)|ENTERING_MANAGED_PKG|
18:45:59.3 (31483681)|HEAP_ALLOCATE|[455]|Bytes:8
18:45:59.3 (31493849)|HEAP_ALLOCATE|[455]|Bytes:11
18:45:59.3 (31500322)|HEAP_ALLOCATE|[455]|Bytes:79
18:45:59.3 (31510426)|ENTERING_MANAGED_PKG|
18:45:59.3 (31539975)|HEAP_ALLOCATE|[455]|Bytes:8
18:45:59.3 (31549726)|HEAP_ALLOCATE|[455]|Bytes:11
18:45:59.3 (31554814)|HEAP_ALLOCATE|[455]|Bytes:25
18:45:59.3 (31558237)|HEAP_ALLOCATE|[455]|Bytes:104
18:45:59.3 (31567332)|ENTERING_MANAGED_PKG|
18:45:59.3 (31574243)|USER_DEBUG|[455]|DEBUG|This is not accessible: createddate### label: Created Date ## name: CreatedDate## localname: CreatedDate
18:45:59.3 (31589014)|HEAP_ALLOCATE|[421]|Bytes:5
18:45:59.3 (31601519)|VARIABLE_SCOPE_BEGIN|[421]|sfield|String|false|false
18:45:59.3 (31610114)|VARIABLE_ASSIGNMENT|[421]|sfield|"createdbyid"
18:45:59.3 (31612958)|STATEMENT_EXECUTE|[421]
18:45:59.3 (31626162)|ENTERING_MANAGED_PKG|
18:45:59.3 (31755237)|HEAP_ALLOCATE|[423]|Bytes:8
18:45:59.3 (31768849)|STATEMENT_EXECUTE|[454]
18:45:59.3 (31770644)|STATEMENT_EXECUTE|[455]
18:45:59.3 (31782003)|ENTERING_MANAGED_PKG|
18:45:59.3 (31814243)|HEAP_ALLOCATE|[455]|Bytes:8
18:45:59.3 (31825663)|HEAP_ALLOCATE|[455]|Bytes:13
18:45:59.3 (31836292)|ENTERING_MANAGED_PKG|
18:45:59.3 (31865187)|HEAP_ALLOCATE|[455]|Bytes:8
18:45:59.3 (31875284)|HEAP_ALLOCATE|[455]|Bytes:11
18:45:59.3 (31881435)|HEAP_ALLOCATE|[455]|Bytes:80
18:45:59.3 (31891504)|ENTERING_MANAGED_PKG|
18:45:59.3 (31920884)|HEAP_ALLOCATE|[455]|Bytes:8
18:45:59.3 (31930532)|HEAP_ALLOCATE|[455]|Bytes:11
18:45:59.3 (31935661)|HEAP_ALLOCATE|[455]|Bytes:25
18:45:59.3 (31939102)|HEAP_ALLOCATE|[455]|Bytes:105
18:45:59.3 (31948056)|ENTERING_MANAGED_PKG|
18:45:59.3 (31954864)|USER_DEBUG|[455]|DEBUG|This is not accessible: createdbyid### label: Created By ID ## name: CreatedById## localname: CreatedById
18:45:59.3 (31969383)|HEAP_ALLOCATE|[421]|Bytes:5
18:45:59.3 (31982139)|VARIABLE_SCOPE_BEGIN|[421]|sfield|String|false|false
18:45:59.3 (31990483)|VARIABLE_ASSIGNMENT|[421]|sfield|"lastmodifieddate"
18:45:59.3 (31993388)|STATEMENT_EXECUTE|[421]
18:45:59.3 (32002180)|ENTERING_MANAGED_PKG|
18:45:59.3 (32129383)|HEAP_ALLOCATE|[423]|Bytes:8
18:45:59.3 (32143985)|STATEMENT_EXECUTE|[454]
18:45:59.3 (32145875)|STATEMENT_EXECUTE|[455]
18:45:59.3 (32157247)|ENTERING_MANAGED_PKG|
18:45:59.3 (32190257)|HEAP_ALLOCATE|[455]|Bytes:8
18:45:59.3 (32201422)|HEAP_ALLOCATE|[455]|Bytes:18
18:45:59.3 (32211946)|ENTERING_MANAGED_PKG|
18:45:59.3 (32240915)|HEAP_ALLOCATE|[455]|Bytes:8
18:45:59.3 (32251058)|HEAP_ALLOCATE|[455]|Bytes:16
18:45:59.3 (32257117)|HEAP_ALLOCATE|[455]|Bytes:95
18:45:59.3 (32267012)|ENTERING_MANAGED_PKG|
18:45:59.3 (32296314)|HEAP_ALLOCATE|[455]|Bytes:8
18:45:59.3 (32306027)|HEAP_ALLOCATE|[455]|Bytes:16
18:45:59.3 (32311296)|HEAP_ALLOCATE|[455]|Bytes:30
18:45:59.3 (32314708)|HEAP_ALLOCATE|[455]|Bytes:125
18:45:59.3 (32323778)|ENTERING_MANAGED_PKG|
18:45:59.3 (32330616)|USER_DEBUG|[455]|DEBUG|This is not accessible: lastmodifieddate### label: Last Modified Date ## name: LastModifiedDate## localname: LastModifiedDate
18:45:59.3 (32345347)|HEAP_ALLOCATE|[421]|Bytes:5
18:45:59.3 (32357911)|VARIABLE_SCOPE_BEGIN|[421]|sfield|String|false|false
18:45:59.3 (32367226)|VARIABLE_ASSIGNMENT|[421]|sfield|"lastmodifiedbyid"
18:45:59.3 (32370146)|STATEMENT_EXECUTE|[421]
18:45:59.3 (32379026)|ENTERING_MANAGED_PKG|
18:45:59.3 (32505764)|HEAP_ALLOCATE|[423]|Bytes:8
18:45:59.3 (32519657)|STATEMENT_EXECUTE|[454]
18:45:59.3 (32521407)|STATEMENT_EXECUTE|[455]
18:45:59.3 (32532705)|ENTERING_MANAGED_PKG|
18:45:59.3 (32564928)|HEAP_ALLOCATE|[455]|Bytes:8
18:45:59.3 (32575945)|HEAP_ALLOCATE|[455]|Bytes:19
18:45:59.3 (32586438)|ENTERING_MANAGED_PKG|
18:45:59.3 (32615551)|HEAP_ALLOCATE|[455]|Bytes:8
18:45:59.3 (32625587)|HEAP_ALLOCATE|[455]|Bytes:16
18:45:59.3 (32631678)|HEAP_ALLOCATE|[455]|Bytes:96
18:45:59.3 (32641832)|ENTERING_MANAGED_PKG|
18:45:59.3 (32670842)|HEAP_ALLOCATE|[455]|Bytes:8
18:45:59.3 (32680426)|HEAP_ALLOCATE|[455]|Bytes:16
18:45:59.3 (32685531)|HEAP_ALLOCATE|[455]|Bytes:30
18:45:59.3 (32688791)|HEAP_ALLOCATE|[455]|Bytes:126
18:45:59.3 (32697871)|ENTERING_MANAGED_PKG|
18:45:59.3 (32704562)|USER_DEBUG|[455]|DEBUG|This is not accessible: lastmodifiedbyid### label: Last Modified By ID ## name: LastModifiedById## localname: LastModifiedById
18:45:59.3 (32719353)|HEAP_ALLOCATE|[421]|Bytes:5
18:45:59.3 (32731866)|VARIABLE_SCOPE_BEGIN|[421]|sfield|String|false|false
18:45:59.3 (32740004)|VARIABLE_ASSIGNMENT|[421]|sfield|"systemmodstamp"
18:45:59.3 (32742924)|STATEMENT_EXECUTE|[421]
18:45:59.3 (32751555)|ENTERING_MANAGED_PKG|
18:45:59.3 (32857407)|HEAP_ALLOCATE|[423]|Bytes:8
18:45:59.3 (32871263)|STATEMENT_EXECUTE|[454]
18:45:59.3 (32873055)|STATEMENT_EXECUTE|[455]
18:45:59.3 (32884125)|ENTERING_MANAGED_PKG|
18:45:59.3 (32916016)|HEAP_ALLOCATE|[455]|Bytes:8
18:45:59.3 (32926760)|HEAP_ALLOCATE|[455]|Bytes:15
18:45:59.3 (32937064)|ENTERING_MANAGED_PKG|
18:45:59.3 (32966072)|HEAP_ALLOCATE|[455]|Bytes:8
18:45:59.3 (32976315)|HEAP_ALLOCATE|[455]|Bytes:14
18:45:59.3 (32982370)|HEAP_ALLOCATE|[455]|Bytes:88
18:45:59.3 (32992308)|ENTERING_MANAGED_PKG|
18:45:59.3 (33021518)|HEAP_ALLOCATE|[455]|Bytes:8
18:45:59.3 (33032158)|HEAP_ALLOCATE|[455]|Bytes:14
18:45:59.3 (33037680)|HEAP_ALLOCATE|[455]|Bytes:28
18:45:59.3 (33041077)|HEAP_ALLOCATE|[455]|Bytes:116
18:45:59.3 (33050340)|ENTERING_MANAGED_PKG|
18:45:59.3 (33057149)|USER_DEBUG|[455]|DEBUG|This is not accessible: systemmodstamp### label: System Modstamp ## name: SystemModstamp## localname: SystemModstamp
18:45:59.3 (33071978)|HEAP_ALLOCATE|[421]|Bytes:5
18:45:59.3 (33089397)|VARIABLE_SCOPE_BEGIN|[421]|sfield|String|false|false
18:45:59.3 (33097647)|VARIABLE_ASSIGNMENT|[421]|sfield|"lastvieweddate"
18:45:59.3 (33100523)|STATEMENT_EXECUTE|[421]
18:45:59.3 (33109532)|ENTERING_MANAGED_PKG|
18:45:59.3 (33214257)|HEAP_ALLOCATE|[423]|Bytes:8
18:45:59.3 (33228050)|STATEMENT_EXECUTE|[454]
18:45:59.3 (33229821)|STATEMENT_EXECUTE|[455]
18:45:59.3 (33241036)|ENTERING_MANAGED_PKG|
18:45:59.3 (33273290)|HEAP_ALLOCATE|[455]|Bytes:8
18:45:59.3 (33283928)|HEAP_ALLOCATE|[455]|Bytes:16
18:45:59.3 (33294250)|ENTERING_MANAGED_PKG|
18:45:59.3 (33323453)|HEAP_ALLOCATE|[455]|Bytes:8
18:45:59.3 (33333541)|HEAP_ALLOCATE|[455]|Bytes:14
18:45:59.3 (33339920)|HEAP_ALLOCATE|[455]|Bytes:89
18:45:59.3 (33350017)|ENTERING_MANAGED_PKG|
18:45:59.3 (33379613)|HEAP_ALLOCATE|[455]|Bytes:8
18:45:59.3 (33389337)|HEAP_ALLOCATE|[455]|Bytes:14
18:45:59.3 (33394531)|HEAP_ALLOCATE|[455]|Bytes:28
18:45:59.3 (33398011)|HEAP_ALLOCATE|[455]|Bytes:117
18:45:59.3 (33407102)|ENTERING_MANAGED_PKG|
18:45:59.3 (33413727)|USER_DEBUG|[455]|DEBUG|This is not accessible: lastvieweddate### label: Last Viewed Date ## name: LastViewedDate## localname: LastViewedDate
18:45:59.3 (33428543)|HEAP_ALLOCATE|[421]|Bytes:5
18:45:59.3 (33441048)|VARIABLE_SCOPE_BEGIN|[421]|sfield|String|false|false
18:45:59.3 (33449221)|VARIABLE_ASSIGNMENT|[421]|sfield|"lastreferenceddate"
18:45:59.3 (33452152)|STATEMENT_EXECUTE|[421]
18:45:59.3 (33460857)|ENTERING_MANAGED_PKG|
18:45:59.3 (33564582)|HEAP_ALLOCATE|[423]|Bytes:8
18:45:59.3 (33578523)|STATEMENT_EXECUTE|[454]
18:45:59.3 (33580302)|STATEMENT_EXECUTE|[455]
18:45:59.3 (33591447)|ENTERING_MANAGED_PKG|
18:45:59.3 (33630376)|HEAP_ALLOCATE|[455]|Bytes:8
18:45:59.3 (33642631)|HEAP_ALLOCATE|[455]|Bytes:20
18:45:59.3 (33653463)|ENTERING_MANAGED_PKG|
18:45:59.3 (33683357)|HEAP_ALLOCATE|[455]|Bytes:8
18:45:59.3 (33693331)|HEAP_ALLOCATE|[455]|Bytes:18
18:45:59.3 (33699331)|HEAP_ALLOCATE|[455]|Bytes:101
18:45:59.3 (33709511)|ENTERING_MANAGED_PKG|
18:45:59.3 (33739016)|HEAP_ALLOCATE|[455]|Bytes:8
18:45:59.3 (33748718)|HEAP_ALLOCATE|[455]|Bytes:18
18:45:59.3 (33753774)|HEAP_ALLOCATE|[455]|Bytes:32
18:45:59.3 (33757040)|HEAP_ALLOCATE|[455]|Bytes:133
18:45:59.3 (33766057)|ENTERING_MANAGED_PKG|
18:45:59.3 (33772760)|USER_DEBUG|[455]|DEBUG|This is not accessible: lastreferenceddate### label: Last Referenced Date ## name: LastReferencedDate## localname: LastReferencedDate
18:45:59.3 (33787439)|HEAP_ALLOCATE|[421]|Bytes:5
18:45:59.3 (33799959)|VARIABLE_SCOPE_BEGIN|[421]|sfield|String|false|false
18:45:59.3 (33809769)|VARIABLE_ASSIGNMENT|[421]|sfield|"shiva15testns__amoun (4 more) ..."
18:45:59.3 (33812814)|STATEMENT_EXECUTE|[421]
18:45:59.3 (33821629)|ENTERING_MANAGED_PKG|
18:45:59.3 (34422469)|HEAP_ALLOCATE|[423]|Bytes:8
18:45:59.3 (34438429)|STATEMENT_EXECUTE|[423]
18:45:59.3 (34440445)|STATEMENT_EXECUTE|[424]
18:45:59.3 (34453661)|ENTERING_MANAGED_PKG|
18:45:59.3 (34518896)|HEAP_ALLOCATE|[424]|Bytes:8
18:45:59.3 (34535990)|HEAP_ALLOCATE|[424]|Bytes:6
18:45:59.3 (34541526)|VARIABLE_SCOPE_BEGIN|[424]|labelOfField|String|false|false
18:45:59.3 (34549971)|VARIABLE_ASSIGNMENT|[424]|labelOfField|"Amount"
18:45:59.3 (34564279)|ENTERING_MANAGED_PKG|
18:45:59.3 (34591891)|STATEMENT_EXECUTE|[427]
18:45:59.3 (34594300)|STATEMENT_EXECUTE|[429]
18:45:59.3 (34605524)|ENTERING_MANAGED_PKG|
18:45:59.3 (34647665)|HEAP_ALLOCATE|[429]|Bytes:4
18:45:59.3 (34689456)|VARIABLE_SCOPE_BEGIN|[429]|sObjResult|Schema.DescribeSObjectResult|true|false
18:45:59.3 (34757615)|VARIABLE_ASSIGNMENT|[429]|sObjResult|"common.api.soap.wsdl.DescribeSObjectResult@834149e"|0x74720845
18:45:59.3 (34766308)|HEAP_ALLOCATE|[430]|Bytes:7
18:45:59.3 (34794807)|HEAP_ALLOCATE|[430]|Bytes:7
18:45:59.3 (34818138)|STATEMENT_EXECUTE|[430]
18:45:59.3 (34820470)|STATEMENT_EXECUTE|[431]
18:45:59.3 (34823776)|HEAP_ALLOCATE|[431]|Bytes:42
18:45:59.3 (34838883)|ENTERING_MANAGED_PKG|
18:45:59.3 (34900726)|HEAP_ALLOCATE|[431]|Bytes:8
18:45:59.3 (34917033)|HEAP_ALLOCATE|[431]|Bytes:24
18:45:59.3 (34925163)|HEAP_ALLOCATE|[431]|Bytes:117
18:45:59.3 (34938260)|ENTERING_MANAGED_PKG|
18:45:59.3 (34975316)|HEAP_ALLOCATE|[431]|Bytes:8
18:45:59.3 (34989687)|HEAP_ALLOCATE|[431]|Bytes:9
18:45:59.3 (34996685)|HEAP_ALLOCATE|[431]|Bytes:23
18:45:59.3 (35000726)|HEAP_ALLOCATE|[431]|Bytes:140
18:45:59.3 (35012986)|ENTERING_MANAGED_PKG|
18:45:59.3 (35020339)|USER_DEBUG|[431]|DEBUG|this is the wanted Field Name ### sfield: shiva15testns__amount__c### label: Amount ## name: shiva15testns__Amount__c## localname: Amount__c
18:45:59.3 (35028230)|STATEMENT_EXECUTE|[432]
18:45:59.3 (35037137)|HEAP_ALLOCATE|[432]|Bytes:4
18:45:59.3 (35333795)|HEAP_ALLOCATE|[432]|Bytes:16
18:45:59.3 (35369386)|CONSTRUCTOR_ENTRY|[432]|01p36000005Jpvx|<init>(String,String,shiva15testns.PermissionSetPortalControllers.FieldPermissionsClass)
18:45:59.3 (35402153)|VARIABLE_SCOPE_BEGIN|[1045]|this|shiva15testns.PermissionSetPortalControllers.FieldDetailsClass|true|false
18:45:59.3 (35443261)|VARIABLE_ASSIGNMENT|[1045]|this|{}|0x7956dd5f
18:45:59.3 (35448179)|VARIABLE_SCOPE_BEGIN|[1045]|fieldName|String|false|false
18:45:59.3 (35455015)|VARIABLE_ASSIGNMENT|[1045]|fieldName|"shiva15testns__amoun (4 more) ..."
18:45:59.3 (35457661)|VARIABLE_SCOPE_BEGIN|[1045]|fieldLabel|String|false|false
18:45:59.3 (35460943)|VARIABLE_ASSIGNMENT|[1045]|fieldLabel|"Amount"
18:45:59.3 (35463738)|VARIABLE_SCOPE_BEGIN|[1045]|fieldPermissions|shiva15testns.PermissionSetPortalControllers.FieldPermissionsClass|true|false
18:45:59.3 (35467475)|VARIABLE_ASSIGNMENT|[1045]|fieldPermissions|null|
18:45:59.3 (35471180)|STATEMENT_EXECUTE|[1036]
18:45:59.3 (35472886)|STATEMENT_EXECUTE|[1039]
18:45:59.3 (35474391)|STATEMENT_EXECUTE|[1041]
18:45:59.3 (35475554)|STATEMENT_EXECUTE|[1043]
18:45:59.3 (35484567)|HEAP_ALLOCATE|[1046]|Bytes:6
18:45:59.3 (35516750)|STATEMENT_EXECUTE|[1045]
18:45:59.3 (35518860)|STATEMENT_EXECUTE|[1046]
18:45:59.3 (35534207)|VARIABLE_ASSIGNMENT|[1046]|this.fieldName|"shiva15testns__amoun (4 more) ..."|0x7956dd5f
18:45:59.3 (35537364)|STATEMENT_EXECUTE|[1047]
18:45:59.3 (35543740)|VARIABLE_ASSIGNMENT|[1047]|this.fieldLabel|"Amount"|0x7956dd5f
18:45:59.3 (35545946)|STATEMENT_EXECUTE|[1048]
18:45:59.3 (35552235)|VARIABLE_ASSIGNMENT|[1048]|this.fieldPermissions|null|0x7956dd5f
18:45:59.3 (35561642)|CONSTRUCTOR_EXIT|[432]|01p36000005Jpvx|<init>(String,String,shiva15testns.PermissionSetPortalControllers.FieldPermissionsClass)
18:45:59.3 (35582188)|VARIABLE_ASSIGNMENT|[432]|fieldClassObj|{"fieldLabel":"Amount","fieldName":"shiva15testns__amoun (4 more) ..."}|0x7956dd5f
18:45:59.3 (35585771)|STATEMENT_EXECUTE|[433]
18:45:59.3 (35602305)|ENTERING_MANAGED_PKG|
18:45:59.3 (35627629)|HEAP_ALLOCATE|[EXTERNAL]|Bytes:4
18:45:59.3 (35636846)|STATEMENT_EXECUTE|[434]
18:45:59.3 (35651973)|ENTERING_MANAGED_PKG|
18:45:59.3 (35671607)|HEAP_ALLOCATE|[EXTERNAL]|Bytes:4
18:45:59.3 (35687999)|HEAP_ALLOCATE|[421]|Bytes:5
18:45:59.3 (35701665)|VARIABLE_SCOPE_BEGIN|[421]|sfield|String|false|false
18:45:59.3 (35710776)|VARIABLE_ASSIGNMENT|[421]|sfield|"shiva15testns__clien (4 more) ..."
18:45:59.3 (35713792)|STATEMENT_EXECUTE|[421]
18:45:59.3 (35724402)|ENTERING_MANAGED_PKG|
18:45:59.3 (35863202)|HEAP_ALLOCATE|[423]|Bytes:8
18:45:59.3 (35877447)|STATEMENT_EXECUTE|[423]
18:45:59.3 (35879315)|STATEMENT_EXECUTE|[424]
18:45:59.3 (35890017)|ENTERING_MANAGED_PKG|
18:45:59.3 (35924257)|HEAP_ALLOCATE|[424]|Bytes:8
18:45:59.3 (35935393)|HEAP_ALLOCATE|[424]|Bytes:6
18:45:59.3 (35940197)|VARIABLE_SCOPE_BEGIN|[424]|labelOfField|String|false|false
18:45:59.3 (35948444)|VARIABLE_ASSIGNMENT|[424]|labelOfField|"Client"
18:45:59.3 (35958678)|ENTERING_MANAGED_PKG|
18:45:59.3 (35967580)|STATEMENT_EXECUTE|[427]
18:45:59.3 (35969281)|STATEMENT_EXECUTE|[429]
18:45:59.3 (35975790)|ENTERING_MANAGED_PKG|
18:45:59.3 (35996183)|HEAP_ALLOCATE|[429]|Bytes:4
18:45:59.3 (36002976)|VARIABLE_SCOPE_BEGIN|[429]|sObjResult|Schema.DescribeSObjectResult|true|false
18:45:59.3 (36059657)|VARIABLE_ASSIGNMENT|[429]|sObjResult|"common.api.soap.wsdl.DescribeSObjectResult@834149e"|0x39d45068
18:45:59.3 (36088203)|STATEMENT_EXECUTE|[430]
18:45:59.3 (36090242)|STATEMENT_EXECUTE|[431]
18:45:59.3 (36103286)|ENTERING_MANAGED_PKG|
18:45:59.3 (36139906)|HEAP_ALLOCATE|[431]|Bytes:8
18:45:59.3 (36150968)|HEAP_ALLOCATE|[431]|Bytes:24
18:45:59.3 (36157567)|HEAP_ALLOCATE|[431]|Bytes:117
18:45:59.3 (36168180)|ENTERING_MANAGED_PKG|
18:45:59.3 (36199330)|HEAP_ALLOCATE|[431]|Bytes:8
18:45:59.3 (36209363)|HEAP_ALLOCATE|[431]|Bytes:9
18:45:59.3 (36214573)|HEAP_ALLOCATE|[431]|Bytes:23
18:45:59.3 (36218054)|HEAP_ALLOCATE|[431]|Bytes:140
18:45:59.3 (36227410)|ENTERING_MANAGED_PKG|
18:45:59.3 (36235027)|USER_DEBUG|[431]|DEBUG|this is the wanted Field Name ### sfield: shiva15testns__client__c### label: Client ## name: shiva15testns__Client__c## localname: Client__c
18:45:59.3 (36242649)|STATEMENT_EXECUTE|[432]
18:45:59.3 (36247540)|HEAP_ALLOCATE|[432]|Bytes:16
18:45:59.3 (36258419)|CONSTRUCTOR_ENTRY|[432]|01p36000005Jpvx|<init>(String,String,shiva15testns.PermissionSetPortalControllers.FieldPermissionsClass)
18:45:59.3 (36264503)|VARIABLE_SCOPE_BEGIN|[1045]|this|shiva15testns.PermissionSetPortalControllers.FieldDetailsClass|true|false
18:45:59.3 (36283542)|VARIABLE_ASSIGNMENT|[1045]|this|{}|0x32cd9710
18:45:59.3 (36286731)|VARIABLE_SCOPE_BEGIN|[1045]|fieldName|String|false|false
18:45:59.3 (36293268)|VARIABLE_ASSIGNMENT|[1045]|fieldName|"shiva15testns__clien (4 more) ..."
18:45:59.3 (36295379)|VARIABLE_SCOPE_BEGIN|[1045]|fieldLabel|String|false|false
18:45:59.3 (36298426)|VARIABLE_ASSIGNMENT|[1045]|fieldLabel|"Client"
18:45:59.3 (36300250)|VARIABLE_SCOPE_BEGIN|[1045]|fieldPermissions|shiva15testns.PermissionSetPortalControllers.FieldPermissionsClass|true|false
18:45:59.3 (36303769)|VARIABLE_ASSIGNMENT|[1045]|fieldPermissions|null|
18:45:59.3 (36306630)|STATEMENT_EXECUTE|[1036]
18:45:59.3 (36307979)|STATEMENT_EXECUTE|[1039]
18:45:59.3 (36309400)|STATEMENT_EXECUTE|[1041]
18:45:59.3 (36310525)|STATEMENT_EXECUTE|[1043]
18:45:59.3 (36322046)|STATEMENT_EXECUTE|[1045]
18:45:59.3 (36323816)|STATEMENT_EXECUTE|[1046]
18:45:59.3 (36332254)|VARIABLE_ASSIGNMENT|[1046]|this.fieldName|"shiva15testns__clien (4 more) ..."|0x32cd9710
18:45:59.3 (36334842)|STATEMENT_EXECUTE|[1047]
18:45:59.3 (36340026)|VARIABLE_ASSIGNMENT|[1047]|this.fieldLabel|"Client"|0x32cd9710
18:45:59.3 (36342320)|STATEMENT_EXECUTE|[1048]
18:45:59.3 (36347209)|VARIABLE_ASSIGNMENT|[1048]|this.fieldPermissions|null|0x32cd9710
18:45:59.3 (36356373)|CONSTRUCTOR_EXIT|[432]|01p36000005Jpvx|<init>(String,String,shiva15testns.PermissionSetPortalControllers.FieldPermissionsClass)
18:45:59.3 (36374834)|VARIABLE_ASSIGNMENT|[432]|fieldClassObj|{"fieldLabel":"Client","fieldName":"shiva15testns__clien (4 more) ..."}|0x32cd9710
18:45:59.3 (36378580)|STATEMENT_EXECUTE|[433]
18:45:59.3 (36390938)|ENTERING_MANAGED_PKG|
18:45:59.3 (36395813)|HEAP_ALLOCATE|[EXTERNAL]|Bytes:4
18:45:59.3 (36402265)|STATEMENT_EXECUTE|[434]
18:45:59.3 (36408811)|ENTERING_MANAGED_PKG|
18:45:59.3 (36412170)|HEAP_ALLOCATE|[EXTERNAL]|Bytes:4
18:45:59.3 (36424993)|HEAP_ALLOCATE|[421]|Bytes:5
18:45:59.3 (36437802)|VARIABLE_SCOPE_BEGIN|[421]|sfield|String|false|false
18:45:59.3 (36446092)|VARIABLE_ASSIGNMENT|[421]|sfield|"shiva15testns__date_ (2 more) ..."
18:45:59.3 (36448971)|STATEMENT_EXECUTE|[421]
18:45:59.3 (36457644)|ENTERING_MANAGED_PKG|
18:45:59.3 (36590865)|HEAP_ALLOCATE|[423]|Bytes:8
18:45:59.3 (36604935)|STATEMENT_EXECUTE|[423]
18:45:59.3 (36606759)|STATEMENT_EXECUTE|[424]
18:45:59.3 (36617501)|ENTERING_MANAGED_PKG|
18:45:59.3 (36651370)|HEAP_ALLOCATE|[424]|Bytes:8
18:45:59.3 (36662509)|HEAP_ALLOCATE|[424]|Bytes:4
18:45:59.3 (36667182)|VARIABLE_SCOPE_BEGIN|[424]|labelOfField|String|false|false
18:45:59.3 (36674959)|VARIABLE_ASSIGNMENT|[424]|labelOfField|"Date"
18:45:59.3 (36685202)|ENTERING_MANAGED_PKG|
18:45:59.3 (36694187)|STATEMENT_EXECUTE|[427]
18:45:59.3 (36695850)|STATEMENT_EXECUTE|[429]
18:45:59.3 (36702349)|ENTERING_MANAGED_PKG|
18:45:59.3 (36722422)|HEAP_ALLOCATE|[429]|Bytes:4
18:45:59.3 (36729290)|VARIABLE_SCOPE_BEGIN|[429]|sObjResult|Schema.DescribeSObjectResult|true|false
18:45:59.3 (36783831)|VARIABLE_ASSIGNMENT|[429]|sObjResult|"common.api.soap.wsdl.DescribeSObjectResult@834149e"|0x2aa58b6e
18:45:59.3 (36807139)|STATEMENT_EXECUTE|[430]
18:45:59.3 (36809027)|STATEMENT_EXECUTE|[431]
18:45:59.3 (36821325)|ENTERING_MANAGED_PKG|
18:45:59.3 (36858029)|HEAP_ALLOCATE|[431]|Bytes:8
18:45:59.3 (36869067)|HEAP_ALLOCATE|[431]|Bytes:22
18:45:59.3 (36875594)|HEAP_ALLOCATE|[431]|Bytes:111
18:45:59.3 (36886146)|ENTERING_MANAGED_PKG|
18:45:59.3 (36917310)|HEAP_ALLOCATE|[431]|Bytes:8
18:45:59.3 (36927345)|HEAP_ALLOCATE|[431]|Bytes:7
18:45:59.3 (36932563)|HEAP_ALLOCATE|[431]|Bytes:21
18:45:59.3 (36935918)|HEAP_ALLOCATE|[431]|Bytes:132
18:45:59.3 (36945018)|ENTERING_MANAGED_PKG|
18:45:59.3 (36952382)|USER_DEBUG|[431]|DEBUG|this is the wanted Field Name ### sfield: shiva15testns__date__c### label: Date ## name: shiva15testns__Date__c## localname: Date__c
18:45:59.3 (36959545)|STATEMENT_EXECUTE|[432]
18:45:59.3 (36964354)|HEAP_ALLOCATE|[432]|Bytes:16
18:45:59.3 (36974980)|CONSTRUCTOR_ENTRY|[432]|01p36000005Jpvx|<init>(String,String,shiva15testns.PermissionSetPortalControllers.FieldPermissionsClass)
18:45:59.3 (36980310)|VARIABLE_SCOPE_BEGIN|[1045]|this|shiva15testns.PermissionSetPortalControllers.FieldDetailsClass|true|false
18:45:59.3 (36998797)|VARIABLE_ASSIGNMENT|[1045]|this|{}|0x740eec3d
18:45:59.3 (37001921)|VARIABLE_SCOPE_BEGIN|[1045]|fieldName|String|false|false
18:45:59.3 (37008448)|VARIABLE_ASSIGNMENT|[1045]|fieldName|"shiva15testns__date_ (2 more) ..."
18:45:59.3 (37010339)|VARIABLE_SCOPE_BEGIN|[1045]|fieldLabel|String|false|false
18:45:59.3 (37013522)|VARIABLE_ASSIGNMENT|[1045]|fieldLabel|"Date"
18:45:59.3 (37015405)|VARIABLE_SCOPE_BEGIN|[1045]|fieldPermissions|shiva15testns.PermissionSetPortalControllers.FieldPermissionsClass|true|false
18:45:59.3 (37018940)|VARIABLE_ASSIGNMENT|[1045]|fieldPermissions|null|
18:45:59.3 (37021812)|STATEMENT_EXECUTE|[1036]
18:45:59.3 (37023142)|STATEMENT_EXECUTE|[1039]
18:45:59.3 (37024660)|STATEMENT_EXECUTE|[1041]
18:45:59.3 (37025957)|STATEMENT_EXECUTE|[1043]
18:45:59.3 (37037473)|STATEMENT_EXECUTE|[1045]
18:45:59.3 (37039183)|STATEMENT_EXECUTE|[1046]
18:45:59.3 (37052225)|VARIABLE_ASSIGNMENT|[1046]|this.fieldName|"shiva15testns__date_ (2 more) ..."|0x740eec3d
18:45:59.3 (37055019)|STATEMENT_EXECUTE|[1047]
18:45:59.3 (37060798)|VARIABLE_ASSIGNMENT|[1047]|this.fieldLabel|"Date"|0x740eec3d
18:45:59.3 (37062881)|STATEMENT_EXECUTE|[1048]
18:45:59.3 (37068046)|VARIABLE_ASSIGNMENT|[1048]|this.fieldPermissions|null|0x740eec3d
18:45:59.3 (37082394)|CONSTRUCTOR_EXIT|[432]|01p36000005Jpvx|<init>(String,String,shiva15testns.PermissionSetPortalControllers.FieldPermissionsClass)
18:45:59.3 (37102690)|VARIABLE_ASSIGNMENT|[432]|fieldClassObj|{"fieldLabel":"Date","fieldName":"shiva15testns__date_ (2 more) ..."}|0x740eec3d
18:45:59.3 (37106511)|STATEMENT_EXECUTE|[433]
18:45:59.3 (37119383)|ENTERING_MANAGED_PKG|
18:45:59.3 (37124360)|HEAP_ALLOCATE|[EXTERNAL]|Bytes:4
18:45:59.3 (37130821)|STATEMENT_EXECUTE|[434]
18:45:59.3 (37137264)|ENTERING_MANAGED_PKG|
18:45:59.3 (37140489)|HEAP_ALLOCATE|[EXTERNAL]|Bytes:4
18:45:59.3 (37153333)|HEAP_ALLOCATE|[421]|Bytes:5
18:45:59.3 (37166185)|VARIABLE_SCOPE_BEGIN|[421]|sfield|String|false|false
18:45:59.3 (37174242)|VARIABLE_ASSIGNMENT|[421]|sfield|"shiva15testns__reimb (8 more) ..."
18:45:59.3 (37177156)|STATEMENT_EXECUTE|[421]
18:45:59.3 (37185895)|ENTERING_MANAGED_PKG|
18:45:59.3 (37318200)|HEAP_ALLOCATE|[423]|Bytes:8
18:45:59.3 (37332228)|STATEMENT_EXECUTE|[423]
18:45:59.3 (37334052)|STATEMENT_EXECUTE|[424]
18:45:59.3 (37344649)|ENTERING_MANAGED_PKG|
18:45:59.3 (37378612)|HEAP_ALLOCATE|[424]|Bytes:8
18:45:59.3 (37389839)|HEAP_ALLOCATE|[424]|Bytes:11
18:45:59.3 (37394657)|VARIABLE_SCOPE_BEGIN|[424]|labelOfField|String|false|false
18:45:59.3 (37403091)|VARIABLE_ASSIGNMENT|[424]|labelOfField|"Reimbursed?"
18:45:59.3 (37413407)|ENTERING_MANAGED_PKG|
18:45:59.3 (37422165)|STATEMENT_EXECUTE|[427]
18:45:59.3 (37423881)|STATEMENT_EXECUTE|[429]
18:45:59.3 (37430317)|ENTERING_MANAGED_PKG|
18:45:59.3 (37450854)|HEAP_ALLOCATE|[429]|Bytes:4
18:45:59.3 (37457801)|VARIABLE_SCOPE_BEGIN|[429]|sObjResult|Schema.DescribeSObjectResult|true|false
18:45:59.3 (37511960)|VARIABLE_ASSIGNMENT|[429]|sObjResult|"common.api.soap.wsdl.DescribeSObjectResult@834149e"|0x31e87406
18:45:59.3 (37535062)|STATEMENT_EXECUTE|[430]
18:45:59.3 (37536943)|STATEMENT_EXECUTE|[431]
18:45:59.3 (37549076)|ENTERING_MANAGED_PKG|
18:45:59.3 (37584766)|HEAP_ALLOCATE|[431]|Bytes:8
18:45:59.3 (37595577)|HEAP_ALLOCATE|[431]|Bytes:28
18:45:59.3 (37601882)|HEAP_ALLOCATE|[431]|Bytes:130
18:45:59.3 (37612410)|ENTERING_MANAGED_PKG|
18:45:59.3 (37644006)|HEAP_ALLOCATE|[431]|Bytes:8
18:45:59.3 (37654247)|HEAP_ALLOCATE|[431]|Bytes:13
18:45:59.3 (37659566)|HEAP_ALLOCATE|[431]|Bytes:27
18:45:59.3 (37663416)|HEAP_ALLOCATE|[431]|Bytes:157
18:45:59.3 (37672545)|ENTERING_MANAGED_PKG|
18:45:59.3 (37680009)|USER_DEBUG|[431]|DEBUG|this is the wanted Field Name ### sfield: shiva15testns__reimbursed__c### label: Reimbursed? ## name: shiva15testns__Reimbursed__c## localname: Reimbursed__c
18:45:59.3 (37687265)|STATEMENT_EXECUTE|[432]
18:45:59.3 (37692204)|HEAP_ALLOCATE|[432]|Bytes:16
18:45:59.3 (37702984)|CONSTRUCTOR_ENTRY|[432]|01p36000005Jpvx|<init>(String,String,shiva15testns.PermissionSetPortalControllers.FieldPermissionsClass)
18:45:59.3 (37708278)|VARIABLE_SCOPE_BEGIN|[1045]|this|shiva15testns.PermissionSetPortalControllers.FieldDetailsClass|true|false
18:45:59.3 (37726086)|VARIABLE_ASSIGNMENT|[1045]|this|{}|0x32041902
18:45:59.3 (37729139)|VARIABLE_SCOPE_BEGIN|[1045]|fieldName|String|false|false
18:45:59.3 (37734740)|VARIABLE_ASSIGNMENT|[1045]|fieldName|"shiva15testns__reimb (8 more) ..."
18:45:59.3 (37736567)|VARIABLE_SCOPE_BEGIN|[1045]|fieldLabel|String|false|false
18:45:59.3 (37739627)|VARIABLE_ASSIGNMENT|[1045]|fieldLabel|"Reimbursed?"
18:45:59.3 (37741483)|VARIABLE_SCOPE_BEGIN|[1045]|fieldPermissions|shiva15testns.PermissionSetPortalControllers.FieldPermissionsClass|true|false
18:45:59.3 (37745707)|VARIABLE_ASSIGNMENT|[1045]|fieldPermissions|null|
18:45:59.3 (37748578)|STATEMENT_EXECUTE|[1036]
18:45:59.3 (37749907)|STATEMENT_EXECUTE|[1039]
18:45:59.3 (37751279)|STATEMENT_EXECUTE|[1041]
18:45:59.3 (37752459)|STATEMENT_EXECUTE|[1043]
18:45:59.3 (37763504)|STATEMENT_EXECUTE|[1045]
18:45:59.3 (37765226)|STATEMENT_EXECUTE|[1046]
18:45:59.3 (37773440)|VARIABLE_ASSIGNMENT|[1046]|this.fieldName|"shiva15testns__reimb (8 more) ..."|0x32041902
18:45:59.3 (37775856)|STATEMENT_EXECUTE|[1047]
18:45:59.3 (37780899)|VARIABLE_ASSIGNMENT|[1047]|this.fieldLabel|"Reimbursed?"|0x32041902
18:45:59.3 (37783021)|STATEMENT_EXECUTE|[1048]
18:45:59.3 (37787948)|VARIABLE_ASSIGNMENT|[1048]|this.fieldPermissions|null|0x32041902
18:45:59.3 (37796681)|CONSTRUCTOR_EXIT|[432]|01p36000005Jpvx|<init>(String,String,shiva15testns.PermissionSetPortalControllers.FieldPermissionsClass)
18:45:59.3 (37814973)|VARIABLE_ASSIGNMENT|[432]|fieldClassObj|{"fieldLabel":"Reimbursed?","fieldName":"shiva15testns__reimb (8 more) ..."}|0x32041902
18:45:59.3 (37818231)|STATEMENT_EXECUTE|[433]
18:45:59.3 (37830108)|ENTERING_MANAGED_PKG|
18:45:59.3 (37834842)|HEAP_ALLOCATE|[EXTERNAL]|Bytes:4
18:45:59.3 (37841445)|STATEMENT_EXECUTE|[434]
18:45:59.3 (37847953)|ENTERING_MANAGED_PKG|
18:45:59.3 (37851142)|HEAP_ALLOCATE|[EXTERNAL]|Bytes:4
18:45:59.3 (37863777)|HEAP_ALLOCATE|[421]|Bytes:5
18:45:59.3 (37875767)|VARIABLE_ASSIGNMENT|[421]|sfield|null
18:45:59.3 (37879725)|STATEMENT_EXECUTE|[459]
18:45:59.3 (37896887)|METHOD_ENTRY|[459]|01p36000005Jpvx|shiva15testns.PermissionSetPortalControllers.sortTheFieldLabels(List<shiva15testns.PermissionSetPortalControllers.FieldDetailsClass>)
18:45:59.3 (37917262)|VARIABLE_SCOPE_BEGIN|[475]|listOfFieldDetailsClass|List<shiva15testns.PermissionSetPortalControllers.FieldDetailsClass>|true|false
18:45:59.3 (37958517)|VARIABLE_ASSIGNMENT|[475]|listOfFieldDetailsClass|{"s":1,"v":[{"fieldLabel":"Amount","fieldName":"shiva15testns__amoun (4 more) ..."},{"fieldLabel":"Client","fieldName":"shiva15testns__clien (4 more) ..."},{"fieldLabel":"Date","fieldName":"shiva15testns__date_ (2 more) ..."},{"fieldLabel":"Reimbursed?","fieldName":"shiva15testns__reimb (8 more) ..."}]}|0x5530d6d0
18:45:59.3 (37969810)|HEAP_ALLOCATE|[476]|Bytes:5
18:45:59.3 (37973585)|STATEMENT_EXECUTE|[475]
18:45:59.3 (37975106)|STATEMENT_EXECUTE|[476]
18:45:59.3 (37976407)|STATEMENT_EXECUTE|[476]
18:45:59.3 (37977649)|STATEMENT_EXECUTE|[478]
18:45:59.3 (37981739)|HEAP_ALLOCATE|[478]|Bytes:4
18:45:59.3 (37993448)|ENTERING_MANAGED_PKG|
18:45:59.3 (38011741)|VARIABLE_SCOPE_BEGIN|[478]|fieldNames|List<String>|true|false
18:45:59.3 (38042734)|HEAP_ALLOCATE|[EXTERNAL]|Bytes:4
18:45:59.3 (38054035)|VARIABLE_ASSIGNMENT|[478]|fieldNames|{"s":1,"v":[]}|0x709872da
18:45:59.3 (38057534)|STATEMENT_EXECUTE|[479]
18:45:59.3 (38062508)|HEAP_ALLOCATE|[479]|Bytes:4
18:45:59.3 (38077435)|ENTERING_MANAGED_PKG|
18:45:59.3 (38095249)|VARIABLE_SCOPE_BEGIN|[479]|finalFieldNameSortedList|List<shiva15testns.PermissionSetPortalControllers.FieldDetailsClass>|true|false
18:45:59.3 (38105734)|HEAP_ALLOCATE|[EXTERNAL]|Bytes:4
18:45:59.3 (38115482)|VARIABLE_ASSIGNMENT|[479]|finalFieldNameSortedList|{"s":1,"v":[]}|0x2a2708b
18:45:59.3 (38118825)|STATEMENT_EXECUTE|[480]
18:45:59.3 (38154317)|HEAP_ALLOCATE|[480]|Bytes:4
18:45:59.3 (38209962)|VARIABLE_SCOPE_BEGIN|[480]|mapForFieldLabelComparision|Map<String,shiva15testns.PermissionSetPortalControllers.FieldDetailsClass>|true|false
18:45:59.3 (38230827)|VARIABLE_ASSIGNMENT|[480]|mapForFieldLabelComparision|{"s":1,"v":{}}|0x10fcb5d4
18:45:59.3 (38245495)|ENTERING_MANAGED_PKG|
18:45:59.3 (38443928)|HEAP_ALLOCATE|[482]|Bytes:5
18:45:59.3 (38457827)|HEAP_ALLOCATE|[482]|Bytes:16
18:45:59.3 (38464803)|VARIABLE_SCOPE_BEGIN|[482]|fieldObj|shiva15testns.PermissionSetPortalControllers.FieldDetailsClass|true|false
18:45:59.3 (38488916)|VARIABLE_ASSIGNMENT|[482]|fieldObj|{"fieldLabel":"Amount","fieldName":"shiva15testns__amoun (4 more) ..."}|0x7956dd5f
18:45:59.3 (38493404)|STATEMENT_EXECUTE|[482]
18:45:59.3 (38495019)|STATEMENT_EXECUTE|[483]
18:45:59.3 (38511906)|ENTERING_MANAGED_PKG|
18:45:59.3 (38534390)|HEAP_ALLOCATE|[EXTERNAL]|Bytes:4
18:45:59.3 (38542881)|STATEMENT_EXECUTE|[484]
18:45:59.3 (38560675)|ENTERING_MANAGED_PKG|
18:45:59.3 (38586748)|HEAP_ALLOCATE|[EXTERNAL]|Bytes:-4
18:45:59.3 (38603175)|HEAP_ALLOCATE|[482]|Bytes:5
18:45:59.3 (38613154)|HEAP_ALLOCATE|[482]|Bytes:16
18:45:59.3 (38619718)|VARIABLE_SCOPE_BEGIN|[482]|fieldObj|shiva15testns.PermissionSetPortalControllers.FieldDetailsClass|true|false
18:45:59.3 (38641627)|VARIABLE_ASSIGNMENT|[482]|fieldObj|{"fieldLabel":"Client","fieldName":"shiva15testns__clien (4 more) ..."}|0x32cd9710
18:45:59.3 (38645655)|STATEMENT_EXECUTE|[482]
18:45:59.3 (38647065)|STATEMENT_EXECUTE|[483]
18:45:59.3 (38659373)|ENTERING_MANAGED_PKG|
18:45:59.3 (38663047)|HEAP_ALLOCATE|[EXTERNAL]|Bytes:4
18:45:59.3 (38669069)|STATEMENT_EXECUTE|[484]
18:45:59.3 (38676188)|ENTERING_MANAGED_PKG|
18:45:59.3 (38681559)|HEAP_ALLOCATE|[EXTERNAL]|Bytes:-4
18:45:59.3 (38693748)|HEAP_ALLOCATE|[482]|Bytes:5
18:45:59.3 (38702927)|HEAP_ALLOCATE|[482]|Bytes:16
18:45:59.3 (38708857)|VARIABLE_SCOPE_BEGIN|[482]|fieldObj|shiva15testns.PermissionSetPortalControllers.FieldDetailsClass|true|false
18:45:59.3 (38728478)|VARIABLE_ASSIGNMENT|[482]|fieldObj|{"fieldLabel":"Date","fieldName":"shiva15testns__date_ (2 more) ..."}|0x740eec3d
18:45:59.3 (38732595)|STATEMENT_EXECUTE|[482]
18:45:59.3 (38734273)|STATEMENT_EXECUTE|[483]
18:45:59.3 (38745948)|ENTERING_MANAGED_PKG|
18:45:59.3 (38749473)|HEAP_ALLOCATE|[EXTERNAL]|Bytes:4
18:45:59.3 (38755444)|STATEMENT_EXECUTE|[484]
18:45:59.3 (38762215)|ENTERING_MANAGED_PKG|
18:45:59.3 (38767312)|HEAP_ALLOCATE|[EXTERNAL]|Bytes:-4
18:45:59.3 (38779068)|HEAP_ALLOCATE|[482]|Bytes:5
18:45:59.3 (38788299)|HEAP_ALLOCATE|[482]|Bytes:16
18:45:59.3 (38793960)|VARIABLE_SCOPE_BEGIN|[482]|fieldObj|shiva15testns.PermissionSetPortalControllers.FieldDetailsClass|true|false
18:45:59.3 (38813289)|VARIABLE_ASSIGNMENT|[482]|fieldObj|{"fieldLabel":"Reimbursed?","fieldName":"shiva15testns__reimb (8 more) ..."}|0x32041902
18:45:59.3 (38817054)|STATEMENT_EXECUTE|[482]
18:45:59.3 (38818441)|STATEMENT_EXECUTE|[483]
18:45:59.3 (38829753)|ENTERING_MANAGED_PKG|
18:45:59.3 (38833258)|HEAP_ALLOCATE|[EXTERNAL]|Bytes:4
18:45:59.3 (38839228)|STATEMENT_EXECUTE|[484]
18:45:59.3 (38845981)|ENTERING_MANAGED_PKG|
18:45:59.3 (38850965)|HEAP_ALLOCATE|[EXTERNAL]|Bytes:-4
18:45:59.3 (38863534)|HEAP_ALLOCATE|[482]|Bytes:5
18:45:59.3 (38875247)|VARIABLE_ASSIGNMENT|[482]|fieldObj|null|
18:45:59.3 (38878579)|STATEMENT_EXECUTE|[486]
18:45:59.3 (38889800)|ENTERING_MANAGED_PKG|
18:45:59.3 (38926870)|ENTERING_MANAGED_PKG|
18:45:59.3 (38952291)|HEAP_ALLOCATE|[488]|Bytes:5
18:45:59.3 (38963007)|HEAP_ALLOCATE|[488]|Bytes:6
18:45:59.3 (38969879)|VARIABLE_SCOPE_BEGIN|[488]|str|String|false|false
18:45:59.3 (38977323)|VARIABLE_ASSIGNMENT|[488]|str|"Amount"
18:45:59.3 (38980371)|STATEMENT_EXECUTE|[488]
18:45:59.3 (38992481)|ENTERING_MANAGED_PKG|
18:45:59.3 (39018000)|STATEMENT_EXECUTE|[489]
18:45:59.3 (39021158)|STATEMENT_EXECUTE|[490]
18:45:59.3 (39030851)|ENTERING_MANAGED_PKG|
18:45:59.3 (39061040)|ENTERING_MANAGED_PKG|
18:45:59.3 (39066194)|HEAP_ALLOCATE|[EXTERNAL]|Bytes:4
18:45:59.3 (39084804)|HEAP_ALLOCATE|[488]|Bytes:5
18:45:59.3 (39094786)|HEAP_ALLOCATE|[488]|Bytes:6
18:45:59.3 (39101149)|VARIABLE_SCOPE_BEGIN|[488]|str|String|false|false
18:45:59.3 (39108481)|VARIABLE_ASSIGNMENT|[488]|str|"Client"
18:45:59.3 (39111489)|STATEMENT_EXECUTE|[488]
18:45:59.3 (39120404)|ENTERING_MANAGED_PKG|
18:45:59.3 (39127523)|STATEMENT_EXECUTE|[489]
18:45:59.3 (39129147)|STATEMENT_EXECUTE|[490]
18:45:59.3 (39134744)|ENTERING_MANAGED_PKG|
18:45:59.3 (39145441)|ENTERING_MANAGED_PKG|
18:45:59.3 (39149725)|HEAP_ALLOCATE|[EXTERNAL]|Bytes:4
18:45:59.3 (39161294)|HEAP_ALLOCATE|[488]|Bytes:5
18:45:59.3 (39170020)|HEAP_ALLOCATE|[488]|Bytes:4
18:45:59.3 (39175584)|VARIABLE_SCOPE_BEGIN|[488]|str|String|false|false
18:45:59.3 (39181820)|VARIABLE_ASSIGNMENT|[488]|str|"Date"
18:45:59.3 (39184456)|STATEMENT_EXECUTE|[488]
18:45:59.3 (39192507)|ENTERING_MANAGED_PKG|
18:45:59.3 (39199365)|STATEMENT_EXECUTE|[489]
18:45:59.3 (39200949)|STATEMENT_EXECUTE|[490]
18:45:59.3 (39206231)|ENTERING_MANAGED_PKG|
18:45:59.3 (39216529)|ENTERING_MANAGED_PKG|
18:45:59.3 (39220419)|HEAP_ALLOCATE|[EXTERNAL]|Bytes:4
18:45:59.3 (39231773)|HEAP_ALLOCATE|[488]|Bytes:5
18:45:59.3 (39240422)|HEAP_ALLOCATE|[488]|Bytes:11
18:45:59.3 (39245814)|VARIABLE_SCOPE_BEGIN|[488]|str|String|false|false
18:45:59.3 (39252489)|VARIABLE_ASSIGNMENT|[488]|str|"Reimbursed?"
18:45:59.3 (39255090)|STATEMENT_EXECUTE|[488]
18:45:59.3 (39263122)|ENTERING_MANAGED_PKG|
18:45:59.3 (39269911)|STATEMENT_EXECUTE|[489]
18:45:59.3 (39271504)|STATEMENT_EXECUTE|[490]
18:45:59.3 (39276814)|ENTERING_MANAGED_PKG|
18:45:59.3 (39286928)|ENTERING_MANAGED_PKG|
18:45:59.3 (39290861)|HEAP_ALLOCATE|[EXTERNAL]|Bytes:4
18:45:59.3 (39302113)|HEAP_ALLOCATE|[488]|Bytes:5
18:45:59.3 (39312969)|VARIABLE_ASSIGNMENT|[488]|str|null
18:45:59.3 (39316008)|STATEMENT_EXECUTE|[493]
18:45:59.3 (39325131)|METHOD_EXIT|[459]|01p36000005Jpvx|shiva15testns.PermissionSetPortalControllers.sortTheFieldLabels(List<shiva15testns.PermissionSetPortalControllers.FieldDetailsClass>)
18:45:59.3 (39366544)|VARIABLE_ASSIGNMENT|[459]|individualObjectAllFieldsList|{"s":1,"v":[{"fieldLabel":"Amount","fieldName":"shiva15testns__amoun (4 more) ..."},{"fieldLabel":"Client","fieldName":"shiva15testns__clien (4 more) ..."},{"fieldLabel":"Date","fieldName":"shiva15testns__date_ (2 more) ..."},{"fieldLabel":"Reimbursed?","fieldName":"shiva15testns__reimb (8 more) ..."}]}|0x2a2708b
18:45:59.3 (39371427)|STATEMENT_EXECUTE|[460]
18:45:59.3 (39390609)|METHOD_ENTRY|[460]|01p36000005Jpvx|shiva15testns.PermissionSetPortalControllers.getFieldPermissions(String, String, List<shiva15testns.PermissionSetPortalControllers.FieldDetailsClass>)
18:45:59.3 (39411155)|VARIABLE_SCOPE_BEGIN|[507]|pSetId|String|false|false
18:45:59.3 (39418492)|VARIABLE_ASSIGNMENT|[507]|pSetId|"0PS36000000q71PGAQ"
18:45:59.3 (39421251)|VARIABLE_SCOPE_BEGIN|[507]|objName|String|false|false
18:45:59.3 (39425702)|VARIABLE_ASSIGNMENT|[507]|objName|"shiva15testns__expen (5 more) ..."
18:45:59.3 (39428431)|VARIABLE_SCOPE_BEGIN|[507]|individualObjectAllFieldsListAsInput|List<shiva15testns.PermissionSetPortalControllers.FieldDetailsClass>|true|false
18:45:59.3 (39462898)|VARIABLE_ASSIGNMENT|[507]|individualObjectAllFieldsListAsInput|{"s":1,"v":[{"fieldLabel":"Amount","fieldName":"shiva15testns__amoun (4 more) ..."},{"fieldLabel":"Client","fieldName":"shiva15testns__clien (4 more) ..."},{"fieldLabel":"Date","fieldName":"shiva15testns__date_ (2 more) ..."},{"fieldLabel":"Reimbursed?","fieldName":"shiva15testns__reimb (8 more) ..."}]}|0x2a2708b
18:45:59.3 (39473447)|HEAP_ALLOCATE|[510]|Bytes:5
18:45:59.3 (39477065)|STATEMENT_EXECUTE|[507]
18:45:59.3 (39478639)|STATEMENT_EXECUTE|[509]
18:45:59.3 (39482550)|HEAP_ALLOCATE|[510]|Bytes:163
18:45:59.3 (39490410)|HEAP_ALLOCATE|[510]|Bytes:4
18:45:59.3 (39499059)|HEAP_ALLOCATE|[510]|Bytes:7
18:45:59.3 (39513388)|HEAP_ALLOCATE|[510]|Bytes:7
18:45:59.3 (40963941)|SOQL_EXECUTE_BEGIN|[510]|Aggregations:0|SELECT Id, Field, Parent.Name, ParentId, SobjectType, PermissionsEdit, PermissionsRead FROM FieldPermissions WHERE (ParentId = :tmpVar1 AND SobjectType = :tmpVar2)
18:45:59.3 (98312535)|SOQL_EXECUTE_END|[510]|Rows:0
18:45:59.3 (98345582)|HEAP_ALLOCATE|[510]|Bytes:4
18:45:59.3 (98365411)|HEAP_ALLOCATE|[510]|Bytes:0
18:45:59.3 (98484185)|HEAP_ALLOCATE|[510]|Bytes:4
18:45:59.3 (98507406)|VARIABLE_SCOPE_BEGIN|[509]|FieldPermissionsList|List<FieldPermissions>|true|false
18:45:59.3 (98540110)|VARIABLE_ASSIGNMENT|[509]|FieldPermissionsList|{"s":1,"v":[]}|0x228364a1
18:45:59.3 (98544738)|STATEMENT_EXECUTE|[512]
18:45:59.3 (98585666)|HEAP_ALLOCATE|[512]|Bytes:4
18:45:59.3 (98644548)|VARIABLE_SCOPE_BEGIN|[512]|fieldPermissionsListMap|Map<String,FieldPermissions>|true|false
18:45:59.3 (98665349)|VARIABLE_ASSIGNMENT|[512]|fieldPermissionsListMap|{"s":1,"v":{}}|0x5bad882d
18:45:59.3 (98737101)|ENTERING_MANAGED_PKG|
18:45:59.3 (98937196)|HEAP_ALLOCATE|[514]|Bytes:5
18:45:59.3 (98964461)|VARIABLE_ASSIGNMENT|[514]|fper|null|
18:45:59.3 (98969522)|STATEMENT_EXECUTE|[514]
18:45:59.3 (98971615)|STATEMENT_EXECUTE|[518]
18:45:59.3 (98977474)|HEAP_ALLOCATE|[518]|Bytes:4
18:45:59.3 (98991660)|ENTERING_MANAGED_PKG|
18:45:59.3 (99014912)|VARIABLE_SCOPE_BEGIN|[518]|individualObjectAllFieldsFinalList|List<shiva15testns.PermissionSetPortalControllers.FieldDetailsClass>|true|false
18:45:59.3 (99029259)|HEAP_ALLOCATE|[EXTERNAL]|Bytes:4
18:45:59.3 (99041995)|VARIABLE_ASSIGNMENT|[518]|individualObjectAllFieldsFinalList|{"s":1,"v":[]}|0x37ba0014
18:45:59.3 (99045419)|STATEMENT_EXECUTE|[520]
18:45:59.3 (99050077)|VARIABLE_SCOPE_BEGIN|[520]|fieldPermissionsObj|shiva15testns.PermissionSetPortalControllers.FieldPermissionsClass|true|false
18:45:59.3 (99055895)|VARIABLE_ASSIGNMENT|[520]|fieldPermissionsObj|null|
18:45:59.3 (99070722)|ENTERING_MANAGED_PKG|
18:45:59.3 (99101770)|HEAP_ALLOCATE|[522]|Bytes:5
18:45:59.3 (99121623)|HEAP_ALLOCATE|[522]|Bytes:16
18:45:59.3 (99130784)|VARIABLE_SCOPE_BEGIN|[522]|fieldClassObj|shiva15testns.PermissionSetPortalControllers.FieldDetailsClass|true|false
18:45:59.3 (99170385)|VARIABLE_ASSIGNMENT|[522]|fieldClassObj|{"fieldLabel":"Amount","fieldName":"shiva15testns__amoun (4 more) ..."}|0x7956dd5f
18:45:59.3 (99174741)|STATEMENT_EXECUTE|[522]
18:45:59.3 (99191485)|ENTERING_MANAGED_PKG|
18:45:59.3 (99218625)|STATEMENT_EXECUTE|[540]
18:45:59.3 (99220959)|STATEMENT_EXECUTE|[541]
18:45:59.3 (99226350)|HEAP_ALLOCATE|[541]|Bytes:60
18:45:59.3 (99244249)|ENTERING_MANAGED_PKG|
18:45:59.3 (99273494)|USER_DEBUG|[541]|DEBUG|No Field Permissions concerened to individual Psets and Objs
18:45:59.3 (99282443)|STATEMENT_EXECUTE|[542]
18:45:59.3 (99290866)|HEAP_ALLOCATE|[542]|Bytes:4
18:45:59.3 (99318427)|HEAP_ALLOCATE|[542]|Bytes:16
18:45:59.3 (99355643)|CONSTRUCTOR_ENTRY|[542]|01p36000005Jpvx|<init>(String,Boolean,Boolean)
18:45:59.3 (99394015)|VARIABLE_SCOPE_BEGIN|[1061]|this|shiva15testns.PermissionSetPortalControllers.FieldPermissionsClass|true|false
18:45:59.3 (99418194)|VARIABLE_ASSIGNMENT|[1061]|this|{}|0xf07adf3
18:45:59.3 (99423029)|VARIABLE_SCOPE_BEGIN|[1061]|fieldPermissionsId|String|false|false
18:45:59.3 (99427306)|VARIABLE_ASSIGNMENT|[1061]|fieldPermissionsId|null
18:45:59.3 (99431790)|VARIABLE_SCOPE_BEGIN|[1061]|fieldRead|Boolean|false|false
18:45:59.3 (99435689)|VARIABLE_ASSIGNMENT|[1061]|fieldRead|false
18:45:59.3 (99438505)|VARIABLE_SCOPE_BEGIN|[1061]|fieldEdit|Boolean|false|false
18:45:59.3 (99441205)|VARIABLE_ASSIGNMENT|[1061]|fieldEdit|false
18:45:59.3 (99445453)|STATEMENT_EXECUTE|[1052]
18:45:59.3 (99447099)|STATEMENT_EXECUTE|[1055]
18:45:59.3 (99448611)|STATEMENT_EXECUTE|[1057]
18:45:59.3 (99449698)|STATEMENT_EXECUTE|[1059]
18:45:59.3 (99467725)|STATEMENT_EXECUTE|[1061]
18:45:59.3 (99469591)|STATEMENT_EXECUTE|[1062]
18:45:59.3 (99482127)|VARIABLE_ASSIGNMENT|[1062]|this.fieldPermissionsId|null|0xf07adf3
18:45:59.3 (99484514)|STATEMENT_EXECUTE|[1063]
18:45:59.3 (99488431)|HEAP_ALLOCATE|[1063]|Bytes:5
18:45:59.3 (99495360)|VARIABLE_ASSIGNMENT|[1063]|this.fieldRead|false|0xf07adf3
18:45:59.3 (99497628)|STATEMENT_EXECUTE|[1064]
18:45:59.3 (99500509)|HEAP_ALLOCATE|[1064]|Bytes:5
18:45:59.3 (99505924)|VARIABLE_ASSIGNMENT|[1064]|this.fieldEdit|false|0xf07adf3
18:45:59.3 (99514991)|CONSTRUCTOR_EXIT|[542]|01p36000005Jpvx|<init>(String,Boolean,Boolean)
18:45:59.3 (99533353)|VARIABLE_ASSIGNMENT|[542]|fieldPermissionsObj|{"fieldEdit":false,"fieldRead":false}|0xf07adf3
18:45:59.3 (99536924)|STATEMENT_EXECUTE|[543]
18:45:59.3 (99544847)|VARIABLE_ASSIGNMENT|[543]|this.fieldPermissions|0xf07adf3|0x7956dd5f
18:45:59.3 (99547006)|STATEMENT_EXECUTE|[544]
18:45:59.3 (99560476)|ENTERING_MANAGED_PKG|
18:45:59.3 (99587621)|HEAP_ALLOCATE|[EXTERNAL]|Bytes:4
18:45:59.3 (99604710)|HEAP_ALLOCATE|[522]|Bytes:5
18:45:59.3 (99615325)|HEAP_ALLOCATE|[522]|Bytes:16
18:45:59.3 (99621622)|VARIABLE_SCOPE_BEGIN|[522]|fieldClassObj|shiva15testns.PermissionSetPortalControllers.FieldDetailsClass|true|false
18:45:59.3 (99644677)|VARIABLE_ASSIGNMENT|[522]|fieldClassObj|{"fieldLabel":"Client","fieldName":"shiva15testns__clien (4 more) ..."}|0x32cd9710
18:45:59.3 (99648974)|STATEMENT_EXECUTE|[522]
18:45:59.3 (99660607)|ENTERING_MANAGED_PKG|
18:45:59.3 (99672205)|STATEMENT_EXECUTE|[540]
18:45:59.3 (99673999)|STATEMENT_EXECUTE|[541]
18:45:59.3 (99682178)|ENTERING_MANAGED_PKG|
18:45:59.3 (99689334)|USER_DEBUG|[541]|DEBUG|No Field Permissions concerened to individual Psets and Objs
18:45:59.3 (99695736)|STATEMENT_EXECUTE|[542]
18:45:59.3 (99700386)|HEAP_ALLOCATE|[542]|Bytes:16
18:45:59.3 (99710968)|CONSTRUCTOR_ENTRY|[542]|01p36000005Jpvx|<init>(String,Boolean,Boolean)
18:45:59.3 (99716240)|VARIABLE_SCOPE_BEGIN|[1061]|this|shiva15testns.PermissionSetPortalControllers.FieldPermissionsClass|true|false
18:45:59.3 (99732581)|VARIABLE_ASSIGNMENT|[1061]|this|{}|0x73ff657
18:45:59.3 (99735563)|VARIABLE_SCOPE_BEGIN|[1061]|fieldPermissionsId|String|false|false
18:45:59.3 (99739218)|VARIABLE_ASSIGNMENT|[1061]|fieldPermissionsId|null
18:45:59.3 (99742384)|VARIABLE_SCOPE_BEGIN|[1061]|fieldRead|Boolean|false|false
18:45:59.3 (99745517)|VARIABLE_ASSIGNMENT|[1061]|fieldRead|false
18:45:59.3 (99747636)|VARIABLE_SCOPE_BEGIN|[1061]|fieldEdit|Boolean|false|false
18:45:59.3 (99750165)|VARIABLE_ASSIGNMENT|[1061]|fieldEdit|false
18:45:59.3 (99752886)|STATEMENT_EXECUTE|[1052]
18:45:59.3 (99754208)|STATEMENT_EXECUTE|[1055]
18:45:59.3 (99755642)|STATEMENT_EXECUTE|[1057]
18:45:59.3 (99757088)|STATEMENT_EXECUTE|[1059]
18:45:59.3 (99767982)|STATEMENT_EXECUTE|[1061]
18:45:59.3 (99769707)|STATEMENT_EXECUTE|[1062]
18:45:59.3 (99776788)|VARIABLE_ASSIGNMENT|[1062]|this.fieldPermissionsId|null|0x73ff657
18:45:59.3 (99779060)|STATEMENT_EXECUTE|[1063]
18:45:59.3 (99782221)|HEAP_ALLOCATE|[1063]|Bytes:5
18:45:59.3 (99788185)|VARIABLE_ASSIGNMENT|[1063]|this.fieldRead|false|0x73ff657
18:45:59.3 (99790199)|STATEMENT_EXECUTE|[1064]
18:45:59.3 (99792586)|HEAP_ALLOCATE|[1064]|Bytes:5
18:45:59.3 (99797520)|VARIABLE_ASSIGNMENT|[1064]|this.fieldEdit|false|0x73ff657
18:45:59.3 (99805693)|CONSTRUCTOR_EXIT|[542]|01p36000005Jpvx|<init>(String,Boolean,Boolean)
18:45:59.3 (99822924)|VARIABLE_ASSIGNMENT|[542]|fieldPermissionsObj|{"fieldEdit":false,"fieldRead":false}|0x73ff657
18:45:59.3 (99826187)|STATEMENT_EXECUTE|[543]
18:45:59.3 (99832419)|VARIABLE_ASSIGNMENT|[543]|this.fieldPermissions|0x73ff657|0x32cd9710
18:45:59.3 (99834411)|STATEMENT_EXECUTE|[544]
18:45:59.3 (99846053)|ENTERING_MANAGED_PKG|
18:45:59.3 (99850651)|HEAP_ALLOCATE|[EXTERNAL]|Bytes:4
18:45:59.3 (99864548)|HEAP_ALLOCATE|[522]|Bytes:5
18:45:59.3 (99875164)|HEAP_ALLOCATE|[522]|Bytes:16
18:45:59.3 (99881093)|VARIABLE_SCOPE_BEGIN|[522]|fieldClassObj|shiva15testns.PermissionSetPortalControllers.FieldDetailsClass|true|false
18:45:59.3 (99901937)|VARIABLE_ASSIGNMENT|[522]|fieldClassObj|{"fieldLabel":"Date","fieldName":"shiva15testns__date_ (2 more) ..."}|0x740eec3d
18:45:59.3 (99906094)|STATEMENT_EXECUTE|[522]
18:45:59.3 (99917218)|ENTERING_MANAGED_PKG|
18:45:59.3 (99928386)|STATEMENT_EXECUTE|[540]
18:45:59.3 (99930168)|STATEMENT_EXECUTE|[541]
18:45:59.3 (99938531)|ENTERING_MANAGED_PKG|
18:45:59.3 (99944999)|USER_DEBUG|[541]|DEBUG|No Field Permissions concerened to individual Psets and Objs
18:45:59.3 (99951387)|STATEMENT_EXECUTE|[542]
18:45:59.3 (99955814)|HEAP_ALLOCATE|[542]|Bytes:16
18:45:59.3 (99965629)|CONSTRUCTOR_ENTRY|[542]|01p36000005Jpvx|<init>(String,Boolean,Boolean)
18:45:59.3 (99970461)|VARIABLE_SCOPE_BEGIN|[1061]|this|shiva15testns.PermissionSetPortalControllers.FieldPermissionsClass|true|false
18:45:59.3 (99986193)|VARIABLE_ASSIGNMENT|[1061]|this|{}|0x7020e33f
18:45:59.3 (99989027)|VARIABLE_SCOPE_BEGIN|[1061]|fieldPermissionsId|String|false|false
18:45:59.3 (99992698)|VARIABLE_ASSIGNMENT|[1061]|fieldPermissionsId|null
18:45:59.3 (99995782)|VARIABLE_SCOPE_BEGIN|[1061]|fieldRead|Boolean|false|false
18:45:59.3 (99998723)|VARIABLE_ASSIGNMENT|[1061]|fieldRead|false
18:45:59.3 (100000782)|VARIABLE_SCOPE_BEGIN|[1061]|fieldEdit|Boolean|false|false
18:45:59.3 (100004447)|VARIABLE_ASSIGNMENT|[1061]|fieldEdit|false
18:45:59.3 (100007250)|STATEMENT_EXECUTE|[1052]
18:45:59.3 (100008614)|STATEMENT_EXECUTE|[1055]
18:45:59.3 (100010051)|STATEMENT_EXECUTE|[1057]
18:45:59.3 (100011173)|STATEMENT_EXECUTE|[1059]
18:45:59.3 (100022008)|STATEMENT_EXECUTE|[1061]
18:45:59.3 (100023696)|STATEMENT_EXECUTE|[1062]
18:45:59.3 (100030501)|VARIABLE_ASSIGNMENT|[1062]|this.fieldPermissionsId|null|0x7020e33f
18:45:59.3 (100032746)|STATEMENT_EXECUTE|[1063]
18:45:59.3 (100035908)|HEAP_ALLOCATE|[1063]|Bytes:5
18:45:59.3 (100041833)|VARIABLE_ASSIGNMENT|[1063]|this.fieldRead|false|0x7020e33f
18:45:59.3 (100044034)|STATEMENT_EXECUTE|[1064]
18:45:59.3 (100046489)|HEAP_ALLOCATE|[1064]|Bytes:5
18:45:59.3 (100051700)|VARIABLE_ASSIGNMENT|[1064]|this.fieldEdit|false|0x7020e33f
18:45:59.3 (100059729)|CONSTRUCTOR_EXIT|[542]|01p36000005Jpvx|<init>(String,Boolean,Boolean)
18:45:59.3 (100076263)|VARIABLE_ASSIGNMENT|[542]|fieldPermissionsObj|{"fieldEdit":false,"fieldRead":false}|0x7020e33f
18:45:59.3 (100079453)|STATEMENT_EXECUTE|[543]
18:45:59.3 (100085589)|VARIABLE_ASSIGNMENT|[543]|this.fieldPermissions|0x7020e33f|0x740eec3d
18:45:59.3 (100087564)|STATEMENT_EXECUTE|[544]
18:45:59.3 (100098886)|ENTERING_MANAGED_PKG|
18:45:59.3 (100103451)|HEAP_ALLOCATE|[EXTERNAL]|Bytes:4
18:45:59.3 (100123854)|HEAP_ALLOCATE|[522]|Bytes:5
18:45:59.3 (100134334)|HEAP_ALLOCATE|[522]|Bytes:16
18:45:59.3 (100140507)|VARIABLE_SCOPE_BEGIN|[522]|fieldClassObj|shiva15testns.PermissionSetPortalControllers.FieldDetailsClass|true|false
18:45:59.3 (100161668)|VARIABLE_ASSIGNMENT|[522]|fieldClassObj|{"fieldLabel":"Reimbursed?","fieldName":"shiva15testns__reimb (8 more) ..."}|0x32041902
18:45:59.3 (100165718)|STATEMENT_EXECUTE|[522]
18:45:59.3 (100176661)|ENTERING_MANAGED_PKG|
18:45:59.3 (100187919)|STATEMENT_EXECUTE|[540]
18:45:59.3 (100189877)|STATEMENT_EXECUTE|[541]
18:45:59.3 (100198129)|ENTERING_MANAGED_PKG|
18:45:59.3 (100204714)|USER_DEBUG|[541]|DEBUG|No Field Permissions concerened to individual Psets and Objs
18:45:59.3 (100210940)|STATEMENT_EXECUTE|[542]
18:45:59.3 (100215355)|HEAP_ALLOCATE|[542]|Bytes:16
18:45:59.3 (100225264)|CONSTRUCTOR_ENTRY|[542]|01p36000005Jpvx|<init>(String,Boolean,Boolean)
18:45:59.3 (100230321)|VARIABLE_SCOPE_BEGIN|[1061]|this|shiva15testns.PermissionSetPortalControllers.FieldPermissionsClass|true|false
18:45:59.3 (100245801)|VARIABLE_ASSIGNMENT|[1061]|this|{}|0x4d95bf3d
18:45:59.3 (100248720)|VARIABLE_SCOPE_BEGIN|[1061]|fieldPermissionsId|String|false|false
18:45:59.3 (100252181)|VARIABLE_ASSIGNMENT|[1061]|fieldPermissionsId|null
18:45:59.3 (100255397)|VARIABLE_SCOPE_BEGIN|[1061]|fieldRead|Boolean|false|false
18:45:59.3 (100258496)|VARIABLE_ASSIGNMENT|[1061]|fieldRead|false
18:45:59.3 (100260515)|VARIABLE_SCOPE_BEGIN|[1061]|fieldEdit|Boolean|false|false
18:45:59.3 (100266492)|VARIABLE_ASSIGNMENT|[1061]|fieldEdit|false
18:45:59.3 (100269631)|STATEMENT_EXECUTE|[1052]
18:45:59.3 (100271202)|STATEMENT_EXECUTE|[1055]
18:45:59.3 (100272663)|STATEMENT_EXECUTE|[1057]
18:45:59.3 (100273759)|STATEMENT_EXECUTE|[1059]
18:45:59.3 (100284550)|STATEMENT_EXECUTE|[1061]
18:45:59.3 (100286233)|STATEMENT_EXECUTE|[1062]
18:45:59.3 (100293141)|VARIABLE_ASSIGNMENT|[1062]|this.fieldPermissionsId|null|0x4d95bf3d
18:45:59.3 (100295500)|STATEMENT_EXECUTE|[1063]
18:45:59.3 (100298770)|HEAP_ALLOCATE|[1063]|Bytes:5
18:45:59.3 (100304707)|VARIABLE_ASSIGNMENT|[1063]|this.fieldRead|false|0x4d95bf3d
18:45:59.3 (100306792)|STATEMENT_EXECUTE|[1064]
18:45:59.3 (100309174)|HEAP_ALLOCATE|[1064]|Bytes:5
18:45:59.3 (100314129)|VARIABLE_ASSIGNMENT|[1064]|this.fieldEdit|false|0x4d95bf3d
18:45:59.3 (100322195)|CONSTRUCTOR_EXIT|[542]|01p36000005Jpvx|<init>(String,Boolean,Boolean)
18:45:59.3 (100338454)|VARIABLE_ASSIGNMENT|[542]|fieldPermissionsObj|{"fieldEdit":false,"fieldRead":false}|0x4d95bf3d
18:45:59.3 (100341592)|STATEMENT_EXECUTE|[543]
18:45:59.3 (100347706)|VARIABLE_ASSIGNMENT|[543]|this.fieldPermissions|0x4d95bf3d|0x32041902
18:45:59.3 (100349604)|STATEMENT_EXECUTE|[544]
18:45:59.3 (100360951)|ENTERING_MANAGED_PKG|
18:45:59.3 (100365653)|HEAP_ALLOCATE|[EXTERNAL]|Bytes:4
18:45:59.3 (100379202)|HEAP_ALLOCATE|[522]|Bytes:5
18:45:59.3 (100391022)|VARIABLE_ASSIGNMENT|[522]|fieldClassObj|null|
18:45:59.3 (100394432)|STATEMENT_EXECUTE|[548]
18:45:59.3 (100398602)|HEAP_ALLOCATE|[548]|Bytes:37
18:45:59.3 (100424351)|ENTERING_MANAGED_PKG|
18:45:59.3 (100592036)|HEAP_ALLOCATE|[548]|Bytes:705
18:45:59.3 (100614192)|HEAP_ALLOCATE|[548]|Bytes:742
18:45:59.3 (100629105)|ENTERING_MANAGED_PKG|
18:45:59.3 (100640143)|USER_DEBUG|[548]|DEBUG|individualObjectAllFieldsFinalList : (FieldDetailsClass:[fieldLabel=Amount, fieldName=shiva15testns__amount__c, fieldPermissions=FieldPermissionsClass:[fieldEdit=false, fieldPermissionsId=null, fieldRead=false]], FieldDetailsClass:[fieldLabel=Client, fieldName=shiva15testns__client__c, fieldPermissions=FieldPermissionsClass:[fieldEdit=false, fieldPermissionsId=null, fieldRead=false]], FieldDetailsClass:[fieldLabel=Date, fieldName=shiva15testns__date__c, fieldPermissions=FieldPermissionsClass:[fieldEdit=false, fieldPermissionsId=null, fieldRead=false]], FieldDetailsClass:[fieldLabel=Reimbursed?, fieldName=shiva15testns__reimbursed__c, fieldPermissions=FieldPermissionsClass:[fieldEdit=false, fieldPermissionsId=null, fieldRead=false]])
18:45:59.3 (100657823)|STATEMENT_EXECUTE|[549]
18:45:59.3 (100676038)|METHOD_EXIT|[460]|01p36000005Jpvx|shiva15testns.PermissionSetPortalControllers.getFieldPermissions(String, String, List<shiva15testns.PermissionSetPortalControllers.FieldDetailsClass>)
18:45:59.3 (100693384)|SYSTEM_MODE_EXIT|false
18:45:59.100 (100741667)|CUMULATIVE_LIMIT_USAGE
18:45:59.100 (100741667)|LIMIT_USAGE_FOR_NS|(default)|
  Number of SOQL queries: 0 out of 100
  Number of query rows: 0 out of 50000
  Number of SOSL queries: 0 out of 20
  Number of DML statements: 0 out of 150
  Number of DML rows: 0 out of 10000
  Maximum CPU time: 0 out of 10000
  Maximum heap size: 0 out of 6000000
  Number of callouts: 0 out of 100
  Number of Email Invocations: 0 out of 10
  Number of future calls: 0 out of 50
  Number of queueable jobs added to the queue: 0 out of 50
  Number of Mobile Apex push calls: 0 out of 10

18:45:59.100 (100741667)|LIMIT_USAGE_FOR_NS|shiva15testns|
  Number of SOQL queries: 1 out of 100
  Number of query rows: 0 out of 50000
  Number of SOSL queries: 0 out of 20
  Number of DML statements: 0 out of 150
  Number of DML rows: 0 out of 10000
  Maximum CPU time: 0 out of 10000
  Maximum heap size: 0 out of 6000000
  Number of callouts: 0 out of 100
  Number of Email Invocations: 0 out of 10
  Number of future calls: 0 out of 50
  Number of queueable jobs added to the queue: 0 out of 50
  Number of Mobile Apex push calls: 0 out of 10

18:45:59.100 (100741667)|CUMULATIVE_LIMIT_USAGE_END

18:45:59.3 (100798336)|CODE_UNIT_FINISHED|PermissionSetPortalControllers.getAllFieldData
18:45:59.103 (103016218)|CODE_UNIT_STARTED|[EXTERNAL]|Aura
18:45:59.103 (104015336)|CODE_UNIT_STARTED|[EXTERNAL]|Aura
18:45:59.103 (104044840)|CODE_UNIT_FINISHED|Aura
18:45:59.103 (104060857)|CODE_UNIT_FINISHED|Aura
18:45:59.105 (105113916)|CODE_UNIT_STARTED|[EXTERNAL]|Aura
18:45:59.105 (106162916)|CODE_UNIT_STARTED|[EXTERNAL]|Aura
18:45:59.105 (106189033)|CODE_UNIT_FINISHED|Aura
18:45:59.105 (106203974)|CODE_UNIT_FINISHED|Aura
18:45:59.107 (107179495)|CODE_UNIT_STARTED|[EXTERNAL]|Aura
18:45:59.107 (108200816)|CODE_UNIT_STARTED|[EXTERNAL]|Aura
18:45:59.107 (108246199)|CODE_UNIT_FINISHED|Aura
18:45:59.107 (108261529)|CODE_UNIT_FINISHED|Aura
18:45:59.109 (109739127)|CODE_UNIT_STARTED|[EXTERNAL]|Aura
18:45:59.109 (111174180)|CODE_UNIT_STARTED|[EXTERNAL]|Aura
18:45:59.109 (111199957)|CODE_UNIT_FINISHED|Aura
18:45:59.109 (111214030)|CODE_UNIT_FINISHED|Aura
