36.0 APEX_CODE,FINEST;APEX_PROFILING,INFO;CALLOUT,INFO;DB,INFO;SYSTEM,DEBUG;VALIDATION,INFO;VISUALFORCE,INFO;WORKFLOW,INFO
18:40:30.0 (88292)|EXECUTION_STARTED
18:40:30.0 (122296)|CODE_UNIT_STARTED|[EXTERNAL]|01p36000005Jpvx|PermissionSetPortalControllers.getAllPermissionSets
18:40:30.0 (260030)|VARIABLE_SCOPE_BEGIN|[3]|PermissionSetPortalControllers.AllPermissionSets|List<PermissionSet>|true|true
18:40:30.0 (274508)|VARIABLE_SCOPE_BEGIN|[10]|PermissionSetPortalControllers.accountField|Set<String>|true|true
18:40:30.0 (278601)|VARIABLE_SCOPE_BEGIN|[5]|PermissionSetPortalControllers.allObjectsOfOrg|List<shiva15testns.PermissionSetPortalControllers.ObjectDetailsClass>|true|true
18:40:30.0 (282770)|VARIABLE_SCOPE_BEGIN|[9]|PermissionSetPortalControllers.contactsField|Set<String>|true|true
18:40:30.0 (285722)|VARIABLE_SCOPE_BEGIN|[7]|PermissionSetPortalControllers.isNotSystemSObjectList|Set<String>|true|true
18:40:30.0 (646633)|HEAP_ALLOCATE|[72]|Bytes:3
18:40:30.0 (706665)|HEAP_ALLOCATE|[77]|Bytes:152
18:40:30.0 (727269)|HEAP_ALLOCATE|[342]|Bytes:408
18:40:30.0 (747797)|HEAP_ALLOCATE|[355]|Bytes:408
18:40:30.0 (767093)|HEAP_ALLOCATE|[467]|Bytes:48
18:40:30.0 (810465)|HEAP_ALLOCATE|[139]|Bytes:6
18:40:30.0 (839060)|HEAP_ALLOCATE|[EXTERNAL]|Bytes:168
18:40:30.0 (845998)|HEAP_ALLOCATE|[EXTERNAL]|Bytes:89
18:40:30.0 (850574)|HEAP_ALLOCATE|[EXTERNAL]|Bytes:344
18:40:30.0 (1030858)|METHOD_ENTRY|[1]|01p36000005Jpvx|PermissionSetPortalControllers.PermissionSetPortalControllers()
18:40:30.0 (1039159)|STATEMENT_EXECUTE|[1]
18:40:30.0 (1048827)|STATEMENT_EXECUTE|[1]
18:40:30.0 (1094154)|HEAP_ALLOCATE|[50]|Bytes:5
18:40:30.0 (1123543)|HEAP_ALLOCATE|[56]|Bytes:5
18:40:30.0 (1133653)|HEAP_ALLOCATE|[64]|Bytes:7
18:40:30.0 (1164585)|SYSTEM_MODE_ENTER|false
18:40:30.0 (1185477)|HEAP_ALLOCATE|[9]|Bytes:5
18:40:30.0 (1190408)|STATEMENT_EXECUTE|[9]
18:40:30.0 (1198552)|HEAP_ALLOCATE|[9]|Bytes:4
18:40:30.0 (1256519)|ENTERING_MANAGED_PKG|
18:40:30.0 (1369268)|VARIABLE_ASSIGNMENT|[9]|PermissionSetPortalControllers.contactsField|{"s":1,"v":[]}|0x5cb3f8fe
18:40:30.0 (1375060)|STATEMENT_EXECUTE|[10]
18:40:30.0 (1380708)|HEAP_ALLOCATE|[10]|Bytes:4
18:40:30.0 (1397444)|ENTERING_MANAGED_PKG|
18:40:30.0 (1438498)|VARIABLE_ASSIGNMENT|[10]|PermissionSetPortalControllers.accountField|{"s":1,"v":[]}|0x17372aab
18:40:30.0 (1443298)|STATEMENT_EXECUTE|[1037]
18:40:30.0 (1445085)|STATEMENT_EXECUTE|[1066]
18:40:30.0 (1446340)|STATEMENT_EXECUTE|[1094]
18:40:30.0 (1447856)|STATEMENT_EXECUTE|[1123]
18:40:30.0 (1449096)|STATEMENT_EXECUTE|[1139]
18:40:30.0 (1450233)|STATEMENT_EXECUTE|[1156]
18:40:30.0 (1451419)|STATEMENT_EXECUTE|[1167]
18:40:30.0 (1452661)|STATEMENT_EXECUTE|[1172]
18:40:30.0 (1462161)|SYSTEM_MODE_EXIT|false
18:40:30.0 (1476654)|METHOD_EXIT|[1]|PermissionSetPortalControllers
18:40:30.0 (1488382)|SYSTEM_MODE_ENTER|false
18:40:30.0 (1504980)|HEAP_ALLOCATE|[157]|Bytes:5
18:40:30.0 (1509486)|STATEMENT_EXECUTE|[156]
18:40:30.0 (1511120)|STATEMENT_EXECUTE|[157]
18:40:30.0 (1512127)|STATEMENT_EXECUTE|[157]
18:40:30.0 (1513197)|STATEMENT_EXECUTE|[158]
18:40:30.0 (1516580)|HEAP_ALLOCATE|[158]|Bytes:99
18:40:30.0 (1528738)|HEAP_ALLOCATE|[158]|Bytes:4
18:40:30.0 (2242543)|SOQL_EXECUTE_BEGIN|[158]|Aggregations:0|SELECT Id, label, Name, Description, NamespacePrefix, UserLicenseId, CreatedDate FROM PermissionSet
18:40:30.0 (5939805)|SOQL_EXECUTE_END|[158]|Rows:38
18:40:30.0 (5965208)|HEAP_ALLOCATE|[158]|Bytes:156
18:40:30.0 (6062914)|HEAP_ALLOCATE|[158]|Bytes:6688
18:40:30.0 (6103659)|HEAP_ALLOCATE|[158]|Bytes:156
18:40:30.0 (6136023)|VARIABLE_ASSIGNMENT|[158]|PermissionSetPortalControllers.AllPermissionSets|{"s":1,"v":"List of size 38 too large to display"}|0x6af251e3
18:40:30.0 (6220015)|ENTERING_MANAGED_PKG|
18:40:30.0 (6267052)|STATEMENT_EXECUTE|[159]
18:40:30.0 (6269895)|STATEMENT_EXECUTE|[160]
18:40:30.0 (6282475)|VARIABLE_SCOPE_BEGIN|[160]|pSetObj|shiva15testns.PermissionSetPortalControllers.PermissionSetClass|true|false
18:40:30.0 (6293568)|VARIABLE_ASSIGNMENT|[160]|pSetObj|null|
18:40:30.0 (6296095)|STATEMENT_EXECUTE|[161]
18:40:30.0 (6302355)|HEAP_ALLOCATE|[161]|Bytes:4
18:40:30.0 (6349969)|ENTERING_MANAGED_PKG|
18:40:30.0 (6368734)|VARIABLE_SCOPE_BEGIN|[161]|permissionSetsLst|List<shiva15testns.PermissionSetPortalControllers.PermissionSetClass>|true|false
18:40:30.0 (6394156)|HEAP_ALLOCATE|[EXTERNAL]|Bytes:4
18:40:30.0 (6406486)|VARIABLE_ASSIGNMENT|[161]|permissionSetsLst|{"s":1,"v":[]}|0x6aa85819
18:40:30.0 (6423227)|ENTERING_MANAGED_PKG|
18:40:30.0 (6655657)|HEAP_ALLOCATE|[162]|Bytes:5
18:40:30.0 (6699246)|HEAP_ALLOCATE|[162]|Bytes:28
18:40:30.0 (6712824)|VARIABLE_SCOPE_BEGIN|[162]|PSetName|PermissionSet|true|false
18:40:30.0 (6763514)|VARIABLE_ASSIGNMENT|[162]|PSetName|{"s":1,"v":{"Id":"0PS36000000mmnFGAQ","Label":"00e1a000000MWa8AAG","Name":"X00e1a000000MWa8AAG","NamespacePrefix":"shiva15testns","UserLicenseId":"10036000000eSpzAAE","CreatedDate":"2016-03-08T19:00:02.000Z"}}|0x6cdd5765
18:40:30.0 (6769550)|STATEMENT_EXECUTE|[162]
18:40:30.0 (6801665)|HEAP_ALLOCATE|[163]|Bytes:3
18:40:30.0 (6840087)|ENTERING_MANAGED_PKG|
18:40:30.0 (6872092)|STATEMENT_EXECUTE|[163]
18:40:30.0 (6885049)|HEAP_ALLOCATE|[162]|Bytes:5
18:40:30.0 (6907423)|HEAP_ALLOCATE|[162]|Bytes:28
18:40:30.0 (6915360)|VARIABLE_SCOPE_BEGIN|[162]|PSetName|PermissionSet|true|false
18:40:30.0 (6941790)|VARIABLE_ASSIGNMENT|[162]|PSetName|{"s":1,"v":{"Id":"0PS36000000mmnGGAQ","Label":"00ex00000018ozl_128_ (10 more) ...","Name":"X00ex00000018ozl_128 (11 more) ...","NamespacePrefix":"shiva15testns","UserLicenseId":"10036000000eSpyAAE","CreatedDate":"2016-03-08T19:00:02.000Z"}}|0x165bec39
18:40:30.0 (6947239)|STATEMENT_EXECUTE|[162]
18:40:30.0 (6970040)|ENTERING_MANAGED_PKG|
18:40:30.0 (6980435)|STATEMENT_EXECUTE|[163]
18:40:30.0 (6991312)|HEAP_ALLOCATE|[162]|Bytes:5
18:40:30.0 (7011841)|HEAP_ALLOCATE|[162]|Bytes:28
18:40:30.0 (7020218)|VARIABLE_SCOPE_BEGIN|[162]|PSetName|PermissionSet|true|false
18:40:30.0 (7044494)|VARIABLE_ASSIGNMENT|[162]|PSetName|{"s":1,"v":{"Id":"0PS36000000mmnHGAQ","Label":"00ex00000018ozm_128_ (10 more) ...","Name":"X00ex00000018ozm_128 (11 more) ...","NamespacePrefix":"shiva15testns","UserLicenseId":"10036000000eSpyAAE","CreatedDate":"2016-03-08T19:00:02.000Z"}}|0x4fd6dcd
18:40:30.0 (7049374)|STATEMENT_EXECUTE|[162]
18:40:30.0 (7070860)|ENTERING_MANAGED_PKG|
18:40:30.0 (7080933)|STATEMENT_EXECUTE|[163]
18:40:30.0 (7091465)|HEAP_ALLOCATE|[162]|Bytes:5
18:40:30.0 (7111103)|HEAP_ALLOCATE|[162]|Bytes:28
18:40:30.0 (7118422)|VARIABLE_SCOPE_BEGIN|[162]|PSetName|PermissionSet|true|false
18:40:30.0 (7141273)|VARIABLE_ASSIGNMENT|[162]|PSetName|{"s":1,"v":{"Id":"0PS36000000mmnIGAQ","Label":"00ex00000018ozk_128_ (10 more) ...","Name":"X00ex00000018ozk_128 (11 more) ...","NamespacePrefix":"shiva15testns","UserLicenseId":"10036000000eSpyAAE","CreatedDate":"2016-03-08T19:00:02.000Z"}}|0x51f54fae
18:40:30.0 (7145964)|STATEMENT_EXECUTE|[162]
18:40:30.0 (7166796)|ENTERING_MANAGED_PKG|
18:40:30.0 (7176755)|STATEMENT_EXECUTE|[163]
18:40:30.0 (7187244)|HEAP_ALLOCATE|[162]|Bytes:5
18:40:30.0 (7206870)|HEAP_ALLOCATE|[162]|Bytes:28
18:40:30.0 (7214146)|VARIABLE_SCOPE_BEGIN|[162]|PSetName|PermissionSet|true|false
18:40:30.0 (7241850)|VARIABLE_ASSIGNMENT|[162]|PSetName|{"s":1,"v":{"Id":"0PS36000000mmnJGAQ","Label":"00ex00000018ozj_128_ (10 more) ...","Name":"X00ex00000018ozj_128 (11 more) ...","NamespacePrefix":"shiva15testns","UserLicenseId":"10036000000eSpyAAE","CreatedDate":"2016-03-08T19:00:02.000Z"}}|0x57155c8a
18:40:30.0 (7246850)|STATEMENT_EXECUTE|[162]
18:40:30.0 (7268401)|ENTERING_MANAGED_PKG|
18:40:30.0 (7278305)|STATEMENT_EXECUTE|[163]
18:40:30.0 (7288912)|HEAP_ALLOCATE|[162]|Bytes:5
18:40:30.0 (7308268)|HEAP_ALLOCATE|[162]|Bytes:28
18:40:30.0 (7315492)|VARIABLE_SCOPE_BEGIN|[162]|PSetName|PermissionSet|true|false
18:40:30.0 (7338278)|VARIABLE_ASSIGNMENT|[162]|PSetName|{"s":1,"v":{"Id":"0PS36000000mmnKGAQ","Label":"00ex00000018ozo_128_ (10 more) ...","Name":"X00ex00000018ozo_128 (11 more) ...","NamespacePrefix":"shiva15testns","UserLicenseId":"10036000000eSpyAAE","CreatedDate":"2016-03-08T19:00:02.000Z"}}|0x1e665875
18:40:30.0 (7343515)|STATEMENT_EXECUTE|[162]
18:40:30.0 (7364663)|ENTERING_MANAGED_PKG|
18:40:30.0 (7374605)|STATEMENT_EXECUTE|[163]
18:40:30.0 (7385024)|HEAP_ALLOCATE|[162]|Bytes:5
18:40:30.0 (7404503)|HEAP_ALLOCATE|[162]|Bytes:28
18:40:30.0 (7411765)|VARIABLE_SCOPE_BEGIN|[162]|PSetName|PermissionSet|true|false
18:40:30.0 (7433965)|VARIABLE_ASSIGNMENT|[162]|PSetName|{"s":1,"v":{"Id":"0PS36000000mmnLGAQ","Label":"00ex00000018ozh_128_ (10 more) ...","Name":"X00ex00000018ozh_128 (11 more) ...","NamespacePrefix":"shiva15testns","UserLicenseId":"10036000000eSpyAAE","CreatedDate":"2016-03-08T19:00:02.000Z"}}|0x711add71
18:40:30.0 (7438592)|STATEMENT_EXECUTE|[162]
18:40:30.0 (7459354)|ENTERING_MANAGED_PKG|
18:40:30.0 (7469186)|STATEMENT_EXECUTE|[163]
18:40:30.0 (7479533)|HEAP_ALLOCATE|[162]|Bytes:5
18:40:30.0 (7499143)|HEAP_ALLOCATE|[162]|Bytes:28
18:40:30.0 (7506317)|VARIABLE_SCOPE_BEGIN|[162]|PSetName|PermissionSet|true|false
18:40:30.0 (7528203)|VARIABLE_ASSIGNMENT|[162]|PSetName|{"s":1,"v":{"Id":"0PS36000000mmnMGAQ","Label":"00ex00000018ozq_128_ (11 more) ...","Name":"X00ex00000018ozq_128 (12 more) ...","NamespacePrefix":"shiva15testns","UserLicenseId":"10036000000eSpyAAE","CreatedDate":"2016-03-08T19:00:02.000Z"}}|0xa6964c3
18:40:30.0 (7533031)|STATEMENT_EXECUTE|[162]
18:40:30.0 (7553751)|ENTERING_MANAGED_PKG|
18:40:30.0 (7563472)|STATEMENT_EXECUTE|[163]
18:40:30.0 (7573770)|HEAP_ALLOCATE|[162]|Bytes:5
18:40:30.0 (7592920)|HEAP_ALLOCATE|[162]|Bytes:28
18:40:30.0 (7599954)|VARIABLE_SCOPE_BEGIN|[162]|PSetName|PermissionSet|true|false
18:40:30.0 (7622254)|VARIABLE_ASSIGNMENT|[162]|PSetName|{"s":1,"v":{"Id":"0PS36000000mmnNGAQ","Label":"00ex00000018ozp_128_ (10 more) ...","Name":"X00ex00000018ozp_128 (11 more) ...","NamespacePrefix":"shiva15testns","UserLicenseId":"10036000000eSpyAAE","CreatedDate":"2016-03-08T19:00:02.000Z"}}|0x77e58808
18:40:30.0 (7626836)|STATEMENT_EXECUTE|[162]
18:40:30.0 (7647639)|ENTERING_MANAGED_PKG|
18:40:30.0 (7657430)|STATEMENT_EXECUTE|[163]
18:40:30.0 (7667812)|HEAP_ALLOCATE|[162]|Bytes:5
18:40:30.0 (7686888)|HEAP_ALLOCATE|[162]|Bytes:28
18:40:30.0 (7693973)|VARIABLE_SCOPE_BEGIN|[162]|PSetName|PermissionSet|true|false
18:40:30.0 (7715870)|VARIABLE_ASSIGNMENT|[162]|PSetName|{"s":1,"v":{"Id":"0PS36000000mmnOGAQ","Label":"00ex00000018ozn_128_ (10 more) ...","Name":"X00ex00000018ozn_128 (11 more) ...","NamespacePrefix":"shiva15testns","UserLicenseId":"10036000000eSpyAAE","CreatedDate":"2016-03-08T19:00:02.000Z"}}|0x5becc371
18:40:30.0 (7720530)|STATEMENT_EXECUTE|[162]
18:40:30.0 (7740961)|ENTERING_MANAGED_PKG|
18:40:30.0 (7750696)|STATEMENT_EXECUTE|[163]
18:40:30.0 (7761070)|HEAP_ALLOCATE|[162]|Bytes:5
18:40:30.0 (7780176)|HEAP_ALLOCATE|[162]|Bytes:28
18:40:30.0 (7787254)|VARIABLE_SCOPE_BEGIN|[162]|PSetName|PermissionSet|true|false
18:40:30.0 (7808602)|VARIABLE_ASSIGNMENT|[162]|PSetName|{"s":1,"v":{"Id":"0PS36000000mmnPGAQ","Label":"00e1a000000MWa9AAG","Name":"X00e1a000000MWa9AAG","NamespacePrefix":"shiva15testns","UserLicenseId":"10036000000eSq0AAE","CreatedDate":"2016-03-08T19:00:02.000Z"}}|0x7cba6c28
18:40:30.0 (7813098)|STATEMENT_EXECUTE|[162]
18:40:30.0 (7833513)|ENTERING_MANAGED_PKG|
18:40:30.0 (7843247)|STATEMENT_EXECUTE|[163]
18:40:30.0 (7853416)|HEAP_ALLOCATE|[162]|Bytes:5
18:40:30.0 (7872895)|HEAP_ALLOCATE|[162]|Bytes:28
18:40:30.0 (7879903)|VARIABLE_SCOPE_BEGIN|[162]|PSetName|PermissionSet|true|false
18:40:30.0 (7901426)|VARIABLE_ASSIGNMENT|[162]|PSetName|{"s":1,"v":{"Id":"0PS36000000mmnQGAQ","Label":"00e1a000000MWaBAAW","Name":"X00e1a000000MWaBAAW","NamespacePrefix":"shiva15testns","UserLicenseId":"10036000000eSq2AAE","CreatedDate":"2016-03-08T19:00:02.000Z"}}|0x3d344000
18:40:30.0 (7905481)|STATEMENT_EXECUTE|[162]
18:40:30.0 (7925926)|ENTERING_MANAGED_PKG|
18:40:30.0 (7935587)|STATEMENT_EXECUTE|[163]
18:40:30.0 (7945798)|HEAP_ALLOCATE|[162]|Bytes:5
18:40:30.0 (7965418)|HEAP_ALLOCATE|[162]|Bytes:28
18:40:30.0 (7972417)|VARIABLE_SCOPE_BEGIN|[162]|PSetName|PermissionSet|true|false
18:40:30.0 (7993821)|VARIABLE_ASSIGNMENT|[162]|PSetName|{"s":1,"v":{"Id":"0PS36000000mmnRGAQ","Label":"00e1a000000MWaCAAW","Name":"X00e1a000000MWaCAAW","NamespacePrefix":"shiva15testns","UserLicenseId":"10036000000eSq3AAE","CreatedDate":"2016-03-08T19:00:02.000Z"}}|0x664a2a66
18:40:30.0 (7998083)|STATEMENT_EXECUTE|[162]
18:40:30.0 (8018605)|ENTERING_MANAGED_PKG|
18:40:30.0 (8029398)|STATEMENT_EXECUTE|[163]
18:40:30.0 (8039763)|HEAP_ALLOCATE|[162]|Bytes:5
18:40:30.0 (8058896)|HEAP_ALLOCATE|[162]|Bytes:28
18:40:30.0 (8066001)|VARIABLE_SCOPE_BEGIN|[162]|PSetName|PermissionSet|true|false
18:40:30.0 (8087347)|VARIABLE_ASSIGNMENT|[162]|PSetName|{"s":1,"v":{"Id":"0PS36000000mmnSGAQ","Label":"00e1a000000MWaDAAW","Name":"X00e1a000000MWaDAAW","NamespacePrefix":"shiva15testns","UserLicenseId":"10036000000eSq4AAE","CreatedDate":"2016-03-08T19:00:02.000Z"}}|0x5b808a95
18:40:30.0 (8091484)|STATEMENT_EXECUTE|[162]
18:40:30.0 (8112030)|ENTERING_MANAGED_PKG|
18:40:30.0 (8121888)|STATEMENT_EXECUTE|[163]
18:40:30.0 (8132129)|HEAP_ALLOCATE|[162]|Bytes:5
18:40:30.0 (8151215)|HEAP_ALLOCATE|[162]|Bytes:28
18:40:30.0 (8158266)|VARIABLE_SCOPE_BEGIN|[162]|PSetName|PermissionSet|true|false
18:40:30.0 (8179543)|VARIABLE_ASSIGNMENT|[162]|PSetName|{"s":1,"v":{"Id":"0PS36000000mmnTGAQ","Label":"00e1a000000MWaEAAW","Name":"X00e1a000000MWaEAAW","NamespacePrefix":"shiva15testns","UserLicenseId":"10036000000eSq5AAE","CreatedDate":"2016-03-08T19:00:02.000Z"}}|0x747466e1
18:40:30.0 (8183924)|STATEMENT_EXECUTE|[162]
18:40:30.0 (8204307)|ENTERING_MANAGED_PKG|
18:40:30.0 (8214273)|STATEMENT_EXECUTE|[163]
18:40:30.0 (8224608)|HEAP_ALLOCATE|[162]|Bytes:5
18:40:30.0 (8248673)|HEAP_ALLOCATE|[162]|Bytes:28
18:40:30.0 (8255976)|VARIABLE_SCOPE_BEGIN|[162]|PSetName|PermissionSet|true|false
18:40:30.0 (8277536)|VARIABLE_ASSIGNMENT|[162]|PSetName|{"s":1,"v":{"Id":"0PS36000000mmnUGAQ","Label":"00e1a000000MWaFAAW","Name":"X00e1a000000MWaFAAW","NamespacePrefix":"shiva15testns","UserLicenseId":"10036000000eSq6AAE","CreatedDate":"2016-03-08T19:00:02.000Z"}}|0x6bdf0c2f
18:40:30.0 (8282227)|STATEMENT_EXECUTE|[162]
18:40:30.0 (8302933)|ENTERING_MANAGED_PKG|
18:40:30.0 (8312700)|STATEMENT_EXECUTE|[163]
18:40:30.0 (8322973)|HEAP_ALLOCATE|[162]|Bytes:5
18:40:30.0 (8342289)|HEAP_ALLOCATE|[162]|Bytes:28
18:40:30.0 (8349351)|VARIABLE_SCOPE_BEGIN|[162]|PSetName|PermissionSet|true|false
18:40:30.0 (8370635)|VARIABLE_ASSIGNMENT|[162]|PSetName|{"s":1,"v":{"Id":"0PS36000000mmnVGAQ","Label":"00e1a000000MWaGAAW","Name":"X00e1a000000MWaGAAW","NamespacePrefix":"shiva15testns","UserLicenseId":"10036000000eSq7AAE","CreatedDate":"2016-03-08T19:00:02.000Z"}}|0x5c710228
18:40:30.0 (8374861)|STATEMENT_EXECUTE|[162]
18:40:30.0 (8395267)|ENTERING_MANAGED_PKG|
18:40:30.0 (8404994)|STATEMENT_EXECUTE|[163]
18:40:30.0 (8415339)|HEAP_ALLOCATE|[162]|Bytes:5
18:40:30.0 (8434460)|HEAP_ALLOCATE|[162]|Bytes:28
18:40:30.0 (8441456)|VARIABLE_SCOPE_BEGIN|[162]|PSetName|PermissionSet|true|false
18:40:30.0 (8463160)|VARIABLE_ASSIGNMENT|[162]|PSetName|{"s":1,"v":{"Id":"0PS36000000mmnWGAQ","Label":"00e1a000000MWaHAAW","Name":"X00e1a000000MWaHAAW","NamespacePrefix":"shiva15testns","UserLicenseId":"10036000000eSq8AAE","CreatedDate":"2016-03-08T19:00:02.000Z"}}|0x37aef11
18:40:30.0 (8467229)|STATEMENT_EXECUTE|[162]
18:40:30.0 (8487597)|ENTERING_MANAGED_PKG|
18:40:30.0 (8497441)|STATEMENT_EXECUTE|[163]
18:40:30.0 (8507630)|HEAP_ALLOCATE|[162]|Bytes:5
18:40:30.0 (8526583)|HEAP_ALLOCATE|[162]|Bytes:28
18:40:30.0 (8533632)|VARIABLE_SCOPE_BEGIN|[162]|PSetName|PermissionSet|true|false
18:40:30.0 (8554691)|VARIABLE_ASSIGNMENT|[162]|PSetName|{"s":1,"v":{"Id":"0PS36000000mmnXGAQ","Label":"00e1a000000MWaIAAW","Name":"X00e1a000000MWaIAAW","NamespacePrefix":"shiva15testns","UserLicenseId":"10036000000eSq9AAE","CreatedDate":"2016-03-08T19:00:02.000Z"}}|0x546ec2f1
18:40:30.0 (8559059)|STATEMENT_EXECUTE|[162]
18:40:30.0 (8579467)|ENTERING_MANAGED_PKG|
18:40:30.0 (8589162)|STATEMENT_EXECUTE|[163]
18:40:30.0 (8599632)|HEAP_ALLOCATE|[162]|Bytes:5
18:40:30.0 (8618710)|HEAP_ALLOCATE|[162]|Bytes:28
18:40:30.0 (8625822)|VARIABLE_SCOPE_BEGIN|[162]|PSetName|PermissionSet|true|false
18:40:30.0 (8646826)|VARIABLE_ASSIGNMENT|[162]|PSetName|{"s":1,"v":{"Id":"0PS36000000mmnYGAQ","Label":"00e1a000000MWaJAAW","Name":"X00e1a000000MWaJAAW","NamespacePrefix":"shiva15testns","UserLicenseId":"10036000000eSqAAAU","CreatedDate":"2016-03-08T19:00:02.000Z"}}|0x47430227
18:40:30.0 (8650992)|STATEMENT_EXECUTE|[162]
18:40:30.0 (8671541)|ENTERING_MANAGED_PKG|
18:40:30.0 (8681276)|STATEMENT_EXECUTE|[163]
18:40:30.0 (8691518)|HEAP_ALLOCATE|[162]|Bytes:5
18:40:30.0 (8710618)|HEAP_ALLOCATE|[162]|Bytes:28
18:40:30.0 (8717950)|VARIABLE_SCOPE_BEGIN|[162]|PSetName|PermissionSet|true|false
18:40:30.0 (8739023)|VARIABLE_ASSIGNMENT|[162]|PSetName|{"s":1,"v":{"Id":"0PS36000000mmnZGAQ","Label":"00e1a000000MWaKAAW","Name":"X00e1a000000MWaKAAW","NamespacePrefix":"shiva15testns","UserLicenseId":"10036000000eSqBAAU","CreatedDate":"2016-03-08T19:00:02.000Z"}}|0x137738a5
18:40:30.0 (8743441)|STATEMENT_EXECUTE|[162]
18:40:30.0 (8764302)|ENTERING_MANAGED_PKG|
18:40:30.0 (8774155)|STATEMENT_EXECUTE|[163]
18:40:30.0 (8784393)|HEAP_ALLOCATE|[162]|Bytes:5
18:40:30.0 (8803708)|HEAP_ALLOCATE|[162]|Bytes:28
18:40:30.0 (8810881)|VARIABLE_SCOPE_BEGIN|[162]|PSetName|PermissionSet|true|false
18:40:30.0 (8831911)|VARIABLE_ASSIGNMENT|[162]|PSetName|{"s":1,"v":{"Id":"0PS36000000mmnaGAA","Label":"00e1a000000MWaLAAW","Name":"X00e1a000000MWaLAAW","NamespacePrefix":"shiva15testns","UserLicenseId":"10036000000eSqCAAU","CreatedDate":"2016-03-08T19:00:02.000Z"}}|0x47a14fbd
18:40:30.0 (8836219)|STATEMENT_EXECUTE|[162]
18:40:30.0 (8856789)|ENTERING_MANAGED_PKG|
18:40:30.0 (8866597)|STATEMENT_EXECUTE|[163]
18:40:30.0 (8876793)|HEAP_ALLOCATE|[162]|Bytes:5
18:40:30.0 (8896242)|HEAP_ALLOCATE|[162]|Bytes:28
18:40:30.0 (8903425)|VARIABLE_SCOPE_BEGIN|[162]|PSetName|PermissionSet|true|false
18:40:30.0 (8924741)|VARIABLE_ASSIGNMENT|[162]|PSetName|{"s":1,"v":{"Id":"0PS36000000mmnbGAA","Label":"00e1a000000MWaMAAW","Name":"X00e1a000000MWaMAAW","NamespacePrefix":"shiva15testns","UserLicenseId":"10036000000eSqDAAU","CreatedDate":"2016-03-08T19:00:02.000Z"}}|0x65fa74f2
18:40:30.0 (8928968)|STATEMENT_EXECUTE|[162]
18:40:30.0 (8949412)|ENTERING_MANAGED_PKG|
18:40:30.0 (8959207)|STATEMENT_EXECUTE|[163]
18:40:30.0 (8969372)|HEAP_ALLOCATE|[162]|Bytes:5
18:40:30.0 (8988438)|HEAP_ALLOCATE|[162]|Bytes:28
18:40:30.0 (8995507)|VARIABLE_SCOPE_BEGIN|[162]|PSetName|PermissionSet|true|false
18:40:30.0 (9016028)|VARIABLE_ASSIGNMENT|[162]|PSetName|{"s":1,"v":{"Id":"0PS36000000mmncGAA","Label":"00e1a000000MWaNAAW","Name":"X00e1a000000MWaNAAW","NamespacePrefix":"shiva15testns","UserLicenseId":"10036000000eSqEAAU","CreatedDate":"2016-03-08T19:00:02.000Z"}}|0x3a771050
18:40:30.0 (9020919)|STATEMENT_EXECUTE|[162]
18:40:30.0 (9041675)|ENTERING_MANAGED_PKG|
18:40:30.0 (9051543)|STATEMENT_EXECUTE|[163]
18:40:30.0 (9061765)|HEAP_ALLOCATE|[162]|Bytes:5
18:40:30.0 (9080965)|HEAP_ALLOCATE|[162]|Bytes:28
18:40:30.0 (9088029)|VARIABLE_SCOPE_BEGIN|[162]|PSetName|PermissionSet|true|false
18:40:30.0 (9109151)|VARIABLE_ASSIGNMENT|[162]|PSetName|{"s":1,"v":{"Id":"0PS36000000mmndGAA","Label":"00e1a000000MWaOAAW","Name":"X00e1a000000MWaOAAW","NamespacePrefix":"shiva15testns","UserLicenseId":"10036000000eSqFAAU","CreatedDate":"2016-03-08T19:00:02.000Z"}}|0x10efa5ab
18:40:30.0 (9113468)|STATEMENT_EXECUTE|[162]
18:40:30.0 (9134154)|ENTERING_MANAGED_PKG|
18:40:30.0 (9143972)|STATEMENT_EXECUTE|[163]
18:40:30.0 (9154213)|HEAP_ALLOCATE|[162]|Bytes:5
18:40:30.0 (9173225)|HEAP_ALLOCATE|[162]|Bytes:28
18:40:30.0 (9180293)|VARIABLE_SCOPE_BEGIN|[162]|PSetName|PermissionSet|true|false
18:40:30.0 (9201389)|VARIABLE_ASSIGNMENT|[162]|PSetName|{"s":1,"v":{"Id":"0PS36000000mmneGAA","Label":"00e1a000000MWaPAAW","Name":"X00e1a000000MWaPAAW","NamespacePrefix":"shiva15testns","UserLicenseId":"10036000000eSqGAAU","CreatedDate":"2016-03-08T19:00:02.000Z"}}|0x5d7eccac
18:40:30.0 (9205489)|STATEMENT_EXECUTE|[162]
18:40:30.0 (9226008)|ENTERING_MANAGED_PKG|
18:40:30.0 (9242435)|STATEMENT_EXECUTE|[163]
18:40:30.0 (9253229)|HEAP_ALLOCATE|[162]|Bytes:5
18:40:30.0 (9272642)|HEAP_ALLOCATE|[162]|Bytes:28
18:40:30.0 (9280174)|VARIABLE_SCOPE_BEGIN|[162]|PSetName|PermissionSet|true|false
18:40:30.0 (9301530)|VARIABLE_ASSIGNMENT|[162]|PSetName|{"s":1,"v":{"Id":"0PS36000000mmnfGAA","Label":"00e1a000000MWaQAAW","Name":"X00e1a000000MWaQAAW","NamespacePrefix":"shiva15testns","UserLicenseId":"10036000000eSqHAAU","CreatedDate":"2016-03-08T19:00:02.000Z"}}|0x6b956e15
18:40:30.0 (9306074)|STATEMENT_EXECUTE|[162]
18:40:30.0 (9326790)|ENTERING_MANAGED_PKG|
18:40:30.0 (9336541)|STATEMENT_EXECUTE|[163]
18:40:30.0 (9346764)|HEAP_ALLOCATE|[162]|Bytes:5
18:40:30.0 (9365780)|HEAP_ALLOCATE|[162]|Bytes:28
18:40:30.0 (9373003)|VARIABLE_SCOPE_BEGIN|[162]|PSetName|PermissionSet|true|false
18:40:30.0 (9394190)|VARIABLE_ASSIGNMENT|[162]|PSetName|{"s":1,"v":{"Id":"0PS36000000mmngGAA","Label":"00e1a000000MWaRAAW","Name":"X00e1a000000MWaRAAW","NamespacePrefix":"shiva15testns","UserLicenseId":"10036000000eSqIAAU","CreatedDate":"2016-03-08T19:00:02.000Z"}}|0x696206a7
18:40:30.0 (9398781)|STATEMENT_EXECUTE|[162]
18:40:30.0 (9419372)|ENTERING_MANAGED_PKG|
18:40:30.0 (9429257)|STATEMENT_EXECUTE|[163]
18:40:30.0 (9439519)|HEAP_ALLOCATE|[162]|Bytes:5
18:40:30.0 (9458501)|HEAP_ALLOCATE|[162]|Bytes:28
18:40:30.0 (9465623)|VARIABLE_SCOPE_BEGIN|[162]|PSetName|PermissionSet|true|false
18:40:30.0 (9487127)|VARIABLE_ASSIGNMENT|[162]|PSetName|{"s":1,"v":{"Id":"0PS36000000mmnhGAA","Label":"00e1a000000MWaSAAW","Name":"X00e1a000000MWaSAAW","NamespacePrefix":"shiva15testns","UserLicenseId":"10036000000eSqJAAU","CreatedDate":"2016-03-08T19:00:02.000Z"}}|0x44d34dd
18:40:30.0 (9491536)|STATEMENT_EXECUTE|[162]
18:40:30.0 (9512013)|ENTERING_MANAGED_PKG|
18:40:30.0 (9521864)|STATEMENT_EXECUTE|[163]
18:40:30.0 (9531954)|HEAP_ALLOCATE|[162]|Bytes:5
18:40:30.0 (9551094)|HEAP_ALLOCATE|[162]|Bytes:28
18:40:30.0 (9558128)|VARIABLE_SCOPE_BEGIN|[162]|PSetName|PermissionSet|true|false
18:40:30.0 (9579281)|VARIABLE_ASSIGNMENT|[162]|PSetName|{"s":1,"v":{"Id":"0PS36000000mmniGAA","Label":"00e1a000000MWaTAAW","Name":"X00e1a000000MWaTAAW","NamespacePrefix":"shiva15testns","UserLicenseId":"10036000000eSqJAAU","CreatedDate":"2016-03-08T19:00:02.000Z"}}|0x2f7d9354
18:40:30.0 (9583544)|STATEMENT_EXECUTE|[162]
18:40:30.0 (9604026)|ENTERING_MANAGED_PKG|
18:40:30.0 (9613865)|STATEMENT_EXECUTE|[163]
18:40:30.0 (9624094)|HEAP_ALLOCATE|[162]|Bytes:5
18:40:30.0 (9643095)|HEAP_ALLOCATE|[162]|Bytes:28
18:40:30.0 (9650136)|VARIABLE_SCOPE_BEGIN|[162]|PSetName|PermissionSet|true|false
18:40:30.0 (9671243)|VARIABLE_ASSIGNMENT|[162]|PSetName|{"s":1,"v":{"Id":"0PS36000000mmnjGAA","Label":"00e1a000000MWaUAAW","Name":"X00e1a000000MWaUAAW","NamespacePrefix":"shiva15testns","UserLicenseId":"10036000000eSqKAAU","CreatedDate":"2016-03-08T19:00:02.000Z"}}|0x6f58a568
18:40:30.0 (9675226)|STATEMENT_EXECUTE|[162]
18:40:30.0 (9695769)|ENTERING_MANAGED_PKG|
18:40:30.0 (9705609)|STATEMENT_EXECUTE|[163]
18:40:30.0 (9715809)|HEAP_ALLOCATE|[162]|Bytes:5
18:40:30.0 (9734850)|HEAP_ALLOCATE|[162]|Bytes:28
18:40:30.0 (9742405)|VARIABLE_SCOPE_BEGIN|[162]|PSetName|PermissionSet|true|false
18:40:30.0 (9764188)|VARIABLE_ASSIGNMENT|[162]|PSetName|{"s":1,"v":{"Id":"0PS36000000mmnlGAA","Label":"00e1a000000N1LRAA0","Name":"X00e1a000000N1LRAA0","NamespacePrefix":"shiva15testns","UserLicenseId":"10036000000eSqLAAU","CreatedDate":"2016-03-08T19:00:02.000Z"}}|0x1676c11a
18:40:30.0 (9768459)|STATEMENT_EXECUTE|[162]
18:40:30.0 (9788920)|ENTERING_MANAGED_PKG|
18:40:30.0 (9798617)|STATEMENT_EXECUTE|[163]
18:40:30.0 (9808922)|HEAP_ALLOCATE|[162]|Bytes:5
18:40:30.0 (9828071)|HEAP_ALLOCATE|[162]|Bytes:28
18:40:30.0 (9835055)|VARIABLE_SCOPE_BEGIN|[162]|PSetName|PermissionSet|true|false
18:40:30.0 (9856387)|VARIABLE_ASSIGNMENT|[162]|PSetName|{"s":1,"v":{"Id":"0PS36000000mmnmGAA","Label":"00e1a000000N1LSAA0","Name":"X00e1a000000N1LSAA0","NamespacePrefix":"shiva15testns","UserLicenseId":"10036000000eSqMAAU","CreatedDate":"2016-03-08T19:00:02.000Z"}}|0x7b70f4d5
18:40:30.0 (9860698)|STATEMENT_EXECUTE|[162]
18:40:30.0 (9881499)|ENTERING_MANAGED_PKG|
18:40:30.0 (9891215)|STATEMENT_EXECUTE|[163]
18:40:30.0 (9901337)|HEAP_ALLOCATE|[162]|Bytes:5
18:40:30.0 (9920515)|HEAP_ALLOCATE|[162]|Bytes:28
18:40:30.0 (9927574)|VARIABLE_SCOPE_BEGIN|[162]|PSetName|PermissionSet|true|false
18:40:30.0 (9948811)|VARIABLE_ASSIGNMENT|[162]|PSetName|{"s":1,"v":{"Id":"0PS36000000mmnnGAA","Label":"00e1a000000N1wKAAS","Name":"X00e1a000000N1wKAAS","NamespacePrefix":"shiva15testns","UserLicenseId":"10036000000eSqNAAU","CreatedDate":"2016-03-08T19:00:02.000Z"}}|0x38d43fdc
18:40:30.0 (9953074)|STATEMENT_EXECUTE|[162]
18:40:30.0 (9973566)|ENTERING_MANAGED_PKG|
18:40:30.0 (9983326)|STATEMENT_EXECUTE|[163]
18:40:30.0 (9993547)|HEAP_ALLOCATE|[162]|Bytes:5
18:40:30.0 (10012693)|HEAP_ALLOCATE|[162]|Bytes:28
18:40:30.0 (10020703)|VARIABLE_SCOPE_BEGIN|[162]|PSetName|PermissionSet|true|false
18:40:30.0 (10042367)|VARIABLE_ASSIGNMENT|[162]|PSetName|{"s":1,"v":{"Id":"0PS36000000mmnoGAA","Label":"00e1a000000N1wLAAS","Name":"X00e1a000000N1wLAAS","NamespacePrefix":"shiva15testns","UserLicenseId":"10036000000eSqNAAU","CreatedDate":"2016-03-08T19:00:02.000Z"}}|0x120dbe4b
18:40:30.0 (10046954)|STATEMENT_EXECUTE|[162]
18:40:30.0 (10067742)|ENTERING_MANAGED_PKG|
18:40:30.0 (10077719)|STATEMENT_EXECUTE|[163]
18:40:30.0 (10087872)|HEAP_ALLOCATE|[162]|Bytes:5
18:40:30.0 (10107058)|HEAP_ALLOCATE|[162]|Bytes:28
18:40:30.0 (10114162)|VARIABLE_SCOPE_BEGIN|[162]|PSetName|PermissionSet|true|false
18:40:30.0 (10135229)|VARIABLE_ASSIGNMENT|[162]|PSetName|{"s":1,"v":{"Id":"0PS36000000mmnqGAA","Label":"00e1a000000MWaAAAW","Name":"X00e1a000000MWaAAAW","NamespacePrefix":"shiva15testns","UserLicenseId":"10036000000eSq1AAE","CreatedDate":"2016-03-08T19:00:02.000Z"}}|0x32d3d301
18:40:30.0 (10139473)|STATEMENT_EXECUTE|[162]
18:40:30.0 (10160021)|ENTERING_MANAGED_PKG|
18:40:30.0 (10169934)|STATEMENT_EXECUTE|[163]
18:40:30.0 (10180263)|HEAP_ALLOCATE|[162]|Bytes:5
18:40:30.0 (10199306)|HEAP_ALLOCATE|[162]|Bytes:32
18:40:30.0 (10206436)|VARIABLE_SCOPE_BEGIN|[162]|PSetName|PermissionSet|true|false
18:40:30.0 (10233681)|VARIABLE_ASSIGNMENT|[162]|PSetName|{"s":1,"v":{"Id":"0PS36000000q71PGAQ","Label":"PermissionSet_Test","Name":"PermissionSet_Test","Description":"This is for testing  (11 more) ...","NamespacePrefix":"shiva15testns","UserLicenseId":"10036000000eSpyAAE","CreatedDate":"2016-03-20T22:41:12.000Z"}}|0x4e794fd2
18:40:30.0 (10238643)|STATEMENT_EXECUTE|[162]
18:40:30.0 (10259597)|ENTERING_MANAGED_PKG|
18:40:30.0 (10270022)|STATEMENT_EXECUTE|[163]
18:40:30.0 (10271698)|STATEMENT_EXECUTE|[164]
18:40:30.0 (10275661)|HEAP_ALLOCATE|[164]|Bytes:52
18:40:30.0 (10281755)|HEAP_ALLOCATE|[164]|Bytes:4
18:40:30.0 (10291123)|HEAP_ALLOCATE|[164]|Bytes:7
18:40:30.0 (11114814)|SOQL_EXECUTE_BEGIN|[164]|Aggregations:0|SELECT Id, Name FROM UserLicense WHERE Id = :tmpVar1
18:40:30.0 (13026421)|SOQL_EXECUTE_END|[164]|Rows:1
18:40:30.0 (13045779)|HEAP_ALLOCATE|[164]|Bytes:8
18:40:30.0 (13057396)|HEAP_ALLOCATE|[164]|Bytes:47
18:40:30.0 (13116703)|HEAP_ALLOCATE|[164]|Bytes:8
18:40:30.0 (13127945)|HEAP_ALLOCATE|[164]|Bytes:37
18:40:30.0 (13185197)|HEAP_ALLOCATE|[164]|Bytes:12
18:40:30.0 (13193473)|VARIABLE_SCOPE_BEGIN|[164]|ulicense|UserLicense|true|false
18:40:30.0 (13211709)|VARIABLE_ASSIGNMENT|[164]|ulicense|{"s":1,"v":{"Id":"10036000000eSpyAAE","Name":"Salesforce"}}|0x16e56367
18:40:30.0 (13215817)|STATEMENT_EXECUTE|[165]
18:40:30.0 (13222657)|HEAP_ALLOCATE|[165]|Bytes:240
18:40:30.0 (13235889)|HEAP_ALLOCATE|[165]|Bytes:39
18:40:30.0 (13244855)|HEAP_ALLOCATE|[165]|Bytes:32
18:40:30.0 (13295949)|ENTERING_MANAGED_PKG|
18:40:30.0 (13323984)|HEAP_ALLOCATE|[165]|Bytes:18
18:40:30.0 (13396306)|ENTERING_MANAGED_PKG|
18:40:30.0 (13425086)|HEAP_ALLOCATE|[165]|Bytes:19
18:40:30.0 (13466120)|CONSTRUCTOR_ENTRY|[165]|01p36000005Jpvx|<init>(String,String,String,String,String,String,String)
18:40:30.0 (13492496)|VARIABLE_SCOPE_BEGIN|[1054]|this|shiva15testns.PermissionSetPortalControllers.PermissionSetClass|true|false
18:40:30.0 (28769079)|VARIABLE_ASSIGNMENT|[1054]|this|{}|0x6228393a
18:40:30.0 (28811736)|VARIABLE_SCOPE_BEGIN|[1054]|label|String|false|false
18:40:30.0 (28835202)|VARIABLE_ASSIGNMENT|[1054]|label|"PermissionSet_Test"
18:40:30.0 (28839347)|VARIABLE_SCOPE_BEGIN|[1054]|apiName|String|false|false
18:40:30.0 (28844113)|VARIABLE_ASSIGNMENT|[1054]|apiName|"PermissionSet_Test"
18:40:30.0 (28846920)|VARIABLE_SCOPE_BEGIN|[1054]|id|String|false|false
18:40:30.0 (28852602)|VARIABLE_ASSIGNMENT|[1054]|id|"0PS36000000q71PGAQ"
18:40:30.0 (28855406)|VARIABLE_SCOPE_BEGIN|[1054]|description|String|false|false
18:40:30.0 (28863256)|VARIABLE_ASSIGNMENT|[1054]|description|"This is for testing  (11 more) ..."
18:40:30.0 (28866150)|VARIABLE_SCOPE_BEGIN|[1054]|namespacePrefix|String|false|false
18:40:30.0 (28870381)|VARIABLE_ASSIGNMENT|[1054]|namespacePrefix|"shiva15testns"
18:40:30.0 (28872995)|VARIABLE_SCOPE_BEGIN|[1054]|userLicenseId|String|false|false
18:40:30.0 (28877267)|VARIABLE_ASSIGNMENT|[1054]|userLicenseId|"Salesforce"
18:40:30.0 (28879751)|VARIABLE_SCOPE_BEGIN|[1054]|createdDate|String|false|false
18:40:30.0 (28883705)|VARIABLE_ASSIGNMENT|[1054]|createdDate|"2016-03-20 15:41:12"
18:40:30.0 (28895740)|STATEMENT_EXECUTE|[1037]
18:40:30.0 (28898976)|STATEMENT_EXECUTE|[1040]
18:40:30.0 (28902956)|STATEMENT_EXECUTE|[1042]
18:40:30.0 (28904246)|STATEMENT_EXECUTE|[1044]
18:40:30.0 (28905535)|STATEMENT_EXECUTE|[1046]
18:40:30.0 (28906945)|STATEMENT_EXECUTE|[1048]
18:40:30.0 (28908401)|STATEMENT_EXECUTE|[1050]
18:40:30.0 (28909527)|STATEMENT_EXECUTE|[1052]
18:40:30.0 (28940343)|HEAP_ALLOCATE|[1056]|Bytes:6
18:40:30.0 (29014599)|STATEMENT_EXECUTE|[1055]
18:40:30.0 (29017953)|STATEMENT_EXECUTE|[1056]
18:40:30.0 (29234495)|VARIABLE_ASSIGNMENT|[EXTERNAL]|this|{}|0x6228393a
18:40:30.0 (29244763)|VARIABLE_ASSIGNMENT|[EXTERNAL]|value|"PermissionSet_Test"
18:40:30.0 (29264874)|VARIABLE_ASSIGNMENT|[1040]|this.label|"PermissionSet_Test"|0x6228393a
18:40:30.0 (29274353)|STATEMENT_EXECUTE|[1057]
18:40:30.0 (29336048)|VARIABLE_ASSIGNMENT|[EXTERNAL]|this|{"label":"PermissionSet_Test"}|0x6228393a
18:40:30.0 (29344364)|VARIABLE_ASSIGNMENT|[EXTERNAL]|value|"PermissionSet_Test"
18:40:30.0 (29354614)|VARIABLE_ASSIGNMENT|[1042]|this.apiName|"PermissionSet_Test"|0x6228393a
18:40:30.0 (29362244)|STATEMENT_EXECUTE|[1058]
18:40:30.0 (29419604)|VARIABLE_ASSIGNMENT|[EXTERNAL]|this|{"apiName":"PermissionSet_Test","label":"PermissionSet_Test"}|0x6228393a
18:40:30.0 (29428060)|VARIABLE_ASSIGNMENT|[EXTERNAL]|value|"0PS36000000q71PGAQ"
18:40:30.0 (29438033)|VARIABLE_ASSIGNMENT|[1044]|this.id|"0PS36000000q71PGAQ"|0x6228393a
18:40:30.0 (29445289)|STATEMENT_EXECUTE|[1059]
18:40:30.0 (29502169)|VARIABLE_ASSIGNMENT|[EXTERNAL]|this|{"apiName":"PermissionSet_Test","id":"0PS36000000q71PGAQ","label":"PermissionSet_Test"}|0x6228393a
18:40:30.0 (29511852)|VARIABLE_ASSIGNMENT|[EXTERNAL]|value|"This is for testing  (11 more) ..."
18:40:30.0 (29523175)|VARIABLE_ASSIGNMENT|[1046]|this.description|"This is for testing  (11 more) ..."|0x6228393a
18:40:30.0 (29530753)|STATEMENT_EXECUTE|[1060]
18:40:30.0 (29588841)|VARIABLE_ASSIGNMENT|[EXTERNAL]|this|{"apiName":"PermissionSet_Test","description":"This is for testing  (11 more) ...","id":"0PS36000000q71PGAQ","label":"PermissionSet_Test"}|0x6228393a
18:40:30.0 (29597859)|VARIABLE_ASSIGNMENT|[EXTERNAL]|value|"shiva15testns"
18:40:30.0 (29607968)|VARIABLE_ASSIGNMENT|[1048]|this.namespacePrefix|"shiva15testns"|0x6228393a
18:40:30.0 (29615412)|STATEMENT_EXECUTE|[1061]
18:40:30.0 (29674536)|VARIABLE_ASSIGNMENT|[EXTERNAL]|this|{"apiName":"PermissionSet_Test","description":"This is for testing  (11 more) ...","id":"0PS36000000q71PGAQ","label":"PermissionSet_Test","namespacePrefix":"shiva15testns"}|0x6228393a
18:40:30.0 (29683302)|VARIABLE_ASSIGNMENT|[EXTERNAL]|value|"Salesforce"
18:40:30.0 (29693093)|VARIABLE_ASSIGNMENT|[1050]|this.userLicenseId|"Salesforce"|0x6228393a
18:40:30.0 (29700463)|STATEMENT_EXECUTE|[1062]
18:40:30.0 (29760125)|VARIABLE_ASSIGNMENT|[EXTERNAL]|this|{"apiName":"PermissionSet_Test","description":"This is for testing  (11 more) ...","id":"0PS36000000q71PGAQ","label":"PermissionSet_Test","namespacePrefix":"shiva15testns","userLicenseId":"Salesforce"}|0x6228393a
18:40:30.0 (29769048)|VARIABLE_ASSIGNMENT|[EXTERNAL]|value|"2016-03-20 15:41:12"
18:40:30.0 (29779208)|VARIABLE_ASSIGNMENT|[1052]|this.createdDate|"2016-03-20 15:41:12"|0x6228393a
18:40:30.0 (29799731)|CONSTRUCTOR_EXIT|[165]|01p36000005Jpvx|<init>(String,String,String,String,String,String,String)
18:40:30.0 (29828826)|VARIABLE_ASSIGNMENT|[165]|pSetObj|{"apiName":"PermissionSet_Test","createdDate":"2016-03-20 15:41:12","description":"This is for testing  (11 more) ...","id":"0PS36000000q71PGAQ","label":"PermissionSet_Test","namespacePrefix":"shiva15testns","userLicenseId":"Salesforce"}|0x6228393a
18:40:30.0 (29834070)|STATEMENT_EXECUTE|[167]
18:40:30.0 (29871146)|ENTERING_MANAGED_PKG|
18:40:30.0 (29908284)|HEAP_ALLOCATE|[EXTERNAL]|Bytes:4
18:40:30.0 (29918182)|STATEMENT_EXECUTE|[168]
18:40:30.0 (30198255)|HEAP_ALLOCATE|[168]|Bytes:24
18:40:30.0 (30233797)|ENTERING_MANAGED_PKG|
18:40:30.0 (30366413)|HEAP_ALLOCATE|[168]|Bytes:231
18:40:30.0 (30394072)|HEAP_ALLOCATE|[168]|Bytes:255
18:40:30.0 (30431299)|ENTERING_MANAGED_PKG|
18:40:30.0 (30462138)|USER_DEBUG|[168]|ERROR|The PermissionSet Name: PermissionSet:{Id=0PS36000000q71PGAQ, Label=PermissionSet_Test, Name=PermissionSet_Test, Description=This is for testing Description, NamespacePrefix=shiva15testns, UserLicenseId=10036000000eSpyAAE, CreatedDate=2016-03-20 22:41:12}
18:40:30.0 (30494151)|HEAP_ALLOCATE|[162]|Bytes:5
18:40:30.0 (30536583)|HEAP_ALLOCATE|[162]|Bytes:32
18:40:30.0 (30550686)|VARIABLE_SCOPE_BEGIN|[162]|PSetName|PermissionSet|true|false
18:40:30.0 (30611198)|VARIABLE_ASSIGNMENT|[162]|PSetName|{"s":1,"v":{"Id":"0PS360000016pyOGAQ","Label":"Final_Test","Name":"Final_Test","Description":"Descp","NamespacePrefix":"shiva15testns","UserLicenseId":"10036000000eSpyAAE","CreatedDate":"2016-05-03T01:36:03.000Z"}}|0x574aa31e
18:40:30.0 (30616835)|STATEMENT_EXECUTE|[162]
18:40:30.0 (30651870)|ENTERING_MANAGED_PKG|
18:40:30.0 (30666153)|STATEMENT_EXECUTE|[163]
18:40:30.0 (30667880)|STATEMENT_EXECUTE|[164]
18:40:30.0 (30676685)|HEAP_ALLOCATE|[164]|Bytes:4
18:40:30.0 (31037101)|SOQL_EXECUTE_BEGIN|[164]|Aggregations:0|SELECT Id, Name FROM UserLicense WHERE Id = :tmpVar1
18:40:30.0 (33794489)|SOQL_EXECUTE_END|[164]|Rows:1
18:40:30.0 (33819529)|HEAP_ALLOCATE|[164]|Bytes:8
18:40:30.0 (33834329)|HEAP_ALLOCATE|[164]|Bytes:47
18:40:30.0 (33862871)|HEAP_ALLOCATE|[164]|Bytes:8
18:40:30.0 (33914753)|HEAP_ALLOCATE|[164]|Bytes:12
18:40:30.0 (33925896)|VARIABLE_SCOPE_BEGIN|[164]|ulicense|UserLicense|true|false
18:40:30.0 (33945136)|VARIABLE_ASSIGNMENT|[164]|ulicense|{"s":1,"v":{"Id":"10036000000eSpyAAE","Name":"Salesforce"}}|0x62a553e2
18:40:30.0 (33949725)|STATEMENT_EXECUTE|[165]
18:40:30.0 (33955947)|HEAP_ALLOCATE|[165]|Bytes:32
18:40:30.0 (33983924)|ENTERING_MANAGED_PKG|
18:40:30.0 (33989026)|HEAP_ALLOCATE|[165]|Bytes:18
18:40:30.0 (34024995)|ENTERING_MANAGED_PKG|
18:40:30.0 (34046035)|HEAP_ALLOCATE|[165]|Bytes:19
18:40:30.0 (34066940)|CONSTRUCTOR_ENTRY|[165]|01p36000005Jpvx|<init>(String,String,String,String,String,String,String)
18:40:30.0 (34073046)|VARIABLE_SCOPE_BEGIN|[1054]|this|shiva15testns.PermissionSetPortalControllers.PermissionSetClass|true|false
18:40:30.0 (34095919)|VARIABLE_ASSIGNMENT|[1054]|this|{}|0x35d05a0a
18:40:30.0 (34099004)|VARIABLE_SCOPE_BEGIN|[1054]|label|String|false|false
18:40:30.0 (34104164)|VARIABLE_ASSIGNMENT|[1054]|label|"Final_Test"
18:40:30.0 (34106018)|VARIABLE_SCOPE_BEGIN|[1054]|apiName|String|false|false
18:40:30.0 (34108873)|VARIABLE_ASSIGNMENT|[1054]|apiName|"Final_Test"
18:40:30.0 (34110580)|VARIABLE_SCOPE_BEGIN|[1054]|id|String|false|false
18:40:30.0 (34113520)|VARIABLE_ASSIGNMENT|[1054]|id|"0PS360000016pyOGAQ"
18:40:30.0 (34115268)|VARIABLE_SCOPE_BEGIN|[1054]|description|String|false|false
18:40:30.0 (34118235)|VARIABLE_ASSIGNMENT|[1054]|description|"Descp"
18:40:30.0 (34119759)|VARIABLE_SCOPE_BEGIN|[1054]|namespacePrefix|String|false|false
18:40:30.0 (34122509)|VARIABLE_ASSIGNMENT|[1054]|namespacePrefix|"shiva15testns"
18:40:30.0 (34124263)|VARIABLE_SCOPE_BEGIN|[1054]|userLicenseId|String|false|false
18:40:30.0 (34126881)|VARIABLE_ASSIGNMENT|[1054]|userLicenseId|"Salesforce"
18:40:30.0 (34128444)|VARIABLE_SCOPE_BEGIN|[1054]|createdDate|String|false|false
18:40:30.0 (34131330)|VARIABLE_ASSIGNMENT|[1054]|createdDate|"2016-05-02 18:36:03"
18:40:30.0 (34134258)|STATEMENT_EXECUTE|[1037]
18:40:30.0 (34135871)|STATEMENT_EXECUTE|[1040]
18:40:30.0 (34137343)|STATEMENT_EXECUTE|[1042]
18:40:30.0 (34138401)|STATEMENT_EXECUTE|[1044]
18:40:30.0 (34139449)|STATEMENT_EXECUTE|[1046]
18:40:30.0 (34140439)|STATEMENT_EXECUTE|[1048]
18:40:30.0 (34141524)|STATEMENT_EXECUTE|[1050]
18:40:30.0 (34142537)|STATEMENT_EXECUTE|[1052]
18:40:30.0 (34154460)|STATEMENT_EXECUTE|[1055]
18:40:30.0 (34156169)|STATEMENT_EXECUTE|[1056]
18:40:30.0 (34178857)|VARIABLE_ASSIGNMENT|[EXTERNAL]|this|{}|0x35d05a0a
18:40:30.0 (34184227)|VARIABLE_ASSIGNMENT|[EXTERNAL]|value|"Final_Test"
18:40:30.0 (34192606)|VARIABLE_ASSIGNMENT|[1040]|this.label|"Final_Test"|0x35d05a0a
18:40:30.0 (34198938)|STATEMENT_EXECUTE|[1057]
18:40:30.0 (34220355)|VARIABLE_ASSIGNMENT|[EXTERNAL]|this|{"label":"Final_Test"}|0x35d05a0a
18:40:30.0 (34225073)|VARIABLE_ASSIGNMENT|[EXTERNAL]|value|"Final_Test"
18:40:30.0 (34236570)|VARIABLE_ASSIGNMENT|[1042]|this.apiName|"Final_Test"|0x35d05a0a
18:40:30.0 (34243207)|STATEMENT_EXECUTE|[1058]
18:40:30.0 (34265432)|VARIABLE_ASSIGNMENT|[EXTERNAL]|this|{"apiName":"Final_Test","label":"Final_Test"}|0x35d05a0a
18:40:30.0 (34271020)|VARIABLE_ASSIGNMENT|[EXTERNAL]|value|"0PS360000016pyOGAQ"
18:40:30.0 (34277812)|VARIABLE_ASSIGNMENT|[1044]|this.id|"0PS360000016pyOGAQ"|0x35d05a0a
18:40:30.0 (34283806)|STATEMENT_EXECUTE|[1059]
18:40:30.0 (34305322)|VARIABLE_ASSIGNMENT|[EXTERNAL]|this|{"apiName":"Final_Test","id":"0PS360000016pyOGAQ","label":"Final_Test"}|0x35d05a0a
18:40:30.0 (34310670)|VARIABLE_ASSIGNMENT|[EXTERNAL]|value|"Descp"
18:40:30.0 (34317222)|VARIABLE_ASSIGNMENT|[1046]|this.description|"Descp"|0x35d05a0a
18:40:30.0 (34322955)|STATEMENT_EXECUTE|[1060]
18:40:30.0 (34344825)|VARIABLE_ASSIGNMENT|[EXTERNAL]|this|{"apiName":"Final_Test","description":"Descp","id":"0PS360000016pyOGAQ","label":"Final_Test"}|0x35d05a0a
18:40:30.0 (34350317)|VARIABLE_ASSIGNMENT|[EXTERNAL]|value|"shiva15testns"
18:40:30.0 (34356803)|VARIABLE_ASSIGNMENT|[1048]|this.namespacePrefix|"shiva15testns"|0x35d05a0a
18:40:30.0 (34365751)|STATEMENT_EXECUTE|[1061]
18:40:30.0 (34389673)|VARIABLE_ASSIGNMENT|[EXTERNAL]|this|{"apiName":"Final_Test","description":"Descp","id":"0PS360000016pyOGAQ","label":"Final_Test","namespacePrefix":"shiva15testns"}|0x35d05a0a
18:40:30.0 (34394922)|VARIABLE_ASSIGNMENT|[EXTERNAL]|value|"Salesforce"
18:40:30.0 (34401616)|VARIABLE_ASSIGNMENT|[1050]|this.userLicenseId|"Salesforce"|0x35d05a0a
18:40:30.0 (34407876)|STATEMENT_EXECUTE|[1062]
18:40:30.0 (34431213)|VARIABLE_ASSIGNMENT|[EXTERNAL]|this|{"apiName":"Final_Test","description":"Descp","id":"0PS360000016pyOGAQ","label":"Final_Test","namespacePrefix":"shiva15testns","userLicenseId":"Salesforce"}|0x35d05a0a
18:40:30.0 (34438570)|VARIABLE_ASSIGNMENT|[EXTERNAL]|value|"2016-05-02 18:36:03"
18:40:30.0 (34447910)|VARIABLE_ASSIGNMENT|[1052]|this.createdDate|"2016-05-02 18:36:03"|0x35d05a0a
18:40:30.0 (34462244)|CONSTRUCTOR_EXIT|[165]|01p36000005Jpvx|<init>(String,String,String,String,String,String,String)
18:40:30.0 (34492130)|VARIABLE_ASSIGNMENT|[165]|pSetObj|{"apiName":"Final_Test","createdDate":"2016-05-02 18:36:03","description":"Descp","id":"0PS360000016pyOGAQ","label":"Final_Test","namespacePrefix":"shiva15testns","userLicenseId":"Salesforce"}|0x35d05a0a
18:40:30.0 (34498551)|STATEMENT_EXECUTE|[167]
18:40:30.0 (34513066)|ENTERING_MANAGED_PKG|
18:40:30.0 (34518569)|HEAP_ALLOCATE|[EXTERNAL]|Bytes:4
18:40:30.0 (34524567)|STATEMENT_EXECUTE|[168]
18:40:30.0 (34538489)|ENTERING_MANAGED_PKG|
18:40:30.0 (34585932)|HEAP_ALLOCATE|[168]|Bytes:189
18:40:30.0 (34601527)|HEAP_ALLOCATE|[168]|Bytes:213
18:40:30.0 (34614263)|ENTERING_MANAGED_PKG|
18:40:30.0 (34630604)|USER_DEBUG|[168]|ERROR|The PermissionSet Name: PermissionSet:{Id=0PS360000016pyOGAQ, Label=Final_Test, Name=Final_Test, Description=Descp, NamespacePrefix=shiva15testns, UserLicenseId=10036000000eSpyAAE, CreatedDate=2016-05-03 01:36:03}
18:40:30.0 (34650111)|HEAP_ALLOCATE|[162]|Bytes:5
18:40:30.0 (34665802)|VARIABLE_ASSIGNMENT|[162]|PSetName|null|
18:40:30.0 (34669659)|STATEMENT_EXECUTE|[171]
18:40:30.0 (34686720)|SYSTEM_MODE_EXIT|false
18:40:30.34 (34734426)|CUMULATIVE_LIMIT_USAGE
18:40:30.34 (34734426)|LIMIT_USAGE_FOR_NS|(default)|
  Number of SOQL queries: 0 out of 100
  Number of query rows: 0 out of 50000
  Number of SOSL queries: 0 out of 20
  Number of DML statements: 0 out of 150
  Number of DML rows: 0 out of 10000
  Maximum CPU time: 0 out of 10000
  Maximum heap size: 0 out of 6000000
  Number of callouts: 0 out of 100
  Number of Email Invocations: 0 out of 10
  Number of future calls: 0 out of 50
  Number of queueable jobs added to the queue: 0 out of 50
  Number of Mobile Apex push calls: 0 out of 10

18:40:30.34 (34734426)|LIMIT_USAGE_FOR_NS|shiva15testns|
  Number of SOQL queries: 3 out of 100
  Number of query rows: 40 out of 50000
  Number of SOSL queries: 0 out of 20
  Number of DML statements: 0 out of 150
  Number of DML rows: 0 out of 10000
  Maximum CPU time: 0 out of 10000
  Maximum heap size: 0 out of 6000000
  Number of callouts: 0 out of 100
  Number of Email Invocations: 0 out of 10
  Number of future calls: 0 out of 50
  Number of queueable jobs added to the queue: 0 out of 50
  Number of Mobile Apex push calls: 0 out of 10

18:40:30.34 (34734426)|CUMULATIVE_LIMIT_USAGE_END

18:40:30.0 (34788037)|CODE_UNIT_FINISHED|PermissionSetPortalControllers.getAllPermissionSets
18:40:30.0 (36977304)|EXECUTION_FINISHED
18:40:30.39 (39282398)|EXECUTION_STARTED
18:40:30.39 (39293421)|CODE_UNIT_STARTED|[EXTERNAL]|Aura
18:40:30.39 (39333846)|CODE_UNIT_FINISHED|Aura
18:40:30.39 (40402277)|EXECUTION_FINISHED
18:40:30.41 (41351307)|EXECUTION_STARTED
18:40:30.41 (41359427)|CODE_UNIT_STARTED|[EXTERNAL]|Aura
18:40:30.41 (41393683)|CODE_UNIT_FINISHED|Aura
18:40:30.41 (42852888)|EXECUTION_FINISHED
