36.0 APEX_CODE,FINEST;APEX_PROFILING,INFO;CALLOUT,INFO;DB,INFO;SYSTEM,DEBUG;VALIDATION,INFO;VISUALFORCE,INFO;WORKFLOW,INFO
03:07:54.0 (410307)|EXECUTION_STARTED
03:07:54.0 (448425)|CODE_UNIT_STARTED|[EXTERNAL]|01p36000005Jpvx|PermissionSetPortalControllers.getAllPermissionSets
03:07:54.0 (1177158)|VARIABLE_SCOPE_BEGIN|[2]|PermissionSetPortalControllers.AllObjectsofOrg|Map<String,Schema.SObjectType>|true|true
03:07:54.0 (1365209)|VARIABLE_SCOPE_BEGIN|[3]|PermissionSetPortalControllers.AllPermissionSets|List<PermissionSet>|true|true
03:07:54.0 (1403877)|VARIABLE_SCOPE_BEGIN|[4]|PermissionSetPortalControllers.inputField|String|false|true
03:07:54.0 (1560170)|HEAP_ALLOCATE|[72]|Bytes:3
03:07:54.0 (1619493)|HEAP_ALLOCATE|[77]|Bytes:152
03:07:54.0 (1643009)|HEAP_ALLOCATE|[342]|Bytes:408
03:07:54.0 (1663529)|HEAP_ALLOCATE|[355]|Bytes:408
03:07:54.0 (1682277)|HEAP_ALLOCATE|[467]|Bytes:48
03:07:54.0 (1718925)|HEAP_ALLOCATE|[139]|Bytes:6
03:07:54.0 (1745772)|HEAP_ALLOCATE|[EXTERNAL]|Bytes:88
03:07:54.0 (1754964)|HEAP_ALLOCATE|[EXTERNAL]|Bytes:3
03:07:54.0 (1760027)|HEAP_ALLOCATE|[EXTERNAL]|Bytes:5
03:07:54.0 (1780607)|METHOD_ENTRY|[1]|01p36000005Jpvx|PermissionSetPortalControllers.PermissionSetPortalControllers()
03:07:54.0 (1787426)|STATEMENT_EXECUTE|[1]
03:07:54.0 (1796009)|STATEMENT_EXECUTE|[1]
03:07:54.0 (1835211)|HEAP_ALLOCATE|[50]|Bytes:5
03:07:54.0 (1867111)|HEAP_ALLOCATE|[56]|Bytes:5
03:07:54.0 (1880109)|HEAP_ALLOCATE|[64]|Bytes:7
03:07:54.0 (1910025)|SYSTEM_MODE_ENTER|false
03:07:54.0 (1930192)|HEAP_ALLOCATE|[EXTERNAL]|Bytes:5
03:07:54.0 (1941690)|SYSTEM_MODE_EXIT|false
03:07:54.0 (1954956)|METHOD_EXIT|[1]|PermissionSetPortalControllers
03:07:54.0 (1966022)|SYSTEM_MODE_ENTER|false
03:07:54.0 (1981724)|HEAP_ALLOCATE|[8]|Bytes:5
03:07:54.0 (1988340)|STATEMENT_EXECUTE|[7]
03:07:54.0 (1991460)|STATEMENT_EXECUTE|[8]
03:07:54.0 (1997060)|HEAP_ALLOCATE|[8]|Bytes:34
03:07:54.0 (2009418)|HEAP_ALLOCATE|[8]|Bytes:4
03:07:54.0 (2638866)|SOQL_EXECUTE_BEGIN|[8]|Aggregations:0|SELECT Id, Name FROM PermissionSet
03:07:54.0 (5635316)|SOQL_EXECUTE_END|[8]|Rows:36
03:07:54.0 (5656454)|HEAP_ALLOCATE|[8]|Bytes:148
03:07:54.0 (5707053)|HEAP_ALLOCATE|[8]|Bytes:2125
03:07:54.0 (5749203)|HEAP_ALLOCATE|[8]|Bytes:148
03:07:54.0 (5809453)|VARIABLE_ASSIGNMENT|[8]|PermissionSetPortalControllers.AllPermissionSets|{"s":1,"v":"List of size 36 too large to display"}|0x56037f53
03:07:54.0 (5922059)|ENTERING_MANAGED_PKG|
03:07:54.0 (5960873)|STATEMENT_EXECUTE|[9]
03:07:54.0 (5979584)|ENTERING_MANAGED_PKG|
03:07:54.0 (6162076)|HEAP_ALLOCATE|[10]|Bytes:5
03:07:54.0 (6209211)|HEAP_ALLOCATE|[10]|Bytes:12
03:07:54.0 (6226761)|VARIABLE_SCOPE_BEGIN|[10]|PSetName|PermissionSet|true|false
03:07:54.0 (6253044)|VARIABLE_ASSIGNMENT|[10]|PSetName|{"s":1,"v":{"Id":"0PS36000000mmnFGAQ","Name":"X00e1a000000MWa8AAG"}}|0x258c2a6e
03:07:54.0 (6260239)|STATEMENT_EXECUTE|[10]
03:07:54.0 (6263572)|STATEMENT_EXECUTE|[11]
03:07:54.0 (6427649)|HEAP_ALLOCATE|[11]|Bytes:24
03:07:54.0 (6469307)|ENTERING_MANAGED_PKG|
03:07:54.0 (6533726)|HEAP_ALLOCATE|[11]|Bytes:63
03:07:54.0 (6565467)|HEAP_ALLOCATE|[11]|Bytes:87
03:07:54.0 (6599524)|ENTERING_MANAGED_PKG|
03:07:54.0 (6656245)|USER_DEBUG|[11]|ERROR|The PermissionSet Name: PermissionSet:{Id=0PS36000000mmnFGAQ, Name=X00e1a000000MWa8AAG}
03:07:54.0 (6679677)|HEAP_ALLOCATE|[10]|Bytes:5
03:07:54.0 (6707718)|HEAP_ALLOCATE|[10]|Bytes:12
03:07:54.0 (6720163)|VARIABLE_SCOPE_BEGIN|[10]|PSetName|PermissionSet|true|false
03:07:54.0 (6740255)|VARIABLE_ASSIGNMENT|[10]|PSetName|{"s":1,"v":{"Id":"0PS36000000mmnGGAQ","Name":"X00ex00000018ozl_128 (11 more) ..."}}|0x68a76f5c
03:07:54.0 (6747240)|STATEMENT_EXECUTE|[10]
03:07:54.0 (6750329)|STATEMENT_EXECUTE|[11]
03:07:54.0 (6770179)|ENTERING_MANAGED_PKG|
03:07:54.0 (6796830)|HEAP_ALLOCATE|[11]|Bytes:75
03:07:54.0 (6814592)|HEAP_ALLOCATE|[11]|Bytes:99
03:07:54.0 (6830002)|ENTERING_MANAGED_PKG|
03:07:54.0 (6845929)|USER_DEBUG|[11]|ERROR|The PermissionSet Name: PermissionSet:{Id=0PS36000000mmnGGAQ, Name=X00ex00000018ozl_128_09_04_12_5}
03:07:54.0 (6865372)|HEAP_ALLOCATE|[10]|Bytes:5
03:07:54.0 (6890901)|HEAP_ALLOCATE|[10]|Bytes:12
03:07:54.0 (6902704)|VARIABLE_SCOPE_BEGIN|[10]|PSetName|PermissionSet|true|false
03:07:54.0 (6920704)|VARIABLE_ASSIGNMENT|[10]|PSetName|{"s":1,"v":{"Id":"0PS36000000mmnHGAQ","Name":"X00ex00000018ozm_128 (11 more) ..."}}|0x544495d8
03:07:54.0 (6927140)|STATEMENT_EXECUTE|[10]
03:07:54.0 (6930116)|STATEMENT_EXECUTE|[11]
03:07:54.0 (6949156)|ENTERING_MANAGED_PKG|
03:07:54.0 (6975222)|HEAP_ALLOCATE|[11]|Bytes:75
03:07:54.0 (6992223)|HEAP_ALLOCATE|[11]|Bytes:99
03:07:54.0 (7011295)|ENTERING_MANAGED_PKG|
03:07:54.0 (7028119)|USER_DEBUG|[11]|ERROR|The PermissionSet Name: PermissionSet:{Id=0PS36000000mmnHGAQ, Name=X00ex00000018ozm_128_09_04_12_6}
03:07:54.0 (7047201)|HEAP_ALLOCATE|[10]|Bytes:5
03:07:54.0 (7072396)|HEAP_ALLOCATE|[10]|Bytes:12
03:07:54.0 (7084095)|VARIABLE_SCOPE_BEGIN|[10]|PSetName|PermissionSet|true|false
03:07:54.0 (7101745)|VARIABLE_ASSIGNMENT|[10]|PSetName|{"s":1,"v":{"Id":"0PS36000000mmnIGAQ","Name":"X00ex00000018ozk_128 (11 more) ..."}}|0x29cfe4c9
03:07:54.0 (7108160)|STATEMENT_EXECUTE|[10]
03:07:54.0 (7111079)|STATEMENT_EXECUTE|[11]
03:07:54.0 (7129569)|ENTERING_MANAGED_PKG|
03:07:54.0 (7154330)|HEAP_ALLOCATE|[11]|Bytes:75
03:07:54.0 (7171203)|HEAP_ALLOCATE|[11]|Bytes:99
03:07:54.0 (7185892)|ENTERING_MANAGED_PKG|
03:07:54.0 (7201051)|USER_DEBUG|[11]|ERROR|The PermissionSet Name: PermissionSet:{Id=0PS36000000mmnIGAQ, Name=X00ex00000018ozk_128_09_04_12_4}
03:07:54.0 (7219215)|HEAP_ALLOCATE|[10]|Bytes:5
03:07:54.0 (7243495)|HEAP_ALLOCATE|[10]|Bytes:12
03:07:54.0 (7255208)|VARIABLE_SCOPE_BEGIN|[10]|PSetName|PermissionSet|true|false
03:07:54.0 (7272491)|VARIABLE_ASSIGNMENT|[10]|PSetName|{"s":1,"v":{"Id":"0PS36000000mmnJGAQ","Name":"X00ex00000018ozj_128 (11 more) ..."}}|0x6d5474c4
03:07:54.0 (7278732)|STATEMENT_EXECUTE|[10]
03:07:54.0 (7281662)|STATEMENT_EXECUTE|[11]
03:07:54.0 (7300068)|ENTERING_MANAGED_PKG|
03:07:54.0 (7329531)|HEAP_ALLOCATE|[11]|Bytes:75
03:07:54.0 (7347110)|HEAP_ALLOCATE|[11]|Bytes:99
03:07:54.0 (7361865)|ENTERING_MANAGED_PKG|
03:07:54.0 (7376914)|USER_DEBUG|[11]|ERROR|The PermissionSet Name: PermissionSet:{Id=0PS36000000mmnJGAQ, Name=X00ex00000018ozj_128_09_04_12_3}
03:07:54.0 (7394776)|HEAP_ALLOCATE|[10]|Bytes:5
03:07:54.0 (7419610)|HEAP_ALLOCATE|[10]|Bytes:12
03:07:54.0 (7431195)|VARIABLE_SCOPE_BEGIN|[10]|PSetName|PermissionSet|true|false
03:07:54.0 (7448078)|VARIABLE_ASSIGNMENT|[10]|PSetName|{"s":1,"v":{"Id":"0PS36000000mmnKGAQ","Name":"X00ex00000018ozo_128 (11 more) ..."}}|0x3e5a3bbd
03:07:54.0 (7454311)|STATEMENT_EXECUTE|[10]
03:07:54.0 (7457265)|STATEMENT_EXECUTE|[11]
03:07:54.0 (7479578)|ENTERING_MANAGED_PKG|
03:07:54.0 (7504227)|HEAP_ALLOCATE|[11]|Bytes:75
03:07:54.0 (7520950)|HEAP_ALLOCATE|[11]|Bytes:99
03:07:54.0 (7535470)|ENTERING_MANAGED_PKG|
03:07:54.0 (7550521)|USER_DEBUG|[11]|ERROR|The PermissionSet Name: PermissionSet:{Id=0PS36000000mmnKGAQ, Name=X00ex00000018ozo_128_09_04_12_8}
03:07:54.0 (7568476)|HEAP_ALLOCATE|[10]|Bytes:5
03:07:54.0 (7592913)|HEAP_ALLOCATE|[10]|Bytes:12
03:07:54.0 (7604510)|VARIABLE_SCOPE_BEGIN|[10]|PSetName|PermissionSet|true|false
03:07:54.0 (7621382)|VARIABLE_ASSIGNMENT|[10]|PSetName|{"s":1,"v":{"Id":"0PS36000000mmnLGAQ","Name":"X00ex00000018ozh_128 (11 more) ..."}}|0x4ec083fb
03:07:54.0 (7627559)|STATEMENT_EXECUTE|[10]
03:07:54.0 (7630461)|STATEMENT_EXECUTE|[11]
03:07:54.0 (7649116)|ENTERING_MANAGED_PKG|
03:07:54.0 (7673540)|HEAP_ALLOCATE|[11]|Bytes:75
03:07:54.0 (7689968)|HEAP_ALLOCATE|[11]|Bytes:99
03:07:54.0 (7704343)|ENTERING_MANAGED_PKG|
03:07:54.0 (7719300)|USER_DEBUG|[11]|ERROR|The PermissionSet Name: PermissionSet:{Id=0PS36000000mmnLGAQ, Name=X00ex00000018ozh_128_09_04_12_1}
03:07:54.0 (7737122)|HEAP_ALLOCATE|[10]|Bytes:5
03:07:54.0 (7761579)|HEAP_ALLOCATE|[10]|Bytes:12
03:07:54.0 (7773202)|VARIABLE_SCOPE_BEGIN|[10]|PSetName|PermissionSet|true|false
03:07:54.0 (7790069)|VARIABLE_ASSIGNMENT|[10]|PSetName|{"s":1,"v":{"Id":"0PS36000000mmnMGAQ","Name":"X00ex00000018ozq_128 (12 more) ..."}}|0x18ffcf46
03:07:54.0 (7796205)|STATEMENT_EXECUTE|[10]
03:07:54.0 (7799200)|STATEMENT_EXECUTE|[11]
03:07:54.0 (7817269)|ENTERING_MANAGED_PKG|
03:07:54.0 (7845021)|HEAP_ALLOCATE|[11]|Bytes:76
03:07:54.0 (7862668)|HEAP_ALLOCATE|[11]|Bytes:100
03:07:54.0 (7877677)|ENTERING_MANAGED_PKG|
03:07:54.0 (7892704)|USER_DEBUG|[11]|ERROR|The PermissionSet Name: PermissionSet:{Id=0PS36000000mmnMGAQ, Name=X00ex00000018ozq_128_09_04_12_10}
03:07:54.0 (7910813)|HEAP_ALLOCATE|[10]|Bytes:5
03:07:54.0 (7935429)|HEAP_ALLOCATE|[10]|Bytes:12
03:07:54.0 (7947147)|VARIABLE_SCOPE_BEGIN|[10]|PSetName|PermissionSet|true|false
03:07:54.0 (7963944)|VARIABLE_ASSIGNMENT|[10]|PSetName|{"s":1,"v":{"Id":"0PS36000000mmnNGAQ","Name":"X00ex00000018ozp_128 (11 more) ..."}}|0x56437ac9
03:07:54.0 (7970117)|STATEMENT_EXECUTE|[10]
03:07:54.0 (7973212)|STATEMENT_EXECUTE|[11]
03:07:54.0 (7991486)|ENTERING_MANAGED_PKG|
03:07:54.0 (8015908)|HEAP_ALLOCATE|[11]|Bytes:75
03:07:54.0 (8033555)|HEAP_ALLOCATE|[11]|Bytes:99
03:07:54.0 (8048123)|ENTERING_MANAGED_PKG|
03:07:54.0 (8063087)|USER_DEBUG|[11]|ERROR|The PermissionSet Name: PermissionSet:{Id=0PS36000000mmnNGAQ, Name=X00ex00000018ozp_128_09_04_12_9}
03:07:54.0 (8080716)|HEAP_ALLOCATE|[10]|Bytes:5
03:07:54.0 (8104838)|HEAP_ALLOCATE|[10]|Bytes:12
03:07:54.0 (8116470)|VARIABLE_SCOPE_BEGIN|[10]|PSetName|PermissionSet|true|false
03:07:54.0 (8133277)|VARIABLE_ASSIGNMENT|[10]|PSetName|{"s":1,"v":{"Id":"0PS36000000mmnOGAQ","Name":"X00ex00000018ozn_128 (11 more) ..."}}|0x392b346f
03:07:54.0 (8139280)|STATEMENT_EXECUTE|[10]
03:07:54.0 (8142154)|STATEMENT_EXECUTE|[11]
03:07:54.0 (8160393)|ENTERING_MANAGED_PKG|
03:07:54.0 (8184531)|HEAP_ALLOCATE|[11]|Bytes:75
03:07:54.0 (8201483)|HEAP_ALLOCATE|[11]|Bytes:99
03:07:54.0 (8215848)|ENTERING_MANAGED_PKG|
03:07:54.0 (8231010)|USER_DEBUG|[11]|ERROR|The PermissionSet Name: PermissionSet:{Id=0PS36000000mmnOGAQ, Name=X00ex00000018ozn_128_09_04_12_7}
03:07:54.0 (8249236)|HEAP_ALLOCATE|[10]|Bytes:5
03:07:54.0 (8273301)|HEAP_ALLOCATE|[10]|Bytes:12
03:07:54.0 (8284752)|VARIABLE_SCOPE_BEGIN|[10]|PSetName|PermissionSet|true|false
03:07:54.0 (8300723)|VARIABLE_ASSIGNMENT|[10]|PSetName|{"s":1,"v":{"Id":"0PS36000000mmnPGAQ","Name":"X00e1a000000MWa9AAG"}}|0x73beb7ea
03:07:54.0 (8306674)|STATEMENT_EXECUTE|[10]
03:07:54.0 (8309528)|STATEMENT_EXECUTE|[11]
03:07:54.0 (8332342)|ENTERING_MANAGED_PKG|
03:07:54.0 (8356908)|HEAP_ALLOCATE|[11]|Bytes:63
03:07:54.0 (8373295)|HEAP_ALLOCATE|[11]|Bytes:87
03:07:54.0 (8387878)|ENTERING_MANAGED_PKG|
03:07:54.0 (8402599)|USER_DEBUG|[11]|ERROR|The PermissionSet Name: PermissionSet:{Id=0PS36000000mmnPGAQ, Name=X00e1a000000MWa9AAG}
03:07:54.0 (8420814)|HEAP_ALLOCATE|[10]|Bytes:5
03:07:54.0 (8444937)|HEAP_ALLOCATE|[10]|Bytes:12
03:07:54.0 (8456659)|VARIABLE_SCOPE_BEGIN|[10]|PSetName|PermissionSet|true|false
03:07:54.0 (8472965)|VARIABLE_ASSIGNMENT|[10]|PSetName|{"s":1,"v":{"Id":"0PS36000000mmnQGAQ","Name":"X00e1a000000MWaBAAW"}}|0x155dc324
03:07:54.0 (8478949)|STATEMENT_EXECUTE|[10]
03:07:54.0 (8481827)|STATEMENT_EXECUTE|[11]
03:07:54.0 (8499760)|ENTERING_MANAGED_PKG|
03:07:54.0 (8523989)|HEAP_ALLOCATE|[11]|Bytes:63
03:07:54.0 (8540566)|HEAP_ALLOCATE|[11]|Bytes:87
03:07:54.0 (8555042)|ENTERING_MANAGED_PKG|
03:07:54.0 (8569748)|USER_DEBUG|[11]|ERROR|The PermissionSet Name: PermissionSet:{Id=0PS36000000mmnQGAQ, Name=X00e1a000000MWaBAAW}
03:07:54.0 (8590329)|HEAP_ALLOCATE|[10]|Bytes:5
03:07:54.0 (8615111)|HEAP_ALLOCATE|[10]|Bytes:12
03:07:54.0 (8626659)|VARIABLE_SCOPE_BEGIN|[10]|PSetName|PermissionSet|true|false
03:07:54.0 (8648566)|VARIABLE_ASSIGNMENT|[10]|PSetName|{"s":1,"v":{"Id":"0PS36000000mmnRGAQ","Name":"X00e1a000000MWaCAAW"}}|0x58056674
03:07:54.0 (8655110)|STATEMENT_EXECUTE|[10]
03:07:54.0 (8657993)|STATEMENT_EXECUTE|[11]
03:07:54.0 (8676654)|ENTERING_MANAGED_PKG|
03:07:54.0 (8701289)|HEAP_ALLOCATE|[11]|Bytes:63
03:07:54.0 (8718159)|HEAP_ALLOCATE|[11]|Bytes:87
03:07:54.0 (8732672)|ENTERING_MANAGED_PKG|
03:07:54.0 (8747535)|USER_DEBUG|[11]|ERROR|The PermissionSet Name: PermissionSet:{Id=0PS36000000mmnRGAQ, Name=X00e1a000000MWaCAAW}
03:07:54.0 (8765269)|HEAP_ALLOCATE|[10]|Bytes:5
03:07:54.0 (8789585)|HEAP_ALLOCATE|[10]|Bytes:12
03:07:54.0 (8801063)|VARIABLE_SCOPE_BEGIN|[10]|PSetName|PermissionSet|true|false
03:07:54.0 (8816913)|VARIABLE_ASSIGNMENT|[10]|PSetName|{"s":1,"v":{"Id":"0PS36000000mmnSGAQ","Name":"X00e1a000000MWaDAAW"}}|0x38edb957
03:07:54.0 (8822540)|STATEMENT_EXECUTE|[10]
03:07:54.0 (8825359)|STATEMENT_EXECUTE|[11]
03:07:54.0 (8843461)|ENTERING_MANAGED_PKG|
03:07:54.0 (8867552)|HEAP_ALLOCATE|[11]|Bytes:63
03:07:54.0 (8884072)|HEAP_ALLOCATE|[11]|Bytes:87
03:07:54.0 (8898615)|ENTERING_MANAGED_PKG|
03:07:54.0 (8916380)|USER_DEBUG|[11]|ERROR|The PermissionSet Name: PermissionSet:{Id=0PS36000000mmnSGAQ, Name=X00e1a000000MWaDAAW}
03:07:54.0 (8934656)|HEAP_ALLOCATE|[10]|Bytes:5
03:07:54.0 (8959227)|HEAP_ALLOCATE|[10]|Bytes:12
03:07:54.0 (8971100)|VARIABLE_SCOPE_BEGIN|[10]|PSetName|PermissionSet|true|false
03:07:54.0 (8986880)|VARIABLE_ASSIGNMENT|[10]|PSetName|{"s":1,"v":{"Id":"0PS36000000mmnTGAQ","Name":"X00e1a000000MWaEAAW"}}|0x3e6a4847
03:07:54.0 (8992737)|STATEMENT_EXECUTE|[10]
03:07:54.0 (8995551)|STATEMENT_EXECUTE|[11]
03:07:54.0 (9013842)|ENTERING_MANAGED_PKG|
03:07:54.0 (9039209)|HEAP_ALLOCATE|[11]|Bytes:63
03:07:54.0 (9055806)|HEAP_ALLOCATE|[11]|Bytes:87
03:07:54.0 (9070809)|ENTERING_MANAGED_PKG|
03:07:54.0 (9085626)|USER_DEBUG|[11]|ERROR|The PermissionSet Name: PermissionSet:{Id=0PS36000000mmnTGAQ, Name=X00e1a000000MWaEAAW}
03:07:54.0 (9106285)|HEAP_ALLOCATE|[10]|Bytes:5
03:07:54.0 (9131446)|HEAP_ALLOCATE|[10]|Bytes:12
03:07:54.0 (9142988)|VARIABLE_SCOPE_BEGIN|[10]|PSetName|PermissionSet|true|false
03:07:54.0 (9161505)|VARIABLE_ASSIGNMENT|[10]|PSetName|{"s":1,"v":{"Id":"0PS36000000mmnUGAQ","Name":"X00e1a000000MWaFAAW"}}|0x45d5e84d
03:07:54.0 (9167397)|STATEMENT_EXECUTE|[10]
03:07:54.0 (9170213)|STATEMENT_EXECUTE|[11]
03:07:54.0 (9188607)|ENTERING_MANAGED_PKG|
03:07:54.0 (9212954)|HEAP_ALLOCATE|[11]|Bytes:63
03:07:54.0 (9229526)|HEAP_ALLOCATE|[11]|Bytes:87
03:07:54.0 (9244087)|ENTERING_MANAGED_PKG|
03:07:54.0 (9258757)|USER_DEBUG|[11]|ERROR|The PermissionSet Name: PermissionSet:{Id=0PS36000000mmnUGAQ, Name=X00e1a000000MWaFAAW}
03:07:54.0 (9276213)|HEAP_ALLOCATE|[10]|Bytes:5
03:07:54.0 (9300728)|HEAP_ALLOCATE|[10]|Bytes:12
03:07:54.0 (9316755)|VARIABLE_SCOPE_BEGIN|[10]|PSetName|PermissionSet|true|false
03:07:54.0 (9332994)|VARIABLE_ASSIGNMENT|[10]|PSetName|{"s":1,"v":{"Id":"0PS36000000mmnVGAQ","Name":"X00e1a000000MWaGAAW"}}|0x36100045
03:07:54.0 (9338730)|STATEMENT_EXECUTE|[10]
03:07:54.0 (9341628)|STATEMENT_EXECUTE|[11]
03:07:54.0 (9359889)|ENTERING_MANAGED_PKG|
03:07:54.0 (9384010)|HEAP_ALLOCATE|[11]|Bytes:63
03:07:54.0 (9400534)|HEAP_ALLOCATE|[11]|Bytes:87
03:07:54.0 (9415278)|ENTERING_MANAGED_PKG|
03:07:54.0 (9430099)|USER_DEBUG|[11]|ERROR|The PermissionSet Name: PermissionSet:{Id=0PS36000000mmnVGAQ, Name=X00e1a000000MWaGAAW}
03:07:54.0 (9448411)|HEAP_ALLOCATE|[10]|Bytes:5
03:07:54.0 (9475538)|HEAP_ALLOCATE|[10]|Bytes:12
03:07:54.0 (9487777)|VARIABLE_SCOPE_BEGIN|[10]|PSetName|PermissionSet|true|false
03:07:54.0 (9503850)|VARIABLE_ASSIGNMENT|[10]|PSetName|{"s":1,"v":{"Id":"0PS36000000mmnWGAQ","Name":"X00e1a000000MWaHAAW"}}|0x63e220d1
03:07:54.0 (9509660)|STATEMENT_EXECUTE|[10]
03:07:54.0 (9512489)|STATEMENT_EXECUTE|[11]
03:07:54.0 (9530804)|ENTERING_MANAGED_PKG|
03:07:54.0 (9555215)|HEAP_ALLOCATE|[11]|Bytes:63
03:07:54.0 (9571801)|HEAP_ALLOCATE|[11]|Bytes:87
03:07:54.0 (9586516)|ENTERING_MANAGED_PKG|
03:07:54.0 (9601286)|USER_DEBUG|[11]|ERROR|The PermissionSet Name: PermissionSet:{Id=0PS36000000mmnWGAQ, Name=X00e1a000000MWaHAAW}
03:07:54.0 (9618915)|HEAP_ALLOCATE|[10]|Bytes:5
03:07:54.0 (9643218)|HEAP_ALLOCATE|[10]|Bytes:12
03:07:54.0 (9654494)|VARIABLE_SCOPE_BEGIN|[10]|PSetName|PermissionSet|true|false
03:07:54.0 (9670369)|VARIABLE_ASSIGNMENT|[10]|PSetName|{"s":1,"v":{"Id":"0PS36000000mmnXGAQ","Name":"X00e1a000000MWaIAAW"}}|0xfa6649a
03:07:54.0 (9676446)|STATEMENT_EXECUTE|[10]
03:07:54.0 (9679374)|STATEMENT_EXECUTE|[11]
03:07:54.0 (9697437)|ENTERING_MANAGED_PKG|
03:07:54.0 (9721364)|HEAP_ALLOCATE|[11]|Bytes:63
03:07:54.0 (9738003)|HEAP_ALLOCATE|[11]|Bytes:87
03:07:54.0 (9752502)|ENTERING_MANAGED_PKG|
03:07:54.0 (9767380)|USER_DEBUG|[11]|ERROR|The PermissionSet Name: PermissionSet:{Id=0PS36000000mmnXGAQ, Name=X00e1a000000MWaIAAW}
03:07:54.0 (9784923)|HEAP_ALLOCATE|[10]|Bytes:5
03:07:54.0 (9809095)|HEAP_ALLOCATE|[10]|Bytes:12
03:07:54.0 (9820564)|VARIABLE_SCOPE_BEGIN|[10]|PSetName|PermissionSet|true|false
03:07:54.0 (9836672)|VARIABLE_ASSIGNMENT|[10]|PSetName|{"s":1,"v":{"Id":"0PS36000000mmnYGAQ","Name":"X00e1a000000MWaJAAW"}}|0x655b62a3
03:07:54.0 (9842781)|STATEMENT_EXECUTE|[10]
03:07:54.0 (9845671)|STATEMENT_EXECUTE|[11]
03:07:54.0 (9863812)|ENTERING_MANAGED_PKG|
03:07:54.0 (9888005)|HEAP_ALLOCATE|[11]|Bytes:63
03:07:54.0 (9908035)|HEAP_ALLOCATE|[11]|Bytes:87
03:07:54.0 (9923293)|ENTERING_MANAGED_PKG|
03:07:54.0 (9938453)|USER_DEBUG|[11]|ERROR|The PermissionSet Name: PermissionSet:{Id=0PS36000000mmnYGAQ, Name=X00e1a000000MWaJAAW}
03:07:54.0 (9956088)|HEAP_ALLOCATE|[10]|Bytes:5
03:07:54.0 (9980729)|HEAP_ALLOCATE|[10]|Bytes:12
03:07:54.0 (9992290)|VARIABLE_SCOPE_BEGIN|[10]|PSetName|PermissionSet|true|false
03:07:54.0 (10008211)|VARIABLE_ASSIGNMENT|[10]|PSetName|{"s":1,"v":{"Id":"0PS36000000mmnZGAQ","Name":"X00e1a000000MWaKAAW"}}|0x53ff4465
03:07:54.0 (10015106)|STATEMENT_EXECUTE|[10]
03:07:54.0 (10018150)|STATEMENT_EXECUTE|[11]
03:07:54.0 (10036462)|ENTERING_MANAGED_PKG|
03:07:54.0 (10060731)|HEAP_ALLOCATE|[11]|Bytes:63
03:07:54.0 (10077375)|HEAP_ALLOCATE|[11]|Bytes:87
03:07:54.0 (10091971)|ENTERING_MANAGED_PKG|
03:07:54.0 (10106879)|USER_DEBUG|[11]|ERROR|The PermissionSet Name: PermissionSet:{Id=0PS36000000mmnZGAQ, Name=X00e1a000000MWaKAAW}
03:07:54.0 (10124518)|HEAP_ALLOCATE|[10]|Bytes:5
03:07:54.0 (10148628)|HEAP_ALLOCATE|[10]|Bytes:12
03:07:54.0 (10159985)|VARIABLE_SCOPE_BEGIN|[10]|PSetName|PermissionSet|true|false
03:07:54.0 (10176299)|VARIABLE_ASSIGNMENT|[10]|PSetName|{"s":1,"v":{"Id":"0PS36000000mmnaGAA","Name":"X00e1a000000MWaLAAW"}}|0x21e90263
03:07:54.0 (10182041)|STATEMENT_EXECUTE|[10]
03:07:54.0 (10185055)|STATEMENT_EXECUTE|[11]
03:07:54.0 (10203420)|ENTERING_MANAGED_PKG|
03:07:54.0 (10227535)|HEAP_ALLOCATE|[11]|Bytes:63
03:07:54.0 (10244065)|HEAP_ALLOCATE|[11]|Bytes:87
03:07:54.0 (10258904)|ENTERING_MANAGED_PKG|
03:07:54.0 (10273739)|USER_DEBUG|[11]|ERROR|The PermissionSet Name: PermissionSet:{Id=0PS36000000mmnaGAA, Name=X00e1a000000MWaLAAW}
03:07:54.0 (10291346)|HEAP_ALLOCATE|[10]|Bytes:5
03:07:54.0 (10319192)|HEAP_ALLOCATE|[10]|Bytes:12
03:07:54.0 (10331340)|VARIABLE_SCOPE_BEGIN|[10]|PSetName|PermissionSet|true|false
03:07:54.0 (10347357)|VARIABLE_ASSIGNMENT|[10]|PSetName|{"s":1,"v":{"Id":"0PS36000000mmnbGAA","Name":"X00e1a000000MWaMAAW"}}|0x1dd72070
03:07:54.0 (10353162)|STATEMENT_EXECUTE|[10]
03:07:54.0 (10356143)|STATEMENT_EXECUTE|[11]
03:07:54.0 (10374550)|ENTERING_MANAGED_PKG|
03:07:54.0 (10398540)|HEAP_ALLOCATE|[11]|Bytes:63
03:07:54.0 (10415422)|HEAP_ALLOCATE|[11]|Bytes:87
03:07:54.0 (10430155)|ENTERING_MANAGED_PKG|
03:07:54.0 (10444984)|USER_DEBUG|[11]|ERROR|The PermissionSet Name: PermissionSet:{Id=0PS36000000mmnbGAA, Name=X00e1a000000MWaMAAW}
03:07:54.0 (10462582)|HEAP_ALLOCATE|[10]|Bytes:5
03:07:54.0 (10486650)|HEAP_ALLOCATE|[10]|Bytes:12
03:07:54.0 (10497870)|VARIABLE_SCOPE_BEGIN|[10]|PSetName|PermissionSet|true|false
03:07:54.0 (10513666)|VARIABLE_ASSIGNMENT|[10]|PSetName|{"s":1,"v":{"Id":"0PS36000000mmncGAA","Name":"X00e1a000000MWaNAAW"}}|0x23a71713
03:07:54.0 (10519468)|STATEMENT_EXECUTE|[10]
03:07:54.0 (10522385)|STATEMENT_EXECUTE|[11]
03:07:54.0 (10540682)|ENTERING_MANAGED_PKG|
03:07:54.0 (10564769)|HEAP_ALLOCATE|[11]|Bytes:63
03:07:54.0 (10581425)|HEAP_ALLOCATE|[11]|Bytes:87
03:07:54.0 (10596036)|ENTERING_MANAGED_PKG|
03:07:54.0 (10610771)|USER_DEBUG|[11]|ERROR|The PermissionSet Name: PermissionSet:{Id=0PS36000000mmncGAA, Name=X00e1a000000MWaNAAW}
03:07:54.0 (10628484)|HEAP_ALLOCATE|[10]|Bytes:5
03:07:54.0 (10652514)|HEAP_ALLOCATE|[10]|Bytes:12
03:07:54.0 (10663895)|VARIABLE_SCOPE_BEGIN|[10]|PSetName|PermissionSet|true|false
03:07:54.0 (10679569)|VARIABLE_ASSIGNMENT|[10]|PSetName|{"s":1,"v":{"Id":"0PS36000000mmndGAA","Name":"X00e1a000000MWaOAAW"}}|0xad2a36e
03:07:54.0 (10685497)|STATEMENT_EXECUTE|[10]
03:07:54.0 (10688390)|STATEMENT_EXECUTE|[11]
03:07:54.0 (10706496)|ENTERING_MANAGED_PKG|
03:07:54.0 (10730761)|HEAP_ALLOCATE|[11]|Bytes:63
03:07:54.0 (10747284)|HEAP_ALLOCATE|[11]|Bytes:87
03:07:54.0 (10761781)|ENTERING_MANAGED_PKG|
03:07:54.0 (10776730)|USER_DEBUG|[11]|ERROR|The PermissionSet Name: PermissionSet:{Id=0PS36000000mmndGAA, Name=X00e1a000000MWaOAAW}
03:07:54.0 (10794645)|HEAP_ALLOCATE|[10]|Bytes:5
03:07:54.0 (10818647)|HEAP_ALLOCATE|[10]|Bytes:12
03:07:54.0 (10829957)|VARIABLE_SCOPE_BEGIN|[10]|PSetName|PermissionSet|true|false
03:07:54.0 (10845614)|VARIABLE_ASSIGNMENT|[10]|PSetName|{"s":1,"v":{"Id":"0PS36000000mmneGAA","Name":"X00e1a000000MWaPAAW"}}|0x63c1524d
03:07:54.0 (10851481)|STATEMENT_EXECUTE|[10]
03:07:54.0 (10854539)|STATEMENT_EXECUTE|[11]
03:07:54.0 (10872609)|ENTERING_MANAGED_PKG|
03:07:54.0 (10896731)|HEAP_ALLOCATE|[11]|Bytes:63
03:07:54.0 (10913303)|HEAP_ALLOCATE|[11]|Bytes:87
03:07:54.0 (10927969)|ENTERING_MANAGED_PKG|
03:07:54.0 (10942627)|USER_DEBUG|[11]|ERROR|The PermissionSet Name: PermissionSet:{Id=0PS36000000mmneGAA, Name=X00e1a000000MWaPAAW}
03:07:54.0 (10960060)|HEAP_ALLOCATE|[10]|Bytes:5
03:07:54.0 (10984171)|HEAP_ALLOCATE|[10]|Bytes:12
03:07:54.0 (10995976)|VARIABLE_SCOPE_BEGIN|[10]|PSetName|PermissionSet|true|false
03:07:54.0 (11011760)|VARIABLE_ASSIGNMENT|[10]|PSetName|{"s":1,"v":{"Id":"0PS36000000mmnfGAA","Name":"X00e1a000000MWaQAAW"}}|0x47b12ae5
03:07:54.0 (11018183)|STATEMENT_EXECUTE|[10]
03:07:54.0 (11021081)|STATEMENT_EXECUTE|[11]
03:07:54.0 (11039238)|ENTERING_MANAGED_PKG|
03:07:54.0 (11063479)|HEAP_ALLOCATE|[11]|Bytes:63
03:07:54.0 (11080094)|HEAP_ALLOCATE|[11]|Bytes:87
03:07:54.0 (11094608)|ENTERING_MANAGED_PKG|
03:07:54.0 (11109468)|USER_DEBUG|[11]|ERROR|The PermissionSet Name: PermissionSet:{Id=0PS36000000mmnfGAA, Name=X00e1a000000MWaQAAW}
03:07:54.0 (11127120)|HEAP_ALLOCATE|[10]|Bytes:5
03:07:54.0 (11151233)|HEAP_ALLOCATE|[10]|Bytes:12
03:07:54.0 (11162614)|VARIABLE_SCOPE_BEGIN|[10]|PSetName|PermissionSet|true|false
03:07:54.0 (11178284)|VARIABLE_ASSIGNMENT|[10]|PSetName|{"s":1,"v":{"Id":"0PS36000000mmngGAA","Name":"X00e1a000000MWaRAAW"}}|0x5cb5a28f
03:07:54.0 (11184170)|STATEMENT_EXECUTE|[10]
03:07:54.0 (11187068)|STATEMENT_EXECUTE|[11]
03:07:54.0 (11205180)|ENTERING_MANAGED_PKG|
03:07:54.0 (11229659)|HEAP_ALLOCATE|[11]|Bytes:63
03:07:54.0 (11246127)|HEAP_ALLOCATE|[11]|Bytes:87
03:07:54.0 (11260687)|ENTERING_MANAGED_PKG|
03:07:54.0 (11275645)|USER_DEBUG|[11]|ERROR|The PermissionSet Name: PermissionSet:{Id=0PS36000000mmngGAA, Name=X00e1a000000MWaRAAW}
03:07:54.0 (11293267)|HEAP_ALLOCATE|[10]|Bytes:5
03:07:54.0 (11330108)|HEAP_ALLOCATE|[10]|Bytes:12
03:07:54.0 (11342786)|VARIABLE_SCOPE_BEGIN|[10]|PSetName|PermissionSet|true|false
03:07:54.0 (11358820)|VARIABLE_ASSIGNMENT|[10]|PSetName|{"s":1,"v":{"Id":"0PS36000000mmnhGAA","Name":"X00e1a000000MWaSAAW"}}|0x4363a3a4
03:07:54.0 (11364612)|STATEMENT_EXECUTE|[10]
03:07:54.0 (11367554)|STATEMENT_EXECUTE|[11]
03:07:54.0 (11386310)|ENTERING_MANAGED_PKG|
03:07:54.0 (11410829)|HEAP_ALLOCATE|[11]|Bytes:63
03:07:54.0 (11427796)|HEAP_ALLOCATE|[11]|Bytes:87
03:07:54.0 (11442602)|ENTERING_MANAGED_PKG|
03:07:54.0 (11457470)|USER_DEBUG|[11]|ERROR|The PermissionSet Name: PermissionSet:{Id=0PS36000000mmnhGAA, Name=X00e1a000000MWaSAAW}
03:07:54.0 (11477749)|HEAP_ALLOCATE|[10]|Bytes:5
03:07:54.0 (11502701)|HEAP_ALLOCATE|[10]|Bytes:12
03:07:54.0 (11514179)|VARIABLE_SCOPE_BEGIN|[10]|PSetName|PermissionSet|true|false
03:07:54.0 (11529904)|VARIABLE_ASSIGNMENT|[10]|PSetName|{"s":1,"v":{"Id":"0PS36000000mmniGAA","Name":"X00e1a000000MWaTAAW"}}|0x2a59d2bf
03:07:54.0 (11535712)|STATEMENT_EXECUTE|[10]
03:07:54.0 (11538602)|STATEMENT_EXECUTE|[11]
03:07:54.0 (11556694)|ENTERING_MANAGED_PKG|
03:07:54.0 (11580788)|HEAP_ALLOCATE|[11]|Bytes:63
03:07:54.0 (11597922)|HEAP_ALLOCATE|[11]|Bytes:87
03:07:54.0 (11612527)|ENTERING_MANAGED_PKG|
03:07:54.0 (11627296)|USER_DEBUG|[11]|ERROR|The PermissionSet Name: PermissionSet:{Id=0PS36000000mmniGAA, Name=X00e1a000000MWaTAAW}
03:07:54.0 (11644820)|HEAP_ALLOCATE|[10]|Bytes:5
03:07:54.0 (11669177)|HEAP_ALLOCATE|[10]|Bytes:12
03:07:54.0 (11680684)|VARIABLE_SCOPE_BEGIN|[10]|PSetName|PermissionSet|true|false
03:07:54.0 (11696348)|VARIABLE_ASSIGNMENT|[10]|PSetName|{"s":1,"v":{"Id":"0PS36000000mmnjGAA","Name":"X00e1a000000MWaUAAW"}}|0x64f12313
03:07:54.0 (11702110)|STATEMENT_EXECUTE|[10]
03:07:54.0 (11704940)|STATEMENT_EXECUTE|[11]
03:07:54.0 (11723101)|ENTERING_MANAGED_PKG|
03:07:54.0 (11747371)|HEAP_ALLOCATE|[11]|Bytes:63
03:07:54.0 (11763980)|HEAP_ALLOCATE|[11]|Bytes:87
03:07:54.0 (11778561)|ENTERING_MANAGED_PKG|
03:07:54.0 (11793483)|USER_DEBUG|[11]|ERROR|The PermissionSet Name: PermissionSet:{Id=0PS36000000mmnjGAA, Name=X00e1a000000MWaUAAW}
03:07:54.0 (11811009)|HEAP_ALLOCATE|[10]|Bytes:5
03:07:54.0 (11837581)|HEAP_ALLOCATE|[10]|Bytes:12
03:07:54.0 (11850042)|VARIABLE_SCOPE_BEGIN|[10]|PSetName|PermissionSet|true|false
03:07:54.0 (11865969)|VARIABLE_ASSIGNMENT|[10]|PSetName|{"s":1,"v":{"Id":"0PS36000000mmnlGAA","Name":"X00e1a000000N1LRAA0"}}|0x152144d8
03:07:54.0 (11871748)|STATEMENT_EXECUTE|[10]
03:07:54.0 (11874634)|STATEMENT_EXECUTE|[11]
03:07:54.0 (11893157)|ENTERING_MANAGED_PKG|
03:07:54.0 (11917291)|HEAP_ALLOCATE|[11]|Bytes:63
03:07:54.0 (11933955)|HEAP_ALLOCATE|[11]|Bytes:87
03:07:54.0 (11948583)|ENTERING_MANAGED_PKG|
03:07:54.0 (11963431)|USER_DEBUG|[11]|ERROR|The PermissionSet Name: PermissionSet:{Id=0PS36000000mmnlGAA, Name=X00e1a000000N1LRAA0}
03:07:54.0 (11981052)|HEAP_ALLOCATE|[10]|Bytes:5
03:07:54.0 (12005035)|HEAP_ALLOCATE|[10]|Bytes:12
03:07:54.0 (12017739)|VARIABLE_SCOPE_BEGIN|[10]|PSetName|PermissionSet|true|false
03:07:54.0 (12033519)|VARIABLE_ASSIGNMENT|[10]|PSetName|{"s":1,"v":{"Id":"0PS36000000mmnmGAA","Name":"X00e1a000000N1LSAA0"}}|0x4b81ab5b
03:07:54.0 (12039285)|STATEMENT_EXECUTE|[10]
03:07:54.0 (12042340)|STATEMENT_EXECUTE|[11]
03:07:54.0 (12060601)|ENTERING_MANAGED_PKG|
03:07:54.0 (12084859)|HEAP_ALLOCATE|[11]|Bytes:63
03:07:54.0 (12101697)|HEAP_ALLOCATE|[11]|Bytes:87
03:07:54.0 (12116253)|ENTERING_MANAGED_PKG|
03:07:54.0 (12131034)|USER_DEBUG|[11]|ERROR|The PermissionSet Name: PermissionSet:{Id=0PS36000000mmnmGAA, Name=X00e1a000000N1LSAA0}
03:07:54.0 (12148438)|HEAP_ALLOCATE|[10]|Bytes:5
03:07:54.0 (12172536)|HEAP_ALLOCATE|[10]|Bytes:12
03:07:54.0 (12183886)|VARIABLE_SCOPE_BEGIN|[10]|PSetName|PermissionSet|true|false
03:07:54.0 (12202364)|VARIABLE_ASSIGNMENT|[10]|PSetName|{"s":1,"v":{"Id":"0PS36000000mmnnGAA","Name":"X00e1a000000N1wKAAS"}}|0x2f2944be
03:07:54.0 (12208608)|STATEMENT_EXECUTE|[10]
03:07:54.0 (12211448)|STATEMENT_EXECUTE|[11]
03:07:54.0 (12229739)|ENTERING_MANAGED_PKG|
03:07:54.0 (12254049)|HEAP_ALLOCATE|[11]|Bytes:63
03:07:54.0 (12270703)|HEAP_ALLOCATE|[11]|Bytes:87
03:07:54.0 (12285159)|ENTERING_MANAGED_PKG|
03:07:54.0 (12300003)|USER_DEBUG|[11]|ERROR|The PermissionSet Name: PermissionSet:{Id=0PS36000000mmnnGAA, Name=X00e1a000000N1wKAAS}
03:07:54.0 (12321162)|HEAP_ALLOCATE|[10]|Bytes:5
03:07:54.0 (12345920)|HEAP_ALLOCATE|[10]|Bytes:12
03:07:54.0 (12357449)|VARIABLE_SCOPE_BEGIN|[10]|PSetName|PermissionSet|true|false
03:07:54.0 (12373288)|VARIABLE_ASSIGNMENT|[10]|PSetName|{"s":1,"v":{"Id":"0PS36000000mmnoGAA","Name":"X00e1a000000N1wLAAS"}}|0x42ad13f3
03:07:54.0 (12382545)|STATEMENT_EXECUTE|[10]
03:07:54.0 (12385581)|STATEMENT_EXECUTE|[11]
03:07:54.0 (12404343)|ENTERING_MANAGED_PKG|
03:07:54.0 (12428709)|HEAP_ALLOCATE|[11]|Bytes:63
03:07:54.0 (12445458)|HEAP_ALLOCATE|[11]|Bytes:87
03:07:54.0 (12460030)|ENTERING_MANAGED_PKG|
03:07:54.0 (12474823)|USER_DEBUG|[11]|ERROR|The PermissionSet Name: PermissionSet:{Id=0PS36000000mmnoGAA, Name=X00e1a000000N1wLAAS}
03:07:54.0 (12499560)|HEAP_ALLOCATE|[10]|Bytes:5
03:07:54.0 (12531059)|HEAP_ALLOCATE|[10]|Bytes:12
03:07:54.0 (12543054)|VARIABLE_SCOPE_BEGIN|[10]|PSetName|PermissionSet|true|false
03:07:54.0 (12559202)|VARIABLE_ASSIGNMENT|[10]|PSetName|{"s":1,"v":{"Id":"0PS36000000mmnqGAA","Name":"X00e1a000000MWaAAAW"}}|0x5d3598fa
03:07:54.0 (12565349)|STATEMENT_EXECUTE|[10]
03:07:54.0 (12568232)|STATEMENT_EXECUTE|[11]
03:07:54.0 (12586859)|ENTERING_MANAGED_PKG|
03:07:54.0 (12611086)|HEAP_ALLOCATE|[11]|Bytes:63
03:07:54.0 (12627454)|HEAP_ALLOCATE|[11]|Bytes:87
03:07:54.0 (12642187)|ENTERING_MANAGED_PKG|
03:07:54.0 (12656969)|USER_DEBUG|[11]|ERROR|The PermissionSet Name: PermissionSet:{Id=0PS36000000mmnqGAA, Name=X00e1a000000MWaAAAW}
03:07:54.0 (12674574)|HEAP_ALLOCATE|[10]|Bytes:5
03:07:54.0 (12691145)|VARIABLE_ASSIGNMENT|[10]|PSetName|null|
03:07:54.0 (12697055)|STATEMENT_EXECUTE|[14]
03:07:54.0 (12712432)|SYSTEM_MODE_EXIT|false
03:07:54.12 (12759371)|CUMULATIVE_LIMIT_USAGE
03:07:54.12 (12759371)|LIMIT_USAGE_FOR_NS|(default)|
  Number of SOQL queries: 0 out of 100
  Number of query rows: 0 out of 50000
  Number of SOSL queries: 0 out of 20
  Number of DML statements: 0 out of 150
  Number of DML rows: 0 out of 10000
  Maximum CPU time: 0 out of 10000
  Maximum heap size: 0 out of 6000000
  Number of callouts: 0 out of 100
  Number of Email Invocations: 0 out of 10
  Number of future calls: 0 out of 50
  Number of queueable jobs added to the queue: 0 out of 50
  Number of Mobile Apex push calls: 0 out of 10

03:07:54.12 (12759371)|LIMIT_USAGE_FOR_NS|shiva15testns|
  Number of SOQL queries: 1 out of 100
  Number of query rows: 36 out of 50000
  Number of SOSL queries: 0 out of 20
  Number of DML statements: 0 out of 150
  Number of DML rows: 0 out of 10000
  Maximum CPU time: 0 out of 10000
  Maximum heap size: 0 out of 6000000
  Number of callouts: 0 out of 100
  Number of Email Invocations: 0 out of 10
  Number of future calls: 0 out of 50
  Number of queueable jobs added to the queue: 0 out of 50
  Number of Mobile Apex push calls: 0 out of 10

03:07:54.12 (12759371)|CUMULATIVE_LIMIT_USAGE_END

03:07:54.0 (12838824)|CODE_UNIT_FINISHED|PermissionSetPortalControllers.getAllPermissionSets
03:07:54.0 (15124401)|EXECUTION_FINISHED
