36.0 APEX_CODE,FINEST;APEX_PROFILING,INFO;CALLOUT,INFO;DB,INFO;SYSTEM,DEBUG;VALIDATION,INFO;VISUALFORCE,INFO;WORKFLOW,INFO
02:49:38.0 (489059)|EXECUTION_STARTED
02:49:38.0 (524570)|CODE_UNIT_STARTED|[EXTERNAL]|01p36000005Jpvx|PermissionSetPortalControllers.getAllPermissionSets
02:49:38.0 (1297831)|VARIABLE_SCOPE_BEGIN|[2]|PermissionSetPortalControllers.AllObjectsofOrg|Map<String,Schema.SObjectType>|true|true
02:49:38.0 (1500838)|VARIABLE_SCOPE_BEGIN|[3]|PermissionSetPortalControllers.AllPermissionSets|List<PermissionSet>|true|true
02:49:38.0 (1535822)|VARIABLE_SCOPE_BEGIN|[4]|PermissionSetPortalControllers.inputField|String|false|true
02:49:38.0 (1691064)|HEAP_ALLOCATE|[72]|Bytes:3
02:49:38.0 (1758328)|HEAP_ALLOCATE|[77]|Bytes:152
02:49:38.0 (1776841)|HEAP_ALLOCATE|[342]|Bytes:408
02:49:38.0 (1795081)|HEAP_ALLOCATE|[355]|Bytes:408
02:49:38.0 (1822005)|HEAP_ALLOCATE|[467]|Bytes:48
02:49:38.0 (1876734)|HEAP_ALLOCATE|[139]|Bytes:6
02:49:38.0 (1906808)|HEAP_ALLOCATE|[EXTERNAL]|Bytes:88
02:49:38.0 (1912853)|HEAP_ALLOCATE|[EXTERNAL]|Bytes:3
02:49:38.0 (1916245)|HEAP_ALLOCATE|[EXTERNAL]|Bytes:5
02:49:38.0 (1935589)|METHOD_ENTRY|[1]|01p36000005Jpvx|PermissionSetPortalControllers.PermissionSetPortalControllers()
02:49:38.0 (1940760)|STATEMENT_EXECUTE|[1]
02:49:38.0 (1948004)|STATEMENT_EXECUTE|[1]
02:49:38.0 (1989875)|HEAP_ALLOCATE|[50]|Bytes:5
02:49:38.0 (2025145)|HEAP_ALLOCATE|[56]|Bytes:5
02:49:38.0 (2036290)|HEAP_ALLOCATE|[64]|Bytes:7
02:49:38.0 (2066382)|SYSTEM_MODE_ENTER|false
02:49:38.0 (2086104)|HEAP_ALLOCATE|[EXTERNAL]|Bytes:5
02:49:38.0 (2095248)|SYSTEM_MODE_EXIT|false
02:49:38.0 (2107194)|METHOD_EXIT|[1]|PermissionSetPortalControllers
02:49:38.0 (2116878)|SYSTEM_MODE_ENTER|false
02:49:38.0 (2133371)|HEAP_ALLOCATE|[8]|Bytes:5
02:49:38.0 (2137915)|STATEMENT_EXECUTE|[7]
02:49:38.0 (2140581)|STATEMENT_EXECUTE|[8]
02:49:38.0 (2145596)|HEAP_ALLOCATE|[8]|Bytes:34
02:49:38.0 (2157931)|HEAP_ALLOCATE|[8]|Bytes:4
02:49:38.0 (3585168)|SOQL_EXECUTE_BEGIN|[8]|Aggregations:0|SELECT Id, Name FROM PermissionSet
02:49:38.0 (7470058)|SOQL_EXECUTE_END|[8]|Rows:36
02:49:38.0 (7490161)|HEAP_ALLOCATE|[8]|Bytes:148
02:49:38.0 (7545402)|HEAP_ALLOCATE|[8]|Bytes:2125
02:49:38.0 (7592444)|HEAP_ALLOCATE|[8]|Bytes:148
02:49:38.0 (7656691)|VARIABLE_ASSIGNMENT|[8]|PermissionSetPortalControllers.AllPermissionSets|{"s":1,"v":"List of size 36 too large to display"}|0x613cb330
02:49:38.0 (7778037)|ENTERING_MANAGED_PKG|
02:49:38.0 (7816265)|STATEMENT_EXECUTE|[9]
02:49:38.0 (7835638)|ENTERING_MANAGED_PKG|
02:49:38.0 (8010916)|HEAP_ALLOCATE|[10]|Bytes:5
02:49:38.0 (8058618)|HEAP_ALLOCATE|[10]|Bytes:12
02:49:38.0 (8073767)|VARIABLE_SCOPE_BEGIN|[10]|PSetName|PermissionSet|true|false
02:49:38.0 (8100564)|VARIABLE_ASSIGNMENT|[10]|PSetName|{"s":1,"v":{"Id":"0PS36000000mmnFGAQ","Name":"X00e1a000000MWa8AAG"}}|0x4f3f4ca5
02:49:38.0 (8105427)|STATEMENT_EXECUTE|[10]
02:49:38.0 (8107040)|STATEMENT_EXECUTE|[11]
02:49:38.0 (8258732)|HEAP_ALLOCATE|[11]|Bytes:24
02:49:38.0 (8300742)|ENTERING_MANAGED_PKG|
02:49:38.0 (8364029)|HEAP_ALLOCATE|[11]|Bytes:63
02:49:38.0 (8388639)|HEAP_ALLOCATE|[11]|Bytes:87
02:49:38.0 (8417812)|ENTERING_MANAGED_PKG|
02:49:38.0 (8442447)|USER_DEBUG|[11]|ERROR|The PermissionSet Name: PermissionSet:{Id=0PS36000000mmnFGAQ, Name=X00e1a000000MWa8AAG}
02:49:38.0 (8460122)|HEAP_ALLOCATE|[10]|Bytes:5
02:49:38.0 (8482830)|HEAP_ALLOCATE|[10]|Bytes:12
02:49:38.0 (8491109)|VARIABLE_SCOPE_BEGIN|[10]|PSetName|PermissionSet|true|false
02:49:38.0 (8510760)|VARIABLE_ASSIGNMENT|[10]|PSetName|{"s":1,"v":{"Id":"0PS36000000mmnGGAQ","Name":"X00ex00000018ozl_128 (11 more) ..."}}|0x148caab0
02:49:38.0 (8515014)|STATEMENT_EXECUTE|[10]
02:49:38.0 (8516356)|STATEMENT_EXECUTE|[11]
02:49:38.0 (8538631)|ENTERING_MANAGED_PKG|
02:49:38.0 (8563603)|HEAP_ALLOCATE|[11]|Bytes:75
02:49:38.0 (8578148)|HEAP_ALLOCATE|[11]|Bytes:99
02:49:38.0 (8594990)|ENTERING_MANAGED_PKG|
02:49:38.0 (8608110)|USER_DEBUG|[11]|ERROR|The PermissionSet Name: PermissionSet:{Id=0PS36000000mmnGGAQ, Name=X00ex00000018ozl_128_09_04_12_5}
02:49:38.0 (8624903)|HEAP_ALLOCATE|[10]|Bytes:5
02:49:38.0 (8646369)|HEAP_ALLOCATE|[10]|Bytes:12
02:49:38.0 (8654233)|VARIABLE_SCOPE_BEGIN|[10]|PSetName|PermissionSet|true|false
02:49:38.0 (8674936)|VARIABLE_ASSIGNMENT|[10]|PSetName|{"s":1,"v":{"Id":"0PS36000000mmnHGAQ","Name":"X00ex00000018ozm_128 (11 more) ..."}}|0x34bc4929
02:49:38.0 (8679324)|STATEMENT_EXECUTE|[10]
02:49:38.0 (8680686)|STATEMENT_EXECUTE|[11]
02:49:38.0 (8702303)|ENTERING_MANAGED_PKG|
02:49:38.0 (8726220)|HEAP_ALLOCATE|[11]|Bytes:75
02:49:38.0 (8740278)|HEAP_ALLOCATE|[11]|Bytes:99
02:49:38.0 (8756136)|ENTERING_MANAGED_PKG|
02:49:38.0 (8768745)|USER_DEBUG|[11]|ERROR|The PermissionSet Name: PermissionSet:{Id=0PS36000000mmnHGAQ, Name=X00ex00000018ozm_128_09_04_12_6}
02:49:38.0 (8785435)|HEAP_ALLOCATE|[10]|Bytes:5
02:49:38.0 (8806370)|HEAP_ALLOCATE|[10]|Bytes:12
02:49:38.0 (8813922)|VARIABLE_SCOPE_BEGIN|[10]|PSetName|PermissionSet|true|false
02:49:38.0 (8830459)|VARIABLE_ASSIGNMENT|[10]|PSetName|{"s":1,"v":{"Id":"0PS36000000mmnIGAQ","Name":"X00ex00000018ozk_128 (11 more) ..."}}|0x2feb3731
02:49:38.0 (8834292)|STATEMENT_EXECUTE|[10]
02:49:38.0 (8835650)|STATEMENT_EXECUTE|[11]
02:49:38.0 (8855816)|ENTERING_MANAGED_PKG|
02:49:38.0 (8879011)|HEAP_ALLOCATE|[11]|Bytes:75
02:49:38.0 (8892837)|HEAP_ALLOCATE|[11]|Bytes:99
02:49:38.0 (8909498)|ENTERING_MANAGED_PKG|
02:49:38.0 (8923324)|USER_DEBUG|[11]|ERROR|The PermissionSet Name: PermissionSet:{Id=0PS36000000mmnIGAQ, Name=X00ex00000018ozk_128_09_04_12_4}
02:49:38.0 (8939923)|HEAP_ALLOCATE|[10]|Bytes:5
02:49:38.0 (8960547)|HEAP_ALLOCATE|[10]|Bytes:12
02:49:38.0 (8967871)|VARIABLE_SCOPE_BEGIN|[10]|PSetName|PermissionSet|true|false
02:49:38.0 (8983656)|VARIABLE_ASSIGNMENT|[10]|PSetName|{"s":1,"v":{"Id":"0PS36000000mmnJGAQ","Name":"X00ex00000018ozj_128 (11 more) ..."}}|0x1a041c0d
02:49:38.0 (8987542)|STATEMENT_EXECUTE|[10]
02:49:38.0 (8988823)|STATEMENT_EXECUTE|[11]
02:49:38.0 (9008648)|ENTERING_MANAGED_PKG|
02:49:38.0 (9032474)|HEAP_ALLOCATE|[11]|Bytes:75
02:49:38.0 (9046164)|HEAP_ALLOCATE|[11]|Bytes:99
02:49:38.0 (9066099)|ENTERING_MANAGED_PKG|
02:49:38.0 (9078645)|USER_DEBUG|[11]|ERROR|The PermissionSet Name: PermissionSet:{Id=0PS36000000mmnJGAQ, Name=X00ex00000018ozj_128_09_04_12_3}
02:49:38.0 (9094734)|HEAP_ALLOCATE|[10]|Bytes:5
02:49:38.0 (9115443)|HEAP_ALLOCATE|[10]|Bytes:12
02:49:38.0 (9122666)|VARIABLE_SCOPE_BEGIN|[10]|PSetName|PermissionSet|true|false
02:49:38.0 (9138729)|VARIABLE_ASSIGNMENT|[10]|PSetName|{"s":1,"v":{"Id":"0PS36000000mmnKGAQ","Name":"X00ex00000018ozo_128 (11 more) ..."}}|0x6bacecd7
02:49:38.0 (9142245)|STATEMENT_EXECUTE|[10]
02:49:38.0 (9143513)|STATEMENT_EXECUTE|[11]
02:49:38.0 (9163445)|ENTERING_MANAGED_PKG|
02:49:38.0 (9186419)|HEAP_ALLOCATE|[11]|Bytes:75
02:49:38.0 (9200136)|HEAP_ALLOCATE|[11]|Bytes:99
02:49:38.0 (9215249)|ENTERING_MANAGED_PKG|
02:49:38.0 (9227455)|USER_DEBUG|[11]|ERROR|The PermissionSet Name: PermissionSet:{Id=0PS36000000mmnKGAQ, Name=X00ex00000018ozo_128_09_04_12_8}
02:49:38.0 (9247941)|HEAP_ALLOCATE|[10]|Bytes:5
02:49:38.0 (9268879)|HEAP_ALLOCATE|[10]|Bytes:12
02:49:38.0 (9276137)|VARIABLE_SCOPE_BEGIN|[10]|PSetName|PermissionSet|true|false
02:49:38.0 (9291957)|VARIABLE_ASSIGNMENT|[10]|PSetName|{"s":1,"v":{"Id":"0PS36000000mmnLGAQ","Name":"X00ex00000018ozh_128 (11 more) ..."}}|0x3d0f158a
02:49:38.0 (9295377)|STATEMENT_EXECUTE|[10]
02:49:38.0 (9296638)|STATEMENT_EXECUTE|[11]
02:49:38.0 (9316558)|ENTERING_MANAGED_PKG|
02:49:38.0 (9339450)|HEAP_ALLOCATE|[11]|Bytes:75
02:49:38.0 (9352867)|HEAP_ALLOCATE|[11]|Bytes:99
02:49:38.0 (9367916)|ENTERING_MANAGED_PKG|
02:49:38.0 (9380224)|USER_DEBUG|[11]|ERROR|The PermissionSet Name: PermissionSet:{Id=0PS36000000mmnLGAQ, Name=X00ex00000018ozh_128_09_04_12_1}
02:49:38.0 (9395931)|HEAP_ALLOCATE|[10]|Bytes:5
02:49:38.0 (9416916)|HEAP_ALLOCATE|[10]|Bytes:12
02:49:38.0 (9424148)|VARIABLE_SCOPE_BEGIN|[10]|PSetName|PermissionSet|true|false
02:49:38.0 (9439955)|VARIABLE_ASSIGNMENT|[10]|PSetName|{"s":1,"v":{"Id":"0PS36000000mmnMGAQ","Name":"X00ex00000018ozq_128 (12 more) ..."}}|0x4babffa5
02:49:38.0 (9443599)|STATEMENT_EXECUTE|[10]
02:49:38.0 (9444856)|STATEMENT_EXECUTE|[11]
02:49:38.0 (9464789)|ENTERING_MANAGED_PKG|
02:49:38.0 (9487589)|HEAP_ALLOCATE|[11]|Bytes:76
02:49:38.0 (9501110)|HEAP_ALLOCATE|[11]|Bytes:100
02:49:38.0 (9516390)|ENTERING_MANAGED_PKG|
02:49:38.0 (9528654)|USER_DEBUG|[11]|ERROR|The PermissionSet Name: PermissionSet:{Id=0PS36000000mmnMGAQ, Name=X00ex00000018ozq_128_09_04_12_10}
02:49:38.0 (9544739)|HEAP_ALLOCATE|[10]|Bytes:5
02:49:38.0 (9565320)|HEAP_ALLOCATE|[10]|Bytes:12
02:49:38.0 (9572495)|VARIABLE_SCOPE_BEGIN|[10]|PSetName|PermissionSet|true|false
02:49:38.0 (9588220)|VARIABLE_ASSIGNMENT|[10]|PSetName|{"s":1,"v":{"Id":"0PS36000000mmnNGAQ","Name":"X00ex00000018ozp_128 (11 more) ..."}}|0x717576a9
02:49:38.0 (9591861)|STATEMENT_EXECUTE|[10]
02:49:38.0 (9593113)|STATEMENT_EXECUTE|[11]
02:49:38.0 (9612795)|ENTERING_MANAGED_PKG|
02:49:38.0 (9635596)|HEAP_ALLOCATE|[11]|Bytes:75
02:49:38.0 (9648825)|HEAP_ALLOCATE|[11]|Bytes:99
02:49:38.0 (9663790)|ENTERING_MANAGED_PKG|
02:49:38.0 (9675908)|USER_DEBUG|[11]|ERROR|The PermissionSet Name: PermissionSet:{Id=0PS36000000mmnNGAQ, Name=X00ex00000018ozp_128_09_04_12_9}
02:49:38.0 (9691530)|HEAP_ALLOCATE|[10]|Bytes:5
02:49:38.0 (9711834)|HEAP_ALLOCATE|[10]|Bytes:12
02:49:38.0 (9719025)|VARIABLE_SCOPE_BEGIN|[10]|PSetName|PermissionSet|true|false
02:49:38.0 (9734910)|VARIABLE_ASSIGNMENT|[10]|PSetName|{"s":1,"v":{"Id":"0PS36000000mmnOGAQ","Name":"X00ex00000018ozn_128 (11 more) ..."}}|0x7db3f604
02:49:38.0 (9738471)|STATEMENT_EXECUTE|[10]
02:49:38.0 (9739706)|STATEMENT_EXECUTE|[11]
02:49:38.0 (9759515)|ENTERING_MANAGED_PKG|
02:49:38.0 (9782438)|HEAP_ALLOCATE|[11]|Bytes:75
02:49:38.0 (9802159)|HEAP_ALLOCATE|[11]|Bytes:99
02:49:38.0 (9821375)|ENTERING_MANAGED_PKG|
02:49:38.0 (9833945)|USER_DEBUG|[11]|ERROR|The PermissionSet Name: PermissionSet:{Id=0PS36000000mmnOGAQ, Name=X00ex00000018ozn_128_09_04_12_7}
02:49:38.0 (9849841)|HEAP_ALLOCATE|[10]|Bytes:5
02:49:38.0 (9870466)|HEAP_ALLOCATE|[10]|Bytes:12
02:49:38.0 (9877592)|VARIABLE_SCOPE_BEGIN|[10]|PSetName|PermissionSet|true|false
02:49:38.0 (9892737)|VARIABLE_ASSIGNMENT|[10]|PSetName|{"s":1,"v":{"Id":"0PS36000000mmnPGAQ","Name":"X00e1a000000MWa9AAG"}}|0x38550f7d
02:49:38.0 (9896279)|STATEMENT_EXECUTE|[10]
02:49:38.0 (9897537)|STATEMENT_EXECUTE|[11]
02:49:38.0 (9917174)|ENTERING_MANAGED_PKG|
02:49:38.0 (9940075)|HEAP_ALLOCATE|[11]|Bytes:63
02:49:38.0 (9953931)|HEAP_ALLOCATE|[11]|Bytes:87
02:49:38.0 (9968933)|ENTERING_MANAGED_PKG|
02:49:38.0 (9981228)|USER_DEBUG|[11]|ERROR|The PermissionSet Name: PermissionSet:{Id=0PS36000000mmnPGAQ, Name=X00e1a000000MWa9AAG}
02:49:38.0 (9997086)|HEAP_ALLOCATE|[10]|Bytes:5
02:49:38.0 (10017548)|HEAP_ALLOCATE|[10]|Bytes:12
02:49:38.0 (10025842)|VARIABLE_SCOPE_BEGIN|[10]|PSetName|PermissionSet|true|false
02:49:38.0 (10041369)|VARIABLE_ASSIGNMENT|[10]|PSetName|{"s":1,"v":{"Id":"0PS36000000mmnQGAQ","Name":"X00e1a000000MWaBAAW"}}|0x2c979905
02:49:38.0 (10044913)|STATEMENT_EXECUTE|[10]
02:49:38.0 (10046294)|STATEMENT_EXECUTE|[11]
02:49:38.0 (10070127)|ENTERING_MANAGED_PKG|
02:49:38.0 (10093490)|HEAP_ALLOCATE|[11]|Bytes:63
02:49:38.0 (10107421)|HEAP_ALLOCATE|[11]|Bytes:87
02:49:38.0 (10122289)|ENTERING_MANAGED_PKG|
02:49:38.0 (10134517)|USER_DEBUG|[11]|ERROR|The PermissionSet Name: PermissionSet:{Id=0PS36000000mmnQGAQ, Name=X00e1a000000MWaBAAW}
02:49:38.0 (10150100)|HEAP_ALLOCATE|[10]|Bytes:5
02:49:38.0 (10170542)|HEAP_ALLOCATE|[10]|Bytes:12
02:49:38.0 (10177723)|VARIABLE_SCOPE_BEGIN|[10]|PSetName|PermissionSet|true|false
02:49:38.0 (10192880)|VARIABLE_ASSIGNMENT|[10]|PSetName|{"s":1,"v":{"Id":"0PS36000000mmnRGAQ","Name":"X00e1a000000MWaCAAW"}}|0x760d6200
02:49:38.0 (10196378)|STATEMENT_EXECUTE|[10]
02:49:38.0 (10197689)|STATEMENT_EXECUTE|[11]
02:49:38.0 (10217093)|ENTERING_MANAGED_PKG|
02:49:38.0 (10239802)|HEAP_ALLOCATE|[11]|Bytes:63
02:49:38.0 (10253648)|HEAP_ALLOCATE|[11]|Bytes:87
02:49:38.0 (10268399)|ENTERING_MANAGED_PKG|
02:49:38.0 (10280344)|USER_DEBUG|[11]|ERROR|The PermissionSet Name: PermissionSet:{Id=0PS36000000mmnRGAQ, Name=X00e1a000000MWaCAAW}
02:49:38.0 (10295778)|HEAP_ALLOCATE|[10]|Bytes:5
02:49:38.0 (10315977)|HEAP_ALLOCATE|[10]|Bytes:12
02:49:38.0 (10323183)|VARIABLE_SCOPE_BEGIN|[10]|PSetName|PermissionSet|true|false
02:49:38.0 (10338167)|VARIABLE_ASSIGNMENT|[10]|PSetName|{"s":1,"v":{"Id":"0PS36000000mmnSGAQ","Name":"X00e1a000000MWaDAAW"}}|0x146cb913
02:49:38.0 (10341758)|STATEMENT_EXECUTE|[10]
02:49:38.0 (10342971)|STATEMENT_EXECUTE|[11]
02:49:38.0 (10362365)|ENTERING_MANAGED_PKG|
02:49:38.0 (10388138)|HEAP_ALLOCATE|[11]|Bytes:63
02:49:38.0 (10402081)|HEAP_ALLOCATE|[11]|Bytes:87
02:49:38.0 (10417063)|ENTERING_MANAGED_PKG|
02:49:38.0 (10429093)|USER_DEBUG|[11]|ERROR|The PermissionSet Name: PermissionSet:{Id=0PS36000000mmnSGAQ, Name=X00e1a000000MWaDAAW}
02:49:38.0 (10444451)|HEAP_ALLOCATE|[10]|Bytes:5
02:49:38.0 (10465090)|HEAP_ALLOCATE|[10]|Bytes:12
02:49:38.0 (10472289)|VARIABLE_SCOPE_BEGIN|[10]|PSetName|PermissionSet|true|false
02:49:38.0 (10487214)|VARIABLE_ASSIGNMENT|[10]|PSetName|{"s":1,"v":{"Id":"0PS36000000mmnTGAQ","Name":"X00e1a000000MWaEAAW"}}|0x4527204
02:49:38.0 (10490785)|STATEMENT_EXECUTE|[10]
02:49:38.0 (10492005)|STATEMENT_EXECUTE|[11]
02:49:38.0 (10511592)|ENTERING_MANAGED_PKG|
02:49:38.0 (10534468)|HEAP_ALLOCATE|[11]|Bytes:63
02:49:38.0 (10548068)|HEAP_ALLOCATE|[11]|Bytes:87
02:49:38.0 (10562968)|ENTERING_MANAGED_PKG|
02:49:38.0 (10575139)|USER_DEBUG|[11]|ERROR|The PermissionSet Name: PermissionSet:{Id=0PS36000000mmnTGAQ, Name=X00e1a000000MWaEAAW}
02:49:38.0 (10590658)|HEAP_ALLOCATE|[10]|Bytes:5
02:49:38.0 (10611015)|HEAP_ALLOCATE|[10]|Bytes:12
02:49:38.0 (10618193)|VARIABLE_SCOPE_BEGIN|[10]|PSetName|PermissionSet|true|false
02:49:38.0 (10633261)|VARIABLE_ASSIGNMENT|[10]|PSetName|{"s":1,"v":{"Id":"0PS36000000mmnUGAQ","Name":"X00e1a000000MWaFAAW"}}|0x149d9c3a
02:49:38.0 (10636689)|STATEMENT_EXECUTE|[10]
02:49:38.0 (10638186)|STATEMENT_EXECUTE|[11]
02:49:38.0 (10657902)|ENTERING_MANAGED_PKG|
02:49:38.0 (10680637)|HEAP_ALLOCATE|[11]|Bytes:63
02:49:38.0 (10694174)|HEAP_ALLOCATE|[11]|Bytes:87
02:49:38.0 (10708849)|ENTERING_MANAGED_PKG|
02:49:38.0 (10720937)|USER_DEBUG|[11]|ERROR|The PermissionSet Name: PermissionSet:{Id=0PS36000000mmnUGAQ, Name=X00e1a000000MWaFAAW}
02:49:38.0 (10736546)|HEAP_ALLOCATE|[10]|Bytes:5
02:49:38.0 (10757070)|HEAP_ALLOCATE|[10]|Bytes:12
02:49:38.0 (10764332)|VARIABLE_SCOPE_BEGIN|[10]|PSetName|PermissionSet|true|false
02:49:38.0 (10779226)|VARIABLE_ASSIGNMENT|[10]|PSetName|{"s":1,"v":{"Id":"0PS36000000mmnVGAQ","Name":"X00e1a000000MWaGAAW"}}|0x99df1cb
02:49:38.0 (10782552)|STATEMENT_EXECUTE|[10]
02:49:38.0 (10783839)|STATEMENT_EXECUTE|[11]
02:49:38.0 (10803488)|ENTERING_MANAGED_PKG|
02:49:38.0 (10829552)|HEAP_ALLOCATE|[11]|Bytes:63
02:49:38.0 (10843458)|HEAP_ALLOCATE|[11]|Bytes:87
02:49:38.0 (10858702)|ENTERING_MANAGED_PKG|
02:49:38.0 (10870943)|USER_DEBUG|[11]|ERROR|The PermissionSet Name: PermissionSet:{Id=0PS36000000mmnVGAQ, Name=X00e1a000000MWaGAAW}
02:49:38.0 (10886357)|HEAP_ALLOCATE|[10]|Bytes:5
02:49:38.0 (10906978)|HEAP_ALLOCATE|[10]|Bytes:12
02:49:38.0 (10914116)|VARIABLE_SCOPE_BEGIN|[10]|PSetName|PermissionSet|true|false
02:49:38.0 (10928933)|VARIABLE_ASSIGNMENT|[10]|PSetName|{"s":1,"v":{"Id":"0PS36000000mmnWGAQ","Name":"X00e1a000000MWaHAAW"}}|0x784865ca
02:49:38.0 (10932392)|STATEMENT_EXECUTE|[10]
02:49:38.0 (10933721)|STATEMENT_EXECUTE|[11]
02:49:38.0 (10956802)|ENTERING_MANAGED_PKG|
02:49:38.0 (10979591)|HEAP_ALLOCATE|[11]|Bytes:63
02:49:38.0 (10993123)|HEAP_ALLOCATE|[11]|Bytes:87
02:49:38.0 (11007935)|ENTERING_MANAGED_PKG|
02:49:38.0 (11021001)|USER_DEBUG|[11]|ERROR|The PermissionSet Name: PermissionSet:{Id=0PS36000000mmnWGAQ, Name=X00e1a000000MWaHAAW}
02:49:38.0 (11036956)|HEAP_ALLOCATE|[10]|Bytes:5
02:49:38.0 (11061954)|HEAP_ALLOCATE|[10]|Bytes:12
02:49:38.0 (11069709)|VARIABLE_SCOPE_BEGIN|[10]|PSetName|PermissionSet|true|false
02:49:38.0 (11084786)|VARIABLE_ASSIGNMENT|[10]|PSetName|{"s":1,"v":{"Id":"0PS36000000mmnXGAQ","Name":"X00e1a000000MWaIAAW"}}|0x6f1dea95
02:49:38.0 (11088392)|STATEMENT_EXECUTE|[10]
02:49:38.0 (11089657)|STATEMENT_EXECUTE|[11]
02:49:38.0 (11109626)|ENTERING_MANAGED_PKG|
02:49:38.0 (11132555)|HEAP_ALLOCATE|[11]|Bytes:63
02:49:38.0 (11146206)|HEAP_ALLOCATE|[11]|Bytes:87
02:49:38.0 (11161243)|ENTERING_MANAGED_PKG|
02:49:38.0 (11173404)|USER_DEBUG|[11]|ERROR|The PermissionSet Name: PermissionSet:{Id=0PS36000000mmnXGAQ, Name=X00e1a000000MWaIAAW}
02:49:38.0 (11188887)|HEAP_ALLOCATE|[10]|Bytes:5
02:49:38.0 (11209506)|HEAP_ALLOCATE|[10]|Bytes:12
02:49:38.0 (11216729)|VARIABLE_SCOPE_BEGIN|[10]|PSetName|PermissionSet|true|false
02:49:38.0 (11231533)|VARIABLE_ASSIGNMENT|[10]|PSetName|{"s":1,"v":{"Id":"0PS36000000mmnYGAQ","Name":"X00e1a000000MWaJAAW"}}|0x1719d700
02:49:38.0 (11234995)|STATEMENT_EXECUTE|[10]
02:49:38.0 (11236209)|STATEMENT_EXECUTE|[11]
02:49:38.0 (11255962)|ENTERING_MANAGED_PKG|
02:49:38.0 (11278453)|HEAP_ALLOCATE|[11]|Bytes:63
02:49:38.0 (11292342)|HEAP_ALLOCATE|[11]|Bytes:87
02:49:38.0 (11307324)|ENTERING_MANAGED_PKG|
02:49:38.0 (11319250)|USER_DEBUG|[11]|ERROR|The PermissionSet Name: PermissionSet:{Id=0PS36000000mmnYGAQ, Name=X00e1a000000MWaJAAW}
02:49:38.0 (11334796)|HEAP_ALLOCATE|[10]|Bytes:5
02:49:38.0 (11355096)|HEAP_ALLOCATE|[10]|Bytes:12
02:49:38.0 (11362296)|VARIABLE_SCOPE_BEGIN|[10]|PSetName|PermissionSet|true|false
02:49:38.0 (11376938)|VARIABLE_ASSIGNMENT|[10]|PSetName|{"s":1,"v":{"Id":"0PS36000000mmnZGAQ","Name":"X00e1a000000MWaKAAW"}}|0x716c6f81
02:49:38.0 (11380205)|STATEMENT_EXECUTE|[10]
02:49:38.0 (11381413)|STATEMENT_EXECUTE|[11]
02:49:38.0 (11400999)|ENTERING_MANAGED_PKG|
02:49:38.0 (11423486)|HEAP_ALLOCATE|[11]|Bytes:63
02:49:38.0 (11436996)|HEAP_ALLOCATE|[11]|Bytes:87
02:49:38.0 (11451859)|ENTERING_MANAGED_PKG|
02:49:38.0 (11464005)|USER_DEBUG|[11]|ERROR|The PermissionSet Name: PermissionSet:{Id=0PS36000000mmnZGAQ, Name=X00e1a000000MWaKAAW}
02:49:38.0 (11479507)|HEAP_ALLOCATE|[10]|Bytes:5
02:49:38.0 (11499918)|HEAP_ALLOCATE|[10]|Bytes:12
02:49:38.0 (11507380)|VARIABLE_SCOPE_BEGIN|[10]|PSetName|PermissionSet|true|false
02:49:38.0 (11522203)|VARIABLE_ASSIGNMENT|[10]|PSetName|{"s":1,"v":{"Id":"0PS36000000mmnaGAA","Name":"X00e1a000000MWaLAAW"}}|0x4ab13253
02:49:38.0 (11530588)|STATEMENT_EXECUTE|[10]
02:49:38.0 (11531878)|STATEMENT_EXECUTE|[11]
02:49:38.0 (11551913)|ENTERING_MANAGED_PKG|
02:49:38.0 (11574758)|HEAP_ALLOCATE|[11]|Bytes:63
02:49:38.0 (11588482)|HEAP_ALLOCATE|[11]|Bytes:87
02:49:38.0 (11603392)|ENTERING_MANAGED_PKG|
02:49:38.0 (11615763)|USER_DEBUG|[11]|ERROR|The PermissionSet Name: PermissionSet:{Id=0PS36000000mmnaGAA, Name=X00e1a000000MWaLAAW}
02:49:38.0 (11631171)|HEAP_ALLOCATE|[10]|Bytes:5
02:49:38.0 (11651600)|HEAP_ALLOCATE|[10]|Bytes:12
02:49:38.0 (11658862)|VARIABLE_SCOPE_BEGIN|[10]|PSetName|PermissionSet|true|false
02:49:38.0 (11673934)|VARIABLE_ASSIGNMENT|[10]|PSetName|{"s":1,"v":{"Id":"0PS36000000mmnbGAA","Name":"X00e1a000000MWaMAAW"}}|0x4a7820d2
02:49:38.0 (11677313)|STATEMENT_EXECUTE|[10]
02:49:38.0 (11678489)|STATEMENT_EXECUTE|[11]
02:49:38.0 (11698418)|ENTERING_MANAGED_PKG|
02:49:38.0 (11721059)|HEAP_ALLOCATE|[11]|Bytes:63
02:49:38.0 (11734279)|HEAP_ALLOCATE|[11]|Bytes:87
02:49:38.0 (11749034)|ENTERING_MANAGED_PKG|
02:49:38.0 (11761177)|USER_DEBUG|[11]|ERROR|The PermissionSet Name: PermissionSet:{Id=0PS36000000mmnbGAA, Name=X00e1a000000MWaMAAW}
02:49:38.0 (11776540)|HEAP_ALLOCATE|[10]|Bytes:5
02:49:38.0 (11796864)|HEAP_ALLOCATE|[10]|Bytes:12
02:49:38.0 (11804002)|VARIABLE_SCOPE_BEGIN|[10]|PSetName|PermissionSet|true|false
02:49:38.0 (11818985)|VARIABLE_ASSIGNMENT|[10]|PSetName|{"s":1,"v":{"Id":"0PS36000000mmncGAA","Name":"X00e1a000000MWaNAAW"}}|0x13005f4a
02:49:38.0 (11822306)|STATEMENT_EXECUTE|[10]
02:49:38.0 (11823567)|STATEMENT_EXECUTE|[11]
02:49:38.0 (11843093)|ENTERING_MANAGED_PKG|
02:49:38.0 (11865797)|HEAP_ALLOCATE|[11]|Bytes:63
02:49:38.0 (11879351)|HEAP_ALLOCATE|[11]|Bytes:87
02:49:38.0 (11894243)|ENTERING_MANAGED_PKG|
02:49:38.0 (11906454)|USER_DEBUG|[11]|ERROR|The PermissionSet Name: PermissionSet:{Id=0PS36000000mmncGAA, Name=X00e1a000000MWaNAAW}
02:49:38.0 (11922372)|HEAP_ALLOCATE|[10]|Bytes:5
02:49:38.0 (11942872)|HEAP_ALLOCATE|[10]|Bytes:12
02:49:38.0 (11950043)|VARIABLE_SCOPE_BEGIN|[10]|PSetName|PermissionSet|true|false
02:49:38.0 (11964963)|VARIABLE_ASSIGNMENT|[10]|PSetName|{"s":1,"v":{"Id":"0PS36000000mmndGAA","Name":"X00e1a000000MWaOAAW"}}|0x1023acc
02:49:38.0 (11968480)|STATEMENT_EXECUTE|[10]
02:49:38.0 (11969666)|STATEMENT_EXECUTE|[11]
02:49:38.0 (11989243)|ENTERING_MANAGED_PKG|
02:49:38.0 (12011967)|HEAP_ALLOCATE|[11]|Bytes:63
02:49:38.0 (12026363)|HEAP_ALLOCATE|[11]|Bytes:87
02:49:38.0 (12041267)|ENTERING_MANAGED_PKG|
02:49:38.0 (12053369)|USER_DEBUG|[11]|ERROR|The PermissionSet Name: PermissionSet:{Id=0PS36000000mmndGAA, Name=X00e1a000000MWaOAAW}
02:49:38.0 (12072864)|HEAP_ALLOCATE|[10]|Bytes:5
02:49:38.0 (12093574)|HEAP_ALLOCATE|[10]|Bytes:12
02:49:38.0 (12100765)|VARIABLE_SCOPE_BEGIN|[10]|PSetName|PermissionSet|true|false
02:49:38.0 (12118862)|VARIABLE_ASSIGNMENT|[10]|PSetName|{"s":1,"v":{"Id":"0PS36000000mmneGAA","Name":"X00e1a000000MWaPAAW"}}|0x4262a315
02:49:38.0 (12122778)|STATEMENT_EXECUTE|[10]
02:49:38.0 (12123996)|STATEMENT_EXECUTE|[11]
02:49:38.0 (12143968)|ENTERING_MANAGED_PKG|
02:49:38.0 (12166753)|HEAP_ALLOCATE|[11]|Bytes:63
02:49:38.0 (12180387)|HEAP_ALLOCATE|[11]|Bytes:87
02:49:38.0 (12195437)|ENTERING_MANAGED_PKG|
02:49:38.0 (12207543)|USER_DEBUG|[11]|ERROR|The PermissionSet Name: PermissionSet:{Id=0PS36000000mmneGAA, Name=X00e1a000000MWaPAAW}
02:49:38.0 (12223146)|HEAP_ALLOCATE|[10]|Bytes:5
02:49:38.0 (12243360)|HEAP_ALLOCATE|[10]|Bytes:12
02:49:38.0 (12250836)|VARIABLE_SCOPE_BEGIN|[10]|PSetName|PermissionSet|true|false
02:49:38.0 (12265709)|VARIABLE_ASSIGNMENT|[10]|PSetName|{"s":1,"v":{"Id":"0PS36000000mmnfGAA","Name":"X00e1a000000MWaQAAW"}}|0x4997753b
02:49:38.0 (12269019)|STATEMENT_EXECUTE|[10]
02:49:38.0 (12270223)|STATEMENT_EXECUTE|[11]
02:49:38.0 (12289693)|ENTERING_MANAGED_PKG|
02:49:38.0 (12312499)|HEAP_ALLOCATE|[11]|Bytes:63
02:49:38.0 (12326025)|HEAP_ALLOCATE|[11]|Bytes:87
02:49:38.0 (12341441)|ENTERING_MANAGED_PKG|
02:49:38.0 (12353589)|USER_DEBUG|[11]|ERROR|The PermissionSet Name: PermissionSet:{Id=0PS36000000mmnfGAA, Name=X00e1a000000MWaQAAW}
02:49:38.0 (12368919)|HEAP_ALLOCATE|[10]|Bytes:5
02:49:38.0 (12389237)|HEAP_ALLOCATE|[10]|Bytes:12
02:49:38.0 (12396508)|VARIABLE_SCOPE_BEGIN|[10]|PSetName|PermissionSet|true|false
02:49:38.0 (12411224)|VARIABLE_ASSIGNMENT|[10]|PSetName|{"s":1,"v":{"Id":"0PS36000000mmngGAA","Name":"X00e1a000000MWaRAAW"}}|0x58fc894c
02:49:38.0 (12414472)|STATEMENT_EXECUTE|[10]
02:49:38.0 (12415654)|STATEMENT_EXECUTE|[11]
02:49:38.0 (12435237)|ENTERING_MANAGED_PKG|
02:49:38.0 (12457779)|HEAP_ALLOCATE|[11]|Bytes:63
02:49:38.0 (12471114)|HEAP_ALLOCATE|[11]|Bytes:87
02:49:38.0 (12486284)|ENTERING_MANAGED_PKG|
02:49:38.0 (12498398)|USER_DEBUG|[11]|ERROR|The PermissionSet Name: PermissionSet:{Id=0PS36000000mmngGAA, Name=X00e1a000000MWaRAAW}
02:49:38.0 (12513820)|HEAP_ALLOCATE|[10]|Bytes:5
02:49:38.0 (12534042)|HEAP_ALLOCATE|[10]|Bytes:12
02:49:38.0 (12541845)|VARIABLE_SCOPE_BEGIN|[10]|PSetName|PermissionSet|true|false
02:49:38.0 (12556965)|VARIABLE_ASSIGNMENT|[10]|PSetName|{"s":1,"v":{"Id":"0PS36000000mmnhGAA","Name":"X00e1a000000MWaSAAW"}}|0x48b81cc5
02:49:38.0 (12560426)|STATEMENT_EXECUTE|[10]
02:49:38.0 (12561615)|STATEMENT_EXECUTE|[11]
02:49:38.0 (12581199)|ENTERING_MANAGED_PKG|
02:49:38.0 (12603877)|HEAP_ALLOCATE|[11]|Bytes:63
02:49:38.0 (12617443)|HEAP_ALLOCATE|[11]|Bytes:87
02:49:38.0 (12632598)|ENTERING_MANAGED_PKG|
02:49:38.0 (12644648)|USER_DEBUG|[11]|ERROR|The PermissionSet Name: PermissionSet:{Id=0PS36000000mmnhGAA, Name=X00e1a000000MWaSAAW}
02:49:38.0 (12659849)|HEAP_ALLOCATE|[10]|Bytes:5
02:49:38.0 (12680155)|HEAP_ALLOCATE|[10]|Bytes:12
02:49:38.0 (12690314)|VARIABLE_SCOPE_BEGIN|[10]|PSetName|PermissionSet|true|false
02:49:38.0 (12705287)|VARIABLE_ASSIGNMENT|[10]|PSetName|{"s":1,"v":{"Id":"0PS36000000mmniGAA","Name":"X00e1a000000MWaTAAW"}}|0x1f1564cc
02:49:38.0 (12708719)|STATEMENT_EXECUTE|[10]
02:49:38.0 (12709941)|STATEMENT_EXECUTE|[11]
02:49:38.0 (12730108)|ENTERING_MANAGED_PKG|
02:49:38.0 (12753035)|HEAP_ALLOCATE|[11]|Bytes:63
02:49:38.0 (12766504)|HEAP_ALLOCATE|[11]|Bytes:87
02:49:38.0 (12781782)|ENTERING_MANAGED_PKG|
02:49:38.0 (12793804)|USER_DEBUG|[11]|ERROR|The PermissionSet Name: PermissionSet:{Id=0PS36000000mmniGAA, Name=X00e1a000000MWaTAAW}
02:49:38.0 (12809092)|HEAP_ALLOCATE|[10]|Bytes:5
02:49:38.0 (12829352)|HEAP_ALLOCATE|[10]|Bytes:12
02:49:38.0 (12836645)|VARIABLE_SCOPE_BEGIN|[10]|PSetName|PermissionSet|true|false
02:49:38.0 (12851519)|VARIABLE_ASSIGNMENT|[10]|PSetName|{"s":1,"v":{"Id":"0PS36000000mmnjGAA","Name":"X00e1a000000MWaUAAW"}}|0x6dd9e4b8
02:49:38.0 (12854927)|STATEMENT_EXECUTE|[10]
02:49:38.0 (12856126)|STATEMENT_EXECUTE|[11]
02:49:38.0 (12875755)|ENTERING_MANAGED_PKG|
02:49:38.0 (12898549)|HEAP_ALLOCATE|[11]|Bytes:63
02:49:38.0 (12912007)|HEAP_ALLOCATE|[11]|Bytes:87
02:49:38.0 (12926974)|ENTERING_MANAGED_PKG|
02:49:38.0 (12938993)|USER_DEBUG|[11]|ERROR|The PermissionSet Name: PermissionSet:{Id=0PS36000000mmnjGAA, Name=X00e1a000000MWaUAAW}
02:49:38.0 (12954749)|HEAP_ALLOCATE|[10]|Bytes:5
02:49:38.0 (12974894)|HEAP_ALLOCATE|[10]|Bytes:12
02:49:38.0 (12982075)|VARIABLE_SCOPE_BEGIN|[10]|PSetName|PermissionSet|true|false
02:49:38.0 (12997082)|VARIABLE_ASSIGNMENT|[10]|PSetName|{"s":1,"v":{"Id":"0PS36000000mmnlGAA","Name":"X00e1a000000N1LRAA0"}}|0x5153b6a6
02:49:38.0 (13000418)|STATEMENT_EXECUTE|[10]
02:49:38.0 (13002321)|STATEMENT_EXECUTE|[11]
02:49:38.0 (13021933)|ENTERING_MANAGED_PKG|
02:49:38.0 (13044754)|HEAP_ALLOCATE|[11]|Bytes:63
02:49:38.0 (13061723)|HEAP_ALLOCATE|[11]|Bytes:87
02:49:38.0 (13077522)|ENTERING_MANAGED_PKG|
02:49:38.0 (13089582)|USER_DEBUG|[11]|ERROR|The PermissionSet Name: PermissionSet:{Id=0PS36000000mmnlGAA, Name=X00e1a000000N1LRAA0}
02:49:38.0 (13105110)|HEAP_ALLOCATE|[10]|Bytes:5
02:49:38.0 (13125497)|HEAP_ALLOCATE|[10]|Bytes:12
02:49:38.0 (13132574)|VARIABLE_SCOPE_BEGIN|[10]|PSetName|PermissionSet|true|false
02:49:38.0 (13147504)|VARIABLE_ASSIGNMENT|[10]|PSetName|{"s":1,"v":{"Id":"0PS36000000mmnmGAA","Name":"X00e1a000000N1LSAA0"}}|0x5985d67d
02:49:38.0 (13151054)|STATEMENT_EXECUTE|[10]
02:49:38.0 (13152275)|STATEMENT_EXECUTE|[11]
02:49:38.0 (13171814)|ENTERING_MANAGED_PKG|
02:49:38.0 (13194536)|HEAP_ALLOCATE|[11]|Bytes:63
02:49:38.0 (13207898)|HEAP_ALLOCATE|[11]|Bytes:87
02:49:38.0 (13222916)|ENTERING_MANAGED_PKG|
02:49:38.0 (13235033)|USER_DEBUG|[11]|ERROR|The PermissionSet Name: PermissionSet:{Id=0PS36000000mmnmGAA, Name=X00e1a000000N1LSAA0}
02:49:38.0 (13250369)|HEAP_ALLOCATE|[10]|Bytes:5
02:49:38.0 (13274286)|HEAP_ALLOCATE|[10]|Bytes:12
02:49:38.0 (13281941)|VARIABLE_SCOPE_BEGIN|[10]|PSetName|PermissionSet|true|false
02:49:38.0 (13297302)|VARIABLE_ASSIGNMENT|[10]|PSetName|{"s":1,"v":{"Id":"0PS36000000mmnnGAA","Name":"X00e1a000000N1wKAAS"}}|0x6d82fa85
02:49:38.0 (13300717)|STATEMENT_EXECUTE|[10]
02:49:38.0 (13301915)|STATEMENT_EXECUTE|[11]
02:49:38.0 (13321692)|ENTERING_MANAGED_PKG|
02:49:38.0 (13344569)|HEAP_ALLOCATE|[11]|Bytes:63
02:49:38.0 (13358490)|HEAP_ALLOCATE|[11]|Bytes:87
02:49:38.0 (13373271)|ENTERING_MANAGED_PKG|
02:49:38.0 (13385903)|USER_DEBUG|[11]|ERROR|The PermissionSet Name: PermissionSet:{Id=0PS36000000mmnnGAA, Name=X00e1a000000N1wKAAS}
02:49:38.0 (13401430)|HEAP_ALLOCATE|[10]|Bytes:5
02:49:38.0 (13421736)|HEAP_ALLOCATE|[10]|Bytes:12
02:49:38.0 (13429008)|VARIABLE_SCOPE_BEGIN|[10]|PSetName|PermissionSet|true|false
02:49:38.0 (13443945)|VARIABLE_ASSIGNMENT|[10]|PSetName|{"s":1,"v":{"Id":"0PS36000000mmnoGAA","Name":"X00e1a000000N1wLAAS"}}|0x4fdc3fa9
02:49:38.0 (13447582)|STATEMENT_EXECUTE|[10]
02:49:38.0 (13448801)|STATEMENT_EXECUTE|[11]
02:49:38.0 (13468279)|ENTERING_MANAGED_PKG|
02:49:38.0 (13490966)|HEAP_ALLOCATE|[11]|Bytes:63
02:49:38.0 (13504535)|HEAP_ALLOCATE|[11]|Bytes:87
02:49:38.0 (13519621)|ENTERING_MANAGED_PKG|
02:49:38.0 (13531580)|USER_DEBUG|[11]|ERROR|The PermissionSet Name: PermissionSet:{Id=0PS36000000mmnoGAA, Name=X00e1a000000N1wLAAS}
02:49:38.0 (13547062)|HEAP_ALLOCATE|[10]|Bytes:5
02:49:38.0 (13567515)|HEAP_ALLOCATE|[10]|Bytes:12
02:49:38.0 (13574676)|VARIABLE_SCOPE_BEGIN|[10]|PSetName|PermissionSet|true|false
02:49:38.0 (13589827)|VARIABLE_ASSIGNMENT|[10]|PSetName|{"s":1,"v":{"Id":"0PS36000000mmnqGAA","Name":"X00e1a000000MWaAAAW"}}|0x3f65672
02:49:38.0 (13593214)|STATEMENT_EXECUTE|[10]
02:49:38.0 (13594430)|STATEMENT_EXECUTE|[11]
02:49:38.0 (13614209)|ENTERING_MANAGED_PKG|
02:49:38.0 (13636968)|HEAP_ALLOCATE|[11]|Bytes:63
02:49:38.0 (13650342)|HEAP_ALLOCATE|[11]|Bytes:87
02:49:38.0 (13665318)|ENTERING_MANAGED_PKG|
02:49:38.0 (13677530)|USER_DEBUG|[11]|ERROR|The PermissionSet Name: PermissionSet:{Id=0PS36000000mmnqGAA, Name=X00e1a000000MWaAAAW}
02:49:38.0 (13692993)|HEAP_ALLOCATE|[10]|Bytes:5
02:49:38.0 (13705869)|VARIABLE_ASSIGNMENT|[10]|PSetName|null|
02:49:38.0 (13708978)|STATEMENT_EXECUTE|[14]
02:49:38.0 (13722490)|SYSTEM_MODE_EXIT|false
02:49:38.13 (13759778)|CUMULATIVE_LIMIT_USAGE
02:49:38.13 (13759778)|LIMIT_USAGE_FOR_NS|(default)|
  Number of SOQL queries: 0 out of 100
  Number of query rows: 0 out of 50000
  Number of SOSL queries: 0 out of 20
  Number of DML statements: 0 out of 150
  Number of DML rows: 0 out of 10000
  Maximum CPU time: 0 out of 10000
  Maximum heap size: 0 out of 6000000
  Number of callouts: 0 out of 100
  Number of Email Invocations: 0 out of 10
  Number of future calls: 0 out of 50
  Number of queueable jobs added to the queue: 0 out of 50
  Number of Mobile Apex push calls: 0 out of 10

02:49:38.13 (13759778)|LIMIT_USAGE_FOR_NS|shiva15testns|
  Number of SOQL queries: 1 out of 100
  Number of query rows: 36 out of 50000
  Number of SOSL queries: 0 out of 20
  Number of DML statements: 0 out of 150
  Number of DML rows: 0 out of 10000
  Maximum CPU time: 0 out of 10000
  Maximum heap size: 0 out of 6000000
  Number of callouts: 0 out of 100
  Number of Email Invocations: 0 out of 10
  Number of future calls: 0 out of 50
  Number of queueable jobs added to the queue: 0 out of 50
  Number of Mobile Apex push calls: 0 out of 10

02:49:38.13 (13759778)|CUMULATIVE_LIMIT_USAGE_END

02:49:38.0 (13815384)|CODE_UNIT_FINISHED|PermissionSetPortalControllers.getAllPermissionSets
02:49:38.0 (17111338)|EXECUTION_FINISHED
