36.0 APEX_CODE,FINEST;APEX_PROFILING,INFO;CALLOUT,INFO;DB,INFO;SYSTEM,DEBUG;VALIDATION,INFO;VISUALFORCE,INFO;WORKFLOW,INFO
20:22:04.1 (1269500)|HEAP_ALLOCATE|[72]|Bytes:3
20:22:04.1 (1388959)|HEAP_ALLOCATE|[77]|Bytes:152
20:22:04.1 (1418541)|HEAP_ALLOCATE|[342]|Bytes:408
20:22:04.1 (1448156)|HEAP_ALLOCATE|[355]|Bytes:408
20:22:04.1 (1475533)|HEAP_ALLOCATE|[467]|Bytes:48
20:22:04.4 (4584299)|STATEMENT_EXECUTE|[1]
20:22:04.4 (4640947)|HEAP_ALLOCATE|[50]|Bytes:5
20:22:04.4 (4688023)|HEAP_ALLOCATE|[56]|Bytes:5
20:22:04.4 (4705264)|HEAP_ALLOCATE|[64]|Bytes:7
20:22:04.4 (4742884)|SYSTEM_MODE_ENTER|false
20:22:04.4 (4766276)|HEAP_ALLOCATE|[9]|Bytes:5
20:22:04.4 (4773524)|STATEMENT_EXECUTE|[9]
20:22:04.4 (4784966)|HEAP_ALLOCATE|[9]|Bytes:4
20:22:04.4 (4819197)|ENTERING_MANAGED_PKG|
20:22:04.4 (4962446)|VARIABLE_ASSIGNMENT|[9]|PermissionSetPortalControllers.contactsField|{"s":1,"v":[]}|0x3687bbd7
20:22:04.4 (4970326)|STATEMENT_EXECUTE|[10]
20:22:04.4 (4978703)|HEAP_ALLOCATE|[10]|Bytes:4
20:22:04.4 (4999282)|ENTERING_MANAGED_PKG|
20:22:04.4 (5052778)|VARIABLE_ASSIGNMENT|[10]|PermissionSetPortalControllers.accountField|{"s":1,"v":[]}|0x7ba41d7e
20:22:04.4 (5060778)|STATEMENT_EXECUTE|[950]
20:22:04.4 (5064003)|STATEMENT_EXECUTE|[979]
20:22:04.4 (5066165)|STATEMENT_EXECUTE|[1007]
20:22:04.4 (5068936)|STATEMENT_EXECUTE|[1036]
20:22:04.4 (5071268)|STATEMENT_EXECUTE|[1052]
20:22:04.4 (5073058)|STATEMENT_EXECUTE|[1069]
20:22:04.4 (5075173)|STATEMENT_EXECUTE|[1080]
20:22:04.4 (5077237)|STATEMENT_EXECUTE|[1085]
20:22:04.4 (5087174)|SYSTEM_MODE_EXIT|false
20:22:04.4 (5100088)|METHOD_EXIT|[1]|PermissionSetPortalControllers
20:22:04.4 (5108827)|HEAP_ALLOCATE|[EXTERNAL]|Bytes:25
20:22:04.4 (5113611)|HEAP_ALLOCATE|[EXTERNAL]|Bytes:18
20:22:04.4 (5121176)|SYSTEM_MODE_ENTER|false
20:22:04.4 (5138445)|VARIABLE_SCOPE_BEGIN|[403]|selectedObject|String|false|false
20:22:04.4 (5155251)|VARIABLE_ASSIGNMENT|[403]|selectedObject|"shiva15testns__expen (5 more) ..."
20:22:04.4 (5164357)|VARIABLE_SCOPE_BEGIN|[403]|selectedPSet|String|false|false
20:22:04.4 (5172911)|VARIABLE_ASSIGNMENT|[403]|selectedPSet|"0PS36000000q71PGAQ"
20:22:04.4 (5194713)|HEAP_ALLOCATE|[404]|Bytes:5
20:22:04.4 (5201376)|STATEMENT_EXECUTE|[403]
20:22:04.4 (5204310)|STATEMENT_EXECUTE|[404]
20:22:04.4 (5207115)|STATEMENT_EXECUTE|[404]
20:22:04.4 (5209724)|STATEMENT_EXECUTE|[405]
20:22:04.4 (5219876)|HEAP_ALLOCATE|[405]|Bytes:4
20:22:04.4 (5340684)|ENTERING_MANAGED_PKG|
20:22:04.4 (5368896)|VARIABLE_SCOPE_BEGIN|[405]|listOfFieldsForSorting|List<shiva15testns.PermissionSetPortalControllers.FieldDetailsClass>|true|false
20:22:04.4 (5408813)|HEAP_ALLOCATE|[EXTERNAL]|Bytes:4
20:22:04.4 (5427679)|VARIABLE_ASSIGNMENT|[405]|listOfFieldsForSorting|{"s":1,"v":[]}|0x26b1702b
20:22:04.4 (5433547)|STATEMENT_EXECUTE|[406]
20:22:04.4 (5469577)|ENTERING_MANAGED_PKG|
20:22:04.4 (42427229)|HEAP_ALLOCATE|[406]|Bytes:1420
20:22:04.4 (42472003)|VARIABLE_SCOPE_BEGIN|[406]|schemaMap|Map<String,Schema.SObjectType>|true|false
20:22:04.4 (42708191)|VARIABLE_ASSIGNMENT|[406]|schemaMap|"{acceptedeventrelation=AcceptedEventRelation, account=Account, accountcleaninfo=AccountCleanInfo, accountcontactrole=AccountContactRole, accountfeed=AccountFeed, accounthistory=AccountHistory, accountpartner=AccountPartner, accountshare=AccountShare, actionlinkgrouptemplate=ActionLinkGroupTemplate, actionlinktemplate=ActionLinkTemplate, ...}"|0x2de33e29
20:22:04.4 (42718774)|STATEMENT_EXECUTE|[407]
20:22:04.4 (42739564)|HEAP_ALLOCATE|[407]|Bytes:4
20:22:04.4 (42765472)|ENTERING_MANAGED_PKG|
20:22:04.4 (42810297)|VARIABLE_SCOPE_BEGIN|[407]|individualObjectAllFieldsList|List<shiva15testns.PermissionSetPortalControllers.FieldDetailsClass>|true|false
20:22:04.4 (42831677)|HEAP_ALLOCATE|[EXTERNAL]|Bytes:4
20:22:04.4 (42853983)|VARIABLE_ASSIGNMENT|[407]|individualObjectAllFieldsList|{"s":1,"v":[]}|0x76778906
20:22:04.4 (42857254)|STATEMENT_EXECUTE|[408]
20:22:04.4 (42922320)|VARIABLE_SCOPE_BEGIN|[408]|fieldClassObj|shiva15testns.PermissionSetPortalControllers.FieldDetailsClass|true|false
20:22:04.4 (42931738)|VARIABLE_ASSIGNMENT|[408]|fieldClassObj|null|
20:22:04.4 (42955275)|ENTERING_MANAGED_PKG|
20:22:04.4 (42999381)|STATEMENT_EXECUTE|[413]
20:22:04.4 (43001703)|STATEMENT_EXECUTE|[415]
20:22:04.4 (43015007)|ENTERING_MANAGED_PKG|
20:22:04.4 (43419917)|HEAP_ALLOCATE|[415]|Bytes:4
20:22:04.4 (44473310)|HEAP_ALLOCATE|[415]|Bytes:64
20:22:04.4 (44487272)|VARIABLE_SCOPE_BEGIN|[415]|IndividiaulfieldMap|Map<String,Schema.SObjectField>|true|false
20:22:04.4 (44639075)|VARIABLE_ASSIGNMENT|[415]|IndividiaulfieldMap|"{createdbyid=CreatedById, createddate=CreatedDate, id=Id, isdeleted=IsDeleted, lastmodifiedbyid=LastModifiedById, lastmodifieddate=LastModifiedDate, lastreferenceddate=LastReferencedDate, lastvieweddate=LastViewedDate, name=Name, ownerid=OwnerId, ...}"|0x7b8e18d3
20:22:04.4 (44660817)|ENTERING_MANAGED_PKG|
20:22:04.4 (44685753)|STATEMENT_EXECUTE|[417]
20:22:04.4 (44688312)|STATEMENT_EXECUTE|[419]
20:22:04.4 (44709185)|METHOD_ENTRY|[419]|01p36000005Jpvx|shiva15testns.PermissionSetPortalControllers.addSystemLevelFields()
20:22:04.4 (44745373)|HEAP_ALLOCATE|[89]|Bytes:5
20:22:04.4 (44750268)|STATEMENT_EXECUTE|[88]
20:22:04.4 (44751994)|STATEMENT_EXECUTE|[89]
20:22:04.4 (44759184)|HEAP_ALLOCATE|[89]|Bytes:4
20:22:04.4 (44772655)|ENTERING_MANAGED_PKG|
20:22:04.4 (44801713)|VARIABLE_SCOPE_BEGIN|[89]|fieldsWhichCannotBeAccessible|Set<String>|true|false
20:22:04.4 (44826547)|VARIABLE_ASSIGNMENT|[89]|fieldsWhichCannotBeAccessible|{"s":1,"v":[]}|0x42fe4fb3
20:22:04.4 (44830616)|STATEMENT_EXECUTE|[90]
20:22:04.4 (44837403)|HEAP_ALLOCATE|[90]|Bytes:2
20:22:04.4 (44856901)|ENTERING_MANAGED_PKG|
20:22:04.4 (44879005)|HEAP_ALLOCATE|[EXTERNAL]|Bytes:4
20:22:04.4 (44887818)|STATEMENT_EXECUTE|[91]
20:22:04.4 (44891901)|HEAP_ALLOCATE|[91]|Bytes:9
20:22:04.4 (44902948)|ENTERING_MANAGED_PKG|
20:22:04.4 (44918468)|HEAP_ALLOCATE|[EXTERNAL]|Bytes:4
20:22:04.4 (44925804)|STATEMENT_EXECUTE|[92]
20:22:04.4 (44929740)|HEAP_ALLOCATE|[92]|Bytes:11
20:22:04.4 (44939957)|ENTERING_MANAGED_PKG|
20:22:04.4 (44954110)|HEAP_ALLOCATE|[EXTERNAL]|Bytes:4
20:22:04.4 (44961055)|STATEMENT_EXECUTE|[93]
20:22:04.4 (44964997)|HEAP_ALLOCATE|[93]|Bytes:11
20:22:04.4 (44975247)|ENTERING_MANAGED_PKG|
20:22:04.4 (44989383)|HEAP_ALLOCATE|[EXTERNAL]|Bytes:4
20:22:04.4 (44996186)|STATEMENT_EXECUTE|[94]
20:22:04.4 (45000031)|HEAP_ALLOCATE|[94]|Bytes:16
20:22:04.4 (45011353)|ENTERING_MANAGED_PKG|
20:22:04.4 (45025313)|HEAP_ALLOCATE|[EXTERNAL]|Bytes:4
20:22:04.4 (45032424)|STATEMENT_EXECUTE|[95]
20:22:04.4 (45035832)|HEAP_ALLOCATE|[95]|Bytes:16
20:22:04.4 (45046007)|ENTERING_MANAGED_PKG|
20:22:04.4 (45059748)|HEAP_ALLOCATE|[EXTERNAL]|Bytes:4
20:22:04.4 (45066359)|STATEMENT_EXECUTE|[96]
20:22:04.4 (45069665)|HEAP_ALLOCATE|[96]|Bytes:14
20:22:04.4 (45079471)|ENTERING_MANAGED_PKG|
20:22:04.4 (45093110)|HEAP_ALLOCATE|[EXTERNAL]|Bytes:4
20:22:04.4 (45099905)|STATEMENT_EXECUTE|[97]
20:22:04.4 (45110644)|METHOD_EXIT|[419]|01p36000005Jpvx|shiva15testns.PermissionSetPortalControllers.addSystemLevelFields()
20:22:04.4 (45116090)|VARIABLE_SCOPE_BEGIN|[419]|systemFields|Set<String>|true|false
20:22:04.4 (45131612)|VARIABLE_ASSIGNMENT|[419]|systemFields|{"s":1,"v":"List of size 7 too large to display"}|0x42fe4fb3
20:22:04.4 (45134847)|STATEMENT_EXECUTE|[420]
20:22:04.4 (45147074)|METHOD_ENTRY|[420]|01p36000005Jpvx|shiva15testns.PermissionSetPortalControllers.addFieldWhichAreNotAccessibile()
20:22:04.4 (45177549)|HEAP_ALLOCATE|[102]|Bytes:5
20:22:04.4 (45182572)|STATEMENT_EXECUTE|[100]
20:22:04.4 (45184078)|STATEMENT_EXECUTE|[102]
20:22:04.4 (45195013)|HEAP_ALLOCATE|[102]|Bytes:10
20:22:04.4 (45208431)|ENTERING_MANAGED_PKG|
20:22:04.4 (45225566)|HEAP_ALLOCATE|[EXTERNAL]|Bytes:4
20:22:04.4 (45233552)|STATEMENT_EXECUTE|[103]
20:22:04.4 (45239622)|HEAP_ALLOCATE|[103]|Bytes:12
20:22:04.4 (45250355)|ENTERING_MANAGED_PKG|
20:22:04.4 (45264960)|HEAP_ALLOCATE|[EXTERNAL]|Bytes:4
20:22:04.4 (45272073)|STATEMENT_EXECUTE|[104]
20:22:04.4 (45277519)|HEAP_ALLOCATE|[104]|Bytes:11
20:22:04.4 (45288097)|ENTERING_MANAGED_PKG|
20:22:04.4 (45302120)|HEAP_ALLOCATE|[EXTERNAL]|Bytes:4
20:22:04.4 (45308936)|STATEMENT_EXECUTE|[105]
20:22:04.4 (45314158)|HEAP_ALLOCATE|[105]|Bytes:13
20:22:04.4 (45324283)|ENTERING_MANAGED_PKG|
20:22:04.4 (45338405)|HEAP_ALLOCATE|[EXTERNAL]|Bytes:4
20:22:04.4 (45345231)|STATEMENT_EXECUTE|[106]
20:22:04.4 (45350520)|HEAP_ALLOCATE|[106]|Bytes:9
20:22:04.4 (45361201)|ENTERING_MANAGED_PKG|
20:22:04.4 (45375051)|HEAP_ALLOCATE|[EXTERNAL]|Bytes:4
20:22:04.4 (45381960)|STATEMENT_EXECUTE|[107]
20:22:04.4 (45387131)|HEAP_ALLOCATE|[107]|Bytes:11
20:22:04.4 (45399992)|ENTERING_MANAGED_PKG|
20:22:04.4 (45415241)|HEAP_ALLOCATE|[EXTERNAL]|Bytes:4
20:22:04.4 (45422217)|STATEMENT_EXECUTE|[108]
20:22:04.4 (45427567)|HEAP_ALLOCATE|[108]|Bytes:15
20:22:04.4 (45438639)|ENTERING_MANAGED_PKG|
20:22:04.4 (45452882)|HEAP_ALLOCATE|[EXTERNAL]|Bytes:4
20:22:04.4 (45459680)|STATEMENT_EXECUTE|[109]
20:22:04.4 (45465228)|HEAP_ALLOCATE|[109]|Bytes:17
20:22:04.4 (45475588)|ENTERING_MANAGED_PKG|
20:22:04.4 (45489270)|HEAP_ALLOCATE|[EXTERNAL]|Bytes:4
20:22:04.4 (45496059)|STATEMENT_EXECUTE|[110]
20:22:04.4 (45501318)|HEAP_ALLOCATE|[110]|Bytes:12
20:22:04.4 (45511343)|ENTERING_MANAGED_PKG|
20:22:04.4 (45525006)|HEAP_ALLOCATE|[EXTERNAL]|Bytes:4
20:22:04.4 (45531919)|STATEMENT_EXECUTE|[111]
20:22:04.4 (45537070)|HEAP_ALLOCATE|[111]|Bytes:14
20:22:04.4 (45547653)|ENTERING_MANAGED_PKG|
20:22:04.4 (45561543)|HEAP_ALLOCATE|[EXTERNAL]|Bytes:4
20:22:04.4 (45568368)|STATEMENT_EXECUTE|[112]
20:22:04.4 (45574561)|HEAP_ALLOCATE|[112]|Bytes:13
20:22:04.4 (45585204)|ENTERING_MANAGED_PKG|
20:22:04.4 (45599198)|HEAP_ALLOCATE|[EXTERNAL]|Bytes:4
20:22:04.4 (45606022)|STATEMENT_EXECUTE|[113]
20:22:04.4 (45611961)|HEAP_ALLOCATE|[113]|Bytes:15
20:22:04.4 (45623082)|ENTERING_MANAGED_PKG|
20:22:04.4 (45637154)|HEAP_ALLOCATE|[EXTERNAL]|Bytes:4
20:22:04.4 (45644095)|STATEMENT_EXECUTE|[114]
20:22:04.4 (45649962)|HEAP_ALLOCATE|[114]|Bytes:14
20:22:04.4 (45660618)|ENTERING_MANAGED_PKG|
20:22:04.4 (45674582)|HEAP_ALLOCATE|[EXTERNAL]|Bytes:4
20:22:04.4 (45682107)|STATEMENT_EXECUTE|[115]
20:22:04.4 (45688201)|HEAP_ALLOCATE|[115]|Bytes:16
20:22:04.4 (45699301)|ENTERING_MANAGED_PKG|
20:22:04.4 (45713447)|HEAP_ALLOCATE|[EXTERNAL]|Bytes:4
20:22:04.4 (45720237)|STATEMENT_EXECUTE|[116]
20:22:04.4 (45726070)|HEAP_ALLOCATE|[116]|Bytes:20
20:22:04.4 (45736734)|ENTERING_MANAGED_PKG|
20:22:04.4 (45750939)|HEAP_ALLOCATE|[EXTERNAL]|Bytes:4
20:22:04.4 (45757821)|STATEMENT_EXECUTE|[117]
20:22:04.4 (45763860)|HEAP_ALLOCATE|[117]|Bytes:22
20:22:04.4 (45774442)|ENTERING_MANAGED_PKG|
20:22:04.4 (45788403)|HEAP_ALLOCATE|[EXTERNAL]|Bytes:4
20:22:04.4 (45801190)|STATEMENT_EXECUTE|[118]
20:22:04.4 (45807622)|HEAP_ALLOCATE|[118]|Bytes:10
20:22:04.4 (45818963)|ENTERING_MANAGED_PKG|
20:22:04.4 (45834614)|HEAP_ALLOCATE|[EXTERNAL]|Bytes:4
20:22:04.4 (45841655)|STATEMENT_EXECUTE|[121]
20:22:04.4 (45848810)|HEAP_ALLOCATE|[121]|Bytes:3
20:22:04.4 (45859833)|ENTERING_MANAGED_PKG|
20:22:04.4 (45874124)|HEAP_ALLOCATE|[EXTERNAL]|Bytes:4
20:22:04.4 (45881165)|STATEMENT_EXECUTE|[122]
20:22:04.4 (45886347)|HEAP_ALLOCATE|[122]|Bytes:4
20:22:04.4 (45896574)|ENTERING_MANAGED_PKG|
20:22:04.4 (45910551)|HEAP_ALLOCATE|[EXTERNAL]|Bytes:4
20:22:04.4 (45917426)|STATEMENT_EXECUTE|[123]
20:22:04.4 (45922965)|HEAP_ALLOCATE|[123]|Bytes:11
20:22:04.4 (45933386)|ENTERING_MANAGED_PKG|
20:22:04.4 (45947408)|HEAP_ALLOCATE|[EXTERNAL]|Bytes:4
20:22:04.4 (45954169)|STATEMENT_EXECUTE|[124]
20:22:04.4 (45959620)|HEAP_ALLOCATE|[124]|Bytes:5
20:22:04.4 (45969849)|ENTERING_MANAGED_PKG|
20:22:04.4 (45983868)|HEAP_ALLOCATE|[EXTERNAL]|Bytes:4
20:22:04.4 (45990797)|STATEMENT_EXECUTE|[125]
20:22:04.4 (45996546)|HEAP_ALLOCATE|[125]|Bytes:6
20:22:04.4 (46006935)|ENTERING_MANAGED_PKG|
20:22:04.4 (46022305)|HEAP_ALLOCATE|[EXTERNAL]|Bytes:4
20:22:04.4 (46029471)|STATEMENT_EXECUTE|[126]
20:22:04.4 (46035599)|HEAP_ALLOCATE|[126]|Bytes:11
20:22:04.4 (46046584)|ENTERING_MANAGED_PKG|
20:22:04.4 (46060839)|HEAP_ALLOCATE|[EXTERNAL]|Bytes:4
20:22:04.4 (46067738)|STATEMENT_EXECUTE|[127]
20:22:04.4 (46073675)|HEAP_ALLOCATE|[127]|Bytes:14
20:22:04.4 (46084088)|ENTERING_MANAGED_PKG|
20:22:04.4 (46098241)|HEAP_ALLOCATE|[EXTERNAL]|Bytes:4
20:22:04.4 (46105118)|STATEMENT_EXECUTE|[128]
20:22:04.4 (46110888)|HEAP_ALLOCATE|[128]|Bytes:22
20:22:04.4 (46121238)|ENTERING_MANAGED_PKG|
20:22:04.4 (46135480)|HEAP_ALLOCATE|[EXTERNAL]|Bytes:4
20:22:04.4 (46142211)|STATEMENT_EXECUTE|[129]
20:22:04.4 (46147812)|HEAP_ALLOCATE|[129]|Bytes:15
20:22:04.4 (46158052)|ENTERING_MANAGED_PKG|
20:22:04.4 (46171982)|HEAP_ALLOCATE|[EXTERNAL]|Bytes:4
20:22:04.4 (46178801)|STATEMENT_EXECUTE|[130]
20:22:04.4 (46184073)|HEAP_ALLOCATE|[130]|Bytes:16
20:22:04.4 (46195879)|ENTERING_MANAGED_PKG|
20:22:04.4 (46209993)|HEAP_ALLOCATE|[EXTERNAL]|Bytes:4
20:22:04.4 (46216731)|STATEMENT_EXECUTE|[131]
20:22:04.4 (46223318)|HEAP_ALLOCATE|[131]|Bytes:12
20:22:04.4 (46233704)|ENTERING_MANAGED_PKG|
20:22:04.4 (46247846)|HEAP_ALLOCATE|[EXTERNAL]|Bytes:4
20:22:04.4 (46254855)|STATEMENT_EXECUTE|[132]
20:22:04.4 (46260878)|HEAP_ALLOCATE|[132]|Bytes:13
20:22:04.4 (46271312)|ENTERING_MANAGED_PKG|
20:22:04.4 (46285354)|HEAP_ALLOCATE|[EXTERNAL]|Bytes:4
20:22:04.4 (46292381)|STATEMENT_EXECUTE|[133]
20:22:04.4 (46298160)|HEAP_ALLOCATE|[133]|Bytes:17
20:22:04.4 (46308776)|ENTERING_MANAGED_PKG|
20:22:04.4 (46324502)|HEAP_ALLOCATE|[EXTERNAL]|Bytes:4
20:22:04.4 (46332101)|STATEMENT_EXECUTE|[134]
20:22:04.4 (46341604)|HEAP_ALLOCATE|[134]|Bytes:14
20:22:04.4 (46353434)|ENTERING_MANAGED_PKG|
20:22:04.4 (46368505)|HEAP_ALLOCATE|[EXTERNAL]|Bytes:4
20:22:04.4 (46375608)|STATEMENT_EXECUTE|[135]
20:22:04.4 (46381496)|HEAP_ALLOCATE|[135]|Bytes:12
20:22:04.4 (46391827)|ENTERING_MANAGED_PKG|
20:22:04.4 (46405937)|HEAP_ALLOCATE|[EXTERNAL]|Bytes:4
20:22:04.4 (46412795)|STATEMENT_EXECUTE|[136]
20:22:04.4 (46418707)|HEAP_ALLOCATE|[136]|Bytes:13
20:22:04.4 (46429411)|ENTERING_MANAGED_PKG|
20:22:04.4 (46443361)|HEAP_ALLOCATE|[EXTERNAL]|Bytes:4
20:22:04.4 (46450288)|STATEMENT_EXECUTE|[137]
20:22:04.4 (46456195)|HEAP_ALLOCATE|[137]|Bytes:18
20:22:04.4 (46466874)|ENTERING_MANAGED_PKG|
20:22:04.4 (46481043)|HEAP_ALLOCATE|[EXTERNAL]|Bytes:4
20:22:04.4 (46487991)|STATEMENT_EXECUTE|[138]
20:22:04.4 (46493827)|HEAP_ALLOCATE|[138]|Bytes:15
20:22:04.4 (46504288)|ENTERING_MANAGED_PKG|
20:22:04.4 (46518570)|HEAP_ALLOCATE|[EXTERNAL]|Bytes:4
20:22:04.4 (46525315)|STATEMENT_EXECUTE|[139]
20:22:04.4 (46531311)|HEAP_ALLOCATE|[139]|Bytes:16
20:22:04.4 (46541746)|ENTERING_MANAGED_PKG|
20:22:04.4 (46555901)|HEAP_ALLOCATE|[EXTERNAL]|Bytes:4
20:22:04.4 (46562710)|STATEMENT_EXECUTE|[140]
20:22:04.4 (46568461)|HEAP_ALLOCATE|[140]|Bytes:17
20:22:04.4 (46578812)|ENTERING_MANAGED_PKG|
20:22:04.4 (46592806)|HEAP_ALLOCATE|[EXTERNAL]|Bytes:4
20:22:04.4 (46599833)|STATEMENT_EXECUTE|[141]
20:22:04.4 (46605733)|HEAP_ALLOCATE|[141]|Bytes:23
20:22:04.4 (46616229)|ENTERING_MANAGED_PKG|
20:22:04.4 (46630804)|HEAP_ALLOCATE|[EXTERNAL]|Bytes:4
20:22:04.4 (46644363)|METHOD_EXIT|[420]|01p36000005Jpvx|shiva15testns.PermissionSetPortalControllers.addFieldWhichAreNotAccessibile()
20:22:04.4 (46656955)|HEAP_ALLOCATE|[421]|Bytes:4
20:22:04.4 (46674869)|ENTERING_MANAGED_PKG|
20:22:04.4 (46700520)|ENTERING_MANAGED_PKG|
20:22:04.4 (46746956)|HEAP_ALLOCATE|[421]|Bytes:4
20:22:04.4 (46868686)|HEAP_ALLOCATE|[421]|Bytes:64
20:22:04.4 (46889592)|ENTERING_MANAGED_PKG|
20:22:04.4 (46920834)|HEAP_ALLOCATE|[421]|Bytes:284
20:22:04.4 (46939752)|ENTERING_MANAGED_PKG|
20:22:04.4 (46948691)|HEAP_ALLOCATE|[421]|Bytes:60
20:22:04.4 (46959851)|ENTERING_MANAGED_PKG|
20:22:04.4 (47056743)|HEAP_ALLOCATE|[421]|Bytes:5
20:22:04.4 (47080617)|VARIABLE_SCOPE_BEGIN|[421]|sfield|String|false|false
20:22:04.4 (47089565)|VARIABLE_ASSIGNMENT|[421]|sfield|"id"
20:22:04.4 (47092857)|STATEMENT_EXECUTE|[421]
20:22:04.4 (47105185)|ENTERING_MANAGED_PKG|
20:22:04.4 (47642187)|HEAP_ALLOCATE|[423]|Bytes:8
20:22:04.4 (47668495)|STATEMENT_EXECUTE|[454]
20:22:04.4 (47670740)|STATEMENT_EXECUTE|[455]
20:22:04.4 (47675163)|HEAP_ALLOCATE|[455]|Bytes:24
20:22:04.4 (47679437)|HEAP_ALLOCATE|[455]|Bytes:11
20:22:04.4 (47695006)|ENTERING_MANAGED_PKG|
20:22:04.4 (47756130)|HEAP_ALLOCATE|[455]|Bytes:8
20:22:04.4 (47775632)|HEAP_ALLOCATE|[455]|Bytes:9
20:22:04.4 (47781069)|HEAP_ALLOCATE|[455]|Bytes:10
20:22:04.4 (47802607)|ENTERING_MANAGED_PKG|
20:22:04.4 (47863926)|HEAP_ALLOCATE|[455]|Bytes:8
20:22:04.4 (47891334)|HEAP_ALLOCATE|[455]|Bytes:2
20:22:04.4 (47911912)|HEAP_ALLOCATE|[455]|Bytes:58
20:22:04.4 (47916767)|HEAP_ALLOCATE|[455]|Bytes:14
20:22:04.4 (47930714)|ENTERING_MANAGED_PKG|
20:22:04.4 (47968928)|HEAP_ALLOCATE|[455]|Bytes:8
20:22:04.4 (47985572)|HEAP_ALLOCATE|[455]|Bytes:2
20:22:04.4 (47996392)|HEAP_ALLOCATE|[455]|Bytes:16
20:22:04.4 (48001243)|HEAP_ALLOCATE|[455]|Bytes:74
20:22:04.4 (48025792)|ENTERING_MANAGED_PKG|
20:22:04.4 (48032947)|USER_DEBUG|[455]|DEBUG|This is not accessible: id### label: Record ID ## name: Id## localname: Id
20:22:04.4 (48049963)|HEAP_ALLOCATE|[421]|Bytes:5
20:22:04.4 (48066976)|VARIABLE_SCOPE_BEGIN|[421]|sfield|String|false|false
20:22:04.4 (48079830)|VARIABLE_ASSIGNMENT|[421]|sfield|"ownerid"
20:22:04.4 (48085138)|STATEMENT_EXECUTE|[421]
20:22:04.4 (48096451)|ENTERING_MANAGED_PKG|
20:22:04.4 (48261116)|HEAP_ALLOCATE|[423]|Bytes:8
20:22:04.4 (48276203)|STATEMENT_EXECUTE|[454]
20:22:04.4 (48278087)|STATEMENT_EXECUTE|[455]
20:22:04.4 (48289775)|ENTERING_MANAGED_PKG|
20:22:04.4 (48322219)|HEAP_ALLOCATE|[455]|Bytes:8
20:22:04.4 (48334333)|HEAP_ALLOCATE|[455]|Bytes:8
20:22:04.4 (48345265)|ENTERING_MANAGED_PKG|
20:22:04.4 (48373867)|HEAP_ALLOCATE|[455]|Bytes:8
20:22:04.4 (48384859)|HEAP_ALLOCATE|[455]|Bytes:7
20:22:04.4 (48391493)|HEAP_ALLOCATE|[455]|Bytes:67
20:22:04.4 (48401756)|ENTERING_MANAGED_PKG|
20:22:04.4 (48429702)|HEAP_ALLOCATE|[455]|Bytes:8
20:22:04.4 (48439895)|HEAP_ALLOCATE|[455]|Bytes:7
20:22:04.4 (48445302)|HEAP_ALLOCATE|[455]|Bytes:21
20:22:04.4 (48448843)|HEAP_ALLOCATE|[455]|Bytes:88
20:22:04.4 (48458722)|ENTERING_MANAGED_PKG|
20:22:04.4 (48462340)|USER_DEBUG|[455]|DEBUG|This is not accessible: ownerid### label: Owner ID ## name: OwnerId## localname: OwnerId
20:22:04.4 (48477738)|HEAP_ALLOCATE|[421]|Bytes:5
20:22:04.4 (48491132)|VARIABLE_SCOPE_BEGIN|[421]|sfield|String|false|false
20:22:04.4 (48499692)|VARIABLE_ASSIGNMENT|[421]|sfield|"isdeleted"
20:22:04.4 (48502599)|STATEMENT_EXECUTE|[421]
20:22:04.4 (48511177)|ENTERING_MANAGED_PKG|
20:22:04.4 (48623434)|HEAP_ALLOCATE|[423]|Bytes:8
20:22:04.4 (48638023)|STATEMENT_EXECUTE|[454]
20:22:04.4 (48639870)|STATEMENT_EXECUTE|[455]
20:22:04.4 (48651363)|ENTERING_MANAGED_PKG|
20:22:04.4 (48682216)|HEAP_ALLOCATE|[455]|Bytes:8
20:22:04.4 (48694017)|HEAP_ALLOCATE|[455]|Bytes:7
20:22:04.4 (48704399)|ENTERING_MANAGED_PKG|
20:22:04.4 (48732140)|HEAP_ALLOCATE|[455]|Bytes:8
20:22:04.4 (48742848)|HEAP_ALLOCATE|[455]|Bytes:9
20:22:04.4 (48749319)|HEAP_ALLOCATE|[455]|Bytes:70
20:22:04.4 (48759134)|ENTERING_MANAGED_PKG|
20:22:04.4 (48787353)|HEAP_ALLOCATE|[455]|Bytes:8
20:22:04.4 (48802474)|HEAP_ALLOCATE|[455]|Bytes:9
20:22:04.4 (48807955)|HEAP_ALLOCATE|[455]|Bytes:23
20:22:04.4 (48811467)|HEAP_ALLOCATE|[455]|Bytes:93
20:22:04.4 (48821944)|ENTERING_MANAGED_PKG|
20:22:04.4 (48825590)|USER_DEBUG|[455]|DEBUG|This is not accessible: isdeleted### label: Deleted ## name: IsDeleted## localname: IsDeleted
20:22:04.4 (48840671)|HEAP_ALLOCATE|[421]|Bytes:5
20:22:04.4 (48853782)|VARIABLE_SCOPE_BEGIN|[421]|sfield|String|false|false
20:22:04.4 (48861894)|VARIABLE_ASSIGNMENT|[421]|sfield|"name"
20:22:04.4 (48864730)|STATEMENT_EXECUTE|[421]
20:22:04.4 (48873398)|ENTERING_MANAGED_PKG|
20:22:04.4 (48991264)|HEAP_ALLOCATE|[423]|Bytes:8
20:22:04.4 (49005657)|STATEMENT_EXECUTE|[454]
20:22:04.4 (49008477)|STATEMENT_EXECUTE|[455]
20:22:04.4 (49020259)|ENTERING_MANAGED_PKG|
20:22:04.4 (49051485)|HEAP_ALLOCATE|[455]|Bytes:8
20:22:04.4 (49063354)|HEAP_ALLOCATE|[455]|Bytes:12
20:22:04.4 (49073924)|ENTERING_MANAGED_PKG|
20:22:04.4 (49101964)|HEAP_ALLOCATE|[455]|Bytes:8
20:22:04.4 (49112451)|HEAP_ALLOCATE|[455]|Bytes:4
20:22:04.4 (49119003)|HEAP_ALLOCATE|[455]|Bytes:65
20:22:04.4 (49128769)|ENTERING_MANAGED_PKG|
20:22:04.4 (49156593)|HEAP_ALLOCATE|[455]|Bytes:8
20:22:04.4 (49166929)|HEAP_ALLOCATE|[455]|Bytes:4
20:22:04.4 (49172234)|HEAP_ALLOCATE|[455]|Bytes:18
20:22:04.4 (49175686)|HEAP_ALLOCATE|[455]|Bytes:83
20:22:04.4 (49185356)|ENTERING_MANAGED_PKG|
20:22:04.4 (49188837)|USER_DEBUG|[455]|DEBUG|This is not accessible: name### label: Expense Name ## name: Name## localname: Name
20:22:04.4 (49203062)|HEAP_ALLOCATE|[421]|Bytes:5
20:22:04.4 (49216076)|VARIABLE_SCOPE_BEGIN|[421]|sfield|String|false|false
20:22:04.4 (49224317)|VARIABLE_ASSIGNMENT|[421]|sfield|"createddate"
20:22:04.4 (49227086)|STATEMENT_EXECUTE|[421]
20:22:04.4 (49235610)|ENTERING_MANAGED_PKG|
20:22:04.4 (49357419)|HEAP_ALLOCATE|[423]|Bytes:8
20:22:04.4 (49371867)|STATEMENT_EXECUTE|[454]
20:22:04.4 (49373722)|STATEMENT_EXECUTE|[455]
20:22:04.4 (49385131)|ENTERING_MANAGED_PKG|
20:22:04.4 (49415873)|HEAP_ALLOCATE|[455]|Bytes:8
20:22:04.4 (49427760)|HEAP_ALLOCATE|[455]|Bytes:12
20:22:04.4 (49438239)|ENTERING_MANAGED_PKG|
20:22:04.4 (49465847)|HEAP_ALLOCATE|[455]|Bytes:8
20:22:04.4 (49476563)|HEAP_ALLOCATE|[455]|Bytes:11
20:22:04.4 (49483441)|HEAP_ALLOCATE|[455]|Bytes:79
20:22:04.4 (49493212)|ENTERING_MANAGED_PKG|
20:22:04.4 (49521367)|HEAP_ALLOCATE|[455]|Bytes:8
20:22:04.4 (49531513)|HEAP_ALLOCATE|[455]|Bytes:11
20:22:04.4 (49537011)|HEAP_ALLOCATE|[455]|Bytes:25
20:22:04.4 (49540699)|HEAP_ALLOCATE|[455]|Bytes:104
20:22:04.4 (49550472)|ENTERING_MANAGED_PKG|
20:22:04.4 (49554016)|USER_DEBUG|[455]|DEBUG|This is not accessible: createddate### label: Created Date ## name: CreatedDate## localname: CreatedDate
20:22:04.4 (49568905)|HEAP_ALLOCATE|[421]|Bytes:5
20:22:04.4 (49581837)|VARIABLE_SCOPE_BEGIN|[421]|sfield|String|false|false
20:22:04.4 (49589882)|VARIABLE_ASSIGNMENT|[421]|sfield|"createdbyid"
20:22:04.4 (49592822)|STATEMENT_EXECUTE|[421]
20:22:04.4 (49601346)|ENTERING_MANAGED_PKG|
20:22:04.4 (49728175)|HEAP_ALLOCATE|[423]|Bytes:8
20:22:04.4 (49742624)|STATEMENT_EXECUTE|[454]
20:22:04.4 (49744426)|STATEMENT_EXECUTE|[455]
20:22:04.4 (49755826)|ENTERING_MANAGED_PKG|
20:22:04.4 (49786493)|HEAP_ALLOCATE|[455]|Bytes:8
20:22:04.4 (49803383)|HEAP_ALLOCATE|[455]|Bytes:13
20:22:04.4 (49814420)|ENTERING_MANAGED_PKG|
20:22:04.4 (49842892)|HEAP_ALLOCATE|[455]|Bytes:8
20:22:04.4 (49853542)|HEAP_ALLOCATE|[455]|Bytes:11
20:22:04.4 (49860025)|HEAP_ALLOCATE|[455]|Bytes:80
20:22:04.4 (49869981)|ENTERING_MANAGED_PKG|
20:22:04.4 (49897934)|HEAP_ALLOCATE|[455]|Bytes:8
20:22:04.4 (49907941)|HEAP_ALLOCATE|[455]|Bytes:11
20:22:04.4 (49913190)|HEAP_ALLOCATE|[455]|Bytes:25
20:22:04.4 (49916744)|HEAP_ALLOCATE|[455]|Bytes:105
20:22:04.4 (49926491)|ENTERING_MANAGED_PKG|
20:22:04.4 (49929895)|USER_DEBUG|[455]|DEBUG|This is not accessible: createdbyid### label: Created By ID ## name: CreatedById## localname: CreatedById
20:22:04.4 (49944513)|HEAP_ALLOCATE|[421]|Bytes:5
20:22:04.4 (49957151)|VARIABLE_SCOPE_BEGIN|[421]|sfield|String|false|false
20:22:04.4 (49965543)|VARIABLE_ASSIGNMENT|[421]|sfield|"lastmodifieddate"
20:22:04.4 (49968449)|STATEMENT_EXECUTE|[421]
20:22:04.4 (49977097)|ENTERING_MANAGED_PKG|
20:22:04.4 (50094519)|HEAP_ALLOCATE|[423]|Bytes:8
20:22:04.4 (50110211)|STATEMENT_EXECUTE|[454]
20:22:04.4 (50112000)|STATEMENT_EXECUTE|[455]
20:22:04.4 (50123859)|ENTERING_MANAGED_PKG|
20:22:04.4 (50154643)|HEAP_ALLOCATE|[455]|Bytes:8
20:22:04.4 (50166810)|HEAP_ALLOCATE|[455]|Bytes:18
20:22:04.4 (50177275)|ENTERING_MANAGED_PKG|
20:22:04.4 (50204996)|HEAP_ALLOCATE|[455]|Bytes:8
20:22:04.4 (50215599)|HEAP_ALLOCATE|[455]|Bytes:16
20:22:04.4 (50222031)|HEAP_ALLOCATE|[455]|Bytes:95
20:22:04.4 (50231835)|ENTERING_MANAGED_PKG|
20:22:04.4 (50259837)|HEAP_ALLOCATE|[455]|Bytes:8
20:22:04.4 (50269724)|HEAP_ALLOCATE|[455]|Bytes:16
20:22:04.4 (50275018)|HEAP_ALLOCATE|[455]|Bytes:30
20:22:04.4 (50278671)|HEAP_ALLOCATE|[455]|Bytes:125
20:22:04.4 (50288143)|ENTERING_MANAGED_PKG|
20:22:04.4 (50291494)|USER_DEBUG|[455]|DEBUG|This is not accessible: lastmodifieddate### label: Last Modified Date ## name: LastModifiedDate## localname: LastModifiedDate
20:22:04.4 (50306270)|HEAP_ALLOCATE|[421]|Bytes:5
20:22:04.4 (50319125)|VARIABLE_SCOPE_BEGIN|[421]|sfield|String|false|false
20:22:04.4 (50327662)|VARIABLE_ASSIGNMENT|[421]|sfield|"lastmodifiedbyid"
20:22:04.4 (50330438)|STATEMENT_EXECUTE|[421]
20:22:04.4 (50338739)|ENTERING_MANAGED_PKG|
20:22:04.4 (50465076)|HEAP_ALLOCATE|[423]|Bytes:8
20:22:04.4 (50479476)|STATEMENT_EXECUTE|[454]
20:22:04.4 (50481287)|STATEMENT_EXECUTE|[455]
20:22:04.4 (50492628)|ENTERING_MANAGED_PKG|
20:22:04.4 (50523515)|HEAP_ALLOCATE|[455]|Bytes:8
20:22:04.4 (50535385)|HEAP_ALLOCATE|[455]|Bytes:19
20:22:04.4 (50545880)|ENTERING_MANAGED_PKG|
20:22:04.4 (50574193)|HEAP_ALLOCATE|[455]|Bytes:8
20:22:04.4 (50584885)|HEAP_ALLOCATE|[455]|Bytes:16
20:22:04.4 (50591390)|HEAP_ALLOCATE|[455]|Bytes:96
20:22:04.4 (50601236)|ENTERING_MANAGED_PKG|
20:22:04.4 (50629547)|HEAP_ALLOCATE|[455]|Bytes:8
20:22:04.4 (50639414)|HEAP_ALLOCATE|[455]|Bytes:16
20:22:04.4 (50644761)|HEAP_ALLOCATE|[455]|Bytes:30
20:22:04.4 (50648308)|HEAP_ALLOCATE|[455]|Bytes:126
20:22:04.4 (50657771)|ENTERING_MANAGED_PKG|
20:22:04.4 (50661290)|USER_DEBUG|[455]|DEBUG|This is not accessible: lastmodifiedbyid### label: Last Modified By ID ## name: LastModifiedById## localname: LastModifiedById
20:22:04.4 (50676320)|HEAP_ALLOCATE|[421]|Bytes:5
20:22:04.4 (50688946)|VARIABLE_SCOPE_BEGIN|[421]|sfield|String|false|false
20:22:04.4 (50697071)|VARIABLE_ASSIGNMENT|[421]|sfield|"systemmodstamp"
20:22:04.4 (50700054)|STATEMENT_EXECUTE|[421]
20:22:04.4 (50708603)|ENTERING_MANAGED_PKG|
20:22:04.4 (50815763)|HEAP_ALLOCATE|[423]|Bytes:8
20:22:04.4 (50830073)|STATEMENT_EXECUTE|[454]
20:22:04.4 (50831863)|STATEMENT_EXECUTE|[455]
20:22:04.4 (50843410)|ENTERING_MANAGED_PKG|
20:22:04.4 (50874315)|HEAP_ALLOCATE|[455]|Bytes:8
20:22:04.4 (50885952)|HEAP_ALLOCATE|[455]|Bytes:15
20:22:04.4 (50896368)|ENTERING_MANAGED_PKG|
20:22:04.4 (50924183)|HEAP_ALLOCATE|[455]|Bytes:8
20:22:04.4 (50934820)|HEAP_ALLOCATE|[455]|Bytes:14
20:22:04.4 (50941236)|HEAP_ALLOCATE|[455]|Bytes:88
20:22:04.4 (50951140)|ENTERING_MANAGED_PKG|
20:22:04.4 (50979261)|HEAP_ALLOCATE|[455]|Bytes:8
20:22:04.4 (50989211)|HEAP_ALLOCATE|[455]|Bytes:14
20:22:04.4 (50994980)|HEAP_ALLOCATE|[455]|Bytes:28
20:22:04.4 (50998441)|HEAP_ALLOCATE|[455]|Bytes:116
20:22:04.4 (51007982)|ENTERING_MANAGED_PKG|
20:22:04.4 (51012498)|USER_DEBUG|[455]|DEBUG|This is not accessible: systemmodstamp### label: System Modstamp ## name: SystemModstamp## localname: SystemModstamp
20:22:04.4 (51027245)|HEAP_ALLOCATE|[421]|Bytes:5
20:22:04.4 (51039978)|VARIABLE_SCOPE_BEGIN|[421]|sfield|String|false|false
20:22:04.4 (51048050)|VARIABLE_ASSIGNMENT|[421]|sfield|"lastvieweddate"
20:22:04.4 (51050809)|STATEMENT_EXECUTE|[421]
20:22:04.4 (51059253)|ENTERING_MANAGED_PKG|
20:22:04.4 (51161311)|HEAP_ALLOCATE|[423]|Bytes:8
20:22:04.4 (51175342)|STATEMENT_EXECUTE|[454]
20:22:04.4 (51177222)|STATEMENT_EXECUTE|[455]
20:22:04.4 (51188704)|ENTERING_MANAGED_PKG|
20:22:04.4 (51219306)|HEAP_ALLOCATE|[455]|Bytes:8
20:22:04.4 (51230745)|HEAP_ALLOCATE|[455]|Bytes:16
20:22:04.4 (51241048)|ENTERING_MANAGED_PKG|
20:22:04.4 (51268852)|HEAP_ALLOCATE|[455]|Bytes:8
20:22:04.4 (51279531)|HEAP_ALLOCATE|[455]|Bytes:14
20:22:04.4 (51286234)|HEAP_ALLOCATE|[455]|Bytes:89
20:22:04.4 (51296027)|ENTERING_MANAGED_PKG|
20:22:04.4 (51324007)|HEAP_ALLOCATE|[455]|Bytes:8
20:22:04.4 (51333932)|HEAP_ALLOCATE|[455]|Bytes:14
20:22:04.4 (51339409)|HEAP_ALLOCATE|[455]|Bytes:28
20:22:04.4 (51342948)|HEAP_ALLOCATE|[455]|Bytes:117
20:22:04.4 (51352390)|ENTERING_MANAGED_PKG|
20:22:04.4 (51355832)|USER_DEBUG|[455]|DEBUG|This is not accessible: lastvieweddate### label: Last Viewed Date ## name: LastViewedDate## localname: LastViewedDate
20:22:04.4 (51370347)|HEAP_ALLOCATE|[421]|Bytes:5
20:22:04.4 (51382953)|VARIABLE_SCOPE_BEGIN|[421]|sfield|String|false|false
20:22:04.4 (51391119)|VARIABLE_ASSIGNMENT|[421]|sfield|"lastreferenceddate"
20:22:04.4 (51393972)|STATEMENT_EXECUTE|[421]
20:22:04.4 (51402398)|ENTERING_MANAGED_PKG|
20:22:04.4 (51503427)|HEAP_ALLOCATE|[423]|Bytes:8
20:22:04.4 (51517531)|STATEMENT_EXECUTE|[454]
20:22:04.4 (51519316)|STATEMENT_EXECUTE|[455]
20:22:04.4 (51530762)|ENTERING_MANAGED_PKG|
20:22:04.4 (51561454)|HEAP_ALLOCATE|[455]|Bytes:8
20:22:04.4 (51573508)|HEAP_ALLOCATE|[455]|Bytes:20
20:22:04.4 (51583743)|ENTERING_MANAGED_PKG|
20:22:04.4 (51611497)|HEAP_ALLOCATE|[455]|Bytes:8
20:22:04.4 (51622078)|HEAP_ALLOCATE|[455]|Bytes:18
20:22:04.4 (51628477)|HEAP_ALLOCATE|[455]|Bytes:101
20:22:04.4 (51638264)|ENTERING_MANAGED_PKG|
20:22:04.4 (51666186)|HEAP_ALLOCATE|[455]|Bytes:8
20:22:04.4 (51676101)|HEAP_ALLOCATE|[455]|Bytes:18
20:22:04.4 (51681443)|HEAP_ALLOCATE|[455]|Bytes:32
20:22:04.4 (51684949)|HEAP_ALLOCATE|[455]|Bytes:133
20:22:04.4 (51694315)|ENTERING_MANAGED_PKG|
20:22:04.4 (51697824)|USER_DEBUG|[455]|DEBUG|This is not accessible: lastreferenceddate### label: Last Referenced Date ## name: LastReferencedDate## localname: LastReferencedDate
20:22:04.4 (51712404)|HEAP_ALLOCATE|[421]|Bytes:5
20:22:04.4 (51724787)|VARIABLE_SCOPE_BEGIN|[421]|sfield|String|false|false
20:22:04.4 (51735315)|VARIABLE_ASSIGNMENT|[421]|sfield|"shiva15testns__amoun (4 more) ..."
20:22:04.4 (51738208)|STATEMENT_EXECUTE|[421]
20:22:04.4 (51746630)|ENTERING_MANAGED_PKG|
20:22:04.4 (52401871)|HEAP_ALLOCATE|[423]|Bytes:8
20:22:04.4 (52418519)|STATEMENT_EXECUTE|[423]
20:22:04.4 (52420525)|STATEMENT_EXECUTE|[424]
20:22:04.4 (52434495)|ENTERING_MANAGED_PKG|
20:22:04.4 (52499689)|HEAP_ALLOCATE|[424]|Bytes:8
20:22:04.4 (52517285)|HEAP_ALLOCATE|[424]|Bytes:6
20:22:04.4 (52523014)|VARIABLE_SCOPE_BEGIN|[424]|labelOfField|String|false|false
20:22:04.4 (52531816)|VARIABLE_ASSIGNMENT|[424]|labelOfField|"Amount"
20:22:04.4 (52547426)|ENTERING_MANAGED_PKG|
20:22:04.4 (52575672)|STATEMENT_EXECUTE|[427]
20:22:04.4 (52577891)|STATEMENT_EXECUTE|[429]
20:22:04.4 (52589021)|ENTERING_MANAGED_PKG|
20:22:04.4 (52631176)|HEAP_ALLOCATE|[429]|Bytes:4
20:22:04.4 (52677017)|VARIABLE_SCOPE_BEGIN|[429]|sObjResult|Schema.DescribeSObjectResult|true|false
20:22:04.4 (52776691)|VARIABLE_ASSIGNMENT|[429]|sObjResult|"common.api.soap.wsdl.DescribeSObjectResult@834149e"|0x7fa549fb
20:22:04.4 (52785516)|HEAP_ALLOCATE|[430]|Bytes:7
20:22:04.4 (52826180)|HEAP_ALLOCATE|[430]|Bytes:7
20:22:04.4 (52851105)|STATEMENT_EXECUTE|[430]
20:22:04.4 (52853664)|STATEMENT_EXECUTE|[431]
20:22:04.4 (52857424)|HEAP_ALLOCATE|[431]|Bytes:42
20:22:04.4 (52873553)|ENTERING_MANAGED_PKG|
20:22:04.4 (52933738)|HEAP_ALLOCATE|[431]|Bytes:8
20:22:04.4 (52950641)|HEAP_ALLOCATE|[431]|Bytes:24
20:22:04.4 (52959257)|HEAP_ALLOCATE|[431]|Bytes:117
20:22:04.4 (52972966)|ENTERING_MANAGED_PKG|
20:22:04.4 (53008997)|HEAP_ALLOCATE|[431]|Bytes:8
20:22:04.4 (53025316)|HEAP_ALLOCATE|[431]|Bytes:9
20:22:04.4 (53032487)|HEAP_ALLOCATE|[431]|Bytes:23
20:22:04.4 (53036840)|HEAP_ALLOCATE|[431]|Bytes:140
20:22:04.4 (53048946)|ENTERING_MANAGED_PKG|
20:22:04.4 (53056325)|USER_DEBUG|[431]|DEBUG|this is the wanted Field Name ### sfield: shiva15testns__amount__c### label: Amount ## name: shiva15testns__Amount__c## localname: Amount__c
20:22:04.4 (53063962)|STATEMENT_EXECUTE|[432]
20:22:04.4 (53073383)|HEAP_ALLOCATE|[432]|Bytes:4
20:22:04.4 (53408115)|HEAP_ALLOCATE|[432]|Bytes:16
20:22:04.4 (53445485)|CONSTRUCTOR_ENTRY|[432]|01p36000005Jpvx|<init>(String,String,shiva15testns.PermissionSetPortalControllers.FieldPermissionsClass)
20:22:04.4 (53482262)|VARIABLE_SCOPE_BEGIN|[1045]|this|shiva15testns.PermissionSetPortalControllers.FieldDetailsClass|true|false
20:22:04.4 (53530553)|VARIABLE_ASSIGNMENT|[1045]|this|{}|0x6a947ed6
20:22:04.4 (53536466)|VARIABLE_SCOPE_BEGIN|[1045]|fieldName|String|false|false
20:22:04.4 (53543685)|VARIABLE_ASSIGNMENT|[1045]|fieldName|"shiva15testns__amoun (4 more) ..."
20:22:04.4 (53547320)|VARIABLE_SCOPE_BEGIN|[1045]|fieldLabel|String|false|false
20:22:04.4 (53550807)|VARIABLE_ASSIGNMENT|[1045]|fieldLabel|"Amount"
20:22:04.4 (53554103)|VARIABLE_SCOPE_BEGIN|[1045]|fieldPermissions|shiva15testns.PermissionSetPortalControllers.FieldPermissionsClass|true|false
20:22:04.4 (53558143)|VARIABLE_ASSIGNMENT|[1045]|fieldPermissions|null|
20:22:04.4 (53562252)|STATEMENT_EXECUTE|[1036]
20:22:04.4 (53564048)|STATEMENT_EXECUTE|[1039]
20:22:04.4 (53565703)|STATEMENT_EXECUTE|[1041]
20:22:04.4 (53566976)|STATEMENT_EXECUTE|[1043]
20:22:04.4 (53576730)|HEAP_ALLOCATE|[1046]|Bytes:6
20:22:04.4 (53618652)|STATEMENT_EXECUTE|[1045]
20:22:04.4 (53622675)|STATEMENT_EXECUTE|[1046]
20:22:04.4 (53647806)|VARIABLE_ASSIGNMENT|[1046]|this.fieldName|"shiva15testns__amoun (4 more) ..."|0x6a947ed6
20:22:04.4 (53654335)|STATEMENT_EXECUTE|[1047]
20:22:04.4 (53666608)|VARIABLE_ASSIGNMENT|[1047]|this.fieldLabel|"Amount"|0x6a947ed6
20:22:04.4 (53669541)|STATEMENT_EXECUTE|[1048]
20:22:04.4 (53676058)|VARIABLE_ASSIGNMENT|[1048]|this.fieldPermissions|null|0x6a947ed6
20:22:04.4 (53687286)|CONSTRUCTOR_EXIT|[432]|01p36000005Jpvx|<init>(String,String,shiva15testns.PermissionSetPortalControllers.FieldPermissionsClass)
20:22:04.4 (53718602)|VARIABLE_ASSIGNMENT|[432]|fieldClassObj|{"fieldLabel":"Amount","fieldName":"shiva15testns__amoun (4 more) ..."}|0x6a947ed6
20:22:04.4 (53726031)|STATEMENT_EXECUTE|[433]
20:22:04.4 (53750462)|ENTERING_MANAGED_PKG|
20:22:04.4 (53778943)|HEAP_ALLOCATE|[EXTERNAL]|Bytes:4
20:22:04.4 (53793433)|STATEMENT_EXECUTE|[434]
20:22:04.4 (53804987)|ENTERING_MANAGED_PKG|
20:22:04.4 (53823589)|HEAP_ALLOCATE|[EXTERNAL]|Bytes:4
20:22:04.4 (53840632)|HEAP_ALLOCATE|[421]|Bytes:5
20:22:04.4 (53855072)|VARIABLE_SCOPE_BEGIN|[421]|sfield|String|false|false
20:22:04.4 (53864965)|VARIABLE_ASSIGNMENT|[421]|sfield|"shiva15testns__clien (4 more) ..."
20:22:04.4 (53868087)|STATEMENT_EXECUTE|[421]
20:22:04.4 (53878935)|ENTERING_MANAGED_PKG|
20:22:04.4 (54020830)|HEAP_ALLOCATE|[423]|Bytes:8
20:22:04.4 (54036919)|STATEMENT_EXECUTE|[423]
20:22:04.4 (54038750)|STATEMENT_EXECUTE|[424]
20:22:04.4 (54049745)|ENTERING_MANAGED_PKG|
20:22:04.4 (54083670)|HEAP_ALLOCATE|[424]|Bytes:8
20:22:04.4 (54095813)|HEAP_ALLOCATE|[424]|Bytes:6
20:22:04.4 (54100986)|VARIABLE_SCOPE_BEGIN|[424]|labelOfField|String|false|false
20:22:04.4 (54109110)|VARIABLE_ASSIGNMENT|[424]|labelOfField|"Client"
20:22:04.4 (54119894)|ENTERING_MANAGED_PKG|
20:22:04.4 (54128977)|STATEMENT_EXECUTE|[427]
20:22:04.4 (54130775)|STATEMENT_EXECUTE|[429]
20:22:04.4 (54137111)|ENTERING_MANAGED_PKG|
20:22:04.4 (54157908)|HEAP_ALLOCATE|[429]|Bytes:4
20:22:04.4 (54165472)|VARIABLE_SCOPE_BEGIN|[429]|sObjResult|Schema.DescribeSObjectResult|true|false
20:22:04.4 (54224538)|VARIABLE_ASSIGNMENT|[429]|sObjResult|"common.api.soap.wsdl.DescribeSObjectResult@834149e"|0x64a9b9d1
20:22:04.4 (54249743)|STATEMENT_EXECUTE|[430]
20:22:04.4 (54251821)|STATEMENT_EXECUTE|[431]
20:22:04.4 (54265420)|ENTERING_MANAGED_PKG|
20:22:04.4 (54300644)|HEAP_ALLOCATE|[431]|Bytes:8
20:22:04.4 (54312755)|HEAP_ALLOCATE|[431]|Bytes:24
20:22:04.4 (54319583)|HEAP_ALLOCATE|[431]|Bytes:117
20:22:04.4 (54330020)|ENTERING_MANAGED_PKG|
20:22:04.4 (54360315)|HEAP_ALLOCATE|[431]|Bytes:8
20:22:04.4 (54370723)|HEAP_ALLOCATE|[431]|Bytes:9
20:22:04.4 (54376409)|HEAP_ALLOCATE|[431]|Bytes:23
20:22:04.4 (54379985)|HEAP_ALLOCATE|[431]|Bytes:140
20:22:04.4 (54389470)|ENTERING_MANAGED_PKG|
20:22:04.4 (54393240)|USER_DEBUG|[431]|DEBUG|this is the wanted Field Name ### sfield: shiva15testns__client__c### label: Client ## name: shiva15testns__Client__c## localname: Client__c
20:22:04.4 (54399927)|STATEMENT_EXECUTE|[432]
20:22:04.4 (54404949)|HEAP_ALLOCATE|[432]|Bytes:16
20:22:04.4 (54415569)|CONSTRUCTOR_ENTRY|[432]|01p36000005Jpvx|<init>(String,String,shiva15testns.PermissionSetPortalControllers.FieldPermissionsClass)
20:22:04.4 (54422209)|VARIABLE_SCOPE_BEGIN|[1045]|this|shiva15testns.PermissionSetPortalControllers.FieldDetailsClass|true|false
20:22:04.4 (54440387)|VARIABLE_ASSIGNMENT|[1045]|this|{}|0x3a2b1d2
20:22:04.4 (54443639)|VARIABLE_SCOPE_BEGIN|[1045]|fieldName|String|false|false
20:22:04.4 (54450329)|VARIABLE_ASSIGNMENT|[1045]|fieldName|"shiva15testns__clien (4 more) ..."
20:22:04.4 (54452559)|VARIABLE_SCOPE_BEGIN|[1045]|fieldLabel|String|false|false
20:22:04.4 (54455720)|VARIABLE_ASSIGNMENT|[1045]|fieldLabel|"Client"
20:22:04.4 (54457671)|VARIABLE_SCOPE_BEGIN|[1045]|fieldPermissions|shiva15testns.PermissionSetPortalControllers.FieldPermissionsClass|true|false
20:22:04.4 (54461334)|VARIABLE_ASSIGNMENT|[1045]|fieldPermissions|null|
20:22:04.4 (54464171)|STATEMENT_EXECUTE|[1036]
20:22:04.4 (54465531)|STATEMENT_EXECUTE|[1039]
20:22:04.4 (54466924)|STATEMENT_EXECUTE|[1041]
20:22:04.4 (54468076)|STATEMENT_EXECUTE|[1043]
20:22:04.4 (54479973)|STATEMENT_EXECUTE|[1045]
20:22:04.4 (54481750)|STATEMENT_EXECUTE|[1046]
20:22:04.4 (54490661)|VARIABLE_ASSIGNMENT|[1046]|this.fieldName|"shiva15testns__clien (4 more) ..."|0x3a2b1d2
20:22:04.4 (54493238)|STATEMENT_EXECUTE|[1047]
20:22:04.4 (54498478)|VARIABLE_ASSIGNMENT|[1047]|this.fieldLabel|"Client"|0x3a2b1d2
20:22:04.4 (54501091)|STATEMENT_EXECUTE|[1048]
20:22:04.4 (54505783)|VARIABLE_ASSIGNMENT|[1048]|this.fieldPermissions|null|0x3a2b1d2
20:22:04.4 (54514730)|CONSTRUCTOR_EXIT|[432]|01p36000005Jpvx|<init>(String,String,shiva15testns.PermissionSetPortalControllers.FieldPermissionsClass)
20:22:04.4 (54532952)|VARIABLE_ASSIGNMENT|[432]|fieldClassObj|{"fieldLabel":"Client","fieldName":"shiva15testns__clien (4 more) ..."}|0x3a2b1d2
20:22:04.4 (54536350)|STATEMENT_EXECUTE|[433]
20:22:04.4 (54548505)|ENTERING_MANAGED_PKG|
20:22:04.4 (54553612)|HEAP_ALLOCATE|[EXTERNAL]|Bytes:4
20:22:04.4 (54559955)|STATEMENT_EXECUTE|[434]
20:22:04.4 (54566324)|ENTERING_MANAGED_PKG|
20:22:04.4 (54569813)|HEAP_ALLOCATE|[EXTERNAL]|Bytes:4
20:22:04.4 (54582810)|HEAP_ALLOCATE|[421]|Bytes:5
20:22:04.4 (54596105)|VARIABLE_SCOPE_BEGIN|[421]|sfield|String|false|false
20:22:04.4 (54604890)|VARIABLE_ASSIGNMENT|[421]|sfield|"shiva15testns__date_ (2 more) ..."
20:22:04.4 (54607934)|STATEMENT_EXECUTE|[421]
20:22:04.4 (54616527)|ENTERING_MANAGED_PKG|
20:22:04.4 (54749877)|HEAP_ALLOCATE|[423]|Bytes:8
20:22:04.4 (54764521)|STATEMENT_EXECUTE|[423]
20:22:04.4 (54766313)|STATEMENT_EXECUTE|[424]
20:22:04.4 (54777258)|ENTERING_MANAGED_PKG|
20:22:04.4 (54815914)|HEAP_ALLOCATE|[424]|Bytes:8
20:22:04.4 (54828355)|HEAP_ALLOCATE|[424]|Bytes:4
20:22:04.4 (54833504)|VARIABLE_SCOPE_BEGIN|[424]|labelOfField|String|false|false
20:22:04.4 (54841224)|VARIABLE_ASSIGNMENT|[424]|labelOfField|"Date"
20:22:04.4 (54852197)|ENTERING_MANAGED_PKG|
20:22:04.4 (54861095)|STATEMENT_EXECUTE|[427]
20:22:04.4 (54862864)|STATEMENT_EXECUTE|[429]
20:22:04.4 (54869081)|ENTERING_MANAGED_PKG|
20:22:04.4 (54889675)|HEAP_ALLOCATE|[429]|Bytes:4
20:22:04.4 (54897345)|VARIABLE_SCOPE_BEGIN|[429]|sObjResult|Schema.DescribeSObjectResult|true|false
20:22:04.4 (54964569)|VARIABLE_ASSIGNMENT|[429]|sObjResult|"common.api.soap.wsdl.DescribeSObjectResult@834149e"|0x7e0748cc
20:22:04.4 (54997206)|STATEMENT_EXECUTE|[430]
20:22:04.4 (55000823)|STATEMENT_EXECUTE|[431]
20:22:04.4 (55017145)|ENTERING_MANAGED_PKG|
20:22:04.4 (55053400)|HEAP_ALLOCATE|[431]|Bytes:8
20:22:04.4 (55065652)|HEAP_ALLOCATE|[431]|Bytes:22
20:22:04.4 (55072387)|HEAP_ALLOCATE|[431]|Bytes:111
20:22:04.4 (55083399)|ENTERING_MANAGED_PKG|
20:22:04.4 (55113723)|HEAP_ALLOCATE|[431]|Bytes:8
20:22:04.4 (55124223)|HEAP_ALLOCATE|[431]|Bytes:7
20:22:04.4 (55129814)|HEAP_ALLOCATE|[431]|Bytes:21
20:22:04.4 (55133470)|HEAP_ALLOCATE|[431]|Bytes:132
20:22:04.4 (55143371)|ENTERING_MANAGED_PKG|
20:22:04.4 (55147225)|USER_DEBUG|[431]|DEBUG|this is the wanted Field Name ### sfield: shiva15testns__date__c### label: Date ## name: shiva15testns__Date__c## localname: Date__c
20:22:04.4 (55153703)|STATEMENT_EXECUTE|[432]
20:22:04.4 (55158616)|HEAP_ALLOCATE|[432]|Bytes:16
20:22:04.4 (55169044)|CONSTRUCTOR_ENTRY|[432]|01p36000005Jpvx|<init>(String,String,shiva15testns.PermissionSetPortalControllers.FieldPermissionsClass)
20:22:04.4 (55175053)|VARIABLE_SCOPE_BEGIN|[1045]|this|shiva15testns.PermissionSetPortalControllers.FieldDetailsClass|true|false
20:22:04.4 (55193068)|VARIABLE_ASSIGNMENT|[1045]|this|{}|0x68bd5aff
20:22:04.4 (55196299)|VARIABLE_SCOPE_BEGIN|[1045]|fieldName|String|false|false
20:22:04.4 (55202494)|VARIABLE_ASSIGNMENT|[1045]|fieldName|"shiva15testns__date_ (2 more) ..."
20:22:04.4 (55204612)|VARIABLE_SCOPE_BEGIN|[1045]|fieldLabel|String|false|false
20:22:04.4 (55207667)|VARIABLE_ASSIGNMENT|[1045]|fieldLabel|"Date"
20:22:04.4 (55209534)|VARIABLE_SCOPE_BEGIN|[1045]|fieldPermissions|shiva15testns.PermissionSetPortalControllers.FieldPermissionsClass|true|false
20:22:04.4 (55212794)|VARIABLE_ASSIGNMENT|[1045]|fieldPermissions|null|
20:22:04.4 (55215506)|STATEMENT_EXECUTE|[1036]
20:22:04.4 (55216860)|STATEMENT_EXECUTE|[1039]
20:22:04.4 (55218302)|STATEMENT_EXECUTE|[1041]
20:22:04.4 (55219467)|STATEMENT_EXECUTE|[1043]
20:22:04.4 (55231029)|STATEMENT_EXECUTE|[1045]
20:22:04.4 (55232834)|STATEMENT_EXECUTE|[1046]
20:22:04.4 (55241331)|VARIABLE_ASSIGNMENT|[1046]|this.fieldName|"shiva15testns__date_ (2 more) ..."|0x68bd5aff
20:22:04.4 (55244004)|STATEMENT_EXECUTE|[1047]
20:22:04.4 (55249026)|VARIABLE_ASSIGNMENT|[1047]|this.fieldLabel|"Date"|0x68bd5aff
20:22:04.4 (55251367)|STATEMENT_EXECUTE|[1048]
20:22:04.4 (55255824)|VARIABLE_ASSIGNMENT|[1048]|this.fieldPermissions|null|0x68bd5aff
20:22:04.4 (55264635)|CONSTRUCTOR_EXIT|[432]|01p36000005Jpvx|<init>(String,String,shiva15testns.PermissionSetPortalControllers.FieldPermissionsClass)
20:22:04.4 (55282584)|VARIABLE_ASSIGNMENT|[432]|fieldClassObj|{"fieldLabel":"Date","fieldName":"shiva15testns__date_ (2 more) ..."}|0x68bd5aff
20:22:04.4 (55286583)|STATEMENT_EXECUTE|[433]
20:22:04.4 (55298788)|ENTERING_MANAGED_PKG|
20:22:04.4 (55304054)|HEAP_ALLOCATE|[EXTERNAL]|Bytes:4
20:22:04.4 (55310142)|STATEMENT_EXECUTE|[434]
20:22:04.4 (55316419)|ENTERING_MANAGED_PKG|
20:22:04.4 (55319747)|HEAP_ALLOCATE|[EXTERNAL]|Bytes:4
20:22:04.4 (55332520)|HEAP_ALLOCATE|[421]|Bytes:5
20:22:04.4 (55346021)|VARIABLE_SCOPE_BEGIN|[421]|sfield|String|false|false
20:22:04.4 (55354864)|VARIABLE_ASSIGNMENT|[421]|sfield|"shiva15testns__reimb (8 more) ..."
20:22:04.4 (55357597)|STATEMENT_EXECUTE|[421]
20:22:04.4 (55366263)|ENTERING_MANAGED_PKG|
20:22:04.4 (55553068)|HEAP_ALLOCATE|[423]|Bytes:8
20:22:04.4 (55574394)|STATEMENT_EXECUTE|[423]
20:22:04.4 (55577455)|STATEMENT_EXECUTE|[424]
20:22:04.4 (55592357)|ENTERING_MANAGED_PKG|
20:22:04.4 (55645356)|HEAP_ALLOCATE|[424]|Bytes:8
20:22:04.4 (55664206)|HEAP_ALLOCATE|[424]|Bytes:11
20:22:04.4 (55673323)|VARIABLE_SCOPE_BEGIN|[424]|labelOfField|String|false|false
20:22:04.4 (55686378)|VARIABLE_ASSIGNMENT|[424]|labelOfField|"Reimbursed?"
20:22:04.4 (55706075)|ENTERING_MANAGED_PKG|
20:22:04.4 (55722519)|STATEMENT_EXECUTE|[427]
20:22:04.4 (55724798)|STATEMENT_EXECUTE|[429]
20:22:04.4 (55734372)|ENTERING_MANAGED_PKG|
20:22:04.4 (55756851)|HEAP_ALLOCATE|[429]|Bytes:4
20:22:04.4 (55764861)|VARIABLE_SCOPE_BEGIN|[429]|sObjResult|Schema.DescribeSObjectResult|true|false
20:22:04.4 (55828642)|VARIABLE_ASSIGNMENT|[429]|sObjResult|"common.api.soap.wsdl.DescribeSObjectResult@834149e"|0x77fc0eb1
20:22:04.4 (55853402)|STATEMENT_EXECUTE|[430]
20:22:04.4 (55855392)|STATEMENT_EXECUTE|[431]
20:22:04.4 (55868467)|ENTERING_MANAGED_PKG|
20:22:04.4 (55903849)|HEAP_ALLOCATE|[431]|Bytes:8
20:22:04.4 (55915652)|HEAP_ALLOCATE|[431]|Bytes:28
20:22:04.4 (55922320)|HEAP_ALLOCATE|[431]|Bytes:130
20:22:04.4 (55932757)|ENTERING_MANAGED_PKG|
20:22:04.4 (55963031)|HEAP_ALLOCATE|[431]|Bytes:8
20:22:04.4 (55973493)|HEAP_ALLOCATE|[431]|Bytes:13
20:22:04.4 (55979215)|HEAP_ALLOCATE|[431]|Bytes:27
20:22:04.4 (55983076)|HEAP_ALLOCATE|[431]|Bytes:157
20:22:04.4 (55992794)|ENTERING_MANAGED_PKG|
20:22:04.4 (55996609)|USER_DEBUG|[431]|DEBUG|this is the wanted Field Name ### sfield: shiva15testns__reimbursed__c### label: Reimbursed? ## name: shiva15testns__Reimbursed__c## localname: Reimbursed__c
20:22:04.4 (56006367)|STATEMENT_EXECUTE|[432]
20:22:04.4 (56012741)|HEAP_ALLOCATE|[432]|Bytes:16
20:22:04.4 (56023973)|CONSTRUCTOR_ENTRY|[432]|01p36000005Jpvx|<init>(String,String,shiva15testns.PermissionSetPortalControllers.FieldPermissionsClass)
20:22:04.4 (56030233)|VARIABLE_SCOPE_BEGIN|[1045]|this|shiva15testns.PermissionSetPortalControllers.FieldDetailsClass|true|false
20:22:04.4 (56048077)|VARIABLE_ASSIGNMENT|[1045]|this|{}|0x7514c813
20:22:04.4 (56051380)|VARIABLE_SCOPE_BEGIN|[1045]|fieldName|String|false|false
20:22:04.4 (56057367)|VARIABLE_ASSIGNMENT|[1045]|fieldName|"shiva15testns__reimb (8 more) ..."
20:22:04.4 (56059614)|VARIABLE_SCOPE_BEGIN|[1045]|fieldLabel|String|false|false
20:22:04.4 (56062688)|VARIABLE_ASSIGNMENT|[1045]|fieldLabel|"Reimbursed?"
20:22:04.4 (56064629)|VARIABLE_SCOPE_BEGIN|[1045]|fieldPermissions|shiva15testns.PermissionSetPortalControllers.FieldPermissionsClass|true|false
20:22:04.4 (56068126)|VARIABLE_ASSIGNMENT|[1045]|fieldPermissions|null|
20:22:04.4 (56070859)|STATEMENT_EXECUTE|[1036]
20:22:04.4 (56072217)|STATEMENT_EXECUTE|[1039]
20:22:04.4 (56073773)|STATEMENT_EXECUTE|[1041]
20:22:04.4 (56075037)|STATEMENT_EXECUTE|[1043]
20:22:04.4 (56086654)|STATEMENT_EXECUTE|[1045]
20:22:04.4 (56088471)|STATEMENT_EXECUTE|[1046]
20:22:04.4 (56097144)|VARIABLE_ASSIGNMENT|[1046]|this.fieldName|"shiva15testns__reimb (8 more) ..."|0x7514c813
20:22:04.4 (56099608)|STATEMENT_EXECUTE|[1047]
20:22:04.4 (56104944)|VARIABLE_ASSIGNMENT|[1047]|this.fieldLabel|"Reimbursed?"|0x7514c813
20:22:04.4 (56107125)|STATEMENT_EXECUTE|[1048]
20:22:04.4 (56111618)|VARIABLE_ASSIGNMENT|[1048]|this.fieldPermissions|null|0x7514c813
20:22:04.4 (56120496)|CONSTRUCTOR_EXIT|[432]|01p36000005Jpvx|<init>(String,String,shiva15testns.PermissionSetPortalControllers.FieldPermissionsClass)
20:22:04.4 (56138694)|VARIABLE_ASSIGNMENT|[432]|fieldClassObj|{"fieldLabel":"Reimbursed?","fieldName":"shiva15testns__reimb (8 more) ..."}|0x7514c813
20:22:04.4 (56142175)|STATEMENT_EXECUTE|[433]
20:22:04.4 (56154288)|ENTERING_MANAGED_PKG|
20:22:04.4 (56159538)|HEAP_ALLOCATE|[EXTERNAL]|Bytes:4
20:22:04.4 (56165934)|STATEMENT_EXECUTE|[434]
20:22:04.4 (56172302)|ENTERING_MANAGED_PKG|
20:22:04.4 (56175769)|HEAP_ALLOCATE|[EXTERNAL]|Bytes:4
20:22:04.4 (56189008)|HEAP_ALLOCATE|[421]|Bytes:5
20:22:04.4 (56201259)|VARIABLE_ASSIGNMENT|[421]|sfield|null
20:22:04.4 (56205335)|STATEMENT_EXECUTE|[459]
20:22:04.4 (56226898)|METHOD_ENTRY|[459]|01p36000005Jpvx|shiva15testns.PermissionSetPortalControllers.sortTheFieldLabels(List<shiva15testns.PermissionSetPortalControllers.FieldDetailsClass>)
20:22:04.4 (56250659)|VARIABLE_SCOPE_BEGIN|[475]|listOfFieldDetailsClass|List<shiva15testns.PermissionSetPortalControllers.FieldDetailsClass>|true|false
20:22:04.4 (56321738)|VARIABLE_ASSIGNMENT|[475]|listOfFieldDetailsClass|{"s":1,"v":[{"fieldLabel":"Amount","fieldName":"shiva15testns__amoun (4 more) ..."},{"fieldLabel":"Client","fieldName":"shiva15testns__clien (4 more) ..."},{"fieldLabel":"Date","fieldName":"shiva15testns__date_ (2 more) ..."},{"fieldLabel":"Reimbursed?","fieldName":"shiva15testns__reimb (8 more) ..."}]}|0x76778906
20:22:04.4 (56338889)|HEAP_ALLOCATE|[476]|Bytes:5
20:22:04.4 (56343801)|STATEMENT_EXECUTE|[475]
20:22:04.4 (56345251)|STATEMENT_EXECUTE|[476]
20:22:04.4 (56346681)|STATEMENT_EXECUTE|[476]
20:22:04.4 (56347985)|STATEMENT_EXECUTE|[478]
20:22:04.4 (56354548)|HEAP_ALLOCATE|[478]|Bytes:4
20:22:04.4 (56369986)|ENTERING_MANAGED_PKG|
20:22:04.4 (56399405)|VARIABLE_SCOPE_BEGIN|[478]|fieldNames|List<String>|true|false
20:22:04.4 (56448870)|HEAP_ALLOCATE|[EXTERNAL]|Bytes:4
20:22:04.4 (56464748)|VARIABLE_ASSIGNMENT|[478]|fieldNames|{"s":1,"v":[]}|0x6cca1557
20:22:04.4 (56470363)|STATEMENT_EXECUTE|[479]
20:22:04.4 (56476536)|HEAP_ALLOCATE|[479]|Bytes:4
20:22:04.4 (56489832)|ENTERING_MANAGED_PKG|
20:22:04.4 (56507551)|VARIABLE_SCOPE_BEGIN|[479]|finalFieldNameSortedList|List<shiva15testns.PermissionSetPortalControllers.FieldDetailsClass>|true|false
20:22:04.4 (56519859)|HEAP_ALLOCATE|[EXTERNAL]|Bytes:4
20:22:04.4 (56529617)|VARIABLE_ASSIGNMENT|[479]|finalFieldNameSortedList|{"s":1,"v":[]}|0x7bd417f9
20:22:04.4 (56532929)|STATEMENT_EXECUTE|[480]
20:22:04.4 (56585249)|HEAP_ALLOCATE|[480]|Bytes:4
20:22:04.4 (56668498)|VARIABLE_SCOPE_BEGIN|[480]|mapForFieldLabelComparision|Map<String,shiva15testns.PermissionSetPortalControllers.FieldDetailsClass>|true|false
20:22:04.4 (56691557)|VARIABLE_ASSIGNMENT|[480]|mapForFieldLabelComparision|{"s":1,"v":{}}|0x28d30cc0
20:22:04.4 (56711921)|ENTERING_MANAGED_PKG|
20:22:04.4 (56916964)|HEAP_ALLOCATE|[482]|Bytes:5
20:22:04.4 (56931248)|HEAP_ALLOCATE|[482]|Bytes:16
20:22:04.4 (56939315)|VARIABLE_SCOPE_BEGIN|[482]|fieldObj|shiva15testns.PermissionSetPortalControllers.FieldDetailsClass|true|false
20:22:04.4 (56962873)|VARIABLE_ASSIGNMENT|[482]|fieldObj|{"fieldLabel":"Amount","fieldName":"shiva15testns__amoun (4 more) ..."}|0x6a947ed6
20:22:04.4 (56967233)|STATEMENT_EXECUTE|[482]
20:22:04.4 (56968802)|STATEMENT_EXECUTE|[483]
20:22:04.4 (56987918)|ENTERING_MANAGED_PKG|
20:22:04.4 (57013666)|HEAP_ALLOCATE|[EXTERNAL]|Bytes:4
20:22:04.4 (57023801)|STATEMENT_EXECUTE|[484]
20:22:04.4 (57041884)|ENTERING_MANAGED_PKG|
20:22:04.4 (57069048)|HEAP_ALLOCATE|[EXTERNAL]|Bytes:-4
20:22:04.4 (57085403)|HEAP_ALLOCATE|[482]|Bytes:5
20:22:04.4 (57095549)|HEAP_ALLOCATE|[482]|Bytes:16
20:22:04.4 (57102360)|VARIABLE_SCOPE_BEGIN|[482]|fieldObj|shiva15testns.PermissionSetPortalControllers.FieldDetailsClass|true|false
20:22:04.4 (57123009)|VARIABLE_ASSIGNMENT|[482]|fieldObj|{"fieldLabel":"Client","fieldName":"shiva15testns__clien (4 more) ..."}|0x3a2b1d2
20:22:04.4 (57127046)|STATEMENT_EXECUTE|[482]
20:22:04.4 (57128396)|STATEMENT_EXECUTE|[483]
20:22:04.4 (57140676)|ENTERING_MANAGED_PKG|
20:22:04.4 (57144629)|HEAP_ALLOCATE|[EXTERNAL]|Bytes:4
20:22:04.4 (57150236)|STATEMENT_EXECUTE|[484]
20:22:04.4 (57156895)|ENTERING_MANAGED_PKG|
20:22:04.4 (57161822)|HEAP_ALLOCATE|[EXTERNAL]|Bytes:-4
20:22:04.4 (57174277)|HEAP_ALLOCATE|[482]|Bytes:5
20:22:04.4 (57183557)|HEAP_ALLOCATE|[482]|Bytes:16
20:22:04.4 (57189548)|VARIABLE_SCOPE_BEGIN|[482]|fieldObj|shiva15testns.PermissionSetPortalControllers.FieldDetailsClass|true|false
20:22:04.4 (57207865)|VARIABLE_ASSIGNMENT|[482]|fieldObj|{"fieldLabel":"Date","fieldName":"shiva15testns__date_ (2 more) ..."}|0x68bd5aff
20:22:04.4 (57211510)|STATEMENT_EXECUTE|[482]
20:22:04.4 (57213151)|STATEMENT_EXECUTE|[483]
20:22:04.4 (57224479)|ENTERING_MANAGED_PKG|
20:22:04.4 (57227959)|HEAP_ALLOCATE|[EXTERNAL]|Bytes:4
20:22:04.4 (57233496)|STATEMENT_EXECUTE|[484]
20:22:04.4 (57240240)|ENTERING_MANAGED_PKG|
20:22:04.4 (57245031)|HEAP_ALLOCATE|[EXTERNAL]|Bytes:-4
20:22:04.4 (57257243)|HEAP_ALLOCATE|[482]|Bytes:5
20:22:04.4 (57266587)|HEAP_ALLOCATE|[482]|Bytes:16
20:22:04.4 (57272570)|VARIABLE_SCOPE_BEGIN|[482]|fieldObj|shiva15testns.PermissionSetPortalControllers.FieldDetailsClass|true|false
20:22:04.4 (57290637)|VARIABLE_ASSIGNMENT|[482]|fieldObj|{"fieldLabel":"Reimbursed?","fieldName":"shiva15testns__reimb (8 more) ..."}|0x7514c813
20:22:04.4 (57294445)|STATEMENT_EXECUTE|[482]
20:22:04.4 (57295810)|STATEMENT_EXECUTE|[483]
20:22:04.4 (57306997)|ENTERING_MANAGED_PKG|
20:22:04.4 (57310491)|HEAP_ALLOCATE|[EXTERNAL]|Bytes:4
20:22:04.4 (57316092)|STATEMENT_EXECUTE|[484]
20:22:04.4 (57322818)|ENTERING_MANAGED_PKG|
20:22:04.4 (57327725)|HEAP_ALLOCATE|[EXTERNAL]|Bytes:-4
20:22:04.4 (57340361)|HEAP_ALLOCATE|[482]|Bytes:5
20:22:04.4 (57352154)|VARIABLE_ASSIGNMENT|[482]|fieldObj|null|
20:22:04.4 (57355376)|STATEMENT_EXECUTE|[486]
20:22:04.4 (57366894)|ENTERING_MANAGED_PKG|
20:22:04.4 (57407860)|ENTERING_MANAGED_PKG|
20:22:04.4 (57434155)|HEAP_ALLOCATE|[488]|Bytes:5
20:22:04.4 (57445417)|HEAP_ALLOCATE|[488]|Bytes:6
20:22:04.4 (57452831)|VARIABLE_SCOPE_BEGIN|[488]|str|String|false|false
20:22:04.4 (57460889)|VARIABLE_ASSIGNMENT|[488]|str|"Amount"
20:22:04.4 (57463916)|STATEMENT_EXECUTE|[488]
20:22:04.4 (57476044)|ENTERING_MANAGED_PKG|
20:22:04.4 (57502127)|STATEMENT_EXECUTE|[489]
20:22:04.4 (57504282)|STATEMENT_EXECUTE|[490]
20:22:04.4 (57513760)|ENTERING_MANAGED_PKG|
20:22:04.4 (57542733)|ENTERING_MANAGED_PKG|
20:22:04.4 (57548157)|HEAP_ALLOCATE|[EXTERNAL]|Bytes:4
20:22:04.4 (57562167)|HEAP_ALLOCATE|[488]|Bytes:5
20:22:04.4 (57571686)|HEAP_ALLOCATE|[488]|Bytes:6
20:22:04.4 (57578299)|VARIABLE_SCOPE_BEGIN|[488]|str|String|false|false
20:22:04.4 (57585461)|VARIABLE_ASSIGNMENT|[488]|str|"Client"
20:22:04.4 (57588134)|STATEMENT_EXECUTE|[488]
20:22:04.4 (57596928)|ENTERING_MANAGED_PKG|
20:22:04.4 (57604118)|STATEMENT_EXECUTE|[489]
20:22:04.4 (57605692)|STATEMENT_EXECUTE|[490]
20:22:04.4 (57611085)|ENTERING_MANAGED_PKG|
20:22:04.4 (57621568)|ENTERING_MANAGED_PKG|
20:22:04.4 (57625878)|HEAP_ALLOCATE|[EXTERNAL]|Bytes:4
20:22:04.4 (57637804)|HEAP_ALLOCATE|[488]|Bytes:5
20:22:04.4 (57646985)|HEAP_ALLOCATE|[488]|Bytes:4
20:22:04.4 (57653262)|VARIABLE_SCOPE_BEGIN|[488]|str|String|false|false
20:22:04.4 (57659617)|VARIABLE_ASSIGNMENT|[488]|str|"Date"
20:22:04.4 (57662056)|STATEMENT_EXECUTE|[488]
20:22:04.4 (57670371)|ENTERING_MANAGED_PKG|
20:22:04.4 (57677278)|STATEMENT_EXECUTE|[489]
20:22:04.4 (57678881)|STATEMENT_EXECUTE|[490]
20:22:04.4 (57684241)|ENTERING_MANAGED_PKG|
20:22:04.4 (57694605)|ENTERING_MANAGED_PKG|
20:22:04.4 (57698720)|HEAP_ALLOCATE|[EXTERNAL]|Bytes:4
20:22:04.4 (57710655)|HEAP_ALLOCATE|[488]|Bytes:5
20:22:04.4 (57719621)|HEAP_ALLOCATE|[488]|Bytes:11
20:22:04.4 (57725659)|VARIABLE_SCOPE_BEGIN|[488]|str|String|false|false
20:22:04.4 (57732562)|VARIABLE_ASSIGNMENT|[488]|str|"Reimbursed?"
20:22:04.4 (57735057)|STATEMENT_EXECUTE|[488]
20:22:04.4 (57742963)|ENTERING_MANAGED_PKG|
20:22:04.4 (57749907)|STATEMENT_EXECUTE|[489]
20:22:04.4 (57751444)|STATEMENT_EXECUTE|[490]
20:22:04.4 (57756802)|ENTERING_MANAGED_PKG|
20:22:04.4 (57767008)|ENTERING_MANAGED_PKG|
20:22:04.4 (57771105)|HEAP_ALLOCATE|[EXTERNAL]|Bytes:4
20:22:04.4 (57782801)|HEAP_ALLOCATE|[488]|Bytes:5
20:22:04.4 (57798460)|VARIABLE_ASSIGNMENT|[488]|str|null
20:22:04.4 (57801883)|STATEMENT_EXECUTE|[493]
20:22:04.4 (57812730)|METHOD_EXIT|[459]|01p36000005Jpvx|shiva15testns.PermissionSetPortalControllers.sortTheFieldLabels(List<shiva15testns.PermissionSetPortalControllers.FieldDetailsClass>)
20:22:04.4 (57854456)|VARIABLE_ASSIGNMENT|[459]|individualObjectAllFieldsList|{"s":1,"v":[{"fieldLabel":"Amount","fieldName":"shiva15testns__amoun (4 more) ..."},{"fieldLabel":"Client","fieldName":"shiva15testns__clien (4 more) ..."},{"fieldLabel":"Date","fieldName":"shiva15testns__date_ (2 more) ..."},{"fieldLabel":"Reimbursed?","fieldName":"shiva15testns__reimb (8 more) ..."}]}|0x7bd417f9
20:22:04.4 (57862983)|STATEMENT_EXECUTE|[460]
20:22:04.4 (57884341)|METHOD_ENTRY|[460]|01p36000005Jpvx|shiva15testns.PermissionSetPortalControllers.getFieldPermissions(String, String, List<shiva15testns.PermissionSetPortalControllers.FieldDetailsClass>)
20:22:04.4 (57905966)|VARIABLE_SCOPE_BEGIN|[507]|pSetId|String|false|false
20:22:04.4 (57913707)|VARIABLE_ASSIGNMENT|[507]|pSetId|"0PS36000000q71PGAQ"
20:22:04.4 (57917232)|VARIABLE_SCOPE_BEGIN|[507]|objName|String|false|false
20:22:04.4 (57921876)|VARIABLE_ASSIGNMENT|[507]|objName|"shiva15testns__expen (5 more) ..."
20:22:04.4 (57925272)|VARIABLE_SCOPE_BEGIN|[507]|individualObjectAllFieldsListAsInput|List<shiva15testns.PermissionSetPortalControllers.FieldDetailsClass>|true|false
20:22:04.4 (57960819)|VARIABLE_ASSIGNMENT|[507]|individualObjectAllFieldsListAsInput|{"s":1,"v":[{"fieldLabel":"Amount","fieldName":"shiva15testns__amoun (4 more) ..."},{"fieldLabel":"Client","fieldName":"shiva15testns__clien (4 more) ..."},{"fieldLabel":"Date","fieldName":"shiva15testns__date_ (2 more) ..."},{"fieldLabel":"Reimbursed?","fieldName":"shiva15testns__reimb (8 more) ..."}]}|0x7bd417f9
20:22:04.4 (57971995)|HEAP_ALLOCATE|[510]|Bytes:5
20:22:04.4 (57976280)|STATEMENT_EXECUTE|[507]
20:22:04.4 (57977899)|STATEMENT_EXECUTE|[509]
20:22:04.4 (57982943)|HEAP_ALLOCATE|[510]|Bytes:163
20:22:04.4 (57991418)|HEAP_ALLOCATE|[510]|Bytes:4
20:22:04.4 (58003540)|HEAP_ALLOCATE|[510]|Bytes:7
20:22:04.4 (58021317)|HEAP_ALLOCATE|[510]|Bytes:7
20:22:04.4 (59020959)|SOQL_EXECUTE_BEGIN|[510]|Aggregations:0|SELECT Id, Field, Parent.Name, ParentId, SobjectType, PermissionsEdit, PermissionsRead FROM FieldPermissions WHERE (ParentId = :tmpVar1 AND SobjectType = :tmpVar2)
20:22:04.4 (103352877)|SOQL_EXECUTE_END|[510]|Rows:3
20:22:04.4 (103384171)|HEAP_ALLOCATE|[510]|Bytes:16
20:22:04.4 (103419774)|HEAP_ALLOCATE|[510]|Bytes:708
20:22:04.4 (103556668)|HEAP_ALLOCATE|[510]|Bytes:16
20:22:04.4 (103587519)|VARIABLE_SCOPE_BEGIN|[509]|FieldPermissionsList|List<FieldPermissions>|true|false
20:22:04.4 (103662173)|VARIABLE_ASSIGNMENT|[509]|FieldPermissionsList|{"s":1,"v":[{"s":2,"v":{"Id":"01k3600008wtgirAAA","Field":"shiva15testns__Expen (30 more) ...","ParentId":"0PS36000000q71PGAQ","SobjectType":"shiva15testns__Expen (5 more) ...","PermissionsEdit":false,"PermissionsRead":true,"Parent":{"s":3,"v":{"Name":"PermissionSet_Test_t (6 more) ...","Id":"0PS36000000q71PGAQ"}}}},{"s":4,"v":{"Id":"01k3600008wtgisAAA","Field":"shiva15testns__Expen (30 more) ...","ParentId":"0PS36000000q71PGAQ","SobjectType":"shiva15testns__Expen (5 more) ...","PermissionsEdit":true,"PermissionsRead":true,"Parent":{"r":3}}},{"s":5,"v":{"Id":"01k3600008wtgitAAA","Field":"shiva15testns__Expen (34 more) ...","ParentId":"0PS36000000q71PGAQ","SobjectType":"shiva15testns__Expen (5 more) ...","PermissionsEdit":true,"PermissionsRead":true,"Parent":{"r":3}}}]}|0x56ddf91a
20:22:04.4 (103671292)|STATEMENT_EXECUTE|[512]
20:22:04.4 (103730737)|HEAP_ALLOCATE|[512]|Bytes:4
20:22:04.4 (103806575)|VARIABLE_SCOPE_BEGIN|[512]|fieldPermissionsListMap|Map<String,FieldPermissions>|true|false
20:22:04.4 (103828226)|VARIABLE_ASSIGNMENT|[512]|fieldPermissionsListMap|{"s":1,"v":{}}|0x201f6cc2
20:22:04.4 (103922448)|ENTERING_MANAGED_PKG|
20:22:04.4 (104152074)|HEAP_ALLOCATE|[514]|Bytes:5
20:22:04.4 (104202841)|HEAP_ALLOCATE|[514]|Bytes:32
20:22:04.4 (104217101)|VARIABLE_SCOPE_BEGIN|[514]|fper|FieldPermissions|true|false
20:22:04.4 (104240644)|VARIABLE_ASSIGNMENT|[514]|fper|{"s":1,"v":{"Id":"01k3600008wtgirAAA","Field":"shiva15testns__Expen (30 more) ...","ParentId":"0PS36000000q71PGAQ","SobjectType":"shiva15testns__Expen (5 more) ...","PermissionsEdit":false,"PermissionsRead":true,"Parent":{"s":2,"v":{"Name":"PermissionSet_Test_t (6 more) ...","Id":"0PS36000000q71PGAQ"}}}}|0x26c7af1a
20:22:04.4 (104245835)|STATEMENT_EXECUTE|[514]
20:22:04.4 (104247620)|STATEMENT_EXECUTE|[515]
20:22:04.4 (104306765)|ENTERING_MANAGED_PKG|
20:22:04.4 (104330348)|HEAP_ALLOCATE|[515]|Bytes:50
20:22:04.4 (104356651)|ENTERING_MANAGED_PKG|
20:22:04.4 (104365167)|HEAP_ALLOCATE|[EXTERNAL]|Bytes:-4
20:22:04.4 (104382005)|HEAP_ALLOCATE|[514]|Bytes:5
20:22:04.4 (104404855)|HEAP_ALLOCATE|[514]|Bytes:32
20:22:04.4 (104414056)|VARIABLE_SCOPE_BEGIN|[514]|fper|FieldPermissions|true|false
20:22:04.4 (104435440)|VARIABLE_ASSIGNMENT|[514]|fper|{"s":1,"v":{"Id":"01k3600008wtgisAAA","Field":"shiva15testns__Expen (30 more) ...","ParentId":"0PS36000000q71PGAQ","SobjectType":"shiva15testns__Expen (5 more) ...","PermissionsEdit":true,"PermissionsRead":true,"Parent":{"s":2,"v":{"Name":"PermissionSet_Test_t (6 more) ...","Id":"0PS36000000q71PGAQ"}}}}|0x522d315
20:22:04.4 (104440132)|STATEMENT_EXECUTE|[514]
20:22:04.4 (104441612)|STATEMENT_EXECUTE|[515]
20:22:04.4 (104463874)|ENTERING_MANAGED_PKG|
20:22:04.4 (104468833)|HEAP_ALLOCATE|[515]|Bytes:50
20:22:04.4 (104482765)|ENTERING_MANAGED_PKG|
20:22:04.4 (104487128)|HEAP_ALLOCATE|[EXTERNAL]|Bytes:-4
20:22:04.4 (104500933)|HEAP_ALLOCATE|[514]|Bytes:5
20:22:04.4 (104522444)|HEAP_ALLOCATE|[514]|Bytes:32
20:22:04.4 (104530976)|VARIABLE_SCOPE_BEGIN|[514]|fper|FieldPermissions|true|false
20:22:04.4 (104551688)|VARIABLE_ASSIGNMENT|[514]|fper|{"s":1,"v":{"Id":"01k3600008wtgitAAA","Field":"shiva15testns__Expen (34 more) ...","ParentId":"0PS36000000q71PGAQ","SobjectType":"shiva15testns__Expen (5 more) ...","PermissionsEdit":true,"PermissionsRead":true,"Parent":{"s":2,"v":{"Name":"PermissionSet_Test_t (6 more) ...","Id":"0PS36000000q71PGAQ"}}}}|0x309eaedd
20:22:04.4 (104556027)|STATEMENT_EXECUTE|[514]
20:22:04.4 (104557456)|STATEMENT_EXECUTE|[515]
20:22:04.4 (104578532)|ENTERING_MANAGED_PKG|
20:22:04.4 (104583697)|HEAP_ALLOCATE|[515]|Bytes:54
20:22:04.4 (104597257)|ENTERING_MANAGED_PKG|
20:22:04.4 (104601671)|HEAP_ALLOCATE|[EXTERNAL]|Bytes:-4
20:22:04.4 (104615323)|HEAP_ALLOCATE|[514]|Bytes:5
20:22:04.4 (104628768)|VARIABLE_ASSIGNMENT|[514]|fper|null|
20:22:04.4 (104633415)|STATEMENT_EXECUTE|[518]
20:22:04.4 (104641200)|HEAP_ALLOCATE|[518]|Bytes:4
20:22:04.4 (104654243)|ENTERING_MANAGED_PKG|
20:22:04.4 (104677901)|VARIABLE_SCOPE_BEGIN|[518]|individualObjectAllFieldsFinalList|List<shiva15testns.PermissionSetPortalControllers.FieldDetailsClass>|true|false
20:22:04.4 (104699812)|HEAP_ALLOCATE|[EXTERNAL]|Bytes:4
20:22:04.4 (104711329)|VARIABLE_ASSIGNMENT|[518]|individualObjectAllFieldsFinalList|{"s":1,"v":[]}|0xf8ece4b
20:22:04.4 (104714754)|STATEMENT_EXECUTE|[520]
20:22:04.4 (104719795)|VARIABLE_SCOPE_BEGIN|[520]|fieldPermissionsObj|shiva15testns.PermissionSetPortalControllers.FieldPermissionsClass|true|false
20:22:04.4 (104728596)|VARIABLE_ASSIGNMENT|[520]|fieldPermissionsObj|null|
20:22:04.4 (104744885)|ENTERING_MANAGED_PKG|
20:22:04.4 (104776856)|HEAP_ALLOCATE|[522]|Bytes:5
20:22:04.4 (104790419)|HEAP_ALLOCATE|[522]|Bytes:16
20:22:04.4 (104798083)|VARIABLE_SCOPE_BEGIN|[522]|fieldClassObj|shiva15testns.PermissionSetPortalControllers.FieldDetailsClass|true|false
20:22:04.4 (104841172)|VARIABLE_ASSIGNMENT|[522]|fieldClassObj|{"fieldLabel":"Amount","fieldName":"shiva15testns__amoun (4 more) ..."}|0x6a947ed6
20:22:04.4 (104845612)|STATEMENT_EXECUTE|[522]
20:22:04.4 (104859348)|ENTERING_MANAGED_PKG|
20:22:04.4 (104886649)|STATEMENT_EXECUTE|[523]
20:22:04.4 (104888758)|STATEMENT_EXECUTE|[525]
20:22:04.4 (104895579)|HEAP_ALLOCATE|[525]|Bytes:36
20:22:04.4 (104919708)|ENTERING_MANAGED_PKG|
20:22:04.4 (104947148)|USER_DEBUG|[525]|DEBUG|fieldPermissionsListMap is not empty
20:22:04.4 (104955619)|STATEMENT_EXECUTE|[526]
20:22:04.4 (104970125)|ENTERING_MANAGED_PKG|
20:22:04.4 (104984992)|HEAP_ALLOCATE|[526]|Bytes:25
20:22:04.4 (104996689)|HEAP_ALLOCATE|[526]|Bytes:1
20:22:04.4 (105015466)|ENTERING_MANAGED_PKG|
20:22:04.4 (105020929)|HEAP_ALLOCATE|[526]|Bytes:24
20:22:04.4 (105039259)|HEAP_ALLOCATE|[526]|Bytes:50
20:22:04.4 (105044620)|VARIABLE_SCOPE_BEGIN|[526]|fieldNameFromAllFields|String|false|false
20:22:04.4 (105053936)|VARIABLE_ASSIGNMENT|[526]|fieldNameFromAllFields|"shiva15testns__expen (30 more) ..."
20:22:04.4 (105066166)|ENTERING_MANAGED_PKG|
20:22:04.4 (105096549)|STATEMENT_EXECUTE|[527]
20:22:04.4 (105098755)|STATEMENT_EXECUTE|[528]
20:22:04.4 (105103215)|HEAP_ALLOCATE|[528]|Bytes:50
20:22:04.4 (105111954)|HEAP_ALLOCATE|[528]|Bytes:100
20:22:04.4 (105124728)|ENTERING_MANAGED_PKG|
20:22:04.4 (105138943)|USER_DEBUG|[528]|DEBUG|fieldName have been compared and they are equal : shiva15testns__expense__c.shiva15testns__amount__c
20:22:04.4 (105146508)|STATEMENT_EXECUTE|[529]
20:22:04.4 (105156653)|ENTERING_MANAGED_PKG|
20:22:04.4 (105184978)|VARIABLE_SCOPE_BEGIN|[529]|fieldPer|FieldPermissions|true|false
20:22:04.4 (105206978)|VARIABLE_ASSIGNMENT|[529]|fieldPer|{"s":1,"v":{"Id":"01k3600008wtgirAAA","Field":"shiva15testns__Expen (30 more) ...","ParentId":"0PS36000000q71PGAQ","SobjectType":"shiva15testns__Expen (5 more) ...","PermissionsEdit":false,"PermissionsRead":true,"Parent":{"s":2,"v":{"Name":"PermissionSet_Test_t (6 more) ...","Id":"0PS36000000q71PGAQ"}}}}|0x26c7af1a
20:22:04.4 (105211385)|STATEMENT_EXECUTE|[530]
20:22:04.4 (105220797)|HEAP_ALLOCATE|[530]|Bytes:4
20:22:04.4 (105253328)|HEAP_ALLOCATE|[530]|Bytes:16
20:22:04.4 (105287523)|HEAP_ALLOCATE|[530]|Bytes:18
20:22:04.4 (105360573)|CONSTRUCTOR_ENTRY|[530]|01p36000005Jpvx|<init>(String,Boolean,Boolean)
20:22:04.4 (105405065)|VARIABLE_SCOPE_BEGIN|[1061]|this|shiva15testns.PermissionSetPortalControllers.FieldPermissionsClass|true|false
20:22:04.4 (105431377)|VARIABLE_ASSIGNMENT|[1061]|this|{}|0x4227de72
20:22:04.4 (105437579)|VARIABLE_SCOPE_BEGIN|[1061]|fieldPermissionsId|String|false|false
20:22:04.4 (105443255)|VARIABLE_ASSIGNMENT|[1061]|fieldPermissionsId|"01k3600008wtgirAAA"
20:22:04.4 (105446688)|VARIABLE_SCOPE_BEGIN|[1061]|fieldRead|Boolean|false|false
20:22:04.4 (105450472)|VARIABLE_ASSIGNMENT|[1061]|fieldRead|true
20:22:04.4 (105453514)|VARIABLE_SCOPE_BEGIN|[1061]|fieldEdit|Boolean|false|false
20:22:04.4 (105456668)|VARIABLE_ASSIGNMENT|[1061]|fieldEdit|false
20:22:04.4 (105461375)|STATEMENT_EXECUTE|[1052]
20:22:04.4 (105463104)|STATEMENT_EXECUTE|[1055]
20:22:04.4 (105464888)|STATEMENT_EXECUTE|[1057]
20:22:04.4 (105466122)|STATEMENT_EXECUTE|[1059]
20:22:04.4 (105487479)|STATEMENT_EXECUTE|[1061]
20:22:04.4 (105489395)|STATEMENT_EXECUTE|[1062]
20:22:04.4 (105503489)|VARIABLE_ASSIGNMENT|[1062]|this.fieldPermissionsId|"01k3600008wtgirAAA"|0x4227de72
20:22:04.4 (105506285)|STATEMENT_EXECUTE|[1063]
20:22:04.4 (105512584)|VARIABLE_ASSIGNMENT|[1063]|this.fieldRead|true|0x4227de72
20:22:04.4 (105514660)|STATEMENT_EXECUTE|[1064]
20:22:04.4 (105519555)|VARIABLE_ASSIGNMENT|[1064]|this.fieldEdit|false|0x4227de72
20:22:04.4 (105528885)|CONSTRUCTOR_EXIT|[530]|01p36000005Jpvx|<init>(String,Boolean,Boolean)
20:22:04.4 (105547481)|VARIABLE_ASSIGNMENT|[530]|fieldPermissionsObj|{"fieldEdit":false,"fieldPermissionsId":"01k3600008wtgirAAA","fieldRead":true}|0x4227de72
20:22:04.4 (105551666)|STATEMENT_EXECUTE|[537]
20:22:04.4 (105558811)|VARIABLE_ASSIGNMENT|[537]|this.fieldPermissions|0x4227de72|0x6a947ed6
20:22:04.4 (105561306)|STATEMENT_EXECUTE|[538]
20:22:04.4 (105575803)|ENTERING_MANAGED_PKG|
20:22:04.4 (105601523)|HEAP_ALLOCATE|[EXTERNAL]|Bytes:4
20:22:04.4 (105619063)|HEAP_ALLOCATE|[522]|Bytes:5
20:22:04.4 (105630154)|HEAP_ALLOCATE|[522]|Bytes:16
20:22:04.4 (105636860)|VARIABLE_SCOPE_BEGIN|[522]|fieldClassObj|shiva15testns.PermissionSetPortalControllers.FieldDetailsClass|true|false
20:22:04.4 (105658602)|VARIABLE_ASSIGNMENT|[522]|fieldClassObj|{"fieldLabel":"Client","fieldName":"shiva15testns__clien (4 more) ..."}|0x3a2b1d2
20:22:04.4 (105662583)|STATEMENT_EXECUTE|[522]
20:22:04.4 (105674479)|ENTERING_MANAGED_PKG|
20:22:04.4 (105690042)|STATEMENT_EXECUTE|[523]
20:22:04.4 (105692010)|STATEMENT_EXECUTE|[525]
20:22:04.4 (105701711)|ENTERING_MANAGED_PKG|
20:22:04.4 (105705831)|USER_DEBUG|[525]|DEBUG|fieldPermissionsListMap is not empty
20:22:04.4 (105711565)|STATEMENT_EXECUTE|[526]
20:22:04.4 (105723359)|ENTERING_MANAGED_PKG|
20:22:04.4 (105727893)|HEAP_ALLOCATE|[526]|Bytes:25
20:22:04.4 (105744122)|ENTERING_MANAGED_PKG|
20:22:04.4 (105747688)|HEAP_ALLOCATE|[526]|Bytes:24
20:22:04.4 (105757671)|HEAP_ALLOCATE|[526]|Bytes:50
20:22:04.4 (105762550)|VARIABLE_SCOPE_BEGIN|[526]|fieldNameFromAllFields|String|false|false
20:22:04.4 (105770937)|VARIABLE_ASSIGNMENT|[526]|fieldNameFromAllFields|"shiva15testns__expen (30 more) ..."
20:22:04.4 (105780092)|ENTERING_MANAGED_PKG|
20:22:04.4 (105788226)|STATEMENT_EXECUTE|[527]
20:22:04.4 (105789859)|STATEMENT_EXECUTE|[528]
20:22:04.4 (105795230)|HEAP_ALLOCATE|[528]|Bytes:100
20:22:04.4 (105803817)|ENTERING_MANAGED_PKG|
20:22:04.4 (105806957)|USER_DEBUG|[528]|DEBUG|fieldName have been compared and they are equal : shiva15testns__expense__c.shiva15testns__client__c
20:22:04.4 (105812472)|STATEMENT_EXECUTE|[529]
20:22:04.4 (105818692)|ENTERING_MANAGED_PKG|
20:22:04.4 (105829871)|VARIABLE_SCOPE_BEGIN|[529]|fieldPer|FieldPermissions|true|false
20:22:04.4 (105850514)|VARIABLE_ASSIGNMENT|[529]|fieldPer|{"s":1,"v":{"Id":"01k3600008wtgisAAA","Field":"shiva15testns__Expen (30 more) ...","ParentId":"0PS36000000q71PGAQ","SobjectType":"shiva15testns__Expen (5 more) ...","PermissionsEdit":true,"PermissionsRead":true,"Parent":{"s":2,"v":{"Name":"PermissionSet_Test_t (6 more) ...","Id":"0PS36000000q71PGAQ"}}}}|0x522d315
20:22:04.4 (105854691)|STATEMENT_EXECUTE|[530]
20:22:04.4 (105859578)|HEAP_ALLOCATE|[530]|Bytes:16
20:22:04.4 (105869854)|HEAP_ALLOCATE|[530]|Bytes:18
20:22:04.4 (105885606)|CONSTRUCTOR_ENTRY|[530]|01p36000005Jpvx|<init>(String,Boolean,Boolean)
20:22:04.4 (105891708)|VARIABLE_SCOPE_BEGIN|[1061]|this|shiva15testns.PermissionSetPortalControllers.FieldPermissionsClass|true|false
20:22:04.4 (105910882)|VARIABLE_ASSIGNMENT|[1061]|this|{}|0x7476e65d
20:22:04.4 (105914564)|VARIABLE_SCOPE_BEGIN|[1061]|fieldPermissionsId|String|false|false
20:22:04.4 (105919407)|VARIABLE_ASSIGNMENT|[1061]|fieldPermissionsId|"01k3600008wtgisAAA"
20:22:04.4 (105921496)|VARIABLE_SCOPE_BEGIN|[1061]|fieldRead|Boolean|false|false
20:22:04.4 (105924692)|VARIABLE_ASSIGNMENT|[1061]|fieldRead|true
20:22:04.4 (105926430)|VARIABLE_SCOPE_BEGIN|[1061]|fieldEdit|Boolean|false|false
20:22:04.4 (105929033)|VARIABLE_ASSIGNMENT|[1061]|fieldEdit|true
20:22:04.4 (105931653)|STATEMENT_EXECUTE|[1052]
20:22:04.4 (105933115)|STATEMENT_EXECUTE|[1055]
20:22:04.4 (105934798)|STATEMENT_EXECUTE|[1057]
20:22:04.4 (105935966)|STATEMENT_EXECUTE|[1059]
20:22:04.4 (105947630)|STATEMENT_EXECUTE|[1061]
20:22:04.4 (105949400)|STATEMENT_EXECUTE|[1062]
20:22:04.4 (105957117)|VARIABLE_ASSIGNMENT|[1062]|this.fieldPermissionsId|"01k3600008wtgisAAA"|0x7476e65d
20:22:04.4 (105959514)|STATEMENT_EXECUTE|[1063]
20:22:04.4 (105964470)|VARIABLE_ASSIGNMENT|[1063]|this.fieldRead|true|0x7476e65d
20:22:04.4 (105966453)|STATEMENT_EXECUTE|[1064]
20:22:04.4 (105970755)|VARIABLE_ASSIGNMENT|[1064]|this.fieldEdit|true|0x7476e65d
20:22:04.4 (105979515)|CONSTRUCTOR_EXIT|[530]|01p36000005Jpvx|<init>(String,Boolean,Boolean)
20:22:04.4 (105997176)|VARIABLE_ASSIGNMENT|[530]|fieldPermissionsObj|{"fieldEdit":true,"fieldPermissionsId":"01k3600008wtgisAAA","fieldRead":true}|0x7476e65d
20:22:04.4 (106000846)|STATEMENT_EXECUTE|[537]
20:22:04.4 (106007968)|VARIABLE_ASSIGNMENT|[537]|this.fieldPermissions|0x7476e65d|0x3a2b1d2
20:22:04.4 (106010417)|STATEMENT_EXECUTE|[538]
20:22:04.4 (106021971)|ENTERING_MANAGED_PKG|
20:22:04.4 (106026890)|HEAP_ALLOCATE|[EXTERNAL]|Bytes:4
20:22:04.4 (106041332)|HEAP_ALLOCATE|[522]|Bytes:5
20:22:04.4 (106052134)|HEAP_ALLOCATE|[522]|Bytes:16
20:22:04.4 (106058403)|VARIABLE_SCOPE_BEGIN|[522]|fieldClassObj|shiva15testns.PermissionSetPortalControllers.FieldDetailsClass|true|false
20:22:04.4 (106078877)|VARIABLE_ASSIGNMENT|[522]|fieldClassObj|{"fieldLabel":"Date","fieldName":"shiva15testns__date_ (2 more) ..."}|0x68bd5aff
20:22:04.4 (106082724)|STATEMENT_EXECUTE|[522]
20:22:04.4 (106093945)|ENTERING_MANAGED_PKG|
20:22:04.4 (106105085)|STATEMENT_EXECUTE|[523]
20:22:04.4 (106106861)|STATEMENT_EXECUTE|[525]
20:22:04.4 (106115382)|ENTERING_MANAGED_PKG|
20:22:04.4 (106119108)|USER_DEBUG|[525]|DEBUG|fieldPermissionsListMap is not empty
20:22:04.4 (106124640)|STATEMENT_EXECUTE|[526]
20:22:04.4 (106136016)|ENTERING_MANAGED_PKG|
20:22:04.4 (106140342)|HEAP_ALLOCATE|[526]|Bytes:25
20:22:04.4 (106155523)|ENTERING_MANAGED_PKG|
20:22:04.4 (106159124)|HEAP_ALLOCATE|[526]|Bytes:22
20:22:04.4 (106169006)|HEAP_ALLOCATE|[526]|Bytes:48
20:22:04.4 (106173798)|VARIABLE_SCOPE_BEGIN|[526]|fieldNameFromAllFields|String|false|false
20:22:04.4 (106182142)|VARIABLE_ASSIGNMENT|[526]|fieldNameFromAllFields|"shiva15testns__expen (28 more) ..."
20:22:04.4 (106191240)|ENTERING_MANAGED_PKG|
20:22:04.4 (106199290)|STATEMENT_EXECUTE|[533]
20:22:04.4 (106201201)|STATEMENT_EXECUTE|[534]
20:22:04.4 (106205843)|HEAP_ALLOCATE|[534]|Bytes:50
20:22:04.4 (106212347)|HEAP_ALLOCATE|[534]|Bytes:98
20:22:04.4 (106222927)|ENTERING_MANAGED_PKG|
20:22:04.4 (106238111)|USER_DEBUG|[534]|DEBUG|fieldName have been compared and they NOT equal : shiva15testns__expense__c.shiva15testns__date__c
20:22:04.4 (106245152)|STATEMENT_EXECUTE|[535]
20:22:04.4 (106250847)|HEAP_ALLOCATE|[535]|Bytes:16
20:22:04.4 (106262843)|CONSTRUCTOR_ENTRY|[535]|01p36000005Jpvx|<init>(String,Boolean,Boolean)
20:22:04.4 (106279631)|VARIABLE_SCOPE_BEGIN|[1061]|this|shiva15testns.PermissionSetPortalControllers.FieldPermissionsClass|true|false
20:22:04.4 (106296607)|VARIABLE_ASSIGNMENT|[1061]|this|{}|0x6dc68661
20:22:04.4 (106300011)|VARIABLE_SCOPE_BEGIN|[1061]|fieldPermissionsId|String|false|false
20:22:04.4 (106303530)|VARIABLE_ASSIGNMENT|[1061]|fieldPermissionsId|null
20:22:04.4 (106306770)|VARIABLE_SCOPE_BEGIN|[1061]|fieldRead|Boolean|false|false
20:22:04.4 (106309900)|VARIABLE_ASSIGNMENT|[1061]|fieldRead|false
20:22:04.4 (106312052)|VARIABLE_SCOPE_BEGIN|[1061]|fieldEdit|Boolean|false|false
20:22:04.4 (106314763)|VARIABLE_ASSIGNMENT|[1061]|fieldEdit|false
20:22:04.4 (106317388)|STATEMENT_EXECUTE|[1052]
20:22:04.4 (106318794)|STATEMENT_EXECUTE|[1055]
20:22:04.4 (106320453)|STATEMENT_EXECUTE|[1057]
20:22:04.4 (106321620)|STATEMENT_EXECUTE|[1059]
20:22:04.4 (106332780)|STATEMENT_EXECUTE|[1061]
20:22:04.4 (106334528)|STATEMENT_EXECUTE|[1062]
20:22:04.4 (106341406)|VARIABLE_ASSIGNMENT|[1062]|this.fieldPermissionsId|null|0x6dc68661
20:22:04.4 (106343644)|STATEMENT_EXECUTE|[1063]
20:22:04.4 (106346779)|HEAP_ALLOCATE|[1063]|Bytes:5
20:22:04.4 (106352691)|VARIABLE_ASSIGNMENT|[1063]|this.fieldRead|false|0x6dc68661
20:22:04.4 (106355013)|STATEMENT_EXECUTE|[1064]
20:22:04.4 (106357530)|HEAP_ALLOCATE|[1064]|Bytes:5
20:22:04.4 (106362329)|VARIABLE_ASSIGNMENT|[1064]|this.fieldEdit|false|0x6dc68661
20:22:04.4 (106371264)|CONSTRUCTOR_EXIT|[535]|01p36000005Jpvx|<init>(String,Boolean,Boolean)
20:22:04.4 (106387943)|VARIABLE_ASSIGNMENT|[535]|fieldPermissionsObj|{"fieldEdit":false,"fieldRead":false}|0x6dc68661
20:22:04.4 (106391306)|STATEMENT_EXECUTE|[537]
20:22:04.4 (106397103)|VARIABLE_ASSIGNMENT|[537]|this.fieldPermissions|0x6dc68661|0x68bd5aff
20:22:04.4 (106399157)|STATEMENT_EXECUTE|[538]
20:22:04.4 (106410747)|ENTERING_MANAGED_PKG|
20:22:04.4 (106415509)|HEAP_ALLOCATE|[EXTERNAL]|Bytes:4
20:22:04.4 (106429812)|HEAP_ALLOCATE|[522]|Bytes:5
20:22:04.4 (106440312)|HEAP_ALLOCATE|[522]|Bytes:16
20:22:04.4 (106446653)|VARIABLE_SCOPE_BEGIN|[522]|fieldClassObj|shiva15testns.PermissionSetPortalControllers.FieldDetailsClass|true|false
20:22:04.4 (106466649)|VARIABLE_ASSIGNMENT|[522]|fieldClassObj|{"fieldLabel":"Reimbursed?","fieldName":"shiva15testns__reimb (8 more) ..."}|0x7514c813
20:22:04.4 (106470526)|STATEMENT_EXECUTE|[522]
20:22:04.4 (106481932)|ENTERING_MANAGED_PKG|
20:22:04.4 (106493119)|STATEMENT_EXECUTE|[523]
20:22:04.4 (106494949)|STATEMENT_EXECUTE|[525]
20:22:04.4 (106503279)|ENTERING_MANAGED_PKG|
20:22:04.4 (106506836)|USER_DEBUG|[525]|DEBUG|fieldPermissionsListMap is not empty
20:22:04.4 (106512232)|STATEMENT_EXECUTE|[526]
20:22:04.4 (106523716)|ENTERING_MANAGED_PKG|
20:22:04.4 (106528040)|HEAP_ALLOCATE|[526]|Bytes:25
20:22:04.4 (106543349)|ENTERING_MANAGED_PKG|
20:22:04.4 (106546791)|HEAP_ALLOCATE|[526]|Bytes:28
20:22:04.4 (106556714)|HEAP_ALLOCATE|[526]|Bytes:54
20:22:04.4 (106561502)|VARIABLE_SCOPE_BEGIN|[526]|fieldNameFromAllFields|String|false|false
20:22:04.4 (106569731)|VARIABLE_ASSIGNMENT|[526]|fieldNameFromAllFields|"shiva15testns__expen (34 more) ..."
20:22:04.4 (106578672)|ENTERING_MANAGED_PKG|
20:22:04.4 (106586588)|STATEMENT_EXECUTE|[527]
20:22:04.4 (106588350)|STATEMENT_EXECUTE|[528]
20:22:04.4 (106593457)|HEAP_ALLOCATE|[528]|Bytes:104
20:22:04.4 (106602262)|ENTERING_MANAGED_PKG|
20:22:04.4 (106605677)|USER_DEBUG|[528]|DEBUG|fieldName have been compared and they are equal : shiva15testns__expense__c.shiva15testns__reimbursed__c
20:22:04.4 (106611267)|STATEMENT_EXECUTE|[529]
20:22:04.4 (106617260)|ENTERING_MANAGED_PKG|
20:22:04.4 (106628303)|VARIABLE_SCOPE_BEGIN|[529]|fieldPer|FieldPermissions|true|false
20:22:04.4 (106649194)|VARIABLE_ASSIGNMENT|[529]|fieldPer|{"s":1,"v":{"Id":"01k3600008wtgitAAA","Field":"shiva15testns__Expen (34 more) ...","ParentId":"0PS36000000q71PGAQ","SobjectType":"shiva15testns__Expen (5 more) ...","PermissionsEdit":true,"PermissionsRead":true,"Parent":{"s":2,"v":{"Name":"PermissionSet_Test_t (6 more) ...","Id":"0PS36000000q71PGAQ"}}}}|0x309eaedd
20:22:04.4 (106653272)|STATEMENT_EXECUTE|[530]
20:22:04.4 (106657983)|HEAP_ALLOCATE|[530]|Bytes:16
20:22:04.4 (106668242)|HEAP_ALLOCATE|[530]|Bytes:18
20:22:04.4 (106683485)|CONSTRUCTOR_ENTRY|[530]|01p36000005Jpvx|<init>(String,Boolean,Boolean)
20:22:04.4 (106693934)|VARIABLE_SCOPE_BEGIN|[1061]|this|shiva15testns.PermissionSetPortalControllers.FieldPermissionsClass|true|false
20:22:04.4 (106710199)|VARIABLE_ASSIGNMENT|[1061]|this|{}|0x11ee01e5
20:22:04.4 (106713391)|VARIABLE_SCOPE_BEGIN|[1061]|fieldPermissionsId|String|false|false
20:22:04.4 (106717898)|VARIABLE_ASSIGNMENT|[1061]|fieldPermissionsId|"01k3600008wtgitAAA"
20:22:04.4 (106719836)|VARIABLE_SCOPE_BEGIN|[1061]|fieldRead|Boolean|false|false
20:22:04.4 (106722785)|VARIABLE_ASSIGNMENT|[1061]|fieldRead|true
20:22:04.4 (106724481)|VARIABLE_SCOPE_BEGIN|[1061]|fieldEdit|Boolean|false|false
20:22:04.4 (106726813)|VARIABLE_ASSIGNMENT|[1061]|fieldEdit|true
20:22:04.4 (106729341)|STATEMENT_EXECUTE|[1052]
20:22:04.4 (106736108)|STATEMENT_EXECUTE|[1055]
20:22:04.4 (106737945)|STATEMENT_EXECUTE|[1057]
20:22:04.4 (106739102)|STATEMENT_EXECUTE|[1059]
20:22:04.4 (106750762)|STATEMENT_EXECUTE|[1061]
20:22:04.4 (106752587)|STATEMENT_EXECUTE|[1062]
20:22:04.4 (106760718)|VARIABLE_ASSIGNMENT|[1062]|this.fieldPermissionsId|"01k3600008wtgitAAA"|0x11ee01e5
20:22:04.4 (106763217)|STATEMENT_EXECUTE|[1063]
20:22:04.4 (106768359)|VARIABLE_ASSIGNMENT|[1063]|this.fieldRead|true|0x11ee01e5
20:22:04.4 (106770567)|STATEMENT_EXECUTE|[1064]
20:22:04.4 (106774786)|VARIABLE_ASSIGNMENT|[1064]|this.fieldEdit|true|0x11ee01e5
20:22:04.4 (106783519)|CONSTRUCTOR_EXIT|[530]|01p36000005Jpvx|<init>(String,Boolean,Boolean)
20:22:04.4 (106800823)|VARIABLE_ASSIGNMENT|[530]|fieldPermissionsObj|{"fieldEdit":true,"fieldPermissionsId":"01k3600008wtgitAAA","fieldRead":true}|0x11ee01e5
20:22:04.4 (106804885)|STATEMENT_EXECUTE|[537]
20:22:04.4 (106810688)|VARIABLE_ASSIGNMENT|[537]|this.fieldPermissions|0x11ee01e5|0x7514c813
20:22:04.4 (106812721)|STATEMENT_EXECUTE|[538]
20:22:04.4 (106823984)|ENTERING_MANAGED_PKG|
20:22:04.4 (106828846)|HEAP_ALLOCATE|[EXTERNAL]|Bytes:4
20:22:04.4 (106842828)|HEAP_ALLOCATE|[522]|Bytes:5
20:22:04.4 (106855190)|VARIABLE_ASSIGNMENT|[522]|fieldClassObj|null|
20:22:04.4 (106858445)|STATEMENT_EXECUTE|[548]
20:22:04.4 (106862765)|HEAP_ALLOCATE|[548]|Bytes:37
20:22:04.4 (106882468)|ENTERING_MANAGED_PKG|
20:22:04.4 (107012576)|HEAP_ALLOCATE|[548]|Bytes:742
20:22:04.4 (107032437)|HEAP_ALLOCATE|[548]|Bytes:779
20:22:04.4 (107046360)|ENTERING_MANAGED_PKG|
20:22:04.4 (107050291)|USER_DEBUG|[548]|DEBUG|individualObjectAllFieldsFinalList : (FieldDetailsClass:[fieldLabel=Amount, fieldName=shiva15testns__amount__c, fieldPermissions=FieldPermissionsClass:[fieldEdit=false, fieldPermissionsId=01k3600008wtgirAAA, fieldRead=true]], FieldDetailsClass:[fieldLabel=Client, fieldName=shiva15testns__client__c, fieldPermissions=FieldPermissionsClass:[fieldEdit=true, fieldPermissionsId=01k3600008wtgisAAA, fieldRead=true]], FieldDetailsClass:[fieldLabel=Date, fieldName=shiva15testns__date__c, fieldPermissions=FieldPermissionsClass:[fieldEdit=false, fieldPermissionsId=null, fieldRead=false]], FieldDetailsClass:[fieldLabel=Reimbursed?, fieldName=shiva15testns__reimbursed__c, fieldPermissions=FieldPermissionsClass:[fieldEdit=true, fieldPermissionsId=01k3600008wtgitAAA, fieldRead=true]])
20:22:04.4 (107060106)|STATEMENT_EXECUTE|[549]
20:22:04.4 (107074643)|METHOD_EXIT|[460]|01p36000005Jpvx|shiva15testns.PermissionSetPortalControllers.getFieldPermissions(String, String, List<shiva15testns.PermissionSetPortalControllers.FieldDetailsClass>)
20:22:04.4 (107089037)|SYSTEM_MODE_EXIT|false
20:22:04.107 (107139988)|CUMULATIVE_LIMIT_USAGE
20:22:04.107 (107139988)|LIMIT_USAGE_FOR_NS|(default)|
  Number of SOQL queries: 0 out of 100
  Number of query rows: 0 out of 50000
  Number of SOSL queries: 0 out of 20
  Number of DML statements: 0 out of 150
  Number of DML rows: 0 out of 10000
  Maximum CPU time: 0 out of 10000
  Maximum heap size: 0 out of 6000000
  Number of callouts: 0 out of 100
  Number of Email Invocations: 0 out of 10
  Number of future calls: 0 out of 50
  Number of queueable jobs added to the queue: 0 out of 50
  Number of Mobile Apex push calls: 0 out of 10

20:22:04.107 (107139988)|LIMIT_USAGE_FOR_NS|shiva15testns|
  Number of SOQL queries: 1 out of 100
  Number of query rows: 3 out of 50000
  Number of SOSL queries: 0 out of 20
  Number of DML statements: 0 out of 150
  Number of DML rows: 0 out of 10000
  Maximum CPU time: 0 out of 10000
  Maximum heap size: 0 out of 6000000
  Number of callouts: 0 out of 100
  Number of Email Invocations: 0 out of 10
  Number of future calls: 0 out of 50
  Number of queueable jobs added to the queue: 0 out of 50
  Number of Mobile Apex push calls: 0 out of 10

20:22:04.107 (107139988)|CUMULATIVE_LIMIT_USAGE_END

20:22:04.4 (107196210)|CODE_UNIT_FINISHED|PermissionSetPortalControllers.getAllFieldData
20:22:04.109 (109285921)|CODE_UNIT_STARTED|[EXTERNAL]|Aura
20:22:04.109 (110513822)|CODE_UNIT_STARTED|[EXTERNAL]|Aura
20:22:04.109 (110544599)|CODE_UNIT_FINISHED|Aura
20:22:04.109 (110560988)|CODE_UNIT_FINISHED|Aura
20:22:04.111 (111516289)|CODE_UNIT_STARTED|[EXTERNAL]|Aura
20:22:04.111 (112494533)|CODE_UNIT_STARTED|[EXTERNAL]|Aura
20:22:04.111 (112522102)|CODE_UNIT_FINISHED|Aura
20:22:04.111 (112536955)|CODE_UNIT_FINISHED|Aura
20:22:04.113 (113502994)|CODE_UNIT_STARTED|[EXTERNAL]|Aura
20:22:04.113 (114731103)|CODE_UNIT_STARTED|[EXTERNAL]|Aura
20:22:04.113 (114755758)|CODE_UNIT_FINISHED|Aura
20:22:04.113 (114770475)|CODE_UNIT_FINISHED|Aura
20:22:04.115 (115789119)|CODE_UNIT_STARTED|[EXTERNAL]|Aura
20:22:04.115 (116872226)|CODE_UNIT_STARTED|[EXTERNAL]|Aura
20:22:04.115 (116898892)|CODE_UNIT_FINISHED|Aura
20:22:04.115 (116913101)|CODE_UNIT_FINISHED|Aura
