36.0 APEX_CODE,FINEST;APEX_PROFILING,INFO;CALLOUT,INFO;DB,INFO;SYSTEM,DEBUG;VALIDATION,INFO;VISUALFORCE,INFO;WORKFLOW,INFO
11:12:17.0 (633603)|EXECUTION_STARTED
11:12:17.0 (664437)|CODE_UNIT_STARTED|[EXTERNAL]|01p36000005Jpvx|PermissionSetPortalControllers.getAllPermissionSets
11:12:17.0 (1479058)|VARIABLE_SCOPE_BEGIN|[3]|PermissionSetPortalControllers.AllPermissionSets|List<PermissionSet>|true|true
11:12:17.0 (1503620)|VARIABLE_SCOPE_BEGIN|[10]|PermissionSetPortalControllers.accountField|Set<String>|true|true
11:12:17.0 (1510260)|VARIABLE_SCOPE_BEGIN|[5]|PermissionSetPortalControllers.allObjectsOfOrg|List<shiva15testns.PermissionSetPortalControllers.ObjectDetailsClass>|true|true
11:12:17.0 (1515575)|VARIABLE_SCOPE_BEGIN|[9]|PermissionSetPortalControllers.contactsField|Set<String>|true|true
11:12:17.0 (1519906)|VARIABLE_SCOPE_BEGIN|[7]|PermissionSetPortalControllers.isNotSystemSObjectList|Set<String>|true|true
11:12:17.0 (1750853)|HEAP_ALLOCATE|[72]|Bytes:3
11:12:17.0 (1811295)|HEAP_ALLOCATE|[77]|Bytes:152
11:12:17.0 (1833108)|HEAP_ALLOCATE|[342]|Bytes:408
11:12:17.0 (1852678)|HEAP_ALLOCATE|[355]|Bytes:408
11:12:17.0 (1870816)|HEAP_ALLOCATE|[467]|Bytes:48
11:12:17.0 (1916091)|HEAP_ALLOCATE|[139]|Bytes:6
11:12:17.0 (1946421)|HEAP_ALLOCATE|[EXTERNAL]|Bytes:168
11:12:17.0 (1952041)|HEAP_ALLOCATE|[EXTERNAL]|Bytes:76
11:12:17.0 (1955929)|HEAP_ALLOCATE|[EXTERNAL]|Bytes:310
11:12:17.0 (1980497)|METHOD_ENTRY|[1]|01p36000005Jpvx|PermissionSetPortalControllers.PermissionSetPortalControllers()
11:12:17.0 (1986280)|STATEMENT_EXECUTE|[1]
11:12:17.0 (1994570)|STATEMENT_EXECUTE|[1]
11:12:17.0 (2030309)|HEAP_ALLOCATE|[50]|Bytes:5
11:12:17.0 (2057191)|HEAP_ALLOCATE|[56]|Bytes:5
11:12:17.0 (2065616)|HEAP_ALLOCATE|[64]|Bytes:7
11:12:17.0 (2092612)|SYSTEM_MODE_ENTER|false
11:12:17.0 (2112557)|HEAP_ALLOCATE|[9]|Bytes:5
11:12:17.0 (2116858)|STATEMENT_EXECUTE|[9]
11:12:17.0 (2128338)|HEAP_ALLOCATE|[9]|Bytes:4
11:12:17.0 (2179139)|ENTERING_MANAGED_PKG|
11:12:17.0 (2286661)|VARIABLE_ASSIGNMENT|[9]|PermissionSetPortalControllers.contactsField|{"s":1,"v":[]}|0x42385eea
11:12:17.0 (2291460)|STATEMENT_EXECUTE|[10]
11:12:17.0 (2298082)|HEAP_ALLOCATE|[10]|Bytes:4
11:12:17.0 (2315426)|ENTERING_MANAGED_PKG|
11:12:17.0 (2355420)|VARIABLE_ASSIGNMENT|[10]|PermissionSetPortalControllers.accountField|{"s":1,"v":[]}|0x77f52e2
11:12:17.0 (2359728)|STATEMENT_EXECUTE|[1010]
11:12:17.0 (2361284)|STATEMENT_EXECUTE|[1039]
11:12:17.0 (2362450)|STATEMENT_EXECUTE|[1067]
11:12:17.0 (2363753)|STATEMENT_EXECUTE|[1096]
11:12:17.0 (2365023)|STATEMENT_EXECUTE|[1112]
11:12:17.0 (2366077)|STATEMENT_EXECUTE|[1129]
11:12:17.0 (2367109)|STATEMENT_EXECUTE|[1140]
11:12:17.0 (2368259)|STATEMENT_EXECUTE|[1145]
11:12:17.0 (2379358)|SYSTEM_MODE_EXIT|false
11:12:17.0 (2393401)|METHOD_EXIT|[1]|PermissionSetPortalControllers
11:12:17.0 (2401120)|SYSTEM_MODE_ENTER|false
11:12:17.0 (2415919)|HEAP_ALLOCATE|[157]|Bytes:5
11:12:17.0 (2419609)|STATEMENT_EXECUTE|[156]
11:12:17.0 (2420887)|STATEMENT_EXECUTE|[157]
11:12:17.0 (2421922)|STATEMENT_EXECUTE|[157]
11:12:17.0 (2423140)|STATEMENT_EXECUTE|[158]
11:12:17.0 (2426244)|HEAP_ALLOCATE|[158]|Bytes:99
11:12:17.0 (2440087)|HEAP_ALLOCATE|[158]|Bytes:4
11:12:17.0 (3597328)|SOQL_EXECUTE_BEGIN|[158]|Aggregations:0|SELECT Id, label, Name, Description, NamespacePrefix, UserLicenseId, CreatedDate FROM PermissionSet
11:12:17.0 (7478278)|SOQL_EXECUTE_END|[158]|Rows:42
11:12:17.0 (7503228)|HEAP_ALLOCATE|[158]|Bytes:172
11:12:17.0 (7610921)|HEAP_ALLOCATE|[158]|Bytes:7424
11:12:17.0 (7650713)|HEAP_ALLOCATE|[158]|Bytes:172
11:12:17.0 (7681771)|VARIABLE_ASSIGNMENT|[158]|PermissionSetPortalControllers.AllPermissionSets|{"s":1,"v":"List of size 42 too large to display"}|0x62612e84
11:12:17.0 (7770805)|ENTERING_MANAGED_PKG|
11:12:17.0 (7807536)|STATEMENT_EXECUTE|[159]
11:12:17.0 (7809966)|STATEMENT_EXECUTE|[160]
11:12:17.0 (7939823)|VARIABLE_SCOPE_BEGIN|[160]|pSetObj|shiva15testns.PermissionSetPortalControllers.PermissionSetClass|true|false
11:12:17.0 (7951926)|VARIABLE_ASSIGNMENT|[160]|pSetObj|null|
11:12:17.0 (7954535)|STATEMENT_EXECUTE|[161]
11:12:17.0 (7961063)|HEAP_ALLOCATE|[161]|Bytes:4
11:12:17.0 (8017306)|ENTERING_MANAGED_PKG|
11:12:17.0 (8039480)|VARIABLE_SCOPE_BEGIN|[161]|permissionSetsLst|List<shiva15testns.PermissionSetPortalControllers.PermissionSetClass>|true|false
11:12:17.0 (8063185)|HEAP_ALLOCATE|[EXTERNAL]|Bytes:4
11:12:17.0 (8078006)|VARIABLE_ASSIGNMENT|[161]|permissionSetsLst|{"s":1,"v":[]}|0x26c25eb5
11:12:17.0 (8094462)|ENTERING_MANAGED_PKG|
11:12:17.0 (8341971)|HEAP_ALLOCATE|[162]|Bytes:5
11:12:17.0 (8383034)|HEAP_ALLOCATE|[162]|Bytes:28
11:12:17.0 (8396429)|VARIABLE_SCOPE_BEGIN|[162]|PSetName|PermissionSet|true|false
11:12:17.0 (8444013)|VARIABLE_ASSIGNMENT|[162]|PSetName|{"s":1,"v":{"Id":"0PS36000000KFvSGAW","Label":"random","Name":"random","NamespacePrefix":"shiva15testns","UserLicenseId":"10036000000eSpyAAE","CreatedDate":"2016-04-26T00:59:56.000Z"}}|0x95502f8
11:12:17.0 (8449261)|STATEMENT_EXECUTE|[162]
11:12:17.0 (8482423)|HEAP_ALLOCATE|[163]|Bytes:3
11:12:17.0 (8523114)|ENTERING_MANAGED_PKG|
11:12:17.0 (8570014)|STATEMENT_EXECUTE|[163]
11:12:17.0 (8572325)|STATEMENT_EXECUTE|[166]
11:12:17.0 (8577892)|HEAP_ALLOCATE|[166]|Bytes:240
11:12:17.0 (8583817)|HEAP_ALLOCATE|[166]|Bytes:39
11:12:17.0 (8605220)|HEAP_ALLOCATE|[166]|Bytes:32
11:12:17.0 (8655118)|ENTERING_MANAGED_PKG|
11:12:17.0 (8682276)|HEAP_ALLOCATE|[166]|Bytes:18
11:12:17.0 (8740759)|ENTERING_MANAGED_PKG|
11:12:17.0 (8770587)|HEAP_ALLOCATE|[166]|Bytes:19
11:12:17.0 (8813000)|CONSTRUCTOR_ENTRY|[166]|01p36000005Jpvx|<init>(String,String,String,String,String,String,String)
11:12:17.0 (8834006)|VARIABLE_SCOPE_BEGIN|[1027]|this|shiva15testns.PermissionSetPortalControllers.PermissionSetClass|true|false
11:12:17.0 (8906690)|VARIABLE_ASSIGNMENT|[1027]|this|{}|0x1a43b286
11:12:17.0 (8912243)|VARIABLE_SCOPE_BEGIN|[1027]|label|String|false|false
11:12:17.0 (8917354)|VARIABLE_ASSIGNMENT|[1027]|label|"random"
11:12:17.0 (8920864)|VARIABLE_SCOPE_BEGIN|[1027]|apiName|String|false|false
11:12:17.0 (8923848)|VARIABLE_ASSIGNMENT|[1027]|apiName|"random"
11:12:17.0 (8926388)|VARIABLE_SCOPE_BEGIN|[1027]|id|String|false|false
11:12:17.0 (8929706)|VARIABLE_ASSIGNMENT|[1027]|id|"0PS36000000KFvSGAW"
11:12:17.0 (8932295)|VARIABLE_SCOPE_BEGIN|[1027]|description|String|false|false
11:12:17.0 (8935630)|VARIABLE_ASSIGNMENT|[1027]|description|null
11:12:17.0 (8937996)|VARIABLE_SCOPE_BEGIN|[1027]|namespacePrefix|String|false|false
11:12:17.0 (8941146)|VARIABLE_ASSIGNMENT|[1027]|namespacePrefix|"shiva15testns"
11:12:17.0 (8946743)|VARIABLE_SCOPE_BEGIN|[1027]|userLicenseId|String|false|false
11:12:17.0 (8950083)|VARIABLE_ASSIGNMENT|[1027]|userLicenseId|null
11:12:17.0 (8952604)|VARIABLE_SCOPE_BEGIN|[1027]|createdDate|String|false|false
11:12:17.0 (8956166)|VARIABLE_ASSIGNMENT|[1027]|createdDate|"2016-04-25 17:59:56"
11:12:17.0 (8959648)|STATEMENT_EXECUTE|[1010]
11:12:17.0 (8961169)|STATEMENT_EXECUTE|[1013]
11:12:17.0 (8962984)|STATEMENT_EXECUTE|[1015]
11:12:17.0 (8964183)|STATEMENT_EXECUTE|[1017]
11:12:17.0 (8969250)|STATEMENT_EXECUTE|[1019]
11:12:17.0 (8970493)|STATEMENT_EXECUTE|[1021]
11:12:17.0 (8971547)|STATEMENT_EXECUTE|[1023]
11:12:17.0 (8972588)|STATEMENT_EXECUTE|[1025]
11:12:17.0 (8980632)|HEAP_ALLOCATE|[1029]|Bytes:6
11:12:17.0 (9010297)|STATEMENT_EXECUTE|[1028]
11:12:17.0 (9012907)|STATEMENT_EXECUTE|[1029]
11:12:17.0 (9094115)|VARIABLE_ASSIGNMENT|[EXTERNAL]|this|{}|0x1a43b286
11:12:17.0 (9102082)|VARIABLE_ASSIGNMENT|[EXTERNAL]|value|"random"
11:12:17.0 (9113656)|VARIABLE_ASSIGNMENT|[1013]|this.label|"random"|0x1a43b286
11:12:17.0 (9121673)|STATEMENT_EXECUTE|[1030]
11:12:17.0 (9181047)|VARIABLE_ASSIGNMENT|[EXTERNAL]|this|{"label":"random"}|0x1a43b286
11:12:17.0 (9188190)|VARIABLE_ASSIGNMENT|[EXTERNAL]|value|"random"
11:12:17.0 (9196728)|VARIABLE_ASSIGNMENT|[1015]|this.apiName|"random"|0x1a43b286
11:12:17.0 (9204240)|STATEMENT_EXECUTE|[1031]
11:12:17.0 (9258048)|VARIABLE_ASSIGNMENT|[EXTERNAL]|this|{"apiName":"random","label":"random"}|0x1a43b286
11:12:17.0 (9266021)|VARIABLE_ASSIGNMENT|[EXTERNAL]|value|"0PS36000000KFvSGAW"
11:12:17.0 (9274677)|VARIABLE_ASSIGNMENT|[1017]|this.id|"0PS36000000KFvSGAW"|0x1a43b286
11:12:17.0 (9282097)|STATEMENT_EXECUTE|[1032]
11:12:17.0 (9335872)|VARIABLE_ASSIGNMENT|[EXTERNAL]|this|{"apiName":"random","id":"0PS36000000KFvSGAW","label":"random"}|0x1a43b286
11:12:17.0 (9343505)|VARIABLE_ASSIGNMENT|[EXTERNAL]|value|null
11:12:17.0 (9351656)|VARIABLE_ASSIGNMENT|[1019]|this.description|null|0x1a43b286
11:12:17.0 (9359080)|STATEMENT_EXECUTE|[1033]
11:12:17.0 (9412823)|VARIABLE_ASSIGNMENT|[EXTERNAL]|this|{"apiName":"random","id":"0PS36000000KFvSGAW","label":"random"}|0x1a43b286
11:12:17.0 (9420243)|VARIABLE_ASSIGNMENT|[EXTERNAL]|value|"shiva15testns"
11:12:17.0 (9428967)|VARIABLE_ASSIGNMENT|[1021]|this.namespacePrefix|"shiva15testns"|0x1a43b286
11:12:17.0 (9436295)|STATEMENT_EXECUTE|[1034]
11:12:17.0 (9489677)|VARIABLE_ASSIGNMENT|[EXTERNAL]|this|{"apiName":"random","id":"0PS36000000KFvSGAW","label":"random","namespacePrefix":"shiva15testns"}|0x1a43b286
11:12:17.0 (9497724)|VARIABLE_ASSIGNMENT|[EXTERNAL]|value|null
11:12:17.0 (9505443)|VARIABLE_ASSIGNMENT|[1023]|this.userLicenseId|null|0x1a43b286
11:12:17.0 (9512889)|STATEMENT_EXECUTE|[1035]
11:12:17.0 (9566439)|VARIABLE_ASSIGNMENT|[EXTERNAL]|this|{"apiName":"random","id":"0PS36000000KFvSGAW","label":"random","namespacePrefix":"shiva15testns"}|0x1a43b286
11:12:17.0 (9574321)|VARIABLE_ASSIGNMENT|[EXTERNAL]|value|"2016-04-25 17:59:56"
11:12:17.0 (9583361)|VARIABLE_ASSIGNMENT|[1025]|this.createdDate|"2016-04-25 17:59:56"|0x1a43b286
11:12:17.0 (9602199)|CONSTRUCTOR_EXIT|[166]|01p36000005Jpvx|<init>(String,String,String,String,String,String,String)
11:12:17.0 (9625832)|VARIABLE_ASSIGNMENT|[166]|pSetObj|{"apiName":"random","createdDate":"2016-04-25 17:59:56","id":"0PS36000000KFvSGAW","label":"random","namespacePrefix":"shiva15testns"}|0x1a43b286
11:12:17.0 (9629826)|STATEMENT_EXECUTE|[167]
11:12:17.0 (9645399)|ENTERING_MANAGED_PKG|
11:12:17.0 (9676391)|HEAP_ALLOCATE|[EXTERNAL]|Bytes:4
11:12:17.0 (9685025)|STATEMENT_EXECUTE|[168]
11:12:17.0 (9855355)|HEAP_ALLOCATE|[168]|Bytes:24
11:12:17.0 (9875981)|ENTERING_MANAGED_PKG|
11:12:17.0 (9951959)|HEAP_ALLOCATE|[168]|Bytes:162
11:12:17.0 (9979612)|HEAP_ALLOCATE|[168]|Bytes:186
11:12:17.0 (10004703)|ENTERING_MANAGED_PKG|
11:12:17.0 (10028895)|USER_DEBUG|[168]|ERROR|The PermissionSet Name: PermissionSet:{Id=0PS36000000KFvSGAW, Label=random, Name=random, NamespacePrefix=shiva15testns, UserLicenseId=10036000000eSpyAAE, CreatedDate=2016-04-26 00:59:56}
11:12:17.0 (10048730)|HEAP_ALLOCATE|[162]|Bytes:5
11:12:17.0 (10071188)|HEAP_ALLOCATE|[162]|Bytes:32
11:12:17.0 (10079436)|VARIABLE_SCOPE_BEGIN|[162]|PSetName|PermissionSet|true|false
11:12:17.0 (10106576)|VARIABLE_ASSIGNMENT|[162]|PSetName|{"s":1,"v":{"Id":"0PS36000000KhGKGA0","Label":"test1label","Name":"test1name","Description":"test Description 1","NamespacePrefix":"shiva15testns","UserLicenseId":"10036000000eSpyAAE","CreatedDate":"2016-04-27T01:22:31.000Z"}}|0x2716b592
11:12:17.0 (10111943)|STATEMENT_EXECUTE|[162]
11:12:17.0 (10134515)|ENTERING_MANAGED_PKG|
11:12:17.0 (10144625)|STATEMENT_EXECUTE|[163]
11:12:17.0 (10146309)|STATEMENT_EXECUTE|[166]
11:12:17.0 (10150938)|HEAP_ALLOCATE|[166]|Bytes:32
11:12:17.0 (10167073)|ENTERING_MANAGED_PKG|
11:12:17.0 (10170673)|HEAP_ALLOCATE|[166]|Bytes:18
11:12:17.0 (10208859)|ENTERING_MANAGED_PKG|
11:12:17.0 (10221695)|HEAP_ALLOCATE|[166]|Bytes:19
11:12:17.0 (10244800)|CONSTRUCTOR_ENTRY|[166]|01p36000005Jpvx|<init>(String,String,String,String,String,String,String)
11:12:17.0 (10250873)|VARIABLE_SCOPE_BEGIN|[1027]|this|shiva15testns.PermissionSetPortalControllers.PermissionSetClass|true|false
11:12:17.0 (10273439)|VARIABLE_ASSIGNMENT|[1027]|this|{}|0x739d50b0
11:12:17.0 (10276266)|VARIABLE_SCOPE_BEGIN|[1027]|label|String|false|false
11:12:17.0 (10280683)|VARIABLE_ASSIGNMENT|[1027]|label|"test1label"
11:12:17.0 (10282442)|VARIABLE_SCOPE_BEGIN|[1027]|apiName|String|false|false
11:12:17.0 (10285419)|VARIABLE_ASSIGNMENT|[1027]|apiName|"test1name"
11:12:17.0 (10287111)|VARIABLE_SCOPE_BEGIN|[1027]|id|String|false|false
11:12:17.0 (10290129)|VARIABLE_ASSIGNMENT|[1027]|id|"0PS36000000KhGKGA0"
11:12:17.0 (10291859)|VARIABLE_SCOPE_BEGIN|[1027]|description|String|false|false
11:12:17.0 (10295073)|VARIABLE_ASSIGNMENT|[1027]|description|"test Description 1"
11:12:17.0 (10296762)|VARIABLE_SCOPE_BEGIN|[1027]|namespacePrefix|String|false|false
11:12:17.0 (10299430)|VARIABLE_ASSIGNMENT|[1027]|namespacePrefix|"shiva15testns"
11:12:17.0 (10301103)|VARIABLE_SCOPE_BEGIN|[1027]|userLicenseId|String|false|false
11:12:17.0 (10304222)|VARIABLE_ASSIGNMENT|[1027]|userLicenseId|null
11:12:17.0 (10305769)|VARIABLE_SCOPE_BEGIN|[1027]|createdDate|String|false|false
11:12:17.0 (10308725)|VARIABLE_ASSIGNMENT|[1027]|createdDate|"2016-04-26 18:22:31"
11:12:17.0 (10311778)|STATEMENT_EXECUTE|[1010]
11:12:17.0 (10313192)|STATEMENT_EXECUTE|[1013]
11:12:17.0 (10314643)|STATEMENT_EXECUTE|[1015]
11:12:17.0 (10315689)|STATEMENT_EXECUTE|[1017]
11:12:17.0 (10316710)|STATEMENT_EXECUTE|[1019]
11:12:17.0 (10317738)|STATEMENT_EXECUTE|[1021]
11:12:17.0 (10318728)|STATEMENT_EXECUTE|[1023]
11:12:17.0 (10319721)|STATEMENT_EXECUTE|[1025]
11:12:17.0 (10330558)|STATEMENT_EXECUTE|[1028]
11:12:17.0 (10331864)|STATEMENT_EXECUTE|[1029]
11:12:17.0 (10354287)|VARIABLE_ASSIGNMENT|[EXTERNAL]|this|{}|0x739d50b0
11:12:17.0 (10359279)|VARIABLE_ASSIGNMENT|[EXTERNAL]|value|"test1label"
11:12:17.0 (10366195)|VARIABLE_ASSIGNMENT|[1013]|this.label|"test1label"|0x739d50b0
11:12:17.0 (10372383)|STATEMENT_EXECUTE|[1030]
11:12:17.0 (10393418)|VARIABLE_ASSIGNMENT|[EXTERNAL]|this|{"label":"test1label"}|0x739d50b0
11:12:17.0 (10397918)|VARIABLE_ASSIGNMENT|[EXTERNAL]|value|"test1name"
11:12:17.0 (10403719)|VARIABLE_ASSIGNMENT|[1015]|this.apiName|"test1name"|0x739d50b0
11:12:17.0 (10409485)|STATEMENT_EXECUTE|[1031]
11:12:17.0 (10430303)|VARIABLE_ASSIGNMENT|[EXTERNAL]|this|{"apiName":"test1name","label":"test1label"}|0x739d50b0
11:12:17.0 (10434994)|VARIABLE_ASSIGNMENT|[EXTERNAL]|value|"0PS36000000KhGKGA0"
11:12:17.0 (10441075)|VARIABLE_ASSIGNMENT|[1017]|this.id|"0PS36000000KhGKGA0"|0x739d50b0
11:12:17.0 (10446908)|STATEMENT_EXECUTE|[1032]
11:12:17.0 (10468197)|VARIABLE_ASSIGNMENT|[EXTERNAL]|this|{"apiName":"test1name","id":"0PS36000000KhGKGA0","label":"test1label"}|0x739d50b0
11:12:17.0 (10473472)|VARIABLE_ASSIGNMENT|[EXTERNAL]|value|"test Description 1"
11:12:17.0 (10479703)|VARIABLE_ASSIGNMENT|[1019]|this.description|"test Description 1"|0x739d50b0
11:12:17.0 (10485621)|STATEMENT_EXECUTE|[1033]
11:12:17.0 (10507581)|VARIABLE_ASSIGNMENT|[EXTERNAL]|this|{"apiName":"test1name","description":"test Description 1","id":"0PS36000000KhGKGA0","label":"test1label"}|0x739d50b0
11:12:17.0 (10512647)|VARIABLE_ASSIGNMENT|[EXTERNAL]|value|"shiva15testns"
11:12:17.0 (10518640)|VARIABLE_ASSIGNMENT|[1021]|this.namespacePrefix|"shiva15testns"|0x739d50b0
11:12:17.0 (10524533)|STATEMENT_EXECUTE|[1034]
11:12:17.0 (10547050)|VARIABLE_ASSIGNMENT|[EXTERNAL]|this|{"apiName":"test1name","description":"test Description 1","id":"0PS36000000KhGKGA0","label":"test1label","namespacePrefix":"shiva15testns"}|0x739d50b0
11:12:17.0 (10552654)|VARIABLE_ASSIGNMENT|[EXTERNAL]|value|null
11:12:17.0 (10558527)|VARIABLE_ASSIGNMENT|[1023]|this.userLicenseId|null|0x739d50b0
11:12:17.0 (10564547)|STATEMENT_EXECUTE|[1035]
11:12:17.0 (10587840)|VARIABLE_ASSIGNMENT|[EXTERNAL]|this|{"apiName":"test1name","description":"test Description 1","id":"0PS36000000KhGKGA0","label":"test1label","namespacePrefix":"shiva15testns"}|0x739d50b0
11:12:17.0 (10593506)|VARIABLE_ASSIGNMENT|[EXTERNAL]|value|"2016-04-26 18:22:31"
11:12:17.0 (10599599)|VARIABLE_ASSIGNMENT|[1025]|this.createdDate|"2016-04-26 18:22:31"|0x739d50b0
11:12:17.0 (10613990)|CONSTRUCTOR_EXIT|[166]|01p36000005Jpvx|<init>(String,String,String,String,String,String,String)
11:12:17.0 (10636676)|VARIABLE_ASSIGNMENT|[166]|pSetObj|{"apiName":"test1name","createdDate":"2016-04-26 18:22:31","description":"test Description 1","id":"0PS36000000KhGKGA0","label":"test1label","namespacePrefix":"shiva15testns"}|0x739d50b0
11:12:17.0 (10640399)|STATEMENT_EXECUTE|[167]
11:12:17.0 (10651465)|ENTERING_MANAGED_PKG|
11:12:17.0 (10663047)|HEAP_ALLOCATE|[EXTERNAL]|Bytes:4
11:12:17.0 (10669928)|STATEMENT_EXECUTE|[168]
11:12:17.0 (10683398)|ENTERING_MANAGED_PKG|
11:12:17.0 (10730170)|HEAP_ALLOCATE|[168]|Bytes:201
11:12:17.0 (10744855)|HEAP_ALLOCATE|[168]|Bytes:225
11:12:17.0 (10757408)|ENTERING_MANAGED_PKG|
11:12:17.0 (10771997)|USER_DEBUG|[168]|ERROR|The PermissionSet Name: PermissionSet:{Id=0PS36000000KhGKGA0, Label=test1label, Name=test1name, Description=test Description 1, NamespacePrefix=shiva15testns, UserLicenseId=10036000000eSpyAAE, CreatedDate=2016-04-27 01:22:31}
11:12:17.0 (10790333)|HEAP_ALLOCATE|[162]|Bytes:5
11:12:17.0 (10811581)|HEAP_ALLOCATE|[162]|Bytes:32
11:12:17.0 (10819860)|VARIABLE_SCOPE_BEGIN|[162]|PSetName|PermissionSet|true|false
11:12:17.0 (10846581)|VARIABLE_ASSIGNMENT|[162]|PSetName|{"s":1,"v":{"Id":"0PS36000000KhI0GAK","Label":"test1ONElabel","Name":"test1ONEname","Description":"test Description 1","NamespacePrefix":"shiva15testns","UserLicenseId":"10036000000eSpyAAE","CreatedDate":"2016-04-27T01:26:38.000Z"}}|0x3fe19303
11:12:17.0 (10851565)|STATEMENT_EXECUTE|[162]
11:12:17.0 (10873250)|ENTERING_MANAGED_PKG|
11:12:17.0 (10882963)|STATEMENT_EXECUTE|[163]
11:12:17.0 (10884537)|STATEMENT_EXECUTE|[166]
11:12:17.0 (10889074)|HEAP_ALLOCATE|[166]|Bytes:32
11:12:17.0 (10904721)|ENTERING_MANAGED_PKG|
11:12:17.0 (10908243)|HEAP_ALLOCATE|[166]|Bytes:18
11:12:17.0 (10929681)|ENTERING_MANAGED_PKG|
11:12:17.0 (10941793)|HEAP_ALLOCATE|[166]|Bytes:19
11:12:17.0 (10964307)|CONSTRUCTOR_ENTRY|[166]|01p36000005Jpvx|<init>(String,String,String,String,String,String,String)
11:12:17.0 (10974886)|VARIABLE_SCOPE_BEGIN|[1027]|this|shiva15testns.PermissionSetPortalControllers.PermissionSetClass|true|false
11:12:17.0 (10997184)|VARIABLE_ASSIGNMENT|[1027]|this|{}|0x3b8d8a6a
11:12:17.0 (10999977)|VARIABLE_SCOPE_BEGIN|[1027]|label|String|false|false
11:12:17.0 (11004554)|VARIABLE_ASSIGNMENT|[1027]|label|"test1ONElabel"
11:12:17.0 (11006918)|VARIABLE_SCOPE_BEGIN|[1027]|apiName|String|false|false
11:12:17.0 (11009685)|VARIABLE_ASSIGNMENT|[1027]|apiName|"test1ONEname"
11:12:17.0 (11011341)|VARIABLE_SCOPE_BEGIN|[1027]|id|String|false|false
11:12:17.0 (11014301)|VARIABLE_ASSIGNMENT|[1027]|id|"0PS36000000KhI0GAK"
11:12:17.0 (11015891)|VARIABLE_SCOPE_BEGIN|[1027]|description|String|false|false
11:12:17.0 (11018729)|VARIABLE_ASSIGNMENT|[1027]|description|"test Description 1"
11:12:17.0 (11020323)|VARIABLE_SCOPE_BEGIN|[1027]|namespacePrefix|String|false|false
11:12:17.0 (11023499)|VARIABLE_ASSIGNMENT|[1027]|namespacePrefix|"shiva15testns"
11:12:17.0 (11025218)|VARIABLE_SCOPE_BEGIN|[1027]|userLicenseId|String|false|false
11:12:17.0 (11028545)|VARIABLE_ASSIGNMENT|[1027]|userLicenseId|null
11:12:17.0 (11030122)|VARIABLE_SCOPE_BEGIN|[1027]|createdDate|String|false|false
11:12:17.0 (11033142)|VARIABLE_ASSIGNMENT|[1027]|createdDate|"2016-04-26 18:26:38"
11:12:17.0 (11036173)|STATEMENT_EXECUTE|[1010]
11:12:17.0 (11037386)|STATEMENT_EXECUTE|[1013]
11:12:17.0 (11038690)|STATEMENT_EXECUTE|[1015]
11:12:17.0 (11039766)|STATEMENT_EXECUTE|[1017]
11:12:17.0 (11040760)|STATEMENT_EXECUTE|[1019]
11:12:17.0 (11041771)|STATEMENT_EXECUTE|[1021]
11:12:17.0 (11042742)|STATEMENT_EXECUTE|[1023]
11:12:17.0 (11043731)|STATEMENT_EXECUTE|[1025]
11:12:17.0 (11054442)|STATEMENT_EXECUTE|[1028]
11:12:17.0 (11055771)|STATEMENT_EXECUTE|[1029]
11:12:17.0 (11078186)|VARIABLE_ASSIGNMENT|[EXTERNAL]|this|{}|0x3b8d8a6a
11:12:17.0 (11083258)|VARIABLE_ASSIGNMENT|[EXTERNAL]|value|"test1ONElabel"
11:12:17.0 (11090097)|VARIABLE_ASSIGNMENT|[1013]|this.label|"test1ONElabel"|0x3b8d8a6a
11:12:17.0 (11096324)|STATEMENT_EXECUTE|[1030]
11:12:17.0 (11117541)|VARIABLE_ASSIGNMENT|[EXTERNAL]|this|{"label":"test1ONElabel"}|0x3b8d8a6a
11:12:17.0 (11121900)|VARIABLE_ASSIGNMENT|[EXTERNAL]|value|"test1ONEname"
11:12:17.0 (11127707)|VARIABLE_ASSIGNMENT|[1015]|this.apiName|"test1ONEname"|0x3b8d8a6a
11:12:17.0 (11133448)|STATEMENT_EXECUTE|[1031]
11:12:17.0 (11154589)|VARIABLE_ASSIGNMENT|[EXTERNAL]|this|{"apiName":"test1ONEname","label":"test1ONElabel"}|0x3b8d8a6a
11:12:17.0 (11159648)|VARIABLE_ASSIGNMENT|[EXTERNAL]|value|"0PS36000000KhI0GAK"
11:12:17.0 (11165510)|VARIABLE_ASSIGNMENT|[1017]|this.id|"0PS36000000KhI0GAK"|0x3b8d8a6a
11:12:17.0 (11171255)|STATEMENT_EXECUTE|[1032]
11:12:17.0 (11192086)|VARIABLE_ASSIGNMENT|[EXTERNAL]|this|{"apiName":"test1ONEname","id":"0PS36000000KhI0GAK","label":"test1ONElabel"}|0x3b8d8a6a
11:12:17.0 (11196776)|VARIABLE_ASSIGNMENT|[EXTERNAL]|value|"test Description 1"
11:12:17.0 (11202934)|VARIABLE_ASSIGNMENT|[1019]|this.description|"test Description 1"|0x3b8d8a6a
11:12:17.0 (11208847)|STATEMENT_EXECUTE|[1033]
11:12:17.0 (11230910)|VARIABLE_ASSIGNMENT|[EXTERNAL]|this|{"apiName":"test1ONEname","description":"test Description 1","id":"0PS36000000KhI0GAK","label":"test1ONElabel"}|0x3b8d8a6a
11:12:17.0 (11235766)|VARIABLE_ASSIGNMENT|[EXTERNAL]|value|"shiva15testns"
11:12:17.0 (11241564)|VARIABLE_ASSIGNMENT|[1021]|this.namespacePrefix|"shiva15testns"|0x3b8d8a6a
11:12:17.0 (11247812)|STATEMENT_EXECUTE|[1034]
11:12:17.0 (11270312)|VARIABLE_ASSIGNMENT|[EXTERNAL]|this|{"apiName":"test1ONEname","description":"test Description 1","id":"0PS36000000KhI0GAK","label":"test1ONElabel","namespacePrefix":"shiva15testns"}|0x3b8d8a6a
11:12:17.0 (11275795)|VARIABLE_ASSIGNMENT|[EXTERNAL]|value|null
11:12:17.0 (11281585)|VARIABLE_ASSIGNMENT|[1023]|this.userLicenseId|null|0x3b8d8a6a
11:12:17.0 (11287812)|STATEMENT_EXECUTE|[1035]
11:12:17.0 (11310980)|VARIABLE_ASSIGNMENT|[EXTERNAL]|this|{"apiName":"test1ONEname","description":"test Description 1","id":"0PS36000000KhI0GAK","label":"test1ONElabel","namespacePrefix":"shiva15testns"}|0x3b8d8a6a
11:12:17.0 (11316493)|VARIABLE_ASSIGNMENT|[EXTERNAL]|value|"2016-04-26 18:26:38"
11:12:17.0 (11322645)|VARIABLE_ASSIGNMENT|[1025]|this.createdDate|"2016-04-26 18:26:38"|0x3b8d8a6a
11:12:17.0 (11336834)|CONSTRUCTOR_EXIT|[166]|01p36000005Jpvx|<init>(String,String,String,String,String,String,String)
11:12:17.0 (11359294)|VARIABLE_ASSIGNMENT|[166]|pSetObj|{"apiName":"test1ONEname","createdDate":"2016-04-26 18:26:38","description":"test Description 1","id":"0PS36000000KhI0GAK","label":"test1ONElabel","namespacePrefix":"shiva15testns"}|0x3b8d8a6a
11:12:17.0 (11363141)|STATEMENT_EXECUTE|[167]
11:12:17.0 (11374196)|ENTERING_MANAGED_PKG|
11:12:17.0 (11382327)|HEAP_ALLOCATE|[EXTERNAL]|Bytes:4
11:12:17.0 (11388735)|STATEMENT_EXECUTE|[168]
11:12:17.0 (11401635)|ENTERING_MANAGED_PKG|
11:12:17.0 (11448530)|HEAP_ALLOCATE|[168]|Bytes:207
11:12:17.0 (11463159)|HEAP_ALLOCATE|[168]|Bytes:231
11:12:17.0 (11475398)|ENTERING_MANAGED_PKG|
11:12:17.0 (11489818)|USER_DEBUG|[168]|ERROR|The PermissionSet Name: PermissionSet:{Id=0PS36000000KhI0GAK, Label=test1ONElabel, Name=test1ONEname, Description=test Description 1, NamespacePrefix=shiva15testns, UserLicenseId=10036000000eSpyAAE, CreatedDate=2016-04-27 01:26:38}
11:12:17.0 (11508352)|HEAP_ALLOCATE|[162]|Bytes:5
11:12:17.0 (11529423)|HEAP_ALLOCATE|[162]|Bytes:32
11:12:17.0 (11537561)|VARIABLE_SCOPE_BEGIN|[162]|PSetName|PermissionSet|true|false
11:12:17.0 (11563461)|VARIABLE_ASSIGNMENT|[162]|PSetName|{"s":1,"v":{"Id":"0PS36000000KlvMGAS","Label":"test_name","Name":"test_name","Description":"test desc","NamespacePrefix":"shiva15testns","UserLicenseId":"10036000000eSpyAAE","CreatedDate":"2016-04-27T09:47:35.000Z"}}|0x6c048709
11:12:17.0 (11567854)|STATEMENT_EXECUTE|[162]
11:12:17.0 (11589156)|ENTERING_MANAGED_PKG|
11:12:17.0 (11598983)|STATEMENT_EXECUTE|[163]
11:12:17.0 (11600347)|STATEMENT_EXECUTE|[166]
11:12:17.0 (11604760)|HEAP_ALLOCATE|[166]|Bytes:32
11:12:17.0 (11619940)|ENTERING_MANAGED_PKG|
11:12:17.0 (11623450)|HEAP_ALLOCATE|[166]|Bytes:18
11:12:17.0 (11644934)|ENTERING_MANAGED_PKG|
11:12:17.0 (11657041)|HEAP_ALLOCATE|[166]|Bytes:19
11:12:17.0 (11678776)|CONSTRUCTOR_ENTRY|[166]|01p36000005Jpvx|<init>(String,String,String,String,String,String,String)
11:12:17.0 (11684233)|VARIABLE_SCOPE_BEGIN|[1027]|this|shiva15testns.PermissionSetPortalControllers.PermissionSetClass|true|false
11:12:17.0 (11705614)|VARIABLE_ASSIGNMENT|[1027]|this|{}|0x13c305ac
11:12:17.0 (11708313)|VARIABLE_SCOPE_BEGIN|[1027]|label|String|false|false
11:12:17.0 (11712736)|VARIABLE_ASSIGNMENT|[1027]|label|"test_name"
11:12:17.0 (11714420)|VARIABLE_SCOPE_BEGIN|[1027]|apiName|String|false|false
11:12:17.0 (11717012)|VARIABLE_ASSIGNMENT|[1027]|apiName|"test_name"
11:12:17.0 (11718624)|VARIABLE_SCOPE_BEGIN|[1027]|id|String|false|false
11:12:17.0 (11721553)|VARIABLE_ASSIGNMENT|[1027]|id|"0PS36000000KlvMGAS"
11:12:17.0 (11723197)|VARIABLE_SCOPE_BEGIN|[1027]|description|String|false|false
11:12:17.0 (11725856)|VARIABLE_ASSIGNMENT|[1027]|description|"test desc"
11:12:17.0 (11727391)|VARIABLE_SCOPE_BEGIN|[1027]|namespacePrefix|String|false|false
11:12:17.0 (11730176)|VARIABLE_ASSIGNMENT|[1027]|namespacePrefix|"shiva15testns"
11:12:17.0 (11731977)|VARIABLE_SCOPE_BEGIN|[1027]|userLicenseId|String|false|false
11:12:17.0 (11735206)|VARIABLE_ASSIGNMENT|[1027]|userLicenseId|null
11:12:17.0 (11736798)|VARIABLE_SCOPE_BEGIN|[1027]|createdDate|String|false|false
11:12:17.0 (11739705)|VARIABLE_ASSIGNMENT|[1027]|createdDate|"2016-04-27 02:47:35"
11:12:17.0 (11742631)|STATEMENT_EXECUTE|[1010]
11:12:17.0 (11743877)|STATEMENT_EXECUTE|[1013]
11:12:17.0 (11745262)|STATEMENT_EXECUTE|[1015]
11:12:17.0 (11746272)|STATEMENT_EXECUTE|[1017]
11:12:17.0 (11747268)|STATEMENT_EXECUTE|[1019]
11:12:17.0 (11748276)|STATEMENT_EXECUTE|[1021]
11:12:17.0 (11749264)|STATEMENT_EXECUTE|[1023]
11:12:17.0 (11750283)|STATEMENT_EXECUTE|[1025]
11:12:17.0 (11760864)|STATEMENT_EXECUTE|[1028]
11:12:17.0 (11762155)|STATEMENT_EXECUTE|[1029]
11:12:17.0 (11784122)|VARIABLE_ASSIGNMENT|[EXTERNAL]|this|{}|0x13c305ac
11:12:17.0 (11789195)|VARIABLE_ASSIGNMENT|[EXTERNAL]|value|"test_name"
11:12:17.0 (11795444)|VARIABLE_ASSIGNMENT|[1013]|this.label|"test_name"|0x13c305ac
11:12:17.0 (11801916)|STATEMENT_EXECUTE|[1030]
11:12:17.0 (11822963)|VARIABLE_ASSIGNMENT|[EXTERNAL]|this|{"label":"test_name"}|0x13c305ac
11:12:17.0 (11827261)|VARIABLE_ASSIGNMENT|[EXTERNAL]|value|"test_name"
11:12:17.0 (11832956)|VARIABLE_ASSIGNMENT|[1015]|this.apiName|"test_name"|0x13c305ac
11:12:17.0 (11838546)|STATEMENT_EXECUTE|[1031]
11:12:17.0 (11859351)|VARIABLE_ASSIGNMENT|[EXTERNAL]|this|{"apiName":"test_name","label":"test_name"}|0x13c305ac
11:12:17.0 (11864303)|VARIABLE_ASSIGNMENT|[EXTERNAL]|value|"0PS36000000KlvMGAS"
11:12:17.0 (11870258)|VARIABLE_ASSIGNMENT|[1017]|this.id|"0PS36000000KlvMGAS"|0x13c305ac
11:12:17.0 (11876008)|STATEMENT_EXECUTE|[1032]
11:12:17.0 (11897100)|VARIABLE_ASSIGNMENT|[EXTERNAL]|this|{"apiName":"test_name","id":"0PS36000000KlvMGAS","label":"test_name"}|0x13c305ac
11:12:17.0 (11901845)|VARIABLE_ASSIGNMENT|[EXTERNAL]|value|"test desc"
11:12:17.0 (11907457)|VARIABLE_ASSIGNMENT|[1019]|this.description|"test desc"|0x13c305ac
11:12:17.0 (11913197)|STATEMENT_EXECUTE|[1033]
11:12:17.0 (11934873)|VARIABLE_ASSIGNMENT|[EXTERNAL]|this|{"apiName":"test_name","description":"test desc","id":"0PS36000000KlvMGAS","label":"test_name"}|0x13c305ac
11:12:17.0 (11939831)|VARIABLE_ASSIGNMENT|[EXTERNAL]|value|"shiva15testns"
11:12:17.0 (11945587)|VARIABLE_ASSIGNMENT|[1021]|this.namespacePrefix|"shiva15testns"|0x13c305ac
11:12:17.0 (11951782)|STATEMENT_EXECUTE|[1034]
11:12:17.0 (11979173)|VARIABLE_ASSIGNMENT|[EXTERNAL]|this|{"apiName":"test_name","description":"test desc","id":"0PS36000000KlvMGAS","label":"test_name","namespacePrefix":"shiva15testns"}|0x13c305ac
11:12:17.0 (11985207)|VARIABLE_ASSIGNMENT|[EXTERNAL]|value|null
11:12:17.0 (11991555)|VARIABLE_ASSIGNMENT|[1023]|this.userLicenseId|null|0x13c305ac
11:12:17.0 (11997788)|STATEMENT_EXECUTE|[1035]
11:12:17.0 (12021109)|VARIABLE_ASSIGNMENT|[EXTERNAL]|this|{"apiName":"test_name","description":"test desc","id":"0PS36000000KlvMGAS","label":"test_name","namespacePrefix":"shiva15testns"}|0x13c305ac
11:12:17.0 (12027240)|VARIABLE_ASSIGNMENT|[EXTERNAL]|value|"2016-04-27 02:47:35"
11:12:17.0 (12034154)|VARIABLE_ASSIGNMENT|[1025]|this.createdDate|"2016-04-27 02:47:35"|0x13c305ac
11:12:17.0 (12048508)|CONSTRUCTOR_EXIT|[166]|01p36000005Jpvx|<init>(String,String,String,String,String,String,String)
11:12:17.0 (12070892)|VARIABLE_ASSIGNMENT|[166]|pSetObj|{"apiName":"test_name","createdDate":"2016-04-27 02:47:35","description":"test desc","id":"0PS36000000KlvMGAS","label":"test_name","namespacePrefix":"shiva15testns"}|0x13c305ac
11:12:17.0 (12074792)|STATEMENT_EXECUTE|[167]
11:12:17.0 (12085742)|ENTERING_MANAGED_PKG|
11:12:17.0 (12093838)|HEAP_ALLOCATE|[EXTERNAL]|Bytes:4
11:12:17.0 (12100312)|STATEMENT_EXECUTE|[168]
11:12:17.0 (12113251)|ENTERING_MANAGED_PKG|
11:12:17.0 (12159349)|HEAP_ALLOCATE|[168]|Bytes:191
11:12:17.0 (12173748)|HEAP_ALLOCATE|[168]|Bytes:215
11:12:17.0 (12185908)|ENTERING_MANAGED_PKG|
11:12:17.0 (12199843)|USER_DEBUG|[168]|ERROR|The PermissionSet Name: PermissionSet:{Id=0PS36000000KlvMGAS, Label=test_name, Name=test_name, Description=test desc, NamespacePrefix=shiva15testns, UserLicenseId=10036000000eSpyAAE, CreatedDate=2016-04-27 09:47:35}
11:12:17.0 (12217730)|HEAP_ALLOCATE|[162]|Bytes:5
11:12:17.0 (12239212)|HEAP_ALLOCATE|[162]|Bytes:28
11:12:17.0 (12247113)|VARIABLE_SCOPE_BEGIN|[162]|PSetName|PermissionSet|true|false
11:12:17.0 (12272355)|VARIABLE_ASSIGNMENT|[162]|PSetName|{"s":1,"v":{"Id":"0PS36000000mmnFGAQ","Label":"00e1a000000MWa8AAG","Name":"X00e1a000000MWa8AAG","NamespacePrefix":"shiva15testns","UserLicenseId":"10036000000eSpzAAE","CreatedDate":"2016-03-08T19:00:02.000Z"}}|0x4de70ab3
11:12:17.0 (12276950)|STATEMENT_EXECUTE|[162]
11:12:17.0 (12298192)|ENTERING_MANAGED_PKG|
11:12:17.0 (12307750)|STATEMENT_EXECUTE|[163]
11:12:17.0 (12318181)|HEAP_ALLOCATE|[162]|Bytes:5
11:12:17.0 (12337059)|HEAP_ALLOCATE|[162]|Bytes:28
11:12:17.0 (12344366)|VARIABLE_SCOPE_BEGIN|[162]|PSetName|PermissionSet|true|false
11:12:17.0 (12370036)|VARIABLE_ASSIGNMENT|[162]|PSetName|{"s":1,"v":{"Id":"0PS36000000mmnGGAQ","Label":"00ex00000018ozl_128_ (10 more) ...","Name":"X00ex00000018ozl_128 (11 more) ...","NamespacePrefix":"shiva15testns","UserLicenseId":"10036000000eSpyAAE","CreatedDate":"2016-03-08T19:00:02.000Z"}}|0x5fcf8cb8
11:12:17.0 (12374797)|STATEMENT_EXECUTE|[162]
11:12:17.0 (12395179)|ENTERING_MANAGED_PKG|
11:12:17.0 (12404392)|STATEMENT_EXECUTE|[163]
11:12:17.0 (12414330)|HEAP_ALLOCATE|[162]|Bytes:5
11:12:17.0 (12433276)|HEAP_ALLOCATE|[162]|Bytes:28
11:12:17.0 (12440424)|VARIABLE_SCOPE_BEGIN|[162]|PSetName|PermissionSet|true|false
11:12:17.0 (12464395)|VARIABLE_ASSIGNMENT|[162]|PSetName|{"s":1,"v":{"Id":"0PS36000000mmnHGAQ","Label":"00ex00000018ozm_128_ (10 more) ...","Name":"X00ex00000018ozm_128 (11 more) ...","NamespacePrefix":"shiva15testns","UserLicenseId":"10036000000eSpyAAE","CreatedDate":"2016-03-08T19:00:02.000Z"}}|0x6c8575c9
11:12:17.0 (12468821)|STATEMENT_EXECUTE|[162]
11:12:17.0 (12489192)|ENTERING_MANAGED_PKG|
11:12:17.0 (12498476)|STATEMENT_EXECUTE|[163]
11:12:17.0 (12508435)|HEAP_ALLOCATE|[162]|Bytes:5
11:12:17.0 (12526965)|HEAP_ALLOCATE|[162]|Bytes:28
11:12:17.0 (12533938)|VARIABLE_SCOPE_BEGIN|[162]|PSetName|PermissionSet|true|false
11:12:17.0 (12557650)|VARIABLE_ASSIGNMENT|[162]|PSetName|{"s":1,"v":{"Id":"0PS36000000mmnIGAQ","Label":"00ex00000018ozk_128_ (10 more) ...","Name":"X00ex00000018ozk_128 (11 more) ...","NamespacePrefix":"shiva15testns","UserLicenseId":"10036000000eSpyAAE","CreatedDate":"2016-03-08T19:00:02.000Z"}}|0x24f18b9f
11:12:17.0 (12562180)|STATEMENT_EXECUTE|[162]
11:12:17.0 (12582291)|ENTERING_MANAGED_PKG|
11:12:17.0 (12591462)|STATEMENT_EXECUTE|[163]
11:12:17.0 (12601144)|HEAP_ALLOCATE|[162]|Bytes:5
11:12:17.0 (12620069)|HEAP_ALLOCATE|[162]|Bytes:28
11:12:17.0 (12627326)|VARIABLE_SCOPE_BEGIN|[162]|PSetName|PermissionSet|true|false
11:12:17.0 (12650458)|VARIABLE_ASSIGNMENT|[162]|PSetName|{"s":1,"v":{"Id":"0PS36000000mmnJGAQ","Label":"00ex00000018ozj_128_ (10 more) ...","Name":"X00ex00000018ozj_128 (11 more) ...","NamespacePrefix":"shiva15testns","UserLicenseId":"10036000000eSpyAAE","CreatedDate":"2016-03-08T19:00:02.000Z"}}|0x51b6af20
11:12:17.0 (12654923)|STATEMENT_EXECUTE|[162]
11:12:17.0 (12675039)|ENTERING_MANAGED_PKG|
11:12:17.0 (12684213)|STATEMENT_EXECUTE|[163]
11:12:17.0 (12694330)|HEAP_ALLOCATE|[162]|Bytes:5
11:12:17.0 (12712808)|HEAP_ALLOCATE|[162]|Bytes:28
11:12:17.0 (12719732)|VARIABLE_SCOPE_BEGIN|[162]|PSetName|PermissionSet|true|false
11:12:17.0 (12742943)|VARIABLE_ASSIGNMENT|[162]|PSetName|{"s":1,"v":{"Id":"0PS36000000mmnKGAQ","Label":"00ex00000018ozo_128_ (10 more) ...","Name":"X00ex00000018ozo_128 (11 more) ...","NamespacePrefix":"shiva15testns","UserLicenseId":"10036000000eSpyAAE","CreatedDate":"2016-03-08T19:00:02.000Z"}}|0x723f53e2
11:12:17.0 (12747289)|STATEMENT_EXECUTE|[162]
11:12:17.0 (12767333)|ENTERING_MANAGED_PKG|
11:12:17.0 (12776546)|STATEMENT_EXECUTE|[163]
11:12:17.0 (12786292)|HEAP_ALLOCATE|[162]|Bytes:5
11:12:17.0 (12804776)|HEAP_ALLOCATE|[162]|Bytes:28
11:12:17.0 (12811952)|VARIABLE_SCOPE_BEGIN|[162]|PSetName|PermissionSet|true|false
11:12:17.0 (12835127)|VARIABLE_ASSIGNMENT|[162]|PSetName|{"s":1,"v":{"Id":"0PS36000000mmnLGAQ","Label":"00ex00000018ozh_128_ (10 more) ...","Name":"X00ex00000018ozh_128 (11 more) ...","NamespacePrefix":"shiva15testns","UserLicenseId":"10036000000eSpyAAE","CreatedDate":"2016-03-08T19:00:02.000Z"}}|0x35535b51
11:12:17.0 (12839768)|STATEMENT_EXECUTE|[162]
11:12:17.0 (12859984)|ENTERING_MANAGED_PKG|
11:12:17.0 (12869266)|STATEMENT_EXECUTE|[163]
11:12:17.0 (12878940)|HEAP_ALLOCATE|[162]|Bytes:5
11:12:17.0 (12897804)|HEAP_ALLOCATE|[162]|Bytes:28
11:12:17.0 (12904871)|VARIABLE_SCOPE_BEGIN|[162]|PSetName|PermissionSet|true|false
11:12:17.0 (12928154)|VARIABLE_ASSIGNMENT|[162]|PSetName|{"s":1,"v":{"Id":"0PS36000000mmnMGAQ","Label":"00ex00000018ozq_128_ (11 more) ...","Name":"X00ex00000018ozq_128 (12 more) ...","NamespacePrefix":"shiva15testns","UserLicenseId":"10036000000eSpyAAE","CreatedDate":"2016-03-08T19:00:02.000Z"}}|0x1d569317
11:12:17.0 (12932828)|STATEMENT_EXECUTE|[162]
11:12:17.0 (12952864)|ENTERING_MANAGED_PKG|
11:12:17.0 (12962031)|STATEMENT_EXECUTE|[163]
11:12:17.0 (12976577)|HEAP_ALLOCATE|[162]|Bytes:5
11:12:17.0 (12995898)|HEAP_ALLOCATE|[162]|Bytes:28
11:12:17.0 (13003076)|VARIABLE_SCOPE_BEGIN|[162]|PSetName|PermissionSet|true|false
11:12:17.0 (13027845)|VARIABLE_ASSIGNMENT|[162]|PSetName|{"s":1,"v":{"Id":"0PS36000000mmnNGAQ","Label":"00ex00000018ozp_128_ (10 more) ...","Name":"X00ex00000018ozp_128 (11 more) ...","NamespacePrefix":"shiva15testns","UserLicenseId":"10036000000eSpyAAE","CreatedDate":"2016-03-08T19:00:02.000Z"}}|0x79fdf032
11:12:17.0 (13032193)|STATEMENT_EXECUTE|[162]
11:12:17.0 (13052545)|ENTERING_MANAGED_PKG|
11:12:17.0 (13061828)|STATEMENT_EXECUTE|[163]
11:12:17.0 (13071628)|HEAP_ALLOCATE|[162]|Bytes:5
11:12:17.0 (13090173)|HEAP_ALLOCATE|[162]|Bytes:28
11:12:17.0 (13097225)|VARIABLE_SCOPE_BEGIN|[162]|PSetName|PermissionSet|true|false
11:12:17.0 (13120189)|VARIABLE_ASSIGNMENT|[162]|PSetName|{"s":1,"v":{"Id":"0PS36000000mmnOGAQ","Label":"00ex00000018ozn_128_ (10 more) ...","Name":"X00ex00000018ozn_128 (11 more) ...","NamespacePrefix":"shiva15testns","UserLicenseId":"10036000000eSpyAAE","CreatedDate":"2016-03-08T19:00:02.000Z"}}|0x71551cac
11:12:17.0 (13125027)|STATEMENT_EXECUTE|[162]
11:12:17.0 (13145346)|ENTERING_MANAGED_PKG|
11:12:17.0 (13154671)|STATEMENT_EXECUTE|[163]
11:12:17.0 (13164302)|HEAP_ALLOCATE|[162]|Bytes:5
11:12:17.0 (13182706)|HEAP_ALLOCATE|[162]|Bytes:28
11:12:17.0 (13189700)|VARIABLE_SCOPE_BEGIN|[162]|PSetName|PermissionSet|true|false
11:12:17.0 (13212296)|VARIABLE_ASSIGNMENT|[162]|PSetName|{"s":1,"v":{"Id":"0PS36000000mmnPGAQ","Label":"00e1a000000MWa9AAG","Name":"X00e1a000000MWa9AAG","NamespacePrefix":"shiva15testns","UserLicenseId":"10036000000eSq0AAE","CreatedDate":"2016-03-08T19:00:02.000Z"}}|0x5ef34804
11:12:17.0 (13216591)|STATEMENT_EXECUTE|[162]
11:12:17.0 (13236459)|ENTERING_MANAGED_PKG|
11:12:17.0 (13245520)|STATEMENT_EXECUTE|[163]
11:12:17.0 (13255140)|HEAP_ALLOCATE|[162]|Bytes:5
11:12:17.0 (13273725)|HEAP_ALLOCATE|[162]|Bytes:28
11:12:17.0 (13280668)|VARIABLE_SCOPE_BEGIN|[162]|PSetName|PermissionSet|true|false
11:12:17.0 (13302907)|VARIABLE_ASSIGNMENT|[162]|PSetName|{"s":1,"v":{"Id":"0PS36000000mmnQGAQ","Label":"00e1a000000MWaBAAW","Name":"X00e1a000000MWaBAAW","NamespacePrefix":"shiva15testns","UserLicenseId":"10036000000eSq2AAE","CreatedDate":"2016-03-08T19:00:02.000Z"}}|0x7794a6e6
11:12:17.0 (13307314)|STATEMENT_EXECUTE|[162]
11:12:17.0 (13327617)|ENTERING_MANAGED_PKG|
11:12:17.0 (13336791)|STATEMENT_EXECUTE|[163]
11:12:17.0 (13346461)|HEAP_ALLOCATE|[162]|Bytes:5
11:12:17.0 (13364950)|HEAP_ALLOCATE|[162]|Bytes:28
11:12:17.0 (13371979)|VARIABLE_SCOPE_BEGIN|[162]|PSetName|PermissionSet|true|false
11:12:17.0 (13394351)|VARIABLE_ASSIGNMENT|[162]|PSetName|{"s":1,"v":{"Id":"0PS36000000mmnRGAQ","Label":"00e1a000000MWaCAAW","Name":"X00e1a000000MWaCAAW","NamespacePrefix":"shiva15testns","UserLicenseId":"10036000000eSq3AAE","CreatedDate":"2016-03-08T19:00:02.000Z"}}|0x617ea446
11:12:17.0 (13398463)|STATEMENT_EXECUTE|[162]
11:12:17.0 (13418261)|ENTERING_MANAGED_PKG|
11:12:17.0 (13427336)|STATEMENT_EXECUTE|[163]
11:12:17.0 (13436941)|HEAP_ALLOCATE|[162]|Bytes:5
11:12:17.0 (13455339)|HEAP_ALLOCATE|[162]|Bytes:28
11:12:17.0 (13462527)|VARIABLE_SCOPE_BEGIN|[162]|PSetName|PermissionSet|true|false
11:12:17.0 (13485308)|VARIABLE_ASSIGNMENT|[162]|PSetName|{"s":1,"v":{"Id":"0PS36000000mmnSGAQ","Label":"00e1a000000MWaDAAW","Name":"X00e1a000000MWaDAAW","NamespacePrefix":"shiva15testns","UserLicenseId":"10036000000eSq4AAE","CreatedDate":"2016-03-08T19:00:02.000Z"}}|0x381764b9
11:12:17.0 (13489714)|STATEMENT_EXECUTE|[162]
11:12:17.0 (13509697)|ENTERING_MANAGED_PKG|
11:12:17.0 (13518887)|STATEMENT_EXECUTE|[163]
11:12:17.0 (13528509)|HEAP_ALLOCATE|[162]|Bytes:5
11:12:17.0 (13546871)|HEAP_ALLOCATE|[162]|Bytes:28
11:12:17.0 (13553866)|VARIABLE_SCOPE_BEGIN|[162]|PSetName|PermissionSet|true|false
11:12:17.0 (13576314)|VARIABLE_ASSIGNMENT|[162]|PSetName|{"s":1,"v":{"Id":"0PS36000000mmnTGAQ","Label":"00e1a000000MWaEAAW","Name":"X00e1a000000MWaEAAW","NamespacePrefix":"shiva15testns","UserLicenseId":"10036000000eSq5AAE","CreatedDate":"2016-03-08T19:00:02.000Z"}}|0x7c60a8d7
11:12:17.0 (13580597)|STATEMENT_EXECUTE|[162]
11:12:17.0 (13600644)|ENTERING_MANAGED_PKG|
11:12:17.0 (13609772)|STATEMENT_EXECUTE|[163]
11:12:17.0 (13619862)|HEAP_ALLOCATE|[162]|Bytes:5
11:12:17.0 (13638197)|HEAP_ALLOCATE|[162]|Bytes:28
11:12:17.0 (13645242)|VARIABLE_SCOPE_BEGIN|[162]|PSetName|PermissionSet|true|false
11:12:17.0 (13667481)|VARIABLE_ASSIGNMENT|[162]|PSetName|{"s":1,"v":{"Id":"0PS36000000mmnUGAQ","Label":"00e1a000000MWaFAAW","Name":"X00e1a000000MWaFAAW","NamespacePrefix":"shiva15testns","UserLicenseId":"10036000000eSq6AAE","CreatedDate":"2016-03-08T19:00:02.000Z"}}|0x2e91922b
11:12:17.0 (13671525)|STATEMENT_EXECUTE|[162]
11:12:17.0 (13691591)|ENTERING_MANAGED_PKG|
11:12:17.0 (13700684)|STATEMENT_EXECUTE|[163]
11:12:17.0 (13710437)|HEAP_ALLOCATE|[162]|Bytes:5
11:12:17.0 (13728751)|HEAP_ALLOCATE|[162]|Bytes:28
11:12:17.0 (13735883)|VARIABLE_SCOPE_BEGIN|[162]|PSetName|PermissionSet|true|false
11:12:17.0 (13758175)|VARIABLE_ASSIGNMENT|[162]|PSetName|{"s":1,"v":{"Id":"0PS36000000mmnVGAQ","Label":"00e1a000000MWaGAAW","Name":"X00e1a000000MWaGAAW","NamespacePrefix":"shiva15testns","UserLicenseId":"10036000000eSq7AAE","CreatedDate":"2016-03-08T19:00:02.000Z"}}|0x3a595f2b
11:12:17.0 (13776628)|STATEMENT_EXECUTE|[162]
11:12:17.0 (13798328)|ENTERING_MANAGED_PKG|
11:12:17.0 (13807960)|STATEMENT_EXECUTE|[163]
11:12:17.0 (13817869)|HEAP_ALLOCATE|[162]|Bytes:5
11:12:17.0 (13836948)|HEAP_ALLOCATE|[162]|Bytes:28
11:12:17.0 (13844071)|VARIABLE_SCOPE_BEGIN|[162]|PSetName|PermissionSet|true|false
11:12:17.0 (13866886)|VARIABLE_ASSIGNMENT|[162]|PSetName|{"s":1,"v":{"Id":"0PS36000000mmnWGAQ","Label":"00e1a000000MWaHAAW","Name":"X00e1a000000MWaHAAW","NamespacePrefix":"shiva15testns","UserLicenseId":"10036000000eSq8AAE","CreatedDate":"2016-03-08T19:00:02.000Z"}}|0x3968d675
11:12:17.0 (13871479)|STATEMENT_EXECUTE|[162]
11:12:17.0 (13891534)|ENTERING_MANAGED_PKG|
11:12:17.0 (13900688)|STATEMENT_EXECUTE|[163]
11:12:17.0 (13910473)|HEAP_ALLOCATE|[162]|Bytes:5
11:12:17.0 (13928878)|HEAP_ALLOCATE|[162]|Bytes:28
11:12:17.0 (13936043)|VARIABLE_SCOPE_BEGIN|[162]|PSetName|PermissionSet|true|false
11:12:17.0 (13958217)|VARIABLE_ASSIGNMENT|[162]|PSetName|{"s":1,"v":{"Id":"0PS36000000mmnXGAQ","Label":"00e1a000000MWaIAAW","Name":"X00e1a000000MWaIAAW","NamespacePrefix":"shiva15testns","UserLicenseId":"10036000000eSq9AAE","CreatedDate":"2016-03-08T19:00:02.000Z"}}|0x4037f79f
11:12:17.0 (13962495)|STATEMENT_EXECUTE|[162]
11:12:17.0 (13986843)|ENTERING_MANAGED_PKG|
11:12:17.0 (13996256)|STATEMENT_EXECUTE|[163]
11:12:17.0 (14006055)|HEAP_ALLOCATE|[162]|Bytes:5
11:12:17.0 (14025582)|HEAP_ALLOCATE|[162]|Bytes:28
11:12:17.0 (14032581)|VARIABLE_SCOPE_BEGIN|[162]|PSetName|PermissionSet|true|false
11:12:17.0 (14054932)|VARIABLE_ASSIGNMENT|[162]|PSetName|{"s":1,"v":{"Id":"0PS36000000mmnYGAQ","Label":"00e1a000000MWaJAAW","Name":"X00e1a000000MWaJAAW","NamespacePrefix":"shiva15testns","UserLicenseId":"10036000000eSqAAAU","CreatedDate":"2016-03-08T19:00:02.000Z"}}|0x62952578
11:12:17.0 (14059324)|STATEMENT_EXECUTE|[162]
11:12:17.0 (14079292)|ENTERING_MANAGED_PKG|
11:12:17.0 (14088503)|STATEMENT_EXECUTE|[163]
11:12:17.0 (14098117)|HEAP_ALLOCATE|[162]|Bytes:5
11:12:17.0 (14116593)|HEAP_ALLOCATE|[162]|Bytes:28
11:12:17.0 (14124010)|VARIABLE_SCOPE_BEGIN|[162]|PSetName|PermissionSet|true|false
11:12:17.0 (14146048)|VARIABLE_ASSIGNMENT|[162]|PSetName|{"s":1,"v":{"Id":"0PS36000000mmnZGAQ","Label":"00e1a000000MWaKAAW","Name":"X00e1a000000MWaKAAW","NamespacePrefix":"shiva15testns","UserLicenseId":"10036000000eSqBAAU","CreatedDate":"2016-03-08T19:00:02.000Z"}}|0x12458e06
11:12:17.0 (14150184)|STATEMENT_EXECUTE|[162]
11:12:17.0 (14170182)|ENTERING_MANAGED_PKG|
11:12:17.0 (14179306)|STATEMENT_EXECUTE|[163]
11:12:17.0 (14188932)|HEAP_ALLOCATE|[162]|Bytes:5
11:12:17.0 (14207571)|HEAP_ALLOCATE|[162]|Bytes:28
11:12:17.0 (14214739)|VARIABLE_SCOPE_BEGIN|[162]|PSetName|PermissionSet|true|false
11:12:17.0 (14237322)|VARIABLE_ASSIGNMENT|[162]|PSetName|{"s":1,"v":{"Id":"0PS36000000mmnaGAA","Label":"00e1a000000MWaLAAW","Name":"X00e1a000000MWaLAAW","NamespacePrefix":"shiva15testns","UserLicenseId":"10036000000eSqCAAU","CreatedDate":"2016-03-08T19:00:02.000Z"}}|0x6d612945
11:12:17.0 (14241386)|STATEMENT_EXECUTE|[162]
11:12:17.0 (14261628)|ENTERING_MANAGED_PKG|
11:12:17.0 (14270757)|STATEMENT_EXECUTE|[163]
11:12:17.0 (14280417)|HEAP_ALLOCATE|[162]|Bytes:5
11:12:17.0 (14298812)|HEAP_ALLOCATE|[162]|Bytes:28
11:12:17.0 (14305824)|VARIABLE_SCOPE_BEGIN|[162]|PSetName|PermissionSet|true|false
11:12:17.0 (14328015)|VARIABLE_ASSIGNMENT|[162]|PSetName|{"s":1,"v":{"Id":"0PS36000000mmnbGAA","Label":"00e1a000000MWaMAAW","Name":"X00e1a000000MWaMAAW","NamespacePrefix":"shiva15testns","UserLicenseId":"10036000000eSqDAAU","CreatedDate":"2016-03-08T19:00:02.000Z"}}|0x1295b079
11:12:17.0 (14332246)|STATEMENT_EXECUTE|[162]
11:12:17.0 (14352220)|ENTERING_MANAGED_PKG|
11:12:17.0 (14361457)|STATEMENT_EXECUTE|[163]
11:12:17.0 (14371224)|HEAP_ALLOCATE|[162]|Bytes:5
11:12:17.0 (14389527)|HEAP_ALLOCATE|[162]|Bytes:28
11:12:17.0 (14396680)|VARIABLE_SCOPE_BEGIN|[162]|PSetName|PermissionSet|true|false
11:12:17.0 (14418753)|VARIABLE_ASSIGNMENT|[162]|PSetName|{"s":1,"v":{"Id":"0PS36000000mmncGAA","Label":"00e1a000000MWaNAAW","Name":"X00e1a000000MWaNAAW","NamespacePrefix":"shiva15testns","UserLicenseId":"10036000000eSqEAAU","CreatedDate":"2016-03-08T19:00:02.000Z"}}|0x59e0f9b6
11:12:17.0 (14423207)|STATEMENT_EXECUTE|[162]
11:12:17.0 (14443016)|ENTERING_MANAGED_PKG|
11:12:17.0 (14452104)|STATEMENT_EXECUTE|[163]
11:12:17.0 (14461581)|HEAP_ALLOCATE|[162]|Bytes:5
11:12:17.0 (14479983)|HEAP_ALLOCATE|[162]|Bytes:28
11:12:17.0 (14487057)|VARIABLE_SCOPE_BEGIN|[162]|PSetName|PermissionSet|true|false
11:12:17.0 (14509426)|VARIABLE_ASSIGNMENT|[162]|PSetName|{"s":1,"v":{"Id":"0PS36000000mmndGAA","Label":"00e1a000000MWaOAAW","Name":"X00e1a000000MWaOAAW","NamespacePrefix":"shiva15testns","UserLicenseId":"10036000000eSqFAAU","CreatedDate":"2016-03-08T19:00:02.000Z"}}|0x67eb7932
11:12:17.0 (14513974)|STATEMENT_EXECUTE|[162]
11:12:17.0 (14533858)|ENTERING_MANAGED_PKG|
11:12:17.0 (14543103)|STATEMENT_EXECUTE|[163]
11:12:17.0 (14552755)|HEAP_ALLOCATE|[162]|Bytes:5
11:12:17.0 (14571186)|HEAP_ALLOCATE|[162]|Bytes:28
11:12:17.0 (14578312)|VARIABLE_SCOPE_BEGIN|[162]|PSetName|PermissionSet|true|false
11:12:17.0 (14600622)|VARIABLE_ASSIGNMENT|[162]|PSetName|{"s":1,"v":{"Id":"0PS36000000mmneGAA","Label":"00e1a000000MWaPAAW","Name":"X00e1a000000MWaPAAW","NamespacePrefix":"shiva15testns","UserLicenseId":"10036000000eSqGAAU","CreatedDate":"2016-03-08T19:00:02.000Z"}}|0x3245f8b
11:12:17.0 (14604408)|STATEMENT_EXECUTE|[162]
11:12:17.0 (14624300)|ENTERING_MANAGED_PKG|
11:12:17.0 (14633605)|STATEMENT_EXECUTE|[163]
11:12:17.0 (14643339)|HEAP_ALLOCATE|[162]|Bytes:5
11:12:17.0 (14661699)|HEAP_ALLOCATE|[162]|Bytes:28
11:12:17.0 (14668816)|VARIABLE_SCOPE_BEGIN|[162]|PSetName|PermissionSet|true|false
11:12:17.0 (14690979)|VARIABLE_ASSIGNMENT|[162]|PSetName|{"s":1,"v":{"Id":"0PS36000000mmnfGAA","Label":"00e1a000000MWaQAAW","Name":"X00e1a000000MWaQAAW","NamespacePrefix":"shiva15testns","UserLicenseId":"10036000000eSqHAAU","CreatedDate":"2016-03-08T19:00:02.000Z"}}|0x3c0d21ee
11:12:17.0 (14694942)|STATEMENT_EXECUTE|[162]
11:12:17.0 (14714856)|ENTERING_MANAGED_PKG|
11:12:17.0 (14723852)|STATEMENT_EXECUTE|[163]
11:12:17.0 (14733745)|HEAP_ALLOCATE|[162]|Bytes:5
11:12:17.0 (14752199)|HEAP_ALLOCATE|[162]|Bytes:28
11:12:17.0 (14759374)|VARIABLE_SCOPE_BEGIN|[162]|PSetName|PermissionSet|true|false
11:12:17.0 (14781985)|VARIABLE_ASSIGNMENT|[162]|PSetName|{"s":1,"v":{"Id":"0PS36000000mmngGAA","Label":"00e1a000000MWaRAAW","Name":"X00e1a000000MWaRAAW","NamespacePrefix":"shiva15testns","UserLicenseId":"10036000000eSqIAAU","CreatedDate":"2016-03-08T19:00:02.000Z"}}|0x627e5290
11:12:17.0 (14786330)|STATEMENT_EXECUTE|[162]
11:12:17.0 (14806081)|ENTERING_MANAGED_PKG|
11:12:17.0 (14815474)|STATEMENT_EXECUTE|[163]
11:12:17.0 (14825111)|HEAP_ALLOCATE|[162]|Bytes:5
11:12:17.0 (14843504)|HEAP_ALLOCATE|[162]|Bytes:28
11:12:17.0 (14850492)|VARIABLE_SCOPE_BEGIN|[162]|PSetName|PermissionSet|true|false
11:12:17.0 (14872591)|VARIABLE_ASSIGNMENT|[162]|PSetName|{"s":1,"v":{"Id":"0PS36000000mmnhGAA","Label":"00e1a000000MWaSAAW","Name":"X00e1a000000MWaSAAW","NamespacePrefix":"shiva15testns","UserLicenseId":"10036000000eSqJAAU","CreatedDate":"2016-03-08T19:00:02.000Z"}}|0x5e608504
11:12:17.0 (14877173)|STATEMENT_EXECUTE|[162]
11:12:17.0 (14897035)|ENTERING_MANAGED_PKG|
11:12:17.0 (14906113)|STATEMENT_EXECUTE|[163]
11:12:17.0 (14915706)|HEAP_ALLOCATE|[162]|Bytes:5
11:12:17.0 (14934422)|HEAP_ALLOCATE|[162]|Bytes:28
11:12:17.0 (14941394)|VARIABLE_SCOPE_BEGIN|[162]|PSetName|PermissionSet|true|false
11:12:17.0 (14963440)|VARIABLE_ASSIGNMENT|[162]|PSetName|{"s":1,"v":{"Id":"0PS36000000mmniGAA","Label":"00e1a000000MWaTAAW","Name":"X00e1a000000MWaTAAW","NamespacePrefix":"shiva15testns","UserLicenseId":"10036000000eSqJAAU","CreatedDate":"2016-03-08T19:00:02.000Z"}}|0x7f194144
11:12:17.0 (14971205)|STATEMENT_EXECUTE|[162]
11:12:17.0 (14991564)|ENTERING_MANAGED_PKG|
11:12:17.0 (15000898)|STATEMENT_EXECUTE|[163]
11:12:17.0 (15011442)|HEAP_ALLOCATE|[162]|Bytes:5
11:12:17.0 (15030046)|HEAP_ALLOCATE|[162]|Bytes:28
11:12:17.0 (15036998)|VARIABLE_SCOPE_BEGIN|[162]|PSetName|PermissionSet|true|false
11:12:17.0 (15059577)|VARIABLE_ASSIGNMENT|[162]|PSetName|{"s":1,"v":{"Id":"0PS36000000mmnjGAA","Label":"00e1a000000MWaUAAW","Name":"X00e1a000000MWaUAAW","NamespacePrefix":"shiva15testns","UserLicenseId":"10036000000eSqKAAU","CreatedDate":"2016-03-08T19:00:02.000Z"}}|0x2ace1d18
11:12:17.0 (15063965)|STATEMENT_EXECUTE|[162]
11:12:17.0 (15084079)|ENTERING_MANAGED_PKG|
11:12:17.0 (15093230)|STATEMENT_EXECUTE|[163]
11:12:17.0 (15102944)|HEAP_ALLOCATE|[162]|Bytes:5
11:12:17.0 (15121387)|HEAP_ALLOCATE|[162]|Bytes:28
11:12:17.0 (15128509)|VARIABLE_SCOPE_BEGIN|[162]|PSetName|PermissionSet|true|false
11:12:17.0 (15150887)|VARIABLE_ASSIGNMENT|[162]|PSetName|{"s":1,"v":{"Id":"0PS36000000mmnlGAA","Label":"00e1a000000N1LRAA0","Name":"X00e1a000000N1LRAA0","NamespacePrefix":"shiva15testns","UserLicenseId":"10036000000eSqLAAU","CreatedDate":"2016-03-08T19:00:02.000Z"}}|0x3a343003
11:12:17.0 (15155283)|STATEMENT_EXECUTE|[162]
11:12:17.0 (15175154)|ENTERING_MANAGED_PKG|
11:12:17.0 (15184363)|STATEMENT_EXECUTE|[163]
11:12:17.0 (15194036)|HEAP_ALLOCATE|[162]|Bytes:5
11:12:17.0 (15212281)|HEAP_ALLOCATE|[162]|Bytes:28
11:12:17.0 (15219634)|VARIABLE_SCOPE_BEGIN|[162]|PSetName|PermissionSet|true|false
11:12:17.0 (15241703)|VARIABLE_ASSIGNMENT|[162]|PSetName|{"s":1,"v":{"Id":"0PS36000000mmnmGAA","Label":"00e1a000000N1LSAA0","Name":"X00e1a000000N1LSAA0","NamespacePrefix":"shiva15testns","UserLicenseId":"10036000000eSqMAAU","CreatedDate":"2016-03-08T19:00:02.000Z"}}|0x60a6cae4
11:12:17.0 (15246010)|STATEMENT_EXECUTE|[162]
11:12:17.0 (15265874)|ENTERING_MANAGED_PKG|
11:12:17.0 (15275331)|STATEMENT_EXECUTE|[163]
11:12:17.0 (15284923)|HEAP_ALLOCATE|[162]|Bytes:5
11:12:17.0 (15303329)|HEAP_ALLOCATE|[162]|Bytes:28
11:12:17.0 (15310548)|VARIABLE_SCOPE_BEGIN|[162]|PSetName|PermissionSet|true|false
11:12:17.0 (15332891)|VARIABLE_ASSIGNMENT|[162]|PSetName|{"s":1,"v":{"Id":"0PS36000000mmnnGAA","Label":"00e1a000000N1wKAAS","Name":"X00e1a000000N1wKAAS","NamespacePrefix":"shiva15testns","UserLicenseId":"10036000000eSqNAAU","CreatedDate":"2016-03-08T19:00:02.000Z"}}|0x5500b4d5
11:12:17.0 (15337383)|STATEMENT_EXECUTE|[162]
11:12:17.0 (15357590)|ENTERING_MANAGED_PKG|
11:12:17.0 (15366627)|STATEMENT_EXECUTE|[163]
11:12:17.0 (15376231)|HEAP_ALLOCATE|[162]|Bytes:5
11:12:17.0 (15394696)|HEAP_ALLOCATE|[162]|Bytes:28
11:12:17.0 (15401788)|VARIABLE_SCOPE_BEGIN|[162]|PSetName|PermissionSet|true|false
11:12:17.0 (15423915)|VARIABLE_ASSIGNMENT|[162]|PSetName|{"s":1,"v":{"Id":"0PS36000000mmnoGAA","Label":"00e1a000000N1wLAAS","Name":"X00e1a000000N1wLAAS","NamespacePrefix":"shiva15testns","UserLicenseId":"10036000000eSqNAAU","CreatedDate":"2016-03-08T19:00:02.000Z"}}|0xffc55b0
11:12:17.0 (15427997)|STATEMENT_EXECUTE|[162]
11:12:17.0 (15447849)|ENTERING_MANAGED_PKG|
11:12:17.0 (15456959)|STATEMENT_EXECUTE|[163]
11:12:17.0 (15466564)|HEAP_ALLOCATE|[162]|Bytes:5
11:12:17.0 (15485125)|HEAP_ALLOCATE|[162]|Bytes:28
11:12:17.0 (15492192)|VARIABLE_SCOPE_BEGIN|[162]|PSetName|PermissionSet|true|false
11:12:17.0 (15514212)|VARIABLE_ASSIGNMENT|[162]|PSetName|{"s":1,"v":{"Id":"0PS36000000mmnqGAA","Label":"00e1a000000MWaAAAW","Name":"X00e1a000000MWaAAAW","NamespacePrefix":"shiva15testns","UserLicenseId":"10036000000eSq1AAE","CreatedDate":"2016-03-08T19:00:02.000Z"}}|0x1453c864
11:12:17.0 (15518827)|STATEMENT_EXECUTE|[162]
11:12:17.0 (15538601)|ENTERING_MANAGED_PKG|
11:12:17.0 (15547683)|STATEMENT_EXECUTE|[163]
11:12:17.0 (15557228)|HEAP_ALLOCATE|[162]|Bytes:5
11:12:17.0 (15575556)|HEAP_ALLOCATE|[162]|Bytes:32
11:12:17.0 (15582484)|VARIABLE_SCOPE_BEGIN|[162]|PSetName|PermissionSet|true|false
11:12:17.0 (15607190)|VARIABLE_ASSIGNMENT|[162]|PSetName|{"s":1,"v":{"Id":"0PS36000000q71PGAQ","Label":"PermissionSet_Test","Name":"PermissionSet_Test","Description":"This is for testing  (11 more) ...","NamespacePrefix":"shiva15testns","UserLicenseId":"10036000000eSpyAAE","CreatedDate":"2016-03-20T22:41:12.000Z"}}|0x42f4d1e0
11:12:17.0 (15612086)|STATEMENT_EXECUTE|[162]
11:12:17.0 (15632310)|ENTERING_MANAGED_PKG|
11:12:17.0 (15641808)|STATEMENT_EXECUTE|[163]
11:12:17.0 (15643158)|STATEMENT_EXECUTE|[166]
11:12:17.0 (15647634)|HEAP_ALLOCATE|[166]|Bytes:32
11:12:17.0 (15663446)|ENTERING_MANAGED_PKG|
11:12:17.0 (15666893)|HEAP_ALLOCATE|[166]|Bytes:18
11:12:17.0 (15688322)|ENTERING_MANAGED_PKG|
11:12:17.0 (15700399)|HEAP_ALLOCATE|[166]|Bytes:19
11:12:17.0 (15722642)|CONSTRUCTOR_ENTRY|[166]|01p36000005Jpvx|<init>(String,String,String,String,String,String,String)
11:12:17.0 (15728094)|VARIABLE_SCOPE_BEGIN|[1027]|this|shiva15testns.PermissionSetPortalControllers.PermissionSetClass|true|false
11:12:17.0 (15750104)|VARIABLE_ASSIGNMENT|[1027]|this|{}|0x7291c676
11:12:17.0 (15753014)|VARIABLE_SCOPE_BEGIN|[1027]|label|String|false|false
11:12:17.0 (15757688)|VARIABLE_ASSIGNMENT|[1027]|label|"PermissionSet_Test"
11:12:17.0 (15759530)|VARIABLE_SCOPE_BEGIN|[1027]|apiName|String|false|false
11:12:17.0 (15762379)|VARIABLE_ASSIGNMENT|[1027]|apiName|"PermissionSet_Test"
11:12:17.0 (15764095)|VARIABLE_SCOPE_BEGIN|[1027]|id|String|false|false
11:12:17.0 (15767092)|VARIABLE_ASSIGNMENT|[1027]|id|"0PS36000000q71PGAQ"
11:12:17.0 (15768667)|VARIABLE_SCOPE_BEGIN|[1027]|description|String|false|false
11:12:17.0 (15772690)|VARIABLE_ASSIGNMENT|[1027]|description|"This is for testing  (11 more) ..."
11:12:17.0 (15774495)|VARIABLE_SCOPE_BEGIN|[1027]|namespacePrefix|String|false|false
11:12:17.0 (15777721)|VARIABLE_ASSIGNMENT|[1027]|namespacePrefix|"shiva15testns"
11:12:17.0 (15779334)|VARIABLE_SCOPE_BEGIN|[1027]|userLicenseId|String|false|false
11:12:17.0 (15782535)|VARIABLE_ASSIGNMENT|[1027]|userLicenseId|null
11:12:17.0 (15784091)|VARIABLE_SCOPE_BEGIN|[1027]|createdDate|String|false|false
11:12:17.0 (15786985)|VARIABLE_ASSIGNMENT|[1027]|createdDate|"2016-03-20 15:41:12"
11:12:17.0 (15789892)|STATEMENT_EXECUTE|[1010]
11:12:17.0 (15791200)|STATEMENT_EXECUTE|[1013]
11:12:17.0 (15792529)|STATEMENT_EXECUTE|[1015]
11:12:17.0 (15793545)|STATEMENT_EXECUTE|[1017]
11:12:17.0 (15794569)|STATEMENT_EXECUTE|[1019]
11:12:17.0 (15795617)|STATEMENT_EXECUTE|[1021]
11:12:17.0 (15796613)|STATEMENT_EXECUTE|[1023]
11:12:17.0 (15797606)|STATEMENT_EXECUTE|[1025]
11:12:17.0 (15808206)|STATEMENT_EXECUTE|[1028]
11:12:17.0 (15809519)|STATEMENT_EXECUTE|[1029]
11:12:17.0 (15831797)|VARIABLE_ASSIGNMENT|[EXTERNAL]|this|{}|0x7291c676
11:12:17.0 (15837161)|VARIABLE_ASSIGNMENT|[EXTERNAL]|value|"PermissionSet_Test"
11:12:17.0 (15844452)|VARIABLE_ASSIGNMENT|[1013]|this.label|"PermissionSet_Test"|0x7291c676
11:12:17.0 (15850783)|STATEMENT_EXECUTE|[1030]
11:12:17.0 (15872160)|VARIABLE_ASSIGNMENT|[EXTERNAL]|this|{"label":"PermissionSet_Test"}|0x7291c676
11:12:17.0 (15876690)|VARIABLE_ASSIGNMENT|[EXTERNAL]|value|"PermissionSet_Test"
11:12:17.0 (15882649)|VARIABLE_ASSIGNMENT|[1015]|this.apiName|"PermissionSet_Test"|0x7291c676
11:12:17.0 (15888484)|STATEMENT_EXECUTE|[1031]
11:12:17.0 (15909406)|VARIABLE_ASSIGNMENT|[EXTERNAL]|this|{"apiName":"PermissionSet_Test","label":"PermissionSet_Test"}|0x7291c676
11:12:17.0 (15914165)|VARIABLE_ASSIGNMENT|[EXTERNAL]|value|"0PS36000000q71PGAQ"
11:12:17.0 (15919980)|VARIABLE_ASSIGNMENT|[1017]|this.id|"0PS36000000q71PGAQ"|0x7291c676
11:12:17.0 (15925619)|STATEMENT_EXECUTE|[1032]
11:12:17.0 (15947227)|VARIABLE_ASSIGNMENT|[EXTERNAL]|this|{"apiName":"PermissionSet_Test","id":"0PS36000000q71PGAQ","label":"PermissionSet_Test"}|0x7291c676
11:12:17.0 (15953750)|VARIABLE_ASSIGNMENT|[EXTERNAL]|value|"This is for testing  (11 more) ..."
11:12:17.0 (15960838)|VARIABLE_ASSIGNMENT|[1019]|this.description|"This is for testing  (11 more) ..."|0x7291c676
11:12:17.0 (15970615)|STATEMENT_EXECUTE|[1033]
11:12:17.0 (15995403)|VARIABLE_ASSIGNMENT|[EXTERNAL]|this|{"apiName":"PermissionSet_Test","description":"This is for testing  (11 more) ...","id":"0PS36000000q71PGAQ","label":"PermissionSet_Test"}|0x7291c676
11:12:17.0 (16000600)|VARIABLE_ASSIGNMENT|[EXTERNAL]|value|"shiva15testns"
11:12:17.0 (16007502)|VARIABLE_ASSIGNMENT|[1021]|this.namespacePrefix|"shiva15testns"|0x7291c676
11:12:17.0 (16013587)|STATEMENT_EXECUTE|[1034]
11:12:17.0 (16037711)|VARIABLE_ASSIGNMENT|[EXTERNAL]|this|{"apiName":"PermissionSet_Test","description":"This is for testing  (11 more) ...","id":"0PS36000000q71PGAQ","label":"PermissionSet_Test","namespacePrefix":"shiva15testns"}|0x7291c676
11:12:17.0 (16043433)|VARIABLE_ASSIGNMENT|[EXTERNAL]|value|null
11:12:17.0 (16049474)|VARIABLE_ASSIGNMENT|[1023]|this.userLicenseId|null|0x7291c676
11:12:17.0 (16055868)|STATEMENT_EXECUTE|[1035]
11:12:17.0 (16079447)|VARIABLE_ASSIGNMENT|[EXTERNAL]|this|{"apiName":"PermissionSet_Test","description":"This is for testing  (11 more) ...","id":"0PS36000000q71PGAQ","label":"PermissionSet_Test","namespacePrefix":"shiva15testns"}|0x7291c676
11:12:17.0 (16085250)|VARIABLE_ASSIGNMENT|[EXTERNAL]|value|"2016-03-20 15:41:12"
11:12:17.0 (16091584)|VARIABLE_ASSIGNMENT|[1025]|this.createdDate|"2016-03-20 15:41:12"|0x7291c676
11:12:17.0 (16106043)|CONSTRUCTOR_EXIT|[166]|01p36000005Jpvx|<init>(String,String,String,String,String,String,String)
11:12:17.0 (16128703)|VARIABLE_ASSIGNMENT|[166]|pSetObj|{"apiName":"PermissionSet_Test","createdDate":"2016-03-20 15:41:12","description":"This is for testing  (11 more) ...","id":"0PS36000000q71PGAQ","label":"PermissionSet_Test","namespacePrefix":"shiva15testns"}|0x7291c676
11:12:17.0 (16132628)|STATEMENT_EXECUTE|[167]
11:12:17.0 (16143750)|ENTERING_MANAGED_PKG|
11:12:17.0 (16151926)|HEAP_ALLOCATE|[EXTERNAL]|Bytes:4
11:12:17.0 (16158188)|STATEMENT_EXECUTE|[168]
11:12:17.0 (16171031)|ENTERING_MANAGED_PKG|
11:12:17.0 (16218783)|HEAP_ALLOCATE|[168]|Bytes:231
11:12:17.0 (16233293)|HEAP_ALLOCATE|[168]|Bytes:255
11:12:17.0 (16245592)|ENTERING_MANAGED_PKG|
11:12:17.0 (16259826)|USER_DEBUG|[168]|ERROR|The PermissionSet Name: PermissionSet:{Id=0PS36000000q71PGAQ, Label=PermissionSet_Test, Name=PermissionSet_Test, Description=This is for testing Description, NamespacePrefix=shiva15testns, UserLicenseId=10036000000eSpyAAE, CreatedDate=2016-03-20 22:41:12}
11:12:17.0 (16277660)|HEAP_ALLOCATE|[162]|Bytes:5
11:12:17.0 (16297821)|HEAP_ALLOCATE|[162]|Bytes:32
11:12:17.0 (16305487)|VARIABLE_SCOPE_BEGIN|[162]|PSetName|PermissionSet|true|false
11:12:17.0 (16330995)|VARIABLE_ASSIGNMENT|[162]|PSetName|{"s":1,"v":{"Id":"0PS360000015WSaGAM","Label":"Permission_Set_Name","Name":"Permission_Set_Name","Description":"Permission Set Descr (11 more) ...","NamespacePrefix":"shiva15testns","UserLicenseId":"10036000000eSpyAAE","CreatedDate":"2016-04-28T18:12:07.000Z"}}|0x12826377
11:12:17.0 (16335676)|STATEMENT_EXECUTE|[162]
11:12:17.0 (16357136)|ENTERING_MANAGED_PKG|
11:12:17.0 (16366609)|STATEMENT_EXECUTE|[163]
11:12:17.0 (16367978)|STATEMENT_EXECUTE|[166]
11:12:17.0 (16372425)|HEAP_ALLOCATE|[166]|Bytes:32
11:12:17.0 (16388091)|ENTERING_MANAGED_PKG|
11:12:17.0 (16391549)|HEAP_ALLOCATE|[166]|Bytes:18
11:12:17.0 (16412711)|ENTERING_MANAGED_PKG|
11:12:17.0 (16424422)|HEAP_ALLOCATE|[166]|Bytes:19
11:12:17.0 (16446319)|CONSTRUCTOR_ENTRY|[166]|01p36000005Jpvx|<init>(String,String,String,String,String,String,String)
11:12:17.0 (16451780)|VARIABLE_SCOPE_BEGIN|[1027]|this|shiva15testns.PermissionSetPortalControllers.PermissionSetClass|true|false
11:12:17.0 (16473434)|VARIABLE_ASSIGNMENT|[1027]|this|{}|0x6b901044
11:12:17.0 (16476262)|VARIABLE_SCOPE_BEGIN|[1027]|label|String|false|false
11:12:17.0 (16480669)|VARIABLE_ASSIGNMENT|[1027]|label|"Permission_Set_Name"
11:12:17.0 (16482428)|VARIABLE_SCOPE_BEGIN|[1027]|apiName|String|false|false
11:12:17.0 (16485335)|VARIABLE_ASSIGNMENT|[1027]|apiName|"Permission_Set_Name"
11:12:17.0 (16486940)|VARIABLE_SCOPE_BEGIN|[1027]|id|String|false|false
11:12:17.0 (16489799)|VARIABLE_ASSIGNMENT|[1027]|id|"0PS360000015WSaGAM"
11:12:17.0 (16492078)|VARIABLE_SCOPE_BEGIN|[1027]|description|String|false|false
11:12:17.0 (16496021)|VARIABLE_ASSIGNMENT|[1027]|description|"Permission Set Descr (11 more) ..."
11:12:17.0 (16497863)|VARIABLE_SCOPE_BEGIN|[1027]|namespacePrefix|String|false|false
11:12:17.0 (16500551)|VARIABLE_ASSIGNMENT|[1027]|namespacePrefix|"shiva15testns"
11:12:17.0 (16502134)|VARIABLE_SCOPE_BEGIN|[1027]|userLicenseId|String|false|false
11:12:17.0 (16505271)|VARIABLE_ASSIGNMENT|[1027]|userLicenseId|null
11:12:17.0 (16506793)|VARIABLE_SCOPE_BEGIN|[1027]|createdDate|String|false|false
11:12:17.0 (16510052)|VARIABLE_ASSIGNMENT|[1027]|createdDate|"2016-04-28 11:12:07"
11:12:17.0 (16512938)|STATEMENT_EXECUTE|[1010]
11:12:17.0 (16514165)|STATEMENT_EXECUTE|[1013]
11:12:17.0 (16515452)|STATEMENT_EXECUTE|[1015]
11:12:17.0 (16516465)|STATEMENT_EXECUTE|[1017]
11:12:17.0 (16517445)|STATEMENT_EXECUTE|[1019]
11:12:17.0 (16518497)|STATEMENT_EXECUTE|[1021]
11:12:17.0 (16519475)|STATEMENT_EXECUTE|[1023]
11:12:17.0 (16520472)|STATEMENT_EXECUTE|[1025]
11:12:17.0 (16531136)|STATEMENT_EXECUTE|[1028]
11:12:17.0 (16532485)|STATEMENT_EXECUTE|[1029]
11:12:17.0 (16554325)|VARIABLE_ASSIGNMENT|[EXTERNAL]|this|{}|0x6b901044
11:12:17.0 (16559501)|VARIABLE_ASSIGNMENT|[EXTERNAL]|value|"Permission_Set_Name"
11:12:17.0 (16566232)|VARIABLE_ASSIGNMENT|[1013]|this.label|"Permission_Set_Name"|0x6b901044
11:12:17.0 (16572404)|STATEMENT_EXECUTE|[1030]
11:12:17.0 (16593100)|VARIABLE_ASSIGNMENT|[EXTERNAL]|this|{"label":"Permission_Set_Name"}|0x6b901044
11:12:17.0 (16597589)|VARIABLE_ASSIGNMENT|[EXTERNAL]|value|"Permission_Set_Name"
11:12:17.0 (16603362)|VARIABLE_ASSIGNMENT|[1015]|this.apiName|"Permission_Set_Name"|0x6b901044
11:12:17.0 (16609362)|STATEMENT_EXECUTE|[1031]
11:12:17.0 (16630149)|VARIABLE_ASSIGNMENT|[EXTERNAL]|this|{"apiName":"Permission_Set_Name","label":"Permission_Set_Name"}|0x6b901044
11:12:17.0 (16634958)|VARIABLE_ASSIGNMENT|[EXTERNAL]|value|"0PS360000015WSaGAM"
11:12:17.0 (16641175)|VARIABLE_ASSIGNMENT|[1017]|this.id|"0PS360000015WSaGAM"|0x6b901044
11:12:17.0 (16647114)|STATEMENT_EXECUTE|[1032]
11:12:17.0 (16668727)|VARIABLE_ASSIGNMENT|[EXTERNAL]|this|{"apiName":"Permission_Set_Name","id":"0PS360000015WSaGAM","label":"Permission_Set_Name"}|0x6b901044
11:12:17.0 (16674465)|VARIABLE_ASSIGNMENT|[EXTERNAL]|value|"Permission Set Descr (11 more) ..."
11:12:17.0 (16681465)|VARIABLE_ASSIGNMENT|[1019]|this.description|"Permission Set Descr (11 more) ..."|0x6b901044
11:12:17.0 (16687620)|STATEMENT_EXECUTE|[1033]
11:12:17.0 (16710449)|VARIABLE_ASSIGNMENT|[EXTERNAL]|this|{"apiName":"Permission_Set_Name","description":"Permission Set Descr (11 more) ...","id":"0PS360000015WSaGAM","label":"Permission_Set_Name"}|0x6b901044
11:12:17.0 (16715231)|VARIABLE_ASSIGNMENT|[EXTERNAL]|value|"shiva15testns"
11:12:17.0 (16721201)|VARIABLE_ASSIGNMENT|[1021]|this.namespacePrefix|"shiva15testns"|0x6b901044
11:12:17.0 (16727153)|STATEMENT_EXECUTE|[1034]
11:12:17.0 (16750178)|VARIABLE_ASSIGNMENT|[EXTERNAL]|this|{"apiName":"Permission_Set_Name","description":"Permission Set Descr (11 more) ...","id":"0PS360000015WSaGAM","label":"Permission_Set_Name","namespacePrefix":"shiva15testns"}|0x6b901044
11:12:17.0 (16756115)|VARIABLE_ASSIGNMENT|[EXTERNAL]|value|null
11:12:17.0 (16761951)|VARIABLE_ASSIGNMENT|[1023]|this.userLicenseId|null|0x6b901044
11:12:17.0 (16767809)|STATEMENT_EXECUTE|[1035]
11:12:17.0 (16791593)|VARIABLE_ASSIGNMENT|[EXTERNAL]|this|{"apiName":"Permission_Set_Name","description":"Permission Set Descr (11 more) ...","id":"0PS360000015WSaGAM","label":"Permission_Set_Name","namespacePrefix":"shiva15testns"}|0x6b901044
11:12:17.0 (16797344)|VARIABLE_ASSIGNMENT|[EXTERNAL]|value|"2016-04-28 11:12:07"
11:12:17.0 (16803393)|VARIABLE_ASSIGNMENT|[1025]|this.createdDate|"2016-04-28 11:12:07"|0x6b901044
11:12:17.0 (16817797)|CONSTRUCTOR_EXIT|[166]|01p36000005Jpvx|<init>(String,String,String,String,String,String,String)
11:12:17.0 (16841229)|VARIABLE_ASSIGNMENT|[166]|pSetObj|{"apiName":"Permission_Set_Name","createdDate":"2016-04-28 11:12:07","description":"Permission Set Descr (11 more) ...","id":"0PS360000015WSaGAM","label":"Permission_Set_Name","namespacePrefix":"shiva15testns"}|0x6b901044
11:12:17.0 (16845243)|STATEMENT_EXECUTE|[167]
11:12:17.0 (16856531)|ENTERING_MANAGED_PKG|
11:12:17.0 (16864714)|HEAP_ALLOCATE|[EXTERNAL]|Bytes:4
11:12:17.0 (16871187)|STATEMENT_EXECUTE|[168]
11:12:17.0 (16884102)|ENTERING_MANAGED_PKG|
11:12:17.0 (16929996)|HEAP_ALLOCATE|[168]|Bytes:233
11:12:17.0 (16944470)|HEAP_ALLOCATE|[168]|Bytes:257
11:12:17.0 (16956452)|ENTERING_MANAGED_PKG|
11:12:17.0 (16974725)|USER_DEBUG|[168]|ERROR|The PermissionSet Name: PermissionSet:{Id=0PS360000015WSaGAM, Label=Permission_Set_Name, Name=Permission_Set_Name, Description=Permission Set Description Test, NamespacePrefix=shiva15testns, UserLicenseId=10036000000eSpyAAE, CreatedDate=2016-04-28 18:12:07}
11:12:17.0 (16993054)|HEAP_ALLOCATE|[162]|Bytes:5
11:12:17.0 (17006073)|VARIABLE_ASSIGNMENT|[162]|PSetName|null|
11:12:17.0 (17010064)|STATEMENT_EXECUTE|[171]
11:12:17.0 (17023841)|SYSTEM_MODE_EXIT|false
11:12:17.17 (17066718)|CUMULATIVE_LIMIT_USAGE
11:12:17.17 (17066718)|LIMIT_USAGE_FOR_NS|(default)|
  Number of SOQL queries: 0 out of 100
  Number of query rows: 0 out of 50000
  Number of SOSL queries: 0 out of 20
  Number of DML statements: 0 out of 150
  Number of DML rows: 0 out of 10000
  Maximum CPU time: 0 out of 10000
  Maximum heap size: 0 out of 6000000
  Number of callouts: 0 out of 100
  Number of Email Invocations: 0 out of 10
  Number of future calls: 0 out of 50
  Number of queueable jobs added to the queue: 0 out of 50
  Number of Mobile Apex push calls: 0 out of 10

11:12:17.17 (17066718)|LIMIT_USAGE_FOR_NS|shiva15testns|
  Number of SOQL queries: 1 out of 100
  Number of query rows: 42 out of 50000
  Number of SOSL queries: 0 out of 20
  Number of DML statements: 0 out of 150
  Number of DML rows: 0 out of 10000
  Maximum CPU time: 0 out of 10000
  Maximum heap size: 0 out of 6000000
  Number of callouts: 0 out of 100
  Number of Email Invocations: 0 out of 10
  Number of future calls: 0 out of 50
  Number of queueable jobs added to the queue: 0 out of 50
  Number of Mobile Apex push calls: 0 out of 10

11:12:17.17 (17066718)|CUMULATIVE_LIMIT_USAGE_END

11:12:17.0 (17136873)|CODE_UNIT_FINISHED|PermissionSetPortalControllers.getAllPermissionSets
11:12:17.0 (19292658)|EXECUTION_FINISHED
11:12:17.21 (21499048)|EXECUTION_STARTED
11:12:17.21 (21505771)|CODE_UNIT_STARTED|[EXTERNAL]|Aura
11:12:17.21 (21538660)|CODE_UNIT_FINISHED|Aura
11:12:17.21 (22649530)|EXECUTION_FINISHED
11:12:17.23 (23638085)|EXECUTION_STARTED
11:12:17.23 (23644259)|CODE_UNIT_STARTED|[EXTERNAL]|Aura
11:12:17.23 (23675732)|CODE_UNIT_FINISHED|Aura
11:12:17.23 (24594607)|EXECUTION_FINISHED
11:12:17.25 (25543178)|EXECUTION_STARTED
11:12:17.25 (25549129)|CODE_UNIT_STARTED|[EXTERNAL]|Aura
11:12:17.25 (25580338)|CODE_UNIT_FINISHED|Aura
11:12:17.25 (26894317)|EXECUTION_FINISHED
11:12:17.28 (28529067)|EXECUTION_STARTED
11:12:17.28 (28535041)|CODE_UNIT_STARTED|[EXTERNAL]|Aura
11:12:17.28 (28565846)|CODE_UNIT_FINISHED|Aura
11:12:17.28 (29961849)|EXECUTION_FINISHED
11:12:17.31 (31240519)|EXECUTION_STARTED
11:12:17.31 (31246273)|CODE_UNIT_STARTED|[EXTERNAL]|Aura
11:12:17.31 (31278007)|CODE_UNIT_FINISHED|Aura
11:12:17.31 (32405730)|EXECUTION_FINISHED
11:12:17.33 (33361731)|EXECUTION_STARTED
11:12:17.33 (33367539)|CODE_UNIT_STARTED|[EXTERNAL]|Aura
11:12:17.33 (33398602)|CODE_UNIT_FINISHED|Aura
11:12:17.33 (34348403)|EXECUTION_FINISHED
