36.0 APEX_CODE,FINEST;APEX_PROFILING,INFO;CALLOUT,INFO;DB,INFO;SYSTEM,DEBUG;VALIDATION,INFO;VISUALFORCE,INFO;WORKFLOW,INFO
14:10:40.0 (950403)|HEAP_ALLOCATE|[72]|Bytes:3
14:10:40.0 (1051544)|HEAP_ALLOCATE|[77]|Bytes:152
14:10:40.0 (1075850)|HEAP_ALLOCATE|[342]|Bytes:408
14:10:40.0 (1096516)|HEAP_ALLOCATE|[355]|Bytes:408
14:10:40.0 (1115829)|HEAP_ALLOCATE|[467]|Bytes:48
14:10:40.3 (3607114)|STATEMENT_EXECUTE|[1]
14:10:40.3 (3649064)|HEAP_ALLOCATE|[50]|Bytes:5
14:10:40.3 (3676094)|HEAP_ALLOCATE|[56]|Bytes:5
14:10:40.3 (3684462)|HEAP_ALLOCATE|[64]|Bytes:7
14:10:40.3 (3712336)|SYSTEM_MODE_ENTER|false
14:10:40.3 (3734215)|HEAP_ALLOCATE|[9]|Bytes:5
14:10:40.3 (3738815)|STATEMENT_EXECUTE|[9]
14:10:40.3 (3746555)|HEAP_ALLOCATE|[9]|Bytes:4
14:10:40.3 (3774954)|ENTERING_MANAGED_PKG|
14:10:40.3 (3879068)|VARIABLE_ASSIGNMENT|[9]|PermissionSetPortalControllers.contactsField|{"s":1,"v":[]}|0x768ff82c
14:10:40.3 (3884868)|STATEMENT_EXECUTE|[10]
14:10:40.3 (3890236)|HEAP_ALLOCATE|[10]|Bytes:4
14:10:40.3 (3903483)|ENTERING_MANAGED_PKG|
14:10:40.3 (3937226)|VARIABLE_ASSIGNMENT|[10]|PermissionSetPortalControllers.accountField|{"s":1,"v":[]}|0xfc4f294
14:10:40.3 (3941859)|STATEMENT_EXECUTE|[1077]
14:10:40.3 (3943645)|STATEMENT_EXECUTE|[1106]
14:10:40.3 (3944915)|STATEMENT_EXECUTE|[1134]
14:10:40.3 (3946106)|STATEMENT_EXECUTE|[1163]
14:10:40.3 (3947351)|STATEMENT_EXECUTE|[1179]
14:10:40.3 (3948406)|STATEMENT_EXECUTE|[1196]
14:10:40.3 (3949564)|STATEMENT_EXECUTE|[1207]
14:10:40.3 (3950804)|STATEMENT_EXECUTE|[1212]
14:10:40.3 (3960402)|SYSTEM_MODE_EXIT|false
14:10:40.3 (3972235)|METHOD_EXIT|[1]|PermissionSetPortalControllers
14:10:40.3 (3978870)|HEAP_ALLOCATE|[EXTERNAL]|Bytes:125
14:10:40.3 (3986387)|SYSTEM_MODE_ENTER|false
14:10:40.3 (3996899)|VARIABLE_SCOPE_BEGIN|[747]|newly_Created_pSet_as_String|String|false|false
14:10:40.3 (4009691)|VARIABLE_ASSIGNMENT|[747]|newly_Created_pSet_as_String|"{\"label\":\"\",\"apiName (105 more) ..."
14:10:40.3 (4014265)|VARIABLE_SCOPE_BEGIN|[747]|object_Permission_Changes_as_String|String|false|false
14:10:40.3 (4018410)|VARIABLE_ASSIGNMENT|[747]|object_Permission_Changes_as_String|null
14:10:40.3 (4021125)|VARIABLE_SCOPE_BEGIN|[747]|recorded_Changes_Obj_as_String|String|false|false
14:10:40.3 (4023665)|VARIABLE_ASSIGNMENT|[747]|recorded_Changes_Obj_as_String|null
14:10:40.3 (4039129)|HEAP_ALLOCATE|[748]|Bytes:5
14:10:40.3 (4043207)|STATEMENT_EXECUTE|[747]
14:10:40.3 (4044752)|STATEMENT_EXECUTE|[748]
14:10:40.3 (4045846)|STATEMENT_EXECUTE|[748]
14:10:40.3 (4047018)|STATEMENT_EXECUTE|[756]
14:10:40.3 (4052759)|VARIABLE_SCOPE_BEGIN|[756]|check_Whether_PSet_isCreated|Boolean|false|false
14:10:40.3 (4055943)|HEAP_ALLOCATE|[756]|Bytes:5
14:10:40.3 (4061123)|VARIABLE_ASSIGNMENT|[756]|check_Whether_PSet_isCreated|false
14:10:40.3 (4063237)|STATEMENT_EXECUTE|[757]
14:10:40.3 (4065529)|VARIABLE_SCOPE_BEGIN|[757]|check_Whether_ChangesIn_Obj_Are_Saved|Boolean|false|false
14:10:40.3 (4068328)|HEAP_ALLOCATE|[757]|Bytes:5
14:10:40.3 (4071710)|VARIABLE_ASSIGNMENT|[757]|check_Whether_ChangesIn_Obj_Are_Saved|false
14:10:40.3 (4073662)|STATEMENT_EXECUTE|[758]
14:10:40.3 (4075864)|VARIABLE_SCOPE_BEGIN|[758]|check_Whether_ChangesIn_Field_Are_Saved|Boolean|false|false
14:10:40.3 (4079082)|HEAP_ALLOCATE|[758]|Bytes:5
14:10:40.3 (4082941)|VARIABLE_ASSIGNMENT|[758]|check_Whether_ChangesIn_Field_Are_Saved|false
14:10:40.3 (4084843)|STATEMENT_EXECUTE|[760]
14:10:40.3 (4088115)|HEAP_ALLOCATE|[760]|Bytes:79
14:10:40.3 (4120964)|ENTERING_MANAGED_PKG|
14:10:40.3 (4150648)|USER_DEBUG|[760]|DEBUG|Its inside the create_New_PermissionSet_and_SaveConcerned_Obj_Field_Permissions
14:10:40.3 (4161852)|STATEMENT_EXECUTE|[761]
14:10:40.3 (4166157)|HEAP_ALLOCATE|[761]|Bytes:22
14:10:40.3 (4181865)|HEAP_ALLOCATE|[761]|Bytes:26
14:10:40.3 (4193959)|ENTERING_MANAGED_PKG|
14:10:40.3 (4209565)|USER_DEBUG|[761]|DEBUG|changes Recorded Obj: null
14:10:40.3 (4216934)|STATEMENT_EXECUTE|[762]
14:10:40.3 (4221144)|HEAP_ALLOCATE|[762]|Bytes:15
14:10:40.3 (4227796)|HEAP_ALLOCATE|[762]|Bytes:140
14:10:40.3 (4238230)|ENTERING_MANAGED_PKG|
14:10:40.3 (4252068)|USER_DEBUG|[762]|DEBUG|new PSet Data: {"label":"","apiName":"","id":"","description":"","namespacePrefix":"","userLicenseId":"10036000000eSpyAAE","createdDate":""}
14:10:40.3 (4260185)|STATEMENT_EXECUTE|[763]
14:10:40.3 (4264535)|HEAP_ALLOCATE|[763]|Bytes:18
14:10:40.3 (4271188)|HEAP_ALLOCATE|[763]|Bytes:22
14:10:40.3 (4280937)|ENTERING_MANAGED_PKG|
14:10:40.3 (4294656)|USER_DEBUG|[763]|DEBUG|changed Obj Data: null
14:10:40.3 (4301566)|STATEMENT_EXECUTE|[765]
14:10:40.3 (4424848)|VARIABLE_SCOPE_BEGIN|[765]|new_PSetObj_for_creation|shiva15testns.PermissionSetPortalControllers.PermissionSetClass|true|false
14:10:40.3 (4434175)|VARIABLE_ASSIGNMENT|[765]|new_PSetObj_for_creation|null|
14:10:40.3 (4436661)|STATEMENT_EXECUTE|[766]
14:10:40.3 (4439729)|VARIABLE_SCOPE_BEGIN|[766]|objDetails_for_creation|List<shiva15testns.PermissionSetPortalControllers.ObjectDetailsClass>|true|false
14:10:40.3 (4444364)|VARIABLE_ASSIGNMENT|[766]|objDetails_for_creation|null|
14:10:40.3 (4446381)|STATEMENT_EXECUTE|[767]
14:10:40.3 (4686573)|VARIABLE_SCOPE_BEGIN|[767]|changes_recorded|shiva15testns.PermissionSetPortalControllers.ChangesrecordedfromUser|true|false
14:10:40.3 (4695857)|VARIABLE_ASSIGNMENT|[767]|changes_recorded|null|
14:10:40.3 (4698882)|STATEMENT_EXECUTE|[768]
14:10:40.3 (4703079)|VARIABLE_SCOPE_BEGIN|[768]|newly_created_pSet_id|String|false|false
14:10:40.3 (4707160)|VARIABLE_ASSIGNMENT|[768]|newly_created_pSet_id|null
14:10:40.3 (4729744)|ENTERING_MANAGED_PKG|
14:10:40.3 (4767204)|STATEMENT_EXECUTE|[771]
14:10:40.3 (4769663)|STATEMENT_EXECUTE|[773]
14:10:40.3 (4774529)|HEAP_ALLOCATE|[773]|Bytes:63
14:10:40.3 (4883624)|HEAP_ALLOCATE|[773]|Bytes:24
14:10:40.3 (4898406)|SYSTEM_METHOD_ENTRY|[1]|Type.Type()
14:10:40.3 (4901594)|STATEMENT_EXECUTE|[1]
14:10:40.3 (4910572)|SYSTEM_METHOD_EXIT|[1]|Type
14:10:40.3 (4918776)|HEAP_ALLOCATE|[773]|Bytes:8
14:10:40.3 (4940494)|HEAP_ALLOCATE|[773]|Bytes:8
14:10:40.3 (4945745)|VARIABLE_SCOPE_BEGIN|[4]|this|System.Type|true|false
14:10:40.3 (4980214)|VARIABLE_ASSIGNMENT|[4]|this|{}|0x990dc14
14:10:40.3 (4984013)|VARIABLE_SCOPE_BEGIN|[4]|apextype|java:common.apex.runtime.ApexObjectType|true|false
14:10:40.3 (5124808)|VARIABLE_ASSIGNMENT|[4]|apextype|"shiva15testns.PermissionSetPortalControllers.PermissionSetClass"|0x3773d755
14:10:40.3 (5195695)|HEAP_ALLOCATE|[773]|Bytes:8
14:10:40.3 (5243240)|HEAP_ALLOCATE|[773]|Bytes:18
14:10:40.3 (5255480)|SYSTEM_METHOD_ENTRY|[1]|JSON.JSON()
14:10:40.3 (5258141)|STATEMENT_EXECUTE|[1]
14:10:40.3 (5265816)|SYSTEM_METHOD_EXIT|[1]|JSON
14:10:40.3 (5279110)|METHOD_ENTRY|[773]||System.JSON.deserialize(String, System.Type)
14:10:40.3 (5743719)|METHOD_EXIT|[773]||System.JSON.deserialize(String, System.Type)
14:10:40.3 (5790874)|VARIABLE_ASSIGNMENT|[773]|new_PSetObj_for_creation|{"apiName":"","createdDate":"","description":"","id":"","label":"","namespacePrefix":"","userLicenseId":"10036000000eSpyAAE"}|0x41d58a13
14:10:40.3 (5796153)|STATEMENT_EXECUTE|[774]
14:10:40.3 (5812708)|METHOD_ENTRY|[774]|01p36000005Jpvx|shiva15testns.PermissionSetPortalControllers.create_New_PermissionSet(shiva15testns.PermissionSetPortalControllers.PermissionSetClass)
14:10:40.3 (5832722)|VARIABLE_SCOPE_BEGIN|[821]|pSetObj_As_Param|shiva15testns.PermissionSetPortalControllers.PermissionSetClass|true|false
14:10:40.3 (5858763)|VARIABLE_ASSIGNMENT|[821]|pSetObj_As_Param|{"apiName":"","createdDate":"","description":"","id":"","label":"","namespacePrefix":"","userLicenseId":"10036000000eSpyAAE"}|0x41d58a13
14:10:40.3 (5868849)|HEAP_ALLOCATE|[822]|Bytes:5
14:10:40.3 (5872649)|STATEMENT_EXECUTE|[821]
14:10:40.3 (5874059)|STATEMENT_EXECUTE|[822]
14:10:40.3 (5875495)|STATEMENT_EXECUTE|[822]
14:10:40.3 (5876960)|STATEMENT_EXECUTE|[824]
14:10:40.3 (5899094)|HEAP_ALLOCATE|[824]|Bytes:4
14:10:40.3 (6035023)|VARIABLE_SCOPE_BEGIN|[824]|pSetObj|PermissionSet|true|false
14:10:40.3 (6051957)|VARIABLE_ASSIGNMENT|[824]|pSetObj|{}|0x11e7b1fa
14:10:40.3 (6054881)|STATEMENT_EXECUTE|[825]
14:10:40.3 (6118133)|VARIABLE_ASSIGNMENT|[EXTERNAL]|this|{"apiName":"","createdDate":"","description":"","id":"","label":"","namespacePrefix":"","userLicenseId":"10036000000eSpyAAE"}|0x41d58a13
14:10:40.3 (6759731)|VARIABLE_ASSIGNMENT|[825]|this.Label|""|0x11e7b1fa
14:10:40.3 (6765063)|STATEMENT_EXECUTE|[826]
14:10:40.3 (6819551)|VARIABLE_ASSIGNMENT|[EXTERNAL]|this|{"apiName":"","createdDate":"","description":"","id":"","label":"","namespacePrefix":"","userLicenseId":"10036000000eSpyAAE"}|0x41d58a13
14:10:40.3 (6878578)|VARIABLE_ASSIGNMENT|[826]|this.Name|""|0x11e7b1fa
14:10:40.3 (6882662)|STATEMENT_EXECUTE|[827]
14:10:40.3 (6933112)|VARIABLE_ASSIGNMENT|[EXTERNAL]|this|{"apiName":"","createdDate":"","description":"","id":"","label":"","namespacePrefix":"","userLicenseId":"10036000000eSpyAAE"}|0x41d58a13
14:10:40.3 (6957871)|HEAP_ALLOCATE|[827]|Bytes:4
14:10:40.3 (7026421)|VARIABLE_ASSIGNMENT|[827]|this.UserLicenseId|"10036000000eSpyAAE"|0x11e7b1fa
14:10:40.3 (7031711)|STATEMENT_EXECUTE|[828]
14:10:40.3 (7082595)|VARIABLE_ASSIGNMENT|[EXTERNAL]|this|{"apiName":"","createdDate":"","description":"","id":"","label":"","namespacePrefix":"","userLicenseId":"10036000000eSpyAAE"}|0x41d58a13
14:10:40.3 (7140052)|VARIABLE_ASSIGNMENT|[828]|this.Description|""|0x11e7b1fa
14:10:40.3 (7144191)|STATEMENT_EXECUTE|[829]
14:10:40.3 (7189424)|HEAP_ALLOCATE|[829]|Bytes:8
14:10:40.3 (7206480)|DML_BEGIN|[829]|Op:Insert|Type:PermissionSet|Rows:1
14:10:40.3 (7246482)|HEAP_ALLOCATE|[EXTERNAL]|Bytes:8
14:10:40.3 (141701930)|DML_END|[829]
14:10:40.3 (141853125)|EXCEPTION_THROWN|[829]|System.DmlException: Insert failed. First exception on row 0; first error: REQUIRED_FIELD_MISSING, Required fields are missing: [Permission Set Name, Permission Set Label]: [Permission Set Name, Permission Set Label]
14:10:40.3 (142324258)|HEAP_ALLOCATE|[829]|Bytes:199
14:10:40.3 (142395887)|VARIABLE_SCOPE_BEGIN|[832]|e|Exception|true|false
14:10:40.3 (142493951)|VARIABLE_ASSIGNMENT|[832]|e|"common.apex.runtime.impl.DmlExecutionException: Insert failed. First exception on row 0; first error: REQUIRED_FIELD_MISSING, Required fields are missing: [Permission Set Name, Permission Set Label]: [Permission Set Name, Permission Set Label]"|0x6a277f23
14:10:40.3 (142504229)|STATEMENT_EXECUTE|[832]
14:10:40.3 (142506403)|STATEMENT_EXECUTE|[833]
14:10:40.3 (142517874)|HEAP_ALLOCATE|[833]|Bytes:5
14:10:40.3 (142544518)|METHOD_EXIT|[774]|01p36000005Jpvx|shiva15testns.PermissionSetPortalControllers.create_New_PermissionSet(shiva15testns.PermissionSetPortalControllers.PermissionSetClass)
14:10:40.3 (142552989)|HEAP_ALLOCATE|[774]|Bytes:5
14:10:40.3 (142562765)|VARIABLE_ASSIGNMENT|[774]|check_Whether_PSet_isCreated|false
14:10:40.3 (142565628)|STATEMENT_EXECUTE|[776]
14:10:40.3 (142571873)|HEAP_ALLOCATE|[776]|Bytes:137
14:10:40.3 (142589878)|HEAP_ALLOCATE|[776]|Bytes:4
14:10:40.3 (142942264)|SOQL_EXECUTE_BEGIN|[776]|Aggregations:0|SELECT Id, label, Name, Description, NamespacePrefix, UserLicenseId, CreatedDate FROM PermissionSet ORDER BY CreatedDate DESC NULLS FIRST
14:10:40.3 (167172776)|SOQL_EXECUTE_END|[776]|Rows:59
14:10:40.3 (167195047)|HEAP_ALLOCATE|[776]|Bytes:240
14:10:40.3 (167337209)|HEAP_ALLOCATE|[776]|Bytes:10446
14:10:40.3 (167369408)|HEAP_ALLOCATE|[776]|Bytes:240
14:10:40.3 (167379386)|VARIABLE_SCOPE_BEGIN|[776]|pSetList_for_Getting_Last_PSet_Id|List<PermissionSet>|true|false
14:10:40.3 (167406565)|VARIABLE_ASSIGNMENT|[776]|pSetList_for_Getting_Last_PSet_Id|{"s":1,"v":"List of size 59 too large to display"}|0x40ed6b34
14:10:40.3 (167411469)|STATEMENT_EXECUTE|[777]
14:10:40.3 (167499909)|HEAP_ALLOCATE|[777]|Bytes:32
14:10:40.3 (167550721)|HEAP_ALLOCATE|[777]|Bytes:18
14:10:40.3 (167562626)|VARIABLE_ASSIGNMENT|[777]|newly_created_pSet_id|"0PS360000017oYaGAI"
14:10:40.3 (167565718)|STATEMENT_EXECUTE|[778]
14:10:40.3 (167569534)|HEAP_ALLOCATE|[778]|Bytes:27
14:10:40.3 (167577656)|HEAP_ALLOCATE|[778]|Bytes:45
14:10:40.3 (167599427)|ENTERING_MANAGED_PKG|
14:10:40.3 (167639159)|USER_DEBUG|[778]|DEBUG|The newly created PSet Id: 0PS360000017oYaGAI
14:10:40.3 (167649930)|STATEMENT_EXECUTE|[781]
14:10:40.3 (167654239)|HEAP_ALLOCATE|[781]|Bytes:15
14:10:40.3 (167661220)|HEAP_ALLOCATE|[781]|Bytes:19
14:10:40.3 (167672274)|ENTERING_MANAGED_PKG|
14:10:40.3 (167687392)|USER_DEBUG|[781]|DEBUG|Just for gags: null
14:10:40.3 (167708723)|ENTERING_MANAGED_PKG|
14:10:40.3 (167740933)|STATEMENT_EXECUTE|[782]
14:10:40.3 (167743393)|STATEMENT_EXECUTE|[788]
14:10:40.3 (167747479)|HEAP_ALLOCATE|[788]|Bytes:23
14:10:40.3 (167766794)|ENTERING_MANAGED_PKG|
14:10:40.3 (167783031)|USER_DEBUG|[788]|DEBUG|Why is there an error 0
14:10:40.3 (167801140)|ENTERING_MANAGED_PKG|
14:10:40.3 (167823667)|STATEMENT_EXECUTE|[791]
14:10:40.3 (167826035)|STATEMENT_EXECUTE|[797]
14:10:40.3 (167830113)|HEAP_ALLOCATE|[797]|Bytes:23
14:10:40.3 (167842645)|ENTERING_MANAGED_PKG|
14:10:40.3 (167857402)|USER_DEBUG|[797]|DEBUG|Why is there an error 1
14:10:40.3 (167866736)|STATEMENT_EXECUTE|[803]
14:10:40.3 (167868465)|STATEMENT_EXECUTE|[804]
14:10:40.3 (167873989)|HEAP_ALLOCATE|[804]|Bytes:5
14:10:40.3 (167881182)|VARIABLE_ASSIGNMENT|[804]|check_Whether_ChangesIn_Obj_Are_Saved|true
14:10:40.3 (167883737)|STATEMENT_EXECUTE|[805]
14:10:40.3 (167886261)|HEAP_ALLOCATE|[805]|Bytes:5
14:10:40.3 (167889830)|VARIABLE_ASSIGNMENT|[805]|check_Whether_ChangesIn_Field_Are_Saved|true
14:10:40.3 (167892317)|STATEMENT_EXECUTE|[808]
14:10:40.3 (167895704)|HEAP_ALLOCATE|[808]|Bytes:23
14:10:40.3 (167907441)|ENTERING_MANAGED_PKG|
14:10:40.3 (167922182)|USER_DEBUG|[808]|DEBUG|Why is there an error 2
14:10:40.3 (167931450)|STATEMENT_EXECUTE|[810]
14:10:40.3 (167933167)|STATEMENT_EXECUTE|[813]
14:10:40.3 (167937244)|HEAP_ALLOCATE|[813]|Bytes:5
14:10:40.3 (167943504)|HEAP_ALLOCATE|[813]|Bytes:5
14:10:40.3 (167954618)|SYSTEM_MODE_EXIT|false
14:10:40.170 (170469955)|CUMULATIVE_LIMIT_USAGE
14:10:40.170 (170469955)|LIMIT_USAGE_FOR_NS|(default)|
  Number of SOQL queries: 0 out of 100
  Number of query rows: 0 out of 50000
  Number of SOSL queries: 0 out of 20
  Number of DML statements: 0 out of 150
  Number of DML rows: 0 out of 10000
  Maximum CPU time: 0 out of 10000
  Maximum heap size: 0 out of 6000000
  Number of callouts: 0 out of 100
  Number of Email Invocations: 0 out of 10
  Number of future calls: 0 out of 50
  Number of queueable jobs added to the queue: 0 out of 50
  Number of Mobile Apex push calls: 0 out of 10

14:10:40.170 (170469955)|LIMIT_USAGE_FOR_NS|shiva15testns|
  Number of SOQL queries: 1 out of 100
  Number of query rows: 59 out of 50000
  Number of SOSL queries: 0 out of 20
  Number of DML statements: 1 out of 150
  Number of DML rows: 1 out of 10000
  Maximum CPU time: 0 out of 10000
  Maximum heap size: 0 out of 6000000
  Number of callouts: 0 out of 100
  Number of Email Invocations: 0 out of 10
  Number of future calls: 0 out of 50
  Number of queueable jobs added to the queue: 0 out of 50
  Number of Mobile Apex push calls: 0 out of 10

14:10:40.170 (170469955)|CUMULATIVE_LIMIT_USAGE_END

14:10:40.3 (170553555)|CODE_UNIT_FINISHED|PermissionSetPortalControllers.create_New_PermissionSet_and_SaveConcerned_Obj_Field_Permissions
