36.0 APEX_CODE,FINEST;APEX_PROFILING,INFO;CALLOUT,INFO;DB,INFO;SYSTEM,DEBUG;VALIDATION,INFO;VISUALFORCE,INFO;WORKFLOW,INFO
17:37:52.0 (480243)|EXECUTION_STARTED
17:37:52.0 (510907)|CODE_UNIT_STARTED|[EXTERNAL]|01p36000005Jpvx|PermissionSetPortalControllers.getAllPermissionSets
17:37:52.0 (1278744)|VARIABLE_SCOPE_BEGIN|[3]|PermissionSetPortalControllers.AllPermissionSets|List<PermissionSet>|true|true
17:37:52.0 (1481965)|VARIABLE_SCOPE_BEGIN|[5]|PermissionSetPortalControllers.allObjectsOfOrg|List<shiva15testns.PermissionSetPortalControllers.ObjectDetailsClass>|true|true
17:37:52.0 (1495027)|VARIABLE_SCOPE_BEGIN|[7]|PermissionSetPortalControllers.isNotSystemSObjectList|Set<String>|true|true
17:37:52.0 (1676756)|HEAP_ALLOCATE|[72]|Bytes:3
17:37:52.0 (1755062)|HEAP_ALLOCATE|[77]|Bytes:152
17:37:52.0 (1773395)|HEAP_ALLOCATE|[342]|Bytes:408
17:37:52.0 (1790954)|HEAP_ALLOCATE|[355]|Bytes:408
17:37:52.0 (1807505)|HEAP_ALLOCATE|[467]|Bytes:48
17:37:52.0 (1874907)|HEAP_ALLOCATE|[139]|Bytes:6
17:37:52.0 (1904085)|HEAP_ALLOCATE|[EXTERNAL]|Bytes:168
17:37:52.0 (1928829)|HEAP_ALLOCATE|[EXTERNAL]|Bytes:66
17:37:52.0 (1932158)|HEAP_ALLOCATE|[EXTERNAL]|Bytes:250
17:37:52.0 (1962599)|METHOD_ENTRY|[1]|01p36000005Jpvx|PermissionSetPortalControllers.PermissionSetPortalControllers()
17:37:52.0 (1967657)|STATEMENT_EXECUTE|[1]
17:37:52.0 (1985679)|STATEMENT_EXECUTE|[1]
17:37:52.0 (2020747)|HEAP_ALLOCATE|[50]|Bytes:5
17:37:52.0 (2048231)|HEAP_ALLOCATE|[56]|Bytes:5
17:37:52.0 (2057870)|HEAP_ALLOCATE|[64]|Bytes:7
17:37:52.0 (2085710)|SYSTEM_MODE_ENTER|false
17:37:52.0 (2104610)|HEAP_ALLOCATE|[EXTERNAL]|Bytes:5
17:37:52.0 (2109576)|STATEMENT_EXECUTE|[918]
17:37:52.0 (2111330)|STATEMENT_EXECUTE|[947]
17:37:52.0 (2112411)|STATEMENT_EXECUTE|[975]
17:37:52.0 (2113558)|STATEMENT_EXECUTE|[1004]
17:37:52.0 (2114931)|STATEMENT_EXECUTE|[1020]
17:37:52.0 (2116002)|STATEMENT_EXECUTE|[1037]
17:37:52.0 (2117134)|STATEMENT_EXECUTE|[1048]
17:37:52.0 (2118056)|STATEMENT_EXECUTE|[1053]
17:37:52.0 (2123340)|SYSTEM_MODE_EXIT|false
17:37:52.0 (2154312)|METHOD_EXIT|[1]|PermissionSetPortalControllers
17:37:52.0 (2163543)|SYSTEM_MODE_ENTER|false
17:37:52.0 (2179641)|HEAP_ALLOCATE|[122]|Bytes:5
17:37:52.0 (2184202)|STATEMENT_EXECUTE|[121]
17:37:52.0 (2185625)|STATEMENT_EXECUTE|[122]
17:37:52.0 (2186594)|STATEMENT_EXECUTE|[122]
17:37:52.0 (2187810)|STATEMENT_EXECUTE|[123]
17:37:52.0 (2191479)|HEAP_ALLOCATE|[123]|Bytes:99
17:37:52.0 (2203020)|HEAP_ALLOCATE|[123]|Bytes:4
17:37:52.0 (3309616)|SOQL_EXECUTE_BEGIN|[123]|Aggregations:0|SELECT Id, label, Name, Description, NamespacePrefix, UserLicenseId, CreatedDate FROM PermissionSet
17:37:52.0 (7984217)|SOQL_EXECUTE_END|[123]|Rows:37
17:37:52.0 (8002529)|HEAP_ALLOCATE|[123]|Bytes:152
17:37:52.0 (8095465)|HEAP_ALLOCATE|[123]|Bytes:6569
17:37:52.0 (8136326)|HEAP_ALLOCATE|[123]|Bytes:152
17:37:52.0 (8208290)|VARIABLE_ASSIGNMENT|[123]|PermissionSetPortalControllers.AllPermissionSets|{"s":1,"v":"List of size 37 too large to display"}|0x6573b70b
17:37:52.0 (8343854)|ENTERING_MANAGED_PKG|
17:37:52.0 (8430585)|STATEMENT_EXECUTE|[124]
17:37:52.0 (8433456)|STATEMENT_EXECUTE|[125]
17:37:52.0 (8561756)|VARIABLE_SCOPE_BEGIN|[125]|pSetObj|shiva15testns.PermissionSetPortalControllers.PermissionSetClass|true|false
17:37:52.0 (8574389)|VARIABLE_ASSIGNMENT|[125]|pSetObj|null|
17:37:52.0 (8576962)|STATEMENT_EXECUTE|[126]
17:37:52.0 (8583818)|HEAP_ALLOCATE|[126]|Bytes:4
17:37:52.0 (8661439)|ENTERING_MANAGED_PKG|
17:37:52.0 (8716672)|VARIABLE_SCOPE_BEGIN|[126]|permissionSetsLst|List<shiva15testns.PermissionSetPortalControllers.PermissionSetClass>|true|false
17:37:52.0 (8741655)|HEAP_ALLOCATE|[EXTERNAL]|Bytes:4
17:37:52.0 (8754717)|VARIABLE_ASSIGNMENT|[126]|permissionSetsLst|{"s":1,"v":[]}|0x475dfdf8
17:37:52.0 (8772429)|ENTERING_MANAGED_PKG|
17:37:52.0 (9000559)|HEAP_ALLOCATE|[127]|Bytes:5
17:37:52.0 (9057382)|HEAP_ALLOCATE|[127]|Bytes:28
17:37:52.0 (9070713)|VARIABLE_SCOPE_BEGIN|[127]|PSetName|PermissionSet|true|false
17:37:52.0 (9120152)|VARIABLE_ASSIGNMENT|[127]|PSetName|{"s":1,"v":{"Id":"0PS36000000mmnFGAQ","Label":"00e1a000000MWa8AAG","Name":"X00e1a000000MWa8AAG","NamespacePrefix":"shiva15testns","UserLicenseId":"10036000000eSpzAAE","CreatedDate":"2016-03-08T19:00:02.000Z"}}|0x37572cc0
17:37:52.0 (9125322)|STATEMENT_EXECUTE|[127]
17:37:52.0 (9156758)|HEAP_ALLOCATE|[128]|Bytes:3
17:37:52.0 (9190800)|ENTERING_MANAGED_PKG|
17:37:52.0 (9225773)|STATEMENT_EXECUTE|[128]
17:37:52.0 (9239097)|HEAP_ALLOCATE|[127]|Bytes:5
17:37:52.0 (9262227)|HEAP_ALLOCATE|[127]|Bytes:28
17:37:52.0 (9271252)|VARIABLE_SCOPE_BEGIN|[127]|PSetName|PermissionSet|true|false
17:37:52.0 (9298271)|VARIABLE_ASSIGNMENT|[127]|PSetName|{"s":1,"v":{"Id":"0PS36000000mmnGGAQ","Label":"00ex00000018ozl_128_ (10 more) ...","Name":"X00ex00000018ozl_128 (11 more) ...","NamespacePrefix":"shiva15testns","UserLicenseId":"10036000000eSpyAAE","CreatedDate":"2016-03-08T19:00:02.000Z"}}|0x4c13d4c3
17:37:52.0 (9303494)|STATEMENT_EXECUTE|[127]
17:37:52.0 (9326514)|ENTERING_MANAGED_PKG|
17:37:52.0 (9337118)|STATEMENT_EXECUTE|[128]
17:37:52.0 (9348359)|HEAP_ALLOCATE|[127]|Bytes:5
17:37:52.0 (9368664)|HEAP_ALLOCATE|[127]|Bytes:28
17:37:52.0 (9383998)|VARIABLE_SCOPE_BEGIN|[127]|PSetName|PermissionSet|true|false
17:37:52.0 (9406976)|VARIABLE_ASSIGNMENT|[127]|PSetName|{"s":1,"v":{"Id":"0PS36000000mmnHGAQ","Label":"00ex00000018ozm_128_ (10 more) ...","Name":"X00ex00000018ozm_128 (11 more) ...","NamespacePrefix":"shiva15testns","UserLicenseId":"10036000000eSpyAAE","CreatedDate":"2016-03-08T19:00:02.000Z"}}|0x435bf401
17:37:52.0 (9411888)|STATEMENT_EXECUTE|[127]
17:37:52.0 (9433326)|ENTERING_MANAGED_PKG|
17:37:52.0 (9443441)|STATEMENT_EXECUTE|[128]
17:37:52.0 (9454408)|HEAP_ALLOCATE|[127]|Bytes:5
17:37:52.0 (9474555)|HEAP_ALLOCATE|[127]|Bytes:28
17:37:52.0 (9482578)|VARIABLE_SCOPE_BEGIN|[127]|PSetName|PermissionSet|true|false
17:37:52.0 (9504501)|VARIABLE_ASSIGNMENT|[127]|PSetName|{"s":1,"v":{"Id":"0PS36000000mmnIGAQ","Label":"00ex00000018ozk_128_ (10 more) ...","Name":"X00ex00000018ozk_128 (11 more) ...","NamespacePrefix":"shiva15testns","UserLicenseId":"10036000000eSpyAAE","CreatedDate":"2016-03-08T19:00:02.000Z"}}|0x7c54e0ea
17:37:52.0 (9508823)|STATEMENT_EXECUTE|[127]
17:37:52.0 (9529360)|ENTERING_MANAGED_PKG|
17:37:52.0 (9539330)|STATEMENT_EXECUTE|[128]
17:37:52.0 (9550179)|HEAP_ALLOCATE|[127]|Bytes:5
17:37:52.0 (9570144)|HEAP_ALLOCATE|[127]|Bytes:28
17:37:52.0 (9578076)|VARIABLE_SCOPE_BEGIN|[127]|PSetName|PermissionSet|true|false
17:37:52.0 (9599479)|VARIABLE_ASSIGNMENT|[127]|PSetName|{"s":1,"v":{"Id":"0PS36000000mmnJGAQ","Label":"00ex00000018ozj_128_ (10 more) ...","Name":"X00ex00000018ozj_128 (11 more) ...","NamespacePrefix":"shiva15testns","UserLicenseId":"10036000000eSpyAAE","CreatedDate":"2016-03-08T19:00:02.000Z"}}|0x726bf28c
17:37:52.0 (9603773)|STATEMENT_EXECUTE|[127]
17:37:52.0 (9627521)|ENTERING_MANAGED_PKG|
17:37:52.0 (9637510)|STATEMENT_EXECUTE|[128]
17:37:52.0 (9648302)|HEAP_ALLOCATE|[127]|Bytes:5
17:37:52.0 (9668642)|HEAP_ALLOCATE|[127]|Bytes:28
17:37:52.0 (9676729)|VARIABLE_SCOPE_BEGIN|[127]|PSetName|PermissionSet|true|false
17:37:52.0 (9698015)|VARIABLE_ASSIGNMENT|[127]|PSetName|{"s":1,"v":{"Id":"0PS36000000mmnKGAQ","Label":"00ex00000018ozo_128_ (10 more) ...","Name":"X00ex00000018ozo_128 (11 more) ...","NamespacePrefix":"shiva15testns","UserLicenseId":"10036000000eSpyAAE","CreatedDate":"2016-03-08T19:00:02.000Z"}}|0x208c85ce
17:37:52.0 (9702348)|STATEMENT_EXECUTE|[127]
17:37:52.0 (9722120)|ENTERING_MANAGED_PKG|
17:37:52.0 (9731950)|STATEMENT_EXECUTE|[128]
17:37:52.0 (9742313)|HEAP_ALLOCATE|[127]|Bytes:5
17:37:52.0 (9762350)|HEAP_ALLOCATE|[127]|Bytes:28
17:37:52.0 (9770325)|VARIABLE_SCOPE_BEGIN|[127]|PSetName|PermissionSet|true|false
17:37:52.0 (9791330)|VARIABLE_ASSIGNMENT|[127]|PSetName|{"s":1,"v":{"Id":"0PS36000000mmnLGAQ","Label":"00ex00000018ozh_128_ (10 more) ...","Name":"X00ex00000018ozh_128 (11 more) ...","NamespacePrefix":"shiva15testns","UserLicenseId":"10036000000eSpyAAE","CreatedDate":"2016-03-08T19:00:02.000Z"}}|0x3ceb8622
17:37:52.0 (9795930)|STATEMENT_EXECUTE|[127]
17:37:52.0 (9815975)|ENTERING_MANAGED_PKG|
17:37:52.0 (9825658)|STATEMENT_EXECUTE|[128]
17:37:52.0 (9836329)|HEAP_ALLOCATE|[127]|Bytes:5
17:37:52.0 (9856006)|HEAP_ALLOCATE|[127]|Bytes:28
17:37:52.0 (9863923)|VARIABLE_SCOPE_BEGIN|[127]|PSetName|PermissionSet|true|false
17:37:52.0 (9884889)|VARIABLE_ASSIGNMENT|[127]|PSetName|{"s":1,"v":{"Id":"0PS36000000mmnMGAQ","Label":"00ex00000018ozq_128_ (11 more) ...","Name":"X00ex00000018ozq_128 (12 more) ...","NamespacePrefix":"shiva15testns","UserLicenseId":"10036000000eSpyAAE","CreatedDate":"2016-03-08T19:00:02.000Z"}}|0x676372e5
17:37:52.0 (9889227)|STATEMENT_EXECUTE|[127]
17:37:52.0 (9909014)|ENTERING_MANAGED_PKG|
17:37:52.0 (9918818)|STATEMENT_EXECUTE|[128]
17:37:52.0 (9929422)|HEAP_ALLOCATE|[127]|Bytes:5
17:37:52.0 (9949071)|HEAP_ALLOCATE|[127]|Bytes:28
17:37:52.0 (9957190)|VARIABLE_SCOPE_BEGIN|[127]|PSetName|PermissionSet|true|false
17:37:52.0 (9978034)|VARIABLE_ASSIGNMENT|[127]|PSetName|{"s":1,"v":{"Id":"0PS36000000mmnNGAQ","Label":"00ex00000018ozp_128_ (10 more) ...","Name":"X00ex00000018ozp_128 (11 more) ...","NamespacePrefix":"shiva15testns","UserLicenseId":"10036000000eSpyAAE","CreatedDate":"2016-03-08T19:00:02.000Z"}}|0x4ab11317
17:37:52.0 (9982369)|STATEMENT_EXECUTE|[127]
17:37:52.0 (10002344)|ENTERING_MANAGED_PKG|
17:37:52.0 (10013469)|STATEMENT_EXECUTE|[128]
17:37:52.0 (10024228)|HEAP_ALLOCATE|[127]|Bytes:5
17:37:52.0 (10044138)|HEAP_ALLOCATE|[127]|Bytes:28
17:37:52.0 (10052058)|VARIABLE_SCOPE_BEGIN|[127]|PSetName|PermissionSet|true|false
17:37:52.0 (10073043)|VARIABLE_ASSIGNMENT|[127]|PSetName|{"s":1,"v":{"Id":"0PS36000000mmnOGAQ","Label":"00ex00000018ozn_128_ (10 more) ...","Name":"X00ex00000018ozn_128 (11 more) ...","NamespacePrefix":"shiva15testns","UserLicenseId":"10036000000eSpyAAE","CreatedDate":"2016-03-08T19:00:02.000Z"}}|0xe574d7a
17:37:52.0 (10077573)|STATEMENT_EXECUTE|[127]
17:37:52.0 (10097856)|ENTERING_MANAGED_PKG|
17:37:52.0 (10107595)|STATEMENT_EXECUTE|[128]
17:37:52.0 (10118299)|HEAP_ALLOCATE|[127]|Bytes:5
17:37:52.0 (10138109)|HEAP_ALLOCATE|[127]|Bytes:28
17:37:52.0 (10145796)|VARIABLE_SCOPE_BEGIN|[127]|PSetName|PermissionSet|true|false
17:37:52.0 (10166341)|VARIABLE_ASSIGNMENT|[127]|PSetName|{"s":1,"v":{"Id":"0PS36000000mmnPGAQ","Label":"00e1a000000MWa9AAG","Name":"X00e1a000000MWa9AAG","NamespacePrefix":"shiva15testns","UserLicenseId":"10036000000eSq0AAE","CreatedDate":"2016-03-08T19:00:02.000Z"}}|0x6e6d0004
17:37:52.0 (10170623)|STATEMENT_EXECUTE|[127]
17:37:52.0 (10190793)|ENTERING_MANAGED_PKG|
17:37:52.0 (10200627)|STATEMENT_EXECUTE|[128]
17:37:52.0 (10211188)|HEAP_ALLOCATE|[127]|Bytes:5
17:37:52.0 (10231037)|HEAP_ALLOCATE|[127]|Bytes:28
17:37:52.0 (10238906)|VARIABLE_SCOPE_BEGIN|[127]|PSetName|PermissionSet|true|false
17:37:52.0 (10259282)|VARIABLE_ASSIGNMENT|[127]|PSetName|{"s":1,"v":{"Id":"0PS36000000mmnQGAQ","Label":"00e1a000000MWaBAAW","Name":"X00e1a000000MWaBAAW","NamespacePrefix":"shiva15testns","UserLicenseId":"10036000000eSq2AAE","CreatedDate":"2016-03-08T19:00:02.000Z"}}|0x12e5b376
17:37:52.0 (10263990)|STATEMENT_EXECUTE|[127]
17:37:52.0 (10283899)|ENTERING_MANAGED_PKG|
17:37:52.0 (10293642)|STATEMENT_EXECUTE|[128]
17:37:52.0 (10304205)|HEAP_ALLOCATE|[127]|Bytes:5
17:37:52.0 (10324031)|HEAP_ALLOCATE|[127]|Bytes:28
17:37:52.0 (10332008)|VARIABLE_SCOPE_BEGIN|[127]|PSetName|PermissionSet|true|false
17:37:52.0 (10352578)|VARIABLE_ASSIGNMENT|[127]|PSetName|{"s":1,"v":{"Id":"0PS36000000mmnRGAQ","Label":"00e1a000000MWaCAAW","Name":"X00e1a000000MWaCAAW","NamespacePrefix":"shiva15testns","UserLicenseId":"10036000000eSq3AAE","CreatedDate":"2016-03-08T19:00:02.000Z"}}|0x500e2396
17:37:52.0 (10357062)|STATEMENT_EXECUTE|[127]
17:37:52.0 (10381144)|ENTERING_MANAGED_PKG|
17:37:52.0 (10391514)|STATEMENT_EXECUTE|[128]
17:37:52.0 (10402476)|HEAP_ALLOCATE|[127]|Bytes:5
17:37:52.0 (10422699)|HEAP_ALLOCATE|[127]|Bytes:28
17:37:52.0 (10430549)|VARIABLE_SCOPE_BEGIN|[127]|PSetName|PermissionSet|true|false
17:37:52.0 (10451429)|VARIABLE_ASSIGNMENT|[127]|PSetName|{"s":1,"v":{"Id":"0PS36000000mmnSGAQ","Label":"00e1a000000MWaDAAW","Name":"X00e1a000000MWaDAAW","NamespacePrefix":"shiva15testns","UserLicenseId":"10036000000eSq4AAE","CreatedDate":"2016-03-08T19:00:02.000Z"}}|0x64868870
17:37:52.0 (10455600)|STATEMENT_EXECUTE|[127]
17:37:52.0 (10475514)|ENTERING_MANAGED_PKG|
17:37:52.0 (10485363)|STATEMENT_EXECUTE|[128]
17:37:52.0 (10495832)|HEAP_ALLOCATE|[127]|Bytes:5
17:37:52.0 (10515756)|HEAP_ALLOCATE|[127]|Bytes:28
17:37:52.0 (10523789)|VARIABLE_SCOPE_BEGIN|[127]|PSetName|PermissionSet|true|false
17:37:52.0 (10544045)|VARIABLE_ASSIGNMENT|[127]|PSetName|{"s":1,"v":{"Id":"0PS36000000mmnTGAQ","Label":"00e1a000000MWaEAAW","Name":"X00e1a000000MWaEAAW","NamespacePrefix":"shiva15testns","UserLicenseId":"10036000000eSq5AAE","CreatedDate":"2016-03-08T19:00:02.000Z"}}|0x626dd9c4
17:37:52.0 (10548071)|STATEMENT_EXECUTE|[127]
17:37:52.0 (10567919)|ENTERING_MANAGED_PKG|
17:37:52.0 (10577867)|STATEMENT_EXECUTE|[128]
17:37:52.0 (10588393)|HEAP_ALLOCATE|[127]|Bytes:5
17:37:52.0 (10608215)|HEAP_ALLOCATE|[127]|Bytes:28
17:37:52.0 (10616013)|VARIABLE_SCOPE_BEGIN|[127]|PSetName|PermissionSet|true|false
17:37:52.0 (10635880)|VARIABLE_ASSIGNMENT|[127]|PSetName|{"s":1,"v":{"Id":"0PS36000000mmnUGAQ","Label":"00e1a000000MWaFAAW","Name":"X00e1a000000MWaFAAW","NamespacePrefix":"shiva15testns","UserLicenseId":"10036000000eSq6AAE","CreatedDate":"2016-03-08T19:00:02.000Z"}}|0x5daca8fc
17:37:52.0 (10639908)|STATEMENT_EXECUTE|[127]
17:37:52.0 (10659397)|ENTERING_MANAGED_PKG|
17:37:52.0 (10669114)|STATEMENT_EXECUTE|[128]
17:37:52.0 (10679676)|HEAP_ALLOCATE|[127]|Bytes:5
17:37:52.0 (10699534)|HEAP_ALLOCATE|[127]|Bytes:28
17:37:52.0 (10707408)|VARIABLE_SCOPE_BEGIN|[127]|PSetName|PermissionSet|true|false
17:37:52.0 (10727895)|VARIABLE_ASSIGNMENT|[127]|PSetName|{"s":1,"v":{"Id":"0PS36000000mmnVGAQ","Label":"00e1a000000MWaGAAW","Name":"X00e1a000000MWaGAAW","NamespacePrefix":"shiva15testns","UserLicenseId":"10036000000eSq7AAE","CreatedDate":"2016-03-08T19:00:02.000Z"}}|0x7c9f324c
17:37:52.0 (10732159)|STATEMENT_EXECUTE|[127]
17:37:52.0 (10751967)|ENTERING_MANAGED_PKG|
17:37:52.0 (10761712)|STATEMENT_EXECUTE|[128]
17:37:52.0 (10772130)|HEAP_ALLOCATE|[127]|Bytes:5
17:37:52.0 (10791928)|HEAP_ALLOCATE|[127]|Bytes:28
17:37:52.0 (10799755)|VARIABLE_SCOPE_BEGIN|[127]|PSetName|PermissionSet|true|false
17:37:52.0 (10819890)|VARIABLE_ASSIGNMENT|[127]|PSetName|{"s":1,"v":{"Id":"0PS36000000mmnWGAQ","Label":"00e1a000000MWaHAAW","Name":"X00e1a000000MWaHAAW","NamespacePrefix":"shiva15testns","UserLicenseId":"10036000000eSq8AAE","CreatedDate":"2016-03-08T19:00:02.000Z"}}|0x2c8ae0a7
17:37:52.0 (10824199)|STATEMENT_EXECUTE|[127]
17:37:52.0 (10844079)|ENTERING_MANAGED_PKG|
17:37:52.0 (10853701)|STATEMENT_EXECUTE|[128]
17:37:52.0 (10864271)|HEAP_ALLOCATE|[127]|Bytes:5
17:37:52.0 (10883857)|HEAP_ALLOCATE|[127]|Bytes:28
17:37:52.0 (10891805)|VARIABLE_SCOPE_BEGIN|[127]|PSetName|PermissionSet|true|false
17:37:52.0 (10911985)|VARIABLE_ASSIGNMENT|[127]|PSetName|{"s":1,"v":{"Id":"0PS36000000mmnXGAQ","Label":"00e1a000000MWaIAAW","Name":"X00e1a000000MWaIAAW","NamespacePrefix":"shiva15testns","UserLicenseId":"10036000000eSq9AAE","CreatedDate":"2016-03-08T19:00:02.000Z"}}|0x2025bf0b
17:37:52.0 (10916694)|STATEMENT_EXECUTE|[127]
17:37:52.0 (10936502)|ENTERING_MANAGED_PKG|
17:37:52.0 (10946438)|STATEMENT_EXECUTE|[128]
17:37:52.0 (10956957)|HEAP_ALLOCATE|[127]|Bytes:5
17:37:52.0 (10976588)|HEAP_ALLOCATE|[127]|Bytes:28
17:37:52.0 (10984447)|VARIABLE_SCOPE_BEGIN|[127]|PSetName|PermissionSet|true|false
17:37:52.0 (11004614)|VARIABLE_ASSIGNMENT|[127]|PSetName|{"s":1,"v":{"Id":"0PS36000000mmnYGAQ","Label":"00e1a000000MWaJAAW","Name":"X00e1a000000MWaJAAW","NamespacePrefix":"shiva15testns","UserLicenseId":"10036000000eSqAAAU","CreatedDate":"2016-03-08T19:00:02.000Z"}}|0x187618bb
17:37:52.0 (11009702)|STATEMENT_EXECUTE|[127]
17:37:52.0 (11029665)|ENTERING_MANAGED_PKG|
17:37:52.0 (11039639)|STATEMENT_EXECUTE|[128]
17:37:52.0 (11050310)|HEAP_ALLOCATE|[127]|Bytes:5
17:37:52.0 (11070309)|HEAP_ALLOCATE|[127]|Bytes:28
17:37:52.0 (11078220)|VARIABLE_SCOPE_BEGIN|[127]|PSetName|PermissionSet|true|false
17:37:52.0 (11098823)|VARIABLE_ASSIGNMENT|[127]|PSetName|{"s":1,"v":{"Id":"0PS36000000mmnZGAQ","Label":"00e1a000000MWaKAAW","Name":"X00e1a000000MWaKAAW","NamespacePrefix":"shiva15testns","UserLicenseId":"10036000000eSqBAAU","CreatedDate":"2016-03-08T19:00:02.000Z"}}|0x1d7e54ab
17:37:52.0 (11103001)|STATEMENT_EXECUTE|[127]
17:37:52.0 (11122820)|ENTERING_MANAGED_PKG|
17:37:52.0 (11132694)|STATEMENT_EXECUTE|[128]
17:37:52.0 (11143622)|HEAP_ALLOCATE|[127]|Bytes:5
17:37:52.0 (11163328)|HEAP_ALLOCATE|[127]|Bytes:28
17:37:52.0 (11171164)|VARIABLE_SCOPE_BEGIN|[127]|PSetName|PermissionSet|true|false
17:37:52.0 (11191207)|VARIABLE_ASSIGNMENT|[127]|PSetName|{"s":1,"v":{"Id":"0PS36000000mmnaGAA","Label":"00e1a000000MWaLAAW","Name":"X00e1a000000MWaLAAW","NamespacePrefix":"shiva15testns","UserLicenseId":"10036000000eSqCAAU","CreatedDate":"2016-03-08T19:00:02.000Z"}}|0x668a107b
17:37:52.0 (11195712)|STATEMENT_EXECUTE|[127]
17:37:52.0 (11215490)|ENTERING_MANAGED_PKG|
17:37:52.0 (11225306)|STATEMENT_EXECUTE|[128]
17:37:52.0 (11235858)|HEAP_ALLOCATE|[127]|Bytes:5
17:37:52.0 (11255670)|HEAP_ALLOCATE|[127]|Bytes:28
17:37:52.0 (11263607)|VARIABLE_SCOPE_BEGIN|[127]|PSetName|PermissionSet|true|false
17:37:52.0 (11283581)|VARIABLE_ASSIGNMENT|[127]|PSetName|{"s":1,"v":{"Id":"0PS36000000mmnbGAA","Label":"00e1a000000MWaMAAW","Name":"X00e1a000000MWaMAAW","NamespacePrefix":"shiva15testns","UserLicenseId":"10036000000eSqDAAU","CreatedDate":"2016-03-08T19:00:02.000Z"}}|0x6b5a3646
17:37:52.0 (11288155)|STATEMENT_EXECUTE|[127]
17:37:52.0 (11308030)|ENTERING_MANAGED_PKG|
17:37:52.0 (11318008)|STATEMENT_EXECUTE|[128]
17:37:52.0 (11328647)|HEAP_ALLOCATE|[127]|Bytes:5
17:37:52.0 (11348267)|HEAP_ALLOCATE|[127]|Bytes:28
17:37:52.0 (11356138)|VARIABLE_SCOPE_BEGIN|[127]|PSetName|PermissionSet|true|false
17:37:52.0 (11380142)|VARIABLE_ASSIGNMENT|[127]|PSetName|{"s":1,"v":{"Id":"0PS36000000mmncGAA","Label":"00e1a000000MWaNAAW","Name":"X00e1a000000MWaNAAW","NamespacePrefix":"shiva15testns","UserLicenseId":"10036000000eSqEAAU","CreatedDate":"2016-03-08T19:00:02.000Z"}}|0x43c15856
17:37:52.0 (11384859)|STATEMENT_EXECUTE|[127]
17:37:52.0 (11405354)|ENTERING_MANAGED_PKG|
17:37:52.0 (11415262)|STATEMENT_EXECUTE|[128]
17:37:52.0 (11425959)|HEAP_ALLOCATE|[127]|Bytes:5
17:37:52.0 (11446586)|HEAP_ALLOCATE|[127]|Bytes:28
17:37:52.0 (11454630)|VARIABLE_SCOPE_BEGIN|[127]|PSetName|PermissionSet|true|false
17:37:52.0 (11474961)|VARIABLE_ASSIGNMENT|[127]|PSetName|{"s":1,"v":{"Id":"0PS36000000mmndGAA","Label":"00e1a000000MWaOAAW","Name":"X00e1a000000MWaOAAW","NamespacePrefix":"shiva15testns","UserLicenseId":"10036000000eSqFAAU","CreatedDate":"2016-03-08T19:00:02.000Z"}}|0x2c759789
17:37:52.0 (11479037)|STATEMENT_EXECUTE|[127]
17:37:52.0 (11498894)|ENTERING_MANAGED_PKG|
17:37:52.0 (11508793)|STATEMENT_EXECUTE|[128]
17:37:52.0 (11519473)|HEAP_ALLOCATE|[127]|Bytes:5
17:37:52.0 (11539222)|HEAP_ALLOCATE|[127]|Bytes:28
17:37:52.0 (11547171)|VARIABLE_SCOPE_BEGIN|[127]|PSetName|PermissionSet|true|false
17:37:52.0 (11567672)|VARIABLE_ASSIGNMENT|[127]|PSetName|{"s":1,"v":{"Id":"0PS36000000mmneGAA","Label":"00e1a000000MWaPAAW","Name":"X00e1a000000MWaPAAW","NamespacePrefix":"shiva15testns","UserLicenseId":"10036000000eSqGAAU","CreatedDate":"2016-03-08T19:00:02.000Z"}}|0x1aca43b4
17:37:52.0 (11571639)|STATEMENT_EXECUTE|[127]
17:37:52.0 (11591355)|ENTERING_MANAGED_PKG|
17:37:52.0 (11601075)|STATEMENT_EXECUTE|[128]
17:37:52.0 (11611779)|HEAP_ALLOCATE|[127]|Bytes:5
17:37:52.0 (11631721)|HEAP_ALLOCATE|[127]|Bytes:28
17:37:52.0 (11639745)|VARIABLE_SCOPE_BEGIN|[127]|PSetName|PermissionSet|true|false
17:37:52.0 (11659626)|VARIABLE_ASSIGNMENT|[127]|PSetName|{"s":1,"v":{"Id":"0PS36000000mmnfGAA","Label":"00e1a000000MWaQAAW","Name":"X00e1a000000MWaQAAW","NamespacePrefix":"shiva15testns","UserLicenseId":"10036000000eSqHAAU","CreatedDate":"2016-03-08T19:00:02.000Z"}}|0x2018aead
17:37:52.0 (11663702)|STATEMENT_EXECUTE|[127]
17:37:52.0 (11683582)|ENTERING_MANAGED_PKG|
17:37:52.0 (11693662)|STATEMENT_EXECUTE|[128]
17:37:52.0 (11704365)|HEAP_ALLOCATE|[127]|Bytes:5
17:37:52.0 (11724139)|HEAP_ALLOCATE|[127]|Bytes:28
17:37:52.0 (11732067)|VARIABLE_SCOPE_BEGIN|[127]|PSetName|PermissionSet|true|false
17:37:52.0 (11752062)|VARIABLE_ASSIGNMENT|[127]|PSetName|{"s":1,"v":{"Id":"0PS36000000mmngGAA","Label":"00e1a000000MWaRAAW","Name":"X00e1a000000MWaRAAW","NamespacePrefix":"shiva15testns","UserLicenseId":"10036000000eSqIAAU","CreatedDate":"2016-03-08T19:00:02.000Z"}}|0x69d24110
17:37:52.0 (11756752)|STATEMENT_EXECUTE|[127]
17:37:52.0 (11776435)|ENTERING_MANAGED_PKG|
17:37:52.0 (11786265)|STATEMENT_EXECUTE|[128]
17:37:52.0 (11796962)|HEAP_ALLOCATE|[127]|Bytes:5
17:37:52.0 (11816607)|HEAP_ALLOCATE|[127]|Bytes:28
17:37:52.0 (11824438)|VARIABLE_SCOPE_BEGIN|[127]|PSetName|PermissionSet|true|false
17:37:52.0 (11844543)|VARIABLE_ASSIGNMENT|[127]|PSetName|{"s":1,"v":{"Id":"0PS36000000mmnhGAA","Label":"00e1a000000MWaSAAW","Name":"X00e1a000000MWaSAAW","NamespacePrefix":"shiva15testns","UserLicenseId":"10036000000eSqJAAU","CreatedDate":"2016-03-08T19:00:02.000Z"}}|0x691b4a7c
17:37:52.0 (11848964)|STATEMENT_EXECUTE|[127]
17:37:52.0 (11868801)|ENTERING_MANAGED_PKG|
17:37:52.0 (11878724)|STATEMENT_EXECUTE|[128]
17:37:52.0 (11889405)|HEAP_ALLOCATE|[127]|Bytes:5
17:37:52.0 (11909149)|HEAP_ALLOCATE|[127]|Bytes:28
17:37:52.0 (11917071)|VARIABLE_SCOPE_BEGIN|[127]|PSetName|PermissionSet|true|false
17:37:52.0 (11937209)|VARIABLE_ASSIGNMENT|[127]|PSetName|{"s":1,"v":{"Id":"0PS36000000mmniGAA","Label":"00e1a000000MWaTAAW","Name":"X00e1a000000MWaTAAW","NamespacePrefix":"shiva15testns","UserLicenseId":"10036000000eSqJAAU","CreatedDate":"2016-03-08T19:00:02.000Z"}}|0x21846308
17:37:52.0 (11941198)|STATEMENT_EXECUTE|[127]
17:37:52.0 (11960902)|ENTERING_MANAGED_PKG|
17:37:52.0 (11970717)|STATEMENT_EXECUTE|[128]
17:37:52.0 (11981251)|HEAP_ALLOCATE|[127]|Bytes:5
17:37:52.0 (12001175)|HEAP_ALLOCATE|[127]|Bytes:28
17:37:52.0 (12009967)|VARIABLE_SCOPE_BEGIN|[127]|PSetName|PermissionSet|true|false
17:37:52.0 (12030570)|VARIABLE_ASSIGNMENT|[127]|PSetName|{"s":1,"v":{"Id":"0PS36000000mmnjGAA","Label":"00e1a000000MWaUAAW","Name":"X00e1a000000MWaUAAW","NamespacePrefix":"shiva15testns","UserLicenseId":"10036000000eSqKAAU","CreatedDate":"2016-03-08T19:00:02.000Z"}}|0x440cdc53
17:37:52.0 (12034721)|STATEMENT_EXECUTE|[127]
17:37:52.0 (12054736)|ENTERING_MANAGED_PKG|
17:37:52.0 (12064562)|STATEMENT_EXECUTE|[128]
17:37:52.0 (12075256)|HEAP_ALLOCATE|[127]|Bytes:5
17:37:52.0 (12094896)|HEAP_ALLOCATE|[127]|Bytes:28
17:37:52.0 (12102935)|VARIABLE_SCOPE_BEGIN|[127]|PSetName|PermissionSet|true|false
17:37:52.0 (12123039)|VARIABLE_ASSIGNMENT|[127]|PSetName|{"s":1,"v":{"Id":"0PS36000000mmnlGAA","Label":"00e1a000000N1LRAA0","Name":"X00e1a000000N1LRAA0","NamespacePrefix":"shiva15testns","UserLicenseId":"10036000000eSqLAAU","CreatedDate":"2016-03-08T19:00:02.000Z"}}|0x3fadcf03
17:37:52.0 (12127195)|STATEMENT_EXECUTE|[127]
17:37:52.0 (12147152)|ENTERING_MANAGED_PKG|
17:37:52.0 (12156898)|STATEMENT_EXECUTE|[128]
17:37:52.0 (12167435)|HEAP_ALLOCATE|[127]|Bytes:5
17:37:52.0 (12187517)|HEAP_ALLOCATE|[127]|Bytes:28
17:37:52.0 (12195437)|VARIABLE_SCOPE_BEGIN|[127]|PSetName|PermissionSet|true|false
17:37:52.0 (12215532)|VARIABLE_ASSIGNMENT|[127]|PSetName|{"s":1,"v":{"Id":"0PS36000000mmnmGAA","Label":"00e1a000000N1LSAA0","Name":"X00e1a000000N1LSAA0","NamespacePrefix":"shiva15testns","UserLicenseId":"10036000000eSqMAAU","CreatedDate":"2016-03-08T19:00:02.000Z"}}|0xcd62a20
17:37:52.0 (12219740)|STATEMENT_EXECUTE|[127]
17:37:52.0 (12239198)|ENTERING_MANAGED_PKG|
17:37:52.0 (12249150)|STATEMENT_EXECUTE|[128]
17:37:52.0 (12259804)|HEAP_ALLOCATE|[127]|Bytes:5
17:37:52.0 (12279670)|HEAP_ALLOCATE|[127]|Bytes:28
17:37:52.0 (12287449)|VARIABLE_SCOPE_BEGIN|[127]|PSetName|PermissionSet|true|false
17:37:52.0 (12307732)|VARIABLE_ASSIGNMENT|[127]|PSetName|{"s":1,"v":{"Id":"0PS36000000mmnnGAA","Label":"00e1a000000N1wKAAS","Name":"X00e1a000000N1wKAAS","NamespacePrefix":"shiva15testns","UserLicenseId":"10036000000eSqNAAU","CreatedDate":"2016-03-08T19:00:02.000Z"}}|0xec89491
17:37:52.0 (12312461)|STATEMENT_EXECUTE|[127]
17:37:52.0 (12332399)|ENTERING_MANAGED_PKG|
17:37:52.0 (12342272)|STATEMENT_EXECUTE|[128]
17:37:52.0 (12353012)|HEAP_ALLOCATE|[127]|Bytes:5
17:37:52.0 (12376319)|HEAP_ALLOCATE|[127]|Bytes:28
17:37:52.0 (12384905)|VARIABLE_SCOPE_BEGIN|[127]|PSetName|PermissionSet|true|false
17:37:52.0 (12405422)|VARIABLE_ASSIGNMENT|[127]|PSetName|{"s":1,"v":{"Id":"0PS36000000mmnoGAA","Label":"00e1a000000N1wLAAS","Name":"X00e1a000000N1wLAAS","NamespacePrefix":"shiva15testns","UserLicenseId":"10036000000eSqNAAU","CreatedDate":"2016-03-08T19:00:02.000Z"}}|0x2c042f5f
17:37:52.0 (12409342)|STATEMENT_EXECUTE|[127]
17:37:52.0 (12429424)|ENTERING_MANAGED_PKG|
17:37:52.0 (12439435)|STATEMENT_EXECUTE|[128]
17:37:52.0 (12450279)|HEAP_ALLOCATE|[127]|Bytes:5
17:37:52.0 (12469980)|HEAP_ALLOCATE|[127]|Bytes:28
17:37:52.0 (12477767)|VARIABLE_SCOPE_BEGIN|[127]|PSetName|PermissionSet|true|false
17:37:52.0 (12497941)|VARIABLE_ASSIGNMENT|[127]|PSetName|{"s":1,"v":{"Id":"0PS36000000mmnqGAA","Label":"00e1a000000MWaAAAW","Name":"X00e1a000000MWaAAAW","NamespacePrefix":"shiva15testns","UserLicenseId":"10036000000eSq1AAE","CreatedDate":"2016-03-08T19:00:02.000Z"}}|0x7d80380b
17:37:52.0 (12502136)|STATEMENT_EXECUTE|[127]
17:37:52.0 (12522222)|ENTERING_MANAGED_PKG|
17:37:52.0 (12532058)|STATEMENT_EXECUTE|[128]
17:37:52.0 (12542815)|HEAP_ALLOCATE|[127]|Bytes:5
17:37:52.0 (12562481)|HEAP_ALLOCATE|[127]|Bytes:32
17:37:52.0 (12570261)|VARIABLE_SCOPE_BEGIN|[127]|PSetName|PermissionSet|true|false
17:37:52.0 (12593483)|VARIABLE_ASSIGNMENT|[127]|PSetName|{"s":1,"v":{"Id":"0PS36000000q71PGAQ","Label":"PermissionSet_Test_t (12 more) ...","Name":"PermissionSet_Test_t (6 more) ...","Description":"This is for testing  (42 more) ...","NamespacePrefix":"shiva15testns","UserLicenseId":"10036000000eSpyAAE","CreatedDate":"2016-03-20T22:41:12.000Z"}}|0x40ba8ab1
17:37:52.0 (12598201)|STATEMENT_EXECUTE|[127]
17:37:52.0 (12618223)|ENTERING_MANAGED_PKG|
17:37:52.0 (12628673)|STATEMENT_EXECUTE|[128]
17:37:52.0 (12630167)|STATEMENT_EXECUTE|[129]
17:37:52.0 (12636134)|HEAP_ALLOCATE|[129]|Bytes:240
17:37:52.0 (12641777)|HEAP_ALLOCATE|[129]|Bytes:31
17:37:52.0 (12664655)|HEAP_ALLOCATE|[129]|Bytes:32
17:37:52.0 (12709915)|ENTERING_MANAGED_PKG|
17:37:52.0 (12738956)|HEAP_ALLOCATE|[129]|Bytes:18
17:37:52.0 (12790377)|ENTERING_MANAGED_PKG|
17:37:52.0 (12795501)|HEAP_ALLOCATE|[129]|Bytes:18
17:37:52.0 (12834578)|ENTERING_MANAGED_PKG|
17:37:52.0 (12865630)|HEAP_ALLOCATE|[129]|Bytes:19
17:37:52.0 (12904264)|CONSTRUCTOR_ENTRY|[129]|01p36000005Jpvx|<init>(String,String,String,String,String,String,String)
17:37:52.0 (12923275)|VARIABLE_SCOPE_BEGIN|[935]|this|shiva15testns.PermissionSetPortalControllers.PermissionSetClass|true|false
17:37:52.0 (12994199)|VARIABLE_ASSIGNMENT|[935]|this|{}|0x1691a49c
17:37:52.0 (13000362)|VARIABLE_SCOPE_BEGIN|[935]|label|String|false|false
17:37:52.0 (13007937)|VARIABLE_ASSIGNMENT|[935]|label|"PermissionSet_Test_t (12 more) ..."
17:37:52.0 (13011316)|VARIABLE_SCOPE_BEGIN|[935]|apiName|String|false|false
17:37:52.0 (13015585)|VARIABLE_ASSIGNMENT|[935]|apiName|"PermissionSet_Test_t (6 more) ..."
17:37:52.0 (13018473)|VARIABLE_SCOPE_BEGIN|[935]|id|String|false|false
17:37:52.0 (13022508)|VARIABLE_ASSIGNMENT|[935]|id|"0PS36000000q71PGAQ"
17:37:52.0 (13025250)|VARIABLE_SCOPE_BEGIN|[935]|description|String|false|false
17:37:52.0 (13029267)|VARIABLE_ASSIGNMENT|[935]|description|"This is for testing  (42 more) ..."
17:37:52.0 (13032262)|VARIABLE_SCOPE_BEGIN|[935]|namespacePrefix|String|false|false
17:37:52.0 (13035700)|VARIABLE_ASSIGNMENT|[935]|namespacePrefix|"shiva15testns"
17:37:52.0 (13038459)|VARIABLE_SCOPE_BEGIN|[935]|userLicenseId|String|false|false
17:37:52.0 (13042076)|VARIABLE_ASSIGNMENT|[935]|userLicenseId|"10036000000eSpyAAE"
17:37:52.0 (13044793)|VARIABLE_SCOPE_BEGIN|[935]|createdDate|String|false|false
17:37:52.0 (13048338)|VARIABLE_ASSIGNMENT|[935]|createdDate|"2016-03-20 15:41:12"
17:37:52.0 (13051700)|STATEMENT_EXECUTE|[918]
17:37:52.0 (13053122)|STATEMENT_EXECUTE|[921]
17:37:52.0 (13054423)|STATEMENT_EXECUTE|[923]
17:37:52.0 (13055478)|STATEMENT_EXECUTE|[925]
17:37:52.0 (13056578)|STATEMENT_EXECUTE|[927]
17:37:52.0 (13057710)|STATEMENT_EXECUTE|[929]
17:37:52.0 (13059028)|STATEMENT_EXECUTE|[931]
17:37:52.0 (13060139)|STATEMENT_EXECUTE|[933]
17:37:52.0 (13068828)|HEAP_ALLOCATE|[937]|Bytes:6
17:37:52.0 (13093356)|STATEMENT_EXECUTE|[936]
17:37:52.0 (13095279)|STATEMENT_EXECUTE|[937]
17:37:52.0 (13175223)|VARIABLE_ASSIGNMENT|[EXTERNAL]|this|{}|0x1691a49c
17:37:52.0 (13184868)|VARIABLE_ASSIGNMENT|[EXTERNAL]|value|"PermissionSet_Test_t (12 more) ..."
17:37:52.0 (13211481)|VARIABLE_ASSIGNMENT|[921]|this.label|"PermissionSet_Test_t (12 more) ..."|0x1691a49c
17:37:52.0 (13221041)|STATEMENT_EXECUTE|[938]
17:37:52.0 (13284485)|VARIABLE_ASSIGNMENT|[EXTERNAL]|this|{"label":"PermissionSet_Test_t (12 more) ..."}|0x1691a49c
17:37:52.0 (13294593)|VARIABLE_ASSIGNMENT|[EXTERNAL]|value|"PermissionSet_Test_t (6 more) ..."
17:37:52.0 (13304610)|VARIABLE_ASSIGNMENT|[923]|this.apiName|"PermissionSet_Test_t (6 more) ..."|0x1691a49c
17:37:52.0 (13312516)|STATEMENT_EXECUTE|[939]
17:37:52.0 (13367112)|VARIABLE_ASSIGNMENT|[EXTERNAL]|this|{"apiName":"PermissionSet_Test_t (6 more) ...","label":"PermissionSet_Test_t (12 more) ..."}|0x1691a49c
17:37:52.0 (13381774)|VARIABLE_ASSIGNMENT|[EXTERNAL]|value|"0PS36000000q71PGAQ"
17:37:52.0 (13391110)|VARIABLE_ASSIGNMENT|[925]|this.id|"0PS36000000q71PGAQ"|0x1691a49c
17:37:52.0 (13398588)|STATEMENT_EXECUTE|[940]
17:37:52.0 (13452590)|VARIABLE_ASSIGNMENT|[EXTERNAL]|this|{"apiName":"PermissionSet_Test_t (6 more) ...","id":"0PS36000000q71PGAQ","label":"PermissionSet_Test_t (12 more) ..."}|0x1691a49c
17:37:52.0 (13461606)|VARIABLE_ASSIGNMENT|[EXTERNAL]|value|"This is for testing  (42 more) ..."
17:37:52.0 (13470762)|VARIABLE_ASSIGNMENT|[927]|this.description|"This is for testing  (42 more) ..."|0x1691a49c
17:37:52.0 (13478149)|STATEMENT_EXECUTE|[941]
17:37:52.0 (13532175)|VARIABLE_ASSIGNMENT|[EXTERNAL]|this|{"apiName":"PermissionSet_Test_t (6 more) ...","description":"This is for testing  (42 more) ...","id":"0PS36000000q71PGAQ","label":"PermissionSet_Test_t (12 more) ..."}|0x1691a49c
17:37:52.0 (13540694)|VARIABLE_ASSIGNMENT|[EXTERNAL]|value|"shiva15testns"
17:37:52.0 (13549604)|VARIABLE_ASSIGNMENT|[929]|this.namespacePrefix|"shiva15testns"|0x1691a49c
17:37:52.0 (13557130)|STATEMENT_EXECUTE|[942]
17:37:52.0 (13611232)|VARIABLE_ASSIGNMENT|[EXTERNAL]|this|{"apiName":"PermissionSet_Test_t (6 more) ...","description":"This is for testing  (42 more) ...","id":"0PS36000000q71PGAQ","label":"PermissionSet_Test_t (12 more) ...","namespacePrefix":"shiva15testns"}|0x1691a49c
17:37:52.0 (13619960)|VARIABLE_ASSIGNMENT|[EXTERNAL]|value|"10036000000eSpyAAE"
17:37:52.0 (13628725)|VARIABLE_ASSIGNMENT|[931]|this.userLicenseId|"10036000000eSpyAAE"|0x1691a49c
17:37:52.0 (13636013)|STATEMENT_EXECUTE|[943]
17:37:52.0 (13690317)|VARIABLE_ASSIGNMENT|[EXTERNAL]|this|{"apiName":"PermissionSet_Test_t (6 more) ...","description":"This is for testing  (42 more) ...","id":"0PS36000000q71PGAQ","label":"PermissionSet_Test_t (12 more) ...","namespacePrefix":"shiva15testns","userLicenseId":"10036000000eSpyAAE"}|0x1691a49c
17:37:52.0 (13699057)|VARIABLE_ASSIGNMENT|[EXTERNAL]|value|"2016-03-20 15:41:12"
17:37:52.0 (13708041)|VARIABLE_ASSIGNMENT|[933]|this.createdDate|"2016-03-20 15:41:12"|0x1691a49c
17:37:52.0 (13722403)|CONSTRUCTOR_EXIT|[129]|01p36000005Jpvx|<init>(String,String,String,String,String,String,String)
17:37:52.0 (13746527)|VARIABLE_ASSIGNMENT|[129]|pSetObj|{"apiName":"PermissionSet_Test_t (6 more) ...","createdDate":"2016-03-20 15:41:12","description":"This is for testing  (42 more) ...","id":"0PS36000000q71PGAQ","label":"PermissionSet_Test_t (12 more) ...","namespacePrefix":"shiva15testns","userLicenseId":"10036000000eSpyAAE"}|0x1691a49c
17:37:52.0 (13751201)|STATEMENT_EXECUTE|[130]
17:37:52.0 (13765543)|ENTERING_MANAGED_PKG|
17:37:52.0 (13792530)|HEAP_ALLOCATE|[EXTERNAL]|Bytes:4
17:37:52.0 (13809918)|HEAP_ALLOCATE|[127]|Bytes:5
17:37:52.0 (13823335)|VARIABLE_ASSIGNMENT|[127]|PSetName|null|
17:37:52.0 (13826970)|STATEMENT_EXECUTE|[134]
17:37:52.0 (13851915)|SYSTEM_MODE_EXIT|false
17:37:52.13 (13896284)|CUMULATIVE_LIMIT_USAGE
17:37:52.13 (13896284)|LIMIT_USAGE_FOR_NS|(default)|
  Number of SOQL queries: 0 out of 100
  Number of query rows: 0 out of 50000
  Number of SOSL queries: 0 out of 20
  Number of DML statements: 0 out of 150
  Number of DML rows: 0 out of 10000
  Maximum CPU time: 0 out of 10000
  Maximum heap size: 0 out of 6000000
  Number of callouts: 0 out of 100
  Number of Email Invocations: 0 out of 10
  Number of future calls: 0 out of 50
  Number of queueable jobs added to the queue: 0 out of 50
  Number of Mobile Apex push calls: 0 out of 10

17:37:52.13 (13896284)|LIMIT_USAGE_FOR_NS|shiva15testns|
  Number of SOQL queries: 1 out of 100
  Number of query rows: 37 out of 50000
  Number of SOSL queries: 0 out of 20
  Number of DML statements: 0 out of 150
  Number of DML rows: 0 out of 10000
  Maximum CPU time: 0 out of 10000
  Maximum heap size: 0 out of 6000000
  Number of callouts: 0 out of 100
  Number of Email Invocations: 0 out of 10
  Number of future calls: 0 out of 50
  Number of queueable jobs added to the queue: 0 out of 50
  Number of Mobile Apex push calls: 0 out of 10

17:37:52.13 (13896284)|CUMULATIVE_LIMIT_USAGE_END

17:37:52.0 (13940624)|CODE_UNIT_FINISHED|PermissionSetPortalControllers.getAllPermissionSets
17:37:52.0 (15576338)|EXECUTION_FINISHED
17:37:52.17 (17889726)|EXECUTION_STARTED
17:37:52.17 (17896897)|CODE_UNIT_STARTED|[EXTERNAL]|Aura
17:37:52.17 (17938437)|CODE_UNIT_FINISHED|Aura
17:37:52.17 (18942642)|EXECUTION_FINISHED
