36.0 APEX_CODE,FINEST;APEX_PROFILING,INFO;CALLOUT,INFO;DB,INFO;SYSTEM,DEBUG;VALIDATION,INFO;VISUALFORCE,INFO;WORKFLOW,INFO
14:02:15.0 (606823)|EXECUTION_STARTED
14:02:15.0 (644313)|CODE_UNIT_STARTED|[EXTERNAL]|01p36000005Jpvx|PermissionSetPortalControllers.getAllPermissionSets
14:02:15.0 (1304087)|VARIABLE_SCOPE_BEGIN|[3]|PermissionSetPortalControllers.AllPermissionSets|List<PermissionSet>|true|true
14:02:15.0 (1328486)|VARIABLE_SCOPE_BEGIN|[10]|PermissionSetPortalControllers.accountField|Set<String>|true|true
14:02:15.0 (1334849)|VARIABLE_SCOPE_BEGIN|[5]|PermissionSetPortalControllers.allObjectsOfOrg|List<shiva15testns.PermissionSetPortalControllers.ObjectDetailsClass>|true|true
14:02:15.0 (1340543)|VARIABLE_SCOPE_BEGIN|[9]|PermissionSetPortalControllers.contactsField|Set<String>|true|true
14:02:15.0 (1344855)|VARIABLE_SCOPE_BEGIN|[7]|PermissionSetPortalControllers.isNotSystemSObjectList|Set<String>|true|true
14:02:15.0 (1469579)|HEAP_ALLOCATE|[72]|Bytes:3
14:02:15.0 (1494939)|HEAP_ALLOCATE|[77]|Bytes:152
14:02:15.0 (1506064)|HEAP_ALLOCATE|[342]|Bytes:408
14:02:15.0 (1520077)|HEAP_ALLOCATE|[355]|Bytes:408
14:02:15.0 (1533851)|HEAP_ALLOCATE|[467]|Bytes:48
14:02:15.0 (1558364)|HEAP_ALLOCATE|[139]|Bytes:6
14:02:15.0 (1577098)|HEAP_ALLOCATE|[EXTERNAL]|Bytes:168
14:02:15.0 (1582261)|HEAP_ALLOCATE|[EXTERNAL]|Bytes:76
14:02:15.0 (1586020)|HEAP_ALLOCATE|[EXTERNAL]|Bytes:318
14:02:15.0 (1603547)|METHOD_ENTRY|[1]|01p36000005Jpvx|PermissionSetPortalControllers.PermissionSetPortalControllers()
14:02:15.0 (1607943)|STATEMENT_EXECUTE|[1]
14:02:15.0 (1613536)|STATEMENT_EXECUTE|[1]
14:02:15.0 (1639619)|HEAP_ALLOCATE|[50]|Bytes:5
14:02:15.0 (1657361)|HEAP_ALLOCATE|[56]|Bytes:5
14:02:15.0 (1665571)|HEAP_ALLOCATE|[64]|Bytes:7
14:02:15.0 (1685346)|SYSTEM_MODE_ENTER|false
14:02:15.0 (1703808)|HEAP_ALLOCATE|[9]|Bytes:5
14:02:15.0 (1713310)|STATEMENT_EXECUTE|[9]
14:02:15.0 (1721284)|HEAP_ALLOCATE|[9]|Bytes:4
14:02:15.0 (1766950)|ENTERING_MANAGED_PKG|
14:02:15.0 (1876478)|VARIABLE_ASSIGNMENT|[9]|PermissionSetPortalControllers.contactsField|{"s":1,"v":[]}|0x3ec26b45
14:02:15.0 (1881539)|STATEMENT_EXECUTE|[10]
14:02:15.0 (1887013)|HEAP_ALLOCATE|[10]|Bytes:4
14:02:15.0 (1902518)|ENTERING_MANAGED_PKG|
14:02:15.0 (1945856)|VARIABLE_ASSIGNMENT|[10]|PermissionSetPortalControllers.accountField|{"s":1,"v":[]}|0x57eb3fac
14:02:15.0 (1950460)|STATEMENT_EXECUTE|[983]
14:02:15.0 (1952180)|STATEMENT_EXECUTE|[1012]
14:02:15.0 (1953578)|STATEMENT_EXECUTE|[1040]
14:02:15.0 (1955122)|STATEMENT_EXECUTE|[1069]
14:02:15.0 (1956470)|STATEMENT_EXECUTE|[1085]
14:02:15.0 (1957654)|STATEMENT_EXECUTE|[1102]
14:02:15.0 (1958803)|STATEMENT_EXECUTE|[1113]
14:02:15.0 (1959988)|STATEMENT_EXECUTE|[1118]
14:02:15.0 (1966257)|SYSTEM_MODE_EXIT|false
14:02:15.0 (1976591)|METHOD_EXIT|[1]|PermissionSetPortalControllers
14:02:15.0 (1983666)|SYSTEM_MODE_ENTER|false
14:02:15.0 (1997455)|HEAP_ALLOCATE|[157]|Bytes:5
14:02:15.0 (2001680)|STATEMENT_EXECUTE|[156]
14:02:15.0 (2004002)|STATEMENT_EXECUTE|[157]
14:02:15.0 (2004975)|STATEMENT_EXECUTE|[157]
14:02:15.0 (2006149)|STATEMENT_EXECUTE|[158]
14:02:15.0 (2009423)|HEAP_ALLOCATE|[158]|Bytes:99
14:02:15.0 (2020796)|HEAP_ALLOCATE|[158]|Bytes:4
14:02:15.0 (3277655)|SOQL_EXECUTE_BEGIN|[158]|Aggregations:0|SELECT Id, label, Name, Description, NamespacePrefix, UserLicenseId, CreatedDate FROM PermissionSet
14:02:15.0 (7624781)|SOQL_EXECUTE_END|[158]|Rows:43
14:02:15.0 (7643066)|HEAP_ALLOCATE|[158]|Bytes:176
14:02:15.0 (7746116)|HEAP_ALLOCATE|[158]|Bytes:7630
14:02:15.0 (7775060)|HEAP_ALLOCATE|[158]|Bytes:176
14:02:15.0 (7810989)|VARIABLE_ASSIGNMENT|[158]|PermissionSetPortalControllers.AllPermissionSets|{"s":1,"v":"List of size 43 too large to display"}|0x490716fe
14:02:15.0 (7883745)|ENTERING_MANAGED_PKG|
14:02:15.0 (7913396)|STATEMENT_EXECUTE|[159]
14:02:15.0 (7922144)|STATEMENT_EXECUTE|[160]
14:02:15.0 (8036417)|VARIABLE_SCOPE_BEGIN|[160]|pSetObj|shiva15testns.PermissionSetPortalControllers.PermissionSetClass|true|false
14:02:15.0 (8050185)|VARIABLE_ASSIGNMENT|[160]|pSetObj|null|
14:02:15.0 (8052883)|STATEMENT_EXECUTE|[161]
14:02:15.0 (8058518)|HEAP_ALLOCATE|[161]|Bytes:4
14:02:15.0 (8106283)|ENTERING_MANAGED_PKG|
14:02:15.0 (8127175)|VARIABLE_SCOPE_BEGIN|[161]|permissionSetsLst|List<shiva15testns.PermissionSetPortalControllers.PermissionSetClass>|true|false
14:02:15.0 (8146762)|HEAP_ALLOCATE|[EXTERNAL]|Bytes:4
14:02:15.0 (8158845)|VARIABLE_ASSIGNMENT|[161]|permissionSetsLst|{"s":1,"v":[]}|0x2f39f791
14:02:15.0 (8174591)|ENTERING_MANAGED_PKG|
14:02:15.0 (8374929)|HEAP_ALLOCATE|[162]|Bytes:5
14:02:15.0 (8410052)|HEAP_ALLOCATE|[162]|Bytes:28
14:02:15.0 (8420358)|VARIABLE_SCOPE_BEGIN|[162]|PSetName|PermissionSet|true|false
14:02:15.0 (8469345)|VARIABLE_ASSIGNMENT|[162]|PSetName|{"s":1,"v":{"Id":"0PS36000000KFvSGAW","Label":"random","Name":"random","NamespacePrefix":"shiva15testns","UserLicenseId":"10036000000eSpyAAE","CreatedDate":"2016-04-26T00:59:56.000Z"}}|0x59527468
14:02:15.0 (8474083)|STATEMENT_EXECUTE|[162]
14:02:15.0 (8499850)|HEAP_ALLOCATE|[163]|Bytes:3
14:02:15.0 (8530772)|ENTERING_MANAGED_PKG|
14:02:15.0 (8563549)|STATEMENT_EXECUTE|[163]
14:02:15.0 (8565731)|STATEMENT_EXECUTE|[166]
14:02:15.0 (8571848)|HEAP_ALLOCATE|[166]|Bytes:240
14:02:15.0 (8577339)|HEAP_ALLOCATE|[166]|Bytes:32
14:02:15.0 (8597559)|HEAP_ALLOCATE|[166]|Bytes:32
14:02:15.0 (8643056)|ENTERING_MANAGED_PKG|
14:02:15.0 (8668618)|HEAP_ALLOCATE|[166]|Bytes:18
14:02:15.0 (8726014)|ENTERING_MANAGED_PKG|
14:02:15.0 (8748771)|HEAP_ALLOCATE|[166]|Bytes:19
14:02:15.0 (8794617)|CONSTRUCTOR_ENTRY|[166]|01p36000005Jpvx|<init>(String,String,String,String,String,String,String)
14:02:15.0 (8817639)|VARIABLE_SCOPE_BEGIN|[1000]|this|shiva15testns.PermissionSetPortalControllers.PermissionSetClass|true|false
14:02:15.0 (8880582)|VARIABLE_ASSIGNMENT|[1000]|this|{}|0x6852e2eb
14:02:15.0 (8885454)|VARIABLE_SCOPE_BEGIN|[1000]|label|String|false|false
14:02:15.0 (8890745)|VARIABLE_ASSIGNMENT|[1000]|label|"random"
14:02:15.0 (8893571)|VARIABLE_SCOPE_BEGIN|[1000]|apiName|String|false|false
14:02:15.0 (8896731)|VARIABLE_ASSIGNMENT|[1000]|apiName|"random"
14:02:15.0 (8898939)|VARIABLE_SCOPE_BEGIN|[1000]|id|String|false|false
14:02:15.0 (8902377)|VARIABLE_ASSIGNMENT|[1000]|id|"0PS36000000KFvSGAW"
14:02:15.0 (8904756)|VARIABLE_SCOPE_BEGIN|[1000]|description|String|false|false
14:02:15.0 (8907810)|VARIABLE_ASSIGNMENT|[1000]|description|null
14:02:15.0 (8909903)|VARIABLE_SCOPE_BEGIN|[1000]|namespacePrefix|String|false|false
14:02:15.0 (8913247)|VARIABLE_ASSIGNMENT|[1000]|namespacePrefix|"shiva15testns"
14:02:15.0 (8919747)|VARIABLE_SCOPE_BEGIN|[1000]|userLicenseId|String|false|false
14:02:15.0 (8922702)|VARIABLE_ASSIGNMENT|[1000]|userLicenseId|null
14:02:15.0 (8924917)|VARIABLE_SCOPE_BEGIN|[1000]|createdDate|String|false|false
14:02:15.0 (8928289)|VARIABLE_ASSIGNMENT|[1000]|createdDate|"2016-04-25 17:59:56"
14:02:15.0 (8931871)|STATEMENT_EXECUTE|[983]
14:02:15.0 (8933459)|STATEMENT_EXECUTE|[986]
14:02:15.0 (8935206)|STATEMENT_EXECUTE|[988]
14:02:15.0 (8936335)|STATEMENT_EXECUTE|[990]
14:02:15.0 (8937462)|STATEMENT_EXECUTE|[992]
14:02:15.0 (8938543)|STATEMENT_EXECUTE|[994]
14:02:15.0 (8939658)|STATEMENT_EXECUTE|[996]
14:02:15.0 (8940895)|STATEMENT_EXECUTE|[998]
14:02:15.0 (8950213)|HEAP_ALLOCATE|[1002]|Bytes:6
14:02:15.0 (8975782)|STATEMENT_EXECUTE|[1001]
14:02:15.0 (8977901)|STATEMENT_EXECUTE|[1002]
14:02:15.0 (9057706)|VARIABLE_ASSIGNMENT|[EXTERNAL]|this|{}|0x6852e2eb
14:02:15.0 (9065707)|VARIABLE_ASSIGNMENT|[EXTERNAL]|value|"random"
14:02:15.0 (9077017)|VARIABLE_ASSIGNMENT|[986]|this.label|"random"|0x6852e2eb
14:02:15.0 (9084544)|STATEMENT_EXECUTE|[1003]
14:02:15.0 (9136916)|VARIABLE_ASSIGNMENT|[EXTERNAL]|this|{"label":"random"}|0x6852e2eb
14:02:15.0 (9143112)|VARIABLE_ASSIGNMENT|[EXTERNAL]|value|"random"
14:02:15.0 (9151213)|VARIABLE_ASSIGNMENT|[988]|this.apiName|"random"|0x6852e2eb
14:02:15.0 (9158182)|STATEMENT_EXECUTE|[1004]
14:02:15.0 (9208228)|VARIABLE_ASSIGNMENT|[EXTERNAL]|this|{"apiName":"random","label":"random"}|0x6852e2eb
14:02:15.0 (9215249)|VARIABLE_ASSIGNMENT|[EXTERNAL]|value|"0PS36000000KFvSGAW"
14:02:15.0 (9223172)|VARIABLE_ASSIGNMENT|[990]|this.id|"0PS36000000KFvSGAW"|0x6852e2eb
14:02:15.0 (9229904)|STATEMENT_EXECUTE|[1005]
14:02:15.0 (9280181)|VARIABLE_ASSIGNMENT|[EXTERNAL]|this|{"apiName":"random","id":"0PS36000000KFvSGAW","label":"random"}|0x6852e2eb
14:02:15.0 (9286707)|VARIABLE_ASSIGNMENT|[EXTERNAL]|value|null
14:02:15.0 (9293864)|VARIABLE_ASSIGNMENT|[992]|this.description|null|0x6852e2eb
14:02:15.0 (9300662)|STATEMENT_EXECUTE|[1006]
14:02:15.0 (9349998)|VARIABLE_ASSIGNMENT|[EXTERNAL]|this|{"apiName":"random","id":"0PS36000000KFvSGAW","label":"random"}|0x6852e2eb
14:02:15.0 (9356232)|VARIABLE_ASSIGNMENT|[EXTERNAL]|value|"shiva15testns"
14:02:15.0 (9364262)|VARIABLE_ASSIGNMENT|[994]|this.namespacePrefix|"shiva15testns"|0x6852e2eb
14:02:15.0 (9371102)|STATEMENT_EXECUTE|[1007]
14:02:15.0 (9420901)|VARIABLE_ASSIGNMENT|[EXTERNAL]|this|{"apiName":"random","id":"0PS36000000KFvSGAW","label":"random","namespacePrefix":"shiva15testns"}|0x6852e2eb
14:02:15.0 (9427709)|VARIABLE_ASSIGNMENT|[EXTERNAL]|value|null
14:02:15.0 (9435393)|VARIABLE_ASSIGNMENT|[996]|this.userLicenseId|null|0x6852e2eb
14:02:15.0 (9441993)|STATEMENT_EXECUTE|[1008]
14:02:15.0 (9491916)|VARIABLE_ASSIGNMENT|[EXTERNAL]|this|{"apiName":"random","id":"0PS36000000KFvSGAW","label":"random","namespacePrefix":"shiva15testns"}|0x6852e2eb
14:02:15.0 (9498693)|VARIABLE_ASSIGNMENT|[EXTERNAL]|value|"2016-04-25 17:59:56"
14:02:15.0 (9506795)|VARIABLE_ASSIGNMENT|[998]|this.createdDate|"2016-04-25 17:59:56"|0x6852e2eb
14:02:15.0 (9528725)|CONSTRUCTOR_EXIT|[166]|01p36000005Jpvx|<init>(String,String,String,String,String,String,String)
14:02:15.0 (9571729)|VARIABLE_ASSIGNMENT|[166]|pSetObj|{"apiName":"random","createdDate":"2016-04-25 17:59:56","id":"0PS36000000KFvSGAW","label":"random","namespacePrefix":"shiva15testns"}|0x6852e2eb
14:02:15.0 (9576062)|STATEMENT_EXECUTE|[167]
14:02:15.0 (9592117)|ENTERING_MANAGED_PKG|
14:02:15.0 (9622151)|HEAP_ALLOCATE|[EXTERNAL]|Bytes:4
14:02:15.0 (9630083)|STATEMENT_EXECUTE|[168]
14:02:15.0 (9788470)|HEAP_ALLOCATE|[168]|Bytes:24
14:02:15.0 (9808051)|ENTERING_MANAGED_PKG|
14:02:15.0 (9873113)|HEAP_ALLOCATE|[168]|Bytes:162
14:02:15.0 (9906799)|HEAP_ALLOCATE|[168]|Bytes:186
14:02:15.0 (9938216)|ENTERING_MANAGED_PKG|
14:02:15.0 (9950157)|USER_DEBUG|[168]|ERROR|The PermissionSet Name: PermissionSet:{Id=0PS36000000KFvSGAW, Label=random, Name=random, NamespacePrefix=shiva15testns, UserLicenseId=10036000000eSpyAAE, CreatedDate=2016-04-26 00:59:56}
14:02:15.0 (9970276)|HEAP_ALLOCATE|[162]|Bytes:5
14:02:15.0 (9994232)|HEAP_ALLOCATE|[162]|Bytes:32
14:02:15.0 (10003055)|VARIABLE_SCOPE_BEGIN|[162]|PSetName|PermissionSet|true|false
14:02:15.0 (10030615)|VARIABLE_ASSIGNMENT|[162]|PSetName|{"s":1,"v":{"Id":"0PS36000000KhGKGA0","Label":"test1label","Name":"test1name","Description":"test Description 1","NamespacePrefix":"shiva15testns","UserLicenseId":"10036000000eSpyAAE","CreatedDate":"2016-04-27T01:22:31.000Z"}}|0x14f73cd8
14:02:15.0 (10035409)|STATEMENT_EXECUTE|[162]
14:02:15.0 (10056993)|ENTERING_MANAGED_PKG|
14:02:15.0 (10067211)|STATEMENT_EXECUTE|[163]
14:02:15.0 (10069209)|STATEMENT_EXECUTE|[166]
14:02:15.0 (10073963)|HEAP_ALLOCATE|[166]|Bytes:32
14:02:15.0 (10089885)|ENTERING_MANAGED_PKG|
14:02:15.0 (10094074)|HEAP_ALLOCATE|[166]|Bytes:18
14:02:15.0 (10130995)|ENTERING_MANAGED_PKG|
14:02:15.0 (10145430)|HEAP_ALLOCATE|[166]|Bytes:19
14:02:15.0 (10167758)|CONSTRUCTOR_ENTRY|[166]|01p36000005Jpvx|<init>(String,String,String,String,String,String,String)
14:02:15.0 (10174559)|VARIABLE_SCOPE_BEGIN|[1000]|this|shiva15testns.PermissionSetPortalControllers.PermissionSetClass|true|false
14:02:15.0 (10195406)|VARIABLE_ASSIGNMENT|[1000]|this|{}|0x24dbbc4
14:02:15.0 (10198579)|VARIABLE_SCOPE_BEGIN|[1000]|label|String|false|false
14:02:15.0 (10203253)|VARIABLE_ASSIGNMENT|[1000]|label|"test1label"
14:02:15.0 (10205195)|VARIABLE_SCOPE_BEGIN|[1000]|apiName|String|false|false
14:02:15.0 (10208171)|VARIABLE_ASSIGNMENT|[1000]|apiName|"test1name"
14:02:15.0 (10209955)|VARIABLE_SCOPE_BEGIN|[1000]|id|String|false|false
14:02:15.0 (10213212)|VARIABLE_ASSIGNMENT|[1000]|id|"0PS36000000KhGKGA0"
14:02:15.0 (10214904)|VARIABLE_SCOPE_BEGIN|[1000]|description|String|false|false
14:02:15.0 (10218063)|VARIABLE_ASSIGNMENT|[1000]|description|"test Description 1"
14:02:15.0 (10220064)|VARIABLE_SCOPE_BEGIN|[1000]|namespacePrefix|String|false|false
14:02:15.0 (10222887)|VARIABLE_ASSIGNMENT|[1000]|namespacePrefix|"shiva15testns"
14:02:15.0 (10224665)|VARIABLE_SCOPE_BEGIN|[1000]|userLicenseId|String|false|false
14:02:15.0 (10227461)|VARIABLE_ASSIGNMENT|[1000]|userLicenseId|null
14:02:15.0 (10229167)|VARIABLE_SCOPE_BEGIN|[1000]|createdDate|String|false|false
14:02:15.0 (10232524)|VARIABLE_ASSIGNMENT|[1000]|createdDate|"2016-04-26 18:22:31"
14:02:15.0 (10235586)|STATEMENT_EXECUTE|[983]
14:02:15.0 (10236874)|STATEMENT_EXECUTE|[986]
14:02:15.0 (10238219)|STATEMENT_EXECUTE|[988]
14:02:15.0 (10239297)|STATEMENT_EXECUTE|[990]
14:02:15.0 (10240315)|STATEMENT_EXECUTE|[992]
14:02:15.0 (10241365)|STATEMENT_EXECUTE|[994]
14:02:15.0 (10242371)|STATEMENT_EXECUTE|[996]
14:02:15.0 (10243398)|STATEMENT_EXECUTE|[998]
14:02:15.0 (10254493)|STATEMENT_EXECUTE|[1001]
14:02:15.0 (10256172)|STATEMENT_EXECUTE|[1002]
14:02:15.0 (10275693)|VARIABLE_ASSIGNMENT|[EXTERNAL]|this|{}|0x24dbbc4
14:02:15.0 (10281172)|VARIABLE_ASSIGNMENT|[EXTERNAL]|value|"test1label"
14:02:15.0 (10288226)|VARIABLE_ASSIGNMENT|[986]|this.label|"test1label"|0x24dbbc4
14:02:15.0 (10294080)|STATEMENT_EXECUTE|[1003]
14:02:15.0 (10312739)|VARIABLE_ASSIGNMENT|[EXTERNAL]|this|{"label":"test1label"}|0x24dbbc4
14:02:15.0 (10317282)|VARIABLE_ASSIGNMENT|[EXTERNAL]|value|"test1name"
14:02:15.0 (10323338)|VARIABLE_ASSIGNMENT|[988]|this.apiName|"test1name"|0x24dbbc4
14:02:15.0 (10328599)|STATEMENT_EXECUTE|[1004]
14:02:15.0 (10347419)|VARIABLE_ASSIGNMENT|[EXTERNAL]|this|{"apiName":"test1name","label":"test1label"}|0x24dbbc4
14:02:15.0 (10352125)|VARIABLE_ASSIGNMENT|[EXTERNAL]|value|"0PS36000000KhGKGA0"
14:02:15.0 (10358333)|VARIABLE_ASSIGNMENT|[990]|this.id|"0PS36000000KhGKGA0"|0x24dbbc4
14:02:15.0 (10363537)|STATEMENT_EXECUTE|[1005]
14:02:15.0 (10382578)|VARIABLE_ASSIGNMENT|[EXTERNAL]|this|{"apiName":"test1name","id":"0PS36000000KhGKGA0","label":"test1label"}|0x24dbbc4
14:02:15.0 (10387661)|VARIABLE_ASSIGNMENT|[EXTERNAL]|value|"test Description 1"
14:02:15.0 (10393726)|VARIABLE_ASSIGNMENT|[992]|this.description|"test Description 1"|0x24dbbc4
14:02:15.0 (10398896)|STATEMENT_EXECUTE|[1006]
14:02:15.0 (10418087)|VARIABLE_ASSIGNMENT|[EXTERNAL]|this|{"apiName":"test1name","description":"test Description 1","id":"0PS36000000KhGKGA0","label":"test1label"}|0x24dbbc4
14:02:15.0 (10422886)|VARIABLE_ASSIGNMENT|[EXTERNAL]|value|"shiva15testns"
14:02:15.0 (10429091)|VARIABLE_ASSIGNMENT|[994]|this.namespacePrefix|"shiva15testns"|0x24dbbc4
14:02:15.0 (10434250)|STATEMENT_EXECUTE|[1007]
14:02:15.0 (10454349)|VARIABLE_ASSIGNMENT|[EXTERNAL]|this|{"apiName":"test1name","description":"test Description 1","id":"0PS36000000KhGKGA0","label":"test1label","namespacePrefix":"shiva15testns"}|0x24dbbc4
14:02:15.0 (10459449)|VARIABLE_ASSIGNMENT|[EXTERNAL]|value|null
14:02:15.0 (10465229)|VARIABLE_ASSIGNMENT|[996]|this.userLicenseId|null|0x24dbbc4
14:02:15.0 (10470298)|STATEMENT_EXECUTE|[1008]
14:02:15.0 (10490363)|VARIABLE_ASSIGNMENT|[EXTERNAL]|this|{"apiName":"test1name","description":"test Description 1","id":"0PS36000000KhGKGA0","label":"test1label","namespacePrefix":"shiva15testns"}|0x24dbbc4
14:02:15.0 (10495660)|VARIABLE_ASSIGNMENT|[EXTERNAL]|value|"2016-04-26 18:22:31"
14:02:15.0 (10501865)|VARIABLE_ASSIGNMENT|[998]|this.createdDate|"2016-04-26 18:22:31"|0x24dbbc4
14:02:15.0 (10518450)|CONSTRUCTOR_EXIT|[166]|01p36000005Jpvx|<init>(String,String,String,String,String,String,String)
14:02:15.0 (10539871)|VARIABLE_ASSIGNMENT|[166]|pSetObj|{"apiName":"test1name","createdDate":"2016-04-26 18:22:31","description":"test Description 1","id":"0PS36000000KhGKGA0","label":"test1label","namespacePrefix":"shiva15testns"}|0x24dbbc4
14:02:15.0 (10543654)|STATEMENT_EXECUTE|[167]
14:02:15.0 (10554526)|ENTERING_MANAGED_PKG|
14:02:15.0 (10559549)|HEAP_ALLOCATE|[EXTERNAL]|Bytes:4
14:02:15.0 (10564851)|STATEMENT_EXECUTE|[168]
14:02:15.0 (10577726)|ENTERING_MANAGED_PKG|
14:02:15.0 (10620821)|HEAP_ALLOCATE|[168]|Bytes:201
14:02:15.0 (10635243)|HEAP_ALLOCATE|[168]|Bytes:225
14:02:15.0 (10646872)|ENTERING_MANAGED_PKG|
14:02:15.0 (10653934)|USER_DEBUG|[168]|ERROR|The PermissionSet Name: PermissionSet:{Id=0PS36000000KhGKGA0, Label=test1label, Name=test1name, Description=test Description 1, NamespacePrefix=shiva15testns, UserLicenseId=10036000000eSpyAAE, CreatedDate=2016-04-27 01:22:31}
14:02:15.0 (10668822)|HEAP_ALLOCATE|[162]|Bytes:5
14:02:15.0 (10690465)|HEAP_ALLOCATE|[162]|Bytes:32
14:02:15.0 (10698817)|VARIABLE_SCOPE_BEGIN|[162]|PSetName|PermissionSet|true|false
14:02:15.0 (10726568)|VARIABLE_ASSIGNMENT|[162]|PSetName|{"s":1,"v":{"Id":"0PS36000000KhI0GAK","Label":"test1ONElabel","Name":"test1ONEname","Description":"test Description 1","NamespacePrefix":"shiva15testns","UserLicenseId":"10036000000eSpyAAE","CreatedDate":"2016-04-27T01:26:38.000Z"}}|0x1571c16b
14:02:15.0 (10731340)|STATEMENT_EXECUTE|[162]
14:02:15.0 (10752138)|ENTERING_MANAGED_PKG|
14:02:15.0 (10761823)|STATEMENT_EXECUTE|[163]
14:02:15.0 (10763332)|STATEMENT_EXECUTE|[166]
14:02:15.0 (10767949)|HEAP_ALLOCATE|[166]|Bytes:32
14:02:15.0 (10783167)|ENTERING_MANAGED_PKG|
14:02:15.0 (10787291)|HEAP_ALLOCATE|[166]|Bytes:18
14:02:15.0 (10809080)|ENTERING_MANAGED_PKG|
14:02:15.0 (10822439)|HEAP_ALLOCATE|[166]|Bytes:19
14:02:15.0 (10843738)|CONSTRUCTOR_ENTRY|[166]|01p36000005Jpvx|<init>(String,String,String,String,String,String,String)
14:02:15.0 (10849881)|VARIABLE_SCOPE_BEGIN|[1000]|this|shiva15testns.PermissionSetPortalControllers.PermissionSetClass|true|false
14:02:15.0 (10869913)|VARIABLE_ASSIGNMENT|[1000]|this|{}|0x7db72f61
14:02:15.0 (10872936)|VARIABLE_SCOPE_BEGIN|[1000]|label|String|false|false
14:02:15.0 (10877580)|VARIABLE_ASSIGNMENT|[1000]|label|"test1ONElabel"
14:02:15.0 (10879417)|VARIABLE_SCOPE_BEGIN|[1000]|apiName|String|false|false
14:02:15.0 (10882603)|VARIABLE_ASSIGNMENT|[1000]|apiName|"test1ONEname"
14:02:15.0 (10884361)|VARIABLE_SCOPE_BEGIN|[1000]|id|String|false|false
14:02:15.0 (10887321)|VARIABLE_ASSIGNMENT|[1000]|id|"0PS36000000KhI0GAK"
14:02:15.0 (10888988)|VARIABLE_SCOPE_BEGIN|[1000]|description|String|false|false
14:02:15.0 (10891883)|VARIABLE_ASSIGNMENT|[1000]|description|"test Description 1"
14:02:15.0 (10893554)|VARIABLE_SCOPE_BEGIN|[1000]|namespacePrefix|String|false|false
14:02:15.0 (10896293)|VARIABLE_ASSIGNMENT|[1000]|namespacePrefix|"shiva15testns"
14:02:15.0 (10898396)|VARIABLE_SCOPE_BEGIN|[1000]|userLicenseId|String|false|false
14:02:15.0 (10901200)|VARIABLE_ASSIGNMENT|[1000]|userLicenseId|null
14:02:15.0 (10902902)|VARIABLE_SCOPE_BEGIN|[1000]|createdDate|String|false|false
14:02:15.0 (10905823)|VARIABLE_ASSIGNMENT|[1000]|createdDate|"2016-04-26 18:26:38"
14:02:15.0 (10908555)|STATEMENT_EXECUTE|[983]
14:02:15.0 (10909795)|STATEMENT_EXECUTE|[986]
14:02:15.0 (10911188)|STATEMENT_EXECUTE|[988]
14:02:15.0 (10912224)|STATEMENT_EXECUTE|[990]
14:02:15.0 (10913234)|STATEMENT_EXECUTE|[992]
14:02:15.0 (10918299)|STATEMENT_EXECUTE|[994]
14:02:15.0 (10919632)|STATEMENT_EXECUTE|[996]
14:02:15.0 (10920691)|STATEMENT_EXECUTE|[998]
14:02:15.0 (10931876)|STATEMENT_EXECUTE|[1001]
14:02:15.0 (10933481)|STATEMENT_EXECUTE|[1002]
14:02:15.0 (10952755)|VARIABLE_ASSIGNMENT|[EXTERNAL]|this|{}|0x7db72f61
14:02:15.0 (10958199)|VARIABLE_ASSIGNMENT|[EXTERNAL]|value|"test1ONElabel"
14:02:15.0 (10965152)|VARIABLE_ASSIGNMENT|[986]|this.label|"test1ONElabel"|0x7db72f61
14:02:15.0 (10971098)|STATEMENT_EXECUTE|[1003]
14:02:15.0 (10990068)|VARIABLE_ASSIGNMENT|[EXTERNAL]|this|{"label":"test1ONElabel"}|0x7db72f61
14:02:15.0 (10994612)|VARIABLE_ASSIGNMENT|[EXTERNAL]|value|"test1ONEname"
14:02:15.0 (11000758)|VARIABLE_ASSIGNMENT|[988]|this.apiName|"test1ONEname"|0x7db72f61
14:02:15.0 (11006946)|STATEMENT_EXECUTE|[1004]
14:02:15.0 (11025831)|VARIABLE_ASSIGNMENT|[EXTERNAL]|this|{"apiName":"test1ONEname","label":"test1ONElabel"}|0x7db72f61
14:02:15.0 (11030581)|VARIABLE_ASSIGNMENT|[EXTERNAL]|value|"0PS36000000KhI0GAK"
14:02:15.0 (11036935)|VARIABLE_ASSIGNMENT|[990]|this.id|"0PS36000000KhI0GAK"|0x7db72f61
14:02:15.0 (11042157)|STATEMENT_EXECUTE|[1005]
14:02:15.0 (11060918)|VARIABLE_ASSIGNMENT|[EXTERNAL]|this|{"apiName":"test1ONEname","id":"0PS36000000KhI0GAK","label":"test1ONElabel"}|0x7db72f61
14:02:15.0 (11065937)|VARIABLE_ASSIGNMENT|[EXTERNAL]|value|"test Description 1"
14:02:15.0 (11075087)|VARIABLE_ASSIGNMENT|[992]|this.description|"test Description 1"|0x7db72f61
14:02:15.0 (11081005)|STATEMENT_EXECUTE|[1006]
14:02:15.0 (11101359)|VARIABLE_ASSIGNMENT|[EXTERNAL]|this|{"apiName":"test1ONEname","description":"test Description 1","id":"0PS36000000KhI0GAK","label":"test1ONElabel"}|0x7db72f61
14:02:15.0 (11106362)|VARIABLE_ASSIGNMENT|[EXTERNAL]|value|"shiva15testns"
14:02:15.0 (11112471)|VARIABLE_ASSIGNMENT|[994]|this.namespacePrefix|"shiva15testns"|0x7db72f61
14:02:15.0 (11117602)|STATEMENT_EXECUTE|[1007]
14:02:15.0 (11137391)|VARIABLE_ASSIGNMENT|[EXTERNAL]|this|{"apiName":"test1ONEname","description":"test Description 1","id":"0PS36000000KhI0GAK","label":"test1ONElabel","namespacePrefix":"shiva15testns"}|0x7db72f61
14:02:15.0 (11142382)|VARIABLE_ASSIGNMENT|[EXTERNAL]|value|null
14:02:15.0 (11148184)|VARIABLE_ASSIGNMENT|[996]|this.userLicenseId|null|0x7db72f61
14:02:15.0 (11153638)|STATEMENT_EXECUTE|[1008]
14:02:15.0 (11174346)|VARIABLE_ASSIGNMENT|[EXTERNAL]|this|{"apiName":"test1ONEname","description":"test Description 1","id":"0PS36000000KhI0GAK","label":"test1ONElabel","namespacePrefix":"shiva15testns"}|0x7db72f61
14:02:15.0 (11179527)|VARIABLE_ASSIGNMENT|[EXTERNAL]|value|"2016-04-26 18:26:38"
14:02:15.0 (11185669)|VARIABLE_ASSIGNMENT|[998]|this.createdDate|"2016-04-26 18:26:38"|0x7db72f61
14:02:15.0 (11201938)|CONSTRUCTOR_EXIT|[166]|01p36000005Jpvx|<init>(String,String,String,String,String,String,String)
14:02:15.0 (11223562)|VARIABLE_ASSIGNMENT|[166]|pSetObj|{"apiName":"test1ONEname","createdDate":"2016-04-26 18:26:38","description":"test Description 1","id":"0PS36000000KhI0GAK","label":"test1ONElabel","namespacePrefix":"shiva15testns"}|0x7db72f61
14:02:15.0 (11227139)|STATEMENT_EXECUTE|[167]
14:02:15.0 (11237551)|ENTERING_MANAGED_PKG|
14:02:15.0 (11242619)|HEAP_ALLOCATE|[EXTERNAL]|Bytes:4
14:02:15.0 (11247990)|STATEMENT_EXECUTE|[168]
14:02:15.0 (11260451)|ENTERING_MANAGED_PKG|
14:02:15.0 (11303611)|HEAP_ALLOCATE|[168]|Bytes:207
14:02:15.0 (11317765)|HEAP_ALLOCATE|[168]|Bytes:231
14:02:15.0 (11332287)|ENTERING_MANAGED_PKG|
14:02:15.0 (11339489)|USER_DEBUG|[168]|ERROR|The PermissionSet Name: PermissionSet:{Id=0PS36000000KhI0GAK, Label=test1ONElabel, Name=test1ONEname, Description=test Description 1, NamespacePrefix=shiva15testns, UserLicenseId=10036000000eSpyAAE, CreatedDate=2016-04-27 01:26:38}
14:02:15.0 (11354444)|HEAP_ALLOCATE|[162]|Bytes:5
14:02:15.0 (11376080)|HEAP_ALLOCATE|[162]|Bytes:32
14:02:15.0 (11384448)|VARIABLE_SCOPE_BEGIN|[162]|PSetName|PermissionSet|true|false
14:02:15.0 (11408953)|VARIABLE_ASSIGNMENT|[162]|PSetName|{"s":1,"v":{"Id":"0PS36000000KlvMGAS","Label":"test_name","Name":"test_name","Description":"test desc","NamespacePrefix":"shiva15testns","UserLicenseId":"10036000000eSpyAAE","CreatedDate":"2016-04-27T09:47:35.000Z"}}|0x36b4cf02
14:02:15.0 (11413525)|STATEMENT_EXECUTE|[162]
14:02:15.0 (11433686)|ENTERING_MANAGED_PKG|
14:02:15.0 (11443287)|STATEMENT_EXECUTE|[163]
14:02:15.0 (11444846)|STATEMENT_EXECUTE|[166]
14:02:15.0 (11449530)|HEAP_ALLOCATE|[166]|Bytes:32
14:02:15.0 (11464545)|ENTERING_MANAGED_PKG|
14:02:15.0 (11468779)|HEAP_ALLOCATE|[166]|Bytes:18
14:02:15.0 (11489933)|ENTERING_MANAGED_PKG|
14:02:15.0 (11503206)|HEAP_ALLOCATE|[166]|Bytes:19
14:02:15.0 (11524699)|CONSTRUCTOR_ENTRY|[166]|01p36000005Jpvx|<init>(String,String,String,String,String,String,String)
14:02:15.0 (11530699)|VARIABLE_SCOPE_BEGIN|[1000]|this|shiva15testns.PermissionSetPortalControllers.PermissionSetClass|true|false
14:02:15.0 (11550434)|VARIABLE_ASSIGNMENT|[1000]|this|{}|0x6ad8237e
14:02:15.0 (11553245)|VARIABLE_SCOPE_BEGIN|[1000]|label|String|false|false
14:02:15.0 (11557885)|VARIABLE_ASSIGNMENT|[1000]|label|"test_name"
14:02:15.0 (11559688)|VARIABLE_SCOPE_BEGIN|[1000]|apiName|String|false|false
14:02:15.0 (11562557)|VARIABLE_ASSIGNMENT|[1000]|apiName|"test_name"
14:02:15.0 (11564277)|VARIABLE_SCOPE_BEGIN|[1000]|id|String|false|false
14:02:15.0 (11567228)|VARIABLE_ASSIGNMENT|[1000]|id|"0PS36000000KlvMGAS"
14:02:15.0 (11568910)|VARIABLE_SCOPE_BEGIN|[1000]|description|String|false|false
14:02:15.0 (11571634)|VARIABLE_ASSIGNMENT|[1000]|description|"test desc"
14:02:15.0 (11573260)|VARIABLE_SCOPE_BEGIN|[1000]|namespacePrefix|String|false|false
14:02:15.0 (11575965)|VARIABLE_ASSIGNMENT|[1000]|namespacePrefix|"shiva15testns"
14:02:15.0 (11577774)|VARIABLE_SCOPE_BEGIN|[1000]|userLicenseId|String|false|false
14:02:15.0 (11580724)|VARIABLE_ASSIGNMENT|[1000]|userLicenseId|null
14:02:15.0 (11582429)|VARIABLE_SCOPE_BEGIN|[1000]|createdDate|String|false|false
14:02:15.0 (11585287)|VARIABLE_ASSIGNMENT|[1000]|createdDate|"2016-04-27 02:47:35"
14:02:15.0 (11587965)|STATEMENT_EXECUTE|[983]
14:02:15.0 (11589201)|STATEMENT_EXECUTE|[986]
14:02:15.0 (11590600)|STATEMENT_EXECUTE|[988]
14:02:15.0 (11591708)|STATEMENT_EXECUTE|[990]
14:02:15.0 (11592762)|STATEMENT_EXECUTE|[992]
14:02:15.0 (11593737)|STATEMENT_EXECUTE|[994]
14:02:15.0 (11594711)|STATEMENT_EXECUTE|[996]
14:02:15.0 (11595689)|STATEMENT_EXECUTE|[998]
14:02:15.0 (11606693)|STATEMENT_EXECUTE|[1001]
14:02:15.0 (11608214)|STATEMENT_EXECUTE|[1002]
14:02:15.0 (11626972)|VARIABLE_ASSIGNMENT|[EXTERNAL]|this|{}|0x6ad8237e
14:02:15.0 (11631991)|VARIABLE_ASSIGNMENT|[EXTERNAL]|value|"test_name"
14:02:15.0 (11638694)|VARIABLE_ASSIGNMENT|[986]|this.label|"test_name"|0x6ad8237e
14:02:15.0 (11644112)|STATEMENT_EXECUTE|[1003]
14:02:15.0 (11663157)|VARIABLE_ASSIGNMENT|[EXTERNAL]|this|{"label":"test_name"}|0x6ad8237e
14:02:15.0 (11667778)|VARIABLE_ASSIGNMENT|[EXTERNAL]|value|"test_name"
14:02:15.0 (11673562)|VARIABLE_ASSIGNMENT|[988]|this.apiName|"test_name"|0x6ad8237e
14:02:15.0 (11678804)|STATEMENT_EXECUTE|[1004]
14:02:15.0 (11697140)|VARIABLE_ASSIGNMENT|[EXTERNAL]|this|{"apiName":"test_name","label":"test_name"}|0x6ad8237e
14:02:15.0 (11701944)|VARIABLE_ASSIGNMENT|[EXTERNAL]|value|"0PS36000000KlvMGAS"
14:02:15.0 (11709237)|VARIABLE_ASSIGNMENT|[990]|this.id|"0PS36000000KlvMGAS"|0x6ad8237e
14:02:15.0 (11716594)|STATEMENT_EXECUTE|[1005]
14:02:15.0 (11737575)|VARIABLE_ASSIGNMENT|[EXTERNAL]|this|{"apiName":"test_name","id":"0PS36000000KlvMGAS","label":"test_name"}|0x6ad8237e
14:02:15.0 (11742356)|VARIABLE_ASSIGNMENT|[EXTERNAL]|value|"test desc"
14:02:15.0 (11748865)|VARIABLE_ASSIGNMENT|[992]|this.description|"test desc"|0x6ad8237e
14:02:15.0 (11754079)|STATEMENT_EXECUTE|[1006]
14:02:15.0 (11774304)|VARIABLE_ASSIGNMENT|[EXTERNAL]|this|{"apiName":"test_name","description":"test desc","id":"0PS36000000KlvMGAS","label":"test_name"}|0x6ad8237e
14:02:15.0 (11779759)|VARIABLE_ASSIGNMENT|[EXTERNAL]|value|"shiva15testns"
14:02:15.0 (11785862)|VARIABLE_ASSIGNMENT|[994]|this.namespacePrefix|"shiva15testns"|0x6ad8237e
14:02:15.0 (11791141)|STATEMENT_EXECUTE|[1007]
14:02:15.0 (11811041)|VARIABLE_ASSIGNMENT|[EXTERNAL]|this|{"apiName":"test_name","description":"test desc","id":"0PS36000000KlvMGAS","label":"test_name","namespacePrefix":"shiva15testns"}|0x6ad8237e
14:02:15.0 (11815773)|VARIABLE_ASSIGNMENT|[EXTERNAL]|value|null
14:02:15.0 (11821460)|VARIABLE_ASSIGNMENT|[996]|this.userLicenseId|null|0x6ad8237e
14:02:15.0 (11826575)|STATEMENT_EXECUTE|[1008]
14:02:15.0 (11846266)|VARIABLE_ASSIGNMENT|[EXTERNAL]|this|{"apiName":"test_name","description":"test desc","id":"0PS36000000KlvMGAS","label":"test_name","namespacePrefix":"shiva15testns"}|0x6ad8237e
14:02:15.0 (11851276)|VARIABLE_ASSIGNMENT|[EXTERNAL]|value|"2016-04-27 02:47:35"
14:02:15.0 (11857385)|VARIABLE_ASSIGNMENT|[998]|this.createdDate|"2016-04-27 02:47:35"|0x6ad8237e
14:02:15.0 (11874062)|CONSTRUCTOR_EXIT|[166]|01p36000005Jpvx|<init>(String,String,String,String,String,String,String)
14:02:15.0 (11896045)|VARIABLE_ASSIGNMENT|[166]|pSetObj|{"apiName":"test_name","createdDate":"2016-04-27 02:47:35","description":"test desc","id":"0PS36000000KlvMGAS","label":"test_name","namespacePrefix":"shiva15testns"}|0x6ad8237e
14:02:15.0 (11899293)|STATEMENT_EXECUTE|[167]
14:02:15.0 (11909884)|ENTERING_MANAGED_PKG|
14:02:15.0 (11918567)|HEAP_ALLOCATE|[EXTERNAL]|Bytes:4
14:02:15.0 (11924404)|STATEMENT_EXECUTE|[168]
14:02:15.0 (11937267)|ENTERING_MANAGED_PKG|
14:02:15.0 (11979041)|HEAP_ALLOCATE|[168]|Bytes:191
14:02:15.0 (11992964)|HEAP_ALLOCATE|[168]|Bytes:215
14:02:15.0 (12004606)|ENTERING_MANAGED_PKG|
14:02:15.0 (12012071)|USER_DEBUG|[168]|ERROR|The PermissionSet Name: PermissionSet:{Id=0PS36000000KlvMGAS, Label=test_name, Name=test_name, Description=test desc, NamespacePrefix=shiva15testns, UserLicenseId=10036000000eSpyAAE, CreatedDate=2016-04-27 09:47:35}
14:02:15.0 (12026161)|HEAP_ALLOCATE|[162]|Bytes:5
14:02:15.0 (12047085)|HEAP_ALLOCATE|[162]|Bytes:28
14:02:15.0 (12055601)|VARIABLE_SCOPE_BEGIN|[162]|PSetName|PermissionSet|true|false
14:02:15.0 (12079589)|VARIABLE_ASSIGNMENT|[162]|PSetName|{"s":1,"v":{"Id":"0PS36000000mmnFGAQ","Label":"00e1a000000MWa8AAG","Name":"X00e1a000000MWa8AAG","NamespacePrefix":"shiva15testns","UserLicenseId":"10036000000eSpzAAE","CreatedDate":"2016-03-08T19:00:02.000Z"}}|0x7c8f1c88
14:02:15.0 (12083538)|STATEMENT_EXECUTE|[162]
14:02:15.0 (12103122)|ENTERING_MANAGED_PKG|
14:02:15.0 (12112766)|STATEMENT_EXECUTE|[163]
14:02:15.0 (12122977)|HEAP_ALLOCATE|[162]|Bytes:5
14:02:15.0 (12143058)|HEAP_ALLOCATE|[162]|Bytes:28
14:02:15.0 (12150672)|VARIABLE_SCOPE_BEGIN|[162]|PSetName|PermissionSet|true|false
14:02:15.0 (12174226)|VARIABLE_ASSIGNMENT|[162]|PSetName|{"s":1,"v":{"Id":"0PS36000000mmnGGAQ","Label":"00ex00000018ozl_128_ (10 more) ...","Name":"X00ex00000018ozl_128 (11 more) ...","NamespacePrefix":"shiva15testns","UserLicenseId":"10036000000eSpyAAE","CreatedDate":"2016-03-08T19:00:02.000Z"}}|0x51b3fe3d
14:02:15.0 (12178182)|STATEMENT_EXECUTE|[162]
14:02:15.0 (12197612)|ENTERING_MANAGED_PKG|
14:02:15.0 (12210835)|STATEMENT_EXECUTE|[163]
14:02:15.0 (12221222)|HEAP_ALLOCATE|[162]|Bytes:5
14:02:15.0 (12241347)|HEAP_ALLOCATE|[162]|Bytes:28
14:02:15.0 (12249052)|VARIABLE_SCOPE_BEGIN|[162]|PSetName|PermissionSet|true|false
14:02:15.0 (12271830)|VARIABLE_ASSIGNMENT|[162]|PSetName|{"s":1,"v":{"Id":"0PS36000000mmnHGAQ","Label":"00ex00000018ozm_128_ (10 more) ...","Name":"X00ex00000018ozm_128 (11 more) ...","NamespacePrefix":"shiva15testns","UserLicenseId":"10036000000eSpyAAE","CreatedDate":"2016-03-08T19:00:02.000Z"}}|0x4ad217f9
14:02:15.0 (12275946)|STATEMENT_EXECUTE|[162]
14:02:15.0 (12295112)|ENTERING_MANAGED_PKG|
14:02:15.0 (12304236)|STATEMENT_EXECUTE|[163]
14:02:15.0 (12314370)|HEAP_ALLOCATE|[162]|Bytes:5
14:02:15.0 (12333752)|HEAP_ALLOCATE|[162]|Bytes:28
14:02:15.0 (12341138)|VARIABLE_SCOPE_BEGIN|[162]|PSetName|PermissionSet|true|false
14:02:15.0 (12363171)|VARIABLE_ASSIGNMENT|[162]|PSetName|{"s":1,"v":{"Id":"0PS36000000mmnIGAQ","Label":"00ex00000018ozk_128_ (10 more) ...","Name":"X00ex00000018ozk_128 (11 more) ...","NamespacePrefix":"shiva15testns","UserLicenseId":"10036000000eSpyAAE","CreatedDate":"2016-03-08T19:00:02.000Z"}}|0x5a0e0d7e
14:02:15.0 (12367857)|STATEMENT_EXECUTE|[162]
14:02:15.0 (12386590)|ENTERING_MANAGED_PKG|
14:02:15.0 (12395763)|STATEMENT_EXECUTE|[163]
14:02:15.0 (12409293)|HEAP_ALLOCATE|[162]|Bytes:5
14:02:15.0 (12429095)|HEAP_ALLOCATE|[162]|Bytes:28
14:02:15.0 (12436621)|VARIABLE_SCOPE_BEGIN|[162]|PSetName|PermissionSet|true|false
14:02:15.0 (12458468)|VARIABLE_ASSIGNMENT|[162]|PSetName|{"s":1,"v":{"Id":"0PS36000000mmnJGAQ","Label":"00ex00000018ozj_128_ (10 more) ...","Name":"X00ex00000018ozj_128 (11 more) ...","NamespacePrefix":"shiva15testns","UserLicenseId":"10036000000eSpyAAE","CreatedDate":"2016-03-08T19:00:02.000Z"}}|0x5e6131eb
14:02:15.0 (12462331)|STATEMENT_EXECUTE|[162]
14:02:15.0 (12481112)|ENTERING_MANAGED_PKG|
14:02:15.0 (12490584)|STATEMENT_EXECUTE|[163]
14:02:15.0 (12500674)|HEAP_ALLOCATE|[162]|Bytes:5
14:02:15.0 (12520077)|HEAP_ALLOCATE|[162]|Bytes:28
14:02:15.0 (12527717)|VARIABLE_SCOPE_BEGIN|[162]|PSetName|PermissionSet|true|false
14:02:15.0 (12549606)|VARIABLE_ASSIGNMENT|[162]|PSetName|{"s":1,"v":{"Id":"0PS36000000mmnKGAQ","Label":"00ex00000018ozo_128_ (10 more) ...","Name":"X00ex00000018ozo_128 (11 more) ...","NamespacePrefix":"shiva15testns","UserLicenseId":"10036000000eSpyAAE","CreatedDate":"2016-03-08T19:00:02.000Z"}}|0x10ed6e0c
14:02:15.0 (12553829)|STATEMENT_EXECUTE|[162]
14:02:15.0 (12572587)|ENTERING_MANAGED_PKG|
14:02:15.0 (12581618)|STATEMENT_EXECUTE|[163]
14:02:15.0 (12591674)|HEAP_ALLOCATE|[162]|Bytes:5
14:02:15.0 (12610889)|HEAP_ALLOCATE|[162]|Bytes:28
14:02:15.0 (12618247)|VARIABLE_SCOPE_BEGIN|[162]|PSetName|PermissionSet|true|false
14:02:15.0 (12642223)|VARIABLE_ASSIGNMENT|[162]|PSetName|{"s":1,"v":{"Id":"0PS36000000mmnLGAQ","Label":"00ex00000018ozh_128_ (10 more) ...","Name":"X00ex00000018ozh_128 (11 more) ...","NamespacePrefix":"shiva15testns","UserLicenseId":"10036000000eSpyAAE","CreatedDate":"2016-03-08T19:00:02.000Z"}}|0x4a5ace37
14:02:15.0 (12648603)|STATEMENT_EXECUTE|[162]
14:02:15.0 (12680431)|ENTERING_MANAGED_PKG|
14:02:15.0 (12696899)|STATEMENT_EXECUTE|[163]
14:02:15.0 (12713084)|HEAP_ALLOCATE|[162]|Bytes:5
14:02:15.0 (12746732)|HEAP_ALLOCATE|[162]|Bytes:28
14:02:15.0 (12760756)|VARIABLE_SCOPE_BEGIN|[162]|PSetName|PermissionSet|true|false
14:02:15.0 (12794585)|VARIABLE_ASSIGNMENT|[162]|PSetName|{"s":1,"v":{"Id":"0PS36000000mmnMGAQ","Label":"00ex00000018ozq_128_ (11 more) ...","Name":"X00ex00000018ozq_128 (12 more) ...","NamespacePrefix":"shiva15testns","UserLicenseId":"10036000000eSpyAAE","CreatedDate":"2016-03-08T19:00:02.000Z"}}|0x60155fff
14:02:15.0 (12801433)|STATEMENT_EXECUTE|[162]
14:02:15.0 (12828957)|ENTERING_MANAGED_PKG|
14:02:15.0 (12843667)|STATEMENT_EXECUTE|[163]
14:02:15.0 (12858793)|HEAP_ALLOCATE|[162]|Bytes:5
14:02:15.0 (12888503)|HEAP_ALLOCATE|[162]|Bytes:28
14:02:15.0 (12901375)|VARIABLE_SCOPE_BEGIN|[162]|PSetName|PermissionSet|true|false
14:02:15.0 (12941495)|VARIABLE_ASSIGNMENT|[162]|PSetName|{"s":1,"v":{"Id":"0PS36000000mmnNGAQ","Label":"00ex00000018ozp_128_ (10 more) ...","Name":"X00ex00000018ozp_128 (11 more) ...","NamespacePrefix":"shiva15testns","UserLicenseId":"10036000000eSpyAAE","CreatedDate":"2016-03-08T19:00:02.000Z"}}|0x37acd47f
14:02:15.0 (12949435)|STATEMENT_EXECUTE|[162]
14:02:15.0 (12977854)|ENTERING_MANAGED_PKG|
14:02:15.0 (12993507)|STATEMENT_EXECUTE|[163]
14:02:15.0 (13010038)|HEAP_ALLOCATE|[162]|Bytes:5
14:02:15.0 (13045978)|HEAP_ALLOCATE|[162]|Bytes:28
14:02:15.0 (13061232)|VARIABLE_SCOPE_BEGIN|[162]|PSetName|PermissionSet|true|false
14:02:15.0 (13085652)|VARIABLE_ASSIGNMENT|[162]|PSetName|{"s":1,"v":{"Id":"0PS36000000mmnOGAQ","Label":"00ex00000018ozn_128_ (10 more) ...","Name":"X00ex00000018ozn_128 (11 more) ...","NamespacePrefix":"shiva15testns","UserLicenseId":"10036000000eSpyAAE","CreatedDate":"2016-03-08T19:00:02.000Z"}}|0x4cca4188
14:02:15.0 (13089848)|STATEMENT_EXECUTE|[162]
14:02:15.0 (13110577)|ENTERING_MANAGED_PKG|
14:02:15.0 (13120166)|STATEMENT_EXECUTE|[163]
14:02:15.0 (13130913)|HEAP_ALLOCATE|[162]|Bytes:5
14:02:15.0 (13151679)|HEAP_ALLOCATE|[162]|Bytes:28
14:02:15.0 (13159417)|VARIABLE_SCOPE_BEGIN|[162]|PSetName|PermissionSet|true|false
14:02:15.0 (13194152)|VARIABLE_ASSIGNMENT|[162]|PSetName|{"s":1,"v":{"Id":"0PS36000000mmnPGAQ","Label":"00e1a000000MWa9AAG","Name":"X00e1a000000MWa9AAG","NamespacePrefix":"shiva15testns","UserLicenseId":"10036000000eSq0AAE","CreatedDate":"2016-03-08T19:00:02.000Z"}}|0x507d0550
14:02:15.0 (13199176)|STATEMENT_EXECUTE|[162]
14:02:15.0 (13219815)|ENTERING_MANAGED_PKG|
14:02:15.0 (13229293)|STATEMENT_EXECUTE|[163]
14:02:15.0 (13239615)|HEAP_ALLOCATE|[162]|Bytes:5
14:02:15.0 (13259520)|HEAP_ALLOCATE|[162]|Bytes:28
14:02:15.0 (13266962)|VARIABLE_SCOPE_BEGIN|[162]|PSetName|PermissionSet|true|false
14:02:15.0 (13288478)|VARIABLE_ASSIGNMENT|[162]|PSetName|{"s":1,"v":{"Id":"0PS36000000mmnQGAQ","Label":"00e1a000000MWaBAAW","Name":"X00e1a000000MWaBAAW","NamespacePrefix":"shiva15testns","UserLicenseId":"10036000000eSq2AAE","CreatedDate":"2016-03-08T19:00:02.000Z"}}|0x1a5d4207
14:02:15.0 (13292614)|STATEMENT_EXECUTE|[162]
14:02:15.0 (13311715)|ENTERING_MANAGED_PKG|
14:02:15.0 (13320838)|STATEMENT_EXECUTE|[163]
14:02:15.0 (13330674)|HEAP_ALLOCATE|[162]|Bytes:5
14:02:15.0 (13349886)|HEAP_ALLOCATE|[162]|Bytes:28
14:02:15.0 (13357299)|VARIABLE_SCOPE_BEGIN|[162]|PSetName|PermissionSet|true|false
14:02:15.0 (13378450)|VARIABLE_ASSIGNMENT|[162]|PSetName|{"s":1,"v":{"Id":"0PS36000000mmnRGAQ","Label":"00e1a000000MWaCAAW","Name":"X00e1a000000MWaCAAW","NamespacePrefix":"shiva15testns","UserLicenseId":"10036000000eSq3AAE","CreatedDate":"2016-03-08T19:00:02.000Z"}}|0x4b03721f
14:02:15.0 (13382317)|STATEMENT_EXECUTE|[162]
14:02:15.0 (13401180)|ENTERING_MANAGED_PKG|
14:02:15.0 (13410137)|STATEMENT_EXECUTE|[163]
14:02:15.0 (13419924)|HEAP_ALLOCATE|[162]|Bytes:5
14:02:15.0 (13439311)|HEAP_ALLOCATE|[162]|Bytes:28
14:02:15.0 (13446642)|VARIABLE_SCOPE_BEGIN|[162]|PSetName|PermissionSet|true|false
14:02:15.0 (13467091)|VARIABLE_ASSIGNMENT|[162]|PSetName|{"s":1,"v":{"Id":"0PS36000000mmnSGAQ","Label":"00e1a000000MWaDAAW","Name":"X00e1a000000MWaDAAW","NamespacePrefix":"shiva15testns","UserLicenseId":"10036000000eSq4AAE","CreatedDate":"2016-03-08T19:00:02.000Z"}}|0x555bacf6
14:02:15.0 (13471080)|STATEMENT_EXECUTE|[162]
14:02:15.0 (13489805)|ENTERING_MANAGED_PKG|
14:02:15.0 (13498844)|STATEMENT_EXECUTE|[163]
14:02:15.0 (13508622)|HEAP_ALLOCATE|[162]|Bytes:5
14:02:15.0 (13527726)|HEAP_ALLOCATE|[162]|Bytes:28
14:02:15.0 (13535105)|VARIABLE_SCOPE_BEGIN|[162]|PSetName|PermissionSet|true|false
14:02:15.0 (13555506)|VARIABLE_ASSIGNMENT|[162]|PSetName|{"s":1,"v":{"Id":"0PS36000000mmnTGAQ","Label":"00e1a000000MWaEAAW","Name":"X00e1a000000MWaEAAW","NamespacePrefix":"shiva15testns","UserLicenseId":"10036000000eSq5AAE","CreatedDate":"2016-03-08T19:00:02.000Z"}}|0x6db47488
14:02:15.0 (13559190)|STATEMENT_EXECUTE|[162]
14:02:15.0 (13578029)|ENTERING_MANAGED_PKG|
14:02:15.0 (13587061)|STATEMENT_EXECUTE|[163]
14:02:15.0 (13596774)|HEAP_ALLOCATE|[162]|Bytes:5
14:02:15.0 (13615684)|HEAP_ALLOCATE|[162]|Bytes:28
14:02:15.0 (13623296)|VARIABLE_SCOPE_BEGIN|[162]|PSetName|PermissionSet|true|false
14:02:15.0 (13643807)|VARIABLE_ASSIGNMENT|[162]|PSetName|{"s":1,"v":{"Id":"0PS36000000mmnUGAQ","Label":"00e1a000000MWaFAAW","Name":"X00e1a000000MWaFAAW","NamespacePrefix":"shiva15testns","UserLicenseId":"10036000000eSq6AAE","CreatedDate":"2016-03-08T19:00:02.000Z"}}|0x1d895e43
14:02:15.0 (13647488)|STATEMENT_EXECUTE|[162]
14:02:15.0 (13666207)|ENTERING_MANAGED_PKG|
14:02:15.0 (13675094)|STATEMENT_EXECUTE|[163]
14:02:15.0 (13684971)|HEAP_ALLOCATE|[162]|Bytes:5
14:02:15.0 (13703896)|HEAP_ALLOCATE|[162]|Bytes:28
14:02:15.0 (13713142)|VARIABLE_SCOPE_BEGIN|[162]|PSetName|PermissionSet|true|false
14:02:15.0 (13735465)|VARIABLE_ASSIGNMENT|[162]|PSetName|{"s":1,"v":{"Id":"0PS36000000mmnVGAQ","Label":"00e1a000000MWaGAAW","Name":"X00e1a000000MWaGAAW","NamespacePrefix":"shiva15testns","UserLicenseId":"10036000000eSq7AAE","CreatedDate":"2016-03-08T19:00:02.000Z"}}|0x4dca5467
14:02:15.0 (13739358)|STATEMENT_EXECUTE|[162]
14:02:15.0 (13758900)|ENTERING_MANAGED_PKG|
14:02:15.0 (13767853)|STATEMENT_EXECUTE|[163]
14:02:15.0 (13777817)|HEAP_ALLOCATE|[162]|Bytes:5
14:02:15.0 (13796908)|HEAP_ALLOCATE|[162]|Bytes:28
14:02:15.0 (13804295)|VARIABLE_SCOPE_BEGIN|[162]|PSetName|PermissionSet|true|false
14:02:15.0 (13848747)|VARIABLE_ASSIGNMENT|[162]|PSetName|{"s":1,"v":{"Id":"0PS36000000mmnWGAQ","Label":"00e1a000000MWaHAAW","Name":"X00e1a000000MWaHAAW","NamespacePrefix":"shiva15testns","UserLicenseId":"10036000000eSq8AAE","CreatedDate":"2016-03-08T19:00:02.000Z"}}|0x457e7d34
14:02:15.0 (13856209)|STATEMENT_EXECUTE|[162]
14:02:15.0 (13885171)|ENTERING_MANAGED_PKG|
14:02:15.0 (13902712)|STATEMENT_EXECUTE|[163]
14:02:15.0 (13925405)|HEAP_ALLOCATE|[162]|Bytes:5
14:02:15.0 (13950113)|HEAP_ALLOCATE|[162]|Bytes:28
14:02:15.0 (13958394)|VARIABLE_SCOPE_BEGIN|[162]|PSetName|PermissionSet|true|false
14:02:15.0 (13980525)|VARIABLE_ASSIGNMENT|[162]|PSetName|{"s":1,"v":{"Id":"0PS36000000mmnXGAQ","Label":"00e1a000000MWaIAAW","Name":"X00e1a000000MWaIAAW","NamespacePrefix":"shiva15testns","UserLicenseId":"10036000000eSq9AAE","CreatedDate":"2016-03-08T19:00:02.000Z"}}|0xb204127
14:02:15.0 (13984814)|STATEMENT_EXECUTE|[162]
14:02:15.0 (14004598)|ENTERING_MANAGED_PKG|
14:02:15.0 (14014709)|STATEMENT_EXECUTE|[163]
14:02:15.0 (14024895)|HEAP_ALLOCATE|[162]|Bytes:5
14:02:15.0 (14044630)|HEAP_ALLOCATE|[162]|Bytes:28
14:02:15.0 (14052182)|VARIABLE_SCOPE_BEGIN|[162]|PSetName|PermissionSet|true|false
14:02:15.0 (14072925)|VARIABLE_ASSIGNMENT|[162]|PSetName|{"s":1,"v":{"Id":"0PS36000000mmnYGAQ","Label":"00e1a000000MWaJAAW","Name":"X00e1a000000MWaJAAW","NamespacePrefix":"shiva15testns","UserLicenseId":"10036000000eSqAAAU","CreatedDate":"2016-03-08T19:00:02.000Z"}}|0x5c8c6d46
14:02:15.0 (14076649)|STATEMENT_EXECUTE|[162]
14:02:15.0 (14095688)|ENTERING_MANAGED_PKG|
14:02:15.0 (14104537)|STATEMENT_EXECUTE|[163]
14:02:15.0 (14114447)|HEAP_ALLOCATE|[162]|Bytes:5
14:02:15.0 (14133562)|HEAP_ALLOCATE|[162]|Bytes:28
14:02:15.0 (14140870)|VARIABLE_SCOPE_BEGIN|[162]|PSetName|PermissionSet|true|false
14:02:15.0 (14161911)|VARIABLE_ASSIGNMENT|[162]|PSetName|{"s":1,"v":{"Id":"0PS36000000mmnZGAQ","Label":"00e1a000000MWaKAAW","Name":"X00e1a000000MWaKAAW","NamespacePrefix":"shiva15testns","UserLicenseId":"10036000000eSqBAAU","CreatedDate":"2016-03-08T19:00:02.000Z"}}|0x43fa63dc
14:02:15.0 (14165706)|STATEMENT_EXECUTE|[162]
14:02:15.0 (14184532)|ENTERING_MANAGED_PKG|
14:02:15.0 (14193685)|STATEMENT_EXECUTE|[163]
14:02:15.0 (14203427)|HEAP_ALLOCATE|[162]|Bytes:5
14:02:15.0 (14222729)|HEAP_ALLOCATE|[162]|Bytes:28
14:02:15.0 (14230066)|VARIABLE_SCOPE_BEGIN|[162]|PSetName|PermissionSet|true|false
14:02:15.0 (14250523)|VARIABLE_ASSIGNMENT|[162]|PSetName|{"s":1,"v":{"Id":"0PS36000000mmnaGAA","Label":"00e1a000000MWaLAAW","Name":"X00e1a000000MWaLAAW","NamespacePrefix":"shiva15testns","UserLicenseId":"10036000000eSqCAAU","CreatedDate":"2016-03-08T19:00:02.000Z"}}|0x755b214a
14:02:15.0 (14254399)|STATEMENT_EXECUTE|[162]
14:02:15.0 (14273302)|ENTERING_MANAGED_PKG|
14:02:15.0 (14282374)|STATEMENT_EXECUTE|[163]
14:02:15.0 (14292411)|HEAP_ALLOCATE|[162]|Bytes:5
14:02:15.0 (14311635)|HEAP_ALLOCATE|[162]|Bytes:28
14:02:15.0 (14319106)|VARIABLE_SCOPE_BEGIN|[162]|PSetName|PermissionSet|true|false
14:02:15.0 (14339933)|VARIABLE_ASSIGNMENT|[162]|PSetName|{"s":1,"v":{"Id":"0PS36000000mmnbGAA","Label":"00e1a000000MWaMAAW","Name":"X00e1a000000MWaMAAW","NamespacePrefix":"shiva15testns","UserLicenseId":"10036000000eSqDAAU","CreatedDate":"2016-03-08T19:00:02.000Z"}}|0x7cfb7fbf
14:02:15.0 (14343705)|STATEMENT_EXECUTE|[162]
14:02:15.0 (14362441)|ENTERING_MANAGED_PKG|
14:02:15.0 (14371440)|STATEMENT_EXECUTE|[163]
14:02:15.0 (14381207)|HEAP_ALLOCATE|[162]|Bytes:5
14:02:15.0 (14400373)|HEAP_ALLOCATE|[162]|Bytes:28
14:02:15.0 (14407884)|VARIABLE_SCOPE_BEGIN|[162]|PSetName|PermissionSet|true|false
14:02:15.0 (14428515)|VARIABLE_ASSIGNMENT|[162]|PSetName|{"s":1,"v":{"Id":"0PS36000000mmncGAA","Label":"00e1a000000MWaNAAW","Name":"X00e1a000000MWaNAAW","NamespacePrefix":"shiva15testns","UserLicenseId":"10036000000eSqEAAU","CreatedDate":"2016-03-08T19:00:02.000Z"}}|0x4322db3b
14:02:15.0 (14432564)|STATEMENT_EXECUTE|[162]
14:02:15.0 (14451317)|ENTERING_MANAGED_PKG|
14:02:15.0 (14460292)|STATEMENT_EXECUTE|[163]
14:02:15.0 (14470202)|HEAP_ALLOCATE|[162]|Bytes:5
14:02:15.0 (14489203)|HEAP_ALLOCATE|[162]|Bytes:28
14:02:15.0 (14496579)|VARIABLE_SCOPE_BEGIN|[162]|PSetName|PermissionSet|true|false
14:02:15.0 (14517293)|VARIABLE_ASSIGNMENT|[162]|PSetName|{"s":1,"v":{"Id":"0PS36000000mmndGAA","Label":"00e1a000000MWaOAAW","Name":"X00e1a000000MWaOAAW","NamespacePrefix":"shiva15testns","UserLicenseId":"10036000000eSqFAAU","CreatedDate":"2016-03-08T19:00:02.000Z"}}|0x5356a400
14:02:15.0 (14520981)|STATEMENT_EXECUTE|[162]
14:02:15.0 (14539885)|ENTERING_MANAGED_PKG|
14:02:15.0 (14548876)|STATEMENT_EXECUTE|[163]
14:02:15.0 (14558799)|HEAP_ALLOCATE|[162]|Bytes:5
14:02:15.0 (14578118)|HEAP_ALLOCATE|[162]|Bytes:28
14:02:15.0 (14585512)|VARIABLE_SCOPE_BEGIN|[162]|PSetName|PermissionSet|true|false
14:02:15.0 (14609334)|VARIABLE_ASSIGNMENT|[162]|PSetName|{"s":1,"v":{"Id":"0PS36000000mmneGAA","Label":"00e1a000000MWaPAAW","Name":"X00e1a000000MWaPAAW","NamespacePrefix":"shiva15testns","UserLicenseId":"10036000000eSqGAAU","CreatedDate":"2016-03-08T19:00:02.000Z"}}|0x7fab8e51
14:02:15.0 (14613674)|STATEMENT_EXECUTE|[162]
14:02:15.0 (14632918)|ENTERING_MANAGED_PKG|
14:02:15.0 (14661574)|STATEMENT_EXECUTE|[163]
14:02:15.0 (14678884)|HEAP_ALLOCATE|[162]|Bytes:5
14:02:15.0 (14711928)|HEAP_ALLOCATE|[162]|Bytes:28
14:02:15.0 (14722050)|VARIABLE_SCOPE_BEGIN|[162]|PSetName|PermissionSet|true|false
14:02:15.0 (14744355)|VARIABLE_ASSIGNMENT|[162]|PSetName|{"s":1,"v":{"Id":"0PS36000000mmnfGAA","Label":"00e1a000000MWaQAAW","Name":"X00e1a000000MWaQAAW","NamespacePrefix":"shiva15testns","UserLicenseId":"10036000000eSqHAAU","CreatedDate":"2016-03-08T19:00:02.000Z"}}|0x588a109c
14:02:15.0 (14748517)|STATEMENT_EXECUTE|[162]
14:02:15.0 (14768651)|ENTERING_MANAGED_PKG|
14:02:15.0 (14777983)|STATEMENT_EXECUTE|[163]
14:02:15.0 (14788094)|HEAP_ALLOCATE|[162]|Bytes:5
14:02:15.0 (14807766)|HEAP_ALLOCATE|[162]|Bytes:28
14:02:15.0 (14815497)|VARIABLE_SCOPE_BEGIN|[162]|PSetName|PermissionSet|true|false
14:02:15.0 (14836166)|VARIABLE_ASSIGNMENT|[162]|PSetName|{"s":1,"v":{"Id":"0PS36000000mmngGAA","Label":"00e1a000000MWaRAAW","Name":"X00e1a000000MWaRAAW","NamespacePrefix":"shiva15testns","UserLicenseId":"10036000000eSqIAAU","CreatedDate":"2016-03-08T19:00:02.000Z"}}|0xda4f3b5
14:02:15.0 (14839925)|STATEMENT_EXECUTE|[162]
14:02:15.0 (14872948)|ENTERING_MANAGED_PKG|
14:02:15.0 (14882973)|STATEMENT_EXECUTE|[163]
14:02:15.0 (14893418)|HEAP_ALLOCATE|[162]|Bytes:5
14:02:15.0 (14946263)|HEAP_ALLOCATE|[162]|Bytes:28
14:02:15.0 (14959470)|VARIABLE_SCOPE_BEGIN|[162]|PSetName|PermissionSet|true|false
14:02:15.0 (14982220)|VARIABLE_ASSIGNMENT|[162]|PSetName|{"s":1,"v":{"Id":"0PS36000000mmnhGAA","Label":"00e1a000000MWaSAAW","Name":"X00e1a000000MWaSAAW","NamespacePrefix":"shiva15testns","UserLicenseId":"10036000000eSqJAAU","CreatedDate":"2016-03-08T19:00:02.000Z"}}|0x6b3420a5
14:02:15.0 (14986213)|STATEMENT_EXECUTE|[162]
14:02:15.0 (15006767)|ENTERING_MANAGED_PKG|
14:02:15.0 (15017354)|STATEMENT_EXECUTE|[163]
14:02:15.0 (15027749)|HEAP_ALLOCATE|[162]|Bytes:5
14:02:15.0 (15047549)|HEAP_ALLOCATE|[162]|Bytes:28
14:02:15.0 (15067185)|VARIABLE_SCOPE_BEGIN|[162]|PSetName|PermissionSet|true|false
14:02:15.0 (15089449)|VARIABLE_ASSIGNMENT|[162]|PSetName|{"s":1,"v":{"Id":"0PS36000000mmniGAA","Label":"00e1a000000MWaTAAW","Name":"X00e1a000000MWaTAAW","NamespacePrefix":"shiva15testns","UserLicenseId":"10036000000eSqJAAU","CreatedDate":"2016-03-08T19:00:02.000Z"}}|0x484ee294
14:02:15.0 (15093475)|STATEMENT_EXECUTE|[162]
14:02:15.0 (15113106)|ENTERING_MANAGED_PKG|
14:02:15.0 (15122311)|STATEMENT_EXECUTE|[163]
14:02:15.0 (15132585)|HEAP_ALLOCATE|[162]|Bytes:5
14:02:15.0 (15152524)|HEAP_ALLOCATE|[162]|Bytes:28
14:02:15.0 (15159981)|VARIABLE_SCOPE_BEGIN|[162]|PSetName|PermissionSet|true|false
14:02:15.0 (15181057)|VARIABLE_ASSIGNMENT|[162]|PSetName|{"s":1,"v":{"Id":"0PS36000000mmnjGAA","Label":"00e1a000000MWaUAAW","Name":"X00e1a000000MWaUAAW","NamespacePrefix":"shiva15testns","UserLicenseId":"10036000000eSqKAAU","CreatedDate":"2016-03-08T19:00:02.000Z"}}|0x40c815f1
14:02:15.0 (15185119)|STATEMENT_EXECUTE|[162]
14:02:15.0 (15203821)|ENTERING_MANAGED_PKG|
14:02:15.0 (15212847)|STATEMENT_EXECUTE|[163]
14:02:15.0 (15222710)|HEAP_ALLOCATE|[162]|Bytes:5
14:02:15.0 (15242016)|HEAP_ALLOCATE|[162]|Bytes:28
14:02:15.0 (15260367)|VARIABLE_SCOPE_BEGIN|[162]|PSetName|PermissionSet|true|false
14:02:15.0 (15294706)|VARIABLE_ASSIGNMENT|[162]|PSetName|{"s":1,"v":{"Id":"0PS36000000mmnlGAA","Label":"00e1a000000N1LRAA0","Name":"X00e1a000000N1LRAA0","NamespacePrefix":"shiva15testns","UserLicenseId":"10036000000eSqLAAU","CreatedDate":"2016-03-08T19:00:02.000Z"}}|0x6adb6f06
14:02:15.0 (15300584)|STATEMENT_EXECUTE|[162]
14:02:15.0 (15321947)|ENTERING_MANAGED_PKG|
14:02:15.0 (15331397)|STATEMENT_EXECUTE|[163]
14:02:15.0 (15341811)|HEAP_ALLOCATE|[162]|Bytes:5
14:02:15.0 (15361998)|HEAP_ALLOCATE|[162]|Bytes:28
14:02:15.0 (15369589)|VARIABLE_SCOPE_BEGIN|[162]|PSetName|PermissionSet|true|false
14:02:15.0 (15391482)|VARIABLE_ASSIGNMENT|[162]|PSetName|{"s":1,"v":{"Id":"0PS36000000mmnmGAA","Label":"00e1a000000N1LSAA0","Name":"X00e1a000000N1LSAA0","NamespacePrefix":"shiva15testns","UserLicenseId":"10036000000eSqMAAU","CreatedDate":"2016-03-08T19:00:02.000Z"}}|0x20a04bf0
14:02:15.0 (15395465)|STATEMENT_EXECUTE|[162]
14:02:15.0 (15414397)|ENTERING_MANAGED_PKG|
14:02:15.0 (15423387)|STATEMENT_EXECUTE|[163]
14:02:15.0 (15433309)|HEAP_ALLOCATE|[162]|Bytes:5
14:02:15.0 (15452634)|HEAP_ALLOCATE|[162]|Bytes:28
14:02:15.0 (15459986)|VARIABLE_SCOPE_BEGIN|[162]|PSetName|PermissionSet|true|false
14:02:15.0 (15480774)|VARIABLE_ASSIGNMENT|[162]|PSetName|{"s":1,"v":{"Id":"0PS36000000mmnnGAA","Label":"00e1a000000N1wKAAS","Name":"X00e1a000000N1wKAAS","NamespacePrefix":"shiva15testns","UserLicenseId":"10036000000eSqNAAU","CreatedDate":"2016-03-08T19:00:02.000Z"}}|0x1fc54732
14:02:15.0 (15484505)|STATEMENT_EXECUTE|[162]
14:02:15.0 (15503260)|ENTERING_MANAGED_PKG|
14:02:15.0 (15524106)|STATEMENT_EXECUTE|[163]
14:02:15.0 (15535657)|HEAP_ALLOCATE|[162]|Bytes:5
14:02:15.0 (15556150)|HEAP_ALLOCATE|[162]|Bytes:28
14:02:15.0 (15563723)|VARIABLE_SCOPE_BEGIN|[162]|PSetName|PermissionSet|true|false
14:02:15.0 (15585164)|VARIABLE_ASSIGNMENT|[162]|PSetName|{"s":1,"v":{"Id":"0PS36000000mmnoGAA","Label":"00e1a000000N1wLAAS","Name":"X00e1a000000N1wLAAS","NamespacePrefix":"shiva15testns","UserLicenseId":"10036000000eSqNAAU","CreatedDate":"2016-03-08T19:00:02.000Z"}}|0x1f22aea6
14:02:15.0 (15589145)|STATEMENT_EXECUTE|[162]
14:02:15.0 (15608387)|ENTERING_MANAGED_PKG|
14:02:15.0 (15617528)|STATEMENT_EXECUTE|[163]
14:02:15.0 (15630635)|HEAP_ALLOCATE|[162]|Bytes:5
14:02:15.0 (15651159)|HEAP_ALLOCATE|[162]|Bytes:28
14:02:15.0 (15658620)|VARIABLE_SCOPE_BEGIN|[162]|PSetName|PermissionSet|true|false
14:02:15.0 (15685627)|VARIABLE_ASSIGNMENT|[162]|PSetName|{"s":1,"v":{"Id":"0PS36000000mmnqGAA","Label":"00e1a000000MWaAAAW","Name":"X00e1a000000MWaAAAW","NamespacePrefix":"shiva15testns","UserLicenseId":"10036000000eSq1AAE","CreatedDate":"2016-03-08T19:00:02.000Z"}}|0x2eb0511b
14:02:15.0 (15690445)|STATEMENT_EXECUTE|[162]
14:02:15.0 (15711621)|ENTERING_MANAGED_PKG|
14:02:15.0 (15726134)|STATEMENT_EXECUTE|[163]
14:02:15.0 (15737264)|HEAP_ALLOCATE|[162]|Bytes:5
14:02:15.0 (15757421)|HEAP_ALLOCATE|[162]|Bytes:32
14:02:15.0 (15764985)|VARIABLE_SCOPE_BEGIN|[162]|PSetName|PermissionSet|true|false
14:02:15.0 (15805207)|VARIABLE_ASSIGNMENT|[162]|PSetName|{"s":1,"v":{"Id":"0PS36000000q71PGAQ","Label":"PermissionSet_Test","Name":"PermissionSet_Test","Description":"This is for testing  (11 more) ...","NamespacePrefix":"shiva15testns","UserLicenseId":"10036000000eSpyAAE","CreatedDate":"2016-03-20T22:41:12.000Z"}}|0xced60f6
14:02:15.0 (15810317)|STATEMENT_EXECUTE|[162]
14:02:15.0 (15830944)|ENTERING_MANAGED_PKG|
14:02:15.0 (15840706)|STATEMENT_EXECUTE|[163]
14:02:15.0 (15842357)|STATEMENT_EXECUTE|[166]
14:02:15.0 (15847374)|HEAP_ALLOCATE|[166]|Bytes:32
14:02:15.0 (15863345)|ENTERING_MANAGED_PKG|
14:02:15.0 (15867476)|HEAP_ALLOCATE|[166]|Bytes:18
14:02:15.0 (15889400)|ENTERING_MANAGED_PKG|
14:02:15.0 (15904698)|HEAP_ALLOCATE|[166]|Bytes:19
14:02:15.0 (15945951)|CONSTRUCTOR_ENTRY|[166]|01p36000005Jpvx|<init>(String,String,String,String,String,String,String)
14:02:15.0 (15958058)|VARIABLE_SCOPE_BEGIN|[1000]|this|shiva15testns.PermissionSetPortalControllers.PermissionSetClass|true|false
14:02:15.0 (16163892)|VARIABLE_ASSIGNMENT|[1000]|this|{}|0x5fd1f4fe
14:02:15.0 (16170357)|VARIABLE_SCOPE_BEGIN|[1000]|label|String|false|false
14:02:15.0 (16176660)|VARIABLE_ASSIGNMENT|[1000]|label|"PermissionSet_Test"
14:02:15.0 (16178622)|VARIABLE_SCOPE_BEGIN|[1000]|apiName|String|false|false
14:02:15.0 (16181655)|VARIABLE_ASSIGNMENT|[1000]|apiName|"PermissionSet_Test"
14:02:15.0 (16183522)|VARIABLE_SCOPE_BEGIN|[1000]|id|String|false|false
14:02:15.0 (16186515)|VARIABLE_ASSIGNMENT|[1000]|id|"0PS36000000q71PGAQ"
14:02:15.0 (16188183)|VARIABLE_SCOPE_BEGIN|[1000]|description|String|false|false
14:02:15.0 (16192770)|VARIABLE_ASSIGNMENT|[1000]|description|"This is for testing  (11 more) ..."
14:02:15.0 (16194840)|VARIABLE_SCOPE_BEGIN|[1000]|namespacePrefix|String|false|false
14:02:15.0 (16197890)|VARIABLE_ASSIGNMENT|[1000]|namespacePrefix|"shiva15testns"
14:02:15.0 (16199835)|VARIABLE_SCOPE_BEGIN|[1000]|userLicenseId|String|false|false
14:02:15.0 (16202637)|VARIABLE_ASSIGNMENT|[1000]|userLicenseId|null
14:02:15.0 (16204446)|VARIABLE_SCOPE_BEGIN|[1000]|createdDate|String|false|false
14:02:15.0 (16207502)|VARIABLE_ASSIGNMENT|[1000]|createdDate|"2016-03-20 15:41:12"
14:02:15.0 (16210844)|STATEMENT_EXECUTE|[983]
14:02:15.0 (16212136)|STATEMENT_EXECUTE|[986]
14:02:15.0 (16213730)|STATEMENT_EXECUTE|[988]
14:02:15.0 (16214804)|STATEMENT_EXECUTE|[990]
14:02:15.0 (16215895)|STATEMENT_EXECUTE|[992]
14:02:15.0 (16229600)|STATEMENT_EXECUTE|[994]
14:02:15.0 (16231525)|STATEMENT_EXECUTE|[996]
14:02:15.0 (16233493)|STATEMENT_EXECUTE|[998]
14:02:15.0 (16255058)|STATEMENT_EXECUTE|[1001]
14:02:15.0 (16258576)|STATEMENT_EXECUTE|[1002]
14:02:15.0 (16288778)|VARIABLE_ASSIGNMENT|[EXTERNAL]|this|{}|0x5fd1f4fe
14:02:15.0 (16295398)|VARIABLE_ASSIGNMENT|[EXTERNAL]|value|"PermissionSet_Test"
14:02:15.0 (16303742)|VARIABLE_ASSIGNMENT|[986]|this.label|"PermissionSet_Test"|0x5fd1f4fe
14:02:15.0 (16310937)|STATEMENT_EXECUTE|[1003]
14:02:15.0 (16331201)|VARIABLE_ASSIGNMENT|[EXTERNAL]|this|{"label":"PermissionSet_Test"}|0x5fd1f4fe
14:02:15.0 (16336044)|VARIABLE_ASSIGNMENT|[EXTERNAL]|value|"PermissionSet_Test"
14:02:15.0 (16342500)|VARIABLE_ASSIGNMENT|[988]|this.apiName|"PermissionSet_Test"|0x5fd1f4fe
14:02:15.0 (16348030)|STATEMENT_EXECUTE|[1004]
14:02:15.0 (16367245)|VARIABLE_ASSIGNMENT|[EXTERNAL]|this|{"apiName":"PermissionSet_Test","label":"PermissionSet_Test"}|0x5fd1f4fe
14:02:15.0 (16372108)|VARIABLE_ASSIGNMENT|[EXTERNAL]|value|"0PS36000000q71PGAQ"
14:02:15.0 (16378270)|VARIABLE_ASSIGNMENT|[990]|this.id|"0PS36000000q71PGAQ"|0x5fd1f4fe
14:02:15.0 (16383496)|STATEMENT_EXECUTE|[1005]
14:02:15.0 (16402698)|VARIABLE_ASSIGNMENT|[EXTERNAL]|this|{"apiName":"PermissionSet_Test","id":"0PS36000000q71PGAQ","label":"PermissionSet_Test"}|0x5fd1f4fe
14:02:15.0 (16408902)|VARIABLE_ASSIGNMENT|[EXTERNAL]|value|"This is for testing  (11 more) ..."
14:02:15.0 (16416359)|VARIABLE_ASSIGNMENT|[992]|this.description|"This is for testing  (11 more) ..."|0x5fd1f4fe
14:02:15.0 (16421864)|STATEMENT_EXECUTE|[1006]
14:02:15.0 (16457491)|VARIABLE_ASSIGNMENT|[EXTERNAL]|this|{"apiName":"PermissionSet_Test","description":"This is for testing  (11 more) ...","id":"0PS36000000q71PGAQ","label":"PermissionSet_Test"}|0x5fd1f4fe
14:02:15.0 (16463266)|VARIABLE_ASSIGNMENT|[EXTERNAL]|value|"shiva15testns"
14:02:15.0 (16469930)|VARIABLE_ASSIGNMENT|[994]|this.namespacePrefix|"shiva15testns"|0x5fd1f4fe
14:02:15.0 (16475729)|STATEMENT_EXECUTE|[1007]
14:02:15.0 (16500295)|VARIABLE_ASSIGNMENT|[EXTERNAL]|this|{"apiName":"PermissionSet_Test","description":"This is for testing  (11 more) ...","id":"0PS36000000q71PGAQ","label":"PermissionSet_Test","namespacePrefix":"shiva15testns"}|0x5fd1f4fe
14:02:15.0 (16505955)|VARIABLE_ASSIGNMENT|[EXTERNAL]|value|null
14:02:15.0 (16512315)|VARIABLE_ASSIGNMENT|[996]|this.userLicenseId|null|0x5fd1f4fe
14:02:15.0 (16517824)|STATEMENT_EXECUTE|[1008]
14:02:15.0 (16540142)|VARIABLE_ASSIGNMENT|[EXTERNAL]|this|{"apiName":"PermissionSet_Test","description":"This is for testing  (11 more) ...","id":"0PS36000000q71PGAQ","label":"PermissionSet_Test","namespacePrefix":"shiva15testns"}|0x5fd1f4fe
14:02:15.0 (16545390)|VARIABLE_ASSIGNMENT|[EXTERNAL]|value|"2016-03-20 15:41:12"
14:02:15.0 (16551756)|VARIABLE_ASSIGNMENT|[998]|this.createdDate|"2016-03-20 15:41:12"|0x5fd1f4fe
14:02:15.0 (16570064)|CONSTRUCTOR_EXIT|[166]|01p36000005Jpvx|<init>(String,String,String,String,String,String,String)
14:02:15.0 (16593374)|VARIABLE_ASSIGNMENT|[166]|pSetObj|{"apiName":"PermissionSet_Test","createdDate":"2016-03-20 15:41:12","description":"This is for testing  (11 more) ...","id":"0PS36000000q71PGAQ","label":"PermissionSet_Test","namespacePrefix":"shiva15testns"}|0x5fd1f4fe
14:02:15.0 (16596990)|STATEMENT_EXECUTE|[167]
14:02:15.0 (16608569)|ENTERING_MANAGED_PKG|
14:02:15.0 (16613908)|HEAP_ALLOCATE|[EXTERNAL]|Bytes:4
14:02:15.0 (16619358)|STATEMENT_EXECUTE|[168]
14:02:15.0 (16632654)|ENTERING_MANAGED_PKG|
14:02:15.0 (16679907)|HEAP_ALLOCATE|[168]|Bytes:231
14:02:15.0 (16694810)|HEAP_ALLOCATE|[168]|Bytes:255
14:02:15.0 (16707070)|ENTERING_MANAGED_PKG|
14:02:15.0 (16714154)|USER_DEBUG|[168]|ERROR|The PermissionSet Name: PermissionSet:{Id=0PS36000000q71PGAQ, Label=PermissionSet_Test, Name=PermissionSet_Test, Description=This is for testing Description, NamespacePrefix=shiva15testns, UserLicenseId=10036000000eSpyAAE, CreatedDate=2016-03-20 22:41:12}
14:02:15.0 (16740837)|HEAP_ALLOCATE|[162]|Bytes:5
14:02:15.0 (16778301)|HEAP_ALLOCATE|[162]|Bytes:32
14:02:15.0 (16792062)|VARIABLE_SCOPE_BEGIN|[162]|PSetName|PermissionSet|true|false
14:02:15.0 (16818494)|VARIABLE_ASSIGNMENT|[162]|PSetName|{"s":1,"v":{"Id":"0PS360000015WSaGAM","Label":"Permission_Set_Name","Name":"Permission_Set_Name","Description":"Permission Set Descr (11 more) ...","NamespacePrefix":"shiva15testns","UserLicenseId":"10036000000eSpyAAE","CreatedDate":"2016-04-28T18:12:07.000Z"}}|0x39a45a8e
14:02:15.0 (16822893)|STATEMENT_EXECUTE|[162]
14:02:15.0 (16843921)|ENTERING_MANAGED_PKG|
14:02:15.0 (16853570)|STATEMENT_EXECUTE|[163]
14:02:15.0 (16855500)|STATEMENT_EXECUTE|[166]
14:02:15.0 (16860440)|HEAP_ALLOCATE|[166]|Bytes:32
14:02:15.0 (16875964)|ENTERING_MANAGED_PKG|
14:02:15.0 (16880213)|HEAP_ALLOCATE|[166]|Bytes:18
14:02:15.0 (16901463)|ENTERING_MANAGED_PKG|
14:02:15.0 (16919475)|HEAP_ALLOCATE|[166]|Bytes:19
14:02:15.0 (16942406)|CONSTRUCTOR_ENTRY|[166]|01p36000005Jpvx|<init>(String,String,String,String,String,String,String)
14:02:15.0 (16948823)|VARIABLE_SCOPE_BEGIN|[1000]|this|shiva15testns.PermissionSetPortalControllers.PermissionSetClass|true|false
14:02:15.0 (16969196)|VARIABLE_ASSIGNMENT|[1000]|this|{}|0x30adf75b
14:02:15.0 (16972024)|VARIABLE_SCOPE_BEGIN|[1000]|label|String|false|false
14:02:15.0 (16976988)|VARIABLE_ASSIGNMENT|[1000]|label|"Permission_Set_Name"
14:02:15.0 (16990826)|VARIABLE_SCOPE_BEGIN|[1000]|apiName|String|false|false
14:02:15.0 (16998428)|VARIABLE_ASSIGNMENT|[1000]|apiName|"Permission_Set_Name"
14:02:15.0 (17001716)|VARIABLE_SCOPE_BEGIN|[1000]|id|String|false|false
14:02:15.0 (17008481)|VARIABLE_ASSIGNMENT|[1000]|id|"0PS360000015WSaGAM"
14:02:15.0 (17011545)|VARIABLE_SCOPE_BEGIN|[1000]|description|String|false|false
14:02:15.0 (17018585)|VARIABLE_ASSIGNMENT|[1000]|description|"Permission Set Descr (11 more) ..."
14:02:15.0 (17022520)|VARIABLE_SCOPE_BEGIN|[1000]|namespacePrefix|String|false|false
14:02:15.0 (17027963)|VARIABLE_ASSIGNMENT|[1000]|namespacePrefix|"shiva15testns"
14:02:15.0 (17031285)|VARIABLE_SCOPE_BEGIN|[1000]|userLicenseId|String|false|false
14:02:15.0 (17036044)|VARIABLE_ASSIGNMENT|[1000]|userLicenseId|null
14:02:15.0 (17039245)|VARIABLE_SCOPE_BEGIN|[1000]|createdDate|String|false|false
14:02:15.0 (17044705)|VARIABLE_ASSIGNMENT|[1000]|createdDate|"2016-04-28 11:12:07"
14:02:15.0 (17049859)|STATEMENT_EXECUTE|[983]
14:02:15.0 (17052425)|STATEMENT_EXECUTE|[986]
14:02:15.0 (17053992)|STATEMENT_EXECUTE|[988]
14:02:15.0 (17055073)|STATEMENT_EXECUTE|[990]
14:02:15.0 (17056121)|STATEMENT_EXECUTE|[992]
14:02:15.0 (17057117)|STATEMENT_EXECUTE|[994]
14:02:15.0 (17058099)|STATEMENT_EXECUTE|[996]
14:02:15.0 (17059141)|STATEMENT_EXECUTE|[998]
14:02:15.0 (17072321)|STATEMENT_EXECUTE|[1001]
14:02:15.0 (17073941)|STATEMENT_EXECUTE|[1002]
14:02:15.0 (17096073)|VARIABLE_ASSIGNMENT|[EXTERNAL]|this|{}|0x30adf75b
14:02:15.0 (17101595)|VARIABLE_ASSIGNMENT|[EXTERNAL]|value|"Permission_Set_Name"
14:02:15.0 (17108737)|VARIABLE_ASSIGNMENT|[986]|this.label|"Permission_Set_Name"|0x30adf75b
14:02:15.0 (17114513)|STATEMENT_EXECUTE|[1003]
14:02:15.0 (17133542)|VARIABLE_ASSIGNMENT|[EXTERNAL]|this|{"label":"Permission_Set_Name"}|0x30adf75b
14:02:15.0 (17138199)|VARIABLE_ASSIGNMENT|[EXTERNAL]|value|"Permission_Set_Name"
14:02:15.0 (17144121)|VARIABLE_ASSIGNMENT|[988]|this.apiName|"Permission_Set_Name"|0x30adf75b
14:02:15.0 (17149425)|STATEMENT_EXECUTE|[1004]
14:02:15.0 (17167782)|VARIABLE_ASSIGNMENT|[EXTERNAL]|this|{"apiName":"Permission_Set_Name","label":"Permission_Set_Name"}|0x30adf75b
14:02:15.0 (17172543)|VARIABLE_ASSIGNMENT|[EXTERNAL]|value|"0PS360000015WSaGAM"
14:02:15.0 (17178603)|VARIABLE_ASSIGNMENT|[990]|this.id|"0PS360000015WSaGAM"|0x30adf75b
14:02:15.0 (17183757)|STATEMENT_EXECUTE|[1005]
14:02:15.0 (17202647)|VARIABLE_ASSIGNMENT|[EXTERNAL]|this|{"apiName":"Permission_Set_Name","id":"0PS360000015WSaGAM","label":"Permission_Set_Name"}|0x30adf75b
14:02:15.0 (17208640)|VARIABLE_ASSIGNMENT|[EXTERNAL]|value|"Permission Set Descr (11 more) ..."
14:02:15.0 (17215412)|VARIABLE_ASSIGNMENT|[992]|this.description|"Permission Set Descr (11 more) ..."|0x30adf75b
14:02:15.0 (17220712)|STATEMENT_EXECUTE|[1006]
14:02:15.0 (17240751)|VARIABLE_ASSIGNMENT|[EXTERNAL]|this|{"apiName":"Permission_Set_Name","description":"Permission Set Descr (11 more) ...","id":"0PS360000015WSaGAM","label":"Permission_Set_Name"}|0x30adf75b
14:02:15.0 (17245706)|VARIABLE_ASSIGNMENT|[EXTERNAL]|value|"shiva15testns"
14:02:15.0 (17252023)|VARIABLE_ASSIGNMENT|[994]|this.namespacePrefix|"shiva15testns"|0x30adf75b
14:02:15.0 (17257125)|STATEMENT_EXECUTE|[1007]
14:02:15.0 (17277565)|VARIABLE_ASSIGNMENT|[EXTERNAL]|this|{"apiName":"Permission_Set_Name","description":"Permission Set Descr (11 more) ...","id":"0PS360000015WSaGAM","label":"Permission_Set_Name","namespacePrefix":"shiva15testns"}|0x30adf75b
14:02:15.0 (17282804)|VARIABLE_ASSIGNMENT|[EXTERNAL]|value|null
14:02:15.0 (17288786)|VARIABLE_ASSIGNMENT|[996]|this.userLicenseId|null|0x30adf75b
14:02:15.0 (17293974)|STATEMENT_EXECUTE|[1008]
14:02:15.0 (17315187)|VARIABLE_ASSIGNMENT|[EXTERNAL]|this|{"apiName":"Permission_Set_Name","description":"Permission Set Descr (11 more) ...","id":"0PS360000015WSaGAM","label":"Permission_Set_Name","namespacePrefix":"shiva15testns"}|0x30adf75b
14:02:15.0 (17320151)|VARIABLE_ASSIGNMENT|[EXTERNAL]|value|"2016-04-28 11:12:07"
14:02:15.0 (17326037)|VARIABLE_ASSIGNMENT|[998]|this.createdDate|"2016-04-28 11:12:07"|0x30adf75b
14:02:15.0 (17342974)|CONSTRUCTOR_EXIT|[166]|01p36000005Jpvx|<init>(String,String,String,String,String,String,String)
14:02:15.0 (17365640)|VARIABLE_ASSIGNMENT|[166]|pSetObj|{"apiName":"Permission_Set_Name","createdDate":"2016-04-28 11:12:07","description":"Permission Set Descr (11 more) ...","id":"0PS360000015WSaGAM","label":"Permission_Set_Name","namespacePrefix":"shiva15testns"}|0x30adf75b
14:02:15.0 (17369265)|STATEMENT_EXECUTE|[167]
14:02:15.0 (17380290)|ENTERING_MANAGED_PKG|
14:02:15.0 (17385328)|HEAP_ALLOCATE|[EXTERNAL]|Bytes:4
14:02:15.0 (17391120)|STATEMENT_EXECUTE|[168]
14:02:15.0 (17404211)|ENTERING_MANAGED_PKG|
14:02:15.0 (17448235)|HEAP_ALLOCATE|[168]|Bytes:233
14:02:15.0 (17462650)|HEAP_ALLOCATE|[168]|Bytes:257
14:02:15.0 (17474338)|ENTERING_MANAGED_PKG|
14:02:15.0 (17481186)|USER_DEBUG|[168]|ERROR|The PermissionSet Name: PermissionSet:{Id=0PS360000015WSaGAM, Label=Permission_Set_Name, Name=Permission_Set_Name, Description=Permission Set Description Test, NamespacePrefix=shiva15testns, UserLicenseId=10036000000eSpyAAE, CreatedDate=2016-04-28 18:12:07}
14:02:15.0 (17495488)|HEAP_ALLOCATE|[162]|Bytes:5
14:02:15.0 (17516996)|HEAP_ALLOCATE|[162]|Bytes:32
14:02:15.0 (17525403)|VARIABLE_SCOPE_BEGIN|[162]|PSetName|PermissionSet|true|false
14:02:15.0 (17551233)|VARIABLE_ASSIGNMENT|[162]|PSetName|{"s":1,"v":{"Id":"0PS360000015XZ9GAM","Label":"Permissions_Set_Test (5 more) ...","Name":"Permissions_Set_Test (5 more) ...","Description":"Per Descp","NamespacePrefix":"shiva15testns","UserLicenseId":"10036000000eSpyAAE","CreatedDate":"2016-04-28T18:47:15.000Z"}}|0x33f99482
14:02:15.0 (17555919)|STATEMENT_EXECUTE|[162]
14:02:15.0 (17576379)|ENTERING_MANAGED_PKG|
14:02:15.0 (17585781)|STATEMENT_EXECUTE|[163]
14:02:15.0 (17587396)|STATEMENT_EXECUTE|[166]
14:02:15.0 (17592190)|HEAP_ALLOCATE|[166]|Bytes:32
14:02:15.0 (17607660)|ENTERING_MANAGED_PKG|
14:02:15.0 (17611658)|HEAP_ALLOCATE|[166]|Bytes:18
14:02:15.0 (17632886)|ENTERING_MANAGED_PKG|
14:02:15.0 (17646170)|HEAP_ALLOCATE|[166]|Bytes:19
14:02:15.0 (17667462)|CONSTRUCTOR_ENTRY|[166]|01p36000005Jpvx|<init>(String,String,String,String,String,String,String)
14:02:15.0 (17673578)|VARIABLE_SCOPE_BEGIN|[1000]|this|shiva15testns.PermissionSetPortalControllers.PermissionSetClass|true|false
14:02:15.0 (17693718)|VARIABLE_ASSIGNMENT|[1000]|this|{}|0x74250a08
14:02:15.0 (17696604)|VARIABLE_SCOPE_BEGIN|[1000]|label|String|false|false
14:02:15.0 (17702481)|VARIABLE_ASSIGNMENT|[1000]|label|"Permissions_Set_Test (5 more) ..."
14:02:15.0 (17704501)|VARIABLE_SCOPE_BEGIN|[1000]|apiName|String|false|false
14:02:15.0 (17707924)|VARIABLE_ASSIGNMENT|[1000]|apiName|"Permissions_Set_Test (5 more) ..."
14:02:15.0 (17709819)|VARIABLE_SCOPE_BEGIN|[1000]|id|String|false|false
14:02:15.0 (17713097)|VARIABLE_ASSIGNMENT|[1000]|id|"0PS360000015XZ9GAM"
14:02:15.0 (17714781)|VARIABLE_SCOPE_BEGIN|[1000]|description|String|false|false
14:02:15.0 (17717587)|VARIABLE_ASSIGNMENT|[1000]|description|"Per Descp"
14:02:15.0 (17719318)|VARIABLE_SCOPE_BEGIN|[1000]|namespacePrefix|String|false|false
14:02:15.0 (17721970)|VARIABLE_ASSIGNMENT|[1000]|namespacePrefix|"shiva15testns"
14:02:15.0 (17723760)|VARIABLE_SCOPE_BEGIN|[1000]|userLicenseId|String|false|false
14:02:15.0 (17726446)|VARIABLE_ASSIGNMENT|[1000]|userLicenseId|null
14:02:15.0 (17728170)|VARIABLE_SCOPE_BEGIN|[1000]|createdDate|String|false|false
14:02:15.0 (17731022)|VARIABLE_ASSIGNMENT|[1000]|createdDate|"2016-04-28 11:47:15"
14:02:15.0 (17733857)|STATEMENT_EXECUTE|[983]
14:02:15.0 (17735065)|STATEMENT_EXECUTE|[986]
14:02:15.0 (17736505)|STATEMENT_EXECUTE|[988]
14:02:15.0 (17737542)|STATEMENT_EXECUTE|[990]
14:02:15.0 (17738600)|STATEMENT_EXECUTE|[992]
14:02:15.0 (17739572)|STATEMENT_EXECUTE|[994]
14:02:15.0 (17740970)|STATEMENT_EXECUTE|[996]
14:02:15.0 (17741954)|STATEMENT_EXECUTE|[998]
14:02:15.0 (17752642)|STATEMENT_EXECUTE|[1001]
14:02:15.0 (17754284)|STATEMENT_EXECUTE|[1002]
14:02:15.0 (17773203)|VARIABLE_ASSIGNMENT|[EXTERNAL]|this|{}|0x74250a08
14:02:15.0 (17778987)|VARIABLE_ASSIGNMENT|[EXTERNAL]|value|"Permissions_Set_Test (5 more) ..."
14:02:15.0 (17786702)|VARIABLE_ASSIGNMENT|[986]|this.label|"Permissions_Set_Test (5 more) ..."|0x74250a08
14:02:15.0 (17792446)|STATEMENT_EXECUTE|[1003]
14:02:15.0 (17812091)|VARIABLE_ASSIGNMENT|[EXTERNAL]|this|{"label":"Permissions_Set_Test (5 more) ..."}|0x74250a08
14:02:15.0 (17817332)|VARIABLE_ASSIGNMENT|[EXTERNAL]|value|"Permissions_Set_Test (5 more) ..."
14:02:15.0 (17824083)|VARIABLE_ASSIGNMENT|[988]|this.apiName|"Permissions_Set_Test (5 more) ..."|0x74250a08
14:02:15.0 (17829406)|STATEMENT_EXECUTE|[1004]
14:02:15.0 (17849143)|VARIABLE_ASSIGNMENT|[EXTERNAL]|this|{"apiName":"Permissions_Set_Test (5 more) ...","label":"Permissions_Set_Test (5 more) ..."}|0x74250a08
14:02:15.0 (17854370)|VARIABLE_ASSIGNMENT|[EXTERNAL]|value|"0PS360000015XZ9GAM"
14:02:15.0 (17860630)|VARIABLE_ASSIGNMENT|[990]|this.id|"0PS360000015XZ9GAM"|0x74250a08
14:02:15.0 (17865884)|STATEMENT_EXECUTE|[1005]
14:02:15.0 (17886002)|VARIABLE_ASSIGNMENT|[EXTERNAL]|this|{"apiName":"Permissions_Set_Test (5 more) ...","id":"0PS360000015XZ9GAM","label":"Permissions_Set_Test (5 more) ..."}|0x74250a08
14:02:15.0 (17890966)|VARIABLE_ASSIGNMENT|[EXTERNAL]|value|"Per Descp"
14:02:15.0 (17897045)|VARIABLE_ASSIGNMENT|[992]|this.description|"Per Descp"|0x74250a08
14:02:15.0 (17902130)|STATEMENT_EXECUTE|[1006]
14:02:15.0 (17927320)|VARIABLE_ASSIGNMENT|[EXTERNAL]|this|{"apiName":"Permissions_Set_Test (5 more) ...","description":"Per Descp","id":"0PS360000015XZ9GAM","label":"Permissions_Set_Test (5 more) ..."}|0x74250a08
14:02:15.0 (17932726)|VARIABLE_ASSIGNMENT|[EXTERNAL]|value|"shiva15testns"
14:02:15.0 (17939365)|VARIABLE_ASSIGNMENT|[994]|this.namespacePrefix|"shiva15testns"|0x74250a08
14:02:15.0 (17945071)|STATEMENT_EXECUTE|[1007]
14:02:15.0 (17966496)|VARIABLE_ASSIGNMENT|[EXTERNAL]|this|{"apiName":"Permissions_Set_Test (5 more) ...","description":"Per Descp","id":"0PS360000015XZ9GAM","label":"Permissions_Set_Test (5 more) ...","namespacePrefix":"shiva15testns"}|0x74250a08
14:02:15.0 (17971562)|VARIABLE_ASSIGNMENT|[EXTERNAL]|value|null
14:02:15.0 (17977495)|VARIABLE_ASSIGNMENT|[996]|this.userLicenseId|null|0x74250a08
14:02:15.0 (17982648)|STATEMENT_EXECUTE|[1008]
14:02:15.0 (18003466)|VARIABLE_ASSIGNMENT|[EXTERNAL]|this|{"apiName":"Permissions_Set_Test (5 more) ...","description":"Per Descp","id":"0PS360000015XZ9GAM","label":"Permissions_Set_Test (5 more) ...","namespacePrefix":"shiva15testns"}|0x74250a08
14:02:15.0 (18009454)|VARIABLE_ASSIGNMENT|[EXTERNAL]|value|"2016-04-28 11:47:15"
14:02:15.0 (18015574)|VARIABLE_ASSIGNMENT|[998]|this.createdDate|"2016-04-28 11:47:15"|0x74250a08
14:02:15.0 (18031914)|CONSTRUCTOR_EXIT|[166]|01p36000005Jpvx|<init>(String,String,String,String,String,String,String)
14:02:15.0 (18054432)|VARIABLE_ASSIGNMENT|[166]|pSetObj|{"apiName":"Permissions_Set_Test (5 more) ...","createdDate":"2016-04-28 11:47:15","description":"Per Descp","id":"0PS360000015XZ9GAM","label":"Permissions_Set_Test (5 more) ...","namespacePrefix":"shiva15testns"}|0x74250a08
14:02:15.0 (18058381)|STATEMENT_EXECUTE|[167]
14:02:15.0 (18069103)|ENTERING_MANAGED_PKG|
14:02:15.0 (18074002)|HEAP_ALLOCATE|[EXTERNAL]|Bytes:4
14:02:15.0 (18079563)|STATEMENT_EXECUTE|[168]
14:02:15.0 (18091952)|ENTERING_MANAGED_PKG|
14:02:15.0 (18135005)|HEAP_ALLOCATE|[168]|Bytes:223
14:02:15.0 (18148994)|HEAP_ALLOCATE|[168]|Bytes:247
14:02:15.0 (18160373)|ENTERING_MANAGED_PKG|
14:02:15.0 (18167104)|USER_DEBUG|[168]|ERROR|The PermissionSet Name: PermissionSet:{Id=0PS360000015XZ9GAM, Label=Permissions_Set_Test_Name, Name=Permissions_Set_Test_Name, Description=Per Descp, NamespacePrefix=shiva15testns, UserLicenseId=10036000000eSpyAAE, CreatedDate=2016-04-28 18:47:15}
14:02:15.0 (18181239)|HEAP_ALLOCATE|[162]|Bytes:5
14:02:15.0 (18193264)|VARIABLE_ASSIGNMENT|[162]|PSetName|null|
14:02:15.0 (18196667)|STATEMENT_EXECUTE|[171]
14:02:15.0 (18207029)|SYSTEM_MODE_EXIT|false
14:02:15.18 (18254213)|CUMULATIVE_LIMIT_USAGE
14:02:15.18 (18254213)|LIMIT_USAGE_FOR_NS|(default)|
  Number of SOQL queries: 0 out of 100
  Number of query rows: 0 out of 50000
  Number of SOSL queries: 0 out of 20
  Number of DML statements: 0 out of 150
  Number of DML rows: 0 out of 10000
  Maximum CPU time: 0 out of 10000
  Maximum heap size: 0 out of 6000000
  Number of callouts: 0 out of 100
  Number of Email Invocations: 0 out of 10
  Number of future calls: 0 out of 50
  Number of queueable jobs added to the queue: 0 out of 50
  Number of Mobile Apex push calls: 0 out of 10

14:02:15.18 (18254213)|LIMIT_USAGE_FOR_NS|shiva15testns|
  Number of SOQL queries: 1 out of 100
  Number of query rows: 43 out of 50000
  Number of SOSL queries: 0 out of 20
  Number of DML statements: 0 out of 150
  Number of DML rows: 0 out of 10000
  Maximum CPU time: 0 out of 10000
  Maximum heap size: 0 out of 6000000
  Number of callouts: 0 out of 100
  Number of Email Invocations: 0 out of 10
  Number of future calls: 0 out of 50
  Number of queueable jobs added to the queue: 0 out of 50
  Number of Mobile Apex push calls: 0 out of 10

14:02:15.18 (18254213)|CUMULATIVE_LIMIT_USAGE_END

14:02:15.0 (18300063)|CODE_UNIT_FINISHED|PermissionSetPortalControllers.getAllPermissionSets
14:02:15.0 (21602352)|EXECUTION_FINISHED
14:02:15.26 (26725736)|EXECUTION_STARTED
14:02:15.26 (26740023)|CODE_UNIT_STARTED|[EXTERNAL]|Aura
14:02:15.26 (26785774)|CODE_UNIT_FINISHED|Aura
14:02:15.26 (28841480)|EXECUTION_FINISHED
14:02:15.30 (30234813)|EXECUTION_STARTED
14:02:15.30 (30242106)|CODE_UNIT_STARTED|[EXTERNAL]|Aura
14:02:15.30 (30279071)|CODE_UNIT_FINISHED|Aura
14:02:15.30 (32060478)|EXECUTION_FINISHED
14:02:15.33 (33688368)|EXECUTION_STARTED
14:02:15.33 (33696562)|CODE_UNIT_STARTED|[EXTERNAL]|Aura
14:02:15.33 (33735411)|CODE_UNIT_FINISHED|Aura
14:02:15.33 (35853778)|EXECUTION_FINISHED
14:02:15.39 (39574787)|EXECUTION_STARTED
14:02:15.39 (39582772)|CODE_UNIT_STARTED|[EXTERNAL]|Aura
14:02:15.39 (39620160)|CODE_UNIT_FINISHED|Aura
14:02:15.39 (41857453)|EXECUTION_FINISHED
14:02:15.43 (43017305)|EXECUTION_STARTED
14:02:15.43 (43028301)|CODE_UNIT_STARTED|[EXTERNAL]|Aura
14:02:15.43 (43096105)|CODE_UNIT_FINISHED|Aura
14:02:15.43 (44548279)|EXECUTION_FINISHED
14:02:15.45 (45823628)|EXECUTION_STARTED
14:02:15.45 (45834886)|CODE_UNIT_STARTED|[EXTERNAL]|Aura
14:02:15.45 (45976346)|CODE_UNIT_FINISHED|Aura
14:02:15.45 (47111515)|EXECUTION_FINISHED
14:02:15.48 (48724776)|EXECUTION_STARTED
14:02:15.48 (48732490)|CODE_UNIT_STARTED|[EXTERNAL]|Aura
14:02:15.48 (48769057)|CODE_UNIT_FINISHED|Aura
14:02:15.48 (50396726)|EXECUTION_FINISHED
