36.0 APEX_CODE,FINEST;APEX_PROFILING,INFO;CALLOUT,INFO;DB,INFO;SYSTEM,DEBUG;VALIDATION,INFO;VISUALFORCE,INFO;WORKFLOW,INFO
11:43:22.0 (489176)|EXECUTION_STARTED
11:43:22.0 (515796)|CODE_UNIT_STARTED|[EXTERNAL]|01p36000005Jpvx|PermissionSetPortalControllers.getAllPermissionSets
11:43:22.0 (1328156)|VARIABLE_SCOPE_BEGIN|[3]|PermissionSetPortalControllers.AllPermissionSets|List<PermissionSet>|true|true
11:43:22.0 (1348834)|VARIABLE_SCOPE_BEGIN|[10]|PermissionSetPortalControllers.accountField|Set<String>|true|true
11:43:22.0 (1355215)|VARIABLE_SCOPE_BEGIN|[5]|PermissionSetPortalControllers.allObjectsOfOrg|List<shiva15testns.PermissionSetPortalControllers.ObjectDetailsClass>|true|true
11:43:22.0 (1360340)|VARIABLE_SCOPE_BEGIN|[9]|PermissionSetPortalControllers.contactsField|Set<String>|true|true
11:43:22.0 (1363989)|VARIABLE_SCOPE_BEGIN|[7]|PermissionSetPortalControllers.isNotSystemSObjectList|Set<String>|true|true
11:43:22.0 (1516686)|HEAP_ALLOCATE|[72]|Bytes:3
11:43:22.0 (1558210)|HEAP_ALLOCATE|[77]|Bytes:152
11:43:22.0 (1579340)|HEAP_ALLOCATE|[342]|Bytes:408
11:43:22.0 (1600217)|HEAP_ALLOCATE|[355]|Bytes:408
11:43:22.0 (1619363)|HEAP_ALLOCATE|[467]|Bytes:48
11:43:22.0 (1652467)|HEAP_ALLOCATE|[139]|Bytes:6
11:43:22.0 (1676177)|HEAP_ALLOCATE|[EXTERNAL]|Bytes:168
11:43:22.0 (1681756)|HEAP_ALLOCATE|[EXTERNAL]|Bytes:76
11:43:22.0 (1685484)|HEAP_ALLOCATE|[EXTERNAL]|Bytes:318
11:43:22.0 (1703999)|METHOD_ENTRY|[1]|01p36000005Jpvx|PermissionSetPortalControllers.PermissionSetPortalControllers()
11:43:22.0 (1708203)|STATEMENT_EXECUTE|[1]
11:43:22.0 (1713320)|STATEMENT_EXECUTE|[1]
11:43:22.0 (1745045)|HEAP_ALLOCATE|[50]|Bytes:5
11:43:22.0 (1765496)|HEAP_ALLOCATE|[56]|Bytes:5
11:43:22.0 (1773945)|HEAP_ALLOCATE|[64]|Bytes:7
11:43:22.0 (1795140)|SYSTEM_MODE_ENTER|false
11:43:22.0 (1810165)|HEAP_ALLOCATE|[9]|Bytes:5
11:43:22.0 (1814741)|STATEMENT_EXECUTE|[9]
11:43:22.0 (1820064)|HEAP_ALLOCATE|[9]|Bytes:4
11:43:22.0 (1859005)|ENTERING_MANAGED_PKG|
11:43:22.0 (1961305)|VARIABLE_ASSIGNMENT|[9]|PermissionSetPortalControllers.contactsField|{"s":1,"v":[]}|0x7a85fbe4
11:43:22.0 (1966464)|STATEMENT_EXECUTE|[10]
11:43:22.0 (1972529)|HEAP_ALLOCATE|[10]|Bytes:4
11:43:22.0 (1986421)|ENTERING_MANAGED_PKG|
11:43:22.0 (2025903)|VARIABLE_ASSIGNMENT|[10]|PermissionSetPortalControllers.accountField|{"s":1,"v":[]}|0x160ef092
11:43:22.0 (2031347)|STATEMENT_EXECUTE|[983]
11:43:22.0 (2033182)|STATEMENT_EXECUTE|[1012]
11:43:22.0 (2034539)|STATEMENT_EXECUTE|[1040]
11:43:22.0 (2036104)|STATEMENT_EXECUTE|[1069]
11:43:22.0 (2037460)|STATEMENT_EXECUTE|[1085]
11:43:22.0 (2043017)|STATEMENT_EXECUTE|[1102]
11:43:22.0 (2044487)|STATEMENT_EXECUTE|[1113]
11:43:22.0 (2045783)|STATEMENT_EXECUTE|[1118]
11:43:22.0 (2052096)|SYSTEM_MODE_EXIT|false
11:43:22.0 (2062535)|METHOD_EXIT|[1]|PermissionSetPortalControllers
11:43:22.0 (2069797)|SYSTEM_MODE_ENTER|false
11:43:22.0 (2084626)|HEAP_ALLOCATE|[157]|Bytes:5
11:43:22.0 (2088911)|STATEMENT_EXECUTE|[156]
11:43:22.0 (2090314)|STATEMENT_EXECUTE|[157]
11:43:22.0 (2091400)|STATEMENT_EXECUTE|[157]
11:43:22.0 (2092617)|STATEMENT_EXECUTE|[158]
11:43:22.0 (2096457)|HEAP_ALLOCATE|[158]|Bytes:99
11:43:22.0 (2105011)|HEAP_ALLOCATE|[158]|Bytes:4
11:43:22.0 (3334980)|SOQL_EXECUTE_BEGIN|[158]|Aggregations:0|SELECT Id, label, Name, Description, NamespacePrefix, UserLicenseId, CreatedDate FROM PermissionSet
11:43:22.0 (7134944)|SOQL_EXECUTE_END|[158]|Rows:42
11:43:22.0 (7149601)|HEAP_ALLOCATE|[158]|Bytes:172
11:43:22.0 (7238252)|HEAP_ALLOCATE|[158]|Bytes:7424
11:43:22.0 (7268341)|HEAP_ALLOCATE|[158]|Bytes:172
11:43:22.0 (7300134)|VARIABLE_ASSIGNMENT|[158]|PermissionSetPortalControllers.AllPermissionSets|{"s":1,"v":"List of size 42 too large to display"}|0x4b196c24
11:43:22.0 (7379607)|ENTERING_MANAGED_PKG|
11:43:22.0 (7409595)|STATEMENT_EXECUTE|[159]
11:43:22.0 (7411930)|STATEMENT_EXECUTE|[160]
11:43:22.0 (7536182)|VARIABLE_SCOPE_BEGIN|[160]|pSetObj|shiva15testns.PermissionSetPortalControllers.PermissionSetClass|true|false
11:43:22.0 (7551307)|VARIABLE_ASSIGNMENT|[160]|pSetObj|null|
11:43:22.0 (7554359)|STATEMENT_EXECUTE|[161]
11:43:22.0 (7560606)|HEAP_ALLOCATE|[161]|Bytes:4
11:43:22.0 (7607394)|ENTERING_MANAGED_PKG|
11:43:22.0 (7624741)|VARIABLE_SCOPE_BEGIN|[161]|permissionSetsLst|List<shiva15testns.PermissionSetPortalControllers.PermissionSetClass>|true|false
11:43:22.0 (7652516)|HEAP_ALLOCATE|[EXTERNAL]|Bytes:4
11:43:22.0 (7665500)|VARIABLE_ASSIGNMENT|[161]|permissionSetsLst|{"s":1,"v":[]}|0x3970e9e9
11:43:22.0 (7683163)|ENTERING_MANAGED_PKG|
11:43:22.0 (7911321)|HEAP_ALLOCATE|[162]|Bytes:5
11:43:22.0 (7945807)|HEAP_ALLOCATE|[162]|Bytes:28
11:43:22.0 (7955869)|VARIABLE_SCOPE_BEGIN|[162]|PSetName|PermissionSet|true|false
11:43:22.0 (7994387)|VARIABLE_ASSIGNMENT|[162]|PSetName|{"s":1,"v":{"Id":"0PS36000000KFvSGAW","Label":"random","Name":"random","NamespacePrefix":"shiva15testns","UserLicenseId":"10036000000eSpyAAE","CreatedDate":"2016-04-26T00:59:56.000Z"}}|0x4206ca1d
11:43:22.0 (7999760)|STATEMENT_EXECUTE|[162]
11:43:22.0 (8026950)|HEAP_ALLOCATE|[163]|Bytes:3
11:43:22.0 (8064385)|ENTERING_MANAGED_PKG|
11:43:22.0 (8096945)|STATEMENT_EXECUTE|[163]
11:43:22.0 (8099294)|STATEMENT_EXECUTE|[166]
11:43:22.0 (8105966)|HEAP_ALLOCATE|[166]|Bytes:240
11:43:22.0 (8111475)|HEAP_ALLOCATE|[166]|Bytes:32
11:43:22.0 (8133483)|HEAP_ALLOCATE|[166]|Bytes:32
11:43:22.0 (8182376)|ENTERING_MANAGED_PKG|
11:43:22.0 (8208975)|HEAP_ALLOCATE|[166]|Bytes:18
11:43:22.0 (8265709)|ENTERING_MANAGED_PKG|
11:43:22.0 (8286227)|HEAP_ALLOCATE|[166]|Bytes:19
11:43:22.0 (8332925)|CONSTRUCTOR_ENTRY|[166]|01p36000005Jpvx|<init>(String,String,String,String,String,String,String)
11:43:22.0 (8352573)|VARIABLE_SCOPE_BEGIN|[1000]|this|shiva15testns.PermissionSetPortalControllers.PermissionSetClass|true|false
11:43:22.0 (8427650)|VARIABLE_ASSIGNMENT|[1000]|this|{}|0xfa5ff9e
11:43:22.0 (8432284)|VARIABLE_SCOPE_BEGIN|[1000]|label|String|false|false
11:43:22.0 (8437437)|VARIABLE_ASSIGNMENT|[1000]|label|"random"
11:43:22.0 (8440152)|VARIABLE_SCOPE_BEGIN|[1000]|apiName|String|false|false
11:43:22.0 (8443254)|VARIABLE_ASSIGNMENT|[1000]|apiName|"random"
11:43:22.0 (8445344)|VARIABLE_SCOPE_BEGIN|[1000]|id|String|false|false
11:43:22.0 (8448595)|VARIABLE_ASSIGNMENT|[1000]|id|"0PS36000000KFvSGAW"
11:43:22.0 (8450778)|VARIABLE_SCOPE_BEGIN|[1000]|description|String|false|false
11:43:22.0 (8454377)|VARIABLE_ASSIGNMENT|[1000]|description|null
11:43:22.0 (8456464)|VARIABLE_SCOPE_BEGIN|[1000]|namespacePrefix|String|false|false
11:43:22.0 (8459518)|VARIABLE_ASSIGNMENT|[1000]|namespacePrefix|"shiva15testns"
11:43:22.0 (8461801)|VARIABLE_SCOPE_BEGIN|[1000]|userLicenseId|String|false|false
11:43:22.0 (8464383)|VARIABLE_ASSIGNMENT|[1000]|userLicenseId|null
11:43:22.0 (8466558)|VARIABLE_SCOPE_BEGIN|[1000]|createdDate|String|false|false
11:43:22.0 (8469608)|VARIABLE_ASSIGNMENT|[1000]|createdDate|"2016-04-25 17:59:56"
11:43:22.0 (8473438)|STATEMENT_EXECUTE|[983]
11:43:22.0 (8475273)|STATEMENT_EXECUTE|[986]
11:43:22.0 (8477042)|STATEMENT_EXECUTE|[988]
11:43:22.0 (8478330)|STATEMENT_EXECUTE|[990]
11:43:22.0 (8479677)|STATEMENT_EXECUTE|[992]
11:43:22.0 (8480958)|STATEMENT_EXECUTE|[994]
11:43:22.0 (8482099)|STATEMENT_EXECUTE|[996]
11:43:22.0 (8483299)|STATEMENT_EXECUTE|[998]
11:43:22.0 (8492567)|HEAP_ALLOCATE|[1002]|Bytes:6
11:43:22.0 (8516598)|STATEMENT_EXECUTE|[1001]
11:43:22.0 (8518896)|STATEMENT_EXECUTE|[1002]
11:43:22.0 (8604520)|VARIABLE_ASSIGNMENT|[EXTERNAL]|this|{}|0xfa5ff9e
11:43:22.0 (8612341)|VARIABLE_ASSIGNMENT|[EXTERNAL]|value|"random"
11:43:22.0 (8624988)|VARIABLE_ASSIGNMENT|[986]|this.label|"random"|0xfa5ff9e
11:43:22.0 (8633851)|STATEMENT_EXECUTE|[1003]
11:43:22.0 (8690175)|VARIABLE_ASSIGNMENT|[EXTERNAL]|this|{"label":"random"}|0xfa5ff9e
11:43:22.0 (8696920)|VARIABLE_ASSIGNMENT|[EXTERNAL]|value|"random"
11:43:22.0 (8705202)|VARIABLE_ASSIGNMENT|[988]|this.apiName|"random"|0xfa5ff9e
11:43:22.0 (8712892)|STATEMENT_EXECUTE|[1004]
11:43:22.0 (8767163)|VARIABLE_ASSIGNMENT|[EXTERNAL]|this|{"apiName":"random","label":"random"}|0xfa5ff9e
11:43:22.0 (8774690)|VARIABLE_ASSIGNMENT|[EXTERNAL]|value|"0PS36000000KFvSGAW"
11:43:22.0 (8782915)|VARIABLE_ASSIGNMENT|[990]|this.id|"0PS36000000KFvSGAW"|0xfa5ff9e
11:43:22.0 (8790418)|STATEMENT_EXECUTE|[1005]
11:43:22.0 (8865339)|VARIABLE_ASSIGNMENT|[EXTERNAL]|this|{"apiName":"random","id":"0PS36000000KFvSGAW","label":"random"}|0xfa5ff9e
11:43:22.0 (8873209)|VARIABLE_ASSIGNMENT|[EXTERNAL]|value|null
11:43:22.0 (8882045)|VARIABLE_ASSIGNMENT|[992]|this.description|null|0xfa5ff9e
11:43:22.0 (8890193)|STATEMENT_EXECUTE|[1006]
11:43:22.0 (8946232)|VARIABLE_ASSIGNMENT|[EXTERNAL]|this|{"apiName":"random","id":"0PS36000000KFvSGAW","label":"random"}|0xfa5ff9e
11:43:22.0 (8953047)|VARIABLE_ASSIGNMENT|[EXTERNAL]|value|"shiva15testns"
11:43:22.0 (8961547)|VARIABLE_ASSIGNMENT|[994]|this.namespacePrefix|"shiva15testns"|0xfa5ff9e
11:43:22.0 (8969256)|STATEMENT_EXECUTE|[1007]
11:43:22.0 (9023530)|VARIABLE_ASSIGNMENT|[EXTERNAL]|this|{"apiName":"random","id":"0PS36000000KFvSGAW","label":"random","namespacePrefix":"shiva15testns"}|0xfa5ff9e
11:43:22.0 (9032592)|VARIABLE_ASSIGNMENT|[EXTERNAL]|value|null
11:43:22.0 (9045826)|VARIABLE_ASSIGNMENT|[996]|this.userLicenseId|null|0xfa5ff9e
11:43:22.0 (9054059)|STATEMENT_EXECUTE|[1008]
11:43:22.0 (9116297)|VARIABLE_ASSIGNMENT|[EXTERNAL]|this|{"apiName":"random","id":"0PS36000000KFvSGAW","label":"random","namespacePrefix":"shiva15testns"}|0xfa5ff9e
11:43:22.0 (9124222)|VARIABLE_ASSIGNMENT|[EXTERNAL]|value|"2016-04-25 17:59:56"
11:43:22.0 (9133101)|VARIABLE_ASSIGNMENT|[998]|this.createdDate|"2016-04-25 17:59:56"|0xfa5ff9e
11:43:22.0 (9148564)|CONSTRUCTOR_EXIT|[166]|01p36000005Jpvx|<init>(String,String,String,String,String,String,String)
11:43:22.0 (9171002)|VARIABLE_ASSIGNMENT|[166]|pSetObj|{"apiName":"random","createdDate":"2016-04-25 17:59:56","id":"0PS36000000KFvSGAW","label":"random","namespacePrefix":"shiva15testns"}|0xfa5ff9e
11:43:22.0 (9174762)|STATEMENT_EXECUTE|[167]
11:43:22.0 (9190259)|ENTERING_MANAGED_PKG|
11:43:22.0 (9214393)|HEAP_ALLOCATE|[EXTERNAL]|Bytes:4
11:43:22.0 (9222244)|STATEMENT_EXECUTE|[168]
11:43:22.0 (9373245)|HEAP_ALLOCATE|[168]|Bytes:24
11:43:22.0 (9393725)|ENTERING_MANAGED_PKG|
11:43:22.0 (9466462)|HEAP_ALLOCATE|[168]|Bytes:162
11:43:22.0 (9490802)|HEAP_ALLOCATE|[168]|Bytes:186
11:43:22.0 (9515308)|ENTERING_MANAGED_PKG|
11:43:22.0 (9539585)|USER_DEBUG|[168]|ERROR|The PermissionSet Name: PermissionSet:{Id=0PS36000000KFvSGAW, Label=random, Name=random, NamespacePrefix=shiva15testns, UserLicenseId=10036000000eSpyAAE, CreatedDate=2016-04-26 00:59:56}
11:43:22.0 (9558909)|HEAP_ALLOCATE|[162]|Bytes:5
11:43:22.0 (9583018)|HEAP_ALLOCATE|[162]|Bytes:32
11:43:22.0 (9591325)|VARIABLE_SCOPE_BEGIN|[162]|PSetName|PermissionSet|true|false
11:43:22.0 (9620872)|VARIABLE_ASSIGNMENT|[162]|PSetName|{"s":1,"v":{"Id":"0PS36000000KhGKGA0","Label":"test1label","Name":"test1name","Description":"test Description 1","NamespacePrefix":"shiva15testns","UserLicenseId":"10036000000eSpyAAE","CreatedDate":"2016-04-27T01:22:31.000Z"}}|0x5124acb6
11:43:22.0 (9626523)|STATEMENT_EXECUTE|[162]
11:43:22.0 (9649972)|ENTERING_MANAGED_PKG|
11:43:22.0 (9660099)|STATEMENT_EXECUTE|[163]
11:43:22.0 (9661858)|STATEMENT_EXECUTE|[166]
11:43:22.0 (9667109)|HEAP_ALLOCATE|[166]|Bytes:32
11:43:22.0 (9683573)|ENTERING_MANAGED_PKG|
11:43:22.0 (9687924)|HEAP_ALLOCATE|[166]|Bytes:18
11:43:22.0 (9727395)|ENTERING_MANAGED_PKG|
11:43:22.0 (9741550)|HEAP_ALLOCATE|[166]|Bytes:19
11:43:22.0 (9760577)|CONSTRUCTOR_ENTRY|[166]|01p36000005Jpvx|<init>(String,String,String,String,String,String,String)
11:43:22.0 (9766040)|VARIABLE_SCOPE_BEGIN|[1000]|this|shiva15testns.PermissionSetPortalControllers.PermissionSetClass|true|false
11:43:22.0 (9787569)|VARIABLE_ASSIGNMENT|[1000]|this|{}|0x5160e54d
11:43:22.0 (9790618)|VARIABLE_SCOPE_BEGIN|[1000]|label|String|false|false
11:43:22.0 (9795190)|VARIABLE_ASSIGNMENT|[1000]|label|"test1label"
11:43:22.0 (9797087)|VARIABLE_SCOPE_BEGIN|[1000]|apiName|String|false|false
11:43:22.0 (9799984)|VARIABLE_ASSIGNMENT|[1000]|apiName|"test1name"
11:43:22.0 (9801604)|VARIABLE_SCOPE_BEGIN|[1000]|id|String|false|false
11:43:22.0 (9804915)|VARIABLE_ASSIGNMENT|[1000]|id|"0PS36000000KhGKGA0"
11:43:22.0 (9806543)|VARIABLE_SCOPE_BEGIN|[1000]|description|String|false|false
11:43:22.0 (9809431)|VARIABLE_ASSIGNMENT|[1000]|description|"test Description 1"
11:43:22.0 (9811259)|VARIABLE_SCOPE_BEGIN|[1000]|namespacePrefix|String|false|false
11:43:22.0 (9814170)|VARIABLE_ASSIGNMENT|[1000]|namespacePrefix|"shiva15testns"
11:43:22.0 (9815886)|VARIABLE_SCOPE_BEGIN|[1000]|userLicenseId|String|false|false
11:43:22.0 (9819454)|VARIABLE_ASSIGNMENT|[1000]|userLicenseId|null
11:43:22.0 (9821117)|VARIABLE_SCOPE_BEGIN|[1000]|createdDate|String|false|false
11:43:22.0 (9823979)|VARIABLE_ASSIGNMENT|[1000]|createdDate|"2016-04-26 18:22:31"
11:43:22.0 (9827041)|STATEMENT_EXECUTE|[983]
11:43:22.0 (9828437)|STATEMENT_EXECUTE|[986]
11:43:22.0 (9830201)|STATEMENT_EXECUTE|[988]
11:43:22.0 (9832250)|STATEMENT_EXECUTE|[990]
11:43:22.0 (9834138)|STATEMENT_EXECUTE|[992]
11:43:22.0 (9836021)|STATEMENT_EXECUTE|[994]
11:43:22.0 (9838213)|STATEMENT_EXECUTE|[996]
11:43:22.0 (9839806)|STATEMENT_EXECUTE|[998]
11:43:22.0 (9851598)|STATEMENT_EXECUTE|[1001]
11:43:22.0 (9853265)|STATEMENT_EXECUTE|[1002]
11:43:22.0 (9876461)|VARIABLE_ASSIGNMENT|[EXTERNAL]|this|{}|0x5160e54d
11:43:22.0 (9882600)|VARIABLE_ASSIGNMENT|[EXTERNAL]|value|"test1label"
11:43:22.0 (9890039)|VARIABLE_ASSIGNMENT|[986]|this.label|"test1label"|0x5160e54d
11:43:22.0 (9896330)|STATEMENT_EXECUTE|[1003]
11:43:22.0 (9917567)|VARIABLE_ASSIGNMENT|[EXTERNAL]|this|{"label":"test1label"}|0x5160e54d
11:43:22.0 (9922380)|VARIABLE_ASSIGNMENT|[EXTERNAL]|value|"test1name"
11:43:22.0 (9927983)|VARIABLE_ASSIGNMENT|[988]|this.apiName|"test1name"|0x5160e54d
11:43:22.0 (9933716)|STATEMENT_EXECUTE|[1004]
11:43:22.0 (9955065)|VARIABLE_ASSIGNMENT|[EXTERNAL]|this|{"apiName":"test1name","label":"test1label"}|0x5160e54d
11:43:22.0 (9960206)|VARIABLE_ASSIGNMENT|[EXTERNAL]|value|"0PS36000000KhGKGA0"
11:43:22.0 (9966395)|VARIABLE_ASSIGNMENT|[990]|this.id|"0PS36000000KhGKGA0"|0x5160e54d
11:43:22.0 (9972136)|STATEMENT_EXECUTE|[1005]
11:43:22.0 (9994283)|VARIABLE_ASSIGNMENT|[EXTERNAL]|this|{"apiName":"test1name","id":"0PS36000000KhGKGA0","label":"test1label"}|0x5160e54d
11:43:22.0 (9999528)|VARIABLE_ASSIGNMENT|[EXTERNAL]|value|"test Description 1"
11:43:22.0 (10006457)|VARIABLE_ASSIGNMENT|[992]|this.description|"test Description 1"|0x5160e54d
11:43:22.0 (10013147)|STATEMENT_EXECUTE|[1006]
11:43:22.0 (10036344)|VARIABLE_ASSIGNMENT|[EXTERNAL]|this|{"apiName":"test1name","description":"test Description 1","id":"0PS36000000KhGKGA0","label":"test1label"}|0x5160e54d
11:43:22.0 (10046608)|VARIABLE_ASSIGNMENT|[EXTERNAL]|value|"shiva15testns"
11:43:22.0 (10053278)|VARIABLE_ASSIGNMENT|[994]|this.namespacePrefix|"shiva15testns"|0x5160e54d
11:43:22.0 (10059668)|STATEMENT_EXECUTE|[1007]
11:43:22.0 (10083162)|VARIABLE_ASSIGNMENT|[EXTERNAL]|this|{"apiName":"test1name","description":"test Description 1","id":"0PS36000000KhGKGA0","label":"test1label","namespacePrefix":"shiva15testns"}|0x5160e54d
11:43:22.0 (10089570)|VARIABLE_ASSIGNMENT|[EXTERNAL]|value|null
11:43:22.0 (10095651)|VARIABLE_ASSIGNMENT|[996]|this.userLicenseId|null|0x5160e54d
11:43:22.0 (10101765)|STATEMENT_EXECUTE|[1008]
11:43:22.0 (10124539)|VARIABLE_ASSIGNMENT|[EXTERNAL]|this|{"apiName":"test1name","description":"test Description 1","id":"0PS36000000KhGKGA0","label":"test1label","namespacePrefix":"shiva15testns"}|0x5160e54d
11:43:22.0 (10133852)|VARIABLE_ASSIGNMENT|[EXTERNAL]|value|"2016-04-26 18:22:31"
11:43:22.0 (10140785)|VARIABLE_ASSIGNMENT|[998]|this.createdDate|"2016-04-26 18:22:31"|0x5160e54d
11:43:22.0 (10155231)|CONSTRUCTOR_EXIT|[166]|01p36000005Jpvx|<init>(String,String,String,String,String,String,String)
11:43:22.0 (10177451)|VARIABLE_ASSIGNMENT|[166]|pSetObj|{"apiName":"test1name","createdDate":"2016-04-26 18:22:31","description":"test Description 1","id":"0PS36000000KhGKGA0","label":"test1label","namespacePrefix":"shiva15testns"}|0x5160e54d
11:43:22.0 (10181535)|STATEMENT_EXECUTE|[167]
11:43:22.0 (10193363)|ENTERING_MANAGED_PKG|
11:43:22.0 (10198272)|HEAP_ALLOCATE|[EXTERNAL]|Bytes:4
11:43:22.0 (10203968)|STATEMENT_EXECUTE|[168]
11:43:22.0 (10216573)|ENTERING_MANAGED_PKG|
11:43:22.0 (10263875)|HEAP_ALLOCATE|[168]|Bytes:201
11:43:22.0 (10279586)|HEAP_ALLOCATE|[168]|Bytes:225
11:43:22.0 (10291356)|ENTERING_MANAGED_PKG|
11:43:22.0 (10307215)|USER_DEBUG|[168]|ERROR|The PermissionSet Name: PermissionSet:{Id=0PS36000000KhGKGA0, Label=test1label, Name=test1name, Description=test Description 1, NamespacePrefix=shiva15testns, UserLicenseId=10036000000eSpyAAE, CreatedDate=2016-04-27 01:22:31}
11:43:22.0 (10326012)|HEAP_ALLOCATE|[162]|Bytes:5
11:43:22.0 (10349196)|HEAP_ALLOCATE|[162]|Bytes:32
11:43:22.0 (10357462)|VARIABLE_SCOPE_BEGIN|[162]|PSetName|PermissionSet|true|false
11:43:22.0 (10382834)|VARIABLE_ASSIGNMENT|[162]|PSetName|{"s":1,"v":{"Id":"0PS36000000KhI0GAK","Label":"test1ONElabel","Name":"test1ONEname","Description":"test Description 1","NamespacePrefix":"shiva15testns","UserLicenseId":"10036000000eSpyAAE","CreatedDate":"2016-04-27T01:26:38.000Z"}}|0xc7b1830
11:43:22.0 (10388160)|STATEMENT_EXECUTE|[162]
11:43:22.0 (10409940)|ENTERING_MANAGED_PKG|
11:43:22.0 (10419973)|STATEMENT_EXECUTE|[163]
11:43:22.0 (10421688)|STATEMENT_EXECUTE|[166]
11:43:22.0 (10426549)|HEAP_ALLOCATE|[166]|Bytes:32
11:43:22.0 (10442558)|ENTERING_MANAGED_PKG|
11:43:22.0 (10446797)|HEAP_ALLOCATE|[166]|Bytes:18
11:43:22.0 (10468780)|ENTERING_MANAGED_PKG|
11:43:22.0 (10482618)|HEAP_ALLOCATE|[166]|Bytes:19
11:43:22.0 (10501337)|CONSTRUCTOR_ENTRY|[166]|01p36000005Jpvx|<init>(String,String,String,String,String,String,String)
11:43:22.0 (10506371)|VARIABLE_SCOPE_BEGIN|[1000]|this|shiva15testns.PermissionSetPortalControllers.PermissionSetClass|true|false
11:43:22.0 (10527588)|VARIABLE_ASSIGNMENT|[1000]|this|{}|0x57f27cde
11:43:22.0 (10530387)|VARIABLE_SCOPE_BEGIN|[1000]|label|String|false|false
11:43:22.0 (10535093)|VARIABLE_ASSIGNMENT|[1000]|label|"test1ONElabel"
11:43:22.0 (10536880)|VARIABLE_SCOPE_BEGIN|[1000]|apiName|String|false|false
11:43:22.0 (10539732)|VARIABLE_ASSIGNMENT|[1000]|apiName|"test1ONEname"
11:43:22.0 (10541437)|VARIABLE_SCOPE_BEGIN|[1000]|id|String|false|false
11:43:22.0 (10544313)|VARIABLE_ASSIGNMENT|[1000]|id|"0PS36000000KhI0GAK"
11:43:22.0 (10545954)|VARIABLE_SCOPE_BEGIN|[1000]|description|String|false|false
11:43:22.0 (10548859)|VARIABLE_ASSIGNMENT|[1000]|description|"test Description 1"
11:43:22.0 (10550557)|VARIABLE_SCOPE_BEGIN|[1000]|namespacePrefix|String|false|false
11:43:22.0 (10553166)|VARIABLE_ASSIGNMENT|[1000]|namespacePrefix|"shiva15testns"
11:43:22.0 (10555188)|VARIABLE_SCOPE_BEGIN|[1000]|userLicenseId|String|false|false
11:43:22.0 (10558803)|VARIABLE_ASSIGNMENT|[1000]|userLicenseId|null
11:43:22.0 (10560492)|VARIABLE_SCOPE_BEGIN|[1000]|createdDate|String|false|false
11:43:22.0 (10563286)|VARIABLE_ASSIGNMENT|[1000]|createdDate|"2016-04-26 18:26:38"
11:43:22.0 (10566183)|STATEMENT_EXECUTE|[983]
11:43:22.0 (10567561)|STATEMENT_EXECUTE|[986]
11:43:22.0 (10568952)|STATEMENT_EXECUTE|[988]
11:43:22.0 (10570072)|STATEMENT_EXECUTE|[990]
11:43:22.0 (10571228)|STATEMENT_EXECUTE|[992]
11:43:22.0 (10572427)|STATEMENT_EXECUTE|[994]
11:43:22.0 (10573512)|STATEMENT_EXECUTE|[996]
11:43:22.0 (10574603)|STATEMENT_EXECUTE|[998]
11:43:22.0 (10585260)|STATEMENT_EXECUTE|[1001]
11:43:22.0 (10587061)|STATEMENT_EXECUTE|[1002]
11:43:22.0 (10608631)|VARIABLE_ASSIGNMENT|[EXTERNAL]|this|{}|0x57f27cde
11:43:22.0 (10614149)|VARIABLE_ASSIGNMENT|[EXTERNAL]|value|"test1ONElabel"
11:43:22.0 (10620888)|VARIABLE_ASSIGNMENT|[986]|this.label|"test1ONElabel"|0x57f27cde
11:43:22.0 (10627284)|STATEMENT_EXECUTE|[1003]
11:43:22.0 (10648015)|VARIABLE_ASSIGNMENT|[EXTERNAL]|this|{"label":"test1ONElabel"}|0x57f27cde
11:43:22.0 (10652963)|VARIABLE_ASSIGNMENT|[EXTERNAL]|value|"test1ONEname"
11:43:22.0 (10658900)|VARIABLE_ASSIGNMENT|[988]|this.apiName|"test1ONEname"|0x57f27cde
11:43:22.0 (10664595)|STATEMENT_EXECUTE|[1004]
11:43:22.0 (10685439)|VARIABLE_ASSIGNMENT|[EXTERNAL]|this|{"apiName":"test1ONEname","label":"test1ONElabel"}|0x57f27cde
11:43:22.0 (10690547)|VARIABLE_ASSIGNMENT|[EXTERNAL]|value|"0PS36000000KhI0GAK"
11:43:22.0 (10696632)|VARIABLE_ASSIGNMENT|[990]|this.id|"0PS36000000KhI0GAK"|0x57f27cde
11:43:22.0 (10702370)|STATEMENT_EXECUTE|[1005]
11:43:22.0 (10723779)|VARIABLE_ASSIGNMENT|[EXTERNAL]|this|{"apiName":"test1ONEname","id":"0PS36000000KhI0GAK","label":"test1ONElabel"}|0x57f27cde
11:43:22.0 (10729754)|VARIABLE_ASSIGNMENT|[EXTERNAL]|value|"test Description 1"
11:43:22.0 (10735620)|VARIABLE_ASSIGNMENT|[992]|this.description|"test Description 1"|0x57f27cde
11:43:22.0 (10741340)|STATEMENT_EXECUTE|[1006]
11:43:22.0 (10763501)|VARIABLE_ASSIGNMENT|[EXTERNAL]|this|{"apiName":"test1ONEname","description":"test Description 1","id":"0PS36000000KhI0GAK","label":"test1ONElabel"}|0x57f27cde
11:43:22.0 (10768818)|VARIABLE_ASSIGNMENT|[EXTERNAL]|value|"shiva15testns"
11:43:22.0 (10774716)|VARIABLE_ASSIGNMENT|[994]|this.namespacePrefix|"shiva15testns"|0x57f27cde
11:43:22.0 (10780423)|STATEMENT_EXECUTE|[1007]
11:43:22.0 (10802671)|VARIABLE_ASSIGNMENT|[EXTERNAL]|this|{"apiName":"test1ONEname","description":"test Description 1","id":"0PS36000000KhI0GAK","label":"test1ONElabel","namespacePrefix":"shiva15testns"}|0x57f27cde
11:43:22.0 (10808760)|VARIABLE_ASSIGNMENT|[EXTERNAL]|value|null
11:43:22.0 (10815007)|VARIABLE_ASSIGNMENT|[996]|this.userLicenseId|null|0x57f27cde
11:43:22.0 (10821185)|STATEMENT_EXECUTE|[1008]
11:43:22.0 (10848569)|VARIABLE_ASSIGNMENT|[EXTERNAL]|this|{"apiName":"test1ONEname","description":"test Description 1","id":"0PS36000000KhI0GAK","label":"test1ONElabel","namespacePrefix":"shiva15testns"}|0x57f27cde
11:43:22.0 (10854813)|VARIABLE_ASSIGNMENT|[EXTERNAL]|value|"2016-04-26 18:26:38"
11:43:22.0 (10861605)|VARIABLE_ASSIGNMENT|[998]|this.createdDate|"2016-04-26 18:26:38"|0x57f27cde
11:43:22.0 (10875917)|CONSTRUCTOR_EXIT|[166]|01p36000005Jpvx|<init>(String,String,String,String,String,String,String)
11:43:22.0 (10898290)|VARIABLE_ASSIGNMENT|[166]|pSetObj|{"apiName":"test1ONEname","createdDate":"2016-04-26 18:26:38","description":"test Description 1","id":"0PS36000000KhI0GAK","label":"test1ONElabel","namespacePrefix":"shiva15testns"}|0x57f27cde
11:43:22.0 (10902732)|STATEMENT_EXECUTE|[167]
11:43:22.0 (10914318)|ENTERING_MANAGED_PKG|
11:43:22.0 (10919308)|HEAP_ALLOCATE|[EXTERNAL]|Bytes:4
11:43:22.0 (10924929)|STATEMENT_EXECUTE|[168]
11:43:22.0 (10937633)|ENTERING_MANAGED_PKG|
11:43:22.0 (10984209)|HEAP_ALLOCATE|[168]|Bytes:207
11:43:22.0 (10999616)|HEAP_ALLOCATE|[168]|Bytes:231
11:43:22.0 (11011153)|ENTERING_MANAGED_PKG|
11:43:22.0 (11027313)|USER_DEBUG|[168]|ERROR|The PermissionSet Name: PermissionSet:{Id=0PS36000000KhI0GAK, Label=test1ONElabel, Name=test1ONEname, Description=test Description 1, NamespacePrefix=shiva15testns, UserLicenseId=10036000000eSpyAAE, CreatedDate=2016-04-27 01:26:38}
11:43:22.0 (11050190)|HEAP_ALLOCATE|[162]|Bytes:5
11:43:22.0 (11073484)|HEAP_ALLOCATE|[162]|Bytes:32
11:43:22.0 (11081390)|VARIABLE_SCOPE_BEGIN|[162]|PSetName|PermissionSet|true|false
11:43:22.0 (11106911)|VARIABLE_ASSIGNMENT|[162]|PSetName|{"s":1,"v":{"Id":"0PS36000000KlvMGAS","Label":"test_name","Name":"test_name","Description":"test desc","NamespacePrefix":"shiva15testns","UserLicenseId":"10036000000eSpyAAE","CreatedDate":"2016-04-27T09:47:35.000Z"}}|0x105c19db
11:43:22.0 (11111859)|STATEMENT_EXECUTE|[162]
11:43:22.0 (11133392)|ENTERING_MANAGED_PKG|
11:43:22.0 (11143230)|STATEMENT_EXECUTE|[163]
11:43:22.0 (11144962)|STATEMENT_EXECUTE|[166]
11:43:22.0 (11149765)|HEAP_ALLOCATE|[166]|Bytes:32
11:43:22.0 (11165885)|ENTERING_MANAGED_PKG|
11:43:22.0 (11170208)|HEAP_ALLOCATE|[166]|Bytes:18
11:43:22.0 (11192280)|ENTERING_MANAGED_PKG|
11:43:22.0 (11205619)|HEAP_ALLOCATE|[166]|Bytes:19
11:43:22.0 (11224144)|CONSTRUCTOR_ENTRY|[166]|01p36000005Jpvx|<init>(String,String,String,String,String,String,String)
11:43:22.0 (11229039)|VARIABLE_SCOPE_BEGIN|[1000]|this|shiva15testns.PermissionSetPortalControllers.PermissionSetClass|true|false
11:43:22.0 (11250048)|VARIABLE_ASSIGNMENT|[1000]|this|{}|0x355c9f17
11:43:22.0 (11252964)|VARIABLE_SCOPE_BEGIN|[1000]|label|String|false|false
11:43:22.0 (11257218)|VARIABLE_ASSIGNMENT|[1000]|label|"test_name"
11:43:22.0 (11258816)|VARIABLE_SCOPE_BEGIN|[1000]|apiName|String|false|false
11:43:22.0 (11261492)|VARIABLE_ASSIGNMENT|[1000]|apiName|"test_name"
11:43:22.0 (11263042)|VARIABLE_SCOPE_BEGIN|[1000]|id|String|false|false
11:43:22.0 (11266026)|VARIABLE_ASSIGNMENT|[1000]|id|"0PS36000000KlvMGAS"
11:43:22.0 (11267656)|VARIABLE_SCOPE_BEGIN|[1000]|description|String|false|false
11:43:22.0 (11270245)|VARIABLE_ASSIGNMENT|[1000]|description|"test desc"
11:43:22.0 (11271836)|VARIABLE_SCOPE_BEGIN|[1000]|namespacePrefix|String|false|false
11:43:22.0 (11274444)|VARIABLE_ASSIGNMENT|[1000]|namespacePrefix|"shiva15testns"
11:43:22.0 (11276104)|VARIABLE_SCOPE_BEGIN|[1000]|userLicenseId|String|false|false
11:43:22.0 (11279674)|VARIABLE_ASSIGNMENT|[1000]|userLicenseId|null
11:43:22.0 (11281598)|VARIABLE_SCOPE_BEGIN|[1000]|createdDate|String|false|false
11:43:22.0 (11284446)|VARIABLE_ASSIGNMENT|[1000]|createdDate|"2016-04-27 02:47:35"
11:43:22.0 (11287354)|STATEMENT_EXECUTE|[983]
11:43:22.0 (11288774)|STATEMENT_EXECUTE|[986]
11:43:22.0 (11290196)|STATEMENT_EXECUTE|[988]
11:43:22.0 (11291328)|STATEMENT_EXECUTE|[990]
11:43:22.0 (11292453)|STATEMENT_EXECUTE|[992]
11:43:22.0 (11293580)|STATEMENT_EXECUTE|[994]
11:43:22.0 (11294675)|STATEMENT_EXECUTE|[996]
11:43:22.0 (11295763)|STATEMENT_EXECUTE|[998]
11:43:22.0 (11306183)|STATEMENT_EXECUTE|[1001]
11:43:22.0 (11307785)|STATEMENT_EXECUTE|[1002]
11:43:22.0 (11329200)|VARIABLE_ASSIGNMENT|[EXTERNAL]|this|{}|0x355c9f17
11:43:22.0 (11334548)|VARIABLE_ASSIGNMENT|[EXTERNAL]|value|"test_name"
11:43:22.0 (11341248)|VARIABLE_ASSIGNMENT|[986]|this.label|"test_name"|0x355c9f17
11:43:22.0 (11347319)|STATEMENT_EXECUTE|[1003]
11:43:22.0 (11367959)|VARIABLE_ASSIGNMENT|[EXTERNAL]|this|{"label":"test_name"}|0x355c9f17
11:43:22.0 (11372557)|VARIABLE_ASSIGNMENT|[EXTERNAL]|value|"test_name"
11:43:22.0 (11378169)|VARIABLE_ASSIGNMENT|[988]|this.apiName|"test_name"|0x355c9f17
11:43:22.0 (11383782)|STATEMENT_EXECUTE|[1004]
11:43:22.0 (11404979)|VARIABLE_ASSIGNMENT|[EXTERNAL]|this|{"apiName":"test_name","label":"test_name"}|0x355c9f17
11:43:22.0 (11409879)|VARIABLE_ASSIGNMENT|[EXTERNAL]|value|"0PS36000000KlvMGAS"
11:43:22.0 (11415855)|VARIABLE_ASSIGNMENT|[990]|this.id|"0PS36000000KlvMGAS"|0x355c9f17
11:43:22.0 (11421569)|STATEMENT_EXECUTE|[1005]
11:43:22.0 (11443421)|VARIABLE_ASSIGNMENT|[EXTERNAL]|this|{"apiName":"test_name","id":"0PS36000000KlvMGAS","label":"test_name"}|0x355c9f17
11:43:22.0 (11448443)|VARIABLE_ASSIGNMENT|[EXTERNAL]|value|"test desc"
11:43:22.0 (11454559)|VARIABLE_ASSIGNMENT|[992]|this.description|"test desc"|0x355c9f17
11:43:22.0 (11460529)|STATEMENT_EXECUTE|[1006]
11:43:22.0 (11482668)|VARIABLE_ASSIGNMENT|[EXTERNAL]|this|{"apiName":"test_name","description":"test desc","id":"0PS36000000KlvMGAS","label":"test_name"}|0x355c9f17
11:43:22.0 (11488073)|VARIABLE_ASSIGNMENT|[EXTERNAL]|value|"shiva15testns"
11:43:22.0 (11493882)|VARIABLE_ASSIGNMENT|[994]|this.namespacePrefix|"shiva15testns"|0x355c9f17
11:43:22.0 (11499890)|STATEMENT_EXECUTE|[1007]
11:43:22.0 (11522512)|VARIABLE_ASSIGNMENT|[EXTERNAL]|this|{"apiName":"test_name","description":"test desc","id":"0PS36000000KlvMGAS","label":"test_name","namespacePrefix":"shiva15testns"}|0x355c9f17
11:43:22.0 (11528407)|VARIABLE_ASSIGNMENT|[EXTERNAL]|value|null
11:43:22.0 (11534514)|VARIABLE_ASSIGNMENT|[996]|this.userLicenseId|null|0x355c9f17
11:43:22.0 (11540442)|STATEMENT_EXECUTE|[1008]
11:43:22.0 (11563371)|VARIABLE_ASSIGNMENT|[EXTERNAL]|this|{"apiName":"test_name","description":"test desc","id":"0PS36000000KlvMGAS","label":"test_name","namespacePrefix":"shiva15testns"}|0x355c9f17
11:43:22.0 (11568498)|VARIABLE_ASSIGNMENT|[EXTERNAL]|value|"2016-04-27 02:47:35"
11:43:22.0 (11574376)|VARIABLE_ASSIGNMENT|[998]|this.createdDate|"2016-04-27 02:47:35"|0x355c9f17
11:43:22.0 (11587956)|CONSTRUCTOR_EXIT|[166]|01p36000005Jpvx|<init>(String,String,String,String,String,String,String)
11:43:22.0 (11609791)|VARIABLE_ASSIGNMENT|[166]|pSetObj|{"apiName":"test_name","createdDate":"2016-04-27 02:47:35","description":"test desc","id":"0PS36000000KlvMGAS","label":"test_name","namespacePrefix":"shiva15testns"}|0x355c9f17
11:43:22.0 (11614065)|STATEMENT_EXECUTE|[167]
11:43:22.0 (11625993)|ENTERING_MANAGED_PKG|
11:43:22.0 (11630660)|HEAP_ALLOCATE|[EXTERNAL]|Bytes:4
11:43:22.0 (11636275)|STATEMENT_EXECUTE|[168]
11:43:22.0 (11649105)|ENTERING_MANAGED_PKG|
11:43:22.0 (11694536)|HEAP_ALLOCATE|[168]|Bytes:191
11:43:22.0 (11709622)|HEAP_ALLOCATE|[168]|Bytes:215
11:43:22.0 (11721156)|ENTERING_MANAGED_PKG|
11:43:22.0 (11736567)|USER_DEBUG|[168]|ERROR|The PermissionSet Name: PermissionSet:{Id=0PS36000000KlvMGAS, Label=test_name, Name=test_name, Description=test desc, NamespacePrefix=shiva15testns, UserLicenseId=10036000000eSpyAAE, CreatedDate=2016-04-27 09:47:35}
11:43:22.0 (11754058)|HEAP_ALLOCATE|[162]|Bytes:5
11:43:22.0 (11776369)|HEAP_ALLOCATE|[162]|Bytes:28
11:43:22.0 (11784230)|VARIABLE_SCOPE_BEGIN|[162]|PSetName|PermissionSet|true|false
11:43:22.0 (11808980)|VARIABLE_ASSIGNMENT|[162]|PSetName|{"s":1,"v":{"Id":"0PS36000000mmnFGAQ","Label":"00e1a000000MWa8AAG","Name":"X00e1a000000MWa8AAG","NamespacePrefix":"shiva15testns","UserLicenseId":"10036000000eSpzAAE","CreatedDate":"2016-03-08T19:00:02.000Z"}}|0x64fe6fef
11:43:22.0 (11813936)|STATEMENT_EXECUTE|[162]
11:43:22.0 (11837559)|ENTERING_MANAGED_PKG|
11:43:22.0 (11849421)|STATEMENT_EXECUTE|[163]
11:43:22.0 (11860812)|HEAP_ALLOCATE|[162]|Bytes:5
11:43:22.0 (11881373)|HEAP_ALLOCATE|[162]|Bytes:28
11:43:22.0 (11888518)|VARIABLE_SCOPE_BEGIN|[162]|PSetName|PermissionSet|true|false
11:43:22.0 (11912865)|VARIABLE_ASSIGNMENT|[162]|PSetName|{"s":1,"v":{"Id":"0PS36000000mmnGGAQ","Label":"00ex00000018ozl_128_ (10 more) ...","Name":"X00ex00000018ozl_128 (11 more) ...","NamespacePrefix":"shiva15testns","UserLicenseId":"10036000000eSpyAAE","CreatedDate":"2016-03-08T19:00:02.000Z"}}|0x10cb2eda
11:43:22.0 (11917592)|STATEMENT_EXECUTE|[162]
11:43:22.0 (11941791)|ENTERING_MANAGED_PKG|
11:43:22.0 (11951701)|STATEMENT_EXECUTE|[163]
11:43:22.0 (11962557)|HEAP_ALLOCATE|[162]|Bytes:5
11:43:22.0 (11982736)|HEAP_ALLOCATE|[162]|Bytes:28
11:43:22.0 (11989666)|VARIABLE_SCOPE_BEGIN|[162]|PSetName|PermissionSet|true|false
11:43:22.0 (12011725)|VARIABLE_ASSIGNMENT|[162]|PSetName|{"s":1,"v":{"Id":"0PS36000000mmnHGAQ","Label":"00ex00000018ozm_128_ (10 more) ...","Name":"X00ex00000018ozm_128 (11 more) ...","NamespacePrefix":"shiva15testns","UserLicenseId":"10036000000eSpyAAE","CreatedDate":"2016-03-08T19:00:02.000Z"}}|0x44a51e6b
11:43:22.0 (12017354)|STATEMENT_EXECUTE|[162]
11:43:22.0 (12041701)|ENTERING_MANAGED_PKG|
11:43:22.0 (12052167)|STATEMENT_EXECUTE|[163]
11:43:22.0 (12063202)|HEAP_ALLOCATE|[162]|Bytes:5
11:43:22.0 (12083187)|HEAP_ALLOCATE|[162]|Bytes:28
11:43:22.0 (12090178)|VARIABLE_SCOPE_BEGIN|[162]|PSetName|PermissionSet|true|false
11:43:22.0 (12111923)|VARIABLE_ASSIGNMENT|[162]|PSetName|{"s":1,"v":{"Id":"0PS36000000mmnIGAQ","Label":"00ex00000018ozk_128_ (10 more) ...","Name":"X00ex00000018ozk_128 (11 more) ...","NamespacePrefix":"shiva15testns","UserLicenseId":"10036000000eSpyAAE","CreatedDate":"2016-03-08T19:00:02.000Z"}}|0x34c745e5
11:43:22.0 (12116519)|STATEMENT_EXECUTE|[162]
11:43:22.0 (12136964)|ENTERING_MANAGED_PKG|
11:43:22.0 (12146556)|STATEMENT_EXECUTE|[163]
11:43:22.0 (12157288)|HEAP_ALLOCATE|[162]|Bytes:5
11:43:22.0 (12176928)|HEAP_ALLOCATE|[162]|Bytes:28
11:43:22.0 (12183823)|VARIABLE_SCOPE_BEGIN|[162]|PSetName|PermissionSet|true|false
11:43:22.0 (12205225)|VARIABLE_ASSIGNMENT|[162]|PSetName|{"s":1,"v":{"Id":"0PS36000000mmnJGAQ","Label":"00ex00000018ozj_128_ (10 more) ...","Name":"X00ex00000018ozj_128 (11 more) ...","NamespacePrefix":"shiva15testns","UserLicenseId":"10036000000eSpyAAE","CreatedDate":"2016-03-08T19:00:02.000Z"}}|0x2351c585
11:43:22.0 (12209473)|STATEMENT_EXECUTE|[162]
11:43:22.0 (12229515)|ENTERING_MANAGED_PKG|
11:43:22.0 (12238956)|STATEMENT_EXECUTE|[163]
11:43:22.0 (12249440)|HEAP_ALLOCATE|[162]|Bytes:5
11:43:22.0 (12269038)|HEAP_ALLOCATE|[162]|Bytes:28
11:43:22.0 (12275803)|VARIABLE_SCOPE_BEGIN|[162]|PSetName|PermissionSet|true|false
11:43:22.0 (12297632)|VARIABLE_ASSIGNMENT|[162]|PSetName|{"s":1,"v":{"Id":"0PS36000000mmnKGAQ","Label":"00ex00000018ozo_128_ (10 more) ...","Name":"X00ex00000018ozo_128 (11 more) ...","NamespacePrefix":"shiva15testns","UserLicenseId":"10036000000eSpyAAE","CreatedDate":"2016-03-08T19:00:02.000Z"}}|0x6a2592cb
11:43:22.0 (12302362)|STATEMENT_EXECUTE|[162]
11:43:22.0 (12322487)|ENTERING_MANAGED_PKG|
11:43:22.0 (12332199)|STATEMENT_EXECUTE|[163]
11:43:22.0 (12343072)|HEAP_ALLOCATE|[162]|Bytes:5
11:43:22.0 (12362729)|HEAP_ALLOCATE|[162]|Bytes:28
11:43:22.0 (12369647)|VARIABLE_SCOPE_BEGIN|[162]|PSetName|PermissionSet|true|false
11:43:22.0 (12391155)|VARIABLE_ASSIGNMENT|[162]|PSetName|{"s":1,"v":{"Id":"0PS36000000mmnLGAQ","Label":"00ex00000018ozh_128_ (10 more) ...","Name":"X00ex00000018ozh_128 (11 more) ...","NamespacePrefix":"shiva15testns","UserLicenseId":"10036000000eSpyAAE","CreatedDate":"2016-03-08T19:00:02.000Z"}}|0x61f8fa2
11:43:22.0 (12395625)|STATEMENT_EXECUTE|[162]
11:43:22.0 (12418281)|ENTERING_MANAGED_PKG|
11:43:22.0 (12434078)|STATEMENT_EXECUTE|[163]
11:43:22.0 (12451355)|HEAP_ALLOCATE|[162]|Bytes:5
11:43:22.0 (12476695)|HEAP_ALLOCATE|[162]|Bytes:28
11:43:22.0 (12484138)|VARIABLE_SCOPE_BEGIN|[162]|PSetName|PermissionSet|true|false
11:43:22.0 (12506618)|VARIABLE_ASSIGNMENT|[162]|PSetName|{"s":1,"v":{"Id":"0PS36000000mmnMGAQ","Label":"00ex00000018ozq_128_ (11 more) ...","Name":"X00ex00000018ozq_128 (12 more) ...","NamespacePrefix":"shiva15testns","UserLicenseId":"10036000000eSpyAAE","CreatedDate":"2016-03-08T19:00:02.000Z"}}|0x8790ae9
11:43:22.0 (12511515)|STATEMENT_EXECUTE|[162]
11:43:22.0 (12532703)|ENTERING_MANAGED_PKG|
11:43:22.0 (12542217)|STATEMENT_EXECUTE|[163]
11:43:22.0 (12553077)|HEAP_ALLOCATE|[162]|Bytes:5
11:43:22.0 (12573610)|HEAP_ALLOCATE|[162]|Bytes:28
11:43:22.0 (12580502)|VARIABLE_SCOPE_BEGIN|[162]|PSetName|PermissionSet|true|false
11:43:22.0 (12602300)|VARIABLE_ASSIGNMENT|[162]|PSetName|{"s":1,"v":{"Id":"0PS36000000mmnNGAQ","Label":"00ex00000018ozp_128_ (10 more) ...","Name":"X00ex00000018ozp_128 (11 more) ...","NamespacePrefix":"shiva15testns","UserLicenseId":"10036000000eSpyAAE","CreatedDate":"2016-03-08T19:00:02.000Z"}}|0x25298b8e
11:43:22.0 (12607298)|STATEMENT_EXECUTE|[162]
11:43:22.0 (12627762)|ENTERING_MANAGED_PKG|
11:43:22.0 (12637201)|STATEMENT_EXECUTE|[163]
11:43:22.0 (12647746)|HEAP_ALLOCATE|[162]|Bytes:5
11:43:22.0 (12667495)|HEAP_ALLOCATE|[162]|Bytes:28
11:43:22.0 (12674654)|VARIABLE_SCOPE_BEGIN|[162]|PSetName|PermissionSet|true|false
11:43:22.0 (12696086)|VARIABLE_ASSIGNMENT|[162]|PSetName|{"s":1,"v":{"Id":"0PS36000000mmnOGAQ","Label":"00ex00000018ozn_128_ (10 more) ...","Name":"X00ex00000018ozn_128 (11 more) ...","NamespacePrefix":"shiva15testns","UserLicenseId":"10036000000eSpyAAE","CreatedDate":"2016-03-08T19:00:02.000Z"}}|0x63dce62a
11:43:22.0 (12700651)|STATEMENT_EXECUTE|[162]
11:43:22.0 (12720863)|ENTERING_MANAGED_PKG|
11:43:22.0 (12730218)|STATEMENT_EXECUTE|[163]
11:43:22.0 (12740782)|HEAP_ALLOCATE|[162]|Bytes:5
11:43:22.0 (12761245)|HEAP_ALLOCATE|[162]|Bytes:28
11:43:22.0 (12768265)|VARIABLE_SCOPE_BEGIN|[162]|PSetName|PermissionSet|true|false
11:43:22.0 (12789150)|VARIABLE_ASSIGNMENT|[162]|PSetName|{"s":1,"v":{"Id":"0PS36000000mmnPGAQ","Label":"00e1a000000MWa9AAG","Name":"X00e1a000000MWa9AAG","NamespacePrefix":"shiva15testns","UserLicenseId":"10036000000eSq0AAE","CreatedDate":"2016-03-08T19:00:02.000Z"}}|0x1944076c
11:43:22.0 (12793937)|STATEMENT_EXECUTE|[162]
11:43:22.0 (12814860)|ENTERING_MANAGED_PKG|
11:43:22.0 (12831450)|STATEMENT_EXECUTE|[163]
11:43:22.0 (12846432)|HEAP_ALLOCATE|[162]|Bytes:5
11:43:22.0 (12867991)|HEAP_ALLOCATE|[162]|Bytes:28
11:43:22.0 (12875187)|VARIABLE_SCOPE_BEGIN|[162]|PSetName|PermissionSet|true|false
11:43:22.0 (12896728)|VARIABLE_ASSIGNMENT|[162]|PSetName|{"s":1,"v":{"Id":"0PS36000000mmnQGAQ","Label":"00e1a000000MWaBAAW","Name":"X00e1a000000MWaBAAW","NamespacePrefix":"shiva15testns","UserLicenseId":"10036000000eSq2AAE","CreatedDate":"2016-03-08T19:00:02.000Z"}}|0x592a68ef
11:43:22.0 (12901592)|STATEMENT_EXECUTE|[162]
11:43:22.0 (12922470)|ENTERING_MANAGED_PKG|
11:43:22.0 (12931993)|STATEMENT_EXECUTE|[163]
11:43:22.0 (12942649)|HEAP_ALLOCATE|[162]|Bytes:5
11:43:22.0 (12962506)|HEAP_ALLOCATE|[162]|Bytes:28
11:43:22.0 (12969523)|VARIABLE_SCOPE_BEGIN|[162]|PSetName|PermissionSet|true|false
11:43:22.0 (12990712)|VARIABLE_ASSIGNMENT|[162]|PSetName|{"s":1,"v":{"Id":"0PS36000000mmnRGAQ","Label":"00e1a000000MWaCAAW","Name":"X00e1a000000MWaCAAW","NamespacePrefix":"shiva15testns","UserLicenseId":"10036000000eSq3AAE","CreatedDate":"2016-03-08T19:00:02.000Z"}}|0x30b6edbf
11:43:22.0 (12995212)|STATEMENT_EXECUTE|[162]
11:43:22.0 (13015308)|ENTERING_MANAGED_PKG|
11:43:22.0 (13025538)|STATEMENT_EXECUTE|[163]
11:43:22.0 (13036285)|HEAP_ALLOCATE|[162]|Bytes:5
11:43:22.0 (13064928)|HEAP_ALLOCATE|[162]|Bytes:28
11:43:22.0 (13076456)|VARIABLE_SCOPE_BEGIN|[162]|PSetName|PermissionSet|true|false
11:43:22.0 (13099773)|VARIABLE_ASSIGNMENT|[162]|PSetName|{"s":1,"v":{"Id":"0PS36000000mmnSGAQ","Label":"00e1a000000MWaDAAW","Name":"X00e1a000000MWaDAAW","NamespacePrefix":"shiva15testns","UserLicenseId":"10036000000eSq4AAE","CreatedDate":"2016-03-08T19:00:02.000Z"}}|0x345fa035
11:43:22.0 (13104410)|STATEMENT_EXECUTE|[162]
11:43:22.0 (13125935)|ENTERING_MANAGED_PKG|
11:43:22.0 (13135379)|STATEMENT_EXECUTE|[163]
11:43:22.0 (13146418)|HEAP_ALLOCATE|[162]|Bytes:5
11:43:22.0 (13166801)|HEAP_ALLOCATE|[162]|Bytes:28
11:43:22.0 (13173790)|VARIABLE_SCOPE_BEGIN|[162]|PSetName|PermissionSet|true|false
11:43:22.0 (13194839)|VARIABLE_ASSIGNMENT|[162]|PSetName|{"s":1,"v":{"Id":"0PS36000000mmnTGAQ","Label":"00e1a000000MWaEAAW","Name":"X00e1a000000MWaEAAW","NamespacePrefix":"shiva15testns","UserLicenseId":"10036000000eSq5AAE","CreatedDate":"2016-03-08T19:00:02.000Z"}}|0xd19aeb5
11:43:22.0 (13199178)|STATEMENT_EXECUTE|[162]
11:43:22.0 (13219093)|ENTERING_MANAGED_PKG|
11:43:22.0 (13228450)|STATEMENT_EXECUTE|[163]
11:43:22.0 (13239186)|HEAP_ALLOCATE|[162]|Bytes:5
11:43:22.0 (13258940)|HEAP_ALLOCATE|[162]|Bytes:28
11:43:22.0 (13265816)|VARIABLE_SCOPE_BEGIN|[162]|PSetName|PermissionSet|true|false
11:43:22.0 (13286932)|VARIABLE_ASSIGNMENT|[162]|PSetName|{"s":1,"v":{"Id":"0PS36000000mmnUGAQ","Label":"00e1a000000MWaFAAW","Name":"X00e1a000000MWaFAAW","NamespacePrefix":"shiva15testns","UserLicenseId":"10036000000eSq6AAE","CreatedDate":"2016-03-08T19:00:02.000Z"}}|0x77ec2e9
11:43:22.0 (13291669)|STATEMENT_EXECUTE|[162]
11:43:22.0 (13311551)|ENTERING_MANAGED_PKG|
11:43:22.0 (13320815)|STATEMENT_EXECUTE|[163]
11:43:22.0 (13331335)|HEAP_ALLOCATE|[162]|Bytes:5
11:43:22.0 (13351148)|HEAP_ALLOCATE|[162]|Bytes:28
11:43:22.0 (13358163)|VARIABLE_SCOPE_BEGIN|[162]|PSetName|PermissionSet|true|false
11:43:22.0 (13378758)|VARIABLE_ASSIGNMENT|[162]|PSetName|{"s":1,"v":{"Id":"0PS36000000mmnVGAQ","Label":"00e1a000000MWaGAAW","Name":"X00e1a000000MWaGAAW","NamespacePrefix":"shiva15testns","UserLicenseId":"10036000000eSq7AAE","CreatedDate":"2016-03-08T19:00:02.000Z"}}|0xa21cac
11:43:22.0 (13382993)|STATEMENT_EXECUTE|[162]
11:43:22.0 (13402888)|ENTERING_MANAGED_PKG|
11:43:22.0 (13412583)|STATEMENT_EXECUTE|[163]
11:43:22.0 (13423226)|HEAP_ALLOCATE|[162]|Bytes:5
11:43:22.0 (13443124)|HEAP_ALLOCATE|[162]|Bytes:28
11:43:22.0 (13449986)|VARIABLE_SCOPE_BEGIN|[162]|PSetName|PermissionSet|true|false
11:43:22.0 (13470515)|VARIABLE_ASSIGNMENT|[162]|PSetName|{"s":1,"v":{"Id":"0PS36000000mmnWGAQ","Label":"00e1a000000MWaHAAW","Name":"X00e1a000000MWaHAAW","NamespacePrefix":"shiva15testns","UserLicenseId":"10036000000eSq8AAE","CreatedDate":"2016-03-08T19:00:02.000Z"}}|0x49b55a85
11:43:22.0 (13474541)|STATEMENT_EXECUTE|[162]
11:43:22.0 (13494361)|ENTERING_MANAGED_PKG|
11:43:22.0 (13503724)|STATEMENT_EXECUTE|[163]
11:43:22.0 (13514303)|HEAP_ALLOCATE|[162]|Bytes:5
11:43:22.0 (13534028)|HEAP_ALLOCATE|[162]|Bytes:28
11:43:22.0 (13541064)|VARIABLE_SCOPE_BEGIN|[162]|PSetName|PermissionSet|true|false
11:43:22.0 (13562313)|VARIABLE_ASSIGNMENT|[162]|PSetName|{"s":1,"v":{"Id":"0PS36000000mmnXGAQ","Label":"00e1a000000MWaIAAW","Name":"X00e1a000000MWaIAAW","NamespacePrefix":"shiva15testns","UserLicenseId":"10036000000eSq9AAE","CreatedDate":"2016-03-08T19:00:02.000Z"}}|0x9992900
11:43:22.0 (13566721)|STATEMENT_EXECUTE|[162]
11:43:22.0 (13586624)|ENTERING_MANAGED_PKG|
11:43:22.0 (13596003)|STATEMENT_EXECUTE|[163]
11:43:22.0 (13606515)|HEAP_ALLOCATE|[162]|Bytes:5
11:43:22.0 (13626731)|HEAP_ALLOCATE|[162]|Bytes:28
11:43:22.0 (13633632)|VARIABLE_SCOPE_BEGIN|[162]|PSetName|PermissionSet|true|false
11:43:22.0 (13654415)|VARIABLE_ASSIGNMENT|[162]|PSetName|{"s":1,"v":{"Id":"0PS36000000mmnYGAQ","Label":"00e1a000000MWaJAAW","Name":"X00e1a000000MWaJAAW","NamespacePrefix":"shiva15testns","UserLicenseId":"10036000000eSqAAAU","CreatedDate":"2016-03-08T19:00:02.000Z"}}|0x7881db50
11:43:22.0 (13658950)|STATEMENT_EXECUTE|[162]
11:43:22.0 (13678892)|ENTERING_MANAGED_PKG|
11:43:22.0 (13688151)|STATEMENT_EXECUTE|[163]
11:43:22.0 (13698869)|HEAP_ALLOCATE|[162]|Bytes:5
11:43:22.0 (13718638)|HEAP_ALLOCATE|[162]|Bytes:28
11:43:22.0 (13725559)|VARIABLE_SCOPE_BEGIN|[162]|PSetName|PermissionSet|true|false
11:43:22.0 (13746227)|VARIABLE_ASSIGNMENT|[162]|PSetName|{"s":1,"v":{"Id":"0PS36000000mmnZGAQ","Label":"00e1a000000MWaKAAW","Name":"X00e1a000000MWaKAAW","NamespacePrefix":"shiva15testns","UserLicenseId":"10036000000eSqBAAU","CreatedDate":"2016-03-08T19:00:02.000Z"}}|0x6856ff90
11:43:22.0 (13750745)|STATEMENT_EXECUTE|[162]
11:43:22.0 (13770470)|ENTERING_MANAGED_PKG|
11:43:22.0 (13779858)|STATEMENT_EXECUTE|[163]
11:43:22.0 (13790451)|HEAP_ALLOCATE|[162]|Bytes:5
11:43:22.0 (13810157)|HEAP_ALLOCATE|[162]|Bytes:28
11:43:22.0 (13817073)|VARIABLE_SCOPE_BEGIN|[162]|PSetName|PermissionSet|true|false
11:43:22.0 (13841033)|VARIABLE_ASSIGNMENT|[162]|PSetName|{"s":1,"v":{"Id":"0PS36000000mmnaGAA","Label":"00e1a000000MWaLAAW","Name":"X00e1a000000MWaLAAW","NamespacePrefix":"shiva15testns","UserLicenseId":"10036000000eSqCAAU","CreatedDate":"2016-03-08T19:00:02.000Z"}}|0xb54e16d
11:43:22.0 (13846154)|STATEMENT_EXECUTE|[162]
11:43:22.0 (13866730)|ENTERING_MANAGED_PKG|
11:43:22.0 (13876324)|STATEMENT_EXECUTE|[163]
11:43:22.0 (13886800)|HEAP_ALLOCATE|[162]|Bytes:5
11:43:22.0 (13907004)|HEAP_ALLOCATE|[162]|Bytes:28
11:43:22.0 (13913915)|VARIABLE_SCOPE_BEGIN|[162]|PSetName|PermissionSet|true|false
11:43:22.0 (13934664)|VARIABLE_ASSIGNMENT|[162]|PSetName|{"s":1,"v":{"Id":"0PS36000000mmnbGAA","Label":"00e1a000000MWaMAAW","Name":"X00e1a000000MWaMAAW","NamespacePrefix":"shiva15testns","UserLicenseId":"10036000000eSqDAAU","CreatedDate":"2016-03-08T19:00:02.000Z"}}|0x4bc5182e
11:43:22.0 (13939238)|STATEMENT_EXECUTE|[162]
11:43:22.0 (13959156)|ENTERING_MANAGED_PKG|
11:43:22.0 (13968526)|STATEMENT_EXECUTE|[163]
11:43:22.0 (13979158)|HEAP_ALLOCATE|[162]|Bytes:5
11:43:22.0 (13998877)|HEAP_ALLOCATE|[162]|Bytes:28
11:43:22.0 (14005722)|VARIABLE_SCOPE_BEGIN|[162]|PSetName|PermissionSet|true|false
11:43:22.0 (14027194)|VARIABLE_ASSIGNMENT|[162]|PSetName|{"s":1,"v":{"Id":"0PS36000000mmncGAA","Label":"00e1a000000MWaNAAW","Name":"X00e1a000000MWaNAAW","NamespacePrefix":"shiva15testns","UserLicenseId":"10036000000eSqEAAU","CreatedDate":"2016-03-08T19:00:02.000Z"}}|0x3d68115d
11:43:22.0 (14031923)|STATEMENT_EXECUTE|[162]
11:43:22.0 (14055964)|ENTERING_MANAGED_PKG|
11:43:22.0 (14065667)|STATEMENT_EXECUTE|[163]
11:43:22.0 (14076500)|HEAP_ALLOCATE|[162]|Bytes:5
11:43:22.0 (14096319)|HEAP_ALLOCATE|[162]|Bytes:28
11:43:22.0 (14103279)|VARIABLE_SCOPE_BEGIN|[162]|PSetName|PermissionSet|true|false
11:43:22.0 (14123933)|VARIABLE_ASSIGNMENT|[162]|PSetName|{"s":1,"v":{"Id":"0PS36000000mmndGAA","Label":"00e1a000000MWaOAAW","Name":"X00e1a000000MWaOAAW","NamespacePrefix":"shiva15testns","UserLicenseId":"10036000000eSqFAAU","CreatedDate":"2016-03-08T19:00:02.000Z"}}|0x621dd31f
11:43:22.0 (14128221)|STATEMENT_EXECUTE|[162]
11:43:22.0 (14148078)|ENTERING_MANAGED_PKG|
11:43:22.0 (14157521)|STATEMENT_EXECUTE|[163]
11:43:22.0 (14168160)|HEAP_ALLOCATE|[162]|Bytes:5
11:43:22.0 (14187878)|HEAP_ALLOCATE|[162]|Bytes:28
11:43:22.0 (14194904)|VARIABLE_SCOPE_BEGIN|[162]|PSetName|PermissionSet|true|false
11:43:22.0 (14215439)|VARIABLE_ASSIGNMENT|[162]|PSetName|{"s":1,"v":{"Id":"0PS36000000mmneGAA","Label":"00e1a000000MWaPAAW","Name":"X00e1a000000MWaPAAW","NamespacePrefix":"shiva15testns","UserLicenseId":"10036000000eSqGAAU","CreatedDate":"2016-03-08T19:00:02.000Z"}}|0x4eee09b8
11:43:22.0 (14220302)|STATEMENT_EXECUTE|[162]
11:43:22.0 (14240453)|ENTERING_MANAGED_PKG|
11:43:22.0 (14249860)|STATEMENT_EXECUTE|[163]
11:43:22.0 (14260263)|HEAP_ALLOCATE|[162]|Bytes:5
11:43:22.0 (14279951)|HEAP_ALLOCATE|[162]|Bytes:28
11:43:22.0 (14286873)|VARIABLE_SCOPE_BEGIN|[162]|PSetName|PermissionSet|true|false
11:43:22.0 (14311235)|VARIABLE_ASSIGNMENT|[162]|PSetName|{"s":1,"v":{"Id":"0PS36000000mmnfGAA","Label":"00e1a000000MWaQAAW","Name":"X00e1a000000MWaQAAW","NamespacePrefix":"shiva15testns","UserLicenseId":"10036000000eSqHAAU","CreatedDate":"2016-03-08T19:00:02.000Z"}}|0x2d897c23
11:43:22.0 (14316064)|STATEMENT_EXECUTE|[162]
11:43:22.0 (14336387)|ENTERING_MANAGED_PKG|
11:43:22.0 (14345971)|STATEMENT_EXECUTE|[163]
11:43:22.0 (14356862)|HEAP_ALLOCATE|[162]|Bytes:5
11:43:22.0 (14377149)|HEAP_ALLOCATE|[162]|Bytes:28
11:43:22.0 (14384191)|VARIABLE_SCOPE_BEGIN|[162]|PSetName|PermissionSet|true|false
11:43:22.0 (14405182)|VARIABLE_ASSIGNMENT|[162]|PSetName|{"s":1,"v":{"Id":"0PS36000000mmngGAA","Label":"00e1a000000MWaRAAW","Name":"X00e1a000000MWaRAAW","NamespacePrefix":"shiva15testns","UserLicenseId":"10036000000eSqIAAU","CreatedDate":"2016-03-08T19:00:02.000Z"}}|0x50967236
11:43:22.0 (14409767)|STATEMENT_EXECUTE|[162]
11:43:22.0 (14429498)|ENTERING_MANAGED_PKG|
11:43:22.0 (14438835)|STATEMENT_EXECUTE|[163]
11:43:22.0 (14449613)|HEAP_ALLOCATE|[162]|Bytes:5
11:43:22.0 (14469533)|HEAP_ALLOCATE|[162]|Bytes:28
11:43:22.0 (14476560)|VARIABLE_SCOPE_BEGIN|[162]|PSetName|PermissionSet|true|false
11:43:22.0 (14496960)|VARIABLE_ASSIGNMENT|[162]|PSetName|{"s":1,"v":{"Id":"0PS36000000mmnhGAA","Label":"00e1a000000MWaSAAW","Name":"X00e1a000000MWaSAAW","NamespacePrefix":"shiva15testns","UserLicenseId":"10036000000eSqJAAU","CreatedDate":"2016-03-08T19:00:02.000Z"}}|0x5c9fd610
11:43:22.0 (14501368)|STATEMENT_EXECUTE|[162]
11:43:22.0 (14521019)|ENTERING_MANAGED_PKG|
11:43:22.0 (14530936)|STATEMENT_EXECUTE|[163]
11:43:22.0 (14541696)|HEAP_ALLOCATE|[162]|Bytes:5
11:43:22.0 (14561793)|HEAP_ALLOCATE|[162]|Bytes:28
11:43:22.0 (14568748)|VARIABLE_SCOPE_BEGIN|[162]|PSetName|PermissionSet|true|false
11:43:22.0 (14589319)|VARIABLE_ASSIGNMENT|[162]|PSetName|{"s":1,"v":{"Id":"0PS36000000mmniGAA","Label":"00e1a000000MWaTAAW","Name":"X00e1a000000MWaTAAW","NamespacePrefix":"shiva15testns","UserLicenseId":"10036000000eSqJAAU","CreatedDate":"2016-03-08T19:00:02.000Z"}}|0x6282a7f2
11:43:22.0 (14593730)|STATEMENT_EXECUTE|[162]
11:43:22.0 (14613502)|ENTERING_MANAGED_PKG|
11:43:22.0 (14622856)|STATEMENT_EXECUTE|[163]
11:43:22.0 (14633572)|HEAP_ALLOCATE|[162]|Bytes:5
11:43:22.0 (14653212)|HEAP_ALLOCATE|[162]|Bytes:28
11:43:22.0 (14660137)|VARIABLE_SCOPE_BEGIN|[162]|PSetName|PermissionSet|true|false
11:43:22.0 (14680694)|VARIABLE_ASSIGNMENT|[162]|PSetName|{"s":1,"v":{"Id":"0PS36000000mmnjGAA","Label":"00e1a000000MWaUAAW","Name":"X00e1a000000MWaUAAW","NamespacePrefix":"shiva15testns","UserLicenseId":"10036000000eSqKAAU","CreatedDate":"2016-03-08T19:00:02.000Z"}}|0x40ca7e5
11:43:22.0 (14685583)|STATEMENT_EXECUTE|[162]
11:43:22.0 (14705615)|ENTERING_MANAGED_PKG|
11:43:22.0 (14715095)|STATEMENT_EXECUTE|[163]
11:43:22.0 (14725674)|HEAP_ALLOCATE|[162]|Bytes:5
11:43:22.0 (14745197)|HEAP_ALLOCATE|[162]|Bytes:28
11:43:22.0 (14752281)|VARIABLE_SCOPE_BEGIN|[162]|PSetName|PermissionSet|true|false
11:43:22.0 (14772756)|VARIABLE_ASSIGNMENT|[162]|PSetName|{"s":1,"v":{"Id":"0PS36000000mmnlGAA","Label":"00e1a000000N1LRAA0","Name":"X00e1a000000N1LRAA0","NamespacePrefix":"shiva15testns","UserLicenseId":"10036000000eSqLAAU","CreatedDate":"2016-03-08T19:00:02.000Z"}}|0x67e87290
11:43:22.0 (14777238)|STATEMENT_EXECUTE|[162]
11:43:22.0 (14797078)|ENTERING_MANAGED_PKG|
11:43:22.0 (14806504)|STATEMENT_EXECUTE|[163]
11:43:22.0 (14817018)|HEAP_ALLOCATE|[162]|Bytes:5
11:43:22.0 (14839842)|HEAP_ALLOCATE|[162]|Bytes:28
11:43:22.0 (14847771)|VARIABLE_SCOPE_BEGIN|[162]|PSetName|PermissionSet|true|false
11:43:22.0 (14868766)|VARIABLE_ASSIGNMENT|[162]|PSetName|{"s":1,"v":{"Id":"0PS36000000mmnmGAA","Label":"00e1a000000N1LSAA0","Name":"X00e1a000000N1LSAA0","NamespacePrefix":"shiva15testns","UserLicenseId":"10036000000eSqMAAU","CreatedDate":"2016-03-08T19:00:02.000Z"}}|0x45e5072b
11:43:22.0 (14873421)|STATEMENT_EXECUTE|[162]
11:43:22.0 (14893754)|ENTERING_MANAGED_PKG|
11:43:22.0 (14903288)|STATEMENT_EXECUTE|[163]
11:43:22.0 (14913891)|HEAP_ALLOCATE|[162]|Bytes:5
11:43:22.0 (14933894)|HEAP_ALLOCATE|[162]|Bytes:28
11:43:22.0 (14940909)|VARIABLE_SCOPE_BEGIN|[162]|PSetName|PermissionSet|true|false
11:43:22.0 (14961866)|VARIABLE_ASSIGNMENT|[162]|PSetName|{"s":1,"v":{"Id":"0PS36000000mmnnGAA","Label":"00e1a000000N1wKAAS","Name":"X00e1a000000N1wKAAS","NamespacePrefix":"shiva15testns","UserLicenseId":"10036000000eSqNAAU","CreatedDate":"2016-03-08T19:00:02.000Z"}}|0x322f8552
11:43:22.0 (14966141)|STATEMENT_EXECUTE|[162]
11:43:22.0 (14986285)|ENTERING_MANAGED_PKG|
11:43:22.0 (14995667)|STATEMENT_EXECUTE|[163]
11:43:22.0 (15006182)|HEAP_ALLOCATE|[162]|Bytes:5
11:43:22.0 (15027397)|HEAP_ALLOCATE|[162]|Bytes:28
11:43:22.0 (15034626)|VARIABLE_SCOPE_BEGIN|[162]|PSetName|PermissionSet|true|false
11:43:22.0 (15058893)|VARIABLE_ASSIGNMENT|[162]|PSetName|{"s":1,"v":{"Id":"0PS36000000mmnoGAA","Label":"00e1a000000N1wLAAS","Name":"X00e1a000000N1wLAAS","NamespacePrefix":"shiva15testns","UserLicenseId":"10036000000eSqNAAU","CreatedDate":"2016-03-08T19:00:02.000Z"}}|0x53fd3f7d
11:43:22.0 (15063469)|STATEMENT_EXECUTE|[162]
11:43:22.0 (15083738)|ENTERING_MANAGED_PKG|
11:43:22.0 (15093233)|STATEMENT_EXECUTE|[163]
11:43:22.0 (15103834)|HEAP_ALLOCATE|[162]|Bytes:5
11:43:22.0 (15123547)|HEAP_ALLOCATE|[162]|Bytes:28
11:43:22.0 (15130370)|VARIABLE_SCOPE_BEGIN|[162]|PSetName|PermissionSet|true|false
11:43:22.0 (15150964)|VARIABLE_ASSIGNMENT|[162]|PSetName|{"s":1,"v":{"Id":"0PS36000000mmnqGAA","Label":"00e1a000000MWaAAAW","Name":"X00e1a000000MWaAAAW","NamespacePrefix":"shiva15testns","UserLicenseId":"10036000000eSq1AAE","CreatedDate":"2016-03-08T19:00:02.000Z"}}|0x77a5ab60
11:43:22.0 (15155772)|STATEMENT_EXECUTE|[162]
11:43:22.0 (15175963)|ENTERING_MANAGED_PKG|
11:43:22.0 (15185294)|STATEMENT_EXECUTE|[163]
11:43:22.0 (15195651)|HEAP_ALLOCATE|[162]|Bytes:5
11:43:22.0 (15215329)|HEAP_ALLOCATE|[162]|Bytes:32
11:43:22.0 (15222254)|VARIABLE_SCOPE_BEGIN|[162]|PSetName|PermissionSet|true|false
11:43:22.0 (15244450)|VARIABLE_ASSIGNMENT|[162]|PSetName|{"s":1,"v":{"Id":"0PS36000000q71PGAQ","Label":"PermissionSet_Test","Name":"PermissionSet_Test","Description":"This is for testing  (11 more) ...","NamespacePrefix":"shiva15testns","UserLicenseId":"10036000000eSpyAAE","CreatedDate":"2016-03-20T22:41:12.000Z"}}|0x1a1436e0
11:43:22.0 (15249239)|STATEMENT_EXECUTE|[162]
11:43:22.0 (15269398)|ENTERING_MANAGED_PKG|
11:43:22.0 (15279014)|STATEMENT_EXECUTE|[163]
11:43:22.0 (15280683)|STATEMENT_EXECUTE|[166]
11:43:22.0 (15285645)|HEAP_ALLOCATE|[166]|Bytes:32
11:43:22.0 (15301323)|ENTERING_MANAGED_PKG|
11:43:22.0 (15305504)|HEAP_ALLOCATE|[166]|Bytes:18
11:43:22.0 (15327605)|ENTERING_MANAGED_PKG|
11:43:22.0 (15341257)|HEAP_ALLOCATE|[166]|Bytes:19
11:43:22.0 (15360035)|CONSTRUCTOR_ENTRY|[166]|01p36000005Jpvx|<init>(String,String,String,String,String,String,String)
11:43:22.0 (15365128)|VARIABLE_SCOPE_BEGIN|[1000]|this|shiva15testns.PermissionSetPortalControllers.PermissionSetClass|true|false
11:43:22.0 (15387414)|VARIABLE_ASSIGNMENT|[1000]|this|{}|0x3dcae116
11:43:22.0 (15390425)|VARIABLE_SCOPE_BEGIN|[1000]|label|String|false|false
11:43:22.0 (15395163)|VARIABLE_ASSIGNMENT|[1000]|label|"PermissionSet_Test"
11:43:22.0 (15396973)|VARIABLE_SCOPE_BEGIN|[1000]|apiName|String|false|false
11:43:22.0 (15399735)|VARIABLE_ASSIGNMENT|[1000]|apiName|"PermissionSet_Test"
11:43:22.0 (15401425)|VARIABLE_SCOPE_BEGIN|[1000]|id|String|false|false
11:43:22.0 (15404267)|VARIABLE_ASSIGNMENT|[1000]|id|"0PS36000000q71PGAQ"
11:43:22.0 (15405875)|VARIABLE_SCOPE_BEGIN|[1000]|description|String|false|false
11:43:22.0 (15409763)|VARIABLE_ASSIGNMENT|[1000]|description|"This is for testing  (11 more) ..."
11:43:22.0 (15411546)|VARIABLE_SCOPE_BEGIN|[1000]|namespacePrefix|String|false|false
11:43:22.0 (15414314)|VARIABLE_ASSIGNMENT|[1000]|namespacePrefix|"shiva15testns"
11:43:22.0 (15416337)|VARIABLE_SCOPE_BEGIN|[1000]|userLicenseId|String|false|false
11:43:22.0 (15420133)|VARIABLE_ASSIGNMENT|[1000]|userLicenseId|null
11:43:22.0 (15421841)|VARIABLE_SCOPE_BEGIN|[1000]|createdDate|String|false|false
11:43:22.0 (15424906)|VARIABLE_ASSIGNMENT|[1000]|createdDate|"2016-03-20 15:41:12"
11:43:22.0 (15427867)|STATEMENT_EXECUTE|[983]
11:43:22.0 (15429211)|STATEMENT_EXECUTE|[986]
11:43:22.0 (15430596)|STATEMENT_EXECUTE|[988]
11:43:22.0 (15431726)|STATEMENT_EXECUTE|[990]
11:43:22.0 (15432823)|STATEMENT_EXECUTE|[992]
11:43:22.0 (15433925)|STATEMENT_EXECUTE|[994]
11:43:22.0 (15435027)|STATEMENT_EXECUTE|[996]
11:43:22.0 (15436125)|STATEMENT_EXECUTE|[998]
11:43:22.0 (15447183)|STATEMENT_EXECUTE|[1001]
11:43:22.0 (15449105)|STATEMENT_EXECUTE|[1002]
11:43:22.0 (15471389)|VARIABLE_ASSIGNMENT|[EXTERNAL]|this|{}|0x3dcae116
11:43:22.0 (15477349)|VARIABLE_ASSIGNMENT|[EXTERNAL]|value|"PermissionSet_Test"
11:43:22.0 (15484705)|VARIABLE_ASSIGNMENT|[986]|this.label|"PermissionSet_Test"|0x3dcae116
11:43:22.0 (15491383)|STATEMENT_EXECUTE|[1003]
11:43:22.0 (15512532)|VARIABLE_ASSIGNMENT|[EXTERNAL]|this|{"label":"PermissionSet_Test"}|0x3dcae116
11:43:22.0 (15517569)|VARIABLE_ASSIGNMENT|[EXTERNAL]|value|"PermissionSet_Test"
11:43:22.0 (15523458)|VARIABLE_ASSIGNMENT|[988]|this.apiName|"PermissionSet_Test"|0x3dcae116
11:43:22.0 (15529386)|STATEMENT_EXECUTE|[1004]
11:43:22.0 (15550733)|VARIABLE_ASSIGNMENT|[EXTERNAL]|this|{"apiName":"PermissionSet_Test","label":"PermissionSet_Test"}|0x3dcae116
11:43:22.0 (15555530)|VARIABLE_ASSIGNMENT|[EXTERNAL]|value|"0PS36000000q71PGAQ"
11:43:22.0 (15561421)|VARIABLE_ASSIGNMENT|[990]|this.id|"0PS36000000q71PGAQ"|0x3dcae116
11:43:22.0 (15567108)|STATEMENT_EXECUTE|[1005]
11:43:22.0 (15589429)|VARIABLE_ASSIGNMENT|[EXTERNAL]|this|{"apiName":"PermissionSet_Test","id":"0PS36000000q71PGAQ","label":"PermissionSet_Test"}|0x3dcae116
11:43:22.0 (15595843)|VARIABLE_ASSIGNMENT|[EXTERNAL]|value|"This is for testing  (11 more) ..."
11:43:22.0 (15602561)|VARIABLE_ASSIGNMENT|[992]|this.description|"This is for testing  (11 more) ..."|0x3dcae116
11:43:22.0 (15608465)|STATEMENT_EXECUTE|[1006]
11:43:22.0 (15631273)|VARIABLE_ASSIGNMENT|[EXTERNAL]|this|{"apiName":"PermissionSet_Test","description":"This is for testing  (11 more) ...","id":"0PS36000000q71PGAQ","label":"PermissionSet_Test"}|0x3dcae116
11:43:22.0 (15636845)|VARIABLE_ASSIGNMENT|[EXTERNAL]|value|"shiva15testns"
11:43:22.0 (15642787)|VARIABLE_ASSIGNMENT|[994]|this.namespacePrefix|"shiva15testns"|0x3dcae116
11:43:22.0 (15648506)|STATEMENT_EXECUTE|[1007]
11:43:22.0 (15671764)|VARIABLE_ASSIGNMENT|[EXTERNAL]|this|{"apiName":"PermissionSet_Test","description":"This is for testing  (11 more) ...","id":"0PS36000000q71PGAQ","label":"PermissionSet_Test","namespacePrefix":"shiva15testns"}|0x3dcae116
11:43:22.0 (15678331)|VARIABLE_ASSIGNMENT|[EXTERNAL]|value|null
11:43:22.0 (15684611)|VARIABLE_ASSIGNMENT|[996]|this.userLicenseId|null|0x3dcae116
11:43:22.0 (15690709)|STATEMENT_EXECUTE|[1008]
11:43:22.0 (15714406)|VARIABLE_ASSIGNMENT|[EXTERNAL]|this|{"apiName":"PermissionSet_Test","description":"This is for testing  (11 more) ...","id":"0PS36000000q71PGAQ","label":"PermissionSet_Test","namespacePrefix":"shiva15testns"}|0x3dcae116
11:43:22.0 (15720506)|VARIABLE_ASSIGNMENT|[EXTERNAL]|value|"2016-03-20 15:41:12"
11:43:22.0 (15726828)|VARIABLE_ASSIGNMENT|[998]|this.createdDate|"2016-03-20 15:41:12"|0x3dcae116
11:43:22.0 (15740458)|CONSTRUCTOR_EXIT|[166]|01p36000005Jpvx|<init>(String,String,String,String,String,String,String)
11:43:22.0 (15762848)|VARIABLE_ASSIGNMENT|[166]|pSetObj|{"apiName":"PermissionSet_Test","createdDate":"2016-03-20 15:41:12","description":"This is for testing  (11 more) ...","id":"0PS36000000q71PGAQ","label":"PermissionSet_Test","namespacePrefix":"shiva15testns"}|0x3dcae116
11:43:22.0 (15766664)|STATEMENT_EXECUTE|[167]
11:43:22.0 (15778167)|ENTERING_MANAGED_PKG|
11:43:22.0 (15783144)|HEAP_ALLOCATE|[EXTERNAL]|Bytes:4
11:43:22.0 (15788627)|STATEMENT_EXECUTE|[168]
11:43:22.0 (15801018)|ENTERING_MANAGED_PKG|
11:43:22.0 (15852273)|HEAP_ALLOCATE|[168]|Bytes:231
11:43:22.0 (15868432)|HEAP_ALLOCATE|[168]|Bytes:255
11:43:22.0 (15880360)|ENTERING_MANAGED_PKG|
11:43:22.0 (15896654)|USER_DEBUG|[168]|ERROR|The PermissionSet Name: PermissionSet:{Id=0PS36000000q71PGAQ, Label=PermissionSet_Test, Name=PermissionSet_Test, Description=This is for testing Description, NamespacePrefix=shiva15testns, UserLicenseId=10036000000eSpyAAE, CreatedDate=2016-03-20 22:41:12}
11:43:22.0 (15915011)|HEAP_ALLOCATE|[162]|Bytes:5
11:43:22.0 (15936904)|HEAP_ALLOCATE|[162]|Bytes:32
11:43:22.0 (15944429)|VARIABLE_SCOPE_BEGIN|[162]|PSetName|PermissionSet|true|false
11:43:22.0 (15968777)|VARIABLE_ASSIGNMENT|[162]|PSetName|{"s":1,"v":{"Id":"0PS360000015WSaGAM","Label":"Permission_Set_Name","Name":"Permission_Set_Name","Description":"Permission Set Descr (11 more) ...","NamespacePrefix":"shiva15testns","UserLicenseId":"10036000000eSpyAAE","CreatedDate":"2016-04-28T18:12:07.000Z"}}|0x545f35e5
11:43:22.0 (15973834)|STATEMENT_EXECUTE|[162]
11:43:22.0 (15995197)|ENTERING_MANAGED_PKG|
11:43:22.0 (16004907)|STATEMENT_EXECUTE|[163]
11:43:22.0 (16007301)|STATEMENT_EXECUTE|[166]
11:43:22.0 (16012159)|HEAP_ALLOCATE|[166]|Bytes:32
11:43:22.0 (16029162)|ENTERING_MANAGED_PKG|
11:43:22.0 (16033387)|HEAP_ALLOCATE|[166]|Bytes:18
11:43:22.0 (16060341)|ENTERING_MANAGED_PKG|
11:43:22.0 (16073784)|HEAP_ALLOCATE|[166]|Bytes:19
11:43:22.0 (16092547)|CONSTRUCTOR_ENTRY|[166]|01p36000005Jpvx|<init>(String,String,String,String,String,String,String)
11:43:22.0 (16097801)|VARIABLE_SCOPE_BEGIN|[1000]|this|shiva15testns.PermissionSetPortalControllers.PermissionSetClass|true|false
11:43:22.0 (16118957)|VARIABLE_ASSIGNMENT|[1000]|this|{}|0x6b56216f
11:43:22.0 (16121739)|VARIABLE_SCOPE_BEGIN|[1000]|label|String|false|false
11:43:22.0 (16126589)|VARIABLE_ASSIGNMENT|[1000]|label|"Permission_Set_Name"
11:43:22.0 (16128434)|VARIABLE_SCOPE_BEGIN|[1000]|apiName|String|false|false
11:43:22.0 (16131228)|VARIABLE_ASSIGNMENT|[1000]|apiName|"Permission_Set_Name"
11:43:22.0 (16132842)|VARIABLE_SCOPE_BEGIN|[1000]|id|String|false|false
11:43:22.0 (16135656)|VARIABLE_ASSIGNMENT|[1000]|id|"0PS360000015WSaGAM"
11:43:22.0 (16137194)|VARIABLE_SCOPE_BEGIN|[1000]|description|String|false|false
11:43:22.0 (16140561)|VARIABLE_ASSIGNMENT|[1000]|description|"Permission Set Descr (11 more) ..."
11:43:22.0 (16142641)|VARIABLE_SCOPE_BEGIN|[1000]|namespacePrefix|String|false|false
11:43:22.0 (16145283)|VARIABLE_ASSIGNMENT|[1000]|namespacePrefix|"shiva15testns"
11:43:22.0 (16147077)|VARIABLE_SCOPE_BEGIN|[1000]|userLicenseId|String|false|false
11:43:22.0 (16150554)|VARIABLE_ASSIGNMENT|[1000]|userLicenseId|null
11:43:22.0 (16152228)|VARIABLE_SCOPE_BEGIN|[1000]|createdDate|String|false|false
11:43:22.0 (16154985)|VARIABLE_ASSIGNMENT|[1000]|createdDate|"2016-04-28 11:12:07"
11:43:22.0 (16157951)|STATEMENT_EXECUTE|[983]
11:43:22.0 (16159335)|STATEMENT_EXECUTE|[986]
11:43:22.0 (16160685)|STATEMENT_EXECUTE|[988]
11:43:22.0 (16161798)|STATEMENT_EXECUTE|[990]
11:43:22.0 (16162889)|STATEMENT_EXECUTE|[992]
11:43:22.0 (16164025)|STATEMENT_EXECUTE|[994]
11:43:22.0 (16165108)|STATEMENT_EXECUTE|[996]
11:43:22.0 (16166186)|STATEMENT_EXECUTE|[998]
11:43:22.0 (16176768)|STATEMENT_EXECUTE|[1001]
11:43:22.0 (16178521)|STATEMENT_EXECUTE|[1002]
11:43:22.0 (16200225)|VARIABLE_ASSIGNMENT|[EXTERNAL]|this|{}|0x6b56216f
11:43:22.0 (16209608)|VARIABLE_ASSIGNMENT|[EXTERNAL]|value|"Permission_Set_Name"
11:43:22.0 (16217523)|VARIABLE_ASSIGNMENT|[986]|this.label|"Permission_Set_Name"|0x6b56216f
11:43:22.0 (16224024)|STATEMENT_EXECUTE|[1003]
11:43:22.0 (16246181)|VARIABLE_ASSIGNMENT|[EXTERNAL]|this|{"label":"Permission_Set_Name"}|0x6b56216f
11:43:22.0 (16251157)|VARIABLE_ASSIGNMENT|[EXTERNAL]|value|"Permission_Set_Name"
11:43:22.0 (16256907)|VARIABLE_ASSIGNMENT|[988]|this.apiName|"Permission_Set_Name"|0x6b56216f
11:43:22.0 (16262782)|STATEMENT_EXECUTE|[1004]
11:43:22.0 (16284043)|VARIABLE_ASSIGNMENT|[EXTERNAL]|this|{"apiName":"Permission_Set_Name","label":"Permission_Set_Name"}|0x6b56216f
11:43:22.0 (16288949)|VARIABLE_ASSIGNMENT|[EXTERNAL]|value|"0PS360000015WSaGAM"
11:43:22.0 (16294872)|VARIABLE_ASSIGNMENT|[990]|this.id|"0PS360000015WSaGAM"|0x6b56216f
11:43:22.0 (16300482)|STATEMENT_EXECUTE|[1005]
11:43:22.0 (16322118)|VARIABLE_ASSIGNMENT|[EXTERNAL]|this|{"apiName":"Permission_Set_Name","id":"0PS360000015WSaGAM","label":"Permission_Set_Name"}|0x6b56216f
11:43:22.0 (16328204)|VARIABLE_ASSIGNMENT|[EXTERNAL]|value|"Permission Set Descr (11 more) ..."
11:43:22.0 (16334842)|VARIABLE_ASSIGNMENT|[992]|this.description|"Permission Set Descr (11 more) ..."|0x6b56216f
11:43:22.0 (16340783)|STATEMENT_EXECUTE|[1006]
11:43:22.0 (16363202)|VARIABLE_ASSIGNMENT|[EXTERNAL]|this|{"apiName":"Permission_Set_Name","description":"Permission Set Descr (11 more) ...","id":"0PS360000015WSaGAM","label":"Permission_Set_Name"}|0x6b56216f
11:43:22.0 (16368670)|VARIABLE_ASSIGNMENT|[EXTERNAL]|value|"shiva15testns"
11:43:22.0 (16374733)|VARIABLE_ASSIGNMENT|[994]|this.namespacePrefix|"shiva15testns"|0x6b56216f
11:43:22.0 (16380443)|STATEMENT_EXECUTE|[1007]
11:43:22.0 (16403315)|VARIABLE_ASSIGNMENT|[EXTERNAL]|this|{"apiName":"Permission_Set_Name","description":"Permission Set Descr (11 more) ...","id":"0PS360000015WSaGAM","label":"Permission_Set_Name","namespacePrefix":"shiva15testns"}|0x6b56216f
11:43:22.0 (16409785)|VARIABLE_ASSIGNMENT|[EXTERNAL]|value|null
11:43:22.0 (16416275)|VARIABLE_ASSIGNMENT|[996]|this.userLicenseId|null|0x6b56216f
11:43:22.0 (16422332)|STATEMENT_EXECUTE|[1008]
11:43:22.0 (16446450)|VARIABLE_ASSIGNMENT|[EXTERNAL]|this|{"apiName":"Permission_Set_Name","description":"Permission Set Descr (11 more) ...","id":"0PS360000015WSaGAM","label":"Permission_Set_Name","namespacePrefix":"shiva15testns"}|0x6b56216f
11:43:22.0 (16452110)|VARIABLE_ASSIGNMENT|[EXTERNAL]|value|"2016-04-28 11:12:07"
11:43:22.0 (16458170)|VARIABLE_ASSIGNMENT|[998]|this.createdDate|"2016-04-28 11:12:07"|0x6b56216f
11:43:22.0 (16471608)|CONSTRUCTOR_EXIT|[166]|01p36000005Jpvx|<init>(String,String,String,String,String,String,String)
11:43:22.0 (16494313)|VARIABLE_ASSIGNMENT|[166]|pSetObj|{"apiName":"Permission_Set_Name","createdDate":"2016-04-28 11:12:07","description":"Permission Set Descr (11 more) ...","id":"0PS360000015WSaGAM","label":"Permission_Set_Name","namespacePrefix":"shiva15testns"}|0x6b56216f
11:43:22.0 (16498337)|STATEMENT_EXECUTE|[167]
11:43:22.0 (16509617)|ENTERING_MANAGED_PKG|
11:43:22.0 (16514387)|HEAP_ALLOCATE|[EXTERNAL]|Bytes:4
11:43:22.0 (16519952)|STATEMENT_EXECUTE|[168]
11:43:22.0 (16532606)|ENTERING_MANAGED_PKG|
11:43:22.0 (16579039)|HEAP_ALLOCATE|[168]|Bytes:233
11:43:22.0 (16594453)|HEAP_ALLOCATE|[168]|Bytes:257
11:43:22.0 (16606011)|ENTERING_MANAGED_PKG|
11:43:22.0 (16621461)|USER_DEBUG|[168]|ERROR|The PermissionSet Name: PermissionSet:{Id=0PS360000015WSaGAM, Label=Permission_Set_Name, Name=Permission_Set_Name, Description=Permission Set Description Test, NamespacePrefix=shiva15testns, UserLicenseId=10036000000eSpyAAE, CreatedDate=2016-04-28 18:12:07}
11:43:22.0 (16639003)|HEAP_ALLOCATE|[162]|Bytes:5
11:43:22.0 (16652419)|VARIABLE_ASSIGNMENT|[162]|PSetName|null|
11:43:22.0 (16655937)|STATEMENT_EXECUTE|[171]
11:43:22.0 (16667061)|SYSTEM_MODE_EXIT|false
11:43:22.16 (16708601)|CUMULATIVE_LIMIT_USAGE
11:43:22.16 (16708601)|LIMIT_USAGE_FOR_NS|(default)|
  Number of SOQL queries: 0 out of 100
  Number of query rows: 0 out of 50000
  Number of SOSL queries: 0 out of 20
  Number of DML statements: 0 out of 150
  Number of DML rows: 0 out of 10000
  Maximum CPU time: 0 out of 10000
  Maximum heap size: 0 out of 6000000
  Number of callouts: 0 out of 100
  Number of Email Invocations: 0 out of 10
  Number of future calls: 0 out of 50
  Number of queueable jobs added to the queue: 0 out of 50
  Number of Mobile Apex push calls: 0 out of 10

11:43:22.16 (16708601)|LIMIT_USAGE_FOR_NS|shiva15testns|
  Number of SOQL queries: 1 out of 100
  Number of query rows: 42 out of 50000
  Number of SOSL queries: 0 out of 20
  Number of DML statements: 0 out of 150
  Number of DML rows: 0 out of 10000
  Maximum CPU time: 0 out of 10000
  Maximum heap size: 0 out of 6000000
  Number of callouts: 0 out of 100
  Number of Email Invocations: 0 out of 10
  Number of future calls: 0 out of 50
  Number of queueable jobs added to the queue: 0 out of 50
  Number of Mobile Apex push calls: 0 out of 10

11:43:22.16 (16708601)|CUMULATIVE_LIMIT_USAGE_END

11:43:22.0 (16764568)|CODE_UNIT_FINISHED|PermissionSetPortalControllers.getAllPermissionSets
11:43:22.0 (19759219)|EXECUTION_FINISHED
11:43:22.22 (22477430)|EXECUTION_STARTED
11:43:22.22 (22486319)|CODE_UNIT_STARTED|[EXTERNAL]|Aura
11:43:22.22 (22529841)|CODE_UNIT_FINISHED|Aura
11:43:22.22 (23857852)|EXECUTION_FINISHED
11:43:22.24 (24904059)|EXECUTION_STARTED
11:43:22.24 (24914350)|CODE_UNIT_STARTED|[EXTERNAL]|Aura
11:43:22.24 (24980422)|CODE_UNIT_FINISHED|Aura
11:43:22.24 (26188938)|EXECUTION_FINISHED
11:43:22.27 (27238065)|EXECUTION_STARTED
11:43:22.27 (27248759)|CODE_UNIT_STARTED|[EXTERNAL]|Aura
11:43:22.27 (27319225)|CODE_UNIT_FINISHED|Aura
11:43:22.27 (28908168)|EXECUTION_FINISHED
11:43:22.30 (30253295)|EXECUTION_STARTED
11:43:22.30 (30263603)|CODE_UNIT_STARTED|[EXTERNAL]|Aura
11:43:22.30 (30329246)|CODE_UNIT_FINISHED|Aura
11:43:22.30 (32141316)|EXECUTION_FINISHED
11:43:22.33 (33347801)|EXECUTION_STARTED
11:43:22.33 (33358819)|CODE_UNIT_STARTED|[EXTERNAL]|Aura
11:43:22.33 (33428741)|CODE_UNIT_FINISHED|Aura
11:43:22.33 (34448867)|EXECUTION_FINISHED
11:43:22.35 (35437000)|EXECUTION_STARTED
11:43:22.35 (35447311)|CODE_UNIT_STARTED|[EXTERNAL]|Aura
11:43:22.35 (35516375)|CODE_UNIT_FINISHED|Aura
11:43:22.35 (36794673)|EXECUTION_FINISHED
