36.0 APEX_CODE,FINEST;APEX_PROFILING,INFO;CALLOUT,INFO;DB,INFO;SYSTEM,DEBUG;VALIDATION,INFO;VISUALFORCE,INFO;WORKFLOW,INFO
19:19:26.0 (434963)|EXECUTION_STARTED
19:19:26.0 (473441)|CODE_UNIT_STARTED|[EXTERNAL]|01p36000005Jpvx|PermissionSetPortalControllers.getAllPermissionSets
19:19:26.0 (1288453)|VARIABLE_SCOPE_BEGIN|[3]|PermissionSetPortalControllers.AllPermissionSets|List<PermissionSet>|true|true
19:19:26.0 (1467990)|VARIABLE_SCOPE_BEGIN|[10]|PermissionSetPortalControllers.accountField|Set<String>|true|true
19:19:26.0 (1560345)|VARIABLE_SCOPE_BEGIN|[5]|PermissionSetPortalControllers.allObjectsOfOrg|List<shiva15testns.PermissionSetPortalControllers.ObjectDetailsClass>|true|true
19:19:26.0 (1570116)|VARIABLE_SCOPE_BEGIN|[9]|PermissionSetPortalControllers.contactsField|Set<String>|true|true
19:19:26.0 (1574650)|VARIABLE_SCOPE_BEGIN|[7]|PermissionSetPortalControllers.isNotSystemSObjectList|Set<String>|true|true
19:19:26.0 (1768300)|HEAP_ALLOCATE|[72]|Bytes:3
19:19:26.0 (1839309)|HEAP_ALLOCATE|[77]|Bytes:152
19:19:26.0 (1857160)|HEAP_ALLOCATE|[342]|Bytes:408
19:19:26.0 (1874763)|HEAP_ALLOCATE|[355]|Bytes:408
19:19:26.0 (1891380)|HEAP_ALLOCATE|[467]|Bytes:48
19:19:26.0 (1955213)|HEAP_ALLOCATE|[139]|Bytes:6
19:19:26.0 (1976615)|HEAP_ALLOCATE|[EXTERNAL]|Bytes:168
19:19:26.0 (2003645)|HEAP_ALLOCATE|[EXTERNAL]|Bytes:89
19:19:26.0 (2008763)|HEAP_ALLOCATE|[EXTERNAL]|Bytes:344
19:19:26.0 (2048481)|METHOD_ENTRY|[1]|01p36000005Jpvx|PermissionSetPortalControllers.PermissionSetPortalControllers()
19:19:26.0 (2054120)|STATEMENT_EXECUTE|[1]
19:19:26.0 (2060286)|STATEMENT_EXECUTE|[1]
19:19:26.0 (2098162)|HEAP_ALLOCATE|[50]|Bytes:5
19:19:26.0 (2126626)|HEAP_ALLOCATE|[56]|Bytes:5
19:19:26.0 (2135459)|HEAP_ALLOCATE|[64]|Bytes:7
19:19:26.0 (2171354)|SYSTEM_MODE_ENTER|false
19:19:26.0 (2191154)|HEAP_ALLOCATE|[9]|Bytes:5
19:19:26.0 (2196094)|STATEMENT_EXECUTE|[9]
19:19:26.0 (2216931)|HEAP_ALLOCATE|[9]|Bytes:4
19:19:26.0 (2263513)|ENTERING_MANAGED_PKG|
19:19:26.0 (2390949)|VARIABLE_ASSIGNMENT|[9]|PermissionSetPortalControllers.contactsField|{"s":1,"v":[]}|0x3c384108
19:19:26.0 (2396388)|STATEMENT_EXECUTE|[10]
19:19:26.0 (2401778)|HEAP_ALLOCATE|[10]|Bytes:4
19:19:26.0 (2415954)|ENTERING_MANAGED_PKG|
19:19:26.0 (2451835)|VARIABLE_ASSIGNMENT|[10]|PermissionSetPortalControllers.accountField|{"s":1,"v":[]}|0x445b618c
19:19:26.0 (2456252)|STATEMENT_EXECUTE|[1037]
19:19:26.0 (2457821)|STATEMENT_EXECUTE|[1066]
19:19:26.0 (2459012)|STATEMENT_EXECUTE|[1094]
19:19:26.0 (2460460)|STATEMENT_EXECUTE|[1123]
19:19:26.0 (2461555)|STATEMENT_EXECUTE|[1139]
19:19:26.0 (2462685)|STATEMENT_EXECUTE|[1156]
19:19:26.0 (2463855)|STATEMENT_EXECUTE|[1167]
19:19:26.0 (2464888)|STATEMENT_EXECUTE|[1172]
19:19:26.0 (2475968)|SYSTEM_MODE_EXIT|false
19:19:26.0 (2506595)|METHOD_EXIT|[1]|PermissionSetPortalControllers
19:19:26.0 (2529678)|SYSTEM_MODE_ENTER|false
19:19:26.0 (2548178)|HEAP_ALLOCATE|[157]|Bytes:5
19:19:26.0 (2552848)|STATEMENT_EXECUTE|[156]
19:19:26.0 (2554253)|STATEMENT_EXECUTE|[157]
19:19:26.0 (2555199)|STATEMENT_EXECUTE|[157]
19:19:26.0 (2556391)|STATEMENT_EXECUTE|[158]
19:19:26.0 (2559767)|HEAP_ALLOCATE|[158]|Bytes:99
19:19:26.0 (2570923)|HEAP_ALLOCATE|[158]|Bytes:4
19:19:26.0 (3715356)|SOQL_EXECUTE_BEGIN|[158]|Aggregations:0|SELECT Id, label, Name, Description, NamespacePrefix, UserLicenseId, CreatedDate FROM PermissionSet
19:19:26.0 (7344452)|SOQL_EXECUTE_END|[158]|Rows:44
19:19:26.0 (7362118)|HEAP_ALLOCATE|[158]|Bytes:180
19:19:26.0 (7463810)|HEAP_ALLOCATE|[158]|Bytes:7830
19:19:26.0 (7502669)|HEAP_ALLOCATE|[158]|Bytes:180
19:19:26.0 (7535744)|VARIABLE_ASSIGNMENT|[158]|PermissionSetPortalControllers.AllPermissionSets|{"s":1,"v":"List of size 44 too large to display"}|0x5cfd101b
19:19:26.0 (7649621)|ENTERING_MANAGED_PKG|
19:19:26.0 (7697715)|STATEMENT_EXECUTE|[159]
19:19:26.0 (7701997)|STATEMENT_EXECUTE|[160]
19:19:26.0 (7864140)|VARIABLE_SCOPE_BEGIN|[160]|pSetObj|shiva15testns.PermissionSetPortalControllers.PermissionSetClass|true|false
19:19:26.0 (7877754)|VARIABLE_ASSIGNMENT|[160]|pSetObj|null|
19:19:26.0 (7880605)|STATEMENT_EXECUTE|[161]
19:19:26.0 (7887653)|HEAP_ALLOCATE|[161]|Bytes:4
19:19:26.0 (7934037)|ENTERING_MANAGED_PKG|
19:19:26.0 (7952358)|VARIABLE_SCOPE_BEGIN|[161]|permissionSetsLst|List<shiva15testns.PermissionSetPortalControllers.PermissionSetClass>|true|false
19:19:26.0 (7977345)|HEAP_ALLOCATE|[EXTERNAL]|Bytes:4
19:19:26.0 (7990274)|VARIABLE_ASSIGNMENT|[161]|permissionSetsLst|{"s":1,"v":[]}|0x79d649c7
19:19:26.0 (8008809)|ENTERING_MANAGED_PKG|
19:19:26.0 (8250405)|HEAP_ALLOCATE|[162]|Bytes:5
19:19:26.0 (8315848)|HEAP_ALLOCATE|[162]|Bytes:28
19:19:26.0 (8329942)|VARIABLE_SCOPE_BEGIN|[162]|PSetName|PermissionSet|true|false
19:19:26.0 (8407696)|VARIABLE_ASSIGNMENT|[162]|PSetName|{"s":1,"v":{"Id":"0PS36000000mmnFGAQ","Label":"00e1a000000MWa8AAG","Name":"X00e1a000000MWa8AAG","NamespacePrefix":"shiva15testns","UserLicenseId":"10036000000eSpzAAE","CreatedDate":"2016-03-08T19:00:02.000Z"}}|0x6d13af7d
19:19:26.0 (8414409)|STATEMENT_EXECUTE|[162]
19:19:26.0 (8444334)|HEAP_ALLOCATE|[163]|Bytes:3
19:19:26.0 (8479094)|ENTERING_MANAGED_PKG|
19:19:26.0 (8522984)|STATEMENT_EXECUTE|[163]
19:19:26.0 (8542530)|HEAP_ALLOCATE|[162]|Bytes:5
19:19:26.0 (8576427)|HEAP_ALLOCATE|[162]|Bytes:28
19:19:26.0 (8589509)|VARIABLE_SCOPE_BEGIN|[162]|PSetName|PermissionSet|true|false
19:19:26.0 (8627710)|VARIABLE_ASSIGNMENT|[162]|PSetName|{"s":1,"v":{"Id":"0PS36000000mmnGGAQ","Label":"00ex00000018ozl_128_ (10 more) ...","Name":"X00ex00000018ozl_128 (11 more) ...","NamespacePrefix":"shiva15testns","UserLicenseId":"10036000000eSpyAAE","CreatedDate":"2016-03-08T19:00:02.000Z"}}|0x61694725
19:19:26.0 (8635341)|STATEMENT_EXECUTE|[162]
19:19:26.0 (8665542)|ENTERING_MANAGED_PKG|
19:19:26.0 (8682409)|STATEMENT_EXECUTE|[163]
19:19:26.0 (8698528)|HEAP_ALLOCATE|[162]|Bytes:5
19:19:26.0 (8729451)|HEAP_ALLOCATE|[162]|Bytes:28
19:19:26.0 (8741566)|VARIABLE_SCOPE_BEGIN|[162]|PSetName|PermissionSet|true|false
19:19:26.0 (8776432)|VARIABLE_ASSIGNMENT|[162]|PSetName|{"s":1,"v":{"Id":"0PS36000000mmnHGAQ","Label":"00ex00000018ozm_128_ (10 more) ...","Name":"X00ex00000018ozm_128 (11 more) ...","NamespacePrefix":"shiva15testns","UserLicenseId":"10036000000eSpyAAE","CreatedDate":"2016-03-08T19:00:02.000Z"}}|0x5791a0b6
19:19:26.0 (8783392)|STATEMENT_EXECUTE|[162]
19:19:26.0 (8812353)|ENTERING_MANAGED_PKG|
19:19:26.0 (8828854)|STATEMENT_EXECUTE|[163]
19:19:26.0 (8844534)|HEAP_ALLOCATE|[162]|Bytes:5
19:19:26.0 (8874771)|HEAP_ALLOCATE|[162]|Bytes:28
19:19:26.0 (8887250)|VARIABLE_SCOPE_BEGIN|[162]|PSetName|PermissionSet|true|false
19:19:26.0 (8922692)|VARIABLE_ASSIGNMENT|[162]|PSetName|{"s":1,"v":{"Id":"0PS36000000mmnIGAQ","Label":"00ex00000018ozk_128_ (10 more) ...","Name":"X00ex00000018ozk_128 (11 more) ...","NamespacePrefix":"shiva15testns","UserLicenseId":"10036000000eSpyAAE","CreatedDate":"2016-03-08T19:00:02.000Z"}}|0x33b37d12
19:19:26.0 (8930173)|STATEMENT_EXECUTE|[162]
19:19:26.0 (8958070)|ENTERING_MANAGED_PKG|
19:19:26.0 (8974611)|STATEMENT_EXECUTE|[163]
19:19:26.0 (8990507)|HEAP_ALLOCATE|[162]|Bytes:5
19:19:26.0 (9020457)|HEAP_ALLOCATE|[162]|Bytes:28
19:19:26.0 (9040640)|VARIABLE_SCOPE_BEGIN|[162]|PSetName|PermissionSet|true|false
19:19:26.0 (9076855)|VARIABLE_ASSIGNMENT|[162]|PSetName|{"s":1,"v":{"Id":"0PS36000000mmnJGAQ","Label":"00ex00000018ozj_128_ (10 more) ...","Name":"X00ex00000018ozj_128 (11 more) ...","NamespacePrefix":"shiva15testns","UserLicenseId":"10036000000eSpyAAE","CreatedDate":"2016-03-08T19:00:02.000Z"}}|0x432b545e
19:19:26.0 (9083334)|STATEMENT_EXECUTE|[162]
19:19:26.0 (9112986)|ENTERING_MANAGED_PKG|
19:19:26.0 (9128357)|STATEMENT_EXECUTE|[163]
19:19:26.0 (9143155)|HEAP_ALLOCATE|[162]|Bytes:5
19:19:26.0 (9171218)|HEAP_ALLOCATE|[162]|Bytes:28
19:19:26.0 (9182020)|VARIABLE_SCOPE_BEGIN|[162]|PSetName|PermissionSet|true|false
19:19:26.0 (9219801)|VARIABLE_ASSIGNMENT|[162]|PSetName|{"s":1,"v":{"Id":"0PS36000000mmnKGAQ","Label":"00ex00000018ozo_128_ (10 more) ...","Name":"X00ex00000018ozo_128 (11 more) ...","NamespacePrefix":"shiva15testns","UserLicenseId":"10036000000eSpyAAE","CreatedDate":"2016-03-08T19:00:02.000Z"}}|0x68d07371
19:19:26.0 (9226586)|STATEMENT_EXECUTE|[162]
19:19:26.0 (9256012)|ENTERING_MANAGED_PKG|
19:19:26.0 (9272422)|STATEMENT_EXECUTE|[163]
19:19:26.0 (9288185)|HEAP_ALLOCATE|[162]|Bytes:5
19:19:26.0 (9323502)|HEAP_ALLOCATE|[162]|Bytes:28
19:19:26.0 (9335854)|VARIABLE_SCOPE_BEGIN|[162]|PSetName|PermissionSet|true|false
19:19:26.0 (9369985)|VARIABLE_ASSIGNMENT|[162]|PSetName|{"s":1,"v":{"Id":"0PS36000000mmnLGAQ","Label":"00ex00000018ozh_128_ (10 more) ...","Name":"X00ex00000018ozh_128 (11 more) ...","NamespacePrefix":"shiva15testns","UserLicenseId":"10036000000eSpyAAE","CreatedDate":"2016-03-08T19:00:02.000Z"}}|0x321efacd
19:19:26.0 (9376406)|STATEMENT_EXECUTE|[162]
19:19:26.0 (9404786)|ENTERING_MANAGED_PKG|
19:19:26.0 (9420213)|STATEMENT_EXECUTE|[163]
19:19:26.0 (9436241)|HEAP_ALLOCATE|[162]|Bytes:5
19:19:26.0 (9465792)|HEAP_ALLOCATE|[162]|Bytes:28
19:19:26.0 (9477158)|VARIABLE_SCOPE_BEGIN|[162]|PSetName|PermissionSet|true|false
19:19:26.0 (9508966)|VARIABLE_ASSIGNMENT|[162]|PSetName|{"s":1,"v":{"Id":"0PS36000000mmnMGAQ","Label":"00ex00000018ozq_128_ (11 more) ...","Name":"X00ex00000018ozq_128 (12 more) ...","NamespacePrefix":"shiva15testns","UserLicenseId":"10036000000eSpyAAE","CreatedDate":"2016-03-08T19:00:02.000Z"}}|0x1aed4a71
19:19:26.0 (9515923)|STATEMENT_EXECUTE|[162]
19:19:26.0 (9543651)|ENTERING_MANAGED_PKG|
19:19:26.0 (9559613)|STATEMENT_EXECUTE|[163]
19:19:26.0 (9575481)|HEAP_ALLOCATE|[162]|Bytes:5
19:19:26.0 (9604951)|HEAP_ALLOCATE|[162]|Bytes:28
19:19:26.0 (9616891)|VARIABLE_SCOPE_BEGIN|[162]|PSetName|PermissionSet|true|false
19:19:26.0 (9648957)|VARIABLE_ASSIGNMENT|[162]|PSetName|{"s":1,"v":{"Id":"0PS36000000mmnNGAQ","Label":"00ex00000018ozp_128_ (10 more) ...","Name":"X00ex00000018ozp_128 (11 more) ...","NamespacePrefix":"shiva15testns","UserLicenseId":"10036000000eSpyAAE","CreatedDate":"2016-03-08T19:00:02.000Z"}}|0x3fd74d6
19:19:26.0 (9655716)|STATEMENT_EXECUTE|[162]
19:19:26.0 (9683474)|ENTERING_MANAGED_PKG|
19:19:26.0 (9699035)|STATEMENT_EXECUTE|[163]
19:19:26.0 (9715399)|HEAP_ALLOCATE|[162]|Bytes:5
19:19:26.0 (9754297)|HEAP_ALLOCATE|[162]|Bytes:28
19:19:26.0 (9766525)|VARIABLE_SCOPE_BEGIN|[162]|PSetName|PermissionSet|true|false
19:19:26.0 (9797846)|VARIABLE_ASSIGNMENT|[162]|PSetName|{"s":1,"v":{"Id":"0PS36000000mmnOGAQ","Label":"00ex00000018ozn_128_ (10 more) ...","Name":"X00ex00000018ozn_128 (11 more) ...","NamespacePrefix":"shiva15testns","UserLicenseId":"10036000000eSpyAAE","CreatedDate":"2016-03-08T19:00:02.000Z"}}|0x685dc423
19:19:26.0 (9804037)|STATEMENT_EXECUTE|[162]
19:19:26.0 (9830506)|ENTERING_MANAGED_PKG|
19:19:26.0 (9844800)|STATEMENT_EXECUTE|[163]
19:19:26.0 (9859120)|HEAP_ALLOCATE|[162]|Bytes:5
19:19:26.0 (9886284)|HEAP_ALLOCATE|[162]|Bytes:28
19:19:26.0 (9897248)|VARIABLE_SCOPE_BEGIN|[162]|PSetName|PermissionSet|true|false
19:19:26.0 (9927267)|VARIABLE_ASSIGNMENT|[162]|PSetName|{"s":1,"v":{"Id":"0PS36000000mmnPGAQ","Label":"00e1a000000MWa9AAG","Name":"X00e1a000000MWa9AAG","NamespacePrefix":"shiva15testns","UserLicenseId":"10036000000eSq0AAE","CreatedDate":"2016-03-08T19:00:02.000Z"}}|0x2d508377
19:19:26.0 (9933323)|STATEMENT_EXECUTE|[162]
19:19:26.0 (9963150)|ENTERING_MANAGED_PKG|
19:19:26.0 (9980061)|STATEMENT_EXECUTE|[163]
19:19:26.0 (9996538)|HEAP_ALLOCATE|[162]|Bytes:5
19:19:26.0 (10025921)|HEAP_ALLOCATE|[162]|Bytes:28
19:19:26.0 (10039053)|VARIABLE_SCOPE_BEGIN|[162]|PSetName|PermissionSet|true|false
19:19:26.0 (10070203)|VARIABLE_ASSIGNMENT|[162]|PSetName|{"s":1,"v":{"Id":"0PS36000000mmnQGAQ","Label":"00e1a000000MWaBAAW","Name":"X00e1a000000MWaBAAW","NamespacePrefix":"shiva15testns","UserLicenseId":"10036000000eSq2AAE","CreatedDate":"2016-03-08T19:00:02.000Z"}}|0x5d1efa6e
19:19:26.0 (10076914)|STATEMENT_EXECUTE|[162]
19:19:26.0 (10105532)|ENTERING_MANAGED_PKG|
19:19:26.0 (10129146)|STATEMENT_EXECUTE|[163]
19:19:26.0 (10145249)|HEAP_ALLOCATE|[162]|Bytes:5
19:19:26.0 (10175892)|HEAP_ALLOCATE|[162]|Bytes:28
19:19:26.0 (10187820)|VARIABLE_SCOPE_BEGIN|[162]|PSetName|PermissionSet|true|false
19:19:26.0 (10218902)|VARIABLE_ASSIGNMENT|[162]|PSetName|{"s":1,"v":{"Id":"0PS36000000mmnRGAQ","Label":"00e1a000000MWaCAAW","Name":"X00e1a000000MWaCAAW","NamespacePrefix":"shiva15testns","UserLicenseId":"10036000000eSq3AAE","CreatedDate":"2016-03-08T19:00:02.000Z"}}|0x35ad7edf
19:19:26.0 (10225270)|STATEMENT_EXECUTE|[162]
19:19:26.0 (10253112)|ENTERING_MANAGED_PKG|
19:19:26.0 (10270081)|STATEMENT_EXECUTE|[163]
19:19:26.0 (10286382)|HEAP_ALLOCATE|[162]|Bytes:5
19:19:26.0 (10321198)|HEAP_ALLOCATE|[162]|Bytes:28
19:19:26.0 (10333953)|VARIABLE_SCOPE_BEGIN|[162]|PSetName|PermissionSet|true|false
19:19:26.0 (10364293)|VARIABLE_ASSIGNMENT|[162]|PSetName|{"s":1,"v":{"Id":"0PS36000000mmnSGAQ","Label":"00e1a000000MWaDAAW","Name":"X00e1a000000MWaDAAW","NamespacePrefix":"shiva15testns","UserLicenseId":"10036000000eSq4AAE","CreatedDate":"2016-03-08T19:00:02.000Z"}}|0x33d7d895
19:19:26.0 (10370651)|STATEMENT_EXECUTE|[162]
19:19:26.0 (10404215)|ENTERING_MANAGED_PKG|
19:19:26.0 (10422838)|STATEMENT_EXECUTE|[163]
19:19:26.0 (10438261)|HEAP_ALLOCATE|[162]|Bytes:5
19:19:26.0 (10465336)|HEAP_ALLOCATE|[162]|Bytes:28
19:19:26.0 (10476533)|VARIABLE_SCOPE_BEGIN|[162]|PSetName|PermissionSet|true|false
19:19:26.0 (10506630)|VARIABLE_ASSIGNMENT|[162]|PSetName|{"s":1,"v":{"Id":"0PS36000000mmnTGAQ","Label":"00e1a000000MWaEAAW","Name":"X00e1a000000MWaEAAW","NamespacePrefix":"shiva15testns","UserLicenseId":"10036000000eSq5AAE","CreatedDate":"2016-03-08T19:00:02.000Z"}}|0x1a35aea3
19:19:26.0 (10512602)|STATEMENT_EXECUTE|[162]
19:19:26.0 (10539117)|ENTERING_MANAGED_PKG|
19:19:26.0 (10553353)|STATEMENT_EXECUTE|[163]
19:19:26.0 (10567929)|HEAP_ALLOCATE|[162]|Bytes:5
19:19:26.0 (10599388)|HEAP_ALLOCATE|[162]|Bytes:28
19:19:26.0 (10611474)|VARIABLE_SCOPE_BEGIN|[162]|PSetName|PermissionSet|true|false
19:19:26.0 (10642420)|VARIABLE_ASSIGNMENT|[162]|PSetName|{"s":1,"v":{"Id":"0PS36000000mmnUGAQ","Label":"00e1a000000MWaFAAW","Name":"X00e1a000000MWaFAAW","NamespacePrefix":"shiva15testns","UserLicenseId":"10036000000eSq6AAE","CreatedDate":"2016-03-08T19:00:02.000Z"}}|0x30d2fa01
19:19:26.0 (10649340)|STATEMENT_EXECUTE|[162]
19:19:26.0 (10678723)|ENTERING_MANAGED_PKG|
19:19:26.0 (10695101)|STATEMENT_EXECUTE|[163]
19:19:26.0 (10711547)|HEAP_ALLOCATE|[162]|Bytes:5
19:19:26.0 (10741673)|HEAP_ALLOCATE|[162]|Bytes:28
19:19:26.0 (10754350)|VARIABLE_SCOPE_BEGIN|[162]|PSetName|PermissionSet|true|false
19:19:26.0 (10785248)|VARIABLE_ASSIGNMENT|[162]|PSetName|{"s":1,"v":{"Id":"0PS36000000mmnVGAQ","Label":"00e1a000000MWaGAAW","Name":"X00e1a000000MWaGAAW","NamespacePrefix":"shiva15testns","UserLicenseId":"10036000000eSq7AAE","CreatedDate":"2016-03-08T19:00:02.000Z"}}|0x6ed73142
19:19:26.0 (10791611)|STATEMENT_EXECUTE|[162]
19:19:26.0 (10819056)|ENTERING_MANAGED_PKG|
19:19:26.0 (10835610)|STATEMENT_EXECUTE|[163]
19:19:26.0 (10851516)|HEAP_ALLOCATE|[162]|Bytes:5
19:19:26.0 (10881735)|HEAP_ALLOCATE|[162]|Bytes:28
19:19:26.0 (10893917)|VARIABLE_SCOPE_BEGIN|[162]|PSetName|PermissionSet|true|false
19:19:26.0 (10924473)|VARIABLE_ASSIGNMENT|[162]|PSetName|{"s":1,"v":{"Id":"0PS36000000mmnWGAQ","Label":"00e1a000000MWaHAAW","Name":"X00e1a000000MWaHAAW","NamespacePrefix":"shiva15testns","UserLicenseId":"10036000000eSq8AAE","CreatedDate":"2016-03-08T19:00:02.000Z"}}|0x63494f7d
19:19:26.0 (10930549)|STATEMENT_EXECUTE|[162]
19:19:26.0 (10957514)|ENTERING_MANAGED_PKG|
19:19:26.0 (10973282)|STATEMENT_EXECUTE|[163]
19:19:26.0 (10988998)|HEAP_ALLOCATE|[162]|Bytes:5
19:19:26.0 (11018403)|HEAP_ALLOCATE|[162]|Bytes:28
19:19:26.0 (11036761)|VARIABLE_SCOPE_BEGIN|[162]|PSetName|PermissionSet|true|false
19:19:26.0 (11070929)|VARIABLE_ASSIGNMENT|[162]|PSetName|{"s":1,"v":{"Id":"0PS36000000mmnXGAQ","Label":"00e1a000000MWaIAAW","Name":"X00e1a000000MWaIAAW","NamespacePrefix":"shiva15testns","UserLicenseId":"10036000000eSq9AAE","CreatedDate":"2016-03-08T19:00:02.000Z"}}|0x543eb501
19:19:26.0 (11077811)|STATEMENT_EXECUTE|[162]
19:19:26.0 (11105019)|ENTERING_MANAGED_PKG|
19:19:26.0 (11120265)|STATEMENT_EXECUTE|[163]
19:19:26.0 (11135598)|HEAP_ALLOCATE|[162]|Bytes:5
19:19:26.0 (11163019)|HEAP_ALLOCATE|[162]|Bytes:28
19:19:26.0 (11174275)|VARIABLE_SCOPE_BEGIN|[162]|PSetName|PermissionSet|true|false
19:19:26.0 (11204077)|VARIABLE_ASSIGNMENT|[162]|PSetName|{"s":1,"v":{"Id":"0PS36000000mmnYGAQ","Label":"00e1a000000MWaJAAW","Name":"X00e1a000000MWaJAAW","NamespacePrefix":"shiva15testns","UserLicenseId":"10036000000eSqAAAU","CreatedDate":"2016-03-08T19:00:02.000Z"}}|0x731b4f75
19:19:26.0 (11210195)|STATEMENT_EXECUTE|[162]
19:19:26.0 (11237976)|ENTERING_MANAGED_PKG|
19:19:26.0 (11254614)|STATEMENT_EXECUTE|[163]
19:19:26.0 (11270718)|HEAP_ALLOCATE|[162]|Bytes:5
19:19:26.0 (11300224)|HEAP_ALLOCATE|[162]|Bytes:28
19:19:26.0 (11317821)|VARIABLE_SCOPE_BEGIN|[162]|PSetName|PermissionSet|true|false
19:19:26.0 (11348189)|VARIABLE_ASSIGNMENT|[162]|PSetName|{"s":1,"v":{"Id":"0PS36000000mmnZGAQ","Label":"00e1a000000MWaKAAW","Name":"X00e1a000000MWaKAAW","NamespacePrefix":"shiva15testns","UserLicenseId":"10036000000eSqBAAU","CreatedDate":"2016-03-08T19:00:02.000Z"}}|0x24113d75
19:19:26.0 (11354560)|STATEMENT_EXECUTE|[162]
19:19:26.0 (11381727)|ENTERING_MANAGED_PKG|
19:19:26.0 (11396707)|STATEMENT_EXECUTE|[163]
19:19:26.0 (11412423)|HEAP_ALLOCATE|[162]|Bytes:5
19:19:26.0 (11441692)|HEAP_ALLOCATE|[162]|Bytes:28
19:19:26.0 (11453324)|VARIABLE_SCOPE_BEGIN|[162]|PSetName|PermissionSet|true|false
19:19:26.0 (11483815)|VARIABLE_ASSIGNMENT|[162]|PSetName|{"s":1,"v":{"Id":"0PS36000000mmnaGAA","Label":"00e1a000000MWaLAAW","Name":"X00e1a000000MWaLAAW","NamespacePrefix":"shiva15testns","UserLicenseId":"10036000000eSqCAAU","CreatedDate":"2016-03-08T19:00:02.000Z"}}|0xd0aac2d
19:19:26.0 (11490068)|STATEMENT_EXECUTE|[162]
19:19:26.0 (11517454)|ENTERING_MANAGED_PKG|
19:19:26.0 (11533505)|STATEMENT_EXECUTE|[163]
19:19:26.0 (11549889)|HEAP_ALLOCATE|[162]|Bytes:5
19:19:26.0 (11583690)|HEAP_ALLOCATE|[162]|Bytes:28
19:19:26.0 (11597311)|VARIABLE_SCOPE_BEGIN|[162]|PSetName|PermissionSet|true|false
19:19:26.0 (11628045)|VARIABLE_ASSIGNMENT|[162]|PSetName|{"s":1,"v":{"Id":"0PS36000000mmnbGAA","Label":"00e1a000000MWaMAAW","Name":"X00e1a000000MWaMAAW","NamespacePrefix":"shiva15testns","UserLicenseId":"10036000000eSqDAAU","CreatedDate":"2016-03-08T19:00:02.000Z"}}|0x2c3d8630
19:19:26.0 (11633969)|STATEMENT_EXECUTE|[162]
19:19:26.0 (11660622)|ENTERING_MANAGED_PKG|
19:19:26.0 (11675209)|STATEMENT_EXECUTE|[163]
19:19:26.0 (11689939)|HEAP_ALLOCATE|[162]|Bytes:5
19:19:26.0 (11716313)|HEAP_ALLOCATE|[162]|Bytes:28
19:19:26.0 (11726957)|VARIABLE_SCOPE_BEGIN|[162]|PSetName|PermissionSet|true|false
19:19:26.0 (11756151)|VARIABLE_ASSIGNMENT|[162]|PSetName|{"s":1,"v":{"Id":"0PS36000000mmncGAA","Label":"00e1a000000MWaNAAW","Name":"X00e1a000000MWaNAAW","NamespacePrefix":"shiva15testns","UserLicenseId":"10036000000eSqEAAU","CreatedDate":"2016-03-08T19:00:02.000Z"}}|0x5f41425
19:19:26.0 (11762109)|STATEMENT_EXECUTE|[162]
19:19:26.0 (11789958)|ENTERING_MANAGED_PKG|
19:19:26.0 (11806123)|STATEMENT_EXECUTE|[163]
19:19:26.0 (11822193)|HEAP_ALLOCATE|[162]|Bytes:5
19:19:26.0 (11852605)|HEAP_ALLOCATE|[162]|Bytes:28
19:19:26.0 (11864747)|VARIABLE_SCOPE_BEGIN|[162]|PSetName|PermissionSet|true|false
19:19:26.0 (11895885)|VARIABLE_ASSIGNMENT|[162]|PSetName|{"s":1,"v":{"Id":"0PS36000000mmndGAA","Label":"00e1a000000MWaOAAW","Name":"X00e1a000000MWaOAAW","NamespacePrefix":"shiva15testns","UserLicenseId":"10036000000eSqFAAU","CreatedDate":"2016-03-08T19:00:02.000Z"}}|0x28a37b7b
19:19:26.0 (11902035)|STATEMENT_EXECUTE|[162]
19:19:26.0 (11929619)|ENTERING_MANAGED_PKG|
19:19:26.0 (11945605)|STATEMENT_EXECUTE|[163]
19:19:26.0 (11961232)|HEAP_ALLOCATE|[162]|Bytes:5
19:19:26.0 (11991127)|HEAP_ALLOCATE|[162]|Bytes:28
19:19:26.0 (12006470)|VARIABLE_SCOPE_BEGIN|[162]|PSetName|PermissionSet|true|false
19:19:26.0 (12038561)|VARIABLE_ASSIGNMENT|[162]|PSetName|{"s":1,"v":{"Id":"0PS36000000mmneGAA","Label":"00e1a000000MWaPAAW","Name":"X00e1a000000MWaPAAW","NamespacePrefix":"shiva15testns","UserLicenseId":"10036000000eSqGAAU","CreatedDate":"2016-03-08T19:00:02.000Z"}}|0x7090c186
19:19:26.0 (12044785)|STATEMENT_EXECUTE|[162]
19:19:26.0 (12072341)|ENTERING_MANAGED_PKG|
19:19:26.0 (12087985)|STATEMENT_EXECUTE|[163]
19:19:26.0 (12104087)|HEAP_ALLOCATE|[162]|Bytes:5
19:19:26.0 (12136150)|HEAP_ALLOCATE|[162]|Bytes:28
19:19:26.0 (12148645)|VARIABLE_SCOPE_BEGIN|[162]|PSetName|PermissionSet|true|false
19:19:26.0 (12181466)|VARIABLE_ASSIGNMENT|[162]|PSetName|{"s":1,"v":{"Id":"0PS36000000mmnfGAA","Label":"00e1a000000MWaQAAW","Name":"X00e1a000000MWaQAAW","NamespacePrefix":"shiva15testns","UserLicenseId":"10036000000eSqHAAU","CreatedDate":"2016-03-08T19:00:02.000Z"}}|0x30dcd5a2
19:19:26.0 (12188232)|STATEMENT_EXECUTE|[162]
19:19:26.0 (12215832)|ENTERING_MANAGED_PKG|
19:19:26.0 (12230482)|STATEMENT_EXECUTE|[163]
19:19:26.0 (12245493)|HEAP_ALLOCATE|[162]|Bytes:5
19:19:26.0 (12271947)|HEAP_ALLOCATE|[162]|Bytes:28
19:19:26.0 (12283128)|VARIABLE_SCOPE_BEGIN|[162]|PSetName|PermissionSet|true|false
19:19:26.0 (12317508)|VARIABLE_ASSIGNMENT|[162]|PSetName|{"s":1,"v":{"Id":"0PS36000000mmngGAA","Label":"00e1a000000MWaRAAW","Name":"X00e1a000000MWaRAAW","NamespacePrefix":"shiva15testns","UserLicenseId":"10036000000eSqIAAU","CreatedDate":"2016-03-08T19:00:02.000Z"}}|0x152caaa0
19:19:26.0 (12324219)|STATEMENT_EXECUTE|[162]
19:19:26.0 (12350674)|ENTERING_MANAGED_PKG|
19:19:26.0 (12367251)|STATEMENT_EXECUTE|[163]
19:19:26.0 (12383449)|HEAP_ALLOCATE|[162]|Bytes:5
19:19:26.0 (12413796)|HEAP_ALLOCATE|[162]|Bytes:28
19:19:26.0 (12425926)|VARIABLE_SCOPE_BEGIN|[162]|PSetName|PermissionSet|true|false
19:19:26.0 (12457060)|VARIABLE_ASSIGNMENT|[162]|PSetName|{"s":1,"v":{"Id":"0PS36000000mmnhGAA","Label":"00e1a000000MWaSAAW","Name":"X00e1a000000MWaSAAW","NamespacePrefix":"shiva15testns","UserLicenseId":"10036000000eSqJAAU","CreatedDate":"2016-03-08T19:00:02.000Z"}}|0x26e773dd
19:19:26.0 (12463475)|STATEMENT_EXECUTE|[162]
19:19:26.0 (12491445)|ENTERING_MANAGED_PKG|
19:19:26.0 (12507682)|STATEMENT_EXECUTE|[163]
19:19:26.0 (12523173)|HEAP_ALLOCATE|[162]|Bytes:5
19:19:26.0 (12553321)|HEAP_ALLOCATE|[162]|Bytes:28
19:19:26.0 (12566490)|VARIABLE_SCOPE_BEGIN|[162]|PSetName|PermissionSet|true|false
19:19:26.0 (12598260)|VARIABLE_ASSIGNMENT|[162]|PSetName|{"s":1,"v":{"Id":"0PS36000000mmniGAA","Label":"00e1a000000MWaTAAW","Name":"X00e1a000000MWaTAAW","NamespacePrefix":"shiva15testns","UserLicenseId":"10036000000eSqJAAU","CreatedDate":"2016-03-08T19:00:02.000Z"}}|0x500d0a76
19:19:26.0 (12604953)|STATEMENT_EXECUTE|[162]
19:19:26.0 (12631447)|ENTERING_MANAGED_PKG|
19:19:26.0 (12646009)|STATEMENT_EXECUTE|[163]
19:19:26.0 (12660067)|HEAP_ALLOCATE|[162]|Bytes:5
19:19:26.0 (12686127)|HEAP_ALLOCATE|[162]|Bytes:28
19:19:26.0 (12696776)|VARIABLE_SCOPE_BEGIN|[162]|PSetName|PermissionSet|true|false
19:19:26.0 (12725750)|VARIABLE_ASSIGNMENT|[162]|PSetName|{"s":1,"v":{"Id":"0PS36000000mmnjGAA","Label":"00e1a000000MWaUAAW","Name":"X00e1a000000MWaUAAW","NamespacePrefix":"shiva15testns","UserLicenseId":"10036000000eSqKAAU","CreatedDate":"2016-03-08T19:00:02.000Z"}}|0x62aa410
19:19:26.0 (12731415)|STATEMENT_EXECUTE|[162]
19:19:26.0 (12756891)|ENTERING_MANAGED_PKG|
19:19:26.0 (12771092)|STATEMENT_EXECUTE|[163]
19:19:26.0 (12784328)|HEAP_ALLOCATE|[162]|Bytes:5
19:19:26.0 (12811898)|HEAP_ALLOCATE|[162]|Bytes:28
19:19:26.0 (12821409)|VARIABLE_SCOPE_BEGIN|[162]|PSetName|PermissionSet|true|false
19:19:26.0 (12843288)|VARIABLE_ASSIGNMENT|[162]|PSetName|{"s":1,"v":{"Id":"0PS36000000mmnlGAA","Label":"00e1a000000N1LRAA0","Name":"X00e1a000000N1LRAA0","NamespacePrefix":"shiva15testns","UserLicenseId":"10036000000eSqLAAU","CreatedDate":"2016-03-08T19:00:02.000Z"}}|0x762367df
19:19:26.0 (12847821)|STATEMENT_EXECUTE|[162]
19:19:26.0 (12871823)|ENTERING_MANAGED_PKG|
19:19:26.0 (12881815)|STATEMENT_EXECUTE|[163]
19:19:26.0 (12892328)|HEAP_ALLOCATE|[162]|Bytes:5
19:19:26.0 (12912099)|HEAP_ALLOCATE|[162]|Bytes:28
19:19:26.0 (12919955)|VARIABLE_SCOPE_BEGIN|[162]|PSetName|PermissionSet|true|false
19:19:26.0 (12941345)|VARIABLE_ASSIGNMENT|[162]|PSetName|{"s":1,"v":{"Id":"0PS36000000mmnmGAA","Label":"00e1a000000N1LSAA0","Name":"X00e1a000000N1LSAA0","NamespacePrefix":"shiva15testns","UserLicenseId":"10036000000eSqMAAU","CreatedDate":"2016-03-08T19:00:02.000Z"}}|0x6bc79b5d
19:19:26.0 (12945848)|STATEMENT_EXECUTE|[162]
19:19:26.0 (12965810)|ENTERING_MANAGED_PKG|
19:19:26.0 (12975028)|STATEMENT_EXECUTE|[163]
19:19:26.0 (12985234)|HEAP_ALLOCATE|[162]|Bytes:5
19:19:26.0 (13004494)|HEAP_ALLOCATE|[162]|Bytes:28
19:19:26.0 (13013299)|VARIABLE_SCOPE_BEGIN|[162]|PSetName|PermissionSet|true|false
19:19:26.0 (13034573)|VARIABLE_ASSIGNMENT|[162]|PSetName|{"s":1,"v":{"Id":"0PS36000000mmnnGAA","Label":"00e1a000000N1wKAAS","Name":"X00e1a000000N1wKAAS","NamespacePrefix":"shiva15testns","UserLicenseId":"10036000000eSqNAAU","CreatedDate":"2016-03-08T19:00:02.000Z"}}|0x532172e9
19:19:26.0 (13038727)|STATEMENT_EXECUTE|[162]
19:19:26.0 (13058651)|ENTERING_MANAGED_PKG|
19:19:26.0 (13067897)|STATEMENT_EXECUTE|[163]
19:19:26.0 (13078261)|HEAP_ALLOCATE|[162]|Bytes:5
19:19:26.0 (13099149)|HEAP_ALLOCATE|[162]|Bytes:28
19:19:26.0 (13109049)|VARIABLE_SCOPE_BEGIN|[162]|PSetName|PermissionSet|true|false
19:19:26.0 (13134425)|VARIABLE_ASSIGNMENT|[162]|PSetName|{"s":1,"v":{"Id":"0PS36000000mmnoGAA","Label":"00e1a000000N1wLAAS","Name":"X00e1a000000N1wLAAS","NamespacePrefix":"shiva15testns","UserLicenseId":"10036000000eSqNAAU","CreatedDate":"2016-03-08T19:00:02.000Z"}}|0xf846b9
19:19:26.0 (13141247)|STATEMENT_EXECUTE|[162]
19:19:26.0 (13171911)|ENTERING_MANAGED_PKG|
19:19:26.0 (13191033)|STATEMENT_EXECUTE|[163]
19:19:26.0 (13209799)|HEAP_ALLOCATE|[162]|Bytes:5
19:19:26.0 (13237450)|HEAP_ALLOCATE|[162]|Bytes:28
19:19:26.0 (13246355)|VARIABLE_SCOPE_BEGIN|[162]|PSetName|PermissionSet|true|false
19:19:26.0 (13268832)|VARIABLE_ASSIGNMENT|[162]|PSetName|{"s":1,"v":{"Id":"0PS36000000mmnqGAA","Label":"00e1a000000MWaAAAW","Name":"X00e1a000000MWaAAAW","NamespacePrefix":"shiva15testns","UserLicenseId":"10036000000eSq1AAE","CreatedDate":"2016-03-08T19:00:02.000Z"}}|0x6d08c4e6
19:19:26.0 (13273145)|STATEMENT_EXECUTE|[162]
19:19:26.0 (13301041)|ENTERING_MANAGED_PKG|
19:19:26.0 (13326512)|STATEMENT_EXECUTE|[163]
19:19:26.0 (13344707)|HEAP_ALLOCATE|[162]|Bytes:5
19:19:26.0 (13369952)|HEAP_ALLOCATE|[162]|Bytes:32
19:19:26.0 (13378272)|VARIABLE_SCOPE_BEGIN|[162]|PSetName|PermissionSet|true|false
19:19:26.0 (13402845)|VARIABLE_ASSIGNMENT|[162]|PSetName|{"s":1,"v":{"Id":"0PS36000000q71PGAQ","Label":"PermissionSet_Test","Name":"PermissionSet_Test","Description":"This is for testing  (11 more) ...","NamespacePrefix":"shiva15testns","UserLicenseId":"10036000000eSpyAAE","CreatedDate":"2016-03-20T22:41:12.000Z"}}|0x3a42b769
19:19:26.0 (13407547)|STATEMENT_EXECUTE|[162]
19:19:26.0 (13428208)|ENTERING_MANAGED_PKG|
19:19:26.0 (13437978)|STATEMENT_EXECUTE|[163]
19:19:26.0 (13439647)|STATEMENT_EXECUTE|[164]
19:19:26.0 (13443924)|HEAP_ALLOCATE|[164]|Bytes:52
19:19:26.0 (13452599)|HEAP_ALLOCATE|[164]|Bytes:4
19:19:26.0 (13459954)|HEAP_ALLOCATE|[164]|Bytes:7
19:19:26.0 (14421643)|SOQL_EXECUTE_BEGIN|[164]|Aggregations:0|SELECT Id, Name FROM UserLicense WHERE Id = :tmpVar1
19:19:26.0 (16409511)|SOQL_EXECUTE_END|[164]|Rows:1
19:19:26.0 (16423402)|HEAP_ALLOCATE|[164]|Bytes:8
19:19:26.0 (16435445)|HEAP_ALLOCATE|[164]|Bytes:47
19:19:26.0 (16512612)|HEAP_ALLOCATE|[164]|Bytes:8
19:19:26.0 (16523890)|HEAP_ALLOCATE|[164]|Bytes:37
19:19:26.0 (16593165)|HEAP_ALLOCATE|[164]|Bytes:12
19:19:26.0 (16603277)|VARIABLE_SCOPE_BEGIN|[164]|ulicense|UserLicense|true|false
19:19:26.0 (16621295)|VARIABLE_ASSIGNMENT|[164]|ulicense|{"s":1,"v":{"Id":"10036000000eSpyAAE","Name":"Salesforce"}}|0x434d7987
19:19:26.0 (16625072)|STATEMENT_EXECUTE|[165]
19:19:26.0 (16634133)|HEAP_ALLOCATE|[165]|Bytes:240
19:19:26.0 (16642429)|HEAP_ALLOCATE|[165]|Bytes:39
19:19:26.0 (16665618)|HEAP_ALLOCATE|[165]|Bytes:32
19:19:26.0 (16719457)|ENTERING_MANAGED_PKG|
19:19:26.0 (16752776)|HEAP_ALLOCATE|[165]|Bytes:18
19:19:26.0 (16825864)|ENTERING_MANAGED_PKG|
19:19:26.0 (16868999)|HEAP_ALLOCATE|[165]|Bytes:19
19:19:26.0 (16936943)|CONSTRUCTOR_ENTRY|[165]|01p36000005Jpvx|<init>(String,String,String,String,String,String,String)
19:19:26.0 (16968083)|VARIABLE_SCOPE_BEGIN|[1054]|this|shiva15testns.PermissionSetPortalControllers.PermissionSetClass|true|false
19:19:26.0 (17051051)|VARIABLE_ASSIGNMENT|[1054]|this|{}|0x157f37ee
19:19:26.0 (17058163)|VARIABLE_SCOPE_BEGIN|[1054]|label|String|false|false
19:19:26.0 (17064451)|VARIABLE_ASSIGNMENT|[1054]|label|"PermissionSet_Test"
19:19:26.0 (17067704)|VARIABLE_SCOPE_BEGIN|[1054]|apiName|String|false|false
19:19:26.0 (17071286)|VARIABLE_ASSIGNMENT|[1054]|apiName|"PermissionSet_Test"
19:19:26.0 (17074105)|VARIABLE_SCOPE_BEGIN|[1054]|id|String|false|false
19:19:26.0 (17077462)|VARIABLE_ASSIGNMENT|[1054]|id|"0PS36000000q71PGAQ"
19:19:26.0 (17080071)|VARIABLE_SCOPE_BEGIN|[1054]|description|String|false|false
19:19:26.0 (17084484)|VARIABLE_ASSIGNMENT|[1054]|description|"This is for testing  (11 more) ..."
19:19:26.0 (17087245)|VARIABLE_SCOPE_BEGIN|[1054]|namespacePrefix|String|false|false
19:19:26.0 (17090348)|VARIABLE_ASSIGNMENT|[1054]|namespacePrefix|"shiva15testns"
19:19:26.0 (17098484)|VARIABLE_SCOPE_BEGIN|[1054]|userLicenseId|String|false|false
19:19:26.0 (17102206)|VARIABLE_ASSIGNMENT|[1054]|userLicenseId|"Salesforce"
19:19:26.0 (17105058)|VARIABLE_SCOPE_BEGIN|[1054]|createdDate|String|false|false
19:19:26.0 (17108291)|VARIABLE_ASSIGNMENT|[1054]|createdDate|"2016-03-20 15:41:12"
19:19:26.0 (17112925)|STATEMENT_EXECUTE|[1037]
19:19:26.0 (17114686)|STATEMENT_EXECUTE|[1040]
19:19:26.0 (17116392)|STATEMENT_EXECUTE|[1042]
19:19:26.0 (17117649)|STATEMENT_EXECUTE|[1044]
19:19:26.0 (17118764)|STATEMENT_EXECUTE|[1046]
19:19:26.0 (17119870)|STATEMENT_EXECUTE|[1048]
19:19:26.0 (17121025)|STATEMENT_EXECUTE|[1050]
19:19:26.0 (17122213)|STATEMENT_EXECUTE|[1052]
19:19:26.0 (17131566)|HEAP_ALLOCATE|[1056]|Bytes:6
19:19:26.0 (17164961)|STATEMENT_EXECUTE|[1055]
19:19:26.0 (17167025)|STATEMENT_EXECUTE|[1056]
19:19:26.0 (17262017)|VARIABLE_ASSIGNMENT|[EXTERNAL]|this|{}|0x157f37ee
19:19:26.0 (17271114)|VARIABLE_ASSIGNMENT|[EXTERNAL]|value|"PermissionSet_Test"
19:19:26.0 (17285182)|VARIABLE_ASSIGNMENT|[1040]|this.label|"PermissionSet_Test"|0x157f37ee
19:19:26.0 (17293608)|STATEMENT_EXECUTE|[1057]
19:19:26.0 (17347173)|VARIABLE_ASSIGNMENT|[EXTERNAL]|this|{"label":"PermissionSet_Test"}|0x157f37ee
19:19:26.0 (17355078)|VARIABLE_ASSIGNMENT|[EXTERNAL]|value|"PermissionSet_Test"
19:19:26.0 (17364546)|VARIABLE_ASSIGNMENT|[1042]|this.apiName|"PermissionSet_Test"|0x157f37ee
19:19:26.0 (17372800)|STATEMENT_EXECUTE|[1058]
19:19:26.0 (17424134)|VARIABLE_ASSIGNMENT|[EXTERNAL]|this|{"apiName":"PermissionSet_Test","label":"PermissionSet_Test"}|0x157f37ee
19:19:26.0 (17431935)|VARIABLE_ASSIGNMENT|[EXTERNAL]|value|"0PS36000000q71PGAQ"
19:19:26.0 (17440832)|VARIABLE_ASSIGNMENT|[1044]|this.id|"0PS36000000q71PGAQ"|0x157f37ee
19:19:26.0 (17448185)|STATEMENT_EXECUTE|[1059]
19:19:26.0 (17499540)|VARIABLE_ASSIGNMENT|[EXTERNAL]|this|{"apiName":"PermissionSet_Test","id":"0PS36000000q71PGAQ","label":"PermissionSet_Test"}|0x157f37ee
19:19:26.0 (17512313)|VARIABLE_ASSIGNMENT|[EXTERNAL]|value|"This is for testing  (11 more) ..."
19:19:26.0 (17522155)|VARIABLE_ASSIGNMENT|[1046]|this.description|"This is for testing  (11 more) ..."|0x157f37ee
19:19:26.0 (17529898)|STATEMENT_EXECUTE|[1060]
19:19:26.0 (17583001)|VARIABLE_ASSIGNMENT|[EXTERNAL]|this|{"apiName":"PermissionSet_Test","description":"This is for testing  (11 more) ...","id":"0PS36000000q71PGAQ","label":"PermissionSet_Test"}|0x157f37ee
19:19:26.0 (17590993)|VARIABLE_ASSIGNMENT|[EXTERNAL]|value|"shiva15testns"
19:19:26.0 (17599980)|VARIABLE_ASSIGNMENT|[1048]|this.namespacePrefix|"shiva15testns"|0x157f37ee
19:19:26.0 (17607614)|STATEMENT_EXECUTE|[1061]
19:19:26.0 (17660904)|VARIABLE_ASSIGNMENT|[EXTERNAL]|this|{"apiName":"PermissionSet_Test","description":"This is for testing  (11 more) ...","id":"0PS36000000q71PGAQ","label":"PermissionSet_Test","namespacePrefix":"shiva15testns"}|0x157f37ee
19:19:26.0 (17669462)|VARIABLE_ASSIGNMENT|[EXTERNAL]|value|"Salesforce"
19:19:26.0 (17678136)|VARIABLE_ASSIGNMENT|[1050]|this.userLicenseId|"Salesforce"|0x157f37ee
19:19:26.0 (17685760)|STATEMENT_EXECUTE|[1062]
19:19:26.0 (17740089)|VARIABLE_ASSIGNMENT|[EXTERNAL]|this|{"apiName":"PermissionSet_Test","description":"This is for testing  (11 more) ...","id":"0PS36000000q71PGAQ","label":"PermissionSet_Test","namespacePrefix":"shiva15testns","userLicenseId":"Salesforce"}|0x157f37ee
19:19:26.0 (17748537)|VARIABLE_ASSIGNMENT|[EXTERNAL]|value|"2016-03-20 15:41:12"
19:19:26.0 (17757955)|VARIABLE_ASSIGNMENT|[1052]|this.createdDate|"2016-03-20 15:41:12"|0x157f37ee
19:19:26.0 (17773396)|CONSTRUCTOR_EXIT|[165]|01p36000005Jpvx|<init>(String,String,String,String,String,String,String)
19:19:26.0 (17797246)|VARIABLE_ASSIGNMENT|[165]|pSetObj|{"apiName":"PermissionSet_Test","createdDate":"2016-03-20 15:41:12","description":"This is for testing  (11 more) ...","id":"0PS36000000q71PGAQ","label":"PermissionSet_Test","namespacePrefix":"shiva15testns","userLicenseId":"Salesforce"}|0x157f37ee
19:19:26.0 (17801358)|STATEMENT_EXECUTE|[167]
19:19:26.0 (17816728)|ENTERING_MANAGED_PKG|
19:19:26.0 (17843180)|HEAP_ALLOCATE|[EXTERNAL]|Bytes:4
19:19:26.0 (17851751)|STATEMENT_EXECUTE|[168]
19:19:26.0 (18027591)|HEAP_ALLOCATE|[168]|Bytes:24
19:19:26.0 (18048802)|ENTERING_MANAGED_PKG|
19:19:26.0 (18137609)|HEAP_ALLOCATE|[168]|Bytes:231
19:19:26.0 (18162891)|HEAP_ALLOCATE|[168]|Bytes:255
19:19:26.0 (18194821)|ENTERING_MANAGED_PKG|
19:19:26.0 (18208564)|USER_DEBUG|[168]|ERROR|The PermissionSet Name: PermissionSet:{Id=0PS36000000q71PGAQ, Label=PermissionSet_Test, Name=PermissionSet_Test, Description=This is for testing Description, NamespacePrefix=shiva15testns, UserLicenseId=10036000000eSpyAAE, CreatedDate=2016-03-20 22:41:12}
19:19:26.0 (18225649)|HEAP_ALLOCATE|[162]|Bytes:5
19:19:26.0 (18249125)|HEAP_ALLOCATE|[162]|Bytes:32
19:19:26.0 (18258102)|VARIABLE_SCOPE_BEGIN|[162]|PSetName|PermissionSet|true|false
19:19:26.0 (18285232)|VARIABLE_ASSIGNMENT|[162]|PSetName|{"s":1,"v":{"Id":"0PS360000016pyOGAQ","Label":"Final_Test","Name":"Final_Test","Description":"Descp","NamespacePrefix":"shiva15testns","UserLicenseId":"10036000000eSpyAAE","CreatedDate":"2016-05-03T01:36:03.000Z"}}|0x622c2cf2
19:19:26.0 (18289857)|STATEMENT_EXECUTE|[162]
19:19:26.0 (18312285)|ENTERING_MANAGED_PKG|
19:19:26.0 (18322579)|STATEMENT_EXECUTE|[163]
19:19:26.0 (18324186)|STATEMENT_EXECUTE|[164]
19:19:26.0 (18328933)|HEAP_ALLOCATE|[164]|Bytes:4
19:19:26.0 (18470719)|SOQL_EXECUTE_BEGIN|[164]|Aggregations:0|SELECT Id, Name FROM UserLicense WHERE Id = :tmpVar1
19:19:26.0 (19898984)|SOQL_EXECUTE_END|[164]|Rows:1
19:19:26.0 (19910930)|HEAP_ALLOCATE|[164]|Bytes:8
19:19:26.0 (19920112)|HEAP_ALLOCATE|[164]|Bytes:47
19:19:26.0 (19934663)|HEAP_ALLOCATE|[164]|Bytes:8
19:19:26.0 (19963273)|HEAP_ALLOCATE|[164]|Bytes:12
19:19:26.0 (19971627)|VARIABLE_SCOPE_BEGIN|[164]|ulicense|UserLicense|true|false
19:19:26.0 (19989018)|VARIABLE_ASSIGNMENT|[164]|ulicense|{"s":1,"v":{"Id":"10036000000eSpyAAE","Name":"Salesforce"}}|0x9abb7ec
19:19:26.0 (19992852)|STATEMENT_EXECUTE|[165]
19:19:26.0 (19997985)|HEAP_ALLOCATE|[165]|Bytes:32
19:19:26.0 (20023132)|ENTERING_MANAGED_PKG|
19:19:26.0 (20028685)|HEAP_ALLOCATE|[165]|Bytes:18
19:19:26.0 (20056026)|ENTERING_MANAGED_PKG|
19:19:26.0 (20069555)|HEAP_ALLOCATE|[165]|Bytes:19
19:19:26.0 (20089302)|CONSTRUCTOR_ENTRY|[165]|01p36000005Jpvx|<init>(String,String,String,String,String,String,String)
19:19:26.0 (20099193)|VARIABLE_SCOPE_BEGIN|[1054]|this|shiva15testns.PermissionSetPortalControllers.PermissionSetClass|true|false
19:19:26.0 (20121172)|VARIABLE_ASSIGNMENT|[1054]|this|{}|0xd39749b
19:19:26.0 (20124615)|VARIABLE_SCOPE_BEGIN|[1054]|label|String|false|false
19:19:26.0 (20129326)|VARIABLE_ASSIGNMENT|[1054]|label|"Final_Test"
19:19:26.0 (20131098)|VARIABLE_SCOPE_BEGIN|[1054]|apiName|String|false|false
19:19:26.0 (20137965)|VARIABLE_ASSIGNMENT|[1054]|apiName|"Final_Test"
19:19:26.0 (20140007)|VARIABLE_SCOPE_BEGIN|[1054]|id|String|false|false
19:19:26.0 (20143369)|VARIABLE_ASSIGNMENT|[1054]|id|"0PS360000016pyOGAQ"
19:19:26.0 (20145096)|VARIABLE_SCOPE_BEGIN|[1054]|description|String|false|false
19:19:26.0 (20147670)|VARIABLE_ASSIGNMENT|[1054]|description|"Descp"
19:19:26.0 (20149227)|VARIABLE_SCOPE_BEGIN|[1054]|namespacePrefix|String|false|false
19:19:26.0 (20151807)|VARIABLE_ASSIGNMENT|[1054]|namespacePrefix|"shiva15testns"
19:19:26.0 (20153373)|VARIABLE_SCOPE_BEGIN|[1054]|userLicenseId|String|false|false
19:19:26.0 (20155851)|VARIABLE_ASSIGNMENT|[1054]|userLicenseId|"Salesforce"
19:19:26.0 (20157343)|VARIABLE_SCOPE_BEGIN|[1054]|createdDate|String|false|false
19:19:26.0 (20160092)|VARIABLE_ASSIGNMENT|[1054]|createdDate|"2016-05-02 18:36:03"
19:19:26.0 (20163064)|STATEMENT_EXECUTE|[1037]
19:19:26.0 (20164423)|STATEMENT_EXECUTE|[1040]
19:19:26.0 (20165818)|STATEMENT_EXECUTE|[1042]
19:19:26.0 (20166850)|STATEMENT_EXECUTE|[1044]
19:19:26.0 (20167835)|STATEMENT_EXECUTE|[1046]
19:19:26.0 (20168825)|STATEMENT_EXECUTE|[1048]
19:19:26.0 (20169811)|STATEMENT_EXECUTE|[1050]
19:19:26.0 (20170984)|STATEMENT_EXECUTE|[1052]
19:19:26.0 (20182585)|STATEMENT_EXECUTE|[1055]
19:19:26.0 (20183959)|STATEMENT_EXECUTE|[1056]
19:19:26.0 (20205262)|VARIABLE_ASSIGNMENT|[EXTERNAL]|this|{}|0xd39749b
19:19:26.0 (20210869)|VARIABLE_ASSIGNMENT|[EXTERNAL]|value|"Final_Test"
19:19:26.0 (20218834)|VARIABLE_ASSIGNMENT|[1040]|this.label|"Final_Test"|0xd39749b
19:19:26.0 (20225534)|STATEMENT_EXECUTE|[1057]
19:19:26.0 (20245425)|VARIABLE_ASSIGNMENT|[EXTERNAL]|this|{"label":"Final_Test"}|0xd39749b
19:19:26.0 (20250047)|VARIABLE_ASSIGNMENT|[EXTERNAL]|value|"Final_Test"
19:19:26.0 (20256521)|VARIABLE_ASSIGNMENT|[1042]|this.apiName|"Final_Test"|0xd39749b
19:19:26.0 (20262703)|STATEMENT_EXECUTE|[1058]
19:19:26.0 (20282866)|VARIABLE_ASSIGNMENT|[EXTERNAL]|this|{"apiName":"Final_Test","label":"Final_Test"}|0xd39749b
19:19:26.0 (20287824)|VARIABLE_ASSIGNMENT|[EXTERNAL]|value|"0PS360000016pyOGAQ"
19:19:26.0 (20294297)|VARIABLE_ASSIGNMENT|[1044]|this.id|"0PS360000016pyOGAQ"|0xd39749b
19:19:26.0 (20300360)|STATEMENT_EXECUTE|[1059]
19:19:26.0 (20320849)|VARIABLE_ASSIGNMENT|[EXTERNAL]|this|{"apiName":"Final_Test","id":"0PS360000016pyOGAQ","label":"Final_Test"}|0xd39749b
19:19:26.0 (20325976)|VARIABLE_ASSIGNMENT|[EXTERNAL]|value|"Descp"
19:19:26.0 (20332162)|VARIABLE_ASSIGNMENT|[1046]|this.description|"Descp"|0xd39749b
19:19:26.0 (20337909)|STATEMENT_EXECUTE|[1060]
19:19:26.0 (20358473)|VARIABLE_ASSIGNMENT|[EXTERNAL]|this|{"apiName":"Final_Test","description":"Descp","id":"0PS360000016pyOGAQ","label":"Final_Test"}|0xd39749b
19:19:26.0 (20363518)|VARIABLE_ASSIGNMENT|[EXTERNAL]|value|"shiva15testns"
19:19:26.0 (20369953)|VARIABLE_ASSIGNMENT|[1048]|this.namespacePrefix|"shiva15testns"|0xd39749b
19:19:26.0 (20375884)|STATEMENT_EXECUTE|[1061]
19:19:26.0 (20396636)|VARIABLE_ASSIGNMENT|[EXTERNAL]|this|{"apiName":"Final_Test","description":"Descp","id":"0PS360000016pyOGAQ","label":"Final_Test","namespacePrefix":"shiva15testns"}|0xd39749b
19:19:26.0 (20401736)|VARIABLE_ASSIGNMENT|[EXTERNAL]|value|"Salesforce"
19:19:26.0 (20408067)|VARIABLE_ASSIGNMENT|[1050]|this.userLicenseId|"Salesforce"|0xd39749b
19:19:26.0 (20413842)|STATEMENT_EXECUTE|[1062]
19:19:26.0 (20435505)|VARIABLE_ASSIGNMENT|[EXTERNAL]|this|{"apiName":"Final_Test","description":"Descp","id":"0PS360000016pyOGAQ","label":"Final_Test","namespacePrefix":"shiva15testns","userLicenseId":"Salesforce"}|0xd39749b
19:19:26.0 (20440854)|VARIABLE_ASSIGNMENT|[EXTERNAL]|value|"2016-05-02 18:36:03"
19:19:26.0 (20447175)|VARIABLE_ASSIGNMENT|[1052]|this.createdDate|"2016-05-02 18:36:03"|0xd39749b
19:19:26.0 (20460584)|CONSTRUCTOR_EXIT|[165]|01p36000005Jpvx|<init>(String,String,String,String,String,String,String)
19:19:26.0 (20487389)|VARIABLE_ASSIGNMENT|[165]|pSetObj|{"apiName":"Final_Test","createdDate":"2016-05-02 18:36:03","description":"Descp","id":"0PS360000016pyOGAQ","label":"Final_Test","namespacePrefix":"shiva15testns","userLicenseId":"Salesforce"}|0xd39749b
19:19:26.0 (20491354)|STATEMENT_EXECUTE|[167]
19:19:26.0 (20503368)|ENTERING_MANAGED_PKG|
19:19:26.0 (20508195)|HEAP_ALLOCATE|[EXTERNAL]|Bytes:4
19:19:26.0 (20514024)|STATEMENT_EXECUTE|[168]
19:19:26.0 (20527110)|ENTERING_MANAGED_PKG|
19:19:26.0 (20574302)|HEAP_ALLOCATE|[168]|Bytes:189
19:19:26.0 (20590113)|HEAP_ALLOCATE|[168]|Bytes:213
19:19:26.0 (20601818)|ENTERING_MANAGED_PKG|
19:19:26.0 (20608424)|USER_DEBUG|[168]|ERROR|The PermissionSet Name: PermissionSet:{Id=0PS360000016pyOGAQ, Label=Final_Test, Name=Final_Test, Description=Descp, NamespacePrefix=shiva15testns, UserLicenseId=10036000000eSpyAAE, CreatedDate=2016-05-03 01:36:03}
19:19:26.0 (20623521)|HEAP_ALLOCATE|[162]|Bytes:5
19:19:26.0 (20645730)|HEAP_ALLOCATE|[162]|Bytes:32
19:19:26.0 (20654551)|VARIABLE_SCOPE_BEGIN|[162]|PSetName|PermissionSet|true|false
19:19:26.0 (20680400)|VARIABLE_ASSIGNMENT|[162]|PSetName|{"s":1,"v":{"Id":"0PS360000016pzlGAA","Label":"Final_Error_Testing","Name":"Final_Error_Testing","Description":"Descp","NamespacePrefix":"shiva15testns","UserLicenseId":"10036000000eSpyAAE","CreatedDate":"2016-05-03T01:41:02.000Z"}}|0x20236380
19:19:26.0 (20685111)|STATEMENT_EXECUTE|[162]
19:19:26.0 (20707152)|ENTERING_MANAGED_PKG|
19:19:26.0 (20717188)|STATEMENT_EXECUTE|[163]
19:19:26.0 (20719000)|STATEMENT_EXECUTE|[164]
19:19:26.0 (20723477)|HEAP_ALLOCATE|[164]|Bytes:4
19:19:26.0 (20859564)|SOQL_EXECUTE_BEGIN|[164]|Aggregations:0|SELECT Id, Name FROM UserLicense WHERE Id = :tmpVar1
19:19:26.0 (22279732)|SOQL_EXECUTE_END|[164]|Rows:1
19:19:26.0 (22291588)|HEAP_ALLOCATE|[164]|Bytes:8
19:19:26.0 (22300646)|HEAP_ALLOCATE|[164]|Bytes:47
19:19:26.0 (22314255)|HEAP_ALLOCATE|[164]|Bytes:8
19:19:26.0 (22342684)|HEAP_ALLOCATE|[164]|Bytes:12
19:19:26.0 (22351168)|VARIABLE_SCOPE_BEGIN|[164]|ulicense|UserLicense|true|false
19:19:26.0 (22368234)|VARIABLE_ASSIGNMENT|[164]|ulicense|{"s":1,"v":{"Id":"10036000000eSpyAAE","Name":"Salesforce"}}|0x2116e0f9
19:19:26.0 (22372039)|STATEMENT_EXECUTE|[165]
19:19:26.0 (22377337)|HEAP_ALLOCATE|[165]|Bytes:32
19:19:26.0 (22405357)|ENTERING_MANAGED_PKG|
19:19:26.0 (22410235)|HEAP_ALLOCATE|[165]|Bytes:18
19:19:26.0 (22438084)|ENTERING_MANAGED_PKG|
19:19:26.0 (22451739)|HEAP_ALLOCATE|[165]|Bytes:19
19:19:26.0 (22492882)|CONSTRUCTOR_ENTRY|[165]|01p36000005Jpvx|<init>(String,String,String,String,String,String,String)
19:19:26.0 (22502153)|VARIABLE_SCOPE_BEGIN|[1054]|this|shiva15testns.PermissionSetPortalControllers.PermissionSetClass|true|false
19:19:26.0 (22535968)|VARIABLE_ASSIGNMENT|[1054]|this|{}|0x45abba2
19:19:26.0 (22542231)|VARIABLE_SCOPE_BEGIN|[1054]|label|String|false|false
19:19:26.0 (22551714)|VARIABLE_ASSIGNMENT|[1054]|label|"Final_Error_Testing"
19:19:26.0 (22556032)|VARIABLE_SCOPE_BEGIN|[1054]|apiName|String|false|false
19:19:26.0 (22561781)|VARIABLE_ASSIGNMENT|[1054]|apiName|"Final_Error_Testing"
19:19:26.0 (22564864)|VARIABLE_SCOPE_BEGIN|[1054]|id|String|false|false
19:19:26.0 (22570554)|VARIABLE_ASSIGNMENT|[1054]|id|"0PS360000016pzlGAA"
19:19:26.0 (22572638)|VARIABLE_SCOPE_BEGIN|[1054]|description|String|false|false
19:19:26.0 (22575460)|VARIABLE_ASSIGNMENT|[1054]|description|"Descp"
19:19:26.0 (22577106)|VARIABLE_SCOPE_BEGIN|[1054]|namespacePrefix|String|false|false
19:19:26.0 (22579793)|VARIABLE_ASSIGNMENT|[1054]|namespacePrefix|"shiva15testns"
19:19:26.0 (22581346)|VARIABLE_SCOPE_BEGIN|[1054]|userLicenseId|String|false|false
19:19:26.0 (22584087)|VARIABLE_ASSIGNMENT|[1054]|userLicenseId|"Salesforce"
19:19:26.0 (22585780)|VARIABLE_SCOPE_BEGIN|[1054]|createdDate|String|false|false
19:19:26.0 (22588482)|VARIABLE_ASSIGNMENT|[1054]|createdDate|"2016-05-02 18:41:02"
19:19:26.0 (22592113)|STATEMENT_EXECUTE|[1037]
19:19:26.0 (22593560)|STATEMENT_EXECUTE|[1040]
19:19:26.0 (22595093)|STATEMENT_EXECUTE|[1042]
19:19:26.0 (22596287)|STATEMENT_EXECUTE|[1044]
19:19:26.0 (22597339)|STATEMENT_EXECUTE|[1046]
19:19:26.0 (22598367)|STATEMENT_EXECUTE|[1048]
19:19:26.0 (22599394)|STATEMENT_EXECUTE|[1050]
19:19:26.0 (22600475)|STATEMENT_EXECUTE|[1052]
19:19:26.0 (22613614)|STATEMENT_EXECUTE|[1055]
19:19:26.0 (22615091)|STATEMENT_EXECUTE|[1056]
19:19:26.0 (22638807)|VARIABLE_ASSIGNMENT|[EXTERNAL]|this|{}|0x45abba2
19:19:26.0 (22644876)|VARIABLE_ASSIGNMENT|[EXTERNAL]|value|"Final_Error_Testing"
19:19:26.0 (22653084)|VARIABLE_ASSIGNMENT|[1040]|this.label|"Final_Error_Testing"|0x45abba2
19:19:26.0 (22660177)|STATEMENT_EXECUTE|[1057]
19:19:26.0 (22695166)|VARIABLE_ASSIGNMENT|[EXTERNAL]|this|{"label":"Final_Error_Testing"}|0x45abba2
19:19:26.0 (22700615)|VARIABLE_ASSIGNMENT|[EXTERNAL]|value|"Final_Error_Testing"
19:19:26.0 (22707705)|VARIABLE_ASSIGNMENT|[1042]|this.apiName|"Final_Error_Testing"|0x45abba2
19:19:26.0 (22715140)|STATEMENT_EXECUTE|[1058]
19:19:26.0 (22736680)|VARIABLE_ASSIGNMENT|[EXTERNAL]|this|{"apiName":"Final_Error_Testing","label":"Final_Error_Testing"}|0x45abba2
19:19:26.0 (22741917)|VARIABLE_ASSIGNMENT|[EXTERNAL]|value|"0PS360000016pzlGAA"
19:19:26.0 (22748463)|VARIABLE_ASSIGNMENT|[1044]|this.id|"0PS360000016pzlGAA"|0x45abba2
19:19:26.0 (22754496)|STATEMENT_EXECUTE|[1059]
19:19:26.0 (22791961)|VARIABLE_ASSIGNMENT|[EXTERNAL]|this|{"apiName":"Final_Error_Testing","id":"0PS360000016pzlGAA","label":"Final_Error_Testing"}|0x45abba2
19:19:26.0 (22798855)|VARIABLE_ASSIGNMENT|[EXTERNAL]|value|"Descp"
19:19:26.0 (22806288)|VARIABLE_ASSIGNMENT|[1046]|this.description|"Descp"|0x45abba2
19:19:26.0 (22813280)|STATEMENT_EXECUTE|[1060]
19:19:26.0 (22836119)|VARIABLE_ASSIGNMENT|[EXTERNAL]|this|{"apiName":"Final_Error_Testing","description":"Descp","id":"0PS360000016pzlGAA","label":"Final_Error_Testing"}|0x45abba2
19:19:26.0 (22841375)|VARIABLE_ASSIGNMENT|[EXTERNAL]|value|"shiva15testns"
19:19:26.0 (22848040)|VARIABLE_ASSIGNMENT|[1048]|this.namespacePrefix|"shiva15testns"|0x45abba2
19:19:26.0 (22854132)|STATEMENT_EXECUTE|[1061]
19:19:26.0 (22875860)|VARIABLE_ASSIGNMENT|[EXTERNAL]|this|{"apiName":"Final_Error_Testing","description":"Descp","id":"0PS360000016pzlGAA","label":"Final_Error_Testing","namespacePrefix":"shiva15testns"}|0x45abba2
19:19:26.0 (22884586)|VARIABLE_ASSIGNMENT|[EXTERNAL]|value|"Salesforce"
19:19:26.0 (22891695)|VARIABLE_ASSIGNMENT|[1050]|this.userLicenseId|"Salesforce"|0x45abba2
19:19:26.0 (22898224)|STATEMENT_EXECUTE|[1062]
19:19:26.0 (22920812)|VARIABLE_ASSIGNMENT|[EXTERNAL]|this|{"apiName":"Final_Error_Testing","description":"Descp","id":"0PS360000016pzlGAA","label":"Final_Error_Testing","namespacePrefix":"shiva15testns","userLicenseId":"Salesforce"}|0x45abba2
19:19:26.0 (22926554)|VARIABLE_ASSIGNMENT|[EXTERNAL]|value|"2016-05-02 18:41:02"
19:19:26.0 (22933002)|VARIABLE_ASSIGNMENT|[1052]|this.createdDate|"2016-05-02 18:41:02"|0x45abba2
19:19:26.0 (22947109)|CONSTRUCTOR_EXIT|[165]|01p36000005Jpvx|<init>(String,String,String,String,String,String,String)
19:19:26.0 (22969050)|VARIABLE_ASSIGNMENT|[165]|pSetObj|{"apiName":"Final_Error_Testing","createdDate":"2016-05-02 18:41:02","description":"Descp","id":"0PS360000016pzlGAA","label":"Final_Error_Testing","namespacePrefix":"shiva15testns","userLicenseId":"Salesforce"}|0x45abba2
19:19:26.0 (22972632)|STATEMENT_EXECUTE|[167]
19:19:26.0 (22984386)|ENTERING_MANAGED_PKG|
19:19:26.0 (22989130)|HEAP_ALLOCATE|[EXTERNAL]|Bytes:4
19:19:26.0 (22995077)|STATEMENT_EXECUTE|[168]
19:19:26.0 (23008335)|ENTERING_MANAGED_PKG|
19:19:26.0 (23056534)|HEAP_ALLOCATE|[168]|Bytes:207
19:19:26.0 (23072492)|HEAP_ALLOCATE|[168]|Bytes:231
19:19:26.0 (23084344)|ENTERING_MANAGED_PKG|
19:19:26.0 (23091030)|USER_DEBUG|[168]|ERROR|The PermissionSet Name: PermissionSet:{Id=0PS360000016pzlGAA, Label=Final_Error_Testing, Name=Final_Error_Testing, Description=Descp, NamespacePrefix=shiva15testns, UserLicenseId=10036000000eSpyAAE, CreatedDate=2016-05-03 01:41:02}
19:19:26.0 (23111957)|HEAP_ALLOCATE|[162]|Bytes:5
19:19:26.0 (23135278)|HEAP_ALLOCATE|[162]|Bytes:32
19:19:26.0 (23144850)|VARIABLE_SCOPE_BEGIN|[162]|PSetName|PermissionSet|true|false
19:19:26.0 (23170986)|VARIABLE_ASSIGNMENT|[162]|PSetName|{"s":1,"v":{"Id":"0PS360000016q17GAA","Label":"PSet_Trying_tesy","Name":"PSet_Trying_tesy","Description":"Descp","NamespacePrefix":"shiva15testns","UserLicenseId":"10036000000eSpyAAE","CreatedDate":"2016-05-03T01:43:28.000Z"}}|0xba7ac96
19:19:26.0 (23175642)|STATEMENT_EXECUTE|[162]
19:19:26.0 (23197791)|ENTERING_MANAGED_PKG|
19:19:26.0 (23207760)|STATEMENT_EXECUTE|[163]
19:19:26.0 (23209309)|STATEMENT_EXECUTE|[164]
19:19:26.0 (23213721)|HEAP_ALLOCATE|[164]|Bytes:4
19:19:26.0 (23349723)|SOQL_EXECUTE_BEGIN|[164]|Aggregations:0|SELECT Id, Name FROM UserLicense WHERE Id = :tmpVar1
19:19:26.0 (24744886)|SOQL_EXECUTE_END|[164]|Rows:1
19:19:26.0 (24756778)|HEAP_ALLOCATE|[164]|Bytes:8
19:19:26.0 (24765661)|HEAP_ALLOCATE|[164]|Bytes:47
19:19:26.0 (24779418)|HEAP_ALLOCATE|[164]|Bytes:8
19:19:26.0 (24808123)|HEAP_ALLOCATE|[164]|Bytes:12
19:19:26.0 (24816392)|VARIABLE_SCOPE_BEGIN|[164]|ulicense|UserLicense|true|false
19:19:26.0 (24833685)|VARIABLE_ASSIGNMENT|[164]|ulicense|{"s":1,"v":{"Id":"10036000000eSpyAAE","Name":"Salesforce"}}|0xc19a15c
19:19:26.0 (24837632)|STATEMENT_EXECUTE|[165]
19:19:26.0 (24842802)|HEAP_ALLOCATE|[165]|Bytes:32
19:19:26.0 (24871640)|ENTERING_MANAGED_PKG|
19:19:26.0 (24876504)|HEAP_ALLOCATE|[165]|Bytes:18
19:19:26.0 (24904041)|ENTERING_MANAGED_PKG|
19:19:26.0 (24917740)|HEAP_ALLOCATE|[165]|Bytes:19
19:19:26.0 (24937717)|CONSTRUCTOR_ENTRY|[165]|01p36000005Jpvx|<init>(String,String,String,String,String,String,String)
19:19:26.0 (24943250)|VARIABLE_SCOPE_BEGIN|[1054]|this|shiva15testns.PermissionSetPortalControllers.PermissionSetClass|true|false
19:19:26.0 (24965245)|VARIABLE_ASSIGNMENT|[1054]|this|{}|0x7f612743
19:19:26.0 (24968481)|VARIABLE_SCOPE_BEGIN|[1054]|label|String|false|false
19:19:26.0 (24973372)|VARIABLE_ASSIGNMENT|[1054]|label|"PSet_Trying_tesy"
19:19:26.0 (24975119)|VARIABLE_SCOPE_BEGIN|[1054]|apiName|String|false|false
19:19:26.0 (24977947)|VARIABLE_ASSIGNMENT|[1054]|apiName|"PSet_Trying_tesy"
19:19:26.0 (24979546)|VARIABLE_SCOPE_BEGIN|[1054]|id|String|false|false
19:19:26.0 (24982276)|VARIABLE_ASSIGNMENT|[1054]|id|"0PS360000016q17GAA"
19:19:26.0 (24983993)|VARIABLE_SCOPE_BEGIN|[1054]|description|String|false|false
19:19:26.0 (24986785)|VARIABLE_ASSIGNMENT|[1054]|description|"Descp"
19:19:26.0 (24988483)|VARIABLE_SCOPE_BEGIN|[1054]|namespacePrefix|String|false|false
19:19:26.0 (24991185)|VARIABLE_ASSIGNMENT|[1054]|namespacePrefix|"shiva15testns"
19:19:26.0 (24992744)|VARIABLE_SCOPE_BEGIN|[1054]|userLicenseId|String|false|false
19:19:26.0 (24995304)|VARIABLE_ASSIGNMENT|[1054]|userLicenseId|"Salesforce"
19:19:26.0 (24996797)|VARIABLE_SCOPE_BEGIN|[1054]|createdDate|String|false|false
19:19:26.0 (24999534)|VARIABLE_ASSIGNMENT|[1054]|createdDate|"2016-05-02 18:43:28"
19:19:26.0 (25002516)|STATEMENT_EXECUTE|[1037]
19:19:26.0 (25004687)|STATEMENT_EXECUTE|[1040]
19:19:26.0 (25006193)|STATEMENT_EXECUTE|[1042]
19:19:26.0 (25007319)|STATEMENT_EXECUTE|[1044]
19:19:26.0 (25008316)|STATEMENT_EXECUTE|[1046]
19:19:26.0 (25009331)|STATEMENT_EXECUTE|[1048]
19:19:26.0 (25010343)|STATEMENT_EXECUTE|[1050]
19:19:26.0 (25011386)|STATEMENT_EXECUTE|[1052]
19:19:26.0 (25022799)|STATEMENT_EXECUTE|[1055]
19:19:26.0 (25024235)|STATEMENT_EXECUTE|[1056]
19:19:26.0 (25045667)|VARIABLE_ASSIGNMENT|[EXTERNAL]|this|{}|0x7f612743
19:19:26.0 (25051190)|VARIABLE_ASSIGNMENT|[EXTERNAL]|value|"PSet_Trying_tesy"
19:19:26.0 (25059409)|VARIABLE_ASSIGNMENT|[1040]|this.label|"PSet_Trying_tesy"|0x7f612743
19:19:26.0 (25066135)|STATEMENT_EXECUTE|[1057]
19:19:26.0 (25086395)|VARIABLE_ASSIGNMENT|[EXTERNAL]|this|{"label":"PSet_Trying_tesy"}|0x7f612743
19:19:26.0 (25091315)|VARIABLE_ASSIGNMENT|[EXTERNAL]|value|"PSet_Trying_tesy"
19:19:26.0 (25112788)|VARIABLE_ASSIGNMENT|[1042]|this.apiName|"PSet_Trying_tesy"|0x7f612743
19:19:26.0 (25121027)|STATEMENT_EXECUTE|[1058]
19:19:26.0 (25147707)|VARIABLE_ASSIGNMENT|[EXTERNAL]|this|{"apiName":"PSet_Trying_tesy","label":"PSet_Trying_tesy"}|0x7f612743
19:19:26.0 (25152970)|VARIABLE_ASSIGNMENT|[EXTERNAL]|value|"0PS360000016q17GAA"
19:19:26.0 (25159973)|VARIABLE_ASSIGNMENT|[1044]|this.id|"0PS360000016q17GAA"|0x7f612743
19:19:26.0 (25166378)|STATEMENT_EXECUTE|[1059]
19:19:26.0 (25187714)|VARIABLE_ASSIGNMENT|[EXTERNAL]|this|{"apiName":"PSet_Trying_tesy","id":"0PS360000016q17GAA","label":"PSet_Trying_tesy"}|0x7f612743
19:19:26.0 (25196413)|VARIABLE_ASSIGNMENT|[EXTERNAL]|value|"Descp"
19:19:26.0 (25203477)|VARIABLE_ASSIGNMENT|[1046]|this.description|"Descp"|0x7f612743
19:19:26.0 (25209713)|STATEMENT_EXECUTE|[1060]
19:19:26.0 (25231701)|VARIABLE_ASSIGNMENT|[EXTERNAL]|this|{"apiName":"PSet_Trying_tesy","description":"Descp","id":"0PS360000016q17GAA","label":"PSet_Trying_tesy"}|0x7f612743
19:19:26.0 (25237079)|VARIABLE_ASSIGNMENT|[EXTERNAL]|value|"shiva15testns"
19:19:26.0 (25243456)|VARIABLE_ASSIGNMENT|[1048]|this.namespacePrefix|"shiva15testns"|0x7f612743
19:19:26.0 (25249430)|STATEMENT_EXECUTE|[1061]
19:19:26.0 (25270608)|VARIABLE_ASSIGNMENT|[EXTERNAL]|this|{"apiName":"PSet_Trying_tesy","description":"Descp","id":"0PS360000016q17GAA","label":"PSet_Trying_tesy","namespacePrefix":"shiva15testns"}|0x7f612743
19:19:26.0 (25275751)|VARIABLE_ASSIGNMENT|[EXTERNAL]|value|"Salesforce"
19:19:26.0 (25282258)|VARIABLE_ASSIGNMENT|[1050]|this.userLicenseId|"Salesforce"|0x7f612743
19:19:26.0 (25288336)|STATEMENT_EXECUTE|[1062]
19:19:26.0 (25310204)|VARIABLE_ASSIGNMENT|[EXTERNAL]|this|{"apiName":"PSet_Trying_tesy","description":"Descp","id":"0PS360000016q17GAA","label":"PSet_Trying_tesy","namespacePrefix":"shiva15testns","userLicenseId":"Salesforce"}|0x7f612743
19:19:26.0 (25315911)|VARIABLE_ASSIGNMENT|[EXTERNAL]|value|"2016-05-02 18:43:28"
19:19:26.0 (25322248)|VARIABLE_ASSIGNMENT|[1052]|this.createdDate|"2016-05-02 18:43:28"|0x7f612743
19:19:26.0 (25336004)|CONSTRUCTOR_EXIT|[165]|01p36000005Jpvx|<init>(String,String,String,String,String,String,String)
19:19:26.0 (25357855)|VARIABLE_ASSIGNMENT|[165]|pSetObj|{"apiName":"PSet_Trying_tesy","createdDate":"2016-05-02 18:43:28","description":"Descp","id":"0PS360000016q17GAA","label":"PSet_Trying_tesy","namespacePrefix":"shiva15testns","userLicenseId":"Salesforce"}|0x7f612743
19:19:26.0 (25361285)|STATEMENT_EXECUTE|[167]
19:19:26.0 (25372634)|ENTERING_MANAGED_PKG|
19:19:26.0 (25377141)|HEAP_ALLOCATE|[EXTERNAL]|Bytes:4
19:19:26.0 (25383146)|STATEMENT_EXECUTE|[168]
19:19:26.0 (25396219)|ENTERING_MANAGED_PKG|
19:19:26.0 (25442419)|HEAP_ALLOCATE|[168]|Bytes:201
19:19:26.0 (25458824)|HEAP_ALLOCATE|[168]|Bytes:225
19:19:26.0 (25470862)|ENTERING_MANAGED_PKG|
19:19:26.0 (25477496)|USER_DEBUG|[168]|ERROR|The PermissionSet Name: PermissionSet:{Id=0PS360000016q17GAA, Label=PSet_Trying_tesy, Name=PSet_Trying_tesy, Description=Descp, NamespacePrefix=shiva15testns, UserLicenseId=10036000000eSpyAAE, CreatedDate=2016-05-03 01:43:28}
19:19:26.0 (25493109)|HEAP_ALLOCATE|[162]|Bytes:5
19:19:26.0 (25518337)|HEAP_ALLOCATE|[162]|Bytes:32
19:19:26.0 (25527819)|VARIABLE_SCOPE_BEGIN|[162]|PSetName|PermissionSet|true|false
19:19:26.0 (25553766)|VARIABLE_ASSIGNMENT|[162]|PSetName|{"s":1,"v":{"Id":"0PS360000016q1MGAQ","Label":"Testing_PSet","Name":"Testing_PSet","Description":"Descp","NamespacePrefix":"shiva15testns","UserLicenseId":"10036000000eSpyAAE","CreatedDate":"2016-05-03T01:46:27.000Z"}}|0x24f1ab74
19:19:26.0 (25558489)|STATEMENT_EXECUTE|[162]
19:19:26.0 (25580532)|ENTERING_MANAGED_PKG|
19:19:26.0 (25590696)|STATEMENT_EXECUTE|[163]
19:19:26.0 (25592227)|STATEMENT_EXECUTE|[164]
19:19:26.0 (25596891)|HEAP_ALLOCATE|[164]|Bytes:4
19:19:26.0 (25739907)|SOQL_EXECUTE_BEGIN|[164]|Aggregations:0|SELECT Id, Name FROM UserLicense WHERE Id = :tmpVar1
19:19:26.0 (27163100)|SOQL_EXECUTE_END|[164]|Rows:1
19:19:26.0 (27174748)|HEAP_ALLOCATE|[164]|Bytes:8
19:19:26.0 (27183781)|HEAP_ALLOCATE|[164]|Bytes:47
19:19:26.0 (27197413)|HEAP_ALLOCATE|[164]|Bytes:8
19:19:26.0 (27225943)|HEAP_ALLOCATE|[164]|Bytes:12
19:19:26.0 (27234069)|VARIABLE_SCOPE_BEGIN|[164]|ulicense|UserLicense|true|false
19:19:26.0 (27251264)|VARIABLE_ASSIGNMENT|[164]|ulicense|{"s":1,"v":{"Id":"10036000000eSpyAAE","Name":"Salesforce"}}|0x3a18246f
19:19:26.0 (27255056)|STATEMENT_EXECUTE|[165]
19:19:26.0 (27260176)|HEAP_ALLOCATE|[165]|Bytes:32
19:19:26.0 (27285508)|ENTERING_MANAGED_PKG|
19:19:26.0 (27290130)|HEAP_ALLOCATE|[165]|Bytes:18
19:19:26.0 (27317369)|ENTERING_MANAGED_PKG|
19:19:26.0 (27331075)|HEAP_ALLOCATE|[165]|Bytes:19
19:19:26.0 (27351074)|CONSTRUCTOR_ENTRY|[165]|01p36000005Jpvx|<init>(String,String,String,String,String,String,String)
19:19:26.0 (27356579)|VARIABLE_SCOPE_BEGIN|[1054]|this|shiva15testns.PermissionSetPortalControllers.PermissionSetClass|true|false
19:19:26.0 (27377867)|VARIABLE_ASSIGNMENT|[1054]|this|{}|0x44f3acef
19:19:26.0 (27381049)|VARIABLE_SCOPE_BEGIN|[1054]|label|String|false|false
19:19:26.0 (27386000)|VARIABLE_ASSIGNMENT|[1054]|label|"Testing_PSet"
19:19:26.0 (27387828)|VARIABLE_SCOPE_BEGIN|[1054]|apiName|String|false|false
19:19:26.0 (27390517)|VARIABLE_ASSIGNMENT|[1054]|apiName|"Testing_PSet"
19:19:26.0 (27392133)|VARIABLE_SCOPE_BEGIN|[1054]|id|String|false|false
19:19:26.0 (27394954)|VARIABLE_ASSIGNMENT|[1054]|id|"0PS360000016q1MGAQ"
19:19:26.0 (27396501)|VARIABLE_SCOPE_BEGIN|[1054]|description|String|false|false
19:19:26.0 (27399058)|VARIABLE_ASSIGNMENT|[1054]|description|"Descp"
19:19:26.0 (27400560)|VARIABLE_SCOPE_BEGIN|[1054]|namespacePrefix|String|false|false
19:19:26.0 (27403093)|VARIABLE_ASSIGNMENT|[1054]|namespacePrefix|"shiva15testns"
19:19:26.0 (27404599)|VARIABLE_SCOPE_BEGIN|[1054]|userLicenseId|String|false|false
19:19:26.0 (27407299)|VARIABLE_ASSIGNMENT|[1054]|userLicenseId|"Salesforce"
19:19:26.0 (27408830)|VARIABLE_SCOPE_BEGIN|[1054]|createdDate|String|false|false
19:19:26.0 (27411544)|VARIABLE_ASSIGNMENT|[1054]|createdDate|"2016-05-02 18:46:27"
19:19:26.0 (27414583)|STATEMENT_EXECUTE|[1037]
19:19:26.0 (27415976)|STATEMENT_EXECUTE|[1040]
19:19:26.0 (27417194)|STATEMENT_EXECUTE|[1042]
19:19:26.0 (27418217)|STATEMENT_EXECUTE|[1044]
19:19:26.0 (27419196)|STATEMENT_EXECUTE|[1046]
19:19:26.0 (27420178)|STATEMENT_EXECUTE|[1048]
19:19:26.0 (27421155)|STATEMENT_EXECUTE|[1050]
19:19:26.0 (27422400)|STATEMENT_EXECUTE|[1052]
19:19:26.0 (27433748)|STATEMENT_EXECUTE|[1055]
19:19:26.0 (27435147)|STATEMENT_EXECUTE|[1056]
19:19:26.0 (27455772)|VARIABLE_ASSIGNMENT|[EXTERNAL]|this|{}|0x44f3acef
19:19:26.0 (27461149)|VARIABLE_ASSIGNMENT|[EXTERNAL]|value|"Testing_PSet"
19:19:26.0 (27472216)|VARIABLE_ASSIGNMENT|[1040]|this.label|"Testing_PSet"|0x44f3acef
19:19:26.0 (27479394)|STATEMENT_EXECUTE|[1057]
19:19:26.0 (27500349)|VARIABLE_ASSIGNMENT|[EXTERNAL]|this|{"label":"Testing_PSet"}|0x44f3acef
19:19:26.0 (27505262)|VARIABLE_ASSIGNMENT|[EXTERNAL]|value|"Testing_PSet"
19:19:26.0 (27511656)|VARIABLE_ASSIGNMENT|[1042]|this.apiName|"Testing_PSet"|0x44f3acef
19:19:26.0 (27517463)|STATEMENT_EXECUTE|[1058]
19:19:26.0 (27538123)|VARIABLE_ASSIGNMENT|[EXTERNAL]|this|{"apiName":"Testing_PSet","label":"Testing_PSet"}|0x44f3acef
19:19:26.0 (27543044)|VARIABLE_ASSIGNMENT|[EXTERNAL]|value|"0PS360000016q1MGAQ"
19:19:26.0 (27549425)|VARIABLE_ASSIGNMENT|[1044]|this.id|"0PS360000016q1MGAQ"|0x44f3acef
19:19:26.0 (27555323)|STATEMENT_EXECUTE|[1059]
19:19:26.0 (27575725)|VARIABLE_ASSIGNMENT|[EXTERNAL]|this|{"apiName":"Testing_PSet","id":"0PS360000016q1MGAQ","label":"Testing_PSet"}|0x44f3acef
19:19:26.0 (27580519)|VARIABLE_ASSIGNMENT|[EXTERNAL]|value|"Descp"
19:19:26.0 (27586754)|VARIABLE_ASSIGNMENT|[1046]|this.description|"Descp"|0x44f3acef
19:19:26.0 (27592597)|STATEMENT_EXECUTE|[1060]
19:19:26.0 (27613467)|VARIABLE_ASSIGNMENT|[EXTERNAL]|this|{"apiName":"Testing_PSet","description":"Descp","id":"0PS360000016q1MGAQ","label":"Testing_PSet"}|0x44f3acef
19:19:26.0 (27618566)|VARIABLE_ASSIGNMENT|[EXTERNAL]|value|"shiva15testns"
19:19:26.0 (27624746)|VARIABLE_ASSIGNMENT|[1048]|this.namespacePrefix|"shiva15testns"|0x44f3acef
19:19:26.0 (27630871)|STATEMENT_EXECUTE|[1061]
19:19:26.0 (27652025)|VARIABLE_ASSIGNMENT|[EXTERNAL]|this|{"apiName":"Testing_PSet","description":"Descp","id":"0PS360000016q1MGAQ","label":"Testing_PSet","namespacePrefix":"shiva15testns"}|0x44f3acef
19:19:26.0 (27656869)|VARIABLE_ASSIGNMENT|[EXTERNAL]|value|"Salesforce"
19:19:26.0 (27662996)|VARIABLE_ASSIGNMENT|[1050]|this.userLicenseId|"Salesforce"|0x44f3acef
19:19:26.0 (27668875)|STATEMENT_EXECUTE|[1062]
19:19:26.0 (27690670)|VARIABLE_ASSIGNMENT|[EXTERNAL]|this|{"apiName":"Testing_PSet","description":"Descp","id":"0PS360000016q1MGAQ","label":"Testing_PSet","namespacePrefix":"shiva15testns","userLicenseId":"Salesforce"}|0x44f3acef
19:19:26.0 (27696349)|VARIABLE_ASSIGNMENT|[EXTERNAL]|value|"2016-05-02 18:46:27"
19:19:26.0 (27702683)|VARIABLE_ASSIGNMENT|[1052]|this.createdDate|"2016-05-02 18:46:27"|0x44f3acef
19:19:26.0 (27716266)|CONSTRUCTOR_EXIT|[165]|01p36000005Jpvx|<init>(String,String,String,String,String,String,String)
19:19:26.0 (27738171)|VARIABLE_ASSIGNMENT|[165]|pSetObj|{"apiName":"Testing_PSet","createdDate":"2016-05-02 18:46:27","description":"Descp","id":"0PS360000016q1MGAQ","label":"Testing_PSet","namespacePrefix":"shiva15testns","userLicenseId":"Salesforce"}|0x44f3acef
19:19:26.0 (27741939)|STATEMENT_EXECUTE|[167]
19:19:26.0 (27753158)|ENTERING_MANAGED_PKG|
19:19:26.0 (27757837)|HEAP_ALLOCATE|[EXTERNAL]|Bytes:4
19:19:26.0 (27763770)|STATEMENT_EXECUTE|[168]
19:19:26.0 (27777018)|ENTERING_MANAGED_PKG|
19:19:26.0 (27823343)|HEAP_ALLOCATE|[168]|Bytes:193
19:19:26.0 (27839392)|HEAP_ALLOCATE|[168]|Bytes:217
19:19:26.0 (27851349)|ENTERING_MANAGED_PKG|
19:19:26.0 (27858063)|USER_DEBUG|[168]|ERROR|The PermissionSet Name: PermissionSet:{Id=0PS360000016q1MGAQ, Label=Testing_PSet, Name=Testing_PSet, Description=Descp, NamespacePrefix=shiva15testns, UserLicenseId=10036000000eSpyAAE, CreatedDate=2016-05-03 01:46:27}
19:19:26.0 (27873228)|HEAP_ALLOCATE|[162]|Bytes:5
19:19:26.0 (27912750)|HEAP_ALLOCATE|[162]|Bytes:28
19:19:26.0 (27923544)|VARIABLE_SCOPE_BEGIN|[162]|PSetName|PermissionSet|true|false
19:19:26.0 (27954707)|VARIABLE_ASSIGNMENT|[162]|PSetName|{"s":1,"v":{"Id":"0PS360000016qNFGAY","Label":"PSet_Testing_Testing","Name":"PSet_Testing_Testing","NamespacePrefix":"shiva15testns","UserLicenseId":"10036000000eSpyAAE","CreatedDate":"2016-05-03T02:02:52.000Z"}}|0x27b948a4
19:19:26.0 (27959897)|STATEMENT_EXECUTE|[162]
19:19:26.0 (27982756)|ENTERING_MANAGED_PKG|
19:19:26.0 (27992926)|STATEMENT_EXECUTE|[163]
19:19:26.0 (27994521)|STATEMENT_EXECUTE|[164]
19:19:26.0 (27999011)|HEAP_ALLOCATE|[164]|Bytes:4
19:19:26.0 (28140969)|SOQL_EXECUTE_BEGIN|[164]|Aggregations:0|SELECT Id, Name FROM UserLicense WHERE Id = :tmpVar1
19:19:26.0 (29570191)|SOQL_EXECUTE_END|[164]|Rows:1
19:19:26.0 (29581933)|HEAP_ALLOCATE|[164]|Bytes:8
19:19:26.0 (29591075)|HEAP_ALLOCATE|[164]|Bytes:47
19:19:26.0 (29604804)|HEAP_ALLOCATE|[164]|Bytes:8
19:19:26.0 (29633555)|HEAP_ALLOCATE|[164]|Bytes:12
19:19:26.0 (29641966)|VARIABLE_SCOPE_BEGIN|[164]|ulicense|UserLicense|true|false
19:19:26.0 (29658849)|VARIABLE_ASSIGNMENT|[164]|ulicense|{"s":1,"v":{"Id":"10036000000eSpyAAE","Name":"Salesforce"}}|0x8c87aad
19:19:26.0 (29662411)|STATEMENT_EXECUTE|[165]
19:19:26.0 (29667625)|HEAP_ALLOCATE|[165]|Bytes:32
19:19:26.0 (29693175)|ENTERING_MANAGED_PKG|
19:19:26.0 (29697864)|HEAP_ALLOCATE|[165]|Bytes:18
19:19:26.0 (29725440)|ENTERING_MANAGED_PKG|
19:19:26.0 (29738975)|HEAP_ALLOCATE|[165]|Bytes:19
19:19:26.0 (29758822)|CONSTRUCTOR_ENTRY|[165]|01p36000005Jpvx|<init>(String,String,String,String,String,String,String)
19:19:26.0 (29764567)|VARIABLE_SCOPE_BEGIN|[1054]|this|shiva15testns.PermissionSetPortalControllers.PermissionSetClass|true|false
19:19:26.0 (29785644)|VARIABLE_ASSIGNMENT|[1054]|this|{}|0x71f10bff
19:19:26.0 (29788948)|VARIABLE_SCOPE_BEGIN|[1054]|label|String|false|false
19:19:26.0 (29793759)|VARIABLE_ASSIGNMENT|[1054]|label|"PSet_Testing_Testing"
19:19:26.0 (29795605)|VARIABLE_SCOPE_BEGIN|[1054]|apiName|String|false|false
19:19:26.0 (29798589)|VARIABLE_ASSIGNMENT|[1054]|apiName|"PSet_Testing_Testing"
19:19:26.0 (29800371)|VARIABLE_SCOPE_BEGIN|[1054]|id|String|false|false
19:19:26.0 (29803213)|VARIABLE_ASSIGNMENT|[1054]|id|"0PS360000016qNFGAY"
19:19:26.0 (29804930)|VARIABLE_SCOPE_BEGIN|[1054]|description|String|false|false
19:19:26.0 (29808065)|VARIABLE_ASSIGNMENT|[1054]|description|null
19:19:26.0 (29809703)|VARIABLE_SCOPE_BEGIN|[1054]|namespacePrefix|String|false|false
19:19:26.0 (29812461)|VARIABLE_ASSIGNMENT|[1054]|namespacePrefix|"shiva15testns"
19:19:26.0 (29814371)|VARIABLE_SCOPE_BEGIN|[1054]|userLicenseId|String|false|false
19:19:26.0 (29820330)|VARIABLE_ASSIGNMENT|[1054]|userLicenseId|"Salesforce"
19:19:26.0 (29822222)|VARIABLE_SCOPE_BEGIN|[1054]|createdDate|String|false|false
19:19:26.0 (29825288)|VARIABLE_ASSIGNMENT|[1054]|createdDate|"2016-05-02 19:02:52"
19:19:26.0 (29828280)|STATEMENT_EXECUTE|[1037]
19:19:26.0 (29829575)|STATEMENT_EXECUTE|[1040]
19:19:26.0 (29830974)|STATEMENT_EXECUTE|[1042]
19:19:26.0 (29832094)|STATEMENT_EXECUTE|[1044]
19:19:26.0 (29833132)|STATEMENT_EXECUTE|[1046]
19:19:26.0 (29834159)|STATEMENT_EXECUTE|[1048]
19:19:26.0 (29835266)|STATEMENT_EXECUTE|[1050]
19:19:26.0 (29836322)|STATEMENT_EXECUTE|[1052]
19:19:26.0 (29848065)|STATEMENT_EXECUTE|[1055]
19:19:26.0 (29849587)|STATEMENT_EXECUTE|[1056]
19:19:26.0 (29871282)|VARIABLE_ASSIGNMENT|[EXTERNAL]|this|{}|0x71f10bff
19:19:26.0 (29877119)|VARIABLE_ASSIGNMENT|[EXTERNAL]|value|"PSet_Testing_Testing"
19:19:26.0 (29884961)|VARIABLE_ASSIGNMENT|[1040]|this.label|"PSet_Testing_Testing"|0x71f10bff
19:19:26.0 (29891765)|STATEMENT_EXECUTE|[1057]
19:19:26.0 (29912084)|VARIABLE_ASSIGNMENT|[EXTERNAL]|this|{"label":"PSet_Testing_Testing"}|0x71f10bff
19:19:26.0 (29917092)|VARIABLE_ASSIGNMENT|[EXTERNAL]|value|"PSet_Testing_Testing"
19:19:26.0 (29923307)|VARIABLE_ASSIGNMENT|[1042]|this.apiName|"PSet_Testing_Testing"|0x71f10bff
19:19:26.0 (29929512)|STATEMENT_EXECUTE|[1058]
19:19:26.0 (29949770)|VARIABLE_ASSIGNMENT|[EXTERNAL]|this|{"apiName":"PSet_Testing_Testing","label":"PSet_Testing_Testing"}|0x71f10bff
19:19:26.0 (29954700)|VARIABLE_ASSIGNMENT|[EXTERNAL]|value|"0PS360000016qNFGAY"
19:19:26.0 (29961228)|VARIABLE_ASSIGNMENT|[1044]|this.id|"0PS360000016qNFGAY"|0x71f10bff
19:19:26.0 (29967133)|STATEMENT_EXECUTE|[1059]
19:19:26.0 (29987553)|VARIABLE_ASSIGNMENT|[EXTERNAL]|this|{"apiName":"PSet_Testing_Testing","id":"0PS360000016qNFGAY","label":"PSet_Testing_Testing"}|0x71f10bff
19:19:26.0 (29992901)|VARIABLE_ASSIGNMENT|[EXTERNAL]|value|null
19:19:26.0 (29999403)|VARIABLE_ASSIGNMENT|[1046]|this.description|null|0x71f10bff
19:19:26.0 (30005124)|STATEMENT_EXECUTE|[1060]
19:19:26.0 (30026964)|VARIABLE_ASSIGNMENT|[EXTERNAL]|this|{"apiName":"PSet_Testing_Testing","id":"0PS360000016qNFGAY","label":"PSet_Testing_Testing"}|0x71f10bff
19:19:26.0 (30032095)|VARIABLE_ASSIGNMENT|[EXTERNAL]|value|"shiva15testns"
19:19:26.0 (30038563)|VARIABLE_ASSIGNMENT|[1048]|this.namespacePrefix|"shiva15testns"|0x71f10bff
19:19:26.0 (30044450)|STATEMENT_EXECUTE|[1061]
19:19:26.0 (30065282)|VARIABLE_ASSIGNMENT|[EXTERNAL]|this|{"apiName":"PSet_Testing_Testing","id":"0PS360000016qNFGAY","label":"PSet_Testing_Testing","namespacePrefix":"shiva15testns"}|0x71f10bff
19:19:26.0 (30070337)|VARIABLE_ASSIGNMENT|[EXTERNAL]|value|"Salesforce"
19:19:26.0 (30076525)|VARIABLE_ASSIGNMENT|[1050]|this.userLicenseId|"Salesforce"|0x71f10bff
19:19:26.0 (30082405)|STATEMENT_EXECUTE|[1062]
19:19:26.0 (30113156)|VARIABLE_ASSIGNMENT|[EXTERNAL]|this|{"apiName":"PSet_Testing_Testing","id":"0PS360000016qNFGAY","label":"PSet_Testing_Testing","namespacePrefix":"shiva15testns","userLicenseId":"Salesforce"}|0x71f10bff
19:19:26.0 (30119385)|VARIABLE_ASSIGNMENT|[EXTERNAL]|value|"2016-05-02 19:02:52"
19:19:26.0 (30126619)|VARIABLE_ASSIGNMENT|[1052]|this.createdDate|"2016-05-02 19:02:52"|0x71f10bff
19:19:26.0 (30140734)|CONSTRUCTOR_EXIT|[165]|01p36000005Jpvx|<init>(String,String,String,String,String,String,String)
19:19:26.0 (30163106)|VARIABLE_ASSIGNMENT|[165]|pSetObj|{"apiName":"PSet_Testing_Testing","createdDate":"2016-05-02 19:02:52","id":"0PS360000016qNFGAY","label":"PSet_Testing_Testing","namespacePrefix":"shiva15testns","userLicenseId":"Salesforce"}|0x71f10bff
19:19:26.0 (30166823)|STATEMENT_EXECUTE|[167]
19:19:26.0 (30178234)|ENTERING_MANAGED_PKG|
19:19:26.0 (30183011)|HEAP_ALLOCATE|[EXTERNAL]|Bytes:4
19:19:26.0 (30188985)|STATEMENT_EXECUTE|[168]
19:19:26.0 (30202115)|ENTERING_MANAGED_PKG|
19:19:26.0 (30252371)|HEAP_ALLOCATE|[168]|Bytes:190
19:19:26.0 (30269112)|HEAP_ALLOCATE|[168]|Bytes:214
19:19:26.0 (30281349)|ENTERING_MANAGED_PKG|
19:19:26.0 (30288016)|USER_DEBUG|[168]|ERROR|The PermissionSet Name: PermissionSet:{Id=0PS360000016qNFGAY, Label=PSet_Testing_Testing, Name=PSet_Testing_Testing, NamespacePrefix=shiva15testns, UserLicenseId=10036000000eSpyAAE, CreatedDate=2016-05-03 02:02:52}
19:19:26.0 (30303432)|HEAP_ALLOCATE|[162]|Bytes:5
19:19:26.0 (30325722)|HEAP_ALLOCATE|[162]|Bytes:32
19:19:26.0 (30334738)|VARIABLE_SCOPE_BEGIN|[162]|PSetName|PermissionSet|true|false
19:19:26.0 (30363822)|VARIABLE_ASSIGNMENT|[162]|PSetName|{"s":1,"v":{"Id":"0PS360000016qWwGAI","Label":"PSet_Testing_Creatio (1 more) ...","Name":"PSet_Testing_Creatio (1 more) ...","Description":"PSet Testing Creatio (13 more) ...","NamespacePrefix":"shiva15testns","UserLicenseId":"10036000000eSpyAAE","CreatedDate":"2016-05-03T02:08:46.000Z"}}|0x1c3d00b0
19:19:26.0 (30368604)|STATEMENT_EXECUTE|[162]
19:19:26.0 (30390792)|ENTERING_MANAGED_PKG|
19:19:26.0 (30400941)|STATEMENT_EXECUTE|[163]
19:19:26.0 (30402582)|STATEMENT_EXECUTE|[164]
19:19:26.0 (30407013)|HEAP_ALLOCATE|[164]|Bytes:4
19:19:26.0 (30543377)|SOQL_EXECUTE_BEGIN|[164]|Aggregations:0|SELECT Id, Name FROM UserLicense WHERE Id = :tmpVar1
19:19:26.0 (31880478)|SOQL_EXECUTE_END|[164]|Rows:1
19:19:26.0 (31892360)|HEAP_ALLOCATE|[164]|Bytes:8
19:19:26.0 (31901348)|HEAP_ALLOCATE|[164]|Bytes:47
19:19:26.0 (31915125)|HEAP_ALLOCATE|[164]|Bytes:8
19:19:26.0 (31943792)|HEAP_ALLOCATE|[164]|Bytes:12
19:19:26.0 (31952142)|VARIABLE_SCOPE_BEGIN|[164]|ulicense|UserLicense|true|false
19:19:26.0 (31969190)|VARIABLE_ASSIGNMENT|[164]|ulicense|{"s":1,"v":{"Id":"10036000000eSpyAAE","Name":"Salesforce"}}|0x6cd2455a
19:19:26.0 (31972832)|STATEMENT_EXECUTE|[165]
19:19:26.0 (31977977)|HEAP_ALLOCATE|[165]|Bytes:32
19:19:26.0 (32003350)|ENTERING_MANAGED_PKG|
19:19:26.0 (32008820)|HEAP_ALLOCATE|[165]|Bytes:18
19:19:26.0 (32036388)|ENTERING_MANAGED_PKG|
19:19:26.0 (32049683)|HEAP_ALLOCATE|[165]|Bytes:19
19:19:26.0 (32069288)|CONSTRUCTOR_ENTRY|[165]|01p36000005Jpvx|<init>(String,String,String,String,String,String,String)
19:19:26.0 (32074764)|VARIABLE_SCOPE_BEGIN|[1054]|this|shiva15testns.PermissionSetPortalControllers.PermissionSetClass|true|false
19:19:26.0 (32102122)|VARIABLE_ASSIGNMENT|[1054]|this|{}|0x6fbd1c5b
19:19:26.0 (32105560)|VARIABLE_SCOPE_BEGIN|[1054]|label|String|false|false
19:19:26.0 (32111677)|VARIABLE_ASSIGNMENT|[1054]|label|"PSet_Testing_Creatio (1 more) ..."
19:19:26.0 (32113673)|VARIABLE_SCOPE_BEGIN|[1054]|apiName|String|false|false
19:19:26.0 (32117432)|VARIABLE_ASSIGNMENT|[1054]|apiName|"PSet_Testing_Creatio (1 more) ..."
19:19:26.0 (32119469)|VARIABLE_SCOPE_BEGIN|[1054]|id|String|false|false
19:19:26.0 (32122397)|VARIABLE_ASSIGNMENT|[1054]|id|"0PS360000016qWwGAI"
19:19:26.0 (32123996)|VARIABLE_SCOPE_BEGIN|[1054]|description|String|false|false
19:19:26.0 (32127503)|VARIABLE_ASSIGNMENT|[1054]|description|"PSet Testing Creatio (13 more) ..."
19:19:26.0 (32129239)|VARIABLE_SCOPE_BEGIN|[1054]|namespacePrefix|String|false|false
19:19:26.0 (32132319)|VARIABLE_ASSIGNMENT|[1054]|namespacePrefix|"shiva15testns"
19:19:26.0 (32133964)|VARIABLE_SCOPE_BEGIN|[1054]|userLicenseId|String|false|false
19:19:26.0 (32136531)|VARIABLE_ASSIGNMENT|[1054]|userLicenseId|"Salesforce"
19:19:26.0 (32138142)|VARIABLE_SCOPE_BEGIN|[1054]|createdDate|String|false|false
19:19:26.0 (32140768)|VARIABLE_ASSIGNMENT|[1054]|createdDate|"2016-05-02 19:08:46"
19:19:26.0 (32143717)|STATEMENT_EXECUTE|[1037]
19:19:26.0 (32144936)|STATEMENT_EXECUTE|[1040]
19:19:26.0 (32146444)|STATEMENT_EXECUTE|[1042]
19:19:26.0 (32147644)|STATEMENT_EXECUTE|[1044]
19:19:26.0 (32148757)|STATEMENT_EXECUTE|[1046]
19:19:26.0 (32149729)|STATEMENT_EXECUTE|[1048]
19:19:26.0 (32150719)|STATEMENT_EXECUTE|[1050]
19:19:26.0 (32151747)|STATEMENT_EXECUTE|[1052]
19:19:26.0 (32163590)|STATEMENT_EXECUTE|[1055]
19:19:26.0 (32165090)|STATEMENT_EXECUTE|[1056]
19:19:26.0 (32186583)|VARIABLE_ASSIGNMENT|[EXTERNAL]|this|{}|0x6fbd1c5b
19:19:26.0 (32192809)|VARIABLE_ASSIGNMENT|[EXTERNAL]|value|"PSet_Testing_Creatio (1 more) ..."
19:19:26.0 (32205305)|VARIABLE_ASSIGNMENT|[1040]|this.label|"PSet_Testing_Creatio (1 more) ..."|0x6fbd1c5b
19:19:26.0 (32212492)|STATEMENT_EXECUTE|[1057]
19:19:26.0 (32233933)|VARIABLE_ASSIGNMENT|[EXTERNAL]|this|{"label":"PSet_Testing_Creatio (1 more) ..."}|0x6fbd1c5b
19:19:26.0 (32239128)|VARIABLE_ASSIGNMENT|[EXTERNAL]|value|"PSet_Testing_Creatio (1 more) ..."
19:19:26.0 (32246115)|VARIABLE_ASSIGNMENT|[1042]|this.apiName|"PSet_Testing_Creatio (1 more) ..."|0x6fbd1c5b
19:19:26.0 (32252608)|STATEMENT_EXECUTE|[1058]
19:19:26.0 (32274192)|VARIABLE_ASSIGNMENT|[EXTERNAL]|this|{"apiName":"PSet_Testing_Creatio (1 more) ...","label":"PSet_Testing_Creatio (1 more) ..."}|0x6fbd1c5b
19:19:26.0 (32279552)|VARIABLE_ASSIGNMENT|[EXTERNAL]|value|"0PS360000016qWwGAI"
19:19:26.0 (32285929)|VARIABLE_ASSIGNMENT|[1044]|this.id|"0PS360000016qWwGAI"|0x6fbd1c5b
19:19:26.0 (32291989)|STATEMENT_EXECUTE|[1059]
19:19:26.0 (32314030)|VARIABLE_ASSIGNMENT|[EXTERNAL]|this|{"apiName":"PSet_Testing_Creatio (1 more) ...","id":"0PS360000016qWwGAI","label":"PSet_Testing_Creatio (1 more) ..."}|0x6fbd1c5b
19:19:26.0 (32320149)|VARIABLE_ASSIGNMENT|[EXTERNAL]|value|"PSet Testing Creatio (13 more) ..."
19:19:26.0 (32327398)|VARIABLE_ASSIGNMENT|[1046]|this.description|"PSet Testing Creatio (13 more) ..."|0x6fbd1c5b
19:19:26.0 (32333443)|STATEMENT_EXECUTE|[1060]
19:19:26.0 (32355767)|VARIABLE_ASSIGNMENT|[EXTERNAL]|this|{"apiName":"PSet_Testing_Creatio (1 more) ...","description":"PSet Testing Creatio (13 more) ...","id":"0PS360000016qWwGAI","label":"PSet_Testing_Creatio (1 more) ..."}|0x6fbd1c5b
19:19:26.0 (32361173)|VARIABLE_ASSIGNMENT|[EXTERNAL]|value|"shiva15testns"
19:19:26.0 (32367810)|VARIABLE_ASSIGNMENT|[1048]|this.namespacePrefix|"shiva15testns"|0x6fbd1c5b
19:19:26.0 (32373765)|STATEMENT_EXECUTE|[1061]
19:19:26.0 (32396472)|VARIABLE_ASSIGNMENT|[EXTERNAL]|this|{"apiName":"PSet_Testing_Creatio (1 more) ...","description":"PSet Testing Creatio (13 more) ...","id":"0PS360000016qWwGAI","label":"PSet_Testing_Creatio (1 more) ...","namespacePrefix":"shiva15testns"}|0x6fbd1c5b
19:19:26.0 (32401897)|VARIABLE_ASSIGNMENT|[EXTERNAL]|value|"Salesforce"
19:19:26.0 (32408115)|VARIABLE_ASSIGNMENT|[1050]|this.userLicenseId|"Salesforce"|0x6fbd1c5b
19:19:26.0 (32414169)|STATEMENT_EXECUTE|[1062]
19:19:26.0 (32437367)|VARIABLE_ASSIGNMENT|[EXTERNAL]|this|{"apiName":"PSet_Testing_Creatio (1 more) ...","description":"PSet Testing Creatio (13 more) ...","id":"0PS360000016qWwGAI","label":"PSet_Testing_Creatio (1 more) ...","namespacePrefix":"shiva15testns","userLicenseId":"Salesforce"}|0x6fbd1c5b
19:19:26.0 (32443399)|VARIABLE_ASSIGNMENT|[EXTERNAL]|value|"2016-05-02 19:08:46"
19:19:26.0 (32449883)|VARIABLE_ASSIGNMENT|[1052]|this.createdDate|"2016-05-02 19:08:46"|0x6fbd1c5b
19:19:26.0 (32463290)|CONSTRUCTOR_EXIT|[165]|01p36000005Jpvx|<init>(String,String,String,String,String,String,String)
19:19:26.0 (32486672)|VARIABLE_ASSIGNMENT|[165]|pSetObj|{"apiName":"PSet_Testing_Creatio (1 more) ...","createdDate":"2016-05-02 19:08:46","description":"PSet Testing Creatio (13 more) ...","id":"0PS360000016qWwGAI","label":"PSet_Testing_Creatio (1 more) ...","namespacePrefix":"shiva15testns","userLicenseId":"Salesforce"}|0x6fbd1c5b
19:19:26.0 (32490298)|STATEMENT_EXECUTE|[167]
19:19:26.0 (32501775)|ENTERING_MANAGED_PKG|
19:19:26.0 (32506516)|HEAP_ALLOCATE|[EXTERNAL]|Bytes:4
19:19:26.0 (32512422)|STATEMENT_EXECUTE|[168]
19:19:26.0 (32525913)|ENTERING_MANAGED_PKG|
19:19:26.0 (32577502)|HEAP_ALLOCATE|[168]|Bytes:239
19:19:26.0 (32594077)|HEAP_ALLOCATE|[168]|Bytes:263
19:19:26.0 (32609949)|ENTERING_MANAGED_PKG|
19:19:26.0 (32617543)|USER_DEBUG|[168]|ERROR|The PermissionSet Name: PermissionSet:{Id=0PS360000016qWwGAI, Label=PSet_Testing_Creation, Name=PSet_Testing_Creation, Description=PSet Testing Creation Description, NamespacePrefix=shiva15testns, UserLicenseId=10036000000eSpyAAE, CreatedDate=2016-05-03 02:08:46}
19:19:26.0 (32634117)|HEAP_ALLOCATE|[162]|Bytes:5
19:19:26.0 (32656819)|HEAP_ALLOCATE|[162]|Bytes:32
19:19:26.0 (32666117)|VARIABLE_SCOPE_BEGIN|[162]|PSetName|PermissionSet|true|false
19:19:26.0 (32692825)|VARIABLE_ASSIGNMENT|[162]|PSetName|{"s":1,"v":{"Id":"0PS360000016qd6GAA","Label":"PSet_Testing_Final_T (3 more) ...","Name":"PSet_Testing_Final_T (3 more) ...","Description":"Sdssd","NamespacePrefix":"shiva15testns","UserLicenseId":"10036000000eSpyAAE","CreatedDate":"2016-05-03T02:12:48.000Z"}}|0x2ac8dcbd
19:19:26.0 (32697677)|STATEMENT_EXECUTE|[162]
19:19:26.0 (32719418)|ENTERING_MANAGED_PKG|
19:19:26.0 (32729499)|STATEMENT_EXECUTE|[163]
19:19:26.0 (32731118)|STATEMENT_EXECUTE|[164]
19:19:26.0 (32735649)|HEAP_ALLOCATE|[164]|Bytes:4
19:19:26.0 (32873723)|SOQL_EXECUTE_BEGIN|[164]|Aggregations:0|SELECT Id, Name FROM UserLicense WHERE Id = :tmpVar1
19:19:26.0 (34292868)|SOQL_EXECUTE_END|[164]|Rows:1
19:19:26.0 (34304728)|HEAP_ALLOCATE|[164]|Bytes:8
19:19:26.0 (34314157)|HEAP_ALLOCATE|[164]|Bytes:47
19:19:26.0 (34327779)|HEAP_ALLOCATE|[164]|Bytes:8
19:19:26.0 (34356591)|HEAP_ALLOCATE|[164]|Bytes:12
19:19:26.0 (34365010)|VARIABLE_SCOPE_BEGIN|[164]|ulicense|UserLicense|true|false
19:19:26.0 (34382026)|VARIABLE_ASSIGNMENT|[164]|ulicense|{"s":1,"v":{"Id":"10036000000eSpyAAE","Name":"Salesforce"}}|0x41d64a55
19:19:26.0 (34385570)|STATEMENT_EXECUTE|[165]
19:19:26.0 (34395692)|HEAP_ALLOCATE|[165]|Bytes:32
19:19:26.0 (34421266)|ENTERING_MANAGED_PKG|
19:19:26.0 (34425889)|HEAP_ALLOCATE|[165]|Bytes:18
19:19:26.0 (34453420)|ENTERING_MANAGED_PKG|
19:19:26.0 (34466912)|HEAP_ALLOCATE|[165]|Bytes:19
19:19:26.0 (34486648)|CONSTRUCTOR_ENTRY|[165]|01p36000005Jpvx|<init>(String,String,String,String,String,String,String)
19:19:26.0 (34492202)|VARIABLE_SCOPE_BEGIN|[1054]|this|shiva15testns.PermissionSetPortalControllers.PermissionSetClass|true|false
19:19:26.0 (34518295)|VARIABLE_ASSIGNMENT|[1054]|this|{}|0x61fbb09f
19:19:26.0 (34521825)|VARIABLE_SCOPE_BEGIN|[1054]|label|String|false|false
19:19:26.0 (34528053)|VARIABLE_ASSIGNMENT|[1054]|label|"PSet_Testing_Final_T (3 more) ..."
19:19:26.0 (34530317)|VARIABLE_SCOPE_BEGIN|[1054]|apiName|String|false|false
19:19:26.0 (34533829)|VARIABLE_ASSIGNMENT|[1054]|apiName|"PSet_Testing_Final_T (3 more) ..."
19:19:26.0 (34535545)|VARIABLE_SCOPE_BEGIN|[1054]|id|String|false|false
19:19:26.0 (34538419)|VARIABLE_ASSIGNMENT|[1054]|id|"0PS360000016qd6GAA"
19:19:26.0 (34539956)|VARIABLE_SCOPE_BEGIN|[1054]|description|String|false|false
19:19:26.0 (34542397)|VARIABLE_ASSIGNMENT|[1054]|description|"Sdssd"
19:19:26.0 (34544039)|VARIABLE_SCOPE_BEGIN|[1054]|namespacePrefix|String|false|false
19:19:26.0 (34546590)|VARIABLE_ASSIGNMENT|[1054]|namespacePrefix|"shiva15testns"
19:19:26.0 (34548149)|VARIABLE_SCOPE_BEGIN|[1054]|userLicenseId|String|false|false
19:19:26.0 (34550667)|VARIABLE_ASSIGNMENT|[1054]|userLicenseId|"Salesforce"
19:19:26.0 (34552244)|VARIABLE_SCOPE_BEGIN|[1054]|createdDate|String|false|false
19:19:26.0 (34554866)|VARIABLE_ASSIGNMENT|[1054]|createdDate|"2016-05-02 19:12:48"
19:19:26.0 (34557837)|STATEMENT_EXECUTE|[1037]
19:19:26.0 (34559552)|STATEMENT_EXECUTE|[1040]
19:19:26.0 (34560912)|STATEMENT_EXECUTE|[1042]
19:19:26.0 (34561921)|STATEMENT_EXECUTE|[1044]
19:19:26.0 (34562896)|STATEMENT_EXECUTE|[1046]
19:19:26.0 (34563935)|STATEMENT_EXECUTE|[1048]
19:19:26.0 (34564933)|STATEMENT_EXECUTE|[1050]
19:19:26.0 (34566258)|STATEMENT_EXECUTE|[1052]
19:19:26.0 (34581351)|STATEMENT_EXECUTE|[1055]
19:19:26.0 (34582948)|STATEMENT_EXECUTE|[1056]
19:19:26.0 (34605188)|VARIABLE_ASSIGNMENT|[EXTERNAL]|this|{}|0x61fbb09f
19:19:26.0 (34611760)|VARIABLE_ASSIGNMENT|[EXTERNAL]|value|"PSet_Testing_Final_T (3 more) ..."
19:19:26.0 (34620244)|VARIABLE_ASSIGNMENT|[1040]|this.label|"PSet_Testing_Final_T (3 more) ..."|0x61fbb09f
19:19:26.0 (34626990)|STATEMENT_EXECUTE|[1057]
19:19:26.0 (34648164)|VARIABLE_ASSIGNMENT|[EXTERNAL]|this|{"label":"PSet_Testing_Final_T (3 more) ..."}|0x61fbb09f
19:19:26.0 (34653625)|VARIABLE_ASSIGNMENT|[EXTERNAL]|value|"PSet_Testing_Final_T (3 more) ..."
19:19:26.0 (34660575)|VARIABLE_ASSIGNMENT|[1042]|this.apiName|"PSet_Testing_Final_T (3 more) ..."|0x61fbb09f
19:19:26.0 (34667019)|STATEMENT_EXECUTE|[1058]
19:19:26.0 (34688827)|VARIABLE_ASSIGNMENT|[EXTERNAL]|this|{"apiName":"PSet_Testing_Final_T (3 more) ...","label":"PSet_Testing_Final_T (3 more) ..."}|0x61fbb09f
19:19:26.0 (34694077)|VARIABLE_ASSIGNMENT|[EXTERNAL]|value|"0PS360000016qd6GAA"
19:19:26.0 (34700597)|VARIABLE_ASSIGNMENT|[1044]|this.id|"0PS360000016qd6GAA"|0x61fbb09f
19:19:26.0 (34706603)|STATEMENT_EXECUTE|[1059]
19:19:26.0 (34728639)|VARIABLE_ASSIGNMENT|[EXTERNAL]|this|{"apiName":"PSet_Testing_Final_T (3 more) ...","id":"0PS360000016qd6GAA","label":"PSet_Testing_Final_T (3 more) ..."}|0x61fbb09f
19:19:26.0 (34733958)|VARIABLE_ASSIGNMENT|[EXTERNAL]|value|"Sdssd"
19:19:26.0 (34740259)|VARIABLE_ASSIGNMENT|[1046]|this.description|"Sdssd"|0x61fbb09f
19:19:26.0 (34746216)|STATEMENT_EXECUTE|[1060]
19:19:26.0 (34768039)|VARIABLE_ASSIGNMENT|[EXTERNAL]|this|{"apiName":"PSet_Testing_Final_T (3 more) ...","description":"Sdssd","id":"0PS360000016qd6GAA","label":"PSet_Testing_Final_T (3 more) ..."}|0x61fbb09f
19:19:26.0 (34773410)|VARIABLE_ASSIGNMENT|[EXTERNAL]|value|"shiva15testns"
19:19:26.0 (34779993)|VARIABLE_ASSIGNMENT|[1048]|this.namespacePrefix|"shiva15testns"|0x61fbb09f
19:19:26.0 (34785986)|STATEMENT_EXECUTE|[1061]
19:19:26.0 (34811115)|VARIABLE_ASSIGNMENT|[EXTERNAL]|this|{"apiName":"PSet_Testing_Final_T (3 more) ...","description":"Sdssd","id":"0PS360000016qd6GAA","label":"PSet_Testing_Final_T (3 more) ...","namespacePrefix":"shiva15testns"}|0x61fbb09f
19:19:26.0 (34816530)|VARIABLE_ASSIGNMENT|[EXTERNAL]|value|"Salesforce"
19:19:26.0 (34822946)|VARIABLE_ASSIGNMENT|[1050]|this.userLicenseId|"Salesforce"|0x61fbb09f
19:19:26.0 (34834388)|STATEMENT_EXECUTE|[1062]
19:19:26.0 (34859276)|VARIABLE_ASSIGNMENT|[EXTERNAL]|this|{"apiName":"PSet_Testing_Final_T (3 more) ...","description":"Sdssd","id":"0PS360000016qd6GAA","label":"PSet_Testing_Final_T (3 more) ...","namespacePrefix":"shiva15testns","userLicenseId":"Salesforce"}|0x61fbb09f
19:19:26.0 (34864908)|VARIABLE_ASSIGNMENT|[EXTERNAL]|value|"2016-05-02 19:12:48"
19:19:26.0 (34871811)|VARIABLE_ASSIGNMENT|[1052]|this.createdDate|"2016-05-02 19:12:48"|0x61fbb09f
19:19:26.0 (34885448)|CONSTRUCTOR_EXIT|[165]|01p36000005Jpvx|<init>(String,String,String,String,String,String,String)
19:19:26.0 (34908341)|VARIABLE_ASSIGNMENT|[165]|pSetObj|{"apiName":"PSet_Testing_Final_T (3 more) ...","createdDate":"2016-05-02 19:12:48","description":"Sdssd","id":"0PS360000016qd6GAA","label":"PSet_Testing_Final_T (3 more) ...","namespacePrefix":"shiva15testns","userLicenseId":"Salesforce"}|0x61fbb09f
19:19:26.0 (34911946)|STATEMENT_EXECUTE|[167]
19:19:26.0 (34923650)|ENTERING_MANAGED_PKG|
19:19:26.0 (34928393)|HEAP_ALLOCATE|[EXTERNAL]|Bytes:4
19:19:26.0 (34934436)|STATEMENT_EXECUTE|[168]
19:19:26.0 (34947722)|ENTERING_MANAGED_PKG|
19:19:26.0 (34993944)|HEAP_ALLOCATE|[168]|Bytes:215
19:19:26.0 (35009797)|HEAP_ALLOCATE|[168]|Bytes:239
19:19:26.0 (35022973)|ENTERING_MANAGED_PKG|
19:19:26.0 (35029790)|USER_DEBUG|[168]|ERROR|The PermissionSet Name: PermissionSet:{Id=0PS360000016qd6GAA, Label=PSet_Testing_Final_Test, Name=PSet_Testing_Final_Test, Description=Sdssd, NamespacePrefix=shiva15testns, UserLicenseId=10036000000eSpyAAE, CreatedDate=2016-05-03 02:12:48}
19:19:26.0 (35045503)|HEAP_ALLOCATE|[162]|Bytes:5
19:19:26.0 (35059664)|VARIABLE_ASSIGNMENT|[162]|PSetName|null|
19:19:26.0 (35063555)|STATEMENT_EXECUTE|[171]
19:19:26.0 (35141631)|SYSTEM_MODE_EXIT|false
19:19:26.35 (35191575)|CUMULATIVE_LIMIT_USAGE
19:19:26.35 (35191575)|LIMIT_USAGE_FOR_NS|(default)|
  Number of SOQL queries: 0 out of 100
  Number of query rows: 0 out of 50000
  Number of SOSL queries: 0 out of 20
  Number of DML statements: 0 out of 150
  Number of DML rows: 0 out of 10000
  Maximum CPU time: 0 out of 10000
  Maximum heap size: 0 out of 6000000
  Number of callouts: 0 out of 100
  Number of Email Invocations: 0 out of 10
  Number of future calls: 0 out of 50
  Number of queueable jobs added to the queue: 0 out of 50
  Number of Mobile Apex push calls: 0 out of 10

19:19:26.35 (35191575)|LIMIT_USAGE_FOR_NS|shiva15testns|
  Number of SOQL queries: 9 out of 100
  Number of query rows: 52 out of 50000
  Number of SOSL queries: 0 out of 20
  Number of DML statements: 0 out of 150
  Number of DML rows: 0 out of 10000
  Maximum CPU time: 0 out of 10000
  Maximum heap size: 0 out of 6000000
  Number of callouts: 0 out of 100
  Number of Email Invocations: 0 out of 10
  Number of future calls: 0 out of 50
  Number of queueable jobs added to the queue: 0 out of 50
  Number of Mobile Apex push calls: 0 out of 10

19:19:26.35 (35191575)|CUMULATIVE_LIMIT_USAGE_END

19:19:26.0 (35243774)|CODE_UNIT_FINISHED|PermissionSetPortalControllers.getAllPermissionSets
19:19:26.0 (37445399)|EXECUTION_FINISHED
19:19:26.39 (39598447)|EXECUTION_STARTED
19:19:26.39 (39610757)|CODE_UNIT_STARTED|[EXTERNAL]|Aura
19:19:26.39 (39654824)|CODE_UNIT_FINISHED|Aura
19:19:26.39 (40834186)|EXECUTION_FINISHED
19:19:26.42 (42171796)|EXECUTION_STARTED
19:19:26.42 (42180533)|CODE_UNIT_STARTED|[EXTERNAL]|Aura
19:19:26.42 (42218856)|CODE_UNIT_FINISHED|Aura
19:19:26.42 (43427022)|EXECUTION_FINISHED
19:19:26.44 (44854323)|EXECUTION_STARTED
19:19:26.44 (44862378)|CODE_UNIT_STARTED|[EXTERNAL]|Aura
19:19:26.44 (44900321)|CODE_UNIT_FINISHED|Aura
19:19:26.44 (46142261)|EXECUTION_FINISHED
19:19:26.47 (47463519)|EXECUTION_STARTED
19:19:26.47 (47471307)|CODE_UNIT_STARTED|[EXTERNAL]|Aura
19:19:26.47 (47508405)|CODE_UNIT_FINISHED|Aura
19:19:26.47 (48759296)|EXECUTION_FINISHED
19:19:26.49 (49781977)|EXECUTION_STARTED
19:19:26.49 (49789852)|CODE_UNIT_STARTED|[EXTERNAL]|Aura
19:19:26.49 (49826058)|CODE_UNIT_FINISHED|Aura
19:19:26.49 (51188566)|EXECUTION_FINISHED
19:19:26.52 (52392291)|EXECUTION_STARTED
19:19:26.52 (52399954)|CODE_UNIT_STARTED|[EXTERNAL]|Aura
19:19:26.52 (52435361)|CODE_UNIT_FINISHED|Aura
19:19:26.52 (53527904)|EXECUTION_FINISHED
19:19:26.55 (55064729)|EXECUTION_STARTED
19:19:26.55 (55072350)|CODE_UNIT_STARTED|[EXTERNAL]|Aura
19:19:26.55 (55113757)|CODE_UNIT_FINISHED|Aura
19:19:26.55 (56303690)|EXECUTION_FINISHED
19:19:26.57 (57643444)|EXECUTION_STARTED
19:19:26.57 (57651089)|CODE_UNIT_STARTED|[EXTERNAL]|Aura
19:19:26.57 (57687208)|CODE_UNIT_FINISHED|Aura
19:19:26.57 (58759400)|EXECUTION_FINISHED
