36.0 APEX_CODE,FINEST;APEX_PROFILING,INFO;CALLOUT,INFO;DB,INFO;SYSTEM,DEBUG;VALIDATION,INFO;VISUALFORCE,INFO;WORKFLOW,INFO
03:07:01.0 (489152)|EXECUTION_STARTED
03:07:01.0 (539840)|CODE_UNIT_STARTED|[EXTERNAL]|01p36000005Jpvx|PermissionSetPortalControllers.getAllPermissionSets
03:07:01.0 (1196718)|VARIABLE_SCOPE_BEGIN|[2]|PermissionSetPortalControllers.AllObjectsofOrg|Map<String,Schema.SObjectType>|true|true
03:07:01.0 (1385511)|VARIABLE_SCOPE_BEGIN|[3]|PermissionSetPortalControllers.AllPermissionSets|List<PermissionSet>|true|true
03:07:01.0 (1417279)|VARIABLE_SCOPE_BEGIN|[4]|PermissionSetPortalControllers.inputField|String|false|true
03:07:01.0 (1554407)|HEAP_ALLOCATE|[72]|Bytes:3
03:07:01.0 (1606386)|HEAP_ALLOCATE|[77]|Bytes:152
03:07:01.0 (1621955)|HEAP_ALLOCATE|[342]|Bytes:408
03:07:01.0 (1642271)|HEAP_ALLOCATE|[355]|Bytes:408
03:07:01.0 (1660795)|HEAP_ALLOCATE|[467]|Bytes:48
03:07:01.0 (1695172)|HEAP_ALLOCATE|[139]|Bytes:6
03:07:01.0 (1714884)|HEAP_ALLOCATE|[EXTERNAL]|Bytes:88
03:07:01.0 (1719915)|HEAP_ALLOCATE|[EXTERNAL]|Bytes:3
03:07:01.0 (1722809)|HEAP_ALLOCATE|[EXTERNAL]|Bytes:5
03:07:01.0 (1741348)|METHOD_ENTRY|[1]|01p36000005Jpvx|PermissionSetPortalControllers.PermissionSetPortalControllers()
03:07:01.0 (1745616)|STATEMENT_EXECUTE|[1]
03:07:01.0 (1750611)|STATEMENT_EXECUTE|[1]
03:07:01.0 (1787271)|HEAP_ALLOCATE|[50]|Bytes:5
03:07:01.0 (1811249)|HEAP_ALLOCATE|[56]|Bytes:5
03:07:01.0 (1820337)|HEAP_ALLOCATE|[64]|Bytes:7
03:07:01.0 (1842308)|SYSTEM_MODE_ENTER|false
03:07:01.0 (1861689)|HEAP_ALLOCATE|[EXTERNAL]|Bytes:5
03:07:01.0 (1868396)|SYSTEM_MODE_EXIT|false
03:07:01.0 (1879269)|METHOD_EXIT|[1]|PermissionSetPortalControllers
03:07:01.0 (1887670)|SYSTEM_MODE_ENTER|false
03:07:01.0 (1900591)|HEAP_ALLOCATE|[8]|Bytes:5
03:07:01.0 (1904400)|STATEMENT_EXECUTE|[7]
03:07:01.0 (1905814)|STATEMENT_EXECUTE|[8]
03:07:01.0 (1909190)|HEAP_ALLOCATE|[8]|Bytes:34
03:07:01.0 (1919799)|HEAP_ALLOCATE|[8]|Bytes:4
03:07:01.0 (2621847)|SOQL_EXECUTE_BEGIN|[8]|Aggregations:0|SELECT Id, Name FROM PermissionSet
03:07:01.0 (205417385)|SOQL_EXECUTE_END|[8]|Rows:36
03:07:01.0 (205443263)|HEAP_ALLOCATE|[8]|Bytes:148
03:07:01.0 (205499397)|HEAP_ALLOCATE|[8]|Bytes:2125
03:07:01.0 (205534043)|HEAP_ALLOCATE|[8]|Bytes:148
03:07:01.0 (205616240)|VARIABLE_ASSIGNMENT|[8]|PermissionSetPortalControllers.AllPermissionSets|{"s":1,"v":"List of size 36 too large to display"}|0x4c5469e5
03:07:01.0 (205731141)|ENTERING_MANAGED_PKG|
03:07:01.0 (205780005)|STATEMENT_EXECUTE|[9]
03:07:01.0 (205796077)|ENTERING_MANAGED_PKG|
03:07:01.0 (206008239)|HEAP_ALLOCATE|[10]|Bytes:5
03:07:01.0 (206044268)|HEAP_ALLOCATE|[10]|Bytes:12
03:07:01.0 (206060432)|VARIABLE_SCOPE_BEGIN|[10]|PSetName|PermissionSet|true|false
03:07:01.0 (206087711)|VARIABLE_ASSIGNMENT|[10]|PSetName|{"s":1,"v":{"Id":"0PS36000000mmnFGAQ","Name":"X00e1a000000MWa8AAG"}}|0x57110940
03:07:01.0 (206091100)|STATEMENT_EXECUTE|[10]
03:07:01.0 (206092756)|STATEMENT_EXECUTE|[11]
03:07:01.0 (206260712)|HEAP_ALLOCATE|[11]|Bytes:24
03:07:01.0 (206296231)|ENTERING_MANAGED_PKG|
03:07:01.0 (206351407)|HEAP_ALLOCATE|[11]|Bytes:63
03:07:01.0 (206376277)|HEAP_ALLOCATE|[11]|Bytes:87
03:07:01.0 (206404609)|ENTERING_MANAGED_PKG|
03:07:01.0 (206431055)|USER_DEBUG|[11]|ERROR|The PermissionSet Name: PermissionSet:{Id=0PS36000000mmnFGAQ, Name=X00e1a000000MWa8AAG}
03:07:01.0 (206449360)|HEAP_ALLOCATE|[10]|Bytes:5
03:07:01.0 (206471660)|HEAP_ALLOCATE|[10]|Bytes:12
03:07:01.0 (206480286)|VARIABLE_SCOPE_BEGIN|[10]|PSetName|PermissionSet|true|false
03:07:01.0 (206498333)|VARIABLE_ASSIGNMENT|[10]|PSetName|{"s":1,"v":{"Id":"0PS36000000mmnGGAQ","Name":"X00ex00000018ozl_128 (11 more) ..."}}|0x74ff0faf
03:07:01.0 (206501687)|STATEMENT_EXECUTE|[10]
03:07:01.0 (206503528)|STATEMENT_EXECUTE|[11]
03:07:01.0 (206521418)|ENTERING_MANAGED_PKG|
03:07:01.0 (206543127)|HEAP_ALLOCATE|[11]|Bytes:75
03:07:01.0 (206556111)|HEAP_ALLOCATE|[11]|Bytes:99
03:07:01.0 (206567230)|ENTERING_MANAGED_PKG|
03:07:01.0 (206581554)|USER_DEBUG|[11]|ERROR|The PermissionSet Name: PermissionSet:{Id=0PS36000000mmnGGAQ, Name=X00ex00000018ozl_128_09_04_12_5}
03:07:01.0 (206598460)|HEAP_ALLOCATE|[10]|Bytes:5
03:07:01.0 (206619687)|HEAP_ALLOCATE|[10]|Bytes:12
03:07:01.0 (206628264)|VARIABLE_SCOPE_BEGIN|[10]|PSetName|PermissionSet|true|false
03:07:01.0 (206644824)|VARIABLE_ASSIGNMENT|[10]|PSetName|{"s":1,"v":{"Id":"0PS36000000mmnHGAQ","Name":"X00ex00000018ozm_128 (11 more) ..."}}|0x544cc48c
03:07:01.0 (206648015)|STATEMENT_EXECUTE|[10]
03:07:01.0 (206649280)|STATEMENT_EXECUTE|[11]
03:07:01.0 (206666187)|ENTERING_MANAGED_PKG|
03:07:01.0 (206686941)|HEAP_ALLOCATE|[11]|Bytes:75
03:07:01.0 (206699698)|HEAP_ALLOCATE|[11]|Bytes:99
03:07:01.0 (206710534)|ENTERING_MANAGED_PKG|
03:07:01.0 (206723835)|USER_DEBUG|[11]|ERROR|The PermissionSet Name: PermissionSet:{Id=0PS36000000mmnHGAQ, Name=X00ex00000018ozm_128_09_04_12_6}
03:07:01.0 (206739826)|HEAP_ALLOCATE|[10]|Bytes:5
03:07:01.0 (206759937)|HEAP_ALLOCATE|[10]|Bytes:12
03:07:01.0 (206768103)|VARIABLE_SCOPE_BEGIN|[10]|PSetName|PermissionSet|true|false
03:07:01.0 (206783748)|VARIABLE_ASSIGNMENT|[10]|PSetName|{"s":1,"v":{"Id":"0PS36000000mmnIGAQ","Name":"X00ex00000018ozk_128 (11 more) ..."}}|0x7ef78efd
03:07:01.0 (206786921)|STATEMENT_EXECUTE|[10]
03:07:01.0 (206793851)|STATEMENT_EXECUTE|[11]
03:07:01.0 (206811576)|ENTERING_MANAGED_PKG|
03:07:01.0 (206832005)|HEAP_ALLOCATE|[11]|Bytes:75
03:07:01.0 (206844461)|HEAP_ALLOCATE|[11]|Bytes:99
03:07:01.0 (206855106)|ENTERING_MANAGED_PKG|
03:07:01.0 (206868464)|USER_DEBUG|[11]|ERROR|The PermissionSet Name: PermissionSet:{Id=0PS36000000mmnIGAQ, Name=X00ex00000018ozk_128_09_04_12_4}
03:07:01.0 (206884208)|HEAP_ALLOCATE|[10]|Bytes:5
03:07:01.0 (206904133)|HEAP_ALLOCATE|[10]|Bytes:12
03:07:01.0 (206912281)|VARIABLE_SCOPE_BEGIN|[10]|PSetName|PermissionSet|true|false
03:07:01.0 (206928090)|VARIABLE_ASSIGNMENT|[10]|PSetName|{"s":1,"v":{"Id":"0PS36000000mmnJGAQ","Name":"X00ex00000018ozj_128 (11 more) ..."}}|0x21f3c36a
03:07:01.0 (206931363)|STATEMENT_EXECUTE|[10]
03:07:01.0 (206932630)|STATEMENT_EXECUTE|[11]
03:07:01.0 (206948984)|ENTERING_MANAGED_PKG|
03:07:01.0 (206969018)|HEAP_ALLOCATE|[11]|Bytes:75
03:07:01.0 (206981244)|HEAP_ALLOCATE|[11]|Bytes:99
03:07:01.0 (206991684)|ENTERING_MANAGED_PKG|
03:07:01.0 (207004985)|USER_DEBUG|[11]|ERROR|The PermissionSet Name: PermissionSet:{Id=0PS36000000mmnJGAQ, Name=X00ex00000018ozj_128_09_04_12_3}
03:07:01.0 (207021585)|HEAP_ALLOCATE|[10]|Bytes:5
03:07:01.0 (207041459)|HEAP_ALLOCATE|[10]|Bytes:12
03:07:01.0 (207049627)|VARIABLE_SCOPE_BEGIN|[10]|PSetName|PermissionSet|true|false
03:07:01.0 (207065133)|VARIABLE_ASSIGNMENT|[10]|PSetName|{"s":1,"v":{"Id":"0PS36000000mmnKGAQ","Name":"X00ex00000018ozo_128 (11 more) ..."}}|0x2dfd228c
03:07:01.0 (207068194)|STATEMENT_EXECUTE|[10]
03:07:01.0 (207069766)|STATEMENT_EXECUTE|[11]
03:07:01.0 (207086146)|ENTERING_MANAGED_PKG|
03:07:01.0 (207106049)|HEAP_ALLOCATE|[11]|Bytes:75
03:07:01.0 (207118233)|HEAP_ALLOCATE|[11]|Bytes:99
03:07:01.0 (207128852)|ENTERING_MANAGED_PKG|
03:07:01.0 (207142158)|USER_DEBUG|[11]|ERROR|The PermissionSet Name: PermissionSet:{Id=0PS36000000mmnKGAQ, Name=X00ex00000018ozo_128_09_04_12_8}
03:07:01.0 (207157682)|HEAP_ALLOCATE|[10]|Bytes:5
03:07:01.0 (207177331)|HEAP_ALLOCATE|[10]|Bytes:12
03:07:01.0 (207185314)|VARIABLE_SCOPE_BEGIN|[10]|PSetName|PermissionSet|true|false
03:07:01.0 (207200642)|VARIABLE_ASSIGNMENT|[10]|PSetName|{"s":1,"v":{"Id":"0PS36000000mmnLGAQ","Name":"X00ex00000018ozh_128 (11 more) ..."}}|0x1f27eb1b
03:07:01.0 (207203656)|STATEMENT_EXECUTE|[10]
03:07:01.0 (207204868)|STATEMENT_EXECUTE|[11]
03:07:01.0 (207221039)|ENTERING_MANAGED_PKG|
03:07:01.0 (207245674)|HEAP_ALLOCATE|[11]|Bytes:75
03:07:01.0 (207258973)|HEAP_ALLOCATE|[11]|Bytes:99
03:07:01.0 (207270083)|ENTERING_MANAGED_PKG|
03:07:01.0 (207283316)|USER_DEBUG|[11]|ERROR|The PermissionSet Name: PermissionSet:{Id=0PS36000000mmnLGAQ, Name=X00ex00000018ozh_128_09_04_12_1}
03:07:01.0 (207299160)|HEAP_ALLOCATE|[10]|Bytes:5
03:07:01.0 (207324918)|HEAP_ALLOCATE|[10]|Bytes:12
03:07:01.0 (207332884)|VARIABLE_SCOPE_BEGIN|[10]|PSetName|PermissionSet|true|false
03:07:01.0 (207348150)|VARIABLE_ASSIGNMENT|[10]|PSetName|{"s":1,"v":{"Id":"0PS36000000mmnMGAQ","Name":"X00ex00000018ozq_128 (12 more) ..."}}|0x5de51e64
03:07:01.0 (207351468)|STATEMENT_EXECUTE|[10]
03:07:01.0 (207352747)|STATEMENT_EXECUTE|[11]
03:07:01.0 (207373702)|ENTERING_MANAGED_PKG|
03:07:01.0 (207394590)|HEAP_ALLOCATE|[11]|Bytes:76
03:07:01.0 (207407405)|HEAP_ALLOCATE|[11]|Bytes:100
03:07:01.0 (207418418)|ENTERING_MANAGED_PKG|
03:07:01.0 (207431850)|USER_DEBUG|[11]|ERROR|The PermissionSet Name: PermissionSet:{Id=0PS36000000mmnMGAQ, Name=X00ex00000018ozq_128_09_04_12_10}
03:07:01.0 (207447760)|HEAP_ALLOCATE|[10]|Bytes:5
03:07:01.0 (207467686)|HEAP_ALLOCATE|[10]|Bytes:12
03:07:01.0 (207475771)|VARIABLE_SCOPE_BEGIN|[10]|PSetName|PermissionSet|true|false
03:07:01.0 (207491395)|VARIABLE_ASSIGNMENT|[10]|PSetName|{"s":1,"v":{"Id":"0PS36000000mmnNGAQ","Name":"X00ex00000018ozp_128 (11 more) ..."}}|0x62327e21
03:07:01.0 (207494276)|STATEMENT_EXECUTE|[10]
03:07:01.0 (207495512)|STATEMENT_EXECUTE|[11]
03:07:01.0 (207511867)|ENTERING_MANAGED_PKG|
03:07:01.0 (207532081)|HEAP_ALLOCATE|[11]|Bytes:75
03:07:01.0 (207544524)|HEAP_ALLOCATE|[11]|Bytes:99
03:07:01.0 (207555095)|ENTERING_MANAGED_PKG|
03:07:01.0 (207568264)|USER_DEBUG|[11]|ERROR|The PermissionSet Name: PermissionSet:{Id=0PS36000000mmnNGAQ, Name=X00ex00000018ozp_128_09_04_12_9}
03:07:01.0 (207583776)|HEAP_ALLOCATE|[10]|Bytes:5
03:07:01.0 (207604008)|HEAP_ALLOCATE|[10]|Bytes:12
03:07:01.0 (207612006)|VARIABLE_SCOPE_BEGIN|[10]|PSetName|PermissionSet|true|false
03:07:01.0 (207627172)|VARIABLE_ASSIGNMENT|[10]|PSetName|{"s":1,"v":{"Id":"0PS36000000mmnOGAQ","Name":"X00ex00000018ozn_128 (11 more) ..."}}|0x261fc9a9
03:07:01.0 (207630276)|STATEMENT_EXECUTE|[10]
03:07:01.0 (207631455)|STATEMENT_EXECUTE|[11]
03:07:01.0 (207648227)|ENTERING_MANAGED_PKG|
03:07:01.0 (207668395)|HEAP_ALLOCATE|[11]|Bytes:75
03:07:01.0 (207680756)|HEAP_ALLOCATE|[11]|Bytes:99
03:07:01.0 (207691260)|ENTERING_MANAGED_PKG|
03:07:01.0 (207704313)|USER_DEBUG|[11]|ERROR|The PermissionSet Name: PermissionSet:{Id=0PS36000000mmnOGAQ, Name=X00ex00000018ozn_128_09_04_12_7}
03:07:01.0 (207719674)|HEAP_ALLOCATE|[10]|Bytes:5
03:07:01.0 (207739697)|HEAP_ALLOCATE|[10]|Bytes:12
03:07:01.0 (207747695)|VARIABLE_SCOPE_BEGIN|[10]|PSetName|PermissionSet|true|false
03:07:01.0 (207762502)|VARIABLE_ASSIGNMENT|[10]|PSetName|{"s":1,"v":{"Id":"0PS36000000mmnPGAQ","Name":"X00e1a000000MWa9AAG"}}|0x6c08142
03:07:01.0 (207765673)|STATEMENT_EXECUTE|[10]
03:07:01.0 (207766992)|STATEMENT_EXECUTE|[11]
03:07:01.0 (207783361)|ENTERING_MANAGED_PKG|
03:07:01.0 (207808938)|HEAP_ALLOCATE|[11]|Bytes:63
03:07:01.0 (207821763)|HEAP_ALLOCATE|[11]|Bytes:87
03:07:01.0 (207832680)|ENTERING_MANAGED_PKG|
03:07:01.0 (207845652)|USER_DEBUG|[11]|ERROR|The PermissionSet Name: PermissionSet:{Id=0PS36000000mmnPGAQ, Name=X00e1a000000MWa9AAG}
03:07:01.0 (207861461)|HEAP_ALLOCATE|[10]|Bytes:5
03:07:01.0 (207881359)|HEAP_ALLOCATE|[10]|Bytes:12
03:07:01.0 (207889296)|VARIABLE_SCOPE_BEGIN|[10]|PSetName|PermissionSet|true|false
03:07:01.0 (207903892)|VARIABLE_ASSIGNMENT|[10]|PSetName|{"s":1,"v":{"Id":"0PS36000000mmnQGAQ","Name":"X00e1a000000MWaBAAW"}}|0x7323b9c0
03:07:01.0 (207907016)|STATEMENT_EXECUTE|[10]
03:07:01.0 (207908328)|STATEMENT_EXECUTE|[11]
03:07:01.0 (207924447)|ENTERING_MANAGED_PKG|
03:07:01.0 (207944090)|HEAP_ALLOCATE|[11]|Bytes:63
03:07:01.0 (207956252)|HEAP_ALLOCATE|[11]|Bytes:87
03:07:01.0 (207966804)|ENTERING_MANAGED_PKG|
03:07:01.0 (207979948)|USER_DEBUG|[11]|ERROR|The PermissionSet Name: PermissionSet:{Id=0PS36000000mmnQGAQ, Name=X00e1a000000MWaBAAW}
03:07:01.0 (207995409)|HEAP_ALLOCATE|[10]|Bytes:5
03:07:01.0 (208015504)|HEAP_ALLOCATE|[10]|Bytes:12
03:07:01.0 (208024388)|VARIABLE_SCOPE_BEGIN|[10]|PSetName|PermissionSet|true|false
03:07:01.0 (208038859)|VARIABLE_ASSIGNMENT|[10]|PSetName|{"s":1,"v":{"Id":"0PS36000000mmnRGAQ","Name":"X00e1a000000MWaCAAW"}}|0x29102f3
03:07:01.0 (208042121)|STATEMENT_EXECUTE|[10]
03:07:01.0 (208043352)|STATEMENT_EXECUTE|[11]
03:07:01.0 (208059920)|ENTERING_MANAGED_PKG|
03:07:01.0 (208079693)|HEAP_ALLOCATE|[11]|Bytes:63
03:07:01.0 (208091851)|HEAP_ALLOCATE|[11]|Bytes:87
03:07:01.0 (208102202)|ENTERING_MANAGED_PKG|
03:07:01.0 (208115431)|USER_DEBUG|[11]|ERROR|The PermissionSet Name: PermissionSet:{Id=0PS36000000mmnRGAQ, Name=X00e1a000000MWaCAAW}
03:07:01.0 (208130849)|HEAP_ALLOCATE|[10]|Bytes:5
03:07:01.0 (208150713)|HEAP_ALLOCATE|[10]|Bytes:12
03:07:01.0 (208158784)|VARIABLE_SCOPE_BEGIN|[10]|PSetName|PermissionSet|true|false
03:07:01.0 (208173314)|VARIABLE_ASSIGNMENT|[10]|PSetName|{"s":1,"v":{"Id":"0PS36000000mmnSGAQ","Name":"X00e1a000000MWaDAAW"}}|0x5a1bd189
03:07:01.0 (208176273)|STATEMENT_EXECUTE|[10]
03:07:01.0 (208177523)|STATEMENT_EXECUTE|[11]
03:07:01.0 (208193533)|ENTERING_MANAGED_PKG|
03:07:01.0 (208213538)|HEAP_ALLOCATE|[11]|Bytes:63
03:07:01.0 (208225991)|HEAP_ALLOCATE|[11]|Bytes:87
03:07:01.0 (208236532)|ENTERING_MANAGED_PKG|
03:07:01.0 (208249673)|USER_DEBUG|[11]|ERROR|The PermissionSet Name: PermissionSet:{Id=0PS36000000mmnSGAQ, Name=X00e1a000000MWaDAAW}
03:07:01.0 (208264982)|HEAP_ALLOCATE|[10]|Bytes:5
03:07:01.0 (208284710)|HEAP_ALLOCATE|[10]|Bytes:12
03:07:01.0 (208292768)|VARIABLE_SCOPE_BEGIN|[10]|PSetName|PermissionSet|true|false
03:07:01.0 (208311575)|VARIABLE_ASSIGNMENT|[10]|PSetName|{"s":1,"v":{"Id":"0PS36000000mmnTGAQ","Name":"X00e1a000000MWaEAAW"}}|0x58539119
03:07:01.0 (208315082)|STATEMENT_EXECUTE|[10]
03:07:01.0 (208316311)|STATEMENT_EXECUTE|[11]
03:07:01.0 (208333112)|ENTERING_MANAGED_PKG|
03:07:01.0 (208352893)|HEAP_ALLOCATE|[11]|Bytes:63
03:07:01.0 (208369090)|HEAP_ALLOCATE|[11]|Bytes:87
03:07:01.0 (208379870)|ENTERING_MANAGED_PKG|
03:07:01.0 (208393226)|USER_DEBUG|[11]|ERROR|The PermissionSet Name: PermissionSet:{Id=0PS36000000mmnTGAQ, Name=X00e1a000000MWaEAAW}
03:07:01.0 (208408821)|HEAP_ALLOCATE|[10]|Bytes:5
03:07:01.0 (208429086)|HEAP_ALLOCATE|[10]|Bytes:12
03:07:01.0 (208437143)|VARIABLE_SCOPE_BEGIN|[10]|PSetName|PermissionSet|true|false
03:07:01.0 (208451742)|VARIABLE_ASSIGNMENT|[10]|PSetName|{"s":1,"v":{"Id":"0PS36000000mmnUGAQ","Name":"X00e1a000000MWaFAAW"}}|0x36d0ce6a
03:07:01.0 (208454805)|STATEMENT_EXECUTE|[10]
03:07:01.0 (208456039)|STATEMENT_EXECUTE|[11]
03:07:01.0 (208472258)|ENTERING_MANAGED_PKG|
03:07:01.0 (208492110)|HEAP_ALLOCATE|[11]|Bytes:63
03:07:01.0 (208504224)|HEAP_ALLOCATE|[11]|Bytes:87
03:07:01.0 (208514448)|ENTERING_MANAGED_PKG|
03:07:01.0 (208527578)|USER_DEBUG|[11]|ERROR|The PermissionSet Name: PermissionSet:{Id=0PS36000000mmnUGAQ, Name=X00e1a000000MWaFAAW}
03:07:01.0 (208542643)|HEAP_ALLOCATE|[10]|Bytes:5
03:07:01.0 (208562347)|HEAP_ALLOCATE|[10]|Bytes:12
03:07:01.0 (208570302)|VARIABLE_SCOPE_BEGIN|[10]|PSetName|PermissionSet|true|false
03:07:01.0 (208584666)|VARIABLE_ASSIGNMENT|[10]|PSetName|{"s":1,"v":{"Id":"0PS36000000mmnVGAQ","Name":"X00e1a000000MWaGAAW"}}|0x3cdcd4d9
03:07:01.0 (208587890)|STATEMENT_EXECUTE|[10]
03:07:01.0 (208589143)|STATEMENT_EXECUTE|[11]
03:07:01.0 (208605170)|ENTERING_MANAGED_PKG|
03:07:01.0 (208624841)|HEAP_ALLOCATE|[11]|Bytes:63
03:07:01.0 (208637202)|HEAP_ALLOCATE|[11]|Bytes:87
03:07:01.0 (208647968)|ENTERING_MANAGED_PKG|
03:07:01.0 (208661033)|USER_DEBUG|[11]|ERROR|The PermissionSet Name: PermissionSet:{Id=0PS36000000mmnVGAQ, Name=X00e1a000000MWaGAAW}
03:07:01.0 (208676276)|HEAP_ALLOCATE|[10]|Bytes:5
03:07:01.0 (208696069)|HEAP_ALLOCATE|[10]|Bytes:12
03:07:01.0 (208704200)|VARIABLE_SCOPE_BEGIN|[10]|PSetName|PermissionSet|true|false
03:07:01.0 (208718640)|VARIABLE_ASSIGNMENT|[10]|PSetName|{"s":1,"v":{"Id":"0PS36000000mmnWGAQ","Name":"X00e1a000000MWaHAAW"}}|0x384fcd52
03:07:01.0 (208721613)|STATEMENT_EXECUTE|[10]
03:07:01.0 (208722801)|STATEMENT_EXECUTE|[11]
03:07:01.0 (208738793)|ENTERING_MANAGED_PKG|
03:07:01.0 (208758272)|HEAP_ALLOCATE|[11]|Bytes:63
03:07:01.0 (208770352)|HEAP_ALLOCATE|[11]|Bytes:87
03:07:01.0 (208780788)|ENTERING_MANAGED_PKG|
03:07:01.0 (208794253)|USER_DEBUG|[11]|ERROR|The PermissionSet Name: PermissionSet:{Id=0PS36000000mmnWGAQ, Name=X00e1a000000MWaHAAW}
03:07:01.0 (208809749)|HEAP_ALLOCATE|[10]|Bytes:5
03:07:01.0 (208833097)|HEAP_ALLOCATE|[10]|Bytes:12
03:07:01.0 (208841399)|VARIABLE_SCOPE_BEGIN|[10]|PSetName|PermissionSet|true|false
03:07:01.0 (208855811)|VARIABLE_ASSIGNMENT|[10]|PSetName|{"s":1,"v":{"Id":"0PS36000000mmnXGAQ","Name":"X00e1a000000MWaIAAW"}}|0x7c50581b
03:07:01.0 (208858765)|STATEMENT_EXECUTE|[10]
03:07:01.0 (208859974)|STATEMENT_EXECUTE|[11]
03:07:01.0 (208876251)|ENTERING_MANAGED_PKG|
03:07:01.0 (208895981)|HEAP_ALLOCATE|[11]|Bytes:63
03:07:01.0 (208908155)|HEAP_ALLOCATE|[11]|Bytes:87
03:07:01.0 (208918643)|ENTERING_MANAGED_PKG|
03:07:01.0 (208931613)|USER_DEBUG|[11]|ERROR|The PermissionSet Name: PermissionSet:{Id=0PS36000000mmnXGAQ, Name=X00e1a000000MWaIAAW}
03:07:01.0 (208946717)|HEAP_ALLOCATE|[10]|Bytes:5
03:07:01.0 (208966775)|HEAP_ALLOCATE|[10]|Bytes:12
03:07:01.0 (208974780)|VARIABLE_SCOPE_BEGIN|[10]|PSetName|PermissionSet|true|false
03:07:01.0 (208989340)|VARIABLE_ASSIGNMENT|[10]|PSetName|{"s":1,"v":{"Id":"0PS36000000mmnYGAQ","Name":"X00e1a000000MWaJAAW"}}|0x4c436a65
03:07:01.0 (208992571)|STATEMENT_EXECUTE|[10]
03:07:01.0 (208993792)|STATEMENT_EXECUTE|[11]
03:07:01.0 (209010047)|ENTERING_MANAGED_PKG|
03:07:01.0 (209030298)|HEAP_ALLOCATE|[11]|Bytes:63
03:07:01.0 (209042817)|HEAP_ALLOCATE|[11]|Bytes:87
03:07:01.0 (209053287)|ENTERING_MANAGED_PKG|
03:07:01.0 (209066259)|USER_DEBUG|[11]|ERROR|The PermissionSet Name: PermissionSet:{Id=0PS36000000mmnYGAQ, Name=X00e1a000000MWaJAAW}
03:07:01.0 (209081618)|HEAP_ALLOCATE|[10]|Bytes:5
03:07:01.0 (209101378)|HEAP_ALLOCATE|[10]|Bytes:12
03:07:01.0 (209109468)|VARIABLE_SCOPE_BEGIN|[10]|PSetName|PermissionSet|true|false
03:07:01.0 (209123759)|VARIABLE_ASSIGNMENT|[10]|PSetName|{"s":1,"v":{"Id":"0PS36000000mmnZGAQ","Name":"X00e1a000000MWaKAAW"}}|0x16631528
03:07:01.0 (209126784)|STATEMENT_EXECUTE|[10]
03:07:01.0 (209128008)|STATEMENT_EXECUTE|[11]
03:07:01.0 (209144086)|ENTERING_MANAGED_PKG|
03:07:01.0 (209163895)|HEAP_ALLOCATE|[11]|Bytes:63
03:07:01.0 (209176097)|HEAP_ALLOCATE|[11]|Bytes:87
03:07:01.0 (209186681)|ENTERING_MANAGED_PKG|
03:07:01.0 (209199817)|USER_DEBUG|[11]|ERROR|The PermissionSet Name: PermissionSet:{Id=0PS36000000mmnZGAQ, Name=X00e1a000000MWaKAAW}
03:07:01.0 (209215081)|HEAP_ALLOCATE|[10]|Bytes:5
03:07:01.0 (209235004)|HEAP_ALLOCATE|[10]|Bytes:12
03:07:01.0 (209243026)|VARIABLE_SCOPE_BEGIN|[10]|PSetName|PermissionSet|true|false
03:07:01.0 (209257455)|VARIABLE_ASSIGNMENT|[10]|PSetName|{"s":1,"v":{"Id":"0PS36000000mmnaGAA","Name":"X00e1a000000MWaLAAW"}}|0x50807feb
03:07:01.0 (209260462)|STATEMENT_EXECUTE|[10]
03:07:01.0 (209261695)|STATEMENT_EXECUTE|[11]
03:07:01.0 (209277658)|ENTERING_MANAGED_PKG|
03:07:01.0 (209297256)|HEAP_ALLOCATE|[11]|Bytes:63
03:07:01.0 (209309302)|HEAP_ALLOCATE|[11]|Bytes:87
03:07:01.0 (209323412)|ENTERING_MANAGED_PKG|
03:07:01.0 (209336485)|USER_DEBUG|[11]|ERROR|The PermissionSet Name: PermissionSet:{Id=0PS36000000mmnaGAA, Name=X00e1a000000MWaLAAW}
03:07:01.0 (209352292)|HEAP_ALLOCATE|[10]|Bytes:5
03:07:01.0 (209376012)|HEAP_ALLOCATE|[10]|Bytes:12
03:07:01.0 (209384318)|VARIABLE_SCOPE_BEGIN|[10]|PSetName|PermissionSet|true|false
03:07:01.0 (209398668)|VARIABLE_ASSIGNMENT|[10]|PSetName|{"s":1,"v":{"Id":"0PS36000000mmnbGAA","Name":"X00e1a000000MWaMAAW"}}|0x2eee6560
03:07:01.0 (209401710)|STATEMENT_EXECUTE|[10]
03:07:01.0 (209402917)|STATEMENT_EXECUTE|[11]
03:07:01.0 (209419259)|ENTERING_MANAGED_PKG|
03:07:01.0 (209438734)|HEAP_ALLOCATE|[11]|Bytes:63
03:07:01.0 (209450740)|HEAP_ALLOCATE|[11]|Bytes:87
03:07:01.0 (209461117)|ENTERING_MANAGED_PKG|
03:07:01.0 (209474214)|USER_DEBUG|[11]|ERROR|The PermissionSet Name: PermissionSet:{Id=0PS36000000mmnbGAA, Name=X00e1a000000MWaMAAW}
03:07:01.0 (209489310)|HEAP_ALLOCATE|[10]|Bytes:5
03:07:01.0 (209508783)|HEAP_ALLOCATE|[10]|Bytes:12
03:07:01.0 (209516772)|VARIABLE_SCOPE_BEGIN|[10]|PSetName|PermissionSet|true|false
03:07:01.0 (209531065)|VARIABLE_ASSIGNMENT|[10]|PSetName|{"s":1,"v":{"Id":"0PS36000000mmncGAA","Name":"X00e1a000000MWaNAAW"}}|0x7929229a
03:07:01.0 (209534330)|STATEMENT_EXECUTE|[10]
03:07:01.0 (209535551)|STATEMENT_EXECUTE|[11]
03:07:01.0 (209551716)|ENTERING_MANAGED_PKG|
03:07:01.0 (209571239)|HEAP_ALLOCATE|[11]|Bytes:63
03:07:01.0 (209583244)|HEAP_ALLOCATE|[11]|Bytes:87
03:07:01.0 (209593761)|ENTERING_MANAGED_PKG|
03:07:01.0 (209606777)|USER_DEBUG|[11]|ERROR|The PermissionSet Name: PermissionSet:{Id=0PS36000000mmncGAA, Name=X00e1a000000MWaNAAW}
03:07:01.0 (209621876)|HEAP_ALLOCATE|[10]|Bytes:5
03:07:01.0 (209641645)|HEAP_ALLOCATE|[10]|Bytes:12
03:07:01.0 (209649402)|VARIABLE_SCOPE_BEGIN|[10]|PSetName|PermissionSet|true|false
03:07:01.0 (209663675)|VARIABLE_ASSIGNMENT|[10]|PSetName|{"s":1,"v":{"Id":"0PS36000000mmndGAA","Name":"X00e1a000000MWaOAAW"}}|0x776db2c2
03:07:01.0 (209666590)|STATEMENT_EXECUTE|[10]
03:07:01.0 (209667788)|STATEMENT_EXECUTE|[11]
03:07:01.0 (209683726)|ENTERING_MANAGED_PKG|
03:07:01.0 (209703303)|HEAP_ALLOCATE|[11]|Bytes:63
03:07:01.0 (209715398)|HEAP_ALLOCATE|[11]|Bytes:87
03:07:01.0 (209726042)|ENTERING_MANAGED_PKG|
03:07:01.0 (209739069)|USER_DEBUG|[11]|ERROR|The PermissionSet Name: PermissionSet:{Id=0PS36000000mmndGAA, Name=X00e1a000000MWaOAAW}
03:07:01.0 (209754112)|HEAP_ALLOCATE|[10]|Bytes:5
03:07:01.0 (209773923)|HEAP_ALLOCATE|[10]|Bytes:12
03:07:01.0 (209781787)|VARIABLE_SCOPE_BEGIN|[10]|PSetName|PermissionSet|true|false
03:07:01.0 (209796461)|VARIABLE_ASSIGNMENT|[10]|PSetName|{"s":1,"v":{"Id":"0PS36000000mmneGAA","Name":"X00e1a000000MWaPAAW"}}|0x2441f4e3
03:07:01.0 (209799437)|STATEMENT_EXECUTE|[10]
03:07:01.0 (209800803)|STATEMENT_EXECUTE|[11]
03:07:01.0 (209820650)|ENTERING_MANAGED_PKG|
03:07:01.0 (209840746)|HEAP_ALLOCATE|[11]|Bytes:63
03:07:01.0 (209853238)|HEAP_ALLOCATE|[11]|Bytes:87
03:07:01.0 (209863439)|ENTERING_MANAGED_PKG|
03:07:01.0 (209876407)|USER_DEBUG|[11]|ERROR|The PermissionSet Name: PermissionSet:{Id=0PS36000000mmneGAA, Name=X00e1a000000MWaPAAW}
03:07:01.0 (209891680)|HEAP_ALLOCATE|[10]|Bytes:5
03:07:01.0 (209911573)|HEAP_ALLOCATE|[10]|Bytes:12
03:07:01.0 (209919865)|VARIABLE_SCOPE_BEGIN|[10]|PSetName|PermissionSet|true|false
03:07:01.0 (209934355)|VARIABLE_ASSIGNMENT|[10]|PSetName|{"s":1,"v":{"Id":"0PS36000000mmnfGAA","Name":"X00e1a000000MWaQAAW"}}|0x7959406e
03:07:01.0 (209937305)|STATEMENT_EXECUTE|[10]
03:07:01.0 (209938519)|STATEMENT_EXECUTE|[11]
03:07:01.0 (209954568)|ENTERING_MANAGED_PKG|
03:07:01.0 (209974347)|HEAP_ALLOCATE|[11]|Bytes:63
03:07:01.0 (209986478)|HEAP_ALLOCATE|[11]|Bytes:87
03:07:01.0 (209996852)|ENTERING_MANAGED_PKG|
03:07:01.0 (210009871)|USER_DEBUG|[11]|ERROR|The PermissionSet Name: PermissionSet:{Id=0PS36000000mmnfGAA, Name=X00e1a000000MWaQAAW}
03:07:01.0 (210025865)|HEAP_ALLOCATE|[10]|Bytes:5
03:07:01.0 (210045444)|HEAP_ALLOCATE|[10]|Bytes:12
03:07:01.0 (210053406)|VARIABLE_SCOPE_BEGIN|[10]|PSetName|PermissionSet|true|false
03:07:01.0 (210067790)|VARIABLE_ASSIGNMENT|[10]|PSetName|{"s":1,"v":{"Id":"0PS36000000mmngGAA","Name":"X00e1a000000MWaRAAW"}}|0x4954802d
03:07:01.0 (210070698)|STATEMENT_EXECUTE|[10]
03:07:01.0 (210071907)|STATEMENT_EXECUTE|[11]
03:07:01.0 (210088258)|ENTERING_MANAGED_PKG|
03:07:01.0 (210107694)|HEAP_ALLOCATE|[11]|Bytes:63
03:07:01.0 (210119687)|HEAP_ALLOCATE|[11]|Bytes:87
03:07:01.0 (210129841)|ENTERING_MANAGED_PKG|
03:07:01.0 (210142909)|USER_DEBUG|[11]|ERROR|The PermissionSet Name: PermissionSet:{Id=0PS36000000mmngGAA, Name=X00e1a000000MWaRAAW}
03:07:01.0 (210158211)|HEAP_ALLOCATE|[10]|Bytes:5
03:07:01.0 (210177774)|HEAP_ALLOCATE|[10]|Bytes:12
03:07:01.0 (210185808)|VARIABLE_SCOPE_BEGIN|[10]|PSetName|PermissionSet|true|false
03:07:01.0 (210200208)|VARIABLE_ASSIGNMENT|[10]|PSetName|{"s":1,"v":{"Id":"0PS36000000mmnhGAA","Name":"X00e1a000000MWaSAAW"}}|0x5335d067
03:07:01.0 (210203301)|STATEMENT_EXECUTE|[10]
03:07:01.0 (210204581)|STATEMENT_EXECUTE|[11]
03:07:01.0 (210220614)|ENTERING_MANAGED_PKG|
03:07:01.0 (210240103)|HEAP_ALLOCATE|[11]|Bytes:63
03:07:01.0 (210252357)|HEAP_ALLOCATE|[11]|Bytes:87
03:07:01.0 (210262743)|ENTERING_MANAGED_PKG|
03:07:01.0 (210275827)|USER_DEBUG|[11]|ERROR|The PermissionSet Name: PermissionSet:{Id=0PS36000000mmnhGAA, Name=X00e1a000000MWaSAAW}
03:07:01.0 (210291218)|HEAP_ALLOCATE|[10]|Bytes:5
03:07:01.0 (210311276)|HEAP_ALLOCATE|[10]|Bytes:12
03:07:01.0 (210319215)|VARIABLE_SCOPE_BEGIN|[10]|PSetName|PermissionSet|true|false
03:07:01.0 (210336521)|VARIABLE_ASSIGNMENT|[10]|PSetName|{"s":1,"v":{"Id":"0PS36000000mmniGAA","Name":"X00e1a000000MWaTAAW"}}|0x7878c00e
03:07:01.0 (210339486)|STATEMENT_EXECUTE|[10]
03:07:01.0 (210340821)|STATEMENT_EXECUTE|[11]
03:07:01.0 (210357139)|ENTERING_MANAGED_PKG|
03:07:01.0 (210380805)|HEAP_ALLOCATE|[11]|Bytes:63
03:07:01.0 (210393620)|HEAP_ALLOCATE|[11]|Bytes:87
03:07:01.0 (210404361)|ENTERING_MANAGED_PKG|
03:07:01.0 (210417603)|USER_DEBUG|[11]|ERROR|The PermissionSet Name: PermissionSet:{Id=0PS36000000mmniGAA, Name=X00e1a000000MWaTAAW}
03:07:01.0 (210432810)|HEAP_ALLOCATE|[10]|Bytes:5
03:07:01.0 (210453090)|HEAP_ALLOCATE|[10]|Bytes:12
03:07:01.0 (210461133)|VARIABLE_SCOPE_BEGIN|[10]|PSetName|PermissionSet|true|false
03:07:01.0 (210475687)|VARIABLE_ASSIGNMENT|[10]|PSetName|{"s":1,"v":{"Id":"0PS36000000mmnjGAA","Name":"X00e1a000000MWaUAAW"}}|0x4b91a55f
03:07:01.0 (210479097)|STATEMENT_EXECUTE|[10]
03:07:01.0 (210480336)|STATEMENT_EXECUTE|[11]
03:07:01.0 (210496651)|ENTERING_MANAGED_PKG|
03:07:01.0 (210516127)|HEAP_ALLOCATE|[11]|Bytes:63
03:07:01.0 (210528187)|HEAP_ALLOCATE|[11]|Bytes:87
03:07:01.0 (210538645)|ENTERING_MANAGED_PKG|
03:07:01.0 (210551835)|USER_DEBUG|[11]|ERROR|The PermissionSet Name: PermissionSet:{Id=0PS36000000mmnjGAA, Name=X00e1a000000MWaUAAW}
03:07:01.0 (210567054)|HEAP_ALLOCATE|[10]|Bytes:5
03:07:01.0 (210587060)|HEAP_ALLOCATE|[10]|Bytes:12
03:07:01.0 (210595036)|VARIABLE_SCOPE_BEGIN|[10]|PSetName|PermissionSet|true|false
03:07:01.0 (210609593)|VARIABLE_ASSIGNMENT|[10]|PSetName|{"s":1,"v":{"Id":"0PS36000000mmnlGAA","Name":"X00e1a000000N1LRAA0"}}|0x262901e8
03:07:01.0 (210612553)|STATEMENT_EXECUTE|[10]
03:07:01.0 (210613765)|STATEMENT_EXECUTE|[11]
03:07:01.0 (210629887)|ENTERING_MANAGED_PKG|
03:07:01.0 (210649485)|HEAP_ALLOCATE|[11]|Bytes:63
03:07:01.0 (210661785)|HEAP_ALLOCATE|[11]|Bytes:87
03:07:01.0 (210672065)|ENTERING_MANAGED_PKG|
03:07:01.0 (210684928)|USER_DEBUG|[11]|ERROR|The PermissionSet Name: PermissionSet:{Id=0PS36000000mmnlGAA, Name=X00e1a000000N1LRAA0}
03:07:01.0 (210700111)|HEAP_ALLOCATE|[10]|Bytes:5
03:07:01.0 (210720038)|HEAP_ALLOCATE|[10]|Bytes:12
03:07:01.0 (210728038)|VARIABLE_SCOPE_BEGIN|[10]|PSetName|PermissionSet|true|false
03:07:01.0 (210742391)|VARIABLE_ASSIGNMENT|[10]|PSetName|{"s":1,"v":{"Id":"0PS36000000mmnmGAA","Name":"X00e1a000000N1LSAA0"}}|0x5be25ba2
03:07:01.0 (210745409)|STATEMENT_EXECUTE|[10]
03:07:01.0 (210746636)|STATEMENT_EXECUTE|[11]
03:07:01.0 (210762593)|ENTERING_MANAGED_PKG|
03:07:01.0 (210782055)|HEAP_ALLOCATE|[11]|Bytes:63
03:07:01.0 (210794095)|HEAP_ALLOCATE|[11]|Bytes:87
03:07:01.0 (210804319)|ENTERING_MANAGED_PKG|
03:07:01.0 (210817333)|USER_DEBUG|[11]|ERROR|The PermissionSet Name: PermissionSet:{Id=0PS36000000mmnmGAA, Name=X00e1a000000N1LSAA0}
03:07:01.0 (210832357)|HEAP_ALLOCATE|[10]|Bytes:5
03:07:01.0 (210857133)|HEAP_ALLOCATE|[10]|Bytes:12
03:07:01.0 (210865632)|VARIABLE_SCOPE_BEGIN|[10]|PSetName|PermissionSet|true|false
03:07:01.0 (210880294)|VARIABLE_ASSIGNMENT|[10]|PSetName|{"s":1,"v":{"Id":"0PS36000000mmnnGAA","Name":"X00e1a000000N1wKAAS"}}|0x65249860
03:07:01.0 (210883346)|STATEMENT_EXECUTE|[10]
03:07:01.0 (210884639)|STATEMENT_EXECUTE|[11]
03:07:01.0 (210900962)|ENTERING_MANAGED_PKG|
03:07:01.0 (210920596)|HEAP_ALLOCATE|[11]|Bytes:63
03:07:01.0 (210932661)|HEAP_ALLOCATE|[11]|Bytes:87
03:07:01.0 (210942947)|ENTERING_MANAGED_PKG|
03:07:01.0 (210956146)|USER_DEBUG|[11]|ERROR|The PermissionSet Name: PermissionSet:{Id=0PS36000000mmnnGAA, Name=X00e1a000000N1wKAAS}
03:07:01.0 (210971757)|HEAP_ALLOCATE|[10]|Bytes:5
03:07:01.0 (210991787)|HEAP_ALLOCATE|[10]|Bytes:12
03:07:01.0 (210999871)|VARIABLE_SCOPE_BEGIN|[10]|PSetName|PermissionSet|true|false
03:07:01.0 (211014027)|VARIABLE_ASSIGNMENT|[10]|PSetName|{"s":1,"v":{"Id":"0PS36000000mmnoGAA","Name":"X00e1a000000N1wLAAS"}}|0x23d962c6
03:07:01.0 (211017752)|STATEMENT_EXECUTE|[10]
03:07:01.0 (211019284)|STATEMENT_EXECUTE|[11]
03:07:01.0 (211035619)|ENTERING_MANAGED_PKG|
03:07:01.0 (211055400)|HEAP_ALLOCATE|[11]|Bytes:63
03:07:01.0 (211067685)|HEAP_ALLOCATE|[11]|Bytes:87
03:07:01.0 (211078123)|ENTERING_MANAGED_PKG|
03:07:01.0 (211090919)|USER_DEBUG|[11]|ERROR|The PermissionSet Name: PermissionSet:{Id=0PS36000000mmnoGAA, Name=X00e1a000000N1wLAAS}
03:07:01.0 (211106365)|HEAP_ALLOCATE|[10]|Bytes:5
03:07:01.0 (211126171)|HEAP_ALLOCATE|[10]|Bytes:12
03:07:01.0 (211134126)|VARIABLE_SCOPE_BEGIN|[10]|PSetName|PermissionSet|true|false
03:07:01.0 (211148368)|VARIABLE_ASSIGNMENT|[10]|PSetName|{"s":1,"v":{"Id":"0PS36000000mmnqGAA","Name":"X00e1a000000MWaAAAW"}}|0x4d911114
03:07:01.0 (211151292)|STATEMENT_EXECUTE|[10]
03:07:01.0 (211152528)|STATEMENT_EXECUTE|[11]
03:07:01.0 (211169049)|ENTERING_MANAGED_PKG|
03:07:01.0 (211188736)|HEAP_ALLOCATE|[11]|Bytes:63
03:07:01.0 (211200909)|HEAP_ALLOCATE|[11]|Bytes:87
03:07:01.0 (211211476)|ENTERING_MANAGED_PKG|
03:07:01.0 (211224279)|USER_DEBUG|[11]|ERROR|The PermissionSet Name: PermissionSet:{Id=0PS36000000mmnqGAA, Name=X00e1a000000MWaAAAW}
03:07:01.0 (211239746)|HEAP_ALLOCATE|[10]|Bytes:5
03:07:01.0 (211252531)|VARIABLE_ASSIGNMENT|[10]|PSetName|null|
03:07:01.0 (211256134)|STATEMENT_EXECUTE|[14]
03:07:01.0 (211272749)|SYSTEM_MODE_EXIT|false
03:07:01.211 (211315437)|CUMULATIVE_LIMIT_USAGE
03:07:01.211 (211315437)|LIMIT_USAGE_FOR_NS|(default)|
  Number of SOQL queries: 0 out of 100
  Number of query rows: 0 out of 50000
  Number of SOSL queries: 0 out of 20
  Number of DML statements: 0 out of 150
  Number of DML rows: 0 out of 10000
  Maximum CPU time: 0 out of 10000
  Maximum heap size: 0 out of 6000000
  Number of callouts: 0 out of 100
  Number of Email Invocations: 0 out of 10
  Number of future calls: 0 out of 50
  Number of queueable jobs added to the queue: 0 out of 50
  Number of Mobile Apex push calls: 0 out of 10

03:07:01.211 (211315437)|LIMIT_USAGE_FOR_NS|shiva15testns|
  Number of SOQL queries: 1 out of 100
  Number of query rows: 36 out of 50000
  Number of SOSL queries: 0 out of 20
  Number of DML statements: 0 out of 150
  Number of DML rows: 0 out of 10000
  Maximum CPU time: 0 out of 10000
  Maximum heap size: 0 out of 6000000
  Number of callouts: 0 out of 100
  Number of Email Invocations: 0 out of 10
  Number of future calls: 0 out of 50
  Number of queueable jobs added to the queue: 0 out of 50
  Number of Mobile Apex push calls: 0 out of 10

03:07:01.211 (211315437)|CUMULATIVE_LIMIT_USAGE_END

03:07:01.0 (211414175)|CODE_UNIT_FINISHED|PermissionSetPortalControllers.getAllPermissionSets
03:07:01.0 (214563272)|EXECUTION_FINISHED
