36.0 APEX_CODE,FINEST;APEX_PROFILING,INFO;CALLOUT,INFO;DB,INFO;SYSTEM,DEBUG;VALIDATION,INFO;VISUALFORCE,INFO;WORKFLOW,INFO
16:58:02.0 (365675)|EXECUTION_STARTED
16:58:02.0 (398917)|CODE_UNIT_STARTED|[EXTERNAL]|01p36000005Jpvx|PermissionSetPortalControllers.getAllPermissionSets
16:58:02.0 (1099483)|HEAP_ALLOCATE|[72]|Bytes:3
16:58:02.0 (1162882)|HEAP_ALLOCATE|[77]|Bytes:152
16:58:02.0 (1181709)|HEAP_ALLOCATE|[342]|Bytes:408
16:58:02.0 (1201760)|HEAP_ALLOCATE|[355]|Bytes:408
16:58:02.0 (1219762)|HEAP_ALLOCATE|[467]|Bytes:48
16:58:02.0 (1267308)|HEAP_ALLOCATE|[139]|Bytes:6
16:58:02.0 (1313573)|VARIABLE_SCOPE_BEGIN|[3]|PermissionSetPortalControllers.AllPermissionSets|List<PermissionSet>|true|true
16:58:02.0 (1322057)|VARIABLE_SCOPE_BEGIN|[10]|PermissionSetPortalControllers.accountField|Set<String>|true|true
16:58:02.0 (1325663)|VARIABLE_SCOPE_BEGIN|[5]|PermissionSetPortalControllers.allObjectsOfOrg|List<shiva15testns.PermissionSetPortalControllers.ObjectDetailsClass>|true|true
16:58:02.0 (1329615)|VARIABLE_SCOPE_BEGIN|[9]|PermissionSetPortalControllers.contactsField|Set<String>|true|true
16:58:02.0 (1332454)|VARIABLE_SCOPE_BEGIN|[7]|PermissionSetPortalControllers.isNotSystemSObjectList|Set<String>|true|true
16:58:02.0 (1412444)|HEAP_ALLOCATE|[EXTERNAL]|Bytes:168
16:58:02.0 (1419436)|HEAP_ALLOCATE|[EXTERNAL]|Bytes:89
16:58:02.0 (1423746)|HEAP_ALLOCATE|[EXTERNAL]|Bytes:344
16:58:02.0 (1647856)|METHOD_ENTRY|[1]|01p36000005Jpvx|PermissionSetPortalControllers.PermissionSetPortalControllers()
16:58:02.0 (1654070)|STATEMENT_EXECUTE|[1]
16:58:02.0 (1661352)|STATEMENT_EXECUTE|[1]
16:58:02.0 (1699230)|HEAP_ALLOCATE|[50]|Bytes:5
16:58:02.0 (1725381)|HEAP_ALLOCATE|[56]|Bytes:5
16:58:02.0 (1734355)|HEAP_ALLOCATE|[64]|Bytes:7
16:58:02.0 (1759195)|SYSTEM_MODE_ENTER|false
16:58:02.0 (1778198)|HEAP_ALLOCATE|[9]|Bytes:5
16:58:02.0 (1783185)|STATEMENT_EXECUTE|[9]
16:58:02.0 (1790345)|HEAP_ALLOCATE|[9]|Bytes:4
16:58:02.0 (1832228)|ENTERING_MANAGED_PKG|
16:58:02.0 (1956914)|VARIABLE_ASSIGNMENT|[9]|PermissionSetPortalControllers.contactsField|{"s":1,"v":[]}|0x4d17745e
16:58:02.0 (1962436)|STATEMENT_EXECUTE|[10]
16:58:02.0 (1967978)|HEAP_ALLOCATE|[10]|Bytes:4
16:58:02.0 (1981512)|ENTERING_MANAGED_PKG|
16:58:02.0 (2018221)|VARIABLE_ASSIGNMENT|[10]|PermissionSetPortalControllers.accountField|{"s":1,"v":[]}|0x557543fb
16:58:02.0 (2023520)|STATEMENT_EXECUTE|[1038]
16:58:02.0 (2025336)|STATEMENT_EXECUTE|[1067]
16:58:02.0 (2026485)|STATEMENT_EXECUTE|[1095]
16:58:02.0 (2027847)|STATEMENT_EXECUTE|[1124]
16:58:02.0 (2028966)|STATEMENT_EXECUTE|[1140]
16:58:02.0 (2030261)|STATEMENT_EXECUTE|[1157]
16:58:02.0 (2031579)|STATEMENT_EXECUTE|[1168]
16:58:02.0 (2032639)|STATEMENT_EXECUTE|[1173]
16:58:02.0 (2040817)|SYSTEM_MODE_EXIT|false
16:58:02.0 (2053462)|METHOD_EXIT|[1]|PermissionSetPortalControllers
16:58:02.0 (2064627)|SYSTEM_MODE_ENTER|false
16:58:02.0 (2078398)|HEAP_ALLOCATE|[157]|Bytes:5
16:58:02.0 (2083026)|STATEMENT_EXECUTE|[156]
16:58:02.0 (2084468)|STATEMENT_EXECUTE|[157]
16:58:02.0 (2085581)|STATEMENT_EXECUTE|[157]
16:58:02.0 (2086754)|STATEMENT_EXECUTE|[158]
16:58:02.0 (2089956)|HEAP_ALLOCATE|[158]|Bytes:99
16:58:02.0 (2101482)|HEAP_ALLOCATE|[158]|Bytes:4
16:58:02.0 (3187818)|SOQL_EXECUTE_BEGIN|[158]|Aggregations:0|SELECT Id, label, Name, Description, NamespacePrefix, UserLicenseId, CreatedDate FROM PermissionSet
16:58:02.0 (6694988)|SOQL_EXECUTE_END|[158]|Rows:37
16:58:02.0 (6718785)|HEAP_ALLOCATE|[158]|Bytes:152
16:58:02.0 (6811459)|HEAP_ALLOCATE|[158]|Bytes:6516
16:58:02.0 (6851348)|HEAP_ALLOCATE|[158]|Bytes:152
16:58:02.0 (6881983)|VARIABLE_ASSIGNMENT|[158]|PermissionSetPortalControllers.AllPermissionSets|{"s":1,"v":"List of size 37 too large to display"}|0x1c25aac3
16:58:02.0 (6965016)|ENTERING_MANAGED_PKG|
16:58:02.0 (6998319)|STATEMENT_EXECUTE|[159]
16:58:02.0 (7000964)|STATEMENT_EXECUTE|[160]
16:58:02.0 (7065044)|VARIABLE_SCOPE_BEGIN|[160]|pSetObj|shiva15testns.PermissionSetPortalControllers.PermissionSetClass|true|false
16:58:02.0 (7076545)|VARIABLE_ASSIGNMENT|[160]|pSetObj|null|
16:58:02.0 (7079666)|STATEMENT_EXECUTE|[161]
16:58:02.0 (7101511)|HEAP_ALLOCATE|[161]|Bytes:4
16:58:02.0 (7149628)|ENTERING_MANAGED_PKG|
16:58:02.0 (7170185)|VARIABLE_SCOPE_BEGIN|[161]|permissionSetsLst|List<shiva15testns.PermissionSetPortalControllers.PermissionSetClass>|true|false
16:58:02.0 (7197359)|HEAP_ALLOCATE|[EXTERNAL]|Bytes:4
16:58:02.0 (7210543)|VARIABLE_ASSIGNMENT|[161]|permissionSetsLst|{"s":1,"v":[]}|0x6c06f358
16:58:02.0 (7227103)|ENTERING_MANAGED_PKG|
16:58:02.0 (7459748)|HEAP_ALLOCATE|[162]|Bytes:5
16:58:02.0 (7501273)|HEAP_ALLOCATE|[162]|Bytes:28
16:58:02.0 (7514015)|VARIABLE_SCOPE_BEGIN|[162]|PSetName|PermissionSet|true|false
16:58:02.0 (7567978)|VARIABLE_ASSIGNMENT|[162]|PSetName|{"s":1,"v":{"Id":"0PS36000000mmnFGAQ","Label":"00e1a000000MWa8AAG","Name":"X00e1a000000MWa8AAG","NamespacePrefix":"shiva15testns","UserLicenseId":"10036000000eSpzAAE","CreatedDate":"2016-03-08T19:00:02.000Z"}}|0xf4252f1
16:58:02.0 (7573875)|STATEMENT_EXECUTE|[162]
16:58:02.0 (7601128)|HEAP_ALLOCATE|[163]|Bytes:3
16:58:02.0 (7634357)|ENTERING_MANAGED_PKG|
16:58:02.0 (7664978)|STATEMENT_EXECUTE|[163]
16:58:02.0 (7677236)|HEAP_ALLOCATE|[162]|Bytes:5
16:58:02.0 (7699732)|HEAP_ALLOCATE|[162]|Bytes:28
16:58:02.0 (7708602)|VARIABLE_SCOPE_BEGIN|[162]|PSetName|PermissionSet|true|false
16:58:02.0 (7736542)|VARIABLE_ASSIGNMENT|[162]|PSetName|{"s":1,"v":{"Id":"0PS36000000mmnGGAQ","Label":"00ex00000018ozl_128_ (10 more) ...","Name":"X00ex00000018ozl_128 (11 more) ...","NamespacePrefix":"shiva15testns","UserLicenseId":"10036000000eSpyAAE","CreatedDate":"2016-03-08T19:00:02.000Z"}}|0x5a95c526
16:58:02.0 (7742135)|STATEMENT_EXECUTE|[162]
16:58:02.0 (7763435)|ENTERING_MANAGED_PKG|
16:58:02.0 (7773113)|STATEMENT_EXECUTE|[163]
16:58:02.0 (7783776)|HEAP_ALLOCATE|[162]|Bytes:5
16:58:02.0 (7804198)|HEAP_ALLOCATE|[162]|Bytes:28
16:58:02.0 (7812236)|VARIABLE_SCOPE_BEGIN|[162]|PSetName|PermissionSet|true|false
16:58:02.0 (7840595)|VARIABLE_ASSIGNMENT|[162]|PSetName|{"s":1,"v":{"Id":"0PS36000000mmnHGAQ","Label":"00ex00000018ozm_128_ (10 more) ...","Name":"X00ex00000018ozm_128 (11 more) ...","NamespacePrefix":"shiva15testns","UserLicenseId":"10036000000eSpyAAE","CreatedDate":"2016-03-08T19:00:02.000Z"}}|0x59e1f51e
16:58:02.0 (7845584)|STATEMENT_EXECUTE|[162]
16:58:02.0 (7866371)|ENTERING_MANAGED_PKG|
16:58:02.0 (7876018)|STATEMENT_EXECUTE|[163]
16:58:02.0 (7886500)|HEAP_ALLOCATE|[162]|Bytes:5
16:58:02.0 (7906735)|HEAP_ALLOCATE|[162]|Bytes:28
16:58:02.0 (7914607)|VARIABLE_SCOPE_BEGIN|[162]|PSetName|PermissionSet|true|false
16:58:02.0 (7938647)|VARIABLE_ASSIGNMENT|[162]|PSetName|{"s":1,"v":{"Id":"0PS36000000mmnIGAQ","Label":"00ex00000018ozk_128_ (10 more) ...","Name":"X00ex00000018ozk_128 (11 more) ...","NamespacePrefix":"shiva15testns","UserLicenseId":"10036000000eSpyAAE","CreatedDate":"2016-03-08T19:00:02.000Z"}}|0x7ae797af
16:58:02.0 (7943998)|STATEMENT_EXECUTE|[162]
16:58:02.0 (7963730)|ENTERING_MANAGED_PKG|
16:58:02.0 (7973250)|STATEMENT_EXECUTE|[163]
16:58:02.0 (7983604)|HEAP_ALLOCATE|[162]|Bytes:5
16:58:02.0 (8003000)|HEAP_ALLOCATE|[162]|Bytes:28
16:58:02.0 (8011682)|VARIABLE_SCOPE_BEGIN|[162]|PSetName|PermissionSet|true|false
16:58:02.0 (8035288)|VARIABLE_ASSIGNMENT|[162]|PSetName|{"s":1,"v":{"Id":"0PS36000000mmnJGAQ","Label":"00ex00000018ozj_128_ (10 more) ...","Name":"X00ex00000018ozj_128 (11 more) ...","NamespacePrefix":"shiva15testns","UserLicenseId":"10036000000eSpyAAE","CreatedDate":"2016-03-08T19:00:02.000Z"}}|0x672f87d8
16:58:02.0 (8039819)|STATEMENT_EXECUTE|[162]
16:58:02.0 (8059339)|ENTERING_MANAGED_PKG|
16:58:02.0 (8068669)|STATEMENT_EXECUTE|[163]
16:58:02.0 (8094587)|HEAP_ALLOCATE|[162]|Bytes:5
16:58:02.0 (8119016)|HEAP_ALLOCATE|[162]|Bytes:28
16:58:02.0 (8127509)|VARIABLE_SCOPE_BEGIN|[162]|PSetName|PermissionSet|true|false
16:58:02.0 (8151650)|VARIABLE_ASSIGNMENT|[162]|PSetName|{"s":1,"v":{"Id":"0PS36000000mmnKGAQ","Label":"00ex00000018ozo_128_ (10 more) ...","Name":"X00ex00000018ozo_128 (11 more) ...","NamespacePrefix":"shiva15testns","UserLicenseId":"10036000000eSpyAAE","CreatedDate":"2016-03-08T19:00:02.000Z"}}|0x1367d2ee
16:58:02.0 (8156964)|STATEMENT_EXECUTE|[162]
16:58:02.0 (8177187)|ENTERING_MANAGED_PKG|
16:58:02.0 (8186620)|STATEMENT_EXECUTE|[163]
16:58:02.0 (8197140)|HEAP_ALLOCATE|[162]|Bytes:5
16:58:02.0 (8216675)|HEAP_ALLOCATE|[162]|Bytes:28
16:58:02.0 (8224347)|VARIABLE_SCOPE_BEGIN|[162]|PSetName|PermissionSet|true|false
16:58:02.0 (8247845)|VARIABLE_ASSIGNMENT|[162]|PSetName|{"s":1,"v":{"Id":"0PS36000000mmnLGAQ","Label":"00ex00000018ozh_128_ (10 more) ...","Name":"X00ex00000018ozh_128 (11 more) ...","NamespacePrefix":"shiva15testns","UserLicenseId":"10036000000eSpyAAE","CreatedDate":"2016-03-08T19:00:02.000Z"}}|0x45f89c99
16:58:02.0 (8256678)|STATEMENT_EXECUTE|[162]
16:58:02.0 (8276978)|ENTERING_MANAGED_PKG|
16:58:02.0 (8286728)|STATEMENT_EXECUTE|[163]
16:58:02.0 (8297299)|HEAP_ALLOCATE|[162]|Bytes:5
16:58:02.0 (8316415)|HEAP_ALLOCATE|[162]|Bytes:28
16:58:02.0 (8324249)|VARIABLE_SCOPE_BEGIN|[162]|PSetName|PermissionSet|true|false
16:58:02.0 (8347831)|VARIABLE_ASSIGNMENT|[162]|PSetName|{"s":1,"v":{"Id":"0PS36000000mmnMGAQ","Label":"00ex00000018ozq_128_ (11 more) ...","Name":"X00ex00000018ozq_128 (12 more) ...","NamespacePrefix":"shiva15testns","UserLicenseId":"10036000000eSpyAAE","CreatedDate":"2016-03-08T19:00:02.000Z"}}|0x3643166
16:58:02.0 (8353052)|STATEMENT_EXECUTE|[162]
16:58:02.0 (8372410)|ENTERING_MANAGED_PKG|
16:58:02.0 (8381611)|STATEMENT_EXECUTE|[163]
16:58:02.0 (8391820)|HEAP_ALLOCATE|[162]|Bytes:5
16:58:02.0 (8410968)|HEAP_ALLOCATE|[162]|Bytes:28
16:58:02.0 (8418642)|VARIABLE_SCOPE_BEGIN|[162]|PSetName|PermissionSet|true|false
16:58:02.0 (8441552)|VARIABLE_ASSIGNMENT|[162]|PSetName|{"s":1,"v":{"Id":"0PS36000000mmnNGAQ","Label":"00ex00000018ozp_128_ (10 more) ...","Name":"X00ex00000018ozp_128 (11 more) ...","NamespacePrefix":"shiva15testns","UserLicenseId":"10036000000eSpyAAE","CreatedDate":"2016-03-08T19:00:02.000Z"}}|0x18ee6795
16:58:02.0 (8446757)|STATEMENT_EXECUTE|[162]
16:58:02.0 (8466237)|ENTERING_MANAGED_PKG|
16:58:02.0 (8475621)|STATEMENT_EXECUTE|[163]
16:58:02.0 (8486234)|HEAP_ALLOCATE|[162]|Bytes:5
16:58:02.0 (8505204)|HEAP_ALLOCATE|[162]|Bytes:28
16:58:02.0 (8512869)|VARIABLE_SCOPE_BEGIN|[162]|PSetName|PermissionSet|true|false
16:58:02.0 (8539005)|VARIABLE_ASSIGNMENT|[162]|PSetName|{"s":1,"v":{"Id":"0PS36000000mmnOGAQ","Label":"00ex00000018ozn_128_ (10 more) ...","Name":"X00ex00000018ozn_128 (11 more) ...","NamespacePrefix":"shiva15testns","UserLicenseId":"10036000000eSpyAAE","CreatedDate":"2016-03-08T19:00:02.000Z"}}|0x353326c4
16:58:02.0 (8543693)|STATEMENT_EXECUTE|[162]
16:58:02.0 (8563423)|ENTERING_MANAGED_PKG|
16:58:02.0 (8572634)|STATEMENT_EXECUTE|[163]
16:58:02.0 (8582839)|HEAP_ALLOCATE|[162]|Bytes:5
16:58:02.0 (8602014)|HEAP_ALLOCATE|[162]|Bytes:28
16:58:02.0 (8609823)|VARIABLE_SCOPE_BEGIN|[162]|PSetName|PermissionSet|true|false
16:58:02.0 (8632670)|VARIABLE_ASSIGNMENT|[162]|PSetName|{"s":1,"v":{"Id":"0PS36000000mmnPGAQ","Label":"00e1a000000MWa9AAG","Name":"X00e1a000000MWa9AAG","NamespacePrefix":"shiva15testns","UserLicenseId":"10036000000eSq0AAE","CreatedDate":"2016-03-08T19:00:02.000Z"}}|0x342e78af
16:58:02.0 (8637559)|STATEMENT_EXECUTE|[162]
16:58:02.0 (8656864)|ENTERING_MANAGED_PKG|
16:58:02.0 (8666145)|STATEMENT_EXECUTE|[163]
16:58:02.0 (8676203)|HEAP_ALLOCATE|[162]|Bytes:5
16:58:02.0 (8695668)|HEAP_ALLOCATE|[162]|Bytes:28
16:58:02.0 (8703479)|VARIABLE_SCOPE_BEGIN|[162]|PSetName|PermissionSet|true|false
16:58:02.0 (8725474)|VARIABLE_ASSIGNMENT|[162]|PSetName|{"s":1,"v":{"Id":"0PS36000000mmnQGAQ","Label":"00e1a000000MWaBAAW","Name":"X00e1a000000MWaBAAW","NamespacePrefix":"shiva15testns","UserLicenseId":"10036000000eSq2AAE","CreatedDate":"2016-03-08T19:00:02.000Z"}}|0x16e3804d
16:58:02.0 (8730218)|STATEMENT_EXECUTE|[162]
16:58:02.0 (8749541)|ENTERING_MANAGED_PKG|
16:58:02.0 (8758764)|STATEMENT_EXECUTE|[163]
16:58:02.0 (8768790)|HEAP_ALLOCATE|[162]|Bytes:5
16:58:02.0 (8788235)|HEAP_ALLOCATE|[162]|Bytes:28
16:58:02.0 (8795918)|VARIABLE_SCOPE_BEGIN|[162]|PSetName|PermissionSet|true|false
16:58:02.0 (8817704)|VARIABLE_ASSIGNMENT|[162]|PSetName|{"s":1,"v":{"Id":"0PS36000000mmnRGAQ","Label":"00e1a000000MWaCAAW","Name":"X00e1a000000MWaCAAW","NamespacePrefix":"shiva15testns","UserLicenseId":"10036000000eSq3AAE","CreatedDate":"2016-03-08T19:00:02.000Z"}}|0x7dda8fcb
16:58:02.0 (8822070)|STATEMENT_EXECUTE|[162]
16:58:02.0 (8841366)|ENTERING_MANAGED_PKG|
16:58:02.0 (8850610)|STATEMENT_EXECUTE|[163]
16:58:02.0 (8860621)|HEAP_ALLOCATE|[162]|Bytes:5
16:58:02.0 (8879865)|HEAP_ALLOCATE|[162]|Bytes:28
16:58:02.0 (8887613)|VARIABLE_SCOPE_BEGIN|[162]|PSetName|PermissionSet|true|false
16:58:02.0 (8909944)|VARIABLE_ASSIGNMENT|[162]|PSetName|{"s":1,"v":{"Id":"0PS36000000mmnSGAQ","Label":"00e1a000000MWaDAAW","Name":"X00e1a000000MWaDAAW","NamespacePrefix":"shiva15testns","UserLicenseId":"10036000000eSq4AAE","CreatedDate":"2016-03-08T19:00:02.000Z"}}|0x51f383b2
16:58:02.0 (8915183)|STATEMENT_EXECUTE|[162]
16:58:02.0 (8934601)|ENTERING_MANAGED_PKG|
16:58:02.0 (8943684)|STATEMENT_EXECUTE|[163]
16:58:02.0 (8953792)|HEAP_ALLOCATE|[162]|Bytes:5
16:58:02.0 (8972722)|HEAP_ALLOCATE|[162]|Bytes:28
16:58:02.0 (8980425)|VARIABLE_SCOPE_BEGIN|[162]|PSetName|PermissionSet|true|false
16:58:02.0 (9002524)|VARIABLE_ASSIGNMENT|[162]|PSetName|{"s":1,"v":{"Id":"0PS36000000mmnTGAQ","Label":"00e1a000000MWaEAAW","Name":"X00e1a000000MWaEAAW","NamespacePrefix":"shiva15testns","UserLicenseId":"10036000000eSq5AAE","CreatedDate":"2016-03-08T19:00:02.000Z"}}|0x16df6223
16:58:02.0 (9007473)|STATEMENT_EXECUTE|[162]
16:58:02.0 (9026751)|ENTERING_MANAGED_PKG|
16:58:02.0 (9036193)|STATEMENT_EXECUTE|[163]
16:58:02.0 (9046270)|HEAP_ALLOCATE|[162]|Bytes:5
16:58:02.0 (9065123)|HEAP_ALLOCATE|[162]|Bytes:28
16:58:02.0 (9072835)|VARIABLE_SCOPE_BEGIN|[162]|PSetName|PermissionSet|true|false
16:58:02.0 (9094684)|VARIABLE_ASSIGNMENT|[162]|PSetName|{"s":1,"v":{"Id":"0PS36000000mmnUGAQ","Label":"00e1a000000MWaFAAW","Name":"X00e1a000000MWaFAAW","NamespacePrefix":"shiva15testns","UserLicenseId":"10036000000eSq6AAE","CreatedDate":"2016-03-08T19:00:02.000Z"}}|0x1cb4795d
16:58:02.0 (9099684)|STATEMENT_EXECUTE|[162]
16:58:02.0 (9118868)|ENTERING_MANAGED_PKG|
16:58:02.0 (9128026)|STATEMENT_EXECUTE|[163]
16:58:02.0 (9138207)|HEAP_ALLOCATE|[162]|Bytes:5
16:58:02.0 (9157205)|HEAP_ALLOCATE|[162]|Bytes:28
16:58:02.0 (9164979)|VARIABLE_SCOPE_BEGIN|[162]|PSetName|PermissionSet|true|false
16:58:02.0 (9187278)|VARIABLE_ASSIGNMENT|[162]|PSetName|{"s":1,"v":{"Id":"0PS36000000mmnVGAQ","Label":"00e1a000000MWaGAAW","Name":"X00e1a000000MWaGAAW","NamespacePrefix":"shiva15testns","UserLicenseId":"10036000000eSq7AAE","CreatedDate":"2016-03-08T19:00:02.000Z"}}|0x35b909d7
16:58:02.0 (9191980)|STATEMENT_EXECUTE|[162]
16:58:02.0 (9211197)|ENTERING_MANAGED_PKG|
16:58:02.0 (9220431)|STATEMENT_EXECUTE|[163]
16:58:02.0 (9230534)|HEAP_ALLOCATE|[162]|Bytes:5
16:58:02.0 (9271770)|HEAP_ALLOCATE|[162]|Bytes:28
16:58:02.0 (9286798)|VARIABLE_SCOPE_BEGIN|[162]|PSetName|PermissionSet|true|false
16:58:02.0 (9321034)|VARIABLE_ASSIGNMENT|[162]|PSetName|{"s":1,"v":{"Id":"0PS36000000mmnWGAQ","Label":"00e1a000000MWaHAAW","Name":"X00e1a000000MWaHAAW","NamespacePrefix":"shiva15testns","UserLicenseId":"10036000000eSq8AAE","CreatedDate":"2016-03-08T19:00:02.000Z"}}|0x789ae2c1
16:58:02.0 (9328529)|STATEMENT_EXECUTE|[162]
16:58:02.0 (9351015)|ENTERING_MANAGED_PKG|
16:58:02.0 (9360781)|STATEMENT_EXECUTE|[163]
16:58:02.0 (9371595)|HEAP_ALLOCATE|[162]|Bytes:5
16:58:02.0 (9391635)|HEAP_ALLOCATE|[162]|Bytes:28
16:58:02.0 (9399578)|VARIABLE_SCOPE_BEGIN|[162]|PSetName|PermissionSet|true|false
16:58:02.0 (9422115)|VARIABLE_ASSIGNMENT|[162]|PSetName|{"s":1,"v":{"Id":"0PS36000000mmnXGAQ","Label":"00e1a000000MWaIAAW","Name":"X00e1a000000MWaIAAW","NamespacePrefix":"shiva15testns","UserLicenseId":"10036000000eSq9AAE","CreatedDate":"2016-03-08T19:00:02.000Z"}}|0x1539598b
16:58:02.0 (9426563)|STATEMENT_EXECUTE|[162]
16:58:02.0 (9446635)|ENTERING_MANAGED_PKG|
16:58:02.0 (9456290)|STATEMENT_EXECUTE|[163]
16:58:02.0 (9466745)|HEAP_ALLOCATE|[162]|Bytes:5
16:58:02.0 (9486014)|HEAP_ALLOCATE|[162]|Bytes:28
16:58:02.0 (9493820)|VARIABLE_SCOPE_BEGIN|[162]|PSetName|PermissionSet|true|false
16:58:02.0 (9516583)|VARIABLE_ASSIGNMENT|[162]|PSetName|{"s":1,"v":{"Id":"0PS36000000mmnYGAQ","Label":"00e1a000000MWaJAAW","Name":"X00e1a000000MWaJAAW","NamespacePrefix":"shiva15testns","UserLicenseId":"10036000000eSqAAAU","CreatedDate":"2016-03-08T19:00:02.000Z"}}|0x2af8b4e0
16:58:02.0 (9521016)|STATEMENT_EXECUTE|[162]
16:58:02.0 (9540141)|ENTERING_MANAGED_PKG|
16:58:02.0 (9549439)|STATEMENT_EXECUTE|[163]
16:58:02.0 (9559397)|HEAP_ALLOCATE|[162]|Bytes:5
16:58:02.0 (9578396)|HEAP_ALLOCATE|[162]|Bytes:28
16:58:02.0 (9586575)|VARIABLE_SCOPE_BEGIN|[162]|PSetName|PermissionSet|true|false
16:58:02.0 (9608366)|VARIABLE_ASSIGNMENT|[162]|PSetName|{"s":1,"v":{"Id":"0PS36000000mmnZGAQ","Label":"00e1a000000MWaKAAW","Name":"X00e1a000000MWaKAAW","NamespacePrefix":"shiva15testns","UserLicenseId":"10036000000eSqBAAU","CreatedDate":"2016-03-08T19:00:02.000Z"}}|0x5772e7d9
16:58:02.0 (9613100)|STATEMENT_EXECUTE|[162]
16:58:02.0 (9632647)|ENTERING_MANAGED_PKG|
16:58:02.0 (9642132)|STATEMENT_EXECUTE|[163]
16:58:02.0 (9652203)|HEAP_ALLOCATE|[162]|Bytes:5
16:58:02.0 (9671209)|HEAP_ALLOCATE|[162]|Bytes:28
16:58:02.0 (9678952)|VARIABLE_SCOPE_BEGIN|[162]|PSetName|PermissionSet|true|false
16:58:02.0 (9701281)|VARIABLE_ASSIGNMENT|[162]|PSetName|{"s":1,"v":{"Id":"0PS36000000mmnaGAA","Label":"00e1a000000MWaLAAW","Name":"X00e1a000000MWaLAAW","NamespacePrefix":"shiva15testns","UserLicenseId":"10036000000eSqCAAU","CreatedDate":"2016-03-08T19:00:02.000Z"}}|0x78519b1c
16:58:02.0 (9705902)|STATEMENT_EXECUTE|[162]
16:58:02.0 (9725124)|ENTERING_MANAGED_PKG|
16:58:02.0 (9734505)|STATEMENT_EXECUTE|[163]
16:58:02.0 (9744934)|HEAP_ALLOCATE|[162]|Bytes:5
16:58:02.0 (9763730)|HEAP_ALLOCATE|[162]|Bytes:28
16:58:02.0 (9771429)|VARIABLE_SCOPE_BEGIN|[162]|PSetName|PermissionSet|true|false
16:58:02.0 (9793405)|VARIABLE_ASSIGNMENT|[162]|PSetName|{"s":1,"v":{"Id":"0PS36000000mmnbGAA","Label":"00e1a000000MWaMAAW","Name":"X00e1a000000MWaMAAW","NamespacePrefix":"shiva15testns","UserLicenseId":"10036000000eSqDAAU","CreatedDate":"2016-03-08T19:00:02.000Z"}}|0x277b609c
16:58:02.0 (9797912)|STATEMENT_EXECUTE|[162]
16:58:02.0 (9817086)|ENTERING_MANAGED_PKG|
16:58:02.0 (9826313)|STATEMENT_EXECUTE|[163]
16:58:02.0 (9836391)|HEAP_ALLOCATE|[162]|Bytes:5
16:58:02.0 (9855576)|HEAP_ALLOCATE|[162]|Bytes:28
16:58:02.0 (9863256)|VARIABLE_SCOPE_BEGIN|[162]|PSetName|PermissionSet|true|false
16:58:02.0 (9884874)|VARIABLE_ASSIGNMENT|[162]|PSetName|{"s":1,"v":{"Id":"0PS36000000mmncGAA","Label":"00e1a000000MWaNAAW","Name":"X00e1a000000MWaNAAW","NamespacePrefix":"shiva15testns","UserLicenseId":"10036000000eSqEAAU","CreatedDate":"2016-03-08T19:00:02.000Z"}}|0x484b9f27
16:58:02.0 (9889436)|STATEMENT_EXECUTE|[162]
16:58:02.0 (9908996)|ENTERING_MANAGED_PKG|
16:58:02.0 (9918542)|STATEMENT_EXECUTE|[163]
16:58:02.0 (9928626)|HEAP_ALLOCATE|[162]|Bytes:5
16:58:02.0 (9948196)|HEAP_ALLOCATE|[162]|Bytes:28
16:58:02.0 (9956249)|VARIABLE_SCOPE_BEGIN|[162]|PSetName|PermissionSet|true|false
16:58:02.0 (9978408)|VARIABLE_ASSIGNMENT|[162]|PSetName|{"s":1,"v":{"Id":"0PS36000000mmndGAA","Label":"00e1a000000MWaOAAW","Name":"X00e1a000000MWaOAAW","NamespacePrefix":"shiva15testns","UserLicenseId":"10036000000eSqFAAU","CreatedDate":"2016-03-08T19:00:02.000Z"}}|0x847e5d8
16:58:02.0 (9982831)|STATEMENT_EXECUTE|[162]
16:58:02.0 (10002346)|ENTERING_MANAGED_PKG|
16:58:02.0 (10012867)|STATEMENT_EXECUTE|[163]
16:58:02.0 (10023194)|HEAP_ALLOCATE|[162]|Bytes:5
16:58:02.0 (10042289)|HEAP_ALLOCATE|[162]|Bytes:28
16:58:02.0 (10050214)|VARIABLE_SCOPE_BEGIN|[162]|PSetName|PermissionSet|true|false
16:58:02.0 (10072147)|VARIABLE_ASSIGNMENT|[162]|PSetName|{"s":1,"v":{"Id":"0PS36000000mmneGAA","Label":"00e1a000000MWaPAAW","Name":"X00e1a000000MWaPAAW","NamespacePrefix":"shiva15testns","UserLicenseId":"10036000000eSqGAAU","CreatedDate":"2016-03-08T19:00:02.000Z"}}|0x7c3a06b7
16:58:02.0 (10076511)|STATEMENT_EXECUTE|[162]
16:58:02.0 (10095849)|ENTERING_MANAGED_PKG|
16:58:02.0 (10105640)|STATEMENT_EXECUTE|[163]
16:58:02.0 (10115623)|HEAP_ALLOCATE|[162]|Bytes:5
16:58:02.0 (10134912)|HEAP_ALLOCATE|[162]|Bytes:28
16:58:02.0 (10145700)|VARIABLE_SCOPE_BEGIN|[162]|PSetName|PermissionSet|true|false
16:58:02.0 (10168230)|VARIABLE_ASSIGNMENT|[162]|PSetName|{"s":1,"v":{"Id":"0PS36000000mmnfGAA","Label":"00e1a000000MWaQAAW","Name":"X00e1a000000MWaQAAW","NamespacePrefix":"shiva15testns","UserLicenseId":"10036000000eSqHAAU","CreatedDate":"2016-03-08T19:00:02.000Z"}}|0x39f62c
16:58:02.0 (10172624)|STATEMENT_EXECUTE|[162]
16:58:02.0 (10192333)|ENTERING_MANAGED_PKG|
16:58:02.0 (10201653)|STATEMENT_EXECUTE|[163]
16:58:02.0 (10211938)|HEAP_ALLOCATE|[162]|Bytes:5
16:58:02.0 (10230976)|HEAP_ALLOCATE|[162]|Bytes:28
16:58:02.0 (10238685)|VARIABLE_SCOPE_BEGIN|[162]|PSetName|PermissionSet|true|false
16:58:02.0 (10264782)|VARIABLE_ASSIGNMENT|[162]|PSetName|{"s":1,"v":{"Id":"0PS36000000mmngGAA","Label":"00e1a000000MWaRAAW","Name":"X00e1a000000MWaRAAW","NamespacePrefix":"shiva15testns","UserLicenseId":"10036000000eSqIAAU","CreatedDate":"2016-03-08T19:00:02.000Z"}}|0x141fe3ab
16:58:02.0 (10269882)|STATEMENT_EXECUTE|[162]
16:58:02.0 (10289952)|ENTERING_MANAGED_PKG|
16:58:02.0 (10299315)|STATEMENT_EXECUTE|[163]
16:58:02.0 (10309636)|HEAP_ALLOCATE|[162]|Bytes:5
16:58:02.0 (10329220)|HEAP_ALLOCATE|[162]|Bytes:28
16:58:02.0 (10340120)|VARIABLE_SCOPE_BEGIN|[162]|PSetName|PermissionSet|true|false
16:58:02.0 (10363003)|VARIABLE_ASSIGNMENT|[162]|PSetName|{"s":1,"v":{"Id":"0PS36000000mmnhGAA","Label":"00e1a000000MWaSAAW","Name":"X00e1a000000MWaSAAW","NamespacePrefix":"shiva15testns","UserLicenseId":"10036000000eSqJAAU","CreatedDate":"2016-03-08T19:00:02.000Z"}}|0x23c1bdd5
16:58:02.0 (10367749)|STATEMENT_EXECUTE|[162]
16:58:02.0 (10389907)|ENTERING_MANAGED_PKG|
16:58:02.0 (10399477)|STATEMENT_EXECUTE|[163]
16:58:02.0 (10410032)|HEAP_ALLOCATE|[162]|Bytes:5
16:58:02.0 (10429260)|HEAP_ALLOCATE|[162]|Bytes:28
16:58:02.0 (10437016)|VARIABLE_SCOPE_BEGIN|[162]|PSetName|PermissionSet|true|false
16:58:02.0 (10459263)|VARIABLE_ASSIGNMENT|[162]|PSetName|{"s":1,"v":{"Id":"0PS36000000mmniGAA","Label":"00e1a000000MWaTAAW","Name":"X00e1a000000MWaTAAW","NamespacePrefix":"shiva15testns","UserLicenseId":"10036000000eSqJAAU","CreatedDate":"2016-03-08T19:00:02.000Z"}}|0xf6208a4
16:58:02.0 (10463966)|STATEMENT_EXECUTE|[162]
16:58:02.0 (10483207)|ENTERING_MANAGED_PKG|
16:58:02.0 (10492384)|STATEMENT_EXECUTE|[163]
16:58:02.0 (10502431)|HEAP_ALLOCATE|[162]|Bytes:5
16:58:02.0 (10521947)|HEAP_ALLOCATE|[162]|Bytes:28
16:58:02.0 (10529682)|VARIABLE_SCOPE_BEGIN|[162]|PSetName|PermissionSet|true|false
16:58:02.0 (10551887)|VARIABLE_ASSIGNMENT|[162]|PSetName|{"s":1,"v":{"Id":"0PS36000000mmnjGAA","Label":"00e1a000000MWaUAAW","Name":"X00e1a000000MWaUAAW","NamespacePrefix":"shiva15testns","UserLicenseId":"10036000000eSqKAAU","CreatedDate":"2016-03-08T19:00:02.000Z"}}|0x402507f2
16:58:02.0 (10555883)|STATEMENT_EXECUTE|[162]
16:58:02.0 (10575212)|ENTERING_MANAGED_PKG|
16:58:02.0 (10584420)|STATEMENT_EXECUTE|[163]
16:58:02.0 (10594274)|HEAP_ALLOCATE|[162]|Bytes:5
16:58:02.0 (10613709)|HEAP_ALLOCATE|[162]|Bytes:28
16:58:02.0 (10621627)|VARIABLE_SCOPE_BEGIN|[162]|PSetName|PermissionSet|true|false
16:58:02.0 (10643655)|VARIABLE_ASSIGNMENT|[162]|PSetName|{"s":1,"v":{"Id":"0PS36000000mmnlGAA","Label":"00e1a000000N1LRAA0","Name":"X00e1a000000N1LRAA0","NamespacePrefix":"shiva15testns","UserLicenseId":"10036000000eSqLAAU","CreatedDate":"2016-03-08T19:00:02.000Z"}}|0x2b4cb6e6
16:58:02.0 (10648076)|STATEMENT_EXECUTE|[162]
16:58:02.0 (10667184)|ENTERING_MANAGED_PKG|
16:58:02.0 (10676560)|STATEMENT_EXECUTE|[163]
16:58:02.0 (10686521)|HEAP_ALLOCATE|[162]|Bytes:5
16:58:02.0 (10705358)|HEAP_ALLOCATE|[162]|Bytes:28
16:58:02.0 (10713090)|VARIABLE_SCOPE_BEGIN|[162]|PSetName|PermissionSet|true|false
16:58:02.0 (10735151)|VARIABLE_ASSIGNMENT|[162]|PSetName|{"s":1,"v":{"Id":"0PS36000000mmnmGAA","Label":"00e1a000000N1LSAA0","Name":"X00e1a000000N1LSAA0","NamespacePrefix":"shiva15testns","UserLicenseId":"10036000000eSqMAAU","CreatedDate":"2016-03-08T19:00:02.000Z"}}|0x54d894f
16:58:02.0 (10740307)|STATEMENT_EXECUTE|[162]
16:58:02.0 (10759601)|ENTERING_MANAGED_PKG|
16:58:02.0 (10769015)|STATEMENT_EXECUTE|[163]
16:58:02.0 (10779418)|HEAP_ALLOCATE|[162]|Bytes:5
16:58:02.0 (10798547)|HEAP_ALLOCATE|[162]|Bytes:28
16:58:02.0 (10806305)|VARIABLE_SCOPE_BEGIN|[162]|PSetName|PermissionSet|true|false
16:58:02.0 (10828482)|VARIABLE_ASSIGNMENT|[162]|PSetName|{"s":1,"v":{"Id":"0PS36000000mmnnGAA","Label":"00e1a000000N1wKAAS","Name":"X00e1a000000N1wKAAS","NamespacePrefix":"shiva15testns","UserLicenseId":"10036000000eSqNAAU","CreatedDate":"2016-03-08T19:00:02.000Z"}}|0x1af5866a
16:58:02.0 (10832755)|STATEMENT_EXECUTE|[162]
16:58:02.0 (10852114)|ENTERING_MANAGED_PKG|
16:58:02.0 (10861287)|STATEMENT_EXECUTE|[163]
16:58:02.0 (10871159)|HEAP_ALLOCATE|[162]|Bytes:5
16:58:02.0 (10890495)|HEAP_ALLOCATE|[162]|Bytes:28
16:58:02.0 (10898204)|VARIABLE_SCOPE_BEGIN|[162]|PSetName|PermissionSet|true|false
16:58:02.0 (10919849)|VARIABLE_ASSIGNMENT|[162]|PSetName|{"s":1,"v":{"Id":"0PS36000000mmnoGAA","Label":"00e1a000000N1wLAAS","Name":"X00e1a000000N1wLAAS","NamespacePrefix":"shiva15testns","UserLicenseId":"10036000000eSqNAAU","CreatedDate":"2016-03-08T19:00:02.000Z"}}|0x72871851
16:58:02.0 (10924515)|STATEMENT_EXECUTE|[162]
16:58:02.0 (10943942)|ENTERING_MANAGED_PKG|
16:58:02.0 (10953138)|STATEMENT_EXECUTE|[163]
16:58:02.0 (10962981)|HEAP_ALLOCATE|[162]|Bytes:5
16:58:02.0 (10982053)|HEAP_ALLOCATE|[162]|Bytes:28
16:58:02.0 (10990098)|VARIABLE_SCOPE_BEGIN|[162]|PSetName|PermissionSet|true|false
16:58:02.0 (11011815)|VARIABLE_ASSIGNMENT|[162]|PSetName|{"s":1,"v":{"Id":"0PS36000000mmnqGAA","Label":"00e1a000000MWaAAAW","Name":"X00e1a000000MWaAAAW","NamespacePrefix":"shiva15testns","UserLicenseId":"10036000000eSq1AAE","CreatedDate":"2016-03-08T19:00:02.000Z"}}|0x3c327b61
16:58:02.0 (11016795)|STATEMENT_EXECUTE|[162]
16:58:02.0 (11036150)|ENTERING_MANAGED_PKG|
16:58:02.0 (11045435)|STATEMENT_EXECUTE|[163]
16:58:02.0 (11055582)|HEAP_ALLOCATE|[162]|Bytes:5
16:58:02.0 (11074585)|HEAP_ALLOCATE|[162]|Bytes:32
16:58:02.0 (11082719)|VARIABLE_SCOPE_BEGIN|[162]|PSetName|PermissionSet|true|false
16:58:02.0 (11106963)|VARIABLE_ASSIGNMENT|[162]|PSetName|{"s":1,"v":{"Id":"0PS36000000q71PGAQ","Label":"PermissionSet_Test","Name":"PermissionSet_Test","Description":"This is for testing  (11 more) ...","NamespacePrefix":"shiva15testns","UserLicenseId":"10036000000eSpyAAE","CreatedDate":"2016-03-20T22:41:12.000Z"}}|0x555c9a59
16:58:02.0 (11112253)|STATEMENT_EXECUTE|[162]
16:58:02.0 (11131697)|ENTERING_MANAGED_PKG|
16:58:02.0 (11141353)|STATEMENT_EXECUTE|[163]
16:58:02.0 (11143314)|STATEMENT_EXECUTE|[164]
16:58:02.0 (11146717)|HEAP_ALLOCATE|[164]|Bytes:52
16:58:02.0 (11153731)|HEAP_ALLOCATE|[164]|Bytes:4
16:58:02.0 (11159923)|HEAP_ALLOCATE|[164]|Bytes:7
16:58:02.0 (12100211)|SOQL_EXECUTE_BEGIN|[164]|Aggregations:0|SELECT Id, Name FROM UserLicense WHERE Id = :tmpVar1
16:58:02.0 (14014525)|SOQL_EXECUTE_END|[164]|Rows:1
16:58:02.0 (14033604)|HEAP_ALLOCATE|[164]|Bytes:8
16:58:02.0 (14044338)|HEAP_ALLOCATE|[164]|Bytes:47
16:58:02.0 (14107533)|HEAP_ALLOCATE|[164]|Bytes:8
16:58:02.0 (14117575)|HEAP_ALLOCATE|[164]|Bytes:37
16:58:02.0 (14179476)|HEAP_ALLOCATE|[164]|Bytes:12
16:58:02.0 (14188509)|VARIABLE_SCOPE_BEGIN|[164]|ulicense|UserLicense|true|false
16:58:02.0 (14206722)|VARIABLE_ASSIGNMENT|[164]|ulicense|{"s":1,"v":{"Id":"10036000000eSpyAAE","Name":"Salesforce"}}|0x7762c250
16:58:02.0 (14210552)|STATEMENT_EXECUTE|[165]
16:58:02.0 (14218656)|HEAP_ALLOCATE|[165]|Bytes:240
16:58:02.0 (14226494)|HEAP_ALLOCATE|[165]|Bytes:39
16:58:02.0 (14233608)|HEAP_ALLOCATE|[165]|Bytes:32
16:58:02.0 (14289639)|ENTERING_MANAGED_PKG|
16:58:02.0 (14319240)|HEAP_ALLOCATE|[165]|Bytes:18
16:58:02.0 (14391116)|ENTERING_MANAGED_PKG|
16:58:02.0 (14419402)|HEAP_ALLOCATE|[165]|Bytes:19
16:58:02.0 (14446682)|CONSTRUCTOR_ENTRY|[165]|01p36000005Jpvx|<init>(String,String,String,String,String,String,String)
16:58:02.0 (14455936)|VARIABLE_SCOPE_BEGIN|[1055]|this|shiva15testns.PermissionSetPortalControllers.PermissionSetClass|true|false
16:58:02.0 (14495775)|VARIABLE_ASSIGNMENT|[1055]|this|{}|0x3bcc3379
16:58:02.0 (14499740)|VARIABLE_SCOPE_BEGIN|[1055]|label|String|false|false
16:58:02.0 (14504900)|VARIABLE_ASSIGNMENT|[1055]|label|"PermissionSet_Test"
16:58:02.0 (14506981)|VARIABLE_SCOPE_BEGIN|[1055]|apiName|String|false|false
16:58:02.0 (14509807)|VARIABLE_ASSIGNMENT|[1055]|apiName|"PermissionSet_Test"
16:58:02.0 (14512081)|VARIABLE_SCOPE_BEGIN|[1055]|id|String|false|false
16:58:02.0 (14515060)|VARIABLE_ASSIGNMENT|[1055]|id|"0PS36000000q71PGAQ"
16:58:02.0 (14517342)|VARIABLE_SCOPE_BEGIN|[1055]|description|String|false|false
16:58:02.0 (14521760)|VARIABLE_ASSIGNMENT|[1055]|description|"This is for testing  (11 more) ..."
16:58:02.0 (14523919)|VARIABLE_SCOPE_BEGIN|[1055]|namespacePrefix|String|false|false
16:58:02.0 (14526818)|VARIABLE_ASSIGNMENT|[1055]|namespacePrefix|"shiva15testns"
16:58:02.0 (14528657)|VARIABLE_SCOPE_BEGIN|[1055]|userLicenseId|String|false|false
16:58:02.0 (14531377)|VARIABLE_ASSIGNMENT|[1055]|userLicenseId|"Salesforce"
16:58:02.0 (14533275)|VARIABLE_SCOPE_BEGIN|[1055]|createdDate|String|false|false
16:58:02.0 (14536131)|VARIABLE_ASSIGNMENT|[1055]|createdDate|"2016-03-20 15:41:12"
16:58:02.0 (14540402)|STATEMENT_EXECUTE|[1038]
16:58:02.0 (14542227)|STATEMENT_EXECUTE|[1041]
16:58:02.0 (14543796)|STATEMENT_EXECUTE|[1043]
16:58:02.0 (14545242)|STATEMENT_EXECUTE|[1045]
16:58:02.0 (14546463)|STATEMENT_EXECUTE|[1047]
16:58:02.0 (14547665)|STATEMENT_EXECUTE|[1049]
16:58:02.0 (14548980)|STATEMENT_EXECUTE|[1051]
16:58:02.0 (14550125)|STATEMENT_EXECUTE|[1053]
16:58:02.0 (14558406)|HEAP_ALLOCATE|[1057]|Bytes:6
16:58:02.0 (14588123)|STATEMENT_EXECUTE|[1056]
16:58:02.0 (14590136)|STATEMENT_EXECUTE|[1057]
16:58:02.0 (14639143)|VARIABLE_ASSIGNMENT|[EXTERNAL]|this|{}|0x3bcc3379
16:58:02.0 (14646341)|VARIABLE_ASSIGNMENT|[EXTERNAL]|value|"PermissionSet_Test"
16:58:02.0 (14658538)|VARIABLE_ASSIGNMENT|[1041]|this.label|"PermissionSet_Test"|0x3bcc3379
16:58:02.0 (14665946)|STATEMENT_EXECUTE|[1058]
16:58:02.0 (14701346)|VARIABLE_ASSIGNMENT|[EXTERNAL]|this|{"label":"PermissionSet_Test"}|0x3bcc3379
16:58:02.0 (14706786)|VARIABLE_ASSIGNMENT|[EXTERNAL]|value|"PermissionSet_Test"
16:58:02.0 (14713854)|VARIABLE_ASSIGNMENT|[1043]|this.apiName|"PermissionSet_Test"|0x3bcc3379
16:58:02.0 (14720251)|STATEMENT_EXECUTE|[1059]
16:58:02.0 (14753688)|VARIABLE_ASSIGNMENT|[EXTERNAL]|this|{"apiName":"PermissionSet_Test","label":"PermissionSet_Test"}|0x3bcc3379
16:58:02.0 (14759610)|VARIABLE_ASSIGNMENT|[EXTERNAL]|value|"0PS36000000q71PGAQ"
16:58:02.0 (14766413)|VARIABLE_ASSIGNMENT|[1045]|this.id|"0PS36000000q71PGAQ"|0x3bcc3379
16:58:02.0 (14775882)|STATEMENT_EXECUTE|[1060]
16:58:02.0 (14811140)|VARIABLE_ASSIGNMENT|[EXTERNAL]|this|{"apiName":"PermissionSet_Test","id":"0PS36000000q71PGAQ","label":"PermissionSet_Test"}|0x3bcc3379
16:58:02.0 (14818465)|VARIABLE_ASSIGNMENT|[EXTERNAL]|value|"This is for testing  (11 more) ..."
16:58:02.0 (14826689)|VARIABLE_ASSIGNMENT|[1047]|this.description|"This is for testing  (11 more) ..."|0x3bcc3379
16:58:02.0 (14833242)|STATEMENT_EXECUTE|[1061]
16:58:02.0 (14868548)|VARIABLE_ASSIGNMENT|[EXTERNAL]|this|{"apiName":"PermissionSet_Test","description":"This is for testing  (11 more) ...","id":"0PS36000000q71PGAQ","label":"PermissionSet_Test"}|0x3bcc3379
16:58:02.0 (14874451)|VARIABLE_ASSIGNMENT|[EXTERNAL]|value|"shiva15testns"
16:58:02.0 (14881836)|VARIABLE_ASSIGNMENT|[1049]|this.namespacePrefix|"shiva15testns"|0x3bcc3379
16:58:02.0 (14888418)|STATEMENT_EXECUTE|[1062]
16:58:02.0 (14923492)|VARIABLE_ASSIGNMENT|[EXTERNAL]|this|{"apiName":"PermissionSet_Test","description":"This is for testing  (11 more) ...","id":"0PS36000000q71PGAQ","label":"PermissionSet_Test","namespacePrefix":"shiva15testns"}|0x3bcc3379
16:58:02.0 (14929466)|VARIABLE_ASSIGNMENT|[EXTERNAL]|value|"Salesforce"
16:58:02.0 (14936700)|VARIABLE_ASSIGNMENT|[1051]|this.userLicenseId|"Salesforce"|0x3bcc3379
16:58:02.0 (14943055)|STATEMENT_EXECUTE|[1063]
16:58:02.0 (14979064)|VARIABLE_ASSIGNMENT|[EXTERNAL]|this|{"apiName":"PermissionSet_Test","description":"This is for testing  (11 more) ...","id":"0PS36000000q71PGAQ","label":"PermissionSet_Test","namespacePrefix":"shiva15testns","userLicenseId":"Salesforce"}|0x3bcc3379
16:58:02.0 (14985640)|VARIABLE_ASSIGNMENT|[EXTERNAL]|value|"2016-03-20 15:41:12"
16:58:02.0 (14992864)|VARIABLE_ASSIGNMENT|[1053]|this.createdDate|"2016-03-20 15:41:12"|0x3bcc3379
16:58:02.0 (15006188)|CONSTRUCTOR_EXIT|[165]|01p36000005Jpvx|<init>(String,String,String,String,String,String,String)
16:58:02.0 (15031287)|VARIABLE_ASSIGNMENT|[165]|pSetObj|{"apiName":"PermissionSet_Test","createdDate":"2016-03-20 15:41:12","description":"This is for testing  (11 more) ...","id":"0PS36000000q71PGAQ","label":"PermissionSet_Test","namespacePrefix":"shiva15testns","userLicenseId":"Salesforce"}|0x3bcc3379
16:58:02.0 (15035709)|STATEMENT_EXECUTE|[167]
16:58:02.0 (15051293)|ENTERING_MANAGED_PKG|
16:58:02.0 (15077769)|HEAP_ALLOCATE|[EXTERNAL]|Bytes:4
16:58:02.0 (15086276)|STATEMENT_EXECUTE|[168]
16:58:02.0 (15241278)|HEAP_ALLOCATE|[168]|Bytes:24
16:58:02.0 (15268197)|ENTERING_MANAGED_PKG|
16:58:02.0 (15341421)|HEAP_ALLOCATE|[168]|Bytes:231
16:58:02.0 (15364544)|HEAP_ALLOCATE|[168]|Bytes:255
16:58:02.0 (15393279)|ENTERING_MANAGED_PKG|
16:58:02.0 (15407118)|USER_DEBUG|[168]|ERROR|The PermissionSet Name: PermissionSet:{Id=0PS36000000q71PGAQ, Label=PermissionSet_Test, Name=PermissionSet_Test, Description=This is for testing Description, NamespacePrefix=shiva15testns, UserLicenseId=10036000000eSpyAAE, CreatedDate=2016-03-20 22:41:12}
16:58:02.0 (15425539)|HEAP_ALLOCATE|[162]|Bytes:5
16:58:02.0 (15439566)|VARIABLE_ASSIGNMENT|[162]|PSetName|null|
16:58:02.0 (15443196)|STATEMENT_EXECUTE|[171]
16:58:02.0 (15456225)|SYSTEM_MODE_EXIT|false
16:58:02.15 (15502058)|CUMULATIVE_LIMIT_USAGE
16:58:02.15 (15502058)|LIMIT_USAGE_FOR_NS|(default)|
  Number of SOQL queries: 0 out of 100
  Number of query rows: 0 out of 50000
  Number of SOSL queries: 0 out of 20
  Number of DML statements: 0 out of 150
  Number of DML rows: 0 out of 10000
  Maximum CPU time: 0 out of 10000
  Maximum heap size: 0 out of 6000000
  Number of callouts: 0 out of 100
  Number of Email Invocations: 0 out of 10
  Number of future calls: 0 out of 50
  Number of queueable jobs added to the queue: 0 out of 50
  Number of Mobile Apex push calls: 0 out of 10

16:58:02.15 (15502058)|LIMIT_USAGE_FOR_NS|shiva15testns|
  Number of SOQL queries: 2 out of 100
  Number of query rows: 38 out of 50000
  Number of SOSL queries: 0 out of 20
  Number of DML statements: 0 out of 150
  Number of DML rows: 0 out of 10000
  Maximum CPU time: 0 out of 10000
  Maximum heap size: 0 out of 6000000
  Number of callouts: 0 out of 100
  Number of Email Invocations: 0 out of 10
  Number of future calls: 0 out of 50
  Number of queueable jobs added to the queue: 0 out of 50
  Number of Mobile Apex push calls: 0 out of 10

16:58:02.15 (15502058)|CUMULATIVE_LIMIT_USAGE_END

16:58:02.0 (15555168)|CODE_UNIT_FINISHED|PermissionSetPortalControllers.getAllPermissionSets
16:58:02.0 (17388297)|EXECUTION_FINISHED
16:58:02.19 (19517038)|EXECUTION_STARTED
16:58:02.19 (19527116)|CODE_UNIT_STARTED|[EXTERNAL]|Aura
16:58:02.19 (19569692)|CODE_UNIT_FINISHED|Aura
16:58:02.19 (20728047)|EXECUTION_FINISHED
