36.0 APEX_CODE,FINEST;APEX_PROFILING,INFO;CALLOUT,INFO;DB,INFO;SYSTEM,DEBUG;VALIDATION,INFO;VISUALFORCE,INFO;WORKFLOW,INFO
17:05:23.0 (484056)|EXECUTION_STARTED
17:05:23.0 (514397)|CODE_UNIT_STARTED|[EXTERNAL]|01p36000005Jpvx|PermissionSetPortalControllers.getAllPermissionSets
17:05:23.0 (1111860)|VARIABLE_SCOPE_BEGIN|[3]|PermissionSetPortalControllers.AllPermissionSets|List<PermissionSet>|true|true
17:05:23.0 (1333804)|VARIABLE_SCOPE_BEGIN|[10]|PermissionSetPortalControllers.accountField|Set<String>|true|true
17:05:23.0 (1338264)|VARIABLE_SCOPE_BEGIN|[5]|PermissionSetPortalControllers.allObjectsOfOrg|List<shiva15testns.PermissionSetPortalControllers.ObjectDetailsClass>|true|true
17:05:23.0 (1342009)|VARIABLE_SCOPE_BEGIN|[9]|PermissionSetPortalControllers.contactsField|Set<String>|true|true
17:05:23.0 (1344658)|VARIABLE_SCOPE_BEGIN|[7]|PermissionSetPortalControllers.isNotSystemSObjectList|Set<String>|true|true
17:05:23.0 (1630656)|HEAP_ALLOCATE|[72]|Bytes:3
17:05:23.0 (1719578)|HEAP_ALLOCATE|[77]|Bytes:152
17:05:23.0 (1739455)|HEAP_ALLOCATE|[342]|Bytes:408
17:05:23.0 (1758627)|HEAP_ALLOCATE|[355]|Bytes:408
17:05:23.0 (1776465)|HEAP_ALLOCATE|[467]|Bytes:48
17:05:23.0 (1842957)|HEAP_ALLOCATE|[139]|Bytes:6
17:05:23.0 (1868185)|HEAP_ALLOCATE|[EXTERNAL]|Bytes:168
17:05:23.0 (1893427)|HEAP_ALLOCATE|[EXTERNAL]|Bytes:89
17:05:23.0 (1897422)|HEAP_ALLOCATE|[EXTERNAL]|Bytes:344
17:05:23.0 (2071593)|METHOD_ENTRY|[1]|01p36000005Jpvx|PermissionSetPortalControllers.PermissionSetPortalControllers()
17:05:23.0 (2078895)|STATEMENT_EXECUTE|[1]
17:05:23.0 (2099744)|STATEMENT_EXECUTE|[1]
17:05:23.0 (2138304)|HEAP_ALLOCATE|[50]|Bytes:5
17:05:23.0 (2168067)|HEAP_ALLOCATE|[56]|Bytes:5
17:05:23.0 (2177811)|HEAP_ALLOCATE|[64]|Bytes:7
17:05:23.0 (2206510)|SYSTEM_MODE_ENTER|false
17:05:23.0 (2229072)|HEAP_ALLOCATE|[9]|Bytes:5
17:05:23.0 (2233907)|STATEMENT_EXECUTE|[9]
17:05:23.0 (2242723)|HEAP_ALLOCATE|[9]|Bytes:4
17:05:23.0 (2330591)|ENTERING_MANAGED_PKG|
17:05:23.0 (2470311)|VARIABLE_ASSIGNMENT|[9]|PermissionSetPortalControllers.contactsField|{"s":1,"v":[]}|0xca7adb8
17:05:23.0 (2475895)|STATEMENT_EXECUTE|[10]
17:05:23.0 (2481683)|HEAP_ALLOCATE|[10]|Bytes:4
17:05:23.0 (2496067)|ENTERING_MANAGED_PKG|
17:05:23.0 (2531054)|VARIABLE_ASSIGNMENT|[10]|PermissionSetPortalControllers.accountField|{"s":1,"v":[]}|0x7da41b6c
17:05:23.0 (2535302)|STATEMENT_EXECUTE|[1038]
17:05:23.0 (2537059)|STATEMENT_EXECUTE|[1067]
17:05:23.0 (2538229)|STATEMENT_EXECUTE|[1095]
17:05:23.0 (2539661)|STATEMENT_EXECUTE|[1124]
17:05:23.0 (2540792)|STATEMENT_EXECUTE|[1140]
17:05:23.0 (2542069)|STATEMENT_EXECUTE|[1157]
17:05:23.0 (2543203)|STATEMENT_EXECUTE|[1168]
17:05:23.0 (2544251)|STATEMENT_EXECUTE|[1173]
17:05:23.0 (2551441)|SYSTEM_MODE_EXIT|false
17:05:23.0 (2585846)|METHOD_EXIT|[1]|PermissionSetPortalControllers
17:05:23.0 (2597484)|SYSTEM_MODE_ENTER|false
17:05:23.0 (2616520)|HEAP_ALLOCATE|[157]|Bytes:5
17:05:23.0 (2621212)|STATEMENT_EXECUTE|[156]
17:05:23.0 (2622567)|STATEMENT_EXECUTE|[157]
17:05:23.0 (2623542)|STATEMENT_EXECUTE|[157]
17:05:23.0 (2624612)|STATEMENT_EXECUTE|[158]
17:05:23.0 (2627968)|HEAP_ALLOCATE|[158]|Bytes:99
17:05:23.0 (2640247)|HEAP_ALLOCATE|[158]|Bytes:4
17:05:23.0 (3788037)|SOQL_EXECUTE_BEGIN|[158]|Aggregations:0|SELECT Id, label, Name, Description, NamespacePrefix, UserLicenseId, CreatedDate FROM PermissionSet
17:05:23.0 (7494958)|SOQL_EXECUTE_END|[158]|Rows:37
17:05:23.0 (7511903)|HEAP_ALLOCATE|[158]|Bytes:152
17:05:23.0 (7600656)|HEAP_ALLOCATE|[158]|Bytes:6516
17:05:23.0 (7634250)|HEAP_ALLOCATE|[158]|Bytes:152
17:05:23.0 (7663097)|VARIABLE_ASSIGNMENT|[158]|PermissionSetPortalControllers.AllPermissionSets|{"s":1,"v":"List of size 37 too large to display"}|0x22521465
17:05:23.0 (7783473)|ENTERING_MANAGED_PKG|
17:05:23.0 (7844211)|STATEMENT_EXECUTE|[159]
17:05:23.0 (7847282)|STATEMENT_EXECUTE|[160]
17:05:23.0 (7989732)|VARIABLE_SCOPE_BEGIN|[160]|pSetObj|shiva15testns.PermissionSetPortalControllers.PermissionSetClass|true|false
17:05:23.0 (8002281)|VARIABLE_ASSIGNMENT|[160]|pSetObj|null|
17:05:23.0 (8005779)|STATEMENT_EXECUTE|[161]
17:05:23.0 (8012992)|HEAP_ALLOCATE|[161]|Bytes:4
17:05:23.0 (8059329)|ENTERING_MANAGED_PKG|
17:05:23.0 (8078203)|VARIABLE_SCOPE_BEGIN|[161]|permissionSetsLst|List<shiva15testns.PermissionSetPortalControllers.PermissionSetClass>|true|false
17:05:23.0 (8103033)|HEAP_ALLOCATE|[EXTERNAL]|Bytes:4
17:05:23.0 (8115876)|VARIABLE_ASSIGNMENT|[161]|permissionSetsLst|{"s":1,"v":[]}|0x7605a8fe
17:05:23.0 (8133678)|ENTERING_MANAGED_PKG|
17:05:23.0 (8346405)|HEAP_ALLOCATE|[162]|Bytes:5
17:05:23.0 (8426564)|HEAP_ALLOCATE|[162]|Bytes:28
17:05:23.0 (8446096)|VARIABLE_SCOPE_BEGIN|[162]|PSetName|PermissionSet|true|false
17:05:23.0 (8514044)|VARIABLE_ASSIGNMENT|[162]|PSetName|{"s":1,"v":{"Id":"0PS36000000mmnFGAQ","Label":"00e1a000000MWa8AAG","Name":"X00e1a000000MWa8AAG","NamespacePrefix":"shiva15testns","UserLicenseId":"10036000000eSpzAAE","CreatedDate":"2016-03-08T19:00:02.000Z"}}|0x2942ce0b
17:05:23.0 (8523650)|STATEMENT_EXECUTE|[162]
17:05:23.0 (8560807)|HEAP_ALLOCATE|[163]|Bytes:3
17:05:23.0 (8613250)|ENTERING_MANAGED_PKG|
17:05:23.0 (8668514)|STATEMENT_EXECUTE|[163]
17:05:23.0 (8691423)|HEAP_ALLOCATE|[162]|Bytes:5
17:05:23.0 (8730974)|HEAP_ALLOCATE|[162]|Bytes:28
17:05:23.0 (8744601)|VARIABLE_SCOPE_BEGIN|[162]|PSetName|PermissionSet|true|false
17:05:23.0 (8778450)|VARIABLE_ASSIGNMENT|[162]|PSetName|{"s":1,"v":{"Id":"0PS36000000mmnGGAQ","Label":"00ex00000018ozl_128_ (10 more) ...","Name":"X00ex00000018ozl_128 (11 more) ...","NamespacePrefix":"shiva15testns","UserLicenseId":"10036000000eSpyAAE","CreatedDate":"2016-03-08T19:00:02.000Z"}}|0x655e862e
17:05:23.0 (8786450)|STATEMENT_EXECUTE|[162]
17:05:23.0 (8820823)|ENTERING_MANAGED_PKG|
17:05:23.0 (8842757)|STATEMENT_EXECUTE|[163]
17:05:23.0 (8864308)|HEAP_ALLOCATE|[162]|Bytes:5
17:05:23.0 (8894516)|HEAP_ALLOCATE|[162]|Bytes:28
17:05:23.0 (8903901)|VARIABLE_SCOPE_BEGIN|[162]|PSetName|PermissionSet|true|false
17:05:23.0 (8929298)|VARIABLE_ASSIGNMENT|[162]|PSetName|{"s":1,"v":{"Id":"0PS36000000mmnHGAQ","Label":"00ex00000018ozm_128_ (10 more) ...","Name":"X00ex00000018ozm_128 (11 more) ...","NamespacePrefix":"shiva15testns","UserLicenseId":"10036000000eSpyAAE","CreatedDate":"2016-03-08T19:00:02.000Z"}}|0x2e9ee9a7
17:05:23.0 (8934071)|STATEMENT_EXECUTE|[162]
17:05:23.0 (8957340)|ENTERING_MANAGED_PKG|
17:05:23.0 (8967757)|STATEMENT_EXECUTE|[163]
17:05:23.0 (8979539)|HEAP_ALLOCATE|[162]|Bytes:5
17:05:23.0 (9000390)|HEAP_ALLOCATE|[162]|Bytes:28
17:05:23.0 (9009685)|VARIABLE_SCOPE_BEGIN|[162]|PSetName|PermissionSet|true|false
17:05:23.0 (9032501)|VARIABLE_ASSIGNMENT|[162]|PSetName|{"s":1,"v":{"Id":"0PS36000000mmnIGAQ","Label":"00ex00000018ozk_128_ (10 more) ...","Name":"X00ex00000018ozk_128 (11 more) ...","NamespacePrefix":"shiva15testns","UserLicenseId":"10036000000eSpyAAE","CreatedDate":"2016-03-08T19:00:02.000Z"}}|0x7a28fb6f
17:05:23.0 (9037318)|STATEMENT_EXECUTE|[162]
17:05:23.0 (9058298)|ENTERING_MANAGED_PKG|
17:05:23.0 (9068401)|STATEMENT_EXECUTE|[163]
17:05:23.0 (9079449)|HEAP_ALLOCATE|[162]|Bytes:5
17:05:23.0 (9099904)|HEAP_ALLOCATE|[162]|Bytes:28
17:05:23.0 (9108060)|VARIABLE_SCOPE_BEGIN|[162]|PSetName|PermissionSet|true|false
17:05:23.0 (9130032)|VARIABLE_ASSIGNMENT|[162]|PSetName|{"s":1,"v":{"Id":"0PS36000000mmnJGAQ","Label":"00ex00000018ozj_128_ (10 more) ...","Name":"X00ex00000018ozj_128 (11 more) ...","NamespacePrefix":"shiva15testns","UserLicenseId":"10036000000eSpyAAE","CreatedDate":"2016-03-08T19:00:02.000Z"}}|0x45a550b7
17:05:23.0 (9134333)|STATEMENT_EXECUTE|[162]
17:05:23.0 (9154954)|ENTERING_MANAGED_PKG|
17:05:23.0 (9164921)|STATEMENT_EXECUTE|[163]
17:05:23.0 (9175990)|HEAP_ALLOCATE|[162]|Bytes:5
17:05:23.0 (9201522)|HEAP_ALLOCATE|[162]|Bytes:28
17:05:23.0 (9210437)|VARIABLE_SCOPE_BEGIN|[162]|PSetName|PermissionSet|true|false
17:05:23.0 (9233065)|VARIABLE_ASSIGNMENT|[162]|PSetName|{"s":1,"v":{"Id":"0PS36000000mmnKGAQ","Label":"00ex00000018ozo_128_ (10 more) ...","Name":"X00ex00000018ozo_128 (11 more) ...","NamespacePrefix":"shiva15testns","UserLicenseId":"10036000000eSpyAAE","CreatedDate":"2016-03-08T19:00:02.000Z"}}|0x545bd1db
17:05:23.0 (9237880)|STATEMENT_EXECUTE|[162]
17:05:23.0 (9258764)|ENTERING_MANAGED_PKG|
17:05:23.0 (9268793)|STATEMENT_EXECUTE|[163]
17:05:23.0 (9279832)|HEAP_ALLOCATE|[162]|Bytes:5
17:05:23.0 (9299952)|HEAP_ALLOCATE|[162]|Bytes:28
17:05:23.0 (9307950)|VARIABLE_SCOPE_BEGIN|[162]|PSetName|PermissionSet|true|false
17:05:23.0 (9329603)|VARIABLE_ASSIGNMENT|[162]|PSetName|{"s":1,"v":{"Id":"0PS36000000mmnLGAQ","Label":"00ex00000018ozh_128_ (10 more) ...","Name":"X00ex00000018ozh_128 (11 more) ...","NamespacePrefix":"shiva15testns","UserLicenseId":"10036000000eSpyAAE","CreatedDate":"2016-03-08T19:00:02.000Z"}}|0xdd1d926
17:05:23.0 (9334073)|STATEMENT_EXECUTE|[162]
17:05:23.0 (9354426)|ENTERING_MANAGED_PKG|
17:05:23.0 (9364379)|STATEMENT_EXECUTE|[163]
17:05:23.0 (9375556)|HEAP_ALLOCATE|[162]|Bytes:5
17:05:23.0 (9395587)|HEAP_ALLOCATE|[162]|Bytes:28
17:05:23.0 (9403452)|VARIABLE_SCOPE_BEGIN|[162]|PSetName|PermissionSet|true|false
17:05:23.0 (9425169)|VARIABLE_ASSIGNMENT|[162]|PSetName|{"s":1,"v":{"Id":"0PS36000000mmnMGAQ","Label":"00ex00000018ozq_128_ (11 more) ...","Name":"X00ex00000018ozq_128 (12 more) ...","NamespacePrefix":"shiva15testns","UserLicenseId":"10036000000eSpyAAE","CreatedDate":"2016-03-08T19:00:02.000Z"}}|0x301fa870
17:05:23.0 (9429428)|STATEMENT_EXECUTE|[162]
17:05:23.0 (9449778)|ENTERING_MANAGED_PKG|
17:05:23.0 (9459804)|STATEMENT_EXECUTE|[163]
17:05:23.0 (9470539)|HEAP_ALLOCATE|[162]|Bytes:5
17:05:23.0 (9490952)|HEAP_ALLOCATE|[162]|Bytes:28
17:05:23.0 (9498790)|VARIABLE_SCOPE_BEGIN|[162]|PSetName|PermissionSet|true|false
17:05:23.0 (9520700)|VARIABLE_ASSIGNMENT|[162]|PSetName|{"s":1,"v":{"Id":"0PS36000000mmnNGAQ","Label":"00ex00000018ozp_128_ (10 more) ...","Name":"X00ex00000018ozp_128 (11 more) ...","NamespacePrefix":"shiva15testns","UserLicenseId":"10036000000eSpyAAE","CreatedDate":"2016-03-08T19:00:02.000Z"}}|0x5fd0662c
17:05:23.0 (9525594)|STATEMENT_EXECUTE|[162]
17:05:23.0 (9546044)|ENTERING_MANAGED_PKG|
17:05:23.0 (9555952)|STATEMENT_EXECUTE|[163]
17:05:23.0 (9566693)|HEAP_ALLOCATE|[162]|Bytes:5
17:05:23.0 (9586603)|HEAP_ALLOCATE|[162]|Bytes:28
17:05:23.0 (9594370)|VARIABLE_SCOPE_BEGIN|[162]|PSetName|PermissionSet|true|false
17:05:23.0 (9615851)|VARIABLE_ASSIGNMENT|[162]|PSetName|{"s":1,"v":{"Id":"0PS36000000mmnOGAQ","Label":"00ex00000018ozn_128_ (10 more) ...","Name":"X00ex00000018ozn_128 (11 more) ...","NamespacePrefix":"shiva15testns","UserLicenseId":"10036000000eSpyAAE","CreatedDate":"2016-03-08T19:00:02.000Z"}}|0x558fa104
17:05:23.0 (9620314)|STATEMENT_EXECUTE|[162]
17:05:23.0 (9640754)|ENTERING_MANAGED_PKG|
17:05:23.0 (9650664)|STATEMENT_EXECUTE|[163]
17:05:23.0 (9661644)|HEAP_ALLOCATE|[162]|Bytes:5
17:05:23.0 (9703837)|HEAP_ALLOCATE|[162]|Bytes:28
17:05:23.0 (9714347)|VARIABLE_SCOPE_BEGIN|[162]|PSetName|PermissionSet|true|false
17:05:23.0 (9753442)|VARIABLE_ASSIGNMENT|[162]|PSetName|{"s":1,"v":{"Id":"0PS36000000mmnPGAQ","Label":"00e1a000000MWa9AAG","Name":"X00e1a000000MWa9AAG","NamespacePrefix":"shiva15testns","UserLicenseId":"10036000000eSq0AAE","CreatedDate":"2016-03-08T19:00:02.000Z"}}|0x56145a7a
17:05:23.0 (9759402)|STATEMENT_EXECUTE|[162]
17:05:23.0 (9794064)|ENTERING_MANAGED_PKG|
17:05:23.0 (9813414)|STATEMENT_EXECUTE|[163]
17:05:23.0 (9829139)|HEAP_ALLOCATE|[162]|Bytes:5
17:05:23.0 (9851667)|HEAP_ALLOCATE|[162]|Bytes:28
17:05:23.0 (9860203)|VARIABLE_SCOPE_BEGIN|[162]|PSetName|PermissionSet|true|false
17:05:23.0 (9881930)|VARIABLE_ASSIGNMENT|[162]|PSetName|{"s":1,"v":{"Id":"0PS36000000mmnQGAQ","Label":"00e1a000000MWaBAAW","Name":"X00e1a000000MWaBAAW","NamespacePrefix":"shiva15testns","UserLicenseId":"10036000000eSq2AAE","CreatedDate":"2016-03-08T19:00:02.000Z"}}|0x1b8534e0
17:05:23.0 (9904602)|STATEMENT_EXECUTE|[162]
17:05:23.0 (9931051)|ENTERING_MANAGED_PKG|
17:05:23.0 (9941784)|STATEMENT_EXECUTE|[163]
17:05:23.0 (9957524)|HEAP_ALLOCATE|[162]|Bytes:5
17:05:23.0 (9990945)|HEAP_ALLOCATE|[162]|Bytes:28
17:05:23.0 (10000953)|VARIABLE_SCOPE_BEGIN|[162]|PSetName|PermissionSet|true|false
17:05:23.0 (10023839)|VARIABLE_ASSIGNMENT|[162]|PSetName|{"s":1,"v":{"Id":"0PS36000000mmnRGAQ","Label":"00e1a000000MWaCAAW","Name":"X00e1a000000MWaCAAW","NamespacePrefix":"shiva15testns","UserLicenseId":"10036000000eSq3AAE","CreatedDate":"2016-03-08T19:00:02.000Z"}}|0x4738d0ba
17:05:23.0 (10028330)|STATEMENT_EXECUTE|[162]
17:05:23.0 (10050139)|ENTERING_MANAGED_PKG|
17:05:23.0 (10060419)|STATEMENT_EXECUTE|[163]
17:05:23.0 (10071572)|HEAP_ALLOCATE|[162]|Bytes:5
17:05:23.0 (10098189)|HEAP_ALLOCATE|[162]|Bytes:28
17:05:23.0 (10112470)|VARIABLE_SCOPE_BEGIN|[162]|PSetName|PermissionSet|true|false
17:05:23.0 (10135378)|VARIABLE_ASSIGNMENT|[162]|PSetName|{"s":1,"v":{"Id":"0PS36000000mmnSGAQ","Label":"00e1a000000MWaDAAW","Name":"X00e1a000000MWaDAAW","NamespacePrefix":"shiva15testns","UserLicenseId":"10036000000eSq4AAE","CreatedDate":"2016-03-08T19:00:02.000Z"}}|0x6f97ded8
17:05:23.0 (10139921)|STATEMENT_EXECUTE|[162]
17:05:23.0 (10161908)|ENTERING_MANAGED_PKG|
17:05:23.0 (10171969)|STATEMENT_EXECUTE|[163]
17:05:23.0 (10187172)|HEAP_ALLOCATE|[162]|Bytes:5
17:05:23.0 (10209013)|HEAP_ALLOCATE|[162]|Bytes:28
17:05:23.0 (10217222)|VARIABLE_SCOPE_BEGIN|[162]|PSetName|PermissionSet|true|false
17:05:23.0 (10238280)|VARIABLE_ASSIGNMENT|[162]|PSetName|{"s":1,"v":{"Id":"0PS36000000mmnTGAQ","Label":"00e1a000000MWaEAAW","Name":"X00e1a000000MWaEAAW","NamespacePrefix":"shiva15testns","UserLicenseId":"10036000000eSq5AAE","CreatedDate":"2016-03-08T19:00:02.000Z"}}|0x1b249eda
17:05:23.0 (10242721)|STATEMENT_EXECUTE|[162]
17:05:23.0 (10263452)|ENTERING_MANAGED_PKG|
17:05:23.0 (10273276)|STATEMENT_EXECUTE|[163]
17:05:23.0 (10284056)|HEAP_ALLOCATE|[162]|Bytes:5
17:05:23.0 (10304060)|HEAP_ALLOCATE|[162]|Bytes:28
17:05:23.0 (10311905)|VARIABLE_SCOPE_BEGIN|[162]|PSetName|PermissionSet|true|false
17:05:23.0 (10332246)|VARIABLE_ASSIGNMENT|[162]|PSetName|{"s":1,"v":{"Id":"0PS36000000mmnUGAQ","Label":"00e1a000000MWaFAAW","Name":"X00e1a000000MWaFAAW","NamespacePrefix":"shiva15testns","UserLicenseId":"10036000000eSq6AAE","CreatedDate":"2016-03-08T19:00:02.000Z"}}|0x29348b6a
17:05:23.0 (10336626)|STATEMENT_EXECUTE|[162]
17:05:23.0 (10356962)|ENTERING_MANAGED_PKG|
17:05:23.0 (10366799)|STATEMENT_EXECUTE|[163]
17:05:23.0 (10377513)|HEAP_ALLOCATE|[162]|Bytes:5
17:05:23.0 (10397457)|HEAP_ALLOCATE|[162]|Bytes:28
17:05:23.0 (10405316)|VARIABLE_SCOPE_BEGIN|[162]|PSetName|PermissionSet|true|false
17:05:23.0 (10445708)|VARIABLE_ASSIGNMENT|[162]|PSetName|{"s":1,"v":{"Id":"0PS36000000mmnVGAQ","Label":"00e1a000000MWaGAAW","Name":"X00e1a000000MWaGAAW","NamespacePrefix":"shiva15testns","UserLicenseId":"10036000000eSq7AAE","CreatedDate":"2016-03-08T19:00:02.000Z"}}|0x280833f6
17:05:23.0 (10450996)|STATEMENT_EXECUTE|[162]
17:05:23.0 (10473519)|ENTERING_MANAGED_PKG|
17:05:23.0 (10487330)|STATEMENT_EXECUTE|[163]
17:05:23.0 (10505166)|HEAP_ALLOCATE|[162]|Bytes:5
17:05:23.0 (10529173)|HEAP_ALLOCATE|[162]|Bytes:28
17:05:23.0 (10540706)|VARIABLE_SCOPE_BEGIN|[162]|PSetName|PermissionSet|true|false
17:05:23.0 (10562587)|VARIABLE_ASSIGNMENT|[162]|PSetName|{"s":1,"v":{"Id":"0PS36000000mmnWGAQ","Label":"00e1a000000MWaHAAW","Name":"X00e1a000000MWaHAAW","NamespacePrefix":"shiva15testns","UserLicenseId":"10036000000eSq8AAE","CreatedDate":"2016-03-08T19:00:02.000Z"}}|0x79b85931
17:05:23.0 (10566690)|STATEMENT_EXECUTE|[162]
17:05:23.0 (10588154)|ENTERING_MANAGED_PKG|
17:05:23.0 (10598311)|STATEMENT_EXECUTE|[163]
17:05:23.0 (10609076)|HEAP_ALLOCATE|[162]|Bytes:5
17:05:23.0 (10629193)|HEAP_ALLOCATE|[162]|Bytes:28
17:05:23.0 (10637088)|VARIABLE_SCOPE_BEGIN|[162]|PSetName|PermissionSet|true|false
17:05:23.0 (10657609)|VARIABLE_ASSIGNMENT|[162]|PSetName|{"s":1,"v":{"Id":"0PS36000000mmnXGAQ","Label":"00e1a000000MWaIAAW","Name":"X00e1a000000MWaIAAW","NamespacePrefix":"shiva15testns","UserLicenseId":"10036000000eSq9AAE","CreatedDate":"2016-03-08T19:00:02.000Z"}}|0x4655ca92
17:05:23.0 (10661473)|STATEMENT_EXECUTE|[162]
17:05:23.0 (10682125)|ENTERING_MANAGED_PKG|
17:05:23.0 (10692231)|STATEMENT_EXECUTE|[163]
17:05:23.0 (10702908)|HEAP_ALLOCATE|[162]|Bytes:5
17:05:23.0 (10722996)|HEAP_ALLOCATE|[162]|Bytes:28
17:05:23.0 (10731251)|VARIABLE_SCOPE_BEGIN|[162]|PSetName|PermissionSet|true|false
17:05:23.0 (10751755)|VARIABLE_ASSIGNMENT|[162]|PSetName|{"s":1,"v":{"Id":"0PS36000000mmnYGAQ","Label":"00e1a000000MWaJAAW","Name":"X00e1a000000MWaJAAW","NamespacePrefix":"shiva15testns","UserLicenseId":"10036000000eSqAAAU","CreatedDate":"2016-03-08T19:00:02.000Z"}}|0x4bb776e9
17:05:23.0 (10756041)|STATEMENT_EXECUTE|[162]
17:05:23.0 (10776531)|ENTERING_MANAGED_PKG|
17:05:23.0 (10786517)|STATEMENT_EXECUTE|[163]
17:05:23.0 (10797377)|HEAP_ALLOCATE|[162]|Bytes:5
17:05:23.0 (10817211)|HEAP_ALLOCATE|[162]|Bytes:28
17:05:23.0 (10825776)|VARIABLE_SCOPE_BEGIN|[162]|PSetName|PermissionSet|true|false
17:05:23.0 (10846195)|VARIABLE_ASSIGNMENT|[162]|PSetName|{"s":1,"v":{"Id":"0PS36000000mmnZGAQ","Label":"00e1a000000MWaKAAW","Name":"X00e1a000000MWaKAAW","NamespacePrefix":"shiva15testns","UserLicenseId":"10036000000eSqBAAU","CreatedDate":"2016-03-08T19:00:02.000Z"}}|0x22c97bea
17:05:23.0 (10850517)|STATEMENT_EXECUTE|[162]
17:05:23.0 (10871019)|ENTERING_MANAGED_PKG|
17:05:23.0 (10880734)|STATEMENT_EXECUTE|[163]
17:05:23.0 (10891413)|HEAP_ALLOCATE|[162]|Bytes:5
17:05:23.0 (10911207)|HEAP_ALLOCATE|[162]|Bytes:28
17:05:23.0 (10919076)|VARIABLE_SCOPE_BEGIN|[162]|PSetName|PermissionSet|true|false
17:05:23.0 (10939631)|VARIABLE_ASSIGNMENT|[162]|PSetName|{"s":1,"v":{"Id":"0PS36000000mmnaGAA","Label":"00e1a000000MWaLAAW","Name":"X00e1a000000MWaLAAW","NamespacePrefix":"shiva15testns","UserLicenseId":"10036000000eSqCAAU","CreatedDate":"2016-03-08T19:00:02.000Z"}}|0x1903df53
17:05:23.0 (10943967)|STATEMENT_EXECUTE|[162]
17:05:23.0 (10964380)|ENTERING_MANAGED_PKG|
17:05:23.0 (10974292)|STATEMENT_EXECUTE|[163]
17:05:23.0 (10985022)|HEAP_ALLOCATE|[162]|Bytes:5
17:05:23.0 (11004763)|HEAP_ALLOCATE|[162]|Bytes:28
17:05:23.0 (11013587)|VARIABLE_SCOPE_BEGIN|[162]|PSetName|PermissionSet|true|false
17:05:23.0 (11034103)|VARIABLE_ASSIGNMENT|[162]|PSetName|{"s":1,"v":{"Id":"0PS36000000mmnbGAA","Label":"00e1a000000MWaMAAW","Name":"X00e1a000000MWaMAAW","NamespacePrefix":"shiva15testns","UserLicenseId":"10036000000eSqDAAU","CreatedDate":"2016-03-08T19:00:02.000Z"}}|0x71ea97bb
17:05:23.0 (11038812)|STATEMENT_EXECUTE|[162]
17:05:23.0 (11059210)|ENTERING_MANAGED_PKG|
17:05:23.0 (11068960)|STATEMENT_EXECUTE|[163]
17:05:23.0 (11079661)|HEAP_ALLOCATE|[162]|Bytes:5
17:05:23.0 (11099878)|HEAP_ALLOCATE|[162]|Bytes:28
17:05:23.0 (11107701)|VARIABLE_SCOPE_BEGIN|[162]|PSetName|PermissionSet|true|false
17:05:23.0 (11128048)|VARIABLE_ASSIGNMENT|[162]|PSetName|{"s":1,"v":{"Id":"0PS36000000mmncGAA","Label":"00e1a000000MWaNAAW","Name":"X00e1a000000MWaNAAW","NamespacePrefix":"shiva15testns","UserLicenseId":"10036000000eSqEAAU","CreatedDate":"2016-03-08T19:00:02.000Z"}}|0x19aa751
17:05:23.0 (11132415)|STATEMENT_EXECUTE|[162]
17:05:23.0 (11152526)|ENTERING_MANAGED_PKG|
17:05:23.0 (11162225)|STATEMENT_EXECUTE|[163]
17:05:23.0 (11173022)|HEAP_ALLOCATE|[162]|Bytes:5
17:05:23.0 (11206265)|HEAP_ALLOCATE|[162]|Bytes:28
17:05:23.0 (11215691)|VARIABLE_SCOPE_BEGIN|[162]|PSetName|PermissionSet|true|false
17:05:23.0 (11236779)|VARIABLE_ASSIGNMENT|[162]|PSetName|{"s":1,"v":{"Id":"0PS36000000mmndGAA","Label":"00e1a000000MWaOAAW","Name":"X00e1a000000MWaOAAW","NamespacePrefix":"shiva15testns","UserLicenseId":"10036000000eSqFAAU","CreatedDate":"2016-03-08T19:00:02.000Z"}}|0x68e59aa3
17:05:23.0 (11241125)|STATEMENT_EXECUTE|[162]
17:05:23.0 (11262337)|ENTERING_MANAGED_PKG|
17:05:23.0 (11272255)|STATEMENT_EXECUTE|[163]
17:05:23.0 (11283183)|HEAP_ALLOCATE|[162]|Bytes:5
17:05:23.0 (11303309)|HEAP_ALLOCATE|[162]|Bytes:28
17:05:23.0 (11311242)|VARIABLE_SCOPE_BEGIN|[162]|PSetName|PermissionSet|true|false
17:05:23.0 (11331790)|VARIABLE_ASSIGNMENT|[162]|PSetName|{"s":1,"v":{"Id":"0PS36000000mmneGAA","Label":"00e1a000000MWaPAAW","Name":"X00e1a000000MWaPAAW","NamespacePrefix":"shiva15testns","UserLicenseId":"10036000000eSqGAAU","CreatedDate":"2016-03-08T19:00:02.000Z"}}|0x6f9b29ab
17:05:23.0 (11336369)|STATEMENT_EXECUTE|[162]
17:05:23.0 (11356887)|ENTERING_MANAGED_PKG|
17:05:23.0 (11366608)|STATEMENT_EXECUTE|[163]
17:05:23.0 (11377249)|HEAP_ALLOCATE|[162]|Bytes:5
17:05:23.0 (11397060)|HEAP_ALLOCATE|[162]|Bytes:28
17:05:23.0 (11404912)|VARIABLE_SCOPE_BEGIN|[162]|PSetName|PermissionSet|true|false
17:05:23.0 (11425346)|VARIABLE_ASSIGNMENT|[162]|PSetName|{"s":1,"v":{"Id":"0PS36000000mmnfGAA","Label":"00e1a000000MWaQAAW","Name":"X00e1a000000MWaQAAW","NamespacePrefix":"shiva15testns","UserLicenseId":"10036000000eSqHAAU","CreatedDate":"2016-03-08T19:00:02.000Z"}}|0x4ae92cac
17:05:23.0 (11429406)|STATEMENT_EXECUTE|[162]
17:05:23.0 (11449624)|ENTERING_MANAGED_PKG|
17:05:23.0 (11459517)|STATEMENT_EXECUTE|[163]
17:05:23.0 (11470261)|HEAP_ALLOCATE|[162]|Bytes:5
17:05:23.0 (11490369)|HEAP_ALLOCATE|[162]|Bytes:28
17:05:23.0 (11498247)|VARIABLE_SCOPE_BEGIN|[162]|PSetName|PermissionSet|true|false
17:05:23.0 (11518309)|VARIABLE_ASSIGNMENT|[162]|PSetName|{"s":1,"v":{"Id":"0PS36000000mmngGAA","Label":"00e1a000000MWaRAAW","Name":"X00e1a000000MWaRAAW","NamespacePrefix":"shiva15testns","UserLicenseId":"10036000000eSqIAAU","CreatedDate":"2016-03-08T19:00:02.000Z"}}|0x1e9dba8f
17:05:23.0 (11522464)|STATEMENT_EXECUTE|[162]
17:05:23.0 (11543022)|ENTERING_MANAGED_PKG|
17:05:23.0 (11552732)|STATEMENT_EXECUTE|[163]
17:05:23.0 (11563305)|HEAP_ALLOCATE|[162]|Bytes:5
17:05:23.0 (11583123)|HEAP_ALLOCATE|[162]|Bytes:28
17:05:23.0 (11591062)|VARIABLE_SCOPE_BEGIN|[162]|PSetName|PermissionSet|true|false
17:05:23.0 (11611780)|VARIABLE_ASSIGNMENT|[162]|PSetName|{"s":1,"v":{"Id":"0PS36000000mmnhGAA","Label":"00e1a000000MWaSAAW","Name":"X00e1a000000MWaSAAW","NamespacePrefix":"shiva15testns","UserLicenseId":"10036000000eSqJAAU","CreatedDate":"2016-03-08T19:00:02.000Z"}}|0x5ae90b7d
17:05:23.0 (11615664)|STATEMENT_EXECUTE|[162]
17:05:23.0 (11635961)|ENTERING_MANAGED_PKG|
17:05:23.0 (11645782)|STATEMENT_EXECUTE|[163]
17:05:23.0 (11656557)|HEAP_ALLOCATE|[162]|Bytes:5
17:05:23.0 (11676539)|HEAP_ALLOCATE|[162]|Bytes:28
17:05:23.0 (11684796)|VARIABLE_SCOPE_BEGIN|[162]|PSetName|PermissionSet|true|false
17:05:23.0 (11705438)|VARIABLE_ASSIGNMENT|[162]|PSetName|{"s":1,"v":{"Id":"0PS36000000mmniGAA","Label":"00e1a000000MWaTAAW","Name":"X00e1a000000MWaTAAW","NamespacePrefix":"shiva15testns","UserLicenseId":"10036000000eSqJAAU","CreatedDate":"2016-03-08T19:00:02.000Z"}}|0x6c09a7fa
17:05:23.0 (11709518)|STATEMENT_EXECUTE|[162]
17:05:23.0 (11729628)|ENTERING_MANAGED_PKG|
17:05:23.0 (11739415)|STATEMENT_EXECUTE|[163]
17:05:23.0 (11750086)|HEAP_ALLOCATE|[162]|Bytes:5
17:05:23.0 (11770167)|HEAP_ALLOCATE|[162]|Bytes:28
17:05:23.0 (11778110)|VARIABLE_SCOPE_BEGIN|[162]|PSetName|PermissionSet|true|false
17:05:23.0 (11798404)|VARIABLE_ASSIGNMENT|[162]|PSetName|{"s":1,"v":{"Id":"0PS36000000mmnjGAA","Label":"00e1a000000MWaUAAW","Name":"X00e1a000000MWaUAAW","NamespacePrefix":"shiva15testns","UserLicenseId":"10036000000eSqKAAU","CreatedDate":"2016-03-08T19:00:02.000Z"}}|0x6f066a9b
17:05:23.0 (11802767)|STATEMENT_EXECUTE|[162]
17:05:23.0 (11822999)|ENTERING_MANAGED_PKG|
17:05:23.0 (11833318)|STATEMENT_EXECUTE|[163]
17:05:23.0 (11844125)|HEAP_ALLOCATE|[162]|Bytes:5
17:05:23.0 (11864219)|HEAP_ALLOCATE|[162]|Bytes:28
17:05:23.0 (11872039)|VARIABLE_SCOPE_BEGIN|[162]|PSetName|PermissionSet|true|false
17:05:23.0 (11892590)|VARIABLE_ASSIGNMENT|[162]|PSetName|{"s":1,"v":{"Id":"0PS36000000mmnlGAA","Label":"00e1a000000N1LRAA0","Name":"X00e1a000000N1LRAA0","NamespacePrefix":"shiva15testns","UserLicenseId":"10036000000eSqLAAU","CreatedDate":"2016-03-08T19:00:02.000Z"}}|0x1cbcfc36
17:05:23.0 (11897172)|STATEMENT_EXECUTE|[162]
17:05:23.0 (11917410)|ENTERING_MANAGED_PKG|
17:05:23.0 (11927203)|STATEMENT_EXECUTE|[163]
17:05:23.0 (11937966)|HEAP_ALLOCATE|[162]|Bytes:5
17:05:23.0 (11957945)|HEAP_ALLOCATE|[162]|Bytes:28
17:05:23.0 (11965847)|VARIABLE_SCOPE_BEGIN|[162]|PSetName|PermissionSet|true|false
17:05:23.0 (11986275)|VARIABLE_ASSIGNMENT|[162]|PSetName|{"s":1,"v":{"Id":"0PS36000000mmnmGAA","Label":"00e1a000000N1LSAA0","Name":"X00e1a000000N1LSAA0","NamespacePrefix":"shiva15testns","UserLicenseId":"10036000000eSqMAAU","CreatedDate":"2016-03-08T19:00:02.000Z"}}|0xe1cae3f
17:05:23.0 (11990968)|STATEMENT_EXECUTE|[162]
17:05:23.0 (12011530)|ENTERING_MANAGED_PKG|
17:05:23.0 (12021962)|STATEMENT_EXECUTE|[163]
17:05:23.0 (12032871)|HEAP_ALLOCATE|[162]|Bytes:5
17:05:23.0 (12052610)|HEAP_ALLOCATE|[162]|Bytes:28
17:05:23.0 (12060521)|VARIABLE_SCOPE_BEGIN|[162]|PSetName|PermissionSet|true|false
17:05:23.0 (12080686)|VARIABLE_ASSIGNMENT|[162]|PSetName|{"s":1,"v":{"Id":"0PS36000000mmnnGAA","Label":"00e1a000000N1wKAAS","Name":"X00e1a000000N1wKAAS","NamespacePrefix":"shiva15testns","UserLicenseId":"10036000000eSqNAAU","CreatedDate":"2016-03-08T19:00:02.000Z"}}|0x2f0bee71
17:05:23.0 (12084627)|STATEMENT_EXECUTE|[162]
17:05:23.0 (12104795)|ENTERING_MANAGED_PKG|
17:05:23.0 (12114590)|STATEMENT_EXECUTE|[163]
17:05:23.0 (12125327)|HEAP_ALLOCATE|[162]|Bytes:5
17:05:23.0 (12145078)|HEAP_ALLOCATE|[162]|Bytes:28
17:05:23.0 (12152820)|VARIABLE_SCOPE_BEGIN|[162]|PSetName|PermissionSet|true|false
17:05:23.0 (12173641)|VARIABLE_ASSIGNMENT|[162]|PSetName|{"s":1,"v":{"Id":"0PS36000000mmnoGAA","Label":"00e1a000000N1wLAAS","Name":"X00e1a000000N1wLAAS","NamespacePrefix":"shiva15testns","UserLicenseId":"10036000000eSqNAAU","CreatedDate":"2016-03-08T19:00:02.000Z"}}|0x73850bb9
17:05:23.0 (12177739)|STATEMENT_EXECUTE|[162]
17:05:23.0 (12202293)|ENTERING_MANAGED_PKG|
17:05:23.0 (12212617)|STATEMENT_EXECUTE|[163]
17:05:23.0 (12223560)|HEAP_ALLOCATE|[162]|Bytes:5
17:05:23.0 (12243982)|HEAP_ALLOCATE|[162]|Bytes:28
17:05:23.0 (12252010)|VARIABLE_SCOPE_BEGIN|[162]|PSetName|PermissionSet|true|false
17:05:23.0 (12272760)|VARIABLE_ASSIGNMENT|[162]|PSetName|{"s":1,"v":{"Id":"0PS36000000mmnqGAA","Label":"00e1a000000MWaAAAW","Name":"X00e1a000000MWaAAAW","NamespacePrefix":"shiva15testns","UserLicenseId":"10036000000eSq1AAE","CreatedDate":"2016-03-08T19:00:02.000Z"}}|0x82304b3
17:05:23.0 (12277011)|STATEMENT_EXECUTE|[162]
17:05:23.0 (12297374)|ENTERING_MANAGED_PKG|
17:05:23.0 (12307272)|STATEMENT_EXECUTE|[163]
17:05:23.0 (12318004)|HEAP_ALLOCATE|[162]|Bytes:5
17:05:23.0 (12338218)|HEAP_ALLOCATE|[162]|Bytes:32
17:05:23.0 (12346059)|VARIABLE_SCOPE_BEGIN|[162]|PSetName|PermissionSet|true|false
17:05:23.0 (12368659)|VARIABLE_ASSIGNMENT|[162]|PSetName|{"s":1,"v":{"Id":"0PS36000000q71PGAQ","Label":"PermissionSet_Test","Name":"PermissionSet_Test","Description":"This is for testing  (11 more) ...","NamespacePrefix":"shiva15testns","UserLicenseId":"10036000000eSpyAAE","CreatedDate":"2016-03-20T22:41:12.000Z"}}|0x63a53ede
17:05:23.0 (12373168)|STATEMENT_EXECUTE|[162]
17:05:23.0 (12393998)|ENTERING_MANAGED_PKG|
17:05:23.0 (12404263)|STATEMENT_EXECUTE|[163]
17:05:23.0 (12406248)|STATEMENT_EXECUTE|[164]
17:05:23.0 (12410741)|HEAP_ALLOCATE|[164]|Bytes:52
17:05:23.0 (12417283)|HEAP_ALLOCATE|[164]|Bytes:4
17:05:23.0 (12423771)|HEAP_ALLOCATE|[164]|Bytes:7
17:05:23.0 (13188579)|SOQL_EXECUTE_BEGIN|[164]|Aggregations:0|SELECT Id, Name FROM UserLicense WHERE Id = :tmpVar1
17:05:23.0 (14815673)|SOQL_EXECUTE_END|[164]|Rows:1
17:05:23.0 (14829305)|HEAP_ALLOCATE|[164]|Bytes:8
17:05:23.0 (14839706)|HEAP_ALLOCATE|[164]|Bytes:47
17:05:23.0 (14896225)|HEAP_ALLOCATE|[164]|Bytes:8
17:05:23.0 (14908272)|HEAP_ALLOCATE|[164]|Bytes:37
17:05:23.0 (14969829)|HEAP_ALLOCATE|[164]|Bytes:12
17:05:23.0 (14979597)|VARIABLE_SCOPE_BEGIN|[164]|ulicense|UserLicense|true|false
17:05:23.0 (14997370)|VARIABLE_ASSIGNMENT|[164]|ulicense|{"s":1,"v":{"Id":"10036000000eSpyAAE","Name":"Salesforce"}}|0x16c08cd0
17:05:23.0 (15001293)|STATEMENT_EXECUTE|[165]
17:05:23.0 (15009006)|HEAP_ALLOCATE|[165]|Bytes:240
17:05:23.0 (15014422)|HEAP_ALLOCATE|[165]|Bytes:39
17:05:23.0 (15036810)|HEAP_ALLOCATE|[165]|Bytes:32
17:05:23.0 (15088519)|ENTERING_MANAGED_PKG|
17:05:23.0 (15117601)|HEAP_ALLOCATE|[165]|Bytes:18
17:05:23.0 (15204879)|ENTERING_MANAGED_PKG|
17:05:23.0 (15235525)|HEAP_ALLOCATE|[165]|Bytes:19
17:05:23.0 (15277882)|CONSTRUCTOR_ENTRY|[165]|01p36000005Jpvx|<init>(String,String,String,String,String,String,String)
17:05:23.0 (15303365)|VARIABLE_SCOPE_BEGIN|[1055]|this|shiva15testns.PermissionSetPortalControllers.PermissionSetClass|true|false
17:05:23.0 (15373056)|VARIABLE_ASSIGNMENT|[1055]|this|{}|0x41ac1135
17:05:23.0 (15378866)|VARIABLE_SCOPE_BEGIN|[1055]|label|String|false|false
17:05:23.0 (15384582)|VARIABLE_ASSIGNMENT|[1055]|label|"PermissionSet_Test"
17:05:23.0 (15387729)|VARIABLE_SCOPE_BEGIN|[1055]|apiName|String|false|false
17:05:23.0 (15391450)|VARIABLE_ASSIGNMENT|[1055]|apiName|"PermissionSet_Test"
17:05:23.0 (15394126)|VARIABLE_SCOPE_BEGIN|[1055]|id|String|false|false
17:05:23.0 (15397538)|VARIABLE_ASSIGNMENT|[1055]|id|"0PS36000000q71PGAQ"
17:05:23.0 (15400213)|VARIABLE_SCOPE_BEGIN|[1055]|description|String|false|false
17:05:23.0 (15404633)|VARIABLE_ASSIGNMENT|[1055]|description|"This is for testing  (11 more) ..."
17:05:23.0 (15407573)|VARIABLE_SCOPE_BEGIN|[1055]|namespacePrefix|String|false|false
17:05:23.0 (15410829)|VARIABLE_ASSIGNMENT|[1055]|namespacePrefix|"shiva15testns"
17:05:23.0 (15413412)|VARIABLE_SCOPE_BEGIN|[1055]|userLicenseId|String|false|false
17:05:23.0 (15416490)|VARIABLE_ASSIGNMENT|[1055]|userLicenseId|"Salesforce"
17:05:23.0 (15419120)|VARIABLE_SCOPE_BEGIN|[1055]|createdDate|String|false|false
17:05:23.0 (15422288)|VARIABLE_ASSIGNMENT|[1055]|createdDate|"2016-03-20 15:41:12"
17:05:23.0 (15426553)|STATEMENT_EXECUTE|[1038]
17:05:23.0 (15428193)|STATEMENT_EXECUTE|[1041]
17:05:23.0 (15429894)|STATEMENT_EXECUTE|[1043]
17:05:23.0 (15431097)|STATEMENT_EXECUTE|[1045]
17:05:23.0 (15432249)|STATEMENT_EXECUTE|[1047]
17:05:23.0 (15433499)|STATEMENT_EXECUTE|[1049]
17:05:23.0 (15434603)|STATEMENT_EXECUTE|[1051]
17:05:23.0 (15435761)|STATEMENT_EXECUTE|[1053]
17:05:23.0 (15444448)|HEAP_ALLOCATE|[1057]|Bytes:6
17:05:23.0 (15470893)|STATEMENT_EXECUTE|[1056]
17:05:23.0 (15473066)|STATEMENT_EXECUTE|[1057]
17:05:23.0 (15559691)|VARIABLE_ASSIGNMENT|[EXTERNAL]|this|{}|0x41ac1135
17:05:23.0 (15568421)|VARIABLE_ASSIGNMENT|[EXTERNAL]|value|"PermissionSet_Test"
17:05:23.0 (15593886)|VARIABLE_ASSIGNMENT|[1041]|this.label|"PermissionSet_Test"|0x41ac1135
17:05:23.0 (15603431)|STATEMENT_EXECUTE|[1058]
17:05:23.0 (15661857)|VARIABLE_ASSIGNMENT|[EXTERNAL]|this|{"label":"PermissionSet_Test"}|0x41ac1135
17:05:23.0 (15669635)|VARIABLE_ASSIGNMENT|[EXTERNAL]|value|"PermissionSet_Test"
17:05:23.0 (15678040)|VARIABLE_ASSIGNMENT|[1043]|this.apiName|"PermissionSet_Test"|0x41ac1135
17:05:23.0 (15685731)|STATEMENT_EXECUTE|[1059]
17:05:23.0 (15741511)|VARIABLE_ASSIGNMENT|[EXTERNAL]|this|{"apiName":"PermissionSet_Test","label":"PermissionSet_Test"}|0x41ac1135
17:05:23.0 (15749454)|VARIABLE_ASSIGNMENT|[EXTERNAL]|value|"0PS36000000q71PGAQ"
17:05:23.0 (15757203)|VARIABLE_ASSIGNMENT|[1045]|this.id|"0PS36000000q71PGAQ"|0x41ac1135
17:05:23.0 (15764701)|STATEMENT_EXECUTE|[1060]
17:05:23.0 (15819693)|VARIABLE_ASSIGNMENT|[EXTERNAL]|this|{"apiName":"PermissionSet_Test","id":"0PS36000000q71PGAQ","label":"PermissionSet_Test"}|0x41ac1135
17:05:23.0 (15828918)|VARIABLE_ASSIGNMENT|[EXTERNAL]|value|"This is for testing  (11 more) ..."
17:05:23.0 (15837760)|VARIABLE_ASSIGNMENT|[1047]|this.description|"This is for testing  (11 more) ..."|0x41ac1135
17:05:23.0 (15845390)|STATEMENT_EXECUTE|[1061]
17:05:23.0 (15901662)|VARIABLE_ASSIGNMENT|[EXTERNAL]|this|{"apiName":"PermissionSet_Test","description":"This is for testing  (11 more) ...","id":"0PS36000000q71PGAQ","label":"PermissionSet_Test"}|0x41ac1135
17:05:23.0 (15909710)|VARIABLE_ASSIGNMENT|[EXTERNAL]|value|"shiva15testns"
17:05:23.0 (15917835)|VARIABLE_ASSIGNMENT|[1049]|this.namespacePrefix|"shiva15testns"|0x41ac1135
17:05:23.0 (15925243)|STATEMENT_EXECUTE|[1062]
17:05:23.0 (15985706)|VARIABLE_ASSIGNMENT|[EXTERNAL]|this|{"apiName":"PermissionSet_Test","description":"This is for testing  (11 more) ...","id":"0PS36000000q71PGAQ","label":"PermissionSet_Test","namespacePrefix":"shiva15testns"}|0x41ac1135
17:05:23.0 (15995676)|VARIABLE_ASSIGNMENT|[EXTERNAL]|value|"Salesforce"
17:05:23.0 (16003868)|VARIABLE_ASSIGNMENT|[1051]|this.userLicenseId|"Salesforce"|0x41ac1135
17:05:23.0 (16012379)|STATEMENT_EXECUTE|[1063]
17:05:23.0 (16070065)|VARIABLE_ASSIGNMENT|[EXTERNAL]|this|{"apiName":"PermissionSet_Test","description":"This is for testing  (11 more) ...","id":"0PS36000000q71PGAQ","label":"PermissionSet_Test","namespacePrefix":"shiva15testns","userLicenseId":"Salesforce"}|0x41ac1135
17:05:23.0 (16079029)|VARIABLE_ASSIGNMENT|[EXTERNAL]|value|"2016-03-20 15:41:12"
17:05:23.0 (16086991)|VARIABLE_ASSIGNMENT|[1053]|this.createdDate|"2016-03-20 15:41:12"|0x41ac1135
17:05:23.0 (16101990)|CONSTRUCTOR_EXIT|[165]|01p36000005Jpvx|<init>(String,String,String,String,String,String,String)
17:05:23.0 (16125347)|VARIABLE_ASSIGNMENT|[165]|pSetObj|{"apiName":"PermissionSet_Test","createdDate":"2016-03-20 15:41:12","description":"This is for testing  (11 more) ...","id":"0PS36000000q71PGAQ","label":"PermissionSet_Test","namespacePrefix":"shiva15testns","userLicenseId":"Salesforce"}|0x41ac1135
17:05:23.0 (16130046)|STATEMENT_EXECUTE|[167]
17:05:23.0 (16145488)|ENTERING_MANAGED_PKG|
17:05:23.0 (16169245)|HEAP_ALLOCATE|[EXTERNAL]|Bytes:4
17:05:23.0 (16178486)|STATEMENT_EXECUTE|[168]
17:05:23.0 (16347258)|HEAP_ALLOCATE|[168]|Bytes:24
17:05:23.0 (16368594)|ENTERING_MANAGED_PKG|
17:05:23.0 (16440167)|HEAP_ALLOCATE|[168]|Bytes:231
17:05:23.0 (16464320)|HEAP_ALLOCATE|[168]|Bytes:255
17:05:23.0 (16494884)|ENTERING_MANAGED_PKG|
17:05:23.0 (16528185)|USER_DEBUG|[168]|ERROR|The PermissionSet Name: PermissionSet:{Id=0PS36000000q71PGAQ, Label=PermissionSet_Test, Name=PermissionSet_Test, Description=This is for testing Description, NamespacePrefix=shiva15testns, UserLicenseId=10036000000eSpyAAE, CreatedDate=2016-03-20 22:41:12}
17:05:23.0 (16561732)|HEAP_ALLOCATE|[162]|Bytes:5
17:05:23.0 (16589658)|VARIABLE_ASSIGNMENT|[162]|PSetName|null|
17:05:23.0 (16595678)|STATEMENT_EXECUTE|[171]
17:05:23.0 (16608679)|SYSTEM_MODE_EXIT|false
17:05:23.16 (16665158)|CUMULATIVE_LIMIT_USAGE
17:05:23.16 (16665158)|LIMIT_USAGE_FOR_NS|(default)|
  Number of SOQL queries: 0 out of 100
  Number of query rows: 0 out of 50000
  Number of SOSL queries: 0 out of 20
  Number of DML statements: 0 out of 150
  Number of DML rows: 0 out of 10000
  Maximum CPU time: 0 out of 10000
  Maximum heap size: 0 out of 6000000
  Number of callouts: 0 out of 100
  Number of Email Invocations: 0 out of 10
  Number of future calls: 0 out of 50
  Number of queueable jobs added to the queue: 0 out of 50
  Number of Mobile Apex push calls: 0 out of 10

17:05:23.16 (16665158)|LIMIT_USAGE_FOR_NS|shiva15testns|
  Number of SOQL queries: 2 out of 100
  Number of query rows: 38 out of 50000
  Number of SOSL queries: 0 out of 20
  Number of DML statements: 0 out of 150
  Number of DML rows: 0 out of 10000
  Maximum CPU time: 0 out of 10000
  Maximum heap size: 0 out of 6000000
  Number of callouts: 0 out of 100
  Number of Email Invocations: 0 out of 10
  Number of future calls: 0 out of 50
  Number of queueable jobs added to the queue: 0 out of 50
  Number of Mobile Apex push calls: 0 out of 10

17:05:23.16 (16665158)|CUMULATIVE_LIMIT_USAGE_END

17:05:23.0 (16716882)|CODE_UNIT_FINISHED|PermissionSetPortalControllers.getAllPermissionSets
17:05:23.0 (18928756)|EXECUTION_FINISHED
17:05:23.21 (21142054)|EXECUTION_STARTED
17:05:23.21 (21149099)|CODE_UNIT_STARTED|[EXTERNAL]|Aura
17:05:23.21 (21191792)|CODE_UNIT_FINISHED|Aura
17:05:23.21 (22214166)|EXECUTION_FINISHED
