36.0 APEX_CODE,FINEST;APEX_PROFILING,INFO;CALLOUT,INFO;DB,INFO;SYSTEM,DEBUG;VALIDATION,INFO;VISUALFORCE,INFO;WORKFLOW,INFO
18:56:37.0 (477102)|EXECUTION_STARTED
18:56:37.0 (512074)|CODE_UNIT_STARTED|[EXTERNAL]|01p36000005Jpvx|PermissionSetPortalControllers.getAllPermissionSets
18:56:37.0 (1401119)|VARIABLE_SCOPE_BEGIN|[3]|PermissionSetPortalControllers.AllPermissionSets|List<PermissionSet>|true|true
18:56:37.0 (1426240)|VARIABLE_SCOPE_BEGIN|[10]|PermissionSetPortalControllers.accountField|Set<String>|true|true
18:56:37.0 (1432538)|VARIABLE_SCOPE_BEGIN|[5]|PermissionSetPortalControllers.allObjectsOfOrg|List<shiva15testns.PermissionSetPortalControllers.ObjectDetailsClass>|true|true
18:56:37.0 (1441159)|VARIABLE_SCOPE_BEGIN|[9]|PermissionSetPortalControllers.contactsField|Set<String>|true|true
18:56:37.0 (1445424)|VARIABLE_SCOPE_BEGIN|[7]|PermissionSetPortalControllers.isNotSystemSObjectList|Set<String>|true|true
18:56:37.0 (1668535)|HEAP_ALLOCATE|[72]|Bytes:3
18:56:37.0 (1721087)|HEAP_ALLOCATE|[77]|Bytes:152
18:56:37.0 (1739776)|HEAP_ALLOCATE|[342]|Bytes:408
18:56:37.0 (1761733)|HEAP_ALLOCATE|[355]|Bytes:408
18:56:37.0 (1790387)|HEAP_ALLOCATE|[467]|Bytes:48
18:56:37.0 (1828595)|HEAP_ALLOCATE|[139]|Bytes:6
18:56:37.0 (1853022)|HEAP_ALLOCATE|[EXTERNAL]|Bytes:168
18:56:37.0 (1858708)|HEAP_ALLOCATE|[EXTERNAL]|Bytes:89
18:56:37.0 (1862503)|HEAP_ALLOCATE|[EXTERNAL]|Bytes:344
18:56:37.0 (1881535)|METHOD_ENTRY|[1]|01p36000005Jpvx|PermissionSetPortalControllers.PermissionSetPortalControllers()
18:56:37.0 (1886278)|STATEMENT_EXECUTE|[1]
18:56:37.0 (1892969)|STATEMENT_EXECUTE|[1]
18:56:37.0 (1926734)|HEAP_ALLOCATE|[50]|Bytes:5
18:56:37.0 (1956233)|HEAP_ALLOCATE|[56]|Bytes:5
18:56:37.0 (1964984)|HEAP_ALLOCATE|[64]|Bytes:7
18:56:37.0 (1986309)|SYSTEM_MODE_ENTER|false
18:56:37.0 (2007694)|HEAP_ALLOCATE|[9]|Bytes:5
18:56:37.0 (2013116)|STATEMENT_EXECUTE|[9]
18:56:37.0 (2020910)|HEAP_ALLOCATE|[9]|Bytes:4
18:56:37.0 (2066863)|ENTERING_MANAGED_PKG|
18:56:37.0 (2187280)|VARIABLE_ASSIGNMENT|[9]|PermissionSetPortalControllers.contactsField|{"s":1,"v":[]}|0x17d322f3
18:56:37.0 (2193007)|STATEMENT_EXECUTE|[10]
18:56:37.0 (2198397)|HEAP_ALLOCATE|[10]|Bytes:4
18:56:37.0 (2212466)|ENTERING_MANAGED_PKG|
18:56:37.0 (2253506)|VARIABLE_ASSIGNMENT|[10]|PermissionSetPortalControllers.accountField|{"s":1,"v":[]}|0x9123dd6
18:56:37.0 (2258898)|STATEMENT_EXECUTE|[1037]
18:56:37.0 (2260460)|STATEMENT_EXECUTE|[1066]
18:56:37.0 (2261776)|STATEMENT_EXECUTE|[1094]
18:56:37.0 (2263269)|STATEMENT_EXECUTE|[1123]
18:56:37.0 (2264351)|STATEMENT_EXECUTE|[1139]
18:56:37.0 (2265437)|STATEMENT_EXECUTE|[1156]
18:56:37.0 (2266577)|STATEMENT_EXECUTE|[1167]
18:56:37.0 (2267643)|STATEMENT_EXECUTE|[1172]
18:56:37.0 (2275366)|SYSTEM_MODE_EXIT|false
18:56:37.0 (2293640)|METHOD_EXIT|[1]|PermissionSetPortalControllers
18:56:37.0 (2302807)|SYSTEM_MODE_ENTER|false
18:56:37.0 (2320802)|HEAP_ALLOCATE|[157]|Bytes:5
18:56:37.0 (2325462)|STATEMENT_EXECUTE|[156]
18:56:37.0 (2326912)|STATEMENT_EXECUTE|[157]
18:56:37.0 (2328043)|STATEMENT_EXECUTE|[157]
18:56:37.0 (2329196)|STATEMENT_EXECUTE|[158]
18:56:37.0 (2332403)|HEAP_ALLOCATE|[158]|Bytes:99
18:56:37.0 (2343283)|HEAP_ALLOCATE|[158]|Bytes:4
18:56:37.0 (3660474)|SOQL_EXECUTE_BEGIN|[158]|Aggregations:0|SELECT Id, label, Name, Description, NamespacePrefix, UserLicenseId, CreatedDate FROM PermissionSet
18:56:37.0 (7513757)|SOQL_EXECUTE_END|[158]|Rows:41
18:56:37.0 (7533678)|HEAP_ALLOCATE|[158]|Bytes:168
18:56:37.0 (7657520)|HEAP_ALLOCATE|[158]|Bytes:7238
18:56:37.0 (7691961)|HEAP_ALLOCATE|[158]|Bytes:168
18:56:37.0 (7723242)|VARIABLE_ASSIGNMENT|[158]|PermissionSetPortalControllers.AllPermissionSets|{"s":1,"v":"List of size 41 too large to display"}|0x6463cd97
18:56:37.0 (7820965)|ENTERING_MANAGED_PKG|
18:56:37.0 (7854766)|STATEMENT_EXECUTE|[159]
18:56:37.0 (7858089)|STATEMENT_EXECUTE|[160]
18:56:37.0 (8000732)|VARIABLE_SCOPE_BEGIN|[160]|pSetObj|shiva15testns.PermissionSetPortalControllers.PermissionSetClass|true|false
18:56:37.0 (8013762)|VARIABLE_ASSIGNMENT|[160]|pSetObj|null|
18:56:37.0 (8016892)|STATEMENT_EXECUTE|[161]
18:56:37.0 (8024097)|HEAP_ALLOCATE|[161]|Bytes:4
18:56:37.0 (8070483)|ENTERING_MANAGED_PKG|
18:56:37.0 (8087677)|VARIABLE_SCOPE_BEGIN|[161]|permissionSetsLst|List<shiva15testns.PermissionSetPortalControllers.PermissionSetClass>|true|false
18:56:37.0 (8112211)|HEAP_ALLOCATE|[EXTERNAL]|Bytes:4
18:56:37.0 (8124675)|VARIABLE_ASSIGNMENT|[161]|permissionSetsLst|{"s":1,"v":[]}|0x41bd7a0a
18:56:37.0 (8140794)|ENTERING_MANAGED_PKG|
18:56:37.0 (8384705)|HEAP_ALLOCATE|[162]|Bytes:5
18:56:37.0 (8430620)|HEAP_ALLOCATE|[162]|Bytes:28
18:56:37.0 (8444505)|VARIABLE_SCOPE_BEGIN|[162]|PSetName|PermissionSet|true|false
18:56:37.0 (8532403)|VARIABLE_ASSIGNMENT|[162]|PSetName|{"s":1,"v":{"Id":"0PS36000000mmnFGAQ","Label":"00e1a000000MWa8AAG","Name":"X00e1a000000MWa8AAG","NamespacePrefix":"shiva15testns","UserLicenseId":"10036000000eSpzAAE","CreatedDate":"2016-03-08T19:00:02.000Z"}}|0x3fdaa52b
18:56:37.0 (8541066)|STATEMENT_EXECUTE|[162]
18:56:37.0 (8582578)|HEAP_ALLOCATE|[163]|Bytes:3
18:56:37.0 (8628128)|ENTERING_MANAGED_PKG|
18:56:37.0 (8666078)|STATEMENT_EXECUTE|[163]
18:56:37.0 (8679254)|HEAP_ALLOCATE|[162]|Bytes:5
18:56:37.0 (8711257)|HEAP_ALLOCATE|[162]|Bytes:28
18:56:37.0 (8721033)|VARIABLE_SCOPE_BEGIN|[162]|PSetName|PermissionSet|true|false
18:56:37.0 (8752015)|VARIABLE_ASSIGNMENT|[162]|PSetName|{"s":1,"v":{"Id":"0PS36000000mmnGGAQ","Label":"00ex00000018ozl_128_ (10 more) ...","Name":"X00ex00000018ozl_128 (11 more) ...","NamespacePrefix":"shiva15testns","UserLicenseId":"10036000000eSpyAAE","CreatedDate":"2016-03-08T19:00:02.000Z"}}|0x6bd2ae22
18:56:37.0 (8760439)|STATEMENT_EXECUTE|[162]
18:56:37.0 (8784347)|ENTERING_MANAGED_PKG|
18:56:37.0 (8794691)|STATEMENT_EXECUTE|[163]
18:56:37.0 (8805456)|HEAP_ALLOCATE|[162]|Bytes:5
18:56:37.0 (8825474)|HEAP_ALLOCATE|[162]|Bytes:28
18:56:37.0 (8833374)|VARIABLE_SCOPE_BEGIN|[162]|PSetName|PermissionSet|true|false
18:56:37.0 (8857943)|VARIABLE_ASSIGNMENT|[162]|PSetName|{"s":1,"v":{"Id":"0PS36000000mmnHGAQ","Label":"00ex00000018ozm_128_ (10 more) ...","Name":"X00ex00000018ozm_128 (11 more) ...","NamespacePrefix":"shiva15testns","UserLicenseId":"10036000000eSpyAAE","CreatedDate":"2016-03-08T19:00:02.000Z"}}|0x5115a85a
18:56:37.0 (8862456)|STATEMENT_EXECUTE|[162]
18:56:37.0 (8883938)|ENTERING_MANAGED_PKG|
18:56:37.0 (8893663)|STATEMENT_EXECUTE|[163]
18:56:37.0 (8904000)|HEAP_ALLOCATE|[162]|Bytes:5
18:56:37.0 (8922685)|HEAP_ALLOCATE|[162]|Bytes:28
18:56:37.0 (8932888)|VARIABLE_SCOPE_BEGIN|[162]|PSetName|PermissionSet|true|false
18:56:37.0 (8957070)|VARIABLE_ASSIGNMENT|[162]|PSetName|{"s":1,"v":{"Id":"0PS36000000mmnIGAQ","Label":"00ex00000018ozk_128_ (10 more) ...","Name":"X00ex00000018ozk_128 (11 more) ...","NamespacePrefix":"shiva15testns","UserLicenseId":"10036000000eSpyAAE","CreatedDate":"2016-03-08T19:00:02.000Z"}}|0x1be50cbd
18:56:37.0 (8961801)|STATEMENT_EXECUTE|[162]
18:56:37.0 (8982825)|ENTERING_MANAGED_PKG|
18:56:37.0 (8992559)|STATEMENT_EXECUTE|[163]
18:56:37.0 (9003001)|HEAP_ALLOCATE|[162]|Bytes:5
18:56:37.0 (9022644)|HEAP_ALLOCATE|[162]|Bytes:28
18:56:37.0 (9029909)|VARIABLE_SCOPE_BEGIN|[162]|PSetName|PermissionSet|true|false
18:56:37.0 (9053036)|VARIABLE_ASSIGNMENT|[162]|PSetName|{"s":1,"v":{"Id":"0PS36000000mmnJGAQ","Label":"00ex00000018ozj_128_ (10 more) ...","Name":"X00ex00000018ozj_128 (11 more) ...","NamespacePrefix":"shiva15testns","UserLicenseId":"10036000000eSpyAAE","CreatedDate":"2016-03-08T19:00:02.000Z"}}|0x717c1117
18:56:37.0 (9057232)|STATEMENT_EXECUTE|[162]
18:56:37.0 (9078023)|ENTERING_MANAGED_PKG|
18:56:37.0 (9087465)|STATEMENT_EXECUTE|[163]
18:56:37.0 (9097728)|HEAP_ALLOCATE|[162]|Bytes:5
18:56:37.0 (9116033)|HEAP_ALLOCATE|[162]|Bytes:28
18:56:37.0 (9123405)|VARIABLE_SCOPE_BEGIN|[162]|PSetName|PermissionSet|true|false
18:56:37.0 (9146440)|VARIABLE_ASSIGNMENT|[162]|PSetName|{"s":1,"v":{"Id":"0PS36000000mmnKGAQ","Label":"00ex00000018ozo_128_ (10 more) ...","Name":"X00ex00000018ozo_128 (11 more) ...","NamespacePrefix":"shiva15testns","UserLicenseId":"10036000000eSpyAAE","CreatedDate":"2016-03-08T19:00:02.000Z"}}|0xf2112a4
18:56:37.0 (9150963)|STATEMENT_EXECUTE|[162]
18:56:37.0 (9171428)|ENTERING_MANAGED_PKG|
18:56:37.0 (9181030)|STATEMENT_EXECUTE|[163]
18:56:37.0 (9193747)|HEAP_ALLOCATE|[162]|Bytes:5
18:56:37.0 (9212465)|HEAP_ALLOCATE|[162]|Bytes:28
18:56:37.0 (9219746)|VARIABLE_SCOPE_BEGIN|[162]|PSetName|PermissionSet|true|false
18:56:37.0 (9242467)|VARIABLE_ASSIGNMENT|[162]|PSetName|{"s":1,"v":{"Id":"0PS36000000mmnLGAQ","Label":"00ex00000018ozh_128_ (10 more) ...","Name":"X00ex00000018ozh_128 (11 more) ...","NamespacePrefix":"shiva15testns","UserLicenseId":"10036000000eSpyAAE","CreatedDate":"2016-03-08T19:00:02.000Z"}}|0x738a3c62
18:56:37.0 (9246354)|STATEMENT_EXECUTE|[162]
18:56:37.0 (9266910)|ENTERING_MANAGED_PKG|
18:56:37.0 (9280082)|STATEMENT_EXECUTE|[163]
18:56:37.0 (9291647)|HEAP_ALLOCATE|[162]|Bytes:5
18:56:37.0 (9314688)|HEAP_ALLOCATE|[162]|Bytes:28
18:56:37.0 (9322277)|VARIABLE_SCOPE_BEGIN|[162]|PSetName|PermissionSet|true|false
18:56:37.0 (9347852)|VARIABLE_ASSIGNMENT|[162]|PSetName|{"s":1,"v":{"Id":"0PS36000000mmnMGAQ","Label":"00ex00000018ozq_128_ (11 more) ...","Name":"X00ex00000018ozq_128 (12 more) ...","NamespacePrefix":"shiva15testns","UserLicenseId":"10036000000eSpyAAE","CreatedDate":"2016-03-08T19:00:02.000Z"}}|0x40b9464a
18:56:37.0 (9355616)|STATEMENT_EXECUTE|[162]
18:56:37.0 (9379341)|ENTERING_MANAGED_PKG|
18:56:37.0 (9389016)|STATEMENT_EXECUTE|[163]
18:56:37.0 (9402565)|HEAP_ALLOCATE|[162]|Bytes:5
18:56:37.0 (9426090)|HEAP_ALLOCATE|[162]|Bytes:28
18:56:37.0 (9434091)|VARIABLE_SCOPE_BEGIN|[162]|PSetName|PermissionSet|true|false
18:56:37.0 (9459979)|VARIABLE_ASSIGNMENT|[162]|PSetName|{"s":1,"v":{"Id":"0PS36000000mmnNGAQ","Label":"00ex00000018ozp_128_ (10 more) ...","Name":"X00ex00000018ozp_128 (11 more) ...","NamespacePrefix":"shiva15testns","UserLicenseId":"10036000000eSpyAAE","CreatedDate":"2016-03-08T19:00:02.000Z"}}|0x515c13e3
18:56:37.0 (9464919)|STATEMENT_EXECUTE|[162]
18:56:37.0 (9489635)|ENTERING_MANAGED_PKG|
18:56:37.0 (9499380)|STATEMENT_EXECUTE|[163]
18:56:37.0 (9509662)|HEAP_ALLOCATE|[162]|Bytes:5
18:56:37.0 (9541413)|HEAP_ALLOCATE|[162]|Bytes:28
18:56:37.0 (9550584)|VARIABLE_SCOPE_BEGIN|[162]|PSetName|PermissionSet|true|false
18:56:37.0 (9578241)|VARIABLE_ASSIGNMENT|[162]|PSetName|{"s":1,"v":{"Id":"0PS36000000mmnOGAQ","Label":"00ex00000018ozn_128_ (10 more) ...","Name":"X00ex00000018ozn_128 (11 more) ...","NamespacePrefix":"shiva15testns","UserLicenseId":"10036000000eSpyAAE","CreatedDate":"2016-03-08T19:00:02.000Z"}}|0x56ef9f5e
18:56:37.0 (9583295)|STATEMENT_EXECUTE|[162]
18:56:37.0 (9611878)|ENTERING_MANAGED_PKG|
18:56:37.0 (9622098)|STATEMENT_EXECUTE|[163]
18:56:37.0 (9632825)|HEAP_ALLOCATE|[162]|Bytes:5
18:56:37.0 (9654696)|HEAP_ALLOCATE|[162]|Bytes:28
18:56:37.0 (9665847)|VARIABLE_SCOPE_BEGIN|[162]|PSetName|PermissionSet|true|false
18:56:37.0 (9689251)|VARIABLE_ASSIGNMENT|[162]|PSetName|{"s":1,"v":{"Id":"0PS36000000mmnPGAQ","Label":"00e1a000000MWa9AAG","Name":"X00e1a000000MWa9AAG","NamespacePrefix":"shiva15testns","UserLicenseId":"10036000000eSq0AAE","CreatedDate":"2016-03-08T19:00:02.000Z"}}|0x7424d0cd
18:56:37.0 (9693496)|STATEMENT_EXECUTE|[162]
18:56:37.0 (9738295)|ENTERING_MANAGED_PKG|
18:56:37.0 (9755087)|STATEMENT_EXECUTE|[163]
18:56:37.0 (9774174)|HEAP_ALLOCATE|[162]|Bytes:5
18:56:37.0 (9807061)|HEAP_ALLOCATE|[162]|Bytes:28
18:56:37.0 (9820493)|VARIABLE_SCOPE_BEGIN|[162]|PSetName|PermissionSet|true|false
18:56:37.0 (9844683)|VARIABLE_ASSIGNMENT|[162]|PSetName|{"s":1,"v":{"Id":"0PS36000000mmnQGAQ","Label":"00e1a000000MWaBAAW","Name":"X00e1a000000MWaBAAW","NamespacePrefix":"shiva15testns","UserLicenseId":"10036000000eSq2AAE","CreatedDate":"2016-03-08T19:00:02.000Z"}}|0x7e255315
18:56:37.0 (9849167)|STATEMENT_EXECUTE|[162]
18:56:37.0 (9871263)|ENTERING_MANAGED_PKG|
18:56:37.0 (9881052)|STATEMENT_EXECUTE|[163]
18:56:37.0 (9891556)|HEAP_ALLOCATE|[162]|Bytes:5
18:56:37.0 (9910853)|HEAP_ALLOCATE|[162]|Bytes:28
18:56:37.0 (9918169)|VARIABLE_SCOPE_BEGIN|[162]|PSetName|PermissionSet|true|false
18:56:37.0 (9939953)|VARIABLE_ASSIGNMENT|[162]|PSetName|{"s":1,"v":{"Id":"0PS36000000mmnRGAQ","Label":"00e1a000000MWaCAAW","Name":"X00e1a000000MWaCAAW","NamespacePrefix":"shiva15testns","UserLicenseId":"10036000000eSq3AAE","CreatedDate":"2016-03-08T19:00:02.000Z"}}|0x4f579439
18:56:37.0 (9944149)|STATEMENT_EXECUTE|[162]
18:56:37.0 (9964656)|ENTERING_MANAGED_PKG|
18:56:37.0 (9974170)|STATEMENT_EXECUTE|[163]
18:56:37.0 (9984329)|HEAP_ALLOCATE|[162]|Bytes:5
18:56:37.0 (10002349)|HEAP_ALLOCATE|[162]|Bytes:28
18:56:37.0 (10010583)|VARIABLE_SCOPE_BEGIN|[162]|PSetName|PermissionSet|true|false
18:56:37.0 (10032000)|VARIABLE_ASSIGNMENT|[162]|PSetName|{"s":1,"v":{"Id":"0PS36000000mmnSGAQ","Label":"00e1a000000MWaDAAW","Name":"X00e1a000000MWaDAAW","NamespacePrefix":"shiva15testns","UserLicenseId":"10036000000eSq4AAE","CreatedDate":"2016-03-08T19:00:02.000Z"}}|0x6568f7e2
18:56:37.0 (10036632)|STATEMENT_EXECUTE|[162]
18:56:37.0 (10060186)|ENTERING_MANAGED_PKG|
18:56:37.0 (10069850)|STATEMENT_EXECUTE|[163]
18:56:37.0 (10080229)|HEAP_ALLOCATE|[162]|Bytes:5
18:56:37.0 (10098304)|HEAP_ALLOCATE|[162]|Bytes:28
18:56:37.0 (10105453)|VARIABLE_SCOPE_BEGIN|[162]|PSetName|PermissionSet|true|false
18:56:37.0 (10127011)|VARIABLE_ASSIGNMENT|[162]|PSetName|{"s":1,"v":{"Id":"0PS36000000mmnTGAQ","Label":"00e1a000000MWaEAAW","Name":"X00e1a000000MWaEAAW","NamespacePrefix":"shiva15testns","UserLicenseId":"10036000000eSq5AAE","CreatedDate":"2016-03-08T19:00:02.000Z"}}|0x3718f13a
18:56:37.0 (10131138)|STATEMENT_EXECUTE|[162]
18:56:37.0 (10151462)|ENTERING_MANAGED_PKG|
18:56:37.0 (10160882)|STATEMENT_EXECUTE|[163]
18:56:37.0 (10171000)|HEAP_ALLOCATE|[162]|Bytes:5
18:56:37.0 (10188840)|HEAP_ALLOCATE|[162]|Bytes:28
18:56:37.0 (10196052)|VARIABLE_SCOPE_BEGIN|[162]|PSetName|PermissionSet|true|false
18:56:37.0 (10218602)|VARIABLE_ASSIGNMENT|[162]|PSetName|{"s":1,"v":{"Id":"0PS36000000mmnUGAQ","Label":"00e1a000000MWaFAAW","Name":"X00e1a000000MWaFAAW","NamespacePrefix":"shiva15testns","UserLicenseId":"10036000000eSq6AAE","CreatedDate":"2016-03-08T19:00:02.000Z"}}|0x63f1b137
18:56:37.0 (10224870)|STATEMENT_EXECUTE|[162]
18:56:37.0 (10249774)|ENTERING_MANAGED_PKG|
18:56:37.0 (10259733)|STATEMENT_EXECUTE|[163]
18:56:37.0 (10270126)|HEAP_ALLOCATE|[162]|Bytes:5
18:56:37.0 (10293199)|HEAP_ALLOCATE|[162]|Bytes:28
18:56:37.0 (10306938)|VARIABLE_SCOPE_BEGIN|[162]|PSetName|PermissionSet|true|false
18:56:37.0 (10329020)|VARIABLE_ASSIGNMENT|[162]|PSetName|{"s":1,"v":{"Id":"0PS36000000mmnVGAQ","Label":"00e1a000000MWaGAAW","Name":"X00e1a000000MWaGAAW","NamespacePrefix":"shiva15testns","UserLicenseId":"10036000000eSq7AAE","CreatedDate":"2016-03-08T19:00:02.000Z"}}|0x1074172c
18:56:37.0 (10333180)|STATEMENT_EXECUTE|[162]
18:56:37.0 (10356161)|ENTERING_MANAGED_PKG|
18:56:37.0 (10369673)|STATEMENT_EXECUTE|[163]
18:56:37.0 (10380490)|HEAP_ALLOCATE|[162]|Bytes:5
18:56:37.0 (10400983)|HEAP_ALLOCATE|[162]|Bytes:28
18:56:37.0 (10409187)|VARIABLE_SCOPE_BEGIN|[162]|PSetName|PermissionSet|true|false
18:56:37.0 (10434053)|VARIABLE_ASSIGNMENT|[162]|PSetName|{"s":1,"v":{"Id":"0PS36000000mmnWGAQ","Label":"00e1a000000MWaHAAW","Name":"X00e1a000000MWaHAAW","NamespacePrefix":"shiva15testns","UserLicenseId":"10036000000eSq8AAE","CreatedDate":"2016-03-08T19:00:02.000Z"}}|0x32012527
18:56:37.0 (10438499)|STATEMENT_EXECUTE|[162]
18:56:37.0 (10460691)|ENTERING_MANAGED_PKG|
18:56:37.0 (10472693)|STATEMENT_EXECUTE|[163]
18:56:37.0 (10487430)|HEAP_ALLOCATE|[162]|Bytes:5
18:56:37.0 (10506489)|HEAP_ALLOCATE|[162]|Bytes:28
18:56:37.0 (10514957)|VARIABLE_SCOPE_BEGIN|[162]|PSetName|PermissionSet|true|false
18:56:37.0 (10541423)|VARIABLE_ASSIGNMENT|[162]|PSetName|{"s":1,"v":{"Id":"0PS36000000mmnXGAQ","Label":"00e1a000000MWaIAAW","Name":"X00e1a000000MWaIAAW","NamespacePrefix":"shiva15testns","UserLicenseId":"10036000000eSq9AAE","CreatedDate":"2016-03-08T19:00:02.000Z"}}|0x4260837c
18:56:37.0 (10546197)|STATEMENT_EXECUTE|[162]
18:56:37.0 (10570173)|ENTERING_MANAGED_PKG|
18:56:37.0 (10580274)|STATEMENT_EXECUTE|[163]
18:56:37.0 (10590722)|HEAP_ALLOCATE|[162]|Bytes:5
18:56:37.0 (10617198)|HEAP_ALLOCATE|[162]|Bytes:28
18:56:37.0 (10628760)|VARIABLE_SCOPE_BEGIN|[162]|PSetName|PermissionSet|true|false
18:56:37.0 (10651075)|VARIABLE_ASSIGNMENT|[162]|PSetName|{"s":1,"v":{"Id":"0PS36000000mmnYGAQ","Label":"00e1a000000MWaJAAW","Name":"X00e1a000000MWaJAAW","NamespacePrefix":"shiva15testns","UserLicenseId":"10036000000eSqAAAU","CreatedDate":"2016-03-08T19:00:02.000Z"}}|0x2cf6fa0e
18:56:37.0 (10655158)|STATEMENT_EXECUTE|[162]
18:56:37.0 (10678443)|ENTERING_MANAGED_PKG|
18:56:37.0 (10691540)|STATEMENT_EXECUTE|[163]
18:56:37.0 (10702376)|HEAP_ALLOCATE|[162]|Bytes:5
18:56:37.0 (10721073)|HEAP_ALLOCATE|[162]|Bytes:28
18:56:37.0 (10729005)|VARIABLE_SCOPE_BEGIN|[162]|PSetName|PermissionSet|true|false
18:56:37.0 (10750532)|VARIABLE_ASSIGNMENT|[162]|PSetName|{"s":1,"v":{"Id":"0PS36000000mmnZGAQ","Label":"00e1a000000MWaKAAW","Name":"X00e1a000000MWaKAAW","NamespacePrefix":"shiva15testns","UserLicenseId":"10036000000eSqBAAU","CreatedDate":"2016-03-08T19:00:02.000Z"}}|0x1c8b55cb
18:56:37.0 (10754948)|STATEMENT_EXECUTE|[162]
18:56:37.0 (10791657)|ENTERING_MANAGED_PKG|
18:56:37.0 (10809296)|STATEMENT_EXECUTE|[163]
18:56:37.0 (10824937)|HEAP_ALLOCATE|[162]|Bytes:5
18:56:37.0 (10854315)|HEAP_ALLOCATE|[162]|Bytes:28
18:56:37.0 (10867917)|VARIABLE_SCOPE_BEGIN|[162]|PSetName|PermissionSet|true|false
18:56:37.0 (10894019)|VARIABLE_ASSIGNMENT|[162]|PSetName|{"s":1,"v":{"Id":"0PS36000000mmnaGAA","Label":"00e1a000000MWaLAAW","Name":"X00e1a000000MWaLAAW","NamespacePrefix":"shiva15testns","UserLicenseId":"10036000000eSqCAAU","CreatedDate":"2016-03-08T19:00:02.000Z"}}|0x27186360
18:56:37.0 (10898279)|STATEMENT_EXECUTE|[162]
18:56:37.0 (10920101)|ENTERING_MANAGED_PKG|
18:56:37.0 (10929835)|STATEMENT_EXECUTE|[163]
18:56:37.0 (10940205)|HEAP_ALLOCATE|[162]|Bytes:5
18:56:37.0 (10958963)|HEAP_ALLOCATE|[162]|Bytes:28
18:56:37.0 (10966260)|VARIABLE_SCOPE_BEGIN|[162]|PSetName|PermissionSet|true|false
18:56:37.0 (10987651)|VARIABLE_ASSIGNMENT|[162]|PSetName|{"s":1,"v":{"Id":"0PS36000000mmnbGAA","Label":"00e1a000000MWaMAAW","Name":"X00e1a000000MWaMAAW","NamespacePrefix":"shiva15testns","UserLicenseId":"10036000000eSqDAAU","CreatedDate":"2016-03-08T19:00:02.000Z"}}|0x61256f9c
18:56:37.0 (10992289)|STATEMENT_EXECUTE|[162]
18:56:37.0 (11012662)|ENTERING_MANAGED_PKG|
18:56:37.0 (11023166)|STATEMENT_EXECUTE|[163]
18:56:37.0 (11033417)|HEAP_ALLOCATE|[162]|Bytes:5
18:56:37.0 (11051768)|HEAP_ALLOCATE|[162]|Bytes:28
18:56:37.0 (11059041)|VARIABLE_SCOPE_BEGIN|[162]|PSetName|PermissionSet|true|false
18:56:37.0 (11081121)|VARIABLE_ASSIGNMENT|[162]|PSetName|{"s":1,"v":{"Id":"0PS36000000mmncGAA","Label":"00e1a000000MWaNAAW","Name":"X00e1a000000MWaNAAW","NamespacePrefix":"shiva15testns","UserLicenseId":"10036000000eSqEAAU","CreatedDate":"2016-03-08T19:00:02.000Z"}}|0x7a18df3c
18:56:37.0 (11085288)|STATEMENT_EXECUTE|[162]
18:56:37.0 (11105270)|ENTERING_MANAGED_PKG|
18:56:37.0 (11114897)|STATEMENT_EXECUTE|[163]
18:56:37.0 (11126100)|HEAP_ALLOCATE|[162]|Bytes:5
18:56:37.0 (11151721)|HEAP_ALLOCATE|[162]|Bytes:28
18:56:37.0 (11162738)|VARIABLE_SCOPE_BEGIN|[162]|PSetName|PermissionSet|true|false
18:56:37.0 (11186630)|VARIABLE_ASSIGNMENT|[162]|PSetName|{"s":1,"v":{"Id":"0PS36000000mmndGAA","Label":"00e1a000000MWaOAAW","Name":"X00e1a000000MWaOAAW","NamespacePrefix":"shiva15testns","UserLicenseId":"10036000000eSqFAAU","CreatedDate":"2016-03-08T19:00:02.000Z"}}|0x3c7be8b9
18:56:37.0 (11191005)|STATEMENT_EXECUTE|[162]
18:56:37.0 (11215489)|ENTERING_MANAGED_PKG|
18:56:37.0 (11225208)|STATEMENT_EXECUTE|[163]
18:56:37.0 (11235486)|HEAP_ALLOCATE|[162]|Bytes:5
18:56:37.0 (11256792)|HEAP_ALLOCATE|[162]|Bytes:28
18:56:37.0 (11267578)|VARIABLE_SCOPE_BEGIN|[162]|PSetName|PermissionSet|true|false
18:56:37.0 (11289808)|VARIABLE_ASSIGNMENT|[162]|PSetName|{"s":1,"v":{"Id":"0PS36000000mmneGAA","Label":"00e1a000000MWaPAAW","Name":"X00e1a000000MWaPAAW","NamespacePrefix":"shiva15testns","UserLicenseId":"10036000000eSqGAAU","CreatedDate":"2016-03-08T19:00:02.000Z"}}|0x581c9f35
18:56:37.0 (11294235)|STATEMENT_EXECUTE|[162]
18:56:37.0 (11317493)|ENTERING_MANAGED_PKG|
18:56:37.0 (11330533)|STATEMENT_EXECUTE|[163]
18:56:37.0 (11341357)|HEAP_ALLOCATE|[162]|Bytes:5
18:56:37.0 (11360141)|HEAP_ALLOCATE|[162]|Bytes:28
18:56:37.0 (11368059)|VARIABLE_SCOPE_BEGIN|[162]|PSetName|PermissionSet|true|false
18:56:37.0 (11394490)|VARIABLE_ASSIGNMENT|[162]|PSetName|{"s":1,"v":{"Id":"0PS36000000mmnfGAA","Label":"00e1a000000MWaQAAW","Name":"X00e1a000000MWaQAAW","NamespacePrefix":"shiva15testns","UserLicenseId":"10036000000eSqHAAU","CreatedDate":"2016-03-08T19:00:02.000Z"}}|0x128f5225
18:56:37.0 (11399016)|STATEMENT_EXECUTE|[162]
18:56:37.0 (11420311)|ENTERING_MANAGED_PKG|
18:56:37.0 (11433251)|STATEMENT_EXECUTE|[163]
18:56:37.0 (11444273)|HEAP_ALLOCATE|[162]|Bytes:5
18:56:37.0 (11466523)|HEAP_ALLOCATE|[162]|Bytes:28
18:56:37.0 (11473959)|VARIABLE_SCOPE_BEGIN|[162]|PSetName|PermissionSet|true|false
18:56:37.0 (11495702)|VARIABLE_ASSIGNMENT|[162]|PSetName|{"s":1,"v":{"Id":"0PS36000000mmngGAA","Label":"00e1a000000MWaRAAW","Name":"X00e1a000000MWaRAAW","NamespacePrefix":"shiva15testns","UserLicenseId":"10036000000eSqIAAU","CreatedDate":"2016-03-08T19:00:02.000Z"}}|0x2e528e77
18:56:37.0 (11500138)|STATEMENT_EXECUTE|[162]
18:56:37.0 (11526859)|ENTERING_MANAGED_PKG|
18:56:37.0 (11537274)|STATEMENT_EXECUTE|[163]
18:56:37.0 (11547819)|HEAP_ALLOCATE|[162]|Bytes:5
18:56:37.0 (11569593)|HEAP_ALLOCATE|[162]|Bytes:28
18:56:37.0 (11582646)|VARIABLE_SCOPE_BEGIN|[162]|PSetName|PermissionSet|true|false
18:56:37.0 (11608782)|VARIABLE_ASSIGNMENT|[162]|PSetName|{"s":1,"v":{"Id":"0PS36000000mmnhGAA","Label":"00e1a000000MWaSAAW","Name":"X00e1a000000MWaSAAW","NamespacePrefix":"shiva15testns","UserLicenseId":"10036000000eSqJAAU","CreatedDate":"2016-03-08T19:00:02.000Z"}}|0x4d0f9524
18:56:37.0 (11613111)|STATEMENT_EXECUTE|[162]
18:56:37.0 (11634482)|ENTERING_MANAGED_PKG|
18:56:37.0 (11644071)|STATEMENT_EXECUTE|[163]
18:56:37.0 (11654659)|HEAP_ALLOCATE|[162]|Bytes:5
18:56:37.0 (11672874)|HEAP_ALLOCATE|[162]|Bytes:28
18:56:37.0 (11680467)|VARIABLE_SCOPE_BEGIN|[162]|PSetName|PermissionSet|true|false
18:56:37.0 (11701477)|VARIABLE_ASSIGNMENT|[162]|PSetName|{"s":1,"v":{"Id":"0PS36000000mmniGAA","Label":"00e1a000000MWaTAAW","Name":"X00e1a000000MWaTAAW","NamespacePrefix":"shiva15testns","UserLicenseId":"10036000000eSqJAAU","CreatedDate":"2016-03-08T19:00:02.000Z"}}|0x71d64e87
18:56:37.0 (11705419)|STATEMENT_EXECUTE|[162]
18:56:37.0 (11742842)|ENTERING_MANAGED_PKG|
18:56:37.0 (11758760)|STATEMENT_EXECUTE|[163]
18:56:37.0 (11774169)|HEAP_ALLOCATE|[162]|Bytes:5
18:56:37.0 (11804892)|HEAP_ALLOCATE|[162]|Bytes:28
18:56:37.0 (11815003)|VARIABLE_SCOPE_BEGIN|[162]|PSetName|PermissionSet|true|false
18:56:37.0 (11838013)|VARIABLE_ASSIGNMENT|[162]|PSetName|{"s":1,"v":{"Id":"0PS36000000mmnjGAA","Label":"00e1a000000MWaUAAW","Name":"X00e1a000000MWaUAAW","NamespacePrefix":"shiva15testns","UserLicenseId":"10036000000eSqKAAU","CreatedDate":"2016-03-08T19:00:02.000Z"}}|0x19a024e2
18:56:37.0 (11842229)|STATEMENT_EXECUTE|[162]
18:56:37.0 (11863693)|ENTERING_MANAGED_PKG|
18:56:37.0 (11873789)|STATEMENT_EXECUTE|[163]
18:56:37.0 (11884076)|HEAP_ALLOCATE|[162]|Bytes:5
18:56:37.0 (11902791)|HEAP_ALLOCATE|[162]|Bytes:28
18:56:37.0 (11909843)|VARIABLE_SCOPE_BEGIN|[162]|PSetName|PermissionSet|true|false
18:56:37.0 (11931065)|VARIABLE_ASSIGNMENT|[162]|PSetName|{"s":1,"v":{"Id":"0PS36000000mmnlGAA","Label":"00e1a000000N1LRAA0","Name":"X00e1a000000N1LRAA0","NamespacePrefix":"shiva15testns","UserLicenseId":"10036000000eSqLAAU","CreatedDate":"2016-03-08T19:00:02.000Z"}}|0x233b3097
18:56:37.0 (11935354)|STATEMENT_EXECUTE|[162]
18:56:37.0 (11957919)|ENTERING_MANAGED_PKG|
18:56:37.0 (11969207)|STATEMENT_EXECUTE|[163]
18:56:37.0 (11983655)|HEAP_ALLOCATE|[162]|Bytes:5
18:56:37.0 (12002920)|HEAP_ALLOCATE|[162]|Bytes:28
18:56:37.0 (12013431)|VARIABLE_SCOPE_BEGIN|[162]|PSetName|PermissionSet|true|false
18:56:37.0 (12038529)|VARIABLE_ASSIGNMENT|[162]|PSetName|{"s":1,"v":{"Id":"0PS36000000mmnmGAA","Label":"00e1a000000N1LSAA0","Name":"X00e1a000000N1LSAA0","NamespacePrefix":"shiva15testns","UserLicenseId":"10036000000eSqMAAU","CreatedDate":"2016-03-08T19:00:02.000Z"}}|0x12ac3761
18:56:37.0 (12043308)|STATEMENT_EXECUTE|[162]
18:56:37.0 (12064627)|ENTERING_MANAGED_PKG|
18:56:37.0 (12077075)|STATEMENT_EXECUTE|[163]
18:56:37.0 (12088835)|HEAP_ALLOCATE|[162]|Bytes:5
18:56:37.0 (12111769)|HEAP_ALLOCATE|[162]|Bytes:28
18:56:37.0 (12119216)|VARIABLE_SCOPE_BEGIN|[162]|PSetName|PermissionSet|true|false
18:56:37.0 (12143295)|VARIABLE_ASSIGNMENT|[162]|PSetName|{"s":1,"v":{"Id":"0PS36000000mmnnGAA","Label":"00e1a000000N1wKAAS","Name":"X00e1a000000N1wKAAS","NamespacePrefix":"shiva15testns","UserLicenseId":"10036000000eSqNAAU","CreatedDate":"2016-03-08T19:00:02.000Z"}}|0x51cdf1c5
18:56:37.0 (12150880)|STATEMENT_EXECUTE|[162]
18:56:37.0 (12172334)|ENTERING_MANAGED_PKG|
18:56:37.0 (12181837)|STATEMENT_EXECUTE|[163]
18:56:37.0 (12194513)|HEAP_ALLOCATE|[162]|Bytes:5
18:56:37.0 (12217850)|HEAP_ALLOCATE|[162]|Bytes:28
18:56:37.0 (12225742)|VARIABLE_SCOPE_BEGIN|[162]|PSetName|PermissionSet|true|false
18:56:37.0 (12250162)|VARIABLE_ASSIGNMENT|[162]|PSetName|{"s":1,"v":{"Id":"0PS36000000mmnoGAA","Label":"00e1a000000N1wLAAS","Name":"X00e1a000000N1wLAAS","NamespacePrefix":"shiva15testns","UserLicenseId":"10036000000eSqNAAU","CreatedDate":"2016-03-08T19:00:02.000Z"}}|0x4952482a
18:56:37.0 (12254621)|STATEMENT_EXECUTE|[162]
18:56:37.0 (12279141)|ENTERING_MANAGED_PKG|
18:56:37.0 (12288944)|STATEMENT_EXECUTE|[163]
18:56:37.0 (12299401)|HEAP_ALLOCATE|[162]|Bytes:5
18:56:37.0 (12321189)|HEAP_ALLOCATE|[162]|Bytes:28
18:56:37.0 (12332268)|VARIABLE_SCOPE_BEGIN|[162]|PSetName|PermissionSet|true|false
18:56:37.0 (12354297)|VARIABLE_ASSIGNMENT|[162]|PSetName|{"s":1,"v":{"Id":"0PS36000000mmnqGAA","Label":"00e1a000000MWaAAAW","Name":"X00e1a000000MWaAAAW","NamespacePrefix":"shiva15testns","UserLicenseId":"10036000000eSq1AAE","CreatedDate":"2016-03-08T19:00:02.000Z"}}|0x3397761f
18:56:37.0 (12358400)|STATEMENT_EXECUTE|[162]
18:56:37.0 (12381948)|ENTERING_MANAGED_PKG|
18:56:37.0 (12394851)|STATEMENT_EXECUTE|[163]
18:56:37.0 (12405611)|HEAP_ALLOCATE|[162]|Bytes:5
18:56:37.0 (12424975)|HEAP_ALLOCATE|[162]|Bytes:32
18:56:37.0 (12432321)|VARIABLE_SCOPE_BEGIN|[162]|PSetName|PermissionSet|true|false
18:56:37.0 (12456164)|VARIABLE_ASSIGNMENT|[162]|PSetName|{"s":1,"v":{"Id":"0PS36000000q71PGAQ","Label":"PermissionSet_Test","Name":"PermissionSet_Test","Description":"This is for testing  (11 more) ...","NamespacePrefix":"shiva15testns","UserLicenseId":"10036000000eSpyAAE","CreatedDate":"2016-03-20T22:41:12.000Z"}}|0x40735833
18:56:37.0 (12460662)|STATEMENT_EXECUTE|[162]
18:56:37.0 (12481389)|ENTERING_MANAGED_PKG|
18:56:37.0 (12491268)|STATEMENT_EXECUTE|[163]
18:56:37.0 (12492885)|STATEMENT_EXECUTE|[164]
18:56:37.0 (12496900)|HEAP_ALLOCATE|[164]|Bytes:52
18:56:37.0 (12504051)|HEAP_ALLOCATE|[164]|Bytes:4
18:56:37.0 (12512704)|HEAP_ALLOCATE|[164]|Bytes:7
18:56:37.0 (13383726)|SOQL_EXECUTE_BEGIN|[164]|Aggregations:0|SELECT Id, Name FROM UserLicense WHERE Id = :tmpVar1
18:56:37.0 (15152845)|SOQL_EXECUTE_END|[164]|Rows:1
18:56:37.0 (15166284)|HEAP_ALLOCATE|[164]|Bytes:8
18:56:37.0 (15176384)|HEAP_ALLOCATE|[164]|Bytes:47
18:56:37.0 (15203986)|HEAP_ALLOCATE|[164]|Bytes:8
18:56:37.0 (15216852)|HEAP_ALLOCATE|[164]|Bytes:37
18:56:37.0 (15285436)|HEAP_ALLOCATE|[164]|Bytes:12
18:56:37.0 (15295017)|VARIABLE_SCOPE_BEGIN|[164]|ulicense|UserLicense|true|false
18:56:37.0 (15315350)|VARIABLE_ASSIGNMENT|[164]|ulicense|{"s":1,"v":{"Id":"10036000000eSpyAAE","Name":"Salesforce"}}|0x54a85805
18:56:37.0 (15319651)|STATEMENT_EXECUTE|[165]
18:56:37.0 (15329229)|HEAP_ALLOCATE|[165]|Bytes:240
18:56:37.0 (15334770)|HEAP_ALLOCATE|[165]|Bytes:39
18:56:37.0 (15358813)|HEAP_ALLOCATE|[165]|Bytes:32
18:56:37.0 (15416355)|ENTERING_MANAGED_PKG|
18:56:37.0 (15450468)|HEAP_ALLOCATE|[165]|Bytes:18
18:56:37.0 (15531917)|ENTERING_MANAGED_PKG|
18:56:37.0 (15561400)|HEAP_ALLOCATE|[165]|Bytes:19
18:56:37.0 (15607518)|CONSTRUCTOR_ENTRY|[165]|01p36000005Jpvx|<init>(String,String,String,String,String,String,String)
18:56:37.0 (15634154)|VARIABLE_SCOPE_BEGIN|[1054]|this|shiva15testns.PermissionSetPortalControllers.PermissionSetClass|true|false
18:56:37.0 (15709329)|VARIABLE_ASSIGNMENT|[1054]|this|{}|0x39983fb0
18:56:37.0 (15714444)|VARIABLE_SCOPE_BEGIN|[1054]|label|String|false|false
18:56:37.0 (15720320)|VARIABLE_ASSIGNMENT|[1054]|label|"PermissionSet_Test"
18:56:37.0 (15722822)|VARIABLE_SCOPE_BEGIN|[1054]|apiName|String|false|false
18:56:37.0 (15726466)|VARIABLE_ASSIGNMENT|[1054]|apiName|"PermissionSet_Test"
18:56:37.0 (15728739)|VARIABLE_SCOPE_BEGIN|[1054]|id|String|false|false
18:56:37.0 (15731825)|VARIABLE_ASSIGNMENT|[1054]|id|"0PS36000000q71PGAQ"
18:56:37.0 (15734031)|VARIABLE_SCOPE_BEGIN|[1054]|description|String|false|false
18:56:37.0 (15738318)|VARIABLE_ASSIGNMENT|[1054]|description|"This is for testing  (11 more) ..."
18:56:37.0 (15740628)|VARIABLE_SCOPE_BEGIN|[1054]|namespacePrefix|String|false|false
18:56:37.0 (15755593)|VARIABLE_ASSIGNMENT|[1054]|namespacePrefix|"shiva15testns"
18:56:37.0 (15761273)|VARIABLE_SCOPE_BEGIN|[1054]|userLicenseId|String|false|false
18:56:37.0 (15768190)|VARIABLE_ASSIGNMENT|[1054]|userLicenseId|"Salesforce"
18:56:37.0 (15772610)|VARIABLE_SCOPE_BEGIN|[1054]|createdDate|String|false|false
18:56:37.0 (15778915)|VARIABLE_ASSIGNMENT|[1054]|createdDate|"2016-03-20 15:41:12"
18:56:37.0 (15784232)|STATEMENT_EXECUTE|[1037]
18:56:37.0 (15787227)|STATEMENT_EXECUTE|[1040]
18:56:37.0 (15790341)|STATEMENT_EXECUTE|[1042]
18:56:37.0 (15792692)|STATEMENT_EXECUTE|[1044]
18:56:37.0 (15794812)|STATEMENT_EXECUTE|[1046]
18:56:37.0 (15796998)|STATEMENT_EXECUTE|[1048]
18:56:37.0 (15799081)|STATEMENT_EXECUTE|[1050]
18:56:37.0 (15801394)|STATEMENT_EXECUTE|[1052]
18:56:37.0 (15813132)|HEAP_ALLOCATE|[1056]|Bytes:6
18:56:37.0 (15856239)|STATEMENT_EXECUTE|[1055]
18:56:37.0 (15860039)|STATEMENT_EXECUTE|[1056]
18:56:37.0 (15948166)|VARIABLE_ASSIGNMENT|[EXTERNAL]|this|{}|0x39983fb0
18:56:37.0 (15956227)|VARIABLE_ASSIGNMENT|[EXTERNAL]|value|"PermissionSet_Test"
18:56:37.0 (15967576)|VARIABLE_ASSIGNMENT|[1040]|this.label|"PermissionSet_Test"|0x39983fb0
18:56:37.0 (15975438)|STATEMENT_EXECUTE|[1057]
18:56:37.0 (16028897)|VARIABLE_ASSIGNMENT|[EXTERNAL]|this|{"label":"PermissionSet_Test"}|0x39983fb0
18:56:37.0 (16036579)|VARIABLE_ASSIGNMENT|[EXTERNAL]|value|"PermissionSet_Test"
18:56:37.0 (16044964)|VARIABLE_ASSIGNMENT|[1042]|this.apiName|"PermissionSet_Test"|0x39983fb0
18:56:37.0 (16052335)|STATEMENT_EXECUTE|[1058]
18:56:37.0 (16108216)|VARIABLE_ASSIGNMENT|[EXTERNAL]|this|{"apiName":"PermissionSet_Test","label":"PermissionSet_Test"}|0x39983fb0
18:56:37.0 (16115043)|VARIABLE_ASSIGNMENT|[EXTERNAL]|value|"0PS36000000q71PGAQ"
18:56:37.0 (16122880)|VARIABLE_ASSIGNMENT|[1044]|this.id|"0PS36000000q71PGAQ"|0x39983fb0
18:56:37.0 (16130008)|STATEMENT_EXECUTE|[1059]
18:56:37.0 (16181513)|VARIABLE_ASSIGNMENT|[EXTERNAL]|this|{"apiName":"PermissionSet_Test","id":"0PS36000000q71PGAQ","label":"PermissionSet_Test"}|0x39983fb0
18:56:37.0 (16189770)|VARIABLE_ASSIGNMENT|[EXTERNAL]|value|"This is for testing  (11 more) ..."
18:56:37.0 (16200641)|VARIABLE_ASSIGNMENT|[1046]|this.description|"This is for testing  (11 more) ..."|0x39983fb0
18:56:37.0 (16209894)|STATEMENT_EXECUTE|[1060]
18:56:37.0 (16272400)|VARIABLE_ASSIGNMENT|[EXTERNAL]|this|{"apiName":"PermissionSet_Test","description":"This is for testing  (11 more) ...","id":"0PS36000000q71PGAQ","label":"PermissionSet_Test"}|0x39983fb0
18:56:37.0 (16283485)|VARIABLE_ASSIGNMENT|[EXTERNAL]|value|"shiva15testns"
18:56:37.0 (16292735)|VARIABLE_ASSIGNMENT|[1048]|this.namespacePrefix|"shiva15testns"|0x39983fb0
18:56:37.0 (16300140)|STATEMENT_EXECUTE|[1061]
18:56:37.0 (16361877)|VARIABLE_ASSIGNMENT|[EXTERNAL]|this|{"apiName":"PermissionSet_Test","description":"This is for testing  (11 more) ...","id":"0PS36000000q71PGAQ","label":"PermissionSet_Test","namespacePrefix":"shiva15testns"}|0x39983fb0
18:56:37.0 (16369127)|VARIABLE_ASSIGNMENT|[EXTERNAL]|value|"Salesforce"
18:56:37.0 (16380727)|VARIABLE_ASSIGNMENT|[1050]|this.userLicenseId|"Salesforce"|0x39983fb0
18:56:37.0 (16388441)|STATEMENT_EXECUTE|[1062]
18:56:37.0 (16449215)|VARIABLE_ASSIGNMENT|[EXTERNAL]|this|{"apiName":"PermissionSet_Test","description":"This is for testing  (11 more) ...","id":"0PS36000000q71PGAQ","label":"PermissionSet_Test","namespacePrefix":"shiva15testns","userLicenseId":"Salesforce"}|0x39983fb0
18:56:37.0 (16457471)|VARIABLE_ASSIGNMENT|[EXTERNAL]|value|"2016-03-20 15:41:12"
18:56:37.0 (16469984)|VARIABLE_ASSIGNMENT|[1052]|this.createdDate|"2016-03-20 15:41:12"|0x39983fb0
18:56:37.0 (16485302)|CONSTRUCTOR_EXIT|[165]|01p36000005Jpvx|<init>(String,String,String,String,String,String,String)
18:56:37.0 (16513532)|VARIABLE_ASSIGNMENT|[165]|pSetObj|{"apiName":"PermissionSet_Test","createdDate":"2016-03-20 15:41:12","description":"This is for testing  (11 more) ...","id":"0PS36000000q71PGAQ","label":"PermissionSet_Test","namespacePrefix":"shiva15testns","userLicenseId":"Salesforce"}|0x39983fb0
18:56:37.0 (16520772)|STATEMENT_EXECUTE|[167]
18:56:37.0 (16537459)|ENTERING_MANAGED_PKG|
18:56:37.0 (16565062)|HEAP_ALLOCATE|[EXTERNAL]|Bytes:4
18:56:37.0 (16574627)|STATEMENT_EXECUTE|[168]
18:56:37.0 (16792741)|HEAP_ALLOCATE|[168]|Bytes:24
18:56:37.0 (16814370)|ENTERING_MANAGED_PKG|
18:56:37.0 (16884897)|HEAP_ALLOCATE|[168]|Bytes:231
18:56:37.0 (16907925)|HEAP_ALLOCATE|[168]|Bytes:255
18:56:37.0 (16932355)|ENTERING_MANAGED_PKG|
18:56:37.0 (16960510)|USER_DEBUG|[168]|ERROR|The PermissionSet Name: PermissionSet:{Id=0PS36000000q71PGAQ, Label=PermissionSet_Test, Name=PermissionSet_Test, Description=This is for testing Description, NamespacePrefix=shiva15testns, UserLicenseId=10036000000eSpyAAE, CreatedDate=2016-03-20 22:41:12}
18:56:37.0 (16979538)|HEAP_ALLOCATE|[162]|Bytes:5
18:56:37.0 (17002512)|HEAP_ALLOCATE|[162]|Bytes:32
18:56:37.0 (17012047)|VARIABLE_SCOPE_BEGIN|[162]|PSetName|PermissionSet|true|false
18:56:37.0 (17044939)|VARIABLE_ASSIGNMENT|[162]|PSetName|{"s":1,"v":{"Id":"0PS360000016pyOGAQ","Label":"Final_Test","Name":"Final_Test","Description":"Descp","NamespacePrefix":"shiva15testns","UserLicenseId":"10036000000eSpyAAE","CreatedDate":"2016-05-03T01:36:03.000Z"}}|0x7e0eda21
18:56:37.0 (17050438)|STATEMENT_EXECUTE|[162]
18:56:37.0 (17077729)|ENTERING_MANAGED_PKG|
18:56:37.0 (17088596)|STATEMENT_EXECUTE|[163]
18:56:37.0 (17090283)|STATEMENT_EXECUTE|[164]
18:56:37.0 (17097028)|HEAP_ALLOCATE|[164]|Bytes:4
18:56:37.0 (17251713)|SOQL_EXECUTE_BEGIN|[164]|Aggregations:0|SELECT Id, Name FROM UserLicense WHERE Id = :tmpVar1
18:56:37.0 (18865279)|SOQL_EXECUTE_END|[164]|Rows:1
18:56:37.0 (18877411)|HEAP_ALLOCATE|[164]|Bytes:8
18:56:37.0 (18887456)|HEAP_ALLOCATE|[164]|Bytes:47
18:56:37.0 (18901237)|HEAP_ALLOCATE|[164]|Bytes:8
18:56:37.0 (18929799)|HEAP_ALLOCATE|[164]|Bytes:12
18:56:37.0 (18938221)|VARIABLE_SCOPE_BEGIN|[164]|ulicense|UserLicense|true|false
18:56:37.0 (18968740)|VARIABLE_ASSIGNMENT|[164]|ulicense|{"s":1,"v":{"Id":"10036000000eSpyAAE","Name":"Salesforce"}}|0x5df0b35c
18:56:37.0 (18974995)|STATEMENT_EXECUTE|[165]
18:56:37.0 (18982555)|HEAP_ALLOCATE|[165]|Bytes:32
18:56:37.0 (19016963)|ENTERING_MANAGED_PKG|
18:56:37.0 (19024527)|HEAP_ALLOCATE|[165]|Bytes:18
18:56:37.0 (19068624)|ENTERING_MANAGED_PKG|
18:56:37.0 (19082587)|HEAP_ALLOCATE|[165]|Bytes:19
18:56:37.0 (19102195)|CONSTRUCTOR_ENTRY|[165]|01p36000005Jpvx|<init>(String,String,String,String,String,String,String)
18:56:37.0 (19108186)|VARIABLE_SCOPE_BEGIN|[1054]|this|shiva15testns.PermissionSetPortalControllers.PermissionSetClass|true|false
18:56:37.0 (19130410)|VARIABLE_ASSIGNMENT|[1054]|this|{}|0x10bbc0
18:56:37.0 (19133621)|VARIABLE_SCOPE_BEGIN|[1054]|label|String|false|false
18:56:37.0 (19138283)|VARIABLE_ASSIGNMENT|[1054]|label|"Final_Test"
18:56:37.0 (19140286)|VARIABLE_SCOPE_BEGIN|[1054]|apiName|String|false|false
18:56:37.0 (19143348)|VARIABLE_ASSIGNMENT|[1054]|apiName|"Final_Test"
18:56:37.0 (19145229)|VARIABLE_SCOPE_BEGIN|[1054]|id|String|false|false
18:56:37.0 (19148807)|VARIABLE_ASSIGNMENT|[1054]|id|"0PS360000016pyOGAQ"
18:56:37.0 (19150658)|VARIABLE_SCOPE_BEGIN|[1054]|description|String|false|false
18:56:37.0 (19153364)|VARIABLE_ASSIGNMENT|[1054]|description|"Descp"
18:56:37.0 (19155164)|VARIABLE_SCOPE_BEGIN|[1054]|namespacePrefix|String|false|false
18:56:37.0 (19158014)|VARIABLE_ASSIGNMENT|[1054]|namespacePrefix|"shiva15testns"
18:56:37.0 (19159816)|VARIABLE_SCOPE_BEGIN|[1054]|userLicenseId|String|false|false
18:56:37.0 (19162618)|VARIABLE_ASSIGNMENT|[1054]|userLicenseId|"Salesforce"
18:56:37.0 (19164397)|VARIABLE_SCOPE_BEGIN|[1054]|createdDate|String|false|false
18:56:37.0 (19167390)|VARIABLE_ASSIGNMENT|[1054]|createdDate|"2016-05-02 18:36:03"
18:56:37.0 (19170448)|STATEMENT_EXECUTE|[1037]
18:56:37.0 (19171964)|STATEMENT_EXECUTE|[1040]
18:56:37.0 (19173467)|STATEMENT_EXECUTE|[1042]
18:56:37.0 (19174536)|STATEMENT_EXECUTE|[1044]
18:56:37.0 (19175621)|STATEMENT_EXECUTE|[1046]
18:56:37.0 (19176653)|STATEMENT_EXECUTE|[1048]
18:56:37.0 (19177665)|STATEMENT_EXECUTE|[1050]
18:56:37.0 (19178843)|STATEMENT_EXECUTE|[1052]
18:56:37.0 (19189852)|STATEMENT_EXECUTE|[1055]
18:56:37.0 (19191521)|STATEMENT_EXECUTE|[1056]
18:56:37.0 (19212670)|VARIABLE_ASSIGNMENT|[EXTERNAL]|this|{}|0x10bbc0
18:56:37.0 (19218165)|VARIABLE_ASSIGNMENT|[EXTERNAL]|value|"Final_Test"
18:56:37.0 (19225690)|VARIABLE_ASSIGNMENT|[1040]|this.label|"Final_Test"|0x10bbc0
18:56:37.0 (19231774)|STATEMENT_EXECUTE|[1057]
18:56:37.0 (19252656)|VARIABLE_ASSIGNMENT|[EXTERNAL]|this|{"label":"Final_Test"}|0x10bbc0
18:56:37.0 (19260580)|VARIABLE_ASSIGNMENT|[EXTERNAL]|value|"Final_Test"
18:56:37.0 (19267739)|VARIABLE_ASSIGNMENT|[1042]|this.apiName|"Final_Test"|0x10bbc0
18:56:37.0 (19280297)|STATEMENT_EXECUTE|[1058]
18:56:37.0 (19304242)|VARIABLE_ASSIGNMENT|[EXTERNAL]|this|{"apiName":"Final_Test","label":"Final_Test"}|0x10bbc0
18:56:37.0 (19312793)|VARIABLE_ASSIGNMENT|[EXTERNAL]|value|"0PS360000016pyOGAQ"
18:56:37.0 (19320592)|VARIABLE_ASSIGNMENT|[1044]|this.id|"0PS360000016pyOGAQ"|0x10bbc0
18:56:37.0 (19332028)|STATEMENT_EXECUTE|[1059]
18:56:37.0 (19356452)|VARIABLE_ASSIGNMENT|[EXTERNAL]|this|{"apiName":"Final_Test","id":"0PS360000016pyOGAQ","label":"Final_Test"}|0x10bbc0
18:56:37.0 (19361877)|VARIABLE_ASSIGNMENT|[EXTERNAL]|value|"Descp"
18:56:37.0 (19368254)|VARIABLE_ASSIGNMENT|[1046]|this.description|"Descp"|0x10bbc0
18:56:37.0 (19376058)|STATEMENT_EXECUTE|[1060]
18:56:37.0 (19404507)|VARIABLE_ASSIGNMENT|[EXTERNAL]|this|{"apiName":"Final_Test","description":"Descp","id":"0PS360000016pyOGAQ","label":"Final_Test"}|0x10bbc0
18:56:37.0 (19410216)|VARIABLE_ASSIGNMENT|[EXTERNAL]|value|"shiva15testns"
18:56:37.0 (19419357)|VARIABLE_ASSIGNMENT|[1048]|this.namespacePrefix|"shiva15testns"|0x10bbc0
18:56:37.0 (19426946)|STATEMENT_EXECUTE|[1061]
18:56:37.0 (19457314)|VARIABLE_ASSIGNMENT|[EXTERNAL]|this|{"apiName":"Final_Test","description":"Descp","id":"0PS360000016pyOGAQ","label":"Final_Test","namespacePrefix":"shiva15testns"}|0x10bbc0
18:56:37.0 (19463111)|VARIABLE_ASSIGNMENT|[EXTERNAL]|value|"Salesforce"
18:56:37.0 (19469775)|VARIABLE_ASSIGNMENT|[1050]|this.userLicenseId|"Salesforce"|0x10bbc0
18:56:37.0 (19476023)|STATEMENT_EXECUTE|[1062]
18:56:37.0 (19501907)|VARIABLE_ASSIGNMENT|[EXTERNAL]|this|{"apiName":"Final_Test","description":"Descp","id":"0PS360000016pyOGAQ","label":"Final_Test","namespacePrefix":"shiva15testns","userLicenseId":"Salesforce"}|0x10bbc0
18:56:37.0 (19508190)|VARIABLE_ASSIGNMENT|[EXTERNAL]|value|"2016-05-02 18:36:03"
18:56:37.0 (19518211)|VARIABLE_ASSIGNMENT|[1052]|this.createdDate|"2016-05-02 18:36:03"|0x10bbc0
18:56:37.0 (19531584)|CONSTRUCTOR_EXIT|[165]|01p36000005Jpvx|<init>(String,String,String,String,String,String,String)
18:56:37.0 (19556906)|VARIABLE_ASSIGNMENT|[165]|pSetObj|{"apiName":"Final_Test","createdDate":"2016-05-02 18:36:03","description":"Descp","id":"0PS360000016pyOGAQ","label":"Final_Test","namespacePrefix":"shiva15testns","userLicenseId":"Salesforce"}|0x10bbc0
18:56:37.0 (19561237)|STATEMENT_EXECUTE|[167]
18:56:37.0 (19577211)|ENTERING_MANAGED_PKG|
18:56:37.0 (19581979)|HEAP_ALLOCATE|[EXTERNAL]|Bytes:4
18:56:37.0 (19587683)|STATEMENT_EXECUTE|[168]
18:56:37.0 (19605350)|ENTERING_MANAGED_PKG|
18:56:37.0 (19657357)|HEAP_ALLOCATE|[168]|Bytes:189
18:56:37.0 (19676640)|HEAP_ALLOCATE|[168]|Bytes:213
18:56:37.0 (19692827)|ENTERING_MANAGED_PKG|
18:56:37.0 (19709273)|USER_DEBUG|[168]|ERROR|The PermissionSet Name: PermissionSet:{Id=0PS360000016pyOGAQ, Label=Final_Test, Name=Final_Test, Description=Descp, NamespacePrefix=shiva15testns, UserLicenseId=10036000000eSpyAAE, CreatedDate=2016-05-03 01:36:03}
18:56:37.0 (19726848)|HEAP_ALLOCATE|[162]|Bytes:5
18:56:37.0 (19753163)|HEAP_ALLOCATE|[162]|Bytes:32
18:56:37.0 (19762025)|VARIABLE_SCOPE_BEGIN|[162]|PSetName|PermissionSet|true|false
18:56:37.0 (19788351)|VARIABLE_ASSIGNMENT|[162]|PSetName|{"s":1,"v":{"Id":"0PS360000016pzlGAA","Label":"Final_Error_Testing","Name":"Final_Error_Testing","Description":"Descp","NamespacePrefix":"shiva15testns","UserLicenseId":"10036000000eSpyAAE","CreatedDate":"2016-05-03T01:41:02.000Z"}}|0x25c6ced2
18:56:37.0 (19792583)|STATEMENT_EXECUTE|[162]
18:56:37.0 (19817801)|ENTERING_MANAGED_PKG|
18:56:37.0 (19828340)|STATEMENT_EXECUTE|[163]
18:56:37.0 (19830353)|STATEMENT_EXECUTE|[164]
18:56:37.0 (19834931)|HEAP_ALLOCATE|[164]|Bytes:4
18:56:37.0 (19969147)|SOQL_EXECUTE_BEGIN|[164]|Aggregations:0|SELECT Id, Name FROM UserLicense WHERE Id = :tmpVar1
18:56:37.0 (21427137)|SOQL_EXECUTE_END|[164]|Rows:1
18:56:37.0 (21439362)|HEAP_ALLOCATE|[164]|Bytes:8
18:56:37.0 (21451322)|HEAP_ALLOCATE|[164]|Bytes:47
18:56:37.0 (21468506)|HEAP_ALLOCATE|[164]|Bytes:8
18:56:37.0 (21499207)|HEAP_ALLOCATE|[164]|Bytes:12
18:56:37.0 (21508312)|VARIABLE_SCOPE_BEGIN|[164]|ulicense|UserLicense|true|false
18:56:37.0 (21529332)|VARIABLE_ASSIGNMENT|[164]|ulicense|{"s":1,"v":{"Id":"10036000000eSpyAAE","Name":"Salesforce"}}|0x754d41a1
18:56:37.0 (21533244)|STATEMENT_EXECUTE|[165]
18:56:37.0 (21538509)|HEAP_ALLOCATE|[165]|Bytes:32
18:56:37.0 (21564123)|ENTERING_MANAGED_PKG|
18:56:37.0 (21568791)|HEAP_ALLOCATE|[165]|Bytes:18
18:56:37.0 (21595835)|ENTERING_MANAGED_PKG|
18:56:37.0 (21615456)|HEAP_ALLOCATE|[165]|Bytes:19
18:56:37.0 (21635785)|CONSTRUCTOR_ENTRY|[165]|01p36000005Jpvx|<init>(String,String,String,String,String,String,String)
18:56:37.0 (21641958)|VARIABLE_SCOPE_BEGIN|[1054]|this|shiva15testns.PermissionSetPortalControllers.PermissionSetClass|true|false
18:56:37.0 (21664170)|VARIABLE_ASSIGNMENT|[1054]|this|{}|0x7696fce2
18:56:37.0 (21667406)|VARIABLE_SCOPE_BEGIN|[1054]|label|String|false|false
18:56:37.0 (21673090)|VARIABLE_ASSIGNMENT|[1054]|label|"Final_Error_Testing"
18:56:37.0 (21675129)|VARIABLE_SCOPE_BEGIN|[1054]|apiName|String|false|false
18:56:37.0 (21678183)|VARIABLE_ASSIGNMENT|[1054]|apiName|"Final_Error_Testing"
18:56:37.0 (21679983)|VARIABLE_SCOPE_BEGIN|[1054]|id|String|false|false
18:56:37.0 (21683058)|VARIABLE_ASSIGNMENT|[1054]|id|"0PS360000016pzlGAA"
18:56:37.0 (21684846)|VARIABLE_SCOPE_BEGIN|[1054]|description|String|false|false
18:56:37.0 (21687824)|VARIABLE_ASSIGNMENT|[1054]|description|"Descp"
18:56:37.0 (21689585)|VARIABLE_SCOPE_BEGIN|[1054]|namespacePrefix|String|false|false
18:56:37.0 (21692482)|VARIABLE_ASSIGNMENT|[1054]|namespacePrefix|"shiva15testns"
18:56:37.0 (21694248)|VARIABLE_SCOPE_BEGIN|[1054]|userLicenseId|String|false|false
18:56:37.0 (21697059)|VARIABLE_ASSIGNMENT|[1054]|userLicenseId|"Salesforce"
18:56:37.0 (21698885)|VARIABLE_SCOPE_BEGIN|[1054]|createdDate|String|false|false
18:56:37.0 (21701957)|VARIABLE_ASSIGNMENT|[1054]|createdDate|"2016-05-02 18:41:02"
18:56:37.0 (21705240)|STATEMENT_EXECUTE|[1037]
18:56:37.0 (21706693)|STATEMENT_EXECUTE|[1040]
18:56:37.0 (21708213)|STATEMENT_EXECUTE|[1042]
18:56:37.0 (21709289)|STATEMENT_EXECUTE|[1044]
18:56:37.0 (21710289)|STATEMENT_EXECUTE|[1046]
18:56:37.0 (21711303)|STATEMENT_EXECUTE|[1048]
18:56:37.0 (21712295)|STATEMENT_EXECUTE|[1050]
18:56:37.0 (21713304)|STATEMENT_EXECUTE|[1052]
18:56:37.0 (21724253)|STATEMENT_EXECUTE|[1055]
18:56:37.0 (21725930)|STATEMENT_EXECUTE|[1056]
18:56:37.0 (21747083)|VARIABLE_ASSIGNMENT|[EXTERNAL]|this|{}|0x7696fce2
18:56:37.0 (21752787)|VARIABLE_ASSIGNMENT|[EXTERNAL]|value|"Final_Error_Testing"
18:56:37.0 (21760261)|VARIABLE_ASSIGNMENT|[1040]|this.label|"Final_Error_Testing"|0x7696fce2
18:56:37.0 (21766341)|STATEMENT_EXECUTE|[1057]
18:56:37.0 (21787571)|VARIABLE_ASSIGNMENT|[EXTERNAL]|this|{"label":"Final_Error_Testing"}|0x7696fce2
18:56:37.0 (21792798)|VARIABLE_ASSIGNMENT|[EXTERNAL]|value|"Final_Error_Testing"
18:56:37.0 (21798934)|VARIABLE_ASSIGNMENT|[1042]|this.apiName|"Final_Error_Testing"|0x7696fce2
18:56:37.0 (21804957)|STATEMENT_EXECUTE|[1058]
18:56:37.0 (21826377)|VARIABLE_ASSIGNMENT|[EXTERNAL]|this|{"apiName":"Final_Error_Testing","label":"Final_Error_Testing"}|0x7696fce2
18:56:37.0 (21831588)|VARIABLE_ASSIGNMENT|[EXTERNAL]|value|"0PS360000016pzlGAA"
18:56:37.0 (21837969)|VARIABLE_ASSIGNMENT|[1044]|this.id|"0PS360000016pzlGAA"|0x7696fce2
18:56:37.0 (21843583)|STATEMENT_EXECUTE|[1059]
18:56:37.0 (21864722)|VARIABLE_ASSIGNMENT|[EXTERNAL]|this|{"apiName":"Final_Error_Testing","id":"0PS360000016pzlGAA","label":"Final_Error_Testing"}|0x7696fce2
18:56:37.0 (21869652)|VARIABLE_ASSIGNMENT|[EXTERNAL]|value|"Descp"
18:56:37.0 (21875777)|VARIABLE_ASSIGNMENT|[1046]|this.description|"Descp"|0x7696fce2
18:56:37.0 (21881289)|STATEMENT_EXECUTE|[1060]
18:56:37.0 (21907670)|VARIABLE_ASSIGNMENT|[EXTERNAL]|this|{"apiName":"Final_Error_Testing","description":"Descp","id":"0PS360000016pzlGAA","label":"Final_Error_Testing"}|0x7696fce2
18:56:37.0 (21933541)|VARIABLE_ASSIGNMENT|[EXTERNAL]|value|"shiva15testns"
18:56:37.0 (21951419)|VARIABLE_ASSIGNMENT|[1048]|this.namespacePrefix|"shiva15testns"|0x7696fce2
18:56:37.0 (21962124)|STATEMENT_EXECUTE|[1061]
18:56:37.0 (22007964)|VARIABLE_ASSIGNMENT|[EXTERNAL]|this|{"apiName":"Final_Error_Testing","description":"Descp","id":"0PS360000016pzlGAA","label":"Final_Error_Testing","namespacePrefix":"shiva15testns"}|0x7696fce2
18:56:37.0 (22020053)|VARIABLE_ASSIGNMENT|[EXTERNAL]|value|"Salesforce"
18:56:37.0 (22034987)|VARIABLE_ASSIGNMENT|[1050]|this.userLicenseId|"Salesforce"|0x7696fce2
18:56:37.0 (22042943)|STATEMENT_EXECUTE|[1062]
18:56:37.0 (22073452)|VARIABLE_ASSIGNMENT|[EXTERNAL]|this|{"apiName":"Final_Error_Testing","description":"Descp","id":"0PS360000016pzlGAA","label":"Final_Error_Testing","namespacePrefix":"shiva15testns","userLicenseId":"Salesforce"}|0x7696fce2
18:56:37.0 (22080102)|VARIABLE_ASSIGNMENT|[EXTERNAL]|value|"2016-05-02 18:41:02"
18:56:37.0 (22090205)|VARIABLE_ASSIGNMENT|[1052]|this.createdDate|"2016-05-02 18:41:02"|0x7696fce2
18:56:37.0 (22104806)|CONSTRUCTOR_EXIT|[165]|01p36000005Jpvx|<init>(String,String,String,String,String,String,String)
18:56:37.0 (22128425)|VARIABLE_ASSIGNMENT|[165]|pSetObj|{"apiName":"Final_Error_Testing","createdDate":"2016-05-02 18:41:02","description":"Descp","id":"0PS360000016pzlGAA","label":"Final_Error_Testing","namespacePrefix":"shiva15testns","userLicenseId":"Salesforce"}|0x7696fce2
18:56:37.0 (22134247)|STATEMENT_EXECUTE|[167]
18:56:37.0 (22147178)|ENTERING_MANAGED_PKG|
18:56:37.0 (22154851)|HEAP_ALLOCATE|[EXTERNAL]|Bytes:4
18:56:37.0 (22160825)|STATEMENT_EXECUTE|[168]
18:56:37.0 (22174887)|ENTERING_MANAGED_PKG|
18:56:37.0 (22229537)|HEAP_ALLOCATE|[168]|Bytes:207
18:56:37.0 (22246266)|HEAP_ALLOCATE|[168]|Bytes:231
18:56:37.0 (22261692)|ENTERING_MANAGED_PKG|
18:56:37.0 (22281212)|USER_DEBUG|[168]|ERROR|The PermissionSet Name: PermissionSet:{Id=0PS360000016pzlGAA, Label=Final_Error_Testing, Name=Final_Error_Testing, Description=Descp, NamespacePrefix=shiva15testns, UserLicenseId=10036000000eSpyAAE, CreatedDate=2016-05-03 01:41:02}
18:56:37.0 (22300093)|HEAP_ALLOCATE|[162]|Bytes:5
18:56:37.0 (22329353)|HEAP_ALLOCATE|[162]|Bytes:32
18:56:37.0 (22338872)|VARIABLE_SCOPE_BEGIN|[162]|PSetName|PermissionSet|true|false
18:56:37.0 (22365990)|VARIABLE_ASSIGNMENT|[162]|PSetName|{"s":1,"v":{"Id":"0PS360000016q17GAA","Label":"PSet_Trying_tesy","Name":"PSet_Trying_tesy","Description":"Descp","NamespacePrefix":"shiva15testns","UserLicenseId":"10036000000eSpyAAE","CreatedDate":"2016-05-03T01:43:28.000Z"}}|0x2d6963fb
18:56:37.0 (22370605)|STATEMENT_EXECUTE|[162]
18:56:37.0 (22393565)|ENTERING_MANAGED_PKG|
18:56:37.0 (22403867)|STATEMENT_EXECUTE|[163]
18:56:37.0 (22405501)|STATEMENT_EXECUTE|[164]
18:56:37.0 (22410075)|HEAP_ALLOCATE|[164]|Bytes:4
18:56:37.0 (22562555)|SOQL_EXECUTE_BEGIN|[164]|Aggregations:0|SELECT Id, Name FROM UserLicense WHERE Id = :tmpVar1
18:56:37.0 (24032234)|SOQL_EXECUTE_END|[164]|Rows:1
18:56:37.0 (24044368)|HEAP_ALLOCATE|[164]|Bytes:8
18:56:37.0 (24054275)|HEAP_ALLOCATE|[164]|Bytes:47
18:56:37.0 (24070000)|HEAP_ALLOCATE|[164]|Bytes:8
18:56:37.0 (24103295)|HEAP_ALLOCATE|[164]|Bytes:12
18:56:37.0 (24111931)|VARIABLE_SCOPE_BEGIN|[164]|ulicense|UserLicense|true|false
18:56:37.0 (24149365)|VARIABLE_ASSIGNMENT|[164]|ulicense|{"s":1,"v":{"Id":"10036000000eSpyAAE","Name":"Salesforce"}}|0x71d2db90
18:56:37.0 (24159027)|STATEMENT_EXECUTE|[165]
18:56:37.0 (24166321)|HEAP_ALLOCATE|[165]|Bytes:32
18:56:37.0 (24200842)|ENTERING_MANAGED_PKG|
18:56:37.0 (24211566)|HEAP_ALLOCATE|[165]|Bytes:18
18:56:37.0 (24259688)|ENTERING_MANAGED_PKG|
18:56:37.0 (24273814)|HEAP_ALLOCATE|[165]|Bytes:19
18:56:37.0 (24294120)|CONSTRUCTOR_ENTRY|[165]|01p36000005Jpvx|<init>(String,String,String,String,String,String,String)
18:56:37.0 (24302113)|VARIABLE_SCOPE_BEGIN|[1054]|this|shiva15testns.PermissionSetPortalControllers.PermissionSetClass|true|false
18:56:37.0 (24329357)|VARIABLE_ASSIGNMENT|[1054]|this|{}|0x5b7824f2
18:56:37.0 (24332817)|VARIABLE_SCOPE_BEGIN|[1054]|label|String|false|false
18:56:37.0 (24338180)|VARIABLE_ASSIGNMENT|[1054]|label|"PSet_Trying_tesy"
18:56:37.0 (24340274)|VARIABLE_SCOPE_BEGIN|[1054]|apiName|String|false|false
18:56:37.0 (24343293)|VARIABLE_ASSIGNMENT|[1054]|apiName|"PSet_Trying_tesy"
18:56:37.0 (24345235)|VARIABLE_SCOPE_BEGIN|[1054]|id|String|false|false
18:56:37.0 (24348379)|VARIABLE_ASSIGNMENT|[1054]|id|"0PS360000016q17GAA"
18:56:37.0 (24350129)|VARIABLE_SCOPE_BEGIN|[1054]|description|String|false|false
18:56:37.0 (24356598)|VARIABLE_ASSIGNMENT|[1054]|description|"Descp"
18:56:37.0 (24358882)|VARIABLE_SCOPE_BEGIN|[1054]|namespacePrefix|String|false|false
18:56:37.0 (24362324)|VARIABLE_ASSIGNMENT|[1054]|namespacePrefix|"shiva15testns"
18:56:37.0 (24364084)|VARIABLE_SCOPE_BEGIN|[1054]|userLicenseId|String|false|false
18:56:37.0 (24366836)|VARIABLE_ASSIGNMENT|[1054]|userLicenseId|"Salesforce"
18:56:37.0 (24368561)|VARIABLE_SCOPE_BEGIN|[1054]|createdDate|String|false|false
18:56:37.0 (24374514)|VARIABLE_ASSIGNMENT|[1054]|createdDate|"2016-05-02 18:43:28"
18:56:37.0 (24377811)|STATEMENT_EXECUTE|[1037]
18:56:37.0 (24379330)|STATEMENT_EXECUTE|[1040]
18:56:37.0 (24381023)|STATEMENT_EXECUTE|[1042]
18:56:37.0 (24382057)|STATEMENT_EXECUTE|[1044]
18:56:37.0 (24383099)|STATEMENT_EXECUTE|[1046]
18:56:37.0 (24384119)|STATEMENT_EXECUTE|[1048]
18:56:37.0 (24385127)|STATEMENT_EXECUTE|[1050]
18:56:37.0 (24386135)|STATEMENT_EXECUTE|[1052]
18:56:37.0 (24397809)|STATEMENT_EXECUTE|[1055]
18:56:37.0 (24399460)|STATEMENT_EXECUTE|[1056]
18:56:37.0 (24426635)|VARIABLE_ASSIGNMENT|[EXTERNAL]|this|{}|0x5b7824f2
18:56:37.0 (24433092)|VARIABLE_ASSIGNMENT|[EXTERNAL]|value|"PSet_Trying_tesy"
18:56:37.0 (24444102)|VARIABLE_ASSIGNMENT|[1040]|this.label|"PSet_Trying_tesy"|0x5b7824f2
18:56:37.0 (24451099)|STATEMENT_EXECUTE|[1057]
18:56:37.0 (24478808)|VARIABLE_ASSIGNMENT|[EXTERNAL]|this|{"label":"PSet_Trying_tesy"}|0x5b7824f2
18:56:37.0 (24484679)|VARIABLE_ASSIGNMENT|[EXTERNAL]|value|"PSet_Trying_tesy"
18:56:37.0 (24494966)|VARIABLE_ASSIGNMENT|[1042]|this.apiName|"PSet_Trying_tesy"|0x5b7824f2
18:56:37.0 (24501564)|STATEMENT_EXECUTE|[1058]
18:56:37.0 (24523989)|VARIABLE_ASSIGNMENT|[EXTERNAL]|this|{"apiName":"PSet_Trying_tesy","label":"PSet_Trying_tesy"}|0x5b7824f2
18:56:37.0 (24529350)|VARIABLE_ASSIGNMENT|[EXTERNAL]|value|"0PS360000016q17GAA"
18:56:37.0 (24535762)|VARIABLE_ASSIGNMENT|[1044]|this.id|"0PS360000016q17GAA"|0x5b7824f2
18:56:37.0 (24541457)|STATEMENT_EXECUTE|[1059]
18:56:37.0 (24563206)|VARIABLE_ASSIGNMENT|[EXTERNAL]|this|{"apiName":"PSet_Trying_tesy","id":"0PS360000016q17GAA","label":"PSet_Trying_tesy"}|0x5b7824f2
18:56:37.0 (24568749)|VARIABLE_ASSIGNMENT|[EXTERNAL]|value|"Descp"
18:56:37.0 (24574933)|VARIABLE_ASSIGNMENT|[1046]|this.description|"Descp"|0x5b7824f2
18:56:37.0 (24580543)|STATEMENT_EXECUTE|[1060]
18:56:37.0 (24608727)|VARIABLE_ASSIGNMENT|[EXTERNAL]|this|{"apiName":"PSet_Trying_tesy","description":"Descp","id":"0PS360000016q17GAA","label":"PSet_Trying_tesy"}|0x5b7824f2
18:56:37.0 (24615243)|VARIABLE_ASSIGNMENT|[EXTERNAL]|value|"shiva15testns"
18:56:37.0 (24622979)|VARIABLE_ASSIGNMENT|[1048]|this.namespacePrefix|"shiva15testns"|0x5b7824f2
18:56:37.0 (24632577)|STATEMENT_EXECUTE|[1061]
18:56:37.0 (24656609)|VARIABLE_ASSIGNMENT|[EXTERNAL]|this|{"apiName":"PSet_Trying_tesy","description":"Descp","id":"0PS360000016q17GAA","label":"PSet_Trying_tesy","namespacePrefix":"shiva15testns"}|0x5b7824f2
18:56:37.0 (24664483)|VARIABLE_ASSIGNMENT|[EXTERNAL]|value|"Salesforce"
18:56:37.0 (24672791)|VARIABLE_ASSIGNMENT|[1050]|this.userLicenseId|"Salesforce"|0x5b7824f2
18:56:37.0 (24679243)|STATEMENT_EXECUTE|[1062]
18:56:37.0 (24707020)|VARIABLE_ASSIGNMENT|[EXTERNAL]|this|{"apiName":"PSet_Trying_tesy","description":"Descp","id":"0PS360000016q17GAA","label":"PSet_Trying_tesy","namespacePrefix":"shiva15testns","userLicenseId":"Salesforce"}|0x5b7824f2
18:56:37.0 (24712954)|VARIABLE_ASSIGNMENT|[EXTERNAL]|value|"2016-05-02 18:43:28"
18:56:37.0 (24719476)|VARIABLE_ASSIGNMENT|[1052]|this.createdDate|"2016-05-02 18:43:28"|0x5b7824f2
18:56:37.0 (24732168)|CONSTRUCTOR_EXIT|[165]|01p36000005Jpvx|<init>(String,String,String,String,String,String,String)
18:56:37.0 (24754105)|VARIABLE_ASSIGNMENT|[165]|pSetObj|{"apiName":"PSet_Trying_tesy","createdDate":"2016-05-02 18:43:28","description":"Descp","id":"0PS360000016q17GAA","label":"PSet_Trying_tesy","namespacePrefix":"shiva15testns","userLicenseId":"Salesforce"}|0x5b7824f2
18:56:37.0 (24758037)|STATEMENT_EXECUTE|[167]
18:56:37.0 (24769491)|ENTERING_MANAGED_PKG|
18:56:37.0 (24773741)|HEAP_ALLOCATE|[EXTERNAL]|Bytes:4
18:56:37.0 (24779312)|STATEMENT_EXECUTE|[168]
18:56:37.0 (24795275)|ENTERING_MANAGED_PKG|
18:56:37.0 (24841096)|HEAP_ALLOCATE|[168]|Bytes:201
18:56:37.0 (24856431)|HEAP_ALLOCATE|[168]|Bytes:225
18:56:37.0 (24868452)|ENTERING_MANAGED_PKG|
18:56:37.0 (24884350)|USER_DEBUG|[168]|ERROR|The PermissionSet Name: PermissionSet:{Id=0PS360000016q17GAA, Label=PSet_Trying_tesy, Name=PSet_Trying_tesy, Description=Descp, NamespacePrefix=shiva15testns, UserLicenseId=10036000000eSpyAAE, CreatedDate=2016-05-03 01:43:28}
18:56:37.0 (24901915)|HEAP_ALLOCATE|[162]|Bytes:5
18:56:37.0 (24924373)|HEAP_ALLOCATE|[162]|Bytes:32
18:56:37.0 (24932962)|VARIABLE_SCOPE_BEGIN|[162]|PSetName|PermissionSet|true|false
18:56:37.0 (24959394)|VARIABLE_ASSIGNMENT|[162]|PSetName|{"s":1,"v":{"Id":"0PS360000016q1MGAQ","Label":"Testing_PSet","Name":"Testing_PSet","Description":"Descp","NamespacePrefix":"shiva15testns","UserLicenseId":"10036000000eSpyAAE","CreatedDate":"2016-05-03T01:46:27.000Z"}}|0x778104a5
18:56:37.0 (24963911)|STATEMENT_EXECUTE|[162]
18:56:37.0 (24986238)|ENTERING_MANAGED_PKG|
18:56:37.0 (24996380)|STATEMENT_EXECUTE|[163]
18:56:37.0 (24998031)|STATEMENT_EXECUTE|[164]
18:56:37.0 (25002874)|HEAP_ALLOCATE|[164]|Bytes:4
18:56:37.0 (25145347)|SOQL_EXECUTE_BEGIN|[164]|Aggregations:0|SELECT Id, Name FROM UserLicense WHERE Id = :tmpVar1
18:56:37.0 (26627989)|SOQL_EXECUTE_END|[164]|Rows:1
18:56:37.0 (26639878)|HEAP_ALLOCATE|[164]|Bytes:8
18:56:37.0 (26649636)|HEAP_ALLOCATE|[164]|Bytes:47
18:56:37.0 (26663152)|HEAP_ALLOCATE|[164]|Bytes:8
18:56:37.0 (26691368)|HEAP_ALLOCATE|[164]|Bytes:12
18:56:37.0 (26699663)|VARIABLE_SCOPE_BEGIN|[164]|ulicense|UserLicense|true|false
18:56:37.0 (26717450)|VARIABLE_ASSIGNMENT|[164]|ulicense|{"s":1,"v":{"Id":"10036000000eSpyAAE","Name":"Salesforce"}}|0x273078dc
18:56:37.0 (26721069)|STATEMENT_EXECUTE|[165]
18:56:37.0 (26726280)|HEAP_ALLOCATE|[165]|Bytes:32
18:56:37.0 (26752091)|ENTERING_MANAGED_PKG|
18:56:37.0 (26756802)|HEAP_ALLOCATE|[165]|Bytes:18
18:56:37.0 (26792916)|ENTERING_MANAGED_PKG|
18:56:37.0 (26806763)|HEAP_ALLOCATE|[165]|Bytes:19
18:56:37.0 (26828768)|CONSTRUCTOR_ENTRY|[165]|01p36000005Jpvx|<init>(String,String,String,String,String,String,String)
18:56:37.0 (26835858)|VARIABLE_SCOPE_BEGIN|[1054]|this|shiva15testns.PermissionSetPortalControllers.PermissionSetClass|true|false
18:56:37.0 (26861688)|VARIABLE_ASSIGNMENT|[1054]|this|{}|0x30e886e4
18:56:37.0 (26865020)|VARIABLE_SCOPE_BEGIN|[1054]|label|String|false|false
18:56:37.0 (26870443)|VARIABLE_ASSIGNMENT|[1054]|label|"Testing_PSet"
18:56:37.0 (26872441)|VARIABLE_SCOPE_BEGIN|[1054]|apiName|String|false|false
18:56:37.0 (26875315)|VARIABLE_ASSIGNMENT|[1054]|apiName|"Testing_PSet"
18:56:37.0 (26877097)|VARIABLE_SCOPE_BEGIN|[1054]|id|String|false|false
18:56:37.0 (26880284)|VARIABLE_ASSIGNMENT|[1054]|id|"0PS360000016q1MGAQ"
18:56:37.0 (26882035)|VARIABLE_SCOPE_BEGIN|[1054]|description|String|false|false
18:56:37.0 (26885361)|VARIABLE_ASSIGNMENT|[1054]|description|"Descp"
18:56:37.0 (26888453)|VARIABLE_SCOPE_BEGIN|[1054]|namespacePrefix|String|false|false
18:56:37.0 (26893329)|VARIABLE_ASSIGNMENT|[1054]|namespacePrefix|"shiva15testns"
18:56:37.0 (26895335)|VARIABLE_SCOPE_BEGIN|[1054]|userLicenseId|String|false|false
18:56:37.0 (26898448)|VARIABLE_ASSIGNMENT|[1054]|userLicenseId|"Salesforce"
18:56:37.0 (26900269)|VARIABLE_SCOPE_BEGIN|[1054]|createdDate|String|false|false
18:56:37.0 (26903396)|VARIABLE_ASSIGNMENT|[1054]|createdDate|"2016-05-02 18:46:27"
18:56:37.0 (26909842)|STATEMENT_EXECUTE|[1037]
18:56:37.0 (26911739)|STATEMENT_EXECUTE|[1040]
18:56:37.0 (26913413)|STATEMENT_EXECUTE|[1042]
18:56:37.0 (26914495)|STATEMENT_EXECUTE|[1044]
18:56:37.0 (26915550)|STATEMENT_EXECUTE|[1046]
18:56:37.0 (26916571)|STATEMENT_EXECUTE|[1048]
18:56:37.0 (26917797)|STATEMENT_EXECUTE|[1050]
18:56:37.0 (26918820)|STATEMENT_EXECUTE|[1052]
18:56:37.0 (26930661)|STATEMENT_EXECUTE|[1055]
18:56:37.0 (26932401)|STATEMENT_EXECUTE|[1056]
18:56:37.0 (26957686)|VARIABLE_ASSIGNMENT|[EXTERNAL]|this|{}|0x30e886e4
18:56:37.0 (26968160)|VARIABLE_ASSIGNMENT|[EXTERNAL]|value|"Testing_PSet"
18:56:37.0 (26976406)|VARIABLE_ASSIGNMENT|[1040]|this.label|"Testing_PSet"|0x30e886e4
18:56:37.0 (26983231)|STATEMENT_EXECUTE|[1057]
18:56:37.0 (27005764)|VARIABLE_ASSIGNMENT|[EXTERNAL]|this|{"label":"Testing_PSet"}|0x30e886e4
18:56:37.0 (27013871)|VARIABLE_ASSIGNMENT|[EXTERNAL]|value|"Testing_PSet"
18:56:37.0 (27021193)|VARIABLE_ASSIGNMENT|[1042]|this.apiName|"Testing_PSet"|0x30e886e4
18:56:37.0 (27030675)|STATEMENT_EXECUTE|[1058]
18:56:37.0 (27054563)|VARIABLE_ASSIGNMENT|[EXTERNAL]|this|{"apiName":"Testing_PSet","label":"Testing_PSet"}|0x30e886e4
18:56:37.0 (27060489)|VARIABLE_ASSIGNMENT|[EXTERNAL]|value|"0PS360000016q1MGAQ"
18:56:37.0 (27070438)|VARIABLE_ASSIGNMENT|[1044]|this.id|"0PS360000016q1MGAQ"|0x30e886e4
18:56:37.0 (27077126)|STATEMENT_EXECUTE|[1059]
18:56:37.0 (27103433)|VARIABLE_ASSIGNMENT|[EXTERNAL]|this|{"apiName":"Testing_PSet","id":"0PS360000016q1MGAQ","label":"Testing_PSet"}|0x30e886e4
18:56:37.0 (27108995)|VARIABLE_ASSIGNMENT|[EXTERNAL]|value|"Descp"
18:56:37.0 (27115322)|VARIABLE_ASSIGNMENT|[1046]|this.description|"Descp"|0x30e886e4
18:56:37.0 (27121343)|STATEMENT_EXECUTE|[1060]
18:56:37.0 (27150576)|VARIABLE_ASSIGNMENT|[EXTERNAL]|this|{"apiName":"Testing_PSet","description":"Descp","id":"0PS360000016q1MGAQ","label":"Testing_PSet"}|0x30e886e4
18:56:37.0 (27156387)|VARIABLE_ASSIGNMENT|[EXTERNAL]|value|"shiva15testns"
18:56:37.0 (27163258)|VARIABLE_ASSIGNMENT|[1048]|this.namespacePrefix|"shiva15testns"|0x30e886e4
18:56:37.0 (27169645)|STATEMENT_EXECUTE|[1061]
18:56:37.0 (27196301)|VARIABLE_ASSIGNMENT|[EXTERNAL]|this|{"apiName":"Testing_PSet","description":"Descp","id":"0PS360000016q1MGAQ","label":"Testing_PSet","namespacePrefix":"shiva15testns"}|0x30e886e4
18:56:37.0 (27205423)|VARIABLE_ASSIGNMENT|[EXTERNAL]|value|"Salesforce"
18:56:37.0 (27212533)|VARIABLE_ASSIGNMENT|[1050]|this.userLicenseId|"Salesforce"|0x30e886e4
18:56:37.0 (27218742)|STATEMENT_EXECUTE|[1062]
18:56:37.0 (27242498)|VARIABLE_ASSIGNMENT|[EXTERNAL]|this|{"apiName":"Testing_PSet","description":"Descp","id":"0PS360000016q1MGAQ","label":"Testing_PSet","namespacePrefix":"shiva15testns","userLicenseId":"Salesforce"}|0x30e886e4
18:56:37.0 (27248401)|VARIABLE_ASSIGNMENT|[EXTERNAL]|value|"2016-05-02 18:46:27"
18:56:37.0 (27254897)|VARIABLE_ASSIGNMENT|[1052]|this.createdDate|"2016-05-02 18:46:27"|0x30e886e4
18:56:37.0 (27267426)|CONSTRUCTOR_EXIT|[165]|01p36000005Jpvx|<init>(String,String,String,String,String,String,String)
18:56:37.0 (27312170)|VARIABLE_ASSIGNMENT|[165]|pSetObj|{"apiName":"Testing_PSet","createdDate":"2016-05-02 18:46:27","description":"Descp","id":"0PS360000016q1MGAQ","label":"Testing_PSet","namespacePrefix":"shiva15testns","userLicenseId":"Salesforce"}|0x30e886e4
18:56:37.0 (27320023)|STATEMENT_EXECUTE|[167]
18:56:37.0 (27341715)|ENTERING_MANAGED_PKG|
18:56:37.0 (27348881)|HEAP_ALLOCATE|[EXTERNAL]|Bytes:4
18:56:37.0 (27357902)|STATEMENT_EXECUTE|[168]
18:56:37.0 (27380709)|ENTERING_MANAGED_PKG|
18:56:37.0 (27436187)|HEAP_ALLOCATE|[168]|Bytes:193
18:56:37.0 (27453831)|HEAP_ALLOCATE|[168]|Bytes:217
18:56:37.0 (27468756)|ENTERING_MANAGED_PKG|
18:56:37.0 (27487875)|USER_DEBUG|[168]|ERROR|The PermissionSet Name: PermissionSet:{Id=0PS360000016q1MGAQ, Label=Testing_PSet, Name=Testing_PSet, Description=Descp, NamespacePrefix=shiva15testns, UserLicenseId=10036000000eSpyAAE, CreatedDate=2016-05-03 01:46:27}
18:56:37.0 (27507061)|HEAP_ALLOCATE|[162]|Bytes:5
18:56:37.0 (27523599)|VARIABLE_ASSIGNMENT|[162]|PSetName|null|
18:56:37.0 (27530554)|STATEMENT_EXECUTE|[171]
18:56:37.0 (27541934)|SYSTEM_MODE_EXIT|false
18:56:37.27 (27585009)|CUMULATIVE_LIMIT_USAGE
18:56:37.27 (27585009)|LIMIT_USAGE_FOR_NS|(default)|
  Number of SOQL queries: 0 out of 100
  Number of query rows: 0 out of 50000
  Number of SOSL queries: 0 out of 20
  Number of DML statements: 0 out of 150
  Number of DML rows: 0 out of 10000
  Maximum CPU time: 0 out of 10000
  Maximum heap size: 0 out of 6000000
  Number of callouts: 0 out of 100
  Number of Email Invocations: 0 out of 10
  Number of future calls: 0 out of 50
  Number of queueable jobs added to the queue: 0 out of 50
  Number of Mobile Apex push calls: 0 out of 10

18:56:37.27 (27585009)|LIMIT_USAGE_FOR_NS|shiva15testns|
  Number of SOQL queries: 6 out of 100
  Number of query rows: 46 out of 50000
  Number of SOSL queries: 0 out of 20
  Number of DML statements: 0 out of 150
  Number of DML rows: 0 out of 10000
  Maximum CPU time: 0 out of 10000
  Maximum heap size: 0 out of 6000000
  Number of callouts: 0 out of 100
  Number of Email Invocations: 0 out of 10
  Number of future calls: 0 out of 50
  Number of queueable jobs added to the queue: 0 out of 50
  Number of Mobile Apex push calls: 0 out of 10

18:56:37.27 (27585009)|CUMULATIVE_LIMIT_USAGE_END

18:56:37.0 (27633163)|CODE_UNIT_FINISHED|PermissionSetPortalControllers.getAllPermissionSets
18:56:37.0 (30035985)|EXECUTION_FINISHED
18:56:37.32 (32387383)|EXECUTION_STARTED
18:56:37.32 (32397756)|CODE_UNIT_STARTED|[EXTERNAL]|Aura
18:56:37.32 (32444087)|CODE_UNIT_FINISHED|Aura
18:56:37.32 (33845614)|EXECUTION_FINISHED
18:56:37.35 (35247330)|EXECUTION_STARTED
18:56:37.35 (35255884)|CODE_UNIT_STARTED|[EXTERNAL]|Aura
18:56:37.35 (35297668)|CODE_UNIT_FINISHED|Aura
18:56:37.35 (36442716)|EXECUTION_FINISHED
18:56:37.37 (37426106)|EXECUTION_STARTED
18:56:37.37 (37436643)|CODE_UNIT_STARTED|[EXTERNAL]|Aura
18:56:37.37 (37474826)|CODE_UNIT_FINISHED|Aura
18:56:37.37 (38837984)|EXECUTION_FINISHED
18:56:37.40 (40316267)|EXECUTION_STARTED
18:56:37.40 (40324887)|CODE_UNIT_STARTED|[EXTERNAL]|Aura
18:56:37.40 (40363444)|CODE_UNIT_FINISHED|Aura
18:56:37.40 (41489932)|EXECUTION_FINISHED
18:56:37.42 (42856878)|EXECUTION_STARTED
18:56:37.42 (42868555)|CODE_UNIT_STARTED|[EXTERNAL]|Aura
18:56:37.42 (42932991)|CODE_UNIT_FINISHED|Aura
18:56:37.42 (44045503)|EXECUTION_FINISHED
