36.0 APEX_CODE,FINEST;APEX_PROFILING,INFO;CALLOUT,INFO;DB,INFO;SYSTEM,DEBUG;VALIDATION,INFO;VISUALFORCE,INFO;WORKFLOW,INFO
03:00:55.0 (92902)|EXECUTION_STARTED
03:00:55.0 (134633)|CODE_UNIT_STARTED|[EXTERNAL]|01p36000005Jpvx|PermissionSetPortalControllers.getAllPermissionSets
03:00:55.0 (355188)|VARIABLE_SCOPE_BEGIN|[2]|PermissionSetPortalControllers.AllObjectsofOrg|Map<String,Schema.SObjectType>|true|true
03:00:55.0 (573448)|VARIABLE_SCOPE_BEGIN|[3]|PermissionSetPortalControllers.AllPermissionSets|List<PermissionSet>|true|true
03:00:55.0 (609875)|VARIABLE_SCOPE_BEGIN|[4]|PermissionSetPortalControllers.inputField|String|false|true
03:00:55.0 (788728)|HEAP_ALLOCATE|[72]|Bytes:3
03:00:55.0 (853954)|HEAP_ALLOCATE|[77]|Bytes:152
03:00:55.0 (878611)|HEAP_ALLOCATE|[342]|Bytes:408
03:00:55.0 (901077)|HEAP_ALLOCATE|[355]|Bytes:408
03:00:55.0 (921479)|HEAP_ALLOCATE|[467]|Bytes:48
03:00:55.0 (971411)|HEAP_ALLOCATE|[139]|Bytes:6
03:00:55.0 (1004520)|HEAP_ALLOCATE|[EXTERNAL]|Bytes:88
03:00:55.0 (1014812)|HEAP_ALLOCATE|[EXTERNAL]|Bytes:3
03:00:55.0 (1020185)|HEAP_ALLOCATE|[EXTERNAL]|Bytes:5
03:00:55.0 (1039128)|METHOD_ENTRY|[1]|01p36000005Jpvx|PermissionSetPortalControllers.PermissionSetPortalControllers()
03:00:55.0 (1046489)|STATEMENT_EXECUTE|[1]
03:00:55.0 (1056860)|STATEMENT_EXECUTE|[1]
03:00:55.0 (1097334)|HEAP_ALLOCATE|[50]|Bytes:5
03:00:55.0 (1127899)|HEAP_ALLOCATE|[56]|Bytes:5
03:00:55.0 (1140034)|HEAP_ALLOCATE|[64]|Bytes:7
03:00:55.0 (1173227)|SYSTEM_MODE_ENTER|false
03:00:55.0 (1195470)|HEAP_ALLOCATE|[EXTERNAL]|Bytes:5
03:00:55.0 (1206153)|SYSTEM_MODE_EXIT|false
03:00:55.0 (1221824)|METHOD_EXIT|[1]|PermissionSetPortalControllers
03:00:55.0 (1233146)|SYSTEM_MODE_ENTER|false
03:00:55.0 (1249126)|HEAP_ALLOCATE|[8]|Bytes:5
03:00:55.0 (1255065)|STATEMENT_EXECUTE|[7]
03:00:55.0 (1257952)|STATEMENT_EXECUTE|[8]
03:00:55.0 (1262692)|HEAP_ALLOCATE|[8]|Bytes:34
03:00:55.0 (1274663)|HEAP_ALLOCATE|[8]|Bytes:4
03:00:55.0 (1964331)|SOQL_EXECUTE_BEGIN|[8]|Aggregations:0|SELECT Id, Name FROM PermissionSet
03:00:55.0 (5359983)|SOQL_EXECUTE_END|[8]|Rows:36
03:00:55.0 (5388266)|HEAP_ALLOCATE|[8]|Bytes:148
03:00:55.0 (5457813)|HEAP_ALLOCATE|[8]|Bytes:2125
03:00:55.0 (5504164)|HEAP_ALLOCATE|[8]|Bytes:148
03:00:55.0 (5561281)|VARIABLE_ASSIGNMENT|[8]|PermissionSetPortalControllers.AllPermissionSets|{"s":1,"v":"List of size 36 too large to display"}|0xa955080
03:00:55.0 (5672085)|ENTERING_MANAGED_PKG|
03:00:55.0 (5713915)|STATEMENT_EXECUTE|[9]
03:00:55.0 (5735364)|ENTERING_MANAGED_PKG|
03:00:55.0 (5990861)|HEAP_ALLOCATE|[10]|Bytes:5
03:00:55.0 (6036599)|HEAP_ALLOCATE|[10]|Bytes:12
03:00:55.0 (6055619)|VARIABLE_SCOPE_BEGIN|[10]|PSetName|PermissionSet|true|false
03:00:55.0 (6081147)|VARIABLE_ASSIGNMENT|[10]|PSetName|{"s":1,"v":{"Id":"0PS36000000mmnFGAQ","Name":"X00e1a000000MWa8AAG"}}|0x534a783a
03:00:55.0 (6086922)|STATEMENT_EXECUTE|[10]
03:00:55.0 (6089725)|STATEMENT_EXECUTE|[11]
03:00:55.0 (6328021)|HEAP_ALLOCATE|[11]|Bytes:24
03:00:55.0 (6377472)|ENTERING_MANAGED_PKG|
03:00:55.0 (6454654)|HEAP_ALLOCATE|[11]|Bytes:63
03:00:55.0 (6485097)|HEAP_ALLOCATE|[11]|Bytes:87
03:00:55.0 (6522872)|ENTERING_MANAGED_PKG|
03:00:55.0 (6549074)|USER_DEBUG|[11]|ERROR|The PermissionSet Name: PermissionSet:{Id=0PS36000000mmnFGAQ, Name=X00e1a000000MWa8AAG}
03:00:55.0 (6569957)|HEAP_ALLOCATE|[10]|Bytes:5
03:00:55.0 (6596521)|HEAP_ALLOCATE|[10]|Bytes:12
03:00:55.0 (6608664)|VARIABLE_SCOPE_BEGIN|[10]|PSetName|PermissionSet|true|false
03:00:55.0 (6628257)|VARIABLE_ASSIGNMENT|[10]|PSetName|{"s":1,"v":{"Id":"0PS36000000mmnGGAQ","Name":"X00ex00000018ozl_128 (11 more) ..."}}|0x2b92260a
03:00:55.0 (6633806)|STATEMENT_EXECUTE|[10]
03:00:55.0 (6636728)|STATEMENT_EXECUTE|[11]
03:00:55.0 (6659202)|ENTERING_MANAGED_PKG|
03:00:55.0 (6686790)|HEAP_ALLOCATE|[11]|Bytes:75
03:00:55.0 (6703962)|HEAP_ALLOCATE|[11]|Bytes:99
03:00:55.0 (6720992)|ENTERING_MANAGED_PKG|
03:00:55.0 (6735836)|USER_DEBUG|[11]|ERROR|The PermissionSet Name: PermissionSet:{Id=0PS36000000mmnGGAQ, Name=X00ex00000018ozl_128_09_04_12_5}
03:00:55.0 (6756211)|HEAP_ALLOCATE|[10]|Bytes:5
03:00:55.0 (6781555)|HEAP_ALLOCATE|[10]|Bytes:12
03:00:55.0 (6793068)|VARIABLE_SCOPE_BEGIN|[10]|PSetName|PermissionSet|true|false
03:00:55.0 (6811133)|VARIABLE_ASSIGNMENT|[10]|PSetName|{"s":1,"v":{"Id":"0PS36000000mmnHGAQ","Name":"X00ex00000018ozm_128 (11 more) ..."}}|0xb03d3bf
03:00:55.0 (6816447)|STATEMENT_EXECUTE|[10]
03:00:55.0 (6819202)|STATEMENT_EXECUTE|[11]
03:00:55.0 (6840442)|ENTERING_MANAGED_PKG|
03:00:55.0 (6866192)|HEAP_ALLOCATE|[11]|Bytes:75
03:00:55.0 (6882352)|HEAP_ALLOCATE|[11]|Bytes:99
03:00:55.0 (6898457)|ENTERING_MANAGED_PKG|
03:00:55.0 (6913402)|USER_DEBUG|[11]|ERROR|The PermissionSet Name: PermissionSet:{Id=0PS36000000mmnHGAQ, Name=X00ex00000018ozm_128_09_04_12_6}
03:00:55.0 (6933243)|HEAP_ALLOCATE|[10]|Bytes:5
03:00:55.0 (6958333)|HEAP_ALLOCATE|[10]|Bytes:12
03:00:55.0 (6969645)|VARIABLE_SCOPE_BEGIN|[10]|PSetName|PermissionSet|true|false
03:00:55.0 (6987374)|VARIABLE_ASSIGNMENT|[10]|PSetName|{"s":1,"v":{"Id":"0PS36000000mmnIGAQ","Name":"X00ex00000018ozk_128 (11 more) ..."}}|0x58caa236
03:00:55.0 (6992833)|STATEMENT_EXECUTE|[10]
03:00:55.0 (6995476)|STATEMENT_EXECUTE|[11]
03:00:55.0 (7016431)|ENTERING_MANAGED_PKG|
03:00:55.0 (7044383)|HEAP_ALLOCATE|[11]|Bytes:75
03:00:55.0 (7060600)|HEAP_ALLOCATE|[11]|Bytes:99
03:00:55.0 (7077120)|ENTERING_MANAGED_PKG|
03:00:55.0 (7092160)|USER_DEBUG|[11]|ERROR|The PermissionSet Name: PermissionSet:{Id=0PS36000000mmnIGAQ, Name=X00ex00000018ozk_128_09_04_12_4}
03:00:55.0 (7111866)|HEAP_ALLOCATE|[10]|Bytes:5
03:00:55.0 (7136485)|HEAP_ALLOCATE|[10]|Bytes:12
03:00:55.0 (7147689)|VARIABLE_SCOPE_BEGIN|[10]|PSetName|PermissionSet|true|false
03:00:55.0 (7165074)|VARIABLE_ASSIGNMENT|[10]|PSetName|{"s":1,"v":{"Id":"0PS36000000mmnJGAQ","Name":"X00ex00000018ozj_128 (11 more) ..."}}|0x58c19abd
03:00:55.0 (7170498)|STATEMENT_EXECUTE|[10]
03:00:55.0 (7173108)|STATEMENT_EXECUTE|[11]
03:00:55.0 (7193848)|ENTERING_MANAGED_PKG|
03:00:55.0 (7219998)|HEAP_ALLOCATE|[11]|Bytes:75
03:00:55.0 (7235990)|HEAP_ALLOCATE|[11]|Bytes:99
03:00:55.0 (7252322)|ENTERING_MANAGED_PKG|
03:00:55.0 (7266825)|USER_DEBUG|[11]|ERROR|The PermissionSet Name: PermissionSet:{Id=0PS36000000mmnJGAQ, Name=X00ex00000018ozj_128_09_04_12_3}
03:00:55.0 (7285640)|HEAP_ALLOCATE|[10]|Bytes:5
03:00:55.0 (7310110)|HEAP_ALLOCATE|[10]|Bytes:12
03:00:55.0 (7321210)|VARIABLE_SCOPE_BEGIN|[10]|PSetName|PermissionSet|true|false
03:00:55.0 (7338415)|VARIABLE_ASSIGNMENT|[10]|PSetName|{"s":1,"v":{"Id":"0PS36000000mmnKGAQ","Name":"X00ex00000018ozo_128 (11 more) ..."}}|0x62d945d9
03:00:55.0 (7343880)|STATEMENT_EXECUTE|[10]
03:00:55.0 (7346544)|STATEMENT_EXECUTE|[11]
03:00:55.0 (7367243)|ENTERING_MANAGED_PKG|
03:00:55.0 (7392784)|HEAP_ALLOCATE|[11]|Bytes:75
03:00:55.0 (7408706)|HEAP_ALLOCATE|[11]|Bytes:99
03:00:55.0 (7425094)|ENTERING_MANAGED_PKG|
03:00:55.0 (7443780)|USER_DEBUG|[11]|ERROR|The PermissionSet Name: PermissionSet:{Id=0PS36000000mmnKGAQ, Name=X00ex00000018ozo_128_09_04_12_8}
03:00:55.0 (7463856)|HEAP_ALLOCATE|[10]|Bytes:5
03:00:55.0 (7488932)|HEAP_ALLOCATE|[10]|Bytes:12
03:00:55.0 (7499777)|VARIABLE_SCOPE_BEGIN|[10]|PSetName|PermissionSet|true|false
03:00:55.0 (7516672)|VARIABLE_ASSIGNMENT|[10]|PSetName|{"s":1,"v":{"Id":"0PS36000000mmnLGAQ","Name":"X00ex00000018ozh_128 (11 more) ..."}}|0x77d2ec16
03:00:55.0 (7521827)|STATEMENT_EXECUTE|[10]
03:00:55.0 (7524376)|STATEMENT_EXECUTE|[11]
03:00:55.0 (7545291)|ENTERING_MANAGED_PKG|
03:00:55.0 (7570798)|HEAP_ALLOCATE|[11]|Bytes:75
03:00:55.0 (7586560)|HEAP_ALLOCATE|[11]|Bytes:99
03:00:55.0 (7602610)|ENTERING_MANAGED_PKG|
03:00:55.0 (7616789)|USER_DEBUG|[11]|ERROR|The PermissionSet Name: PermissionSet:{Id=0PS36000000mmnLGAQ, Name=X00ex00000018ozh_128_09_04_12_1}
03:00:55.0 (7635946)|HEAP_ALLOCATE|[10]|Bytes:5
03:00:55.0 (7660372)|HEAP_ALLOCATE|[10]|Bytes:12
03:00:55.0 (7671633)|VARIABLE_SCOPE_BEGIN|[10]|PSetName|PermissionSet|true|false
03:00:55.0 (7688404)|VARIABLE_ASSIGNMENT|[10]|PSetName|{"s":1,"v":{"Id":"0PS36000000mmnMGAQ","Name":"X00ex00000018ozq_128 (12 more) ..."}}|0x7a842bc8
03:00:55.0 (7693543)|STATEMENT_EXECUTE|[10]
03:00:55.0 (7696237)|STATEMENT_EXECUTE|[11]
03:00:55.0 (7716661)|ENTERING_MANAGED_PKG|
03:00:55.0 (7742214)|HEAP_ALLOCATE|[11]|Bytes:76
03:00:55.0 (7758039)|HEAP_ALLOCATE|[11]|Bytes:100
03:00:55.0 (7774375)|ENTERING_MANAGED_PKG|
03:00:55.0 (7788633)|USER_DEBUG|[11]|ERROR|The PermissionSet Name: PermissionSet:{Id=0PS36000000mmnMGAQ, Name=X00ex00000018ozq_128_09_04_12_10}
03:00:55.0 (7807677)|HEAP_ALLOCATE|[10]|Bytes:5
03:00:55.0 (7832152)|HEAP_ALLOCATE|[10]|Bytes:12
03:00:55.0 (7843041)|VARIABLE_SCOPE_BEGIN|[10]|PSetName|PermissionSet|true|false
03:00:55.0 (7859601)|VARIABLE_ASSIGNMENT|[10]|PSetName|{"s":1,"v":{"Id":"0PS36000000mmnNGAQ","Name":"X00ex00000018ozp_128 (11 more) ..."}}|0x2ec45257
03:00:55.0 (7864516)|STATEMENT_EXECUTE|[10]
03:00:55.0 (7867597)|STATEMENT_EXECUTE|[11]
03:00:55.0 (7888149)|ENTERING_MANAGED_PKG|
03:00:55.0 (7913450)|HEAP_ALLOCATE|[11]|Bytes:75
03:00:55.0 (7929067)|HEAP_ALLOCATE|[11]|Bytes:99
03:00:55.0 (7945139)|ENTERING_MANAGED_PKG|
03:00:55.0 (7959550)|USER_DEBUG|[11]|ERROR|The PermissionSet Name: PermissionSet:{Id=0PS36000000mmnNGAQ, Name=X00ex00000018ozp_128_09_04_12_9}
03:00:55.0 (7978002)|HEAP_ALLOCATE|[10]|Bytes:5
03:00:55.0 (8002320)|HEAP_ALLOCATE|[10]|Bytes:12
03:00:55.0 (8014986)|VARIABLE_SCOPE_BEGIN|[10]|PSetName|PermissionSet|true|false
03:00:55.0 (8031708)|VARIABLE_ASSIGNMENT|[10]|PSetName|{"s":1,"v":{"Id":"0PS36000000mmnOGAQ","Name":"X00ex00000018ozn_128 (11 more) ..."}}|0x61b3ddb
03:00:55.0 (8037103)|STATEMENT_EXECUTE|[10]
03:00:55.0 (8039629)|STATEMENT_EXECUTE|[11]
03:00:55.0 (8060081)|ENTERING_MANAGED_PKG|
03:00:55.0 (8085629)|HEAP_ALLOCATE|[11]|Bytes:75
03:00:55.0 (8101617)|HEAP_ALLOCATE|[11]|Bytes:99
03:00:55.0 (8117633)|ENTERING_MANAGED_PKG|
03:00:55.0 (8131856)|USER_DEBUG|[11]|ERROR|The PermissionSet Name: PermissionSet:{Id=0PS36000000mmnOGAQ, Name=X00ex00000018ozn_128_09_04_12_7}
03:00:55.0 (8151131)|HEAP_ALLOCATE|[10]|Bytes:5
03:00:55.0 (8175408)|HEAP_ALLOCATE|[10]|Bytes:12
03:00:55.0 (8186315)|VARIABLE_SCOPE_BEGIN|[10]|PSetName|PermissionSet|true|false
03:00:55.0 (8202049)|VARIABLE_ASSIGNMENT|[10]|PSetName|{"s":1,"v":{"Id":"0PS36000000mmnPGAQ","Name":"X00e1a000000MWa9AAG"}}|0x6649c352
03:00:55.0 (8207050)|STATEMENT_EXECUTE|[10]
03:00:55.0 (8209697)|STATEMENT_EXECUTE|[11]
03:00:55.0 (8230548)|ENTERING_MANAGED_PKG|
03:00:55.0 (8255924)|HEAP_ALLOCATE|[11]|Bytes:63
03:00:55.0 (8272000)|HEAP_ALLOCATE|[11]|Bytes:87
03:00:55.0 (8287756)|ENTERING_MANAGED_PKG|
03:00:55.0 (8301899)|USER_DEBUG|[11]|ERROR|The PermissionSet Name: PermissionSet:{Id=0PS36000000mmnPGAQ, Name=X00e1a000000MWa9AAG}
03:00:55.0 (8320676)|HEAP_ALLOCATE|[10]|Bytes:5
03:00:55.0 (8344953)|HEAP_ALLOCATE|[10]|Bytes:12
03:00:55.0 (8355816)|VARIABLE_SCOPE_BEGIN|[10]|PSetName|PermissionSet|true|false
03:00:55.0 (8372265)|VARIABLE_ASSIGNMENT|[10]|PSetName|{"s":1,"v":{"Id":"0PS36000000mmnQGAQ","Name":"X00e1a000000MWaBAAW"}}|0x3d487e38
03:00:55.0 (8377503)|STATEMENT_EXECUTE|[10]
03:00:55.0 (8380080)|STATEMENT_EXECUTE|[11]
03:00:55.0 (8400603)|ENTERING_MANAGED_PKG|
03:00:55.0 (8425588)|HEAP_ALLOCATE|[11]|Bytes:63
03:00:55.0 (8445694)|HEAP_ALLOCATE|[11]|Bytes:87
03:00:55.0 (8462050)|ENTERING_MANAGED_PKG|
03:00:55.0 (8476307)|USER_DEBUG|[11]|ERROR|The PermissionSet Name: PermissionSet:{Id=0PS36000000mmnQGAQ, Name=X00e1a000000MWaBAAW}
03:00:55.0 (8494819)|HEAP_ALLOCATE|[10]|Bytes:5
03:00:55.0 (8519142)|HEAP_ALLOCATE|[10]|Bytes:12
03:00:55.0 (8530204)|VARIABLE_SCOPE_BEGIN|[10]|PSetName|PermissionSet|true|false
03:00:55.0 (8546054)|VARIABLE_ASSIGNMENT|[10]|PSetName|{"s":1,"v":{"Id":"0PS36000000mmnRGAQ","Name":"X00e1a000000MWaCAAW"}}|0x3192d52c
03:00:55.0 (8551228)|STATEMENT_EXECUTE|[10]
03:00:55.0 (8553832)|STATEMENT_EXECUTE|[11]
03:00:55.0 (8574487)|ENTERING_MANAGED_PKG|
03:00:55.0 (8599402)|HEAP_ALLOCATE|[11]|Bytes:63
03:00:55.0 (8615662)|HEAP_ALLOCATE|[11]|Bytes:87
03:00:55.0 (8631650)|ENTERING_MANAGED_PKG|
03:00:55.0 (8645863)|USER_DEBUG|[11]|ERROR|The PermissionSet Name: PermissionSet:{Id=0PS36000000mmnRGAQ, Name=X00e1a000000MWaCAAW}
03:00:55.0 (8664509)|HEAP_ALLOCATE|[10]|Bytes:5
03:00:55.0 (8688886)|HEAP_ALLOCATE|[10]|Bytes:12
03:00:55.0 (8699897)|VARIABLE_SCOPE_BEGIN|[10]|PSetName|PermissionSet|true|false
03:00:55.0 (8715646)|VARIABLE_ASSIGNMENT|[10]|PSetName|{"s":1,"v":{"Id":"0PS36000000mmnSGAQ","Name":"X00e1a000000MWaDAAW"}}|0x6e38c320
03:00:55.0 (8720668)|STATEMENT_EXECUTE|[10]
03:00:55.0 (8723172)|STATEMENT_EXECUTE|[11]
03:00:55.0 (8743709)|ENTERING_MANAGED_PKG|
03:00:55.0 (8769316)|HEAP_ALLOCATE|[11]|Bytes:63
03:00:55.0 (8784936)|HEAP_ALLOCATE|[11]|Bytes:87
03:00:55.0 (8800859)|ENTERING_MANAGED_PKG|
03:00:55.0 (8814893)|USER_DEBUG|[11]|ERROR|The PermissionSet Name: PermissionSet:{Id=0PS36000000mmnSGAQ, Name=X00e1a000000MWaDAAW}
03:00:55.0 (8833474)|HEAP_ALLOCATE|[10]|Bytes:5
03:00:55.0 (8857610)|HEAP_ALLOCATE|[10]|Bytes:12
03:00:55.0 (8868701)|VARIABLE_SCOPE_BEGIN|[10]|PSetName|PermissionSet|true|false
03:00:55.0 (8884538)|VARIABLE_ASSIGNMENT|[10]|PSetName|{"s":1,"v":{"Id":"0PS36000000mmnTGAQ","Name":"X00e1a000000MWaEAAW"}}|0x4643cee6
03:00:55.0 (8889570)|STATEMENT_EXECUTE|[10]
03:00:55.0 (8892146)|STATEMENT_EXECUTE|[11]
03:00:55.0 (8912716)|ENTERING_MANAGED_PKG|
03:00:55.0 (8937839)|HEAP_ALLOCATE|[11]|Bytes:63
03:00:55.0 (8953332)|HEAP_ALLOCATE|[11]|Bytes:87
03:00:55.0 (8969335)|ENTERING_MANAGED_PKG|
03:00:55.0 (8983337)|USER_DEBUG|[11]|ERROR|The PermissionSet Name: PermissionSet:{Id=0PS36000000mmnTGAQ, Name=X00e1a000000MWaEAAW}
03:00:55.0 (9001725)|HEAP_ALLOCATE|[10]|Bytes:5
03:00:55.0 (9027873)|HEAP_ALLOCATE|[10]|Bytes:12
03:00:55.0 (9038775)|VARIABLE_SCOPE_BEGIN|[10]|PSetName|PermissionSet|true|false
03:00:55.0 (9054378)|VARIABLE_ASSIGNMENT|[10]|PSetName|{"s":1,"v":{"Id":"0PS36000000mmnUGAQ","Name":"X00e1a000000MWaFAAW"}}|0x3804c1a8
03:00:55.0 (9059402)|STATEMENT_EXECUTE|[10]
03:00:55.0 (9062080)|STATEMENT_EXECUTE|[11]
03:00:55.0 (9082926)|ENTERING_MANAGED_PKG|
03:00:55.0 (9108065)|HEAP_ALLOCATE|[11]|Bytes:63
03:00:55.0 (9123490)|HEAP_ALLOCATE|[11]|Bytes:87
03:00:55.0 (9139284)|ENTERING_MANAGED_PKG|
03:00:55.0 (9153401)|USER_DEBUG|[11]|ERROR|The PermissionSet Name: PermissionSet:{Id=0PS36000000mmnUGAQ, Name=X00e1a000000MWaFAAW}
03:00:55.0 (9171878)|HEAP_ALLOCATE|[10]|Bytes:5
03:00:55.0 (9195903)|HEAP_ALLOCATE|[10]|Bytes:12
03:00:55.0 (9206746)|VARIABLE_SCOPE_BEGIN|[10]|PSetName|PermissionSet|true|false
03:00:55.0 (9222365)|VARIABLE_ASSIGNMENT|[10]|PSetName|{"s":1,"v":{"Id":"0PS36000000mmnVGAQ","Name":"X00e1a000000MWaGAAW"}}|0x1f985831
03:00:55.0 (9227515)|STATEMENT_EXECUTE|[10]
03:00:55.0 (9230151)|STATEMENT_EXECUTE|[11]
03:00:55.0 (9250718)|ENTERING_MANAGED_PKG|
03:00:55.0 (9275568)|HEAP_ALLOCATE|[11]|Bytes:63
03:00:55.0 (9291282)|HEAP_ALLOCATE|[11]|Bytes:87
03:00:55.0 (9306914)|ENTERING_MANAGED_PKG|
03:00:55.0 (9320962)|USER_DEBUG|[11]|ERROR|The PermissionSet Name: PermissionSet:{Id=0PS36000000mmnVGAQ, Name=X00e1a000000MWaGAAW}
03:00:55.0 (9339718)|HEAP_ALLOCATE|[10]|Bytes:5
03:00:55.0 (9363909)|HEAP_ALLOCATE|[10]|Bytes:12
03:00:55.0 (9374685)|VARIABLE_SCOPE_BEGIN|[10]|PSetName|PermissionSet|true|false
03:00:55.0 (9390317)|VARIABLE_ASSIGNMENT|[10]|PSetName|{"s":1,"v":{"Id":"0PS36000000mmnWGAQ","Name":"X00e1a000000MWaHAAW"}}|0x3711b921
03:00:55.0 (9395270)|STATEMENT_EXECUTE|[10]
03:00:55.0 (9397850)|STATEMENT_EXECUTE|[11]
03:00:55.0 (9418162)|ENTERING_MANAGED_PKG|
03:00:55.0 (9447641)|HEAP_ALLOCATE|[11]|Bytes:63
03:00:55.0 (9464032)|HEAP_ALLOCATE|[11]|Bytes:87
03:00:55.0 (9480289)|ENTERING_MANAGED_PKG|
03:00:55.0 (9494406)|USER_DEBUG|[11]|ERROR|The PermissionSet Name: PermissionSet:{Id=0PS36000000mmnWGAQ, Name=X00e1a000000MWaHAAW}
03:00:55.0 (9513101)|HEAP_ALLOCATE|[10]|Bytes:5
03:00:55.0 (9537207)|HEAP_ALLOCATE|[10]|Bytes:12
03:00:55.0 (9548002)|VARIABLE_SCOPE_BEGIN|[10]|PSetName|PermissionSet|true|false
03:00:55.0 (9563697)|VARIABLE_ASSIGNMENT|[10]|PSetName|{"s":1,"v":{"Id":"0PS36000000mmnXGAQ","Name":"X00e1a000000MWaIAAW"}}|0x6f7d65db
03:00:55.0 (9568698)|STATEMENT_EXECUTE|[10]
03:00:55.0 (9571265)|STATEMENT_EXECUTE|[11]
03:00:55.0 (9592035)|ENTERING_MANAGED_PKG|
03:00:55.0 (9616917)|HEAP_ALLOCATE|[11]|Bytes:63
03:00:55.0 (9632650)|HEAP_ALLOCATE|[11]|Bytes:87
03:00:55.0 (9648577)|ENTERING_MANAGED_PKG|
03:00:55.0 (9662607)|USER_DEBUG|[11]|ERROR|The PermissionSet Name: PermissionSet:{Id=0PS36000000mmnXGAQ, Name=X00e1a000000MWaIAAW}
03:00:55.0 (9681108)|HEAP_ALLOCATE|[10]|Bytes:5
03:00:55.0 (9705196)|HEAP_ALLOCATE|[10]|Bytes:12
03:00:55.0 (9716012)|VARIABLE_SCOPE_BEGIN|[10]|PSetName|PermissionSet|true|false
03:00:55.0 (9731972)|VARIABLE_ASSIGNMENT|[10]|PSetName|{"s":1,"v":{"Id":"0PS36000000mmnYGAQ","Name":"X00e1a000000MWaJAAW"}}|0x71eaf01d
03:00:55.0 (9736777)|STATEMENT_EXECUTE|[10]
03:00:55.0 (9739351)|STATEMENT_EXECUTE|[11]
03:00:55.0 (9759706)|ENTERING_MANAGED_PKG|
03:00:55.0 (9784612)|HEAP_ALLOCATE|[11]|Bytes:63
03:00:55.0 (9800337)|HEAP_ALLOCATE|[11]|Bytes:87
03:00:55.0 (9816181)|ENTERING_MANAGED_PKG|
03:00:55.0 (9830403)|USER_DEBUG|[11]|ERROR|The PermissionSet Name: PermissionSet:{Id=0PS36000000mmnYGAQ, Name=X00e1a000000MWaJAAW}
03:00:55.0 (9849085)|HEAP_ALLOCATE|[10]|Bytes:5
03:00:55.0 (9873185)|HEAP_ALLOCATE|[10]|Bytes:12
03:00:55.0 (9884049)|VARIABLE_SCOPE_BEGIN|[10]|PSetName|PermissionSet|true|false
03:00:55.0 (9899540)|VARIABLE_ASSIGNMENT|[10]|PSetName|{"s":1,"v":{"Id":"0PS36000000mmnZGAQ","Name":"X00e1a000000MWaKAAW"}}|0x2c6e77c1
03:00:55.0 (9904734)|STATEMENT_EXECUTE|[10]
03:00:55.0 (9907385)|STATEMENT_EXECUTE|[11]
03:00:55.0 (9927820)|ENTERING_MANAGED_PKG|
03:00:55.0 (9953050)|HEAP_ALLOCATE|[11]|Bytes:63
03:00:55.0 (9969013)|HEAP_ALLOCATE|[11]|Bytes:87
03:00:55.0 (9984829)|ENTERING_MANAGED_PKG|
03:00:55.0 (9998714)|USER_DEBUG|[11]|ERROR|The PermissionSet Name: PermissionSet:{Id=0PS36000000mmnZGAQ, Name=X00e1a000000MWaKAAW}
03:00:55.0 (10017291)|HEAP_ALLOCATE|[10]|Bytes:5
03:00:55.0 (10043608)|HEAP_ALLOCATE|[10]|Bytes:12
03:00:55.0 (10054887)|VARIABLE_SCOPE_BEGIN|[10]|PSetName|PermissionSet|true|false
03:00:55.0 (10070401)|VARIABLE_ASSIGNMENT|[10]|PSetName|{"s":1,"v":{"Id":"0PS36000000mmnaGAA","Name":"X00e1a000000MWaLAAW"}}|0x168c0bdc
03:00:55.0 (10075530)|STATEMENT_EXECUTE|[10]
03:00:55.0 (10078197)|STATEMENT_EXECUTE|[11]
03:00:55.0 (10098776)|ENTERING_MANAGED_PKG|
03:00:55.0 (10123973)|HEAP_ALLOCATE|[11]|Bytes:63
03:00:55.0 (10139896)|HEAP_ALLOCATE|[11]|Bytes:87
03:00:55.0 (10155735)|ENTERING_MANAGED_PKG|
03:00:55.0 (10169975)|USER_DEBUG|[11]|ERROR|The PermissionSet Name: PermissionSet:{Id=0PS36000000mmnaGAA, Name=X00e1a000000MWaLAAW}
03:00:55.0 (10188434)|HEAP_ALLOCATE|[10]|Bytes:5
03:00:55.0 (10212582)|HEAP_ALLOCATE|[10]|Bytes:12
03:00:55.0 (10223526)|VARIABLE_SCOPE_BEGIN|[10]|PSetName|PermissionSet|true|false
03:00:55.0 (10239108)|VARIABLE_ASSIGNMENT|[10]|PSetName|{"s":1,"v":{"Id":"0PS36000000mmnbGAA","Name":"X00e1a000000MWaMAAW"}}|0x12dbf76b
03:00:55.0 (10244069)|STATEMENT_EXECUTE|[10]
03:00:55.0 (10246725)|STATEMENT_EXECUTE|[11]
03:00:55.0 (10267405)|ENTERING_MANAGED_PKG|
03:00:55.0 (10292435)|HEAP_ALLOCATE|[11]|Bytes:63
03:00:55.0 (10308621)|HEAP_ALLOCATE|[11]|Bytes:87
03:00:55.0 (10324600)|ENTERING_MANAGED_PKG|
03:00:55.0 (10338639)|USER_DEBUG|[11]|ERROR|The PermissionSet Name: PermissionSet:{Id=0PS36000000mmnbGAA, Name=X00e1a000000MWaMAAW}
03:00:55.0 (10357312)|HEAP_ALLOCATE|[10]|Bytes:5
03:00:55.0 (10381440)|HEAP_ALLOCATE|[10]|Bytes:12
03:00:55.0 (10392411)|VARIABLE_SCOPE_BEGIN|[10]|PSetName|PermissionSet|true|false
03:00:55.0 (10408229)|VARIABLE_ASSIGNMENT|[10]|PSetName|{"s":1,"v":{"Id":"0PS36000000mmncGAA","Name":"X00e1a000000MWaNAAW"}}|0x34979735
03:00:55.0 (10413285)|STATEMENT_EXECUTE|[10]
03:00:55.0 (10415870)|STATEMENT_EXECUTE|[11]
03:00:55.0 (10440506)|ENTERING_MANAGED_PKG|
03:00:55.0 (10466312)|HEAP_ALLOCATE|[11]|Bytes:63
03:00:55.0 (10482475)|HEAP_ALLOCATE|[11]|Bytes:87
03:00:55.0 (10498411)|ENTERING_MANAGED_PKG|
03:00:55.0 (10512523)|USER_DEBUG|[11]|ERROR|The PermissionSet Name: PermissionSet:{Id=0PS36000000mmncGAA, Name=X00e1a000000MWaNAAW}
03:00:55.0 (10531155)|HEAP_ALLOCATE|[10]|Bytes:5
03:00:55.0 (10555362)|HEAP_ALLOCATE|[10]|Bytes:12
03:00:55.0 (10566442)|VARIABLE_SCOPE_BEGIN|[10]|PSetName|PermissionSet|true|false
03:00:55.0 (10582152)|VARIABLE_ASSIGNMENT|[10]|PSetName|{"s":1,"v":{"Id":"0PS36000000mmndGAA","Name":"X00e1a000000MWaOAAW"}}|0x6b982e19
03:00:55.0 (10587085)|STATEMENT_EXECUTE|[10]
03:00:55.0 (10589651)|STATEMENT_EXECUTE|[11]
03:00:55.0 (10610217)|ENTERING_MANAGED_PKG|
03:00:55.0 (10635403)|HEAP_ALLOCATE|[11]|Bytes:63
03:00:55.0 (10651161)|HEAP_ALLOCATE|[11]|Bytes:87
03:00:55.0 (10667030)|ENTERING_MANAGED_PKG|
03:00:55.0 (10681150)|USER_DEBUG|[11]|ERROR|The PermissionSet Name: PermissionSet:{Id=0PS36000000mmndGAA, Name=X00e1a000000MWaOAAW}
03:00:55.0 (10699670)|HEAP_ALLOCATE|[10]|Bytes:5
03:00:55.0 (10723855)|HEAP_ALLOCATE|[10]|Bytes:12
03:00:55.0 (10734570)|VARIABLE_SCOPE_BEGIN|[10]|PSetName|PermissionSet|true|false
03:00:55.0 (10750089)|VARIABLE_ASSIGNMENT|[10]|PSetName|{"s":1,"v":{"Id":"0PS36000000mmneGAA","Name":"X00e1a000000MWaPAAW"}}|0x1dbc1a5d
03:00:55.0 (10755014)|STATEMENT_EXECUTE|[10]
03:00:55.0 (10758035)|STATEMENT_EXECUTE|[11]
03:00:55.0 (10778698)|ENTERING_MANAGED_PKG|
03:00:55.0 (10803675)|HEAP_ALLOCATE|[11]|Bytes:63
03:00:55.0 (10819636)|HEAP_ALLOCATE|[11]|Bytes:87
03:00:55.0 (10835362)|ENTERING_MANAGED_PKG|
03:00:55.0 (10849421)|USER_DEBUG|[11]|ERROR|The PermissionSet Name: PermissionSet:{Id=0PS36000000mmneGAA, Name=X00e1a000000MWaPAAW}
03:00:55.0 (10867986)|HEAP_ALLOCATE|[10]|Bytes:5
03:00:55.0 (10892206)|HEAP_ALLOCATE|[10]|Bytes:12
03:00:55.0 (10903357)|VARIABLE_SCOPE_BEGIN|[10]|PSetName|PermissionSet|true|false
03:00:55.0 (10918936)|VARIABLE_ASSIGNMENT|[10]|PSetName|{"s":1,"v":{"Id":"0PS36000000mmnfGAA","Name":"X00e1a000000MWaQAAW"}}|0x5091c62e
03:00:55.0 (10923736)|STATEMENT_EXECUTE|[10]
03:00:55.0 (10926301)|STATEMENT_EXECUTE|[11]
03:00:55.0 (10946847)|ENTERING_MANAGED_PKG|
03:00:55.0 (10972346)|HEAP_ALLOCATE|[11]|Bytes:63
03:00:55.0 (10988133)|HEAP_ALLOCATE|[11]|Bytes:87
03:00:55.0 (11004141)|ENTERING_MANAGED_PKG|
03:00:55.0 (11020088)|USER_DEBUG|[11]|ERROR|The PermissionSet Name: PermissionSet:{Id=0PS36000000mmnfGAA, Name=X00e1a000000MWaQAAW}
03:00:55.0 (11039361)|HEAP_ALLOCATE|[10]|Bytes:5
03:00:55.0 (11063286)|HEAP_ALLOCATE|[10]|Bytes:12
03:00:55.0 (11074308)|VARIABLE_SCOPE_BEGIN|[10]|PSetName|PermissionSet|true|false
03:00:55.0 (11089861)|VARIABLE_ASSIGNMENT|[10]|PSetName|{"s":1,"v":{"Id":"0PS36000000mmngGAA","Name":"X00e1a000000MWaRAAW"}}|0x58b7cd36
03:00:55.0 (11095052)|STATEMENT_EXECUTE|[10]
03:00:55.0 (11097630)|STATEMENT_EXECUTE|[11]
03:00:55.0 (11118227)|ENTERING_MANAGED_PKG|
03:00:55.0 (11143646)|HEAP_ALLOCATE|[11]|Bytes:63
03:00:55.0 (11159450)|HEAP_ALLOCATE|[11]|Bytes:87
03:00:55.0 (11175593)|ENTERING_MANAGED_PKG|
03:00:55.0 (11189652)|USER_DEBUG|[11]|ERROR|The PermissionSet Name: PermissionSet:{Id=0PS36000000mmngGAA, Name=X00e1a000000MWaRAAW}
03:00:55.0 (11208354)|HEAP_ALLOCATE|[10]|Bytes:5
03:00:55.0 (11232394)|HEAP_ALLOCATE|[10]|Bytes:12
03:00:55.0 (11243188)|VARIABLE_SCOPE_BEGIN|[10]|PSetName|PermissionSet|true|false
03:00:55.0 (11258858)|VARIABLE_ASSIGNMENT|[10]|PSetName|{"s":1,"v":{"Id":"0PS36000000mmnhGAA","Name":"X00e1a000000MWaSAAW"}}|0x72f5d8df
03:00:55.0 (11264073)|STATEMENT_EXECUTE|[10]
03:00:55.0 (11266637)|STATEMENT_EXECUTE|[11]
03:00:55.0 (11287274)|ENTERING_MANAGED_PKG|
03:00:55.0 (11312427)|HEAP_ALLOCATE|[11]|Bytes:63
03:00:55.0 (11327903)|HEAP_ALLOCATE|[11]|Bytes:87
03:00:55.0 (11343902)|ENTERING_MANAGED_PKG|
03:00:55.0 (11357903)|USER_DEBUG|[11]|ERROR|The PermissionSet Name: PermissionSet:{Id=0PS36000000mmnhGAA, Name=X00e1a000000MWaSAAW}
03:00:55.0 (11376452)|HEAP_ALLOCATE|[10]|Bytes:5
03:00:55.0 (11400444)|HEAP_ALLOCATE|[10]|Bytes:12
03:00:55.0 (11411417)|VARIABLE_SCOPE_BEGIN|[10]|PSetName|PermissionSet|true|false
03:00:55.0 (11427057)|VARIABLE_ASSIGNMENT|[10]|PSetName|{"s":1,"v":{"Id":"0PS36000000mmniGAA","Name":"X00e1a000000MWaTAAW"}}|0xfe64a2e
03:00:55.0 (11436362)|STATEMENT_EXECUTE|[10]
03:00:55.0 (11438974)|STATEMENT_EXECUTE|[11]
03:00:55.0 (11460214)|ENTERING_MANAGED_PKG|
03:00:55.0 (11485694)|HEAP_ALLOCATE|[11]|Bytes:63
03:00:55.0 (11501433)|HEAP_ALLOCATE|[11]|Bytes:87
03:00:55.0 (11517981)|ENTERING_MANAGED_PKG|
03:00:55.0 (11532150)|USER_DEBUG|[11]|ERROR|The PermissionSet Name: PermissionSet:{Id=0PS36000000mmniGAA, Name=X00e1a000000MWaTAAW}
03:00:55.0 (11550504)|HEAP_ALLOCATE|[10]|Bytes:5
03:00:55.0 (11574702)|HEAP_ALLOCATE|[10]|Bytes:12
03:00:55.0 (11585637)|VARIABLE_SCOPE_BEGIN|[10]|PSetName|PermissionSet|true|false
03:00:55.0 (11601284)|VARIABLE_ASSIGNMENT|[10]|PSetName|{"s":1,"v":{"Id":"0PS36000000mmnjGAA","Name":"X00e1a000000MWaUAAW"}}|0x51185d4a
03:00:55.0 (11606491)|STATEMENT_EXECUTE|[10]
03:00:55.0 (11608982)|STATEMENT_EXECUTE|[11]
03:00:55.0 (11629552)|ENTERING_MANAGED_PKG|
03:00:55.0 (11654965)|HEAP_ALLOCATE|[11]|Bytes:63
03:00:55.0 (11670859)|HEAP_ALLOCATE|[11]|Bytes:87
03:00:55.0 (11686793)|ENTERING_MANAGED_PKG|
03:00:55.0 (11700912)|USER_DEBUG|[11]|ERROR|The PermissionSet Name: PermissionSet:{Id=0PS36000000mmnjGAA, Name=X00e1a000000MWaUAAW}
03:00:55.0 (11719245)|HEAP_ALLOCATE|[10]|Bytes:5
03:00:55.0 (11743408)|HEAP_ALLOCATE|[10]|Bytes:12
03:00:55.0 (11754840)|VARIABLE_SCOPE_BEGIN|[10]|PSetName|PermissionSet|true|false
03:00:55.0 (11770606)|VARIABLE_ASSIGNMENT|[10]|PSetName|{"s":1,"v":{"Id":"0PS36000000mmnlGAA","Name":"X00e1a000000N1LRAA0"}}|0x37a0f422
03:00:55.0 (11775502)|STATEMENT_EXECUTE|[10]
03:00:55.0 (11778050)|STATEMENT_EXECUTE|[11]
03:00:55.0 (11798515)|ENTERING_MANAGED_PKG|
03:00:55.0 (11823842)|HEAP_ALLOCATE|[11]|Bytes:63
03:00:55.0 (11839458)|HEAP_ALLOCATE|[11]|Bytes:87
03:00:55.0 (11855512)|ENTERING_MANAGED_PKG|
03:00:55.0 (11869612)|USER_DEBUG|[11]|ERROR|The PermissionSet Name: PermissionSet:{Id=0PS36000000mmnlGAA, Name=X00e1a000000N1LRAA0}
03:00:55.0 (11888493)|HEAP_ALLOCATE|[10]|Bytes:5
03:00:55.0 (11912620)|HEAP_ALLOCATE|[10]|Bytes:12
03:00:55.0 (11923869)|VARIABLE_SCOPE_BEGIN|[10]|PSetName|PermissionSet|true|false
03:00:55.0 (11939597)|VARIABLE_ASSIGNMENT|[10]|PSetName|{"s":1,"v":{"Id":"0PS36000000mmnmGAA","Name":"X00e1a000000N1LSAA0"}}|0x6b4fe129
03:00:55.0 (11944518)|STATEMENT_EXECUTE|[10]
03:00:55.0 (11947012)|STATEMENT_EXECUTE|[11]
03:00:55.0 (11967998)|ENTERING_MANAGED_PKG|
03:00:55.0 (12019597)|HEAP_ALLOCATE|[11]|Bytes:63
03:00:55.0 (12045488)|HEAP_ALLOCATE|[11]|Bytes:87
03:00:55.0 (12063979)|ENTERING_MANAGED_PKG|
03:00:55.0 (12079118)|USER_DEBUG|[11]|ERROR|The PermissionSet Name: PermissionSet:{Id=0PS36000000mmnmGAA, Name=X00e1a000000N1LSAA0}
03:00:55.0 (12098121)|HEAP_ALLOCATE|[10]|Bytes:5
03:00:55.0 (12122803)|HEAP_ALLOCATE|[10]|Bytes:12
03:00:55.0 (12133985)|VARIABLE_SCOPE_BEGIN|[10]|PSetName|PermissionSet|true|false
03:00:55.0 (12150573)|VARIABLE_ASSIGNMENT|[10]|PSetName|{"s":1,"v":{"Id":"0PS36000000mmnnGAA","Name":"X00e1a000000N1wKAAS"}}|0x56c57154
03:00:55.0 (12155495)|STATEMENT_EXECUTE|[10]
03:00:55.0 (12158099)|STATEMENT_EXECUTE|[11]
03:00:55.0 (12179011)|ENTERING_MANAGED_PKG|
03:00:55.0 (12204476)|HEAP_ALLOCATE|[11]|Bytes:63
03:00:55.0 (12220304)|HEAP_ALLOCATE|[11]|Bytes:87
03:00:55.0 (12236186)|ENTERING_MANAGED_PKG|
03:00:55.0 (12250492)|USER_DEBUG|[11]|ERROR|The PermissionSet Name: PermissionSet:{Id=0PS36000000mmnnGAA, Name=X00e1a000000N1wKAAS}
03:00:55.0 (12269244)|HEAP_ALLOCATE|[10]|Bytes:5
03:00:55.0 (12293560)|HEAP_ALLOCATE|[10]|Bytes:12
03:00:55.0 (12304510)|VARIABLE_SCOPE_BEGIN|[10]|PSetName|PermissionSet|true|false
03:00:55.0 (12320187)|VARIABLE_ASSIGNMENT|[10]|PSetName|{"s":1,"v":{"Id":"0PS36000000mmnoGAA","Name":"X00e1a000000N1wLAAS"}}|0x45a494cb
03:00:55.0 (12325152)|STATEMENT_EXECUTE|[10]
03:00:55.0 (12327902)|STATEMENT_EXECUTE|[11]
03:00:55.0 (12348388)|ENTERING_MANAGED_PKG|
03:00:55.0 (12373666)|HEAP_ALLOCATE|[11]|Bytes:63
03:00:55.0 (12389591)|HEAP_ALLOCATE|[11]|Bytes:87
03:00:55.0 (12405523)|ENTERING_MANAGED_PKG|
03:00:55.0 (12419497)|USER_DEBUG|[11]|ERROR|The PermissionSet Name: PermissionSet:{Id=0PS36000000mmnoGAA, Name=X00e1a000000N1wLAAS}
03:00:55.0 (12446650)|HEAP_ALLOCATE|[10]|Bytes:5
03:00:55.0 (12471915)|HEAP_ALLOCATE|[10]|Bytes:12
03:00:55.0 (12483033)|VARIABLE_SCOPE_BEGIN|[10]|PSetName|PermissionSet|true|false
03:00:55.0 (12498887)|VARIABLE_ASSIGNMENT|[10]|PSetName|{"s":1,"v":{"Id":"0PS36000000mmnqGAA","Name":"X00e1a000000MWaAAAW"}}|0x759579b9
03:00:55.0 (12504344)|STATEMENT_EXECUTE|[10]
03:00:55.0 (12506944)|STATEMENT_EXECUTE|[11]
03:00:55.0 (12527580)|ENTERING_MANAGED_PKG|
03:00:55.0 (12552776)|HEAP_ALLOCATE|[11]|Bytes:63
03:00:55.0 (12568520)|HEAP_ALLOCATE|[11]|Bytes:87
03:00:55.0 (12584361)|ENTERING_MANAGED_PKG|
03:00:55.0 (12598747)|USER_DEBUG|[11]|ERROR|The PermissionSet Name: PermissionSet:{Id=0PS36000000mmnqGAA, Name=X00e1a000000MWaAAAW}
03:00:55.0 (12617763)|HEAP_ALLOCATE|[10]|Bytes:5
03:00:55.0 (12632954)|VARIABLE_ASSIGNMENT|[10]|PSetName|null|
03:00:55.0 (12638159)|STATEMENT_EXECUTE|[14]
03:00:55.0 (12654524)|SYSTEM_MODE_EXIT|false
03:00:55.12 (12702473)|CUMULATIVE_LIMIT_USAGE
03:00:55.12 (12702473)|LIMIT_USAGE_FOR_NS|(default)|
  Number of SOQL queries: 0 out of 100
  Number of query rows: 0 out of 50000
  Number of SOSL queries: 0 out of 20
  Number of DML statements: 0 out of 150
  Number of DML rows: 0 out of 10000
  Maximum CPU time: 0 out of 10000
  Maximum heap size: 0 out of 6000000
  Number of callouts: 0 out of 100
  Number of Email Invocations: 0 out of 10
  Number of future calls: 0 out of 50
  Number of queueable jobs added to the queue: 0 out of 50
  Number of Mobile Apex push calls: 0 out of 10

03:00:55.12 (12702473)|LIMIT_USAGE_FOR_NS|shiva15testns|
  Number of SOQL queries: 1 out of 100
  Number of query rows: 36 out of 50000
  Number of SOSL queries: 0 out of 20
  Number of DML statements: 0 out of 150
  Number of DML rows: 0 out of 10000
  Maximum CPU time: 0 out of 10000
  Maximum heap size: 0 out of 6000000
  Number of callouts: 0 out of 100
  Number of Email Invocations: 0 out of 10
  Number of future calls: 0 out of 50
  Number of queueable jobs added to the queue: 0 out of 50
  Number of Mobile Apex push calls: 0 out of 10

03:00:55.12 (12702473)|CUMULATIVE_LIMIT_USAGE_END

03:00:55.0 (12775873)|CODE_UNIT_FINISHED|PermissionSetPortalControllers.getAllPermissionSets
03:00:55.0 (14622833)|EXECUTION_FINISHED
