36.0 APEX_CODE,FINEST;APEX_PROFILING,INFO;CALLOUT,INFO;DB,INFO;SYSTEM,DEBUG;VALIDATION,INFO;VISUALFORCE,INFO;WORKFLOW,INFO
18:00:39.2 (2333769)|HEAP_ALLOCATE|[72]|Bytes:3
18:00:39.2 (2445834)|HEAP_ALLOCATE|[77]|Bytes:152
18:00:39.2 (2469108)|HEAP_ALLOCATE|[342]|Bytes:408
18:00:39.2 (2490860)|HEAP_ALLOCATE|[355]|Bytes:408
18:00:39.2 (2510045)|HEAP_ALLOCATE|[467]|Bytes:48
18:00:39.5 (5087781)|STATEMENT_EXECUTE|[1]
18:00:39.5 (5135704)|HEAP_ALLOCATE|[50]|Bytes:5
18:00:39.5 (5166260)|HEAP_ALLOCATE|[56]|Bytes:5
18:00:39.5 (5175491)|HEAP_ALLOCATE|[64]|Bytes:7
18:00:39.5 (5202259)|SYSTEM_MODE_ENTER|false
18:00:39.5 (5232104)|HEAP_ALLOCATE|[EXTERNAL]|Bytes:5
18:00:39.5 (5237367)|STATEMENT_EXECUTE|[372]
18:00:39.5 (5239247)|STATEMENT_EXECUTE|[395]
18:00:39.5 (5240660)|STATEMENT_EXECUTE|[421]
18:00:39.5 (5241810)|STATEMENT_EXECUTE|[437]
18:00:39.5 (5247688)|SYSTEM_MODE_EXIT|false
18:00:39.5 (5259358)|METHOD_EXIT|[1]|PermissionSetPortalControllers
18:00:39.5 (5264748)|HEAP_ALLOCATE|[EXTERNAL]|Bytes:21
18:00:39.5 (5270270)|SYSTEM_MODE_ENTER|false
18:00:39.5 (5281488)|VARIABLE_SCOPE_BEGIN|[158]|selectedObject|String|false|false
18:00:39.5 (5320111)|VARIABLE_ASSIGNMENT|[158]|selectedObject|"acceptedeventrelatio (1 more) ..."
18:00:39.5 (5338710)|HEAP_ALLOCATE|[159]|Bytes:5
18:00:39.5 (5342976)|STATEMENT_EXECUTE|[158]
18:00:39.5 (5344380)|STATEMENT_EXECUTE|[159]
18:00:39.5 (5345446)|STATEMENT_EXECUTE|[159]
18:00:39.5 (5346577)|STATEMENT_EXECUTE|[161]
18:00:39.5 (5352005)|HEAP_ALLOCATE|[161]|Bytes:28
18:00:39.5 (5371103)|HEAP_ALLOCATE|[161]|Bytes:49
18:00:39.5 (5407820)|ENTERING_MANAGED_PKG|
18:00:39.5 (5442824)|USER_DEBUG|[161]|DEBUG|##### Selected Object Name: acceptedeventrelation
18:00:39.5 (5451927)|STATEMENT_EXECUTE|[163]
18:00:39.5 (5459509)|HEAP_ALLOCATE|[163]|Bytes:4
18:00:39.5 (5480448)|ENTERING_MANAGED_PKG|
18:00:39.5 (5509556)|VARIABLE_SCOPE_BEGIN|[163]|individiaulObjFields|List<String>|true|false
18:00:39.5 (5564736)|HEAP_ALLOCATE|[EXTERNAL]|Bytes:4
18:00:39.5 (5590481)|VARIABLE_ASSIGNMENT|[163]|individiaulObjFields|{"s":1,"v":[]}|0x5624b157
18:00:39.5 (5594187)|STATEMENT_EXECUTE|[166]
18:00:39.5 (5616896)|ENTERING_MANAGED_PKG|
18:00:39.5 (33800067)|HEAP_ALLOCATE|[166]|Bytes:1416
18:00:39.5 (33843322)|VARIABLE_SCOPE_BEGIN|[166]|schemaMap|Map<String,Schema.SObjectType>|true|false
18:00:39.5 (34192060)|VARIABLE_ASSIGNMENT|[166]|schemaMap|"{acceptedeventrelation=AcceptedEventRelation, account=Account, accountcleaninfo=AccountCleanInfo, accountcontactrole=AccountContactRole, accountfeed=AccountFeed, accounthistory=AccountHistory, accountpartner=AccountPartner, accountshare=AccountShare, actionlinkgrouptemplate=ActionLinkGroupTemplate, actionlinktemplate=ActionLinkTemplate, ...}"|0x530eb02
18:00:39.5 (34233007)|ENTERING_MANAGED_PKG|
18:00:39.5 (34301754)|STATEMENT_EXECUTE|[170]
18:00:39.5 (34304775)|STATEMENT_EXECUTE|[171]
18:00:39.5 (34318178)|ENTERING_MANAGED_PKG|
18:00:39.5 (34633507)|HEAP_ALLOCATE|[171]|Bytes:4
18:00:39.5 (34963196)|HEAP_ALLOCATE|[171]|Bytes:52
18:00:39.5 (34974731)|VARIABLE_SCOPE_BEGIN|[171]|IndividiaulfieldMap|Map<String,Schema.SObjectField>|true|false
18:00:39.5 (35126007)|VARIABLE_ASSIGNMENT|[171]|IndividiaulfieldMap|"{createdbyid=CreatedById, createddate=CreatedDate, eventid=EventId, id=Id, isdeleted=IsDeleted, lastmodifiedbyid=LastModifiedById, lastmodifieddate=LastModifiedDate, relationid=RelationId, respondeddate=RespondedDate, response=Response, ...}"|0x2e0b3ee9
18:00:39.5 (35147458)|ENTERING_MANAGED_PKG|
18:00:39.5 (35172061)|STATEMENT_EXECUTE|[174]
18:00:39.5 (35190081)|ENTERING_MANAGED_PKG|
18:00:39.5 (35262326)|HEAP_ALLOCATE|[EXTERNAL]|Bytes:52
18:00:39.5 (35288231)|HEAP_ALLOCATE|[175]|Bytes:52
18:00:39.5 (35314112)|ENTERING_MANAGED_PKG|
18:00:39.5 (35441075)|HEAP_ALLOCATE|[175]|Bytes:5
18:00:39.5 (35477255)|VARIABLE_SCOPE_BEGIN|[175]|sfield|Schema.SObjectField|true|false
18:00:39.5 (35539971)|VARIABLE_ASSIGNMENT|[175]|sfield|"common.apex.runtime.impl.ApexFieldToken@1623a4d8"|0x1623a4d8
18:00:39.5 (35548355)|STATEMENT_EXECUTE|[176]
18:00:39.5 (35551102)|STATEMENT_EXECUTE|[177]
18:00:39.5 (37068923)|HEAP_ALLOCATE|[177]|Bytes:8
18:00:39.5 (37115319)|VARIABLE_SCOPE_BEGIN|[177]|dfield|Schema.DescribeFieldResult|true|false
18:00:39.5 (37191573)|VARIABLE_ASSIGNMENT|[177]|dfield|"common.api.soap.wsdl.Field@1253a0c2"|0xabdd4dd
18:00:39.5 (37198024)|STATEMENT_EXECUTE|[178]
18:00:39.5 (37205715)|HEAP_ALLOCATE|[178]|Bytes:14
18:00:39.5 (37240535)|ENTERING_MANAGED_PKG|
18:00:39.5 (48449709)|HEAP_ALLOCATE|[178]|Bytes:1059
18:00:39.5 (48500988)|HEAP_ALLOCATE|[178]|Bytes:1073
18:00:39.5 (48544821)|ENTERING_MANAGED_PKG|
18:00:39.5 (48558577)|USER_DEBUG|[178]|DEBUG|####### field Schema.DescribeFieldResult[getByteLength=18;getCalculatedFormula=null;getController=null;getDefaultValue=null;getDefaultValueFormula=null;getDigits=0;getFilteredLookupInfo=null;getInlineHelpText=null;getLabel=Event Relation ID;getLength=18;getLocalName=Id;getMask=null;getMaskType=null;getName=Id;getPrecision=0;getReferenceTargetField=null;getRelationshipName=null;getRelationshipOrder=null;getScale=0;getSoapType=ID;getSobjectField=Id;getType=ID;isAccessible=true;isAggregatable=true;isAutoNumber=false;isCalculated=false;isCascadeDelete=false;isCaseSensitive=false;isCreateable=false;isCustom=false;isDefaultedOnCreate=true;isDependentPicklist=false;isDeprecatedAndHidden=false;isDisplayLocationInDecimal=false;isEncrypted=false;isExternalId=false;isFilterable=true;isGroupable=true;isHighScaleNumber=false;isHtmlFormatted=false;isIdLookup=true;isNameField=false;isNamePointing=false;isNillable=false;isPermissionable=false;isQueryByDistance=false;isRestrictedDelete=false;isSortable=true;isUnique=false;isUpdateable=false;isWriteRequiresMasterRead=false;]
18:00:39.5 (48580913)|STATEMENT_EXECUTE|[179]
18:00:39.5 (48588375)|HEAP_ALLOCATE|[179]|Bytes:18
18:00:39.5 (48613593)|HEAP_ALLOCATE|[179]|Bytes:2
18:00:39.5 (48621711)|HEAP_ALLOCATE|[179]|Bytes:20
18:00:39.5 (48634894)|ENTERING_MANAGED_PKG|
18:00:39.5 (48661305)|USER_DEBUG|[179]|DEBUG|####### field key Id
18:00:39.5 (48667866)|STATEMENT_EXECUTE|[180]
18:00:39.5 (48678568)|HEAP_ALLOCATE|[180]|Bytes:2
18:00:39.5 (48697895)|ENTERING_MANAGED_PKG|
18:00:39.5 (48729890)|HEAP_ALLOCATE|[EXTERNAL]|Bytes:4
18:00:39.5 (48764146)|HEAP_ALLOCATE|[175]|Bytes:5
18:00:39.5 (48793378)|VARIABLE_SCOPE_BEGIN|[175]|sfield|Schema.SObjectField|true|false
18:00:39.5 (48861903)|VARIABLE_ASSIGNMENT|[175]|sfield|"common.apex.runtime.impl.ApexFieldToken@3db97a94"|0x3db97a94
18:00:39.5 (48868041)|STATEMENT_EXECUTE|[176]
18:00:39.5 (48869641)|STATEMENT_EXECUTE|[177]
18:00:39.5 (49118988)|HEAP_ALLOCATE|[177]|Bytes:8
18:00:39.5 (49131357)|VARIABLE_SCOPE_BEGIN|[177]|dfield|Schema.DescribeFieldResult|true|false
18:00:39.5 (49205361)|VARIABLE_ASSIGNMENT|[177]|dfield|"common.api.soap.wsdl.Field@147cc670"|0x9c54bb
18:00:39.5 (49211396)|STATEMENT_EXECUTE|[178]
18:00:39.5 (49231368)|ENTERING_MANAGED_PKG|
18:00:39.5 (49428164)|HEAP_ALLOCATE|[178]|Bytes:1088
18:00:39.5 (49455969)|HEAP_ALLOCATE|[178]|Bytes:1102
18:00:39.5 (49476492)|ENTERING_MANAGED_PKG|
18:00:39.5 (49483745)|USER_DEBUG|[178]|DEBUG|####### field Schema.DescribeFieldResult[getByteLength=18;getCalculatedFormula=null;getController=null;getDefaultValue=null;getDefaultValueFormula=null;getDigits=0;getFilteredLookupInfo=null;getInlineHelpText=null;getLabel=Relation ID;getLength=18;getLocalName=RelationId;getMask=null;getMaskType=null;getName=RelationId;getPrecision=0;getReferenceTargetField=null;getRelationshipName=Relation;getRelationshipOrder=null;getScale=0;getSoapType=ID;getSobjectField=RelationId;getType=REFERENCE;isAccessible=true;isAggregatable=true;isAutoNumber=false;isCalculated=false;isCascadeDelete=false;isCaseSensitive=false;isCreateable=false;isCustom=false;isDefaultedOnCreate=false;isDependentPicklist=false;isDeprecatedAndHidden=false;isDisplayLocationInDecimal=false;isEncrypted=false;isExternalId=false;isFilterable=true;isGroupable=true;isHighScaleNumber=false;isHtmlFormatted=false;isIdLookup=false;isNameField=false;isNamePointing=true;isNillable=true;isPermissionable=false;isQueryByDistance=false;isRestrictedDelete=false;isSortable=true;isUnique=false;isUpdateable=false;isWriteRequiresMasterRead=false;]
18:00:39.5 (49498957)|STATEMENT_EXECUTE|[179]
18:00:39.5 (49510219)|HEAP_ALLOCATE|[179]|Bytes:10
18:00:39.5 (49521059)|HEAP_ALLOCATE|[179]|Bytes:28
18:00:39.5 (49537026)|ENTERING_MANAGED_PKG|
18:00:39.5 (49543569)|USER_DEBUG|[179]|DEBUG|####### field key RelationId
18:00:39.5 (49551841)|STATEMENT_EXECUTE|[180]
18:00:39.5 (49560699)|HEAP_ALLOCATE|[180]|Bytes:10
18:00:39.5 (49579590)|ENTERING_MANAGED_PKG|
18:00:39.5 (49584880)|HEAP_ALLOCATE|[EXTERNAL]|Bytes:4
18:00:39.5 (49601879)|HEAP_ALLOCATE|[175]|Bytes:5
18:00:39.5 (49619780)|VARIABLE_SCOPE_BEGIN|[175]|sfield|Schema.SObjectField|true|false
18:00:39.5 (49670762)|VARIABLE_ASSIGNMENT|[175]|sfield|"common.apex.runtime.impl.ApexFieldToken@4a32f7bc"|0x4a32f7bc
18:00:39.5 (49676418)|STATEMENT_EXECUTE|[176]
18:00:39.5 (49680387)|STATEMENT_EXECUTE|[177]
18:00:39.5 (49854464)|HEAP_ALLOCATE|[177]|Bytes:8
18:00:39.5 (49865796)|VARIABLE_SCOPE_BEGIN|[177]|dfield|Schema.DescribeFieldResult|true|false
18:00:39.5 (49925873)|VARIABLE_ASSIGNMENT|[177]|dfield|"common.api.soap.wsdl.Field@a8f8199c"|0x4a9a122
18:00:39.5 (49931706)|STATEMENT_EXECUTE|[178]
18:00:39.5 (49950820)|ENTERING_MANAGED_PKG|
18:00:39.5 (50092601)|HEAP_ALLOCATE|[178]|Bytes:1074
18:00:39.5 (50117537)|HEAP_ALLOCATE|[178]|Bytes:1088
18:00:39.5 (50131956)|ENTERING_MANAGED_PKG|
18:00:39.5 (50135807)|USER_DEBUG|[178]|DEBUG|####### field Schema.DescribeFieldResult[getByteLength=18;getCalculatedFormula=null;getController=null;getDefaultValue=null;getDefaultValueFormula=null;getDigits=0;getFilteredLookupInfo=null;getInlineHelpText=null;getLabel=Event ID;getLength=18;getLocalName=EventId;getMask=null;getMaskType=null;getName=EventId;getPrecision=0;getReferenceTargetField=null;getRelationshipName=Event;getRelationshipOrder=null;getScale=0;getSoapType=ID;getSobjectField=EventId;getType=REFERENCE;isAccessible=true;isAggregatable=true;isAutoNumber=false;isCalculated=false;isCascadeDelete=false;isCaseSensitive=false;isCreateable=false;isCustom=false;isDefaultedOnCreate=false;isDependentPicklist=false;isDeprecatedAndHidden=false;isDisplayLocationInDecimal=false;isEncrypted=false;isExternalId=false;isFilterable=true;isGroupable=true;isHighScaleNumber=false;isHtmlFormatted=false;isIdLookup=false;isNameField=false;isNamePointing=false;isNillable=true;isPermissionable=false;isQueryByDistance=false;isRestrictedDelete=false;isSortable=true;isUnique=false;isUpdateable=false;isWriteRequiresMasterRead=false;]
18:00:39.5 (50145894)|STATEMENT_EXECUTE|[179]
18:00:39.5 (50155353)|HEAP_ALLOCATE|[179]|Bytes:7
18:00:39.5 (50165591)|HEAP_ALLOCATE|[179]|Bytes:25
18:00:39.5 (50181856)|ENTERING_MANAGED_PKG|
18:00:39.5 (50188833)|USER_DEBUG|[179]|DEBUG|####### field key EventId
18:00:39.5 (50197908)|STATEMENT_EXECUTE|[180]
18:00:39.5 (50206417)|HEAP_ALLOCATE|[180]|Bytes:7
18:00:39.5 (50219660)|ENTERING_MANAGED_PKG|
18:00:39.5 (50223445)|HEAP_ALLOCATE|[EXTERNAL]|Bytes:4
18:00:39.5 (50241316)|HEAP_ALLOCATE|[175]|Bytes:5
18:00:39.5 (50269766)|VARIABLE_SCOPE_BEGIN|[175]|sfield|Schema.SObjectField|true|false
18:00:39.5 (50345406)|VARIABLE_ASSIGNMENT|[175]|sfield|"common.apex.runtime.impl.ApexFieldToken@3ec033a8"|0x3ec033a8
18:00:39.5 (50353692)|STATEMENT_EXECUTE|[176]
18:00:39.5 (50356433)|STATEMENT_EXECUTE|[177]
18:00:39.5 (50496826)|HEAP_ALLOCATE|[177]|Bytes:8
18:00:39.5 (50513576)|VARIABLE_SCOPE_BEGIN|[177]|dfield|Schema.DescribeFieldResult|true|false
18:00:39.5 (50579922)|VARIABLE_ASSIGNMENT|[177]|dfield|"common.api.soap.wsdl.Field@41cf0782"|0x32edf891
18:00:39.5 (50585714)|STATEMENT_EXECUTE|[178]
18:00:39.5 (50604762)|ENTERING_MANAGED_PKG|
18:00:39.5 (50723357)|HEAP_ALLOCATE|[178]|Bytes:1100
18:00:39.5 (50746527)|HEAP_ALLOCATE|[178]|Bytes:1114
18:00:39.5 (50764714)|ENTERING_MANAGED_PKG|
18:00:39.5 (50771374)|USER_DEBUG|[178]|DEBUG|####### field Schema.DescribeFieldResult[getByteLength=0;getCalculatedFormula=null;getController=null;getDefaultValue=null;getDefaultValueFormula=null;getDigits=0;getFilteredLookupInfo=null;getInlineHelpText=null;getLabel=Response Date;getLength=0;getLocalName=RespondedDate;getMask=null;getMaskType=null;getName=RespondedDate;getPrecision=0;getReferenceTargetField=null;getRelationshipName=null;getRelationshipOrder=null;getScale=0;getSoapType=DATETIME;getSobjectField=RespondedDate;getType=DATETIME;isAccessible=true;isAggregatable=true;isAutoNumber=false;isCalculated=false;isCascadeDelete=false;isCaseSensitive=false;isCreateable=false;isCustom=false;isDefaultedOnCreate=false;isDependentPicklist=false;isDeprecatedAndHidden=false;isDisplayLocationInDecimal=false;isEncrypted=false;isExternalId=false;isFilterable=true;isGroupable=false;isHighScaleNumber=false;isHtmlFormatted=false;isIdLookup=false;isNameField=false;isNamePointing=false;isNillable=true;isPermissionable=false;isQueryByDistance=false;isRestrictedDelete=false;isSortable=true;isUnique=false;isUpdateable=false;isWriteRequiresMasterRead=false;]
18:00:39.5 (50791156)|STATEMENT_EXECUTE|[179]
18:00:39.5 (50800088)|HEAP_ALLOCATE|[179]|Bytes:13
18:00:39.5 (50806331)|HEAP_ALLOCATE|[179]|Bytes:31
18:00:39.5 (50816738)|ENTERING_MANAGED_PKG|
18:00:39.5 (50820097)|USER_DEBUG|[179]|DEBUG|####### field key RespondedDate
18:00:39.5 (50824644)|STATEMENT_EXECUTE|[180]
18:00:39.5 (50829018)|HEAP_ALLOCATE|[180]|Bytes:13
18:00:39.5 (50838221)|ENTERING_MANAGED_PKG|
18:00:39.5 (50844005)|HEAP_ALLOCATE|[EXTERNAL]|Bytes:4
18:00:39.5 (50869142)|HEAP_ALLOCATE|[175]|Bytes:5
18:00:39.5 (50898857)|VARIABLE_SCOPE_BEGIN|[175]|sfield|Schema.SObjectField|true|false
18:00:39.5 (50960165)|VARIABLE_ASSIGNMENT|[175]|sfield|"common.apex.runtime.impl.ApexFieldToken@35ce55cc"|0x35ce55cc
18:00:39.5 (50967980)|STATEMENT_EXECUTE|[176]
18:00:39.5 (50970255)|STATEMENT_EXECUTE|[177]
18:00:39.5 (51106448)|HEAP_ALLOCATE|[177]|Bytes:8
18:00:39.5 (51123367)|VARIABLE_SCOPE_BEGIN|[177]|dfield|Schema.DescribeFieldResult|true|false
18:00:39.5 (51203891)|VARIABLE_ASSIGNMENT|[177]|dfield|"common.api.soap.wsdl.Field@80a2ef66"|0x531fc8c9
18:00:39.5 (51210773)|STATEMENT_EXECUTE|[178]
18:00:39.5 (51233410)|ENTERING_MANAGED_PKG|
18:00:39.5 (51402356)|HEAP_ALLOCATE|[178]|Bytes:1079
18:00:39.5 (51421779)|HEAP_ALLOCATE|[178]|Bytes:1093
18:00:39.5 (51433391)|ENTERING_MANAGED_PKG|
18:00:39.5 (51436874)|USER_DEBUG|[178]|DEBUG|####### field Schema.DescribeFieldResult[getByteLength=765;getCalculatedFormula=null;getController=null;getDefaultValue=null;getDefaultValueFormula=null;getDigits=0;getFilteredLookupInfo=null;getInlineHelpText=null;getLabel=Response;getLength=255;getLocalName=Response;getMask=null;getMaskType=null;getName=Response;getPrecision=0;getReferenceTargetField=null;getRelationshipName=null;getRelationshipOrder=null;getScale=0;getSoapType=STRING;getSobjectField=Response;getType=STRING;isAccessible=true;isAggregatable=true;isAutoNumber=false;isCalculated=false;isCascadeDelete=false;isCaseSensitive=false;isCreateable=false;isCustom=false;isDefaultedOnCreate=false;isDependentPicklist=false;isDeprecatedAndHidden=false;isDisplayLocationInDecimal=false;isEncrypted=false;isExternalId=false;isFilterable=true;isGroupable=true;isHighScaleNumber=false;isHtmlFormatted=false;isIdLookup=false;isNameField=false;isNamePointing=false;isNillable=true;isPermissionable=false;isQueryByDistance=false;isRestrictedDelete=false;isSortable=true;isUnique=false;isUpdateable=false;isWriteRequiresMasterRead=false;]
18:00:39.5 (51449257)|STATEMENT_EXECUTE|[179]
18:00:39.5 (51457007)|HEAP_ALLOCATE|[179]|Bytes:8
18:00:39.5 (51462640)|HEAP_ALLOCATE|[179]|Bytes:26
18:00:39.5 (51471243)|ENTERING_MANAGED_PKG|
18:00:39.5 (51474081)|USER_DEBUG|[179]|DEBUG|####### field key Response
18:00:39.5 (51478384)|STATEMENT_EXECUTE|[180]
18:00:39.5 (51482506)|HEAP_ALLOCATE|[180]|Bytes:8
18:00:39.5 (51491246)|ENTERING_MANAGED_PKG|
18:00:39.5 (51494568)|HEAP_ALLOCATE|[EXTERNAL]|Bytes:4
18:00:39.5 (51509100)|HEAP_ALLOCATE|[175]|Bytes:5
18:00:39.5 (51530724)|VARIABLE_SCOPE_BEGIN|[175]|sfield|Schema.SObjectField|true|false
18:00:39.5 (51595252)|VARIABLE_ASSIGNMENT|[175]|sfield|"common.apex.runtime.impl.ApexFieldToken@4355e43b"|0x4355e43b
18:00:39.5 (51601128)|STATEMENT_EXECUTE|[176]
18:00:39.5 (51602506)|STATEMENT_EXECUTE|[177]
18:00:39.5 (51736585)|HEAP_ALLOCATE|[177]|Bytes:8
18:00:39.5 (51753123)|VARIABLE_SCOPE_BEGIN|[177]|dfield|Schema.DescribeFieldResult|true|false
18:00:39.5 (51833272)|VARIABLE_ASSIGNMENT|[177]|dfield|"common.api.soap.wsdl.Field@7cd7fd24"|0x1bd69d27
18:00:39.5 (51841012)|STATEMENT_EXECUTE|[178]
18:00:39.5 (51868409)|ENTERING_MANAGED_PKG|
18:00:39.5 (52057170)|HEAP_ALLOCATE|[178]|Bytes:1093
18:00:39.5 (52078821)|HEAP_ALLOCATE|[178]|Bytes:1107
18:00:39.5 (52092367)|ENTERING_MANAGED_PKG|
18:00:39.5 (52096702)|USER_DEBUG|[178]|DEBUG|####### field Schema.DescribeFieldResult[getByteLength=0;getCalculatedFormula=null;getController=null;getDefaultValue=null;getDefaultValueFormula=null;getDigits=0;getFilteredLookupInfo=null;getInlineHelpText=null;getLabel=Created Date;getLength=0;getLocalName=CreatedDate;getMask=null;getMaskType=null;getName=CreatedDate;getPrecision=0;getReferenceTargetField=null;getRelationshipName=null;getRelationshipOrder=null;getScale=0;getSoapType=DATETIME;getSobjectField=CreatedDate;getType=DATETIME;isAccessible=true;isAggregatable=true;isAutoNumber=false;isCalculated=false;isCascadeDelete=false;isCaseSensitive=false;isCreateable=false;isCustom=false;isDefaultedOnCreate=true;isDependentPicklist=false;isDeprecatedAndHidden=false;isDisplayLocationInDecimal=false;isEncrypted=false;isExternalId=false;isFilterable=true;isGroupable=false;isHighScaleNumber=false;isHtmlFormatted=false;isIdLookup=false;isNameField=false;isNamePointing=false;isNillable=false;isPermissionable=false;isQueryByDistance=false;isRestrictedDelete=false;isSortable=true;isUnique=false;isUpdateable=false;isWriteRequiresMasterRead=false;]
18:00:39.5 (52106773)|STATEMENT_EXECUTE|[179]
18:00:39.5 (52114018)|HEAP_ALLOCATE|[179]|Bytes:11
18:00:39.5 (52119543)|HEAP_ALLOCATE|[179]|Bytes:29
18:00:39.5 (52128565)|ENTERING_MANAGED_PKG|
18:00:39.5 (52132895)|USER_DEBUG|[179]|DEBUG|####### field key CreatedDate
18:00:39.5 (52137920)|STATEMENT_EXECUTE|[180]
18:00:39.5 (52142523)|HEAP_ALLOCATE|[180]|Bytes:11
18:00:39.5 (52151869)|ENTERING_MANAGED_PKG|
18:00:39.5 (52155452)|HEAP_ALLOCATE|[EXTERNAL]|Bytes:4
18:00:39.5 (52170222)|HEAP_ALLOCATE|[175]|Bytes:5
18:00:39.5 (52190890)|VARIABLE_SCOPE_BEGIN|[175]|sfield|Schema.SObjectField|true|false
18:00:39.5 (52240503)|VARIABLE_ASSIGNMENT|[175]|sfield|"common.apex.runtime.impl.ApexFieldToken@1e0764fa"|0x1e0764fa
18:00:39.5 (52246499)|STATEMENT_EXECUTE|[176]
18:00:39.5 (52247816)|STATEMENT_EXECUTE|[177]
18:00:39.5 (52391358)|HEAP_ALLOCATE|[177]|Bytes:8
18:00:39.5 (52402448)|VARIABLE_SCOPE_BEGIN|[177]|dfield|Schema.DescribeFieldResult|true|false
18:00:39.5 (52460494)|VARIABLE_ASSIGNMENT|[177]|dfield|"common.api.soap.wsdl.Field@d86cdcbd"|0x28277370
18:00:39.5 (52466592)|STATEMENT_EXECUTE|[178]
18:00:39.5 (52485482)|ENTERING_MANAGED_PKG|
18:00:39.5 (52651841)|HEAP_ALLOCATE|[178]|Bytes:1095
18:00:39.5 (52682497)|HEAP_ALLOCATE|[178]|Bytes:1109
18:00:39.5 (52701117)|ENTERING_MANAGED_PKG|
18:00:39.5 (52713058)|USER_DEBUG|[178]|DEBUG|####### field Schema.DescribeFieldResult[getByteLength=18;getCalculatedFormula=null;getController=null;getDefaultValue=null;getDefaultValueFormula=null;getDigits=0;getFilteredLookupInfo=null;getInlineHelpText=null;getLabel=Created By ID;getLength=18;getLocalName=CreatedById;getMask=null;getMaskType=null;getName=CreatedById;getPrecision=0;getReferenceTargetField=null;getRelationshipName=CreatedBy;getRelationshipOrder=null;getScale=0;getSoapType=ID;getSobjectField=CreatedById;getType=REFERENCE;isAccessible=true;isAggregatable=true;isAutoNumber=false;isCalculated=false;isCascadeDelete=false;isCaseSensitive=false;isCreateable=false;isCustom=false;isDefaultedOnCreate=true;isDependentPicklist=false;isDeprecatedAndHidden=false;isDisplayLocationInDecimal=false;isEncrypted=false;isExternalId=false;isFilterable=true;isGroupable=true;isHighScaleNumber=false;isHtmlFormatted=false;isIdLookup=false;isNameField=false;isNamePointing=false;isNillable=false;isPermissionable=false;isQueryByDistance=false;isRestrictedDelete=false;isSortable=true;isUnique=false;isUpdateable=false;isWriteRequiresMasterRead=false;]
18:00:39.5 (52730587)|STATEMENT_EXECUTE|[179]
18:00:39.5 (52739581)|HEAP_ALLOCATE|[179]|Bytes:11
18:00:39.5 (52746081)|HEAP_ALLOCATE|[179]|Bytes:29
18:00:39.5 (52756659)|ENTERING_MANAGED_PKG|
18:00:39.5 (52759967)|USER_DEBUG|[179]|DEBUG|####### field key CreatedById
18:00:39.5 (52764607)|STATEMENT_EXECUTE|[180]
18:00:39.5 (52770290)|HEAP_ALLOCATE|[180]|Bytes:11
18:00:39.5 (52786886)|ENTERING_MANAGED_PKG|
18:00:39.5 (52793778)|HEAP_ALLOCATE|[EXTERNAL]|Bytes:4
18:00:39.5 (52818733)|HEAP_ALLOCATE|[175]|Bytes:5
18:00:39.5 (52845840)|VARIABLE_SCOPE_BEGIN|[175]|sfield|Schema.SObjectField|true|false
18:00:39.5 (52907927)|VARIABLE_ASSIGNMENT|[175]|sfield|"common.apex.runtime.impl.ApexFieldToken@216549e1"|0x216549e1
18:00:39.5 (52915630)|STATEMENT_EXECUTE|[176]
18:00:39.5 (52917955)|STATEMENT_EXECUTE|[177]
18:00:39.5 (53070941)|HEAP_ALLOCATE|[177]|Bytes:8
18:00:39.5 (53087835)|VARIABLE_SCOPE_BEGIN|[177]|dfield|Schema.DescribeFieldResult|true|false
18:00:39.5 (53169634)|VARIABLE_ASSIGNMENT|[177]|dfield|"common.api.soap.wsdl.Field@4ab84e26"|0x5c769d23
18:00:39.5 (53180560)|STATEMENT_EXECUTE|[178]
18:00:39.5 (53207847)|ENTERING_MANAGED_PKG|
18:00:39.5 (53397264)|HEAP_ALLOCATE|[178]|Bytes:1114
18:00:39.5 (53424881)|HEAP_ALLOCATE|[178]|Bytes:1128
18:00:39.5 (53439351)|ENTERING_MANAGED_PKG|
18:00:39.5 (53443592)|USER_DEBUG|[178]|DEBUG|####### field Schema.DescribeFieldResult[getByteLength=0;getCalculatedFormula=null;getController=null;getDefaultValue=null;getDefaultValueFormula=null;getDigits=0;getFilteredLookupInfo=null;getInlineHelpText=null;getLabel=Last Modified Date;getLength=0;getLocalName=LastModifiedDate;getMask=null;getMaskType=null;getName=LastModifiedDate;getPrecision=0;getReferenceTargetField=null;getRelationshipName=null;getRelationshipOrder=null;getScale=0;getSoapType=DATETIME;getSobjectField=LastModifiedDate;getType=DATETIME;isAccessible=true;isAggregatable=true;isAutoNumber=false;isCalculated=false;isCascadeDelete=false;isCaseSensitive=false;isCreateable=false;isCustom=false;isDefaultedOnCreate=true;isDependentPicklist=false;isDeprecatedAndHidden=false;isDisplayLocationInDecimal=false;isEncrypted=false;isExternalId=false;isFilterable=true;isGroupable=false;isHighScaleNumber=false;isHtmlFormatted=false;isIdLookup=false;isNameField=false;isNamePointing=false;isNillable=false;isPermissionable=false;isQueryByDistance=false;isRestrictedDelete=false;isSortable=true;isUnique=false;isUpdateable=false;isWriteRequiresMasterRead=false;]
18:00:39.5 (53458407)|STATEMENT_EXECUTE|[179]
18:00:39.5 (53468266)|HEAP_ALLOCATE|[179]|Bytes:16
18:00:39.5 (53474338)|HEAP_ALLOCATE|[179]|Bytes:34
18:00:39.5 (53483280)|ENTERING_MANAGED_PKG|
18:00:39.5 (53486230)|USER_DEBUG|[179]|DEBUG|####### field key LastModifiedDate
18:00:39.5 (53490560)|STATEMENT_EXECUTE|[180]
18:00:39.5 (53494696)|HEAP_ALLOCATE|[180]|Bytes:16
18:00:39.5 (53504026)|ENTERING_MANAGED_PKG|
18:00:39.5 (53509706)|HEAP_ALLOCATE|[EXTERNAL]|Bytes:4
18:00:39.5 (53530383)|HEAP_ALLOCATE|[175]|Bytes:5
18:00:39.5 (53548476)|VARIABLE_SCOPE_BEGIN|[175]|sfield|Schema.SObjectField|true|false
18:00:39.5 (53598182)|VARIABLE_ASSIGNMENT|[175]|sfield|"common.apex.runtime.impl.ApexFieldToken@66421834"|0x66421834
18:00:39.5 (53603792)|STATEMENT_EXECUTE|[176]
18:00:39.5 (53605218)|STATEMENT_EXECUTE|[177]
18:00:39.5 (53735312)|HEAP_ALLOCATE|[177]|Bytes:8
18:00:39.5 (53749745)|VARIABLE_SCOPE_BEGIN|[177]|dfield|Schema.DescribeFieldResult|true|false
18:00:39.5 (53832614)|VARIABLE_ASSIGNMENT|[177]|dfield|"common.api.soap.wsdl.Field@1b0a00bf"|0x2f5e5f25
18:00:39.5 (53840147)|STATEMENT_EXECUTE|[178]
18:00:39.5 (53866191)|ENTERING_MANAGED_PKG|
18:00:39.5 (54000984)|HEAP_ALLOCATE|[178]|Bytes:1121
18:00:39.5 (54020304)|HEAP_ALLOCATE|[178]|Bytes:1135
18:00:39.5 (54031760)|ENTERING_MANAGED_PKG|
18:00:39.5 (54035311)|USER_DEBUG|[178]|DEBUG|####### field Schema.DescribeFieldResult[getByteLength=18;getCalculatedFormula=null;getController=null;getDefaultValue=null;getDefaultValueFormula=null;getDigits=0;getFilteredLookupInfo=null;getInlineHelpText=null;getLabel=Last Modified By ID;getLength=18;getLocalName=LastModifiedById;getMask=null;getMaskType=null;getName=LastModifiedById;getPrecision=0;getReferenceTargetField=null;getRelationshipName=LastModifiedBy;getRelationshipOrder=null;getScale=0;getSoapType=ID;getSobjectField=LastModifiedById;getType=REFERENCE;isAccessible=true;isAggregatable=true;isAutoNumber=false;isCalculated=false;isCascadeDelete=false;isCaseSensitive=false;isCreateable=false;isCustom=false;isDefaultedOnCreate=true;isDependentPicklist=false;isDeprecatedAndHidden=false;isDisplayLocationInDecimal=false;isEncrypted=false;isExternalId=false;isFilterable=true;isGroupable=true;isHighScaleNumber=false;isHtmlFormatted=false;isIdLookup=false;isNameField=false;isNamePointing=false;isNillable=false;isPermissionable=false;isQueryByDistance=false;isRestrictedDelete=false;isSortable=true;isUnique=false;isUpdateable=false;isWriteRequiresMasterRead=false;]
18:00:39.5 (54045324)|STATEMENT_EXECUTE|[179]
18:00:39.5 (54054668)|HEAP_ALLOCATE|[179]|Bytes:16
18:00:39.5 (54060758)|HEAP_ALLOCATE|[179]|Bytes:34
18:00:39.5 (54069128)|ENTERING_MANAGED_PKG|
18:00:39.5 (54072005)|USER_DEBUG|[179]|DEBUG|####### field key LastModifiedById
18:00:39.5 (54076349)|STATEMENT_EXECUTE|[180]
18:00:39.5 (54080549)|HEAP_ALLOCATE|[180]|Bytes:16
18:00:39.5 (54089129)|ENTERING_MANAGED_PKG|
18:00:39.5 (54092888)|HEAP_ALLOCATE|[EXTERNAL]|Bytes:4
18:00:39.5 (54107320)|HEAP_ALLOCATE|[175]|Bytes:5
18:00:39.5 (54129841)|VARIABLE_SCOPE_BEGIN|[175]|sfield|Schema.SObjectField|true|false
18:00:39.5 (54179432)|VARIABLE_ASSIGNMENT|[175]|sfield|"common.apex.runtime.impl.ApexFieldToken@a5a5cfb"|0xa5a5cfb
18:00:39.5 (54185957)|STATEMENT_EXECUTE|[176]
18:00:39.5 (54187406)|STATEMENT_EXECUTE|[177]
18:00:39.5 (54319132)|HEAP_ALLOCATE|[177]|Bytes:8
18:00:39.5 (54334856)|VARIABLE_SCOPE_BEGIN|[177]|dfield|Schema.DescribeFieldResult|true|false
18:00:39.5 (54398161)|VARIABLE_ASSIGNMENT|[177]|dfield|"common.api.soap.wsdl.Field@27283699"|0x55770f60
18:00:39.5 (54403777)|STATEMENT_EXECUTE|[178]
18:00:39.5 (54422336)|ENTERING_MANAGED_PKG|
18:00:39.5 (54547212)|HEAP_ALLOCATE|[178]|Bytes:1105
18:00:39.5 (54565731)|HEAP_ALLOCATE|[178]|Bytes:1119
18:00:39.5 (54576860)|ENTERING_MANAGED_PKG|
18:00:39.5 (54580339)|USER_DEBUG|[178]|DEBUG|####### field Schema.DescribeFieldResult[getByteLength=0;getCalculatedFormula=null;getController=null;getDefaultValue=null;getDefaultValueFormula=null;getDigits=0;getFilteredLookupInfo=null;getInlineHelpText=null;getLabel=System Modstamp;getLength=0;getLocalName=SystemModstamp;getMask=null;getMaskType=null;getName=SystemModstamp;getPrecision=0;getReferenceTargetField=null;getRelationshipName=null;getRelationshipOrder=null;getScale=0;getSoapType=DATETIME;getSobjectField=SystemModstamp;getType=DATETIME;isAccessible=true;isAggregatable=true;isAutoNumber=false;isCalculated=false;isCascadeDelete=false;isCaseSensitive=false;isCreateable=false;isCustom=false;isDefaultedOnCreate=true;isDependentPicklist=false;isDeprecatedAndHidden=false;isDisplayLocationInDecimal=false;isEncrypted=false;isExternalId=false;isFilterable=true;isGroupable=false;isHighScaleNumber=false;isHtmlFormatted=false;isIdLookup=false;isNameField=false;isNamePointing=false;isNillable=false;isPermissionable=false;isQueryByDistance=false;isRestrictedDelete=false;isSortable=true;isUnique=false;isUpdateable=false;isWriteRequiresMasterRead=false;]
18:00:39.5 (54589725)|STATEMENT_EXECUTE|[179]
18:00:39.5 (54596936)|HEAP_ALLOCATE|[179]|Bytes:14
18:00:39.5 (54602010)|HEAP_ALLOCATE|[179]|Bytes:32
18:00:39.5 (54609904)|ENTERING_MANAGED_PKG|
18:00:39.5 (54612682)|USER_DEBUG|[179]|DEBUG|####### field key SystemModstamp
18:00:39.5 (54616966)|STATEMENT_EXECUTE|[180]
18:00:39.5 (54621196)|HEAP_ALLOCATE|[180]|Bytes:14
18:00:39.5 (54630149)|ENTERING_MANAGED_PKG|
18:00:39.5 (54633622)|HEAP_ALLOCATE|[EXTERNAL]|Bytes:4
18:00:39.5 (54647785)|HEAP_ALLOCATE|[175]|Bytes:5
18:00:39.5 (54664604)|VARIABLE_SCOPE_BEGIN|[175]|sfield|Schema.SObjectField|true|false
18:00:39.5 (54712935)|VARIABLE_ASSIGNMENT|[175]|sfield|"common.apex.runtime.impl.ApexFieldToken@2f5fc9fe"|0x2f5fc9fe
18:00:39.5 (54718337)|STATEMENT_EXECUTE|[176]
18:00:39.5 (54719650)|STATEMENT_EXECUTE|[177]
18:00:39.5 (54828672)|HEAP_ALLOCATE|[177]|Bytes:8
18:00:39.5 (54839397)|VARIABLE_SCOPE_BEGIN|[177]|dfield|Schema.DescribeFieldResult|true|false
18:00:39.5 (54895422)|VARIABLE_ASSIGNMENT|[177]|dfield|"common.api.soap.wsdl.Field@1c5841ef"|0x2beab4f
18:00:39.5 (54901148)|STATEMENT_EXECUTE|[178]
18:00:39.5 (54919451)|ENTERING_MANAGED_PKG|
18:00:39.5 (55033305)|HEAP_ALLOCATE|[178]|Bytes:1080
18:00:39.5 (55055430)|HEAP_ALLOCATE|[178]|Bytes:1094
18:00:39.5 (55067182)|ENTERING_MANAGED_PKG|
18:00:39.5 (55070604)|USER_DEBUG|[178]|DEBUG|####### field Schema.DescribeFieldResult[getByteLength=0;getCalculatedFormula=null;getController=null;getDefaultValue=null;getDefaultValueFormula=null;getDigits=0;getFilteredLookupInfo=null;getInlineHelpText=null;getLabel=Deleted;getLength=0;getLocalName=IsDeleted;getMask=null;getMaskType=null;getName=IsDeleted;getPrecision=0;getReferenceTargetField=null;getRelationshipName=null;getRelationshipOrder=null;getScale=0;getSoapType=BOOLEAN;getSobjectField=IsDeleted;getType=BOOLEAN;isAccessible=true;isAggregatable=false;isAutoNumber=false;isCalculated=false;isCascadeDelete=false;isCaseSensitive=false;isCreateable=false;isCustom=false;isDefaultedOnCreate=true;isDependentPicklist=false;isDeprecatedAndHidden=false;isDisplayLocationInDecimal=false;isEncrypted=false;isExternalId=false;isFilterable=true;isGroupable=true;isHighScaleNumber=false;isHtmlFormatted=false;isIdLookup=false;isNameField=false;isNamePointing=false;isNillable=false;isPermissionable=false;isQueryByDistance=false;isRestrictedDelete=false;isSortable=true;isUnique=false;isUpdateable=false;isWriteRequiresMasterRead=false;]
18:00:39.5 (55080386)|STATEMENT_EXECUTE|[179]
18:00:39.5 (55087709)|HEAP_ALLOCATE|[179]|Bytes:9
18:00:39.5 (55093030)|HEAP_ALLOCATE|[179]|Bytes:27
18:00:39.5 (55100798)|ENTERING_MANAGED_PKG|
18:00:39.5 (55103599)|USER_DEBUG|[179]|DEBUG|####### field key IsDeleted
18:00:39.5 (55107899)|STATEMENT_EXECUTE|[180]
18:00:39.5 (55112098)|HEAP_ALLOCATE|[180]|Bytes:9
18:00:39.5 (55120675)|ENTERING_MANAGED_PKG|
18:00:39.5 (55124023)|HEAP_ALLOCATE|[EXTERNAL]|Bytes:4
18:00:39.5 (55138305)|HEAP_ALLOCATE|[175]|Bytes:5
18:00:39.5 (55154996)|VARIABLE_SCOPE_BEGIN|[175]|sfield|Schema.SObjectField|true|false
18:00:39.5 (55216833)|VARIABLE_ASSIGNMENT|[175]|sfield|"common.apex.runtime.impl.ApexFieldToken@247ea7b5"|0x247ea7b5
18:00:39.5 (55224775)|STATEMENT_EXECUTE|[176]
18:00:39.5 (55227422)|STATEMENT_EXECUTE|[177]
18:00:39.5 (55361512)|HEAP_ALLOCATE|[177]|Bytes:8
18:00:39.5 (55372753)|VARIABLE_SCOPE_BEGIN|[177]|dfield|Schema.DescribeFieldResult|true|false
18:00:39.5 (55436862)|VARIABLE_ASSIGNMENT|[177]|dfield|"common.api.soap.wsdl.Field@280909f4"|0x34a19c48
18:00:39.5 (55442439)|STATEMENT_EXECUTE|[178]
18:00:39.5 (55461143)|ENTERING_MANAGED_PKG|
18:00:39.5 (55575716)|HEAP_ALLOCATE|[178]|Bytes:1062
18:00:39.5 (55593894)|HEAP_ALLOCATE|[178]|Bytes:1076
18:00:39.5 (55604836)|ENTERING_MANAGED_PKG|
18:00:39.5 (55608098)|USER_DEBUG|[178]|DEBUG|####### field Schema.DescribeFieldResult[getByteLength=150;getCalculatedFormula=null;getController=null;getDefaultValue=null;getDefaultValueFormula=null;getDigits=0;getFilteredLookupInfo=null;getInlineHelpText=null;getLabel=Type;getLength=50;getLocalName=Type;getMask=null;getMaskType=null;getName=Type;getPrecision=0;getReferenceTargetField=null;getRelationshipName=null;getRelationshipOrder=null;getScale=0;getSoapType=STRING;getSobjectField=Type;getType=STRING;isAccessible=true;isAggregatable=true;isAutoNumber=false;isCalculated=false;isCascadeDelete=false;isCaseSensitive=false;isCreateable=false;isCustom=false;isDefaultedOnCreate=false;isDependentPicklist=false;isDeprecatedAndHidden=false;isDisplayLocationInDecimal=false;isEncrypted=false;isExternalId=false;isFilterable=true;isGroupable=true;isHighScaleNumber=false;isHtmlFormatted=false;isIdLookup=false;isNameField=false;isNamePointing=false;isNillable=true;isPermissionable=false;isQueryByDistance=false;isRestrictedDelete=false;isSortable=true;isUnique=false;isUpdateable=false;isWriteRequiresMasterRead=false;]
18:00:39.5 (55621158)|STATEMENT_EXECUTE|[179]
18:00:39.5 (55628618)|HEAP_ALLOCATE|[179]|Bytes:4
18:00:39.5 (55634088)|HEAP_ALLOCATE|[179]|Bytes:22
18:00:39.5 (55642179)|ENTERING_MANAGED_PKG|
18:00:39.5 (55645075)|USER_DEBUG|[179]|DEBUG|####### field key Type
18:00:39.5 (55649298)|STATEMENT_EXECUTE|[180]
18:00:39.5 (55653893)|HEAP_ALLOCATE|[180]|Bytes:4
18:00:39.5 (55662735)|ENTERING_MANAGED_PKG|
18:00:39.5 (55666120)|HEAP_ALLOCATE|[EXTERNAL]|Bytes:4
18:00:39.5 (55680336)|HEAP_ALLOCATE|[175]|Bytes:5
18:00:39.5 (55695113)|VARIABLE_ASSIGNMENT|[175]|sfield|null|
18:00:39.5 (55700178)|STATEMENT_EXECUTE|[185]
18:00:39.5 (55717241)|SYSTEM_MODE_EXIT|false
18:00:39.55 (55767904)|CUMULATIVE_LIMIT_USAGE
18:00:39.55 (55767904)|LIMIT_USAGE_FOR_NS|(default)|
  Number of SOQL queries: 0 out of 100
  Number of query rows: 0 out of 50000
  Number of SOSL queries: 0 out of 20
  Number of DML statements: 0 out of 150
  Number of DML rows: 0 out of 10000
  Maximum CPU time: 0 out of 10000
  Maximum heap size: 0 out of 6000000
  Number of callouts: 0 out of 100
  Number of Email Invocations: 0 out of 10
  Number of future calls: 0 out of 50
  Number of queueable jobs added to the queue: 0 out of 50
  Number of Mobile Apex push calls: 0 out of 10

18:00:39.55 (55767904)|LIMIT_USAGE_FOR_NS|shiva15testns|
  Number of SOQL queries: 0 out of 100
  Number of query rows: 0 out of 50000
  Number of SOSL queries: 0 out of 20
  Number of DML statements: 0 out of 150
  Number of DML rows: 0 out of 10000
  Maximum CPU time: 0 out of 10000
  Maximum heap size: 0 out of 6000000
  Number of callouts: 0 out of 100
  Number of Email Invocations: 0 out of 10
  Number of future calls: 0 out of 50
  Number of queueable jobs added to the queue: 0 out of 50
  Number of Mobile Apex push calls: 0 out of 10

18:00:39.55 (55767904)|CUMULATIVE_LIMIT_USAGE_END

18:00:39.5 (55846445)|CODE_UNIT_FINISHED|PermissionSetPortalControllers.getAllFields
