36.0 APEX_CODE,FINEST;APEX_PROFILING,INFO;CALLOUT,INFO;DB,INFO;SYSTEM,DEBUG;VALIDATION,INFO;VISUALFORCE,INFO;WORKFLOW,INFO
17:44:27.0 (835488)|HEAP_ALLOCATE|[72]|Bytes:3
17:44:27.0 (920957)|HEAP_ALLOCATE|[77]|Bytes:152
17:44:27.0 (938033)|HEAP_ALLOCATE|[342]|Bytes:408
17:44:27.0 (954941)|HEAP_ALLOCATE|[355]|Bytes:408
17:44:27.0 (969678)|HEAP_ALLOCATE|[467]|Bytes:48
17:44:27.3 (3385066)|STATEMENT_EXECUTE|[1]
17:44:27.3 (3424674)|HEAP_ALLOCATE|[50]|Bytes:5
17:44:27.3 (3451724)|HEAP_ALLOCATE|[56]|Bytes:5
17:44:27.3 (3460355)|HEAP_ALLOCATE|[64]|Bytes:7
17:44:27.3 (3480455)|SYSTEM_MODE_ENTER|false
17:44:27.3 (3503305)|HEAP_ALLOCATE|[EXTERNAL]|Bytes:5
17:44:27.3 (3507802)|STATEMENT_EXECUTE|[918]
17:44:27.3 (3509517)|STATEMENT_EXECUTE|[947]
17:44:27.3 (3510639)|STATEMENT_EXECUTE|[975]
17:44:27.3 (3511717)|STATEMENT_EXECUTE|[1004]
17:44:27.3 (3513125)|STATEMENT_EXECUTE|[1020]
17:44:27.3 (3514220)|STATEMENT_EXECUTE|[1037]
17:44:27.3 (3515308)|STATEMENT_EXECUTE|[1048]
17:44:27.3 (3516402)|STATEMENT_EXECUTE|[1053]
17:44:27.3 (3521929)|SYSTEM_MODE_EXIT|false
17:44:27.3 (3532265)|METHOD_EXIT|[1]|PermissionSetPortalControllers
17:44:27.3 (3537366)|HEAP_ALLOCATE|[EXTERNAL]|Bytes:25
17:44:27.3 (3539257)|HEAP_ALLOCATE|[EXTERNAL]|Bytes:18
17:44:27.3 (3543882)|SYSTEM_MODE_ENTER|false
17:44:27.3 (3555725)|VARIABLE_SCOPE_BEGIN|[378]|selectedObject|String|false|false
17:44:27.3 (3585263)|VARIABLE_ASSIGNMENT|[378]|selectedObject|"shiva15testns__expen (5 more) ..."
17:44:27.3 (3590698)|VARIABLE_SCOPE_BEGIN|[378]|selectedPSet|String|false|false
17:44:27.3 (3595254)|VARIABLE_ASSIGNMENT|[378]|selectedPSet|"0PS36000000q71PGAQ"
17:44:27.3 (3610546)|HEAP_ALLOCATE|[379]|Bytes:5
17:44:27.3 (3614591)|STATEMENT_EXECUTE|[378]
17:44:27.3 (3615983)|STATEMENT_EXECUTE|[379]
17:44:27.3 (3617013)|STATEMENT_EXECUTE|[379]
17:44:27.3 (3618291)|STATEMENT_EXECUTE|[380]
17:44:27.3 (3625655)|HEAP_ALLOCATE|[380]|Bytes:4
17:44:27.3 (3701528)|ENTERING_MANAGED_PKG|
17:44:27.3 (3728698)|VARIABLE_SCOPE_BEGIN|[380]|listOfFieldsForSorting|List<shiva15testns.PermissionSetPortalControllers.FieldDetailsClass>|true|false
17:44:27.3 (3759594)|HEAP_ALLOCATE|[EXTERNAL]|Bytes:4
17:44:27.3 (3779009)|VARIABLE_ASSIGNMENT|[380]|listOfFieldsForSorting|{"s":1,"v":[]}|0x4e39b716
17:44:27.3 (3782568)|STATEMENT_EXECUTE|[381]
17:44:27.3 (3815298)|ENTERING_MANAGED_PKG|
17:44:27.3 (26249855)|HEAP_ALLOCATE|[381]|Bytes:1420
17:44:27.3 (26287811)|VARIABLE_SCOPE_BEGIN|[381]|schemaMap|Map<String,Schema.SObjectType>|true|false
17:44:27.3 (26546945)|VARIABLE_ASSIGNMENT|[381]|schemaMap|"{acceptedeventrelation=AcceptedEventRelation, account=Account, accountcleaninfo=AccountCleanInfo, accountcontactrole=AccountContactRole, accountfeed=AccountFeed, accounthistory=AccountHistory, accountpartner=AccountPartner, accountshare=AccountShare, actionlinkgrouptemplate=ActionLinkGroupTemplate, actionlinktemplate=ActionLinkTemplate, ...}"|0x758321d9
17:44:27.3 (26556388)|STATEMENT_EXECUTE|[382]
17:44:27.3 (26575700)|HEAP_ALLOCATE|[382]|Bytes:4
17:44:27.3 (26608048)|ENTERING_MANAGED_PKG|
17:44:27.3 (26647294)|VARIABLE_SCOPE_BEGIN|[382]|individualObjectAllFieldsList|List<shiva15testns.PermissionSetPortalControllers.FieldDetailsClass>|true|false
17:44:27.3 (26664393)|HEAP_ALLOCATE|[EXTERNAL]|Bytes:4
17:44:27.3 (26687528)|VARIABLE_ASSIGNMENT|[382]|individualObjectAllFieldsList|{"s":1,"v":[]}|0x4247b3a5
17:44:27.3 (26690922)|STATEMENT_EXECUTE|[383]
17:44:27.3 (26762112)|VARIABLE_SCOPE_BEGIN|[383]|fieldClassObj|shiva15testns.PermissionSetPortalControllers.FieldDetailsClass|true|false
17:44:27.3 (26770832)|VARIABLE_ASSIGNMENT|[383]|fieldClassObj|null|
17:44:27.3 (26795115)|ENTERING_MANAGED_PKG|
17:44:27.3 (26845221)|STATEMENT_EXECUTE|[386]
17:44:27.3 (26848996)|STATEMENT_EXECUTE|[388]
17:44:27.3 (26870042)|ENTERING_MANAGED_PKG|
17:44:27.3 (27318352)|HEAP_ALLOCATE|[388]|Bytes:4
17:44:27.3 (28383737)|HEAP_ALLOCATE|[388]|Bytes:64
17:44:27.3 (28395833)|VARIABLE_SCOPE_BEGIN|[388]|IndividiaulfieldMap|Map<String,Schema.SObjectField>|true|false
17:44:27.3 (28540339)|VARIABLE_ASSIGNMENT|[388]|IndividiaulfieldMap|"{createdbyid=CreatedById, createddate=CreatedDate, id=Id, isdeleted=IsDeleted, lastmodifiedbyid=LastModifiedById, lastmodifieddate=LastModifiedDate, lastreferenceddate=LastReferencedDate, lastvieweddate=LastViewedDate, name=Name, ownerid=OwnerId, ...}"|0x2fd7da31
17:44:27.3 (28560400)|ENTERING_MANAGED_PKG|
17:44:27.3 (28585173)|STATEMENT_EXECUTE|[390]
17:44:27.3 (28587423)|STATEMENT_EXECUTE|[392]
17:44:27.3 (28605111)|METHOD_ENTRY|[392]|01p36000005Jpvx|shiva15testns.PermissionSetPortalControllers.addSystemLevelFields()
17:44:27.3 (28639000)|HEAP_ALLOCATE|[86]|Bytes:5
17:44:27.3 (28643133)|STATEMENT_EXECUTE|[85]
17:44:27.3 (28644745)|STATEMENT_EXECUTE|[86]
17:44:27.3 (28651733)|HEAP_ALLOCATE|[86]|Bytes:4
17:44:27.3 (28670941)|ENTERING_MANAGED_PKG|
17:44:27.3 (28689098)|VARIABLE_SCOPE_BEGIN|[86]|fieldsWhichCannotBeAccessible|Set<String>|true|false
17:44:27.3 (28725803)|VARIABLE_ASSIGNMENT|[86]|fieldsWhichCannotBeAccessible|{"s":1,"v":[]}|0x27a5914a
17:44:27.3 (28729302)|STATEMENT_EXECUTE|[87]
17:44:27.3 (28735526)|HEAP_ALLOCATE|[87]|Bytes:2
17:44:27.3 (28753798)|ENTERING_MANAGED_PKG|
17:44:27.3 (28779239)|HEAP_ALLOCATE|[EXTERNAL]|Bytes:4
17:44:27.3 (28788198)|STATEMENT_EXECUTE|[88]
17:44:27.3 (28792112)|HEAP_ALLOCATE|[88]|Bytes:9
17:44:27.3 (28802744)|ENTERING_MANAGED_PKG|
17:44:27.3 (28820068)|HEAP_ALLOCATE|[EXTERNAL]|Bytes:4
17:44:27.3 (28827235)|STATEMENT_EXECUTE|[89]
17:44:27.3 (28831072)|HEAP_ALLOCATE|[89]|Bytes:11
17:44:27.3 (28841040)|ENTERING_MANAGED_PKG|
17:44:27.3 (28856982)|HEAP_ALLOCATE|[EXTERNAL]|Bytes:4
17:44:27.3 (28863813)|STATEMENT_EXECUTE|[90]
17:44:27.3 (28866963)|HEAP_ALLOCATE|[90]|Bytes:11
17:44:27.3 (28876286)|ENTERING_MANAGED_PKG|
17:44:27.3 (28892206)|HEAP_ALLOCATE|[EXTERNAL]|Bytes:4
17:44:27.3 (28899021)|STATEMENT_EXECUTE|[91]
17:44:27.3 (28902254)|HEAP_ALLOCATE|[91]|Bytes:16
17:44:27.3 (28911569)|ENTERING_MANAGED_PKG|
17:44:27.3 (28926732)|HEAP_ALLOCATE|[EXTERNAL]|Bytes:4
17:44:27.3 (28933345)|STATEMENT_EXECUTE|[92]
17:44:27.3 (28936691)|HEAP_ALLOCATE|[92]|Bytes:16
17:44:27.3 (28945879)|ENTERING_MANAGED_PKG|
17:44:27.3 (28961085)|HEAP_ALLOCATE|[EXTERNAL]|Bytes:4
17:44:27.3 (28967650)|STATEMENT_EXECUTE|[93]
17:44:27.3 (28970638)|HEAP_ALLOCATE|[93]|Bytes:14
17:44:27.3 (28979879)|ENTERING_MANAGED_PKG|
17:44:27.3 (28995033)|HEAP_ALLOCATE|[EXTERNAL]|Bytes:4
17:44:27.3 (29006120)|STATEMENT_EXECUTE|[94]
17:44:27.3 (29017805)|METHOD_EXIT|[392]|01p36000005Jpvx|shiva15testns.PermissionSetPortalControllers.addSystemLevelFields()
17:44:27.3 (29023078)|VARIABLE_SCOPE_BEGIN|[392]|systemFields|Set<String>|true|false
17:44:27.3 (29036532)|VARIABLE_ASSIGNMENT|[392]|systemFields|{"s":1,"v":"List of size 7 too large to display"}|0x27a5914a
17:44:27.3 (29039404)|STATEMENT_EXECUTE|[393]
17:44:27.3 (29049774)|METHOD_ENTRY|[393]|01p36000005Jpvx|shiva15testns.PermissionSetPortalControllers.addStringsWhichCannotBeAccessible()
17:44:27.3 (29071094)|HEAP_ALLOCATE|[98]|Bytes:5
17:44:27.3 (29074798)|STATEMENT_EXECUTE|[97]
17:44:27.3 (29076086)|STATEMENT_EXECUTE|[98]
17:44:27.3 (29080357)|HEAP_ALLOCATE|[98]|Bytes:4
17:44:27.3 (29090791)|ENTERING_MANAGED_PKG|
17:44:27.3 (29105292)|VARIABLE_SCOPE_BEGIN|[98]|fieldStrings|Set<String>|true|false
17:44:27.3 (29120742)|VARIABLE_ASSIGNMENT|[98]|fieldStrings|{"s":1,"v":[]}|0x27776ff0
17:44:27.3 (29123523)|STATEMENT_EXECUTE|[99]
17:44:27.3 (29127130)|HEAP_ALLOCATE|[99]|Bytes:10
17:44:27.3 (29138921)|ENTERING_MANAGED_PKG|
17:44:27.3 (29157817)|HEAP_ALLOCATE|[EXTERNAL]|Bytes:4
17:44:27.3 (29165375)|STATEMENT_EXECUTE|[100]
17:44:27.3 (29169115)|HEAP_ALLOCATE|[100]|Bytes:12
17:44:27.3 (29179572)|ENTERING_MANAGED_PKG|
17:44:27.3 (29195762)|HEAP_ALLOCATE|[EXTERNAL]|Bytes:4
17:44:27.3 (29202557)|STATEMENT_EXECUTE|[101]
17:44:27.3 (29206113)|HEAP_ALLOCATE|[101]|Bytes:11
17:44:27.3 (29215622)|ENTERING_MANAGED_PKG|
17:44:27.3 (29231449)|HEAP_ALLOCATE|[EXTERNAL]|Bytes:4
17:44:27.3 (29238061)|STATEMENT_EXECUTE|[102]
17:44:27.3 (29241321)|HEAP_ALLOCATE|[102]|Bytes:13
17:44:27.3 (29250860)|ENTERING_MANAGED_PKG|
17:44:27.3 (29266297)|HEAP_ALLOCATE|[EXTERNAL]|Bytes:4
17:44:27.3 (29273244)|STATEMENT_EXECUTE|[103]
17:44:27.3 (29276960)|HEAP_ALLOCATE|[103]|Bytes:9
17:44:27.3 (29286334)|ENTERING_MANAGED_PKG|
17:44:27.3 (29301601)|HEAP_ALLOCATE|[EXTERNAL]|Bytes:4
17:44:27.3 (29308174)|STATEMENT_EXECUTE|[104]
17:44:27.3 (29311560)|HEAP_ALLOCATE|[104]|Bytes:11
17:44:27.3 (29323324)|ENTERING_MANAGED_PKG|
17:44:27.3 (29339008)|HEAP_ALLOCATE|[EXTERNAL]|Bytes:4
17:44:27.3 (29345775)|STATEMENT_EXECUTE|[105]
17:44:27.3 (29348987)|HEAP_ALLOCATE|[105]|Bytes:15
17:44:27.3 (29358250)|ENTERING_MANAGED_PKG|
17:44:27.3 (29374861)|HEAP_ALLOCATE|[EXTERNAL]|Bytes:4
17:44:27.3 (29381664)|STATEMENT_EXECUTE|[106]
17:44:27.3 (29385063)|HEAP_ALLOCATE|[106]|Bytes:17
17:44:27.3 (29394484)|ENTERING_MANAGED_PKG|
17:44:27.3 (29409814)|HEAP_ALLOCATE|[EXTERNAL]|Bytes:4
17:44:27.3 (29416632)|STATEMENT_EXECUTE|[107]
17:44:27.3 (29419826)|HEAP_ALLOCATE|[107]|Bytes:12
17:44:27.3 (29428839)|ENTERING_MANAGED_PKG|
17:44:27.3 (29444101)|HEAP_ALLOCATE|[EXTERNAL]|Bytes:4
17:44:27.3 (29450871)|STATEMENT_EXECUTE|[108]
17:44:27.3 (29454025)|HEAP_ALLOCATE|[108]|Bytes:14
17:44:27.3 (29463463)|ENTERING_MANAGED_PKG|
17:44:27.3 (29478672)|HEAP_ALLOCATE|[EXTERNAL]|Bytes:4
17:44:27.3 (29485454)|STATEMENT_EXECUTE|[109]
17:44:27.3 (29488953)|HEAP_ALLOCATE|[109]|Bytes:13
17:44:27.3 (29498342)|ENTERING_MANAGED_PKG|
17:44:27.3 (29513685)|HEAP_ALLOCATE|[EXTERNAL]|Bytes:4
17:44:27.3 (29520393)|STATEMENT_EXECUTE|[110]
17:44:27.3 (29523739)|HEAP_ALLOCATE|[110]|Bytes:15
17:44:27.3 (29533171)|ENTERING_MANAGED_PKG|
17:44:27.3 (29548302)|HEAP_ALLOCATE|[EXTERNAL]|Bytes:4
17:44:27.3 (29555047)|STATEMENT_EXECUTE|[111]
17:44:27.3 (29558380)|HEAP_ALLOCATE|[111]|Bytes:14
17:44:27.3 (29567990)|ENTERING_MANAGED_PKG|
17:44:27.3 (29583244)|HEAP_ALLOCATE|[EXTERNAL]|Bytes:4
17:44:27.3 (29590527)|STATEMENT_EXECUTE|[112]
17:44:27.3 (29593970)|HEAP_ALLOCATE|[112]|Bytes:16
17:44:27.3 (29603392)|ENTERING_MANAGED_PKG|
17:44:27.3 (29618959)|HEAP_ALLOCATE|[EXTERNAL]|Bytes:4
17:44:27.3 (29625591)|STATEMENT_EXECUTE|[113]
17:44:27.3 (29629046)|HEAP_ALLOCATE|[113]|Bytes:20
17:44:27.3 (29638709)|ENTERING_MANAGED_PKG|
17:44:27.3 (29653852)|HEAP_ALLOCATE|[EXTERNAL]|Bytes:4
17:44:27.3 (29660608)|STATEMENT_EXECUTE|[114]
17:44:27.3 (29663957)|HEAP_ALLOCATE|[114]|Bytes:22
17:44:27.3 (29673187)|ENTERING_MANAGED_PKG|
17:44:27.3 (29688316)|HEAP_ALLOCATE|[EXTERNAL]|Bytes:4
17:44:27.3 (29694875)|STATEMENT_EXECUTE|[115]
17:44:27.3 (29698813)|HEAP_ALLOCATE|[115]|Bytes:10
17:44:27.3 (29708089)|ENTERING_MANAGED_PKG|
17:44:27.3 (29723295)|HEAP_ALLOCATE|[EXTERNAL]|Bytes:4
17:44:27.3 (29729810)|STATEMENT_EXECUTE|[117]
17:44:27.3 (29736812)|METHOD_EXIT|[393]|01p36000005Jpvx|shiva15testns.PermissionSetPortalControllers.addStringsWhichCannotBeAccessible()
17:44:27.3 (29741443)|VARIABLE_SCOPE_BEGIN|[393]|fieldStrings|Set<String>|true|false
17:44:27.3 (29752709)|VARIABLE_ASSIGNMENT|[393]|fieldStrings|{"s":1,"v":"List of size 17 too large to display"}|0x27776ff0
17:44:27.3 (29763841)|HEAP_ALLOCATE|[394]|Bytes:4
17:44:27.3 (29780545)|ENTERING_MANAGED_PKG|
17:44:27.3 (29799640)|ENTERING_MANAGED_PKG|
17:44:27.3 (29827670)|HEAP_ALLOCATE|[394]|Bytes:4
17:44:27.3 (29926018)|HEAP_ALLOCATE|[394]|Bytes:64
17:44:27.3 (29944383)|ENTERING_MANAGED_PKG|
17:44:27.3 (29974071)|HEAP_ALLOCATE|[394]|Bytes:284
17:44:27.3 (29990329)|ENTERING_MANAGED_PKG|
17:44:27.3 (30002525)|HEAP_ALLOCATE|[394]|Bytes:60
17:44:27.3 (30014646)|ENTERING_MANAGED_PKG|
17:44:27.3 (30109969)|HEAP_ALLOCATE|[394]|Bytes:5
17:44:27.3 (30130886)|VARIABLE_SCOPE_BEGIN|[394]|sfield|String|false|false
17:44:27.3 (30139202)|VARIABLE_ASSIGNMENT|[394]|sfield|"id"
17:44:27.3 (30142273)|STATEMENT_EXECUTE|[394]
17:44:27.3 (30153698)|ENTERING_MANAGED_PKG|
17:44:27.3 (30758898)|HEAP_ALLOCATE|[397]|Bytes:8
17:44:27.3 (30783385)|STATEMENT_EXECUTE|[397]
17:44:27.3 (30796937)|ENTERING_MANAGED_PKG|
17:44:27.3 (30855024)|HEAP_ALLOCATE|[400]|Bytes:8
17:44:27.3 (30872507)|STATEMENT_EXECUTE|[400]
17:44:27.3 (30883841)|ENTERING_MANAGED_PKG|
17:44:27.3 (30935901)|HEAP_ALLOCATE|[404]|Bytes:8
17:44:27.3 (30950864)|STATEMENT_EXECUTE|[422]
17:44:27.3 (30952612)|STATEMENT_EXECUTE|[423]
17:44:27.3 (30956325)|HEAP_ALLOCATE|[423]|Bytes:24
17:44:27.3 (30959596)|HEAP_ALLOCATE|[423]|Bytes:11
17:44:27.3 (30970897)|ENTERING_MANAGED_PKG|
17:44:27.3 (31028277)|HEAP_ALLOCATE|[423]|Bytes:8
17:44:27.3 (31047027)|HEAP_ALLOCATE|[423]|Bytes:9
17:44:27.3 (31051064)|HEAP_ALLOCATE|[423]|Bytes:10
17:44:27.3 (31062917)|ENTERING_MANAGED_PKG|
17:44:27.3 (31094906)|HEAP_ALLOCATE|[423]|Bytes:8
17:44:27.3 (31110102)|HEAP_ALLOCATE|[423]|Bytes:2
17:44:27.3 (31131114)|HEAP_ALLOCATE|[423]|Bytes:58
17:44:27.3 (31135527)|HEAP_ALLOCATE|[423]|Bytes:14
17:44:27.3 (31146768)|ENTERING_MANAGED_PKG|
17:44:27.3 (31178727)|HEAP_ALLOCATE|[423]|Bytes:8
17:44:27.3 (31192821)|HEAP_ALLOCATE|[423]|Bytes:2
17:44:27.3 (31202329)|HEAP_ALLOCATE|[423]|Bytes:16
17:44:27.3 (31206189)|HEAP_ALLOCATE|[423]|Bytes:74
17:44:27.3 (31231347)|ENTERING_MANAGED_PKG|
17:44:27.3 (31237681)|USER_DEBUG|[423]|DEBUG|This is not accessible: id### label: Record ID ## name: Id## localname: Id
17:44:27.3 (31252205)|HEAP_ALLOCATE|[394]|Bytes:5
17:44:27.3 (31264163)|VARIABLE_SCOPE_BEGIN|[394]|sfield|String|false|false
17:44:27.3 (31272117)|VARIABLE_ASSIGNMENT|[394]|sfield|"ownerid"
17:44:27.3 (31274881)|STATEMENT_EXECUTE|[394]
17:44:27.3 (31283230)|ENTERING_MANAGED_PKG|
17:44:27.3 (31446556)|HEAP_ALLOCATE|[397]|Bytes:8
17:44:27.3 (31459726)|STATEMENT_EXECUTE|[397]
17:44:27.3 (31470298)|ENTERING_MANAGED_PKG|
17:44:27.3 (31501328)|HEAP_ALLOCATE|[400]|Bytes:8
17:44:27.3 (31511432)|STATEMENT_EXECUTE|[400]
17:44:27.3 (31520111)|ENTERING_MANAGED_PKG|
17:44:27.3 (31547727)|HEAP_ALLOCATE|[404]|Bytes:8
17:44:27.3 (31557160)|STATEMENT_EXECUTE|[422]
17:44:27.3 (31558737)|STATEMENT_EXECUTE|[423]
17:44:27.3 (31567862)|ENTERING_MANAGED_PKG|
17:44:27.3 (31595329)|HEAP_ALLOCATE|[423]|Bytes:8
17:44:27.3 (31604700)|HEAP_ALLOCATE|[423]|Bytes:8
17:44:27.3 (31614443)|ENTERING_MANAGED_PKG|
17:44:27.3 (31641766)|HEAP_ALLOCATE|[423]|Bytes:8
17:44:27.3 (31650800)|HEAP_ALLOCATE|[423]|Bytes:7
17:44:27.3 (31656721)|HEAP_ALLOCATE|[423]|Bytes:67
17:44:27.3 (31666396)|ENTERING_MANAGED_PKG|
17:44:27.3 (31693691)|HEAP_ALLOCATE|[423]|Bytes:8
17:44:27.3 (31702402)|HEAP_ALLOCATE|[423]|Bytes:7
17:44:27.3 (31707281)|HEAP_ALLOCATE|[423]|Bytes:21
17:44:27.3 (31710533)|HEAP_ALLOCATE|[423]|Bytes:88
17:44:27.3 (31720534)|ENTERING_MANAGED_PKG|
17:44:27.3 (31723807)|USER_DEBUG|[423]|DEBUG|This is not accessible: ownerid### label: Owner ID ## name: OwnerId## localname: OwnerId
17:44:27.3 (31736642)|HEAP_ALLOCATE|[394]|Bytes:5
17:44:27.3 (31748198)|VARIABLE_SCOPE_BEGIN|[394]|sfield|String|false|false
17:44:27.3 (31756082)|VARIABLE_ASSIGNMENT|[394]|sfield|"isdeleted"
17:44:27.3 (31758734)|STATEMENT_EXECUTE|[394]
17:44:27.3 (31766740)|ENTERING_MANAGED_PKG|
17:44:27.3 (31879207)|HEAP_ALLOCATE|[397]|Bytes:8
17:44:27.3 (31891814)|STATEMENT_EXECUTE|[397]
17:44:27.3 (31902230)|ENTERING_MANAGED_PKG|
17:44:27.3 (31933388)|HEAP_ALLOCATE|[400]|Bytes:8
17:44:27.3 (31943380)|STATEMENT_EXECUTE|[400]
17:44:27.3 (31952045)|ENTERING_MANAGED_PKG|
17:44:27.3 (31980457)|HEAP_ALLOCATE|[404]|Bytes:8
17:44:27.3 (31992599)|STATEMENT_EXECUTE|[422]
17:44:27.3 (31994191)|STATEMENT_EXECUTE|[423]
17:44:27.3 (32009508)|ENTERING_MANAGED_PKG|
17:44:27.3 (32043133)|HEAP_ALLOCATE|[423]|Bytes:8
17:44:27.3 (32053972)|HEAP_ALLOCATE|[423]|Bytes:7
17:44:27.3 (32064070)|ENTERING_MANAGED_PKG|
17:44:27.3 (32091420)|HEAP_ALLOCATE|[423]|Bytes:8
17:44:27.3 (32100341)|HEAP_ALLOCATE|[423]|Bytes:9
17:44:27.3 (32106137)|HEAP_ALLOCATE|[423]|Bytes:70
17:44:27.3 (32115600)|ENTERING_MANAGED_PKG|
17:44:27.3 (32142958)|HEAP_ALLOCATE|[423]|Bytes:8
17:44:27.3 (32151469)|HEAP_ALLOCATE|[423]|Bytes:9
17:44:27.3 (32156260)|HEAP_ALLOCATE|[423]|Bytes:23
17:44:27.3 (32159483)|HEAP_ALLOCATE|[423]|Bytes:93
17:44:27.3 (32168988)|ENTERING_MANAGED_PKG|
17:44:27.3 (32172178)|USER_DEBUG|[423]|DEBUG|This is not accessible: isdeleted### label: Deleted ## name: IsDeleted## localname: IsDeleted
17:44:27.3 (32185205)|HEAP_ALLOCATE|[394]|Bytes:5
17:44:27.3 (32196365)|VARIABLE_SCOPE_BEGIN|[394]|sfield|String|false|false
17:44:27.3 (32203814)|VARIABLE_ASSIGNMENT|[394]|sfield|"name"
17:44:27.3 (32206477)|STATEMENT_EXECUTE|[394]
17:44:27.3 (32214485)|ENTERING_MANAGED_PKG|
17:44:27.3 (32332793)|HEAP_ALLOCATE|[397]|Bytes:8
17:44:27.3 (32345552)|STATEMENT_EXECUTE|[397]
17:44:27.3 (32355843)|ENTERING_MANAGED_PKG|
17:44:27.3 (32386026)|HEAP_ALLOCATE|[400]|Bytes:8
17:44:27.3 (32395901)|STATEMENT_EXECUTE|[400]
17:44:27.3 (32404613)|ENTERING_MANAGED_PKG|
17:44:27.3 (32432102)|HEAP_ALLOCATE|[404]|Bytes:8
17:44:27.3 (32441665)|STATEMENT_EXECUTE|[422]
17:44:27.3 (32443119)|STATEMENT_EXECUTE|[423]
17:44:27.3 (32452053)|ENTERING_MANAGED_PKG|
17:44:27.3 (32478895)|HEAP_ALLOCATE|[423]|Bytes:8
17:44:27.3 (32488383)|HEAP_ALLOCATE|[423]|Bytes:12
17:44:27.3 (32497669)|ENTERING_MANAGED_PKG|
17:44:27.3 (32524105)|HEAP_ALLOCATE|[423]|Bytes:8
17:44:27.3 (32533006)|HEAP_ALLOCATE|[423]|Bytes:4
17:44:27.3 (32538923)|HEAP_ALLOCATE|[423]|Bytes:65
17:44:27.3 (32548256)|ENTERING_MANAGED_PKG|
17:44:27.3 (32575495)|HEAP_ALLOCATE|[423]|Bytes:8
17:44:27.3 (32583960)|HEAP_ALLOCATE|[423]|Bytes:4
17:44:27.3 (32588878)|HEAP_ALLOCATE|[423]|Bytes:18
17:44:27.3 (32592100)|HEAP_ALLOCATE|[423]|Bytes:83
17:44:27.3 (32601916)|ENTERING_MANAGED_PKG|
17:44:27.3 (32605133)|USER_DEBUG|[423]|DEBUG|This is not accessible: name### label: Expense Name ## name: Name## localname: Name
17:44:27.3 (32617870)|HEAP_ALLOCATE|[394]|Bytes:5
17:44:27.3 (32629037)|VARIABLE_SCOPE_BEGIN|[394]|sfield|String|false|false
17:44:27.3 (32636259)|VARIABLE_ASSIGNMENT|[394]|sfield|"createddate"
17:44:27.3 (32638814)|STATEMENT_EXECUTE|[394]
17:44:27.3 (32646775)|ENTERING_MANAGED_PKG|
17:44:27.3 (32796300)|HEAP_ALLOCATE|[397]|Bytes:8
17:44:27.3 (32813163)|STATEMENT_EXECUTE|[397]
17:44:27.3 (32826601)|ENTERING_MANAGED_PKG|
17:44:27.3 (32873107)|HEAP_ALLOCATE|[400]|Bytes:8
17:44:27.3 (32888039)|STATEMENT_EXECUTE|[400]
17:44:27.3 (32900822)|ENTERING_MANAGED_PKG|
17:44:27.3 (32941384)|HEAP_ALLOCATE|[404]|Bytes:8
17:44:27.3 (32956385)|STATEMENT_EXECUTE|[422]
17:44:27.3 (32958908)|STATEMENT_EXECUTE|[423]
17:44:27.3 (32972393)|ENTERING_MANAGED_PKG|
17:44:27.3 (33019589)|HEAP_ALLOCATE|[423]|Bytes:8
17:44:27.3 (33037147)|HEAP_ALLOCATE|[423]|Bytes:12
17:44:27.3 (33054395)|ENTERING_MANAGED_PKG|
17:44:27.3 (33096011)|HEAP_ALLOCATE|[423]|Bytes:8
17:44:27.3 (33109814)|HEAP_ALLOCATE|[423]|Bytes:11
17:44:27.3 (33118699)|HEAP_ALLOCATE|[423]|Bytes:79
17:44:27.3 (33133613)|ENTERING_MANAGED_PKG|
17:44:27.3 (33173391)|HEAP_ALLOCATE|[423]|Bytes:8
17:44:27.3 (33186010)|HEAP_ALLOCATE|[423]|Bytes:11
17:44:27.3 (33193418)|HEAP_ALLOCATE|[423]|Bytes:25
17:44:27.3 (33199467)|HEAP_ALLOCATE|[423]|Bytes:104
17:44:27.3 (33217088)|ENTERING_MANAGED_PKG|
17:44:27.3 (33222779)|USER_DEBUG|[423]|DEBUG|This is not accessible: createddate### label: Created Date ## name: CreatedDate## localname: CreatedDate
17:44:27.3 (33242496)|HEAP_ALLOCATE|[394]|Bytes:5
17:44:27.3 (33259517)|VARIABLE_SCOPE_BEGIN|[394]|sfield|String|false|false
17:44:27.3 (33270143)|VARIABLE_ASSIGNMENT|[394]|sfield|"createdbyid"
17:44:27.3 (33274081)|STATEMENT_EXECUTE|[394]
17:44:27.3 (33285601)|ENTERING_MANAGED_PKG|
17:44:27.3 (33464099)|HEAP_ALLOCATE|[397]|Bytes:8
17:44:27.3 (33481365)|STATEMENT_EXECUTE|[397]
17:44:27.3 (33495231)|ENTERING_MANAGED_PKG|
17:44:27.3 (33538553)|HEAP_ALLOCATE|[400]|Bytes:8
17:44:27.3 (33554039)|STATEMENT_EXECUTE|[400]
17:44:27.3 (33566360)|ENTERING_MANAGED_PKG|
17:44:27.3 (33607167)|HEAP_ALLOCATE|[404]|Bytes:8
17:44:27.3 (33621342)|STATEMENT_EXECUTE|[422]
17:44:27.3 (33623972)|STATEMENT_EXECUTE|[423]
17:44:27.3 (33637208)|ENTERING_MANAGED_PKG|
17:44:27.3 (33676968)|HEAP_ALLOCATE|[423]|Bytes:8
17:44:27.3 (33690629)|HEAP_ALLOCATE|[423]|Bytes:13
17:44:27.3 (33706144)|ENTERING_MANAGED_PKG|
17:44:27.3 (33747259)|HEAP_ALLOCATE|[423]|Bytes:8
17:44:27.3 (33760891)|HEAP_ALLOCATE|[423]|Bytes:11
17:44:27.3 (33769953)|HEAP_ALLOCATE|[423]|Bytes:80
17:44:27.3 (33783948)|ENTERING_MANAGED_PKG|
17:44:27.3 (33826222)|HEAP_ALLOCATE|[423]|Bytes:8
17:44:27.3 (33838910)|HEAP_ALLOCATE|[423]|Bytes:11
17:44:27.3 (33846349)|HEAP_ALLOCATE|[423]|Bytes:25
17:44:27.3 (33852350)|HEAP_ALLOCATE|[423]|Bytes:105
17:44:27.3 (33866311)|ENTERING_MANAGED_PKG|
17:44:27.3 (33871083)|USER_DEBUG|[423]|DEBUG|This is not accessible: createdbyid### label: Created By ID ## name: CreatedById## localname: CreatedById
17:44:27.3 (33890323)|HEAP_ALLOCATE|[394]|Bytes:5
17:44:27.3 (33906813)|VARIABLE_SCOPE_BEGIN|[394]|sfield|String|false|false
17:44:27.3 (33917513)|VARIABLE_ASSIGNMENT|[394]|sfield|"lastmodifieddate"
17:44:27.3 (33921493)|STATEMENT_EXECUTE|[394]
17:44:27.3 (33933015)|ENTERING_MANAGED_PKG|
17:44:27.3 (34096351)|HEAP_ALLOCATE|[397]|Bytes:8
17:44:27.3 (34113975)|STATEMENT_EXECUTE|[397]
17:44:27.3 (34127769)|ENTERING_MANAGED_PKG|
17:44:27.3 (34170830)|HEAP_ALLOCATE|[400]|Bytes:8
17:44:27.3 (34185349)|STATEMENT_EXECUTE|[400]
17:44:27.3 (34197430)|ENTERING_MANAGED_PKG|
17:44:27.3 (34238815)|HEAP_ALLOCATE|[404]|Bytes:8
17:44:27.3 (34253513)|STATEMENT_EXECUTE|[422]
17:44:27.3 (34256448)|STATEMENT_EXECUTE|[423]
17:44:27.3 (34269804)|ENTERING_MANAGED_PKG|
17:44:27.3 (34309824)|HEAP_ALLOCATE|[423]|Bytes:8
17:44:27.3 (34323890)|HEAP_ALLOCATE|[423]|Bytes:18
17:44:27.3 (34338095)|ENTERING_MANAGED_PKG|
17:44:27.3 (34378096)|HEAP_ALLOCATE|[423]|Bytes:8
17:44:27.3 (34392800)|HEAP_ALLOCATE|[423]|Bytes:16
17:44:27.3 (34401709)|HEAP_ALLOCATE|[423]|Bytes:95
17:44:27.3 (34415908)|ENTERING_MANAGED_PKG|
17:44:27.3 (34457011)|HEAP_ALLOCATE|[423]|Bytes:8
17:44:27.3 (34469664)|HEAP_ALLOCATE|[423]|Bytes:16
17:44:27.3 (34477182)|HEAP_ALLOCATE|[423]|Bytes:30
17:44:27.3 (34483124)|HEAP_ALLOCATE|[423]|Bytes:125
17:44:27.3 (34496523)|ENTERING_MANAGED_PKG|
17:44:27.3 (34501222)|USER_DEBUG|[423]|DEBUG|This is not accessible: lastmodifieddate### label: Last Modified Date ## name: LastModifiedDate## localname: LastModifiedDate
17:44:27.3 (34520534)|HEAP_ALLOCATE|[394]|Bytes:5
17:44:27.3 (34538019)|VARIABLE_SCOPE_BEGIN|[394]|sfield|String|false|false
17:44:27.3 (34548241)|VARIABLE_ASSIGNMENT|[394]|sfield|"lastmodifiedbyid"
17:44:27.3 (34552383)|STATEMENT_EXECUTE|[394]
17:44:27.3 (34564109)|ENTERING_MANAGED_PKG|
17:44:27.3 (34735585)|HEAP_ALLOCATE|[397]|Bytes:8
17:44:27.3 (34751833)|STATEMENT_EXECUTE|[397]
17:44:27.3 (34765436)|ENTERING_MANAGED_PKG|
17:44:27.3 (34808974)|HEAP_ALLOCATE|[400]|Bytes:8
17:44:27.3 (34828496)|STATEMENT_EXECUTE|[400]
17:44:27.3 (34841751)|ENTERING_MANAGED_PKG|
17:44:27.3 (34882591)|HEAP_ALLOCATE|[404]|Bytes:8
17:44:27.3 (34896671)|STATEMENT_EXECUTE|[422]
17:44:27.3 (34899169)|STATEMENT_EXECUTE|[423]
17:44:27.3 (34912134)|ENTERING_MANAGED_PKG|
17:44:27.3 (34952634)|HEAP_ALLOCATE|[423]|Bytes:8
17:44:27.3 (34966933)|HEAP_ALLOCATE|[423]|Bytes:19
17:44:27.3 (34981488)|ENTERING_MANAGED_PKG|
17:44:27.3 (35026685)|HEAP_ALLOCATE|[423]|Bytes:8
17:44:27.3 (35041610)|HEAP_ALLOCATE|[423]|Bytes:16
17:44:27.3 (35050247)|HEAP_ALLOCATE|[423]|Bytes:96
17:44:27.3 (35064332)|ENTERING_MANAGED_PKG|
17:44:27.3 (35104738)|HEAP_ALLOCATE|[423]|Bytes:8
17:44:27.3 (35119174)|HEAP_ALLOCATE|[423]|Bytes:16
17:44:27.3 (35125845)|HEAP_ALLOCATE|[423]|Bytes:30
17:44:27.3 (35129117)|HEAP_ALLOCATE|[423]|Bytes:126
17:44:27.3 (35139786)|ENTERING_MANAGED_PKG|
17:44:27.3 (35143103)|USER_DEBUG|[423]|DEBUG|This is not accessible: lastmodifiedbyid### label: Last Modified By ID ## name: LastModifiedById## localname: LastModifiedById
17:44:27.3 (35156322)|HEAP_ALLOCATE|[394]|Bytes:5
17:44:27.3 (35167733)|VARIABLE_SCOPE_BEGIN|[394]|sfield|String|false|false
17:44:27.3 (35175292)|VARIABLE_ASSIGNMENT|[394]|sfield|"systemmodstamp"
17:44:27.3 (35178024)|STATEMENT_EXECUTE|[394]
17:44:27.3 (35185982)|ENTERING_MANAGED_PKG|
17:44:27.3 (35291025)|HEAP_ALLOCATE|[397]|Bytes:8
17:44:27.3 (35303671)|STATEMENT_EXECUTE|[397]
17:44:27.3 (35314003)|ENTERING_MANAGED_PKG|
17:44:27.3 (35344140)|HEAP_ALLOCATE|[400]|Bytes:8
17:44:27.3 (35354025)|STATEMENT_EXECUTE|[400]
17:44:27.3 (35362741)|ENTERING_MANAGED_PKG|
17:44:27.3 (35390241)|HEAP_ALLOCATE|[404]|Bytes:8
17:44:27.3 (35399523)|STATEMENT_EXECUTE|[422]
17:44:27.3 (35401222)|STATEMENT_EXECUTE|[423]
17:44:27.3 (35410469)|ENTERING_MANAGED_PKG|
17:44:27.3 (35437818)|HEAP_ALLOCATE|[423]|Bytes:8
17:44:27.3 (35447290)|HEAP_ALLOCATE|[423]|Bytes:15
17:44:27.3 (35456632)|ENTERING_MANAGED_PKG|
17:44:27.3 (35483364)|HEAP_ALLOCATE|[423]|Bytes:8
17:44:27.3 (35492157)|HEAP_ALLOCATE|[423]|Bytes:14
17:44:27.3 (35497743)|HEAP_ALLOCATE|[423]|Bytes:88
17:44:27.3 (35507139)|ENTERING_MANAGED_PKG|
17:44:27.3 (35534409)|HEAP_ALLOCATE|[423]|Bytes:8
17:44:27.3 (35542616)|HEAP_ALLOCATE|[423]|Bytes:14
17:44:27.3 (35547332)|HEAP_ALLOCATE|[423]|Bytes:28
17:44:27.3 (35550529)|HEAP_ALLOCATE|[423]|Bytes:116
17:44:27.3 (35560050)|ENTERING_MANAGED_PKG|
17:44:27.3 (35563058)|USER_DEBUG|[423]|DEBUG|This is not accessible: systemmodstamp### label: System Modstamp ## name: SystemModstamp## localname: SystemModstamp
17:44:27.3 (35575462)|HEAP_ALLOCATE|[394]|Bytes:5
17:44:27.3 (35586581)|VARIABLE_SCOPE_BEGIN|[394]|sfield|String|false|false
17:44:27.3 (35594111)|VARIABLE_ASSIGNMENT|[394]|sfield|"lastvieweddate"
17:44:27.3 (35596855)|STATEMENT_EXECUTE|[394]
17:44:27.3 (35604761)|ENTERING_MANAGED_PKG|
17:44:27.3 (35706735)|HEAP_ALLOCATE|[397]|Bytes:8
17:44:27.3 (35719240)|STATEMENT_EXECUTE|[397]
17:44:27.3 (35729320)|ENTERING_MANAGED_PKG|
17:44:27.3 (35759180)|HEAP_ALLOCATE|[400]|Bytes:8
17:44:27.3 (35768959)|STATEMENT_EXECUTE|[400]
17:44:27.3 (35777574)|ENTERING_MANAGED_PKG|
17:44:27.3 (35804907)|HEAP_ALLOCATE|[404]|Bytes:8
17:44:27.3 (35814231)|STATEMENT_EXECUTE|[422]
17:44:27.3 (35815698)|STATEMENT_EXECUTE|[423]
17:44:27.3 (35824752)|ENTERING_MANAGED_PKG|
17:44:27.3 (35851591)|HEAP_ALLOCATE|[423]|Bytes:8
17:44:27.3 (35860924)|HEAP_ALLOCATE|[423]|Bytes:16
17:44:27.3 (35870484)|ENTERING_MANAGED_PKG|
17:44:27.3 (35897347)|HEAP_ALLOCATE|[423]|Bytes:8
17:44:27.3 (35906130)|HEAP_ALLOCATE|[423]|Bytes:14
17:44:27.3 (35911841)|HEAP_ALLOCATE|[423]|Bytes:89
17:44:27.3 (35921322)|ENTERING_MANAGED_PKG|
17:44:27.3 (35948267)|HEAP_ALLOCATE|[423]|Bytes:8
17:44:27.3 (35956714)|HEAP_ALLOCATE|[423]|Bytes:14
17:44:27.3 (35961442)|HEAP_ALLOCATE|[423]|Bytes:28
17:44:27.3 (35964894)|HEAP_ALLOCATE|[423]|Bytes:117
17:44:27.3 (35973964)|ENTERING_MANAGED_PKG|
17:44:27.3 (35977050)|USER_DEBUG|[423]|DEBUG|This is not accessible: lastvieweddate### label: Last Viewed Date ## name: LastViewedDate## localname: LastViewedDate
17:44:27.3 (35989712)|HEAP_ALLOCATE|[394]|Bytes:5
17:44:27.3 (36005329)|VARIABLE_SCOPE_BEGIN|[394]|sfield|String|false|false
17:44:27.3 (36014325)|VARIABLE_ASSIGNMENT|[394]|sfield|"lastreferenceddate"
17:44:27.3 (36017039)|STATEMENT_EXECUTE|[394]
17:44:27.3 (36025798)|ENTERING_MANAGED_PKG|
17:44:27.3 (36127761)|HEAP_ALLOCATE|[397]|Bytes:8
17:44:27.3 (36140340)|STATEMENT_EXECUTE|[397]
17:44:27.3 (36150720)|ENTERING_MANAGED_PKG|
17:44:27.3 (36180886)|HEAP_ALLOCATE|[400]|Bytes:8
17:44:27.3 (36190765)|STATEMENT_EXECUTE|[400]
17:44:27.3 (36199470)|ENTERING_MANAGED_PKG|
17:44:27.3 (36226928)|HEAP_ALLOCATE|[404]|Bytes:8
17:44:27.3 (36236353)|STATEMENT_EXECUTE|[422]
17:44:27.3 (36237851)|STATEMENT_EXECUTE|[423]
17:44:27.3 (36246801)|ENTERING_MANAGED_PKG|
17:44:27.3 (36274112)|HEAP_ALLOCATE|[423]|Bytes:8
17:44:27.3 (36283457)|HEAP_ALLOCATE|[423]|Bytes:20
17:44:27.3 (36293083)|ENTERING_MANAGED_PKG|
17:44:27.3 (36319794)|HEAP_ALLOCATE|[423]|Bytes:8
17:44:27.3 (36328673)|HEAP_ALLOCATE|[423]|Bytes:18
17:44:27.3 (36334184)|HEAP_ALLOCATE|[423]|Bytes:101
17:44:27.3 (36343764)|ENTERING_MANAGED_PKG|
17:44:27.3 (36370723)|HEAP_ALLOCATE|[423]|Bytes:8
17:44:27.3 (36379100)|HEAP_ALLOCATE|[423]|Bytes:18
17:44:27.3 (36383775)|HEAP_ALLOCATE|[423]|Bytes:32
17:44:27.3 (36386987)|HEAP_ALLOCATE|[423]|Bytes:133
17:44:27.3 (36396053)|ENTERING_MANAGED_PKG|
17:44:27.3 (36399096)|USER_DEBUG|[423]|DEBUG|This is not accessible: lastreferenceddate### label: Last Referenced Date ## name: LastReferencedDate## localname: LastReferencedDate
17:44:27.3 (36411822)|HEAP_ALLOCATE|[394]|Bytes:5
17:44:27.3 (36422734)|VARIABLE_SCOPE_BEGIN|[394]|sfield|String|false|false
17:44:27.3 (36431904)|VARIABLE_ASSIGNMENT|[394]|sfield|"shiva15testns__amoun (4 more) ..."
17:44:27.3 (36434585)|STATEMENT_EXECUTE|[394]
17:44:27.3 (36443039)|ENTERING_MANAGED_PKG|
17:44:27.3 (39930267)|HEAP_ALLOCATE|[397]|Bytes:8
17:44:27.3 (39945957)|STATEMENT_EXECUTE|[397]
17:44:27.3 (39947824)|STATEMENT_EXECUTE|[398]
17:44:27.3 (39951581)|HEAP_ALLOCATE|[398]|Bytes:24
17:44:27.3 (39966138)|ENTERING_MANAGED_PKG|
17:44:27.3 (40033552)|HEAP_ALLOCATE|[398]|Bytes:8
17:44:27.3 (40050411)|HEAP_ALLOCATE|[398]|Bytes:6
17:44:27.3 (40057525)|HEAP_ALLOCATE|[398]|Bytes:30
17:44:27.3 (40070005)|ENTERING_MANAGED_PKG|
17:44:27.3 (40073590)|USER_DEBUG|[398]|DEBUG|This is a custom Field: Amount
17:44:27.3 (40083773)|ENTERING_MANAGED_PKG|
17:44:27.3 (40120783)|HEAP_ALLOCATE|[400]|Bytes:8
17:44:27.3 (40131554)|STATEMENT_EXECUTE|[400]
17:44:27.3 (40133346)|STATEMENT_EXECUTE|[401]
17:44:27.3 (40137092)|HEAP_ALLOCATE|[401]|Bytes:34
17:44:27.3 (40140341)|HEAP_ALLOCATE|[401]|Bytes:10
17:44:27.3 (40151725)|ENTERING_MANAGED_PKG|
17:44:27.3 (40208016)|HEAP_ALLOCATE|[401]|Bytes:8
17:44:27.3 (40222704)|HEAP_ALLOCATE|[401]|Bytes:6
17:44:27.3 (40235096)|HEAP_ALLOCATE|[401]|Bytes:74
17:44:27.3 (40247030)|ENTERING_MANAGED_PKG|
17:44:27.3 (40250334)|USER_DEBUG|[401]|DEBUG|This is a isPermissionable Field: shiva15testns__amount__c### name: Amount
17:44:27.3 (40260104)|ENTERING_MANAGED_PKG|
17:44:27.3 (40291674)|HEAP_ALLOCATE|[404]|Bytes:8
17:44:27.3 (40302328)|STATEMENT_EXECUTE|[404]
17:44:27.3 (40303907)|STATEMENT_EXECUTE|[405]
17:44:27.3 (40314277)|ENTERING_MANAGED_PKG|
17:44:27.3 (40369483)|HEAP_ALLOCATE|[405]|Bytes:8
17:44:27.3 (40384024)|HEAP_ALLOCATE|[405]|Bytes:6
17:44:27.3 (40389052)|VARIABLE_SCOPE_BEGIN|[405]|labelOfField|String|false|false
17:44:27.3 (40396835)|VARIABLE_ASSIGNMENT|[405]|labelOfField|"Amount"
17:44:27.3 (40410454)|ENTERING_MANAGED_PKG|
17:44:27.3 (40436504)|STATEMENT_EXECUTE|[407]
17:44:27.3 (40446538)|ENTERING_MANAGED_PKG|
17:44:27.3 (40466361)|STATEMENT_EXECUTE|[408]
17:44:27.3 (40468148)|STATEMENT_EXECUTE|[409]
17:44:27.3 (40472001)|HEAP_ALLOCATE|[409]|Bytes:41
17:44:27.3 (40483896)|ENTERING_MANAGED_PKG|
17:44:27.3 (40536124)|HEAP_ALLOCATE|[409]|Bytes:8
17:44:27.3 (40550924)|HEAP_ALLOCATE|[409]|Bytes:24
17:44:27.3 (40558515)|HEAP_ALLOCATE|[409]|Bytes:116
17:44:27.3 (40571151)|ENTERING_MANAGED_PKG|
17:44:27.3 (40605283)|HEAP_ALLOCATE|[409]|Bytes:8
17:44:27.3 (40617963)|HEAP_ALLOCATE|[409]|Bytes:9
17:44:27.3 (40624200)|HEAP_ALLOCATE|[409]|Bytes:23
17:44:27.3 (40627831)|HEAP_ALLOCATE|[409]|Bytes:139
17:44:27.3 (40639361)|ENTERING_MANAGED_PKG|
17:44:27.3 (40642517)|USER_DEBUG|[409]|DEBUG|this is the wanted Field Name### sfield: shiva15testns__amount__c### label: Amount ## name: shiva15testns__Amount__c## localname: Amount__c
17:44:27.3 (40648502)|STATEMENT_EXECUTE|[410]
17:44:27.3 (40654189)|HEAP_ALLOCATE|[410]|Bytes:4
17:44:27.3 (40951799)|HEAP_ALLOCATE|[410]|Bytes:16
17:44:27.3 (40984575)|CONSTRUCTOR_ENTRY|[410]|01p36000005Jpvx|<init>(String,String,shiva15testns.PermissionSetPortalControllers.FieldPermissionsClass)
17:44:27.3 (41018841)|VARIABLE_SCOPE_BEGIN|[1013]|this|shiva15testns.PermissionSetPortalControllers.FieldDetailsClass|true|false
17:44:27.3 (41061130)|VARIABLE_ASSIGNMENT|[1013]|this|{}|0x6cd46344
17:44:27.3 (41067047)|VARIABLE_SCOPE_BEGIN|[1013]|fieldName|String|false|false
17:44:27.3 (41074217)|VARIABLE_ASSIGNMENT|[1013]|fieldName|"shiva15testns__amoun (4 more) ..."
17:44:27.3 (41077427)|VARIABLE_SCOPE_BEGIN|[1013]|fieldLabel|String|false|false
17:44:27.3 (41080878)|VARIABLE_ASSIGNMENT|[1013]|fieldLabel|"Amount"
17:44:27.3 (41083840)|VARIABLE_SCOPE_BEGIN|[1013]|fieldPermissions|shiva15testns.PermissionSetPortalControllers.FieldPermissionsClass|true|false
17:44:27.3 (41087892)|VARIABLE_ASSIGNMENT|[1013]|fieldPermissions|null|
17:44:27.3 (41091261)|STATEMENT_EXECUTE|[1004]
17:44:27.3 (41092886)|STATEMENT_EXECUTE|[1007]
17:44:27.3 (41094480)|STATEMENT_EXECUTE|[1009]
17:44:27.3 (41095697)|STATEMENT_EXECUTE|[1011]
17:44:27.3 (41103277)|HEAP_ALLOCATE|[1014]|Bytes:6
17:44:27.3 (41125560)|STATEMENT_EXECUTE|[1013]
17:44:27.3 (41127507)|STATEMENT_EXECUTE|[1014]
17:44:27.3 (41139818)|VARIABLE_ASSIGNMENT|[1014]|this.fieldName|"shiva15testns__amoun (4 more) ..."|0x6cd46344
17:44:27.3 (41142334)|STATEMENT_EXECUTE|[1015]
17:44:27.3 (41151453)|VARIABLE_ASSIGNMENT|[1015]|this.fieldLabel|"Amount"|0x6cd46344
17:44:27.3 (41153888)|STATEMENT_EXECUTE|[1016]
17:44:27.3 (41159262)|VARIABLE_ASSIGNMENT|[1016]|this.fieldPermissions|null|0x6cd46344
17:44:27.3 (41168811)|CONSTRUCTOR_EXIT|[410]|01p36000005Jpvx|<init>(String,String,shiva15testns.PermissionSetPortalControllers.FieldPermissionsClass)
17:44:27.3 (41188050)|VARIABLE_ASSIGNMENT|[410]|fieldClassObj|{"fieldLabel":"Amount","fieldName":"shiva15testns__amoun (4 more) ..."}|0x6cd46344
17:44:27.3 (41191104)|STATEMENT_EXECUTE|[411]
17:44:27.3 (41206736)|ENTERING_MANAGED_PKG|
17:44:27.3 (41232109)|HEAP_ALLOCATE|[EXTERNAL]|Bytes:4
17:44:27.3 (41240610)|STATEMENT_EXECUTE|[412]
17:44:27.3 (41249821)|ENTERING_MANAGED_PKG|
17:44:27.3 (41268992)|HEAP_ALLOCATE|[EXTERNAL]|Bytes:4
17:44:27.3 (41283804)|HEAP_ALLOCATE|[394]|Bytes:5
17:44:27.3 (41296112)|VARIABLE_SCOPE_BEGIN|[394]|sfield|String|false|false
17:44:27.3 (41304668)|VARIABLE_ASSIGNMENT|[394]|sfield|"shiva15testns__clien (4 more) ..."
17:44:27.3 (41307494)|STATEMENT_EXECUTE|[394]
17:44:27.3 (41317053)|ENTERING_MANAGED_PKG|
17:44:27.3 (41456181)|HEAP_ALLOCATE|[397]|Bytes:8
17:44:27.3 (41469427)|STATEMENT_EXECUTE|[397]
17:44:27.3 (41470991)|STATEMENT_EXECUTE|[398]
17:44:27.3 (41482280)|ENTERING_MANAGED_PKG|
17:44:27.3 (41515674)|HEAP_ALLOCATE|[398]|Bytes:8
17:44:27.3 (41525873)|HEAP_ALLOCATE|[398]|Bytes:6
17:44:27.3 (41531464)|HEAP_ALLOCATE|[398]|Bytes:30
17:44:27.3 (41541864)|ENTERING_MANAGED_PKG|
17:44:27.3 (41545358)|USER_DEBUG|[398]|DEBUG|This is a custom Field: Client
17:44:27.3 (41555115)|ENTERING_MANAGED_PKG|
17:44:27.3 (41585800)|HEAP_ALLOCATE|[400]|Bytes:8
17:44:27.3 (41596380)|STATEMENT_EXECUTE|[400]
17:44:27.3 (41597897)|STATEMENT_EXECUTE|[401]
17:44:27.3 (41607497)|ENTERING_MANAGED_PKG|
17:44:27.3 (41637070)|HEAP_ALLOCATE|[401]|Bytes:8
17:44:27.3 (41646614)|HEAP_ALLOCATE|[401]|Bytes:6
17:44:27.3 (41652228)|HEAP_ALLOCATE|[401]|Bytes:74
17:44:27.3 (41661782)|ENTERING_MANAGED_PKG|
17:44:27.3 (41664822)|USER_DEBUG|[401]|DEBUG|This is a isPermissionable Field: shiva15testns__client__c### name: Client
17:44:27.3 (41674138)|ENTERING_MANAGED_PKG|
17:44:27.3 (41703907)|HEAP_ALLOCATE|[404]|Bytes:8
17:44:27.3 (41714112)|STATEMENT_EXECUTE|[404]
17:44:27.3 (41715889)|STATEMENT_EXECUTE|[405]
17:44:27.3 (41724456)|ENTERING_MANAGED_PKG|
17:44:27.3 (41753538)|HEAP_ALLOCATE|[405]|Bytes:8
17:44:27.3 (41762965)|HEAP_ALLOCATE|[405]|Bytes:6
17:44:27.3 (41767451)|VARIABLE_SCOPE_BEGIN|[405]|labelOfField|String|false|false
17:44:27.3 (41774683)|VARIABLE_ASSIGNMENT|[405]|labelOfField|"Client"
17:44:27.3 (41784770)|ENTERING_MANAGED_PKG|
17:44:27.3 (41797641)|STATEMENT_EXECUTE|[407]
17:44:27.3 (41803825)|ENTERING_MANAGED_PKG|
17:44:27.3 (41809585)|STATEMENT_EXECUTE|[408]
17:44:27.3 (41810925)|STATEMENT_EXECUTE|[409]
17:44:27.3 (41817590)|ENTERING_MANAGED_PKG|
17:44:27.3 (41849283)|HEAP_ALLOCATE|[409]|Bytes:8
17:44:27.3 (41858810)|HEAP_ALLOCATE|[409]|Bytes:24
17:44:27.3 (41864713)|HEAP_ALLOCATE|[409]|Bytes:116
17:44:27.3 (41874730)|ENTERING_MANAGED_PKG|
17:44:27.3 (41903802)|HEAP_ALLOCATE|[409]|Bytes:8
17:44:27.3 (41912662)|HEAP_ALLOCATE|[409]|Bytes:9
17:44:27.3 (41917452)|HEAP_ALLOCATE|[409]|Bytes:23
17:44:27.3 (41920708)|HEAP_ALLOCATE|[409]|Bytes:139
17:44:27.3 (41930007)|ENTERING_MANAGED_PKG|
17:44:27.3 (41933246)|USER_DEBUG|[409]|DEBUG|this is the wanted Field Name### sfield: shiva15testns__client__c### label: Client ## name: shiva15testns__Client__c## localname: Client__c
17:44:27.3 (41938684)|STATEMENT_EXECUTE|[410]
17:44:27.3 (41943183)|HEAP_ALLOCATE|[410]|Bytes:16
17:44:27.3 (41953097)|CONSTRUCTOR_ENTRY|[410]|01p36000005Jpvx|<init>(String,String,shiva15testns.PermissionSetPortalControllers.FieldPermissionsClass)
17:44:27.3 (41958584)|VARIABLE_SCOPE_BEGIN|[1013]|this|shiva15testns.PermissionSetPortalControllers.FieldDetailsClass|true|false
17:44:27.3 (41975549)|VARIABLE_ASSIGNMENT|[1013]|this|{}|0x3faedd7e
17:44:27.3 (41978512)|VARIABLE_SCOPE_BEGIN|[1013]|fieldName|String|false|false
17:44:27.3 (41984275)|VARIABLE_ASSIGNMENT|[1013]|fieldName|"shiva15testns__clien (4 more) ..."
17:44:27.3 (41986289)|VARIABLE_SCOPE_BEGIN|[1013]|fieldLabel|String|false|false
17:44:27.3 (41989096)|VARIABLE_ASSIGNMENT|[1013]|fieldLabel|"Client"
17:44:27.3 (41990892)|VARIABLE_SCOPE_BEGIN|[1013]|fieldPermissions|shiva15testns.PermissionSetPortalControllers.FieldPermissionsClass|true|false
17:44:27.3 (41994088)|VARIABLE_ASSIGNMENT|[1013]|fieldPermissions|null|
17:44:27.3 (41996872)|STATEMENT_EXECUTE|[1004]
17:44:27.3 (41998287)|STATEMENT_EXECUTE|[1007]
17:44:27.3 (42000426)|STATEMENT_EXECUTE|[1009]
17:44:27.3 (42003747)|STATEMENT_EXECUTE|[1011]
17:44:27.3 (42017187)|STATEMENT_EXECUTE|[1013]
17:44:27.3 (42018886)|STATEMENT_EXECUTE|[1014]
17:44:27.3 (42027565)|VARIABLE_ASSIGNMENT|[1014]|this.fieldName|"shiva15testns__clien (4 more) ..."|0x3faedd7e
17:44:27.3 (42029873)|STATEMENT_EXECUTE|[1015]
17:44:27.3 (42034413)|VARIABLE_ASSIGNMENT|[1015]|this.fieldLabel|"Client"|0x3faedd7e
17:44:27.3 (42036216)|STATEMENT_EXECUTE|[1016]
17:44:27.3 (42040259)|VARIABLE_ASSIGNMENT|[1016]|this.fieldPermissions|null|0x3faedd7e
17:44:27.3 (42048812)|CONSTRUCTOR_EXIT|[410]|01p36000005Jpvx|<init>(String,String,shiva15testns.PermissionSetPortalControllers.FieldPermissionsClass)
17:44:27.3 (42065996)|VARIABLE_ASSIGNMENT|[410]|fieldClassObj|{"fieldLabel":"Client","fieldName":"shiva15testns__clien (4 more) ..."}|0x3faedd7e
17:44:27.3 (42068940)|STATEMENT_EXECUTE|[411]
17:44:27.3 (42080332)|ENTERING_MANAGED_PKG|
17:44:27.3 (42084434)|HEAP_ALLOCATE|[EXTERNAL]|Bytes:4
17:44:27.3 (42089949)|STATEMENT_EXECUTE|[412]
17:44:27.3 (42095070)|ENTERING_MANAGED_PKG|
17:44:27.3 (42097842)|HEAP_ALLOCATE|[EXTERNAL]|Bytes:4
17:44:27.3 (42109455)|HEAP_ALLOCATE|[394]|Bytes:5
17:44:27.3 (42121010)|VARIABLE_SCOPE_BEGIN|[394]|sfield|String|false|false
17:44:27.3 (42128806)|VARIABLE_ASSIGNMENT|[394]|sfield|"shiva15testns__date_ (2 more) ..."
17:44:27.3 (42131290)|STATEMENT_EXECUTE|[394]
17:44:27.3 (42139288)|ENTERING_MANAGED_PKG|
17:44:27.3 (42271563)|HEAP_ALLOCATE|[397]|Bytes:8
17:44:27.3 (42284587)|STATEMENT_EXECUTE|[397]
17:44:27.3 (42286241)|STATEMENT_EXECUTE|[398]
17:44:27.3 (42296906)|ENTERING_MANAGED_PKG|
17:44:27.3 (42329205)|HEAP_ALLOCATE|[398]|Bytes:8
17:44:27.3 (42339047)|HEAP_ALLOCATE|[398]|Bytes:4
17:44:27.3 (42344283)|HEAP_ALLOCATE|[398]|Bytes:28
17:44:27.3 (42354544)|ENTERING_MANAGED_PKG|
17:44:27.3 (42357905)|USER_DEBUG|[398]|DEBUG|This is a custom Field: Date
17:44:27.3 (42367370)|ENTERING_MANAGED_PKG|
17:44:27.3 (42397429)|HEAP_ALLOCATE|[400]|Bytes:8
17:44:27.3 (42407541)|STATEMENT_EXECUTE|[400]
17:44:27.3 (42409141)|STATEMENT_EXECUTE|[401]
17:44:27.3 (42419279)|ENTERING_MANAGED_PKG|
17:44:27.3 (42448532)|HEAP_ALLOCATE|[401]|Bytes:8
17:44:27.3 (42458034)|HEAP_ALLOCATE|[401]|Bytes:4
17:44:27.3 (42463551)|HEAP_ALLOCATE|[401]|Bytes:70
17:44:27.3 (42473048)|ENTERING_MANAGED_PKG|
17:44:27.3 (42476006)|USER_DEBUG|[401]|DEBUG|This is a isPermissionable Field: shiva15testns__date__c### name: Date
17:44:27.3 (42485244)|ENTERING_MANAGED_PKG|
17:44:27.3 (42514870)|HEAP_ALLOCATE|[404]|Bytes:8
17:44:27.3 (42524768)|STATEMENT_EXECUTE|[404]
17:44:27.3 (42526288)|STATEMENT_EXECUTE|[405]
17:44:27.3 (42534545)|ENTERING_MANAGED_PKG|
17:44:27.3 (42563371)|HEAP_ALLOCATE|[405]|Bytes:8
17:44:27.3 (42576516)|HEAP_ALLOCATE|[405]|Bytes:4
17:44:27.3 (42581008)|VARIABLE_SCOPE_BEGIN|[405]|labelOfField|String|false|false
17:44:27.3 (42588011)|VARIABLE_ASSIGNMENT|[405]|labelOfField|"Date"
17:44:27.3 (42597947)|ENTERING_MANAGED_PKG|
17:44:27.3 (42605877)|STATEMENT_EXECUTE|[407]
17:44:27.3 (42611251)|ENTERING_MANAGED_PKG|
17:44:27.3 (42616568)|STATEMENT_EXECUTE|[408]
17:44:27.3 (42618178)|STATEMENT_EXECUTE|[409]
17:44:27.3 (42624731)|ENTERING_MANAGED_PKG|
17:44:27.3 (42655560)|HEAP_ALLOCATE|[409]|Bytes:8
17:44:27.3 (42665151)|HEAP_ALLOCATE|[409]|Bytes:22
17:44:27.3 (42670904)|HEAP_ALLOCATE|[409]|Bytes:110
17:44:27.3 (42680712)|ENTERING_MANAGED_PKG|
17:44:27.3 (42709826)|HEAP_ALLOCATE|[409]|Bytes:8
17:44:27.3 (42718592)|HEAP_ALLOCATE|[409]|Bytes:7
17:44:27.3 (42723370)|HEAP_ALLOCATE|[409]|Bytes:21
17:44:27.3 (42726521)|HEAP_ALLOCATE|[409]|Bytes:131
17:44:27.3 (42735787)|ENTERING_MANAGED_PKG|
17:44:27.3 (42738753)|USER_DEBUG|[409]|DEBUG|this is the wanted Field Name### sfield: shiva15testns__date__c### label: Date ## name: shiva15testns__Date__c## localname: Date__c
17:44:27.3 (42744093)|STATEMENT_EXECUTE|[410]
17:44:27.3 (42748543)|HEAP_ALLOCATE|[410]|Bytes:16
17:44:27.3 (42757705)|CONSTRUCTOR_ENTRY|[410]|01p36000005Jpvx|<init>(String,String,shiva15testns.PermissionSetPortalControllers.FieldPermissionsClass)
17:44:27.3 (42762641)|VARIABLE_SCOPE_BEGIN|[1013]|this|shiva15testns.PermissionSetPortalControllers.FieldDetailsClass|true|false
17:44:27.3 (42779145)|VARIABLE_ASSIGNMENT|[1013]|this|{}|0x399b07e3
17:44:27.3 (42782031)|VARIABLE_SCOPE_BEGIN|[1013]|fieldName|String|false|false
17:44:27.3 (42787822)|VARIABLE_ASSIGNMENT|[1013]|fieldName|"shiva15testns__date_ (2 more) ..."
17:44:27.3 (42793898)|VARIABLE_SCOPE_BEGIN|[1013]|fieldLabel|String|false|false
17:44:27.3 (42797125)|VARIABLE_ASSIGNMENT|[1013]|fieldLabel|"Date"
17:44:27.3 (42798956)|VARIABLE_SCOPE_BEGIN|[1013]|fieldPermissions|shiva15testns.PermissionSetPortalControllers.FieldPermissionsClass|true|false
17:44:27.3 (42802508)|VARIABLE_ASSIGNMENT|[1013]|fieldPermissions|null|
17:44:27.3 (42805259)|STATEMENT_EXECUTE|[1004]
17:44:27.3 (42806533)|STATEMENT_EXECUTE|[1007]
17:44:27.3 (42807816)|STATEMENT_EXECUTE|[1009]
17:44:27.3 (42808993)|STATEMENT_EXECUTE|[1011]
17:44:27.3 (42819885)|STATEMENT_EXECUTE|[1013]
17:44:27.3 (42821473)|STATEMENT_EXECUTE|[1014]
17:44:27.3 (42829599)|VARIABLE_ASSIGNMENT|[1014]|this.fieldName|"shiva15testns__date_ (2 more) ..."|0x399b07e3
17:44:27.3 (42831815)|STATEMENT_EXECUTE|[1015]
17:44:27.3 (42836260)|VARIABLE_ASSIGNMENT|[1015]|this.fieldLabel|"Date"|0x399b07e3
17:44:27.3 (42838286)|STATEMENT_EXECUTE|[1016]
17:44:27.3 (42842158)|VARIABLE_ASSIGNMENT|[1016]|this.fieldPermissions|null|0x399b07e3
17:44:27.3 (42850433)|CONSTRUCTOR_EXIT|[410]|01p36000005Jpvx|<init>(String,String,shiva15testns.PermissionSetPortalControllers.FieldPermissionsClass)
17:44:27.3 (42867006)|VARIABLE_ASSIGNMENT|[410]|fieldClassObj|{"fieldLabel":"Date","fieldName":"shiva15testns__date_ (2 more) ..."}|0x399b07e3
17:44:27.3 (42869798)|STATEMENT_EXECUTE|[411]
17:44:27.3 (42880909)|ENTERING_MANAGED_PKG|
17:44:27.3 (42884876)|HEAP_ALLOCATE|[EXTERNAL]|Bytes:4
17:44:27.3 (42890316)|STATEMENT_EXECUTE|[412]
17:44:27.3 (42895511)|ENTERING_MANAGED_PKG|
17:44:27.3 (42897983)|HEAP_ALLOCATE|[EXTERNAL]|Bytes:4
17:44:27.3 (42909398)|HEAP_ALLOCATE|[394]|Bytes:5
17:44:27.3 (42920808)|VARIABLE_SCOPE_BEGIN|[394]|sfield|String|false|false
17:44:27.3 (42928395)|VARIABLE_ASSIGNMENT|[394]|sfield|"shiva15testns__reimb (8 more) ..."
17:44:27.3 (42930830)|STATEMENT_EXECUTE|[394]
17:44:27.3 (42938839)|ENTERING_MANAGED_PKG|
17:44:27.3 (43073312)|HEAP_ALLOCATE|[397]|Bytes:8
17:44:27.3 (43087108)|STATEMENT_EXECUTE|[397]
17:44:27.3 (43088708)|STATEMENT_EXECUTE|[398]
17:44:27.3 (43099773)|ENTERING_MANAGED_PKG|
17:44:27.3 (43132226)|HEAP_ALLOCATE|[398]|Bytes:8
17:44:27.3 (43142230)|HEAP_ALLOCATE|[398]|Bytes:11
17:44:27.3 (43150751)|HEAP_ALLOCATE|[398]|Bytes:35
17:44:27.3 (43161515)|ENTERING_MANAGED_PKG|
17:44:27.3 (43164916)|USER_DEBUG|[398]|DEBUG|This is a custom Field: Reimbursed?
17:44:27.3 (43174485)|ENTERING_MANAGED_PKG|
17:44:27.3 (43205531)|HEAP_ALLOCATE|[400]|Bytes:8
17:44:27.3 (43215756)|STATEMENT_EXECUTE|[400]
17:44:27.3 (43217327)|STATEMENT_EXECUTE|[401]
17:44:27.3 (43226772)|ENTERING_MANAGED_PKG|
17:44:27.3 (43256031)|HEAP_ALLOCATE|[401]|Bytes:8
17:44:27.3 (43265721)|HEAP_ALLOCATE|[401]|Bytes:11
17:44:27.3 (43271206)|HEAP_ALLOCATE|[401]|Bytes:83
17:44:27.3 (43280696)|ENTERING_MANAGED_PKG|
17:44:27.3 (43283530)|USER_DEBUG|[401]|DEBUG|This is a isPermissionable Field: shiva15testns__reimbursed__c### name: Reimbursed?
17:44:27.3 (43292734)|ENTERING_MANAGED_PKG|
17:44:27.3 (43322835)|HEAP_ALLOCATE|[404]|Bytes:8
17:44:27.3 (43333048)|STATEMENT_EXECUTE|[404]
17:44:27.3 (43334851)|STATEMENT_EXECUTE|[405]
17:44:27.3 (43343374)|ENTERING_MANAGED_PKG|
17:44:27.3 (43372785)|HEAP_ALLOCATE|[405]|Bytes:8
17:44:27.3 (43382285)|HEAP_ALLOCATE|[405]|Bytes:11
17:44:27.3 (43386545)|VARIABLE_SCOPE_BEGIN|[405]|labelOfField|String|false|false
17:44:27.3 (43393665)|VARIABLE_ASSIGNMENT|[405]|labelOfField|"Reimbursed?"
17:44:27.3 (43403128)|ENTERING_MANAGED_PKG|
17:44:27.3 (43410765)|STATEMENT_EXECUTE|[407]
17:44:27.3 (43416045)|ENTERING_MANAGED_PKG|
17:44:27.3 (43421361)|STATEMENT_EXECUTE|[408]
17:44:27.3 (43422702)|STATEMENT_EXECUTE|[409]
17:44:27.3 (43429119)|ENTERING_MANAGED_PKG|
17:44:27.3 (43459816)|HEAP_ALLOCATE|[409]|Bytes:8
17:44:27.3 (43469281)|HEAP_ALLOCATE|[409]|Bytes:28
17:44:27.3 (43474880)|HEAP_ALLOCATE|[409]|Bytes:129
17:44:27.3 (43484612)|ENTERING_MANAGED_PKG|
17:44:27.3 (43513865)|HEAP_ALLOCATE|[409]|Bytes:8
17:44:27.3 (43522717)|HEAP_ALLOCATE|[409]|Bytes:13
17:44:27.3 (43527450)|HEAP_ALLOCATE|[409]|Bytes:27
17:44:27.3 (43530684)|HEAP_ALLOCATE|[409]|Bytes:156
17:44:27.3 (43540069)|ENTERING_MANAGED_PKG|
17:44:27.3 (43543022)|USER_DEBUG|[409]|DEBUG|this is the wanted Field Name### sfield: shiva15testns__reimbursed__c### label: Reimbursed? ## name: shiva15testns__Reimbursed__c## localname: Reimbursed__c
17:44:27.3 (43548497)|STATEMENT_EXECUTE|[410]
17:44:27.3 (43553020)|HEAP_ALLOCATE|[410]|Bytes:16
17:44:27.3 (43562225)|CONSTRUCTOR_ENTRY|[410]|01p36000005Jpvx|<init>(String,String,shiva15testns.PermissionSetPortalControllers.FieldPermissionsClass)
17:44:27.3 (43567203)|VARIABLE_SCOPE_BEGIN|[1013]|this|shiva15testns.PermissionSetPortalControllers.FieldDetailsClass|true|false
17:44:27.3 (43582839)|VARIABLE_ASSIGNMENT|[1013]|this|{}|0x47c6ea6f
17:44:27.3 (43585738)|VARIABLE_SCOPE_BEGIN|[1013]|fieldName|String|false|false
17:44:27.3 (43591055)|VARIABLE_ASSIGNMENT|[1013]|fieldName|"shiva15testns__reimb (8 more) ..."
17:44:27.3 (43592967)|VARIABLE_SCOPE_BEGIN|[1013]|fieldLabel|String|false|false
17:44:27.3 (43595895)|VARIABLE_ASSIGNMENT|[1013]|fieldLabel|"Reimbursed?"
17:44:27.3 (43597617)|VARIABLE_SCOPE_BEGIN|[1013]|fieldPermissions|shiva15testns.PermissionSetPortalControllers.FieldPermissionsClass|true|false
17:44:27.3 (43600968)|VARIABLE_ASSIGNMENT|[1013]|fieldPermissions|null|
17:44:27.3 (43603723)|STATEMENT_EXECUTE|[1004]
17:44:27.3 (43604945)|STATEMENT_EXECUTE|[1007]
17:44:27.3 (43606258)|STATEMENT_EXECUTE|[1009]
17:44:27.3 (43607368)|STATEMENT_EXECUTE|[1011]
17:44:27.3 (43617710)|STATEMENT_EXECUTE|[1013]
17:44:27.3 (43619228)|STATEMENT_EXECUTE|[1014]
17:44:27.3 (43626954)|VARIABLE_ASSIGNMENT|[1014]|this.fieldName|"shiva15testns__reimb (8 more) ..."|0x47c6ea6f
17:44:27.3 (43629045)|STATEMENT_EXECUTE|[1015]
17:44:27.3 (43633690)|VARIABLE_ASSIGNMENT|[1015]|this.fieldLabel|"Reimbursed?"|0x47c6ea6f
17:44:27.3 (43635527)|STATEMENT_EXECUTE|[1016]
17:44:27.3 (43639344)|VARIABLE_ASSIGNMENT|[1016]|this.fieldPermissions|null|0x47c6ea6f
17:44:27.3 (43647361)|CONSTRUCTOR_EXIT|[410]|01p36000005Jpvx|<init>(String,String,shiva15testns.PermissionSetPortalControllers.FieldPermissionsClass)
17:44:27.3 (43663130)|VARIABLE_ASSIGNMENT|[410]|fieldClassObj|{"fieldLabel":"Reimbursed?","fieldName":"shiva15testns__reimb (8 more) ..."}|0x47c6ea6f
17:44:27.3 (43665855)|STATEMENT_EXECUTE|[411]
17:44:27.3 (43676763)|ENTERING_MANAGED_PKG|
17:44:27.3 (43680473)|HEAP_ALLOCATE|[EXTERNAL]|Bytes:4
17:44:27.3 (43685949)|STATEMENT_EXECUTE|[412]
17:44:27.3 (43691173)|ENTERING_MANAGED_PKG|
17:44:27.3 (43693689)|HEAP_ALLOCATE|[EXTERNAL]|Bytes:4
17:44:27.3 (43705391)|HEAP_ALLOCATE|[394]|Bytes:5
17:44:27.3 (43716251)|VARIABLE_ASSIGNMENT|[394]|sfield|null
17:44:27.3 (43719509)|STATEMENT_EXECUTE|[427]
17:44:27.3 (43734034)|METHOD_ENTRY|[427]|01p36000005Jpvx|shiva15testns.PermissionSetPortalControllers.sortTheFieldLabels(List<shiva15testns.PermissionSetPortalControllers.FieldDetailsClass>)
17:44:27.3 (43761217)|VARIABLE_SCOPE_BEGIN|[443]|listOfFieldDetailsClass|List<shiva15testns.PermissionSetPortalControllers.FieldDetailsClass>|true|false
17:44:27.3 (43810932)|VARIABLE_ASSIGNMENT|[443]|listOfFieldDetailsClass|{"s":1,"v":[{"fieldLabel":"Amount","fieldName":"shiva15testns__amoun (4 more) ..."},{"fieldLabel":"Client","fieldName":"shiva15testns__clien (4 more) ..."},{"fieldLabel":"Date","fieldName":"shiva15testns__date_ (2 more) ..."},{"fieldLabel":"Reimbursed?","fieldName":"shiva15testns__reimb (8 more) ..."}]}|0x4247b3a5
17:44:27.3 (43821392)|HEAP_ALLOCATE|[444]|Bytes:5
17:44:27.3 (43825104)|STATEMENT_EXECUTE|[443]
17:44:27.3 (43826513)|STATEMENT_EXECUTE|[444]
17:44:27.3 (43827553)|STATEMENT_EXECUTE|[444]
17:44:27.3 (43828968)|STATEMENT_EXECUTE|[446]
17:44:27.3 (43833978)|HEAP_ALLOCATE|[446]|Bytes:4
17:44:27.3 (43845851)|ENTERING_MANAGED_PKG|
17:44:27.3 (43860300)|VARIABLE_SCOPE_BEGIN|[446]|fieldNames|List<String>|true|false
17:44:27.3 (43888179)|HEAP_ALLOCATE|[EXTERNAL]|Bytes:4
17:44:27.3 (43898715)|VARIABLE_ASSIGNMENT|[446]|fieldNames|{"s":1,"v":[]}|0x6d9bee48
17:44:27.3 (43901604)|STATEMENT_EXECUTE|[447]
17:44:27.3 (43906338)|HEAP_ALLOCATE|[447]|Bytes:4
17:44:27.3 (43917398)|ENTERING_MANAGED_PKG|
17:44:27.3 (43933599)|VARIABLE_SCOPE_BEGIN|[447]|finalFieldNameSortedList|List<shiva15testns.PermissionSetPortalControllers.FieldDetailsClass>|true|false
17:44:27.3 (43943308)|HEAP_ALLOCATE|[EXTERNAL]|Bytes:4
17:44:27.3 (43952286)|VARIABLE_ASSIGNMENT|[447]|finalFieldNameSortedList|{"s":1,"v":[]}|0x3eeeb073
17:44:27.3 (43954995)|STATEMENT_EXECUTE|[448]
17:44:27.3 (43982024)|HEAP_ALLOCATE|[448]|Bytes:4
17:44:27.3 (44024740)|VARIABLE_SCOPE_BEGIN|[448]|mapForFieldLabelComparision|Map<String,shiva15testns.PermissionSetPortalControllers.FieldDetailsClass>|true|false
17:44:27.3 (44045023)|VARIABLE_ASSIGNMENT|[448]|mapForFieldLabelComparision|{"s":1,"v":{}}|0x4e0bb053
17:44:27.3 (44059062)|ENTERING_MANAGED_PKG|
17:44:27.3 (44234171)|HEAP_ALLOCATE|[450]|Bytes:5
17:44:27.3 (44247563)|HEAP_ALLOCATE|[450]|Bytes:16
17:44:27.3 (44253830)|VARIABLE_SCOPE_BEGIN|[450]|fieldObj|shiva15testns.PermissionSetPortalControllers.FieldDetailsClass|true|false
17:44:27.3 (44275695)|VARIABLE_ASSIGNMENT|[450]|fieldObj|{"fieldLabel":"Amount","fieldName":"shiva15testns__amoun (4 more) ..."}|0x6cd46344
17:44:27.3 (44279760)|STATEMENT_EXECUTE|[450]
17:44:27.3 (44281043)|STATEMENT_EXECUTE|[451]
17:44:27.3 (44296754)|ENTERING_MANAGED_PKG|
17:44:27.3 (44317998)|HEAP_ALLOCATE|[EXTERNAL]|Bytes:4
17:44:27.3 (44325152)|STATEMENT_EXECUTE|[452]
17:44:27.3 (44344351)|ENTERING_MANAGED_PKG|
17:44:27.3 (44368415)|HEAP_ALLOCATE|[EXTERNAL]|Bytes:-4
17:44:27.3 (44383627)|HEAP_ALLOCATE|[450]|Bytes:5
17:44:27.3 (44392429)|HEAP_ALLOCATE|[450]|Bytes:16
17:44:27.3 (44397940)|VARIABLE_SCOPE_BEGIN|[450]|fieldObj|shiva15testns.PermissionSetPortalControllers.FieldDetailsClass|true|false
17:44:27.3 (44417349)|VARIABLE_ASSIGNMENT|[450]|fieldObj|{"fieldLabel":"Client","fieldName":"shiva15testns__clien (4 more) ..."}|0x3faedd7e
17:44:27.3 (44420908)|STATEMENT_EXECUTE|[450]
17:44:27.3 (44422086)|STATEMENT_EXECUTE|[451]
17:44:27.3 (44433129)|ENTERING_MANAGED_PKG|
17:44:27.3 (44436176)|HEAP_ALLOCATE|[EXTERNAL]|Bytes:4
17:44:27.3 (44441294)|STATEMENT_EXECUTE|[452]
17:44:27.3 (44447459)|ENTERING_MANAGED_PKG|
17:44:27.3 (44451659)|HEAP_ALLOCATE|[EXTERNAL]|Bytes:-4
17:44:27.3 (44462595)|HEAP_ALLOCATE|[450]|Bytes:5
17:44:27.3 (44470512)|HEAP_ALLOCATE|[450]|Bytes:16
17:44:27.3 (44475401)|VARIABLE_SCOPE_BEGIN|[450]|fieldObj|shiva15testns.PermissionSetPortalControllers.FieldDetailsClass|true|false
17:44:27.3 (44492664)|VARIABLE_ASSIGNMENT|[450]|fieldObj|{"fieldLabel":"Date","fieldName":"shiva15testns__date_ (2 more) ..."}|0x399b07e3
17:44:27.3 (44495822)|STATEMENT_EXECUTE|[450]
17:44:27.3 (44496974)|STATEMENT_EXECUTE|[451]
17:44:27.3 (44507643)|ENTERING_MANAGED_PKG|
17:44:27.3 (44510657)|HEAP_ALLOCATE|[EXTERNAL]|Bytes:4
17:44:27.3 (44515635)|STATEMENT_EXECUTE|[452]
17:44:27.3 (44521497)|ENTERING_MANAGED_PKG|
17:44:27.3 (44525337)|HEAP_ALLOCATE|[EXTERNAL]|Bytes:-4
17:44:27.3 (44536011)|HEAP_ALLOCATE|[450]|Bytes:5
17:44:27.3 (44544137)|HEAP_ALLOCATE|[450]|Bytes:16
17:44:27.3 (44549133)|VARIABLE_SCOPE_BEGIN|[450]|fieldObj|shiva15testns.PermissionSetPortalControllers.FieldDetailsClass|true|false
17:44:27.3 (44566173)|VARIABLE_ASSIGNMENT|[450]|fieldObj|{"fieldLabel":"Reimbursed?","fieldName":"shiva15testns__reimb (8 more) ..."}|0x47c6ea6f
17:44:27.3 (44569610)|STATEMENT_EXECUTE|[450]
17:44:27.3 (44570826)|STATEMENT_EXECUTE|[451]
17:44:27.3 (44580968)|ENTERING_MANAGED_PKG|
17:44:27.3 (44583881)|HEAP_ALLOCATE|[EXTERNAL]|Bytes:4
17:44:27.3 (44588725)|STATEMENT_EXECUTE|[452]
17:44:27.3 (44594622)|ENTERING_MANAGED_PKG|
17:44:27.3 (44598596)|HEAP_ALLOCATE|[EXTERNAL]|Bytes:-4
17:44:27.3 (44609299)|HEAP_ALLOCATE|[450]|Bytes:5
17:44:27.3 (44619428)|VARIABLE_ASSIGNMENT|[450]|fieldObj|null|
17:44:27.3 (44622460)|STATEMENT_EXECUTE|[454]
17:44:27.3 (44632178)|ENTERING_MANAGED_PKG|
17:44:27.3 (44668480)|ENTERING_MANAGED_PKG|
17:44:27.3 (44692343)|HEAP_ALLOCATE|[456]|Bytes:5
17:44:27.3 (44702378)|HEAP_ALLOCATE|[456]|Bytes:6
17:44:27.3 (44708413)|VARIABLE_SCOPE_BEGIN|[456]|str|String|false|false
17:44:27.3 (44715164)|VARIABLE_ASSIGNMENT|[456]|str|"Amount"
17:44:27.3 (44717541)|STATEMENT_EXECUTE|[456]
17:44:27.3 (44728606)|ENTERING_MANAGED_PKG|
17:44:27.3 (44752055)|STATEMENT_EXECUTE|[457]
17:44:27.3 (44754004)|STATEMENT_EXECUTE|[458]
17:44:27.3 (44762566)|ENTERING_MANAGED_PKG|
17:44:27.3 (44789533)|ENTERING_MANAGED_PKG|
17:44:27.3 (44798543)|HEAP_ALLOCATE|[EXTERNAL]|Bytes:4
17:44:27.3 (44811169)|HEAP_ALLOCATE|[456]|Bytes:5
17:44:27.3 (44819594)|HEAP_ALLOCATE|[456]|Bytes:6
17:44:27.3 (44825269)|VARIABLE_SCOPE_BEGIN|[456]|str|String|false|false
17:44:27.3 (44831833)|VARIABLE_ASSIGNMENT|[456]|str|"Client"
17:44:27.3 (44834069)|STATEMENT_EXECUTE|[456]
17:44:27.3 (44842393)|ENTERING_MANAGED_PKG|
17:44:27.3 (44848715)|STATEMENT_EXECUTE|[457]
17:44:27.3 (44850101)|STATEMENT_EXECUTE|[458]
17:44:27.3 (44855109)|ENTERING_MANAGED_PKG|
17:44:27.3 (44864343)|ENTERING_MANAGED_PKG|
17:44:27.3 (44867484)|HEAP_ALLOCATE|[EXTERNAL]|Bytes:4
17:44:27.3 (44877499)|HEAP_ALLOCATE|[456]|Bytes:5
17:44:27.3 (44884974)|HEAP_ALLOCATE|[456]|Bytes:4
17:44:27.3 (44889997)|VARIABLE_SCOPE_BEGIN|[456]|str|String|false|false
17:44:27.3 (44895462)|VARIABLE_ASSIGNMENT|[456]|str|"Date"
17:44:27.3 (44897698)|STATEMENT_EXECUTE|[456]
17:44:27.3 (44904806)|ENTERING_MANAGED_PKG|
17:44:27.3 (44910666)|STATEMENT_EXECUTE|[457]
17:44:27.3 (44911993)|STATEMENT_EXECUTE|[458]
17:44:27.3 (44916821)|ENTERING_MANAGED_PKG|
17:44:27.3 (44925668)|ENTERING_MANAGED_PKG|
17:44:27.3 (44928647)|HEAP_ALLOCATE|[EXTERNAL]|Bytes:4
17:44:27.3 (44938640)|HEAP_ALLOCATE|[456]|Bytes:5
17:44:27.3 (44946054)|HEAP_ALLOCATE|[456]|Bytes:11
17:44:27.3 (44950981)|VARIABLE_SCOPE_BEGIN|[456]|str|String|false|false
17:44:27.3 (44956531)|VARIABLE_ASSIGNMENT|[456]|str|"Reimbursed?"
17:44:27.3 (44958734)|STATEMENT_EXECUTE|[456]
17:44:27.3 (44965810)|ENTERING_MANAGED_PKG|
17:44:27.3 (44971855)|STATEMENT_EXECUTE|[457]
17:44:27.3 (44973178)|STATEMENT_EXECUTE|[458]
17:44:27.3 (44978026)|ENTERING_MANAGED_PKG|
17:44:27.3 (44986940)|ENTERING_MANAGED_PKG|
17:44:27.3 (44989893)|HEAP_ALLOCATE|[EXTERNAL]|Bytes:4
17:44:27.3 (45000720)|HEAP_ALLOCATE|[456]|Bytes:5
17:44:27.3 (45014094)|VARIABLE_ASSIGNMENT|[456]|str|null
17:44:27.3 (45017121)|STATEMENT_EXECUTE|[461]
17:44:27.3 (45025304)|METHOD_EXIT|[427]|01p36000005Jpvx|shiva15testns.PermissionSetPortalControllers.sortTheFieldLabels(List<shiva15testns.PermissionSetPortalControllers.FieldDetailsClass>)
17:44:27.3 (45063940)|VARIABLE_ASSIGNMENT|[427]|individualObjectAllFieldsList|{"s":1,"v":[{"fieldLabel":"Amount","fieldName":"shiva15testns__amoun (4 more) ..."},{"fieldLabel":"Client","fieldName":"shiva15testns__clien (4 more) ..."},{"fieldLabel":"Date","fieldName":"shiva15testns__date_ (2 more) ..."},{"fieldLabel":"Reimbursed?","fieldName":"shiva15testns__reimb (8 more) ..."}]}|0x3eeeb073
17:44:27.3 (45068577)|STATEMENT_EXECUTE|[428]
17:44:27.3 (45084656)|METHOD_ENTRY|[428]|01p36000005Jpvx|shiva15testns.PermissionSetPortalControllers.getFieldPermissions(String, String, List<shiva15testns.PermissionSetPortalControllers.FieldDetailsClass>)
17:44:27.3 (45104154)|VARIABLE_SCOPE_BEGIN|[475]|pSetId|String|false|false
17:44:27.3 (45110953)|VARIABLE_ASSIGNMENT|[475]|pSetId|"0PS36000000q71PGAQ"
17:44:27.3 (45114270)|VARIABLE_SCOPE_BEGIN|[475]|objName|String|false|false
17:44:27.3 (45118871)|VARIABLE_ASSIGNMENT|[475]|objName|"shiva15testns__expen (5 more) ..."
17:44:27.3 (45122177)|VARIABLE_SCOPE_BEGIN|[475]|individualObjectAllFieldsListAsInput|List<shiva15testns.PermissionSetPortalControllers.FieldDetailsClass>|true|false
17:44:27.3 (45154539)|VARIABLE_ASSIGNMENT|[475]|individualObjectAllFieldsListAsInput|{"s":1,"v":[{"fieldLabel":"Amount","fieldName":"shiva15testns__amoun (4 more) ..."},{"fieldLabel":"Client","fieldName":"shiva15testns__clien (4 more) ..."},{"fieldLabel":"Date","fieldName":"shiva15testns__date_ (2 more) ..."},{"fieldLabel":"Reimbursed?","fieldName":"shiva15testns__reimb (8 more) ..."}]}|0x3eeeb073
17:44:27.3 (45164394)|HEAP_ALLOCATE|[478]|Bytes:5
17:44:27.3 (45167900)|STATEMENT_EXECUTE|[475]
17:44:27.3 (45169276)|STATEMENT_EXECUTE|[477]
17:44:27.3 (45172561)|HEAP_ALLOCATE|[478]|Bytes:163
17:44:27.3 (45182102)|HEAP_ALLOCATE|[478]|Bytes:4
17:44:27.3 (45190523)|HEAP_ALLOCATE|[478]|Bytes:7
17:44:27.3 (45204777)|HEAP_ALLOCATE|[478]|Bytes:7
17:44:27.3 (46596310)|SOQL_EXECUTE_BEGIN|[478]|Aggregations:0|SELECT Id, Field, Parent.Name, ParentId, SobjectType, PermissionsEdit, PermissionsRead FROM FieldPermissions WHERE (ParentId = :tmpVar1 AND SobjectType = :tmpVar2)
17:44:27.3 (116081071)|SOQL_EXECUTE_END|[478]|Rows:0
17:44:27.3 (116119239)|HEAP_ALLOCATE|[478]|Bytes:4
17:44:27.3 (116138170)|HEAP_ALLOCATE|[478]|Bytes:0
17:44:27.3 (116234018)|HEAP_ALLOCATE|[478]|Bytes:4
17:44:27.3 (116261372)|VARIABLE_SCOPE_BEGIN|[477]|FieldPermissionsList|List<FieldPermissions>|true|false
17:44:27.3 (116293214)|VARIABLE_ASSIGNMENT|[477]|FieldPermissionsList|{"s":1,"v":[]}|0x9b2001c
17:44:27.3 (116299131)|STATEMENT_EXECUTE|[480]
17:44:27.3 (116345781)|HEAP_ALLOCATE|[480]|Bytes:4
17:44:27.3 (116413381)|VARIABLE_SCOPE_BEGIN|[480]|fieldPermissionsListMap|Map<String,FieldPermissions>|true|false
17:44:27.3 (116434653)|VARIABLE_ASSIGNMENT|[480]|fieldPermissionsListMap|{"s":1,"v":{}}|0x51b046e1
17:44:27.3 (116509738)|ENTERING_MANAGED_PKG|
17:44:27.3 (116723960)|HEAP_ALLOCATE|[482]|Bytes:5
17:44:27.3 (116752302)|VARIABLE_ASSIGNMENT|[482]|fper|null|
17:44:27.3 (116757196)|STATEMENT_EXECUTE|[482]
17:44:27.3 (116759343)|STATEMENT_EXECUTE|[486]
17:44:27.3 (116765291)|HEAP_ALLOCATE|[486]|Bytes:4
17:44:27.3 (116779561)|ENTERING_MANAGED_PKG|
17:44:27.3 (116806419)|VARIABLE_SCOPE_BEGIN|[486]|individualObjectAllFieldsFinalList|List<shiva15testns.PermissionSetPortalControllers.FieldDetailsClass>|true|false
17:44:27.3 (116820746)|HEAP_ALLOCATE|[EXTERNAL]|Bytes:4
17:44:27.3 (116833215)|VARIABLE_ASSIGNMENT|[486]|individualObjectAllFieldsFinalList|{"s":1,"v":[]}|0x7b53c153
17:44:27.3 (116836221)|STATEMENT_EXECUTE|[488]
17:44:27.3 (116839742)|VARIABLE_SCOPE_BEGIN|[488]|fieldPermissionsObj|shiva15testns.PermissionSetPortalControllers.FieldPermissionsClass|true|false
17:44:27.3 (116844935)|VARIABLE_ASSIGNMENT|[488]|fieldPermissionsObj|null|
17:44:27.3 (116858183)|ENTERING_MANAGED_PKG|
17:44:27.3 (116886552)|HEAP_ALLOCATE|[490]|Bytes:5
17:44:27.3 (116900560)|HEAP_ALLOCATE|[490]|Bytes:16
17:44:27.3 (116908914)|VARIABLE_SCOPE_BEGIN|[490]|fieldClassObj|shiva15testns.PermissionSetPortalControllers.FieldDetailsClass|true|false
17:44:27.3 (116947074)|VARIABLE_ASSIGNMENT|[490]|fieldClassObj|{"fieldLabel":"Amount","fieldName":"shiva15testns__amoun (4 more) ..."}|0x6cd46344
17:44:27.3 (116951227)|STATEMENT_EXECUTE|[490]
17:44:27.3 (116967178)|ENTERING_MANAGED_PKG|
17:44:27.3 (116993118)|STATEMENT_EXECUTE|[508]
17:44:27.3 (116995073)|STATEMENT_EXECUTE|[509]
17:44:27.3 (117001426)|HEAP_ALLOCATE|[509]|Bytes:60
17:44:27.3 (117024452)|ENTERING_MANAGED_PKG|
17:44:27.3 (117047211)|USER_DEBUG|[509]|DEBUG|No Field Permissions concerened to individual Psets and Objs
17:44:27.3 (117054341)|STATEMENT_EXECUTE|[510]
17:44:27.3 (117062323)|HEAP_ALLOCATE|[510]|Bytes:4
17:44:27.3 (117089863)|HEAP_ALLOCATE|[510]|Bytes:16
17:44:27.3 (117127672)|CONSTRUCTOR_ENTRY|[510]|01p36000005Jpvx|<init>(String,Boolean,Boolean)
17:44:27.3 (117167811)|VARIABLE_SCOPE_BEGIN|[1029]|this|shiva15testns.PermissionSetPortalControllers.FieldPermissionsClass|true|false
17:44:27.3 (117191465)|VARIABLE_ASSIGNMENT|[1029]|this|{}|0x136ba352
17:44:27.3 (117197406)|VARIABLE_SCOPE_BEGIN|[1029]|fieldPermissionsId|String|false|false
17:44:27.3 (117201484)|VARIABLE_ASSIGNMENT|[1029]|fieldPermissionsId|null
17:44:27.3 (117206161)|VARIABLE_SCOPE_BEGIN|[1029]|fieldRead|Boolean|false|false
17:44:27.3 (117210290)|VARIABLE_ASSIGNMENT|[1029]|fieldRead|false
17:44:27.3 (117213508)|VARIABLE_SCOPE_BEGIN|[1029]|fieldEdit|Boolean|false|false
17:44:27.3 (117219815)|VARIABLE_ASSIGNMENT|[1029]|fieldEdit|false
17:44:27.3 (117224086)|STATEMENT_EXECUTE|[1020]
17:44:27.3 (117225909)|STATEMENT_EXECUTE|[1023]
17:44:27.3 (117227559)|STATEMENT_EXECUTE|[1025]
17:44:27.3 (117228986)|STATEMENT_EXECUTE|[1027]
17:44:27.3 (117248256)|STATEMENT_EXECUTE|[1029]
17:44:27.3 (117250072)|STATEMENT_EXECUTE|[1030]
17:44:27.3 (117261728)|VARIABLE_ASSIGNMENT|[1030]|this.fieldPermissionsId|null|0x136ba352
17:44:27.3 (117264069)|STATEMENT_EXECUTE|[1031]
17:44:27.3 (117267496)|HEAP_ALLOCATE|[1031]|Bytes:5
17:44:27.3 (117273547)|VARIABLE_ASSIGNMENT|[1031]|this.fieldRead|false|0x136ba352
17:44:27.3 (117275589)|STATEMENT_EXECUTE|[1032]
17:44:27.3 (117278110)|HEAP_ALLOCATE|[1032]|Bytes:5
17:44:27.3 (117282926)|VARIABLE_ASSIGNMENT|[1032]|this.fieldEdit|false|0x136ba352
17:44:27.3 (117295553)|CONSTRUCTOR_EXIT|[510]|01p36000005Jpvx|<init>(String,Boolean,Boolean)
17:44:27.3 (117314213)|VARIABLE_ASSIGNMENT|[510]|fieldPermissionsObj|{"fieldEdit":false,"fieldRead":false}|0x136ba352
17:44:27.3 (117317229)|STATEMENT_EXECUTE|[511]
17:44:27.3 (117324287)|VARIABLE_ASSIGNMENT|[511]|this.fieldPermissions|0x136ba352|0x6cd46344
17:44:27.3 (117326255)|STATEMENT_EXECUTE|[512]
17:44:27.3 (117341335)|ENTERING_MANAGED_PKG|
17:44:27.3 (117368343)|HEAP_ALLOCATE|[EXTERNAL]|Bytes:4
17:44:27.3 (117384375)|HEAP_ALLOCATE|[490]|Bytes:5
17:44:27.3 (117394065)|HEAP_ALLOCATE|[490]|Bytes:16
17:44:27.3 (117399673)|VARIABLE_SCOPE_BEGIN|[490]|fieldClassObj|shiva15testns.PermissionSetPortalControllers.FieldDetailsClass|true|false
17:44:27.3 (117420815)|VARIABLE_ASSIGNMENT|[490]|fieldClassObj|{"fieldLabel":"Client","fieldName":"shiva15testns__clien (4 more) ..."}|0x3faedd7e
17:44:27.3 (117424555)|STATEMENT_EXECUTE|[490]
17:44:27.3 (117435410)|ENTERING_MANAGED_PKG|
17:44:27.3 (117446140)|STATEMENT_EXECUTE|[508]
17:44:27.3 (117447686)|STATEMENT_EXECUTE|[509]
17:44:27.3 (117456854)|ENTERING_MANAGED_PKG|
17:44:27.3 (117460157)|USER_DEBUG|[509]|DEBUG|No Field Permissions concerened to individual Psets and Objs
17:44:27.3 (117464955)|STATEMENT_EXECUTE|[510]
17:44:27.3 (117469385)|HEAP_ALLOCATE|[510]|Bytes:16
17:44:27.3 (117478859)|CONSTRUCTOR_ENTRY|[510]|01p36000005Jpvx|<init>(String,Boolean,Boolean)
17:44:27.3 (117483811)|VARIABLE_SCOPE_BEGIN|[1029]|this|shiva15testns.PermissionSetPortalControllers.FieldPermissionsClass|true|false
17:44:27.3 (117498975)|VARIABLE_ASSIGNMENT|[1029]|this|{}|0x3c0ad0e
17:44:27.3 (117501797)|VARIABLE_SCOPE_BEGIN|[1029]|fieldPermissionsId|String|false|false
17:44:27.3 (117505177)|VARIABLE_ASSIGNMENT|[1029]|fieldPermissionsId|null
17:44:27.3 (117508079)|VARIABLE_SCOPE_BEGIN|[1029]|fieldRead|Boolean|false|false
17:44:27.3 (117511199)|VARIABLE_ASSIGNMENT|[1029]|fieldRead|false
17:44:27.3 (117513022)|VARIABLE_SCOPE_BEGIN|[1029]|fieldEdit|Boolean|false|false
17:44:27.3 (117515387)|VARIABLE_ASSIGNMENT|[1029]|fieldEdit|false
17:44:27.3 (117517850)|STATEMENT_EXECUTE|[1020]
17:44:27.3 (117519183)|STATEMENT_EXECUTE|[1023]
17:44:27.3 (117520777)|STATEMENT_EXECUTE|[1025]
17:44:27.3 (117521930)|STATEMENT_EXECUTE|[1027]
17:44:27.3 (117531941)|STATEMENT_EXECUTE|[1029]
17:44:27.3 (117533523)|STATEMENT_EXECUTE|[1030]
17:44:27.3 (117539783)|VARIABLE_ASSIGNMENT|[1030]|this.fieldPermissionsId|null|0x3c0ad0e
17:44:27.3 (117541908)|STATEMENT_EXECUTE|[1031]
17:44:27.3 (117544610)|HEAP_ALLOCATE|[1031]|Bytes:5
17:44:27.3 (117549718)|VARIABLE_ASSIGNMENT|[1031]|this.fieldRead|false|0x3c0ad0e
17:44:27.3 (117551567)|STATEMENT_EXECUTE|[1032]
17:44:27.3 (117553617)|HEAP_ALLOCATE|[1032]|Bytes:5
17:44:27.3 (117557706)|VARIABLE_ASSIGNMENT|[1032]|this.fieldEdit|false|0x3c0ad0e
17:44:27.3 (117565443)|CONSTRUCTOR_EXIT|[510]|01p36000005Jpvx|<init>(String,Boolean,Boolean)
17:44:27.3 (117581001)|VARIABLE_ASSIGNMENT|[510]|fieldPermissionsObj|{"fieldEdit":false,"fieldRead":false}|0x3c0ad0e
17:44:27.3 (117583859)|STATEMENT_EXECUTE|[511]
17:44:27.3 (117589018)|VARIABLE_ASSIGNMENT|[511]|this.fieldPermissions|0x3c0ad0e|0x3faedd7e
17:44:27.3 (117590832)|STATEMENT_EXECUTE|[512]
17:44:27.3 (117601341)|ENTERING_MANAGED_PKG|
17:44:27.3 (117604987)|HEAP_ALLOCATE|[EXTERNAL]|Bytes:4
17:44:27.3 (117617549)|HEAP_ALLOCATE|[490]|Bytes:5
17:44:27.3 (117626466)|HEAP_ALLOCATE|[490]|Bytes:16
17:44:27.3 (117631668)|VARIABLE_SCOPE_BEGIN|[490]|fieldClassObj|shiva15testns.PermissionSetPortalControllers.FieldDetailsClass|true|false
17:44:27.3 (117650669)|VARIABLE_ASSIGNMENT|[490]|fieldClassObj|{"fieldLabel":"Date","fieldName":"shiva15testns__date_ (2 more) ..."}|0x399b07e3
17:44:27.3 (117654219)|STATEMENT_EXECUTE|[490]
17:44:27.3 (117664125)|ENTERING_MANAGED_PKG|
17:44:27.3 (117674378)|STATEMENT_EXECUTE|[508]
17:44:27.3 (117675871)|STATEMENT_EXECUTE|[509]
17:44:27.3 (117684264)|ENTERING_MANAGED_PKG|
17:44:27.3 (117687303)|USER_DEBUG|[509]|DEBUG|No Field Permissions concerened to individual Psets and Objs
17:44:27.3 (117692095)|STATEMENT_EXECUTE|[510]
17:44:27.3 (117696355)|HEAP_ALLOCATE|[510]|Bytes:16
17:44:27.3 (117705255)|CONSTRUCTOR_ENTRY|[510]|01p36000005Jpvx|<init>(String,Boolean,Boolean)
17:44:27.3 (117709886)|VARIABLE_SCOPE_BEGIN|[1029]|this|shiva15testns.PermissionSetPortalControllers.FieldPermissionsClass|true|false
17:44:27.3 (117724096)|VARIABLE_ASSIGNMENT|[1029]|this|{}|0x622c87b2
17:44:27.3 (117727092)|VARIABLE_SCOPE_BEGIN|[1029]|fieldPermissionsId|String|false|false
17:44:27.3 (117730302)|VARIABLE_ASSIGNMENT|[1029]|fieldPermissionsId|null
17:44:27.3 (117733125)|VARIABLE_SCOPE_BEGIN|[1029]|fieldRead|Boolean|false|false
17:44:27.3 (117736186)|VARIABLE_ASSIGNMENT|[1029]|fieldRead|false
17:44:27.3 (117738034)|VARIABLE_SCOPE_BEGIN|[1029]|fieldEdit|Boolean|false|false
17:44:27.3 (117740475)|VARIABLE_ASSIGNMENT|[1029]|fieldEdit|false
17:44:27.3 (117742871)|STATEMENT_EXECUTE|[1020]
17:44:27.3 (117744093)|STATEMENT_EXECUTE|[1023]
17:44:27.3 (117745427)|STATEMENT_EXECUTE|[1025]
17:44:27.3 (117746527)|STATEMENT_EXECUTE|[1027]
17:44:27.3 (117756376)|STATEMENT_EXECUTE|[1029]
17:44:27.3 (117757952)|STATEMENT_EXECUTE|[1030]
17:44:27.3 (117763859)|VARIABLE_ASSIGNMENT|[1030]|this.fieldPermissionsId|null|0x622c87b2
17:44:27.3 (117766030)|STATEMENT_EXECUTE|[1031]
17:44:27.3 (117768824)|HEAP_ALLOCATE|[1031]|Bytes:5
17:44:27.3 (117773694)|VARIABLE_ASSIGNMENT|[1031]|this.fieldRead|false|0x622c87b2
17:44:27.3 (117775628)|STATEMENT_EXECUTE|[1032]
17:44:27.3 (117777700)|HEAP_ALLOCATE|[1032]|Bytes:5
17:44:27.3 (117781672)|VARIABLE_ASSIGNMENT|[1032]|this.fieldEdit|false|0x622c87b2
17:44:27.3 (117789077)|CONSTRUCTOR_EXIT|[510]|01p36000005Jpvx|<init>(String,Boolean,Boolean)
17:44:27.3 (117809835)|VARIABLE_ASSIGNMENT|[510]|fieldPermissionsObj|{"fieldEdit":false,"fieldRead":false}|0x622c87b2
17:44:27.3 (117813132)|STATEMENT_EXECUTE|[511]
17:44:27.3 (117818447)|VARIABLE_ASSIGNMENT|[511]|this.fieldPermissions|0x622c87b2|0x399b07e3
17:44:27.3 (117820359)|STATEMENT_EXECUTE|[512]
17:44:27.3 (117830855)|ENTERING_MANAGED_PKG|
17:44:27.3 (117834688)|HEAP_ALLOCATE|[EXTERNAL]|Bytes:4
17:44:27.3 (117847067)|HEAP_ALLOCATE|[490]|Bytes:5
17:44:27.3 (117856115)|HEAP_ALLOCATE|[490]|Bytes:16
17:44:27.3 (117861338)|VARIABLE_SCOPE_BEGIN|[490]|fieldClassObj|shiva15testns.PermissionSetPortalControllers.FieldDetailsClass|true|false
17:44:27.3 (117880838)|VARIABLE_ASSIGNMENT|[490]|fieldClassObj|{"fieldLabel":"Reimbursed?","fieldName":"shiva15testns__reimb (8 more) ..."}|0x47c6ea6f
17:44:27.3 (117884416)|STATEMENT_EXECUTE|[490]
17:44:27.3 (117894416)|ENTERING_MANAGED_PKG|
17:44:27.3 (117904559)|STATEMENT_EXECUTE|[508]
17:44:27.3 (117906096)|STATEMENT_EXECUTE|[509]
17:44:27.3 (117914382)|ENTERING_MANAGED_PKG|
17:44:27.3 (117917369)|USER_DEBUG|[509]|DEBUG|No Field Permissions concerened to individual Psets and Objs
17:44:27.3 (117922067)|STATEMENT_EXECUTE|[510]
17:44:27.3 (117926260)|HEAP_ALLOCATE|[510]|Bytes:16
17:44:27.3 (117935040)|CONSTRUCTOR_ENTRY|[510]|01p36000005Jpvx|<init>(String,Boolean,Boolean)
17:44:27.3 (117939613)|VARIABLE_SCOPE_BEGIN|[1029]|this|shiva15testns.PermissionSetPortalControllers.FieldPermissionsClass|true|false
17:44:27.3 (117953784)|VARIABLE_ASSIGNMENT|[1029]|this|{}|0x29dc0d48
17:44:27.3 (117956512)|VARIABLE_SCOPE_BEGIN|[1029]|fieldPermissionsId|String|false|false
17:44:27.3 (117959623)|VARIABLE_ASSIGNMENT|[1029]|fieldPermissionsId|null
17:44:27.3 (117962340)|VARIABLE_SCOPE_BEGIN|[1029]|fieldRead|Boolean|false|false
17:44:27.3 (117965228)|VARIABLE_ASSIGNMENT|[1029]|fieldRead|false
17:44:27.3 (117967102)|VARIABLE_SCOPE_BEGIN|[1029]|fieldEdit|Boolean|false|false
17:44:27.3 (117969498)|VARIABLE_ASSIGNMENT|[1029]|fieldEdit|false
17:44:27.3 (117972021)|STATEMENT_EXECUTE|[1020]
17:44:27.3 (117973183)|STATEMENT_EXECUTE|[1023]
17:44:27.3 (117974464)|STATEMENT_EXECUTE|[1025]
17:44:27.3 (117975547)|STATEMENT_EXECUTE|[1027]
17:44:27.3 (117985148)|STATEMENT_EXECUTE|[1029]
17:44:27.3 (117986821)|STATEMENT_EXECUTE|[1030]
17:44:27.3 (117992694)|VARIABLE_ASSIGNMENT|[1030]|this.fieldPermissionsId|null|0x29dc0d48
17:44:27.3 (117994721)|STATEMENT_EXECUTE|[1031]
17:44:27.3 (117997276)|HEAP_ALLOCATE|[1031]|Bytes:5
17:44:27.3 (118002099)|VARIABLE_ASSIGNMENT|[1031]|this.fieldRead|false|0x29dc0d48
17:44:27.3 (118004909)|STATEMENT_EXECUTE|[1032]
17:44:27.3 (118006989)|HEAP_ALLOCATE|[1032]|Bytes:5
17:44:27.3 (118011217)|VARIABLE_ASSIGNMENT|[1032]|this.fieldEdit|false|0x29dc0d48
17:44:27.3 (118018666)|CONSTRUCTOR_EXIT|[510]|01p36000005Jpvx|<init>(String,Boolean,Boolean)
17:44:27.3 (118033297)|VARIABLE_ASSIGNMENT|[510]|fieldPermissionsObj|{"fieldEdit":false,"fieldRead":false}|0x29dc0d48
17:44:27.3 (118036006)|STATEMENT_EXECUTE|[511]
17:44:27.3 (118040922)|VARIABLE_ASSIGNMENT|[511]|this.fieldPermissions|0x29dc0d48|0x47c6ea6f
17:44:27.3 (118042830)|STATEMENT_EXECUTE|[512]
17:44:27.3 (118053084)|ENTERING_MANAGED_PKG|
17:44:27.3 (118056737)|HEAP_ALLOCATE|[EXTERNAL]|Bytes:4
17:44:27.3 (118068869)|HEAP_ALLOCATE|[490]|Bytes:5
17:44:27.3 (118079255)|VARIABLE_ASSIGNMENT|[490]|fieldClassObj|null|
17:44:27.3 (118082187)|STATEMENT_EXECUTE|[516]
17:44:27.3 (118085800)|HEAP_ALLOCATE|[516]|Bytes:37
17:44:27.3 (118111763)|ENTERING_MANAGED_PKG|
17:44:27.3 (118239674)|HEAP_ALLOCATE|[516]|Bytes:705
17:44:27.3 (118259628)|HEAP_ALLOCATE|[516]|Bytes:742
17:44:27.3 (118273314)|ENTERING_MANAGED_PKG|
17:44:27.3 (118276879)|USER_DEBUG|[516]|DEBUG|individualObjectAllFieldsFinalList : (FieldDetailsClass:[fieldLabel=Amount, fieldName=shiva15testns__amount__c, fieldPermissions=FieldPermissionsClass:[fieldEdit=false, fieldPermissionsId=null, fieldRead=false]], FieldDetailsClass:[fieldLabel=Client, fieldName=shiva15testns__client__c, fieldPermissions=FieldPermissionsClass:[fieldEdit=false, fieldPermissionsId=null, fieldRead=false]], FieldDetailsClass:[fieldLabel=Date, fieldName=shiva15testns__date__c, fieldPermissions=FieldPermissionsClass:[fieldEdit=false, fieldPermissionsId=null, fieldRead=false]], FieldDetailsClass:[fieldLabel=Reimbursed?, fieldName=shiva15testns__reimbursed__c, fieldPermissions=FieldPermissionsClass:[fieldEdit=false, fieldPermissionsId=null, fieldRead=false]])
17:44:27.3 (118286023)|STATEMENT_EXECUTE|[517]
17:44:27.3 (118300535)|METHOD_EXIT|[428]|01p36000005Jpvx|shiva15testns.PermissionSetPortalControllers.getFieldPermissions(String, String, List<shiva15testns.PermissionSetPortalControllers.FieldDetailsClass>)
17:44:27.3 (118312895)|SYSTEM_MODE_EXIT|false
17:44:27.118 (118359727)|CUMULATIVE_LIMIT_USAGE
17:44:27.118 (118359727)|LIMIT_USAGE_FOR_NS|(default)|
  Number of SOQL queries: 0 out of 100
  Number of query rows: 0 out of 50000
  Number of SOSL queries: 0 out of 20
  Number of DML statements: 0 out of 150
  Number of DML rows: 0 out of 10000
  Maximum CPU time: 0 out of 10000
  Maximum heap size: 0 out of 6000000
  Number of callouts: 0 out of 100
  Number of Email Invocations: 0 out of 10
  Number of future calls: 0 out of 50
  Number of queueable jobs added to the queue: 0 out of 50
  Number of Mobile Apex push calls: 0 out of 10

17:44:27.118 (118359727)|LIMIT_USAGE_FOR_NS|shiva15testns|
  Number of SOQL queries: 1 out of 100
  Number of query rows: 0 out of 50000
  Number of SOSL queries: 0 out of 20
  Number of DML statements: 0 out of 150
  Number of DML rows: 0 out of 10000
  Maximum CPU time: 0 out of 10000
  Maximum heap size: 0 out of 6000000
  Number of callouts: 0 out of 100
  Number of Email Invocations: 0 out of 10
  Number of future calls: 0 out of 50
  Number of queueable jobs added to the queue: 0 out of 50
  Number of Mobile Apex push calls: 0 out of 10

17:44:27.118 (118359727)|CUMULATIVE_LIMIT_USAGE_END

17:44:27.3 (118418120)|CODE_UNIT_FINISHED|PermissionSetPortalControllers.getAllFieldData
17:44:27.120 (120113553)|CODE_UNIT_STARTED|[EXTERNAL]|Aura
17:44:27.120 (121095810)|CODE_UNIT_STARTED|[EXTERNAL]|Aura
17:44:27.120 (121125073)|CODE_UNIT_FINISHED|Aura
17:44:27.120 (121142294)|CODE_UNIT_FINISHED|Aura
17:44:27.122 (122067061)|CODE_UNIT_STARTED|[EXTERNAL]|Aura
17:44:27.122 (123023841)|CODE_UNIT_STARTED|[EXTERNAL]|Aura
17:44:27.122 (123050899)|CODE_UNIT_FINISHED|Aura
17:44:27.122 (123067207)|CODE_UNIT_FINISHED|Aura
17:44:27.124 (124333874)|CODE_UNIT_STARTED|[EXTERNAL]|Aura
17:44:27.124 (125476648)|CODE_UNIT_STARTED|[EXTERNAL]|Aura
17:44:27.124 (125503588)|CODE_UNIT_FINISHED|Aura
17:44:27.124 (125519119)|CODE_UNIT_FINISHED|Aura
17:44:27.127 (127875990)|CODE_UNIT_STARTED|[EXTERNAL]|Aura
17:44:27.127 (129484763)|CODE_UNIT_STARTED|[EXTERNAL]|Aura
17:44:27.127 (129512331)|CODE_UNIT_FINISHED|Aura
17:44:27.127 (129528356)|CODE_UNIT_FINISHED|Aura
