36.0 APEX_CODE,FINEST;APEX_PROFILING,INFO;CALLOUT,INFO;DB,INFO;SYSTEM,DEBUG;VALIDATION,INFO;VISUALFORCE,INFO;WORKFLOW,INFO
10:59:43.0 (518353)|EXECUTION_STARTED
10:59:43.0 (556398)|CODE_UNIT_STARTED|[EXTERNAL]|01p36000005Jpvx|PermissionSetPortalControllers.getAllPermissionSets
10:59:43.0 (1241527)|VARIABLE_SCOPE_BEGIN|[2]|PermissionSetPortalControllers.AllObjectsofOrg|Map<String,Schema.SObjectType>|true|true
10:59:43.0 (1259928)|VARIABLE_SCOPE_BEGIN|[3]|PermissionSetPortalControllers.AllPermissionSets|List<PermissionSet>|true|true
10:59:43.0 (1289693)|VARIABLE_SCOPE_BEGIN|[4]|PermissionSetPortalControllers.inputField|String|false|true
10:59:43.0 (1518182)|HEAP_ALLOCATE|[72]|Bytes:3
10:59:43.0 (1573119)|HEAP_ALLOCATE|[77]|Bytes:152
10:59:43.0 (1594543)|HEAP_ALLOCATE|[342]|Bytes:408
10:59:43.0 (1616167)|HEAP_ALLOCATE|[355]|Bytes:408
10:59:43.0 (1636057)|HEAP_ALLOCATE|[467]|Bytes:48
10:59:43.0 (1679456)|HEAP_ALLOCATE|[139]|Bytes:6
10:59:43.0 (1708893)|HEAP_ALLOCATE|[EXTERNAL]|Bytes:88
10:59:43.0 (1713873)|HEAP_ALLOCATE|[EXTERNAL]|Bytes:6
10:59:43.0 (1716650)|HEAP_ALLOCATE|[EXTERNAL]|Bytes:5
10:59:43.0 (1738531)|METHOD_ENTRY|[1]|01p36000005Jpvx|PermissionSetPortalControllers.PermissionSetPortalControllers()
10:59:43.0 (1744548)|STATEMENT_EXECUTE|[1]
10:59:43.0 (1751059)|STATEMENT_EXECUTE|[1]
10:59:43.0 (1786470)|HEAP_ALLOCATE|[50]|Bytes:5
10:59:43.0 (1812774)|HEAP_ALLOCATE|[56]|Bytes:5
10:59:43.0 (1821647)|HEAP_ALLOCATE|[64]|Bytes:7
10:59:43.0 (1851586)|SYSTEM_MODE_ENTER|false
10:59:43.0 (1869496)|HEAP_ALLOCATE|[EXTERNAL]|Bytes:5
10:59:43.0 (1877101)|SYSTEM_MODE_EXIT|false
10:59:43.0 (1915107)|METHOD_EXIT|[1]|PermissionSetPortalControllers
10:59:43.0 (1935799)|SYSTEM_MODE_ENTER|false
10:59:43.0 (1957076)|HEAP_ALLOCATE|[8]|Bytes:5
10:59:43.0 (1963428)|STATEMENT_EXECUTE|[7]
10:59:43.0 (1965730)|STATEMENT_EXECUTE|[8]
10:59:43.0 (1970642)|HEAP_ALLOCATE|[8]|Bytes:34
10:59:43.0 (1983823)|HEAP_ALLOCATE|[8]|Bytes:4
10:59:43.0 (3494235)|SOQL_EXECUTE_BEGIN|[8]|Aggregations:0|SELECT Id, Name FROM PermissionSet
10:59:43.0 (7740792)|SOQL_EXECUTE_END|[8]|Rows:36
10:59:43.0 (7762474)|HEAP_ALLOCATE|[8]|Bytes:148
10:59:43.0 (7820018)|HEAP_ALLOCATE|[8]|Bytes:2125
10:59:43.0 (7868924)|HEAP_ALLOCATE|[8]|Bytes:148
10:59:43.0 (7936726)|VARIABLE_ASSIGNMENT|[8]|PermissionSetPortalControllers.AllPermissionSets|{"s":1,"v":"List of size 36 too large to display"}|0x47261f1f
10:59:43.0 (8042105)|ENTERING_MANAGED_PKG|
10:59:43.0 (8080200)|STATEMENT_EXECUTE|[9]
10:59:43.0 (8095173)|ENTERING_MANAGED_PKG|
10:59:43.0 (8298305)|HEAP_ALLOCATE|[10]|Bytes:5
10:59:43.0 (8340691)|HEAP_ALLOCATE|[10]|Bytes:12
10:59:43.0 (8357140)|VARIABLE_SCOPE_BEGIN|[10]|PSetName|PermissionSet|true|false
10:59:43.0 (8387687)|VARIABLE_ASSIGNMENT|[10]|PSetName|{"s":1,"v":{"Id":"0PS36000000mmnFGAQ","Name":"X00e1a000000MWa8AAG"}}|0x4d68c66c
10:59:43.0 (8392242)|STATEMENT_EXECUTE|[10]
10:59:43.0 (8393848)|STATEMENT_EXECUTE|[11]
10:59:43.0 (8563240)|HEAP_ALLOCATE|[11]|Bytes:24
10:59:43.0 (8599069)|ENTERING_MANAGED_PKG|
10:59:43.0 (8656824)|HEAP_ALLOCATE|[11]|Bytes:63
10:59:43.0 (8679614)|HEAP_ALLOCATE|[11]|Bytes:87
10:59:43.0 (8707133)|ENTERING_MANAGED_PKG|
10:59:43.0 (8729297)|USER_DEBUG|[11]|ERROR|The PermissionSet Name: PermissionSet:{Id=0PS36000000mmnFGAQ, Name=X00e1a000000MWa8AAG}
10:59:43.0 (8745693)|HEAP_ALLOCATE|[10]|Bytes:5
10:59:43.0 (8768616)|HEAP_ALLOCATE|[10]|Bytes:12
10:59:43.0 (8776781)|VARIABLE_SCOPE_BEGIN|[10]|PSetName|PermissionSet|true|false
10:59:43.0 (8794706)|VARIABLE_ASSIGNMENT|[10]|PSetName|{"s":1,"v":{"Id":"0PS36000000mmnGGAQ","Name":"X00ex00000018ozl_128 (11 more) ..."}}|0x27afdfda
10:59:43.0 (8798583)|STATEMENT_EXECUTE|[10]
10:59:43.0 (8799961)|STATEMENT_EXECUTE|[11]
10:59:43.0 (8817144)|ENTERING_MANAGED_PKG|
10:59:43.0 (8840245)|HEAP_ALLOCATE|[11]|Bytes:75
10:59:43.0 (8853497)|HEAP_ALLOCATE|[11]|Bytes:99
10:59:43.0 (8865025)|ENTERING_MANAGED_PKG|
10:59:43.0 (8876764)|USER_DEBUG|[11]|ERROR|The PermissionSet Name: PermissionSet:{Id=0PS36000000mmnGGAQ, Name=X00ex00000018ozl_128_09_04_12_5}
10:59:43.0 (8891959)|HEAP_ALLOCATE|[10]|Bytes:5
10:59:43.0 (8913387)|HEAP_ALLOCATE|[10]|Bytes:12
10:59:43.0 (8921147)|VARIABLE_SCOPE_BEGIN|[10]|PSetName|PermissionSet|true|false
10:59:43.0 (8936806)|VARIABLE_ASSIGNMENT|[10]|PSetName|{"s":1,"v":{"Id":"0PS36000000mmnHGAQ","Name":"X00ex00000018ozm_128 (11 more) ..."}}|0x3e1e22fd
10:59:43.0 (8940468)|STATEMENT_EXECUTE|[10]
10:59:43.0 (8941766)|STATEMENT_EXECUTE|[11]
10:59:43.0 (8957836)|ENTERING_MANAGED_PKG|
10:59:43.0 (8979764)|HEAP_ALLOCATE|[11]|Bytes:75
10:59:43.0 (8992124)|HEAP_ALLOCATE|[11]|Bytes:99
10:59:43.0 (9003284)|ENTERING_MANAGED_PKG|
10:59:43.0 (9015525)|USER_DEBUG|[11]|ERROR|The PermissionSet Name: PermissionSet:{Id=0PS36000000mmnHGAQ, Name=X00ex00000018ozm_128_09_04_12_6}
10:59:43.0 (9030963)|HEAP_ALLOCATE|[10]|Bytes:5
10:59:43.0 (9051726)|HEAP_ALLOCATE|[10]|Bytes:12
10:59:43.0 (9059483)|VARIABLE_SCOPE_BEGIN|[10]|PSetName|PermissionSet|true|false
10:59:43.0 (9074626)|VARIABLE_ASSIGNMENT|[10]|PSetName|{"s":1,"v":{"Id":"0PS36000000mmnIGAQ","Name":"X00ex00000018ozk_128 (11 more) ..."}}|0x6d0a043e
10:59:43.0 (9078170)|STATEMENT_EXECUTE|[10]
10:59:43.0 (9079477)|STATEMENT_EXECUTE|[11]
10:59:43.0 (9095617)|ENTERING_MANAGED_PKG|
10:59:43.0 (9117466)|HEAP_ALLOCATE|[11]|Bytes:75
10:59:43.0 (9130064)|HEAP_ALLOCATE|[11]|Bytes:99
10:59:43.0 (9141092)|ENTERING_MANAGED_PKG|
10:59:43.0 (9152192)|USER_DEBUG|[11]|ERROR|The PermissionSet Name: PermissionSet:{Id=0PS36000000mmnIGAQ, Name=X00ex00000018ozk_128_09_04_12_4}
10:59:43.0 (9166590)|HEAP_ALLOCATE|[10]|Bytes:5
10:59:43.0 (9187335)|HEAP_ALLOCATE|[10]|Bytes:12
10:59:43.0 (9194771)|VARIABLE_SCOPE_BEGIN|[10]|PSetName|PermissionSet|true|false
10:59:43.0 (9210042)|VARIABLE_ASSIGNMENT|[10]|PSetName|{"s":1,"v":{"Id":"0PS36000000mmnJGAQ","Name":"X00ex00000018ozj_128 (11 more) ..."}}|0x66daf455
10:59:43.0 (9213732)|STATEMENT_EXECUTE|[10]
10:59:43.0 (9215086)|STATEMENT_EXECUTE|[11]
10:59:43.0 (9230990)|ENTERING_MANAGED_PKG|
10:59:43.0 (9252685)|HEAP_ALLOCATE|[11]|Bytes:75
10:59:43.0 (9265155)|HEAP_ALLOCATE|[11]|Bytes:99
10:59:43.0 (9275936)|ENTERING_MANAGED_PKG|
10:59:43.0 (9286973)|USER_DEBUG|[11]|ERROR|The PermissionSet Name: PermissionSet:{Id=0PS36000000mmnJGAQ, Name=X00ex00000018ozj_128_09_04_12_3}
10:59:43.0 (9301501)|HEAP_ALLOCATE|[10]|Bytes:5
10:59:43.0 (9321674)|HEAP_ALLOCATE|[10]|Bytes:12
10:59:43.0 (9329151)|VARIABLE_SCOPE_BEGIN|[10]|PSetName|PermissionSet|true|false
10:59:43.0 (9343766)|VARIABLE_ASSIGNMENT|[10]|PSetName|{"s":1,"v":{"Id":"0PS36000000mmnKGAQ","Name":"X00ex00000018ozo_128 (11 more) ..."}}|0x3fd2b65b
10:59:43.0 (9347342)|STATEMENT_EXECUTE|[10]
10:59:43.0 (9348615)|STATEMENT_EXECUTE|[11]
10:59:43.0 (9364288)|ENTERING_MANAGED_PKG|
10:59:43.0 (9390442)|HEAP_ALLOCATE|[11]|Bytes:75
10:59:43.0 (9404163)|HEAP_ALLOCATE|[11]|Bytes:99
10:59:43.0 (9415250)|ENTERING_MANAGED_PKG|
10:59:43.0 (9426463)|USER_DEBUG|[11]|ERROR|The PermissionSet Name: PermissionSet:{Id=0PS36000000mmnKGAQ, Name=X00ex00000018ozo_128_09_04_12_8}
10:59:43.0 (9440822)|HEAP_ALLOCATE|[10]|Bytes:5
10:59:43.0 (9461334)|HEAP_ALLOCATE|[10]|Bytes:12
10:59:43.0 (9468701)|VARIABLE_SCOPE_BEGIN|[10]|PSetName|PermissionSet|true|false
10:59:43.0 (9483448)|VARIABLE_ASSIGNMENT|[10]|PSetName|{"s":1,"v":{"Id":"0PS36000000mmnLGAQ","Name":"X00ex00000018ozh_128 (11 more) ..."}}|0x70146296
10:59:43.0 (9486890)|STATEMENT_EXECUTE|[10]
10:59:43.0 (9488225)|STATEMENT_EXECUTE|[11]
10:59:43.0 (9503983)|ENTERING_MANAGED_PKG|
10:59:43.0 (9525341)|HEAP_ALLOCATE|[11]|Bytes:75
10:59:43.0 (9537565)|HEAP_ALLOCATE|[11]|Bytes:99
10:59:43.0 (9548302)|ENTERING_MANAGED_PKG|
10:59:43.0 (9559471)|USER_DEBUG|[11]|ERROR|The PermissionSet Name: PermissionSet:{Id=0PS36000000mmnLGAQ, Name=X00ex00000018ozh_128_09_04_12_1}
10:59:43.0 (9573579)|HEAP_ALLOCATE|[10]|Bytes:5
10:59:43.0 (9594123)|HEAP_ALLOCATE|[10]|Bytes:12
10:59:43.0 (9601533)|VARIABLE_SCOPE_BEGIN|[10]|PSetName|PermissionSet|true|false
10:59:43.0 (9616020)|VARIABLE_ASSIGNMENT|[10]|PSetName|{"s":1,"v":{"Id":"0PS36000000mmnMGAQ","Name":"X00ex00000018ozq_128 (12 more) ..."}}|0x4d02b35e
10:59:43.0 (9619533)|STATEMENT_EXECUTE|[10]
10:59:43.0 (9620845)|STATEMENT_EXECUTE|[11]
10:59:43.0 (9636532)|ENTERING_MANAGED_PKG|
10:59:43.0 (9658041)|HEAP_ALLOCATE|[11]|Bytes:76
10:59:43.0 (9670450)|HEAP_ALLOCATE|[11]|Bytes:100
10:59:43.0 (9681352)|ENTERING_MANAGED_PKG|
10:59:43.0 (9692307)|USER_DEBUG|[11]|ERROR|The PermissionSet Name: PermissionSet:{Id=0PS36000000mmnMGAQ, Name=X00ex00000018ozq_128_09_04_12_10}
10:59:43.0 (9706474)|HEAP_ALLOCATE|[10]|Bytes:5
10:59:43.0 (9726828)|HEAP_ALLOCATE|[10]|Bytes:12
10:59:43.0 (9734223)|VARIABLE_SCOPE_BEGIN|[10]|PSetName|PermissionSet|true|false
10:59:43.0 (9748834)|VARIABLE_ASSIGNMENT|[10]|PSetName|{"s":1,"v":{"Id":"0PS36000000mmnNGAQ","Name":"X00ex00000018ozp_128 (11 more) ..."}}|0x7c4b9ef7
10:59:43.0 (9752508)|STATEMENT_EXECUTE|[10]
10:59:43.0 (9753806)|STATEMENT_EXECUTE|[11]
10:59:43.0 (9769570)|ENTERING_MANAGED_PKG|
10:59:43.0 (9791046)|HEAP_ALLOCATE|[11]|Bytes:75
10:59:43.0 (9803588)|HEAP_ALLOCATE|[11]|Bytes:99
10:59:43.0 (9814374)|ENTERING_MANAGED_PKG|
10:59:43.0 (9825180)|USER_DEBUG|[11]|ERROR|The PermissionSet Name: PermissionSet:{Id=0PS36000000mmnNGAQ, Name=X00ex00000018ozp_128_09_04_12_9}
10:59:43.0 (9839262)|HEAP_ALLOCATE|[10]|Bytes:5
10:59:43.0 (9859331)|HEAP_ALLOCATE|[10]|Bytes:12
10:59:43.0 (9866597)|VARIABLE_SCOPE_BEGIN|[10]|PSetName|PermissionSet|true|false
10:59:43.0 (9881096)|VARIABLE_ASSIGNMENT|[10]|PSetName|{"s":1,"v":{"Id":"0PS36000000mmnOGAQ","Name":"X00ex00000018ozn_128 (11 more) ..."}}|0x56019f4b
10:59:43.0 (9884571)|STATEMENT_EXECUTE|[10]
10:59:43.0 (9885855)|STATEMENT_EXECUTE|[11]
10:59:43.0 (9901501)|ENTERING_MANAGED_PKG|
10:59:43.0 (9922586)|HEAP_ALLOCATE|[11]|Bytes:75
10:59:43.0 (9934972)|HEAP_ALLOCATE|[11]|Bytes:99
10:59:43.0 (9945666)|ENTERING_MANAGED_PKG|
10:59:43.0 (9956850)|USER_DEBUG|[11]|ERROR|The PermissionSet Name: PermissionSet:{Id=0PS36000000mmnOGAQ, Name=X00ex00000018ozn_128_09_04_12_7}
10:59:43.0 (9971037)|HEAP_ALLOCATE|[10]|Bytes:5
10:59:43.0 (9991115)|HEAP_ALLOCATE|[10]|Bytes:12
10:59:43.0 (9998516)|VARIABLE_SCOPE_BEGIN|[10]|PSetName|PermissionSet|true|false
10:59:43.0 (10012492)|VARIABLE_ASSIGNMENT|[10]|PSetName|{"s":1,"v":{"Id":"0PS36000000mmnPGAQ","Name":"X00e1a000000MWa9AAG"}}|0x5d247cf
10:59:43.0 (10016962)|STATEMENT_EXECUTE|[10]
10:59:43.0 (10018375)|STATEMENT_EXECUTE|[11]
10:59:43.0 (10034031)|ENTERING_MANAGED_PKG|
10:59:43.0 (10055739)|HEAP_ALLOCATE|[11]|Bytes:63
10:59:43.0 (10068027)|HEAP_ALLOCATE|[11]|Bytes:87
10:59:43.0 (10078657)|ENTERING_MANAGED_PKG|
10:59:43.0 (10089705)|USER_DEBUG|[11]|ERROR|The PermissionSet Name: PermissionSet:{Id=0PS36000000mmnPGAQ, Name=X00e1a000000MWa9AAG}
10:59:43.0 (10103821)|HEAP_ALLOCATE|[10]|Bytes:5
10:59:43.0 (10124118)|HEAP_ALLOCATE|[10]|Bytes:12
10:59:43.0 (10131550)|VARIABLE_SCOPE_BEGIN|[10]|PSetName|PermissionSet|true|false
10:59:43.0 (10145791)|VARIABLE_ASSIGNMENT|[10]|PSetName|{"s":1,"v":{"Id":"0PS36000000mmnQGAQ","Name":"X00e1a000000MWaBAAW"}}|0x5d128c68
10:59:43.0 (10149327)|STATEMENT_EXECUTE|[10]
10:59:43.0 (10150627)|STATEMENT_EXECUTE|[11]
10:59:43.0 (10166329)|ENTERING_MANAGED_PKG|
10:59:43.0 (10187635)|HEAP_ALLOCATE|[11]|Bytes:63
10:59:43.0 (10200089)|HEAP_ALLOCATE|[11]|Bytes:87
10:59:43.0 (10210633)|ENTERING_MANAGED_PKG|
10:59:43.0 (10221321)|USER_DEBUG|[11]|ERROR|The PermissionSet Name: PermissionSet:{Id=0PS36000000mmnQGAQ, Name=X00e1a000000MWaBAAW}
10:59:43.0 (10235426)|HEAP_ALLOCATE|[10]|Bytes:5
10:59:43.0 (10255583)|HEAP_ALLOCATE|[10]|Bytes:12
10:59:43.0 (10263143)|VARIABLE_SCOPE_BEGIN|[10]|PSetName|PermissionSet|true|false
10:59:43.0 (10277147)|VARIABLE_ASSIGNMENT|[10]|PSetName|{"s":1,"v":{"Id":"0PS36000000mmnRGAQ","Name":"X00e1a000000MWaCAAW"}}|0x7d8e0d1b
10:59:43.0 (10280478)|STATEMENT_EXECUTE|[10]
10:59:43.0 (10281772)|STATEMENT_EXECUTE|[11]
10:59:43.0 (10297641)|ENTERING_MANAGED_PKG|
10:59:43.0 (10318724)|HEAP_ALLOCATE|[11]|Bytes:63
10:59:43.0 (10331689)|HEAP_ALLOCATE|[11]|Bytes:87
10:59:43.0 (10342334)|ENTERING_MANAGED_PKG|
10:59:43.0 (10353212)|USER_DEBUG|[11]|ERROR|The PermissionSet Name: PermissionSet:{Id=0PS36000000mmnRGAQ, Name=X00e1a000000MWaCAAW}
10:59:43.0 (10367398)|HEAP_ALLOCATE|[10]|Bytes:5
10:59:43.0 (10392528)|HEAP_ALLOCATE|[10]|Bytes:12
10:59:43.0 (10400084)|VARIABLE_SCOPE_BEGIN|[10]|PSetName|PermissionSet|true|false
10:59:43.0 (10413965)|VARIABLE_ASSIGNMENT|[10]|PSetName|{"s":1,"v":{"Id":"0PS36000000mmnSGAQ","Name":"X00e1a000000MWaDAAW"}}|0x272f2e26
10:59:43.0 (10417316)|STATEMENT_EXECUTE|[10]
10:59:43.0 (10418549)|STATEMENT_EXECUTE|[11]
10:59:43.0 (10434507)|ENTERING_MANAGED_PKG|
10:59:43.0 (10455974)|HEAP_ALLOCATE|[11]|Bytes:63
10:59:43.0 (10468151)|HEAP_ALLOCATE|[11]|Bytes:87
10:59:43.0 (10478720)|ENTERING_MANAGED_PKG|
10:59:43.0 (10489666)|USER_DEBUG|[11]|ERROR|The PermissionSet Name: PermissionSet:{Id=0PS36000000mmnSGAQ, Name=X00e1a000000MWaDAAW}
10:59:43.0 (10503644)|HEAP_ALLOCATE|[10]|Bytes:5
10:59:43.0 (10524257)|HEAP_ALLOCATE|[10]|Bytes:12
10:59:43.0 (10531614)|VARIABLE_SCOPE_BEGIN|[10]|PSetName|PermissionSet|true|false
10:59:43.0 (10545314)|VARIABLE_ASSIGNMENT|[10]|PSetName|{"s":1,"v":{"Id":"0PS36000000mmnTGAQ","Name":"X00e1a000000MWaEAAW"}}|0x30d4e933
10:59:43.0 (10548842)|STATEMENT_EXECUTE|[10]
10:59:43.0 (10550067)|STATEMENT_EXECUTE|[11]
10:59:43.0 (10565631)|ENTERING_MANAGED_PKG|
10:59:43.0 (10586850)|HEAP_ALLOCATE|[11]|Bytes:63
10:59:43.0 (10599073)|HEAP_ALLOCATE|[11]|Bytes:87
10:59:43.0 (10609581)|ENTERING_MANAGED_PKG|
10:59:43.0 (10620325)|USER_DEBUG|[11]|ERROR|The PermissionSet Name: PermissionSet:{Id=0PS36000000mmnTGAQ, Name=X00e1a000000MWaEAAW}
10:59:43.0 (10634093)|HEAP_ALLOCATE|[10]|Bytes:5
10:59:43.0 (10654443)|HEAP_ALLOCATE|[10]|Bytes:12
10:59:43.0 (10661616)|VARIABLE_SCOPE_BEGIN|[10]|PSetName|PermissionSet|true|false
10:59:43.0 (10675213)|VARIABLE_ASSIGNMENT|[10]|PSetName|{"s":1,"v":{"Id":"0PS36000000mmnUGAQ","Name":"X00e1a000000MWaFAAW"}}|0x79ec428d
10:59:43.0 (10678644)|STATEMENT_EXECUTE|[10]
10:59:43.0 (10680184)|STATEMENT_EXECUTE|[11]
10:59:43.0 (10696129)|ENTERING_MANAGED_PKG|
10:59:43.0 (10717240)|HEAP_ALLOCATE|[11]|Bytes:63
10:59:43.0 (10729559)|HEAP_ALLOCATE|[11]|Bytes:87
10:59:43.0 (10740213)|ENTERING_MANAGED_PKG|
10:59:43.0 (10750978)|USER_DEBUG|[11]|ERROR|The PermissionSet Name: PermissionSet:{Id=0PS36000000mmnUGAQ, Name=X00e1a000000MWaFAAW}
10:59:43.0 (10765199)|HEAP_ALLOCATE|[10]|Bytes:5
10:59:43.0 (10785653)|HEAP_ALLOCATE|[10]|Bytes:12
10:59:43.0 (10792960)|VARIABLE_SCOPE_BEGIN|[10]|PSetName|PermissionSet|true|false
10:59:43.0 (10806588)|VARIABLE_ASSIGNMENT|[10]|PSetName|{"s":1,"v":{"Id":"0PS36000000mmnVGAQ","Name":"X00e1a000000MWaGAAW"}}|0x74876e7e
10:59:43.0 (10809967)|STATEMENT_EXECUTE|[10]
10:59:43.0 (10811222)|STATEMENT_EXECUTE|[11]
10:59:43.0 (10826948)|ENTERING_MANAGED_PKG|
10:59:43.0 (10848301)|HEAP_ALLOCATE|[11]|Bytes:63
10:59:43.0 (10860496)|HEAP_ALLOCATE|[11]|Bytes:87
10:59:43.0 (10871080)|ENTERING_MANAGED_PKG|
10:59:43.0 (10882053)|USER_DEBUG|[11]|ERROR|The PermissionSet Name: PermissionSet:{Id=0PS36000000mmnVGAQ, Name=X00e1a000000MWaGAAW}
10:59:43.0 (10896484)|HEAP_ALLOCATE|[10]|Bytes:5
10:59:43.0 (10916888)|HEAP_ALLOCATE|[10]|Bytes:12
10:59:43.0 (10924242)|VARIABLE_SCOPE_BEGIN|[10]|PSetName|PermissionSet|true|false
10:59:43.0 (10937970)|VARIABLE_ASSIGNMENT|[10]|PSetName|{"s":1,"v":{"Id":"0PS36000000mmnWGAQ","Name":"X00e1a000000MWaHAAW"}}|0x2a0720d6
10:59:43.0 (10941348)|STATEMENT_EXECUTE|[10]
10:59:43.0 (10942599)|STATEMENT_EXECUTE|[11]
10:59:43.0 (10958311)|ENTERING_MANAGED_PKG|
10:59:43.0 (10979447)|HEAP_ALLOCATE|[11]|Bytes:63
10:59:43.0 (10991820)|HEAP_ALLOCATE|[11]|Bytes:87
10:59:43.0 (11002292)|ENTERING_MANAGED_PKG|
10:59:43.0 (11013941)|USER_DEBUG|[11]|ERROR|The PermissionSet Name: PermissionSet:{Id=0PS36000000mmnWGAQ, Name=X00e1a000000MWaHAAW}
10:59:43.0 (11028302)|HEAP_ALLOCATE|[10]|Bytes:5
10:59:43.0 (11048663)|HEAP_ALLOCATE|[10]|Bytes:12
10:59:43.0 (11056009)|VARIABLE_SCOPE_BEGIN|[10]|PSetName|PermissionSet|true|false
10:59:43.0 (11069770)|VARIABLE_ASSIGNMENT|[10]|PSetName|{"s":1,"v":{"Id":"0PS36000000mmnXGAQ","Name":"X00e1a000000MWaIAAW"}}|0x3d8dd9d4
10:59:43.0 (11073332)|STATEMENT_EXECUTE|[10]
10:59:43.0 (11074729)|STATEMENT_EXECUTE|[11]
10:59:43.0 (11090379)|ENTERING_MANAGED_PKG|
10:59:43.0 (11111499)|HEAP_ALLOCATE|[11]|Bytes:63
10:59:43.0 (11123657)|HEAP_ALLOCATE|[11]|Bytes:87
10:59:43.0 (11134206)|ENTERING_MANAGED_PKG|
10:59:43.0 (11144964)|USER_DEBUG|[11]|ERROR|The PermissionSet Name: PermissionSet:{Id=0PS36000000mmnXGAQ, Name=X00e1a000000MWaIAAW}
10:59:43.0 (11159046)|HEAP_ALLOCATE|[10]|Bytes:5
10:59:43.0 (11179328)|HEAP_ALLOCATE|[10]|Bytes:12
10:59:43.0 (11186745)|VARIABLE_SCOPE_BEGIN|[10]|PSetName|PermissionSet|true|false
10:59:43.0 (11200413)|VARIABLE_ASSIGNMENT|[10]|PSetName|{"s":1,"v":{"Id":"0PS36000000mmnYGAQ","Name":"X00e1a000000MWaJAAW"}}|0x26ee1cc2
10:59:43.0 (11203880)|STATEMENT_EXECUTE|[10]
10:59:43.0 (11205179)|STATEMENT_EXECUTE|[11]
10:59:43.0 (11220831)|ENTERING_MANAGED_PKG|
10:59:43.0 (11242108)|HEAP_ALLOCATE|[11]|Bytes:63
10:59:43.0 (11254897)|HEAP_ALLOCATE|[11]|Bytes:87
10:59:43.0 (11265670)|ENTERING_MANAGED_PKG|
10:59:43.0 (11276532)|USER_DEBUG|[11]|ERROR|The PermissionSet Name: PermissionSet:{Id=0PS36000000mmnYGAQ, Name=X00e1a000000MWaJAAW}
10:59:43.0 (11290695)|HEAP_ALLOCATE|[10]|Bytes:5
10:59:43.0 (11310791)|HEAP_ALLOCATE|[10]|Bytes:12
10:59:43.0 (11318198)|VARIABLE_SCOPE_BEGIN|[10]|PSetName|PermissionSet|true|false
10:59:43.0 (11331792)|VARIABLE_ASSIGNMENT|[10]|PSetName|{"s":1,"v":{"Id":"0PS36000000mmnZGAQ","Name":"X00e1a000000MWaKAAW"}}|0x695572ff
10:59:43.0 (11335054)|STATEMENT_EXECUTE|[10]
10:59:43.0 (11336268)|STATEMENT_EXECUTE|[11]
10:59:43.0 (11351829)|ENTERING_MANAGED_PKG|
10:59:43.0 (11376759)|HEAP_ALLOCATE|[11]|Bytes:63
10:59:43.0 (11389636)|HEAP_ALLOCATE|[11]|Bytes:87
10:59:43.0 (11400480)|ENTERING_MANAGED_PKG|
10:59:43.0 (11411252)|USER_DEBUG|[11]|ERROR|The PermissionSet Name: PermissionSet:{Id=0PS36000000mmnZGAQ, Name=X00e1a000000MWaKAAW}
10:59:43.0 (11425261)|HEAP_ALLOCATE|[10]|Bytes:5
10:59:43.0 (11445767)|HEAP_ALLOCATE|[10]|Bytes:12
10:59:43.0 (11453509)|VARIABLE_SCOPE_BEGIN|[10]|PSetName|PermissionSet|true|false
10:59:43.0 (11467179)|VARIABLE_ASSIGNMENT|[10]|PSetName|{"s":1,"v":{"Id":"0PS36000000mmnaGAA","Name":"X00e1a000000MWaLAAW"}}|0x7ac7ee93
10:59:43.0 (11470628)|STATEMENT_EXECUTE|[10]
10:59:43.0 (11471881)|STATEMENT_EXECUTE|[11]
10:59:43.0 (11487356)|ENTERING_MANAGED_PKG|
10:59:43.0 (11508426)|HEAP_ALLOCATE|[11]|Bytes:63
10:59:43.0 (11520643)|HEAP_ALLOCATE|[11]|Bytes:87
10:59:43.0 (11531205)|ENTERING_MANAGED_PKG|
10:59:43.0 (11542026)|USER_DEBUG|[11]|ERROR|The PermissionSet Name: PermissionSet:{Id=0PS36000000mmnaGAA, Name=X00e1a000000MWaLAAW}
10:59:43.0 (11555997)|HEAP_ALLOCATE|[10]|Bytes:5
10:59:43.0 (11576433)|HEAP_ALLOCATE|[10]|Bytes:12
10:59:43.0 (11583803)|VARIABLE_SCOPE_BEGIN|[10]|PSetName|PermissionSet|true|false
10:59:43.0 (11597448)|VARIABLE_ASSIGNMENT|[10]|PSetName|{"s":1,"v":{"Id":"0PS36000000mmnbGAA","Name":"X00e1a000000MWaMAAW"}}|0x2957cb66
10:59:43.0 (11600847)|STATEMENT_EXECUTE|[10]
10:59:43.0 (11602315)|STATEMENT_EXECUTE|[11]
10:59:43.0 (11618223)|ENTERING_MANAGED_PKG|
10:59:43.0 (11639408)|HEAP_ALLOCATE|[11]|Bytes:63
10:59:43.0 (11651561)|HEAP_ALLOCATE|[11]|Bytes:87
10:59:43.0 (11662126)|ENTERING_MANAGED_PKG|
10:59:43.0 (11672877)|USER_DEBUG|[11]|ERROR|The PermissionSet Name: PermissionSet:{Id=0PS36000000mmnbGAA, Name=X00e1a000000MWaMAAW}
10:59:43.0 (11686866)|HEAP_ALLOCATE|[10]|Bytes:5
10:59:43.0 (11707289)|HEAP_ALLOCATE|[10]|Bytes:12
10:59:43.0 (11714684)|VARIABLE_SCOPE_BEGIN|[10]|PSetName|PermissionSet|true|false
10:59:43.0 (11728194)|VARIABLE_ASSIGNMENT|[10]|PSetName|{"s":1,"v":{"Id":"0PS36000000mmncGAA","Name":"X00e1a000000MWaNAAW"}}|0x7f09ca82
10:59:43.0 (11731482)|STATEMENT_EXECUTE|[10]
10:59:43.0 (11732722)|STATEMENT_EXECUTE|[11]
10:59:43.0 (11748124)|ENTERING_MANAGED_PKG|
10:59:43.0 (11769025)|HEAP_ALLOCATE|[11]|Bytes:63
10:59:43.0 (11781370)|HEAP_ALLOCATE|[11]|Bytes:87
10:59:43.0 (11791947)|ENTERING_MANAGED_PKG|
10:59:43.0 (11802917)|USER_DEBUG|[11]|ERROR|The PermissionSet Name: PermissionSet:{Id=0PS36000000mmncGAA, Name=X00e1a000000MWaNAAW}
10:59:43.0 (11817578)|HEAP_ALLOCATE|[10]|Bytes:5
10:59:43.0 (11837791)|HEAP_ALLOCATE|[10]|Bytes:12
10:59:43.0 (11845135)|VARIABLE_SCOPE_BEGIN|[10]|PSetName|PermissionSet|true|false
10:59:43.0 (11858713)|VARIABLE_ASSIGNMENT|[10]|PSetName|{"s":1,"v":{"Id":"0PS36000000mmndGAA","Name":"X00e1a000000MWaOAAW"}}|0x3d098d16
10:59:43.0 (11862096)|STATEMENT_EXECUTE|[10]
10:59:43.0 (11863319)|STATEMENT_EXECUTE|[11]
10:59:43.0 (11878917)|ENTERING_MANAGED_PKG|
10:59:43.0 (11900017)|HEAP_ALLOCATE|[11]|Bytes:63
10:59:43.0 (11912338)|HEAP_ALLOCATE|[11]|Bytes:87
10:59:43.0 (11922835)|ENTERING_MANAGED_PKG|
10:59:43.0 (11933755)|USER_DEBUG|[11]|ERROR|The PermissionSet Name: PermissionSet:{Id=0PS36000000mmndGAA, Name=X00e1a000000MWaOAAW}
10:59:43.0 (11947657)|HEAP_ALLOCATE|[10]|Bytes:5
10:59:43.0 (11968047)|HEAP_ALLOCATE|[10]|Bytes:12
10:59:43.0 (11975431)|VARIABLE_SCOPE_BEGIN|[10]|PSetName|PermissionSet|true|false
10:59:43.0 (11989318)|VARIABLE_ASSIGNMENT|[10]|PSetName|{"s":1,"v":{"Id":"0PS36000000mmneGAA","Name":"X00e1a000000MWaPAAW"}}|0x787f5f52
10:59:43.0 (11993012)|STATEMENT_EXECUTE|[10]
10:59:43.0 (11994274)|STATEMENT_EXECUTE|[11]
10:59:43.0 (12009832)|ENTERING_MANAGED_PKG|
10:59:43.0 (12031871)|HEAP_ALLOCATE|[11]|Bytes:63
10:59:43.0 (12044220)|HEAP_ALLOCATE|[11]|Bytes:87
10:59:43.0 (12054809)|ENTERING_MANAGED_PKG|
10:59:43.0 (12065742)|USER_DEBUG|[11]|ERROR|The PermissionSet Name: PermissionSet:{Id=0PS36000000mmneGAA, Name=X00e1a000000MWaPAAW}
10:59:43.0 (12079700)|HEAP_ALLOCATE|[10]|Bytes:5
10:59:43.0 (12099887)|HEAP_ALLOCATE|[10]|Bytes:12
10:59:43.0 (12107559)|VARIABLE_SCOPE_BEGIN|[10]|PSetName|PermissionSet|true|false
10:59:43.0 (12121227)|VARIABLE_ASSIGNMENT|[10]|PSetName|{"s":1,"v":{"Id":"0PS36000000mmnfGAA","Name":"X00e1a000000MWaQAAW"}}|0x6fe4a7c0
10:59:43.0 (12124522)|STATEMENT_EXECUTE|[10]
10:59:43.0 (12125745)|STATEMENT_EXECUTE|[11]
10:59:43.0 (12141418)|ENTERING_MANAGED_PKG|
10:59:43.0 (12162587)|HEAP_ALLOCATE|[11]|Bytes:63
10:59:43.0 (12174894)|HEAP_ALLOCATE|[11]|Bytes:87
10:59:43.0 (12185880)|ENTERING_MANAGED_PKG|
10:59:43.0 (12196770)|USER_DEBUG|[11]|ERROR|The PermissionSet Name: PermissionSet:{Id=0PS36000000mmnfGAA, Name=X00e1a000000MWaQAAW}
10:59:43.0 (12211019)|HEAP_ALLOCATE|[10]|Bytes:5
10:59:43.0 (12231542)|HEAP_ALLOCATE|[10]|Bytes:12
10:59:43.0 (12238906)|VARIABLE_SCOPE_BEGIN|[10]|PSetName|PermissionSet|true|false
10:59:43.0 (12252423)|VARIABLE_ASSIGNMENT|[10]|PSetName|{"s":1,"v":{"Id":"0PS36000000mmngGAA","Name":"X00e1a000000MWaRAAW"}}|0x5e883d64
10:59:43.0 (12255687)|STATEMENT_EXECUTE|[10]
10:59:43.0 (12256924)|STATEMENT_EXECUTE|[11]
10:59:43.0 (12272439)|ENTERING_MANAGED_PKG|
10:59:43.0 (12293620)|HEAP_ALLOCATE|[11]|Bytes:63
10:59:43.0 (12305870)|HEAP_ALLOCATE|[11]|Bytes:87
10:59:43.0 (12316535)|ENTERING_MANAGED_PKG|
10:59:43.0 (12327452)|USER_DEBUG|[11]|ERROR|The PermissionSet Name: PermissionSet:{Id=0PS36000000mmngGAA, Name=X00e1a000000MWaRAAW}
10:59:43.0 (12341450)|HEAP_ALLOCATE|[10]|Bytes:5
10:59:43.0 (12361662)|HEAP_ALLOCATE|[10]|Bytes:12
10:59:43.0 (12372922)|VARIABLE_SCOPE_BEGIN|[10]|PSetName|PermissionSet|true|false
10:59:43.0 (12387233)|VARIABLE_ASSIGNMENT|[10]|PSetName|{"s":1,"v":{"Id":"0PS36000000mmnhGAA","Name":"X00e1a000000MWaSAAW"}}|0x2f187a9e
10:59:43.0 (12390714)|STATEMENT_EXECUTE|[10]
10:59:43.0 (12391912)|STATEMENT_EXECUTE|[11]
10:59:43.0 (12407976)|ENTERING_MANAGED_PKG|
10:59:43.0 (12429212)|HEAP_ALLOCATE|[11]|Bytes:63
10:59:43.0 (12441691)|HEAP_ALLOCATE|[11]|Bytes:87
10:59:43.0 (12452181)|ENTERING_MANAGED_PKG|
10:59:43.0 (12463052)|USER_DEBUG|[11]|ERROR|The PermissionSet Name: PermissionSet:{Id=0PS36000000mmnhGAA, Name=X00e1a000000MWaSAAW}
10:59:43.0 (12477075)|HEAP_ALLOCATE|[10]|Bytes:5
10:59:43.0 (12497266)|HEAP_ALLOCATE|[10]|Bytes:12
10:59:43.0 (12504716)|VARIABLE_SCOPE_BEGIN|[10]|PSetName|PermissionSet|true|false
10:59:43.0 (12518383)|VARIABLE_ASSIGNMENT|[10]|PSetName|{"s":1,"v":{"Id":"0PS36000000mmniGAA","Name":"X00e1a000000MWaTAAW"}}|0x2d1f35e0
10:59:43.0 (12521667)|STATEMENT_EXECUTE|[10]
10:59:43.0 (12522894)|STATEMENT_EXECUTE|[11]
10:59:43.0 (12538552)|ENTERING_MANAGED_PKG|
10:59:43.0 (12559851)|HEAP_ALLOCATE|[11]|Bytes:63
10:59:43.0 (12572094)|HEAP_ALLOCATE|[11]|Bytes:87
10:59:43.0 (12582704)|ENTERING_MANAGED_PKG|
10:59:43.0 (12593598)|USER_DEBUG|[11]|ERROR|The PermissionSet Name: PermissionSet:{Id=0PS36000000mmniGAA, Name=X00e1a000000MWaTAAW}
10:59:43.0 (12607813)|HEAP_ALLOCATE|[10]|Bytes:5
10:59:43.0 (12628018)|HEAP_ALLOCATE|[10]|Bytes:12
10:59:43.0 (12635417)|VARIABLE_SCOPE_BEGIN|[10]|PSetName|PermissionSet|true|false
10:59:43.0 (12649175)|VARIABLE_ASSIGNMENT|[10]|PSetName|{"s":1,"v":{"Id":"0PS36000000mmnjGAA","Name":"X00e1a000000MWaUAAW"}}|0x670f5d24
10:59:43.0 (12652759)|STATEMENT_EXECUTE|[10]
10:59:43.0 (12653979)|STATEMENT_EXECUTE|[11]
10:59:43.0 (12669554)|ENTERING_MANAGED_PKG|
10:59:43.0 (12690974)|HEAP_ALLOCATE|[11]|Bytes:63
10:59:43.0 (12703218)|HEAP_ALLOCATE|[11]|Bytes:87
10:59:43.0 (12713827)|ENTERING_MANAGED_PKG|
10:59:43.0 (12724706)|USER_DEBUG|[11]|ERROR|The PermissionSet Name: PermissionSet:{Id=0PS36000000mmnjGAA, Name=X00e1a000000MWaUAAW}
10:59:43.0 (12739144)|HEAP_ALLOCATE|[10]|Bytes:5
10:59:43.0 (12759599)|HEAP_ALLOCATE|[10]|Bytes:12
10:59:43.0 (12766815)|VARIABLE_SCOPE_BEGIN|[10]|PSetName|PermissionSet|true|false
10:59:43.0 (12780394)|VARIABLE_ASSIGNMENT|[10]|PSetName|{"s":1,"v":{"Id":"0PS36000000mmnlGAA","Name":"X00e1a000000N1LRAA0"}}|0x78f32fbc
10:59:43.0 (12783682)|STATEMENT_EXECUTE|[10]
10:59:43.0 (12784976)|STATEMENT_EXECUTE|[11]
10:59:43.0 (12800786)|ENTERING_MANAGED_PKG|
10:59:43.0 (12821777)|HEAP_ALLOCATE|[11]|Bytes:63
10:59:43.0 (12834008)|HEAP_ALLOCATE|[11]|Bytes:87
10:59:43.0 (12844619)|ENTERING_MANAGED_PKG|
10:59:43.0 (12855465)|USER_DEBUG|[11]|ERROR|The PermissionSet Name: PermissionSet:{Id=0PS36000000mmnlGAA, Name=X00e1a000000N1LRAA0}
10:59:43.0 (12869297)|HEAP_ALLOCATE|[10]|Bytes:5
10:59:43.0 (12889506)|HEAP_ALLOCATE|[10]|Bytes:12
10:59:43.0 (12896780)|VARIABLE_SCOPE_BEGIN|[10]|PSetName|PermissionSet|true|false
10:59:43.0 (12910299)|VARIABLE_ASSIGNMENT|[10]|PSetName|{"s":1,"v":{"Id":"0PS36000000mmnmGAA","Name":"X00e1a000000N1LSAA0"}}|0x14d376b6
10:59:43.0 (12913791)|STATEMENT_EXECUTE|[10]
10:59:43.0 (12915034)|STATEMENT_EXECUTE|[11]
10:59:43.0 (12930553)|ENTERING_MANAGED_PKG|
10:59:43.0 (12951784)|HEAP_ALLOCATE|[11]|Bytes:63
10:59:43.0 (12964075)|HEAP_ALLOCATE|[11]|Bytes:87
10:59:43.0 (12974566)|ENTERING_MANAGED_PKG|
10:59:43.0 (12985234)|USER_DEBUG|[11]|ERROR|The PermissionSet Name: PermissionSet:{Id=0PS36000000mmnmGAA, Name=X00e1a000000N1LSAA0}
10:59:43.0 (12999239)|HEAP_ALLOCATE|[10]|Bytes:5
10:59:43.0 (13019561)|HEAP_ALLOCATE|[10]|Bytes:12
10:59:43.0 (13027567)|VARIABLE_SCOPE_BEGIN|[10]|PSetName|PermissionSet|true|false
10:59:43.0 (13041350)|VARIABLE_ASSIGNMENT|[10]|PSetName|{"s":1,"v":{"Id":"0PS36000000mmnnGAA","Name":"X00e1a000000N1wKAAS"}}|0x4037f1f9
10:59:43.0 (13044598)|STATEMENT_EXECUTE|[10]
10:59:43.0 (13045828)|STATEMENT_EXECUTE|[11]
10:59:43.0 (13061278)|ENTERING_MANAGED_PKG|
10:59:43.0 (13082675)|HEAP_ALLOCATE|[11]|Bytes:63
10:59:43.0 (13094891)|HEAP_ALLOCATE|[11]|Bytes:87
10:59:43.0 (13105881)|ENTERING_MANAGED_PKG|
10:59:43.0 (13116640)|USER_DEBUG|[11]|ERROR|The PermissionSet Name: PermissionSet:{Id=0PS36000000mmnnGAA, Name=X00e1a000000N1wKAAS}
10:59:43.0 (13130798)|HEAP_ALLOCATE|[10]|Bytes:5
10:59:43.0 (13150895)|HEAP_ALLOCATE|[10]|Bytes:12
10:59:43.0 (13158249)|VARIABLE_SCOPE_BEGIN|[10]|PSetName|PermissionSet|true|false
10:59:43.0 (13171833)|VARIABLE_ASSIGNMENT|[10]|PSetName|{"s":1,"v":{"Id":"0PS36000000mmnoGAA","Name":"X00e1a000000N1wLAAS"}}|0x5dcc62a6
10:59:43.0 (13175157)|STATEMENT_EXECUTE|[10]
10:59:43.0 (13176376)|STATEMENT_EXECUTE|[11]
10:59:43.0 (13192066)|ENTERING_MANAGED_PKG|
10:59:43.0 (13213122)|HEAP_ALLOCATE|[11]|Bytes:63
10:59:43.0 (13225441)|HEAP_ALLOCATE|[11]|Bytes:87
10:59:43.0 (13235858)|ENTERING_MANAGED_PKG|
10:59:43.0 (13246843)|USER_DEBUG|[11]|ERROR|The PermissionSet Name: PermissionSet:{Id=0PS36000000mmnoGAA, Name=X00e1a000000N1wLAAS}
10:59:43.0 (13260852)|HEAP_ALLOCATE|[10]|Bytes:5
10:59:43.0 (13281256)|HEAP_ALLOCATE|[10]|Bytes:12
10:59:43.0 (13288631)|VARIABLE_SCOPE_BEGIN|[10]|PSetName|PermissionSet|true|false
10:59:43.0 (13302403)|VARIABLE_ASSIGNMENT|[10]|PSetName|{"s":1,"v":{"Id":"0PS36000000mmnqGAA","Name":"X00e1a000000MWaAAAW"}}|0x3c23286c
10:59:43.0 (13305741)|STATEMENT_EXECUTE|[10]
10:59:43.0 (13306967)|STATEMENT_EXECUTE|[11]
10:59:43.0 (13322633)|ENTERING_MANAGED_PKG|
10:59:43.0 (13343601)|HEAP_ALLOCATE|[11]|Bytes:63
10:59:43.0 (13355778)|HEAP_ALLOCATE|[11]|Bytes:87
10:59:43.0 (13366316)|ENTERING_MANAGED_PKG|
10:59:43.0 (13380757)|USER_DEBUG|[11]|ERROR|The PermissionSet Name: PermissionSet:{Id=0PS36000000mmnqGAA, Name=X00e1a000000MWaAAAW}
10:59:43.0 (13395527)|HEAP_ALLOCATE|[10]|Bytes:5
10:59:43.0 (13408966)|VARIABLE_ASSIGNMENT|[10]|PSetName|null|
10:59:43.0 (13412354)|STATEMENT_EXECUTE|[14]
10:59:43.0 (13426645)|SYSTEM_MODE_EXIT|false
10:59:43.13 (13469185)|CUMULATIVE_LIMIT_USAGE
10:59:43.13 (13469185)|LIMIT_USAGE_FOR_NS|(default)|
  Number of SOQL queries: 0 out of 100
  Number of query rows: 0 out of 50000
  Number of SOSL queries: 0 out of 20
  Number of DML statements: 0 out of 150
  Number of DML rows: 0 out of 10000
  Maximum CPU time: 0 out of 10000
  Maximum heap size: 0 out of 6000000
  Number of callouts: 0 out of 100
  Number of Email Invocations: 0 out of 10
  Number of future calls: 0 out of 50
  Number of queueable jobs added to the queue: 0 out of 50
  Number of Mobile Apex push calls: 0 out of 10

10:59:43.13 (13469185)|LIMIT_USAGE_FOR_NS|shiva15testns|
  Number of SOQL queries: 1 out of 100
  Number of query rows: 36 out of 50000
  Number of SOSL queries: 0 out of 20
  Number of DML statements: 0 out of 150
  Number of DML rows: 0 out of 10000
  Maximum CPU time: 0 out of 10000
  Maximum heap size: 0 out of 6000000
  Number of callouts: 0 out of 100
  Number of Email Invocations: 0 out of 10
  Number of future calls: 0 out of 50
  Number of queueable jobs added to the queue: 0 out of 50
  Number of Mobile Apex push calls: 0 out of 10

10:59:43.13 (13469185)|CUMULATIVE_LIMIT_USAGE_END

10:59:43.0 (13548941)|CODE_UNIT_FINISHED|PermissionSetPortalControllers.getAllPermissionSets
10:59:43.0 (15295797)|EXECUTION_FINISHED
