36.0 APEX_CODE,FINEST;APEX_PROFILING,INFO;CALLOUT,INFO;DB,INFO;SYSTEM,DEBUG;VALIDATION,INFO;VISUALFORCE,INFO;WORKFLOW,INFO
11:12:07.1 (1084305)|HEAP_ALLOCATE|[72]|Bytes:3
11:12:07.1 (1159587)|HEAP_ALLOCATE|[77]|Bytes:152
11:12:07.1 (1181162)|HEAP_ALLOCATE|[342]|Bytes:408
11:12:07.1 (1201813)|HEAP_ALLOCATE|[355]|Bytes:408
11:12:07.1 (1220799)|HEAP_ALLOCATE|[467]|Bytes:48
11:12:07.3 (3907340)|STATEMENT_EXECUTE|[1]
11:12:07.3 (3945116)|HEAP_ALLOCATE|[50]|Bytes:5
11:12:07.3 (3970798)|HEAP_ALLOCATE|[56]|Bytes:5
11:12:07.3 (3980837)|HEAP_ALLOCATE|[64]|Bytes:7
11:12:07.3 (4006671)|SYSTEM_MODE_ENTER|false
11:12:07.3 (4025192)|HEAP_ALLOCATE|[9]|Bytes:5
11:12:07.3 (4030216)|STATEMENT_EXECUTE|[9]
11:12:07.3 (4036769)|HEAP_ALLOCATE|[9]|Bytes:4
11:12:07.3 (4057776)|ENTERING_MANAGED_PKG|
11:12:07.3 (4165013)|VARIABLE_ASSIGNMENT|[9]|PermissionSetPortalControllers.contactsField|{"s":1,"v":[]}|0x42b1cc02
11:12:07.3 (4170822)|STATEMENT_EXECUTE|[10]
11:12:07.3 (4176417)|HEAP_ALLOCATE|[10]|Bytes:4
11:12:07.3 (4189579)|ENTERING_MANAGED_PKG|
11:12:07.3 (4227859)|VARIABLE_ASSIGNMENT|[10]|PermissionSetPortalControllers.accountField|{"s":1,"v":[]}|0x72d21552
11:12:07.3 (4232625)|STATEMENT_EXECUTE|[1010]
11:12:07.3 (4234355)|STATEMENT_EXECUTE|[1039]
11:12:07.3 (4235494)|STATEMENT_EXECUTE|[1067]
11:12:07.3 (4236645)|STATEMENT_EXECUTE|[1096]
11:12:07.3 (4237784)|STATEMENT_EXECUTE|[1112]
11:12:07.3 (4238909)|STATEMENT_EXECUTE|[1129]
11:12:07.3 (4240120)|STATEMENT_EXECUTE|[1140]
11:12:07.3 (4241224)|STATEMENT_EXECUTE|[1145]
11:12:07.3 (4247280)|SYSTEM_MODE_EXIT|false
11:12:07.3 (4255923)|METHOD_EXIT|[1]|PermissionSetPortalControllers
11:12:07.3 (4261916)|HEAP_ALLOCATE|[EXTERNAL]|Bytes:19
11:12:07.3 (4264364)|HEAP_ALLOCATE|[EXTERNAL]|Bytes:19
11:12:07.3 (4266014)|HEAP_ALLOCATE|[EXTERNAL]|Bytes:18
11:12:07.3 (4267404)|HEAP_ALLOCATE|[EXTERNAL]|Bytes:31
11:12:07.3 (4271541)|SYSTEM_MODE_ENTER|false
11:12:07.3 (4283786)|VARIABLE_SCOPE_BEGIN|[705]|pSet_label|String|false|false
11:12:07.3 (4292694)|VARIABLE_ASSIGNMENT|[705]|pSet_label|"Permission_Set_Name"
11:12:07.3 (4296491)|VARIABLE_SCOPE_BEGIN|[705]|pSet_name|String|false|false
11:12:07.3 (4304999)|VARIABLE_ASSIGNMENT|[705]|pSet_name|"Permission_Set_Name"
11:12:07.3 (4308639)|VARIABLE_SCOPE_BEGIN|[705]|pSet_UserLicenseId|String|false|false
11:12:07.3 (4312970)|VARIABLE_ASSIGNMENT|[705]|pSet_UserLicenseId|"10036000000eSpyAAE"
11:12:07.3 (4316119)|VARIABLE_SCOPE_BEGIN|[705]|pSet_Description|String|false|false
11:12:07.3 (4321918)|VARIABLE_ASSIGNMENT|[705]|pSet_Description|"Permission Set Descr (11 more) ..."
11:12:07.3 (4336415)|HEAP_ALLOCATE|[706]|Bytes:5
11:12:07.3 (4340619)|STATEMENT_EXECUTE|[705]
11:12:07.3 (4342031)|STATEMENT_EXECUTE|[706]
11:12:07.3 (4343170)|STATEMENT_EXECUTE|[706]
11:12:07.3 (4344310)|STATEMENT_EXECUTE|[707]
11:12:07.3 (4366214)|HEAP_ALLOCATE|[707]|Bytes:4
11:12:07.3 (4493464)|VARIABLE_SCOPE_BEGIN|[707]|pSetObj|PermissionSet|true|false
11:12:07.3 (4511102)|VARIABLE_ASSIGNMENT|[707]|pSetObj|{}|0x146fc586
11:12:07.3 (4514924)|STATEMENT_EXECUTE|[708]
11:12:07.3 (5622560)|VARIABLE_ASSIGNMENT|[708]|this.Label|"Permission_Set_Name"|0x146fc586
11:12:07.3 (5628156)|STATEMENT_EXECUTE|[709]
11:12:07.3 (5672318)|VARIABLE_ASSIGNMENT|[709]|this.Name|"Permission_Set_Name"|0x146fc586
11:12:07.3 (5676490)|STATEMENT_EXECUTE|[710]
11:12:07.3 (5692372)|HEAP_ALLOCATE|[710]|Bytes:4
11:12:07.3 (5759396)|VARIABLE_ASSIGNMENT|[710]|this.UserLicenseId|"10036000000eSpyAAE"|0x146fc586
11:12:07.3 (5764055)|STATEMENT_EXECUTE|[711]
11:12:07.3 (5806368)|VARIABLE_ASSIGNMENT|[711]|this.Description|"Permission Set Descr (11 more) ..."|0x146fc586
11:12:07.3 (5810262)|STATEMENT_EXECUTE|[712]
11:12:07.3 (5847181)|HEAP_ALLOCATE|[712]|Bytes:8
11:12:07.3 (5864326)|DML_BEGIN|[712]|Op:Insert|Type:PermissionSet|Rows:1
11:12:07.3 (5903244)|HEAP_ALLOCATE|[EXTERNAL]|Bytes:8
11:12:07.3 (333409811)|DML_END|[712]
11:12:07.3 (333445625)|STATEMENT_EXECUTE|[713]
11:12:07.3 (333462359)|HEAP_ALLOCATE|[713]|Bytes:5
11:12:07.3 (333476222)|HEAP_ALLOCATE|[713]|Bytes:5
11:12:07.3 (333490060)|SYSTEM_MODE_EXIT|false
11:12:07.345 (345735988)|CUMULATIVE_LIMIT_USAGE
11:12:07.345 (345735988)|LIMIT_USAGE_FOR_NS|(default)|
  Number of SOQL queries: 0 out of 100
  Number of query rows: 0 out of 50000
  Number of SOSL queries: 0 out of 20
  Number of DML statements: 0 out of 150
  Number of DML rows: 0 out of 10000
  Maximum CPU time: 0 out of 10000
  Maximum heap size: 0 out of 6000000
  Number of callouts: 0 out of 100
  Number of Email Invocations: 0 out of 10
  Number of future calls: 0 out of 50
  Number of queueable jobs added to the queue: 0 out of 50
  Number of Mobile Apex push calls: 0 out of 10

11:12:07.345 (345735988)|LIMIT_USAGE_FOR_NS|shiva15testns|
  Number of SOQL queries: 0 out of 100
  Number of query rows: 0 out of 50000
  Number of SOSL queries: 0 out of 20
  Number of DML statements: 1 out of 150
  Number of DML rows: 1 out of 10000
  Maximum CPU time: 0 out of 10000
  Maximum heap size: 0 out of 6000000
  Number of callouts: 0 out of 100
  Number of Email Invocations: 0 out of 10
  Number of future calls: 0 out of 50
  Number of queueable jobs added to the queue: 0 out of 50
  Number of Mobile Apex push calls: 0 out of 10

11:12:07.345 (345735988)|CUMULATIVE_LIMIT_USAGE_END

11:12:07.3 (345791653)|CODE_UNIT_FINISHED|PermissionSetPortalControllers.createNewPermissionSet
