36.0 APEX_CODE,FINEST;APEX_PROFILING,INFO;CALLOUT,INFO;DB,INFO;SYSTEM,DEBUG;VALIDATION,INFO;VISUALFORCE,INFO;WORKFLOW,INFO
15:10:27.0 (322884)|EXECUTION_STARTED
15:10:27.0 (353686)|CODE_UNIT_STARTED|[EXTERNAL]|01p36000005Jpvx|PermissionSetPortalControllers.getAllPermissionSets
15:10:27.0 (1097050)|VARIABLE_SCOPE_BEGIN|[3]|PermissionSetPortalControllers.AllPermissionSets|List<PermissionSet>|true|true
15:10:27.0 (1127475)|VARIABLE_SCOPE_BEGIN|[10]|PermissionSetPortalControllers.accountField|Set<String>|true|true
15:10:27.0 (1136815)|VARIABLE_SCOPE_BEGIN|[5]|PermissionSetPortalControllers.allObjectsOfOrg|List<shiva15testns.PermissionSetPortalControllers.ObjectDetailsClass>|true|true
15:10:27.0 (1143158)|VARIABLE_SCOPE_BEGIN|[9]|PermissionSetPortalControllers.contactsField|Set<String>|true|true
15:10:27.0 (1147540)|VARIABLE_SCOPE_BEGIN|[7]|PermissionSetPortalControllers.isNotSystemSObjectList|Set<String>|true|true
15:10:27.0 (1256810)|HEAP_ALLOCATE|[72]|Bytes:3
15:10:27.0 (1293597)|HEAP_ALLOCATE|[77]|Bytes:152
15:10:27.0 (1310224)|HEAP_ALLOCATE|[342]|Bytes:408
15:10:27.0 (1330783)|HEAP_ALLOCATE|[355]|Bytes:408
15:10:27.0 (1362525)|HEAP_ALLOCATE|[467]|Bytes:48
15:10:27.0 (1408155)|HEAP_ALLOCATE|[139]|Bytes:6
15:10:27.0 (1438770)|HEAP_ALLOCATE|[EXTERNAL]|Bytes:168
15:10:27.0 (1445372)|HEAP_ALLOCATE|[EXTERNAL]|Bytes:90
15:10:27.0 (1449013)|HEAP_ALLOCATE|[EXTERNAL]|Bytes:398
15:10:27.0 (1467183)|METHOD_ENTRY|[1]|01p36000005Jpvx|PermissionSetPortalControllers.PermissionSetPortalControllers()
15:10:27.0 (1485175)|STATEMENT_EXECUTE|[1]
15:10:27.0 (1493308)|STATEMENT_EXECUTE|[1]
15:10:27.0 (1552672)|HEAP_ALLOCATE|[50]|Bytes:5
15:10:27.0 (1574114)|HEAP_ALLOCATE|[56]|Bytes:5
15:10:27.0 (1584203)|HEAP_ALLOCATE|[64]|Bytes:7
15:10:27.0 (1622050)|SYSTEM_MODE_ENTER|false
15:10:27.0 (1637634)|HEAP_ALLOCATE|[9]|Bytes:5
15:10:27.0 (1642156)|STATEMENT_EXECUTE|[9]
15:10:27.0 (1649857)|HEAP_ALLOCATE|[9]|Bytes:4
15:10:27.0 (1692407)|ENTERING_MANAGED_PKG|
15:10:27.0 (1804497)|VARIABLE_ASSIGNMENT|[9]|PermissionSetPortalControllers.contactsField|{"s":1,"v":[]}|0xc9ab4c7
15:10:27.0 (1812667)|STATEMENT_EXECUTE|[10]
15:10:27.0 (1820277)|HEAP_ALLOCATE|[10]|Bytes:4
15:10:27.0 (1836256)|ENTERING_MANAGED_PKG|
15:10:27.0 (1876223)|VARIABLE_ASSIGNMENT|[10]|PermissionSetPortalControllers.accountField|{"s":1,"v":[]}|0xebc9bf2
15:10:27.0 (1880743)|STATEMENT_EXECUTE|[1088]
15:10:27.0 (1882543)|STATEMENT_EXECUTE|[1117]
15:10:27.0 (1883805)|STATEMENT_EXECUTE|[1145]
15:10:27.0 (1885238)|STATEMENT_EXECUTE|[1174]
15:10:27.0 (1886455)|STATEMENT_EXECUTE|[1190]
15:10:27.0 (1887673)|STATEMENT_EXECUTE|[1207]
15:10:27.0 (1888751)|STATEMENT_EXECUTE|[1218]
15:10:27.0 (1889876)|STATEMENT_EXECUTE|[1223]
15:10:27.0 (1895544)|SYSTEM_MODE_EXIT|false
15:10:27.0 (1907429)|METHOD_EXIT|[1]|PermissionSetPortalControllers
15:10:27.0 (1915495)|SYSTEM_MODE_ENTER|false
15:10:27.0 (1933254)|HEAP_ALLOCATE|[157]|Bytes:5
15:10:27.0 (1939943)|STATEMENT_EXECUTE|[156]
15:10:27.0 (1942037)|STATEMENT_EXECUTE|[157]
15:10:27.0 (1943115)|STATEMENT_EXECUTE|[157]
15:10:27.0 (1944180)|STATEMENT_EXECUTE|[158]
15:10:27.0 (1949215)|HEAP_ALLOCATE|[158]|Bytes:99
15:10:27.0 (1958508)|HEAP_ALLOCATE|[158]|Bytes:4
15:10:27.0 (3217723)|SOQL_EXECUTE_BEGIN|[158]|Aggregations:0|SELECT Id, label, Name, Description, NamespacePrefix, UserLicenseId, CreatedDate FROM PermissionSet
15:10:27.0 (6751798)|SOQL_EXECUTE_END|[158]|Rows:39
15:10:27.0 (6768301)|HEAP_ALLOCATE|[158]|Bytes:160
15:10:27.0 (6856024)|HEAP_ALLOCATE|[158]|Bytes:6803
15:10:27.0 (6894306)|HEAP_ALLOCATE|[158]|Bytes:160
15:10:27.0 (6934889)|VARIABLE_ASSIGNMENT|[158]|PermissionSetPortalControllers.AllPermissionSets|{"s":1,"v":"List of size 39 too large to display"}|0x7e6bd294
15:10:27.0 (7011454)|ENTERING_MANAGED_PKG|
15:10:27.0 (7042901)|STATEMENT_EXECUTE|[159]
15:10:27.0 (7045603)|STATEMENT_EXECUTE|[160]
15:10:27.0 (7051115)|HEAP_ALLOCATE|[160]|Bytes:34
15:10:27.0 (7075814)|ENTERING_MANAGED_PKG|
15:10:27.0 (7104880)|USER_DEBUG|[160]|DEBUG|inside AllPermissionSets not empty
15:10:27.0 (7113617)|STATEMENT_EXECUTE|[161]
15:10:27.0 (7267044)|VARIABLE_SCOPE_BEGIN|[161]|pSetObj|shiva15testns.PermissionSetPortalControllers.PermissionSetClass|true|false
15:10:27.0 (7283399)|VARIABLE_ASSIGNMENT|[161]|pSetObj|null|
15:10:27.0 (7286692)|STATEMENT_EXECUTE|[162]
15:10:27.0 (7293208)|HEAP_ALLOCATE|[162]|Bytes:4
15:10:27.0 (7360301)|ENTERING_MANAGED_PKG|
15:10:27.0 (7387019)|VARIABLE_SCOPE_BEGIN|[162]|permissionSetsLst|List<shiva15testns.PermissionSetPortalControllers.PermissionSetClass>|true|false
15:10:27.0 (7411854)|HEAP_ALLOCATE|[EXTERNAL]|Bytes:4
15:10:27.0 (7425298)|VARIABLE_ASSIGNMENT|[162]|permissionSetsLst|{"s":1,"v":[]}|0x184809e6
15:10:27.0 (7442869)|ENTERING_MANAGED_PKG|
15:10:27.0 (7580957)|HEAP_ALLOCATE|[163]|Bytes:5
15:10:27.0 (7642174)|HEAP_ALLOCATE|[163]|Bytes:28
15:10:27.0 (7661404)|VARIABLE_SCOPE_BEGIN|[163]|PSetName|PermissionSet|true|false
15:10:27.0 (7724382)|VARIABLE_ASSIGNMENT|[163]|PSetName|{"s":1,"v":{"Id":"0PS36000000mmnFGAQ","Label":"00e1a000000MWa8AAG","Name":"X00e1a000000MWa8AAG","NamespacePrefix":"shiva15testns","UserLicenseId":"10036000000eSpzAAE","CreatedDate":"2016-03-08T19:00:02.000Z"}}|0x162c08b9
15:10:27.0 (7729895)|STATEMENT_EXECUTE|[163]
15:10:27.0 (7759446)|HEAP_ALLOCATE|[164]|Bytes:3
15:10:27.0 (7792197)|ENTERING_MANAGED_PKG|
15:10:27.0 (7830619)|STATEMENT_EXECUTE|[164]
15:10:27.0 (7844405)|HEAP_ALLOCATE|[163]|Bytes:5
15:10:27.0 (7868263)|HEAP_ALLOCATE|[163]|Bytes:28
15:10:27.0 (7877101)|VARIABLE_SCOPE_BEGIN|[163]|PSetName|PermissionSet|true|false
15:10:27.0 (7904166)|VARIABLE_ASSIGNMENT|[163]|PSetName|{"s":1,"v":{"Id":"0PS36000000mmnGGAQ","Label":"00ex00000018ozl_128_ (10 more) ...","Name":"X00ex00000018ozl_128 (11 more) ...","NamespacePrefix":"shiva15testns","UserLicenseId":"10036000000eSpyAAE","CreatedDate":"2016-03-08T19:00:02.000Z"}}|0x4f995d7
15:10:27.0 (7910171)|STATEMENT_EXECUTE|[163]
15:10:27.0 (7932677)|ENTERING_MANAGED_PKG|
15:10:27.0 (7942925)|STATEMENT_EXECUTE|[164]
15:10:27.0 (7954614)|HEAP_ALLOCATE|[163]|Bytes:5
15:10:27.0 (7975665)|HEAP_ALLOCATE|[163]|Bytes:28
15:10:27.0 (7983730)|VARIABLE_SCOPE_BEGIN|[163]|PSetName|PermissionSet|true|false
15:10:27.0 (8006890)|VARIABLE_ASSIGNMENT|[163]|PSetName|{"s":1,"v":{"Id":"0PS36000000mmnHGAQ","Label":"00ex00000018ozm_128_ (10 more) ...","Name":"X00ex00000018ozm_128 (11 more) ...","NamespacePrefix":"shiva15testns","UserLicenseId":"10036000000eSpyAAE","CreatedDate":"2016-03-08T19:00:02.000Z"}}|0x702882c8
15:10:27.0 (8012815)|STATEMENT_EXECUTE|[163]
15:10:27.0 (8033842)|ENTERING_MANAGED_PKG|
15:10:27.0 (8043653)|STATEMENT_EXECUTE|[164]
15:10:27.0 (8054948)|HEAP_ALLOCATE|[163]|Bytes:5
15:10:27.0 (8075637)|HEAP_ALLOCATE|[163]|Bytes:28
15:10:27.0 (8083535)|VARIABLE_SCOPE_BEGIN|[163]|PSetName|PermissionSet|true|false
15:10:27.0 (8105455)|VARIABLE_ASSIGNMENT|[163]|PSetName|{"s":1,"v":{"Id":"0PS36000000mmnIGAQ","Label":"00ex00000018ozk_128_ (10 more) ...","Name":"X00ex00000018ozk_128 (11 more) ...","NamespacePrefix":"shiva15testns","UserLicenseId":"10036000000eSpyAAE","CreatedDate":"2016-03-08T19:00:02.000Z"}}|0x5df419ca
15:10:27.0 (8110748)|STATEMENT_EXECUTE|[163]
15:10:27.0 (8131495)|ENTERING_MANAGED_PKG|
15:10:27.0 (8141043)|STATEMENT_EXECUTE|[164]
15:10:27.0 (8152412)|HEAP_ALLOCATE|[163]|Bytes:5
15:10:27.0 (8172518)|HEAP_ALLOCATE|[163]|Bytes:28
15:10:27.0 (8180454)|VARIABLE_SCOPE_BEGIN|[163]|PSetName|PermissionSet|true|false
15:10:27.0 (8202601)|VARIABLE_ASSIGNMENT|[163]|PSetName|{"s":1,"v":{"Id":"0PS36000000mmnJGAQ","Label":"00ex00000018ozj_128_ (10 more) ...","Name":"X00ex00000018ozj_128 (11 more) ...","NamespacePrefix":"shiva15testns","UserLicenseId":"10036000000eSpyAAE","CreatedDate":"2016-03-08T19:00:02.000Z"}}|0x2b6bbb0d
15:10:27.0 (8207297)|STATEMENT_EXECUTE|[163]
15:10:27.0 (8228045)|ENTERING_MANAGED_PKG|
15:10:27.0 (8237503)|STATEMENT_EXECUTE|[164]
15:10:27.0 (8249390)|HEAP_ALLOCATE|[163]|Bytes:5
15:10:27.0 (8269417)|HEAP_ALLOCATE|[163]|Bytes:28
15:10:27.0 (8277195)|VARIABLE_SCOPE_BEGIN|[163]|PSetName|PermissionSet|true|false
15:10:27.0 (8299105)|VARIABLE_ASSIGNMENT|[163]|PSetName|{"s":1,"v":{"Id":"0PS36000000mmnKGAQ","Label":"00ex00000018ozo_128_ (10 more) ...","Name":"X00ex00000018ozo_128 (11 more) ...","NamespacePrefix":"shiva15testns","UserLicenseId":"10036000000eSpyAAE","CreatedDate":"2016-03-08T19:00:02.000Z"}}|0x63f4d49a
15:10:27.0 (8304033)|STATEMENT_EXECUTE|[163]
15:10:27.0 (8324603)|ENTERING_MANAGED_PKG|
15:10:27.0 (8334181)|STATEMENT_EXECUTE|[164]
15:10:27.0 (8345258)|HEAP_ALLOCATE|[163]|Bytes:5
15:10:27.0 (8364947)|HEAP_ALLOCATE|[163]|Bytes:28
15:10:27.0 (8372743)|VARIABLE_SCOPE_BEGIN|[163]|PSetName|PermissionSet|true|false
15:10:27.0 (8394243)|VARIABLE_ASSIGNMENT|[163]|PSetName|{"s":1,"v":{"Id":"0PS36000000mmnLGAQ","Label":"00ex00000018ozh_128_ (10 more) ...","Name":"X00ex00000018ozh_128 (11 more) ...","NamespacePrefix":"shiva15testns","UserLicenseId":"10036000000eSpyAAE","CreatedDate":"2016-03-08T19:00:02.000Z"}}|0x577e24ee
15:10:27.0 (8399443)|STATEMENT_EXECUTE|[163]
15:10:27.0 (8419932)|ENTERING_MANAGED_PKG|
15:10:27.0 (8429345)|STATEMENT_EXECUTE|[164]
15:10:27.0 (8440523)|HEAP_ALLOCATE|[163]|Bytes:5
15:10:27.0 (8460257)|HEAP_ALLOCATE|[163]|Bytes:28
15:10:27.0 (8468013)|VARIABLE_SCOPE_BEGIN|[163]|PSetName|PermissionSet|true|false
15:10:27.0 (8489696)|VARIABLE_ASSIGNMENT|[163]|PSetName|{"s":1,"v":{"Id":"0PS36000000mmnMGAQ","Label":"00ex00000018ozq_128_ (11 more) ...","Name":"X00ex00000018ozq_128 (12 more) ...","NamespacePrefix":"shiva15testns","UserLicenseId":"10036000000eSpyAAE","CreatedDate":"2016-03-08T19:00:02.000Z"}}|0x2ab94d82
15:10:27.0 (8494581)|STATEMENT_EXECUTE|[163]
15:10:27.0 (8514824)|ENTERING_MANAGED_PKG|
15:10:27.0 (8524218)|STATEMENT_EXECUTE|[164]
15:10:27.0 (8535366)|HEAP_ALLOCATE|[163]|Bytes:5
15:10:27.0 (8555023)|HEAP_ALLOCATE|[163]|Bytes:28
15:10:27.0 (8562787)|VARIABLE_SCOPE_BEGIN|[163]|PSetName|PermissionSet|true|false
15:10:27.0 (8584585)|VARIABLE_ASSIGNMENT|[163]|PSetName|{"s":1,"v":{"Id":"0PS36000000mmnNGAQ","Label":"00ex00000018ozp_128_ (10 more) ...","Name":"X00ex00000018ozp_128 (11 more) ...","NamespacePrefix":"shiva15testns","UserLicenseId":"10036000000eSpyAAE","CreatedDate":"2016-03-08T19:00:02.000Z"}}|0x5cfc280b
15:10:27.0 (8589414)|STATEMENT_EXECUTE|[163]
15:10:27.0 (8612308)|ENTERING_MANAGED_PKG|
15:10:27.0 (8623895)|STATEMENT_EXECUTE|[164]
15:10:27.0 (8635507)|HEAP_ALLOCATE|[163]|Bytes:5
15:10:27.0 (8655661)|HEAP_ALLOCATE|[163]|Bytes:28
15:10:27.0 (8663551)|VARIABLE_SCOPE_BEGIN|[163]|PSetName|PermissionSet|true|false
15:10:27.0 (8685032)|VARIABLE_ASSIGNMENT|[163]|PSetName|{"s":1,"v":{"Id":"0PS36000000mmnOGAQ","Label":"00ex00000018ozn_128_ (10 more) ...","Name":"X00ex00000018ozn_128 (11 more) ...","NamespacePrefix":"shiva15testns","UserLicenseId":"10036000000eSpyAAE","CreatedDate":"2016-03-08T19:00:02.000Z"}}|0x1969670a
15:10:27.0 (8689838)|STATEMENT_EXECUTE|[163]
15:10:27.0 (8710292)|ENTERING_MANAGED_PKG|
15:10:27.0 (8719586)|STATEMENT_EXECUTE|[164]
15:10:27.0 (8731149)|HEAP_ALLOCATE|[163]|Bytes:5
15:10:27.0 (8750982)|HEAP_ALLOCATE|[163]|Bytes:28
15:10:27.0 (8758661)|VARIABLE_SCOPE_BEGIN|[163]|PSetName|PermissionSet|true|false
15:10:27.0 (8779663)|VARIABLE_ASSIGNMENT|[163]|PSetName|{"s":1,"v":{"Id":"0PS36000000mmnPGAQ","Label":"00e1a000000MWa9AAG","Name":"X00e1a000000MWa9AAG","NamespacePrefix":"shiva15testns","UserLicenseId":"10036000000eSq0AAE","CreatedDate":"2016-03-08T19:00:02.000Z"}}|0x3f16699d
15:10:27.0 (8784080)|STATEMENT_EXECUTE|[163]
15:10:27.0 (8804122)|ENTERING_MANAGED_PKG|
15:10:27.0 (8818841)|STATEMENT_EXECUTE|[164]
15:10:27.0 (8830433)|HEAP_ALLOCATE|[163]|Bytes:5
15:10:27.0 (8850601)|HEAP_ALLOCATE|[163]|Bytes:28
15:10:27.0 (8858337)|VARIABLE_SCOPE_BEGIN|[163]|PSetName|PermissionSet|true|false
15:10:27.0 (8879577)|VARIABLE_ASSIGNMENT|[163]|PSetName|{"s":1,"v":{"Id":"0PS36000000mmnQGAQ","Label":"00e1a000000MWaBAAW","Name":"X00e1a000000MWaBAAW","NamespacePrefix":"shiva15testns","UserLicenseId":"10036000000eSq2AAE","CreatedDate":"2016-03-08T19:00:02.000Z"}}|0x5f23e6a0
15:10:27.0 (8883922)|STATEMENT_EXECUTE|[163]
15:10:27.0 (8906226)|ENTERING_MANAGED_PKG|
15:10:27.0 (8923898)|STATEMENT_EXECUTE|[164]
15:10:27.0 (8943907)|HEAP_ALLOCATE|[163]|Bytes:5
15:10:27.0 (8978775)|HEAP_ALLOCATE|[163]|Bytes:28
15:10:27.0 (8992968)|VARIABLE_SCOPE_BEGIN|[163]|PSetName|PermissionSet|true|false
15:10:27.0 (9024844)|VARIABLE_ASSIGNMENT|[163]|PSetName|{"s":1,"v":{"Id":"0PS36000000mmnRGAQ","Label":"00e1a000000MWaCAAW","Name":"X00e1a000000MWaCAAW","NamespacePrefix":"shiva15testns","UserLicenseId":"10036000000eSq3AAE","CreatedDate":"2016-03-08T19:00:02.000Z"}}|0x62a2313f
15:10:27.0 (9033218)|STATEMENT_EXECUTE|[163]
15:10:27.0 (9063190)|ENTERING_MANAGED_PKG|
15:10:27.0 (9080869)|STATEMENT_EXECUTE|[164]
15:10:27.0 (9099064)|HEAP_ALLOCATE|[163]|Bytes:5
15:10:27.0 (9130822)|HEAP_ALLOCATE|[163]|Bytes:28
15:10:27.0 (9144610)|VARIABLE_SCOPE_BEGIN|[163]|PSetName|PermissionSet|true|false
15:10:27.0 (9167629)|VARIABLE_ASSIGNMENT|[163]|PSetName|{"s":1,"v":{"Id":"0PS36000000mmnSGAQ","Label":"00e1a000000MWaDAAW","Name":"X00e1a000000MWaDAAW","NamespacePrefix":"shiva15testns","UserLicenseId":"10036000000eSq4AAE","CreatedDate":"2016-03-08T19:00:02.000Z"}}|0x30a14b56
15:10:27.0 (9173149)|STATEMENT_EXECUTE|[163]
15:10:27.0 (9195348)|ENTERING_MANAGED_PKG|
15:10:27.0 (9205202)|STATEMENT_EXECUTE|[164]
15:10:27.0 (9216614)|HEAP_ALLOCATE|[163]|Bytes:5
15:10:27.0 (9236936)|HEAP_ALLOCATE|[163]|Bytes:28
15:10:27.0 (9244731)|VARIABLE_SCOPE_BEGIN|[163]|PSetName|PermissionSet|true|false
15:10:27.0 (9265655)|VARIABLE_ASSIGNMENT|[163]|PSetName|{"s":1,"v":{"Id":"0PS36000000mmnTGAQ","Label":"00e1a000000MWaEAAW","Name":"X00e1a000000MWaEAAW","NamespacePrefix":"shiva15testns","UserLicenseId":"10036000000eSq5AAE","CreatedDate":"2016-03-08T19:00:02.000Z"}}|0x3c77865e
15:10:27.0 (9270094)|STATEMENT_EXECUTE|[163]
15:10:27.0 (9290858)|ENTERING_MANAGED_PKG|
15:10:27.0 (9300255)|STATEMENT_EXECUTE|[164]
15:10:27.0 (9311349)|HEAP_ALLOCATE|[163]|Bytes:5
15:10:27.0 (9331167)|HEAP_ALLOCATE|[163]|Bytes:28
15:10:27.0 (9338964)|VARIABLE_SCOPE_BEGIN|[163]|PSetName|PermissionSet|true|false
15:10:27.0 (9359520)|VARIABLE_ASSIGNMENT|[163]|PSetName|{"s":1,"v":{"Id":"0PS36000000mmnUGAQ","Label":"00e1a000000MWaFAAW","Name":"X00e1a000000MWaFAAW","NamespacePrefix":"shiva15testns","UserLicenseId":"10036000000eSq6AAE","CreatedDate":"2016-03-08T19:00:02.000Z"}}|0x7ca17196
15:10:27.0 (9364156)|STATEMENT_EXECUTE|[163]
15:10:27.0 (9384453)|ENTERING_MANAGED_PKG|
15:10:27.0 (9393760)|STATEMENT_EXECUTE|[164]
15:10:27.0 (9405259)|HEAP_ALLOCATE|[163]|Bytes:5
15:10:27.0 (9425140)|HEAP_ALLOCATE|[163]|Bytes:28
15:10:27.0 (9432943)|VARIABLE_SCOPE_BEGIN|[163]|PSetName|PermissionSet|true|false
15:10:27.0 (9453409)|VARIABLE_ASSIGNMENT|[163]|PSetName|{"s":1,"v":{"Id":"0PS36000000mmnVGAQ","Label":"00e1a000000MWaGAAW","Name":"X00e1a000000MWaGAAW","NamespacePrefix":"shiva15testns","UserLicenseId":"10036000000eSq7AAE","CreatedDate":"2016-03-08T19:00:02.000Z"}}|0xf798cf4
15:10:27.0 (9458127)|STATEMENT_EXECUTE|[163]
15:10:27.0 (9478404)|ENTERING_MANAGED_PKG|
15:10:27.0 (9491453)|STATEMENT_EXECUTE|[164]
15:10:27.0 (9503193)|HEAP_ALLOCATE|[163]|Bytes:5
15:10:27.0 (9523300)|HEAP_ALLOCATE|[163]|Bytes:28
15:10:27.0 (9531242)|VARIABLE_SCOPE_BEGIN|[163]|PSetName|PermissionSet|true|false
15:10:27.0 (9553814)|VARIABLE_ASSIGNMENT|[163]|PSetName|{"s":1,"v":{"Id":"0PS36000000mmnWGAQ","Label":"00e1a000000MWaHAAW","Name":"X00e1a000000MWaHAAW","NamespacePrefix":"shiva15testns","UserLicenseId":"10036000000eSq8AAE","CreatedDate":"2016-03-08T19:00:02.000Z"}}|0x35388db6
15:10:27.0 (9561681)|STATEMENT_EXECUTE|[163]
15:10:27.0 (9592705)|ENTERING_MANAGED_PKG|
15:10:27.0 (9612172)|STATEMENT_EXECUTE|[164]
15:10:27.0 (9675619)|HEAP_ALLOCATE|[163]|Bytes:5
15:10:27.0 (9714245)|HEAP_ALLOCATE|[163]|Bytes:28
15:10:27.0 (9731096)|VARIABLE_SCOPE_BEGIN|[163]|PSetName|PermissionSet|true|false
15:10:27.0 (9763380)|VARIABLE_ASSIGNMENT|[163]|PSetName|{"s":1,"v":{"Id":"0PS36000000mmnXGAQ","Label":"00e1a000000MWaIAAW","Name":"X00e1a000000MWaIAAW","NamespacePrefix":"shiva15testns","UserLicenseId":"10036000000eSq9AAE","CreatedDate":"2016-03-08T19:00:02.000Z"}}|0x35fda839
15:10:27.0 (9772474)|STATEMENT_EXECUTE|[163]
15:10:27.0 (9804670)|ENTERING_MANAGED_PKG|
15:10:27.0 (9848488)|STATEMENT_EXECUTE|[164]
15:10:27.0 (9870368)|HEAP_ALLOCATE|[163]|Bytes:5
15:10:27.0 (9905632)|HEAP_ALLOCATE|[163]|Bytes:28
15:10:27.0 (9978414)|VARIABLE_SCOPE_BEGIN|[163]|PSetName|PermissionSet|true|false
15:10:27.0 (10038337)|VARIABLE_ASSIGNMENT|[163]|PSetName|{"s":1,"v":{"Id":"0PS36000000mmnYGAQ","Label":"00e1a000000MWaJAAW","Name":"X00e1a000000MWaJAAW","NamespacePrefix":"shiva15testns","UserLicenseId":"10036000000eSqAAAU","CreatedDate":"2016-03-08T19:00:02.000Z"}}|0x422742d1
15:10:27.0 (10062465)|STATEMENT_EXECUTE|[163]
15:10:27.0 (10111073)|ENTERING_MANAGED_PKG|
15:10:27.0 (10129073)|STATEMENT_EXECUTE|[164]
15:10:27.0 (10148136)|HEAP_ALLOCATE|[163]|Bytes:5
15:10:27.0 (10180711)|HEAP_ALLOCATE|[163]|Bytes:28
15:10:27.0 (10194143)|VARIABLE_SCOPE_BEGIN|[163]|PSetName|PermissionSet|true|false
15:10:27.0 (10228465)|VARIABLE_ASSIGNMENT|[163]|PSetName|{"s":1,"v":{"Id":"0PS36000000mmnZGAQ","Label":"00e1a000000MWaKAAW","Name":"X00e1a000000MWaKAAW","NamespacePrefix":"shiva15testns","UserLicenseId":"10036000000eSqBAAU","CreatedDate":"2016-03-08T19:00:02.000Z"}}|0x1fa684d
15:10:27.0 (10236298)|STATEMENT_EXECUTE|[163]
15:10:27.0 (10266325)|ENTERING_MANAGED_PKG|
15:10:27.0 (10284548)|STATEMENT_EXECUTE|[164]
15:10:27.0 (10303756)|HEAP_ALLOCATE|[163]|Bytes:5
15:10:27.0 (10339052)|HEAP_ALLOCATE|[163]|Bytes:28
15:10:27.0 (10352704)|VARIABLE_SCOPE_BEGIN|[163]|PSetName|PermissionSet|true|false
15:10:27.0 (10385744)|VARIABLE_ASSIGNMENT|[163]|PSetName|{"s":1,"v":{"Id":"0PS36000000mmnaGAA","Label":"00e1a000000MWaLAAW","Name":"X00e1a000000MWaLAAW","NamespacePrefix":"shiva15testns","UserLicenseId":"10036000000eSqCAAU","CreatedDate":"2016-03-08T19:00:02.000Z"}}|0x70de00f9
15:10:27.0 (10394165)|STATEMENT_EXECUTE|[163]
15:10:27.0 (10427030)|ENTERING_MANAGED_PKG|
15:10:27.0 (10446225)|STATEMENT_EXECUTE|[164]
15:10:27.0 (10462889)|HEAP_ALLOCATE|[163]|Bytes:5
15:10:27.0 (10492807)|HEAP_ALLOCATE|[163]|Bytes:28
15:10:27.0 (10504294)|VARIABLE_SCOPE_BEGIN|[163]|PSetName|PermissionSet|true|false
15:10:27.0 (10534761)|VARIABLE_ASSIGNMENT|[163]|PSetName|{"s":1,"v":{"Id":"0PS36000000mmnbGAA","Label":"00e1a000000MWaMAAW","Name":"X00e1a000000MWaMAAW","NamespacePrefix":"shiva15testns","UserLicenseId":"10036000000eSqDAAU","CreatedDate":"2016-03-08T19:00:02.000Z"}}|0x28bad2bb
15:10:27.0 (10541209)|STATEMENT_EXECUTE|[163]
15:10:27.0 (10567994)|ENTERING_MANAGED_PKG|
15:10:27.0 (10582313)|STATEMENT_EXECUTE|[164]
15:10:27.0 (10598274)|HEAP_ALLOCATE|[163]|Bytes:5
15:10:27.0 (10628450)|HEAP_ALLOCATE|[163]|Bytes:28
15:10:27.0 (10639899)|VARIABLE_SCOPE_BEGIN|[163]|PSetName|PermissionSet|true|false
15:10:27.0 (10673440)|VARIABLE_ASSIGNMENT|[163]|PSetName|{"s":1,"v":{"Id":"0PS36000000mmncGAA","Label":"00e1a000000MWaNAAW","Name":"X00e1a000000MWaNAAW","NamespacePrefix":"shiva15testns","UserLicenseId":"10036000000eSqEAAU","CreatedDate":"2016-03-08T19:00:02.000Z"}}|0x50733cb7
15:10:27.0 (10680850)|STATEMENT_EXECUTE|[163]
15:10:27.0 (10713096)|ENTERING_MANAGED_PKG|
15:10:27.0 (10731600)|STATEMENT_EXECUTE|[164]
15:10:27.0 (10750084)|HEAP_ALLOCATE|[163]|Bytes:5
15:10:27.0 (10780077)|HEAP_ALLOCATE|[163]|Bytes:28
15:10:27.0 (10791083)|VARIABLE_SCOPE_BEGIN|[163]|PSetName|PermissionSet|true|false
15:10:27.0 (10829643)|VARIABLE_ASSIGNMENT|[163]|PSetName|{"s":1,"v":{"Id":"0PS36000000mmndGAA","Label":"00e1a000000MWaOAAW","Name":"X00e1a000000MWaOAAW","NamespacePrefix":"shiva15testns","UserLicenseId":"10036000000eSqFAAU","CreatedDate":"2016-03-08T19:00:02.000Z"}}|0x2198ef4
15:10:27.0 (10837259)|STATEMENT_EXECUTE|[163]
15:10:27.0 (10868369)|ENTERING_MANAGED_PKG|
15:10:27.0 (10889933)|STATEMENT_EXECUTE|[164]
15:10:27.0 (10909185)|HEAP_ALLOCATE|[163]|Bytes:5
15:10:27.0 (10943416)|HEAP_ALLOCATE|[163]|Bytes:28
15:10:27.0 (10954104)|VARIABLE_SCOPE_BEGIN|[163]|PSetName|PermissionSet|true|false
15:10:27.0 (10976581)|VARIABLE_ASSIGNMENT|[163]|PSetName|{"s":1,"v":{"Id":"0PS36000000mmneGAA","Label":"00e1a000000MWaPAAW","Name":"X00e1a000000MWaPAAW","NamespacePrefix":"shiva15testns","UserLicenseId":"10036000000eSqGAAU","CreatedDate":"2016-03-08T19:00:02.000Z"}}|0x2408f86
15:10:27.0 (10981714)|STATEMENT_EXECUTE|[163]
15:10:27.0 (11003712)|ENTERING_MANAGED_PKG|
15:10:27.0 (11014611)|STATEMENT_EXECUTE|[164]
15:10:27.0 (11026075)|HEAP_ALLOCATE|[163]|Bytes:5
15:10:27.0 (11048865)|HEAP_ALLOCATE|[163]|Bytes:28
15:10:27.0 (11062467)|VARIABLE_SCOPE_BEGIN|[163]|PSetName|PermissionSet|true|false
15:10:27.0 (11093537)|VARIABLE_ASSIGNMENT|[163]|PSetName|{"s":1,"v":{"Id":"0PS36000000mmnfGAA","Label":"00e1a000000MWaQAAW","Name":"X00e1a000000MWaQAAW","NamespacePrefix":"shiva15testns","UserLicenseId":"10036000000eSqHAAU","CreatedDate":"2016-03-08T19:00:02.000Z"}}|0x7c11aa7f
15:10:27.0 (11098820)|STATEMENT_EXECUTE|[163]
15:10:27.0 (11128231)|ENTERING_MANAGED_PKG|
15:10:27.0 (11146948)|STATEMENT_EXECUTE|[164]
15:10:27.0 (11166869)|HEAP_ALLOCATE|[163]|Bytes:5
15:10:27.0 (11202511)|HEAP_ALLOCATE|[163]|Bytes:28
15:10:27.0 (11216719)|VARIABLE_SCOPE_BEGIN|[163]|PSetName|PermissionSet|true|false
15:10:27.0 (11240598)|VARIABLE_ASSIGNMENT|[163]|PSetName|{"s":1,"v":{"Id":"0PS36000000mmngGAA","Label":"00e1a000000MWaRAAW","Name":"X00e1a000000MWaRAAW","NamespacePrefix":"shiva15testns","UserLicenseId":"10036000000eSqIAAU","CreatedDate":"2016-03-08T19:00:02.000Z"}}|0x354eb7ce
15:10:27.0 (11245165)|STATEMENT_EXECUTE|[163]
15:10:27.0 (11267318)|ENTERING_MANAGED_PKG|
15:10:27.0 (11277164)|STATEMENT_EXECUTE|[164]
15:10:27.0 (11288819)|HEAP_ALLOCATE|[163]|Bytes:5
15:10:27.0 (11309441)|HEAP_ALLOCATE|[163]|Bytes:28
15:10:27.0 (11317282)|VARIABLE_SCOPE_BEGIN|[163]|PSetName|PermissionSet|true|false
15:10:27.0 (11338108)|VARIABLE_ASSIGNMENT|[163]|PSetName|{"s":1,"v":{"Id":"0PS36000000mmnhGAA","Label":"00e1a000000MWaSAAW","Name":"X00e1a000000MWaSAAW","NamespacePrefix":"shiva15testns","UserLicenseId":"10036000000eSqJAAU","CreatedDate":"2016-03-08T19:00:02.000Z"}}|0x7b6ee1bd
15:10:27.0 (11342643)|STATEMENT_EXECUTE|[163]
15:10:27.0 (11366737)|ENTERING_MANAGED_PKG|
15:10:27.0 (11378024)|STATEMENT_EXECUTE|[164]
15:10:27.0 (11389769)|HEAP_ALLOCATE|[163]|Bytes:5
15:10:27.0 (11409622)|HEAP_ALLOCATE|[163]|Bytes:28
15:10:27.0 (11420672)|VARIABLE_SCOPE_BEGIN|[163]|PSetName|PermissionSet|true|false
15:10:27.0 (11441591)|VARIABLE_ASSIGNMENT|[163]|PSetName|{"s":1,"v":{"Id":"0PS36000000mmniGAA","Label":"00e1a000000MWaTAAW","Name":"X00e1a000000MWaTAAW","NamespacePrefix":"shiva15testns","UserLicenseId":"10036000000eSqJAAU","CreatedDate":"2016-03-08T19:00:02.000Z"}}|0x7d547de9
15:10:27.0 (11446438)|STATEMENT_EXECUTE|[163]
15:10:27.0 (11470621)|ENTERING_MANAGED_PKG|
15:10:27.0 (11488320)|STATEMENT_EXECUTE|[164]
15:10:27.0 (11508131)|HEAP_ALLOCATE|[163]|Bytes:5
15:10:27.0 (11542991)|HEAP_ALLOCATE|[163]|Bytes:28
15:10:27.0 (11555085)|VARIABLE_SCOPE_BEGIN|[163]|PSetName|PermissionSet|true|false
15:10:27.0 (11577640)|VARIABLE_ASSIGNMENT|[163]|PSetName|{"s":1,"v":{"Id":"0PS36000000mmnjGAA","Label":"00e1a000000MWaUAAW","Name":"X00e1a000000MWaUAAW","NamespacePrefix":"shiva15testns","UserLicenseId":"10036000000eSqKAAU","CreatedDate":"2016-03-08T19:00:02.000Z"}}|0xce7726e
15:10:27.0 (11582523)|STATEMENT_EXECUTE|[163]
15:10:27.0 (11605030)|ENTERING_MANAGED_PKG|
15:10:27.0 (11617634)|STATEMENT_EXECUTE|[164]
15:10:27.0 (11629373)|HEAP_ALLOCATE|[163]|Bytes:5
15:10:27.0 (11649789)|HEAP_ALLOCATE|[163]|Bytes:28
15:10:27.0 (11657678)|VARIABLE_SCOPE_BEGIN|[163]|PSetName|PermissionSet|true|false
15:10:27.0 (11678933)|VARIABLE_ASSIGNMENT|[163]|PSetName|{"s":1,"v":{"Id":"0PS36000000mmnlGAA","Label":"00e1a000000N1LRAA0","Name":"X00e1a000000N1LRAA0","NamespacePrefix":"shiva15testns","UserLicenseId":"10036000000eSqLAAU","CreatedDate":"2016-03-08T19:00:02.000Z"}}|0x4cd744fb
15:10:27.0 (11683173)|STATEMENT_EXECUTE|[163]
15:10:27.0 (11703552)|ENTERING_MANAGED_PKG|
15:10:27.0 (11712889)|STATEMENT_EXECUTE|[164]
15:10:27.0 (11723737)|HEAP_ALLOCATE|[163]|Bytes:5
15:10:27.0 (11743400)|HEAP_ALLOCATE|[163]|Bytes:28
15:10:27.0 (11751030)|VARIABLE_SCOPE_BEGIN|[163]|PSetName|PermissionSet|true|false
15:10:27.0 (11771516)|VARIABLE_ASSIGNMENT|[163]|PSetName|{"s":1,"v":{"Id":"0PS36000000mmnmGAA","Label":"00e1a000000N1LSAA0","Name":"X00e1a000000N1LSAA0","NamespacePrefix":"shiva15testns","UserLicenseId":"10036000000eSqMAAU","CreatedDate":"2016-03-08T19:00:02.000Z"}}|0x403837d5
15:10:27.0 (11776471)|STATEMENT_EXECUTE|[163]
15:10:27.0 (11796832)|ENTERING_MANAGED_PKG|
15:10:27.0 (11806257)|STATEMENT_EXECUTE|[164]
15:10:27.0 (11821983)|HEAP_ALLOCATE|[163]|Bytes:5
15:10:27.0 (11842247)|HEAP_ALLOCATE|[163]|Bytes:28
15:10:27.0 (11850133)|VARIABLE_SCOPE_BEGIN|[163]|PSetName|PermissionSet|true|false
15:10:27.0 (11870958)|VARIABLE_ASSIGNMENT|[163]|PSetName|{"s":1,"v":{"Id":"0PS36000000mmnnGAA","Label":"00e1a000000N1wKAAS","Name":"X00e1a000000N1wKAAS","NamespacePrefix":"shiva15testns","UserLicenseId":"10036000000eSqNAAU","CreatedDate":"2016-03-08T19:00:02.000Z"}}|0x1eddb10e
15:10:27.0 (11875439)|STATEMENT_EXECUTE|[163]
15:10:27.0 (11905534)|ENTERING_MANAGED_PKG|
15:10:27.0 (11923689)|STATEMENT_EXECUTE|[164]
15:10:27.0 (11942885)|HEAP_ALLOCATE|[163]|Bytes:5
15:10:27.0 (11978150)|HEAP_ALLOCATE|[163]|Bytes:28
15:10:27.0 (11992442)|VARIABLE_SCOPE_BEGIN|[163]|PSetName|PermissionSet|true|false
15:10:27.0 (12025831)|VARIABLE_ASSIGNMENT|[163]|PSetName|{"s":1,"v":{"Id":"0PS36000000mmnoGAA","Label":"00e1a000000N1wLAAS","Name":"X00e1a000000N1wLAAS","NamespacePrefix":"shiva15testns","UserLicenseId":"10036000000eSqNAAU","CreatedDate":"2016-03-08T19:00:02.000Z"}}|0x299ec4b9
15:10:27.0 (12034879)|STATEMENT_EXECUTE|[163]
15:10:27.0 (12065512)|ENTERING_MANAGED_PKG|
15:10:27.0 (12083896)|STATEMENT_EXECUTE|[164]
15:10:27.0 (12102830)|HEAP_ALLOCATE|[163]|Bytes:5
15:10:27.0 (12132431)|HEAP_ALLOCATE|[163]|Bytes:28
15:10:27.0 (12144447)|VARIABLE_SCOPE_BEGIN|[163]|PSetName|PermissionSet|true|false
15:10:27.0 (12176284)|VARIABLE_ASSIGNMENT|[163]|PSetName|{"s":1,"v":{"Id":"0PS36000000mmnqGAA","Label":"00e1a000000MWaAAAW","Name":"X00e1a000000MWaAAAW","NamespacePrefix":"shiva15testns","UserLicenseId":"10036000000eSq1AAE","CreatedDate":"2016-03-08T19:00:02.000Z"}}|0x5f18aded
15:10:27.0 (12184618)|STATEMENT_EXECUTE|[163]
15:10:27.0 (12215194)|ENTERING_MANAGED_PKG|
15:10:27.0 (12231758)|STATEMENT_EXECUTE|[164]
15:10:27.0 (12249031)|HEAP_ALLOCATE|[163]|Bytes:5
15:10:27.0 (12282023)|HEAP_ALLOCATE|[163]|Bytes:32
15:10:27.0 (12295617)|VARIABLE_SCOPE_BEGIN|[163]|PSetName|PermissionSet|true|false
15:10:27.0 (12330632)|VARIABLE_ASSIGNMENT|[163]|PSetName|{"s":1,"v":{"Id":"0PS36000000q71PGAQ","Label":"PermissionSet_Test","Name":"PermissionSet_Test","Description":"This is for testing  (11 more) ...","NamespacePrefix":"shiva15testns","UserLicenseId":"10036000000eSpyAAE","CreatedDate":"2016-03-20T22:41:12.000Z"}}|0x5e1fbf44
15:10:27.0 (12338467)|STATEMENT_EXECUTE|[163]
15:10:27.0 (12368314)|ENTERING_MANAGED_PKG|
15:10:27.0 (12386694)|STATEMENT_EXECUTE|[164]
15:10:27.0 (12390579)|STATEMENT_EXECUTE|[166]
15:10:27.0 (12397074)|VARIABLE_SCOPE_BEGIN|[166]|user_License_Name|String|false|false
15:10:27.0 (12407503)|VARIABLE_ASSIGNMENT|[166]|user_License_Name|null
15:10:27.0 (12441332)|STATEMENT_EXECUTE|[167]
15:10:27.0 (12445296)|STATEMENT_EXECUTE|[168]
15:10:27.0 (12452774)|HEAP_ALLOCATE|[168]|Bytes:52
15:10:27.0 (12462299)|HEAP_ALLOCATE|[168]|Bytes:4
15:10:27.0 (12470428)|HEAP_ALLOCATE|[168]|Bytes:7
15:10:27.0 (13468455)|SOQL_EXECUTE_BEGIN|[168]|Aggregations:0|SELECT Id, Name FROM UserLicense WHERE Id = :tmpVar1
15:10:27.0 (15534292)|SOQL_EXECUTE_END|[168]|Rows:1
15:10:27.0 (15549298)|HEAP_ALLOCATE|[168]|Bytes:8
15:10:27.0 (15560043)|HEAP_ALLOCATE|[168]|Bytes:47
15:10:27.0 (15588338)|HEAP_ALLOCATE|[168]|Bytes:8
15:10:27.0 (15598535)|HEAP_ALLOCATE|[168]|Bytes:37
15:10:27.0 (15688374)|HEAP_ALLOCATE|[168]|Bytes:12
15:10:27.0 (15699618)|VARIABLE_SCOPE_BEGIN|[168]|ulicense|UserLicense|true|false
15:10:27.0 (15717817)|VARIABLE_ASSIGNMENT|[168]|ulicense|{"s":1,"v":{"Id":"10036000000eSpyAAE","Name":"Salesforce"}}|0x2d51b957
15:10:27.0 (15721970)|STATEMENT_EXECUTE|[169]
15:10:27.0 (15782014)|VARIABLE_ASSIGNMENT|[169]|user_License_Name|"Salesforce"
15:10:27.0 (15789385)|STATEMENT_EXECUTE|[171]
15:10:27.0 (15802699)|HEAP_ALLOCATE|[171]|Bytes:240
15:10:27.0 (15819455)|HEAP_ALLOCATE|[171]|Bytes:39
15:10:27.0 (15845277)|HEAP_ALLOCATE|[171]|Bytes:32
15:10:27.0 (15899918)|ENTERING_MANAGED_PKG|
15:10:27.0 (15937486)|HEAP_ALLOCATE|[171]|Bytes:18
15:10:27.0 (16023817)|ENTERING_MANAGED_PKG|
15:10:27.0 (16048067)|HEAP_ALLOCATE|[171]|Bytes:19
15:10:27.0 (16092724)|CONSTRUCTOR_ENTRY|[171]|01p36000005Jpvx|<init>(String,String,String,String,String,String,String)
15:10:27.0 (16120642)|VARIABLE_SCOPE_BEGIN|[1105]|this|shiva15testns.PermissionSetPortalControllers.PermissionSetClass|true|false
15:10:27.0 (16189141)|VARIABLE_ASSIGNMENT|[1105]|this|{}|0x52227cbd
15:10:27.0 (16195396)|VARIABLE_SCOPE_BEGIN|[1105]|label|String|false|false
15:10:27.0 (16201329)|VARIABLE_ASSIGNMENT|[1105]|label|"PermissionSet_Test"
15:10:27.0 (16204797)|VARIABLE_SCOPE_BEGIN|[1105]|apiName|String|false|false
15:10:27.0 (16208413)|VARIABLE_ASSIGNMENT|[1105]|apiName|"PermissionSet_Test"
15:10:27.0 (16211294)|VARIABLE_SCOPE_BEGIN|[1105]|id|String|false|false
15:10:27.0 (16214811)|VARIABLE_ASSIGNMENT|[1105]|id|"0PS36000000q71PGAQ"
15:10:27.0 (16217718)|VARIABLE_SCOPE_BEGIN|[1105]|description|String|false|false
15:10:27.0 (16222608)|VARIABLE_ASSIGNMENT|[1105]|description|"This is for testing  (11 more) ..."
15:10:27.0 (16225672)|VARIABLE_SCOPE_BEGIN|[1105]|namespacePrefix|String|false|false
15:10:27.0 (16229231)|VARIABLE_ASSIGNMENT|[1105]|namespacePrefix|"shiva15testns"
15:10:27.0 (16232123)|VARIABLE_SCOPE_BEGIN|[1105]|userLicenseId|String|false|false
15:10:27.0 (16237721)|VARIABLE_ASSIGNMENT|[1105]|userLicenseId|"Salesforce"
15:10:27.0 (16243297)|VARIABLE_SCOPE_BEGIN|[1105]|createdDate|String|false|false
15:10:27.0 (16250355)|VARIABLE_ASSIGNMENT|[1105]|createdDate|"2016-03-20 15:41:12"
15:10:27.0 (16256801)|STATEMENT_EXECUTE|[1088]
15:10:27.0 (16259638)|STATEMENT_EXECUTE|[1091]
15:10:27.0 (16261971)|STATEMENT_EXECUTE|[1093]
15:10:27.0 (16264264)|STATEMENT_EXECUTE|[1095]
15:10:27.0 (16266495)|STATEMENT_EXECUTE|[1097]
15:10:27.0 (16268690)|STATEMENT_EXECUTE|[1099]
15:10:27.0 (16270922)|STATEMENT_EXECUTE|[1101]
15:10:27.0 (16273112)|STATEMENT_EXECUTE|[1103]
15:10:27.0 (16287058)|HEAP_ALLOCATE|[1107]|Bytes:6
15:10:27.0 (16329011)|STATEMENT_EXECUTE|[1106]
15:10:27.0 (16332780)|STATEMENT_EXECUTE|[1107]
15:10:27.0 (16446254)|VARIABLE_ASSIGNMENT|[EXTERNAL]|this|{}|0x52227cbd
15:10:27.0 (16456325)|VARIABLE_ASSIGNMENT|[EXTERNAL]|value|"PermissionSet_Test"
15:10:27.0 (16470446)|VARIABLE_ASSIGNMENT|[1091]|this.label|"PermissionSet_Test"|0x52227cbd
15:10:27.0 (16478897)|STATEMENT_EXECUTE|[1108]
15:10:27.0 (16536446)|VARIABLE_ASSIGNMENT|[EXTERNAL]|this|{"label":"PermissionSet_Test"}|0x52227cbd
15:10:27.0 (16548258)|VARIABLE_ASSIGNMENT|[EXTERNAL]|value|"PermissionSet_Test"
15:10:27.0 (16558186)|VARIABLE_ASSIGNMENT|[1093]|this.apiName|"PermissionSet_Test"|0x52227cbd
15:10:27.0 (16566062)|STATEMENT_EXECUTE|[1109]
15:10:27.0 (16625662)|VARIABLE_ASSIGNMENT|[EXTERNAL]|this|{"apiName":"PermissionSet_Test","label":"PermissionSet_Test"}|0x52227cbd
15:10:27.0 (16634702)|VARIABLE_ASSIGNMENT|[EXTERNAL]|value|"0PS36000000q71PGAQ"
15:10:27.0 (16644117)|VARIABLE_ASSIGNMENT|[1095]|this.id|"0PS36000000q71PGAQ"|0x52227cbd
15:10:27.0 (16651691)|STATEMENT_EXECUTE|[1110]
15:10:27.0 (16707502)|VARIABLE_ASSIGNMENT|[EXTERNAL]|this|{"apiName":"PermissionSet_Test","id":"0PS36000000q71PGAQ","label":"PermissionSet_Test"}|0x52227cbd
15:10:27.0 (16717928)|VARIABLE_ASSIGNMENT|[EXTERNAL]|value|"This is for testing  (11 more) ..."
15:10:27.0 (16727696)|VARIABLE_ASSIGNMENT|[1097]|this.description|"This is for testing  (11 more) ..."|0x52227cbd
15:10:27.0 (16735301)|STATEMENT_EXECUTE|[1111]
15:10:27.0 (16791636)|VARIABLE_ASSIGNMENT|[EXTERNAL]|this|{"apiName":"PermissionSet_Test","description":"This is for testing  (11 more) ...","id":"0PS36000000q71PGAQ","label":"PermissionSet_Test"}|0x52227cbd
15:10:27.0 (16800047)|VARIABLE_ASSIGNMENT|[EXTERNAL]|value|"shiva15testns"
15:10:27.0 (16809426)|VARIABLE_ASSIGNMENT|[1099]|this.namespacePrefix|"shiva15testns"|0x52227cbd
15:10:27.0 (16821586)|STATEMENT_EXECUTE|[1112]
15:10:27.0 (16908589)|VARIABLE_ASSIGNMENT|[EXTERNAL]|this|{"apiName":"PermissionSet_Test","description":"This is for testing  (11 more) ...","id":"0PS36000000q71PGAQ","label":"PermissionSet_Test","namespacePrefix":"shiva15testns"}|0x52227cbd
15:10:27.0 (16917634)|VARIABLE_ASSIGNMENT|[EXTERNAL]|value|"Salesforce"
15:10:27.0 (16927449)|VARIABLE_ASSIGNMENT|[1101]|this.userLicenseId|"Salesforce"|0x52227cbd
15:10:27.0 (16934848)|STATEMENT_EXECUTE|[1113]
15:10:27.0 (16992395)|VARIABLE_ASSIGNMENT|[EXTERNAL]|this|{"apiName":"PermissionSet_Test","description":"This is for testing  (11 more) ...","id":"0PS36000000q71PGAQ","label":"PermissionSet_Test","namespacePrefix":"shiva15testns","userLicenseId":"Salesforce"}|0x52227cbd
15:10:27.0 (17001363)|VARIABLE_ASSIGNMENT|[EXTERNAL]|value|"2016-03-20 15:41:12"
15:10:27.0 (17012054)|VARIABLE_ASSIGNMENT|[1103]|this.createdDate|"2016-03-20 15:41:12"|0x52227cbd
15:10:27.0 (17027011)|CONSTRUCTOR_EXIT|[171]|01p36000005Jpvx|<init>(String,String,String,String,String,String,String)
15:10:27.0 (17050915)|VARIABLE_ASSIGNMENT|[171]|pSetObj|{"apiName":"PermissionSet_Test","createdDate":"2016-03-20 15:41:12","description":"This is for testing  (11 more) ...","id":"0PS36000000q71PGAQ","label":"PermissionSet_Test","namespacePrefix":"shiva15testns","userLicenseId":"Salesforce"}|0x52227cbd
15:10:27.0 (17055682)|STATEMENT_EXECUTE|[173]
15:10:27.0 (17071125)|ENTERING_MANAGED_PKG|
15:10:27.0 (17097215)|HEAP_ALLOCATE|[EXTERNAL]|Bytes:4
15:10:27.0 (17105952)|STATEMENT_EXECUTE|[174]
15:10:27.0 (17272429)|HEAP_ALLOCATE|[174]|Bytes:24
15:10:27.0 (17293202)|ENTERING_MANAGED_PKG|
15:10:27.0 (17373640)|HEAP_ALLOCATE|[174]|Bytes:231
15:10:27.0 (17398438)|HEAP_ALLOCATE|[174]|Bytes:255
15:10:27.0 (17418286)|ENTERING_MANAGED_PKG|
15:10:27.0 (17436789)|USER_DEBUG|[174]|ERROR|The PermissionSet Name: PermissionSet:{Id=0PS36000000q71PGAQ, Label=PermissionSet_Test, Name=PermissionSet_Test, Description=This is for testing Description, NamespacePrefix=shiva15testns, UserLicenseId=10036000000eSpyAAE, CreatedDate=2016-03-20 22:41:12}
15:10:27.0 (17455252)|HEAP_ALLOCATE|[163]|Bytes:5
15:10:27.0 (17478634)|HEAP_ALLOCATE|[163]|Bytes:32
15:10:27.0 (17487320)|VARIABLE_SCOPE_BEGIN|[163]|PSetName|PermissionSet|true|false
15:10:27.0 (17514407)|VARIABLE_ASSIGNMENT|[163]|PSetName|{"s":1,"v":{"Id":"0PS360000017KxHGAU","Label":"Final_Test","Name":"Final_Test","Description":"Descp","NamespacePrefix":"shiva15testns","UserLicenseId":"10036000000eSpyAAE","CreatedDate":"2016-05-04T00:16:41.000Z"}}|0x2db93048
15:10:27.0 (17519931)|STATEMENT_EXECUTE|[163]
15:10:27.0 (17542973)|ENTERING_MANAGED_PKG|
15:10:27.0 (17553257)|STATEMENT_EXECUTE|[164]
15:10:27.0 (17554980)|STATEMENT_EXECUTE|[166]
15:10:27.0 (17558650)|VARIABLE_SCOPE_BEGIN|[166]|user_License_Name|String|false|false
15:10:27.0 (17564806)|VARIABLE_ASSIGNMENT|[166]|user_License_Name|null
15:10:27.0 (17571276)|STATEMENT_EXECUTE|[167]
15:10:27.0 (17572636)|STATEMENT_EXECUTE|[168]
15:10:27.0 (17577391)|HEAP_ALLOCATE|[168]|Bytes:4
15:10:27.0 (17721258)|SOQL_EXECUTE_BEGIN|[168]|Aggregations:0|SELECT Id, Name FROM UserLicense WHERE Id = :tmpVar1
15:10:27.0 (19225866)|SOQL_EXECUTE_END|[168]|Rows:1
15:10:27.0 (19243382)|HEAP_ALLOCATE|[168]|Bytes:8
15:10:27.0 (19257396)|HEAP_ALLOCATE|[168]|Bytes:47
15:10:27.0 (19276050)|HEAP_ALLOCATE|[168]|Bytes:8
15:10:27.0 (19318379)|HEAP_ALLOCATE|[168]|Bytes:12
15:10:27.0 (19332700)|VARIABLE_SCOPE_BEGIN|[168]|ulicense|UserLicense|true|false
15:10:27.0 (19359918)|VARIABLE_ASSIGNMENT|[168]|ulicense|{"s":1,"v":{"Id":"10036000000eSpyAAE","Name":"Salesforce"}}|0x5f5cb3e8
15:10:27.0 (19364972)|STATEMENT_EXECUTE|[169]
15:10:27.0 (19379693)|VARIABLE_ASSIGNMENT|[169]|user_License_Name|"Salesforce"
15:10:27.0 (19384356)|STATEMENT_EXECUTE|[171]
15:10:27.0 (19392228)|HEAP_ALLOCATE|[171]|Bytes:32
15:10:27.0 (19433232)|ENTERING_MANAGED_PKG|
15:10:27.0 (19442040)|HEAP_ALLOCATE|[171]|Bytes:18
15:10:27.0 (19489041)|ENTERING_MANAGED_PKG|
15:10:27.0 (19504633)|HEAP_ALLOCATE|[171]|Bytes:19
15:10:27.0 (19530361)|CONSTRUCTOR_ENTRY|[171]|01p36000005Jpvx|<init>(String,String,String,String,String,String,String)
15:10:27.0 (19537117)|VARIABLE_SCOPE_BEGIN|[1105]|this|shiva15testns.PermissionSetPortalControllers.PermissionSetClass|true|false
15:10:27.0 (19560162)|VARIABLE_ASSIGNMENT|[1105]|this|{}|0x184a8880
15:10:27.0 (19563551)|VARIABLE_SCOPE_BEGIN|[1105]|label|String|false|false
15:10:27.0 (19568390)|VARIABLE_ASSIGNMENT|[1105]|label|"Final_Test"
15:10:27.0 (19570477)|VARIABLE_SCOPE_BEGIN|[1105]|apiName|String|false|false
15:10:27.0 (19573408)|VARIABLE_ASSIGNMENT|[1105]|apiName|"Final_Test"
15:10:27.0 (19575362)|VARIABLE_SCOPE_BEGIN|[1105]|id|String|false|false
15:10:27.0 (19578683)|VARIABLE_ASSIGNMENT|[1105]|id|"0PS360000017KxHGAU"
15:10:27.0 (19580517)|VARIABLE_SCOPE_BEGIN|[1105]|description|String|false|false
15:10:27.0 (19583862)|VARIABLE_ASSIGNMENT|[1105]|description|"Descp"
15:10:27.0 (19585718)|VARIABLE_SCOPE_BEGIN|[1105]|namespacePrefix|String|false|false
15:10:27.0 (19588807)|VARIABLE_ASSIGNMENT|[1105]|namespacePrefix|"shiva15testns"
15:10:27.0 (19590684)|VARIABLE_SCOPE_BEGIN|[1105]|userLicenseId|String|false|false
15:10:27.0 (19593520)|VARIABLE_ASSIGNMENT|[1105]|userLicenseId|"Salesforce"
15:10:27.0 (19595318)|VARIABLE_SCOPE_BEGIN|[1105]|createdDate|String|false|false
15:10:27.0 (19598542)|VARIABLE_ASSIGNMENT|[1105]|createdDate|"2016-05-03 17:16:41"
15:10:27.0 (19601955)|STATEMENT_EXECUTE|[1088]
15:10:27.0 (19604589)|STATEMENT_EXECUTE|[1091]
15:10:27.0 (19607144)|STATEMENT_EXECUTE|[1093]
15:10:27.0 (19608882)|STATEMENT_EXECUTE|[1095]
15:10:27.0 (19610023)|STATEMENT_EXECUTE|[1097]
15:10:27.0 (19611099)|STATEMENT_EXECUTE|[1099]
15:10:27.0 (19612153)|STATEMENT_EXECUTE|[1101]
15:10:27.0 (19613227)|STATEMENT_EXECUTE|[1103]
15:10:27.0 (19625760)|STATEMENT_EXECUTE|[1106]
15:10:27.0 (19627792)|STATEMENT_EXECUTE|[1107]
15:10:27.0 (19650086)|VARIABLE_ASSIGNMENT|[EXTERNAL]|this|{}|0x184a8880
15:10:27.0 (19655952)|VARIABLE_ASSIGNMENT|[EXTERNAL]|value|"Final_Test"
15:10:27.0 (19663689)|VARIABLE_ASSIGNMENT|[1091]|this.label|"Final_Test"|0x184a8880
15:10:27.0 (19670272)|STATEMENT_EXECUTE|[1108]
15:10:27.0 (19691426)|VARIABLE_ASSIGNMENT|[EXTERNAL]|this|{"label":"Final_Test"}|0x184a8880
15:10:27.0 (19700163)|VARIABLE_ASSIGNMENT|[EXTERNAL]|value|"Final_Test"
15:10:27.0 (19707548)|VARIABLE_ASSIGNMENT|[1093]|this.apiName|"Final_Test"|0x184a8880
15:10:27.0 (19713785)|STATEMENT_EXECUTE|[1109]
15:10:27.0 (19735844)|VARIABLE_ASSIGNMENT|[EXTERNAL]|this|{"apiName":"Final_Test","label":"Final_Test"}|0x184a8880
15:10:27.0 (19741544)|VARIABLE_ASSIGNMENT|[EXTERNAL]|value|"0PS360000017KxHGAU"
15:10:27.0 (19748544)|VARIABLE_ASSIGNMENT|[1095]|this.id|"0PS360000017KxHGAU"|0x184a8880
15:10:27.0 (19754264)|STATEMENT_EXECUTE|[1110]
15:10:27.0 (19775679)|VARIABLE_ASSIGNMENT|[EXTERNAL]|this|{"apiName":"Final_Test","id":"0PS360000017KxHGAU","label":"Final_Test"}|0x184a8880
15:10:27.0 (19781365)|VARIABLE_ASSIGNMENT|[EXTERNAL]|value|"Descp"
15:10:27.0 (19787752)|VARIABLE_ASSIGNMENT|[1097]|this.description|"Descp"|0x184a8880
15:10:27.0 (19793642)|STATEMENT_EXECUTE|[1111]
15:10:27.0 (19820405)|VARIABLE_ASSIGNMENT|[EXTERNAL]|this|{"apiName":"Final_Test","description":"Descp","id":"0PS360000017KxHGAU","label":"Final_Test"}|0x184a8880
15:10:27.0 (19826548)|VARIABLE_ASSIGNMENT|[EXTERNAL]|value|"shiva15testns"
15:10:27.0 (19833808)|VARIABLE_ASSIGNMENT|[1099]|this.namespacePrefix|"shiva15testns"|0x184a8880
15:10:27.0 (19839936)|STATEMENT_EXECUTE|[1112]
15:10:27.0 (19862868)|VARIABLE_ASSIGNMENT|[EXTERNAL]|this|{"apiName":"Final_Test","description":"Descp","id":"0PS360000017KxHGAU","label":"Final_Test","namespacePrefix":"shiva15testns"}|0x184a8880
15:10:27.0 (19868163)|VARIABLE_ASSIGNMENT|[EXTERNAL]|value|"Salesforce"
15:10:27.0 (19874721)|VARIABLE_ASSIGNMENT|[1101]|this.userLicenseId|"Salesforce"|0x184a8880
15:10:27.0 (19880407)|STATEMENT_EXECUTE|[1113]
15:10:27.0 (19903463)|VARIABLE_ASSIGNMENT|[EXTERNAL]|this|{"apiName":"Final_Test","description":"Descp","id":"0PS360000017KxHGAU","label":"Final_Test","namespacePrefix":"shiva15testns","userLicenseId":"Salesforce"}|0x184a8880
15:10:27.0 (19909644)|VARIABLE_ASSIGNMENT|[EXTERNAL]|value|"2016-05-03 17:16:41"
15:10:27.0 (19916349)|VARIABLE_ASSIGNMENT|[1103]|this.createdDate|"2016-05-03 17:16:41"|0x184a8880
15:10:27.0 (19929352)|CONSTRUCTOR_EXIT|[171]|01p36000005Jpvx|<init>(String,String,String,String,String,String,String)
15:10:27.0 (19952333)|VARIABLE_ASSIGNMENT|[171]|pSetObj|{"apiName":"Final_Test","createdDate":"2016-05-03 17:16:41","description":"Descp","id":"0PS360000017KxHGAU","label":"Final_Test","namespacePrefix":"shiva15testns","userLicenseId":"Salesforce"}|0x184a8880
15:10:27.0 (19956224)|STATEMENT_EXECUTE|[173]
15:10:27.0 (19968096)|ENTERING_MANAGED_PKG|
15:10:27.0 (19973288)|HEAP_ALLOCATE|[EXTERNAL]|Bytes:4
15:10:27.0 (19979336)|STATEMENT_EXECUTE|[174]
15:10:27.0 (19992886)|ENTERING_MANAGED_PKG|
15:10:27.0 (20041834)|HEAP_ALLOCATE|[174]|Bytes:189
15:10:27.0 (20058610)|HEAP_ALLOCATE|[174]|Bytes:213
15:10:27.0 (20071460)|ENTERING_MANAGED_PKG|
15:10:27.0 (20083365)|USER_DEBUG|[174]|ERROR|The PermissionSet Name: PermissionSet:{Id=0PS360000017KxHGAU, Label=Final_Test, Name=Final_Test, Description=Descp, NamespacePrefix=shiva15testns, UserLicenseId=10036000000eSpyAAE, CreatedDate=2016-05-04 00:16:41}
15:10:27.0 (20101322)|HEAP_ALLOCATE|[163]|Bytes:5
15:10:27.0 (20124245)|HEAP_ALLOCATE|[163]|Bytes:24
15:10:27.0 (20133029)|VARIABLE_SCOPE_BEGIN|[163]|PSetName|PermissionSet|true|false
15:10:27.0 (20161177)|VARIABLE_ASSIGNMENT|[163]|PSetName|{"s":1,"v":{"Id":"0PS36000001I6ugGAC","Label":"test_pSet","Name":"test_pSet","NamespacePrefix":"shiva15testns","CreatedDate":"2016-05-19T21:43:36.000Z"}}|0x72dd824a
15:10:27.0 (20166319)|STATEMENT_EXECUTE|[163]
15:10:27.0 (20188681)|ENTERING_MANAGED_PKG|
15:10:27.0 (20224290)|STATEMENT_EXECUTE|[164]
15:10:27.0 (20226661)|STATEMENT_EXECUTE|[166]
15:10:27.0 (20231012)|VARIABLE_SCOPE_BEGIN|[166]|user_License_Name|String|false|false
15:10:27.0 (20237579)|VARIABLE_ASSIGNMENT|[166]|user_License_Name|null
15:10:27.0 (20243024)|STATEMENT_EXECUTE|[167]
15:10:27.0 (20244629)|STATEMENT_EXECUTE|[171]
15:10:27.0 (20249549)|HEAP_ALLOCATE|[171]|Bytes:32
15:10:27.0 (20270002)|ENTERING_MANAGED_PKG|
15:10:27.0 (20274616)|HEAP_ALLOCATE|[171]|Bytes:18
15:10:27.0 (20297666)|ENTERING_MANAGED_PKG|
15:10:27.0 (20311267)|HEAP_ALLOCATE|[171]|Bytes:19
15:10:27.0 (20330566)|CONSTRUCTOR_ENTRY|[171]|01p36000005Jpvx|<init>(String,String,String,String,String,String,String)
15:10:27.0 (20339356)|VARIABLE_SCOPE_BEGIN|[1105]|this|shiva15testns.PermissionSetPortalControllers.PermissionSetClass|true|false
15:10:27.0 (20373901)|VARIABLE_ASSIGNMENT|[1105]|this|{}|0x2b29f4e1
15:10:27.0 (20382070)|VARIABLE_SCOPE_BEGIN|[1105]|label|String|false|false
15:10:27.0 (20390377)|VARIABLE_ASSIGNMENT|[1105]|label|"test_pSet"
15:10:27.0 (20393808)|VARIABLE_SCOPE_BEGIN|[1105]|apiName|String|false|false
15:10:27.0 (20398627)|VARIABLE_ASSIGNMENT|[1105]|apiName|"test_pSet"
15:10:27.0 (20400655)|VARIABLE_SCOPE_BEGIN|[1105]|id|String|false|false
15:10:27.0 (20404071)|VARIABLE_ASSIGNMENT|[1105]|id|"0PS36000001I6ugGAC"
15:10:27.0 (20405958)|VARIABLE_SCOPE_BEGIN|[1105]|description|String|false|false
15:10:27.0 (20409383)|VARIABLE_ASSIGNMENT|[1105]|description|null
15:10:27.0 (20411252)|VARIABLE_SCOPE_BEGIN|[1105]|namespacePrefix|String|false|false
15:10:27.0 (20414560)|VARIABLE_ASSIGNMENT|[1105]|namespacePrefix|"shiva15testns"
15:10:27.0 (20416500)|VARIABLE_SCOPE_BEGIN|[1105]|userLicenseId|String|false|false
15:10:27.0 (20419111)|VARIABLE_ASSIGNMENT|[1105]|userLicenseId|null
15:10:27.0 (20420927)|VARIABLE_SCOPE_BEGIN|[1105]|createdDate|String|false|false
15:10:27.0 (20424316)|VARIABLE_ASSIGNMENT|[1105]|createdDate|"2016-05-19 14:43:36"
15:10:27.0 (20427742)|STATEMENT_EXECUTE|[1088]
15:10:27.0 (20429051)|STATEMENT_EXECUTE|[1091]
15:10:27.0 (20430462)|STATEMENT_EXECUTE|[1093]
15:10:27.0 (20431570)|STATEMENT_EXECUTE|[1095]
15:10:27.0 (20432615)|STATEMENT_EXECUTE|[1097]
15:10:27.0 (20433669)|STATEMENT_EXECUTE|[1099]
15:10:27.0 (20434712)|STATEMENT_EXECUTE|[1101]
15:10:27.0 (20435742)|STATEMENT_EXECUTE|[1103]
15:10:27.0 (20448749)|STATEMENT_EXECUTE|[1106]
15:10:27.0 (20450712)|STATEMENT_EXECUTE|[1107]
15:10:27.0 (20473936)|VARIABLE_ASSIGNMENT|[EXTERNAL]|this|{}|0x2b29f4e1
15:10:27.0 (20479631)|VARIABLE_ASSIGNMENT|[EXTERNAL]|value|"test_pSet"
15:10:27.0 (20487402)|VARIABLE_ASSIGNMENT|[1091]|this.label|"test_pSet"|0x2b29f4e1
15:10:27.0 (20493610)|STATEMENT_EXECUTE|[1108]
15:10:27.0 (20528259)|VARIABLE_ASSIGNMENT|[EXTERNAL]|this|{"label":"test_pSet"}|0x2b29f4e1
15:10:27.0 (20540840)|VARIABLE_ASSIGNMENT|[EXTERNAL]|value|"test_pSet"
15:10:27.0 (20555146)|VARIABLE_ASSIGNMENT|[1093]|this.apiName|"test_pSet"|0x2b29f4e1
15:10:27.0 (20567198)|STATEMENT_EXECUTE|[1109]
15:10:27.0 (20609843)|VARIABLE_ASSIGNMENT|[EXTERNAL]|this|{"apiName":"test_pSet","label":"test_pSet"}|0x2b29f4e1
15:10:27.0 (20620135)|VARIABLE_ASSIGNMENT|[EXTERNAL]|value|"0PS36000001I6ugGAC"
15:10:27.0 (20634750)|VARIABLE_ASSIGNMENT|[1095]|this.id|"0PS36000001I6ugGAC"|0x2b29f4e1
15:10:27.0 (20647152)|STATEMENT_EXECUTE|[1110]
15:10:27.0 (20683114)|VARIABLE_ASSIGNMENT|[EXTERNAL]|this|{"apiName":"test_pSet","id":"0PS36000001I6ugGAC","label":"test_pSet"}|0x2b29f4e1
15:10:27.0 (20689728)|VARIABLE_ASSIGNMENT|[EXTERNAL]|value|null
15:10:27.0 (20700323)|VARIABLE_ASSIGNMENT|[1097]|this.description|null|0x2b29f4e1
15:10:27.0 (20707401)|STATEMENT_EXECUTE|[1111]
15:10:27.0 (20730284)|VARIABLE_ASSIGNMENT|[EXTERNAL]|this|{"apiName":"test_pSet","id":"0PS36000001I6ugGAC","label":"test_pSet"}|0x2b29f4e1
15:10:27.0 (20735984)|VARIABLE_ASSIGNMENT|[EXTERNAL]|value|"shiva15testns"
15:10:27.0 (20742723)|VARIABLE_ASSIGNMENT|[1099]|this.namespacePrefix|"shiva15testns"|0x2b29f4e1
15:10:27.0 (20748405)|STATEMENT_EXECUTE|[1112]
15:10:27.0 (20769876)|VARIABLE_ASSIGNMENT|[EXTERNAL]|this|{"apiName":"test_pSet","id":"0PS36000001I6ugGAC","label":"test_pSet","namespacePrefix":"shiva15testns"}|0x2b29f4e1
15:10:27.0 (20775188)|VARIABLE_ASSIGNMENT|[EXTERNAL]|value|null
15:10:27.0 (20781181)|VARIABLE_ASSIGNMENT|[1101]|this.userLicenseId|null|0x2b29f4e1
15:10:27.0 (20787027)|STATEMENT_EXECUTE|[1113]
15:10:27.0 (20808391)|VARIABLE_ASSIGNMENT|[EXTERNAL]|this|{"apiName":"test_pSet","id":"0PS36000001I6ugGAC","label":"test_pSet","namespacePrefix":"shiva15testns"}|0x2b29f4e1
15:10:27.0 (20818861)|VARIABLE_ASSIGNMENT|[EXTERNAL]|value|"2016-05-19 14:43:36"
15:10:27.0 (20826155)|VARIABLE_ASSIGNMENT|[1103]|this.createdDate|"2016-05-19 14:43:36"|0x2b29f4e1
15:10:27.0 (20839740)|CONSTRUCTOR_EXIT|[171]|01p36000005Jpvx|<init>(String,String,String,String,String,String,String)
15:10:27.0 (20861093)|VARIABLE_ASSIGNMENT|[171]|pSetObj|{"apiName":"test_pSet","createdDate":"2016-05-19 14:43:36","id":"0PS36000001I6ugGAC","label":"test_pSet","namespacePrefix":"shiva15testns"}|0x2b29f4e1
15:10:27.0 (20864879)|STATEMENT_EXECUTE|[173]
15:10:27.0 (20876769)|ENTERING_MANAGED_PKG|
15:10:27.0 (20881683)|HEAP_ALLOCATE|[EXTERNAL]|Bytes:4
15:10:27.0 (20889856)|STATEMENT_EXECUTE|[174]
15:10:27.0 (20912935)|ENTERING_MANAGED_PKG|
15:10:27.0 (20975497)|HEAP_ALLOCATE|[174]|Bytes:134
15:10:27.0 (20993339)|HEAP_ALLOCATE|[174]|Bytes:158
15:10:27.0 (21006274)|ENTERING_MANAGED_PKG|
15:10:27.0 (21019227)|USER_DEBUG|[174]|ERROR|The PermissionSet Name: PermissionSet:{Id=0PS36000001I6ugGAC, Label=test_pSet, Name=test_pSet, NamespacePrefix=shiva15testns, CreatedDate=2016-05-19 21:43:36}
15:10:27.0 (21037959)|HEAP_ALLOCATE|[163]|Bytes:5
15:10:27.0 (21051815)|VARIABLE_ASSIGNMENT|[163]|PSetName|null|
15:10:27.0 (21055456)|STATEMENT_EXECUTE|[177]
15:10:27.0 (21066793)|SYSTEM_MODE_EXIT|false
15:10:27.21 (21108829)|CUMULATIVE_LIMIT_USAGE
15:10:27.21 (21108829)|LIMIT_USAGE_FOR_NS|(default)|
  Number of SOQL queries: 0 out of 100
  Number of query rows: 0 out of 50000
  Number of SOSL queries: 0 out of 20
  Number of DML statements: 0 out of 150
  Number of DML rows: 0 out of 10000
  Maximum CPU time: 0 out of 10000
  Maximum heap size: 0 out of 6000000
  Number of callouts: 0 out of 100
  Number of Email Invocations: 0 out of 10
  Number of future calls: 0 out of 50
  Number of queueable jobs added to the queue: 0 out of 50
  Number of Mobile Apex push calls: 0 out of 10

15:10:27.21 (21108829)|LIMIT_USAGE_FOR_NS|shiva15testns|
  Number of SOQL queries: 3 out of 100
  Number of query rows: 41 out of 50000
  Number of SOSL queries: 0 out of 20
  Number of DML statements: 0 out of 150
  Number of DML rows: 0 out of 10000
  Maximum CPU time: 0 out of 10000
  Maximum heap size: 0 out of 6000000
  Number of callouts: 0 out of 100
  Number of Email Invocations: 0 out of 10
  Number of future calls: 0 out of 50
  Number of queueable jobs added to the queue: 0 out of 50
  Number of Mobile Apex push calls: 0 out of 10

15:10:27.21 (21108829)|CUMULATIVE_LIMIT_USAGE_END

15:10:27.0 (21161433)|CODE_UNIT_FINISHED|PermissionSetPortalControllers.getAllPermissionSets
15:10:27.0 (23502890)|EXECUTION_FINISHED
15:10:27.26 (26120539)|EXECUTION_STARTED
15:10:27.26 (26158383)|CODE_UNIT_STARTED|[EXTERNAL]|Aura
15:10:27.26 (26214500)|CODE_UNIT_FINISHED|Aura
15:10:27.26 (27311934)|EXECUTION_FINISHED
15:10:27.28 (28379578)|EXECUTION_STARTED
15:10:27.28 (28386745)|CODE_UNIT_STARTED|[EXTERNAL]|Aura
15:10:27.28 (28423682)|CODE_UNIT_FINISHED|Aura
15:10:27.28 (29705657)|EXECUTION_FINISHED
15:10:27.30 (30754539)|EXECUTION_STARTED
15:10:27.30 (30764483)|CODE_UNIT_STARTED|[EXTERNAL]|Aura
15:10:27.30 (30822988)|CODE_UNIT_FINISHED|Aura
15:10:27.30 (32059628)|EXECUTION_FINISHED
