36.0 APEX_CODE,FINEST;APEX_PROFILING,INFO;CALLOUT,INFO;DB,INFO;SYSTEM,DEBUG;VALIDATION,INFO;VISUALFORCE,INFO;WORKFLOW,INFO
17:44:36.0 (573318)|HEAP_ALLOCATE|[72]|Bytes:3
17:44:36.0 (661503)|HEAP_ALLOCATE|[77]|Bytes:152
17:44:36.0 (683811)|HEAP_ALLOCATE|[342]|Bytes:408
17:44:36.0 (705976)|HEAP_ALLOCATE|[355]|Bytes:408
17:44:36.0 (725961)|HEAP_ALLOCATE|[467]|Bytes:48
17:44:36.2 (2527539)|STATEMENT_EXECUTE|[1]
17:44:36.2 (2568829)|HEAP_ALLOCATE|[50]|Bytes:5
17:44:36.2 (2593400)|HEAP_ALLOCATE|[56]|Bytes:5
17:44:36.2 (2602700)|HEAP_ALLOCATE|[64]|Bytes:7
17:44:36.2 (2631337)|SYSTEM_MODE_ENTER|false
17:44:36.2 (2649550)|HEAP_ALLOCATE|[EXTERNAL]|Bytes:5
17:44:36.2 (2659910)|STATEMENT_EXECUTE|[918]
17:44:36.2 (2661786)|STATEMENT_EXECUTE|[947]
17:44:36.2 (2663311)|STATEMENT_EXECUTE|[975]
17:44:36.2 (2664593)|STATEMENT_EXECUTE|[1004]
17:44:36.2 (2665933)|STATEMENT_EXECUTE|[1020]
17:44:36.2 (2667145)|STATEMENT_EXECUTE|[1037]
17:44:36.2 (2668571)|STATEMENT_EXECUTE|[1048]
17:44:36.2 (2669741)|STATEMENT_EXECUTE|[1053]
17:44:36.2 (2673598)|SYSTEM_MODE_EXIT|false
17:44:36.2 (2686828)|METHOD_EXIT|[1]|PermissionSetPortalControllers
17:44:36.2 (2692273)|HEAP_ALLOCATE|[EXTERNAL]|Bytes:25
17:44:36.2 (2694362)|HEAP_ALLOCATE|[EXTERNAL]|Bytes:18
17:44:36.2 (2702092)|SYSTEM_MODE_ENTER|false
17:44:36.2 (2713431)|VARIABLE_SCOPE_BEGIN|[378]|selectedObject|String|false|false
17:44:36.2 (2739706)|VARIABLE_ASSIGNMENT|[378]|selectedObject|"shiva15testns__expen (5 more) ..."
17:44:36.2 (2744856)|VARIABLE_SCOPE_BEGIN|[378]|selectedPSet|String|false|false
17:44:36.2 (2749339)|VARIABLE_ASSIGNMENT|[378]|selectedPSet|"0PS36000000q71PGAQ"
17:44:36.2 (2762742)|HEAP_ALLOCATE|[379]|Bytes:5
17:44:36.2 (2767314)|STATEMENT_EXECUTE|[378]
17:44:36.2 (2768845)|STATEMENT_EXECUTE|[379]
17:44:36.2 (2769914)|STATEMENT_EXECUTE|[379]
17:44:36.2 (2771259)|STATEMENT_EXECUTE|[380]
17:44:36.2 (2776325)|HEAP_ALLOCATE|[380]|Bytes:4
17:44:36.2 (2852983)|ENTERING_MANAGED_PKG|
17:44:36.2 (2882738)|VARIABLE_SCOPE_BEGIN|[380]|listOfFieldsForSorting|List<shiva15testns.PermissionSetPortalControllers.FieldDetailsClass>|true|false
17:44:36.2 (2910515)|HEAP_ALLOCATE|[EXTERNAL]|Bytes:4
17:44:36.2 (2930282)|VARIABLE_ASSIGNMENT|[380]|listOfFieldsForSorting|{"s":1,"v":[]}|0x2716dc36
17:44:36.2 (2934186)|STATEMENT_EXECUTE|[381]
17:44:36.2 (2962065)|ENTERING_MANAGED_PKG|
17:44:36.2 (15048599)|HEAP_ALLOCATE|[381]|Bytes:1420
17:44:36.2 (15066186)|VARIABLE_SCOPE_BEGIN|[381]|schemaMap|Map<String,Schema.SObjectType>|true|false
17:44:36.2 (15311946)|VARIABLE_ASSIGNMENT|[381]|schemaMap|"{acceptedeventrelation=AcceptedEventRelation, account=Account, accountcleaninfo=AccountCleanInfo, accountcontactrole=AccountContactRole, accountfeed=AccountFeed, accounthistory=AccountHistory, accountpartner=AccountPartner, accountshare=AccountShare, actionlinkgrouptemplate=ActionLinkGroupTemplate, actionlinktemplate=ActionLinkTemplate, ...}"|0x73ff2347
17:44:36.2 (15319523)|STATEMENT_EXECUTE|[382]
17:44:36.2 (15326922)|HEAP_ALLOCATE|[382]|Bytes:4
17:44:36.2 (15341743)|ENTERING_MANAGED_PKG|
17:44:36.2 (15363097)|VARIABLE_SCOPE_BEGIN|[382]|individualObjectAllFieldsList|List<shiva15testns.PermissionSetPortalControllers.FieldDetailsClass>|true|false
17:44:36.2 (15374702)|HEAP_ALLOCATE|[EXTERNAL]|Bytes:4
17:44:36.2 (15386947)|VARIABLE_ASSIGNMENT|[382]|individualObjectAllFieldsList|{"s":1,"v":[]}|0x18fc5287
17:44:36.2 (15390479)|STATEMENT_EXECUTE|[383]
17:44:36.2 (15446030)|VARIABLE_SCOPE_BEGIN|[383]|fieldClassObj|shiva15testns.PermissionSetPortalControllers.FieldDetailsClass|true|false
17:44:36.2 (15454948)|VARIABLE_ASSIGNMENT|[383]|fieldClassObj|null|
17:44:36.2 (15473299)|ENTERING_MANAGED_PKG|
17:44:36.2 (15502709)|STATEMENT_EXECUTE|[386]
17:44:36.2 (15505077)|STATEMENT_EXECUTE|[388]
17:44:36.2 (15516703)|ENTERING_MANAGED_PKG|
17:44:36.2 (15879902)|HEAP_ALLOCATE|[388]|Bytes:4
17:44:36.2 (17116197)|HEAP_ALLOCATE|[388]|Bytes:64
17:44:36.2 (17129531)|VARIABLE_SCOPE_BEGIN|[388]|IndividiaulfieldMap|Map<String,Schema.SObjectField>|true|false
17:44:36.2 (17272441)|VARIABLE_ASSIGNMENT|[388]|IndividiaulfieldMap|"{createdbyid=CreatedById, createddate=CreatedDate, id=Id, isdeleted=IsDeleted, lastmodifiedbyid=LastModifiedById, lastmodifieddate=LastModifiedDate, lastreferenceddate=LastReferencedDate, lastvieweddate=LastViewedDate, name=Name, ownerid=OwnerId, ...}"|0x6e36a72e
17:44:36.2 (17293112)|ENTERING_MANAGED_PKG|
17:44:36.2 (17317417)|STATEMENT_EXECUTE|[390]
17:44:36.2 (17319811)|STATEMENT_EXECUTE|[392]
17:44:36.2 (17333498)|METHOD_ENTRY|[392]|01p36000005Jpvx|shiva15testns.PermissionSetPortalControllers.addSystemLevelFields()
17:44:36.2 (17358140)|HEAP_ALLOCATE|[86]|Bytes:5
17:44:36.2 (17363005)|STATEMENT_EXECUTE|[85]
17:44:36.2 (17364641)|STATEMENT_EXECUTE|[86]
17:44:36.2 (17369293)|HEAP_ALLOCATE|[86]|Bytes:4
17:44:36.2 (17388146)|ENTERING_MANAGED_PKG|
17:44:36.2 (17409441)|VARIABLE_SCOPE_BEGIN|[86]|fieldsWhichCannotBeAccessible|Set<String>|true|false
17:44:36.2 (17448135)|VARIABLE_ASSIGNMENT|[86]|fieldsWhichCannotBeAccessible|{"s":1,"v":[]}|0x41f2c8ff
17:44:36.2 (17452401)|STATEMENT_EXECUTE|[87]
17:44:36.2 (17456939)|HEAP_ALLOCATE|[87]|Bytes:2
17:44:36.2 (17475409)|ENTERING_MANAGED_PKG|
17:44:36.2 (17495558)|HEAP_ALLOCATE|[EXTERNAL]|Bytes:4
17:44:36.2 (17503483)|STATEMENT_EXECUTE|[88]
17:44:36.2 (17507368)|HEAP_ALLOCATE|[88]|Bytes:9
17:44:36.2 (17518768)|ENTERING_MANAGED_PKG|
17:44:36.2 (17533868)|HEAP_ALLOCATE|[EXTERNAL]|Bytes:4
17:44:36.2 (17540668)|STATEMENT_EXECUTE|[89]
17:44:36.2 (17544655)|HEAP_ALLOCATE|[89]|Bytes:11
17:44:36.2 (17555467)|ENTERING_MANAGED_PKG|
17:44:36.2 (17569768)|HEAP_ALLOCATE|[EXTERNAL]|Bytes:4
17:44:36.2 (17576185)|STATEMENT_EXECUTE|[90]
17:44:36.2 (17579776)|HEAP_ALLOCATE|[90]|Bytes:11
17:44:36.2 (17589974)|ENTERING_MANAGED_PKG|
17:44:36.2 (17604300)|HEAP_ALLOCATE|[EXTERNAL]|Bytes:4
17:44:36.2 (17610814)|STATEMENT_EXECUTE|[91]
17:44:36.2 (17614111)|HEAP_ALLOCATE|[91]|Bytes:16
17:44:36.2 (17624257)|ENTERING_MANAGED_PKG|
17:44:36.2 (17637974)|HEAP_ALLOCATE|[EXTERNAL]|Bytes:4
17:44:36.2 (17644302)|STATEMENT_EXECUTE|[92]
17:44:36.2 (17647806)|HEAP_ALLOCATE|[92]|Bytes:16
17:44:36.2 (17663109)|ENTERING_MANAGED_PKG|
17:44:36.2 (17678424)|HEAP_ALLOCATE|[EXTERNAL]|Bytes:4
17:44:36.2 (17685197)|STATEMENT_EXECUTE|[93]
17:44:36.2 (17689192)|HEAP_ALLOCATE|[93]|Bytes:14
17:44:36.2 (17700077)|ENTERING_MANAGED_PKG|
17:44:36.2 (17714051)|HEAP_ALLOCATE|[EXTERNAL]|Bytes:4
17:44:36.2 (17720427)|STATEMENT_EXECUTE|[94]
17:44:36.2 (17727741)|METHOD_EXIT|[392]|01p36000005Jpvx|shiva15testns.PermissionSetPortalControllers.addSystemLevelFields()
17:44:36.2 (17732676)|VARIABLE_SCOPE_BEGIN|[392]|systemFields|Set<String>|true|false
17:44:36.2 (17747878)|VARIABLE_ASSIGNMENT|[392]|systemFields|{"s":1,"v":"List of size 7 too large to display"}|0x41f2c8ff
17:44:36.2 (17750830)|STATEMENT_EXECUTE|[393]
17:44:36.2 (17762754)|METHOD_ENTRY|[393]|01p36000005Jpvx|shiva15testns.PermissionSetPortalControllers.addStringsWhichCannotBeAccessible()
17:44:36.2 (17785220)|HEAP_ALLOCATE|[98]|Bytes:5
17:44:36.2 (17789548)|STATEMENT_EXECUTE|[97]
17:44:36.2 (17791156)|STATEMENT_EXECUTE|[98]
17:44:36.2 (17795583)|HEAP_ALLOCATE|[98]|Bytes:4
17:44:36.2 (17807157)|ENTERING_MANAGED_PKG|
17:44:36.2 (17825533)|VARIABLE_SCOPE_BEGIN|[98]|fieldStrings|Set<String>|true|false
17:44:36.2 (17843719)|VARIABLE_ASSIGNMENT|[98]|fieldStrings|{"s":1,"v":[]}|0x2a166ef6
17:44:36.2 (17847309)|STATEMENT_EXECUTE|[99]
17:44:36.2 (17851610)|HEAP_ALLOCATE|[99]|Bytes:10
17:44:36.2 (17865867)|ENTERING_MANAGED_PKG|
17:44:36.2 (17882979)|HEAP_ALLOCATE|[EXTERNAL]|Bytes:4
17:44:36.2 (17890296)|STATEMENT_EXECUTE|[100]
17:44:36.2 (17893850)|HEAP_ALLOCATE|[100]|Bytes:12
17:44:36.2 (17905052)|ENTERING_MANAGED_PKG|
17:44:36.2 (17919397)|HEAP_ALLOCATE|[EXTERNAL]|Bytes:4
17:44:36.2 (17925852)|STATEMENT_EXECUTE|[101]
17:44:36.2 (17929782)|HEAP_ALLOCATE|[101]|Bytes:11
17:44:36.2 (17940546)|ENTERING_MANAGED_PKG|
17:44:36.2 (17954613)|HEAP_ALLOCATE|[EXTERNAL]|Bytes:4
17:44:36.2 (17961224)|STATEMENT_EXECUTE|[102]
17:44:36.2 (17964824)|HEAP_ALLOCATE|[102]|Bytes:13
17:44:36.2 (17975235)|ENTERING_MANAGED_PKG|
17:44:36.2 (17989265)|HEAP_ALLOCATE|[EXTERNAL]|Bytes:4
17:44:36.2 (17995725)|STATEMENT_EXECUTE|[103]
17:44:36.2 (17999556)|HEAP_ALLOCATE|[103]|Bytes:9
17:44:36.2 (18009922)|ENTERING_MANAGED_PKG|
17:44:36.2 (18024992)|HEAP_ALLOCATE|[EXTERNAL]|Bytes:4
17:44:36.2 (18031695)|STATEMENT_EXECUTE|[104]
17:44:36.2 (18035073)|HEAP_ALLOCATE|[104]|Bytes:11
17:44:36.2 (18046996)|ENTERING_MANAGED_PKG|
17:44:36.2 (18060983)|HEAP_ALLOCATE|[EXTERNAL]|Bytes:4
17:44:36.2 (18067345)|STATEMENT_EXECUTE|[105]
17:44:36.2 (18071098)|HEAP_ALLOCATE|[105]|Bytes:15
17:44:36.2 (18081607)|ENTERING_MANAGED_PKG|
17:44:36.2 (18096179)|HEAP_ALLOCATE|[EXTERNAL]|Bytes:4
17:44:36.2 (18102629)|STATEMENT_EXECUTE|[106]
17:44:36.2 (18106389)|HEAP_ALLOCATE|[106]|Bytes:17
17:44:36.2 (18116879)|ENTERING_MANAGED_PKG|
17:44:36.2 (18130764)|HEAP_ALLOCATE|[EXTERNAL]|Bytes:4
17:44:36.2 (18137396)|STATEMENT_EXECUTE|[107]
17:44:36.2 (18140896)|HEAP_ALLOCATE|[107]|Bytes:12
17:44:36.2 (18151323)|ENTERING_MANAGED_PKG|
17:44:36.2 (18165257)|HEAP_ALLOCATE|[EXTERNAL]|Bytes:4
17:44:36.2 (18171863)|STATEMENT_EXECUTE|[108]
17:44:36.2 (18175423)|HEAP_ALLOCATE|[108]|Bytes:14
17:44:36.2 (18185632)|ENTERING_MANAGED_PKG|
17:44:36.2 (18199356)|HEAP_ALLOCATE|[EXTERNAL]|Bytes:4
17:44:36.2 (18205704)|STATEMENT_EXECUTE|[109]
17:44:36.2 (18209916)|HEAP_ALLOCATE|[109]|Bytes:13
17:44:36.2 (18220470)|ENTERING_MANAGED_PKG|
17:44:36.2 (18234066)|HEAP_ALLOCATE|[EXTERNAL]|Bytes:4
17:44:36.2 (18240451)|STATEMENT_EXECUTE|[110]
17:44:36.2 (18244221)|HEAP_ALLOCATE|[110]|Bytes:15
17:44:36.2 (18254712)|ENTERING_MANAGED_PKG|
17:44:36.2 (18268464)|HEAP_ALLOCATE|[EXTERNAL]|Bytes:4
17:44:36.2 (18274987)|STATEMENT_EXECUTE|[111]
17:44:36.2 (18278771)|HEAP_ALLOCATE|[111]|Bytes:14
17:44:36.2 (18289622)|ENTERING_MANAGED_PKG|
17:44:36.2 (18303277)|HEAP_ALLOCATE|[EXTERNAL]|Bytes:4
17:44:36.2 (18310480)|STATEMENT_EXECUTE|[112]
17:44:36.2 (18314222)|HEAP_ALLOCATE|[112]|Bytes:16
17:44:36.2 (18324615)|ENTERING_MANAGED_PKG|
17:44:36.2 (18338344)|HEAP_ALLOCATE|[EXTERNAL]|Bytes:4
17:44:36.2 (18344653)|STATEMENT_EXECUTE|[113]
17:44:36.2 (18348469)|HEAP_ALLOCATE|[113]|Bytes:20
17:44:36.2 (18358869)|ENTERING_MANAGED_PKG|
17:44:36.2 (18372592)|HEAP_ALLOCATE|[EXTERNAL]|Bytes:4
17:44:36.2 (18378992)|STATEMENT_EXECUTE|[114]
17:44:36.2 (18382910)|HEAP_ALLOCATE|[114]|Bytes:22
17:44:36.2 (18393292)|ENTERING_MANAGED_PKG|
17:44:36.2 (18406989)|HEAP_ALLOCATE|[EXTERNAL]|Bytes:4
17:44:36.2 (18413494)|STATEMENT_EXECUTE|[115]
17:44:36.2 (18417122)|HEAP_ALLOCATE|[115]|Bytes:10
17:44:36.2 (18427560)|ENTERING_MANAGED_PKG|
17:44:36.2 (18441378)|HEAP_ALLOCATE|[EXTERNAL]|Bytes:4
17:44:36.2 (18447867)|STATEMENT_EXECUTE|[117]
17:44:36.2 (18454549)|METHOD_EXIT|[393]|01p36000005Jpvx|shiva15testns.PermissionSetPortalControllers.addStringsWhichCannotBeAccessible()
17:44:36.2 (18458894)|VARIABLE_SCOPE_BEGIN|[393]|fieldStrings|Set<String>|true|false
17:44:36.2 (18472366)|VARIABLE_ASSIGNMENT|[393]|fieldStrings|{"s":1,"v":"List of size 17 too large to display"}|0x2a166ef6
17:44:36.2 (18482030)|HEAP_ALLOCATE|[394]|Bytes:4
17:44:36.2 (18498448)|ENTERING_MANAGED_PKG|
17:44:36.2 (18521233)|ENTERING_MANAGED_PKG|
17:44:36.2 (18552251)|HEAP_ALLOCATE|[394]|Bytes:4
17:44:36.2 (18661424)|HEAP_ALLOCATE|[394]|Bytes:64
17:44:36.2 (18681403)|ENTERING_MANAGED_PKG|
17:44:36.2 (18709277)|HEAP_ALLOCATE|[394]|Bytes:284
17:44:36.2 (18726972)|ENTERING_MANAGED_PKG|
17:44:36.2 (18733344)|HEAP_ALLOCATE|[394]|Bytes:60
17:44:36.2 (18743095)|ENTERING_MANAGED_PKG|
17:44:36.2 (18819219)|HEAP_ALLOCATE|[394]|Bytes:5
17:44:36.2 (18838734)|VARIABLE_SCOPE_BEGIN|[394]|sfield|String|false|false
17:44:36.2 (18846823)|VARIABLE_ASSIGNMENT|[394]|sfield|"id"
17:44:36.2 (18850025)|STATEMENT_EXECUTE|[394]
17:44:36.2 (18862101)|ENTERING_MANAGED_PKG|
17:44:36.2 (19536587)|HEAP_ALLOCATE|[397]|Bytes:8
17:44:36.2 (19564565)|STATEMENT_EXECUTE|[397]
17:44:36.2 (19579921)|ENTERING_MANAGED_PKG|
17:44:36.2 (19644610)|HEAP_ALLOCATE|[400]|Bytes:8
17:44:36.2 (19667000)|STATEMENT_EXECUTE|[400]
17:44:36.2 (19680481)|ENTERING_MANAGED_PKG|
17:44:36.2 (19738665)|HEAP_ALLOCATE|[404]|Bytes:8
17:44:36.2 (19755747)|STATEMENT_EXECUTE|[422]
17:44:36.2 (19757930)|STATEMENT_EXECUTE|[423]
17:44:36.2 (19761509)|HEAP_ALLOCATE|[423]|Bytes:24
17:44:36.2 (19765425)|HEAP_ALLOCATE|[423]|Bytes:11
17:44:36.2 (19777385)|ENTERING_MANAGED_PKG|
17:44:36.2 (19834237)|HEAP_ALLOCATE|[423]|Bytes:8
17:44:36.2 (19852998)|HEAP_ALLOCATE|[423]|Bytes:9
17:44:36.2 (19857371)|HEAP_ALLOCATE|[423]|Bytes:10
17:44:36.2 (19869450)|ENTERING_MANAGED_PKG|
17:44:36.2 (19906442)|HEAP_ALLOCATE|[423]|Bytes:8
17:44:36.2 (19924571)|HEAP_ALLOCATE|[423]|Bytes:2
17:44:36.2 (19938554)|HEAP_ALLOCATE|[423]|Bytes:58
17:44:36.2 (19942728)|HEAP_ALLOCATE|[423]|Bytes:14
17:44:36.2 (19955030)|ENTERING_MANAGED_PKG|
17:44:36.2 (19992220)|HEAP_ALLOCATE|[423]|Bytes:8
17:44:36.2 (20009093)|HEAP_ALLOCATE|[423]|Bytes:2
17:44:36.2 (20019643)|HEAP_ALLOCATE|[423]|Bytes:16
17:44:36.2 (20024243)|HEAP_ALLOCATE|[423]|Bytes:74
17:44:36.2 (20047165)|ENTERING_MANAGED_PKG|
17:44:36.2 (20058972)|USER_DEBUG|[423]|DEBUG|This is not accessible: id### label: Record ID ## name: Id## localname: Id
17:44:36.2 (20075079)|HEAP_ALLOCATE|[394]|Bytes:5
17:44:36.2 (20087914)|VARIABLE_SCOPE_BEGIN|[394]|sfield|String|false|false
17:44:36.2 (20096118)|VARIABLE_ASSIGNMENT|[394]|sfield|"ownerid"
17:44:36.2 (20099058)|STATEMENT_EXECUTE|[394]
17:44:36.2 (20108301)|ENTERING_MANAGED_PKG|
17:44:36.2 (20271575)|HEAP_ALLOCATE|[397]|Bytes:8
17:44:36.2 (20285483)|STATEMENT_EXECUTE|[397]
17:44:36.2 (20296597)|ENTERING_MANAGED_PKG|
17:44:36.2 (20329071)|HEAP_ALLOCATE|[400]|Bytes:8
17:44:36.2 (20339760)|STATEMENT_EXECUTE|[400]
17:44:36.2 (20348927)|ENTERING_MANAGED_PKG|
17:44:36.2 (20378499)|HEAP_ALLOCATE|[404]|Bytes:8
17:44:36.2 (20388812)|STATEMENT_EXECUTE|[422]
17:44:36.2 (20390579)|STATEMENT_EXECUTE|[423]
17:44:36.2 (20400126)|ENTERING_MANAGED_PKG|
17:44:36.2 (20429547)|HEAP_ALLOCATE|[423]|Bytes:8
17:44:36.2 (20440179)|HEAP_ALLOCATE|[423]|Bytes:8
17:44:36.2 (20455935)|ENTERING_MANAGED_PKG|
17:44:36.2 (20487724)|HEAP_ALLOCATE|[423]|Bytes:8
17:44:36.2 (20497853)|HEAP_ALLOCATE|[423]|Bytes:7
17:44:36.2 (20503844)|HEAP_ALLOCATE|[423]|Bytes:67
17:44:36.2 (20514410)|ENTERING_MANAGED_PKG|
17:44:36.2 (20543964)|HEAP_ALLOCATE|[423]|Bytes:8
17:44:36.2 (20553451)|HEAP_ALLOCATE|[423]|Bytes:7
17:44:36.2 (20558491)|HEAP_ALLOCATE|[423]|Bytes:21
17:44:36.2 (20562010)|HEAP_ALLOCATE|[423]|Bytes:88
17:44:36.2 (20571926)|ENTERING_MANAGED_PKG|
17:44:36.2 (20579207)|USER_DEBUG|[423]|DEBUG|This is not accessible: ownerid### label: Owner ID ## name: OwnerId## localname: OwnerId
17:44:36.2 (20594517)|HEAP_ALLOCATE|[394]|Bytes:5
17:44:36.2 (20606727)|VARIABLE_SCOPE_BEGIN|[394]|sfield|String|false|false
17:44:36.2 (20614566)|VARIABLE_ASSIGNMENT|[394]|sfield|"isdeleted"
17:44:36.2 (20617438)|STATEMENT_EXECUTE|[394]
17:44:36.2 (20626620)|ENTERING_MANAGED_PKG|
17:44:36.2 (20740852)|HEAP_ALLOCATE|[397]|Bytes:8
17:44:36.2 (20754536)|STATEMENT_EXECUTE|[397]
17:44:36.2 (20765524)|ENTERING_MANAGED_PKG|
17:44:36.2 (20797980)|HEAP_ALLOCATE|[400]|Bytes:8
17:44:36.2 (20808260)|STATEMENT_EXECUTE|[400]
17:44:36.2 (20817468)|ENTERING_MANAGED_PKG|
17:44:36.2 (20846561)|HEAP_ALLOCATE|[404]|Bytes:8
17:44:36.2 (20856909)|STATEMENT_EXECUTE|[422]
17:44:36.2 (20858587)|STATEMENT_EXECUTE|[423]
17:44:36.2 (20868195)|ENTERING_MANAGED_PKG|
17:44:36.2 (20897258)|HEAP_ALLOCATE|[423]|Bytes:8
17:44:36.2 (20907725)|HEAP_ALLOCATE|[423]|Bytes:7
17:44:36.2 (20918206)|ENTERING_MANAGED_PKG|
17:44:36.2 (20946647)|HEAP_ALLOCATE|[423]|Bytes:8
17:44:36.2 (20956352)|HEAP_ALLOCATE|[423]|Bytes:9
17:44:36.2 (20962249)|HEAP_ALLOCATE|[423]|Bytes:70
17:44:36.2 (20972550)|ENTERING_MANAGED_PKG|
17:44:36.2 (21001549)|HEAP_ALLOCATE|[423]|Bytes:8
17:44:36.2 (21011835)|HEAP_ALLOCATE|[423]|Bytes:9
17:44:36.2 (21017259)|HEAP_ALLOCATE|[423]|Bytes:23
17:44:36.2 (21020791)|HEAP_ALLOCATE|[423]|Bytes:93
17:44:36.2 (21030589)|ENTERING_MANAGED_PKG|
17:44:36.2 (21037679)|USER_DEBUG|[423]|DEBUG|This is not accessible: isdeleted### label: Deleted ## name: IsDeleted## localname: IsDeleted
17:44:36.2 (21052543)|HEAP_ALLOCATE|[394]|Bytes:5
17:44:36.2 (21064446)|VARIABLE_SCOPE_BEGIN|[394]|sfield|String|false|false
17:44:36.2 (21071952)|VARIABLE_ASSIGNMENT|[394]|sfield|"name"
17:44:36.2 (21074715)|STATEMENT_EXECUTE|[394]
17:44:36.2 (21083551)|ENTERING_MANAGED_PKG|
17:44:36.2 (21207466)|HEAP_ALLOCATE|[397]|Bytes:8
17:44:36.2 (21221312)|STATEMENT_EXECUTE|[397]
17:44:36.2 (21232526)|ENTERING_MANAGED_PKG|
17:44:36.2 (21264484)|HEAP_ALLOCATE|[400]|Bytes:8
17:44:36.2 (21274978)|STATEMENT_EXECUTE|[400]
17:44:36.2 (21284189)|ENTERING_MANAGED_PKG|
17:44:36.2 (21313211)|HEAP_ALLOCATE|[404]|Bytes:8
17:44:36.2 (21323309)|STATEMENT_EXECUTE|[422]
17:44:36.2 (21324970)|STATEMENT_EXECUTE|[423]
17:44:36.2 (21334413)|ENTERING_MANAGED_PKG|
17:44:36.2 (21363807)|HEAP_ALLOCATE|[423]|Bytes:8
17:44:36.2 (21374497)|HEAP_ALLOCATE|[423]|Bytes:12
17:44:36.2 (21384791)|ENTERING_MANAGED_PKG|
17:44:36.2 (21413455)|HEAP_ALLOCATE|[423]|Bytes:8
17:44:36.2 (21423285)|HEAP_ALLOCATE|[423]|Bytes:4
17:44:36.2 (21429529)|HEAP_ALLOCATE|[423]|Bytes:65
17:44:36.2 (21439557)|ENTERING_MANAGED_PKG|
17:44:36.2 (21474381)|HEAP_ALLOCATE|[423]|Bytes:8
17:44:36.2 (21484125)|HEAP_ALLOCATE|[423]|Bytes:4
17:44:36.2 (21489334)|HEAP_ALLOCATE|[423]|Bytes:18
17:44:36.2 (21492764)|HEAP_ALLOCATE|[423]|Bytes:83
17:44:36.2 (21502567)|ENTERING_MANAGED_PKG|
17:44:36.2 (21509478)|USER_DEBUG|[423]|DEBUG|This is not accessible: name### label: Expense Name ## name: Name## localname: Name
17:44:36.2 (21524121)|HEAP_ALLOCATE|[394]|Bytes:5
17:44:36.2 (21535822)|VARIABLE_SCOPE_BEGIN|[394]|sfield|String|false|false
17:44:36.2 (21543580)|VARIABLE_ASSIGNMENT|[394]|sfield|"createddate"
17:44:36.2 (21550401)|STATEMENT_EXECUTE|[394]
17:44:36.2 (21560126)|ENTERING_MANAGED_PKG|
17:44:36.2 (21716140)|HEAP_ALLOCATE|[397]|Bytes:8
17:44:36.2 (21730632)|STATEMENT_EXECUTE|[397]
17:44:36.2 (21742163)|ENTERING_MANAGED_PKG|
17:44:36.2 (21775743)|HEAP_ALLOCATE|[400]|Bytes:8
17:44:36.2 (21786506)|STATEMENT_EXECUTE|[400]
17:44:36.2 (21795654)|ENTERING_MANAGED_PKG|
17:44:36.2 (21825334)|HEAP_ALLOCATE|[404]|Bytes:8
17:44:36.2 (21835500)|STATEMENT_EXECUTE|[422]
17:44:36.2 (21837291)|STATEMENT_EXECUTE|[423]
17:44:36.2 (21846977)|ENTERING_MANAGED_PKG|
17:44:36.2 (21884436)|HEAP_ALLOCATE|[423]|Bytes:8
17:44:36.2 (21896795)|HEAP_ALLOCATE|[423]|Bytes:12
17:44:36.2 (21907748)|ENTERING_MANAGED_PKG|
17:44:36.2 (21937878)|HEAP_ALLOCATE|[423]|Bytes:8
17:44:36.2 (21947788)|HEAP_ALLOCATE|[423]|Bytes:11
17:44:36.2 (21954049)|HEAP_ALLOCATE|[423]|Bytes:79
17:44:36.2 (21964236)|ENTERING_MANAGED_PKG|
17:44:36.2 (21993699)|HEAP_ALLOCATE|[423]|Bytes:8
17:44:36.2 (22003197)|HEAP_ALLOCATE|[423]|Bytes:11
17:44:36.2 (22009450)|HEAP_ALLOCATE|[423]|Bytes:25
17:44:36.2 (22012933)|HEAP_ALLOCATE|[423]|Bytes:104
17:44:36.2 (22022912)|ENTERING_MANAGED_PKG|
17:44:36.2 (22029953)|USER_DEBUG|[423]|DEBUG|This is not accessible: createddate### label: Created Date ## name: CreatedDate## localname: CreatedDate
17:44:36.2 (22044978)|HEAP_ALLOCATE|[394]|Bytes:5
17:44:36.2 (22056914)|VARIABLE_SCOPE_BEGIN|[394]|sfield|String|false|false
17:44:36.2 (22065143)|VARIABLE_ASSIGNMENT|[394]|sfield|"createdbyid"
17:44:36.2 (22067986)|STATEMENT_EXECUTE|[394]
17:44:36.2 (22076917)|ENTERING_MANAGED_PKG|
17:44:36.2 (22207510)|HEAP_ALLOCATE|[397]|Bytes:8
17:44:36.2 (22221076)|STATEMENT_EXECUTE|[397]
17:44:36.2 (22232255)|ENTERING_MANAGED_PKG|
17:44:36.2 (22264639)|HEAP_ALLOCATE|[400]|Bytes:8
17:44:36.2 (22274963)|STATEMENT_EXECUTE|[400]
17:44:36.2 (22284202)|ENTERING_MANAGED_PKG|
17:44:36.2 (22313441)|HEAP_ALLOCATE|[404]|Bytes:8
17:44:36.2 (22323645)|STATEMENT_EXECUTE|[422]
17:44:36.2 (22325305)|STATEMENT_EXECUTE|[423]
17:44:36.2 (22334669)|ENTERING_MANAGED_PKG|
17:44:36.2 (22363905)|HEAP_ALLOCATE|[423]|Bytes:8
17:44:36.2 (22374320)|HEAP_ALLOCATE|[423]|Bytes:13
17:44:36.2 (22384768)|ENTERING_MANAGED_PKG|
17:44:36.2 (22413669)|HEAP_ALLOCATE|[423]|Bytes:8
17:44:36.2 (22423420)|HEAP_ALLOCATE|[423]|Bytes:11
17:44:36.2 (22429520)|HEAP_ALLOCATE|[423]|Bytes:80
17:44:36.2 (22439835)|ENTERING_MANAGED_PKG|
17:44:36.2 (22474886)|HEAP_ALLOCATE|[423]|Bytes:8
17:44:36.2 (22484550)|HEAP_ALLOCATE|[423]|Bytes:11
17:44:36.2 (22489751)|HEAP_ALLOCATE|[423]|Bytes:25
17:44:36.2 (22493293)|HEAP_ALLOCATE|[423]|Bytes:105
17:44:36.2 (22503023)|ENTERING_MANAGED_PKG|
17:44:36.2 (22509955)|USER_DEBUG|[423]|DEBUG|This is not accessible: createdbyid### label: Created By ID ## name: CreatedById## localname: CreatedById
17:44:36.2 (22524715)|HEAP_ALLOCATE|[394]|Bytes:5
17:44:36.2 (22536292)|VARIABLE_SCOPE_BEGIN|[394]|sfield|String|false|false
17:44:36.2 (22544206)|VARIABLE_ASSIGNMENT|[394]|sfield|"lastmodifieddate"
17:44:36.2 (22547155)|STATEMENT_EXECUTE|[394]
17:44:36.2 (22555885)|ENTERING_MANAGED_PKG|
17:44:36.2 (22679398)|HEAP_ALLOCATE|[397]|Bytes:8
17:44:36.2 (22692869)|STATEMENT_EXECUTE|[397]
17:44:36.2 (22704080)|ENTERING_MANAGED_PKG|
17:44:36.2 (22736441)|HEAP_ALLOCATE|[400]|Bytes:8
17:44:36.2 (22746839)|STATEMENT_EXECUTE|[400]
17:44:36.2 (22756127)|ENTERING_MANAGED_PKG|
17:44:36.2 (22785289)|HEAP_ALLOCATE|[404]|Bytes:8
17:44:36.2 (22795571)|STATEMENT_EXECUTE|[422]
17:44:36.2 (22797421)|STATEMENT_EXECUTE|[423]
17:44:36.2 (22807117)|ENTERING_MANAGED_PKG|
17:44:36.2 (22836561)|HEAP_ALLOCATE|[423]|Bytes:8
17:44:36.2 (22847104)|HEAP_ALLOCATE|[423]|Bytes:18
17:44:36.2 (22857771)|ENTERING_MANAGED_PKG|
17:44:36.2 (22886313)|HEAP_ALLOCATE|[423]|Bytes:8
17:44:36.2 (22895925)|HEAP_ALLOCATE|[423]|Bytes:16
17:44:36.2 (22902004)|HEAP_ALLOCATE|[423]|Bytes:95
17:44:36.2 (22912412)|ENTERING_MANAGED_PKG|
17:44:36.2 (22941700)|HEAP_ALLOCATE|[423]|Bytes:8
17:44:36.2 (22951011)|HEAP_ALLOCATE|[423]|Bytes:16
17:44:36.2 (22956127)|HEAP_ALLOCATE|[423]|Bytes:30
17:44:36.2 (22959596)|HEAP_ALLOCATE|[423]|Bytes:125
17:44:36.2 (22968995)|ENTERING_MANAGED_PKG|
17:44:36.2 (22975803)|USER_DEBUG|[423]|DEBUG|This is not accessible: lastmodifieddate### label: Last Modified Date ## name: LastModifiedDate## localname: LastModifiedDate
17:44:36.2 (22990455)|HEAP_ALLOCATE|[394]|Bytes:5
17:44:36.2 (23002010)|VARIABLE_SCOPE_BEGIN|[394]|sfield|String|false|false
17:44:36.2 (23010776)|VARIABLE_ASSIGNMENT|[394]|sfield|"lastmodifiedbyid"
17:44:36.2 (23013744)|STATEMENT_EXECUTE|[394]
17:44:36.2 (23022748)|ENTERING_MANAGED_PKG|
17:44:36.2 (23148490)|HEAP_ALLOCATE|[397]|Bytes:8
17:44:36.2 (23162058)|STATEMENT_EXECUTE|[397]
17:44:36.2 (23173142)|ENTERING_MANAGED_PKG|
17:44:36.2 (23205054)|HEAP_ALLOCATE|[400]|Bytes:8
17:44:36.2 (23215343)|STATEMENT_EXECUTE|[400]
17:44:36.2 (23224611)|ENTERING_MANAGED_PKG|
17:44:36.2 (23253674)|HEAP_ALLOCATE|[404]|Bytes:8
17:44:36.2 (23263885)|STATEMENT_EXECUTE|[422]
17:44:36.2 (23265555)|STATEMENT_EXECUTE|[423]
17:44:36.2 (23275153)|ENTERING_MANAGED_PKG|
17:44:36.2 (23304172)|HEAP_ALLOCATE|[423]|Bytes:8
17:44:36.2 (23314399)|HEAP_ALLOCATE|[423]|Bytes:19
17:44:36.2 (23324756)|ENTERING_MANAGED_PKG|
17:44:36.2 (23353421)|HEAP_ALLOCATE|[423]|Bytes:8
17:44:36.2 (23363130)|HEAP_ALLOCATE|[423]|Bytes:16
17:44:36.2 (23369041)|HEAP_ALLOCATE|[423]|Bytes:96
17:44:36.2 (23379262)|ENTERING_MANAGED_PKG|
17:44:36.2 (23408027)|HEAP_ALLOCATE|[423]|Bytes:8
17:44:36.2 (23417437)|HEAP_ALLOCATE|[423]|Bytes:16
17:44:36.2 (23422834)|HEAP_ALLOCATE|[423]|Bytes:30
17:44:36.2 (23426450)|HEAP_ALLOCATE|[423]|Bytes:126
17:44:36.2 (23435753)|ENTERING_MANAGED_PKG|
17:44:36.2 (23442663)|USER_DEBUG|[423]|DEBUG|This is not accessible: lastmodifiedbyid### label: Last Modified By ID ## name: LastModifiedById## localname: LastModifiedById
17:44:36.2 (23461782)|HEAP_ALLOCATE|[394]|Bytes:5
17:44:36.2 (23473707)|VARIABLE_SCOPE_BEGIN|[394]|sfield|String|false|false
17:44:36.2 (23481383)|VARIABLE_ASSIGNMENT|[394]|sfield|"systemmodstamp"
17:44:36.2 (23484118)|STATEMENT_EXECUTE|[394]
17:44:36.2 (23493196)|ENTERING_MANAGED_PKG|
17:44:36.2 (23597624)|HEAP_ALLOCATE|[397]|Bytes:8
17:44:36.2 (23610976)|STATEMENT_EXECUTE|[397]
17:44:36.2 (23621878)|ENTERING_MANAGED_PKG|
17:44:36.2 (23653922)|HEAP_ALLOCATE|[400]|Bytes:8
17:44:36.2 (23668640)|STATEMENT_EXECUTE|[400]
17:44:36.2 (23679100)|ENTERING_MANAGED_PKG|
17:44:36.2 (23710207)|HEAP_ALLOCATE|[404]|Bytes:8
17:44:36.2 (23720424)|STATEMENT_EXECUTE|[422]
17:44:36.2 (23722381)|STATEMENT_EXECUTE|[423]
17:44:36.2 (23731767)|ENTERING_MANAGED_PKG|
17:44:36.2 (23761387)|HEAP_ALLOCATE|[423]|Bytes:8
17:44:36.2 (23771546)|HEAP_ALLOCATE|[423]|Bytes:15
17:44:36.2 (23781954)|ENTERING_MANAGED_PKG|
17:44:36.2 (23810821)|HEAP_ALLOCATE|[423]|Bytes:8
17:44:36.2 (23820519)|HEAP_ALLOCATE|[423]|Bytes:14
17:44:36.2 (23826638)|HEAP_ALLOCATE|[423]|Bytes:88
17:44:36.2 (23836874)|ENTERING_MANAGED_PKG|
17:44:36.2 (23865848)|HEAP_ALLOCATE|[423]|Bytes:8
17:44:36.2 (23875047)|HEAP_ALLOCATE|[423]|Bytes:14
17:44:36.2 (23880151)|HEAP_ALLOCATE|[423]|Bytes:28
17:44:36.2 (23883597)|HEAP_ALLOCATE|[423]|Bytes:116
17:44:36.2 (23893064)|ENTERING_MANAGED_PKG|
17:44:36.2 (23899843)|USER_DEBUG|[423]|DEBUG|This is not accessible: systemmodstamp### label: System Modstamp ## name: SystemModstamp## localname: SystemModstamp
17:44:36.2 (23914638)|HEAP_ALLOCATE|[394]|Bytes:5
17:44:36.2 (23926169)|VARIABLE_SCOPE_BEGIN|[394]|sfield|String|false|false
17:44:36.2 (23933694)|VARIABLE_ASSIGNMENT|[394]|sfield|"lastvieweddate"
17:44:36.2 (23936608)|STATEMENT_EXECUTE|[394]
17:44:36.2 (23945264)|ENTERING_MANAGED_PKG|
17:44:36.2 (24047450)|HEAP_ALLOCATE|[397]|Bytes:8
17:44:36.2 (24061405)|STATEMENT_EXECUTE|[397]
17:44:36.2 (24072389)|ENTERING_MANAGED_PKG|
17:44:36.2 (24104190)|HEAP_ALLOCATE|[400]|Bytes:8
17:44:36.2 (24114555)|STATEMENT_EXECUTE|[400]
17:44:36.2 (24123660)|ENTERING_MANAGED_PKG|
17:44:36.2 (24152644)|HEAP_ALLOCATE|[404]|Bytes:8
17:44:36.2 (24162699)|STATEMENT_EXECUTE|[422]
17:44:36.2 (24164313)|STATEMENT_EXECUTE|[423]
17:44:36.2 (24173812)|ENTERING_MANAGED_PKG|
17:44:36.2 (24202763)|HEAP_ALLOCATE|[423]|Bytes:8
17:44:36.2 (24213038)|HEAP_ALLOCATE|[423]|Bytes:16
17:44:36.2 (24223159)|ENTERING_MANAGED_PKG|
17:44:36.2 (24251413)|HEAP_ALLOCATE|[423]|Bytes:8
17:44:36.2 (24261158)|HEAP_ALLOCATE|[423]|Bytes:14
17:44:36.2 (24267267)|HEAP_ALLOCATE|[423]|Bytes:89
17:44:36.2 (24277421)|ENTERING_MANAGED_PKG|
17:44:36.2 (24306454)|HEAP_ALLOCATE|[423]|Bytes:8
17:44:36.2 (24315748)|HEAP_ALLOCATE|[423]|Bytes:14
17:44:36.2 (24320895)|HEAP_ALLOCATE|[423]|Bytes:28
17:44:36.2 (24324669)|HEAP_ALLOCATE|[423]|Bytes:117
17:44:36.2 (24334075)|ENTERING_MANAGED_PKG|
17:44:36.2 (24340798)|USER_DEBUG|[423]|DEBUG|This is not accessible: lastvieweddate### label: Last Viewed Date ## name: LastViewedDate## localname: LastViewedDate
17:44:36.2 (24355419)|HEAP_ALLOCATE|[394]|Bytes:5
17:44:36.2 (24366767)|VARIABLE_SCOPE_BEGIN|[394]|sfield|String|false|false
17:44:36.2 (24374537)|VARIABLE_ASSIGNMENT|[394]|sfield|"lastreferenceddate"
17:44:36.2 (24377378)|STATEMENT_EXECUTE|[394]
17:44:36.2 (24386047)|ENTERING_MANAGED_PKG|
17:44:36.2 (24493618)|HEAP_ALLOCATE|[397]|Bytes:8
17:44:36.2 (24507096)|STATEMENT_EXECUTE|[397]
17:44:36.2 (24517966)|ENTERING_MANAGED_PKG|
17:44:36.2 (24550029)|HEAP_ALLOCATE|[400]|Bytes:8
17:44:36.2 (24560298)|STATEMENT_EXECUTE|[400]
17:44:36.2 (24569379)|ENTERING_MANAGED_PKG|
17:44:36.2 (24598618)|HEAP_ALLOCATE|[404]|Bytes:8
17:44:36.2 (24608917)|STATEMENT_EXECUTE|[422]
17:44:36.2 (24610545)|STATEMENT_EXECUTE|[423]
17:44:36.2 (24619904)|ENTERING_MANAGED_PKG|
17:44:36.2 (24649420)|HEAP_ALLOCATE|[423]|Bytes:8
17:44:36.2 (24662008)|HEAP_ALLOCATE|[423]|Bytes:20
17:44:36.2 (24678426)|ENTERING_MANAGED_PKG|
17:44:36.2 (24712270)|HEAP_ALLOCATE|[423]|Bytes:8
17:44:36.2 (24722540)|HEAP_ALLOCATE|[423]|Bytes:18
17:44:36.2 (24728669)|HEAP_ALLOCATE|[423]|Bytes:101
17:44:36.2 (24739148)|ENTERING_MANAGED_PKG|
17:44:36.2 (24768990)|HEAP_ALLOCATE|[423]|Bytes:8
17:44:36.2 (24778262)|HEAP_ALLOCATE|[423]|Bytes:18
17:44:36.2 (24783352)|HEAP_ALLOCATE|[423]|Bytes:32
17:44:36.2 (24786800)|HEAP_ALLOCATE|[423]|Bytes:133
17:44:36.2 (24796022)|ENTERING_MANAGED_PKG|
17:44:36.2 (24802830)|USER_DEBUG|[423]|DEBUG|This is not accessible: lastreferenceddate### label: Last Referenced Date ## name: LastReferencedDate## localname: LastReferencedDate
17:44:36.2 (24817853)|HEAP_ALLOCATE|[394]|Bytes:5
17:44:36.2 (24829202)|VARIABLE_SCOPE_BEGIN|[394]|sfield|String|false|false
17:44:36.2 (24838439)|VARIABLE_ASSIGNMENT|[394]|sfield|"shiva15testns__amoun (4 more) ..."
17:44:36.2 (24841427)|STATEMENT_EXECUTE|[394]
17:44:36.2 (24850532)|ENTERING_MANAGED_PKG|
17:44:36.2 (25485498)|HEAP_ALLOCATE|[397]|Bytes:8
17:44:36.2 (25500929)|STATEMENT_EXECUTE|[397]
17:44:36.2 (25502799)|STATEMENT_EXECUTE|[398]
17:44:36.2 (25506281)|HEAP_ALLOCATE|[398]|Bytes:24
17:44:36.2 (25520410)|ENTERING_MANAGED_PKG|
17:44:36.2 (25586292)|HEAP_ALLOCATE|[398]|Bytes:8
17:44:36.2 (25603881)|HEAP_ALLOCATE|[398]|Bytes:6
17:44:36.2 (25611177)|HEAP_ALLOCATE|[398]|Bytes:30
17:44:36.2 (25626056)|ENTERING_MANAGED_PKG|
17:44:36.2 (25633928)|USER_DEBUG|[398]|DEBUG|This is a custom Field: Amount
17:44:36.2 (25647024)|ENTERING_MANAGED_PKG|
17:44:36.2 (25681945)|HEAP_ALLOCATE|[400]|Bytes:8
17:44:36.2 (25693476)|STATEMENT_EXECUTE|[400]
17:44:36.2 (25695134)|STATEMENT_EXECUTE|[401]
17:44:36.2 (25698522)|HEAP_ALLOCATE|[401]|Bytes:34
17:44:36.2 (25701891)|HEAP_ALLOCATE|[401]|Bytes:10
17:44:36.2 (25713181)|ENTERING_MANAGED_PKG|
17:44:36.2 (25773369)|HEAP_ALLOCATE|[401]|Bytes:8
17:44:36.2 (25790609)|HEAP_ALLOCATE|[401]|Bytes:6
17:44:36.2 (25802141)|HEAP_ALLOCATE|[401]|Bytes:74
17:44:36.2 (25814617)|ENTERING_MANAGED_PKG|
17:44:36.2 (25821440)|USER_DEBUG|[401]|DEBUG|This is a isPermissionable Field: shiva15testns__amount__c### name: Amount
17:44:36.2 (25833576)|ENTERING_MANAGED_PKG|
17:44:36.2 (25880926)|HEAP_ALLOCATE|[404]|Bytes:8
17:44:36.2 (25899256)|STATEMENT_EXECUTE|[404]
17:44:36.2 (25901684)|STATEMENT_EXECUTE|[405]
17:44:36.2 (25914853)|ENTERING_MANAGED_PKG|
17:44:36.2 (25977110)|HEAP_ALLOCATE|[405]|Bytes:8
17:44:36.2 (25994378)|HEAP_ALLOCATE|[405]|Bytes:6
17:44:36.2 (25999775)|VARIABLE_SCOPE_BEGIN|[405]|labelOfField|String|false|false
17:44:36.2 (26007978)|VARIABLE_ASSIGNMENT|[405]|labelOfField|"Amount"
17:44:36.2 (26023013)|ENTERING_MANAGED_PKG|
17:44:36.2 (26048374)|STATEMENT_EXECUTE|[407]
17:44:36.2 (26059472)|ENTERING_MANAGED_PKG|
17:44:36.2 (26079615)|STATEMENT_EXECUTE|[408]
17:44:36.2 (26081797)|STATEMENT_EXECUTE|[409]
17:44:36.2 (26085635)|HEAP_ALLOCATE|[409]|Bytes:41
17:44:36.2 (26098758)|ENTERING_MANAGED_PKG|
17:44:36.2 (26155400)|HEAP_ALLOCATE|[409]|Bytes:8
17:44:36.2 (26175975)|HEAP_ALLOCATE|[409]|Bytes:24
17:44:36.2 (26184709)|HEAP_ALLOCATE|[409]|Bytes:116
17:44:36.2 (26198050)|ENTERING_MANAGED_PKG|
17:44:36.2 (26237075)|HEAP_ALLOCATE|[409]|Bytes:8
17:44:36.2 (26252586)|HEAP_ALLOCATE|[409]|Bytes:9
17:44:36.2 (26259502)|HEAP_ALLOCATE|[409]|Bytes:23
17:44:36.2 (26263452)|HEAP_ALLOCATE|[409]|Bytes:139
17:44:36.2 (26275123)|ENTERING_MANAGED_PKG|
17:44:36.2 (26282162)|USER_DEBUG|[409]|DEBUG|this is the wanted Field Name### sfield: shiva15testns__amount__c### label: Amount ## name: shiva15testns__Amount__c## localname: Amount__c
17:44:36.2 (26289279)|STATEMENT_EXECUTE|[410]
17:44:36.2 (26296578)|HEAP_ALLOCATE|[410]|Bytes:4
17:44:36.2 (26700768)|HEAP_ALLOCATE|[410]|Bytes:16
17:44:36.2 (26736254)|CONSTRUCTOR_ENTRY|[410]|01p36000005Jpvx|<init>(String,String,shiva15testns.PermissionSetPortalControllers.FieldPermissionsClass)
17:44:36.2 (26771218)|VARIABLE_SCOPE_BEGIN|[1013]|this|shiva15testns.PermissionSetPortalControllers.FieldDetailsClass|true|false
17:44:36.2 (26810760)|VARIABLE_ASSIGNMENT|[1013]|this|{}|0x3ebccba7
17:44:36.2 (26816568)|VARIABLE_SCOPE_BEGIN|[1013]|fieldName|String|false|false
17:44:36.2 (26823549)|VARIABLE_ASSIGNMENT|[1013]|fieldName|"shiva15testns__amoun (4 more) ..."
17:44:36.2 (26826850)|VARIABLE_SCOPE_BEGIN|[1013]|fieldLabel|String|false|false
17:44:36.2 (26830061)|VARIABLE_ASSIGNMENT|[1013]|fieldLabel|"Amount"
17:44:36.2 (26833254)|VARIABLE_SCOPE_BEGIN|[1013]|fieldPermissions|shiva15testns.PermissionSetPortalControllers.FieldPermissionsClass|true|false
17:44:36.2 (26837116)|VARIABLE_ASSIGNMENT|[1013]|fieldPermissions|null|
17:44:36.2 (26841048)|STATEMENT_EXECUTE|[1004]
17:44:36.2 (26842566)|STATEMENT_EXECUTE|[1007]
17:44:36.2 (26844094)|STATEMENT_EXECUTE|[1009]
17:44:36.2 (26845400)|STATEMENT_EXECUTE|[1011]
17:44:36.2 (26853781)|HEAP_ALLOCATE|[1014]|Bytes:6
17:44:36.2 (26884382)|STATEMENT_EXECUTE|[1013]
17:44:36.2 (26886659)|STATEMENT_EXECUTE|[1014]
17:44:36.2 (26900742)|VARIABLE_ASSIGNMENT|[1014]|this.fieldName|"shiva15testns__amoun (4 more) ..."|0x3ebccba7
17:44:36.2 (26903816)|STATEMENT_EXECUTE|[1015]
17:44:36.2 (26909717)|VARIABLE_ASSIGNMENT|[1015]|this.fieldLabel|"Amount"|0x3ebccba7
17:44:36.2 (26912021)|STATEMENT_EXECUTE|[1016]
17:44:36.2 (26917486)|VARIABLE_ASSIGNMENT|[1016]|this.fieldPermissions|null|0x3ebccba7
17:44:36.2 (26927728)|CONSTRUCTOR_EXIT|[410]|01p36000005Jpvx|<init>(String,String,shiva15testns.PermissionSetPortalControllers.FieldPermissionsClass)
17:44:36.2 (26948657)|VARIABLE_ASSIGNMENT|[410]|fieldClassObj|{"fieldLabel":"Amount","fieldName":"shiva15testns__amoun (4 more) ..."}|0x3ebccba7
17:44:36.2 (26952488)|STATEMENT_EXECUTE|[411]
17:44:36.2 (26969359)|ENTERING_MANAGED_PKG|
17:44:36.2 (26995047)|HEAP_ALLOCATE|[EXTERNAL]|Bytes:4
17:44:36.2 (27003064)|STATEMENT_EXECUTE|[412]
17:44:36.2 (27014526)|ENTERING_MANAGED_PKG|
17:44:36.2 (27034105)|HEAP_ALLOCATE|[EXTERNAL]|Bytes:4
17:44:36.2 (27049411)|HEAP_ALLOCATE|[394]|Bytes:5
17:44:36.2 (27061794)|VARIABLE_SCOPE_BEGIN|[394]|sfield|String|false|false
17:44:36.2 (27070217)|VARIABLE_ASSIGNMENT|[394]|sfield|"shiva15testns__clien (4 more) ..."
17:44:36.2 (27073050)|STATEMENT_EXECUTE|[394]
17:44:36.2 (27083502)|ENTERING_MANAGED_PKG|
17:44:36.2 (27220943)|HEAP_ALLOCATE|[397]|Bytes:8
17:44:36.2 (27235135)|STATEMENT_EXECUTE|[397]
17:44:36.2 (27236909)|STATEMENT_EXECUTE|[398]
17:44:36.2 (27248487)|ENTERING_MANAGED_PKG|
17:44:36.2 (27283629)|HEAP_ALLOCATE|[398]|Bytes:8
17:44:36.2 (27294739)|HEAP_ALLOCATE|[398]|Bytes:6
17:44:36.2 (27300323)|HEAP_ALLOCATE|[398]|Bytes:30
17:44:36.2 (27310432)|ENTERING_MANAGED_PKG|
17:44:36.2 (27317820)|USER_DEBUG|[398]|DEBUG|This is a custom Field: Client
17:44:36.2 (27329708)|ENTERING_MANAGED_PKG|
17:44:36.2 (27363057)|HEAP_ALLOCATE|[400]|Bytes:8
17:44:36.2 (27374012)|STATEMENT_EXECUTE|[400]
17:44:36.2 (27375665)|STATEMENT_EXECUTE|[401]
17:44:36.2 (27385419)|ENTERING_MANAGED_PKG|
17:44:36.2 (27416890)|HEAP_ALLOCATE|[401]|Bytes:8
17:44:36.2 (27427735)|HEAP_ALLOCATE|[401]|Bytes:6
17:44:36.2 (27433619)|HEAP_ALLOCATE|[401]|Bytes:74
17:44:36.2 (27443068)|ENTERING_MANAGED_PKG|
17:44:36.2 (27459511)|USER_DEBUG|[401]|DEBUG|This is a isPermissionable Field: shiva15testns__client__c### name: Client
17:44:36.2 (27472809)|ENTERING_MANAGED_PKG|
17:44:36.2 (27506703)|HEAP_ALLOCATE|[404]|Bytes:8
17:44:36.2 (27517696)|STATEMENT_EXECUTE|[404]
17:44:36.2 (27519571)|STATEMENT_EXECUTE|[405]
17:44:36.2 (27528531)|ENTERING_MANAGED_PKG|
17:44:36.2 (27559710)|HEAP_ALLOCATE|[405]|Bytes:8
17:44:36.2 (27570735)|HEAP_ALLOCATE|[405]|Bytes:6
17:44:36.2 (27575545)|VARIABLE_SCOPE_BEGIN|[405]|labelOfField|String|false|false
17:44:36.2 (27583551)|VARIABLE_ASSIGNMENT|[405]|labelOfField|"Client"
17:44:36.2 (27593974)|ENTERING_MANAGED_PKG|
17:44:36.2 (27602871)|STATEMENT_EXECUTE|[407]
17:44:36.2 (27608304)|ENTERING_MANAGED_PKG|
17:44:36.2 (27614102)|STATEMENT_EXECUTE|[408]
17:44:36.2 (27615570)|STATEMENT_EXECUTE|[409]
17:44:36.2 (27622563)|ENTERING_MANAGED_PKG|
17:44:36.2 (27654601)|HEAP_ALLOCATE|[409]|Bytes:8
17:44:36.2 (27665105)|HEAP_ALLOCATE|[409]|Bytes:24
17:44:36.2 (27671094)|HEAP_ALLOCATE|[409]|Bytes:116
17:44:36.2 (27681699)|ENTERING_MANAGED_PKG|
17:44:36.2 (27712765)|HEAP_ALLOCATE|[409]|Bytes:8
17:44:36.2 (27722700)|HEAP_ALLOCATE|[409]|Bytes:9
17:44:36.2 (27727871)|HEAP_ALLOCATE|[409]|Bytes:23
17:44:36.2 (27731388)|HEAP_ALLOCATE|[409]|Bytes:139
17:44:36.2 (27740548)|ENTERING_MANAGED_PKG|
17:44:36.2 (27747336)|USER_DEBUG|[409]|DEBUG|this is the wanted Field Name### sfield: shiva15testns__client__c### label: Client ## name: shiva15testns__Client__c## localname: Client__c
17:44:36.2 (27754198)|STATEMENT_EXECUTE|[410]
17:44:36.2 (27759084)|HEAP_ALLOCATE|[410]|Bytes:16
17:44:36.2 (27770105)|CONSTRUCTOR_ENTRY|[410]|01p36000005Jpvx|<init>(String,String,shiva15testns.PermissionSetPortalControllers.FieldPermissionsClass)
17:44:36.2 (27775408)|VARIABLE_SCOPE_BEGIN|[1013]|this|shiva15testns.PermissionSetPortalControllers.FieldDetailsClass|true|false
17:44:36.2 (27794354)|VARIABLE_ASSIGNMENT|[1013]|this|{}|0x7ff8fa4b
17:44:36.2 (27797585)|VARIABLE_SCOPE_BEGIN|[1013]|fieldName|String|false|false
17:44:36.2 (27803315)|VARIABLE_ASSIGNMENT|[1013]|fieldName|"shiva15testns__clien (4 more) ..."
17:44:36.2 (27805343)|VARIABLE_SCOPE_BEGIN|[1013]|fieldLabel|String|false|false
17:44:36.2 (27808099)|VARIABLE_ASSIGNMENT|[1013]|fieldLabel|"Client"
17:44:36.2 (27809908)|VARIABLE_SCOPE_BEGIN|[1013]|fieldPermissions|shiva15testns.PermissionSetPortalControllers.FieldPermissionsClass|true|false
17:44:36.2 (27813353)|VARIABLE_ASSIGNMENT|[1013]|fieldPermissions|null|
17:44:36.2 (27816470)|STATEMENT_EXECUTE|[1004]
17:44:36.2 (27817989)|STATEMENT_EXECUTE|[1007]
17:44:36.2 (27819421)|STATEMENT_EXECUTE|[1009]
17:44:36.2 (27820536)|STATEMENT_EXECUTE|[1011]
17:44:36.2 (27831943)|STATEMENT_EXECUTE|[1013]
17:44:36.2 (27833628)|STATEMENT_EXECUTE|[1014]
17:44:36.2 (27841919)|VARIABLE_ASSIGNMENT|[1014]|this.fieldName|"shiva15testns__clien (4 more) ..."|0x7ff8fa4b
17:44:36.2 (27844265)|STATEMENT_EXECUTE|[1015]
17:44:36.2 (27848940)|VARIABLE_ASSIGNMENT|[1015]|this.fieldLabel|"Client"|0x7ff8fa4b
17:44:36.2 (27851022)|STATEMENT_EXECUTE|[1016]
17:44:36.2 (27855345)|VARIABLE_ASSIGNMENT|[1016]|this.fieldPermissions|null|0x7ff8fa4b
17:44:36.2 (27864421)|CONSTRUCTOR_EXIT|[410]|01p36000005Jpvx|<init>(String,String,shiva15testns.PermissionSetPortalControllers.FieldPermissionsClass)
17:44:36.2 (27882877)|VARIABLE_ASSIGNMENT|[410]|fieldClassObj|{"fieldLabel":"Client","fieldName":"shiva15testns__clien (4 more) ..."}|0x7ff8fa4b
17:44:36.2 (27886103)|STATEMENT_EXECUTE|[411]
17:44:36.2 (27898508)|ENTERING_MANAGED_PKG|
17:44:36.2 (27903239)|HEAP_ALLOCATE|[EXTERNAL]|Bytes:4
17:44:36.2 (27909092)|STATEMENT_EXECUTE|[412]
17:44:36.2 (27914903)|ENTERING_MANAGED_PKG|
17:44:36.2 (27918060)|HEAP_ALLOCATE|[EXTERNAL]|Bytes:4
17:44:36.2 (27930397)|HEAP_ALLOCATE|[394]|Bytes:5
17:44:36.2 (27942409)|VARIABLE_SCOPE_BEGIN|[394]|sfield|String|false|false
17:44:36.2 (27950103)|VARIABLE_ASSIGNMENT|[394]|sfield|"shiva15testns__date_ (2 more) ..."
17:44:36.2 (27952771)|STATEMENT_EXECUTE|[394]
17:44:36.2 (27961245)|ENTERING_MANAGED_PKG|
17:44:36.2 (28091890)|HEAP_ALLOCATE|[397]|Bytes:8
17:44:36.2 (28106428)|STATEMENT_EXECUTE|[397]
17:44:36.2 (28108204)|STATEMENT_EXECUTE|[398]
17:44:36.2 (28119550)|ENTERING_MANAGED_PKG|
17:44:36.2 (28153679)|HEAP_ALLOCATE|[398]|Bytes:8
17:44:36.2 (28164645)|HEAP_ALLOCATE|[398]|Bytes:4
17:44:36.2 (28170043)|HEAP_ALLOCATE|[398]|Bytes:28
17:44:36.2 (28179811)|ENTERING_MANAGED_PKG|
17:44:36.2 (28186948)|USER_DEBUG|[398]|DEBUG|This is a custom Field: Date
17:44:36.2 (28198700)|ENTERING_MANAGED_PKG|
17:44:36.2 (28231861)|HEAP_ALLOCATE|[400]|Bytes:8
17:44:36.2 (28242811)|STATEMENT_EXECUTE|[400]
17:44:36.2 (28244513)|STATEMENT_EXECUTE|[401]
17:44:36.2 (28254629)|ENTERING_MANAGED_PKG|
17:44:36.2 (28285838)|HEAP_ALLOCATE|[401]|Bytes:8
17:44:36.2 (28296400)|HEAP_ALLOCATE|[401]|Bytes:4
17:44:36.2 (28302076)|HEAP_ALLOCATE|[401]|Bytes:70
17:44:36.2 (28311277)|ENTERING_MANAGED_PKG|
17:44:36.2 (28317591)|USER_DEBUG|[401]|DEBUG|This is a isPermissionable Field: shiva15testns__date__c### name: Date
17:44:36.2 (28328944)|ENTERING_MANAGED_PKG|
17:44:36.2 (28361575)|HEAP_ALLOCATE|[404]|Bytes:8
17:44:36.2 (28372275)|STATEMENT_EXECUTE|[404]
17:44:36.2 (28373940)|STATEMENT_EXECUTE|[405]
17:44:36.2 (28382717)|ENTERING_MANAGED_PKG|
17:44:36.2 (28414001)|HEAP_ALLOCATE|[405]|Bytes:8
17:44:36.2 (28424483)|HEAP_ALLOCATE|[405]|Bytes:4
17:44:36.2 (28429010)|VARIABLE_SCOPE_BEGIN|[405]|labelOfField|String|false|false
17:44:36.2 (28436284)|VARIABLE_ASSIGNMENT|[405]|labelOfField|"Date"
17:44:36.2 (28451318)|ENTERING_MANAGED_PKG|
17:44:36.2 (28460544)|STATEMENT_EXECUTE|[407]
17:44:36.2 (28466303)|ENTERING_MANAGED_PKG|
17:44:36.2 (28472019)|STATEMENT_EXECUTE|[408]
17:44:36.2 (28473827)|STATEMENT_EXECUTE|[409]
17:44:36.2 (28480880)|ENTERING_MANAGED_PKG|
17:44:36.2 (28514324)|HEAP_ALLOCATE|[409]|Bytes:8
17:44:36.2 (28524961)|HEAP_ALLOCATE|[409]|Bytes:22
17:44:36.2 (28531027)|HEAP_ALLOCATE|[409]|Bytes:110
17:44:36.2 (28541543)|ENTERING_MANAGED_PKG|
17:44:36.2 (28572686)|HEAP_ALLOCATE|[409]|Bytes:8
17:44:36.2 (28582470)|HEAP_ALLOCATE|[409]|Bytes:7
17:44:36.2 (28587457)|HEAP_ALLOCATE|[409]|Bytes:21
17:44:36.2 (28590903)|HEAP_ALLOCATE|[409]|Bytes:131
17:44:36.2 (28600083)|ENTERING_MANAGED_PKG|
17:44:36.2 (28606560)|USER_DEBUG|[409]|DEBUG|this is the wanted Field Name### sfield: shiva15testns__date__c### label: Date ## name: shiva15testns__Date__c## localname: Date__c
17:44:36.2 (28613191)|STATEMENT_EXECUTE|[410]
17:44:36.2 (28618026)|HEAP_ALLOCATE|[410]|Bytes:16
17:44:36.2 (28628613)|CONSTRUCTOR_ENTRY|[410]|01p36000005Jpvx|<init>(String,String,shiva15testns.PermissionSetPortalControllers.FieldPermissionsClass)
17:44:36.2 (28634042)|VARIABLE_SCOPE_BEGIN|[1013]|this|shiva15testns.PermissionSetPortalControllers.FieldDetailsClass|true|false
17:44:36.2 (28651760)|VARIABLE_ASSIGNMENT|[1013]|this|{}|0x627e7b40
17:44:36.2 (28654972)|VARIABLE_SCOPE_BEGIN|[1013]|fieldName|String|false|false
17:44:36.2 (28660822)|VARIABLE_ASSIGNMENT|[1013]|fieldName|"shiva15testns__date_ (2 more) ..."
17:44:36.2 (28662884)|VARIABLE_SCOPE_BEGIN|[1013]|fieldLabel|String|false|false
17:44:36.2 (28665540)|VARIABLE_ASSIGNMENT|[1013]|fieldLabel|"Date"
17:44:36.2 (28667345)|VARIABLE_SCOPE_BEGIN|[1013]|fieldPermissions|shiva15testns.PermissionSetPortalControllers.FieldPermissionsClass|true|false
17:44:36.2 (28670844)|VARIABLE_ASSIGNMENT|[1013]|fieldPermissions|null|
17:44:36.2 (28673777)|STATEMENT_EXECUTE|[1004]
17:44:36.2 (28675050)|STATEMENT_EXECUTE|[1007]
17:44:36.2 (28676549)|STATEMENT_EXECUTE|[1009]
17:44:36.2 (28677701)|STATEMENT_EXECUTE|[1011]
17:44:36.2 (28688763)|STATEMENT_EXECUTE|[1013]
17:44:36.2 (28690416)|STATEMENT_EXECUTE|[1014]
17:44:36.2 (28698408)|VARIABLE_ASSIGNMENT|[1014]|this.fieldName|"shiva15testns__date_ (2 more) ..."|0x627e7b40
17:44:36.2 (28700695)|STATEMENT_EXECUTE|[1015]
17:44:36.2 (28705290)|VARIABLE_ASSIGNMENT|[1015]|this.fieldLabel|"Date"|0x627e7b40
17:44:36.2 (28707464)|STATEMENT_EXECUTE|[1016]
17:44:36.2 (28711801)|VARIABLE_ASSIGNMENT|[1016]|this.fieldPermissions|null|0x627e7b40
17:44:36.2 (28720810)|CONSTRUCTOR_EXIT|[410]|01p36000005Jpvx|<init>(String,String,shiva15testns.PermissionSetPortalControllers.FieldPermissionsClass)
17:44:36.2 (28738664)|VARIABLE_ASSIGNMENT|[410]|fieldClassObj|{"fieldLabel":"Date","fieldName":"shiva15testns__date_ (2 more) ..."}|0x627e7b40
17:44:36.2 (28741981)|STATEMENT_EXECUTE|[411]
17:44:36.2 (28753846)|ENTERING_MANAGED_PKG|
17:44:36.2 (28758532)|HEAP_ALLOCATE|[EXTERNAL]|Bytes:4
17:44:36.2 (28764236)|STATEMENT_EXECUTE|[412]
17:44:36.2 (28770020)|ENTERING_MANAGED_PKG|
17:44:36.2 (28772967)|HEAP_ALLOCATE|[EXTERNAL]|Bytes:4
17:44:36.2 (28785340)|HEAP_ALLOCATE|[394]|Bytes:5
17:44:36.2 (28797124)|VARIABLE_SCOPE_BEGIN|[394]|sfield|String|false|false
17:44:36.2 (28804788)|VARIABLE_ASSIGNMENT|[394]|sfield|"shiva15testns__reimb (8 more) ..."
17:44:36.2 (28807446)|STATEMENT_EXECUTE|[394]
17:44:36.2 (28816135)|ENTERING_MANAGED_PKG|
17:44:36.2 (28945956)|HEAP_ALLOCATE|[397]|Bytes:8
17:44:36.2 (28959691)|STATEMENT_EXECUTE|[397]
17:44:36.2 (28961509)|STATEMENT_EXECUTE|[398]
17:44:36.2 (28973069)|ENTERING_MANAGED_PKG|
17:44:36.2 (29006947)|HEAP_ALLOCATE|[398]|Bytes:8
17:44:36.2 (29018944)|HEAP_ALLOCATE|[398]|Bytes:11
17:44:36.2 (29024262)|HEAP_ALLOCATE|[398]|Bytes:35
17:44:36.2 (29033818)|ENTERING_MANAGED_PKG|
17:44:36.2 (29040832)|USER_DEBUG|[398]|DEBUG|This is a custom Field: Reimbursed?
17:44:36.2 (29052645)|ENTERING_MANAGED_PKG|
17:44:36.2 (29085724)|HEAP_ALLOCATE|[400]|Bytes:8
17:44:36.2 (29096698)|STATEMENT_EXECUTE|[400]
17:44:36.2 (29098436)|STATEMENT_EXECUTE|[401]
17:44:36.2 (29108181)|ENTERING_MANAGED_PKG|
17:44:36.2 (29143085)|HEAP_ALLOCATE|[401]|Bytes:8
17:44:36.2 (29154661)|HEAP_ALLOCATE|[401]|Bytes:11
17:44:36.2 (29160402)|HEAP_ALLOCATE|[401]|Bytes:83
17:44:36.2 (29170034)|ENTERING_MANAGED_PKG|
17:44:36.2 (29176465)|USER_DEBUG|[401]|DEBUG|This is a isPermissionable Field: shiva15testns__reimbursed__c### name: Reimbursed?
17:44:36.2 (29187912)|ENTERING_MANAGED_PKG|
17:44:36.2 (29220888)|HEAP_ALLOCATE|[404]|Bytes:8
17:44:36.2 (29231845)|STATEMENT_EXECUTE|[404]
17:44:36.2 (29233736)|STATEMENT_EXECUTE|[405]
17:44:36.2 (29242705)|ENTERING_MANAGED_PKG|
17:44:36.2 (29273865)|HEAP_ALLOCATE|[405]|Bytes:8
17:44:36.2 (29284547)|HEAP_ALLOCATE|[405]|Bytes:11
17:44:36.2 (29288981)|VARIABLE_SCOPE_BEGIN|[405]|labelOfField|String|false|false
17:44:36.2 (29296474)|VARIABLE_ASSIGNMENT|[405]|labelOfField|"Reimbursed?"
17:44:36.2 (29306862)|ENTERING_MANAGED_PKG|
17:44:36.2 (29315107)|STATEMENT_EXECUTE|[407]
17:44:36.2 (29320679)|ENTERING_MANAGED_PKG|
17:44:36.2 (29326733)|STATEMENT_EXECUTE|[408]
17:44:36.2 (29328228)|STATEMENT_EXECUTE|[409]
17:44:36.2 (29334981)|ENTERING_MANAGED_PKG|
17:44:36.2 (29367319)|HEAP_ALLOCATE|[409]|Bytes:8
17:44:36.2 (29377708)|HEAP_ALLOCATE|[409]|Bytes:28
17:44:36.2 (29383590)|HEAP_ALLOCATE|[409]|Bytes:129
17:44:36.2 (29394162)|ENTERING_MANAGED_PKG|
17:44:36.2 (29424999)|HEAP_ALLOCATE|[409]|Bytes:8
17:44:36.2 (29434635)|HEAP_ALLOCATE|[409]|Bytes:13
17:44:36.2 (29439663)|HEAP_ALLOCATE|[409]|Bytes:27
17:44:36.2 (29443247)|HEAP_ALLOCATE|[409]|Bytes:156
17:44:36.2 (29456972)|ENTERING_MANAGED_PKG|
17:44:36.2 (29463761)|USER_DEBUG|[409]|DEBUG|this is the wanted Field Name### sfield: shiva15testns__reimbursed__c### label: Reimbursed? ## name: shiva15testns__Reimbursed__c## localname: Reimbursed__c
17:44:36.2 (29470396)|STATEMENT_EXECUTE|[410]
17:44:36.2 (29475332)|HEAP_ALLOCATE|[410]|Bytes:16
17:44:36.2 (29485931)|CONSTRUCTOR_ENTRY|[410]|01p36000005Jpvx|<init>(String,String,shiva15testns.PermissionSetPortalControllers.FieldPermissionsClass)
17:44:36.2 (29491087)|VARIABLE_SCOPE_BEGIN|[1013]|this|shiva15testns.PermissionSetPortalControllers.FieldDetailsClass|true|false
17:44:36.2 (29508490)|VARIABLE_ASSIGNMENT|[1013]|this|{}|0x5f84a56b
17:44:36.2 (29511518)|VARIABLE_SCOPE_BEGIN|[1013]|fieldName|String|false|false
17:44:36.2 (29516721)|VARIABLE_ASSIGNMENT|[1013]|fieldName|"shiva15testns__reimb (8 more) ..."
17:44:36.2 (29518634)|VARIABLE_SCOPE_BEGIN|[1013]|fieldLabel|String|false|false
17:44:36.2 (29521481)|VARIABLE_ASSIGNMENT|[1013]|fieldLabel|"Reimbursed?"
17:44:36.2 (29523339)|VARIABLE_SCOPE_BEGIN|[1013]|fieldPermissions|shiva15testns.PermissionSetPortalControllers.FieldPermissionsClass|true|false
17:44:36.2 (29526615)|VARIABLE_ASSIGNMENT|[1013]|fieldPermissions|null|
17:44:36.2 (29529607)|STATEMENT_EXECUTE|[1004]
17:44:36.2 (29530931)|STATEMENT_EXECUTE|[1007]
17:44:36.2 (29532358)|STATEMENT_EXECUTE|[1009]
17:44:36.2 (29533518)|STATEMENT_EXECUTE|[1011]
17:44:36.2 (29544437)|STATEMENT_EXECUTE|[1013]
17:44:36.2 (29546040)|STATEMENT_EXECUTE|[1014]
17:44:36.2 (29553831)|VARIABLE_ASSIGNMENT|[1014]|this.fieldName|"shiva15testns__reimb (8 more) ..."|0x5f84a56b
17:44:36.2 (29556111)|STATEMENT_EXECUTE|[1015]
17:44:36.2 (29560760)|VARIABLE_ASSIGNMENT|[1015]|this.fieldLabel|"Reimbursed?"|0x5f84a56b
17:44:36.2 (29562787)|STATEMENT_EXECUTE|[1016]
17:44:36.2 (29567128)|VARIABLE_ASSIGNMENT|[1016]|this.fieldPermissions|null|0x5f84a56b
17:44:36.2 (29575920)|CONSTRUCTOR_EXIT|[410]|01p36000005Jpvx|<init>(String,String,shiva15testns.PermissionSetPortalControllers.FieldPermissionsClass)
17:44:36.2 (29593773)|VARIABLE_ASSIGNMENT|[410]|fieldClassObj|{"fieldLabel":"Reimbursed?","fieldName":"shiva15testns__reimb (8 more) ..."}|0x5f84a56b
17:44:36.2 (29597199)|STATEMENT_EXECUTE|[411]
17:44:36.2 (29609128)|ENTERING_MANAGED_PKG|
17:44:36.2 (29613771)|HEAP_ALLOCATE|[EXTERNAL]|Bytes:4
17:44:36.2 (29619444)|STATEMENT_EXECUTE|[412]
17:44:36.2 (29625068)|ENTERING_MANAGED_PKG|
17:44:36.2 (29627935)|HEAP_ALLOCATE|[EXTERNAL]|Bytes:4
17:44:36.2 (29640287)|HEAP_ALLOCATE|[394]|Bytes:5
17:44:36.2 (29651301)|VARIABLE_ASSIGNMENT|[394]|sfield|null
17:44:36.2 (29654851)|STATEMENT_EXECUTE|[427]
17:44:36.2 (29670554)|METHOD_ENTRY|[427]|01p36000005Jpvx|shiva15testns.PermissionSetPortalControllers.sortTheFieldLabels(List<shiva15testns.PermissionSetPortalControllers.FieldDetailsClass>)
17:44:36.2 (29692254)|VARIABLE_SCOPE_BEGIN|[443]|listOfFieldDetailsClass|List<shiva15testns.PermissionSetPortalControllers.FieldDetailsClass>|true|false
17:44:36.2 (29734486)|VARIABLE_ASSIGNMENT|[443]|listOfFieldDetailsClass|{"s":1,"v":[{"fieldLabel":"Amount","fieldName":"shiva15testns__amoun (4 more) ..."},{"fieldLabel":"Client","fieldName":"shiva15testns__clien (4 more) ..."},{"fieldLabel":"Date","fieldName":"shiva15testns__date_ (2 more) ..."},{"fieldLabel":"Reimbursed?","fieldName":"shiva15testns__reimb (8 more) ..."}]}|0x18fc5287
17:44:36.2 (29745405)|HEAP_ALLOCATE|[444]|Bytes:5
17:44:36.2 (29749489)|STATEMENT_EXECUTE|[443]
17:44:36.2 (29750945)|STATEMENT_EXECUTE|[444]
17:44:36.2 (29752181)|STATEMENT_EXECUTE|[444]
17:44:36.2 (29753597)|STATEMENT_EXECUTE|[446]
17:44:36.2 (29758262)|HEAP_ALLOCATE|[446]|Bytes:4
17:44:36.2 (29770776)|ENTERING_MANAGED_PKG|
17:44:36.2 (29788331)|VARIABLE_SCOPE_BEGIN|[446]|fieldNames|List<String>|true|false
17:44:36.2 (29817076)|HEAP_ALLOCATE|[EXTERNAL]|Bytes:4
17:44:36.2 (29827972)|VARIABLE_ASSIGNMENT|[446]|fieldNames|{"s":1,"v":[]}|0x739f345f
17:44:36.2 (29831219)|STATEMENT_EXECUTE|[447]
17:44:36.2 (29836367)|HEAP_ALLOCATE|[447]|Bytes:4
17:44:36.2 (29848005)|ENTERING_MANAGED_PKG|
17:44:36.2 (29863768)|VARIABLE_SCOPE_BEGIN|[447]|finalFieldNameSortedList|List<shiva15testns.PermissionSetPortalControllers.FieldDetailsClass>|true|false
17:44:36.2 (29874364)|HEAP_ALLOCATE|[EXTERNAL]|Bytes:4
17:44:36.2 (29883620)|VARIABLE_ASSIGNMENT|[447]|finalFieldNameSortedList|{"s":1,"v":[]}|0x3f1807d3
17:44:36.2 (29886417)|STATEMENT_EXECUTE|[448]
17:44:36.2 (29922220)|HEAP_ALLOCATE|[448]|Bytes:4
17:44:36.2 (29975747)|VARIABLE_SCOPE_BEGIN|[448]|mapForFieldLabelComparision|Map<String,shiva15testns.PermissionSetPortalControllers.FieldDetailsClass>|true|false
17:44:36.2 (29994458)|VARIABLE_ASSIGNMENT|[448]|mapForFieldLabelComparision|{"s":1,"v":{}}|0x45cd52a6
17:44:36.2 (30008892)|ENTERING_MANAGED_PKG|
17:44:36.2 (30181058)|HEAP_ALLOCATE|[450]|Bytes:5
17:44:36.2 (30194991)|HEAP_ALLOCATE|[450]|Bytes:16
17:44:36.2 (30203024)|VARIABLE_SCOPE_BEGIN|[450]|fieldObj|shiva15testns.PermissionSetPortalControllers.FieldDetailsClass|true|false
17:44:36.2 (30226582)|VARIABLE_ASSIGNMENT|[450]|fieldObj|{"fieldLabel":"Amount","fieldName":"shiva15testns__amoun (4 more) ..."}|0x3ebccba7
17:44:36.2 (30230828)|STATEMENT_EXECUTE|[450]
17:44:36.2 (30232220)|STATEMENT_EXECUTE|[451]
17:44:36.2 (30249206)|ENTERING_MANAGED_PKG|
17:44:36.2 (30270453)|HEAP_ALLOCATE|[EXTERNAL]|Bytes:4
17:44:36.2 (30278014)|STATEMENT_EXECUTE|[452]
17:44:36.2 (30294959)|ENTERING_MANAGED_PKG|
17:44:36.2 (30319591)|HEAP_ALLOCATE|[EXTERNAL]|Bytes:-4
17:44:36.2 (30334820)|HEAP_ALLOCATE|[450]|Bytes:5
17:44:36.2 (30344230)|HEAP_ALLOCATE|[450]|Bytes:16
17:44:36.2 (30350175)|VARIABLE_SCOPE_BEGIN|[450]|fieldObj|shiva15testns.PermissionSetPortalControllers.FieldDetailsClass|true|false
17:44:36.2 (30370872)|VARIABLE_ASSIGNMENT|[450]|fieldObj|{"fieldLabel":"Client","fieldName":"shiva15testns__clien (4 more) ..."}|0x7ff8fa4b
17:44:36.2 (30374912)|STATEMENT_EXECUTE|[450]
17:44:36.2 (30376200)|STATEMENT_EXECUTE|[451]
17:44:36.2 (30388720)|ENTERING_MANAGED_PKG|
17:44:36.2 (30392311)|HEAP_ALLOCATE|[EXTERNAL]|Bytes:4
17:44:36.2 (30397457)|STATEMENT_EXECUTE|[452]
17:44:36.2 (30403981)|ENTERING_MANAGED_PKG|
17:44:36.2 (30408579)|HEAP_ALLOCATE|[EXTERNAL]|Bytes:-4
17:44:36.2 (30420152)|HEAP_ALLOCATE|[450]|Bytes:5
17:44:36.2 (30428616)|HEAP_ALLOCATE|[450]|Bytes:16
17:44:36.2 (30434161)|VARIABLE_SCOPE_BEGIN|[450]|fieldObj|shiva15testns.PermissionSetPortalControllers.FieldDetailsClass|true|false
17:44:36.2 (30458579)|VARIABLE_ASSIGNMENT|[450]|fieldObj|{"fieldLabel":"Date","fieldName":"shiva15testns__date_ (2 more) ..."}|0x627e7b40
17:44:36.2 (30463077)|STATEMENT_EXECUTE|[450]
17:44:36.2 (30464389)|STATEMENT_EXECUTE|[451]
17:44:36.2 (30476966)|ENTERING_MANAGED_PKG|
17:44:36.2 (30480440)|HEAP_ALLOCATE|[EXTERNAL]|Bytes:4
17:44:36.2 (30485666)|STATEMENT_EXECUTE|[452]
17:44:36.2 (30492102)|ENTERING_MANAGED_PKG|
17:44:36.2 (30496682)|HEAP_ALLOCATE|[EXTERNAL]|Bytes:-4
17:44:36.2 (30508429)|HEAP_ALLOCATE|[450]|Bytes:5
17:44:36.2 (30517040)|HEAP_ALLOCATE|[450]|Bytes:16
17:44:36.2 (30522542)|VARIABLE_SCOPE_BEGIN|[450]|fieldObj|shiva15testns.PermissionSetPortalControllers.FieldDetailsClass|true|false
17:44:36.2 (30541139)|VARIABLE_ASSIGNMENT|[450]|fieldObj|{"fieldLabel":"Reimbursed?","fieldName":"shiva15testns__reimb (8 more) ..."}|0x5f84a56b
17:44:36.2 (30544845)|STATEMENT_EXECUTE|[450]
17:44:36.2 (30546119)|STATEMENT_EXECUTE|[451]
17:44:36.2 (30557537)|ENTERING_MANAGED_PKG|
17:44:36.2 (30560800)|HEAP_ALLOCATE|[EXTERNAL]|Bytes:4
17:44:36.2 (30565714)|STATEMENT_EXECUTE|[452]
17:44:36.2 (30571872)|ENTERING_MANAGED_PKG|
17:44:36.2 (30576419)|HEAP_ALLOCATE|[EXTERNAL]|Bytes:-4
17:44:36.2 (30587877)|HEAP_ALLOCATE|[450]|Bytes:5
17:44:36.2 (30598555)|VARIABLE_ASSIGNMENT|[450]|fieldObj|null|
17:44:36.2 (30601526)|STATEMENT_EXECUTE|[454]
17:44:36.2 (30611187)|ENTERING_MANAGED_PKG|
17:44:36.2 (30650428)|ENTERING_MANAGED_PKG|
17:44:36.2 (30675966)|HEAP_ALLOCATE|[456]|Bytes:5
17:44:36.2 (30686994)|HEAP_ALLOCATE|[456]|Bytes:6
17:44:36.2 (30694410)|VARIABLE_SCOPE_BEGIN|[456]|str|String|false|false
17:44:36.2 (30701740)|VARIABLE_ASSIGNMENT|[456]|str|"Amount"
17:44:36.2 (30704628)|STATEMENT_EXECUTE|[456]
17:44:36.2 (30716272)|ENTERING_MANAGED_PKG|
17:44:36.2 (30740861)|STATEMENT_EXECUTE|[457]
17:44:36.2 (30743068)|STATEMENT_EXECUTE|[458]
17:44:36.2 (30753008)|ENTERING_MANAGED_PKG|
17:44:36.2 (30781084)|ENTERING_MANAGED_PKG|
17:44:36.2 (30786034)|HEAP_ALLOCATE|[EXTERNAL]|Bytes:4
17:44:36.2 (30798808)|HEAP_ALLOCATE|[456]|Bytes:5
17:44:36.2 (30807431)|HEAP_ALLOCATE|[456]|Bytes:6
17:44:36.2 (30813163)|VARIABLE_SCOPE_BEGIN|[456]|str|String|false|false
17:44:36.2 (30819756)|VARIABLE_ASSIGNMENT|[456]|str|"Client"
17:44:36.2 (30822245)|STATEMENT_EXECUTE|[456]
17:44:36.2 (30830846)|ENTERING_MANAGED_PKG|
17:44:36.2 (30837175)|STATEMENT_EXECUTE|[457]
17:44:36.2 (30838656)|STATEMENT_EXECUTE|[458]
17:44:36.2 (30843866)|ENTERING_MANAGED_PKG|
17:44:36.2 (30853247)|ENTERING_MANAGED_PKG|
17:44:36.2 (30856855)|HEAP_ALLOCATE|[EXTERNAL]|Bytes:4
17:44:36.2 (30867641)|HEAP_ALLOCATE|[456]|Bytes:5
17:44:36.2 (30875585)|HEAP_ALLOCATE|[456]|Bytes:4
17:44:36.2 (30880773)|VARIABLE_SCOPE_BEGIN|[456]|str|String|false|false
17:44:36.2 (30886416)|VARIABLE_ASSIGNMENT|[456]|str|"Date"
17:44:36.2 (30888718)|STATEMENT_EXECUTE|[456]
17:44:36.2 (30896246)|ENTERING_MANAGED_PKG|
17:44:36.2 (30902312)|STATEMENT_EXECUTE|[457]
17:44:36.2 (30903753)|STATEMENT_EXECUTE|[458]
17:44:36.2 (30908786)|ENTERING_MANAGED_PKG|
17:44:36.2 (30917877)|ENTERING_MANAGED_PKG|
17:44:36.2 (30921346)|HEAP_ALLOCATE|[EXTERNAL]|Bytes:4
17:44:36.2 (30931836)|HEAP_ALLOCATE|[456]|Bytes:5
17:44:36.2 (30939412)|HEAP_ALLOCATE|[456]|Bytes:11
17:44:36.2 (30944648)|VARIABLE_SCOPE_BEGIN|[456]|str|String|false|false
17:44:36.2 (30950554)|VARIABLE_ASSIGNMENT|[456]|str|"Reimbursed?"
17:44:36.2 (30952911)|STATEMENT_EXECUTE|[456]
17:44:36.2 (30960368)|ENTERING_MANAGED_PKG|
17:44:36.2 (30966376)|STATEMENT_EXECUTE|[457]
17:44:36.2 (30967872)|STATEMENT_EXECUTE|[458]
17:44:36.2 (30972963)|ENTERING_MANAGED_PKG|
17:44:36.2 (30982073)|ENTERING_MANAGED_PKG|
17:44:36.2 (30985519)|HEAP_ALLOCATE|[EXTERNAL]|Bytes:4
17:44:36.2 (30996289)|HEAP_ALLOCATE|[456]|Bytes:5
17:44:36.2 (31005893)|VARIABLE_ASSIGNMENT|[456]|str|null
17:44:36.2 (31009773)|STATEMENT_EXECUTE|[461]
17:44:36.2 (31017855)|METHOD_EXIT|[427]|01p36000005Jpvx|shiva15testns.PermissionSetPortalControllers.sortTheFieldLabels(List<shiva15testns.PermissionSetPortalControllers.FieldDetailsClass>)
17:44:36.2 (31058416)|VARIABLE_ASSIGNMENT|[427]|individualObjectAllFieldsList|{"s":1,"v":[{"fieldLabel":"Amount","fieldName":"shiva15testns__amoun (4 more) ..."},{"fieldLabel":"Client","fieldName":"shiva15testns__clien (4 more) ..."},{"fieldLabel":"Date","fieldName":"shiva15testns__date_ (2 more) ..."},{"fieldLabel":"Reimbursed?","fieldName":"shiva15testns__reimb (8 more) ..."}]}|0x3f1807d3
17:44:36.2 (31063383)|STATEMENT_EXECUTE|[428]
17:44:36.2 (31081776)|METHOD_ENTRY|[428]|01p36000005Jpvx|shiva15testns.PermissionSetPortalControllers.getFieldPermissions(String, String, List<shiva15testns.PermissionSetPortalControllers.FieldDetailsClass>)
17:44:36.2 (31102088)|VARIABLE_SCOPE_BEGIN|[475]|pSetId|String|false|false
17:44:36.2 (31109713)|VARIABLE_ASSIGNMENT|[475]|pSetId|"0PS36000000q71PGAQ"
17:44:36.2 (31113085)|VARIABLE_SCOPE_BEGIN|[475]|objName|String|false|false
17:44:36.2 (31117499)|VARIABLE_ASSIGNMENT|[475]|objName|"shiva15testns__expen (5 more) ..."
17:44:36.2 (31120594)|VARIABLE_SCOPE_BEGIN|[475]|individualObjectAllFieldsListAsInput|List<shiva15testns.PermissionSetPortalControllers.FieldDetailsClass>|true|false
17:44:36.2 (31155158)|VARIABLE_ASSIGNMENT|[475]|individualObjectAllFieldsListAsInput|{"s":1,"v":[{"fieldLabel":"Amount","fieldName":"shiva15testns__amoun (4 more) ..."},{"fieldLabel":"Client","fieldName":"shiva15testns__clien (4 more) ..."},{"fieldLabel":"Date","fieldName":"shiva15testns__date_ (2 more) ..."},{"fieldLabel":"Reimbursed?","fieldName":"shiva15testns__reimb (8 more) ..."}]}|0x3f1807d3
17:44:36.2 (31165736)|HEAP_ALLOCATE|[478]|Bytes:5
17:44:36.2 (31169932)|STATEMENT_EXECUTE|[475]
17:44:36.2 (31171393)|STATEMENT_EXECUTE|[477]
17:44:36.2 (31174571)|HEAP_ALLOCATE|[478]|Bytes:163
17:44:36.2 (31184003)|HEAP_ALLOCATE|[478]|Bytes:4
17:44:36.2 (31193559)|HEAP_ALLOCATE|[478]|Bytes:7
17:44:36.2 (31216249)|HEAP_ALLOCATE|[478]|Bytes:7
17:44:36.2 (32184023)|SOQL_EXECUTE_BEGIN|[478]|Aggregations:0|SELECT Id, Field, Parent.Name, ParentId, SobjectType, PermissionsEdit, PermissionsRead FROM FieldPermissions WHERE (ParentId = :tmpVar1 AND SobjectType = :tmpVar2)
17:44:36.2 (56361747)|SOQL_EXECUTE_END|[478]|Rows:0
17:44:36.2 (56392620)|HEAP_ALLOCATE|[478]|Bytes:4
17:44:36.2 (56410443)|HEAP_ALLOCATE|[478]|Bytes:0
17:44:36.2 (56511036)|HEAP_ALLOCATE|[478]|Bytes:4
17:44:36.2 (56534904)|VARIABLE_SCOPE_BEGIN|[477]|FieldPermissionsList|List<FieldPermissions>|true|false
17:44:36.2 (56564983)|VARIABLE_ASSIGNMENT|[477]|FieldPermissionsList|{"s":1,"v":[]}|0x2fd5c67b
17:44:36.2 (56569900)|STATEMENT_EXECUTE|[480]
17:44:36.2 (56606013)|HEAP_ALLOCATE|[480]|Bytes:4
17:44:36.2 (56667495)|VARIABLE_SCOPE_BEGIN|[480]|fieldPermissionsListMap|Map<String,FieldPermissions>|true|false
17:44:36.2 (56687397)|VARIABLE_ASSIGNMENT|[480]|fieldPermissionsListMap|{"s":1,"v":{}}|0xcb01ef1
17:44:36.2 (56759273)|ENTERING_MANAGED_PKG|
17:44:36.2 (56941431)|HEAP_ALLOCATE|[482]|Bytes:5
17:44:36.2 (56966990)|VARIABLE_ASSIGNMENT|[482]|fper|null|
17:44:36.2 (56971970)|STATEMENT_EXECUTE|[482]
17:44:36.2 (56974384)|STATEMENT_EXECUTE|[486]
17:44:36.2 (56980648)|HEAP_ALLOCATE|[486]|Bytes:4
17:44:36.2 (56995104)|ENTERING_MANAGED_PKG|
17:44:36.2 (57017534)|VARIABLE_SCOPE_BEGIN|[486]|individualObjectAllFieldsFinalList|List<shiva15testns.PermissionSetPortalControllers.FieldDetailsClass>|true|false
17:44:36.2 (57032403)|HEAP_ALLOCATE|[EXTERNAL]|Bytes:4
17:44:36.2 (57044277)|VARIABLE_ASSIGNMENT|[486]|individualObjectAllFieldsFinalList|{"s":1,"v":[]}|0x23cfe858
17:44:36.2 (57047637)|STATEMENT_EXECUTE|[488]
17:44:36.2 (57051705)|VARIABLE_SCOPE_BEGIN|[488]|fieldPermissionsObj|shiva15testns.PermissionSetPortalControllers.FieldPermissionsClass|true|false
17:44:36.2 (57057611)|VARIABLE_ASSIGNMENT|[488]|fieldPermissionsObj|null|
17:44:36.2 (57071163)|ENTERING_MANAGED_PKG|
17:44:36.2 (57100004)|HEAP_ALLOCATE|[490]|Bytes:5
17:44:36.2 (57113315)|HEAP_ALLOCATE|[490]|Bytes:16
17:44:36.2 (57123983)|VARIABLE_SCOPE_BEGIN|[490]|fieldClassObj|shiva15testns.PermissionSetPortalControllers.FieldDetailsClass|true|false
17:44:36.2 (57162698)|VARIABLE_ASSIGNMENT|[490]|fieldClassObj|{"fieldLabel":"Amount","fieldName":"shiva15testns__amoun (4 more) ..."}|0x3ebccba7
17:44:36.2 (57167307)|STATEMENT_EXECUTE|[490]
17:44:36.2 (57184638)|ENTERING_MANAGED_PKG|
17:44:36.2 (57210067)|STATEMENT_EXECUTE|[508]
17:44:36.2 (57212195)|STATEMENT_EXECUTE|[509]
17:44:36.2 (57217418)|HEAP_ALLOCATE|[509]|Bytes:60
17:44:36.2 (57236961)|ENTERING_MANAGED_PKG|
17:44:36.2 (57261974)|USER_DEBUG|[509]|DEBUG|No Field Permissions concerened to individual Psets and Objs
17:44:36.2 (57269762)|STATEMENT_EXECUTE|[510]
17:44:36.2 (57278275)|HEAP_ALLOCATE|[510]|Bytes:4
17:44:36.2 (57305597)|HEAP_ALLOCATE|[510]|Bytes:16
17:44:36.2 (57346371)|CONSTRUCTOR_ENTRY|[510]|01p36000005Jpvx|<init>(String,Boolean,Boolean)
17:44:36.2 (57386138)|VARIABLE_SCOPE_BEGIN|[1029]|this|shiva15testns.PermissionSetPortalControllers.FieldPermissionsClass|true|false
17:44:36.2 (57410661)|VARIABLE_ASSIGNMENT|[1029]|this|{}|0x71e153a2
17:44:36.2 (57416514)|VARIABLE_SCOPE_BEGIN|[1029]|fieldPermissionsId|String|false|false
17:44:36.2 (57420824)|VARIABLE_ASSIGNMENT|[1029]|fieldPermissionsId|null
17:44:36.2 (57425579)|VARIABLE_SCOPE_BEGIN|[1029]|fieldRead|Boolean|false|false
17:44:36.2 (57429279)|VARIABLE_ASSIGNMENT|[1029]|fieldRead|false
17:44:36.2 (57432484)|VARIABLE_SCOPE_BEGIN|[1029]|fieldEdit|Boolean|false|false
17:44:36.2 (57435376)|VARIABLE_ASSIGNMENT|[1029]|fieldEdit|false
17:44:36.2 (57439143)|STATEMENT_EXECUTE|[1020]
17:44:36.2 (57440764)|STATEMENT_EXECUTE|[1023]
17:44:36.2 (57442327)|STATEMENT_EXECUTE|[1025]
17:44:36.2 (57443567)|STATEMENT_EXECUTE|[1027]
17:44:36.2 (57459824)|STATEMENT_EXECUTE|[1029]
17:44:36.2 (57461524)|STATEMENT_EXECUTE|[1030]
17:44:36.2 (57473463)|VARIABLE_ASSIGNMENT|[1030]|this.fieldPermissionsId|null|0x71e153a2
17:44:36.2 (57476082)|STATEMENT_EXECUTE|[1031]
17:44:36.2 (57479821)|HEAP_ALLOCATE|[1031]|Bytes:5
17:44:36.2 (57486557)|VARIABLE_ASSIGNMENT|[1031]|this.fieldRead|false|0x71e153a2
17:44:36.2 (57488838)|STATEMENT_EXECUTE|[1032]
17:44:36.2 (57491768)|HEAP_ALLOCATE|[1032]|Bytes:5
17:44:36.2 (57497080)|VARIABLE_ASSIGNMENT|[1032]|this.fieldEdit|false|0x71e153a2
17:44:36.2 (57506609)|CONSTRUCTOR_EXIT|[510]|01p36000005Jpvx|<init>(String,Boolean,Boolean)
17:44:36.2 (57525025)|VARIABLE_ASSIGNMENT|[510]|fieldPermissionsObj|{"fieldEdit":false,"fieldRead":false}|0x71e153a2
17:44:36.2 (57528548)|STATEMENT_EXECUTE|[511]
17:44:36.2 (57535840)|VARIABLE_ASSIGNMENT|[511]|this.fieldPermissions|0x71e153a2|0x3ebccba7
17:44:36.2 (57537906)|STATEMENT_EXECUTE|[512]
17:44:36.2 (57551769)|ENTERING_MANAGED_PKG|
17:44:36.2 (57578064)|HEAP_ALLOCATE|[EXTERNAL]|Bytes:4
17:44:36.2 (57593808)|HEAP_ALLOCATE|[490]|Bytes:5
17:44:36.2 (57603666)|HEAP_ALLOCATE|[490]|Bytes:16
17:44:36.2 (57609645)|VARIABLE_SCOPE_BEGIN|[490]|fieldClassObj|shiva15testns.PermissionSetPortalControllers.FieldDetailsClass|true|false
17:44:36.2 (57631611)|VARIABLE_ASSIGNMENT|[490]|fieldClassObj|{"fieldLabel":"Client","fieldName":"shiva15testns__clien (4 more) ..."}|0x7ff8fa4b
17:44:36.2 (57635607)|STATEMENT_EXECUTE|[490]
17:44:36.2 (57647530)|ENTERING_MANAGED_PKG|
17:44:36.2 (57663826)|STATEMENT_EXECUTE|[508]
17:44:36.2 (57665806)|STATEMENT_EXECUTE|[509]
17:44:36.2 (57674899)|ENTERING_MANAGED_PKG|
17:44:36.2 (57682108)|USER_DEBUG|[509]|DEBUG|No Field Permissions concerened to individual Psets and Objs
17:44:36.2 (57688935)|STATEMENT_EXECUTE|[510]
17:44:36.2 (57693724)|HEAP_ALLOCATE|[510]|Bytes:16
17:44:36.2 (57705042)|CONSTRUCTOR_ENTRY|[510]|01p36000005Jpvx|<init>(String,Boolean,Boolean)
17:44:36.2 (57710128)|VARIABLE_SCOPE_BEGIN|[1029]|this|shiva15testns.PermissionSetPortalControllers.FieldPermissionsClass|true|false
17:44:36.2 (57726689)|VARIABLE_ASSIGNMENT|[1029]|this|{}|0x2db0e8ee
17:44:36.2 (57729866)|VARIABLE_SCOPE_BEGIN|[1029]|fieldPermissionsId|String|false|false
17:44:36.2 (57733243)|VARIABLE_ASSIGNMENT|[1029]|fieldPermissionsId|null
17:44:36.2 (57736222)|VARIABLE_SCOPE_BEGIN|[1029]|fieldRead|Boolean|false|false
17:44:36.2 (57739282)|VARIABLE_ASSIGNMENT|[1029]|fieldRead|false
17:44:36.2 (57741352)|VARIABLE_SCOPE_BEGIN|[1029]|fieldEdit|Boolean|false|false
17:44:36.2 (57743651)|VARIABLE_ASSIGNMENT|[1029]|fieldEdit|false
17:44:36.2 (57746139)|STATEMENT_EXECUTE|[1020]
17:44:36.2 (57747510)|STATEMENT_EXECUTE|[1023]
17:44:36.2 (57749010)|STATEMENT_EXECUTE|[1025]
17:44:36.2 (57750130)|STATEMENT_EXECUTE|[1027]
17:44:36.2 (57761459)|STATEMENT_EXECUTE|[1029]
17:44:36.2 (57763091)|STATEMENT_EXECUTE|[1030]
17:44:36.2 (57769492)|VARIABLE_ASSIGNMENT|[1030]|this.fieldPermissionsId|null|0x2db0e8ee
17:44:36.2 (57771727)|STATEMENT_EXECUTE|[1031]
17:44:36.2 (57774913)|HEAP_ALLOCATE|[1031]|Bytes:5
17:44:36.2 (57780541)|VARIABLE_ASSIGNMENT|[1031]|this.fieldRead|false|0x2db0e8ee
17:44:36.2 (57782472)|STATEMENT_EXECUTE|[1032]
17:44:36.2 (57784873)|HEAP_ALLOCATE|[1032]|Bytes:5
17:44:36.2 (57789693)|VARIABLE_ASSIGNMENT|[1032]|this.fieldEdit|false|0x2db0e8ee
17:44:36.2 (57798543)|CONSTRUCTOR_EXIT|[510]|01p36000005Jpvx|<init>(String,Boolean,Boolean)
17:44:36.2 (57815778)|VARIABLE_ASSIGNMENT|[510]|fieldPermissionsObj|{"fieldEdit":false,"fieldRead":false}|0x2db0e8ee
17:44:36.2 (57819033)|STATEMENT_EXECUTE|[511]
17:44:36.2 (57824857)|VARIABLE_ASSIGNMENT|[511]|this.fieldPermissions|0x2db0e8ee|0x7ff8fa4b
17:44:36.2 (57826771)|STATEMENT_EXECUTE|[512]
17:44:36.2 (57838065)|ENTERING_MANAGED_PKG|
17:44:36.2 (57842304)|HEAP_ALLOCATE|[EXTERNAL]|Bytes:4
17:44:36.2 (57855356)|HEAP_ALLOCATE|[490]|Bytes:5
17:44:36.2 (57864890)|HEAP_ALLOCATE|[490]|Bytes:16
17:44:36.2 (57870970)|VARIABLE_SCOPE_BEGIN|[490]|fieldClassObj|shiva15testns.PermissionSetPortalControllers.FieldDetailsClass|true|false
17:44:36.2 (57891156)|VARIABLE_ASSIGNMENT|[490]|fieldClassObj|{"fieldLabel":"Date","fieldName":"shiva15testns__date_ (2 more) ..."}|0x627e7b40
17:44:36.2 (57895067)|STATEMENT_EXECUTE|[490]
17:44:36.2 (57906026)|ENTERING_MANAGED_PKG|
17:44:36.2 (57916187)|STATEMENT_EXECUTE|[508]
17:44:36.2 (57917906)|STATEMENT_EXECUTE|[509]
17:44:36.2 (57926333)|ENTERING_MANAGED_PKG|
17:44:36.2 (57933025)|USER_DEBUG|[509]|DEBUG|No Field Permissions concerened to individual Psets and Objs
17:44:36.2 (57938852)|STATEMENT_EXECUTE|[510]
17:44:36.2 (57943396)|HEAP_ALLOCATE|[510]|Bytes:16
17:44:36.2 (57954037)|CONSTRUCTOR_ENTRY|[510]|01p36000005Jpvx|<init>(String,Boolean,Boolean)
17:44:36.2 (57959012)|VARIABLE_SCOPE_BEGIN|[1029]|this|shiva15testns.PermissionSetPortalControllers.FieldPermissionsClass|true|false
17:44:36.2 (57974628)|VARIABLE_ASSIGNMENT|[1029]|this|{}|0x23d09e03
17:44:36.2 (57977623)|VARIABLE_SCOPE_BEGIN|[1029]|fieldPermissionsId|String|false|false
17:44:36.2 (57981111)|VARIABLE_ASSIGNMENT|[1029]|fieldPermissionsId|null
17:44:36.2 (57984030)|VARIABLE_SCOPE_BEGIN|[1029]|fieldRead|Boolean|false|false
17:44:36.2 (57986875)|VARIABLE_ASSIGNMENT|[1029]|fieldRead|false
17:44:36.2 (57988822)|VARIABLE_SCOPE_BEGIN|[1029]|fieldEdit|Boolean|false|false
17:44:36.2 (57991160)|VARIABLE_ASSIGNMENT|[1029]|fieldEdit|false
17:44:36.2 (57993677)|STATEMENT_EXECUTE|[1020]
17:44:36.2 (57994921)|STATEMENT_EXECUTE|[1023]
17:44:36.2 (57996380)|STATEMENT_EXECUTE|[1025]
17:44:36.2 (57997496)|STATEMENT_EXECUTE|[1027]
17:44:36.2 (58007636)|STATEMENT_EXECUTE|[1029]
17:44:36.2 (58010152)|STATEMENT_EXECUTE|[1030]
17:44:36.2 (58016682)|VARIABLE_ASSIGNMENT|[1030]|this.fieldPermissionsId|null|0x23d09e03
17:44:36.2 (58018787)|STATEMENT_EXECUTE|[1031]
17:44:36.2 (58021867)|HEAP_ALLOCATE|[1031]|Bytes:5
17:44:36.2 (58027335)|VARIABLE_ASSIGNMENT|[1031]|this.fieldRead|false|0x23d09e03
17:44:36.2 (58029216)|STATEMENT_EXECUTE|[1032]
17:44:36.2 (58031643)|HEAP_ALLOCATE|[1032]|Bytes:5
17:44:36.2 (58036189)|VARIABLE_ASSIGNMENT|[1032]|this.fieldEdit|false|0x23d09e03
17:44:36.2 (58045104)|CONSTRUCTOR_EXIT|[510]|01p36000005Jpvx|<init>(String,Boolean,Boolean)
17:44:36.2 (58061375)|VARIABLE_ASSIGNMENT|[510]|fieldPermissionsObj|{"fieldEdit":false,"fieldRead":false}|0x23d09e03
17:44:36.2 (58064504)|STATEMENT_EXECUTE|[511]
17:44:36.2 (58070295)|VARIABLE_ASSIGNMENT|[511]|this.fieldPermissions|0x23d09e03|0x627e7b40
17:44:36.2 (58072291)|STATEMENT_EXECUTE|[512]
17:44:36.2 (58083430)|ENTERING_MANAGED_PKG|
17:44:36.2 (58087583)|HEAP_ALLOCATE|[EXTERNAL]|Bytes:4
17:44:36.2 (58100482)|HEAP_ALLOCATE|[490]|Bytes:5
17:44:36.2 (58109760)|HEAP_ALLOCATE|[490]|Bytes:16
17:44:36.2 (58115565)|VARIABLE_SCOPE_BEGIN|[490]|fieldClassObj|shiva15testns.PermissionSetPortalControllers.FieldDetailsClass|true|false
17:44:36.2 (58135097)|VARIABLE_ASSIGNMENT|[490]|fieldClassObj|{"fieldLabel":"Reimbursed?","fieldName":"shiva15testns__reimb (8 more) ..."}|0x5f84a56b
17:44:36.2 (58139059)|STATEMENT_EXECUTE|[490]
17:44:36.2 (58150025)|ENTERING_MANAGED_PKG|
17:44:36.2 (58160045)|STATEMENT_EXECUTE|[508]
17:44:36.2 (58161766)|STATEMENT_EXECUTE|[509]
17:44:36.2 (58169910)|ENTERING_MANAGED_PKG|
17:44:36.2 (58176392)|USER_DEBUG|[509]|DEBUG|No Field Permissions concerened to individual Psets and Objs
17:44:36.2 (58182198)|STATEMENT_EXECUTE|[510]
17:44:36.2 (58186655)|HEAP_ALLOCATE|[510]|Bytes:16
17:44:36.2 (58197060)|CONSTRUCTOR_ENTRY|[510]|01p36000005Jpvx|<init>(String,Boolean,Boolean)
17:44:36.2 (58201600)|VARIABLE_SCOPE_BEGIN|[1029]|this|shiva15testns.PermissionSetPortalControllers.FieldPermissionsClass|true|false
17:44:36.2 (58216659)|VARIABLE_ASSIGNMENT|[1029]|this|{}|0x707c83f0
17:44:36.2 (58219637)|VARIABLE_SCOPE_BEGIN|[1029]|fieldPermissionsId|String|false|false
17:44:36.2 (58222898)|VARIABLE_ASSIGNMENT|[1029]|fieldPermissionsId|null
17:44:36.2 (58225828)|VARIABLE_SCOPE_BEGIN|[1029]|fieldRead|Boolean|false|false
17:44:36.2 (58228631)|VARIABLE_ASSIGNMENT|[1029]|fieldRead|false
17:44:36.2 (58230624)|VARIABLE_SCOPE_BEGIN|[1029]|fieldEdit|Boolean|false|false
17:44:36.2 (58232966)|VARIABLE_ASSIGNMENT|[1029]|fieldEdit|false
17:44:36.2 (58235420)|STATEMENT_EXECUTE|[1020]
17:44:36.2 (58236664)|STATEMENT_EXECUTE|[1023]
17:44:36.2 (58238116)|STATEMENT_EXECUTE|[1025]
17:44:36.2 (58239410)|STATEMENT_EXECUTE|[1027]
17:44:36.2 (58249620)|STATEMENT_EXECUTE|[1029]
17:44:36.2 (58251117)|STATEMENT_EXECUTE|[1030]
17:44:36.2 (58257237)|VARIABLE_ASSIGNMENT|[1030]|this.fieldPermissionsId|null|0x707c83f0
17:44:36.2 (58259402)|STATEMENT_EXECUTE|[1031]
17:44:36.2 (58262380)|HEAP_ALLOCATE|[1031]|Bytes:5
17:44:36.2 (58267515)|VARIABLE_ASSIGNMENT|[1031]|this.fieldRead|false|0x707c83f0
17:44:36.2 (58269379)|STATEMENT_EXECUTE|[1032]
17:44:36.2 (58271819)|HEAP_ALLOCATE|[1032]|Bytes:5
17:44:36.2 (58276194)|VARIABLE_ASSIGNMENT|[1032]|this.fieldEdit|false|0x707c83f0
17:44:36.2 (58284399)|CONSTRUCTOR_EXIT|[510]|01p36000005Jpvx|<init>(String,Boolean,Boolean)
17:44:36.2 (58299922)|VARIABLE_ASSIGNMENT|[510]|fieldPermissionsObj|{"fieldEdit":false,"fieldRead":false}|0x707c83f0
17:44:36.2 (58302978)|STATEMENT_EXECUTE|[511]
17:44:36.2 (58308749)|VARIABLE_ASSIGNMENT|[511]|this.fieldPermissions|0x707c83f0|0x5f84a56b
17:44:36.2 (58310662)|STATEMENT_EXECUTE|[512]
17:44:36.2 (58321581)|ENTERING_MANAGED_PKG|
17:44:36.2 (58325541)|HEAP_ALLOCATE|[EXTERNAL]|Bytes:4
17:44:36.2 (58338160)|HEAP_ALLOCATE|[490]|Bytes:5
17:44:36.2 (58348788)|VARIABLE_ASSIGNMENT|[490]|fieldClassObj|null|
17:44:36.2 (58352025)|STATEMENT_EXECUTE|[516]
17:44:36.2 (58355359)|HEAP_ALLOCATE|[516]|Bytes:37
17:44:36.2 (58381773)|ENTERING_MANAGED_PKG|
17:44:36.2 (58502585)|HEAP_ALLOCATE|[516]|Bytes:705
17:44:36.2 (58523429)|HEAP_ALLOCATE|[516]|Bytes:742
17:44:36.2 (58537376)|ENTERING_MANAGED_PKG|
17:44:36.2 (58544735)|USER_DEBUG|[516]|DEBUG|individualObjectAllFieldsFinalList : (FieldDetailsClass:[fieldLabel=Amount, fieldName=shiva15testns__amount__c, fieldPermissions=FieldPermissionsClass:[fieldEdit=false, fieldPermissionsId=null, fieldRead=false]], FieldDetailsClass:[fieldLabel=Client, fieldName=shiva15testns__client__c, fieldPermissions=FieldPermissionsClass:[fieldEdit=false, fieldPermissionsId=null, fieldRead=false]], FieldDetailsClass:[fieldLabel=Date, fieldName=shiva15testns__date__c, fieldPermissions=FieldPermissionsClass:[fieldEdit=false, fieldPermissionsId=null, fieldRead=false]], FieldDetailsClass:[fieldLabel=Reimbursed?, fieldName=shiva15testns__reimbursed__c, fieldPermissions=FieldPermissionsClass:[fieldEdit=false, fieldPermissionsId=null, fieldRead=false]])
17:44:36.2 (58554910)|STATEMENT_EXECUTE|[517]
17:44:36.2 (58566189)|METHOD_EXIT|[428]|01p36000005Jpvx|shiva15testns.PermissionSetPortalControllers.getFieldPermissions(String, String, List<shiva15testns.PermissionSetPortalControllers.FieldDetailsClass>)
17:44:36.2 (58577154)|SYSTEM_MODE_EXIT|false
17:44:36.58 (58626320)|CUMULATIVE_LIMIT_USAGE
17:44:36.58 (58626320)|LIMIT_USAGE_FOR_NS|(default)|
  Number of SOQL queries: 0 out of 100
  Number of query rows: 0 out of 50000
  Number of SOSL queries: 0 out of 20
  Number of DML statements: 0 out of 150
  Number of DML rows: 0 out of 10000
  Maximum CPU time: 0 out of 10000
  Maximum heap size: 0 out of 6000000
  Number of callouts: 0 out of 100
  Number of Email Invocations: 0 out of 10
  Number of future calls: 0 out of 50
  Number of queueable jobs added to the queue: 0 out of 50
  Number of Mobile Apex push calls: 0 out of 10

17:44:36.58 (58626320)|LIMIT_USAGE_FOR_NS|shiva15testns|
  Number of SOQL queries: 1 out of 100
  Number of query rows: 0 out of 50000
  Number of SOSL queries: 0 out of 20
  Number of DML statements: 0 out of 150
  Number of DML rows: 0 out of 10000
  Maximum CPU time: 0 out of 10000
  Maximum heap size: 0 out of 6000000
  Number of callouts: 0 out of 100
  Number of Email Invocations: 0 out of 10
  Number of future calls: 0 out of 50
  Number of queueable jobs added to the queue: 0 out of 50
  Number of Mobile Apex push calls: 0 out of 10

17:44:36.58 (58626320)|CUMULATIVE_LIMIT_USAGE_END

17:44:36.2 (58681543)|CODE_UNIT_FINISHED|PermissionSetPortalControllers.getAllFieldData
17:44:36.60 (60430201)|CODE_UNIT_STARTED|[EXTERNAL]|Aura
17:44:36.60 (61495260)|CODE_UNIT_STARTED|[EXTERNAL]|Aura
17:44:36.60 (61524382)|CODE_UNIT_FINISHED|Aura
17:44:36.60 (61538978)|CODE_UNIT_FINISHED|Aura
17:44:36.62 (62508123)|CODE_UNIT_STARTED|[EXTERNAL]|Aura
17:44:36.62 (63537947)|CODE_UNIT_STARTED|[EXTERNAL]|Aura
17:44:36.62 (63564066)|CODE_UNIT_FINISHED|Aura
17:44:36.62 (63576979)|CODE_UNIT_FINISHED|Aura
17:44:36.64 (64607410)|CODE_UNIT_STARTED|[EXTERNAL]|Aura
17:44:36.64 (65586839)|CODE_UNIT_STARTED|[EXTERNAL]|Aura
17:44:36.64 (65612555)|CODE_UNIT_FINISHED|Aura
17:44:36.64 (65624883)|CODE_UNIT_FINISHED|Aura
17:44:36.66 (66669197)|CODE_UNIT_STARTED|[EXTERNAL]|Aura
17:44:36.66 (67999351)|CODE_UNIT_STARTED|[EXTERNAL]|Aura
17:44:36.66 (68025192)|CODE_UNIT_FINISHED|Aura
17:44:36.66 (68037986)|CODE_UNIT_FINISHED|Aura
