36.0 APEX_CODE,FINEST;APEX_PROFILING,INFO;CALLOUT,INFO;DB,INFO;SYSTEM,DEBUG;VALIDATION,INFO;VISUALFORCE,INFO;WORKFLOW,INFO
16:31:09.0 (432250)|EXECUTION_STARTED
16:31:09.0 (465982)|CODE_UNIT_STARTED|[EXTERNAL]|01p36000005Jpvx|PermissionSetPortalControllers.getAllPermissionSets
16:31:09.0 (1216079)|VARIABLE_SCOPE_BEGIN|[3]|PermissionSetPortalControllers.AllPermissionSets|List<PermissionSet>|true|true
16:31:09.0 (1243845)|VARIABLE_SCOPE_BEGIN|[10]|PermissionSetPortalControllers.accountField|Set<String>|true|true
16:31:09.0 (1249507)|VARIABLE_SCOPE_BEGIN|[5]|PermissionSetPortalControllers.allObjectsOfOrg|List<shiva15testns.PermissionSetPortalControllers.ObjectDetailsClass>|true|true
16:31:09.0 (1254479)|VARIABLE_SCOPE_BEGIN|[9]|PermissionSetPortalControllers.contactsField|Set<String>|true|true
16:31:09.0 (1258583)|VARIABLE_SCOPE_BEGIN|[7]|PermissionSetPortalControllers.isNotSystemSObjectList|Set<String>|true|true
16:31:09.0 (1423042)|HEAP_ALLOCATE|[72]|Bytes:3
16:31:09.0 (1482417)|HEAP_ALLOCATE|[77]|Bytes:152
16:31:09.0 (1500778)|HEAP_ALLOCATE|[342]|Bytes:408
16:31:09.0 (1518925)|HEAP_ALLOCATE|[355]|Bytes:408
16:31:09.0 (1535167)|HEAP_ALLOCATE|[467]|Bytes:48
16:31:09.0 (1567380)|HEAP_ALLOCATE|[139]|Bytes:6
16:31:09.0 (1593187)|HEAP_ALLOCATE|[EXTERNAL]|Bytes:168
16:31:09.0 (1598159)|HEAP_ALLOCATE|[EXTERNAL]|Bytes:89
16:31:09.0 (1601800)|HEAP_ALLOCATE|[EXTERNAL]|Bytes:344
16:31:09.0 (1619957)|METHOD_ENTRY|[1]|01p36000005Jpvx|PermissionSetPortalControllers.PermissionSetPortalControllers()
16:31:09.0 (1625063)|STATEMENT_EXECUTE|[1]
16:31:09.0 (1632215)|STATEMENT_EXECUTE|[1]
16:31:09.0 (1671936)|HEAP_ALLOCATE|[50]|Bytes:5
16:31:09.0 (1699659)|HEAP_ALLOCATE|[56]|Bytes:5
16:31:09.0 (1708038)|HEAP_ALLOCATE|[64]|Bytes:7
16:31:09.0 (1733590)|SYSTEM_MODE_ENTER|false
16:31:09.0 (1756829)|HEAP_ALLOCATE|[9]|Bytes:5
16:31:09.0 (1761139)|STATEMENT_EXECUTE|[9]
16:31:09.0 (1768860)|HEAP_ALLOCATE|[9]|Bytes:4
16:31:09.0 (1810047)|ENTERING_MANAGED_PKG|
16:31:09.0 (1915204)|VARIABLE_ASSIGNMENT|[9]|PermissionSetPortalControllers.contactsField|{"s":1,"v":[]}|0x7abc9b97
16:31:09.0 (1920128)|STATEMENT_EXECUTE|[10]
16:31:09.0 (1925591)|HEAP_ALLOCATE|[10]|Bytes:4
16:31:09.0 (1939469)|ENTERING_MANAGED_PKG|
16:31:09.0 (1972211)|VARIABLE_ASSIGNMENT|[10]|PermissionSetPortalControllers.accountField|{"s":1,"v":[]}|0x1577eb5b
16:31:09.0 (1976480)|STATEMENT_EXECUTE|[1038]
16:31:09.0 (1978216)|STATEMENT_EXECUTE|[1067]
16:31:09.0 (1979412)|STATEMENT_EXECUTE|[1095]
16:31:09.0 (1980875)|STATEMENT_EXECUTE|[1124]
16:31:09.0 (1982037)|STATEMENT_EXECUTE|[1140]
16:31:09.0 (1983290)|STATEMENT_EXECUTE|[1157]
16:31:09.0 (1984395)|STATEMENT_EXECUTE|[1168]
16:31:09.0 (1985516)|STATEMENT_EXECUTE|[1173]
16:31:09.0 (1993301)|SYSTEM_MODE_EXIT|false
16:31:09.0 (2005704)|METHOD_EXIT|[1]|PermissionSetPortalControllers
16:31:09.0 (2014529)|SYSTEM_MODE_ENTER|false
16:31:09.0 (2031431)|HEAP_ALLOCATE|[157]|Bytes:5
16:31:09.0 (2035128)|STATEMENT_EXECUTE|[156]
16:31:09.0 (2036699)|STATEMENT_EXECUTE|[157]
16:31:09.0 (2037698)|STATEMENT_EXECUTE|[157]
16:31:09.0 (2038742)|STATEMENT_EXECUTE|[158]
16:31:09.0 (2041778)|HEAP_ALLOCATE|[158]|Bytes:99
16:31:09.0 (2053479)|HEAP_ALLOCATE|[158]|Bytes:4
16:31:09.0 (2745384)|SOQL_EXECUTE_BEGIN|[158]|Aggregations:0|SELECT Id, label, Name, Description, NamespacePrefix, UserLicenseId, CreatedDate FROM PermissionSet
16:31:09.0 (6345825)|SOQL_EXECUTE_END|[158]|Rows:37
16:31:09.0 (6362107)|HEAP_ALLOCATE|[158]|Bytes:152
16:31:09.0 (6452603)|HEAP_ALLOCATE|[158]|Bytes:6516
16:31:09.0 (6488363)|HEAP_ALLOCATE|[158]|Bytes:152
16:31:09.0 (6516645)|VARIABLE_ASSIGNMENT|[158]|PermissionSetPortalControllers.AllPermissionSets|{"s":1,"v":"List of size 37 too large to display"}|0x8a31c72
16:31:09.0 (6606897)|ENTERING_MANAGED_PKG|
16:31:09.0 (6641331)|STATEMENT_EXECUTE|[159]
16:31:09.0 (6643685)|STATEMENT_EXECUTE|[160]
16:31:09.0 (6793049)|VARIABLE_SCOPE_BEGIN|[160]|pSetObj|shiva15testns.PermissionSetPortalControllers.PermissionSetClass|true|false
16:31:09.0 (6805322)|VARIABLE_ASSIGNMENT|[160]|pSetObj|null|
16:31:09.0 (6808257)|STATEMENT_EXECUTE|[161]
16:31:09.0 (6814990)|HEAP_ALLOCATE|[161]|Bytes:4
16:31:09.0 (6860488)|ENTERING_MANAGED_PKG|
16:31:09.0 (6878808)|VARIABLE_SCOPE_BEGIN|[161]|permissionSetsLst|List<shiva15testns.PermissionSetPortalControllers.PermissionSetClass>|true|false
16:31:09.0 (6901824)|HEAP_ALLOCATE|[EXTERNAL]|Bytes:4
16:31:09.0 (6919244)|VARIABLE_ASSIGNMENT|[161]|permissionSetsLst|{"s":1,"v":[]}|0x529d274b
16:31:09.0 (6938070)|ENTERING_MANAGED_PKG|
16:31:09.0 (7163397)|HEAP_ALLOCATE|[162]|Bytes:5
16:31:09.0 (7207617)|HEAP_ALLOCATE|[162]|Bytes:28
16:31:09.0 (7219433)|VARIABLE_SCOPE_BEGIN|[162]|PSetName|PermissionSet|true|false
16:31:09.0 (7271818)|VARIABLE_ASSIGNMENT|[162]|PSetName|{"s":1,"v":{"Id":"0PS36000000mmnFGAQ","Label":"00e1a000000MWa8AAG","Name":"X00e1a000000MWa8AAG","NamespacePrefix":"shiva15testns","UserLicenseId":"10036000000eSpzAAE","CreatedDate":"2016-03-08T19:00:02.000Z"}}|0xcf90f75
16:31:09.0 (7277283)|STATEMENT_EXECUTE|[162]
16:31:09.0 (7312416)|HEAP_ALLOCATE|[163]|Bytes:3
16:31:09.0 (7347980)|ENTERING_MANAGED_PKG|
16:31:09.0 (7380640)|STATEMENT_EXECUTE|[163]
16:31:09.0 (7392952)|HEAP_ALLOCATE|[162]|Bytes:5
16:31:09.0 (7415489)|HEAP_ALLOCATE|[162]|Bytes:28
16:31:09.0 (7423997)|VARIABLE_SCOPE_BEGIN|[162]|PSetName|PermissionSet|true|false
16:31:09.0 (7450580)|VARIABLE_ASSIGNMENT|[162]|PSetName|{"s":1,"v":{"Id":"0PS36000000mmnGGAQ","Label":"00ex00000018ozl_128_ (10 more) ...","Name":"X00ex00000018ozl_128 (11 more) ...","NamespacePrefix":"shiva15testns","UserLicenseId":"10036000000eSpyAAE","CreatedDate":"2016-03-08T19:00:02.000Z"}}|0x6ee0179d
16:31:09.0 (7455567)|STATEMENT_EXECUTE|[162]
16:31:09.0 (7478288)|ENTERING_MANAGED_PKG|
16:31:09.0 (7488100)|STATEMENT_EXECUTE|[163]
16:31:09.0 (7498591)|HEAP_ALLOCATE|[162]|Bytes:5
16:31:09.0 (7519494)|HEAP_ALLOCATE|[162]|Bytes:28
16:31:09.0 (7527470)|VARIABLE_SCOPE_BEGIN|[162]|PSetName|PermissionSet|true|false
16:31:09.0 (7550542)|VARIABLE_ASSIGNMENT|[162]|PSetName|{"s":1,"v":{"Id":"0PS36000000mmnHGAQ","Label":"00ex00000018ozm_128_ (10 more) ...","Name":"X00ex00000018ozm_128 (11 more) ...","NamespacePrefix":"shiva15testns","UserLicenseId":"10036000000eSpyAAE","CreatedDate":"2016-03-08T19:00:02.000Z"}}|0x7d608dea
16:31:09.0 (7555062)|STATEMENT_EXECUTE|[162]
16:31:09.0 (7576193)|ENTERING_MANAGED_PKG|
16:31:09.0 (7585593)|STATEMENT_EXECUTE|[163]
16:31:09.0 (7595710)|HEAP_ALLOCATE|[162]|Bytes:5
16:31:09.0 (7615569)|HEAP_ALLOCATE|[162]|Bytes:28
16:31:09.0 (7623197)|VARIABLE_SCOPE_BEGIN|[162]|PSetName|PermissionSet|true|false
16:31:09.0 (7646106)|VARIABLE_ASSIGNMENT|[162]|PSetName|{"s":1,"v":{"Id":"0PS36000000mmnIGAQ","Label":"00ex00000018ozk_128_ (10 more) ...","Name":"X00ex00000018ozk_128 (11 more) ...","NamespacePrefix":"shiva15testns","UserLicenseId":"10036000000eSpyAAE","CreatedDate":"2016-03-08T19:00:02.000Z"}}|0x5cc95a6c
16:31:09.0 (7651037)|STATEMENT_EXECUTE|[162]
16:31:09.0 (7677033)|ENTERING_MANAGED_PKG|
16:31:09.0 (7686655)|STATEMENT_EXECUTE|[163]
16:31:09.0 (7696916)|HEAP_ALLOCATE|[162]|Bytes:5
16:31:09.0 (7716912)|HEAP_ALLOCATE|[162]|Bytes:28
16:31:09.0 (7724632)|VARIABLE_SCOPE_BEGIN|[162]|PSetName|PermissionSet|true|false
16:31:09.0 (7747711)|VARIABLE_ASSIGNMENT|[162]|PSetName|{"s":1,"v":{"Id":"0PS36000000mmnJGAQ","Label":"00ex00000018ozj_128_ (10 more) ...","Name":"X00ex00000018ozj_128 (11 more) ...","NamespacePrefix":"shiva15testns","UserLicenseId":"10036000000eSpyAAE","CreatedDate":"2016-03-08T19:00:02.000Z"}}|0x180f6427
16:31:09.0 (7752111)|STATEMENT_EXECUTE|[162]
16:31:09.0 (7772996)|ENTERING_MANAGED_PKG|
16:31:09.0 (7782246)|STATEMENT_EXECUTE|[163]
16:31:09.0 (7792235)|HEAP_ALLOCATE|[162]|Bytes:5
16:31:09.0 (7812351)|HEAP_ALLOCATE|[162]|Bytes:28
16:31:09.0 (7820132)|VARIABLE_SCOPE_BEGIN|[162]|PSetName|PermissionSet|true|false
16:31:09.0 (7842806)|VARIABLE_ASSIGNMENT|[162]|PSetName|{"s":1,"v":{"Id":"0PS36000000mmnKGAQ","Label":"00ex00000018ozo_128_ (10 more) ...","Name":"X00ex00000018ozo_128 (11 more) ...","NamespacePrefix":"shiva15testns","UserLicenseId":"10036000000eSpyAAE","CreatedDate":"2016-03-08T19:00:02.000Z"}}|0x76bdd444
16:31:09.0 (7847334)|STATEMENT_EXECUTE|[162]
16:31:09.0 (7868002)|ENTERING_MANAGED_PKG|
16:31:09.0 (7877164)|STATEMENT_EXECUTE|[163]
16:31:09.0 (7887214)|HEAP_ALLOCATE|[162]|Bytes:5
16:31:09.0 (7907125)|HEAP_ALLOCATE|[162]|Bytes:28
16:31:09.0 (7914787)|VARIABLE_SCOPE_BEGIN|[162]|PSetName|PermissionSet|true|false
16:31:09.0 (7937295)|VARIABLE_ASSIGNMENT|[162]|PSetName|{"s":1,"v":{"Id":"0PS36000000mmnLGAQ","Label":"00ex00000018ozh_128_ (10 more) ...","Name":"X00ex00000018ozh_128 (11 more) ...","NamespacePrefix":"shiva15testns","UserLicenseId":"10036000000eSpyAAE","CreatedDate":"2016-03-08T19:00:02.000Z"}}|0xfcb08a4
16:31:09.0 (7941954)|STATEMENT_EXECUTE|[162]
16:31:09.0 (7962607)|ENTERING_MANAGED_PKG|
16:31:09.0 (7971784)|STATEMENT_EXECUTE|[163]
16:31:09.0 (7982100)|HEAP_ALLOCATE|[162]|Bytes:5
16:31:09.0 (8001782)|HEAP_ALLOCATE|[162]|Bytes:28
16:31:09.0 (8010440)|VARIABLE_SCOPE_BEGIN|[162]|PSetName|PermissionSet|true|false
16:31:09.0 (8032926)|VARIABLE_ASSIGNMENT|[162]|PSetName|{"s":1,"v":{"Id":"0PS36000000mmnMGAQ","Label":"00ex00000018ozq_128_ (11 more) ...","Name":"X00ex00000018ozq_128 (12 more) ...","NamespacePrefix":"shiva15testns","UserLicenseId":"10036000000eSpyAAE","CreatedDate":"2016-03-08T19:00:02.000Z"}}|0x1947290b
16:31:09.0 (8037045)|STATEMENT_EXECUTE|[162]
16:31:09.0 (8057603)|ENTERING_MANAGED_PKG|
16:31:09.0 (8066812)|STATEMENT_EXECUTE|[163]
16:31:09.0 (8076810)|HEAP_ALLOCATE|[162]|Bytes:5
16:31:09.0 (8096292)|HEAP_ALLOCATE|[162]|Bytes:28
16:31:09.0 (8103823)|VARIABLE_SCOPE_BEGIN|[162]|PSetName|PermissionSet|true|false
16:31:09.0 (8126220)|VARIABLE_ASSIGNMENT|[162]|PSetName|{"s":1,"v":{"Id":"0PS36000000mmnNGAQ","Label":"00ex00000018ozp_128_ (10 more) ...","Name":"X00ex00000018ozp_128 (11 more) ...","NamespacePrefix":"shiva15testns","UserLicenseId":"10036000000eSpyAAE","CreatedDate":"2016-03-08T19:00:02.000Z"}}|0x7a8a4858
16:31:09.0 (8130931)|STATEMENT_EXECUTE|[162]
16:31:09.0 (8151388)|ENTERING_MANAGED_PKG|
16:31:09.0 (8160656)|STATEMENT_EXECUTE|[163]
16:31:09.0 (8205786)|HEAP_ALLOCATE|[162]|Bytes:5
16:31:09.0 (8233183)|HEAP_ALLOCATE|[162]|Bytes:28
16:31:09.0 (8241493)|VARIABLE_SCOPE_BEGIN|[162]|PSetName|PermissionSet|true|false
16:31:09.0 (8264971)|VARIABLE_ASSIGNMENT|[162]|PSetName|{"s":1,"v":{"Id":"0PS36000000mmnOGAQ","Label":"00ex00000018ozn_128_ (10 more) ...","Name":"X00ex00000018ozn_128 (11 more) ...","NamespacePrefix":"shiva15testns","UserLicenseId":"10036000000eSpyAAE","CreatedDate":"2016-03-08T19:00:02.000Z"}}|0x620dacb9
16:31:09.0 (8269429)|STATEMENT_EXECUTE|[162]
16:31:09.0 (8291344)|ENTERING_MANAGED_PKG|
16:31:09.0 (8300870)|STATEMENT_EXECUTE|[163]
16:31:09.0 (8311105)|HEAP_ALLOCATE|[162]|Bytes:5
16:31:09.0 (8331463)|HEAP_ALLOCATE|[162]|Bytes:28
16:31:09.0 (8339066)|VARIABLE_SCOPE_BEGIN|[162]|PSetName|PermissionSet|true|false
16:31:09.0 (8361657)|VARIABLE_ASSIGNMENT|[162]|PSetName|{"s":1,"v":{"Id":"0PS36000000mmnPGAQ","Label":"00e1a000000MWa9AAG","Name":"X00e1a000000MWa9AAG","NamespacePrefix":"shiva15testns","UserLicenseId":"10036000000eSq0AAE","CreatedDate":"2016-03-08T19:00:02.000Z"}}|0x35d41674
16:31:09.0 (8366142)|STATEMENT_EXECUTE|[162]
16:31:09.0 (8386868)|ENTERING_MANAGED_PKG|
16:31:09.0 (8396217)|STATEMENT_EXECUTE|[163]
16:31:09.0 (8406339)|HEAP_ALLOCATE|[162]|Bytes:5
16:31:09.0 (8426450)|HEAP_ALLOCATE|[162]|Bytes:28
16:31:09.0 (8433922)|VARIABLE_SCOPE_BEGIN|[162]|PSetName|PermissionSet|true|false
16:31:09.0 (8455520)|VARIABLE_ASSIGNMENT|[162]|PSetName|{"s":1,"v":{"Id":"0PS36000000mmnQGAQ","Label":"00e1a000000MWaBAAW","Name":"X00e1a000000MWaBAAW","NamespacePrefix":"shiva15testns","UserLicenseId":"10036000000eSq2AAE","CreatedDate":"2016-03-08T19:00:02.000Z"}}|0x157b7eb4
16:31:09.0 (8459753)|STATEMENT_EXECUTE|[162]
16:31:09.0 (8480229)|ENTERING_MANAGED_PKG|
16:31:09.0 (8489475)|STATEMENT_EXECUTE|[163]
16:31:09.0 (8499495)|HEAP_ALLOCATE|[162]|Bytes:5
16:31:09.0 (8519320)|HEAP_ALLOCATE|[162]|Bytes:28
16:31:09.0 (8526738)|VARIABLE_SCOPE_BEGIN|[162]|PSetName|PermissionSet|true|false
16:31:09.0 (8548418)|VARIABLE_ASSIGNMENT|[162]|PSetName|{"s":1,"v":{"Id":"0PS36000000mmnRGAQ","Label":"00e1a000000MWaCAAW","Name":"X00e1a000000MWaCAAW","NamespacePrefix":"shiva15testns","UserLicenseId":"10036000000eSq3AAE","CreatedDate":"2016-03-08T19:00:02.000Z"}}|0x3d9b3ccb
16:31:09.0 (8552386)|STATEMENT_EXECUTE|[162]
16:31:09.0 (8572767)|ENTERING_MANAGED_PKG|
16:31:09.0 (8581993)|STATEMENT_EXECUTE|[163]
16:31:09.0 (8591949)|HEAP_ALLOCATE|[162]|Bytes:5
16:31:09.0 (8611343)|HEAP_ALLOCATE|[162]|Bytes:28
16:31:09.0 (8618763)|VARIABLE_SCOPE_BEGIN|[162]|PSetName|PermissionSet|true|false
16:31:09.0 (8640040)|VARIABLE_ASSIGNMENT|[162]|PSetName|{"s":1,"v":{"Id":"0PS36000000mmnSGAQ","Label":"00e1a000000MWaDAAW","Name":"X00e1a000000MWaDAAW","NamespacePrefix":"shiva15testns","UserLicenseId":"10036000000eSq4AAE","CreatedDate":"2016-03-08T19:00:02.000Z"}}|0x327c37a5
16:31:09.0 (8644680)|STATEMENT_EXECUTE|[162]
16:31:09.0 (8670018)|ENTERING_MANAGED_PKG|
16:31:09.0 (8679597)|STATEMENT_EXECUTE|[163]
16:31:09.0 (8689930)|HEAP_ALLOCATE|[162]|Bytes:5
16:31:09.0 (8709868)|HEAP_ALLOCATE|[162]|Bytes:28
16:31:09.0 (8717509)|VARIABLE_SCOPE_BEGIN|[162]|PSetName|PermissionSet|true|false
16:31:09.0 (8739476)|VARIABLE_ASSIGNMENT|[162]|PSetName|{"s":1,"v":{"Id":"0PS36000000mmnTGAQ","Label":"00e1a000000MWaEAAW","Name":"X00e1a000000MWaEAAW","NamespacePrefix":"shiva15testns","UserLicenseId":"10036000000eSq5AAE","CreatedDate":"2016-03-08T19:00:02.000Z"}}|0x270ef028
16:31:09.0 (8743475)|STATEMENT_EXECUTE|[162]
16:31:09.0 (8764071)|ENTERING_MANAGED_PKG|
16:31:09.0 (8773347)|STATEMENT_EXECUTE|[163]
16:31:09.0 (8783409)|HEAP_ALLOCATE|[162]|Bytes:5
16:31:09.0 (8803010)|HEAP_ALLOCATE|[162]|Bytes:28
16:31:09.0 (8810603)|VARIABLE_SCOPE_BEGIN|[162]|PSetName|PermissionSet|true|false
16:31:09.0 (8831950)|VARIABLE_ASSIGNMENT|[162]|PSetName|{"s":1,"v":{"Id":"0PS36000000mmnUGAQ","Label":"00e1a000000MWaFAAW","Name":"X00e1a000000MWaFAAW","NamespacePrefix":"shiva15testns","UserLicenseId":"10036000000eSq6AAE","CreatedDate":"2016-03-08T19:00:02.000Z"}}|0x694eb4a3
16:31:09.0 (8836302)|STATEMENT_EXECUTE|[162]
16:31:09.0 (8856768)|ENTERING_MANAGED_PKG|
16:31:09.0 (8865997)|STATEMENT_EXECUTE|[163]
16:31:09.0 (8875853)|HEAP_ALLOCATE|[162]|Bytes:5
16:31:09.0 (8895545)|HEAP_ALLOCATE|[162]|Bytes:28
16:31:09.0 (8903145)|VARIABLE_SCOPE_BEGIN|[162]|PSetName|PermissionSet|true|false
16:31:09.0 (8924431)|VARIABLE_ASSIGNMENT|[162]|PSetName|{"s":1,"v":{"Id":"0PS36000000mmnVGAQ","Label":"00e1a000000MWaGAAW","Name":"X00e1a000000MWaGAAW","NamespacePrefix":"shiva15testns","UserLicenseId":"10036000000eSq7AAE","CreatedDate":"2016-03-08T19:00:02.000Z"}}|0xdd7a025
16:31:09.0 (8928628)|STATEMENT_EXECUTE|[162]
16:31:09.0 (8949082)|ENTERING_MANAGED_PKG|
16:31:09.0 (8958335)|STATEMENT_EXECUTE|[163]
16:31:09.0 (8968247)|HEAP_ALLOCATE|[162]|Bytes:5
16:31:09.0 (8988073)|HEAP_ALLOCATE|[162]|Bytes:28
16:31:09.0 (8995695)|VARIABLE_SCOPE_BEGIN|[162]|PSetName|PermissionSet|true|false
16:31:09.0 (9017132)|VARIABLE_ASSIGNMENT|[162]|PSetName|{"s":1,"v":{"Id":"0PS36000000mmnWGAQ","Label":"00e1a000000MWaHAAW","Name":"X00e1a000000MWaHAAW","NamespacePrefix":"shiva15testns","UserLicenseId":"10036000000eSq8AAE","CreatedDate":"2016-03-08T19:00:02.000Z"}}|0x5e456f25
16:31:09.0 (9022219)|STATEMENT_EXECUTE|[162]
16:31:09.0 (9042860)|ENTERING_MANAGED_PKG|
16:31:09.0 (9052206)|STATEMENT_EXECUTE|[163]
16:31:09.0 (9062205)|HEAP_ALLOCATE|[162]|Bytes:5
16:31:09.0 (9082019)|HEAP_ALLOCATE|[162]|Bytes:28
16:31:09.0 (9089695)|VARIABLE_SCOPE_BEGIN|[162]|PSetName|PermissionSet|true|false
16:31:09.0 (9111092)|VARIABLE_ASSIGNMENT|[162]|PSetName|{"s":1,"v":{"Id":"0PS36000000mmnXGAQ","Label":"00e1a000000MWaIAAW","Name":"X00e1a000000MWaIAAW","NamespacePrefix":"shiva15testns","UserLicenseId":"10036000000eSq9AAE","CreatedDate":"2016-03-08T19:00:02.000Z"}}|0xe1a4b75
16:31:09.0 (9115415)|STATEMENT_EXECUTE|[162]
16:31:09.0 (9135715)|ENTERING_MANAGED_PKG|
16:31:09.0 (9144938)|STATEMENT_EXECUTE|[163]
16:31:09.0 (9155205)|HEAP_ALLOCATE|[162]|Bytes:5
16:31:09.0 (9174795)|HEAP_ALLOCATE|[162]|Bytes:28
16:31:09.0 (9182275)|VARIABLE_SCOPE_BEGIN|[162]|PSetName|PermissionSet|true|false
16:31:09.0 (9203488)|VARIABLE_ASSIGNMENT|[162]|PSetName|{"s":1,"v":{"Id":"0PS36000000mmnYGAQ","Label":"00e1a000000MWaJAAW","Name":"X00e1a000000MWaJAAW","NamespacePrefix":"shiva15testns","UserLicenseId":"10036000000eSqAAAU","CreatedDate":"2016-03-08T19:00:02.000Z"}}|0x12ed0db9
16:31:09.0 (9207610)|STATEMENT_EXECUTE|[162]
16:31:09.0 (9228051)|ENTERING_MANAGED_PKG|
16:31:09.0 (9237401)|STATEMENT_EXECUTE|[163]
16:31:09.0 (9247301)|HEAP_ALLOCATE|[162]|Bytes:5
16:31:09.0 (9266958)|HEAP_ALLOCATE|[162]|Bytes:28
16:31:09.0 (9275108)|VARIABLE_SCOPE_BEGIN|[162]|PSetName|PermissionSet|true|false
16:31:09.0 (9296417)|VARIABLE_ASSIGNMENT|[162]|PSetName|{"s":1,"v":{"Id":"0PS36000000mmnZGAQ","Label":"00e1a000000MWaKAAW","Name":"X00e1a000000MWaKAAW","NamespacePrefix":"shiva15testns","UserLicenseId":"10036000000eSqBAAU","CreatedDate":"2016-03-08T19:00:02.000Z"}}|0x220b5149
16:31:09.0 (9300857)|STATEMENT_EXECUTE|[162]
16:31:09.0 (9321486)|ENTERING_MANAGED_PKG|
16:31:09.0 (9330851)|STATEMENT_EXECUTE|[163]
16:31:09.0 (9340735)|HEAP_ALLOCATE|[162]|Bytes:5
16:31:09.0 (9360432)|HEAP_ALLOCATE|[162]|Bytes:28
16:31:09.0 (9367932)|VARIABLE_SCOPE_BEGIN|[162]|PSetName|PermissionSet|true|false
16:31:09.0 (9389884)|VARIABLE_ASSIGNMENT|[162]|PSetName|{"s":1,"v":{"Id":"0PS36000000mmnaGAA","Label":"00e1a000000MWaLAAW","Name":"X00e1a000000MWaLAAW","NamespacePrefix":"shiva15testns","UserLicenseId":"10036000000eSqCAAU","CreatedDate":"2016-03-08T19:00:02.000Z"}}|0x57c22e6a
16:31:09.0 (9394100)|STATEMENT_EXECUTE|[162]
16:31:09.0 (9414573)|ENTERING_MANAGED_PKG|
16:31:09.0 (9423899)|STATEMENT_EXECUTE|[163]
16:31:09.0 (9433874)|HEAP_ALLOCATE|[162]|Bytes:5
16:31:09.0 (9453571)|HEAP_ALLOCATE|[162]|Bytes:28
16:31:09.0 (9461096)|VARIABLE_SCOPE_BEGIN|[162]|PSetName|PermissionSet|true|false
16:31:09.0 (9482498)|VARIABLE_ASSIGNMENT|[162]|PSetName|{"s":1,"v":{"Id":"0PS36000000mmnbGAA","Label":"00e1a000000MWaMAAW","Name":"X00e1a000000MWaMAAW","NamespacePrefix":"shiva15testns","UserLicenseId":"10036000000eSqDAAU","CreatedDate":"2016-03-08T19:00:02.000Z"}}|0xb5f9604
16:31:09.0 (9486831)|STATEMENT_EXECUTE|[162]
16:31:09.0 (9507312)|ENTERING_MANAGED_PKG|
16:31:09.0 (9516501)|STATEMENT_EXECUTE|[163]
16:31:09.0 (9526377)|HEAP_ALLOCATE|[162]|Bytes:5
16:31:09.0 (9545914)|HEAP_ALLOCATE|[162]|Bytes:28
16:31:09.0 (9553512)|VARIABLE_SCOPE_BEGIN|[162]|PSetName|PermissionSet|true|false
16:31:09.0 (9574950)|VARIABLE_ASSIGNMENT|[162]|PSetName|{"s":1,"v":{"Id":"0PS36000000mmncGAA","Label":"00e1a000000MWaNAAW","Name":"X00e1a000000MWaNAAW","NamespacePrefix":"shiva15testns","UserLicenseId":"10036000000eSqEAAU","CreatedDate":"2016-03-08T19:00:02.000Z"}}|0x71a5d213
16:31:09.0 (9579296)|STATEMENT_EXECUTE|[162]
16:31:09.0 (9599694)|ENTERING_MANAGED_PKG|
16:31:09.0 (9608921)|STATEMENT_EXECUTE|[163]
16:31:09.0 (9618852)|HEAP_ALLOCATE|[162]|Bytes:5
16:31:09.0 (9638538)|HEAP_ALLOCATE|[162]|Bytes:28
16:31:09.0 (9646328)|VARIABLE_SCOPE_BEGIN|[162]|PSetName|PermissionSet|true|false
16:31:09.0 (9671386)|VARIABLE_ASSIGNMENT|[162]|PSetName|{"s":1,"v":{"Id":"0PS36000000mmndGAA","Label":"00e1a000000MWaOAAW","Name":"X00e1a000000MWaOAAW","NamespacePrefix":"shiva15testns","UserLicenseId":"10036000000eSqFAAU","CreatedDate":"2016-03-08T19:00:02.000Z"}}|0x95c4477
16:31:09.0 (9675579)|STATEMENT_EXECUTE|[162]
16:31:09.0 (9696541)|ENTERING_MANAGED_PKG|
16:31:09.0 (9705748)|STATEMENT_EXECUTE|[163]
16:31:09.0 (9715922)|HEAP_ALLOCATE|[162]|Bytes:5
16:31:09.0 (9735787)|HEAP_ALLOCATE|[162]|Bytes:28
16:31:09.0 (9743267)|VARIABLE_SCOPE_BEGIN|[162]|PSetName|PermissionSet|true|false
16:31:09.0 (9764823)|VARIABLE_ASSIGNMENT|[162]|PSetName|{"s":1,"v":{"Id":"0PS36000000mmneGAA","Label":"00e1a000000MWaPAAW","Name":"X00e1a000000MWaPAAW","NamespacePrefix":"shiva15testns","UserLicenseId":"10036000000eSqGAAU","CreatedDate":"2016-03-08T19:00:02.000Z"}}|0x4f2b8a48
16:31:09.0 (9768909)|STATEMENT_EXECUTE|[162]
16:31:09.0 (9789402)|ENTERING_MANAGED_PKG|
16:31:09.0 (9798897)|STATEMENT_EXECUTE|[163]
16:31:09.0 (9808838)|HEAP_ALLOCATE|[162]|Bytes:5
16:31:09.0 (9828426)|HEAP_ALLOCATE|[162]|Bytes:28
16:31:09.0 (9835938)|VARIABLE_SCOPE_BEGIN|[162]|PSetName|PermissionSet|true|false
16:31:09.0 (9857283)|VARIABLE_ASSIGNMENT|[162]|PSetName|{"s":1,"v":{"Id":"0PS36000000mmnfGAA","Label":"00e1a000000MWaQAAW","Name":"X00e1a000000MWaQAAW","NamespacePrefix":"shiva15testns","UserLicenseId":"10036000000eSqHAAU","CreatedDate":"2016-03-08T19:00:02.000Z"}}|0x3833ca1f
16:31:09.0 (9861339)|STATEMENT_EXECUTE|[162]
16:31:09.0 (9881929)|ENTERING_MANAGED_PKG|
16:31:09.0 (9891188)|STATEMENT_EXECUTE|[163]
16:31:09.0 (9901157)|HEAP_ALLOCATE|[162]|Bytes:5
16:31:09.0 (9920743)|HEAP_ALLOCATE|[162]|Bytes:28
16:31:09.0 (9928272)|VARIABLE_SCOPE_BEGIN|[162]|PSetName|PermissionSet|true|false
16:31:09.0 (9949729)|VARIABLE_ASSIGNMENT|[162]|PSetName|{"s":1,"v":{"Id":"0PS36000000mmngGAA","Label":"00e1a000000MWaRAAW","Name":"X00e1a000000MWaRAAW","NamespacePrefix":"shiva15testns","UserLicenseId":"10036000000eSqIAAU","CreatedDate":"2016-03-08T19:00:02.000Z"}}|0x6759b240
16:31:09.0 (9954486)|STATEMENT_EXECUTE|[162]
16:31:09.0 (9975140)|ENTERING_MANAGED_PKG|
16:31:09.0 (9984394)|STATEMENT_EXECUTE|[163]
16:31:09.0 (9994302)|HEAP_ALLOCATE|[162]|Bytes:5
16:31:09.0 (10014028)|HEAP_ALLOCATE|[162]|Bytes:28
16:31:09.0 (10022683)|VARIABLE_SCOPE_BEGIN|[162]|PSetName|PermissionSet|true|false
16:31:09.0 (10044289)|VARIABLE_ASSIGNMENT|[162]|PSetName|{"s":1,"v":{"Id":"0PS36000000mmnhGAA","Label":"00e1a000000MWaSAAW","Name":"X00e1a000000MWaSAAW","NamespacePrefix":"shiva15testns","UserLicenseId":"10036000000eSqJAAU","CreatedDate":"2016-03-08T19:00:02.000Z"}}|0xccd3d20
16:31:09.0 (10048574)|STATEMENT_EXECUTE|[162]
16:31:09.0 (10069772)|ENTERING_MANAGED_PKG|
16:31:09.0 (10079376)|STATEMENT_EXECUTE|[163]
16:31:09.0 (10089272)|HEAP_ALLOCATE|[162]|Bytes:5
16:31:09.0 (10109123)|HEAP_ALLOCATE|[162]|Bytes:28
16:31:09.0 (10116713)|VARIABLE_SCOPE_BEGIN|[162]|PSetName|PermissionSet|true|false
16:31:09.0 (10138178)|VARIABLE_ASSIGNMENT|[162]|PSetName|{"s":1,"v":{"Id":"0PS36000000mmniGAA","Label":"00e1a000000MWaTAAW","Name":"X00e1a000000MWaTAAW","NamespacePrefix":"shiva15testns","UserLicenseId":"10036000000eSqJAAU","CreatedDate":"2016-03-08T19:00:02.000Z"}}|0x1f279f3b
16:31:09.0 (10142764)|STATEMENT_EXECUTE|[162]
16:31:09.0 (10163548)|ENTERING_MANAGED_PKG|
16:31:09.0 (10172929)|STATEMENT_EXECUTE|[163]
16:31:09.0 (10182851)|HEAP_ALLOCATE|[162]|Bytes:5
16:31:09.0 (10202318)|HEAP_ALLOCATE|[162]|Bytes:28
16:31:09.0 (10209787)|VARIABLE_SCOPE_BEGIN|[162]|PSetName|PermissionSet|true|false
16:31:09.0 (10231156)|VARIABLE_ASSIGNMENT|[162]|PSetName|{"s":1,"v":{"Id":"0PS36000000mmnjGAA","Label":"00e1a000000MWaUAAW","Name":"X00e1a000000MWaUAAW","NamespacePrefix":"shiva15testns","UserLicenseId":"10036000000eSqKAAU","CreatedDate":"2016-03-08T19:00:02.000Z"}}|0x39e2cdf2
16:31:09.0 (10235216)|STATEMENT_EXECUTE|[162]
16:31:09.0 (10255819)|ENTERING_MANAGED_PKG|
16:31:09.0 (10265090)|STATEMENT_EXECUTE|[163]
16:31:09.0 (10274973)|HEAP_ALLOCATE|[162]|Bytes:5
16:31:09.0 (10294853)|HEAP_ALLOCATE|[162]|Bytes:28
16:31:09.0 (10302414)|VARIABLE_SCOPE_BEGIN|[162]|PSetName|PermissionSet|true|false
16:31:09.0 (10324356)|VARIABLE_ASSIGNMENT|[162]|PSetName|{"s":1,"v":{"Id":"0PS36000000mmnlGAA","Label":"00e1a000000N1LRAA0","Name":"X00e1a000000N1LRAA0","NamespacePrefix":"shiva15testns","UserLicenseId":"10036000000eSqLAAU","CreatedDate":"2016-03-08T19:00:02.000Z"}}|0x1383a33c
16:31:09.0 (10328524)|STATEMENT_EXECUTE|[162]
16:31:09.0 (10349164)|ENTERING_MANAGED_PKG|
16:31:09.0 (10358504)|STATEMENT_EXECUTE|[163]
16:31:09.0 (10368398)|HEAP_ALLOCATE|[162]|Bytes:5
16:31:09.0 (10387967)|HEAP_ALLOCATE|[162]|Bytes:28
16:31:09.0 (10395694)|VARIABLE_SCOPE_BEGIN|[162]|PSetName|PermissionSet|true|false
16:31:09.0 (10416930)|VARIABLE_ASSIGNMENT|[162]|PSetName|{"s":1,"v":{"Id":"0PS36000000mmnmGAA","Label":"00e1a000000N1LSAA0","Name":"X00e1a000000N1LSAA0","NamespacePrefix":"shiva15testns","UserLicenseId":"10036000000eSqMAAU","CreatedDate":"2016-03-08T19:00:02.000Z"}}|0x7642b851
16:31:09.0 (10421078)|STATEMENT_EXECUTE|[162]
16:31:09.0 (10442160)|ENTERING_MANAGED_PKG|
16:31:09.0 (10451298)|STATEMENT_EXECUTE|[163]
16:31:09.0 (10461220)|HEAP_ALLOCATE|[162]|Bytes:5
16:31:09.0 (10480684)|HEAP_ALLOCATE|[162]|Bytes:28
16:31:09.0 (10488229)|VARIABLE_SCOPE_BEGIN|[162]|PSetName|PermissionSet|true|false
16:31:09.0 (10509486)|VARIABLE_ASSIGNMENT|[162]|PSetName|{"s":1,"v":{"Id":"0PS36000000mmnnGAA","Label":"00e1a000000N1wKAAS","Name":"X00e1a000000N1wKAAS","NamespacePrefix":"shiva15testns","UserLicenseId":"10036000000eSqNAAU","CreatedDate":"2016-03-08T19:00:02.000Z"}}|0x55bf3fe5
16:31:09.0 (10513663)|STATEMENT_EXECUTE|[162]
16:31:09.0 (10533977)|ENTERING_MANAGED_PKG|
16:31:09.0 (10543185)|STATEMENT_EXECUTE|[163]
16:31:09.0 (10552990)|HEAP_ALLOCATE|[162]|Bytes:5
16:31:09.0 (10572580)|HEAP_ALLOCATE|[162]|Bytes:28
16:31:09.0 (10580191)|VARIABLE_SCOPE_BEGIN|[162]|PSetName|PermissionSet|true|false
16:31:09.0 (10601868)|VARIABLE_ASSIGNMENT|[162]|PSetName|{"s":1,"v":{"Id":"0PS36000000mmnoGAA","Label":"00e1a000000N1wLAAS","Name":"X00e1a000000N1wLAAS","NamespacePrefix":"shiva15testns","UserLicenseId":"10036000000eSqNAAU","CreatedDate":"2016-03-08T19:00:02.000Z"}}|0x7a9df5fd
16:31:09.0 (10606171)|STATEMENT_EXECUTE|[162]
16:31:09.0 (10626773)|ENTERING_MANAGED_PKG|
16:31:09.0 (10635964)|STATEMENT_EXECUTE|[163]
16:31:09.0 (10645965)|HEAP_ALLOCATE|[162]|Bytes:5
16:31:09.0 (10669675)|HEAP_ALLOCATE|[162]|Bytes:28
16:31:09.0 (10677696)|VARIABLE_SCOPE_BEGIN|[162]|PSetName|PermissionSet|true|false
16:31:09.0 (10698991)|VARIABLE_ASSIGNMENT|[162]|PSetName|{"s":1,"v":{"Id":"0PS36000000mmnqGAA","Label":"00e1a000000MWaAAAW","Name":"X00e1a000000MWaAAAW","NamespacePrefix":"shiva15testns","UserLicenseId":"10036000000eSq1AAE","CreatedDate":"2016-03-08T19:00:02.000Z"}}|0x740923d1
16:31:09.0 (10703073)|STATEMENT_EXECUTE|[162]
16:31:09.0 (10723965)|ENTERING_MANAGED_PKG|
16:31:09.0 (10733314)|STATEMENT_EXECUTE|[163]
16:31:09.0 (10743466)|HEAP_ALLOCATE|[162]|Bytes:5
16:31:09.0 (10762906)|HEAP_ALLOCATE|[162]|Bytes:32
16:31:09.0 (10770272)|VARIABLE_SCOPE_BEGIN|[162]|PSetName|PermissionSet|true|false
16:31:09.0 (10794289)|VARIABLE_ASSIGNMENT|[162]|PSetName|{"s":1,"v":{"Id":"0PS36000000q71PGAQ","Label":"PermissionSet_Test","Name":"PermissionSet_Test","Description":"This is for testing  (11 more) ...","NamespacePrefix":"shiva15testns","UserLicenseId":"10036000000eSpyAAE","CreatedDate":"2016-03-20T22:41:12.000Z"}}|0x176a9d31
16:31:09.0 (10798701)|STATEMENT_EXECUTE|[162]
16:31:09.0 (10819394)|ENTERING_MANAGED_PKG|
16:31:09.0 (10829465)|STATEMENT_EXECUTE|[163]
16:31:09.0 (10831017)|STATEMENT_EXECUTE|[164]
16:31:09.0 (10834479)|HEAP_ALLOCATE|[164]|Bytes:52
16:31:09.0 (10840835)|HEAP_ALLOCATE|[164]|Bytes:4
16:31:09.0 (10846462)|HEAP_ALLOCATE|[164]|Bytes:7
16:31:09.0 (11638339)|SOQL_EXECUTE_BEGIN|[164]|Aggregations:0|SELECT Id, Name FROM UserLicense WHERE Id = :tmpVar1
16:31:09.0 (13507634)|SOQL_EXECUTE_END|[164]|Rows:1
16:31:09.0 (13520669)|HEAP_ALLOCATE|[164]|Bytes:8
16:31:09.0 (13530162)|HEAP_ALLOCATE|[164]|Bytes:47
16:31:09.0 (13556165)|HEAP_ALLOCATE|[164]|Bytes:8
16:31:09.0 (13566037)|HEAP_ALLOCATE|[164]|Bytes:37
16:31:09.0 (13630978)|HEAP_ALLOCATE|[164]|Bytes:12
16:31:09.0 (13639583)|VARIABLE_SCOPE_BEGIN|[164]|ulicense|UserLicense|true|false
16:31:09.0 (13662498)|VARIABLE_ASSIGNMENT|[164]|ulicense|{"s":1,"v":{"Id":"10036000000eSpyAAE","Name":"Salesforce"}}|0x598a0cc0
16:31:09.0 (13666701)|STATEMENT_EXECUTE|[165]
16:31:09.0 (13674398)|HEAP_ALLOCATE|[165]|Bytes:240
16:31:09.0 (13679920)|HEAP_ALLOCATE|[165]|Bytes:39
16:31:09.0 (13702363)|HEAP_ALLOCATE|[165]|Bytes:32
16:31:09.0 (13755328)|ENTERING_MANAGED_PKG|
16:31:09.0 (13784421)|HEAP_ALLOCATE|[165]|Bytes:18
16:31:09.0 (13860151)|ENTERING_MANAGED_PKG|
16:31:09.0 (13885431)|HEAP_ALLOCATE|[165]|Bytes:19
16:31:09.0 (13928930)|CONSTRUCTOR_ENTRY|[165]|01p36000005Jpvx|<init>(String,String,String,String,String,String,String)
16:31:09.0 (13953829)|VARIABLE_SCOPE_BEGIN|[1055]|this|shiva15testns.PermissionSetPortalControllers.PermissionSetClass|true|false
16:31:09.0 (14034651)|VARIABLE_ASSIGNMENT|[1055]|this|{}|0x6e232755
16:31:09.0 (14042156)|VARIABLE_SCOPE_BEGIN|[1055]|label|String|false|false
16:31:09.0 (14048605)|VARIABLE_ASSIGNMENT|[1055]|label|"PermissionSet_Test"
16:31:09.0 (14051876)|VARIABLE_SCOPE_BEGIN|[1055]|apiName|String|false|false
16:31:09.0 (14055135)|VARIABLE_ASSIGNMENT|[1055]|apiName|"PermissionSet_Test"
16:31:09.0 (14058219)|VARIABLE_SCOPE_BEGIN|[1055]|id|String|false|false
16:31:09.0 (14061645)|VARIABLE_ASSIGNMENT|[1055]|id|"0PS36000000q71PGAQ"
16:31:09.0 (14064382)|VARIABLE_SCOPE_BEGIN|[1055]|description|String|false|false
16:31:09.0 (14069152)|VARIABLE_ASSIGNMENT|[1055]|description|"This is for testing  (11 more) ..."
16:31:09.0 (14072135)|VARIABLE_SCOPE_BEGIN|[1055]|namespacePrefix|String|false|false
16:31:09.0 (14075563)|VARIABLE_ASSIGNMENT|[1055]|namespacePrefix|"shiva15testns"
16:31:09.0 (14078175)|VARIABLE_SCOPE_BEGIN|[1055]|userLicenseId|String|false|false
16:31:09.0 (14081356)|VARIABLE_ASSIGNMENT|[1055]|userLicenseId|"Salesforce"
16:31:09.0 (14083999)|VARIABLE_SCOPE_BEGIN|[1055]|createdDate|String|false|false
16:31:09.0 (14087329)|VARIABLE_ASSIGNMENT|[1055]|createdDate|"2016-03-20 15:41:12"
16:31:09.0 (14091429)|STATEMENT_EXECUTE|[1038]
16:31:09.0 (14093056)|STATEMENT_EXECUTE|[1041]
16:31:09.0 (14094670)|STATEMENT_EXECUTE|[1043]
16:31:09.0 (14095833)|STATEMENT_EXECUTE|[1045]
16:31:09.0 (14097351)|STATEMENT_EXECUTE|[1047]
16:31:09.0 (14098729)|STATEMENT_EXECUTE|[1049]
16:31:09.0 (14099870)|STATEMENT_EXECUTE|[1051]
16:31:09.0 (14101011)|STATEMENT_EXECUTE|[1053]
16:31:09.0 (14109918)|HEAP_ALLOCATE|[1057]|Bytes:6
16:31:09.0 (14137326)|STATEMENT_EXECUTE|[1056]
16:31:09.0 (14139264)|STATEMENT_EXECUTE|[1057]
16:31:09.0 (14222418)|VARIABLE_ASSIGNMENT|[EXTERNAL]|this|{}|0x6e232755
16:31:09.0 (14230932)|VARIABLE_ASSIGNMENT|[EXTERNAL]|value|"PermissionSet_Test"
16:31:09.0 (14261068)|VARIABLE_ASSIGNMENT|[1041]|this.label|"PermissionSet_Test"|0x6e232755
16:31:09.0 (14270027)|STATEMENT_EXECUTE|[1058]
16:31:09.0 (14324412)|VARIABLE_ASSIGNMENT|[EXTERNAL]|this|{"label":"PermissionSet_Test"}|0x6e232755
16:31:09.0 (14332407)|VARIABLE_ASSIGNMENT|[EXTERNAL]|value|"PermissionSet_Test"
16:31:09.0 (14341159)|VARIABLE_ASSIGNMENT|[1043]|this.apiName|"PermissionSet_Test"|0x6e232755
16:31:09.0 (14348679)|STATEMENT_EXECUTE|[1059]
16:31:09.0 (14400490)|VARIABLE_ASSIGNMENT|[EXTERNAL]|this|{"apiName":"PermissionSet_Test","label":"PermissionSet_Test"}|0x6e232755
16:31:09.0 (14408748)|VARIABLE_ASSIGNMENT|[EXTERNAL]|value|"0PS36000000q71PGAQ"
16:31:09.0 (14417267)|VARIABLE_ASSIGNMENT|[1045]|this.id|"0PS36000000q71PGAQ"|0x6e232755
16:31:09.0 (14424605)|STATEMENT_EXECUTE|[1060]
16:31:09.0 (14475548)|VARIABLE_ASSIGNMENT|[EXTERNAL]|this|{"apiName":"PermissionSet_Test","id":"0PS36000000q71PGAQ","label":"PermissionSet_Test"}|0x6e232755
16:31:09.0 (14484503)|VARIABLE_ASSIGNMENT|[EXTERNAL]|value|"This is for testing  (11 more) ..."
16:31:09.0 (14493673)|VARIABLE_ASSIGNMENT|[1047]|this.description|"This is for testing  (11 more) ..."|0x6e232755
16:31:09.0 (14501009)|STATEMENT_EXECUTE|[1061]
16:31:09.0 (14553887)|VARIABLE_ASSIGNMENT|[EXTERNAL]|this|{"apiName":"PermissionSet_Test","description":"This is for testing  (11 more) ...","id":"0PS36000000q71PGAQ","label":"PermissionSet_Test"}|0x6e232755
16:31:09.0 (14562116)|VARIABLE_ASSIGNMENT|[EXTERNAL]|value|"shiva15testns"
16:31:09.0 (14570758)|VARIABLE_ASSIGNMENT|[1049]|this.namespacePrefix|"shiva15testns"|0x6e232755
16:31:09.0 (14578236)|STATEMENT_EXECUTE|[1062]
16:31:09.0 (14631274)|VARIABLE_ASSIGNMENT|[EXTERNAL]|this|{"apiName":"PermissionSet_Test","description":"This is for testing  (11 more) ...","id":"0PS36000000q71PGAQ","label":"PermissionSet_Test","namespacePrefix":"shiva15testns"}|0x6e232755
16:31:09.0 (14639460)|VARIABLE_ASSIGNMENT|[EXTERNAL]|value|"Salesforce"
16:31:09.0 (14648023)|VARIABLE_ASSIGNMENT|[1051]|this.userLicenseId|"Salesforce"|0x6e232755
16:31:09.0 (14659973)|STATEMENT_EXECUTE|[1063]
16:31:09.0 (14715427)|VARIABLE_ASSIGNMENT|[EXTERNAL]|this|{"apiName":"PermissionSet_Test","description":"This is for testing  (11 more) ...","id":"0PS36000000q71PGAQ","label":"PermissionSet_Test","namespacePrefix":"shiva15testns","userLicenseId":"Salesforce"}|0x6e232755
16:31:09.0 (14723986)|VARIABLE_ASSIGNMENT|[EXTERNAL]|value|"2016-03-20 15:41:12"
16:31:09.0 (14732738)|VARIABLE_ASSIGNMENT|[1053]|this.createdDate|"2016-03-20 15:41:12"|0x6e232755
16:31:09.0 (14747135)|CONSTRUCTOR_EXIT|[165]|01p36000005Jpvx|<init>(String,String,String,String,String,String,String)
16:31:09.0 (14770997)|VARIABLE_ASSIGNMENT|[165]|pSetObj|{"apiName":"PermissionSet_Test","createdDate":"2016-03-20 15:41:12","description":"This is for testing  (11 more) ...","id":"0PS36000000q71PGAQ","label":"PermissionSet_Test","namespacePrefix":"shiva15testns","userLicenseId":"Salesforce"}|0x6e232755
16:31:09.0 (14775347)|STATEMENT_EXECUTE|[167]
16:31:09.0 (14790762)|ENTERING_MANAGED_PKG|
16:31:09.0 (14814027)|HEAP_ALLOCATE|[EXTERNAL]|Bytes:4
16:31:09.0 (14822626)|STATEMENT_EXECUTE|[168]
16:31:09.0 (14978561)|HEAP_ALLOCATE|[168]|Bytes:24
16:31:09.0 (14998474)|ENTERING_MANAGED_PKG|
16:31:09.0 (15073398)|HEAP_ALLOCATE|[168]|Bytes:231
16:31:09.0 (15098061)|HEAP_ALLOCATE|[168]|Bytes:255
16:31:09.0 (15125795)|ENTERING_MANAGED_PKG|
16:31:09.0 (15139041)|USER_DEBUG|[168]|ERROR|The PermissionSet Name: PermissionSet:{Id=0PS36000000q71PGAQ, Label=PermissionSet_Test, Name=PermissionSet_Test, Description=This is for testing Description, NamespacePrefix=shiva15testns, UserLicenseId=10036000000eSpyAAE, CreatedDate=2016-03-20 22:41:12}
16:31:09.0 (15155969)|HEAP_ALLOCATE|[162]|Bytes:5
16:31:09.0 (15169706)|VARIABLE_ASSIGNMENT|[162]|PSetName|null|
16:31:09.0 (15173000)|STATEMENT_EXECUTE|[171]
16:31:09.0 (15184086)|SYSTEM_MODE_EXIT|false
16:31:09.15 (15228359)|CUMULATIVE_LIMIT_USAGE
16:31:09.15 (15228359)|LIMIT_USAGE_FOR_NS|(default)|
  Number of SOQL queries: 0 out of 100
  Number of query rows: 0 out of 50000
  Number of SOSL queries: 0 out of 20
  Number of DML statements: 0 out of 150
  Number of DML rows: 0 out of 10000
  Maximum CPU time: 0 out of 10000
  Maximum heap size: 0 out of 6000000
  Number of callouts: 0 out of 100
  Number of Email Invocations: 0 out of 10
  Number of future calls: 0 out of 50
  Number of queueable jobs added to the queue: 0 out of 50
  Number of Mobile Apex push calls: 0 out of 10

16:31:09.15 (15228359)|LIMIT_USAGE_FOR_NS|shiva15testns|
  Number of SOQL queries: 2 out of 100
  Number of query rows: 38 out of 50000
  Number of SOSL queries: 0 out of 20
  Number of DML statements: 0 out of 150
  Number of DML rows: 0 out of 10000
  Maximum CPU time: 0 out of 10000
  Maximum heap size: 0 out of 6000000
  Number of callouts: 0 out of 100
  Number of Email Invocations: 0 out of 10
  Number of future calls: 0 out of 50
  Number of queueable jobs added to the queue: 0 out of 50
  Number of Mobile Apex push calls: 0 out of 10

16:31:09.15 (15228359)|CUMULATIVE_LIMIT_USAGE_END

16:31:09.0 (15276627)|CODE_UNIT_FINISHED|PermissionSetPortalControllers.getAllPermissionSets
16:31:09.0 (17537261)|EXECUTION_FINISHED
16:31:09.19 (19777433)|EXECUTION_STARTED
16:31:09.19 (19788543)|CODE_UNIT_STARTED|[EXTERNAL]|Aura
16:31:09.19 (19826303)|CODE_UNIT_FINISHED|Aura
16:31:09.19 (20907609)|EXECUTION_FINISHED
