36.0 APEX_CODE,FINEST;APEX_PROFILING,INFO;CALLOUT,INFO;DB,INFO;SYSTEM,DEBUG;VALIDATION,INFO;VISUALFORCE,INFO;WORKFLOW,INFO
13:46:43.0 (484415)|EXECUTION_STARTED
13:46:43.0 (514703)|CODE_UNIT_STARTED|[EXTERNAL]|01p36000005Jpvx|PermissionSetPortalControllers.getAllPermissionSets
13:46:43.0 (1360949)|VARIABLE_SCOPE_BEGIN|[3]|PermissionSetPortalControllers.AllPermissionSets|List<PermissionSet>|true|true
13:46:43.0 (1383039)|VARIABLE_SCOPE_BEGIN|[10]|PermissionSetPortalControllers.accountField|Set<String>|true|true
13:46:43.0 (1388819)|VARIABLE_SCOPE_BEGIN|[5]|PermissionSetPortalControllers.allObjectsOfOrg|List<shiva15testns.PermissionSetPortalControllers.ObjectDetailsClass>|true|true
13:46:43.0 (1394276)|VARIABLE_SCOPE_BEGIN|[9]|PermissionSetPortalControllers.contactsField|Set<String>|true|true
13:46:43.0 (1398152)|VARIABLE_SCOPE_BEGIN|[7]|PermissionSetPortalControllers.isNotSystemSObjectList|Set<String>|true|true
13:46:43.0 (1573125)|HEAP_ALLOCATE|[72]|Bytes:3
13:46:43.0 (1626937)|HEAP_ALLOCATE|[77]|Bytes:152
13:46:43.0 (1644491)|HEAP_ALLOCATE|[342]|Bytes:408
13:46:43.0 (1661905)|HEAP_ALLOCATE|[355]|Bytes:408
13:46:43.0 (1677693)|HEAP_ALLOCATE|[467]|Bytes:48
13:46:43.0 (1711626)|HEAP_ALLOCATE|[139]|Bytes:6
13:46:43.0 (1736788)|HEAP_ALLOCATE|[EXTERNAL]|Bytes:168
13:46:43.0 (1742800)|HEAP_ALLOCATE|[EXTERNAL]|Bytes:89
13:46:43.0 (1746393)|HEAP_ALLOCATE|[EXTERNAL]|Bytes:344
13:46:43.0 (1764432)|METHOD_ENTRY|[1]|01p36000005Jpvx|PermissionSetPortalControllers.PermissionSetPortalControllers()
13:46:43.0 (1769671)|STATEMENT_EXECUTE|[1]
13:46:43.0 (1776394)|STATEMENT_EXECUTE|[1]
13:46:43.0 (1809173)|HEAP_ALLOCATE|[50]|Bytes:5
13:46:43.0 (1836383)|HEAP_ALLOCATE|[56]|Bytes:5
13:46:43.0 (1845435)|HEAP_ALLOCATE|[64]|Bytes:7
13:46:43.0 (1869366)|SYSTEM_MODE_ENTER|false
13:46:43.0 (1888358)|HEAP_ALLOCATE|[9]|Bytes:5
13:46:43.0 (1892513)|STATEMENT_EXECUTE|[9]
13:46:43.0 (1901104)|HEAP_ALLOCATE|[9]|Bytes:4
13:46:43.0 (1944902)|ENTERING_MANAGED_PKG|
13:46:43.0 (2058138)|VARIABLE_ASSIGNMENT|[9]|PermissionSetPortalControllers.contactsField|{"s":1,"v":[]}|0x4fee31db
13:46:43.0 (2064186)|STATEMENT_EXECUTE|[10]
13:46:43.0 (2069868)|HEAP_ALLOCATE|[10]|Bytes:4
13:46:43.0 (2083441)|ENTERING_MANAGED_PKG|
13:46:43.0 (2122868)|VARIABLE_ASSIGNMENT|[10]|PermissionSetPortalControllers.accountField|{"s":1,"v":[]}|0x44fafb96
13:46:43.0 (2127424)|STATEMENT_EXECUTE|[1038]
13:46:43.0 (2129219)|STATEMENT_EXECUTE|[1067]
13:46:43.0 (2130469)|STATEMENT_EXECUTE|[1095]
13:46:43.0 (2131944)|STATEMENT_EXECUTE|[1124]
13:46:43.0 (2133525)|STATEMENT_EXECUTE|[1140]
13:46:43.0 (2134879)|STATEMENT_EXECUTE|[1157]
13:46:43.0 (2135894)|STATEMENT_EXECUTE|[1168]
13:46:43.0 (2137071)|STATEMENT_EXECUTE|[1173]
13:46:43.0 (2144508)|SYSTEM_MODE_EXIT|false
13:46:43.0 (2154932)|METHOD_EXIT|[1]|PermissionSetPortalControllers
13:46:43.0 (2162439)|SYSTEM_MODE_ENTER|false
13:46:43.0 (2178813)|HEAP_ALLOCATE|[157]|Bytes:5
13:46:43.0 (2182808)|STATEMENT_EXECUTE|[156]
13:46:43.0 (2184122)|STATEMENT_EXECUTE|[157]
13:46:43.0 (2185103)|STATEMENT_EXECUTE|[157]
13:46:43.0 (2186328)|STATEMENT_EXECUTE|[158]
13:46:43.0 (2189519)|HEAP_ALLOCATE|[158]|Bytes:99
13:46:43.0 (2200868)|HEAP_ALLOCATE|[158]|Bytes:4
13:46:43.0 (3293121)|SOQL_EXECUTE_BEGIN|[158]|Aggregations:0|SELECT Id, label, Name, Description, NamespacePrefix, UserLicenseId, CreatedDate FROM PermissionSet
13:46:43.0 (7158733)|SOQL_EXECUTE_END|[158]|Rows:44
13:46:43.0 (7175893)|HEAP_ALLOCATE|[158]|Bytes:180
13:46:43.0 (7273871)|HEAP_ALLOCATE|[158]|Bytes:7807
13:46:43.0 (7310408)|HEAP_ALLOCATE|[158]|Bytes:180
13:46:43.0 (7342673)|VARIABLE_ASSIGNMENT|[158]|PermissionSetPortalControllers.AllPermissionSets|{"s":1,"v":"List of size 44 too large to display"}|0x750f5186
13:46:43.0 (7426314)|ENTERING_MANAGED_PKG|
13:46:43.0 (7458581)|STATEMENT_EXECUTE|[159]
13:46:43.0 (7460859)|STATEMENT_EXECUTE|[160]
13:46:43.0 (7578052)|VARIABLE_SCOPE_BEGIN|[160]|pSetObj|shiva15testns.PermissionSetPortalControllers.PermissionSetClass|true|false
13:46:43.0 (7589756)|VARIABLE_ASSIGNMENT|[160]|pSetObj|null|
13:46:43.0 (7592319)|STATEMENT_EXECUTE|[161]
13:46:43.0 (7599472)|HEAP_ALLOCATE|[161]|Bytes:4
13:46:43.0 (7644280)|ENTERING_MANAGED_PKG|
13:46:43.0 (7661772)|VARIABLE_SCOPE_BEGIN|[161]|permissionSetsLst|List<shiva15testns.PermissionSetPortalControllers.PermissionSetClass>|true|false
13:46:43.0 (7687561)|HEAP_ALLOCATE|[EXTERNAL]|Bytes:4
13:46:43.0 (7700329)|VARIABLE_ASSIGNMENT|[161]|permissionSetsLst|{"s":1,"v":[]}|0x15640d18
13:46:43.0 (7716284)|ENTERING_MANAGED_PKG|
13:46:43.0 (7884527)|HEAP_ALLOCATE|[162]|Bytes:5
13:46:43.0 (7963259)|HEAP_ALLOCATE|[162]|Bytes:28
13:46:43.0 (7975331)|VARIABLE_SCOPE_BEGIN|[162]|PSetName|PermissionSet|true|false
13:46:43.0 (8029440)|VARIABLE_ASSIGNMENT|[162]|PSetName|{"s":1,"v":{"Id":"0PS36000000mmnFGAQ","Label":"00e1a000000MWa8AAG","Name":"X00e1a000000MWa8AAG","NamespacePrefix":"shiva15testns","UserLicenseId":"10036000000eSpzAAE","CreatedDate":"2016-03-08T19:00:02.000Z"}}|0x2177c36a
13:46:43.0 (8036077)|STATEMENT_EXECUTE|[162]
13:46:43.0 (8069369)|HEAP_ALLOCATE|[163]|Bytes:3
13:46:43.0 (8103667)|ENTERING_MANAGED_PKG|
13:46:43.0 (8135203)|STATEMENT_EXECUTE|[163]
13:46:43.0 (8146909)|HEAP_ALLOCATE|[162]|Bytes:5
13:46:43.0 (8169588)|HEAP_ALLOCATE|[162]|Bytes:28
13:46:43.0 (8178471)|VARIABLE_SCOPE_BEGIN|[162]|PSetName|PermissionSet|true|false
13:46:43.0 (8205150)|VARIABLE_ASSIGNMENT|[162]|PSetName|{"s":1,"v":{"Id":"0PS36000000mmnGGAQ","Label":"00ex00000018ozl_128_ (10 more) ...","Name":"X00ex00000018ozl_128 (11 more) ...","NamespacePrefix":"shiva15testns","UserLicenseId":"10036000000eSpyAAE","CreatedDate":"2016-03-08T19:00:02.000Z"}}|0xe24b76c
13:46:43.0 (8210210)|STATEMENT_EXECUTE|[162]
13:46:43.0 (8232363)|ENTERING_MANAGED_PKG|
13:46:43.0 (8242456)|STATEMENT_EXECUTE|[163]
13:46:43.0 (8252890)|HEAP_ALLOCATE|[162]|Bytes:5
13:46:43.0 (8273856)|HEAP_ALLOCATE|[162]|Bytes:28
13:46:43.0 (8281931)|VARIABLE_SCOPE_BEGIN|[162]|PSetName|PermissionSet|true|false
13:46:43.0 (8305855)|VARIABLE_ASSIGNMENT|[162]|PSetName|{"s":1,"v":{"Id":"0PS36000000mmnHGAQ","Label":"00ex00000018ozm_128_ (10 more) ...","Name":"X00ex00000018ozm_128 (11 more) ...","NamespacePrefix":"shiva15testns","UserLicenseId":"10036000000eSpyAAE","CreatedDate":"2016-03-08T19:00:02.000Z"}}|0x15aa6c50
13:46:43.0 (8310408)|STATEMENT_EXECUTE|[162]
13:46:43.0 (8331322)|ENTERING_MANAGED_PKG|
13:46:43.0 (8341021)|STATEMENT_EXECUTE|[163]
13:46:43.0 (8351086)|HEAP_ALLOCATE|[162]|Bytes:5
13:46:43.0 (8370863)|HEAP_ALLOCATE|[162]|Bytes:28
13:46:43.0 (8378488)|VARIABLE_SCOPE_BEGIN|[162]|PSetName|PermissionSet|true|false
13:46:43.0 (8400809)|VARIABLE_ASSIGNMENT|[162]|PSetName|{"s":1,"v":{"Id":"0PS36000000mmnIGAQ","Label":"00ex00000018ozk_128_ (10 more) ...","Name":"X00ex00000018ozk_128 (11 more) ...","NamespacePrefix":"shiva15testns","UserLicenseId":"10036000000eSpyAAE","CreatedDate":"2016-03-08T19:00:02.000Z"}}|0x13ccade4
13:46:43.0 (8405568)|STATEMENT_EXECUTE|[162]
13:46:43.0 (8426314)|ENTERING_MANAGED_PKG|
13:46:43.0 (8436139)|STATEMENT_EXECUTE|[163]
13:46:43.0 (8446063)|HEAP_ALLOCATE|[162]|Bytes:5
13:46:43.0 (8465719)|HEAP_ALLOCATE|[162]|Bytes:28
13:46:43.0 (8473487)|VARIABLE_SCOPE_BEGIN|[162]|PSetName|PermissionSet|true|false
13:46:43.0 (8495827)|VARIABLE_ASSIGNMENT|[162]|PSetName|{"s":1,"v":{"Id":"0PS36000000mmnJGAQ","Label":"00ex00000018ozj_128_ (10 more) ...","Name":"X00ex00000018ozj_128 (11 more) ...","NamespacePrefix":"shiva15testns","UserLicenseId":"10036000000eSpyAAE","CreatedDate":"2016-03-08T19:00:02.000Z"}}|0xc3f4064
13:46:43.0 (8500381)|STATEMENT_EXECUTE|[162]
13:46:43.0 (8521033)|ENTERING_MANAGED_PKG|
13:46:43.0 (8530520)|STATEMENT_EXECUTE|[163]
13:46:43.0 (8540308)|HEAP_ALLOCATE|[162]|Bytes:5
13:46:43.0 (8559745)|HEAP_ALLOCATE|[162]|Bytes:28
13:46:43.0 (8567303)|VARIABLE_SCOPE_BEGIN|[162]|PSetName|PermissionSet|true|false
13:46:43.0 (8589650)|VARIABLE_ASSIGNMENT|[162]|PSetName|{"s":1,"v":{"Id":"0PS36000000mmnKGAQ","Label":"00ex00000018ozo_128_ (10 more) ...","Name":"X00ex00000018ozo_128 (11 more) ...","NamespacePrefix":"shiva15testns","UserLicenseId":"10036000000eSpyAAE","CreatedDate":"2016-03-08T19:00:02.000Z"}}|0x278b0958
13:46:43.0 (8594420)|STATEMENT_EXECUTE|[162]
13:46:43.0 (8615299)|ENTERING_MANAGED_PKG|
13:46:43.0 (8625074)|STATEMENT_EXECUTE|[163]
13:46:43.0 (8634893)|HEAP_ALLOCATE|[162]|Bytes:5
13:46:43.0 (8654318)|HEAP_ALLOCATE|[162]|Bytes:28
13:46:43.0 (8661839)|VARIABLE_SCOPE_BEGIN|[162]|PSetName|PermissionSet|true|false
13:46:43.0 (8683564)|VARIABLE_ASSIGNMENT|[162]|PSetName|{"s":1,"v":{"Id":"0PS36000000mmnLGAQ","Label":"00ex00000018ozh_128_ (10 more) ...","Name":"X00ex00000018ozh_128 (11 more) ...","NamespacePrefix":"shiva15testns","UserLicenseId":"10036000000eSpyAAE","CreatedDate":"2016-03-08T19:00:02.000Z"}}|0x61852915
13:46:43.0 (8687677)|STATEMENT_EXECUTE|[162]
13:46:43.0 (8708415)|ENTERING_MANAGED_PKG|
13:46:43.0 (8718014)|STATEMENT_EXECUTE|[163]
13:46:43.0 (8728220)|HEAP_ALLOCATE|[162]|Bytes:5
13:46:43.0 (8747723)|HEAP_ALLOCATE|[162]|Bytes:28
13:46:43.0 (8755195)|VARIABLE_SCOPE_BEGIN|[162]|PSetName|PermissionSet|true|false
13:46:43.0 (8776922)|VARIABLE_ASSIGNMENT|[162]|PSetName|{"s":1,"v":{"Id":"0PS36000000mmnMGAQ","Label":"00ex00000018ozq_128_ (11 more) ...","Name":"X00ex00000018ozq_128 (12 more) ...","NamespacePrefix":"shiva15testns","UserLicenseId":"10036000000eSpyAAE","CreatedDate":"2016-03-08T19:00:02.000Z"}}|0x17d01b4c
13:46:43.0 (8781334)|STATEMENT_EXECUTE|[162]
13:46:43.0 (8801616)|ENTERING_MANAGED_PKG|
13:46:43.0 (8811125)|STATEMENT_EXECUTE|[163]
13:46:43.0 (8820877)|HEAP_ALLOCATE|[162]|Bytes:5
13:46:43.0 (8840045)|HEAP_ALLOCATE|[162]|Bytes:28
13:46:43.0 (8847547)|VARIABLE_SCOPE_BEGIN|[162]|PSetName|PermissionSet|true|false
13:46:43.0 (8869233)|VARIABLE_ASSIGNMENT|[162]|PSetName|{"s":1,"v":{"Id":"0PS36000000mmnNGAQ","Label":"00ex00000018ozp_128_ (10 more) ...","Name":"X00ex00000018ozp_128 (11 more) ...","NamespacePrefix":"shiva15testns","UserLicenseId":"10036000000eSpyAAE","CreatedDate":"2016-03-08T19:00:02.000Z"}}|0x611a45b2
13:46:43.0 (8873846)|STATEMENT_EXECUTE|[162]
13:46:43.0 (8894319)|ENTERING_MANAGED_PKG|
13:46:43.0 (8903759)|STATEMENT_EXECUTE|[163]
13:46:43.0 (8913488)|HEAP_ALLOCATE|[162]|Bytes:5
13:46:43.0 (8932793)|HEAP_ALLOCATE|[162]|Bytes:28
13:46:43.0 (8940247)|VARIABLE_SCOPE_BEGIN|[162]|PSetName|PermissionSet|true|false
13:46:43.0 (8961730)|VARIABLE_ASSIGNMENT|[162]|PSetName|{"s":1,"v":{"Id":"0PS36000000mmnOGAQ","Label":"00ex00000018ozn_128_ (10 more) ...","Name":"X00ex00000018ozn_128 (11 more) ...","NamespacePrefix":"shiva15testns","UserLicenseId":"10036000000eSpyAAE","CreatedDate":"2016-03-08T19:00:02.000Z"}}|0x1ea45100
13:46:43.0 (8965989)|STATEMENT_EXECUTE|[162]
13:46:43.0 (8986340)|ENTERING_MANAGED_PKG|
13:46:43.0 (9000425)|STATEMENT_EXECUTE|[163]
13:46:43.0 (9011756)|HEAP_ALLOCATE|[162]|Bytes:5
13:46:43.0 (9031702)|HEAP_ALLOCATE|[162]|Bytes:28
13:46:43.0 (9039445)|VARIABLE_SCOPE_BEGIN|[162]|PSetName|PermissionSet|true|false
13:46:43.0 (9060716)|VARIABLE_ASSIGNMENT|[162]|PSetName|{"s":1,"v":{"Id":"0PS36000000mmnPGAQ","Label":"00e1a000000MWa9AAG","Name":"X00e1a000000MWa9AAG","NamespacePrefix":"shiva15testns","UserLicenseId":"10036000000eSq0AAE","CreatedDate":"2016-03-08T19:00:02.000Z"}}|0x56a10e40
13:46:43.0 (9064966)|STATEMENT_EXECUTE|[162]
13:46:43.0 (9085322)|ENTERING_MANAGED_PKG|
13:46:43.0 (9094907)|STATEMENT_EXECUTE|[163]
13:46:43.0 (9104746)|HEAP_ALLOCATE|[162]|Bytes:5
13:46:43.0 (9123874)|HEAP_ALLOCATE|[162]|Bytes:28
13:46:43.0 (9131452)|VARIABLE_SCOPE_BEGIN|[162]|PSetName|PermissionSet|true|false
13:46:43.0 (9152211)|VARIABLE_ASSIGNMENT|[162]|PSetName|{"s":1,"v":{"Id":"0PS36000000mmnQGAQ","Label":"00e1a000000MWaBAAW","Name":"X00e1a000000MWaBAAW","NamespacePrefix":"shiva15testns","UserLicenseId":"10036000000eSq2AAE","CreatedDate":"2016-03-08T19:00:02.000Z"}}|0x413c75a3
13:46:43.0 (9156195)|STATEMENT_EXECUTE|[162]
13:46:43.0 (9176634)|ENTERING_MANAGED_PKG|
13:46:43.0 (9186134)|STATEMENT_EXECUTE|[163]
13:46:43.0 (9195939)|HEAP_ALLOCATE|[162]|Bytes:5
13:46:43.0 (9215617)|HEAP_ALLOCATE|[162]|Bytes:28
13:46:43.0 (9223208)|VARIABLE_SCOPE_BEGIN|[162]|PSetName|PermissionSet|true|false
13:46:43.0 (9244034)|VARIABLE_ASSIGNMENT|[162]|PSetName|{"s":1,"v":{"Id":"0PS36000000mmnRGAQ","Label":"00e1a000000MWaCAAW","Name":"X00e1a000000MWaCAAW","NamespacePrefix":"shiva15testns","UserLicenseId":"10036000000eSq3AAE","CreatedDate":"2016-03-08T19:00:02.000Z"}}|0x72388fe3
13:46:43.0 (9247870)|STATEMENT_EXECUTE|[162]
13:46:43.0 (9267924)|ENTERING_MANAGED_PKG|
13:46:43.0 (9277370)|STATEMENT_EXECUTE|[163]
13:46:43.0 (9287270)|HEAP_ALLOCATE|[162]|Bytes:5
13:46:43.0 (9306472)|HEAP_ALLOCATE|[162]|Bytes:28
13:46:43.0 (9314083)|VARIABLE_SCOPE_BEGIN|[162]|PSetName|PermissionSet|true|false
13:46:43.0 (9334612)|VARIABLE_ASSIGNMENT|[162]|PSetName|{"s":1,"v":{"Id":"0PS36000000mmnSGAQ","Label":"00e1a000000MWaDAAW","Name":"X00e1a000000MWaDAAW","NamespacePrefix":"shiva15testns","UserLicenseId":"10036000000eSq4AAE","CreatedDate":"2016-03-08T19:00:02.000Z"}}|0x4ea8ecf5
13:46:43.0 (9339239)|STATEMENT_EXECUTE|[162]
13:46:43.0 (9359559)|ENTERING_MANAGED_PKG|
13:46:43.0 (9369168)|STATEMENT_EXECUTE|[163]
13:46:43.0 (9379020)|HEAP_ALLOCATE|[162]|Bytes:5
13:46:43.0 (9398304)|HEAP_ALLOCATE|[162]|Bytes:28
13:46:43.0 (9406140)|VARIABLE_SCOPE_BEGIN|[162]|PSetName|PermissionSet|true|false
13:46:43.0 (9426865)|VARIABLE_ASSIGNMENT|[162]|PSetName|{"s":1,"v":{"Id":"0PS36000000mmnTGAQ","Label":"00e1a000000MWaEAAW","Name":"X00e1a000000MWaEAAW","NamespacePrefix":"shiva15testns","UserLicenseId":"10036000000eSq5AAE","CreatedDate":"2016-03-08T19:00:02.000Z"}}|0x1025386e
13:46:43.0 (9431092)|STATEMENT_EXECUTE|[162]
13:46:43.0 (9451444)|ENTERING_MANAGED_PKG|
13:46:43.0 (9460874)|STATEMENT_EXECUTE|[163]
13:46:43.0 (9470688)|HEAP_ALLOCATE|[162]|Bytes:5
13:46:43.0 (9490074)|HEAP_ALLOCATE|[162]|Bytes:28
13:46:43.0 (9497650)|VARIABLE_SCOPE_BEGIN|[162]|PSetName|PermissionSet|true|false
13:46:43.0 (9518045)|VARIABLE_ASSIGNMENT|[162]|PSetName|{"s":1,"v":{"Id":"0PS36000000mmnUGAQ","Label":"00e1a000000MWaFAAW","Name":"X00e1a000000MWaFAAW","NamespacePrefix":"shiva15testns","UserLicenseId":"10036000000eSq6AAE","CreatedDate":"2016-03-08T19:00:02.000Z"}}|0x3296c6a4
13:46:43.0 (9522708)|STATEMENT_EXECUTE|[162]
13:46:43.0 (9543381)|ENTERING_MANAGED_PKG|
13:46:43.0 (9553049)|STATEMENT_EXECUTE|[163]
13:46:43.0 (9562839)|HEAP_ALLOCATE|[162]|Bytes:5
13:46:43.0 (9581943)|HEAP_ALLOCATE|[162]|Bytes:28
13:46:43.0 (9589444)|VARIABLE_SCOPE_BEGIN|[162]|PSetName|PermissionSet|true|false
13:46:43.0 (9610001)|VARIABLE_ASSIGNMENT|[162]|PSetName|{"s":1,"v":{"Id":"0PS36000000mmnVGAQ","Label":"00e1a000000MWaGAAW","Name":"X00e1a000000MWaGAAW","NamespacePrefix":"shiva15testns","UserLicenseId":"10036000000eSq7AAE","CreatedDate":"2016-03-08T19:00:02.000Z"}}|0x4e71082
13:46:43.0 (9614019)|STATEMENT_EXECUTE|[162]
13:46:43.0 (9634437)|ENTERING_MANAGED_PKG|
13:46:43.0 (9643888)|STATEMENT_EXECUTE|[163]
13:46:43.0 (9653711)|HEAP_ALLOCATE|[162]|Bytes:5
13:46:43.0 (9672818)|HEAP_ALLOCATE|[162]|Bytes:28
13:46:43.0 (9680377)|VARIABLE_SCOPE_BEGIN|[162]|PSetName|PermissionSet|true|false
13:46:43.0 (9701457)|VARIABLE_ASSIGNMENT|[162]|PSetName|{"s":1,"v":{"Id":"0PS36000000mmnWGAQ","Label":"00e1a000000MWaHAAW","Name":"X00e1a000000MWaHAAW","NamespacePrefix":"shiva15testns","UserLicenseId":"10036000000eSq8AAE","CreatedDate":"2016-03-08T19:00:02.000Z"}}|0xd219baf
13:46:43.0 (9705453)|STATEMENT_EXECUTE|[162]
13:46:43.0 (9725920)|ENTERING_MANAGED_PKG|
13:46:43.0 (9735656)|STATEMENT_EXECUTE|[163]
13:46:43.0 (9745499)|HEAP_ALLOCATE|[162]|Bytes:5
13:46:43.0 (9764633)|HEAP_ALLOCATE|[162]|Bytes:28
13:46:43.0 (9772230)|VARIABLE_SCOPE_BEGIN|[162]|PSetName|PermissionSet|true|false
13:46:43.0 (9792739)|VARIABLE_ASSIGNMENT|[162]|PSetName|{"s":1,"v":{"Id":"0PS36000000mmnXGAQ","Label":"00e1a000000MWaIAAW","Name":"X00e1a000000MWaIAAW","NamespacePrefix":"shiva15testns","UserLicenseId":"10036000000eSq9AAE","CreatedDate":"2016-03-08T19:00:02.000Z"}}|0x34fe342d
13:46:43.0 (9796653)|STATEMENT_EXECUTE|[162]
13:46:43.0 (9816989)|ENTERING_MANAGED_PKG|
13:46:43.0 (9826611)|STATEMENT_EXECUTE|[163]
13:46:43.0 (9836817)|HEAP_ALLOCATE|[162]|Bytes:5
13:46:43.0 (9856027)|HEAP_ALLOCATE|[162]|Bytes:28
13:46:43.0 (9863514)|VARIABLE_SCOPE_BEGIN|[162]|PSetName|PermissionSet|true|false
13:46:43.0 (9883733)|VARIABLE_ASSIGNMENT|[162]|PSetName|{"s":1,"v":{"Id":"0PS36000000mmnYGAQ","Label":"00e1a000000MWaJAAW","Name":"X00e1a000000MWaJAAW","NamespacePrefix":"shiva15testns","UserLicenseId":"10036000000eSqAAAU","CreatedDate":"2016-03-08T19:00:02.000Z"}}|0x30d977f0
13:46:43.0 (9887869)|STATEMENT_EXECUTE|[162]
13:46:43.0 (9907901)|ENTERING_MANAGED_PKG|
13:46:43.0 (9917506)|STATEMENT_EXECUTE|[163]
13:46:43.0 (9927357)|HEAP_ALLOCATE|[162]|Bytes:5
13:46:43.0 (9946378)|HEAP_ALLOCATE|[162]|Bytes:28
13:46:43.0 (9954295)|VARIABLE_SCOPE_BEGIN|[162]|PSetName|PermissionSet|true|false
13:46:43.0 (9974433)|VARIABLE_ASSIGNMENT|[162]|PSetName|{"s":1,"v":{"Id":"0PS36000000mmnZGAQ","Label":"00e1a000000MWaKAAW","Name":"X00e1a000000MWaKAAW","NamespacePrefix":"shiva15testns","UserLicenseId":"10036000000eSqBAAU","CreatedDate":"2016-03-08T19:00:02.000Z"}}|0xc860269
13:46:43.0 (9978988)|STATEMENT_EXECUTE|[162]
13:46:43.0 (10003210)|ENTERING_MANAGED_PKG|
13:46:43.0 (10014390)|STATEMENT_EXECUTE|[163]
13:46:43.0 (10024493)|HEAP_ALLOCATE|[162]|Bytes:5
13:46:43.0 (10043993)|HEAP_ALLOCATE|[162]|Bytes:28
13:46:43.0 (10051780)|VARIABLE_SCOPE_BEGIN|[162]|PSetName|PermissionSet|true|false
13:46:43.0 (10072417)|VARIABLE_ASSIGNMENT|[162]|PSetName|{"s":1,"v":{"Id":"0PS36000000mmnaGAA","Label":"00e1a000000MWaLAAW","Name":"X00e1a000000MWaLAAW","NamespacePrefix":"shiva15testns","UserLicenseId":"10036000000eSqCAAU","CreatedDate":"2016-03-08T19:00:02.000Z"}}|0xd7b0cb5
13:46:43.0 (10076627)|STATEMENT_EXECUTE|[162]
13:46:43.0 (10096961)|ENTERING_MANAGED_PKG|
13:46:43.0 (10106490)|STATEMENT_EXECUTE|[163]
13:46:43.0 (10116457)|HEAP_ALLOCATE|[162]|Bytes:5
13:46:43.0 (10135616)|HEAP_ALLOCATE|[162]|Bytes:28
13:46:43.0 (10143195)|VARIABLE_SCOPE_BEGIN|[162]|PSetName|PermissionSet|true|false
13:46:43.0 (10163417)|VARIABLE_ASSIGNMENT|[162]|PSetName|{"s":1,"v":{"Id":"0PS36000000mmnbGAA","Label":"00e1a000000MWaMAAW","Name":"X00e1a000000MWaMAAW","NamespacePrefix":"shiva15testns","UserLicenseId":"10036000000eSqDAAU","CreatedDate":"2016-03-08T19:00:02.000Z"}}|0x48e11e6b
13:46:43.0 (10167813)|STATEMENT_EXECUTE|[162]
13:46:43.0 (10188143)|ENTERING_MANAGED_PKG|
13:46:43.0 (10197642)|STATEMENT_EXECUTE|[163]
13:46:43.0 (10207390)|HEAP_ALLOCATE|[162]|Bytes:5
13:46:43.0 (10226502)|HEAP_ALLOCATE|[162]|Bytes:28
13:46:43.0 (10233954)|VARIABLE_SCOPE_BEGIN|[162]|PSetName|PermissionSet|true|false
13:46:43.0 (10254470)|VARIABLE_ASSIGNMENT|[162]|PSetName|{"s":1,"v":{"Id":"0PS36000000mmncGAA","Label":"00e1a000000MWaNAAW","Name":"X00e1a000000MWaNAAW","NamespacePrefix":"shiva15testns","UserLicenseId":"10036000000eSqEAAU","CreatedDate":"2016-03-08T19:00:02.000Z"}}|0x33fc8670
13:46:43.0 (10258603)|STATEMENT_EXECUTE|[162]
13:46:43.0 (10279113)|ENTERING_MANAGED_PKG|
13:46:43.0 (10288750)|STATEMENT_EXECUTE|[163]
13:46:43.0 (10298603)|HEAP_ALLOCATE|[162]|Bytes:5
13:46:43.0 (10317787)|HEAP_ALLOCATE|[162]|Bytes:28
13:46:43.0 (10325818)|VARIABLE_SCOPE_BEGIN|[162]|PSetName|PermissionSet|true|false
13:46:43.0 (10346284)|VARIABLE_ASSIGNMENT|[162]|PSetName|{"s":1,"v":{"Id":"0PS36000000mmndGAA","Label":"00e1a000000MWaOAAW","Name":"X00e1a000000MWaOAAW","NamespacePrefix":"shiva15testns","UserLicenseId":"10036000000eSqFAAU","CreatedDate":"2016-03-08T19:00:02.000Z"}}|0xfd55f2c
13:46:43.0 (10350480)|STATEMENT_EXECUTE|[162]
13:46:43.0 (10370634)|ENTERING_MANAGED_PKG|
13:46:43.0 (10380100)|STATEMENT_EXECUTE|[163]
13:46:43.0 (10390086)|HEAP_ALLOCATE|[162]|Bytes:5
13:46:43.0 (10409074)|HEAP_ALLOCATE|[162]|Bytes:28
13:46:43.0 (10416609)|VARIABLE_SCOPE_BEGIN|[162]|PSetName|PermissionSet|true|false
13:46:43.0 (10436802)|VARIABLE_ASSIGNMENT|[162]|PSetName|{"s":1,"v":{"Id":"0PS36000000mmneGAA","Label":"00e1a000000MWaPAAW","Name":"X00e1a000000MWaPAAW","NamespacePrefix":"shiva15testns","UserLicenseId":"10036000000eSqGAAU","CreatedDate":"2016-03-08T19:00:02.000Z"}}|0x5a9ef4c7
13:46:43.0 (10440916)|STATEMENT_EXECUTE|[162]
13:46:43.0 (10461568)|ENTERING_MANAGED_PKG|
13:46:43.0 (10471051)|STATEMENT_EXECUTE|[163]
13:46:43.0 (10481220)|HEAP_ALLOCATE|[162]|Bytes:5
13:46:43.0 (10500354)|HEAP_ALLOCATE|[162]|Bytes:28
13:46:43.0 (10507838)|VARIABLE_SCOPE_BEGIN|[162]|PSetName|PermissionSet|true|false
13:46:43.0 (10528329)|VARIABLE_ASSIGNMENT|[162]|PSetName|{"s":1,"v":{"Id":"0PS36000000mmnfGAA","Label":"00e1a000000MWaQAAW","Name":"X00e1a000000MWaQAAW","NamespacePrefix":"shiva15testns","UserLicenseId":"10036000000eSqHAAU","CreatedDate":"2016-03-08T19:00:02.000Z"}}|0x1accbbb9
13:46:43.0 (10532345)|STATEMENT_EXECUTE|[162]
13:46:43.0 (10552486)|ENTERING_MANAGED_PKG|
13:46:43.0 (10562026)|STATEMENT_EXECUTE|[163]
13:46:43.0 (10571706)|HEAP_ALLOCATE|[162]|Bytes:5
13:46:43.0 (10590886)|HEAP_ALLOCATE|[162]|Bytes:28
13:46:43.0 (10598428)|VARIABLE_SCOPE_BEGIN|[162]|PSetName|PermissionSet|true|false
13:46:43.0 (10618888)|VARIABLE_ASSIGNMENT|[162]|PSetName|{"s":1,"v":{"Id":"0PS36000000mmngGAA","Label":"00e1a000000MWaRAAW","Name":"X00e1a000000MWaRAAW","NamespacePrefix":"shiva15testns","UserLicenseId":"10036000000eSqIAAU","CreatedDate":"2016-03-08T19:00:02.000Z"}}|0x4dd46196
13:46:43.0 (10623154)|STATEMENT_EXECUTE|[162]
13:46:43.0 (10643634)|ENTERING_MANAGED_PKG|
13:46:43.0 (10653171)|STATEMENT_EXECUTE|[163]
13:46:43.0 (10662988)|HEAP_ALLOCATE|[162]|Bytes:5
13:46:43.0 (10682230)|HEAP_ALLOCATE|[162]|Bytes:28
13:46:43.0 (10689869)|VARIABLE_SCOPE_BEGIN|[162]|PSetName|PermissionSet|true|false
13:46:43.0 (10710042)|VARIABLE_ASSIGNMENT|[162]|PSetName|{"s":1,"v":{"Id":"0PS36000000mmnhGAA","Label":"00e1a000000MWaSAAW","Name":"X00e1a000000MWaSAAW","NamespacePrefix":"shiva15testns","UserLicenseId":"10036000000eSqJAAU","CreatedDate":"2016-03-08T19:00:02.000Z"}}|0x68dd7b3f
13:46:43.0 (10714324)|STATEMENT_EXECUTE|[162]
13:46:43.0 (10734578)|ENTERING_MANAGED_PKG|
13:46:43.0 (10744172)|STATEMENT_EXECUTE|[163]
13:46:43.0 (10754002)|HEAP_ALLOCATE|[162]|Bytes:5
13:46:43.0 (10773119)|HEAP_ALLOCATE|[162]|Bytes:28
13:46:43.0 (10780978)|VARIABLE_SCOPE_BEGIN|[162]|PSetName|PermissionSet|true|false
13:46:43.0 (10801678)|VARIABLE_ASSIGNMENT|[162]|PSetName|{"s":1,"v":{"Id":"0PS36000000mmniGAA","Label":"00e1a000000MWaTAAW","Name":"X00e1a000000MWaTAAW","NamespacePrefix":"shiva15testns","UserLicenseId":"10036000000eSqJAAU","CreatedDate":"2016-03-08T19:00:02.000Z"}}|0x45c8822f
13:46:43.0 (10805844)|STATEMENT_EXECUTE|[162]
13:46:43.0 (10825878)|ENTERING_MANAGED_PKG|
13:46:43.0 (10835377)|STATEMENT_EXECUTE|[163]
13:46:43.0 (10845217)|HEAP_ALLOCATE|[162]|Bytes:5
13:46:43.0 (10864446)|HEAP_ALLOCATE|[162]|Bytes:28
13:46:43.0 (10871936)|VARIABLE_SCOPE_BEGIN|[162]|PSetName|PermissionSet|true|false
13:46:43.0 (10892081)|VARIABLE_ASSIGNMENT|[162]|PSetName|{"s":1,"v":{"Id":"0PS36000000mmnjGAA","Label":"00e1a000000MWaUAAW","Name":"X00e1a000000MWaUAAW","NamespacePrefix":"shiva15testns","UserLicenseId":"10036000000eSqKAAU","CreatedDate":"2016-03-08T19:00:02.000Z"}}|0x3a26e85c
13:46:43.0 (10896253)|STATEMENT_EXECUTE|[162]
13:46:43.0 (10916530)|ENTERING_MANAGED_PKG|
13:46:43.0 (10925968)|STATEMENT_EXECUTE|[163]
13:46:43.0 (10936102)|HEAP_ALLOCATE|[162]|Bytes:5
13:46:43.0 (10955394)|HEAP_ALLOCATE|[162]|Bytes:28
13:46:43.0 (10963000)|VARIABLE_SCOPE_BEGIN|[162]|PSetName|PermissionSet|true|false
13:46:43.0 (10983147)|VARIABLE_ASSIGNMENT|[162]|PSetName|{"s":1,"v":{"Id":"0PS36000000mmnlGAA","Label":"00e1a000000N1LRAA0","Name":"X00e1a000000N1LRAA0","NamespacePrefix":"shiva15testns","UserLicenseId":"10036000000eSqLAAU","CreatedDate":"2016-03-08T19:00:02.000Z"}}|0x5410f65f
13:46:43.0 (10987084)|STATEMENT_EXECUTE|[162]
13:46:43.0 (11012400)|ENTERING_MANAGED_PKG|
13:46:43.0 (11023021)|STATEMENT_EXECUTE|[163]
13:46:43.0 (11033378)|HEAP_ALLOCATE|[162]|Bytes:5
13:46:43.0 (11052549)|HEAP_ALLOCATE|[162]|Bytes:28
13:46:43.0 (11060261)|VARIABLE_SCOPE_BEGIN|[162]|PSetName|PermissionSet|true|false
13:46:43.0 (11081454)|VARIABLE_ASSIGNMENT|[162]|PSetName|{"s":1,"v":{"Id":"0PS36000000mmnmGAA","Label":"00e1a000000N1LSAA0","Name":"X00e1a000000N1LSAA0","NamespacePrefix":"shiva15testns","UserLicenseId":"10036000000eSqMAAU","CreatedDate":"2016-03-08T19:00:02.000Z"}}|0x57977b61
13:46:43.0 (11085621)|STATEMENT_EXECUTE|[162]
13:46:43.0 (11105965)|ENTERING_MANAGED_PKG|
13:46:43.0 (11115660)|STATEMENT_EXECUTE|[163]
13:46:43.0 (11125542)|HEAP_ALLOCATE|[162]|Bytes:5
13:46:43.0 (11144887)|HEAP_ALLOCATE|[162]|Bytes:28
13:46:43.0 (11152376)|VARIABLE_SCOPE_BEGIN|[162]|PSetName|PermissionSet|true|false
13:46:43.0 (11172769)|VARIABLE_ASSIGNMENT|[162]|PSetName|{"s":1,"v":{"Id":"0PS36000000mmnnGAA","Label":"00e1a000000N1wKAAS","Name":"X00e1a000000N1wKAAS","NamespacePrefix":"shiva15testns","UserLicenseId":"10036000000eSqNAAU","CreatedDate":"2016-03-08T19:00:02.000Z"}}|0x564f4246
13:46:43.0 (11177105)|STATEMENT_EXECUTE|[162]
13:46:43.0 (11197422)|ENTERING_MANAGED_PKG|
13:46:43.0 (11206969)|STATEMENT_EXECUTE|[163]
13:46:43.0 (11216767)|HEAP_ALLOCATE|[162]|Bytes:5
13:46:43.0 (11235824)|HEAP_ALLOCATE|[162]|Bytes:28
13:46:43.0 (11243348)|VARIABLE_SCOPE_BEGIN|[162]|PSetName|PermissionSet|true|false
13:46:43.0 (11263736)|VARIABLE_ASSIGNMENT|[162]|PSetName|{"s":1,"v":{"Id":"0PS36000000mmnoGAA","Label":"00e1a000000N1wLAAS","Name":"X00e1a000000N1wLAAS","NamespacePrefix":"shiva15testns","UserLicenseId":"10036000000eSqNAAU","CreatedDate":"2016-03-08T19:00:02.000Z"}}|0x5ba634db
13:46:43.0 (11267940)|STATEMENT_EXECUTE|[162]
13:46:43.0 (11288391)|ENTERING_MANAGED_PKG|
13:46:43.0 (11297969)|STATEMENT_EXECUTE|[163]
13:46:43.0 (11307750)|HEAP_ALLOCATE|[162]|Bytes:5
13:46:43.0 (11326783)|HEAP_ALLOCATE|[162]|Bytes:28
13:46:43.0 (11334427)|VARIABLE_SCOPE_BEGIN|[162]|PSetName|PermissionSet|true|false
13:46:43.0 (11354590)|VARIABLE_ASSIGNMENT|[162]|PSetName|{"s":1,"v":{"Id":"0PS36000000mmnqGAA","Label":"00e1a000000MWaAAAW","Name":"X00e1a000000MWaAAAW","NamespacePrefix":"shiva15testns","UserLicenseId":"10036000000eSq1AAE","CreatedDate":"2016-03-08T19:00:02.000Z"}}|0x8d793fe
13:46:43.0 (11358820)|STATEMENT_EXECUTE|[162]
13:46:43.0 (11379039)|ENTERING_MANAGED_PKG|
13:46:43.0 (11388625)|STATEMENT_EXECUTE|[163]
13:46:43.0 (11398410)|HEAP_ALLOCATE|[162]|Bytes:5
13:46:43.0 (11417558)|HEAP_ALLOCATE|[162]|Bytes:32
13:46:43.0 (11425576)|VARIABLE_SCOPE_BEGIN|[162]|PSetName|PermissionSet|true|false
13:46:43.0 (11448061)|VARIABLE_ASSIGNMENT|[162]|PSetName|{"s":1,"v":{"Id":"0PS36000000q71PGAQ","Label":"PermissionSet_Test","Name":"PermissionSet_Test","Description":"This is for testing  (11 more) ...","NamespacePrefix":"shiva15testns","UserLicenseId":"10036000000eSpyAAE","CreatedDate":"2016-03-20T22:41:12.000Z"}}|0x64f7bdf6
13:46:43.0 (11452503)|STATEMENT_EXECUTE|[162]
13:46:43.0 (11472748)|ENTERING_MANAGED_PKG|
13:46:43.0 (11482992)|STATEMENT_EXECUTE|[163]
13:46:43.0 (11484629)|STATEMENT_EXECUTE|[164]
13:46:43.0 (11488379)|HEAP_ALLOCATE|[164]|Bytes:52
13:46:43.0 (11494477)|HEAP_ALLOCATE|[164]|Bytes:4
13:46:43.0 (11500269)|HEAP_ALLOCATE|[164]|Bytes:7
13:46:43.0 (12244216)|SOQL_EXECUTE_BEGIN|[164]|Aggregations:0|SELECT Id, Name FROM UserLicense WHERE Id = :tmpVar1
13:46:43.0 (14469396)|SOQL_EXECUTE_END|[164]|Rows:1
13:46:43.0 (14482174)|HEAP_ALLOCATE|[164]|Bytes:8
13:46:43.0 (14491736)|HEAP_ALLOCATE|[164]|Bytes:47
13:46:43.0 (14517019)|HEAP_ALLOCATE|[164]|Bytes:8
13:46:43.0 (14526944)|HEAP_ALLOCATE|[164]|Bytes:37
13:46:43.0 (14589497)|HEAP_ALLOCATE|[164]|Bytes:12
13:46:43.0 (14599124)|VARIABLE_SCOPE_BEGIN|[164]|ulicense|UserLicense|true|false
13:46:43.0 (14616909)|VARIABLE_ASSIGNMENT|[164]|ulicense|{"s":1,"v":{"Id":"10036000000eSpyAAE","Name":"Salesforce"}}|0x247c967c
13:46:43.0 (14620739)|STATEMENT_EXECUTE|[165]
13:46:43.0 (14627775)|HEAP_ALLOCATE|[165]|Bytes:240
13:46:43.0 (14633152)|HEAP_ALLOCATE|[165]|Bytes:39
13:46:43.0 (14654861)|HEAP_ALLOCATE|[165]|Bytes:32
13:46:43.0 (14705137)|ENTERING_MANAGED_PKG|
13:46:43.0 (14734246)|HEAP_ALLOCATE|[165]|Bytes:18
13:46:43.0 (14805805)|ENTERING_MANAGED_PKG|
13:46:43.0 (14828384)|HEAP_ALLOCATE|[165]|Bytes:19
13:46:43.0 (14865073)|CONSTRUCTOR_ENTRY|[165]|01p36000005Jpvx|<init>(String,String,String,String,String,String,String)
13:46:43.0 (14886698)|VARIABLE_SCOPE_BEGIN|[1055]|this|shiva15testns.PermissionSetPortalControllers.PermissionSetClass|true|false
13:46:43.0 (14954989)|VARIABLE_ASSIGNMENT|[1055]|this|{}|0x68bce385
13:46:43.0 (14959624)|VARIABLE_SCOPE_BEGIN|[1055]|label|String|false|false
13:46:43.0 (14964813)|VARIABLE_ASSIGNMENT|[1055]|label|"PermissionSet_Test"
13:46:43.0 (14967238)|VARIABLE_SCOPE_BEGIN|[1055]|apiName|String|false|false
13:46:43.0 (14970601)|VARIABLE_ASSIGNMENT|[1055]|apiName|"PermissionSet_Test"
13:46:43.0 (14972891)|VARIABLE_SCOPE_BEGIN|[1055]|id|String|false|false
13:46:43.0 (14976155)|VARIABLE_ASSIGNMENT|[1055]|id|"0PS36000000q71PGAQ"
13:46:43.0 (14978182)|VARIABLE_SCOPE_BEGIN|[1055]|description|String|false|false
13:46:43.0 (14982547)|VARIABLE_ASSIGNMENT|[1055]|description|"This is for testing  (11 more) ..."
13:46:43.0 (14984724)|VARIABLE_SCOPE_BEGIN|[1055]|namespacePrefix|String|false|false
13:46:43.0 (14987764)|VARIABLE_ASSIGNMENT|[1055]|namespacePrefix|"shiva15testns"
13:46:43.0 (14989803)|VARIABLE_SCOPE_BEGIN|[1055]|userLicenseId|String|false|false
13:46:43.0 (14992677)|VARIABLE_ASSIGNMENT|[1055]|userLicenseId|"Salesforce"
13:46:43.0 (14994716)|VARIABLE_SCOPE_BEGIN|[1055]|createdDate|String|false|false
13:46:43.0 (15003031)|VARIABLE_ASSIGNMENT|[1055]|createdDate|"2016-03-20 15:41:12"
13:46:43.0 (15007375)|STATEMENT_EXECUTE|[1038]
13:46:43.0 (15009150)|STATEMENT_EXECUTE|[1041]
13:46:43.0 (15010468)|STATEMENT_EXECUTE|[1043]
13:46:43.0 (15011791)|STATEMENT_EXECUTE|[1045]
13:46:43.0 (15012904)|STATEMENT_EXECUTE|[1047]
13:46:43.0 (15013946)|STATEMENT_EXECUTE|[1049]
13:46:43.0 (15015040)|STATEMENT_EXECUTE|[1051]
13:46:43.0 (15016165)|STATEMENT_EXECUTE|[1053]
13:46:43.0 (15024934)|HEAP_ALLOCATE|[1057]|Bytes:6
13:46:43.0 (15050318)|STATEMENT_EXECUTE|[1056]
13:46:43.0 (15052313)|STATEMENT_EXECUTE|[1057]
13:46:43.0 (15129668)|VARIABLE_ASSIGNMENT|[EXTERNAL]|this|{}|0x68bce385
13:46:43.0 (15137499)|VARIABLE_ASSIGNMENT|[EXTERNAL]|value|"PermissionSet_Test"
13:46:43.0 (15147604)|VARIABLE_ASSIGNMENT|[1041]|this.label|"PermissionSet_Test"|0x68bce385
13:46:43.0 (15155457)|STATEMENT_EXECUTE|[1058]
13:46:43.0 (15206749)|VARIABLE_ASSIGNMENT|[EXTERNAL]|this|{"label":"PermissionSet_Test"}|0x68bce385
13:46:43.0 (15213322)|VARIABLE_ASSIGNMENT|[EXTERNAL]|value|"PermissionSet_Test"
13:46:43.0 (15221449)|VARIABLE_ASSIGNMENT|[1043]|this.apiName|"PermissionSet_Test"|0x68bce385
13:46:43.0 (15228388)|STATEMENT_EXECUTE|[1059]
13:46:43.0 (15277651)|VARIABLE_ASSIGNMENT|[EXTERNAL]|this|{"apiName":"PermissionSet_Test","label":"PermissionSet_Test"}|0x68bce385
13:46:43.0 (15284678)|VARIABLE_ASSIGNMENT|[EXTERNAL]|value|"0PS36000000q71PGAQ"
13:46:43.0 (15292700)|VARIABLE_ASSIGNMENT|[1045]|this.id|"0PS36000000q71PGAQ"|0x68bce385
13:46:43.0 (15299512)|STATEMENT_EXECUTE|[1060]
13:46:43.0 (15348780)|VARIABLE_ASSIGNMENT|[EXTERNAL]|this|{"apiName":"PermissionSet_Test","id":"0PS36000000q71PGAQ","label":"PermissionSet_Test"}|0x68bce385
13:46:43.0 (15357023)|VARIABLE_ASSIGNMENT|[EXTERNAL]|value|"This is for testing  (11 more) ..."
13:46:43.0 (15365698)|VARIABLE_ASSIGNMENT|[1047]|this.description|"This is for testing  (11 more) ..."|0x68bce385
13:46:43.0 (15372441)|STATEMENT_EXECUTE|[1061]
13:46:43.0 (15423287)|VARIABLE_ASSIGNMENT|[EXTERNAL]|this|{"apiName":"PermissionSet_Test","description":"This is for testing  (11 more) ...","id":"0PS36000000q71PGAQ","label":"PermissionSet_Test"}|0x68bce385
13:46:43.0 (15430335)|VARIABLE_ASSIGNMENT|[EXTERNAL]|value|"shiva15testns"
13:46:43.0 (15438738)|VARIABLE_ASSIGNMENT|[1049]|this.namespacePrefix|"shiva15testns"|0x68bce385
13:46:43.0 (15445427)|STATEMENT_EXECUTE|[1062]
13:46:43.0 (15496064)|VARIABLE_ASSIGNMENT|[EXTERNAL]|this|{"apiName":"PermissionSet_Test","description":"This is for testing  (11 more) ...","id":"0PS36000000q71PGAQ","label":"PermissionSet_Test","namespacePrefix":"shiva15testns"}|0x68bce385
13:46:43.0 (15503198)|VARIABLE_ASSIGNMENT|[EXTERNAL]|value|"Salesforce"
13:46:43.0 (15511130)|VARIABLE_ASSIGNMENT|[1051]|this.userLicenseId|"Salesforce"|0x68bce385
13:46:43.0 (15517726)|STATEMENT_EXECUTE|[1063]
13:46:43.0 (15569646)|VARIABLE_ASSIGNMENT|[EXTERNAL]|this|{"apiName":"PermissionSet_Test","description":"This is for testing  (11 more) ...","id":"0PS36000000q71PGAQ","label":"PermissionSet_Test","namespacePrefix":"shiva15testns","userLicenseId":"Salesforce"}|0x68bce385
13:46:43.0 (15577096)|VARIABLE_ASSIGNMENT|[EXTERNAL]|value|"2016-03-20 15:41:12"
13:46:43.0 (15585136)|VARIABLE_ASSIGNMENT|[1053]|this.createdDate|"2016-03-20 15:41:12"|0x68bce385
13:46:43.0 (15598423)|CONSTRUCTOR_EXIT|[165]|01p36000005Jpvx|<init>(String,String,String,String,String,String,String)
13:46:43.0 (15621380)|VARIABLE_ASSIGNMENT|[165]|pSetObj|{"apiName":"PermissionSet_Test","createdDate":"2016-03-20 15:41:12","description":"This is for testing  (11 more) ...","id":"0PS36000000q71PGAQ","label":"PermissionSet_Test","namespacePrefix":"shiva15testns","userLicenseId":"Salesforce"}|0x68bce385
13:46:43.0 (15625664)|STATEMENT_EXECUTE|[167]
13:46:43.0 (15639900)|ENTERING_MANAGED_PKG|
13:46:43.0 (15662938)|HEAP_ALLOCATE|[EXTERNAL]|Bytes:4
13:46:43.0 (15670508)|STATEMENT_EXECUTE|[168]
13:46:43.0 (15823631)|HEAP_ALLOCATE|[168]|Bytes:24
13:46:43.0 (15843485)|ENTERING_MANAGED_PKG|
13:46:43.0 (15916232)|HEAP_ALLOCATE|[168]|Bytes:231
13:46:43.0 (15938546)|HEAP_ALLOCATE|[168]|Bytes:255
13:46:43.0 (15963438)|ENTERING_MANAGED_PKG|
13:46:43.0 (15976618)|USER_DEBUG|[168]|ERROR|The PermissionSet Name: PermissionSet:{Id=0PS36000000q71PGAQ, Label=PermissionSet_Test, Name=PermissionSet_Test, Description=This is for testing Description, NamespacePrefix=shiva15testns, UserLicenseId=10036000000eSpyAAE, CreatedDate=2016-03-20 22:41:12}
13:46:43.0 (15993153)|HEAP_ALLOCATE|[162]|Bytes:5
13:46:43.0 (16021833)|HEAP_ALLOCATE|[162]|Bytes:32
13:46:43.0 (16032064)|VARIABLE_SCOPE_BEGIN|[162]|PSetName|PermissionSet|true|false
13:46:43.0 (16058104)|VARIABLE_ASSIGNMENT|[162]|PSetName|{"s":1,"v":{"Id":"0PS360000017KxHGAU","Label":"Final_Test","Name":"Final_Test","Description":"Descp","NamespacePrefix":"shiva15testns","UserLicenseId":"10036000000eSpyAAE","CreatedDate":"2016-05-04T00:16:41.000Z"}}|0x48068e5c
13:46:43.0 (16062911)|STATEMENT_EXECUTE|[162]
13:46:43.0 (16085857)|ENTERING_MANAGED_PKG|
13:46:43.0 (16096470)|STATEMENT_EXECUTE|[163]
13:46:43.0 (16098113)|STATEMENT_EXECUTE|[164]
13:46:43.0 (16102672)|HEAP_ALLOCATE|[164]|Bytes:4
13:46:43.0 (16246060)|SOQL_EXECUTE_BEGIN|[164]|Aggregations:0|SELECT Id, Name FROM UserLicense WHERE Id = :tmpVar1
13:46:43.0 (17741658)|SOQL_EXECUTE_END|[164]|Rows:1
13:46:43.0 (17752752)|HEAP_ALLOCATE|[164]|Bytes:8
13:46:43.0 (17762083)|HEAP_ALLOCATE|[164]|Bytes:47
13:46:43.0 (17775740)|HEAP_ALLOCATE|[164]|Bytes:8
13:46:43.0 (17804109)|HEAP_ALLOCATE|[164]|Bytes:12
13:46:43.0 (17812281)|VARIABLE_SCOPE_BEGIN|[164]|ulicense|UserLicense|true|false
13:46:43.0 (17829589)|VARIABLE_ASSIGNMENT|[164]|ulicense|{"s":1,"v":{"Id":"10036000000eSpyAAE","Name":"Salesforce"}}|0x26164bd9
13:46:43.0 (17833517)|STATEMENT_EXECUTE|[165]
13:46:43.0 (17838747)|HEAP_ALLOCATE|[165]|Bytes:32
13:46:43.0 (17863724)|ENTERING_MANAGED_PKG|
13:46:43.0 (17868426)|HEAP_ALLOCATE|[165]|Bytes:18
13:46:43.0 (17895164)|ENTERING_MANAGED_PKG|
13:46:43.0 (17909348)|HEAP_ALLOCATE|[165]|Bytes:19
13:46:43.0 (17928486)|CONSTRUCTOR_ENTRY|[165]|01p36000005Jpvx|<init>(String,String,String,String,String,String,String)
13:46:43.0 (17934271)|VARIABLE_SCOPE_BEGIN|[1055]|this|shiva15testns.PermissionSetPortalControllers.PermissionSetClass|true|false
13:46:43.0 (17955271)|VARIABLE_ASSIGNMENT|[1055]|this|{}|0x64e67cf1
13:46:43.0 (17958513)|VARIABLE_SCOPE_BEGIN|[1055]|label|String|false|false
13:46:43.0 (17962845)|VARIABLE_ASSIGNMENT|[1055]|label|"Final_Test"
13:46:43.0 (17964503)|VARIABLE_SCOPE_BEGIN|[1055]|apiName|String|false|false
13:46:43.0 (17967053)|VARIABLE_ASSIGNMENT|[1055]|apiName|"Final_Test"
13:46:43.0 (17968613)|VARIABLE_SCOPE_BEGIN|[1055]|id|String|false|false
13:46:43.0 (17971598)|VARIABLE_ASSIGNMENT|[1055]|id|"0PS360000017KxHGAU"
13:46:43.0 (17973476)|VARIABLE_SCOPE_BEGIN|[1055]|description|String|false|false
13:46:43.0 (17976021)|VARIABLE_ASSIGNMENT|[1055]|description|"Descp"
13:46:43.0 (17977551)|VARIABLE_SCOPE_BEGIN|[1055]|namespacePrefix|String|false|false
13:46:43.0 (17980223)|VARIABLE_ASSIGNMENT|[1055]|namespacePrefix|"shiva15testns"
13:46:43.0 (17981665)|VARIABLE_SCOPE_BEGIN|[1055]|userLicenseId|String|false|false
13:46:43.0 (17984149)|VARIABLE_ASSIGNMENT|[1055]|userLicenseId|"Salesforce"
13:46:43.0 (17985667)|VARIABLE_SCOPE_BEGIN|[1055]|createdDate|String|false|false
13:46:43.0 (17988479)|VARIABLE_ASSIGNMENT|[1055]|createdDate|"2016-05-03 17:16:41"
13:46:43.0 (17991364)|STATEMENT_EXECUTE|[1038]
13:46:43.0 (17992827)|STATEMENT_EXECUTE|[1041]
13:46:43.0 (17994291)|STATEMENT_EXECUTE|[1043]
13:46:43.0 (18000934)|STATEMENT_EXECUTE|[1045]
13:46:43.0 (18003285)|STATEMENT_EXECUTE|[1047]
13:46:43.0 (18004440)|STATEMENT_EXECUTE|[1049]
13:46:43.0 (18005545)|STATEMENT_EXECUTE|[1051]
13:46:43.0 (18006568)|STATEMENT_EXECUTE|[1053]
13:46:43.0 (18018635)|STATEMENT_EXECUTE|[1056]
13:46:43.0 (18020235)|STATEMENT_EXECUTE|[1057]
13:46:43.0 (18040754)|VARIABLE_ASSIGNMENT|[EXTERNAL]|this|{}|0x64e67cf1
13:46:43.0 (18046480)|VARIABLE_ASSIGNMENT|[EXTERNAL]|value|"Final_Test"
13:46:43.0 (18053598)|VARIABLE_ASSIGNMENT|[1041]|this.label|"Final_Test"|0x64e67cf1
13:46:43.0 (18059743)|STATEMENT_EXECUTE|[1058]
13:46:43.0 (18079233)|VARIABLE_ASSIGNMENT|[EXTERNAL]|this|{"label":"Final_Test"}|0x64e67cf1
13:46:43.0 (18083946)|VARIABLE_ASSIGNMENT|[EXTERNAL]|value|"Final_Test"
13:46:43.0 (18089997)|VARIABLE_ASSIGNMENT|[1043]|this.apiName|"Final_Test"|0x64e67cf1
13:46:43.0 (18095682)|STATEMENT_EXECUTE|[1059]
13:46:43.0 (18115425)|VARIABLE_ASSIGNMENT|[EXTERNAL]|this|{"apiName":"Final_Test","label":"Final_Test"}|0x64e67cf1
13:46:43.0 (18120294)|VARIABLE_ASSIGNMENT|[EXTERNAL]|value|"0PS360000017KxHGAU"
13:46:43.0 (18126438)|VARIABLE_ASSIGNMENT|[1045]|this.id|"0PS360000017KxHGAU"|0x64e67cf1
13:46:43.0 (18132108)|STATEMENT_EXECUTE|[1060]
13:46:43.0 (18152116)|VARIABLE_ASSIGNMENT|[EXTERNAL]|this|{"apiName":"Final_Test","id":"0PS360000017KxHGAU","label":"Final_Test"}|0x64e67cf1
13:46:43.0 (18157241)|VARIABLE_ASSIGNMENT|[EXTERNAL]|value|"Descp"
13:46:43.0 (18163173)|VARIABLE_ASSIGNMENT|[1047]|this.description|"Descp"|0x64e67cf1
13:46:43.0 (18168687)|STATEMENT_EXECUTE|[1061]
13:46:43.0 (18189130)|VARIABLE_ASSIGNMENT|[EXTERNAL]|this|{"apiName":"Final_Test","description":"Descp","id":"0PS360000017KxHGAU","label":"Final_Test"}|0x64e67cf1
13:46:43.0 (18194121)|VARIABLE_ASSIGNMENT|[EXTERNAL]|value|"shiva15testns"
13:46:43.0 (18200298)|VARIABLE_ASSIGNMENT|[1049]|this.namespacePrefix|"shiva15testns"|0x64e67cf1
13:46:43.0 (18205672)|STATEMENT_EXECUTE|[1062]
13:46:43.0 (18226393)|VARIABLE_ASSIGNMENT|[EXTERNAL]|this|{"apiName":"Final_Test","description":"Descp","id":"0PS360000017KxHGAU","label":"Final_Test","namespacePrefix":"shiva15testns"}|0x64e67cf1
13:46:43.0 (18231420)|VARIABLE_ASSIGNMENT|[EXTERNAL]|value|"Salesforce"
13:46:43.0 (18237290)|VARIABLE_ASSIGNMENT|[1051]|this.userLicenseId|"Salesforce"|0x64e67cf1
13:46:43.0 (18242931)|STATEMENT_EXECUTE|[1063]
13:46:43.0 (18264698)|VARIABLE_ASSIGNMENT|[EXTERNAL]|this|{"apiName":"Final_Test","description":"Descp","id":"0PS360000017KxHGAU","label":"Final_Test","namespacePrefix":"shiva15testns","userLicenseId":"Salesforce"}|0x64e67cf1
13:46:43.0 (18270382)|VARIABLE_ASSIGNMENT|[EXTERNAL]|value|"2016-05-03 17:16:41"
13:46:43.0 (18276577)|VARIABLE_ASSIGNMENT|[1053]|this.createdDate|"2016-05-03 17:16:41"|0x64e67cf1
13:46:43.0 (18288981)|CONSTRUCTOR_EXIT|[165]|01p36000005Jpvx|<init>(String,String,String,String,String,String,String)
13:46:43.0 (18309854)|VARIABLE_ASSIGNMENT|[165]|pSetObj|{"apiName":"Final_Test","createdDate":"2016-05-03 17:16:41","description":"Descp","id":"0PS360000017KxHGAU","label":"Final_Test","namespacePrefix":"shiva15testns","userLicenseId":"Salesforce"}|0x64e67cf1
13:46:43.0 (18313686)|STATEMENT_EXECUTE|[167]
13:46:43.0 (18323930)|ENTERING_MANAGED_PKG|
13:46:43.0 (18328434)|HEAP_ALLOCATE|[EXTERNAL]|Bytes:4
13:46:43.0 (18333836)|STATEMENT_EXECUTE|[168]
13:46:43.0 (18347082)|ENTERING_MANAGED_PKG|
13:46:43.0 (18391966)|HEAP_ALLOCATE|[168]|Bytes:189
13:46:43.0 (18407171)|HEAP_ALLOCATE|[168]|Bytes:213
13:46:43.0 (18419076)|ENTERING_MANAGED_PKG|
13:46:43.0 (18426054)|USER_DEBUG|[168]|ERROR|The PermissionSet Name: PermissionSet:{Id=0PS360000017KxHGAU, Label=Final_Test, Name=Final_Test, Description=Descp, NamespacePrefix=shiva15testns, UserLicenseId=10036000000eSpyAAE, CreatedDate=2016-05-04 00:16:41}
13:46:43.0 (18441417)|HEAP_ALLOCATE|[162]|Bytes:5
13:46:43.0 (18462780)|HEAP_ALLOCATE|[162]|Bytes:32
13:46:43.0 (18471467)|VARIABLE_SCOPE_BEGIN|[162]|PSetName|PermissionSet|true|false
13:46:43.0 (18496386)|VARIABLE_ASSIGNMENT|[162]|PSetName|{"s":1,"v":{"Id":"0PS360000017LExGAM","Label":"Final_Test_1","Name":"Final_Test_1","Description":"Descp","NamespacePrefix":"shiva15testns","UserLicenseId":"10036000000eSpyAAE","CreatedDate":"2016-05-04T00:43:23.000Z"}}|0x226c6b6b
13:46:43.0 (18501107)|STATEMENT_EXECUTE|[162]
13:46:43.0 (18523002)|ENTERING_MANAGED_PKG|
13:46:43.0 (18533285)|STATEMENT_EXECUTE|[163]
13:46:43.0 (18534849)|STATEMENT_EXECUTE|[164]
13:46:43.0 (18539759)|HEAP_ALLOCATE|[164]|Bytes:4
13:46:43.0 (18683325)|SOQL_EXECUTE_BEGIN|[164]|Aggregations:0|SELECT Id, Name FROM UserLicense WHERE Id = :tmpVar1
13:46:43.0 (20067027)|SOQL_EXECUTE_END|[164]|Rows:1
13:46:43.0 (20078130)|HEAP_ALLOCATE|[164]|Bytes:8
13:46:43.0 (20087230)|HEAP_ALLOCATE|[164]|Bytes:47
13:46:43.0 (20100479)|HEAP_ALLOCATE|[164]|Bytes:8
13:46:43.0 (20128984)|HEAP_ALLOCATE|[164]|Bytes:12
13:46:43.0 (20137295)|VARIABLE_SCOPE_BEGIN|[164]|ulicense|UserLicense|true|false
13:46:43.0 (20154426)|VARIABLE_ASSIGNMENT|[164]|ulicense|{"s":1,"v":{"Id":"10036000000eSpyAAE","Name":"Salesforce"}}|0x173b0924
13:46:43.0 (20158202)|STATEMENT_EXECUTE|[165]
13:46:43.0 (20163469)|HEAP_ALLOCATE|[165]|Bytes:32
13:46:43.0 (20187931)|ENTERING_MANAGED_PKG|
13:46:43.0 (20192771)|HEAP_ALLOCATE|[165]|Bytes:18
13:46:43.0 (20219406)|ENTERING_MANAGED_PKG|
13:46:43.0 (20233743)|HEAP_ALLOCATE|[165]|Bytes:19
13:46:43.0 (20252886)|CONSTRUCTOR_ENTRY|[165]|01p36000005Jpvx|<init>(String,String,String,String,String,String,String)
13:46:43.0 (20258615)|VARIABLE_SCOPE_BEGIN|[1055]|this|shiva15testns.PermissionSetPortalControllers.PermissionSetClass|true|false
13:46:43.0 (20279575)|VARIABLE_ASSIGNMENT|[1055]|this|{}|0x6d8ee070
13:46:43.0 (20282715)|VARIABLE_SCOPE_BEGIN|[1055]|label|String|false|false
13:46:43.0 (20287693)|VARIABLE_ASSIGNMENT|[1055]|label|"Final_Test_1"
13:46:43.0 (20289414)|VARIABLE_SCOPE_BEGIN|[1055]|apiName|String|false|false
13:46:43.0 (20292231)|VARIABLE_ASSIGNMENT|[1055]|apiName|"Final_Test_1"
13:46:43.0 (20293819)|VARIABLE_SCOPE_BEGIN|[1055]|id|String|false|false
13:46:43.0 (20296693)|VARIABLE_ASSIGNMENT|[1055]|id|"0PS360000017LExGAM"
13:46:43.0 (20298146)|VARIABLE_SCOPE_BEGIN|[1055]|description|String|false|false
13:46:43.0 (20300726)|VARIABLE_ASSIGNMENT|[1055]|description|"Descp"
13:46:43.0 (20302187)|VARIABLE_SCOPE_BEGIN|[1055]|namespacePrefix|String|false|false
13:46:43.0 (20304876)|VARIABLE_ASSIGNMENT|[1055]|namespacePrefix|"shiva15testns"
13:46:43.0 (20306364)|VARIABLE_SCOPE_BEGIN|[1055]|userLicenseId|String|false|false
13:46:43.0 (20309018)|VARIABLE_ASSIGNMENT|[1055]|userLicenseId|"Salesforce"
13:46:43.0 (20310554)|VARIABLE_SCOPE_BEGIN|[1055]|createdDate|String|false|false
13:46:43.0 (20313287)|VARIABLE_ASSIGNMENT|[1055]|createdDate|"2016-05-03 17:43:23"
13:46:43.0 (20316244)|STATEMENT_EXECUTE|[1038]
13:46:43.0 (20317907)|STATEMENT_EXECUTE|[1041]
13:46:43.0 (20319457)|STATEMENT_EXECUTE|[1043]
13:46:43.0 (20320489)|STATEMENT_EXECUTE|[1045]
13:46:43.0 (20321544)|STATEMENT_EXECUTE|[1047]
13:46:43.0 (20322589)|STATEMENT_EXECUTE|[1049]
13:46:43.0 (20323604)|STATEMENT_EXECUTE|[1051]
13:46:43.0 (20324616)|STATEMENT_EXECUTE|[1053]
13:46:43.0 (20335712)|STATEMENT_EXECUTE|[1056]
13:46:43.0 (20337222)|STATEMENT_EXECUTE|[1057]
13:46:43.0 (20357248)|VARIABLE_ASSIGNMENT|[EXTERNAL]|this|{}|0x6d8ee070
13:46:43.0 (20362583)|VARIABLE_ASSIGNMENT|[EXTERNAL]|value|"Final_Test_1"
13:46:43.0 (20369504)|VARIABLE_ASSIGNMENT|[1041]|this.label|"Final_Test_1"|0x6d8ee070
13:46:43.0 (20375727)|STATEMENT_EXECUTE|[1058]
13:46:43.0 (20395571)|VARIABLE_ASSIGNMENT|[EXTERNAL]|this|{"label":"Final_Test_1"}|0x6d8ee070
13:46:43.0 (20400131)|VARIABLE_ASSIGNMENT|[EXTERNAL]|value|"Final_Test_1"
13:46:43.0 (20406285)|VARIABLE_ASSIGNMENT|[1043]|this.apiName|"Final_Test_1"|0x6d8ee070
13:46:43.0 (20411896)|STATEMENT_EXECUTE|[1059]
13:46:43.0 (20431706)|VARIABLE_ASSIGNMENT|[EXTERNAL]|this|{"apiName":"Final_Test_1","label":"Final_Test_1"}|0x6d8ee070
13:46:43.0 (20436755)|VARIABLE_ASSIGNMENT|[EXTERNAL]|value|"0PS360000017LExGAM"
13:46:43.0 (20443094)|VARIABLE_ASSIGNMENT|[1045]|this.id|"0PS360000017LExGAM"|0x6d8ee070
13:46:43.0 (20448610)|STATEMENT_EXECUTE|[1060]
13:46:43.0 (20468337)|VARIABLE_ASSIGNMENT|[EXTERNAL]|this|{"apiName":"Final_Test_1","id":"0PS360000017LExGAM","label":"Final_Test_1"}|0x6d8ee070
13:46:43.0 (20473128)|VARIABLE_ASSIGNMENT|[EXTERNAL]|value|"Descp"
13:46:43.0 (20479231)|VARIABLE_ASSIGNMENT|[1047]|this.description|"Descp"|0x6d8ee070
13:46:43.0 (20484977)|STATEMENT_EXECUTE|[1061]
13:46:43.0 (20505093)|VARIABLE_ASSIGNMENT|[EXTERNAL]|this|{"apiName":"Final_Test_1","description":"Descp","id":"0PS360000017LExGAM","label":"Final_Test_1"}|0x6d8ee070
13:46:43.0 (20509995)|VARIABLE_ASSIGNMENT|[EXTERNAL]|value|"shiva15testns"
13:46:43.0 (20516149)|VARIABLE_ASSIGNMENT|[1049]|this.namespacePrefix|"shiva15testns"|0x6d8ee070
13:46:43.0 (20522144)|STATEMENT_EXECUTE|[1062]
13:46:43.0 (20542738)|VARIABLE_ASSIGNMENT|[EXTERNAL]|this|{"apiName":"Final_Test_1","description":"Descp","id":"0PS360000017LExGAM","label":"Final_Test_1","namespacePrefix":"shiva15testns"}|0x6d8ee070
13:46:43.0 (20547704)|VARIABLE_ASSIGNMENT|[EXTERNAL]|value|"Salesforce"
13:46:43.0 (20553793)|VARIABLE_ASSIGNMENT|[1051]|this.userLicenseId|"Salesforce"|0x6d8ee070
13:46:43.0 (20559569)|STATEMENT_EXECUTE|[1063]
13:46:43.0 (20581089)|VARIABLE_ASSIGNMENT|[EXTERNAL]|this|{"apiName":"Final_Test_1","description":"Descp","id":"0PS360000017LExGAM","label":"Final_Test_1","namespacePrefix":"shiva15testns","userLicenseId":"Salesforce"}|0x6d8ee070
13:46:43.0 (20586475)|VARIABLE_ASSIGNMENT|[EXTERNAL]|value|"2016-05-03 17:43:23"
13:46:43.0 (20592735)|VARIABLE_ASSIGNMENT|[1053]|this.createdDate|"2016-05-03 17:43:23"|0x6d8ee070
13:46:43.0 (20604854)|CONSTRUCTOR_EXIT|[165]|01p36000005Jpvx|<init>(String,String,String,String,String,String,String)
13:46:43.0 (20625657)|VARIABLE_ASSIGNMENT|[165]|pSetObj|{"apiName":"Final_Test_1","createdDate":"2016-05-03 17:43:23","description":"Descp","id":"0PS360000017LExGAM","label":"Final_Test_1","namespacePrefix":"shiva15testns","userLicenseId":"Salesforce"}|0x6d8ee070
13:46:43.0 (20629843)|STATEMENT_EXECUTE|[167]
13:46:43.0 (20640229)|ENTERING_MANAGED_PKG|
13:46:43.0 (20644691)|HEAP_ALLOCATE|[EXTERNAL]|Bytes:4
13:46:43.0 (20650082)|STATEMENT_EXECUTE|[168]
13:46:43.0 (20663299)|ENTERING_MANAGED_PKG|
13:46:43.0 (20707647)|HEAP_ALLOCATE|[168]|Bytes:193
13:46:43.0 (20722673)|HEAP_ALLOCATE|[168]|Bytes:217
13:46:43.0 (20734317)|ENTERING_MANAGED_PKG|
13:46:43.0 (20740872)|USER_DEBUG|[168]|ERROR|The PermissionSet Name: PermissionSet:{Id=0PS360000017LExGAM, Label=Final_Test_1, Name=Final_Test_1, Description=Descp, NamespacePrefix=shiva15testns, UserLicenseId=10036000000eSpyAAE, CreatedDate=2016-05-04 00:43:23}
13:46:43.0 (20755987)|HEAP_ALLOCATE|[162]|Bytes:5
13:46:43.0 (20777185)|HEAP_ALLOCATE|[162]|Bytes:28
13:46:43.0 (20785952)|VARIABLE_SCOPE_BEGIN|[162]|PSetName|PermissionSet|true|false
13:46:43.0 (20813270)|VARIABLE_ASSIGNMENT|[162]|PSetName|{"s":1,"v":{"Id":"0PS360000017LF2GAM","Label":"Final_Test_2","Name":"Final_Test_2","NamespacePrefix":"shiva15testns","UserLicenseId":"10036000000eSpyAAE","CreatedDate":"2016-05-04T00:44:15.000Z"}}|0x161044bb
13:46:43.0 (20818449)|STATEMENT_EXECUTE|[162]
13:46:43.0 (20840122)|ENTERING_MANAGED_PKG|
13:46:43.0 (20850423)|STATEMENT_EXECUTE|[163]
13:46:43.0 (20852170)|STATEMENT_EXECUTE|[164]
13:46:43.0 (20856832)|HEAP_ALLOCATE|[164]|Bytes:4
13:46:43.0 (21002803)|SOQL_EXECUTE_BEGIN|[164]|Aggregations:0|SELECT Id, Name FROM UserLicense WHERE Id = :tmpVar1
13:46:43.0 (22474929)|SOQL_EXECUTE_END|[164]|Rows:1
13:46:43.0 (22486361)|HEAP_ALLOCATE|[164]|Bytes:8
13:46:43.0 (22495518)|HEAP_ALLOCATE|[164]|Bytes:47
13:46:43.0 (22509064)|HEAP_ALLOCATE|[164]|Bytes:8
13:46:43.0 (22537264)|HEAP_ALLOCATE|[164]|Bytes:12
13:46:43.0 (22545653)|VARIABLE_SCOPE_BEGIN|[164]|ulicense|UserLicense|true|false
13:46:43.0 (22565951)|VARIABLE_ASSIGNMENT|[164]|ulicense|{"s":1,"v":{"Id":"10036000000eSpyAAE","Name":"Salesforce"}}|0x64f67c97
13:46:43.0 (22569791)|STATEMENT_EXECUTE|[165]
13:46:43.0 (22575313)|HEAP_ALLOCATE|[165]|Bytes:32
13:46:43.0 (22600109)|ENTERING_MANAGED_PKG|
13:46:43.0 (22604827)|HEAP_ALLOCATE|[165]|Bytes:18
13:46:43.0 (22631995)|ENTERING_MANAGED_PKG|
13:46:43.0 (22646964)|HEAP_ALLOCATE|[165]|Bytes:19
13:46:43.0 (22666099)|CONSTRUCTOR_ENTRY|[165]|01p36000005Jpvx|<init>(String,String,String,String,String,String,String)
13:46:43.0 (22672004)|VARIABLE_SCOPE_BEGIN|[1055]|this|shiva15testns.PermissionSetPortalControllers.PermissionSetClass|true|false
13:46:43.0 (22692455)|VARIABLE_ASSIGNMENT|[1055]|this|{}|0x630224f5
13:46:43.0 (22695565)|VARIABLE_SCOPE_BEGIN|[1055]|label|String|false|false
13:46:43.0 (22699788)|VARIABLE_ASSIGNMENT|[1055]|label|"Final_Test_2"
13:46:43.0 (22701538)|VARIABLE_SCOPE_BEGIN|[1055]|apiName|String|false|false
13:46:43.0 (22704042)|VARIABLE_ASSIGNMENT|[1055]|apiName|"Final_Test_2"
13:46:43.0 (22705598)|VARIABLE_SCOPE_BEGIN|[1055]|id|String|false|false
13:46:43.0 (22708379)|VARIABLE_ASSIGNMENT|[1055]|id|"0PS360000017LF2GAM"
13:46:43.0 (22709974)|VARIABLE_SCOPE_BEGIN|[1055]|description|String|false|false
13:46:43.0 (22712539)|VARIABLE_ASSIGNMENT|[1055]|description|null
13:46:43.0 (22714046)|VARIABLE_SCOPE_BEGIN|[1055]|namespacePrefix|String|false|false
13:46:43.0 (22716891)|VARIABLE_ASSIGNMENT|[1055]|namespacePrefix|"shiva15testns"
13:46:43.0 (22718734)|VARIABLE_SCOPE_BEGIN|[1055]|userLicenseId|String|false|false
13:46:43.0 (22721354)|VARIABLE_ASSIGNMENT|[1055]|userLicenseId|"Salesforce"
13:46:43.0 (22722933)|VARIABLE_SCOPE_BEGIN|[1055]|createdDate|String|false|false
13:46:43.0 (22725729)|VARIABLE_ASSIGNMENT|[1055]|createdDate|"2016-05-03 17:44:15"
13:46:43.0 (22728589)|STATEMENT_EXECUTE|[1038]
13:46:43.0 (22729937)|STATEMENT_EXECUTE|[1041]
13:46:43.0 (22731310)|STATEMENT_EXECUTE|[1043]
13:46:43.0 (22732368)|STATEMENT_EXECUTE|[1045]
13:46:43.0 (22733362)|STATEMENT_EXECUTE|[1047]
13:46:43.0 (22734359)|STATEMENT_EXECUTE|[1049]
13:46:43.0 (22735353)|STATEMENT_EXECUTE|[1051]
13:46:43.0 (22736371)|STATEMENT_EXECUTE|[1053]
13:46:43.0 (22747362)|STATEMENT_EXECUTE|[1056]
13:46:43.0 (22748923)|STATEMENT_EXECUTE|[1057]
13:46:43.0 (22768233)|VARIABLE_ASSIGNMENT|[EXTERNAL]|this|{}|0x630224f5
13:46:43.0 (22773418)|VARIABLE_ASSIGNMENT|[EXTERNAL]|value|"Final_Test_2"
13:46:43.0 (22780316)|VARIABLE_ASSIGNMENT|[1041]|this.label|"Final_Test_2"|0x630224f5
13:46:43.0 (22786573)|STATEMENT_EXECUTE|[1058]
13:46:43.0 (22806093)|VARIABLE_ASSIGNMENT|[EXTERNAL]|this|{"label":"Final_Test_2"}|0x630224f5
13:46:43.0 (22810703)|VARIABLE_ASSIGNMENT|[EXTERNAL]|value|"Final_Test_2"
13:46:43.0 (22816839)|VARIABLE_ASSIGNMENT|[1043]|this.apiName|"Final_Test_2"|0x630224f5
13:46:43.0 (22822242)|STATEMENT_EXECUTE|[1059]
13:46:43.0 (22841569)|VARIABLE_ASSIGNMENT|[EXTERNAL]|this|{"apiName":"Final_Test_2","label":"Final_Test_2"}|0x630224f5
13:46:43.0 (22846282)|VARIABLE_ASSIGNMENT|[EXTERNAL]|value|"0PS360000017LF2GAM"
13:46:43.0 (22852498)|VARIABLE_ASSIGNMENT|[1045]|this.id|"0PS360000017LF2GAM"|0x630224f5
13:46:43.0 (22857898)|STATEMENT_EXECUTE|[1060]
13:46:43.0 (22877924)|VARIABLE_ASSIGNMENT|[EXTERNAL]|this|{"apiName":"Final_Test_2","id":"0PS360000017LF2GAM","label":"Final_Test_2"}|0x630224f5
13:46:43.0 (22882720)|VARIABLE_ASSIGNMENT|[EXTERNAL]|value|null
13:46:43.0 (22888533)|VARIABLE_ASSIGNMENT|[1047]|this.description|null|0x630224f5
13:46:43.0 (22894019)|STATEMENT_EXECUTE|[1061]
13:46:43.0 (22914335)|VARIABLE_ASSIGNMENT|[EXTERNAL]|this|{"apiName":"Final_Test_2","id":"0PS360000017LF2GAM","label":"Final_Test_2"}|0x630224f5
13:46:43.0 (22919215)|VARIABLE_ASSIGNMENT|[EXTERNAL]|value|"shiva15testns"
13:46:43.0 (22925515)|VARIABLE_ASSIGNMENT|[1049]|this.namespacePrefix|"shiva15testns"|0x630224f5
13:46:43.0 (22930962)|STATEMENT_EXECUTE|[1062]
13:46:43.0 (22951170)|VARIABLE_ASSIGNMENT|[EXTERNAL]|this|{"apiName":"Final_Test_2","id":"0PS360000017LF2GAM","label":"Final_Test_2","namespacePrefix":"shiva15testns"}|0x630224f5
13:46:43.0 (22956337)|VARIABLE_ASSIGNMENT|[EXTERNAL]|value|"Salesforce"
13:46:43.0 (22962261)|VARIABLE_ASSIGNMENT|[1051]|this.userLicenseId|"Salesforce"|0x630224f5
13:46:43.0 (22967620)|STATEMENT_EXECUTE|[1063]
13:46:43.0 (22988052)|VARIABLE_ASSIGNMENT|[EXTERNAL]|this|{"apiName":"Final_Test_2","id":"0PS360000017LF2GAM","label":"Final_Test_2","namespacePrefix":"shiva15testns","userLicenseId":"Salesforce"}|0x630224f5
13:46:43.0 (22993383)|VARIABLE_ASSIGNMENT|[EXTERNAL]|value|"2016-05-03 17:44:15"
13:46:43.0 (23004981)|VARIABLE_ASSIGNMENT|[1053]|this.createdDate|"2016-05-03 17:44:15"|0x630224f5
13:46:43.0 (23018748)|CONSTRUCTOR_EXIT|[165]|01p36000005Jpvx|<init>(String,String,String,String,String,String,String)
13:46:43.0 (23039819)|VARIABLE_ASSIGNMENT|[165]|pSetObj|{"apiName":"Final_Test_2","createdDate":"2016-05-03 17:44:15","id":"0PS360000017LF2GAM","label":"Final_Test_2","namespacePrefix":"shiva15testns","userLicenseId":"Salesforce"}|0x630224f5
13:46:43.0 (23043811)|STATEMENT_EXECUTE|[167]
13:46:43.0 (23054529)|ENTERING_MANAGED_PKG|
13:46:43.0 (23059335)|HEAP_ALLOCATE|[EXTERNAL]|Bytes:4
13:46:43.0 (23064877)|STATEMENT_EXECUTE|[168]
13:46:43.0 (23078088)|ENTERING_MANAGED_PKG|
13:46:43.0 (23119797)|HEAP_ALLOCATE|[168]|Bytes:174
13:46:43.0 (23134585)|HEAP_ALLOCATE|[168]|Bytes:198
13:46:43.0 (23146166)|ENTERING_MANAGED_PKG|
13:46:43.0 (23152949)|USER_DEBUG|[168]|ERROR|The PermissionSet Name: PermissionSet:{Id=0PS360000017LF2GAM, Label=Final_Test_2, Name=Final_Test_2, NamespacePrefix=shiva15testns, UserLicenseId=10036000000eSpyAAE, CreatedDate=2016-05-04 00:44:15}
13:46:43.0 (23168403)|HEAP_ALLOCATE|[162]|Bytes:5
13:46:43.0 (23190655)|HEAP_ALLOCATE|[162]|Bytes:28
13:46:43.0 (23199422)|VARIABLE_SCOPE_BEGIN|[162]|PSetName|PermissionSet|true|false
13:46:43.0 (23223526)|VARIABLE_ASSIGNMENT|[162]|PSetName|{"s":1,"v":{"Id":"0PS360000017LFMGA2","Label":"Final_Test_3","Name":"Final_Test_3","NamespacePrefix":"shiva15testns","UserLicenseId":"10036000000eSpyAAE","CreatedDate":"2016-05-04T00:45:07.000Z"}}|0x4f515382
13:46:43.0 (23228056)|STATEMENT_EXECUTE|[162]
13:46:43.0 (23249951)|ENTERING_MANAGED_PKG|
13:46:43.0 (23260053)|STATEMENT_EXECUTE|[163]
13:46:43.0 (23261775)|STATEMENT_EXECUTE|[164]
13:46:43.0 (23266555)|HEAP_ALLOCATE|[164]|Bytes:4
13:46:43.0 (23409263)|SOQL_EXECUTE_BEGIN|[164]|Aggregations:0|SELECT Id, Name FROM UserLicense WHERE Id = :tmpVar1
13:46:43.0 (24909033)|SOQL_EXECUTE_END|[164]|Rows:1
13:46:43.0 (24920103)|HEAP_ALLOCATE|[164]|Bytes:8
13:46:43.0 (24929148)|HEAP_ALLOCATE|[164]|Bytes:47
13:46:43.0 (24942771)|HEAP_ALLOCATE|[164]|Bytes:8
13:46:43.0 (24971216)|HEAP_ALLOCATE|[164]|Bytes:12
13:46:43.0 (24979306)|VARIABLE_SCOPE_BEGIN|[164]|ulicense|UserLicense|true|false
13:46:43.0 (25000053)|VARIABLE_ASSIGNMENT|[164]|ulicense|{"s":1,"v":{"Id":"10036000000eSpyAAE","Name":"Salesforce"}}|0x5229a2b6
13:46:43.0 (25005396)|STATEMENT_EXECUTE|[165]
13:46:43.0 (25010854)|HEAP_ALLOCATE|[165]|Bytes:32
13:46:43.0 (25035745)|ENTERING_MANAGED_PKG|
13:46:43.0 (25040556)|HEAP_ALLOCATE|[165]|Bytes:18
13:46:43.0 (25067318)|ENTERING_MANAGED_PKG|
13:46:43.0 (25081356)|HEAP_ALLOCATE|[165]|Bytes:19
13:46:43.0 (25100570)|CONSTRUCTOR_ENTRY|[165]|01p36000005Jpvx|<init>(String,String,String,String,String,String,String)
13:46:43.0 (25106195)|VARIABLE_SCOPE_BEGIN|[1055]|this|shiva15testns.PermissionSetPortalControllers.PermissionSetClass|true|false
13:46:43.0 (25126675)|VARIABLE_ASSIGNMENT|[1055]|this|{}|0x32ac0469
13:46:43.0 (25129863)|VARIABLE_SCOPE_BEGIN|[1055]|label|String|false|false
13:46:43.0 (25134342)|VARIABLE_ASSIGNMENT|[1055]|label|"Final_Test_3"
13:46:43.0 (25135957)|VARIABLE_SCOPE_BEGIN|[1055]|apiName|String|false|false
13:46:43.0 (25138531)|VARIABLE_ASSIGNMENT|[1055]|apiName|"Final_Test_3"
13:46:43.0 (25140116)|VARIABLE_SCOPE_BEGIN|[1055]|id|String|false|false
13:46:43.0 (25142882)|VARIABLE_ASSIGNMENT|[1055]|id|"0PS360000017LFMGA2"
13:46:43.0 (25144428)|VARIABLE_SCOPE_BEGIN|[1055]|description|String|false|false
13:46:43.0 (25147178)|VARIABLE_ASSIGNMENT|[1055]|description|null
13:46:43.0 (25148681)|VARIABLE_SCOPE_BEGIN|[1055]|namespacePrefix|String|false|false
13:46:43.0 (25151337)|VARIABLE_ASSIGNMENT|[1055]|namespacePrefix|"shiva15testns"
13:46:43.0 (25152804)|VARIABLE_SCOPE_BEGIN|[1055]|userLicenseId|String|false|false
13:46:43.0 (25155467)|VARIABLE_ASSIGNMENT|[1055]|userLicenseId|"Salesforce"
13:46:43.0 (25156981)|VARIABLE_SCOPE_BEGIN|[1055]|createdDate|String|false|false
13:46:43.0 (25159678)|VARIABLE_ASSIGNMENT|[1055]|createdDate|"2016-05-03 17:45:07"
13:46:43.0 (25162600)|STATEMENT_EXECUTE|[1038]
13:46:43.0 (25163981)|STATEMENT_EXECUTE|[1041]
13:46:43.0 (25165299)|STATEMENT_EXECUTE|[1043]
13:46:43.0 (25166404)|STATEMENT_EXECUTE|[1045]
13:46:43.0 (25167430)|STATEMENT_EXECUTE|[1047]
13:46:43.0 (25168466)|STATEMENT_EXECUTE|[1049]
13:46:43.0 (25169433)|STATEMENT_EXECUTE|[1051]
13:46:43.0 (25170438)|STATEMENT_EXECUTE|[1053]
13:46:43.0 (25181443)|STATEMENT_EXECUTE|[1056]
13:46:43.0 (25182921)|STATEMENT_EXECUTE|[1057]
13:46:43.0 (25202702)|VARIABLE_ASSIGNMENT|[EXTERNAL]|this|{}|0x32ac0469
13:46:43.0 (25207952)|VARIABLE_ASSIGNMENT|[EXTERNAL]|value|"Final_Test_3"
13:46:43.0 (25214709)|VARIABLE_ASSIGNMENT|[1041]|this.label|"Final_Test_3"|0x32ac0469
13:46:43.0 (25220708)|STATEMENT_EXECUTE|[1058]
13:46:43.0 (25239964)|VARIABLE_ASSIGNMENT|[EXTERNAL]|this|{"label":"Final_Test_3"}|0x32ac0469
13:46:43.0 (25244567)|VARIABLE_ASSIGNMENT|[EXTERNAL]|value|"Final_Test_3"
13:46:43.0 (25250846)|VARIABLE_ASSIGNMENT|[1043]|this.apiName|"Final_Test_3"|0x32ac0469
13:46:43.0 (25256356)|STATEMENT_EXECUTE|[1059]
13:46:43.0 (25275864)|VARIABLE_ASSIGNMENT|[EXTERNAL]|this|{"apiName":"Final_Test_3","label":"Final_Test_3"}|0x32ac0469
13:46:43.0 (25280676)|VARIABLE_ASSIGNMENT|[EXTERNAL]|value|"0PS360000017LFMGA2"
13:46:43.0 (25286887)|VARIABLE_ASSIGNMENT|[1045]|this.id|"0PS360000017LFMGA2"|0x32ac0469
13:46:43.0 (25292403)|STATEMENT_EXECUTE|[1060]
13:46:43.0 (25312218)|VARIABLE_ASSIGNMENT|[EXTERNAL]|this|{"apiName":"Final_Test_3","id":"0PS360000017LFMGA2","label":"Final_Test_3"}|0x32ac0469
13:46:43.0 (25317496)|VARIABLE_ASSIGNMENT|[EXTERNAL]|value|null
13:46:43.0 (25323315)|VARIABLE_ASSIGNMENT|[1047]|this.description|null|0x32ac0469
13:46:43.0 (25328904)|STATEMENT_EXECUTE|[1061]
13:46:43.0 (25348474)|VARIABLE_ASSIGNMENT|[EXTERNAL]|this|{"apiName":"Final_Test_3","id":"0PS360000017LFMGA2","label":"Final_Test_3"}|0x32ac0469
13:46:43.0 (25353350)|VARIABLE_ASSIGNMENT|[EXTERNAL]|value|"shiva15testns"
13:46:43.0 (25359447)|VARIABLE_ASSIGNMENT|[1049]|this.namespacePrefix|"shiva15testns"|0x32ac0469
13:46:43.0 (25365038)|STATEMENT_EXECUTE|[1062]
13:46:43.0 (25385194)|VARIABLE_ASSIGNMENT|[EXTERNAL]|this|{"apiName":"Final_Test_3","id":"0PS360000017LFMGA2","label":"Final_Test_3","namespacePrefix":"shiva15testns"}|0x32ac0469
13:46:43.0 (25390089)|VARIABLE_ASSIGNMENT|[EXTERNAL]|value|"Salesforce"
13:46:43.0 (25396086)|VARIABLE_ASSIGNMENT|[1051]|this.userLicenseId|"Salesforce"|0x32ac0469
13:46:43.0 (25401443)|STATEMENT_EXECUTE|[1063]
13:46:43.0 (25422270)|VARIABLE_ASSIGNMENT|[EXTERNAL]|this|{"apiName":"Final_Test_3","id":"0PS360000017LFMGA2","label":"Final_Test_3","namespacePrefix":"shiva15testns","userLicenseId":"Salesforce"}|0x32ac0469
13:46:43.0 (25427983)|VARIABLE_ASSIGNMENT|[EXTERNAL]|value|"2016-05-03 17:45:07"
13:46:43.0 (25434170)|VARIABLE_ASSIGNMENT|[1053]|this.createdDate|"2016-05-03 17:45:07"|0x32ac0469
13:46:43.0 (25446476)|CONSTRUCTOR_EXIT|[165]|01p36000005Jpvx|<init>(String,String,String,String,String,String,String)
13:46:43.0 (25467066)|VARIABLE_ASSIGNMENT|[165]|pSetObj|{"apiName":"Final_Test_3","createdDate":"2016-05-03 17:45:07","id":"0PS360000017LFMGA2","label":"Final_Test_3","namespacePrefix":"shiva15testns","userLicenseId":"Salesforce"}|0x32ac0469
13:46:43.0 (25470882)|STATEMENT_EXECUTE|[167]
13:46:43.0 (25481467)|ENTERING_MANAGED_PKG|
13:46:43.0 (25486144)|HEAP_ALLOCATE|[EXTERNAL]|Bytes:4
13:46:43.0 (25491706)|STATEMENT_EXECUTE|[168]
13:46:43.0 (25505085)|ENTERING_MANAGED_PKG|
13:46:43.0 (25546518)|HEAP_ALLOCATE|[168]|Bytes:174
13:46:43.0 (25561454)|HEAP_ALLOCATE|[168]|Bytes:198
13:46:43.0 (25573212)|ENTERING_MANAGED_PKG|
13:46:43.0 (25579911)|USER_DEBUG|[168]|ERROR|The PermissionSet Name: PermissionSet:{Id=0PS360000017LFMGA2, Label=Final_Test_3, Name=Final_Test_3, NamespacePrefix=shiva15testns, UserLicenseId=10036000000eSpyAAE, CreatedDate=2016-05-04 00:45:07}
13:46:43.0 (25595603)|HEAP_ALLOCATE|[162]|Bytes:5
13:46:43.0 (25617651)|HEAP_ALLOCATE|[162]|Bytes:32
13:46:43.0 (25626452)|VARIABLE_SCOPE_BEGIN|[162]|PSetName|PermissionSet|true|false
13:46:43.0 (25653896)|VARIABLE_ASSIGNMENT|[162]|PSetName|{"s":1,"v":{"Id":"0PS360000017j41GAA","Label":"Permission_Set_Creat (13 more) ...","Name":"Permission_Set_Creat (13 more) ...","Description":"Permission Set Creat (23 more) ...","NamespacePrefix":"shiva15testns","UserLicenseId":"10036000000eSpyAAE","CreatedDate":"2016-05-04T19:46:39.000Z"}}|0x3359405a
13:46:43.0 (25658815)|STATEMENT_EXECUTE|[162]
13:46:43.0 (25680455)|ENTERING_MANAGED_PKG|
13:46:43.0 (25690939)|STATEMENT_EXECUTE|[163]
13:46:43.0 (25692508)|STATEMENT_EXECUTE|[164]
13:46:43.0 (25697140)|HEAP_ALLOCATE|[164]|Bytes:4
13:46:43.0 (25840438)|SOQL_EXECUTE_BEGIN|[164]|Aggregations:0|SELECT Id, Name FROM UserLicense WHERE Id = :tmpVar1
13:46:43.0 (27137599)|SOQL_EXECUTE_END|[164]|Rows:1
13:46:43.0 (27148765)|HEAP_ALLOCATE|[164]|Bytes:8
13:46:43.0 (27158251)|HEAP_ALLOCATE|[164]|Bytes:47
13:46:43.0 (27172004)|HEAP_ALLOCATE|[164]|Bytes:8
13:46:43.0 (27200359)|HEAP_ALLOCATE|[164]|Bytes:12
13:46:43.0 (27208556)|VARIABLE_SCOPE_BEGIN|[164]|ulicense|UserLicense|true|false
13:46:43.0 (27225690)|VARIABLE_ASSIGNMENT|[164]|ulicense|{"s":1,"v":{"Id":"10036000000eSpyAAE","Name":"Salesforce"}}|0x37084761
13:46:43.0 (27229607)|STATEMENT_EXECUTE|[165]
13:46:43.0 (27234931)|HEAP_ALLOCATE|[165]|Bytes:32
13:46:43.0 (27259635)|ENTERING_MANAGED_PKG|
13:46:43.0 (27264317)|HEAP_ALLOCATE|[165]|Bytes:18
13:46:43.0 (27290923)|ENTERING_MANAGED_PKG|
13:46:43.0 (27304843)|HEAP_ALLOCATE|[165]|Bytes:19
13:46:43.0 (27323837)|CONSTRUCTOR_ENTRY|[165]|01p36000005Jpvx|<init>(String,String,String,String,String,String,String)
13:46:43.0 (27329678)|VARIABLE_SCOPE_BEGIN|[1055]|this|shiva15testns.PermissionSetPortalControllers.PermissionSetClass|true|false
13:46:43.0 (27349917)|VARIABLE_ASSIGNMENT|[1055]|this|{}|0x396c23ae
13:46:43.0 (27352992)|VARIABLE_SCOPE_BEGIN|[1055]|label|String|false|false
13:46:43.0 (27358721)|VARIABLE_ASSIGNMENT|[1055]|label|"Permission_Set_Creat (13 more) ..."
13:46:43.0 (27360791)|VARIABLE_SCOPE_BEGIN|[1055]|apiName|String|false|false
13:46:43.0 (27364180)|VARIABLE_ASSIGNMENT|[1055]|apiName|"Permission_Set_Creat (13 more) ..."
13:46:43.0 (27365842)|VARIABLE_SCOPE_BEGIN|[1055]|id|String|false|false
13:46:43.0 (27368754)|VARIABLE_ASSIGNMENT|[1055]|id|"0PS360000017j41GAA"
13:46:43.0 (27370196)|VARIABLE_SCOPE_BEGIN|[1055]|description|String|false|false
13:46:43.0 (27373544)|VARIABLE_ASSIGNMENT|[1055]|description|"Permission Set Creat (23 more) ..."
13:46:43.0 (27375195)|VARIABLE_SCOPE_BEGIN|[1055]|namespacePrefix|String|false|false
13:46:43.0 (27377795)|VARIABLE_ASSIGNMENT|[1055]|namespacePrefix|"shiva15testns"
13:46:43.0 (27379252)|VARIABLE_SCOPE_BEGIN|[1055]|userLicenseId|String|false|false
13:46:43.0 (27381683)|VARIABLE_ASSIGNMENT|[1055]|userLicenseId|"Salesforce"
13:46:43.0 (27383183)|VARIABLE_SCOPE_BEGIN|[1055]|createdDate|String|false|false
13:46:43.0 (27385809)|VARIABLE_ASSIGNMENT|[1055]|createdDate|"2016-05-04 12:46:39"
13:46:43.0 (27388686)|STATEMENT_EXECUTE|[1038]
13:46:43.0 (27390303)|STATEMENT_EXECUTE|[1041]
13:46:43.0 (27391736)|STATEMENT_EXECUTE|[1043]
13:46:43.0 (27392798)|STATEMENT_EXECUTE|[1045]
13:46:43.0 (27393812)|STATEMENT_EXECUTE|[1047]
13:46:43.0 (27394850)|STATEMENT_EXECUTE|[1049]
13:46:43.0 (27395838)|STATEMENT_EXECUTE|[1051]
13:46:43.0 (27396875)|STATEMENT_EXECUTE|[1053]
13:46:43.0 (27408046)|STATEMENT_EXECUTE|[1056]
13:46:43.0 (27409554)|STATEMENT_EXECUTE|[1057]
13:46:43.0 (27429261)|VARIABLE_ASSIGNMENT|[EXTERNAL]|this|{}|0x396c23ae
13:46:43.0 (27435600)|VARIABLE_ASSIGNMENT|[EXTERNAL]|value|"Permission_Set_Creat (13 more) ..."
13:46:43.0 (27443317)|VARIABLE_ASSIGNMENT|[1041]|this.label|"Permission_Set_Creat (13 more) ..."|0x396c23ae
13:46:43.0 (27449362)|STATEMENT_EXECUTE|[1058]
13:46:43.0 (27469801)|VARIABLE_ASSIGNMENT|[EXTERNAL]|this|{"label":"Permission_Set_Creat (13 more) ..."}|0x396c23ae
13:46:43.0 (27475170)|VARIABLE_ASSIGNMENT|[EXTERNAL]|value|"Permission_Set_Creat (13 more) ..."
13:46:43.0 (27482000)|VARIABLE_ASSIGNMENT|[1043]|this.apiName|"Permission_Set_Creat (13 more) ..."|0x396c23ae
13:46:43.0 (27487833)|STATEMENT_EXECUTE|[1059]
13:46:43.0 (27508347)|VARIABLE_ASSIGNMENT|[EXTERNAL]|this|{"apiName":"Permission_Set_Creat (13 more) ...","label":"Permission_Set_Creat (13 more) ..."}|0x396c23ae
13:46:43.0 (27513384)|VARIABLE_ASSIGNMENT|[EXTERNAL]|value|"0PS360000017j41GAA"
13:46:43.0 (27519617)|VARIABLE_ASSIGNMENT|[1045]|this.id|"0PS360000017j41GAA"|0x396c23ae
13:46:43.0 (27525167)|STATEMENT_EXECUTE|[1060]
13:46:43.0 (27546259)|VARIABLE_ASSIGNMENT|[EXTERNAL]|this|{"apiName":"Permission_Set_Creat (13 more) ...","id":"0PS360000017j41GAA","label":"Permission_Set_Creat (13 more) ..."}|0x396c23ae
13:46:43.0 (27551906)|VARIABLE_ASSIGNMENT|[EXTERNAL]|value|"Permission Set Creat (23 more) ..."
13:46:43.0 (27558756)|VARIABLE_ASSIGNMENT|[1047]|this.description|"Permission Set Creat (23 more) ..."|0x396c23ae
13:46:43.0 (27564356)|STATEMENT_EXECUTE|[1061]
13:46:43.0 (27586362)|VARIABLE_ASSIGNMENT|[EXTERNAL]|this|{"apiName":"Permission_Set_Creat (13 more) ...","description":"Permission Set Creat (23 more) ...","id":"0PS360000017j41GAA","label":"Permission_Set_Creat (13 more) ..."}|0x396c23ae
13:46:43.0 (27591836)|VARIABLE_ASSIGNMENT|[EXTERNAL]|value|"shiva15testns"
13:46:43.0 (27598137)|VARIABLE_ASSIGNMENT|[1049]|this.namespacePrefix|"shiva15testns"|0x396c23ae
13:46:43.0 (27603696)|STATEMENT_EXECUTE|[1062]
13:46:43.0 (27625917)|VARIABLE_ASSIGNMENT|[EXTERNAL]|this|{"apiName":"Permission_Set_Creat (13 more) ...","description":"Permission Set Creat (23 more) ...","id":"0PS360000017j41GAA","label":"Permission_Set_Creat (13 more) ...","namespacePrefix":"shiva15testns"}|0x396c23ae
13:46:43.0 (27631438)|VARIABLE_ASSIGNMENT|[EXTERNAL]|value|"Salesforce"
13:46:43.0 (27637620)|VARIABLE_ASSIGNMENT|[1051]|this.userLicenseId|"Salesforce"|0x396c23ae
13:46:43.0 (27643125)|STATEMENT_EXECUTE|[1063]
13:46:43.0 (27666247)|VARIABLE_ASSIGNMENT|[EXTERNAL]|this|{"apiName":"Permission_Set_Creat (13 more) ...","description":"Permission Set Creat (23 more) ...","id":"0PS360000017j41GAA","label":"Permission_Set_Creat (13 more) ...","namespacePrefix":"shiva15testns","userLicenseId":"Salesforce"}|0x396c23ae
13:46:43.0 (27672123)|VARIABLE_ASSIGNMENT|[EXTERNAL]|value|"2016-05-04 12:46:39"
13:46:43.0 (27678608)|VARIABLE_ASSIGNMENT|[1053]|this.createdDate|"2016-05-04 12:46:39"|0x396c23ae
13:46:43.0 (27690753)|CONSTRUCTOR_EXIT|[165]|01p36000005Jpvx|<init>(String,String,String,String,String,String,String)
13:46:43.0 (27713966)|VARIABLE_ASSIGNMENT|[165]|pSetObj|{"apiName":"Permission_Set_Creat (13 more) ...","createdDate":"2016-05-04 12:46:39","description":"Permission Set Creat (23 more) ...","id":"0PS360000017j41GAA","label":"Permission_Set_Creat (13 more) ...","namespacePrefix":"shiva15testns","userLicenseId":"Salesforce"}|0x396c23ae
13:46:43.0 (27718160)|STATEMENT_EXECUTE|[167]
13:46:43.0 (27728647)|ENTERING_MANAGED_PKG|
13:46:43.0 (27733335)|HEAP_ALLOCATE|[EXTERNAL]|Bytes:4
13:46:43.0 (27738920)|STATEMENT_EXECUTE|[168]
13:46:43.0 (27752332)|ENTERING_MANAGED_PKG|
13:46:43.0 (27796183)|HEAP_ALLOCATE|[168]|Bytes:273
13:46:43.0 (27810893)|HEAP_ALLOCATE|[168]|Bytes:297
13:46:43.0 (27822508)|ENTERING_MANAGED_PKG|
13:46:43.0 (27829564)|USER_DEBUG|[168]|ERROR|The PermissionSet Name: PermissionSet:{Id=0PS360000017j41GAA, Label=Permission_Set_Creation_Testing_1, Name=Permission_Set_Creation_Testing_1, Description=Permission Set Creating Testing Description, NamespacePrefix=shiva15testns, UserLicenseId=10036000000eSpyAAE, CreatedDate=2016-05-04 19:46:39}
13:46:43.0 (27845316)|HEAP_ALLOCATE|[162]|Bytes:5
13:46:43.0 (27867491)|HEAP_ALLOCATE|[162]|Bytes:32
13:46:43.0 (27876181)|VARIABLE_SCOPE_BEGIN|[162]|PSetName|PermissionSet|true|false
13:46:43.0 (27901143)|VARIABLE_ASSIGNMENT|[162]|PSetName|{"s":1,"v":{"Id":"0PS360000017jAjGAI","Label":"Final_Test_4","Name":"Final_Test_4","Description":"Fina Test 4 Descp","NamespacePrefix":"shiva15testns","UserLicenseId":"10036000000eSpyAAE","CreatedDate":"2016-05-04T19:48:51.000Z"}}|0x722f4269
13:46:43.0 (27905900)|STATEMENT_EXECUTE|[162]
13:46:43.0 (27927460)|ENTERING_MANAGED_PKG|
13:46:43.0 (27937592)|STATEMENT_EXECUTE|[163]
13:46:43.0 (27939209)|STATEMENT_EXECUTE|[164]
13:46:43.0 (27943766)|HEAP_ALLOCATE|[164]|Bytes:4
13:46:43.0 (28092336)|SOQL_EXECUTE_BEGIN|[164]|Aggregations:0|SELECT Id, Name FROM UserLicense WHERE Id = :tmpVar1
13:46:43.0 (29441584)|SOQL_EXECUTE_END|[164]|Rows:1
13:46:43.0 (29452616)|HEAP_ALLOCATE|[164]|Bytes:8
13:46:43.0 (29461791)|HEAP_ALLOCATE|[164]|Bytes:47
13:46:43.0 (29475370)|HEAP_ALLOCATE|[164]|Bytes:8
13:46:43.0 (29503894)|HEAP_ALLOCATE|[164]|Bytes:12
13:46:43.0 (29512263)|VARIABLE_SCOPE_BEGIN|[164]|ulicense|UserLicense|true|false
13:46:43.0 (29529302)|VARIABLE_ASSIGNMENT|[164]|ulicense|{"s":1,"v":{"Id":"10036000000eSpyAAE","Name":"Salesforce"}}|0x3926083c
13:46:43.0 (29532921)|STATEMENT_EXECUTE|[165]
13:46:43.0 (29538177)|HEAP_ALLOCATE|[165]|Bytes:32
13:46:43.0 (29562638)|ENTERING_MANAGED_PKG|
13:46:43.0 (29567275)|HEAP_ALLOCATE|[165]|Bytes:18
13:46:43.0 (29593769)|ENTERING_MANAGED_PKG|
13:46:43.0 (29607656)|HEAP_ALLOCATE|[165]|Bytes:19
13:46:43.0 (29626456)|CONSTRUCTOR_ENTRY|[165]|01p36000005Jpvx|<init>(String,String,String,String,String,String,String)
13:46:43.0 (29632157)|VARIABLE_SCOPE_BEGIN|[1055]|this|shiva15testns.PermissionSetPortalControllers.PermissionSetClass|true|false
13:46:43.0 (29652693)|VARIABLE_ASSIGNMENT|[1055]|this|{}|0x1234e105
13:46:43.0 (29655906)|VARIABLE_SCOPE_BEGIN|[1055]|label|String|false|false
13:46:43.0 (29660356)|VARIABLE_ASSIGNMENT|[1055]|label|"Final_Test_4"
13:46:43.0 (29662350)|VARIABLE_SCOPE_BEGIN|[1055]|apiName|String|false|false
13:46:43.0 (29665032)|VARIABLE_ASSIGNMENT|[1055]|apiName|"Final_Test_4"
13:46:43.0 (29666547)|VARIABLE_SCOPE_BEGIN|[1055]|id|String|false|false
13:46:43.0 (29669545)|VARIABLE_ASSIGNMENT|[1055]|id|"0PS360000017jAjGAI"
13:46:43.0 (29671084)|VARIABLE_SCOPE_BEGIN|[1055]|description|String|false|false
13:46:43.0 (29673937)|VARIABLE_ASSIGNMENT|[1055]|description|"Fina Test 4 Descp"
13:46:43.0 (29675429)|VARIABLE_SCOPE_BEGIN|[1055]|namespacePrefix|String|false|false
13:46:43.0 (29678080)|VARIABLE_ASSIGNMENT|[1055]|namespacePrefix|"shiva15testns"
13:46:43.0 (29679506)|VARIABLE_SCOPE_BEGIN|[1055]|userLicenseId|String|false|false
13:46:43.0 (29682177)|VARIABLE_ASSIGNMENT|[1055]|userLicenseId|"Salesforce"
13:46:43.0 (29683623)|VARIABLE_SCOPE_BEGIN|[1055]|createdDate|String|false|false
13:46:43.0 (29686303)|VARIABLE_ASSIGNMENT|[1055]|createdDate|"2016-05-04 12:48:51"
13:46:43.0 (29689243)|STATEMENT_EXECUTE|[1038]
13:46:43.0 (29690845)|STATEMENT_EXECUTE|[1041]
13:46:43.0 (29692240)|STATEMENT_EXECUTE|[1043]
13:46:43.0 (29693336)|STATEMENT_EXECUTE|[1045]
13:46:43.0 (29694343)|STATEMENT_EXECUTE|[1047]
13:46:43.0 (29695332)|STATEMENT_EXECUTE|[1049]
13:46:43.0 (29696326)|STATEMENT_EXECUTE|[1051]
13:46:43.0 (29697338)|STATEMENT_EXECUTE|[1053]
13:46:43.0 (29708516)|STATEMENT_EXECUTE|[1056]
13:46:43.0 (29710056)|STATEMENT_EXECUTE|[1057]
13:46:43.0 (29729593)|VARIABLE_ASSIGNMENT|[EXTERNAL]|this|{}|0x1234e105
13:46:43.0 (29734815)|VARIABLE_ASSIGNMENT|[EXTERNAL]|value|"Final_Test_4"
13:46:43.0 (29741660)|VARIABLE_ASSIGNMENT|[1041]|this.label|"Final_Test_4"|0x1234e105
13:46:43.0 (29747472)|STATEMENT_EXECUTE|[1058]
13:46:43.0 (29766688)|VARIABLE_ASSIGNMENT|[EXTERNAL]|this|{"label":"Final_Test_4"}|0x1234e105
13:46:43.0 (29771437)|VARIABLE_ASSIGNMENT|[EXTERNAL]|value|"Final_Test_4"
13:46:43.0 (29777455)|VARIABLE_ASSIGNMENT|[1043]|this.apiName|"Final_Test_4"|0x1234e105
13:46:43.0 (29782848)|STATEMENT_EXECUTE|[1059]
13:46:43.0 (29803003)|VARIABLE_ASSIGNMENT|[EXTERNAL]|this|{"apiName":"Final_Test_4","label":"Final_Test_4"}|0x1234e105
13:46:43.0 (29807857)|VARIABLE_ASSIGNMENT|[EXTERNAL]|value|"0PS360000017jAjGAI"
13:46:43.0 (29813977)|VARIABLE_ASSIGNMENT|[1045]|this.id|"0PS360000017jAjGAI"|0x1234e105
13:46:43.0 (29819377)|STATEMENT_EXECUTE|[1060]
13:46:43.0 (29839234)|VARIABLE_ASSIGNMENT|[EXTERNAL]|this|{"apiName":"Final_Test_4","id":"0PS360000017jAjGAI","label":"Final_Test_4"}|0x1234e105
13:46:43.0 (29844259)|VARIABLE_ASSIGNMENT|[EXTERNAL]|value|"Fina Test 4 Descp"
13:46:43.0 (29850710)|VARIABLE_ASSIGNMENT|[1047]|this.description|"Fina Test 4 Descp"|0x1234e105
13:46:43.0 (29856169)|STATEMENT_EXECUTE|[1061]
13:46:43.0 (29876266)|VARIABLE_ASSIGNMENT|[EXTERNAL]|this|{"apiName":"Final_Test_4","description":"Fina Test 4 Descp","id":"0PS360000017jAjGAI","label":"Final_Test_4"}|0x1234e105
13:46:43.0 (29881315)|VARIABLE_ASSIGNMENT|[EXTERNAL]|value|"shiva15testns"
13:46:43.0 (29887587)|VARIABLE_ASSIGNMENT|[1049]|this.namespacePrefix|"shiva15testns"|0x1234e105
13:46:43.0 (29893369)|STATEMENT_EXECUTE|[1062]
13:46:43.0 (29914179)|VARIABLE_ASSIGNMENT|[EXTERNAL]|this|{"apiName":"Final_Test_4","description":"Fina Test 4 Descp","id":"0PS360000017jAjGAI","label":"Final_Test_4","namespacePrefix":"shiva15testns"}|0x1234e105
13:46:43.0 (29919243)|VARIABLE_ASSIGNMENT|[EXTERNAL]|value|"Salesforce"
13:46:43.0 (29925315)|VARIABLE_ASSIGNMENT|[1051]|this.userLicenseId|"Salesforce"|0x1234e105
13:46:43.0 (29930668)|STATEMENT_EXECUTE|[1063]
13:46:43.0 (29951825)|VARIABLE_ASSIGNMENT|[EXTERNAL]|this|{"apiName":"Final_Test_4","description":"Fina Test 4 Descp","id":"0PS360000017jAjGAI","label":"Final_Test_4","namespacePrefix":"shiva15testns","userLicenseId":"Salesforce"}|0x1234e105
13:46:43.0 (29957274)|VARIABLE_ASSIGNMENT|[EXTERNAL]|value|"2016-05-04 12:48:51"
13:46:43.0 (29963465)|VARIABLE_ASSIGNMENT|[1053]|this.createdDate|"2016-05-04 12:48:51"|0x1234e105
13:46:43.0 (29975432)|CONSTRUCTOR_EXIT|[165]|01p36000005Jpvx|<init>(String,String,String,String,String,String,String)
13:46:43.0 (30000906)|VARIABLE_ASSIGNMENT|[165]|pSetObj|{"apiName":"Final_Test_4","createdDate":"2016-05-04 12:48:51","description":"Fina Test 4 Descp","id":"0PS360000017jAjGAI","label":"Final_Test_4","namespacePrefix":"shiva15testns","userLicenseId":"Salesforce"}|0x1234e105
13:46:43.0 (30006391)|STATEMENT_EXECUTE|[167]
13:46:43.0 (30017150)|ENTERING_MANAGED_PKG|
13:46:43.0 (30021959)|HEAP_ALLOCATE|[EXTERNAL]|Bytes:4
13:46:43.0 (30027672)|STATEMENT_EXECUTE|[168]
13:46:43.0 (30041031)|ENTERING_MANAGED_PKG|
13:46:43.0 (30085568)|HEAP_ALLOCATE|[168]|Bytes:205
13:46:43.0 (30100365)|HEAP_ALLOCATE|[168]|Bytes:229
13:46:43.0 (30112143)|ENTERING_MANAGED_PKG|
13:46:43.0 (30118840)|USER_DEBUG|[168]|ERROR|The PermissionSet Name: PermissionSet:{Id=0PS360000017jAjGAI, Label=Final_Test_4, Name=Final_Test_4, Description=Fina Test 4 Descp, NamespacePrefix=shiva15testns, UserLicenseId=10036000000eSpyAAE, CreatedDate=2016-05-04 19:48:51}
13:46:43.0 (30134122)|HEAP_ALLOCATE|[162]|Bytes:5
13:46:43.0 (30155864)|HEAP_ALLOCATE|[162]|Bytes:32
13:46:43.0 (30164564)|VARIABLE_SCOPE_BEGIN|[162]|PSetName|PermissionSet|true|false
13:46:43.0 (30189545)|VARIABLE_ASSIGNMENT|[162]|PSetName|{"s":1,"v":{"Id":"0PS360000017jDxGAI","Label":"Final_Test_5","Name":"Final_Test_5","Description":"Final Test Descp","NamespacePrefix":"shiva15testns","UserLicenseId":"10036000000eSpyAAE","CreatedDate":"2016-05-04T19:49:51.000Z"}}|0x668ee50b
13:46:43.0 (30194147)|STATEMENT_EXECUTE|[162]
13:46:43.0 (30216005)|ENTERING_MANAGED_PKG|
13:46:43.0 (30226509)|STATEMENT_EXECUTE|[163]
13:46:43.0 (30228081)|STATEMENT_EXECUTE|[164]
13:46:43.0 (30232594)|HEAP_ALLOCATE|[164]|Bytes:4
13:46:43.0 (30374291)|SOQL_EXECUTE_BEGIN|[164]|Aggregations:0|SELECT Id, Name FROM UserLicense WHERE Id = :tmpVar1
13:46:43.0 (31648026)|SOQL_EXECUTE_END|[164]|Rows:1
13:46:43.0 (31659269)|HEAP_ALLOCATE|[164]|Bytes:8
13:46:43.0 (31668479)|HEAP_ALLOCATE|[164]|Bytes:47
13:46:43.0 (31682042)|HEAP_ALLOCATE|[164]|Bytes:8
13:46:43.0 (31710609)|HEAP_ALLOCATE|[164]|Bytes:12
13:46:43.0 (31719136)|VARIABLE_SCOPE_BEGIN|[164]|ulicense|UserLicense|true|false
13:46:43.0 (31735829)|VARIABLE_ASSIGNMENT|[164]|ulicense|{"s":1,"v":{"Id":"10036000000eSpyAAE","Name":"Salesforce"}}|0x37ea1bbb
13:46:43.0 (31739396)|STATEMENT_EXECUTE|[165]
13:46:43.0 (31748892)|HEAP_ALLOCATE|[165]|Bytes:32
13:46:43.0 (31773642)|ENTERING_MANAGED_PKG|
13:46:43.0 (31778214)|HEAP_ALLOCATE|[165]|Bytes:18
13:46:43.0 (31804417)|ENTERING_MANAGED_PKG|
13:46:43.0 (31818167)|HEAP_ALLOCATE|[165]|Bytes:19
13:46:43.0 (31836849)|CONSTRUCTOR_ENTRY|[165]|01p36000005Jpvx|<init>(String,String,String,String,String,String,String)
13:46:43.0 (31842480)|VARIABLE_SCOPE_BEGIN|[1055]|this|shiva15testns.PermissionSetPortalControllers.PermissionSetClass|true|false
13:46:43.0 (31862884)|VARIABLE_ASSIGNMENT|[1055]|this|{}|0x7656ecc5
13:46:43.0 (31866194)|VARIABLE_SCOPE_BEGIN|[1055]|label|String|false|false
13:46:43.0 (31870437)|VARIABLE_ASSIGNMENT|[1055]|label|"Final_Test_5"
13:46:43.0 (31872151)|VARIABLE_SCOPE_BEGIN|[1055]|apiName|String|false|false
13:46:43.0 (31874952)|VARIABLE_ASSIGNMENT|[1055]|apiName|"Final_Test_5"
13:46:43.0 (31876460)|VARIABLE_SCOPE_BEGIN|[1055]|id|String|false|false
13:46:43.0 (31879373)|VARIABLE_ASSIGNMENT|[1055]|id|"0PS360000017jDxGAI"
13:46:43.0 (31880864)|VARIABLE_SCOPE_BEGIN|[1055]|description|String|false|false
13:46:43.0 (31883743)|VARIABLE_ASSIGNMENT|[1055]|description|"Final Test Descp"
13:46:43.0 (31885313)|VARIABLE_SCOPE_BEGIN|[1055]|namespacePrefix|String|false|false
13:46:43.0 (31888291)|VARIABLE_ASSIGNMENT|[1055]|namespacePrefix|"shiva15testns"
13:46:43.0 (31889770)|VARIABLE_SCOPE_BEGIN|[1055]|userLicenseId|String|false|false
13:46:43.0 (31892208)|VARIABLE_ASSIGNMENT|[1055]|userLicenseId|"Salesforce"
13:46:43.0 (31893703)|VARIABLE_SCOPE_BEGIN|[1055]|createdDate|String|false|false
13:46:43.0 (31896421)|VARIABLE_ASSIGNMENT|[1055]|createdDate|"2016-05-04 12:49:51"
13:46:43.0 (31899284)|STATEMENT_EXECUTE|[1038]
13:46:43.0 (31900595)|STATEMENT_EXECUTE|[1041]
13:46:43.0 (31901928)|STATEMENT_EXECUTE|[1043]
13:46:43.0 (31902918)|STATEMENT_EXECUTE|[1045]
13:46:43.0 (31903925)|STATEMENT_EXECUTE|[1047]
13:46:43.0 (31905022)|STATEMENT_EXECUTE|[1049]
13:46:43.0 (31906071)|STATEMENT_EXECUTE|[1051]
13:46:43.0 (31907094)|STATEMENT_EXECUTE|[1053]
13:46:43.0 (31918137)|STATEMENT_EXECUTE|[1056]
13:46:43.0 (31919692)|STATEMENT_EXECUTE|[1057]
13:46:43.0 (31939410)|VARIABLE_ASSIGNMENT|[EXTERNAL]|this|{}|0x7656ecc5
13:46:43.0 (31944746)|VARIABLE_ASSIGNMENT|[EXTERNAL]|value|"Final_Test_5"
13:46:43.0 (31952010)|VARIABLE_ASSIGNMENT|[1041]|this.label|"Final_Test_5"|0x7656ecc5
13:46:43.0 (31958128)|STATEMENT_EXECUTE|[1058]
13:46:43.0 (31977640)|VARIABLE_ASSIGNMENT|[EXTERNAL]|this|{"label":"Final_Test_5"}|0x7656ecc5
13:46:43.0 (31982285)|VARIABLE_ASSIGNMENT|[EXTERNAL]|value|"Final_Test_5"
13:46:43.0 (31988316)|VARIABLE_ASSIGNMENT|[1043]|this.apiName|"Final_Test_5"|0x7656ecc5
13:46:43.0 (31993875)|STATEMENT_EXECUTE|[1059]
13:46:43.0 (32019304)|VARIABLE_ASSIGNMENT|[EXTERNAL]|this|{"apiName":"Final_Test_5","label":"Final_Test_5"}|0x7656ecc5
13:46:43.0 (32025455)|VARIABLE_ASSIGNMENT|[EXTERNAL]|value|"0PS360000017jDxGAI"
13:46:43.0 (32031980)|VARIABLE_ASSIGNMENT|[1045]|this.id|"0PS360000017jDxGAI"|0x7656ecc5
13:46:43.0 (32037835)|STATEMENT_EXECUTE|[1060]
13:46:43.0 (32058281)|VARIABLE_ASSIGNMENT|[EXTERNAL]|this|{"apiName":"Final_Test_5","id":"0PS360000017jDxGAI","label":"Final_Test_5"}|0x7656ecc5
13:46:43.0 (32063533)|VARIABLE_ASSIGNMENT|[EXTERNAL]|value|"Final Test Descp"
13:46:43.0 (32070077)|VARIABLE_ASSIGNMENT|[1047]|this.description|"Final Test Descp"|0x7656ecc5
13:46:43.0 (32075688)|STATEMENT_EXECUTE|[1061]
13:46:43.0 (32096092)|VARIABLE_ASSIGNMENT|[EXTERNAL]|this|{"apiName":"Final_Test_5","description":"Final Test Descp","id":"0PS360000017jDxGAI","label":"Final_Test_5"}|0x7656ecc5
13:46:43.0 (32101131)|VARIABLE_ASSIGNMENT|[EXTERNAL]|value|"shiva15testns"
13:46:43.0 (32107286)|VARIABLE_ASSIGNMENT|[1049]|this.namespacePrefix|"shiva15testns"|0x7656ecc5
13:46:43.0 (32112760)|STATEMENT_EXECUTE|[1062]
13:46:43.0 (32133651)|VARIABLE_ASSIGNMENT|[EXTERNAL]|this|{"apiName":"Final_Test_5","description":"Final Test Descp","id":"0PS360000017jDxGAI","label":"Final_Test_5","namespacePrefix":"shiva15testns"}|0x7656ecc5
13:46:43.0 (32138508)|VARIABLE_ASSIGNMENT|[EXTERNAL]|value|"Salesforce"
13:46:43.0 (32144381)|VARIABLE_ASSIGNMENT|[1051]|this.userLicenseId|"Salesforce"|0x7656ecc5
13:46:43.0 (32149818)|STATEMENT_EXECUTE|[1063]
13:46:43.0 (32171406)|VARIABLE_ASSIGNMENT|[EXTERNAL]|this|{"apiName":"Final_Test_5","description":"Final Test Descp","id":"0PS360000017jDxGAI","label":"Final_Test_5","namespacePrefix":"shiva15testns","userLicenseId":"Salesforce"}|0x7656ecc5
13:46:43.0 (32177450)|VARIABLE_ASSIGNMENT|[EXTERNAL]|value|"2016-05-04 12:49:51"
13:46:43.0 (32183707)|VARIABLE_ASSIGNMENT|[1053]|this.createdDate|"2016-05-04 12:49:51"|0x7656ecc5
13:46:43.0 (32195641)|CONSTRUCTOR_EXIT|[165]|01p36000005Jpvx|<init>(String,String,String,String,String,String,String)
13:46:43.0 (32216428)|VARIABLE_ASSIGNMENT|[165]|pSetObj|{"apiName":"Final_Test_5","createdDate":"2016-05-04 12:49:51","description":"Final Test Descp","id":"0PS360000017jDxGAI","label":"Final_Test_5","namespacePrefix":"shiva15testns","userLicenseId":"Salesforce"}|0x7656ecc5
13:46:43.0 (32220349)|STATEMENT_EXECUTE|[167]
13:46:43.0 (32230655)|ENTERING_MANAGED_PKG|
13:46:43.0 (32235291)|HEAP_ALLOCATE|[EXTERNAL]|Bytes:4
13:46:43.0 (32240903)|STATEMENT_EXECUTE|[168]
13:46:43.0 (32253954)|ENTERING_MANAGED_PKG|
13:46:43.0 (32298286)|HEAP_ALLOCATE|[168]|Bytes:204
13:46:43.0 (32312923)|HEAP_ALLOCATE|[168]|Bytes:228
13:46:43.0 (32324630)|ENTERING_MANAGED_PKG|
13:46:43.0 (32331636)|USER_DEBUG|[168]|ERROR|The PermissionSet Name: PermissionSet:{Id=0PS360000017jDxGAI, Label=Final_Test_5, Name=Final_Test_5, Description=Final Test Descp, NamespacePrefix=shiva15testns, UserLicenseId=10036000000eSpyAAE, CreatedDate=2016-05-04 19:49:51}
13:46:43.0 (32347286)|HEAP_ALLOCATE|[162]|Bytes:5
13:46:43.0 (32360511)|VARIABLE_ASSIGNMENT|[162]|PSetName|null|
13:46:43.0 (32364017)|STATEMENT_EXECUTE|[171]
13:46:43.0 (32373349)|SYSTEM_MODE_EXIT|false
13:46:43.32 (32418892)|CUMULATIVE_LIMIT_USAGE
13:46:43.32 (32418892)|LIMIT_USAGE_FOR_NS|(default)|
  Number of SOQL queries: 0 out of 100
  Number of query rows: 0 out of 50000
  Number of SOSL queries: 0 out of 20
  Number of DML statements: 0 out of 150
  Number of DML rows: 0 out of 10000
  Maximum CPU time: 0 out of 10000
  Maximum heap size: 0 out of 6000000
  Number of callouts: 0 out of 100
  Number of Email Invocations: 0 out of 10
  Number of future calls: 0 out of 50
  Number of queueable jobs added to the queue: 0 out of 50
  Number of Mobile Apex push calls: 0 out of 10

13:46:43.32 (32418892)|LIMIT_USAGE_FOR_NS|shiva15testns|
  Number of SOQL queries: 9 out of 100
  Number of query rows: 52 out of 50000
  Number of SOSL queries: 0 out of 20
  Number of DML statements: 0 out of 150
  Number of DML rows: 0 out of 10000
  Maximum CPU time: 0 out of 10000
  Maximum heap size: 0 out of 6000000
  Number of callouts: 0 out of 100
  Number of Email Invocations: 0 out of 10
  Number of future calls: 0 out of 50
  Number of queueable jobs added to the queue: 0 out of 50
  Number of Mobile Apex push calls: 0 out of 10

13:46:43.32 (32418892)|CUMULATIVE_LIMIT_USAGE_END

13:46:43.0 (32467054)|CODE_UNIT_FINISHED|PermissionSetPortalControllers.getAllPermissionSets
13:46:43.0 (34602555)|EXECUTION_FINISHED
13:46:43.36 (36869582)|EXECUTION_STARTED
13:46:43.36 (36877955)|CODE_UNIT_STARTED|[EXTERNAL]|Aura
13:46:43.36 (36916767)|CODE_UNIT_FINISHED|Aura
13:46:43.36 (38046508)|EXECUTION_FINISHED
13:46:43.39 (39204268)|EXECUTION_STARTED
13:46:43.39 (39210913)|CODE_UNIT_STARTED|[EXTERNAL]|Aura
13:46:43.39 (39243810)|CODE_UNIT_FINISHED|Aura
13:46:43.39 (41146077)|EXECUTION_FINISHED
13:46:43.42 (42209225)|EXECUTION_STARTED
13:46:43.42 (42215629)|CODE_UNIT_STARTED|[EXTERNAL]|Aura
13:46:43.42 (42247897)|CODE_UNIT_FINISHED|Aura
13:46:43.42 (43244779)|EXECUTION_FINISHED
13:46:43.44 (44424698)|EXECUTION_STARTED
13:46:43.44 (44431096)|CODE_UNIT_STARTED|[EXTERNAL]|Aura
13:46:43.44 (44461948)|CODE_UNIT_FINISHED|Aura
13:46:43.44 (45551583)|EXECUTION_FINISHED
13:46:43.46 (46896184)|EXECUTION_STARTED
13:46:43.46 (46902471)|CODE_UNIT_STARTED|[EXTERNAL]|Aura
13:46:43.46 (46933182)|CODE_UNIT_FINISHED|Aura
13:46:43.46 (47994065)|EXECUTION_FINISHED
13:46:43.49 (49455304)|EXECUTION_STARTED
13:46:43.49 (49461594)|CODE_UNIT_STARTED|[EXTERNAL]|Aura
13:46:43.49 (49498723)|CODE_UNIT_FINISHED|Aura
13:46:43.49 (50574015)|EXECUTION_FINISHED
13:46:43.51 (51649215)|EXECUTION_STARTED
13:46:43.51 (51655544)|CODE_UNIT_STARTED|[EXTERNAL]|Aura
13:46:43.51 (51687545)|CODE_UNIT_FINISHED|Aura
13:46:43.51 (52832891)|EXECUTION_FINISHED
13:46:43.53 (53905276)|EXECUTION_STARTED
13:46:43.53 (53911429)|CODE_UNIT_STARTED|[EXTERNAL]|Aura
13:46:43.53 (53942633)|CODE_UNIT_FINISHED|Aura
13:46:43.53 (54941528)|EXECUTION_FINISHED
