36.0 APEX_CODE,FINEST;APEX_PROFILING,INFO;CALLOUT,INFO;DB,INFO;SYSTEM,DEBUG;VALIDATION,INFO;VISUALFORCE,INFO;WORKFLOW,INFO
18:48:52.1 (1144574)|HEAP_ALLOCATE|[72]|Bytes:3
18:48:52.1 (1235982)|HEAP_ALLOCATE|[77]|Bytes:152
18:48:52.1 (1254184)|HEAP_ALLOCATE|[342]|Bytes:408
18:48:52.1 (1272369)|HEAP_ALLOCATE|[355]|Bytes:408
18:48:52.1 (1289101)|HEAP_ALLOCATE|[467]|Bytes:48
18:48:52.4 (4168228)|STATEMENT_EXECUTE|[1]
18:48:52.4 (4225585)|HEAP_ALLOCATE|[50]|Bytes:5
18:48:52.4 (4268497)|HEAP_ALLOCATE|[56]|Bytes:5
18:48:52.4 (4289409)|HEAP_ALLOCATE|[64]|Bytes:7
18:48:52.4 (4323810)|SYSTEM_MODE_ENTER|false
18:48:52.4 (4349482)|HEAP_ALLOCATE|[9]|Bytes:5
18:48:52.4 (4355419)|STATEMENT_EXECUTE|[9]
18:48:52.4 (4366188)|HEAP_ALLOCATE|[9]|Bytes:4
18:48:52.4 (4399594)|ENTERING_MANAGED_PKG|
18:48:52.4 (4546129)|VARIABLE_ASSIGNMENT|[9]|PermissionSetPortalControllers.contactsField|{"s":1,"v":[]}|0x2ffdafbf
18:48:52.4 (4554948)|STATEMENT_EXECUTE|[10]
18:48:52.4 (4562258)|HEAP_ALLOCATE|[10]|Bytes:4
18:48:52.4 (4587779)|ENTERING_MANAGED_PKG|
18:48:52.4 (4635842)|VARIABLE_ASSIGNMENT|[10]|PermissionSetPortalControllers.accountField|{"s":1,"v":[]}|0x72a5746c
18:48:52.4 (4642079)|STATEMENT_EXECUTE|[950]
18:48:52.4 (4644571)|STATEMENT_EXECUTE|[979]
18:48:52.4 (4646443)|STATEMENT_EXECUTE|[1007]
18:48:52.4 (4648468)|STATEMENT_EXECUTE|[1036]
18:48:52.4 (4650316)|STATEMENT_EXECUTE|[1052]
18:48:52.4 (4652161)|STATEMENT_EXECUTE|[1069]
18:48:52.4 (4653754)|STATEMENT_EXECUTE|[1080]
18:48:52.4 (4655510)|STATEMENT_EXECUTE|[1085]
18:48:52.4 (4665510)|SYSTEM_MODE_EXIT|false
18:48:52.4 (4681772)|METHOD_EXIT|[1]|PermissionSetPortalControllers
18:48:52.4 (4691342)|HEAP_ALLOCATE|[EXTERNAL]|Bytes:25
18:48:52.4 (4695379)|HEAP_ALLOCATE|[EXTERNAL]|Bytes:18
18:48:52.4 (4703175)|SYSTEM_MODE_ENTER|false
18:48:52.4 (4719235)|VARIABLE_SCOPE_BEGIN|[403]|selectedObject|String|false|false
18:48:52.4 (4736222)|VARIABLE_ASSIGNMENT|[403]|selectedObject|"shiva15testns__expen (5 more) ..."
18:48:52.4 (4742924)|VARIABLE_SCOPE_BEGIN|[403]|selectedPSet|String|false|false
18:48:52.4 (4749230)|VARIABLE_ASSIGNMENT|[403]|selectedPSet|"0PS36000000q71PGAQ"
18:48:52.4 (4767053)|HEAP_ALLOCATE|[404]|Bytes:5
18:48:52.4 (4772670)|STATEMENT_EXECUTE|[403]
18:48:52.4 (4775056)|STATEMENT_EXECUTE|[404]
18:48:52.4 (4777234)|STATEMENT_EXECUTE|[404]
18:48:52.4 (4779177)|STATEMENT_EXECUTE|[405]
18:48:52.4 (4787758)|HEAP_ALLOCATE|[405]|Bytes:4
18:48:52.4 (4886006)|ENTERING_MANAGED_PKG|
18:48:52.4 (4911702)|VARIABLE_SCOPE_BEGIN|[405]|listOfFieldsForSorting|List<shiva15testns.PermissionSetPortalControllers.FieldDetailsClass>|true|false
18:48:52.4 (4953358)|HEAP_ALLOCATE|[EXTERNAL]|Bytes:4
18:48:52.4 (4971402)|VARIABLE_ASSIGNMENT|[405]|listOfFieldsForSorting|{"s":1,"v":[]}|0x5da28df
18:48:52.4 (4977439)|STATEMENT_EXECUTE|[406]
18:48:52.4 (5013056)|ENTERING_MANAGED_PKG|
18:48:52.4 (27988072)|HEAP_ALLOCATE|[406]|Bytes:1420
18:48:52.4 (28027962)|VARIABLE_SCOPE_BEGIN|[406]|schemaMap|Map<String,Schema.SObjectType>|true|false
18:48:52.4 (28377360)|VARIABLE_ASSIGNMENT|[406]|schemaMap|"{acceptedeventrelation=AcceptedEventRelation, account=Account, accountcleaninfo=AccountCleanInfo, accountcontactrole=AccountContactRole, accountfeed=AccountFeed, accounthistory=AccountHistory, accountpartner=AccountPartner, accountshare=AccountShare, actionlinkgrouptemplate=ActionLinkGroupTemplate, actionlinktemplate=ActionLinkTemplate, ...}"|0x4718ff8c
18:48:52.4 (28388036)|STATEMENT_EXECUTE|[407]
18:48:52.4 (28405004)|HEAP_ALLOCATE|[407]|Bytes:4
18:48:52.4 (28431557)|ENTERING_MANAGED_PKG|
18:48:52.4 (28467312)|VARIABLE_SCOPE_BEGIN|[407]|individualObjectAllFieldsList|List<shiva15testns.PermissionSetPortalControllers.FieldDetailsClass>|true|false
18:48:52.4 (28487783)|HEAP_ALLOCATE|[EXTERNAL]|Bytes:4
18:48:52.4 (28511517)|VARIABLE_ASSIGNMENT|[407]|individualObjectAllFieldsList|{"s":1,"v":[]}|0x1e47e517
18:48:52.4 (28514762)|STATEMENT_EXECUTE|[408]
18:48:52.4 (28592188)|VARIABLE_SCOPE_BEGIN|[408]|fieldClassObj|shiva15testns.PermissionSetPortalControllers.FieldDetailsClass|true|false
18:48:52.4 (28601359)|VARIABLE_ASSIGNMENT|[408]|fieldClassObj|null|
18:48:52.4 (28625210)|ENTERING_MANAGED_PKG|
18:48:52.4 (28668407)|STATEMENT_EXECUTE|[413]
18:48:52.4 (28670793)|STATEMENT_EXECUTE|[415]
18:48:52.4 (28683251)|ENTERING_MANAGED_PKG|
18:48:52.4 (29079680)|HEAP_ALLOCATE|[415]|Bytes:4
18:48:52.4 (30226892)|HEAP_ALLOCATE|[415]|Bytes:64
18:48:52.4 (30240044)|VARIABLE_SCOPE_BEGIN|[415]|IndividiaulfieldMap|Map<String,Schema.SObjectField>|true|false
18:48:52.4 (30398799)|VARIABLE_ASSIGNMENT|[415]|IndividiaulfieldMap|"{createdbyid=CreatedById, createddate=CreatedDate, id=Id, isdeleted=IsDeleted, lastmodifiedbyid=LastModifiedById, lastmodifieddate=LastModifiedDate, lastreferenceddate=LastReferencedDate, lastvieweddate=LastViewedDate, name=Name, ownerid=OwnerId, ...}"|0x296f2b36
18:48:52.4 (30419055)|ENTERING_MANAGED_PKG|
18:48:52.4 (30444167)|STATEMENT_EXECUTE|[417]
18:48:52.4 (30446491)|STATEMENT_EXECUTE|[419]
18:48:52.4 (30465380)|METHOD_ENTRY|[419]|01p36000005Jpvx|shiva15testns.PermissionSetPortalControllers.addSystemLevelFields()
18:48:52.4 (30499244)|HEAP_ALLOCATE|[89]|Bytes:5
18:48:52.4 (30503680)|STATEMENT_EXECUTE|[88]
18:48:52.4 (30505262)|STATEMENT_EXECUTE|[89]
18:48:52.4 (30513866)|HEAP_ALLOCATE|[89]|Bytes:4
18:48:52.4 (30532385)|ENTERING_MANAGED_PKG|
18:48:52.4 (30569509)|VARIABLE_SCOPE_BEGIN|[89]|fieldsWhichCannotBeAccessible|Set<String>|true|false
18:48:52.4 (30603333)|VARIABLE_ASSIGNMENT|[89]|fieldsWhichCannotBeAccessible|{"s":1,"v":[]}|0x24c3dfb6
18:48:52.4 (30609743)|STATEMENT_EXECUTE|[90]
18:48:52.4 (30616536)|HEAP_ALLOCATE|[90]|Bytes:2
18:48:52.4 (30642591)|ENTERING_MANAGED_PKG|
18:48:52.4 (30677453)|HEAP_ALLOCATE|[EXTERNAL]|Bytes:4
18:48:52.4 (30690076)|STATEMENT_EXECUTE|[91]
18:48:52.4 (30695733)|HEAP_ALLOCATE|[91]|Bytes:9
18:48:52.4 (30712004)|ENTERING_MANAGED_PKG|
18:48:52.4 (30737477)|HEAP_ALLOCATE|[EXTERNAL]|Bytes:4
18:48:52.4 (30748330)|STATEMENT_EXECUTE|[92]
18:48:52.4 (30753496)|HEAP_ALLOCATE|[92]|Bytes:11
18:48:52.4 (30768710)|ENTERING_MANAGED_PKG|
18:48:52.4 (30792954)|HEAP_ALLOCATE|[EXTERNAL]|Bytes:4
18:48:52.4 (30803010)|STATEMENT_EXECUTE|[93]
18:48:52.4 (30807796)|HEAP_ALLOCATE|[93]|Bytes:11
18:48:52.4 (30821872)|ENTERING_MANAGED_PKG|
18:48:52.4 (30845266)|HEAP_ALLOCATE|[EXTERNAL]|Bytes:4
18:48:52.4 (30854996)|STATEMENT_EXECUTE|[94]
18:48:52.4 (30859660)|HEAP_ALLOCATE|[94]|Bytes:16
18:48:52.4 (30874079)|ENTERING_MANAGED_PKG|
18:48:52.4 (30897412)|HEAP_ALLOCATE|[EXTERNAL]|Bytes:4
18:48:52.4 (30907422)|STATEMENT_EXECUTE|[95]
18:48:52.4 (30911957)|HEAP_ALLOCATE|[95]|Bytes:16
18:48:52.4 (30926151)|ENTERING_MANAGED_PKG|
18:48:52.4 (30948710)|HEAP_ALLOCATE|[EXTERNAL]|Bytes:4
18:48:52.4 (30958251)|STATEMENT_EXECUTE|[96]
18:48:52.4 (30962853)|HEAP_ALLOCATE|[96]|Bytes:14
18:48:52.4 (30976764)|ENTERING_MANAGED_PKG|
18:48:52.4 (31000227)|HEAP_ALLOCATE|[EXTERNAL]|Bytes:4
18:48:52.4 (31010986)|STATEMENT_EXECUTE|[97]
18:48:52.4 (31023545)|METHOD_EXIT|[419]|01p36000005Jpvx|shiva15testns.PermissionSetPortalControllers.addSystemLevelFields()
18:48:52.4 (31030626)|VARIABLE_SCOPE_BEGIN|[419]|systemFields|Set<String>|true|false
18:48:52.4 (31049381)|VARIABLE_ASSIGNMENT|[419]|systemFields|{"s":1,"v":"List of size 7 too large to display"}|0x24c3dfb6
18:48:52.4 (31053716)|STATEMENT_EXECUTE|[420]
18:48:52.4 (31068800)|METHOD_ENTRY|[420]|01p36000005Jpvx|shiva15testns.PermissionSetPortalControllers.addFieldWhichAreNotAccessibile()
18:48:52.4 (31108724)|HEAP_ALLOCATE|[102]|Bytes:5
18:48:52.4 (31114874)|STATEMENT_EXECUTE|[100]
18:48:52.4 (31117446)|STATEMENT_EXECUTE|[102]
18:48:52.4 (31130125)|HEAP_ALLOCATE|[102]|Bytes:10
18:48:52.4 (31145517)|ENTERING_MANAGED_PKG|
18:48:52.4 (31166130)|HEAP_ALLOCATE|[EXTERNAL]|Bytes:4
18:48:52.4 (31174225)|STATEMENT_EXECUTE|[103]
18:48:52.4 (31180602)|HEAP_ALLOCATE|[103]|Bytes:12
18:48:52.4 (31191302)|ENTERING_MANAGED_PKG|
18:48:52.4 (31207662)|HEAP_ALLOCATE|[EXTERNAL]|Bytes:4
18:48:52.4 (31214431)|STATEMENT_EXECUTE|[104]
18:48:52.4 (31219849)|HEAP_ALLOCATE|[104]|Bytes:11
18:48:52.4 (31229849)|ENTERING_MANAGED_PKG|
18:48:52.4 (31245568)|HEAP_ALLOCATE|[EXTERNAL]|Bytes:4
18:48:52.4 (31252127)|STATEMENT_EXECUTE|[105]
18:48:52.4 (31257315)|HEAP_ALLOCATE|[105]|Bytes:13
18:48:52.4 (31267353)|ENTERING_MANAGED_PKG|
18:48:52.4 (31282787)|HEAP_ALLOCATE|[EXTERNAL]|Bytes:4
18:48:52.4 (31289325)|STATEMENT_EXECUTE|[106]
18:48:52.4 (31294702)|HEAP_ALLOCATE|[106]|Bytes:9
18:48:52.4 (31304688)|ENTERING_MANAGED_PKG|
18:48:52.4 (31320289)|HEAP_ALLOCATE|[EXTERNAL]|Bytes:4
18:48:52.4 (31326753)|STATEMENT_EXECUTE|[107]
18:48:52.4 (31332032)|HEAP_ALLOCATE|[107]|Bytes:11
18:48:52.4 (31344227)|ENTERING_MANAGED_PKG|
18:48:52.4 (31361167)|HEAP_ALLOCATE|[EXTERNAL]|Bytes:4
18:48:52.4 (31368065)|STATEMENT_EXECUTE|[108]
18:48:52.4 (31373566)|HEAP_ALLOCATE|[108]|Bytes:15
18:48:52.4 (31383943)|ENTERING_MANAGED_PKG|
18:48:52.4 (31399839)|HEAP_ALLOCATE|[EXTERNAL]|Bytes:4
18:48:52.4 (31406570)|STATEMENT_EXECUTE|[109]
18:48:52.4 (31412063)|HEAP_ALLOCATE|[109]|Bytes:17
18:48:52.4 (31422134)|ENTERING_MANAGED_PKG|
18:48:52.4 (31437513)|HEAP_ALLOCATE|[EXTERNAL]|Bytes:4
18:48:52.4 (31444206)|STATEMENT_EXECUTE|[110]
18:48:52.4 (31450013)|HEAP_ALLOCATE|[110]|Bytes:12
18:48:52.4 (31459785)|ENTERING_MANAGED_PKG|
18:48:52.4 (31475162)|HEAP_ALLOCATE|[EXTERNAL]|Bytes:4
18:48:52.4 (31481911)|STATEMENT_EXECUTE|[111]
18:48:52.4 (31487092)|HEAP_ALLOCATE|[111]|Bytes:14
18:48:52.4 (31496843)|ENTERING_MANAGED_PKG|
18:48:52.4 (31512356)|HEAP_ALLOCATE|[EXTERNAL]|Bytes:4
18:48:52.4 (31518789)|STATEMENT_EXECUTE|[112]
18:48:52.4 (31524725)|HEAP_ALLOCATE|[112]|Bytes:13
18:48:52.4 (31534872)|ENTERING_MANAGED_PKG|
18:48:52.4 (31550257)|HEAP_ALLOCATE|[EXTERNAL]|Bytes:4
18:48:52.4 (31556730)|STATEMENT_EXECUTE|[113]
18:48:52.4 (31562540)|HEAP_ALLOCATE|[113]|Bytes:15
18:48:52.4 (31578555)|ENTERING_MANAGED_PKG|
18:48:52.4 (31595320)|HEAP_ALLOCATE|[EXTERNAL]|Bytes:4
18:48:52.4 (31602430)|STATEMENT_EXECUTE|[114]
18:48:52.4 (31608469)|HEAP_ALLOCATE|[114]|Bytes:14
18:48:52.4 (31618847)|ENTERING_MANAGED_PKG|
18:48:52.4 (31634611)|HEAP_ALLOCATE|[EXTERNAL]|Bytes:4
18:48:52.4 (31642128)|STATEMENT_EXECUTE|[115]
18:48:52.4 (31647741)|HEAP_ALLOCATE|[115]|Bytes:16
18:48:52.4 (31657977)|ENTERING_MANAGED_PKG|
18:48:52.4 (31673552)|HEAP_ALLOCATE|[EXTERNAL]|Bytes:4
18:48:52.4 (31680122)|STATEMENT_EXECUTE|[116]
18:48:52.4 (31685996)|HEAP_ALLOCATE|[116]|Bytes:20
18:48:52.4 (31696153)|ENTERING_MANAGED_PKG|
18:48:52.4 (31711521)|HEAP_ALLOCATE|[EXTERNAL]|Bytes:4
18:48:52.4 (31718141)|STATEMENT_EXECUTE|[117]
18:48:52.4 (31723802)|HEAP_ALLOCATE|[117]|Bytes:22
18:48:52.4 (31733879)|ENTERING_MANAGED_PKG|
18:48:52.4 (31749042)|HEAP_ALLOCATE|[EXTERNAL]|Bytes:4
18:48:52.4 (31755645)|STATEMENT_EXECUTE|[118]
18:48:52.4 (31761324)|HEAP_ALLOCATE|[118]|Bytes:10
18:48:52.4 (31771234)|ENTERING_MANAGED_PKG|
18:48:52.4 (31786907)|HEAP_ALLOCATE|[EXTERNAL]|Bytes:4
18:48:52.4 (31793679)|STATEMENT_EXECUTE|[121]
18:48:52.4 (31800134)|HEAP_ALLOCATE|[121]|Bytes:3
18:48:52.4 (31810240)|ENTERING_MANAGED_PKG|
18:48:52.4 (31825813)|HEAP_ALLOCATE|[EXTERNAL]|Bytes:4
18:48:52.4 (31832452)|STATEMENT_EXECUTE|[122]
18:48:52.4 (31837483)|HEAP_ALLOCATE|[122]|Bytes:4
18:48:52.4 (31847289)|ENTERING_MANAGED_PKG|
18:48:52.4 (31862933)|HEAP_ALLOCATE|[EXTERNAL]|Bytes:4
18:48:52.4 (31869524)|STATEMENT_EXECUTE|[123]
18:48:52.4 (31874746)|HEAP_ALLOCATE|[123]|Bytes:11
18:48:52.4 (31884621)|ENTERING_MANAGED_PKG|
18:48:52.4 (31899808)|HEAP_ALLOCATE|[EXTERNAL]|Bytes:4
18:48:52.4 (31906339)|STATEMENT_EXECUTE|[124]
18:48:52.4 (31911910)|HEAP_ALLOCATE|[124]|Bytes:5
18:48:52.4 (31921737)|ENTERING_MANAGED_PKG|
18:48:52.4 (31936937)|HEAP_ALLOCATE|[EXTERNAL]|Bytes:4
18:48:52.4 (31943309)|STATEMENT_EXECUTE|[125]
18:48:52.4 (31948673)|HEAP_ALLOCATE|[125]|Bytes:6
18:48:52.4 (31958652)|ENTERING_MANAGED_PKG|
18:48:52.4 (31973673)|HEAP_ALLOCATE|[EXTERNAL]|Bytes:4
18:48:52.4 (31980282)|STATEMENT_EXECUTE|[126]
18:48:52.4 (31985445)|HEAP_ALLOCATE|[126]|Bytes:11
18:48:52.4 (31995455)|ENTERING_MANAGED_PKG|
18:48:52.4 (32010634)|HEAP_ALLOCATE|[EXTERNAL]|Bytes:4
18:48:52.4 (32018179)|STATEMENT_EXECUTE|[127]
18:48:52.4 (32023666)|HEAP_ALLOCATE|[127]|Bytes:14
18:48:52.4 (32033613)|ENTERING_MANAGED_PKG|
18:48:52.4 (32049291)|HEAP_ALLOCATE|[EXTERNAL]|Bytes:4
18:48:52.4 (32055821)|STATEMENT_EXECUTE|[128]
18:48:52.4 (32061463)|HEAP_ALLOCATE|[128]|Bytes:22
18:48:52.4 (32071663)|ENTERING_MANAGED_PKG|
18:48:52.4 (32087192)|HEAP_ALLOCATE|[EXTERNAL]|Bytes:4
18:48:52.4 (32093877)|STATEMENT_EXECUTE|[129]
18:48:52.4 (32099301)|HEAP_ALLOCATE|[129]|Bytes:15
18:48:52.4 (32109312)|ENTERING_MANAGED_PKG|
18:48:52.4 (32124630)|HEAP_ALLOCATE|[EXTERNAL]|Bytes:4
18:48:52.4 (32131114)|STATEMENT_EXECUTE|[130]
18:48:52.4 (32136329)|HEAP_ALLOCATE|[130]|Bytes:16
18:48:52.4 (32148271)|ENTERING_MANAGED_PKG|
18:48:52.4 (32163902)|HEAP_ALLOCATE|[EXTERNAL]|Bytes:4
18:48:52.4 (32170511)|STATEMENT_EXECUTE|[131]
18:48:52.4 (32176222)|HEAP_ALLOCATE|[131]|Bytes:12
18:48:52.4 (32185878)|ENTERING_MANAGED_PKG|
18:48:52.4 (32201265)|HEAP_ALLOCATE|[EXTERNAL]|Bytes:4
18:48:52.4 (32207866)|STATEMENT_EXECUTE|[132]
18:48:52.4 (32213238)|HEAP_ALLOCATE|[132]|Bytes:13
18:48:52.4 (32222819)|ENTERING_MANAGED_PKG|
18:48:52.4 (32238139)|HEAP_ALLOCATE|[EXTERNAL]|Bytes:4
18:48:52.4 (32244782)|STATEMENT_EXECUTE|[133]
18:48:52.4 (32250416)|HEAP_ALLOCATE|[133]|Bytes:17
18:48:52.4 (32260267)|ENTERING_MANAGED_PKG|
18:48:52.4 (32285855)|HEAP_ALLOCATE|[EXTERNAL]|Bytes:4
18:48:52.4 (32298865)|STATEMENT_EXECUTE|[134]
18:48:52.4 (32308638)|HEAP_ALLOCATE|[134]|Bytes:14
18:48:52.4 (32328262)|ENTERING_MANAGED_PKG|
18:48:52.4 (32355060)|HEAP_ALLOCATE|[EXTERNAL]|Bytes:4
18:48:52.4 (32365992)|STATEMENT_EXECUTE|[135]
18:48:52.4 (32374213)|HEAP_ALLOCATE|[135]|Bytes:12
18:48:52.4 (32389783)|ENTERING_MANAGED_PKG|
18:48:52.4 (32439401)|HEAP_ALLOCATE|[EXTERNAL]|Bytes:4
18:48:52.4 (32459174)|STATEMENT_EXECUTE|[136]
18:48:52.4 (32468877)|HEAP_ALLOCATE|[136]|Bytes:13
18:48:52.4 (32487720)|ENTERING_MANAGED_PKG|
18:48:52.4 (32513021)|HEAP_ALLOCATE|[EXTERNAL]|Bytes:4
18:48:52.4 (32524810)|STATEMENT_EXECUTE|[137]
18:48:52.4 (32533449)|HEAP_ALLOCATE|[137]|Bytes:18
18:48:52.4 (32549087)|ENTERING_MANAGED_PKG|
18:48:52.4 (32582561)|HEAP_ALLOCATE|[EXTERNAL]|Bytes:4
18:48:52.4 (32593713)|STATEMENT_EXECUTE|[138]
18:48:52.4 (32602124)|HEAP_ALLOCATE|[138]|Bytes:15
18:48:52.4 (32621196)|ENTERING_MANAGED_PKG|
18:48:52.4 (32649266)|HEAP_ALLOCATE|[EXTERNAL]|Bytes:4
18:48:52.4 (32661206)|STATEMENT_EXECUTE|[139]
18:48:52.4 (32671334)|HEAP_ALLOCATE|[139]|Bytes:16
18:48:52.4 (32689801)|ENTERING_MANAGED_PKG|
18:48:52.4 (32710546)|HEAP_ALLOCATE|[EXTERNAL]|Bytes:4
18:48:52.4 (32718184)|STATEMENT_EXECUTE|[140]
18:48:52.4 (32724761)|HEAP_ALLOCATE|[140]|Bytes:17
18:48:52.4 (32735652)|ENTERING_MANAGED_PKG|
18:48:52.4 (32751810)|HEAP_ALLOCATE|[EXTERNAL]|Bytes:4
18:48:52.4 (32758732)|STATEMENT_EXECUTE|[141]
18:48:52.4 (32764515)|HEAP_ALLOCATE|[141]|Bytes:23
18:48:52.4 (32774585)|ENTERING_MANAGED_PKG|
18:48:52.4 (32790585)|HEAP_ALLOCATE|[EXTERNAL]|Bytes:4
18:48:52.4 (32803366)|METHOD_EXIT|[420]|01p36000005Jpvx|shiva15testns.PermissionSetPortalControllers.addFieldWhichAreNotAccessibile()
18:48:52.4 (32814845)|HEAP_ALLOCATE|[421]|Bytes:4
18:48:52.4 (32832233)|ENTERING_MANAGED_PKG|
18:48:52.4 (32851706)|ENTERING_MANAGED_PKG|
18:48:52.4 (32880686)|HEAP_ALLOCATE|[421]|Bytes:4
18:48:52.4 (33016217)|HEAP_ALLOCATE|[421]|Bytes:64
18:48:52.4 (33037537)|ENTERING_MANAGED_PKG|
18:48:52.4 (33067365)|HEAP_ALLOCATE|[421]|Bytes:284
18:48:52.4 (33085683)|ENTERING_MANAGED_PKG|
18:48:52.4 (33094236)|HEAP_ALLOCATE|[421]|Bytes:60
18:48:52.4 (33104461)|ENTERING_MANAGED_PKG|
18:48:52.4 (33210938)|HEAP_ALLOCATE|[421]|Bytes:5
18:48:52.4 (33244901)|VARIABLE_SCOPE_BEGIN|[421]|sfield|String|false|false
18:48:52.4 (33255722)|VARIABLE_ASSIGNMENT|[421]|sfield|"id"
18:48:52.4 (33258949)|STATEMENT_EXECUTE|[421]
18:48:52.4 (33271776)|ENTERING_MANAGED_PKG|
18:48:52.4 (33925722)|HEAP_ALLOCATE|[423]|Bytes:8
18:48:52.4 (33958707)|STATEMENT_EXECUTE|[454]
18:48:52.4 (33962583)|STATEMENT_EXECUTE|[455]
18:48:52.4 (33968956)|HEAP_ALLOCATE|[455]|Bytes:24
18:48:52.4 (33975626)|HEAP_ALLOCATE|[455]|Bytes:11
18:48:52.4 (34000914)|ENTERING_MANAGED_PKG|
18:48:52.4 (34067082)|HEAP_ALLOCATE|[455]|Bytes:8
18:48:52.4 (34085928)|HEAP_ALLOCATE|[455]|Bytes:9
18:48:52.4 (34090783)|HEAP_ALLOCATE|[455]|Bytes:10
18:48:52.4 (34103125)|ENTERING_MANAGED_PKG|
18:48:52.4 (34138666)|HEAP_ALLOCATE|[455]|Bytes:8
18:48:52.4 (34156064)|HEAP_ALLOCATE|[455]|Bytes:2
18:48:52.4 (34175839)|HEAP_ALLOCATE|[455]|Bytes:58
18:48:52.4 (34180708)|HEAP_ALLOCATE|[455]|Bytes:14
18:48:52.4 (34192656)|ENTERING_MANAGED_PKG|
18:48:52.4 (34249035)|HEAP_ALLOCATE|[455]|Bytes:8
18:48:52.4 (34271049)|HEAP_ALLOCATE|[455]|Bytes:2
18:48:52.4 (34283261)|HEAP_ALLOCATE|[455]|Bytes:16
18:48:52.4 (34287940)|HEAP_ALLOCATE|[455]|Bytes:74
18:48:52.4 (34312211)|ENTERING_MANAGED_PKG|
18:48:52.4 (34318881)|USER_DEBUG|[455]|DEBUG|This is not accessible: id### label: Record ID ## name: Id## localname: Id
18:48:52.4 (34334965)|HEAP_ALLOCATE|[421]|Bytes:5
18:48:52.4 (34347559)|VARIABLE_SCOPE_BEGIN|[421]|sfield|String|false|false
18:48:52.4 (34355955)|VARIABLE_ASSIGNMENT|[421]|sfield|"ownerid"
18:48:52.4 (34359170)|STATEMENT_EXECUTE|[421]
18:48:52.4 (34368001)|ENTERING_MANAGED_PKG|
18:48:52.4 (34573284)|HEAP_ALLOCATE|[423]|Bytes:8
18:48:52.4 (34588055)|STATEMENT_EXECUTE|[454]
18:48:52.4 (34589805)|STATEMENT_EXECUTE|[455]
18:48:52.4 (34600640)|ENTERING_MANAGED_PKG|
18:48:52.4 (34633847)|HEAP_ALLOCATE|[455]|Bytes:8
18:48:52.4 (34645239)|HEAP_ALLOCATE|[455]|Bytes:8
18:48:52.4 (34655610)|ENTERING_MANAGED_PKG|
18:48:52.4 (34684257)|HEAP_ALLOCATE|[455]|Bytes:8
18:48:52.4 (34694305)|HEAP_ALLOCATE|[455]|Bytes:7
18:48:52.4 (34700527)|HEAP_ALLOCATE|[455]|Bytes:67
18:48:52.4 (34710482)|ENTERING_MANAGED_PKG|
18:48:52.4 (34739023)|HEAP_ALLOCATE|[455]|Bytes:8
18:48:52.4 (34748605)|HEAP_ALLOCATE|[455]|Bytes:7
18:48:52.4 (34754114)|HEAP_ALLOCATE|[455]|Bytes:21
18:48:52.4 (34757733)|HEAP_ALLOCATE|[455]|Bytes:88
18:48:52.4 (34767183)|ENTERING_MANAGED_PKG|
18:48:52.4 (34770563)|USER_DEBUG|[455]|DEBUG|This is not accessible: ownerid### label: Owner ID ## name: OwnerId## localname: OwnerId
18:48:52.4 (34784767)|HEAP_ALLOCATE|[421]|Bytes:5
18:48:52.4 (34796895)|VARIABLE_SCOPE_BEGIN|[421]|sfield|String|false|false
18:48:52.4 (34804986)|VARIABLE_ASSIGNMENT|[421]|sfield|"isdeleted"
18:48:52.4 (34807827)|STATEMENT_EXECUTE|[421]
18:48:52.4 (34816395)|ENTERING_MANAGED_PKG|
18:48:52.4 (34957754)|HEAP_ALLOCATE|[423]|Bytes:8
18:48:52.4 (34972277)|STATEMENT_EXECUTE|[454]
18:48:52.4 (34973921)|STATEMENT_EXECUTE|[455]
18:48:52.4 (34984496)|ENTERING_MANAGED_PKG|
18:48:52.4 (35016752)|HEAP_ALLOCATE|[455]|Bytes:8
18:48:52.4 (35029050)|HEAP_ALLOCATE|[455]|Bytes:7
18:48:52.4 (35039494)|ENTERING_MANAGED_PKG|
18:48:52.4 (35068430)|HEAP_ALLOCATE|[455]|Bytes:8
18:48:52.4 (35078382)|HEAP_ALLOCATE|[455]|Bytes:9
18:48:52.4 (35084598)|HEAP_ALLOCATE|[455]|Bytes:70
18:48:52.4 (35094579)|ENTERING_MANAGED_PKG|
18:48:52.4 (35122913)|HEAP_ALLOCATE|[455]|Bytes:8
18:48:52.4 (35132582)|HEAP_ALLOCATE|[455]|Bytes:9
18:48:52.4 (35137940)|HEAP_ALLOCATE|[455]|Bytes:23
18:48:52.4 (35141539)|HEAP_ALLOCATE|[455]|Bytes:93
18:48:52.4 (35151305)|ENTERING_MANAGED_PKG|
18:48:52.4 (35154639)|USER_DEBUG|[455]|DEBUG|This is not accessible: isdeleted### label: Deleted ## name: IsDeleted## localname: IsDeleted
18:48:52.4 (35168469)|HEAP_ALLOCATE|[421]|Bytes:5
18:48:52.4 (35180546)|VARIABLE_SCOPE_BEGIN|[421]|sfield|String|false|false
18:48:52.4 (35188323)|VARIABLE_ASSIGNMENT|[421]|sfield|"name"
18:48:52.4 (35191245)|STATEMENT_EXECUTE|[421]
18:48:52.4 (35199888)|ENTERING_MANAGED_PKG|
18:48:52.4 (35317339)|HEAP_ALLOCATE|[423]|Bytes:8
18:48:52.4 (35337123)|STATEMENT_EXECUTE|[454]
18:48:52.4 (35340438)|STATEMENT_EXECUTE|[455]
18:48:52.4 (35356842)|ENTERING_MANAGED_PKG|
18:48:52.4 (35402704)|HEAP_ALLOCATE|[455]|Bytes:8
18:48:52.4 (35414867)|HEAP_ALLOCATE|[455]|Bytes:12
18:48:52.4 (35425829)|ENTERING_MANAGED_PKG|
18:48:52.4 (35454910)|HEAP_ALLOCATE|[455]|Bytes:8
18:48:52.4 (35465016)|HEAP_ALLOCATE|[455]|Bytes:4
18:48:52.4 (35471269)|HEAP_ALLOCATE|[455]|Bytes:65
18:48:52.4 (35481281)|ENTERING_MANAGED_PKG|
18:48:52.4 (35514550)|HEAP_ALLOCATE|[455]|Bytes:8
18:48:52.4 (35524726)|HEAP_ALLOCATE|[455]|Bytes:4
18:48:52.4 (35530280)|HEAP_ALLOCATE|[455]|Bytes:18
18:48:52.4 (35533800)|HEAP_ALLOCATE|[455]|Bytes:83
18:48:52.4 (35543243)|ENTERING_MANAGED_PKG|
18:48:52.4 (35546528)|USER_DEBUG|[455]|DEBUG|This is not accessible: name### label: Expense Name ## name: Name## localname: Name
18:48:52.4 (35560291)|HEAP_ALLOCATE|[421]|Bytes:5
18:48:52.4 (35579858)|VARIABLE_SCOPE_BEGIN|[421]|sfield|String|false|false
18:48:52.4 (35588458)|VARIABLE_ASSIGNMENT|[421]|sfield|"createddate"
18:48:52.4 (35591508)|STATEMENT_EXECUTE|[421]
18:48:52.4 (35601044)|ENTERING_MANAGED_PKG|
18:48:52.4 (35746808)|HEAP_ALLOCATE|[423]|Bytes:8
18:48:52.4 (35760991)|STATEMENT_EXECUTE|[454]
18:48:52.4 (35762607)|STATEMENT_EXECUTE|[455]
18:48:52.4 (35773135)|ENTERING_MANAGED_PKG|
18:48:52.4 (35804799)|HEAP_ALLOCATE|[455]|Bytes:8
18:48:52.4 (35816037)|HEAP_ALLOCATE|[455]|Bytes:12
18:48:52.4 (35826519)|ENTERING_MANAGED_PKG|
18:48:52.4 (35854573)|HEAP_ALLOCATE|[455]|Bytes:8
18:48:52.4 (35864626)|HEAP_ALLOCATE|[455]|Bytes:11
18:48:52.4 (35871219)|HEAP_ALLOCATE|[455]|Bytes:79
18:48:52.4 (35881346)|ENTERING_MANAGED_PKG|
18:48:52.4 (35909654)|HEAP_ALLOCATE|[455]|Bytes:8
18:48:52.4 (35919048)|HEAP_ALLOCATE|[455]|Bytes:11
18:48:52.4 (35924466)|HEAP_ALLOCATE|[455]|Bytes:25
18:48:52.4 (35928103)|HEAP_ALLOCATE|[455]|Bytes:104
18:48:52.4 (35937613)|ENTERING_MANAGED_PKG|
18:48:52.4 (35940829)|USER_DEBUG|[455]|DEBUG|This is not accessible: createddate### label: Created Date ## name: CreatedDate## localname: CreatedDate
18:48:52.4 (35954597)|HEAP_ALLOCATE|[421]|Bytes:5
18:48:52.4 (35966307)|VARIABLE_SCOPE_BEGIN|[421]|sfield|String|false|false
18:48:52.4 (35975658)|VARIABLE_ASSIGNMENT|[421]|sfield|"createdbyid"
18:48:52.4 (35980523)|STATEMENT_EXECUTE|[421]
18:48:52.4 (35995551)|ENTERING_MANAGED_PKG|
18:48:52.4 (36140701)|HEAP_ALLOCATE|[423]|Bytes:8
18:48:52.4 (36155974)|STATEMENT_EXECUTE|[454]
18:48:52.4 (36157620)|STATEMENT_EXECUTE|[455]
18:48:52.4 (36168143)|ENTERING_MANAGED_PKG|
18:48:52.4 (36199776)|HEAP_ALLOCATE|[455]|Bytes:8
18:48:52.4 (36211231)|HEAP_ALLOCATE|[455]|Bytes:13
18:48:52.4 (36221412)|ENTERING_MANAGED_PKG|
18:48:52.4 (36249795)|HEAP_ALLOCATE|[455]|Bytes:8
18:48:52.4 (36259812)|HEAP_ALLOCATE|[455]|Bytes:11
18:48:52.4 (36266027)|HEAP_ALLOCATE|[455]|Bytes:80
18:48:52.4 (36276148)|ENTERING_MANAGED_PKG|
18:48:52.4 (36311027)|HEAP_ALLOCATE|[455]|Bytes:8
18:48:52.4 (36327379)|HEAP_ALLOCATE|[455]|Bytes:11
18:48:52.4 (36337699)|HEAP_ALLOCATE|[455]|Bytes:25
18:48:52.4 (36345233)|HEAP_ALLOCATE|[455]|Bytes:105
18:48:52.4 (36359859)|ENTERING_MANAGED_PKG|
18:48:52.4 (36363777)|USER_DEBUG|[455]|DEBUG|This is not accessible: createdbyid### label: Created By ID ## name: CreatedById## localname: CreatedById
18:48:52.4 (36378681)|HEAP_ALLOCATE|[421]|Bytes:5
18:48:52.4 (36390549)|VARIABLE_SCOPE_BEGIN|[421]|sfield|String|false|false
18:48:52.4 (36398786)|VARIABLE_ASSIGNMENT|[421]|sfield|"lastmodifieddate"
18:48:52.4 (36401535)|STATEMENT_EXECUTE|[421]
18:48:52.4 (36410027)|ENTERING_MANAGED_PKG|
18:48:52.4 (36530618)|HEAP_ALLOCATE|[423]|Bytes:8
18:48:52.4 (36545005)|STATEMENT_EXECUTE|[454]
18:48:52.4 (36546594)|STATEMENT_EXECUTE|[455]
18:48:52.4 (36556906)|ENTERING_MANAGED_PKG|
18:48:52.4 (36601586)|HEAP_ALLOCATE|[455]|Bytes:8
18:48:52.4 (36620178)|HEAP_ALLOCATE|[455]|Bytes:18
18:48:52.4 (36638473)|ENTERING_MANAGED_PKG|
18:48:52.4 (36673387)|HEAP_ALLOCATE|[455]|Bytes:8
18:48:52.4 (36684052)|HEAP_ALLOCATE|[455]|Bytes:16
18:48:52.4 (36690270)|HEAP_ALLOCATE|[455]|Bytes:95
18:48:52.4 (36700520)|ENTERING_MANAGED_PKG|
18:48:52.4 (36729042)|HEAP_ALLOCATE|[455]|Bytes:8
18:48:52.4 (36738565)|HEAP_ALLOCATE|[455]|Bytes:16
18:48:52.4 (36743960)|HEAP_ALLOCATE|[455]|Bytes:30
18:48:52.4 (36747669)|HEAP_ALLOCATE|[455]|Bytes:125
18:48:52.4 (36757210)|ENTERING_MANAGED_PKG|
18:48:52.4 (36760366)|USER_DEBUG|[455]|DEBUG|This is not accessible: lastmodifieddate### label: Last Modified Date ## name: LastModifiedDate## localname: LastModifiedDate
18:48:52.4 (36773991)|HEAP_ALLOCATE|[421]|Bytes:5
18:48:52.4 (36785728)|VARIABLE_SCOPE_BEGIN|[421]|sfield|String|false|false
18:48:52.4 (36794031)|VARIABLE_ASSIGNMENT|[421]|sfield|"lastmodifiedbyid"
18:48:52.4 (36796853)|STATEMENT_EXECUTE|[421]
18:48:52.4 (36805222)|ENTERING_MANAGED_PKG|
18:48:52.4 (36945392)|HEAP_ALLOCATE|[423]|Bytes:8
18:48:52.4 (36965732)|STATEMENT_EXECUTE|[454]
18:48:52.4 (36969205)|STATEMENT_EXECUTE|[455]
18:48:52.4 (36985468)|ENTERING_MANAGED_PKG|
18:48:52.4 (37038595)|HEAP_ALLOCATE|[455]|Bytes:8
18:48:52.4 (37058211)|HEAP_ALLOCATE|[455]|Bytes:19
18:48:52.4 (37076791)|ENTERING_MANAGED_PKG|
18:48:52.4 (37117864)|HEAP_ALLOCATE|[455]|Bytes:8
18:48:52.4 (37128805)|HEAP_ALLOCATE|[455]|Bytes:16
18:48:52.4 (37135048)|HEAP_ALLOCATE|[455]|Bytes:96
18:48:52.4 (37145637)|ENTERING_MANAGED_PKG|
18:48:52.4 (37174787)|HEAP_ALLOCATE|[455]|Bytes:8
18:48:52.4 (37184153)|HEAP_ALLOCATE|[455]|Bytes:16
18:48:52.4 (37189566)|HEAP_ALLOCATE|[455]|Bytes:30
18:48:52.4 (37193167)|HEAP_ALLOCATE|[455]|Bytes:126
18:48:52.4 (37202525)|ENTERING_MANAGED_PKG|
18:48:52.4 (37205692)|USER_DEBUG|[455]|DEBUG|This is not accessible: lastmodifiedbyid### label: Last Modified By ID ## name: LastModifiedById## localname: LastModifiedById
18:48:52.4 (37219926)|HEAP_ALLOCATE|[421]|Bytes:5
18:48:52.4 (37231693)|VARIABLE_SCOPE_BEGIN|[421]|sfield|String|false|false
18:48:52.4 (37239563)|VARIABLE_ASSIGNMENT|[421]|sfield|"systemmodstamp"
18:48:52.4 (37242451)|STATEMENT_EXECUTE|[421]
18:48:52.4 (37251009)|ENTERING_MANAGED_PKG|
18:48:52.4 (37358101)|HEAP_ALLOCATE|[423]|Bytes:8
18:48:52.4 (37371790)|STATEMENT_EXECUTE|[454]
18:48:52.4 (37373373)|STATEMENT_EXECUTE|[455]
18:48:52.4 (37383776)|ENTERING_MANAGED_PKG|
18:48:52.4 (37414767)|HEAP_ALLOCATE|[455]|Bytes:8
18:48:52.4 (37425752)|HEAP_ALLOCATE|[455]|Bytes:15
18:48:52.4 (37435706)|ENTERING_MANAGED_PKG|
18:48:52.4 (37463944)|HEAP_ALLOCATE|[455]|Bytes:8
18:48:52.4 (37473924)|HEAP_ALLOCATE|[455]|Bytes:14
18:48:52.4 (37480049)|HEAP_ALLOCATE|[455]|Bytes:88
18:48:52.4 (37489888)|ENTERING_MANAGED_PKG|
18:48:52.4 (37518025)|HEAP_ALLOCATE|[455]|Bytes:8
18:48:52.4 (37527393)|HEAP_ALLOCATE|[455]|Bytes:14
18:48:52.4 (37533103)|HEAP_ALLOCATE|[455]|Bytes:28
18:48:52.4 (37536697)|HEAP_ALLOCATE|[455]|Bytes:116
18:48:52.4 (37546035)|ENTERING_MANAGED_PKG|
18:48:52.4 (37549229)|USER_DEBUG|[455]|DEBUG|This is not accessible: systemmodstamp### label: System Modstamp ## name: SystemModstamp## localname: SystemModstamp
18:48:52.4 (37562889)|HEAP_ALLOCATE|[421]|Bytes:5
18:48:52.4 (37579253)|VARIABLE_SCOPE_BEGIN|[421]|sfield|String|false|false
18:48:52.4 (37587037)|VARIABLE_ASSIGNMENT|[421]|sfield|"lastvieweddate"
18:48:52.4 (37589770)|STATEMENT_EXECUTE|[421]
18:48:52.4 (37598719)|ENTERING_MANAGED_PKG|
18:48:52.4 (37702871)|HEAP_ALLOCATE|[423]|Bytes:8
18:48:52.4 (37716560)|STATEMENT_EXECUTE|[454]
18:48:52.4 (37718226)|STATEMENT_EXECUTE|[455]
18:48:52.4 (37728472)|ENTERING_MANAGED_PKG|
18:48:52.4 (37759074)|HEAP_ALLOCATE|[455]|Bytes:8
18:48:52.4 (37770028)|HEAP_ALLOCATE|[455]|Bytes:16
18:48:52.4 (37780138)|ENTERING_MANAGED_PKG|
18:48:52.4 (37808214)|HEAP_ALLOCATE|[455]|Bytes:8
18:48:52.4 (37818036)|HEAP_ALLOCATE|[455]|Bytes:14
18:48:52.4 (37824534)|HEAP_ALLOCATE|[455]|Bytes:89
18:48:52.4 (37834555)|ENTERING_MANAGED_PKG|
18:48:52.4 (37862909)|HEAP_ALLOCATE|[455]|Bytes:8
18:48:52.4 (37872271)|HEAP_ALLOCATE|[455]|Bytes:14
18:48:52.4 (37877640)|HEAP_ALLOCATE|[455]|Bytes:28
18:48:52.4 (37881194)|HEAP_ALLOCATE|[455]|Bytes:117
18:48:52.4 (37890387)|ENTERING_MANAGED_PKG|
18:48:52.4 (37893526)|USER_DEBUG|[455]|DEBUG|This is not accessible: lastvieweddate### label: Last Viewed Date ## name: LastViewedDate## localname: LastViewedDate
18:48:52.4 (37906721)|HEAP_ALLOCATE|[421]|Bytes:5
18:48:52.4 (37918161)|VARIABLE_SCOPE_BEGIN|[421]|sfield|String|false|false
18:48:52.4 (37925953)|VARIABLE_ASSIGNMENT|[421]|sfield|"lastreferenceddate"
18:48:52.4 (37928800)|STATEMENT_EXECUTE|[421]
18:48:52.4 (37937340)|ENTERING_MANAGED_PKG|
18:48:52.4 (38039805)|HEAP_ALLOCATE|[423]|Bytes:8
18:48:52.4 (38054234)|STATEMENT_EXECUTE|[454]
18:48:52.4 (38055868)|STATEMENT_EXECUTE|[455]
18:48:52.4 (38066188)|ENTERING_MANAGED_PKG|
18:48:52.4 (38097334)|HEAP_ALLOCATE|[455]|Bytes:8
18:48:52.4 (38108822)|HEAP_ALLOCATE|[455]|Bytes:20
18:48:52.4 (38118972)|ENTERING_MANAGED_PKG|
18:48:52.4 (38147386)|HEAP_ALLOCATE|[455]|Bytes:8
18:48:52.4 (38157562)|HEAP_ALLOCATE|[455]|Bytes:18
18:48:52.4 (38163720)|HEAP_ALLOCATE|[455]|Bytes:101
18:48:52.4 (38173720)|ENTERING_MANAGED_PKG|
18:48:52.4 (38202088)|HEAP_ALLOCATE|[455]|Bytes:8
18:48:52.4 (38211603)|HEAP_ALLOCATE|[455]|Bytes:18
18:48:52.4 (38220357)|HEAP_ALLOCATE|[455]|Bytes:32
18:48:52.4 (38224353)|HEAP_ALLOCATE|[455]|Bytes:133
18:48:52.4 (38233920)|ENTERING_MANAGED_PKG|
18:48:52.4 (38237093)|USER_DEBUG|[455]|DEBUG|This is not accessible: lastreferenceddate### label: Last Referenced Date ## name: LastReferencedDate## localname: LastReferencedDate
18:48:52.4 (38250919)|HEAP_ALLOCATE|[421]|Bytes:5
18:48:52.4 (38262176)|VARIABLE_SCOPE_BEGIN|[421]|sfield|String|false|false
18:48:52.4 (38272573)|VARIABLE_ASSIGNMENT|[421]|sfield|"shiva15testns__amoun (4 more) ..."
18:48:52.4 (38275435)|STATEMENT_EXECUTE|[421]
18:48:52.4 (38284227)|ENTERING_MANAGED_PKG|
18:48:52.4 (38949909)|HEAP_ALLOCATE|[423]|Bytes:8
18:48:52.4 (38969320)|STATEMENT_EXECUTE|[423]
18:48:52.4 (38972013)|STATEMENT_EXECUTE|[424]
18:48:52.4 (38989191)|ENTERING_MANAGED_PKG|
18:48:52.4 (39073098)|HEAP_ALLOCATE|[424]|Bytes:8
18:48:52.4 (39097035)|HEAP_ALLOCATE|[424]|Bytes:6
18:48:52.4 (39105156)|VARIABLE_SCOPE_BEGIN|[424]|labelOfField|String|false|false
18:48:52.4 (39117268)|VARIABLE_ASSIGNMENT|[424]|labelOfField|"Amount"
18:48:52.4 (39133860)|ENTERING_MANAGED_PKG|
18:48:52.4 (39179673)|STATEMENT_EXECUTE|[427]
18:48:52.4 (39185674)|STATEMENT_EXECUTE|[429]
18:48:52.4 (39209433)|ENTERING_MANAGED_PKG|
18:48:52.4 (39270356)|HEAP_ALLOCATE|[429]|Bytes:4
18:48:52.4 (39329511)|VARIABLE_SCOPE_BEGIN|[429]|sObjResult|Schema.DescribeSObjectResult|true|false
18:48:52.4 (39455245)|VARIABLE_ASSIGNMENT|[429]|sObjResult|"common.api.soap.wsdl.DescribeSObjectResult@834149e"|0x24238308
18:48:52.4 (39464951)|HEAP_ALLOCATE|[430]|Bytes:7
18:48:52.4 (39493734)|HEAP_ALLOCATE|[430]|Bytes:7
18:48:52.4 (39524474)|STATEMENT_EXECUTE|[430]
18:48:52.4 (39527868)|STATEMENT_EXECUTE|[431]
18:48:52.4 (39533008)|HEAP_ALLOCATE|[431]|Bytes:42
18:48:52.4 (39552085)|ENTERING_MANAGED_PKG|
18:48:52.4 (39635652)|HEAP_ALLOCATE|[431]|Bytes:8
18:48:52.4 (39655801)|HEAP_ALLOCATE|[431]|Bytes:24
18:48:52.4 (39666959)|HEAP_ALLOCATE|[431]|Bytes:117
18:48:52.4 (39684261)|ENTERING_MANAGED_PKG|
18:48:52.4 (39731367)|HEAP_ALLOCATE|[431]|Bytes:8
18:48:52.4 (39749176)|HEAP_ALLOCATE|[431]|Bytes:9
18:48:52.4 (39759090)|HEAP_ALLOCATE|[431]|Bytes:23
18:48:52.4 (39766479)|HEAP_ALLOCATE|[431]|Bytes:140
18:48:52.4 (39782441)|ENTERING_MANAGED_PKG|
18:48:52.4 (39787211)|USER_DEBUG|[431]|DEBUG|this is the wanted Field Name ### sfield: shiva15testns__amount__c### label: Amount ## name: shiva15testns__Amount__c## localname: Amount__c
18:48:52.4 (39797051)|STATEMENT_EXECUTE|[432]
18:48:52.4 (39807638)|HEAP_ALLOCATE|[432]|Bytes:4
18:48:52.4 (40236352)|HEAP_ALLOCATE|[432]|Bytes:16
18:48:52.4 (40283292)|CONSTRUCTOR_ENTRY|[432]|01p36000005Jpvx|<init>(String,String,shiva15testns.PermissionSetPortalControllers.FieldPermissionsClass)
18:48:52.4 (40327613)|VARIABLE_SCOPE_BEGIN|[1045]|this|shiva15testns.PermissionSetPortalControllers.FieldDetailsClass|true|false
18:48:52.4 (40386630)|VARIABLE_ASSIGNMENT|[1045]|this|{}|0x748ea0b9
18:48:52.4 (40394880)|VARIABLE_SCOPE_BEGIN|[1045]|fieldName|String|false|false
18:48:52.4 (40404522)|VARIABLE_ASSIGNMENT|[1045]|fieldName|"shiva15testns__amoun (4 more) ..."
18:48:52.4 (40409697)|VARIABLE_SCOPE_BEGIN|[1045]|fieldLabel|String|false|false
18:48:52.4 (40415300)|VARIABLE_ASSIGNMENT|[1045]|fieldLabel|"Amount"
18:48:52.4 (40420498)|VARIABLE_SCOPE_BEGIN|[1045]|fieldPermissions|shiva15testns.PermissionSetPortalControllers.FieldPermissionsClass|true|false
18:48:52.4 (40426331)|VARIABLE_ASSIGNMENT|[1045]|fieldPermissions|null|
18:48:52.4 (40431112)|STATEMENT_EXECUTE|[1036]
18:48:52.4 (40433628)|STATEMENT_EXECUTE|[1039]
18:48:52.4 (40435743)|STATEMENT_EXECUTE|[1041]
18:48:52.4 (40437835)|STATEMENT_EXECUTE|[1043]
18:48:52.4 (40450040)|HEAP_ALLOCATE|[1046]|Bytes:6
18:48:52.4 (40495063)|STATEMENT_EXECUTE|[1045]
18:48:52.4 (40498213)|STATEMENT_EXECUTE|[1046]
18:48:52.4 (40520964)|VARIABLE_ASSIGNMENT|[1046]|this.fieldName|"shiva15testns__amoun (4 more) ..."|0x748ea0b9
18:48:52.4 (40525907)|STATEMENT_EXECUTE|[1047]
18:48:52.4 (40535193)|VARIABLE_ASSIGNMENT|[1047]|this.fieldLabel|"Amount"|0x748ea0b9
18:48:52.4 (40538640)|STATEMENT_EXECUTE|[1048]
18:48:52.4 (40547866)|VARIABLE_ASSIGNMENT|[1048]|this.fieldPermissions|null|0x748ea0b9
18:48:52.4 (40560749)|CONSTRUCTOR_EXIT|[432]|01p36000005Jpvx|<init>(String,String,shiva15testns.PermissionSetPortalControllers.FieldPermissionsClass)
18:48:52.4 (40592623)|VARIABLE_ASSIGNMENT|[432]|fieldClassObj|{"fieldLabel":"Amount","fieldName":"shiva15testns__amoun (4 more) ..."}|0x748ea0b9
18:48:52.4 (40597657)|STATEMENT_EXECUTE|[433]
18:48:52.4 (40619069)|ENTERING_MANAGED_PKG|
18:48:52.4 (40654204)|HEAP_ALLOCATE|[EXTERNAL]|Bytes:4
18:48:52.4 (40664985)|STATEMENT_EXECUTE|[434]
18:48:52.4 (40678898)|ENTERING_MANAGED_PKG|
18:48:52.4 (40703514)|HEAP_ALLOCATE|[EXTERNAL]|Bytes:4
18:48:52.4 (40725813)|HEAP_ALLOCATE|[421]|Bytes:5
18:48:52.4 (40744021)|VARIABLE_SCOPE_BEGIN|[421]|sfield|String|false|false
18:48:52.4 (40755694)|VARIABLE_ASSIGNMENT|[421]|sfield|"shiva15testns__clien (4 more) ..."
18:48:52.4 (40759789)|STATEMENT_EXECUTE|[421]
18:48:52.4 (40773794)|ENTERING_MANAGED_PKG|
18:48:52.4 (40957935)|HEAP_ALLOCATE|[423]|Bytes:8
18:48:52.4 (40976107)|STATEMENT_EXECUTE|[423]
18:48:52.4 (40978522)|STATEMENT_EXECUTE|[424]
18:48:52.4 (40991157)|ENTERING_MANAGED_PKG|
18:48:52.4 (41035176)|HEAP_ALLOCATE|[424]|Bytes:8
18:48:52.4 (41051687)|HEAP_ALLOCATE|[424]|Bytes:6
18:48:52.4 (41059002)|VARIABLE_SCOPE_BEGIN|[424]|labelOfField|String|false|false
18:48:52.4 (41069396)|VARIABLE_ASSIGNMENT|[424]|labelOfField|"Client"
18:48:52.4 (41083137)|ENTERING_MANAGED_PKG|
18:48:52.4 (41095551)|STATEMENT_EXECUTE|[427]
18:48:52.4 (41098171)|STATEMENT_EXECUTE|[429]
18:48:52.4 (41107968)|ENTERING_MANAGED_PKG|
18:48:52.4 (41135683)|HEAP_ALLOCATE|[429]|Bytes:4
18:48:52.4 (41145608)|VARIABLE_SCOPE_BEGIN|[429]|sObjResult|Schema.DescribeSObjectResult|true|false
18:48:52.4 (41230103)|VARIABLE_ASSIGNMENT|[429]|sObjResult|"common.api.soap.wsdl.DescribeSObjectResult@834149e"|0x2f87461b
18:48:52.4 (41260444)|STATEMENT_EXECUTE|[430]
18:48:52.4 (41263485)|STATEMENT_EXECUTE|[431]
18:48:52.4 (41279009)|ENTERING_MANAGED_PKG|
18:48:52.4 (41324723)|HEAP_ALLOCATE|[431]|Bytes:8
18:48:52.4 (41339280)|HEAP_ALLOCATE|[431]|Bytes:24
18:48:52.4 (41347849)|HEAP_ALLOCATE|[431]|Bytes:117
18:48:52.4 (41362775)|ENTERING_MANAGED_PKG|
18:48:52.4 (41406534)|HEAP_ALLOCATE|[431]|Bytes:8
18:48:52.4 (41420254)|HEAP_ALLOCATE|[431]|Bytes:9
18:48:52.4 (41428434)|HEAP_ALLOCATE|[431]|Bytes:23
18:48:52.4 (41434296)|HEAP_ALLOCATE|[431]|Bytes:140
18:48:52.4 (41447793)|ENTERING_MANAGED_PKG|
18:48:52.4 (41452564)|USER_DEBUG|[431]|DEBUG|this is the wanted Field Name ### sfield: shiva15testns__client__c### label: Client ## name: shiva15testns__Client__c## localname: Client__c
18:48:52.4 (41461747)|STATEMENT_EXECUTE|[432]
18:48:52.4 (41468132)|HEAP_ALLOCATE|[432]|Bytes:16
18:48:52.4 (41482851)|CONSTRUCTOR_ENTRY|[432]|01p36000005Jpvx|<init>(String,String,shiva15testns.PermissionSetPortalControllers.FieldPermissionsClass)
18:48:52.4 (41490795)|VARIABLE_SCOPE_BEGIN|[1045]|this|shiva15testns.PermissionSetPortalControllers.FieldDetailsClass|true|false
18:48:52.4 (41513114)|VARIABLE_ASSIGNMENT|[1045]|this|{}|0x99b3756
18:48:52.4 (41517286)|VARIABLE_SCOPE_BEGIN|[1045]|fieldName|String|false|false
18:48:52.4 (41525808)|VARIABLE_ASSIGNMENT|[1045]|fieldName|"shiva15testns__clien (4 more) ..."
18:48:52.4 (41528875)|VARIABLE_SCOPE_BEGIN|[1045]|fieldLabel|String|false|false
18:48:52.4 (41533748)|VARIABLE_ASSIGNMENT|[1045]|fieldLabel|"Client"
18:48:52.4 (41536541)|VARIABLE_SCOPE_BEGIN|[1045]|fieldPermissions|shiva15testns.PermissionSetPortalControllers.FieldPermissionsClass|true|false
18:48:52.4 (41545858)|VARIABLE_ASSIGNMENT|[1045]|fieldPermissions|null|
18:48:52.4 (41550447)|STATEMENT_EXECUTE|[1036]
18:48:52.4 (41552829)|STATEMENT_EXECUTE|[1039]
18:48:52.4 (41555424)|STATEMENT_EXECUTE|[1041]
18:48:52.4 (41557436)|STATEMENT_EXECUTE|[1043]
18:48:52.4 (41578727)|STATEMENT_EXECUTE|[1045]
18:48:52.4 (41581517)|STATEMENT_EXECUTE|[1046]
18:48:52.4 (41594256)|VARIABLE_ASSIGNMENT|[1046]|this.fieldName|"shiva15testns__clien (4 more) ..."|0x99b3756
18:48:52.4 (41598079)|STATEMENT_EXECUTE|[1047]
18:48:52.4 (41608715)|VARIABLE_ASSIGNMENT|[1047]|this.fieldLabel|"Client"|0x99b3756
18:48:52.4 (41611902)|STATEMENT_EXECUTE|[1048]
18:48:52.4 (41619266)|VARIABLE_ASSIGNMENT|[1048]|this.fieldPermissions|null|0x99b3756
18:48:52.4 (41631373)|CONSTRUCTOR_EXIT|[432]|01p36000005Jpvx|<init>(String,String,shiva15testns.PermissionSetPortalControllers.FieldPermissionsClass)
18:48:52.4 (41655111)|VARIABLE_ASSIGNMENT|[432]|fieldClassObj|{"fieldLabel":"Client","fieldName":"shiva15testns__clien (4 more) ..."}|0x99b3756
18:48:52.4 (41660375)|STATEMENT_EXECUTE|[433]
18:48:52.4 (41675594)|ENTERING_MANAGED_PKG|
18:48:52.4 (41681531)|HEAP_ALLOCATE|[EXTERNAL]|Bytes:4
18:48:52.4 (41690117)|STATEMENT_EXECUTE|[434]
18:48:52.4 (41699642)|ENTERING_MANAGED_PKG|
18:48:52.4 (41704451)|HEAP_ALLOCATE|[EXTERNAL]|Bytes:4
18:48:52.4 (41721988)|HEAP_ALLOCATE|[421]|Bytes:5
18:48:52.4 (41739462)|VARIABLE_SCOPE_BEGIN|[421]|sfield|String|false|false
18:48:52.4 (41750393)|VARIABLE_ASSIGNMENT|[421]|sfield|"shiva15testns__date_ (2 more) ..."
18:48:52.4 (41754139)|STATEMENT_EXECUTE|[421]
18:48:52.4 (41765353)|ENTERING_MANAGED_PKG|
18:48:52.4 (41937914)|HEAP_ALLOCATE|[423]|Bytes:8
18:48:52.4 (41955225)|STATEMENT_EXECUTE|[423]
18:48:52.4 (41957783)|STATEMENT_EXECUTE|[424]
18:48:52.4 (41970878)|ENTERING_MANAGED_PKG|
18:48:52.4 (42015884)|HEAP_ALLOCATE|[424]|Bytes:8
18:48:52.4 (42032488)|HEAP_ALLOCATE|[424]|Bytes:4
18:48:52.4 (42039224)|VARIABLE_SCOPE_BEGIN|[424]|labelOfField|String|false|false
18:48:52.4 (42049402)|VARIABLE_ASSIGNMENT|[424]|labelOfField|"Date"
18:48:52.4 (42063388)|ENTERING_MANAGED_PKG|
18:48:52.4 (42075501)|STATEMENT_EXECUTE|[427]
18:48:52.4 (42077787)|STATEMENT_EXECUTE|[429]
18:48:52.4 (42087081)|ENTERING_MANAGED_PKG|
18:48:52.4 (42113912)|HEAP_ALLOCATE|[429]|Bytes:4
18:48:52.4 (42123357)|VARIABLE_SCOPE_BEGIN|[429]|sObjResult|Schema.DescribeSObjectResult|true|false
18:48:52.4 (42201869)|VARIABLE_ASSIGNMENT|[429]|sObjResult|"common.api.soap.wsdl.DescribeSObjectResult@834149e"|0x11af1e30
18:48:52.4 (42230845)|STATEMENT_EXECUTE|[430]
18:48:52.4 (42233434)|STATEMENT_EXECUTE|[431]
18:48:52.4 (42248402)|ENTERING_MANAGED_PKG|
18:48:52.4 (42294406)|HEAP_ALLOCATE|[431]|Bytes:8
18:48:52.4 (42308723)|HEAP_ALLOCATE|[431]|Bytes:22
18:48:52.4 (42317789)|HEAP_ALLOCATE|[431]|Bytes:111
18:48:52.4 (42332489)|ENTERING_MANAGED_PKG|
18:48:52.4 (42376287)|HEAP_ALLOCATE|[431]|Bytes:8
18:48:52.4 (42389675)|HEAP_ALLOCATE|[431]|Bytes:7
18:48:52.4 (42397290)|HEAP_ALLOCATE|[431]|Bytes:21
18:48:52.4 (42403644)|HEAP_ALLOCATE|[431]|Bytes:132
18:48:52.4 (42417037)|ENTERING_MANAGED_PKG|
18:48:52.4 (42421913)|USER_DEBUG|[431]|DEBUG|this is the wanted Field Name ### sfield: shiva15testns__date__c### label: Date ## name: shiva15testns__Date__c## localname: Date__c
18:48:52.4 (42430592)|STATEMENT_EXECUTE|[432]
18:48:52.4 (42436806)|HEAP_ALLOCATE|[432]|Bytes:16
18:48:52.4 (42450436)|CONSTRUCTOR_ENTRY|[432]|01p36000005Jpvx|<init>(String,String,shiva15testns.PermissionSetPortalControllers.FieldPermissionsClass)
18:48:52.4 (42458279)|VARIABLE_SCOPE_BEGIN|[1045]|this|shiva15testns.PermissionSetPortalControllers.FieldDetailsClass|true|false
18:48:52.4 (42480117)|VARIABLE_ASSIGNMENT|[1045]|this|{}|0x41deaad4
18:48:52.4 (42484439)|VARIABLE_SCOPE_BEGIN|[1045]|fieldName|String|false|false
18:48:52.4 (42492772)|VARIABLE_ASSIGNMENT|[1045]|fieldName|"shiva15testns__date_ (2 more) ..."
18:48:52.4 (42495940)|VARIABLE_SCOPE_BEGIN|[1045]|fieldLabel|String|false|false
18:48:52.4 (42500962)|VARIABLE_ASSIGNMENT|[1045]|fieldLabel|"Date"
18:48:52.4 (42503896)|VARIABLE_SCOPE_BEGIN|[1045]|fieldPermissions|shiva15testns.PermissionSetPortalControllers.FieldPermissionsClass|true|false
18:48:52.4 (42508919)|VARIABLE_ASSIGNMENT|[1045]|fieldPermissions|null|
18:48:52.4 (42513209)|STATEMENT_EXECUTE|[1036]
18:48:52.4 (42515353)|STATEMENT_EXECUTE|[1039]
18:48:52.4 (42517582)|STATEMENT_EXECUTE|[1041]
18:48:52.4 (42519440)|STATEMENT_EXECUTE|[1043]
18:48:52.4 (42534939)|STATEMENT_EXECUTE|[1045]
18:48:52.4 (42537642)|STATEMENT_EXECUTE|[1046]
18:48:52.4 (42549380)|VARIABLE_ASSIGNMENT|[1046]|this.fieldName|"shiva15testns__date_ (2 more) ..."|0x41deaad4
18:48:52.4 (42552932)|STATEMENT_EXECUTE|[1047]
18:48:52.4 (42561262)|VARIABLE_ASSIGNMENT|[1047]|this.fieldLabel|"Date"|0x41deaad4
18:48:52.4 (42568522)|STATEMENT_EXECUTE|[1048]
18:48:52.4 (42576581)|VARIABLE_ASSIGNMENT|[1048]|this.fieldPermissions|null|0x41deaad4
18:48:52.4 (42588885)|CONSTRUCTOR_EXIT|[432]|01p36000005Jpvx|<init>(String,String,shiva15testns.PermissionSetPortalControllers.FieldPermissionsClass)
18:48:52.4 (42613886)|VARIABLE_ASSIGNMENT|[432]|fieldClassObj|{"fieldLabel":"Date","fieldName":"shiva15testns__date_ (2 more) ..."}|0x41deaad4
18:48:52.4 (42619298)|STATEMENT_EXECUTE|[433]
18:48:52.4 (42634886)|ENTERING_MANAGED_PKG|
18:48:52.4 (42640896)|HEAP_ALLOCATE|[EXTERNAL]|Bytes:4
18:48:52.4 (42649479)|STATEMENT_EXECUTE|[434]
18:48:52.4 (42658499)|ENTERING_MANAGED_PKG|
18:48:52.4 (42663166)|HEAP_ALLOCATE|[EXTERNAL]|Bytes:4
18:48:52.4 (42681221)|HEAP_ALLOCATE|[421]|Bytes:5
18:48:52.4 (42698703)|VARIABLE_SCOPE_BEGIN|[421]|sfield|String|false|false
18:48:52.4 (42709730)|VARIABLE_ASSIGNMENT|[421]|sfield|"shiva15testns__reimb (8 more) ..."
18:48:52.4 (42713929)|STATEMENT_EXECUTE|[421]
18:48:52.4 (42725531)|ENTERING_MANAGED_PKG|
18:48:52.4 (42898267)|HEAP_ALLOCATE|[423]|Bytes:8
18:48:52.4 (42916007)|STATEMENT_EXECUTE|[423]
18:48:52.4 (42918859)|STATEMENT_EXECUTE|[424]
18:48:52.4 (42930891)|ENTERING_MANAGED_PKG|
18:48:52.4 (42966513)|HEAP_ALLOCATE|[424]|Bytes:8
18:48:52.4 (42978067)|HEAP_ALLOCATE|[424]|Bytes:11
18:48:52.4 (42983206)|VARIABLE_SCOPE_BEGIN|[424]|labelOfField|String|false|false
18:48:52.4 (42991766)|VARIABLE_ASSIGNMENT|[424]|labelOfField|"Reimbursed?"
18:48:52.4 (43002240)|ENTERING_MANAGED_PKG|
18:48:52.4 (43012293)|STATEMENT_EXECUTE|[427]
18:48:52.4 (43014905)|STATEMENT_EXECUTE|[429]
18:48:52.4 (43025627)|ENTERING_MANAGED_PKG|
18:48:52.4 (43049629)|HEAP_ALLOCATE|[429]|Bytes:4
18:48:52.4 (43056762)|VARIABLE_SCOPE_BEGIN|[429]|sObjResult|Schema.DescribeSObjectResult|true|false
18:48:52.4 (43118643)|VARIABLE_ASSIGNMENT|[429]|sObjResult|"common.api.soap.wsdl.DescribeSObjectResult@834149e"|0x1c7ff8c4
18:48:52.4 (43149556)|STATEMENT_EXECUTE|[430]
18:48:52.4 (43153323)|STATEMENT_EXECUTE|[431]
18:48:52.4 (43171918)|ENTERING_MANAGED_PKG|
18:48:52.4 (43222262)|HEAP_ALLOCATE|[431]|Bytes:8
18:48:52.4 (43238029)|HEAP_ALLOCATE|[431]|Bytes:28
18:48:52.4 (43259263)|HEAP_ALLOCATE|[431]|Bytes:130
18:48:52.4 (43297438)|ENTERING_MANAGED_PKG|
18:48:52.4 (43355443)|HEAP_ALLOCATE|[431]|Bytes:8
18:48:52.4 (43371961)|HEAP_ALLOCATE|[431]|Bytes:13
18:48:52.4 (43382065)|HEAP_ALLOCATE|[431]|Bytes:27
18:48:52.4 (43388593)|HEAP_ALLOCATE|[431]|Bytes:157
18:48:52.4 (43406981)|ENTERING_MANAGED_PKG|
18:48:52.4 (43412622)|USER_DEBUG|[431]|DEBUG|this is the wanted Field Name ### sfield: shiva15testns__reimbursed__c### label: Reimbursed? ## name: shiva15testns__Reimbursed__c## localname: Reimbursed__c
18:48:52.4 (43423238)|STATEMENT_EXECUTE|[432]
18:48:52.4 (43429759)|HEAP_ALLOCATE|[432]|Bytes:16
18:48:52.4 (43447142)|CONSTRUCTOR_ENTRY|[432]|01p36000005Jpvx|<init>(String,String,shiva15testns.PermissionSetPortalControllers.FieldPermissionsClass)
18:48:52.4 (43456342)|VARIABLE_SCOPE_BEGIN|[1045]|this|shiva15testns.PermissionSetPortalControllers.FieldDetailsClass|true|false
18:48:52.4 (43481894)|VARIABLE_ASSIGNMENT|[1045]|this|{}|0x28c37995
18:48:52.4 (43487760)|VARIABLE_SCOPE_BEGIN|[1045]|fieldName|String|false|false
18:48:52.4 (43497695)|VARIABLE_ASSIGNMENT|[1045]|fieldName|"shiva15testns__reimb (8 more) ..."
18:48:52.4 (43501268)|VARIABLE_SCOPE_BEGIN|[1045]|fieldLabel|String|false|false
18:48:52.4 (43506631)|VARIABLE_ASSIGNMENT|[1045]|fieldLabel|"Reimbursed?"
18:48:52.4 (43509585)|VARIABLE_SCOPE_BEGIN|[1045]|fieldPermissions|shiva15testns.PermissionSetPortalControllers.FieldPermissionsClass|true|false
18:48:52.4 (43515370)|VARIABLE_ASSIGNMENT|[1045]|fieldPermissions|null|
18:48:52.4 (43519440)|STATEMENT_EXECUTE|[1036]
18:48:52.4 (43521567)|STATEMENT_EXECUTE|[1039]
18:48:52.4 (43523851)|STATEMENT_EXECUTE|[1041]
18:48:52.4 (43525708)|STATEMENT_EXECUTE|[1043]
18:48:52.4 (43545317)|STATEMENT_EXECUTE|[1045]
18:48:52.4 (43548609)|STATEMENT_EXECUTE|[1046]
18:48:52.4 (43569640)|VARIABLE_ASSIGNMENT|[1046]|this.fieldName|"shiva15testns__reimb (8 more) ..."|0x28c37995
18:48:52.4 (43574476)|STATEMENT_EXECUTE|[1047]
18:48:52.4 (43582976)|VARIABLE_ASSIGNMENT|[1047]|this.fieldLabel|"Reimbursed?"|0x28c37995
18:48:52.4 (43585166)|STATEMENT_EXECUTE|[1048]
18:48:52.4 (43589959)|VARIABLE_ASSIGNMENT|[1048]|this.fieldPermissions|null|0x28c37995
18:48:52.4 (43600418)|CONSTRUCTOR_EXIT|[432]|01p36000005Jpvx|<init>(String,String,shiva15testns.PermissionSetPortalControllers.FieldPermissionsClass)
18:48:52.4 (43620267)|VARIABLE_ASSIGNMENT|[432]|fieldClassObj|{"fieldLabel":"Reimbursed?","fieldName":"shiva15testns__reimb (8 more) ..."}|0x28c37995
18:48:52.4 (43624109)|STATEMENT_EXECUTE|[433]
18:48:52.4 (43636197)|ENTERING_MANAGED_PKG|
18:48:52.4 (43640871)|HEAP_ALLOCATE|[EXTERNAL]|Bytes:4
18:48:52.4 (43647430)|STATEMENT_EXECUTE|[434]
18:48:52.4 (43653216)|ENTERING_MANAGED_PKG|
18:48:52.4 (43655950)|HEAP_ALLOCATE|[EXTERNAL]|Bytes:4
18:48:52.4 (43668606)|HEAP_ALLOCATE|[421]|Bytes:5
18:48:52.4 (43680000)|VARIABLE_ASSIGNMENT|[421]|sfield|null
18:48:52.4 (43683962)|STATEMENT_EXECUTE|[459]
18:48:52.4 (43704884)|METHOD_ENTRY|[459]|01p36000005Jpvx|shiva15testns.PermissionSetPortalControllers.sortTheFieldLabels(List<shiva15testns.PermissionSetPortalControllers.FieldDetailsClass>)
18:48:52.4 (43729179)|VARIABLE_SCOPE_BEGIN|[475]|listOfFieldDetailsClass|List<shiva15testns.PermissionSetPortalControllers.FieldDetailsClass>|true|false
18:48:52.4 (43774863)|VARIABLE_ASSIGNMENT|[475]|listOfFieldDetailsClass|{"s":1,"v":[{"fieldLabel":"Amount","fieldName":"shiva15testns__amoun (4 more) ..."},{"fieldLabel":"Client","fieldName":"shiva15testns__clien (4 more) ..."},{"fieldLabel":"Date","fieldName":"shiva15testns__date_ (2 more) ..."},{"fieldLabel":"Reimbursed?","fieldName":"shiva15testns__reimb (8 more) ..."}]}|0x1e47e517
18:48:52.4 (43792393)|HEAP_ALLOCATE|[476]|Bytes:5
18:48:52.4 (43796685)|STATEMENT_EXECUTE|[475]
18:48:52.4 (43798161)|STATEMENT_EXECUTE|[476]
18:48:52.4 (43799513)|STATEMENT_EXECUTE|[476]
18:48:52.4 (43800715)|STATEMENT_EXECUTE|[478]
18:48:52.4 (43807281)|HEAP_ALLOCATE|[478]|Bytes:4
18:48:52.4 (43822010)|ENTERING_MANAGED_PKG|
18:48:52.4 (43837854)|VARIABLE_SCOPE_BEGIN|[478]|fieldNames|List<String>|true|false
18:48:52.4 (43878038)|HEAP_ALLOCATE|[EXTERNAL]|Bytes:4
18:48:52.4 (43890258)|VARIABLE_ASSIGNMENT|[478]|fieldNames|{"s":1,"v":[]}|0xcbf9b8a
18:48:52.4 (43895299)|STATEMENT_EXECUTE|[479]
18:48:52.4 (43902852)|HEAP_ALLOCATE|[479]|Bytes:4
18:48:52.4 (43920333)|ENTERING_MANAGED_PKG|
18:48:52.4 (43942948)|VARIABLE_SCOPE_BEGIN|[479]|finalFieldNameSortedList|List<shiva15testns.PermissionSetPortalControllers.FieldDetailsClass>|true|false
18:48:52.4 (43957986)|HEAP_ALLOCATE|[EXTERNAL]|Bytes:4
18:48:52.4 (43968762)|VARIABLE_ASSIGNMENT|[479]|finalFieldNameSortedList|{"s":1,"v":[]}|0x6fe5eb01
18:48:52.4 (43971865)|STATEMENT_EXECUTE|[480]
18:48:52.4 (44014295)|HEAP_ALLOCATE|[480]|Bytes:4
18:48:52.4 (44073410)|VARIABLE_SCOPE_BEGIN|[480]|mapForFieldLabelComparision|Map<String,shiva15testns.PermissionSetPortalControllers.FieldDetailsClass>|true|false
18:48:52.4 (44093869)|VARIABLE_ASSIGNMENT|[480]|mapForFieldLabelComparision|{"s":1,"v":{}}|0x5cd938b9
18:48:52.4 (44107831)|ENTERING_MANAGED_PKG|
18:48:52.4 (44326039)|HEAP_ALLOCATE|[482]|Bytes:5
18:48:52.4 (44339909)|HEAP_ALLOCATE|[482]|Bytes:16
18:48:52.4 (44347174)|VARIABLE_SCOPE_BEGIN|[482]|fieldObj|shiva15testns.PermissionSetPortalControllers.FieldDetailsClass|true|false
18:48:52.4 (44372889)|VARIABLE_ASSIGNMENT|[482]|fieldObj|{"fieldLabel":"Amount","fieldName":"shiva15testns__amoun (4 more) ..."}|0x748ea0b9
18:48:52.4 (44377848)|STATEMENT_EXECUTE|[482]
18:48:52.4 (44379339)|STATEMENT_EXECUTE|[483]
18:48:52.4 (44397261)|ENTERING_MANAGED_PKG|
18:48:52.4 (44419620)|HEAP_ALLOCATE|[EXTERNAL]|Bytes:4
18:48:52.4 (44427088)|STATEMENT_EXECUTE|[484]
18:48:52.4 (44444514)|ENTERING_MANAGED_PKG|
18:48:52.4 (44469992)|HEAP_ALLOCATE|[EXTERNAL]|Bytes:-4
18:48:52.4 (44485442)|HEAP_ALLOCATE|[482]|Bytes:5
18:48:52.4 (44494756)|HEAP_ALLOCATE|[482]|Bytes:16
18:48:52.4 (44500866)|VARIABLE_SCOPE_BEGIN|[482]|fieldObj|shiva15testns.PermissionSetPortalControllers.FieldDetailsClass|true|false
18:48:52.4 (44520922)|VARIABLE_ASSIGNMENT|[482]|fieldObj|{"fieldLabel":"Client","fieldName":"shiva15testns__clien (4 more) ..."}|0x99b3756
18:48:52.4 (44524679)|STATEMENT_EXECUTE|[482]
18:48:52.4 (44526063)|STATEMENT_EXECUTE|[483]
18:48:52.4 (44537705)|ENTERING_MANAGED_PKG|
18:48:52.4 (44541134)|HEAP_ALLOCATE|[EXTERNAL]|Bytes:4
18:48:52.4 (44546869)|STATEMENT_EXECUTE|[484]
18:48:52.4 (44553418)|ENTERING_MANAGED_PKG|
18:48:52.4 (44557904)|HEAP_ALLOCATE|[EXTERNAL]|Bytes:-4
18:48:52.4 (44574345)|HEAP_ALLOCATE|[482]|Bytes:5
18:48:52.4 (44583195)|HEAP_ALLOCATE|[482]|Bytes:16
18:48:52.4 (44588854)|VARIABLE_SCOPE_BEGIN|[482]|fieldObj|shiva15testns.PermissionSetPortalControllers.FieldDetailsClass|true|false
18:48:52.4 (44607673)|VARIABLE_ASSIGNMENT|[482]|fieldObj|{"fieldLabel":"Date","fieldName":"shiva15testns__date_ (2 more) ..."}|0x41deaad4
18:48:52.4 (44611455)|STATEMENT_EXECUTE|[482]
18:48:52.4 (44612998)|STATEMENT_EXECUTE|[483]
18:48:52.4 (44624461)|ENTERING_MANAGED_PKG|
18:48:52.4 (44627901)|HEAP_ALLOCATE|[EXTERNAL]|Bytes:4
18:48:52.4 (44633578)|STATEMENT_EXECUTE|[484]
18:48:52.4 (44639947)|ENTERING_MANAGED_PKG|
18:48:52.4 (44644353)|HEAP_ALLOCATE|[EXTERNAL]|Bytes:-4
18:48:52.4 (44655925)|HEAP_ALLOCATE|[482]|Bytes:5
18:48:52.4 (44664205)|HEAP_ALLOCATE|[482]|Bytes:16
18:48:52.4 (44669787)|VARIABLE_SCOPE_BEGIN|[482]|fieldObj|shiva15testns.PermissionSetPortalControllers.FieldDetailsClass|true|false
18:48:52.4 (44687582)|VARIABLE_ASSIGNMENT|[482]|fieldObj|{"fieldLabel":"Reimbursed?","fieldName":"shiva15testns__reimb (8 more) ..."}|0x28c37995
18:48:52.4 (44691206)|STATEMENT_EXECUTE|[482]
18:48:52.4 (44692472)|STATEMENT_EXECUTE|[483]
18:48:52.4 (44702777)|ENTERING_MANAGED_PKG|
18:48:52.4 (44706144)|HEAP_ALLOCATE|[EXTERNAL]|Bytes:4
18:48:52.4 (44711596)|STATEMENT_EXECUTE|[484]
18:48:52.4 (44717876)|ENTERING_MANAGED_PKG|
18:48:52.4 (44722190)|HEAP_ALLOCATE|[EXTERNAL]|Bytes:-4
18:48:52.4 (44734234)|HEAP_ALLOCATE|[482]|Bytes:5
18:48:52.4 (44744954)|VARIABLE_ASSIGNMENT|[482]|fieldObj|null|
18:48:52.4 (44748170)|STATEMENT_EXECUTE|[486]
18:48:52.4 (44758333)|ENTERING_MANAGED_PKG|
18:48:52.4 (44796797)|ENTERING_MANAGED_PKG|
18:48:52.4 (44821905)|HEAP_ALLOCATE|[488]|Bytes:5
18:48:52.4 (44832175)|HEAP_ALLOCATE|[488]|Bytes:6
18:48:52.4 (44839197)|VARIABLE_SCOPE_BEGIN|[488]|str|String|false|false
18:48:52.4 (44846502)|VARIABLE_ASSIGNMENT|[488]|str|"Amount"
18:48:52.4 (44849267)|STATEMENT_EXECUTE|[488]
18:48:52.4 (44860270)|ENTERING_MANAGED_PKG|
18:48:52.4 (44885385)|STATEMENT_EXECUTE|[489]
18:48:52.4 (44887532)|STATEMENT_EXECUTE|[490]
18:48:52.4 (44896663)|ENTERING_MANAGED_PKG|
18:48:52.4 (44924376)|ENTERING_MANAGED_PKG|
18:48:52.4 (44929510)|HEAP_ALLOCATE|[EXTERNAL]|Bytes:4
18:48:52.4 (44951394)|HEAP_ALLOCATE|[488]|Bytes:5
18:48:52.4 (44968035)|HEAP_ALLOCATE|[488]|Bytes:6
18:48:52.4 (44977518)|VARIABLE_SCOPE_BEGIN|[488]|str|String|false|false
18:48:52.4 (44987610)|VARIABLE_ASSIGNMENT|[488]|str|"Client"
18:48:52.4 (44991872)|STATEMENT_EXECUTE|[488]
18:48:52.4 (45005961)|ENTERING_MANAGED_PKG|
18:48:52.4 (45018799)|STATEMENT_EXECUTE|[489]
18:48:52.4 (45021559)|STATEMENT_EXECUTE|[490]
18:48:52.4 (45031162)|ENTERING_MANAGED_PKG|
18:48:52.4 (45048797)|ENTERING_MANAGED_PKG|
18:48:52.4 (45055394)|HEAP_ALLOCATE|[EXTERNAL]|Bytes:4
18:48:52.4 (45075174)|HEAP_ALLOCATE|[488]|Bytes:5
18:48:52.4 (45091440)|HEAP_ALLOCATE|[488]|Bytes:4
18:48:52.4 (45102510)|VARIABLE_SCOPE_BEGIN|[488]|str|String|false|false
18:48:52.4 (45113642)|VARIABLE_ASSIGNMENT|[488]|str|"Date"
18:48:52.4 (45118203)|STATEMENT_EXECUTE|[488]
18:48:52.4 (45133000)|ENTERING_MANAGED_PKG|
18:48:52.4 (45147179)|STATEMENT_EXECUTE|[489]
18:48:52.4 (45150417)|STATEMENT_EXECUTE|[490]
18:48:52.4 (45158886)|ENTERING_MANAGED_PKG|
18:48:52.4 (45170082)|ENTERING_MANAGED_PKG|
18:48:52.4 (45174031)|HEAP_ALLOCATE|[EXTERNAL]|Bytes:4
18:48:52.4 (45186798)|HEAP_ALLOCATE|[488]|Bytes:5
18:48:52.4 (45195411)|HEAP_ALLOCATE|[488]|Bytes:11
18:48:52.4 (45201456)|VARIABLE_SCOPE_BEGIN|[488]|str|String|false|false
18:48:52.4 (45209133)|VARIABLE_ASSIGNMENT|[488]|str|"Reimbursed?"
18:48:52.4 (45211704)|STATEMENT_EXECUTE|[488]
18:48:52.4 (45219698)|ENTERING_MANAGED_PKG|
18:48:52.4 (45226930)|STATEMENT_EXECUTE|[489]
18:48:52.4 (45228373)|STATEMENT_EXECUTE|[490]
18:48:52.4 (45233033)|ENTERING_MANAGED_PKG|
18:48:52.4 (45242542)|ENTERING_MANAGED_PKG|
18:48:52.4 (45246169)|HEAP_ALLOCATE|[EXTERNAL]|Bytes:4
18:48:52.4 (45257003)|HEAP_ALLOCATE|[488]|Bytes:5
18:48:52.4 (45266686)|VARIABLE_ASSIGNMENT|[488]|str|null
18:48:52.4 (45269675)|STATEMENT_EXECUTE|[493]
18:48:52.4 (45278890)|METHOD_EXIT|[459]|01p36000005Jpvx|shiva15testns.PermissionSetPortalControllers.sortTheFieldLabels(List<shiva15testns.PermissionSetPortalControllers.FieldDetailsClass>)
18:48:52.4 (45319495)|VARIABLE_ASSIGNMENT|[459]|individualObjectAllFieldsList|{"s":1,"v":[{"fieldLabel":"Amount","fieldName":"shiva15testns__amoun (4 more) ..."},{"fieldLabel":"Client","fieldName":"shiva15testns__clien (4 more) ..."},{"fieldLabel":"Date","fieldName":"shiva15testns__date_ (2 more) ..."},{"fieldLabel":"Reimbursed?","fieldName":"shiva15testns__reimb (8 more) ..."}]}|0x6fe5eb01
18:48:52.4 (45324443)|STATEMENT_EXECUTE|[460]
18:48:52.4 (45342462)|METHOD_ENTRY|[460]|01p36000005Jpvx|shiva15testns.PermissionSetPortalControllers.getFieldPermissions(String, String, List<shiva15testns.PermissionSetPortalControllers.FieldDetailsClass>)
18:48:52.4 (45368912)|VARIABLE_SCOPE_BEGIN|[507]|pSetId|String|false|false
18:48:52.4 (45380271)|VARIABLE_ASSIGNMENT|[507]|pSetId|"0PS36000000q71PGAQ"
18:48:52.4 (45387534)|VARIABLE_SCOPE_BEGIN|[507]|objName|String|false|false
18:48:52.4 (45396093)|VARIABLE_ASSIGNMENT|[507]|objName|"shiva15testns__expen (5 more) ..."
18:48:52.4 (45402889)|VARIABLE_SCOPE_BEGIN|[507]|individualObjectAllFieldsListAsInput|List<shiva15testns.PermissionSetPortalControllers.FieldDetailsClass>|true|false
18:48:52.4 (45447201)|VARIABLE_ASSIGNMENT|[507]|individualObjectAllFieldsListAsInput|{"s":1,"v":[{"fieldLabel":"Amount","fieldName":"shiva15testns__amoun (4 more) ..."},{"fieldLabel":"Client","fieldName":"shiva15testns__clien (4 more) ..."},{"fieldLabel":"Date","fieldName":"shiva15testns__date_ (2 more) ..."},{"fieldLabel":"Reimbursed?","fieldName":"shiva15testns__reimb (8 more) ..."}]}|0x6fe5eb01
18:48:52.4 (45458737)|HEAP_ALLOCATE|[510]|Bytes:5
18:48:52.4 (45462780)|STATEMENT_EXECUTE|[507]
18:48:52.4 (45464393)|STATEMENT_EXECUTE|[509]
18:48:52.4 (45468654)|HEAP_ALLOCATE|[510]|Bytes:163
18:48:52.4 (45477509)|HEAP_ALLOCATE|[510]|Bytes:4
18:48:52.4 (45488034)|HEAP_ALLOCATE|[510]|Bytes:7
18:48:52.4 (45502943)|HEAP_ALLOCATE|[510]|Bytes:7
18:48:52.4 (46675201)|SOQL_EXECUTE_BEGIN|[510]|Aggregations:0|SELECT Id, Field, Parent.Name, ParentId, SobjectType, PermissionsEdit, PermissionsRead FROM FieldPermissions WHERE (ParentId = :tmpVar1 AND SobjectType = :tmpVar2)
18:48:52.4 (82613454)|SOQL_EXECUTE_END|[510]|Rows:3
18:48:52.4 (82644844)|HEAP_ALLOCATE|[510]|Bytes:16
18:48:52.4 (82680884)|HEAP_ALLOCATE|[510]|Bytes:708
18:48:52.4 (82813964)|HEAP_ALLOCATE|[510]|Bytes:16
18:48:52.4 (82841331)|VARIABLE_SCOPE_BEGIN|[509]|FieldPermissionsList|List<FieldPermissions>|true|false
18:48:52.4 (82924673)|VARIABLE_ASSIGNMENT|[509]|FieldPermissionsList|{"s":1,"v":[{"s":2,"v":{"Id":"01k3600008wtgirAAA","Field":"shiva15testns__Expen (30 more) ...","ParentId":"0PS36000000q71PGAQ","SobjectType":"shiva15testns__Expen (5 more) ...","PermissionsEdit":false,"PermissionsRead":true,"Parent":{"s":3,"v":{"Name":"PermissionSet_Test_t (6 more) ...","Id":"0PS36000000q71PGAQ"}}}},{"s":4,"v":{"Id":"01k3600008wtgisAAA","Field":"shiva15testns__Expen (30 more) ...","ParentId":"0PS36000000q71PGAQ","SobjectType":"shiva15testns__Expen (5 more) ...","PermissionsEdit":true,"PermissionsRead":true,"Parent":{"r":3}}},{"s":5,"v":{"Id":"01k3600008wtgitAAA","Field":"shiva15testns__Expen (34 more) ...","ParentId":"0PS36000000q71PGAQ","SobjectType":"shiva15testns__Expen (5 more) ...","PermissionsEdit":true,"PermissionsRead":true,"Parent":{"r":3}}}]}|0xc3d9978
18:48:52.4 (82936530)|STATEMENT_EXECUTE|[512]
18:48:52.4 (82983939)|HEAP_ALLOCATE|[512]|Bytes:4
18:48:52.4 (83054023)|VARIABLE_SCOPE_BEGIN|[512]|fieldPermissionsListMap|Map<String,FieldPermissions>|true|false
18:48:52.4 (83074908)|VARIABLE_ASSIGNMENT|[512]|fieldPermissionsListMap|{"s":1,"v":{}}|0x8059893
18:48:52.4 (83154152)|ENTERING_MANAGED_PKG|
18:48:52.4 (83422495)|HEAP_ALLOCATE|[514]|Bytes:5
18:48:52.4 (83471396)|HEAP_ALLOCATE|[514]|Bytes:32
18:48:52.4 (83485299)|VARIABLE_SCOPE_BEGIN|[514]|fper|FieldPermissions|true|false
18:48:52.4 (83509916)|VARIABLE_ASSIGNMENT|[514]|fper|{"s":1,"v":{"Id":"01k3600008wtgirAAA","Field":"shiva15testns__Expen (30 more) ...","ParentId":"0PS36000000q71PGAQ","SobjectType":"shiva15testns__Expen (5 more) ...","PermissionsEdit":false,"PermissionsRead":true,"Parent":{"s":2,"v":{"Name":"PermissionSet_Test_t (6 more) ...","Id":"0PS36000000q71PGAQ"}}}}|0x39a11923
18:48:52.4 (83515312)|STATEMENT_EXECUTE|[514]
18:48:52.4 (83517043)|STATEMENT_EXECUTE|[515]
18:48:52.4 (83567653)|ENTERING_MANAGED_PKG|
18:48:52.4 (83591653)|HEAP_ALLOCATE|[515]|Bytes:50
18:48:52.4 (83615738)|ENTERING_MANAGED_PKG|
18:48:52.4 (83625041)|HEAP_ALLOCATE|[EXTERNAL]|Bytes:-4
18:48:52.4 (83640814)|HEAP_ALLOCATE|[514]|Bytes:5
18:48:52.4 (83662007)|HEAP_ALLOCATE|[514]|Bytes:32
18:48:52.4 (83670537)|VARIABLE_SCOPE_BEGIN|[514]|fper|FieldPermissions|true|false
18:48:52.4 (83692497)|VARIABLE_ASSIGNMENT|[514]|fper|{"s":1,"v":{"Id":"01k3600008wtgisAAA","Field":"shiva15testns__Expen (30 more) ...","ParentId":"0PS36000000q71PGAQ","SobjectType":"shiva15testns__Expen (5 more) ...","PermissionsEdit":true,"PermissionsRead":true,"Parent":{"s":2,"v":{"Name":"PermissionSet_Test_t (6 more) ...","Id":"0PS36000000q71PGAQ"}}}}|0x8fcdd73
18:48:52.4 (83697042)|STATEMENT_EXECUTE|[514]
18:48:52.4 (83701842)|STATEMENT_EXECUTE|[515]
18:48:52.4 (83724034)|ENTERING_MANAGED_PKG|
18:48:52.4 (83728719)|HEAP_ALLOCATE|[515]|Bytes:50
18:48:52.4 (83741984)|ENTERING_MANAGED_PKG|
18:48:52.4 (83746186)|HEAP_ALLOCATE|[EXTERNAL]|Bytes:-4
18:48:52.4 (83758637)|HEAP_ALLOCATE|[514]|Bytes:5
18:48:52.4 (83778795)|HEAP_ALLOCATE|[514]|Bytes:32
18:48:52.4 (83786866)|VARIABLE_SCOPE_BEGIN|[514]|fper|FieldPermissions|true|false
18:48:52.4 (83807629)|VARIABLE_ASSIGNMENT|[514]|fper|{"s":1,"v":{"Id":"01k3600008wtgitAAA","Field":"shiva15testns__Expen (34 more) ...","ParentId":"0PS36000000q71PGAQ","SobjectType":"shiva15testns__Expen (5 more) ...","PermissionsEdit":true,"PermissionsRead":true,"Parent":{"s":2,"v":{"Name":"PermissionSet_Test_t (6 more) ...","Id":"0PS36000000q71PGAQ"}}}}|0xb80feee
18:48:52.4 (83812487)|STATEMENT_EXECUTE|[514]
18:48:52.4 (83813837)|STATEMENT_EXECUTE|[515]
18:48:52.4 (83833906)|ENTERING_MANAGED_PKG|
18:48:52.4 (83838573)|HEAP_ALLOCATE|[515]|Bytes:54
18:48:52.4 (83851924)|ENTERING_MANAGED_PKG|
18:48:52.4 (83856143)|HEAP_ALLOCATE|[EXTERNAL]|Bytes:-4
18:48:52.4 (83868207)|HEAP_ALLOCATE|[514]|Bytes:5
18:48:52.4 (83880971)|VARIABLE_ASSIGNMENT|[514]|fper|null|
18:48:52.4 (83884870)|STATEMENT_EXECUTE|[518]
18:48:52.4 (83892895)|HEAP_ALLOCATE|[518]|Bytes:4
18:48:52.4 (83904587)|ENTERING_MANAGED_PKG|
18:48:52.4 (83926148)|VARIABLE_SCOPE_BEGIN|[518]|individualObjectAllFieldsFinalList|List<shiva15testns.PermissionSetPortalControllers.FieldDetailsClass>|true|false
18:48:52.4 (83942032)|HEAP_ALLOCATE|[EXTERNAL]|Bytes:4
18:48:52.4 (83953266)|VARIABLE_ASSIGNMENT|[518]|individualObjectAllFieldsFinalList|{"s":1,"v":[]}|0x7db6143
18:48:52.4 (83956451)|STATEMENT_EXECUTE|[520]
18:48:52.4 (83961354)|VARIABLE_SCOPE_BEGIN|[520]|fieldPermissionsObj|shiva15testns.PermissionSetPortalControllers.FieldPermissionsClass|true|false
18:48:52.4 (83967312)|VARIABLE_ASSIGNMENT|[520]|fieldPermissionsObj|null|
18:48:52.4 (83980174)|ENTERING_MANAGED_PKG|
18:48:52.4 (84008524)|HEAP_ALLOCATE|[522]|Bytes:5
18:48:52.4 (84022573)|HEAP_ALLOCATE|[522]|Bytes:16
18:48:52.4 (84030239)|VARIABLE_SCOPE_BEGIN|[522]|fieldClassObj|shiva15testns.PermissionSetPortalControllers.FieldDetailsClass|true|false
18:48:52.4 (84071289)|VARIABLE_ASSIGNMENT|[522]|fieldClassObj|{"fieldLabel":"Amount","fieldName":"shiva15testns__amoun (4 more) ..."}|0x748ea0b9
18:48:52.4 (84076001)|STATEMENT_EXECUTE|[522]
18:48:52.4 (84088950)|ENTERING_MANAGED_PKG|
18:48:52.4 (84114404)|STATEMENT_EXECUTE|[523]
18:48:52.4 (84116537)|STATEMENT_EXECUTE|[525]
18:48:52.4 (84121370)|HEAP_ALLOCATE|[525]|Bytes:36
18:48:52.4 (84141236)|ENTERING_MANAGED_PKG|
18:48:52.4 (84164843)|USER_DEBUG|[525]|DEBUG|fieldPermissionsListMap is not empty
18:48:52.4 (84172771)|STATEMENT_EXECUTE|[526]
18:48:52.4 (84186664)|ENTERING_MANAGED_PKG|
18:48:52.4 (84201170)|HEAP_ALLOCATE|[526]|Bytes:25
18:48:52.4 (84211644)|HEAP_ALLOCATE|[526]|Bytes:1
18:48:52.4 (84228836)|ENTERING_MANAGED_PKG|
18:48:52.4 (84232455)|HEAP_ALLOCATE|[526]|Bytes:24
18:48:52.4 (84249241)|HEAP_ALLOCATE|[526]|Bytes:50
18:48:52.4 (84254603)|VARIABLE_SCOPE_BEGIN|[526]|fieldNameFromAllFields|String|false|false
18:48:52.4 (84263726)|VARIABLE_ASSIGNMENT|[526]|fieldNameFromAllFields|"shiva15testns__expen (30 more) ..."
18:48:52.4 (84274491)|ENTERING_MANAGED_PKG|
18:48:52.4 (84302945)|STATEMENT_EXECUTE|[527]
18:48:52.4 (84305115)|STATEMENT_EXECUTE|[528]
18:48:52.4 (84309226)|HEAP_ALLOCATE|[528]|Bytes:50
18:48:52.4 (84317847)|HEAP_ALLOCATE|[528]|Bytes:100
18:48:52.4 (84331171)|ENTERING_MANAGED_PKG|
18:48:52.4 (84345095)|USER_DEBUG|[528]|DEBUG|fieldName have been compared and they are equal : shiva15testns__expense__c.shiva15testns__amount__c
18:48:52.4 (84352169)|STATEMENT_EXECUTE|[529]
18:48:52.4 (84366569)|ENTERING_MANAGED_PKG|
18:48:52.4 (84395218)|VARIABLE_SCOPE_BEGIN|[529]|fieldPer|FieldPermissions|true|false
18:48:52.4 (84418012)|VARIABLE_ASSIGNMENT|[529]|fieldPer|{"s":1,"v":{"Id":"01k3600008wtgirAAA","Field":"shiva15testns__Expen (30 more) ...","ParentId":"0PS36000000q71PGAQ","SobjectType":"shiva15testns__Expen (5 more) ...","PermissionsEdit":false,"PermissionsRead":true,"Parent":{"s":2,"v":{"Name":"PermissionSet_Test_t (6 more) ...","Id":"0PS36000000q71PGAQ"}}}}|0x39a11923
18:48:52.4 (84423045)|STATEMENT_EXECUTE|[530]
18:48:52.4 (84432052)|HEAP_ALLOCATE|[530]|Bytes:4
18:48:52.4 (84483360)|HEAP_ALLOCATE|[530]|Bytes:16
18:48:52.4 (84527841)|HEAP_ALLOCATE|[530]|Bytes:18
18:48:52.4 (84625500)|CONSTRUCTOR_ENTRY|[530]|01p36000005Jpvx|<init>(String,Boolean,Boolean)
18:48:52.4 (84681820)|VARIABLE_SCOPE_BEGIN|[1061]|this|shiva15testns.PermissionSetPortalControllers.FieldPermissionsClass|true|false
18:48:52.4 (84716338)|VARIABLE_ASSIGNMENT|[1061]|this|{}|0x3b7e7132
18:48:52.4 (84731677)|VARIABLE_SCOPE_BEGIN|[1061]|fieldPermissionsId|String|false|false
18:48:52.4 (84747915)|VARIABLE_ASSIGNMENT|[1061]|fieldPermissionsId|"01k3600008wtgirAAA"
18:48:52.4 (84759248)|VARIABLE_SCOPE_BEGIN|[1061]|fieldRead|Boolean|false|false
18:48:52.4 (84769945)|VARIABLE_ASSIGNMENT|[1061]|fieldRead|true
18:48:52.4 (84774687)|VARIABLE_SCOPE_BEGIN|[1061]|fieldEdit|Boolean|false|false
18:48:52.4 (84780331)|VARIABLE_ASSIGNMENT|[1061]|fieldEdit|false
18:48:52.4 (84786817)|STATEMENT_EXECUTE|[1052]
18:48:52.4 (84789850)|STATEMENT_EXECUTE|[1055]
18:48:52.4 (84792252)|STATEMENT_EXECUTE|[1057]
18:48:52.4 (84794760)|STATEMENT_EXECUTE|[1059]
18:48:52.4 (84821101)|STATEMENT_EXECUTE|[1061]
18:48:52.4 (84823415)|STATEMENT_EXECUTE|[1062]
18:48:52.4 (84839132)|VARIABLE_ASSIGNMENT|[1062]|this.fieldPermissionsId|"01k3600008wtgirAAA"|0x3b7e7132
18:48:52.4 (84841898)|STATEMENT_EXECUTE|[1063]
18:48:52.4 (84847770)|VARIABLE_ASSIGNMENT|[1063]|this.fieldRead|true|0x3b7e7132
18:48:52.4 (84849871)|STATEMENT_EXECUTE|[1064]
18:48:52.4 (84854508)|VARIABLE_ASSIGNMENT|[1064]|this.fieldEdit|false|0x3b7e7132
18:48:52.4 (84864063)|CONSTRUCTOR_EXIT|[530]|01p36000005Jpvx|<init>(String,Boolean,Boolean)
18:48:52.4 (84883523)|VARIABLE_ASSIGNMENT|[530]|fieldPermissionsObj|{"fieldEdit":false,"fieldPermissionsId":"01k3600008wtgirAAA","fieldRead":true}|0x3b7e7132
18:48:52.4 (84888105)|STATEMENT_EXECUTE|[537]
18:48:52.4 (84894627)|VARIABLE_ASSIGNMENT|[537]|this.fieldPermissions|0x3b7e7132|0x748ea0b9
18:48:52.4 (84896800)|STATEMENT_EXECUTE|[538]
18:48:52.4 (84910804)|ENTERING_MANAGED_PKG|
18:48:52.4 (84937148)|HEAP_ALLOCATE|[EXTERNAL]|Bytes:4
18:48:52.4 (84954226)|HEAP_ALLOCATE|[522]|Bytes:5
18:48:52.4 (84964423)|HEAP_ALLOCATE|[522]|Bytes:16
18:48:52.4 (84970463)|VARIABLE_SCOPE_BEGIN|[522]|fieldClassObj|shiva15testns.PermissionSetPortalControllers.FieldDetailsClass|true|false
18:48:52.4 (84992536)|VARIABLE_ASSIGNMENT|[522]|fieldClassObj|{"fieldLabel":"Client","fieldName":"shiva15testns__clien (4 more) ..."}|0x99b3756
18:48:52.4 (84996751)|STATEMENT_EXECUTE|[522]
18:48:52.4 (85007974)|ENTERING_MANAGED_PKG|
18:48:52.4 (85020193)|STATEMENT_EXECUTE|[523]
18:48:52.4 (85021784)|STATEMENT_EXECUTE|[525]
18:48:52.4 (85029908)|ENTERING_MANAGED_PKG|
18:48:52.4 (85033204)|USER_DEBUG|[525]|DEBUG|fieldPermissionsListMap is not empty
18:48:52.4 (85038670)|STATEMENT_EXECUTE|[526]
18:48:52.4 (85049424)|ENTERING_MANAGED_PKG|
18:48:52.4 (85053828)|HEAP_ALLOCATE|[526]|Bytes:25
18:48:52.4 (85068303)|ENTERING_MANAGED_PKG|
18:48:52.4 (85071297)|HEAP_ALLOCATE|[526]|Bytes:24
18:48:52.4 (85080182)|HEAP_ALLOCATE|[526]|Bytes:50
18:48:52.4 (85085386)|VARIABLE_SCOPE_BEGIN|[526]|fieldNameFromAllFields|String|false|false
18:48:52.4 (85093764)|VARIABLE_ASSIGNMENT|[526]|fieldNameFromAllFields|"shiva15testns__expen (30 more) ..."
18:48:52.4 (85101937)|ENTERING_MANAGED_PKG|
18:48:52.4 (85109911)|STATEMENT_EXECUTE|[527]
18:48:52.4 (85111490)|STATEMENT_EXECUTE|[528]
18:48:52.4 (85116199)|HEAP_ALLOCATE|[528]|Bytes:100
18:48:52.4 (85124448)|ENTERING_MANAGED_PKG|
18:48:52.4 (85127139)|USER_DEBUG|[528]|DEBUG|fieldName have been compared and they are equal : shiva15testns__expense__c.shiva15testns__client__c
18:48:52.4 (85132546)|STATEMENT_EXECUTE|[529]
18:48:52.4 (85138047)|ENTERING_MANAGED_PKG|
18:48:52.4 (85148592)|VARIABLE_SCOPE_BEGIN|[529]|fieldPer|FieldPermissions|true|false
18:48:52.4 (85169607)|VARIABLE_ASSIGNMENT|[529]|fieldPer|{"s":1,"v":{"Id":"01k3600008wtgisAAA","Field":"shiva15testns__Expen (30 more) ...","ParentId":"0PS36000000q71PGAQ","SobjectType":"shiva15testns__Expen (5 more) ...","PermissionsEdit":true,"PermissionsRead":true,"Parent":{"s":2,"v":{"Name":"PermissionSet_Test_t (6 more) ...","Id":"0PS36000000q71PGAQ"}}}}|0x8fcdd73
18:48:52.4 (85174327)|STATEMENT_EXECUTE|[530]
18:48:52.4 (85179355)|HEAP_ALLOCATE|[530]|Bytes:16
18:48:52.4 (85189527)|HEAP_ALLOCATE|[530]|Bytes:18
18:48:52.4 (85204466)|CONSTRUCTOR_ENTRY|[530]|01p36000005Jpvx|<init>(String,Boolean,Boolean)
18:48:52.4 (85209799)|VARIABLE_SCOPE_BEGIN|[1061]|this|shiva15testns.PermissionSetPortalControllers.FieldPermissionsClass|true|false
18:48:52.4 (85225982)|VARIABLE_ASSIGNMENT|[1061]|this|{}|0x5a676878
18:48:52.4 (85228824)|VARIABLE_SCOPE_BEGIN|[1061]|fieldPermissionsId|String|false|false
18:48:52.4 (85233475)|VARIABLE_ASSIGNMENT|[1061]|fieldPermissionsId|"01k3600008wtgisAAA"
18:48:52.4 (85235450)|VARIABLE_SCOPE_BEGIN|[1061]|fieldRead|Boolean|false|false
18:48:52.4 (85238363)|VARIABLE_ASSIGNMENT|[1061]|fieldRead|true
18:48:52.4 (85240014)|VARIABLE_SCOPE_BEGIN|[1061]|fieldEdit|Boolean|false|false
18:48:52.4 (85242307)|VARIABLE_ASSIGNMENT|[1061]|fieldEdit|true
18:48:52.4 (85244804)|STATEMENT_EXECUTE|[1052]
18:48:52.4 (85246195)|STATEMENT_EXECUTE|[1055]
18:48:52.4 (85247597)|STATEMENT_EXECUTE|[1057]
18:48:52.4 (85248783)|STATEMENT_EXECUTE|[1059]
18:48:52.4 (85259870)|STATEMENT_EXECUTE|[1061]
18:48:52.4 (85261513)|STATEMENT_EXECUTE|[1062]
18:48:52.4 (85268427)|VARIABLE_ASSIGNMENT|[1062]|this.fieldPermissionsId|"01k3600008wtgisAAA"|0x5a676878
18:48:52.4 (85271070)|STATEMENT_EXECUTE|[1063]
18:48:52.4 (85275558)|VARIABLE_ASSIGNMENT|[1063]|this.fieldRead|true|0x5a676878
18:48:52.4 (85277468)|STATEMENT_EXECUTE|[1064]
18:48:52.4 (85281328)|VARIABLE_ASSIGNMENT|[1064]|this.fieldEdit|true|0x5a676878
18:48:52.4 (85289414)|CONSTRUCTOR_EXIT|[530]|01p36000005Jpvx|<init>(String,Boolean,Boolean)
18:48:52.4 (85306122)|VARIABLE_ASSIGNMENT|[530]|fieldPermissionsObj|{"fieldEdit":true,"fieldPermissionsId":"01k3600008wtgisAAA","fieldRead":true}|0x5a676878
18:48:52.4 (85309873)|STATEMENT_EXECUTE|[537]
18:48:52.4 (85315354)|VARIABLE_ASSIGNMENT|[537]|this.fieldPermissions|0x5a676878|0x99b3756
18:48:52.4 (85317363)|STATEMENT_EXECUTE|[538]
18:48:52.4 (85328649)|ENTERING_MANAGED_PKG|
18:48:52.4 (85332896)|HEAP_ALLOCATE|[EXTERNAL]|Bytes:4
18:48:52.4 (85346466)|HEAP_ALLOCATE|[522]|Bytes:5
18:48:52.4 (85360817)|HEAP_ALLOCATE|[522]|Bytes:16
18:48:52.4 (85367396)|VARIABLE_SCOPE_BEGIN|[522]|fieldClassObj|shiva15testns.PermissionSetPortalControllers.FieldDetailsClass|true|false
18:48:52.4 (85388188)|VARIABLE_ASSIGNMENT|[522]|fieldClassObj|{"fieldLabel":"Date","fieldName":"shiva15testns__date_ (2 more) ..."}|0x41deaad4
18:48:52.4 (85392010)|STATEMENT_EXECUTE|[522]
18:48:52.4 (85402998)|ENTERING_MANAGED_PKG|
18:48:52.4 (85413481)|STATEMENT_EXECUTE|[523]
18:48:52.4 (85415012)|STATEMENT_EXECUTE|[525]
18:48:52.4 (85422853)|ENTERING_MANAGED_PKG|
18:48:52.4 (85425926)|USER_DEBUG|[525]|DEBUG|fieldPermissionsListMap is not empty
18:48:52.4 (85431347)|STATEMENT_EXECUTE|[526]
18:48:52.4 (85442391)|ENTERING_MANAGED_PKG|
18:48:52.4 (85446650)|HEAP_ALLOCATE|[526]|Bytes:25
18:48:52.4 (85460935)|ENTERING_MANAGED_PKG|
18:48:52.4 (85463972)|HEAP_ALLOCATE|[526]|Bytes:22
18:48:52.4 (85472726)|HEAP_ALLOCATE|[526]|Bytes:48
18:48:52.4 (85477352)|VARIABLE_SCOPE_BEGIN|[526]|fieldNameFromAllFields|String|false|false
18:48:52.4 (85491159)|VARIABLE_ASSIGNMENT|[526]|fieldNameFromAllFields|"shiva15testns__expen (28 more) ..."
18:48:52.4 (85500735)|ENTERING_MANAGED_PKG|
18:48:52.4 (85508635)|STATEMENT_EXECUTE|[533]
18:48:52.4 (85510412)|STATEMENT_EXECUTE|[534]
18:48:52.4 (85514217)|HEAP_ALLOCATE|[534]|Bytes:50
18:48:52.4 (85520858)|HEAP_ALLOCATE|[534]|Bytes:98
18:48:52.4 (85531112)|ENTERING_MANAGED_PKG|
18:48:52.4 (85546794)|USER_DEBUG|[534]|DEBUG|fieldName have been compared and they NOT equal : shiva15testns__expense__c.shiva15testns__date__c
18:48:52.4 (85553719)|STATEMENT_EXECUTE|[535]
18:48:52.4 (85559450)|HEAP_ALLOCATE|[535]|Bytes:16
18:48:52.4 (85570639)|CONSTRUCTOR_ENTRY|[535]|01p36000005Jpvx|<init>(String,Boolean,Boolean)
18:48:52.4 (85585048)|VARIABLE_SCOPE_BEGIN|[1061]|this|shiva15testns.PermissionSetPortalControllers.FieldPermissionsClass|true|false
18:48:52.4 (85601575)|VARIABLE_ASSIGNMENT|[1061]|this|{}|0x601c40ee
18:48:52.4 (85604640)|VARIABLE_SCOPE_BEGIN|[1061]|fieldPermissionsId|String|false|false
18:48:52.4 (85608205)|VARIABLE_ASSIGNMENT|[1061]|fieldPermissionsId|null
18:48:52.4 (85611220)|VARIABLE_SCOPE_BEGIN|[1061]|fieldRead|Boolean|false|false
18:48:52.4 (85614352)|VARIABLE_ASSIGNMENT|[1061]|fieldRead|false
18:48:52.4 (85616357)|VARIABLE_SCOPE_BEGIN|[1061]|fieldEdit|Boolean|false|false
18:48:52.4 (85618758)|VARIABLE_ASSIGNMENT|[1061]|fieldEdit|false
18:48:52.4 (85621346)|STATEMENT_EXECUTE|[1052]
18:48:52.4 (85622687)|STATEMENT_EXECUTE|[1055]
18:48:52.4 (85623852)|STATEMENT_EXECUTE|[1057]
18:48:52.4 (85624985)|STATEMENT_EXECUTE|[1059]
18:48:52.4 (85636093)|STATEMENT_EXECUTE|[1061]
18:48:52.4 (85637688)|STATEMENT_EXECUTE|[1062]
18:48:52.4 (85644004)|VARIABLE_ASSIGNMENT|[1062]|this.fieldPermissionsId|null|0x601c40ee
18:48:52.4 (85646197)|STATEMENT_EXECUTE|[1063]
18:48:52.4 (85649393)|HEAP_ALLOCATE|[1063]|Bytes:5
18:48:52.4 (85654820)|VARIABLE_ASSIGNMENT|[1063]|this.fieldRead|false|0x601c40ee
18:48:52.4 (85656804)|STATEMENT_EXECUTE|[1064]
18:48:52.4 (85659287)|HEAP_ALLOCATE|[1064]|Bytes:5
18:48:52.4 (85663659)|VARIABLE_ASSIGNMENT|[1064]|this.fieldEdit|false|0x601c40ee
18:48:52.4 (85671728)|CONSTRUCTOR_EXIT|[535]|01p36000005Jpvx|<init>(String,Boolean,Boolean)
18:48:52.4 (85687285)|VARIABLE_ASSIGNMENT|[535]|fieldPermissionsObj|{"fieldEdit":false,"fieldRead":false}|0x601c40ee
18:48:52.4 (85690865)|STATEMENT_EXECUTE|[537]
18:48:52.4 (85696360)|VARIABLE_ASSIGNMENT|[537]|this.fieldPermissions|0x601c40ee|0x41deaad4
18:48:52.4 (85698304)|STATEMENT_EXECUTE|[538]
18:48:52.4 (85709689)|ENTERING_MANAGED_PKG|
18:48:52.4 (85713907)|HEAP_ALLOCATE|[EXTERNAL]|Bytes:4
18:48:52.4 (85727319)|HEAP_ALLOCATE|[522]|Bytes:5
18:48:52.4 (85736648)|HEAP_ALLOCATE|[522]|Bytes:16
18:48:52.4 (85742482)|VARIABLE_SCOPE_BEGIN|[522]|fieldClassObj|shiva15testns.PermissionSetPortalControllers.FieldDetailsClass|true|false
18:48:52.4 (85762463)|VARIABLE_ASSIGNMENT|[522]|fieldClassObj|{"fieldLabel":"Reimbursed?","fieldName":"shiva15testns__reimb (8 more) ..."}|0x28c37995
18:48:52.4 (85766365)|STATEMENT_EXECUTE|[522]
18:48:52.4 (85776919)|ENTERING_MANAGED_PKG|
18:48:52.4 (85787487)|STATEMENT_EXECUTE|[523]
18:48:52.4 (85789021)|STATEMENT_EXECUTE|[525]
18:48:52.4 (85796727)|ENTERING_MANAGED_PKG|
18:48:52.4 (85799744)|USER_DEBUG|[525]|DEBUG|fieldPermissionsListMap is not empty
18:48:52.4 (85805444)|STATEMENT_EXECUTE|[526]
18:48:52.4 (85816046)|ENTERING_MANAGED_PKG|
18:48:52.4 (85820220)|HEAP_ALLOCATE|[526]|Bytes:25
18:48:52.4 (85834452)|ENTERING_MANAGED_PKG|
18:48:52.4 (85837327)|HEAP_ALLOCATE|[526]|Bytes:28
18:48:52.4 (85846114)|HEAP_ALLOCATE|[526]|Bytes:54
18:48:52.4 (85850604)|VARIABLE_SCOPE_BEGIN|[526]|fieldNameFromAllFields|String|false|false
18:48:52.4 (85858668)|VARIABLE_ASSIGNMENT|[526]|fieldNameFromAllFields|"shiva15testns__expen (34 more) ..."
18:48:52.4 (85866687)|ENTERING_MANAGED_PKG|
18:48:52.4 (85874301)|STATEMENT_EXECUTE|[527]
18:48:52.4 (85875827)|STATEMENT_EXECUTE|[528]
18:48:52.4 (85880407)|HEAP_ALLOCATE|[528]|Bytes:104
18:48:52.4 (85888494)|ENTERING_MANAGED_PKG|
18:48:52.4 (85891046)|USER_DEBUG|[528]|DEBUG|fieldName have been compared and they are equal : shiva15testns__expense__c.shiva15testns__reimbursed__c
18:48:52.4 (85896749)|STATEMENT_EXECUTE|[529]
18:48:52.4 (85902184)|ENTERING_MANAGED_PKG|
18:48:52.4 (85912421)|VARIABLE_SCOPE_BEGIN|[529]|fieldPer|FieldPermissions|true|false
18:48:52.4 (85934036)|VARIABLE_ASSIGNMENT|[529]|fieldPer|{"s":1,"v":{"Id":"01k3600008wtgitAAA","Field":"shiva15testns__Expen (34 more) ...","ParentId":"0PS36000000q71PGAQ","SobjectType":"shiva15testns__Expen (5 more) ...","PermissionsEdit":true,"PermissionsRead":true,"Parent":{"s":2,"v":{"Name":"PermissionSet_Test_t (6 more) ...","Id":"0PS36000000q71PGAQ"}}}}|0xb80feee
18:48:52.4 (85938192)|STATEMENT_EXECUTE|[530]
18:48:52.4 (85942950)|HEAP_ALLOCATE|[530]|Bytes:16
18:48:52.4 (85952710)|HEAP_ALLOCATE|[530]|Bytes:18
18:48:52.4 (85966943)|CONSTRUCTOR_ENTRY|[530]|01p36000005Jpvx|<init>(String,Boolean,Boolean)
18:48:52.4 (85972019)|VARIABLE_SCOPE_BEGIN|[1061]|this|shiva15testns.PermissionSetPortalControllers.FieldPermissionsClass|true|false
18:48:52.4 (85987188)|VARIABLE_ASSIGNMENT|[1061]|this|{}|0x28235a3e
18:48:52.4 (85990069)|VARIABLE_SCOPE_BEGIN|[1061]|fieldPermissionsId|String|false|false
18:48:52.4 (85994489)|VARIABLE_ASSIGNMENT|[1061]|fieldPermissionsId|"01k3600008wtgitAAA"
18:48:52.4 (85996342)|VARIABLE_SCOPE_BEGIN|[1061]|fieldRead|Boolean|false|false
18:48:52.4 (85999543)|VARIABLE_ASSIGNMENT|[1061]|fieldRead|true
18:48:52.4 (86001117)|VARIABLE_SCOPE_BEGIN|[1061]|fieldEdit|Boolean|false|false
18:48:52.4 (86004490)|VARIABLE_ASSIGNMENT|[1061]|fieldEdit|true
18:48:52.4 (86006982)|STATEMENT_EXECUTE|[1052]
18:48:52.4 (86008290)|STATEMENT_EXECUTE|[1055]
18:48:52.4 (86009487)|STATEMENT_EXECUTE|[1057]
18:48:52.4 (86010623)|STATEMENT_EXECUTE|[1059]
18:48:52.4 (86021519)|STATEMENT_EXECUTE|[1061]
18:48:52.4 (86023166)|STATEMENT_EXECUTE|[1062]
18:48:52.4 (86029837)|VARIABLE_ASSIGNMENT|[1062]|this.fieldPermissionsId|"01k3600008wtgitAAA"|0x28235a3e
18:48:52.4 (86032270)|STATEMENT_EXECUTE|[1063]
18:48:52.4 (86036787)|VARIABLE_ASSIGNMENT|[1063]|this.fieldRead|true|0x28235a3e
18:48:52.4 (86038687)|STATEMENT_EXECUTE|[1064]
18:48:52.4 (86042664)|VARIABLE_ASSIGNMENT|[1064]|this.fieldEdit|true|0x28235a3e
18:48:52.4 (86050350)|CONSTRUCTOR_EXIT|[530]|01p36000005Jpvx|<init>(String,Boolean,Boolean)
18:48:52.4 (86066065)|VARIABLE_ASSIGNMENT|[530]|fieldPermissionsObj|{"fieldEdit":true,"fieldPermissionsId":"01k3600008wtgitAAA","fieldRead":true}|0x28235a3e
18:48:52.4 (86069781)|STATEMENT_EXECUTE|[537]
18:48:52.4 (86075067)|VARIABLE_ASSIGNMENT|[537]|this.fieldPermissions|0x28235a3e|0x28c37995
18:48:52.4 (86076986)|STATEMENT_EXECUTE|[538]
18:48:52.4 (86087864)|ENTERING_MANAGED_PKG|
18:48:52.4 (86092051)|HEAP_ALLOCATE|[EXTERNAL]|Bytes:4
18:48:52.4 (86105288)|HEAP_ALLOCATE|[522]|Bytes:5
18:48:52.4 (86116096)|VARIABLE_ASSIGNMENT|[522]|fieldClassObj|null|
18:48:52.4 (86119294)|STATEMENT_EXECUTE|[548]
18:48:52.4 (86123271)|HEAP_ALLOCATE|[548]|Bytes:37
18:48:52.4 (86142281)|ENTERING_MANAGED_PKG|
18:48:52.4 (86269435)|HEAP_ALLOCATE|[548]|Bytes:742
18:48:52.4 (86286801)|HEAP_ALLOCATE|[548]|Bytes:779
18:48:52.4 (86300083)|ENTERING_MANAGED_PKG|
18:48:52.4 (86303716)|USER_DEBUG|[548]|DEBUG|individualObjectAllFieldsFinalList : (FieldDetailsClass:[fieldLabel=Amount, fieldName=shiva15testns__amount__c, fieldPermissions=FieldPermissionsClass:[fieldEdit=false, fieldPermissionsId=01k3600008wtgirAAA, fieldRead=true]], FieldDetailsClass:[fieldLabel=Client, fieldName=shiva15testns__client__c, fieldPermissions=FieldPermissionsClass:[fieldEdit=true, fieldPermissionsId=01k3600008wtgisAAA, fieldRead=true]], FieldDetailsClass:[fieldLabel=Date, fieldName=shiva15testns__date__c, fieldPermissions=FieldPermissionsClass:[fieldEdit=false, fieldPermissionsId=null, fieldRead=false]], FieldDetailsClass:[fieldLabel=Reimbursed?, fieldName=shiva15testns__reimbursed__c, fieldPermissions=FieldPermissionsClass:[fieldEdit=true, fieldPermissionsId=01k3600008wtgitAAA, fieldRead=true]])
18:48:52.4 (86314060)|STATEMENT_EXECUTE|[549]
18:48:52.4 (86326706)|METHOD_EXIT|[460]|01p36000005Jpvx|shiva15testns.PermissionSetPortalControllers.getFieldPermissions(String, String, List<shiva15testns.PermissionSetPortalControllers.FieldDetailsClass>)
18:48:52.4 (86340665)|SYSTEM_MODE_EXIT|false
18:48:52.86 (86408280)|CUMULATIVE_LIMIT_USAGE
18:48:52.86 (86408280)|LIMIT_USAGE_FOR_NS|(default)|
  Number of SOQL queries: 0 out of 100
  Number of query rows: 0 out of 50000
  Number of SOSL queries: 0 out of 20
  Number of DML statements: 0 out of 150
  Number of DML rows: 0 out of 10000
  Maximum CPU time: 0 out of 10000
  Maximum heap size: 0 out of 6000000
  Number of callouts: 0 out of 100
  Number of Email Invocations: 0 out of 10
  Number of future calls: 0 out of 50
  Number of queueable jobs added to the queue: 0 out of 50
  Number of Mobile Apex push calls: 0 out of 10

18:48:52.86 (86408280)|LIMIT_USAGE_FOR_NS|shiva15testns|
  Number of SOQL queries: 1 out of 100
  Number of query rows: 3 out of 50000
  Number of SOSL queries: 0 out of 20
  Number of DML statements: 0 out of 150
  Number of DML rows: 0 out of 10000
  Maximum CPU time: 0 out of 10000
  Maximum heap size: 0 out of 6000000
  Number of callouts: 0 out of 100
  Number of Email Invocations: 0 out of 10
  Number of future calls: 0 out of 50
  Number of queueable jobs added to the queue: 0 out of 50
  Number of Mobile Apex push calls: 0 out of 10

18:48:52.86 (86408280)|CUMULATIVE_LIMIT_USAGE_END

18:48:52.4 (86464832)|CODE_UNIT_FINISHED|PermissionSetPortalControllers.getAllFieldData
18:48:52.88 (88777233)|CODE_UNIT_STARTED|[EXTERNAL]|Aura
18:48:52.88 (89787883)|CODE_UNIT_STARTED|[EXTERNAL]|Aura
18:48:52.88 (89820005)|CODE_UNIT_FINISHED|Aura
18:48:52.88 (89834703)|CODE_UNIT_FINISHED|Aura
18:48:52.91 (91238219)|CODE_UNIT_STARTED|[EXTERNAL]|Aura
18:48:52.91 (92698899)|CODE_UNIT_STARTED|[EXTERNAL]|Aura
18:48:52.91 (92738590)|CODE_UNIT_FINISHED|Aura
18:48:52.91 (92761478)|CODE_UNIT_FINISHED|Aura
18:48:52.94 (94214275)|CODE_UNIT_STARTED|[EXTERNAL]|Aura
18:48:52.94 (95568703)|CODE_UNIT_STARTED|[EXTERNAL]|Aura
18:48:52.94 (95594520)|CODE_UNIT_FINISHED|Aura
18:48:52.94 (95607793)|CODE_UNIT_FINISHED|Aura
18:48:52.97 (97037421)|CODE_UNIT_STARTED|[EXTERNAL]|Aura
18:48:52.97 (98387373)|CODE_UNIT_STARTED|[EXTERNAL]|Aura
18:48:52.97 (98414909)|CODE_UNIT_FINISHED|Aura
18:48:52.97 (98427668)|CODE_UNIT_FINISHED|Aura
