36.0 APEX_CODE,FINEST;APEX_PROFILING,INFO;CALLOUT,INFO;DB,INFO;SYSTEM,DEBUG;VALIDATION,INFO;VISUALFORCE,INFO;WORKFLOW,INFO
18:44:03.0 (486716)|EXECUTION_STARTED
18:44:03.0 (530880)|CODE_UNIT_STARTED|[EXTERNAL]|01p36000005Jpvx|PermissionSetPortalControllers.getAllPermissionSets
18:44:03.0 (1115797)|VARIABLE_SCOPE_BEGIN|[3]|PermissionSetPortalControllers.AllPermissionSets|List<PermissionSet>|true|true
18:44:03.0 (1142950)|VARIABLE_SCOPE_BEGIN|[10]|PermissionSetPortalControllers.accountField|Set<String>|true|true
18:44:03.0 (1148624)|VARIABLE_SCOPE_BEGIN|[5]|PermissionSetPortalControllers.allObjectsOfOrg|List<shiva15testns.PermissionSetPortalControllers.ObjectDetailsClass>|true|true
18:44:03.0 (1153678)|VARIABLE_SCOPE_BEGIN|[9]|PermissionSetPortalControllers.contactsField|Set<String>|true|true
18:44:03.0 (1157447)|VARIABLE_SCOPE_BEGIN|[7]|PermissionSetPortalControllers.isNotSystemSObjectList|Set<String>|true|true
18:44:03.0 (1267972)|HEAP_ALLOCATE|[72]|Bytes:3
18:44:03.0 (1304134)|HEAP_ALLOCATE|[77]|Bytes:152
18:44:03.0 (1331386)|HEAP_ALLOCATE|[342]|Bytes:408
18:44:03.0 (1365586)|HEAP_ALLOCATE|[355]|Bytes:408
18:44:03.0 (1398579)|HEAP_ALLOCATE|[467]|Bytes:48
18:44:03.0 (1445134)|HEAP_ALLOCATE|[139]|Bytes:6
18:44:03.0 (1484958)|HEAP_ALLOCATE|[EXTERNAL]|Bytes:168
18:44:03.0 (1491456)|HEAP_ALLOCATE|[EXTERNAL]|Bytes:89
18:44:03.0 (1494897)|HEAP_ALLOCATE|[EXTERNAL]|Bytes:344
18:44:03.0 (1514302)|METHOD_ENTRY|[1]|01p36000005Jpvx|PermissionSetPortalControllers.PermissionSetPortalControllers()
18:44:03.0 (1519351)|STATEMENT_EXECUTE|[1]
18:44:03.0 (1525177)|STATEMENT_EXECUTE|[1]
18:44:03.0 (1552423)|HEAP_ALLOCATE|[50]|Bytes:5
18:44:03.0 (1573558)|HEAP_ALLOCATE|[56]|Bytes:5
18:44:03.0 (1582953)|HEAP_ALLOCATE|[64]|Bytes:7
18:44:03.0 (1605342)|SYSTEM_MODE_ENTER|false
18:44:03.0 (1619349)|HEAP_ALLOCATE|[9]|Bytes:5
18:44:03.0 (1623765)|STATEMENT_EXECUTE|[9]
18:44:03.0 (1630525)|HEAP_ALLOCATE|[9]|Bytes:4
18:44:03.0 (1667262)|ENTERING_MANAGED_PKG|
18:44:03.0 (1778286)|VARIABLE_ASSIGNMENT|[9]|PermissionSetPortalControllers.contactsField|{"s":1,"v":[]}|0x258b3ade
18:44:03.0 (1784615)|STATEMENT_EXECUTE|[10]
18:44:03.0 (1790251)|HEAP_ALLOCATE|[10]|Bytes:4
18:44:03.0 (1807970)|ENTERING_MANAGED_PKG|
18:44:03.0 (1862761)|VARIABLE_ASSIGNMENT|[10]|PermissionSetPortalControllers.accountField|{"s":1,"v":[]}|0x412df65e
18:44:03.0 (1869564)|STATEMENT_EXECUTE|[1037]
18:44:03.0 (1872327)|STATEMENT_EXECUTE|[1066]
18:44:03.0 (1874693)|STATEMENT_EXECUTE|[1094]
18:44:03.0 (1876747)|STATEMENT_EXECUTE|[1123]
18:44:03.0 (1878827)|STATEMENT_EXECUTE|[1139]
18:44:03.0 (1881047)|STATEMENT_EXECUTE|[1156]
18:44:03.0 (1883127)|STATEMENT_EXECUTE|[1167]
18:44:03.0 (1884573)|STATEMENT_EXECUTE|[1172]
18:44:03.0 (1892393)|SYSTEM_MODE_EXIT|false
18:44:03.0 (1905566)|METHOD_EXIT|[1]|PermissionSetPortalControllers
18:44:03.0 (1914833)|SYSTEM_MODE_ENTER|false
18:44:03.0 (1929412)|HEAP_ALLOCATE|[157]|Bytes:5
18:44:03.0 (1934100)|STATEMENT_EXECUTE|[156]
18:44:03.0 (1935493)|STATEMENT_EXECUTE|[157]
18:44:03.0 (1936446)|STATEMENT_EXECUTE|[157]
18:44:03.0 (1937492)|STATEMENT_EXECUTE|[158]
18:44:03.0 (1940713)|HEAP_ALLOCATE|[158]|Bytes:99
18:44:03.0 (1949342)|HEAP_ALLOCATE|[158]|Bytes:4
18:44:03.0 (3157874)|SOQL_EXECUTE_BEGIN|[158]|Aggregations:0|SELECT Id, label, Name, Description, NamespacePrefix, UserLicenseId, CreatedDate FROM PermissionSet
18:44:03.0 (7312153)|SOQL_EXECUTE_END|[158]|Rows:40
18:44:03.0 (7330690)|HEAP_ALLOCATE|[158]|Bytes:164
18:44:03.0 (7426008)|HEAP_ALLOCATE|[158]|Bytes:7062
18:44:03.0 (7462989)|HEAP_ALLOCATE|[158]|Bytes:164
18:44:03.0 (7492099)|VARIABLE_ASSIGNMENT|[158]|PermissionSetPortalControllers.AllPermissionSets|{"s":1,"v":"List of size 40 too large to display"}|0x12f07877
18:44:03.0 (7565488)|ENTERING_MANAGED_PKG|
18:44:03.0 (7600124)|STATEMENT_EXECUTE|[159]
18:44:03.0 (7602765)|STATEMENT_EXECUTE|[160]
18:44:03.0 (7732647)|VARIABLE_SCOPE_BEGIN|[160]|pSetObj|shiva15testns.PermissionSetPortalControllers.PermissionSetClass|true|false
18:44:03.0 (7744545)|VARIABLE_ASSIGNMENT|[160]|pSetObj|null|
18:44:03.0 (7747226)|STATEMENT_EXECUTE|[161]
18:44:03.0 (7754123)|HEAP_ALLOCATE|[161]|Bytes:4
18:44:03.0 (7805898)|ENTERING_MANAGED_PKG|
18:44:03.0 (7824909)|VARIABLE_SCOPE_BEGIN|[161]|permissionSetsLst|List<shiva15testns.PermissionSetPortalControllers.PermissionSetClass>|true|false
18:44:03.0 (7849945)|HEAP_ALLOCATE|[EXTERNAL]|Bytes:4
18:44:03.0 (7862257)|VARIABLE_ASSIGNMENT|[161]|permissionSetsLst|{"s":1,"v":[]}|0x39ee2d7b
18:44:03.0 (7879427)|ENTERING_MANAGED_PKG|
18:44:03.0 (8096513)|HEAP_ALLOCATE|[162]|Bytes:5
18:44:03.0 (8178505)|HEAP_ALLOCATE|[162]|Bytes:28
18:44:03.0 (8194412)|VARIABLE_SCOPE_BEGIN|[162]|PSetName|PermissionSet|true|false
18:44:03.0 (8245916)|VARIABLE_ASSIGNMENT|[162]|PSetName|{"s":1,"v":{"Id":"0PS36000000mmnFGAQ","Label":"00e1a000000MWa8AAG","Name":"X00e1a000000MWa8AAG","NamespacePrefix":"shiva15testns","UserLicenseId":"10036000000eSpzAAE","CreatedDate":"2016-03-08T19:00:02.000Z"}}|0x113f46ed
18:44:03.0 (8251232)|STATEMENT_EXECUTE|[162]
18:44:03.0 (8285112)|HEAP_ALLOCATE|[163]|Bytes:3
18:44:03.0 (8317676)|ENTERING_MANAGED_PKG|
18:44:03.0 (8352504)|STATEMENT_EXECUTE|[163]
18:44:03.0 (8366338)|HEAP_ALLOCATE|[162]|Bytes:5
18:44:03.0 (8390237)|HEAP_ALLOCATE|[162]|Bytes:28
18:44:03.0 (8398758)|VARIABLE_SCOPE_BEGIN|[162]|PSetName|PermissionSet|true|false
18:44:03.0 (8437911)|VARIABLE_ASSIGNMENT|[162]|PSetName|{"s":1,"v":{"Id":"0PS36000000mmnGGAQ","Label":"00ex00000018ozl_128_ (10 more) ...","Name":"X00ex00000018ozl_128 (11 more) ...","NamespacePrefix":"shiva15testns","UserLicenseId":"10036000000eSpyAAE","CreatedDate":"2016-03-08T19:00:02.000Z"}}|0x2a6d38e6
18:44:03.0 (8443761)|STATEMENT_EXECUTE|[162]
18:44:03.0 (8467757)|ENTERING_MANAGED_PKG|
18:44:03.0 (8478833)|STATEMENT_EXECUTE|[163]
18:44:03.0 (8490903)|HEAP_ALLOCATE|[162]|Bytes:5
18:44:03.0 (8512920)|HEAP_ALLOCATE|[162]|Bytes:28
18:44:03.0 (8521243)|VARIABLE_SCOPE_BEGIN|[162]|PSetName|PermissionSet|true|false
18:44:03.0 (8544873)|VARIABLE_ASSIGNMENT|[162]|PSetName|{"s":1,"v":{"Id":"0PS36000000mmnHGAQ","Label":"00ex00000018ozm_128_ (10 more) ...","Name":"X00ex00000018ozm_128 (11 more) ...","NamespacePrefix":"shiva15testns","UserLicenseId":"10036000000eSpyAAE","CreatedDate":"2016-03-08T19:00:02.000Z"}}|0x178b60cc
18:44:03.0 (8549551)|STATEMENT_EXECUTE|[162]
18:44:03.0 (8570826)|ENTERING_MANAGED_PKG|
18:44:03.0 (8581045)|STATEMENT_EXECUTE|[163]
18:44:03.0 (8592568)|HEAP_ALLOCATE|[162]|Bytes:5
18:44:03.0 (8613028)|HEAP_ALLOCATE|[162]|Bytes:28
18:44:03.0 (8620956)|VARIABLE_SCOPE_BEGIN|[162]|PSetName|PermissionSet|true|false
18:44:03.0 (8643802)|VARIABLE_ASSIGNMENT|[162]|PSetName|{"s":1,"v":{"Id":"0PS36000000mmnIGAQ","Label":"00ex00000018ozk_128_ (10 more) ...","Name":"X00ex00000018ozk_128 (11 more) ...","NamespacePrefix":"shiva15testns","UserLicenseId":"10036000000eSpyAAE","CreatedDate":"2016-03-08T19:00:02.000Z"}}|0x1feaa2a7
18:44:03.0 (8648295)|STATEMENT_EXECUTE|[162]
18:44:03.0 (8669446)|ENTERING_MANAGED_PKG|
18:44:03.0 (8679677)|STATEMENT_EXECUTE|[163]
18:44:03.0 (8690848)|HEAP_ALLOCATE|[162]|Bytes:5
18:44:03.0 (8711073)|HEAP_ALLOCATE|[162]|Bytes:28
18:44:03.0 (8718949)|VARIABLE_SCOPE_BEGIN|[162]|PSetName|PermissionSet|true|false
18:44:03.0 (8741035)|VARIABLE_ASSIGNMENT|[162]|PSetName|{"s":1,"v":{"Id":"0PS36000000mmnJGAQ","Label":"00ex00000018ozj_128_ (10 more) ...","Name":"X00ex00000018ozj_128 (11 more) ...","NamespacePrefix":"shiva15testns","UserLicenseId":"10036000000eSpyAAE","CreatedDate":"2016-03-08T19:00:02.000Z"}}|0x74898799
18:44:03.0 (8745557)|STATEMENT_EXECUTE|[162]
18:44:03.0 (8766293)|ENTERING_MANAGED_PKG|
18:44:03.0 (8780197)|STATEMENT_EXECUTE|[163]
18:44:03.0 (8792327)|HEAP_ALLOCATE|[162]|Bytes:5
18:44:03.0 (8813367)|HEAP_ALLOCATE|[162]|Bytes:28
18:44:03.0 (8821333)|VARIABLE_SCOPE_BEGIN|[162]|PSetName|PermissionSet|true|false
18:44:03.0 (8843733)|VARIABLE_ASSIGNMENT|[162]|PSetName|{"s":1,"v":{"Id":"0PS36000000mmnKGAQ","Label":"00ex00000018ozo_128_ (10 more) ...","Name":"X00ex00000018ozo_128 (11 more) ...","NamespacePrefix":"shiva15testns","UserLicenseId":"10036000000eSpyAAE","CreatedDate":"2016-03-08T19:00:02.000Z"}}|0x37602be6
18:44:03.0 (8848243)|STATEMENT_EXECUTE|[162]
18:44:03.0 (8869271)|ENTERING_MANAGED_PKG|
18:44:03.0 (8879313)|STATEMENT_EXECUTE|[163]
18:44:03.0 (8890368)|HEAP_ALLOCATE|[162]|Bytes:5
18:44:03.0 (8910232)|HEAP_ALLOCATE|[162]|Bytes:28
18:44:03.0 (8918031)|VARIABLE_SCOPE_BEGIN|[162]|PSetName|PermissionSet|true|false
18:44:03.0 (8940165)|VARIABLE_ASSIGNMENT|[162]|PSetName|{"s":1,"v":{"Id":"0PS36000000mmnLGAQ","Label":"00ex00000018ozh_128_ (10 more) ...","Name":"X00ex00000018ozh_128 (11 more) ...","NamespacePrefix":"shiva15testns","UserLicenseId":"10036000000eSpyAAE","CreatedDate":"2016-03-08T19:00:02.000Z"}}|0x7b21a0c6
18:44:03.0 (8944320)|STATEMENT_EXECUTE|[162]
18:44:03.0 (8964962)|ENTERING_MANAGED_PKG|
18:44:03.0 (8974881)|STATEMENT_EXECUTE|[163]
18:44:03.0 (8990034)|HEAP_ALLOCATE|[162]|Bytes:5
18:44:03.0 (9010887)|HEAP_ALLOCATE|[162]|Bytes:28
18:44:03.0 (9019746)|VARIABLE_SCOPE_BEGIN|[162]|PSetName|PermissionSet|true|false
18:44:03.0 (9041805)|VARIABLE_ASSIGNMENT|[162]|PSetName|{"s":1,"v":{"Id":"0PS36000000mmnMGAQ","Label":"00ex00000018ozq_128_ (11 more) ...","Name":"X00ex00000018ozq_128 (12 more) ...","NamespacePrefix":"shiva15testns","UserLicenseId":"10036000000eSpyAAE","CreatedDate":"2016-03-08T19:00:02.000Z"}}|0x3194da9f
18:44:03.0 (9046021)|STATEMENT_EXECUTE|[162]
18:44:03.0 (9066998)|ENTERING_MANAGED_PKG|
18:44:03.0 (9077126)|STATEMENT_EXECUTE|[163]
18:44:03.0 (9088127)|HEAP_ALLOCATE|[162]|Bytes:5
18:44:03.0 (9108171)|HEAP_ALLOCATE|[162]|Bytes:28
18:44:03.0 (9115961)|VARIABLE_SCOPE_BEGIN|[162]|PSetName|PermissionSet|true|false
18:44:03.0 (9137618)|VARIABLE_ASSIGNMENT|[162]|PSetName|{"s":1,"v":{"Id":"0PS36000000mmnNGAQ","Label":"00ex00000018ozp_128_ (10 more) ...","Name":"X00ex00000018ozp_128 (11 more) ...","NamespacePrefix":"shiva15testns","UserLicenseId":"10036000000eSpyAAE","CreatedDate":"2016-03-08T19:00:02.000Z"}}|0x919367b
18:44:03.0 (9142061)|STATEMENT_EXECUTE|[162]
18:44:03.0 (9162723)|ENTERING_MANAGED_PKG|
18:44:03.0 (9172607)|STATEMENT_EXECUTE|[163]
18:44:03.0 (9183536)|HEAP_ALLOCATE|[162]|Bytes:5
18:44:03.0 (9203779)|HEAP_ALLOCATE|[162]|Bytes:28
18:44:03.0 (9211644)|VARIABLE_SCOPE_BEGIN|[162]|PSetName|PermissionSet|true|false
18:44:03.0 (9233059)|VARIABLE_ASSIGNMENT|[162]|PSetName|{"s":1,"v":{"Id":"0PS36000000mmnOGAQ","Label":"00ex00000018ozn_128_ (10 more) ...","Name":"X00ex00000018ozn_128 (11 more) ...","NamespacePrefix":"shiva15testns","UserLicenseId":"10036000000eSpyAAE","CreatedDate":"2016-03-08T19:00:02.000Z"}}|0x3f1003a5
18:44:03.0 (9237154)|STATEMENT_EXECUTE|[162]
18:44:03.0 (9257754)|ENTERING_MANAGED_PKG|
18:44:03.0 (9267701)|STATEMENT_EXECUTE|[163]
18:44:03.0 (9278684)|HEAP_ALLOCATE|[162]|Bytes:5
18:44:03.0 (9298629)|HEAP_ALLOCATE|[162]|Bytes:28
18:44:03.0 (9306428)|VARIABLE_SCOPE_BEGIN|[162]|PSetName|PermissionSet|true|false
18:44:03.0 (9327929)|VARIABLE_ASSIGNMENT|[162]|PSetName|{"s":1,"v":{"Id":"0PS36000000mmnPGAQ","Label":"00e1a000000MWa9AAG","Name":"X00e1a000000MWa9AAG","NamespacePrefix":"shiva15testns","UserLicenseId":"10036000000eSq0AAE","CreatedDate":"2016-03-08T19:00:02.000Z"}}|0x49c1a311
18:44:03.0 (9332070)|STATEMENT_EXECUTE|[162]
18:44:03.0 (9352729)|ENTERING_MANAGED_PKG|
18:44:03.0 (9362588)|STATEMENT_EXECUTE|[163]
18:44:03.0 (9373596)|HEAP_ALLOCATE|[162]|Bytes:5
18:44:03.0 (9393518)|HEAP_ALLOCATE|[162]|Bytes:28
18:44:03.0 (9401221)|VARIABLE_SCOPE_BEGIN|[162]|PSetName|PermissionSet|true|false
18:44:03.0 (9421984)|VARIABLE_ASSIGNMENT|[162]|PSetName|{"s":1,"v":{"Id":"0PS36000000mmnQGAQ","Label":"00e1a000000MWaBAAW","Name":"X00e1a000000MWaBAAW","NamespacePrefix":"shiva15testns","UserLicenseId":"10036000000eSq2AAE","CreatedDate":"2016-03-08T19:00:02.000Z"}}|0x5e96c894
18:44:03.0 (9425814)|STATEMENT_EXECUTE|[162]
18:44:03.0 (9446152)|ENTERING_MANAGED_PKG|
18:44:03.0 (9456126)|STATEMENT_EXECUTE|[163]
18:44:03.0 (9467188)|HEAP_ALLOCATE|[162]|Bytes:5
18:44:03.0 (9487656)|HEAP_ALLOCATE|[162]|Bytes:28
18:44:03.0 (9495427)|VARIABLE_SCOPE_BEGIN|[162]|PSetName|PermissionSet|true|false
18:44:03.0 (9515991)|VARIABLE_ASSIGNMENT|[162]|PSetName|{"s":1,"v":{"Id":"0PS36000000mmnRGAQ","Label":"00e1a000000MWaCAAW","Name":"X00e1a000000MWaCAAW","NamespacePrefix":"shiva15testns","UserLicenseId":"10036000000eSq3AAE","CreatedDate":"2016-03-08T19:00:02.000Z"}}|0x1e7c87d3
18:44:03.0 (9520330)|STATEMENT_EXECUTE|[162]
18:44:03.0 (9544475)|ENTERING_MANAGED_PKG|
18:44:03.0 (9555032)|STATEMENT_EXECUTE|[163]
18:44:03.0 (9566270)|HEAP_ALLOCATE|[162]|Bytes:5
18:44:03.0 (9589559)|HEAP_ALLOCATE|[162]|Bytes:28
18:44:03.0 (9597951)|VARIABLE_SCOPE_BEGIN|[162]|PSetName|PermissionSet|true|false
18:44:03.0 (9618468)|VARIABLE_ASSIGNMENT|[162]|PSetName|{"s":1,"v":{"Id":"0PS36000000mmnSGAQ","Label":"00e1a000000MWaDAAW","Name":"X00e1a000000MWaDAAW","NamespacePrefix":"shiva15testns","UserLicenseId":"10036000000eSq4AAE","CreatedDate":"2016-03-08T19:00:02.000Z"}}|0x214ea292
18:44:03.0 (9622663)|STATEMENT_EXECUTE|[162]
18:44:03.0 (9643679)|ENTERING_MANAGED_PKG|
18:44:03.0 (9653773)|STATEMENT_EXECUTE|[163]
18:44:03.0 (9664789)|HEAP_ALLOCATE|[162]|Bytes:5
18:44:03.0 (9685108)|HEAP_ALLOCATE|[162]|Bytes:28
18:44:03.0 (9692900)|VARIABLE_SCOPE_BEGIN|[162]|PSetName|PermissionSet|true|false
18:44:03.0 (9713318)|VARIABLE_ASSIGNMENT|[162]|PSetName|{"s":1,"v":{"Id":"0PS36000000mmnTGAQ","Label":"00e1a000000MWaEAAW","Name":"X00e1a000000MWaEAAW","NamespacePrefix":"shiva15testns","UserLicenseId":"10036000000eSq5AAE","CreatedDate":"2016-03-08T19:00:02.000Z"}}|0x65d35481
18:44:03.0 (9717384)|STATEMENT_EXECUTE|[162]
18:44:03.0 (9737936)|ENTERING_MANAGED_PKG|
18:44:03.0 (9748021)|STATEMENT_EXECUTE|[163]
18:44:03.0 (9761911)|HEAP_ALLOCATE|[162]|Bytes:5
18:44:03.0 (9788669)|HEAP_ALLOCATE|[162]|Bytes:28
18:44:03.0 (9797340)|VARIABLE_SCOPE_BEGIN|[162]|PSetName|PermissionSet|true|false
18:44:03.0 (9820679)|VARIABLE_ASSIGNMENT|[162]|PSetName|{"s":1,"v":{"Id":"0PS36000000mmnUGAQ","Label":"00e1a000000MWaFAAW","Name":"X00e1a000000MWaFAAW","NamespacePrefix":"shiva15testns","UserLicenseId":"10036000000eSq6AAE","CreatedDate":"2016-03-08T19:00:02.000Z"}}|0xde9e2c7
18:44:03.0 (9825487)|STATEMENT_EXECUTE|[162]
18:44:03.0 (9846640)|ENTERING_MANAGED_PKG|
18:44:03.0 (9859352)|STATEMENT_EXECUTE|[163]
18:44:03.0 (9871178)|HEAP_ALLOCATE|[162]|Bytes:5
18:44:03.0 (9891684)|HEAP_ALLOCATE|[162]|Bytes:28
18:44:03.0 (9899558)|VARIABLE_SCOPE_BEGIN|[162]|PSetName|PermissionSet|true|false
18:44:03.0 (9920161)|VARIABLE_ASSIGNMENT|[162]|PSetName|{"s":1,"v":{"Id":"0PS36000000mmnVGAQ","Label":"00e1a000000MWaGAAW","Name":"X00e1a000000MWaGAAW","NamespacePrefix":"shiva15testns","UserLicenseId":"10036000000eSq7AAE","CreatedDate":"2016-03-08T19:00:02.000Z"}}|0x7751aeb6
18:44:03.0 (9923948)|STATEMENT_EXECUTE|[162]
18:44:03.0 (9944674)|ENTERING_MANAGED_PKG|
18:44:03.0 (9954601)|STATEMENT_EXECUTE|[163]
18:44:03.0 (9965585)|HEAP_ALLOCATE|[162]|Bytes:5
18:44:03.0 (9988732)|HEAP_ALLOCATE|[162]|Bytes:28
18:44:03.0 (9997214)|VARIABLE_SCOPE_BEGIN|[162]|PSetName|PermissionSet|true|false
18:44:03.0 (10018134)|VARIABLE_ASSIGNMENT|[162]|PSetName|{"s":1,"v":{"Id":"0PS36000000mmnWGAQ","Label":"00e1a000000MWaHAAW","Name":"X00e1a000000MWaHAAW","NamespacePrefix":"shiva15testns","UserLicenseId":"10036000000eSq8AAE","CreatedDate":"2016-03-08T19:00:02.000Z"}}|0x235fc8fc
18:44:03.0 (10023145)|STATEMENT_EXECUTE|[162]
18:44:03.0 (10044355)|ENTERING_MANAGED_PKG|
18:44:03.0 (10057534)|STATEMENT_EXECUTE|[163]
18:44:03.0 (10069189)|HEAP_ALLOCATE|[162]|Bytes:5
18:44:03.0 (10089738)|HEAP_ALLOCATE|[162]|Bytes:28
18:44:03.0 (10097708)|VARIABLE_SCOPE_BEGIN|[162]|PSetName|PermissionSet|true|false
18:44:03.0 (10118122)|VARIABLE_ASSIGNMENT|[162]|PSetName|{"s":1,"v":{"Id":"0PS36000000mmnXGAQ","Label":"00e1a000000MWaIAAW","Name":"X00e1a000000MWaIAAW","NamespacePrefix":"shiva15testns","UserLicenseId":"10036000000eSq9AAE","CreatedDate":"2016-03-08T19:00:02.000Z"}}|0x5cd7e74a
18:44:03.0 (10122193)|STATEMENT_EXECUTE|[162]
18:44:03.0 (10142890)|ENTERING_MANAGED_PKG|
18:44:03.0 (10153047)|STATEMENT_EXECUTE|[163]
18:44:03.0 (10164170)|HEAP_ALLOCATE|[162]|Bytes:5
18:44:03.0 (10184197)|HEAP_ALLOCATE|[162]|Bytes:28
18:44:03.0 (10191954)|VARIABLE_SCOPE_BEGIN|[162]|PSetName|PermissionSet|true|false
18:44:03.0 (10212451)|VARIABLE_ASSIGNMENT|[162]|PSetName|{"s":1,"v":{"Id":"0PS36000000mmnYGAQ","Label":"00e1a000000MWaJAAW","Name":"X00e1a000000MWaJAAW","NamespacePrefix":"shiva15testns","UserLicenseId":"10036000000eSqAAAU","CreatedDate":"2016-03-08T19:00:02.000Z"}}|0x1eead9cd
18:44:03.0 (10216431)|STATEMENT_EXECUTE|[162]
18:44:03.0 (10237138)|ENTERING_MANAGED_PKG|
18:44:03.0 (10247073)|STATEMENT_EXECUTE|[163]
18:44:03.0 (10257895)|HEAP_ALLOCATE|[162]|Bytes:5
18:44:03.0 (10280808)|HEAP_ALLOCATE|[162]|Bytes:28
18:44:03.0 (10289685)|VARIABLE_SCOPE_BEGIN|[162]|PSetName|PermissionSet|true|false
18:44:03.0 (10310617)|VARIABLE_ASSIGNMENT|[162]|PSetName|{"s":1,"v":{"Id":"0PS36000000mmnZGAQ","Label":"00e1a000000MWaKAAW","Name":"X00e1a000000MWaKAAW","NamespacePrefix":"shiva15testns","UserLicenseId":"10036000000eSqBAAU","CreatedDate":"2016-03-08T19:00:02.000Z"}}|0x6434e0b8
18:44:03.0 (10314836)|STATEMENT_EXECUTE|[162]
18:44:03.0 (10335604)|ENTERING_MANAGED_PKG|
18:44:03.0 (10345615)|STATEMENT_EXECUTE|[163]
18:44:03.0 (10356770)|HEAP_ALLOCATE|[162]|Bytes:5
18:44:03.0 (10376764)|HEAP_ALLOCATE|[162]|Bytes:28
18:44:03.0 (10384656)|VARIABLE_SCOPE_BEGIN|[162]|PSetName|PermissionSet|true|false
18:44:03.0 (10404887)|VARIABLE_ASSIGNMENT|[162]|PSetName|{"s":1,"v":{"Id":"0PS36000000mmnaGAA","Label":"00e1a000000MWaLAAW","Name":"X00e1a000000MWaLAAW","NamespacePrefix":"shiva15testns","UserLicenseId":"10036000000eSqCAAU","CreatedDate":"2016-03-08T19:00:02.000Z"}}|0x39f1ccea
18:44:03.0 (10408761)|STATEMENT_EXECUTE|[162]
18:44:03.0 (10429343)|ENTERING_MANAGED_PKG|
18:44:03.0 (10439248)|STATEMENT_EXECUTE|[163]
18:44:03.0 (10450217)|HEAP_ALLOCATE|[162]|Bytes:5
18:44:03.0 (10470080)|HEAP_ALLOCATE|[162]|Bytes:28
18:44:03.0 (10477842)|VARIABLE_SCOPE_BEGIN|[162]|PSetName|PermissionSet|true|false
18:44:03.0 (10501340)|VARIABLE_ASSIGNMENT|[162]|PSetName|{"s":1,"v":{"Id":"0PS36000000mmnbGAA","Label":"00e1a000000MWaMAAW","Name":"X00e1a000000MWaMAAW","NamespacePrefix":"shiva15testns","UserLicenseId":"10036000000eSqDAAU","CreatedDate":"2016-03-08T19:00:02.000Z"}}|0x5a7f9129
18:44:03.0 (10506004)|STATEMENT_EXECUTE|[162]
18:44:03.0 (10526855)|ENTERING_MANAGED_PKG|
18:44:03.0 (10536821)|STATEMENT_EXECUTE|[163]
18:44:03.0 (10547930)|HEAP_ALLOCATE|[162]|Bytes:5
18:44:03.0 (10573988)|HEAP_ALLOCATE|[162]|Bytes:28
18:44:03.0 (10582722)|VARIABLE_SCOPE_BEGIN|[162]|PSetName|PermissionSet|true|false
18:44:03.0 (10603534)|VARIABLE_ASSIGNMENT|[162]|PSetName|{"s":1,"v":{"Id":"0PS36000000mmncGAA","Label":"00e1a000000MWaNAAW","Name":"X00e1a000000MWaNAAW","NamespacePrefix":"shiva15testns","UserLicenseId":"10036000000eSqEAAU","CreatedDate":"2016-03-08T19:00:02.000Z"}}|0x12130f1a
18:44:03.0 (10607609)|STATEMENT_EXECUTE|[162]
18:44:03.0 (10628538)|ENTERING_MANAGED_PKG|
18:44:03.0 (10638649)|STATEMENT_EXECUTE|[163]
18:44:03.0 (10649749)|HEAP_ALLOCATE|[162]|Bytes:5
18:44:03.0 (10670075)|HEAP_ALLOCATE|[162]|Bytes:28
18:44:03.0 (10680433)|VARIABLE_SCOPE_BEGIN|[162]|PSetName|PermissionSet|true|false
18:44:03.0 (10701522)|VARIABLE_ASSIGNMENT|[162]|PSetName|{"s":1,"v":{"Id":"0PS36000000mmndGAA","Label":"00e1a000000MWaOAAW","Name":"X00e1a000000MWaOAAW","NamespacePrefix":"shiva15testns","UserLicenseId":"10036000000eSqFAAU","CreatedDate":"2016-03-08T19:00:02.000Z"}}|0x51611cc0
18:44:03.0 (10705883)|STATEMENT_EXECUTE|[162]
18:44:03.0 (10726863)|ENTERING_MANAGED_PKG|
18:44:03.0 (10736837)|STATEMENT_EXECUTE|[163]
18:44:03.0 (10748136)|HEAP_ALLOCATE|[162]|Bytes:5
18:44:03.0 (10768325)|HEAP_ALLOCATE|[162]|Bytes:28
18:44:03.0 (10779503)|VARIABLE_SCOPE_BEGIN|[162]|PSetName|PermissionSet|true|false
18:44:03.0 (10800822)|VARIABLE_ASSIGNMENT|[162]|PSetName|{"s":1,"v":{"Id":"0PS36000000mmneGAA","Label":"00e1a000000MWaPAAW","Name":"X00e1a000000MWaPAAW","NamespacePrefix":"shiva15testns","UserLicenseId":"10036000000eSqGAAU","CreatedDate":"2016-03-08T19:00:02.000Z"}}|0x66401c9a
18:44:03.0 (10805308)|STATEMENT_EXECUTE|[162]
18:44:03.0 (10826588)|ENTERING_MANAGED_PKG|
18:44:03.0 (10836779)|STATEMENT_EXECUTE|[163]
18:44:03.0 (10847915)|HEAP_ALLOCATE|[162]|Bytes:5
18:44:03.0 (10868099)|HEAP_ALLOCATE|[162]|Bytes:28
18:44:03.0 (10875877)|VARIABLE_SCOPE_BEGIN|[162]|PSetName|PermissionSet|true|false
18:44:03.0 (10899212)|VARIABLE_ASSIGNMENT|[162]|PSetName|{"s":1,"v":{"Id":"0PS36000000mmnfGAA","Label":"00e1a000000MWaQAAW","Name":"X00e1a000000MWaQAAW","NamespacePrefix":"shiva15testns","UserLicenseId":"10036000000eSqHAAU","CreatedDate":"2016-03-08T19:00:02.000Z"}}|0x40102fa2
18:44:03.0 (10903393)|STATEMENT_EXECUTE|[162]
18:44:03.0 (10924469)|ENTERING_MANAGED_PKG|
18:44:03.0 (10934649)|STATEMENT_EXECUTE|[163]
18:44:03.0 (10946053)|HEAP_ALLOCATE|[162]|Bytes:5
18:44:03.0 (10966336)|HEAP_ALLOCATE|[162]|Bytes:28
18:44:03.0 (10974176)|VARIABLE_SCOPE_BEGIN|[162]|PSetName|PermissionSet|true|false
18:44:03.0 (10994674)|VARIABLE_ASSIGNMENT|[162]|PSetName|{"s":1,"v":{"Id":"0PS36000000mmngGAA","Label":"00e1a000000MWaRAAW","Name":"X00e1a000000MWaRAAW","NamespacePrefix":"shiva15testns","UserLicenseId":"10036000000eSqIAAU","CreatedDate":"2016-03-08T19:00:02.000Z"}}|0x4af19365
18:44:03.0 (10998856)|STATEMENT_EXECUTE|[162]
18:44:03.0 (11019559)|ENTERING_MANAGED_PKG|
18:44:03.0 (11030275)|STATEMENT_EXECUTE|[163]
18:44:03.0 (11041304)|HEAP_ALLOCATE|[162]|Bytes:5
18:44:03.0 (11061192)|HEAP_ALLOCATE|[162]|Bytes:28
18:44:03.0 (11068900)|VARIABLE_SCOPE_BEGIN|[162]|PSetName|PermissionSet|true|false
18:44:03.0 (11089385)|VARIABLE_ASSIGNMENT|[162]|PSetName|{"s":1,"v":{"Id":"0PS36000000mmnhGAA","Label":"00e1a000000MWaSAAW","Name":"X00e1a000000MWaSAAW","NamespacePrefix":"shiva15testns","UserLicenseId":"10036000000eSqJAAU","CreatedDate":"2016-03-08T19:00:02.000Z"}}|0x132f11e7
18:44:03.0 (11096158)|STATEMENT_EXECUTE|[162]
18:44:03.0 (11117199)|ENTERING_MANAGED_PKG|
18:44:03.0 (11127327)|STATEMENT_EXECUTE|[163]
18:44:03.0 (11138314)|HEAP_ALLOCATE|[162]|Bytes:5
18:44:03.0 (11158433)|HEAP_ALLOCATE|[162]|Bytes:28
18:44:03.0 (11166168)|VARIABLE_SCOPE_BEGIN|[162]|PSetName|PermissionSet|true|false
18:44:03.0 (11186632)|VARIABLE_ASSIGNMENT|[162]|PSetName|{"s":1,"v":{"Id":"0PS36000000mmniGAA","Label":"00e1a000000MWaTAAW","Name":"X00e1a000000MWaTAAW","NamespacePrefix":"shiva15testns","UserLicenseId":"10036000000eSqJAAU","CreatedDate":"2016-03-08T19:00:02.000Z"}}|0x756d6bd4
18:44:03.0 (11193298)|STATEMENT_EXECUTE|[162]
18:44:03.0 (11214670)|ENTERING_MANAGED_PKG|
18:44:03.0 (11224878)|STATEMENT_EXECUTE|[163]
18:44:03.0 (11236108)|HEAP_ALLOCATE|[162]|Bytes:5
18:44:03.0 (11256585)|HEAP_ALLOCATE|[162]|Bytes:28
18:44:03.0 (11264482)|VARIABLE_SCOPE_BEGIN|[162]|PSetName|PermissionSet|true|false
18:44:03.0 (11284939)|VARIABLE_ASSIGNMENT|[162]|PSetName|{"s":1,"v":{"Id":"0PS36000000mmnjGAA","Label":"00e1a000000MWaUAAW","Name":"X00e1a000000MWaUAAW","NamespacePrefix":"shiva15testns","UserLicenseId":"10036000000eSqKAAU","CreatedDate":"2016-03-08T19:00:02.000Z"}}|0x34c137e4
18:44:03.0 (11289044)|STATEMENT_EXECUTE|[162]
18:44:03.0 (11312797)|ENTERING_MANAGED_PKG|
18:44:03.0 (11323341)|STATEMENT_EXECUTE|[163]
18:44:03.0 (11334610)|HEAP_ALLOCATE|[162]|Bytes:5
18:44:03.0 (11357451)|HEAP_ALLOCATE|[162]|Bytes:28
18:44:03.0 (11365765)|VARIABLE_SCOPE_BEGIN|[162]|PSetName|PermissionSet|true|false
18:44:03.0 (11386503)|VARIABLE_ASSIGNMENT|[162]|PSetName|{"s":1,"v":{"Id":"0PS36000000mmnlGAA","Label":"00e1a000000N1LRAA0","Name":"X00e1a000000N1LRAA0","NamespacePrefix":"shiva15testns","UserLicenseId":"10036000000eSqLAAU","CreatedDate":"2016-03-08T19:00:02.000Z"}}|0x72edf0a2
18:44:03.0 (11390482)|STATEMENT_EXECUTE|[162]
18:44:03.0 (11411125)|ENTERING_MANAGED_PKG|
18:44:03.0 (11421113)|STATEMENT_EXECUTE|[163]
18:44:03.0 (11432127)|HEAP_ALLOCATE|[162]|Bytes:5
18:44:03.0 (11452279)|HEAP_ALLOCATE|[162]|Bytes:28
18:44:03.0 (11460084)|VARIABLE_SCOPE_BEGIN|[162]|PSetName|PermissionSet|true|false
18:44:03.0 (11480136)|VARIABLE_ASSIGNMENT|[162]|PSetName|{"s":1,"v":{"Id":"0PS36000000mmnmGAA","Label":"00e1a000000N1LSAA0","Name":"X00e1a000000N1LSAA0","NamespacePrefix":"shiva15testns","UserLicenseId":"10036000000eSqMAAU","CreatedDate":"2016-03-08T19:00:02.000Z"}}|0x19a66731
18:44:03.0 (11484362)|STATEMENT_EXECUTE|[162]
18:44:03.0 (11505149)|ENTERING_MANAGED_PKG|
18:44:03.0 (11517856)|STATEMENT_EXECUTE|[163]
18:44:03.0 (11529392)|HEAP_ALLOCATE|[162]|Bytes:5
18:44:03.0 (11549841)|HEAP_ALLOCATE|[162]|Bytes:28
18:44:03.0 (11557636)|VARIABLE_SCOPE_BEGIN|[162]|PSetName|PermissionSet|true|false
18:44:03.0 (11578159)|VARIABLE_ASSIGNMENT|[162]|PSetName|{"s":1,"v":{"Id":"0PS36000000mmnnGAA","Label":"00e1a000000N1wKAAS","Name":"X00e1a000000N1wKAAS","NamespacePrefix":"shiva15testns","UserLicenseId":"10036000000eSqNAAU","CreatedDate":"2016-03-08T19:00:02.000Z"}}|0x78b9c1a
18:44:03.0 (11582188)|STATEMENT_EXECUTE|[162]
18:44:03.0 (11602692)|ENTERING_MANAGED_PKG|
18:44:03.0 (11612630)|STATEMENT_EXECUTE|[163]
18:44:03.0 (11623629)|HEAP_ALLOCATE|[162]|Bytes:5
18:44:03.0 (11644071)|HEAP_ALLOCATE|[162]|Bytes:28
18:44:03.0 (11651702)|VARIABLE_SCOPE_BEGIN|[162]|PSetName|PermissionSet|true|false
18:44:03.0 (11672097)|VARIABLE_ASSIGNMENT|[162]|PSetName|{"s":1,"v":{"Id":"0PS36000000mmnoGAA","Label":"00e1a000000N1wLAAS","Name":"X00e1a000000N1wLAAS","NamespacePrefix":"shiva15testns","UserLicenseId":"10036000000eSqNAAU","CreatedDate":"2016-03-08T19:00:02.000Z"}}|0x3a48f518
18:44:03.0 (11676557)|STATEMENT_EXECUTE|[162]
18:44:03.0 (11700175)|ENTERING_MANAGED_PKG|
18:44:03.0 (11710976)|STATEMENT_EXECUTE|[163]
18:44:03.0 (11722219)|HEAP_ALLOCATE|[162]|Bytes:5
18:44:03.0 (11742755)|HEAP_ALLOCATE|[162]|Bytes:28
18:44:03.0 (11750605)|VARIABLE_SCOPE_BEGIN|[162]|PSetName|PermissionSet|true|false
18:44:03.0 (11771623)|VARIABLE_ASSIGNMENT|[162]|PSetName|{"s":1,"v":{"Id":"0PS36000000mmnqGAA","Label":"00e1a000000MWaAAAW","Name":"X00e1a000000MWaAAAW","NamespacePrefix":"shiva15testns","UserLicenseId":"10036000000eSq1AAE","CreatedDate":"2016-03-08T19:00:02.000Z"}}|0x27bd6a13
18:44:03.0 (11775775)|STATEMENT_EXECUTE|[162]
18:44:03.0 (11800164)|ENTERING_MANAGED_PKG|
18:44:03.0 (11810409)|STATEMENT_EXECUTE|[163]
18:44:03.0 (11821545)|HEAP_ALLOCATE|[162]|Bytes:5
18:44:03.0 (11842198)|HEAP_ALLOCATE|[162]|Bytes:32
18:44:03.0 (11849947)|VARIABLE_SCOPE_BEGIN|[162]|PSetName|PermissionSet|true|false
18:44:03.0 (11872545)|VARIABLE_ASSIGNMENT|[162]|PSetName|{"s":1,"v":{"Id":"0PS36000000q71PGAQ","Label":"PermissionSet_Test","Name":"PermissionSet_Test","Description":"This is for testing  (11 more) ...","NamespacePrefix":"shiva15testns","UserLicenseId":"10036000000eSpyAAE","CreatedDate":"2016-03-20T22:41:12.000Z"}}|0xd081e3a
18:44:03.0 (11876859)|STATEMENT_EXECUTE|[162]
18:44:03.0 (11897617)|ENTERING_MANAGED_PKG|
18:44:03.0 (11910976)|STATEMENT_EXECUTE|[163]
18:44:03.0 (11912886)|STATEMENT_EXECUTE|[164]
18:44:03.0 (11916812)|HEAP_ALLOCATE|[164]|Bytes:52
18:44:03.0 (11923851)|HEAP_ALLOCATE|[164]|Bytes:4
18:44:03.0 (11931016)|HEAP_ALLOCATE|[164]|Bytes:7
18:44:03.0 (12806213)|SOQL_EXECUTE_BEGIN|[164]|Aggregations:0|SELECT Id, Name FROM UserLicense WHERE Id = :tmpVar1
18:44:03.0 (14904115)|SOQL_EXECUTE_END|[164]|Rows:1
18:44:03.0 (14921126)|HEAP_ALLOCATE|[164]|Bytes:8
18:44:03.0 (14933749)|HEAP_ALLOCATE|[164]|Bytes:47
18:44:03.0 (14966065)|HEAP_ALLOCATE|[164]|Bytes:8
18:44:03.0 (14977422)|HEAP_ALLOCATE|[164]|Bytes:37
18:44:03.0 (15056065)|HEAP_ALLOCATE|[164]|Bytes:12
18:44:03.0 (15067819)|VARIABLE_SCOPE_BEGIN|[164]|ulicense|UserLicense|true|false
18:44:03.0 (15087068)|VARIABLE_ASSIGNMENT|[164]|ulicense|{"s":1,"v":{"Id":"10036000000eSpyAAE","Name":"Salesforce"}}|0x2cd8c941
18:44:03.0 (15091073)|STATEMENT_EXECUTE|[165]
18:44:03.0 (15099668)|HEAP_ALLOCATE|[165]|Bytes:240
18:44:03.0 (15106273)|HEAP_ALLOCATE|[165]|Bytes:39
18:44:03.0 (15132084)|HEAP_ALLOCATE|[165]|Bytes:32
18:44:03.0 (15189921)|ENTERING_MANAGED_PKG|
18:44:03.0 (15226207)|HEAP_ALLOCATE|[165]|Bytes:18
18:44:03.0 (15321475)|ENTERING_MANAGED_PKG|
18:44:03.0 (15346346)|HEAP_ALLOCATE|[165]|Bytes:19
18:44:03.0 (15395848)|CONSTRUCTOR_ENTRY|[165]|01p36000005Jpvx|<init>(String,String,String,String,String,String,String)
18:44:03.0 (15422477)|VARIABLE_SCOPE_BEGIN|[1054]|this|shiva15testns.PermissionSetPortalControllers.PermissionSetClass|true|false
18:44:03.0 (15513260)|VARIABLE_ASSIGNMENT|[1054]|this|{}|0x24476589
18:44:03.0 (15520535)|VARIABLE_SCOPE_BEGIN|[1054]|label|String|false|false
18:44:03.0 (15527008)|VARIABLE_ASSIGNMENT|[1054]|label|"PermissionSet_Test"
18:44:03.0 (15530272)|VARIABLE_SCOPE_BEGIN|[1054]|apiName|String|false|false
18:44:03.0 (15534199)|VARIABLE_ASSIGNMENT|[1054]|apiName|"PermissionSet_Test"
18:44:03.0 (15537064)|VARIABLE_SCOPE_BEGIN|[1054]|id|String|false|false
18:44:03.0 (15540656)|VARIABLE_ASSIGNMENT|[1054]|id|"0PS36000000q71PGAQ"
18:44:03.0 (15543455)|VARIABLE_SCOPE_BEGIN|[1054]|description|String|false|false
18:44:03.0 (15548217)|VARIABLE_ASSIGNMENT|[1054]|description|"This is for testing  (11 more) ..."
18:44:03.0 (15551079)|VARIABLE_SCOPE_BEGIN|[1054]|namespacePrefix|String|false|false
18:44:03.0 (15554478)|VARIABLE_ASSIGNMENT|[1054]|namespacePrefix|"shiva15testns"
18:44:03.0 (15557244)|VARIABLE_SCOPE_BEGIN|[1054]|userLicenseId|String|false|false
18:44:03.0 (15560436)|VARIABLE_ASSIGNMENT|[1054]|userLicenseId|"Salesforce"
18:44:03.0 (15563206)|VARIABLE_SCOPE_BEGIN|[1054]|createdDate|String|false|false
18:44:03.0 (15566611)|VARIABLE_ASSIGNMENT|[1054]|createdDate|"2016-03-20 15:41:12"
18:44:03.0 (15571377)|STATEMENT_EXECUTE|[1037]
18:44:03.0 (15573041)|STATEMENT_EXECUTE|[1040]
18:44:03.0 (15574555)|STATEMENT_EXECUTE|[1042]
18:44:03.0 (15575954)|STATEMENT_EXECUTE|[1044]
18:44:03.0 (15577172)|STATEMENT_EXECUTE|[1046]
18:44:03.0 (15578382)|STATEMENT_EXECUTE|[1048]
18:44:03.0 (15579495)|STATEMENT_EXECUTE|[1050]
18:44:03.0 (15580695)|STATEMENT_EXECUTE|[1052]
18:44:03.0 (15589796)|HEAP_ALLOCATE|[1056]|Bytes:6
18:44:03.0 (15622707)|STATEMENT_EXECUTE|[1055]
18:44:03.0 (15624976)|STATEMENT_EXECUTE|[1056]
18:44:03.0 (15719905)|VARIABLE_ASSIGNMENT|[EXTERNAL]|this|{}|0x24476589
18:44:03.0 (15729448)|VARIABLE_ASSIGNMENT|[EXTERNAL]|value|"PermissionSet_Test"
18:44:03.0 (15742511)|VARIABLE_ASSIGNMENT|[1040]|this.label|"PermissionSet_Test"|0x24476589
18:44:03.0 (15751328)|STATEMENT_EXECUTE|[1057]
18:44:03.0 (15810574)|VARIABLE_ASSIGNMENT|[EXTERNAL]|this|{"label":"PermissionSet_Test"}|0x24476589
18:44:03.0 (15819137)|VARIABLE_ASSIGNMENT|[EXTERNAL]|value|"PermissionSet_Test"
18:44:03.0 (15830729)|VARIABLE_ASSIGNMENT|[1042]|this.apiName|"PermissionSet_Test"|0x24476589
18:44:03.0 (15839858)|STATEMENT_EXECUTE|[1058]
18:44:03.0 (15899017)|VARIABLE_ASSIGNMENT|[EXTERNAL]|this|{"apiName":"PermissionSet_Test","label":"PermissionSet_Test"}|0x24476589
18:44:03.0 (15907132)|VARIABLE_ASSIGNMENT|[EXTERNAL]|value|"0PS36000000q71PGAQ"
18:44:03.0 (15915338)|VARIABLE_ASSIGNMENT|[1044]|this.id|"0PS36000000q71PGAQ"|0x24476589
18:44:03.0 (15923493)|STATEMENT_EXECUTE|[1059]
18:44:03.0 (15979427)|VARIABLE_ASSIGNMENT|[EXTERNAL]|this|{"apiName":"PermissionSet_Test","id":"0PS36000000q71PGAQ","label":"PermissionSet_Test"}|0x24476589
18:44:03.0 (15989136)|VARIABLE_ASSIGNMENT|[EXTERNAL]|value|"This is for testing  (11 more) ..."
18:44:03.0 (15998173)|VARIABLE_ASSIGNMENT|[1046]|this.description|"This is for testing  (11 more) ..."|0x24476589
18:44:03.0 (16006147)|STATEMENT_EXECUTE|[1060]
18:44:03.0 (16069828)|VARIABLE_ASSIGNMENT|[EXTERNAL]|this|{"apiName":"PermissionSet_Test","description":"This is for testing  (11 more) ...","id":"0PS36000000q71PGAQ","label":"PermissionSet_Test"}|0x24476589
18:44:03.0 (16078736)|VARIABLE_ASSIGNMENT|[EXTERNAL]|value|"shiva15testns"
18:44:03.0 (16087089)|VARIABLE_ASSIGNMENT|[1048]|this.namespacePrefix|"shiva15testns"|0x24476589
18:44:03.0 (16094994)|STATEMENT_EXECUTE|[1061]
18:44:03.0 (16151841)|VARIABLE_ASSIGNMENT|[EXTERNAL]|this|{"apiName":"PermissionSet_Test","description":"This is for testing  (11 more) ...","id":"0PS36000000q71PGAQ","label":"PermissionSet_Test","namespacePrefix":"shiva15testns"}|0x24476589
18:44:03.0 (16160623)|VARIABLE_ASSIGNMENT|[EXTERNAL]|value|"Salesforce"
18:44:03.0 (16168388)|VARIABLE_ASSIGNMENT|[1050]|this.userLicenseId|"Salesforce"|0x24476589
18:44:03.0 (16176179)|STATEMENT_EXECUTE|[1062]
18:44:03.0 (16233566)|VARIABLE_ASSIGNMENT|[EXTERNAL]|this|{"apiName":"PermissionSet_Test","description":"This is for testing  (11 more) ...","id":"0PS36000000q71PGAQ","label":"PermissionSet_Test","namespacePrefix":"shiva15testns","userLicenseId":"Salesforce"}|0x24476589
18:44:03.0 (16242539)|VARIABLE_ASSIGNMENT|[EXTERNAL]|value|"2016-03-20 15:41:12"
18:44:03.0 (16250678)|VARIABLE_ASSIGNMENT|[1052]|this.createdDate|"2016-03-20 15:41:12"|0x24476589
18:44:03.0 (16265979)|CONSTRUCTOR_EXIT|[165]|01p36000005Jpvx|<init>(String,String,String,String,String,String,String)
18:44:03.0 (16289657)|VARIABLE_ASSIGNMENT|[165]|pSetObj|{"apiName":"PermissionSet_Test","createdDate":"2016-03-20 15:41:12","description":"This is for testing  (11 more) ...","id":"0PS36000000q71PGAQ","label":"PermissionSet_Test","namespacePrefix":"shiva15testns","userLicenseId":"Salesforce"}|0x24476589
18:44:03.0 (16294116)|STATEMENT_EXECUTE|[167]
18:44:03.0 (16309938)|ENTERING_MANAGED_PKG|
18:44:03.0 (16333976)|HEAP_ALLOCATE|[EXTERNAL]|Bytes:4
18:44:03.0 (16343163)|STATEMENT_EXECUTE|[168]
18:44:03.0 (16522020)|HEAP_ALLOCATE|[168]|Bytes:24
18:44:03.0 (16543388)|ENTERING_MANAGED_PKG|
18:44:03.0 (16664749)|HEAP_ALLOCATE|[168]|Bytes:231
18:44:03.0 (16690277)|HEAP_ALLOCATE|[168]|Bytes:255
18:44:03.0 (16717511)|ENTERING_MANAGED_PKG|
18:44:03.0 (16730076)|USER_DEBUG|[168]|ERROR|The PermissionSet Name: PermissionSet:{Id=0PS36000000q71PGAQ, Label=PermissionSet_Test, Name=PermissionSet_Test, Description=This is for testing Description, NamespacePrefix=shiva15testns, UserLicenseId=10036000000eSpyAAE, CreatedDate=2016-03-20 22:41:12}
18:44:03.0 (16749667)|HEAP_ALLOCATE|[162]|Bytes:5
18:44:03.0 (16774803)|HEAP_ALLOCATE|[162]|Bytes:32
18:44:03.0 (16784177)|VARIABLE_SCOPE_BEGIN|[162]|PSetName|PermissionSet|true|false
18:44:03.0 (16811815)|VARIABLE_ASSIGNMENT|[162]|PSetName|{"s":1,"v":{"Id":"0PS360000016pyOGAQ","Label":"Final_Test","Name":"Final_Test","Description":"Descp","NamespacePrefix":"shiva15testns","UserLicenseId":"10036000000eSpyAAE","CreatedDate":"2016-05-03T01:36:03.000Z"}}|0x563838cd
18:44:03.0 (16816869)|STATEMENT_EXECUTE|[162]
18:44:03.0 (16843111)|ENTERING_MANAGED_PKG|
18:44:03.0 (16854738)|STATEMENT_EXECUTE|[163]
18:44:03.0 (16856602)|STATEMENT_EXECUTE|[164]
18:44:03.0 (16861865)|HEAP_ALLOCATE|[164]|Bytes:4
18:44:03.0 (17020519)|SOQL_EXECUTE_BEGIN|[164]|Aggregations:0|SELECT Id, Name FROM UserLicense WHERE Id = :tmpVar1
18:44:03.0 (18608742)|SOQL_EXECUTE_END|[164]|Rows:1
18:44:03.0 (18622300)|HEAP_ALLOCATE|[164]|Bytes:8
18:44:03.0 (18633218)|HEAP_ALLOCATE|[164]|Bytes:47
18:44:03.0 (18649212)|HEAP_ALLOCATE|[164]|Bytes:8
18:44:03.0 (18682051)|HEAP_ALLOCATE|[164]|Bytes:12
18:44:03.0 (18691816)|VARIABLE_SCOPE_BEGIN|[164]|ulicense|UserLicense|true|false
18:44:03.0 (18710334)|VARIABLE_ASSIGNMENT|[164]|ulicense|{"s":1,"v":{"Id":"10036000000eSpyAAE","Name":"Salesforce"}}|0x133a3c8
18:44:03.0 (18713919)|STATEMENT_EXECUTE|[165]
18:44:03.0 (18719374)|HEAP_ALLOCATE|[165]|Bytes:32
18:44:03.0 (18746734)|ENTERING_MANAGED_PKG|
18:44:03.0 (18752023)|HEAP_ALLOCATE|[165]|Bytes:18
18:44:03.0 (18787895)|ENTERING_MANAGED_PKG|
18:44:03.0 (18803465)|HEAP_ALLOCATE|[165]|Bytes:19
18:44:03.0 (18825273)|CONSTRUCTOR_ENTRY|[165]|01p36000005Jpvx|<init>(String,String,String,String,String,String,String)
18:44:03.0 (18831088)|VARIABLE_SCOPE_BEGIN|[1054]|this|shiva15testns.PermissionSetPortalControllers.PermissionSetClass|true|false
18:44:03.0 (18853902)|VARIABLE_ASSIGNMENT|[1054]|this|{}|0x5bb902b7
18:44:03.0 (18857377)|VARIABLE_SCOPE_BEGIN|[1054]|label|String|false|false
18:44:03.0 (18862093)|VARIABLE_ASSIGNMENT|[1054]|label|"Final_Test"
18:44:03.0 (18864057)|VARIABLE_SCOPE_BEGIN|[1054]|apiName|String|false|false
18:44:03.0 (18870367)|VARIABLE_ASSIGNMENT|[1054]|apiName|"Final_Test"
18:44:03.0 (18872243)|VARIABLE_SCOPE_BEGIN|[1054]|id|String|false|false
18:44:03.0 (18875695)|VARIABLE_ASSIGNMENT|[1054]|id|"0PS360000016pyOGAQ"
18:44:03.0 (18877810)|VARIABLE_SCOPE_BEGIN|[1054]|description|String|false|false
18:44:03.0 (18881006)|VARIABLE_ASSIGNMENT|[1054]|description|"Descp"
18:44:03.0 (18882744)|VARIABLE_SCOPE_BEGIN|[1054]|namespacePrefix|String|false|false
18:44:03.0 (18885512)|VARIABLE_ASSIGNMENT|[1054]|namespacePrefix|"shiva15testns"
18:44:03.0 (18887143)|VARIABLE_SCOPE_BEGIN|[1054]|userLicenseId|String|false|false
18:44:03.0 (18889873)|VARIABLE_ASSIGNMENT|[1054]|userLicenseId|"Salesforce"
18:44:03.0 (18891531)|VARIABLE_SCOPE_BEGIN|[1054]|createdDate|String|false|false
18:44:03.0 (18894459)|VARIABLE_ASSIGNMENT|[1054]|createdDate|"2016-05-02 18:36:03"
18:44:03.0 (18897452)|STATEMENT_EXECUTE|[1037]
18:44:03.0 (18898898)|STATEMENT_EXECUTE|[1040]
18:44:03.0 (18900206)|STATEMENT_EXECUTE|[1042]
18:44:03.0 (18901241)|STATEMENT_EXECUTE|[1044]
18:44:03.0 (18902250)|STATEMENT_EXECUTE|[1046]
18:44:03.0 (18903292)|STATEMENT_EXECUTE|[1048]
18:44:03.0 (18904296)|STATEMENT_EXECUTE|[1050]
18:44:03.0 (18905463)|STATEMENT_EXECUTE|[1052]
18:44:03.0 (18918500)|STATEMENT_EXECUTE|[1055]
18:44:03.0 (18920187)|STATEMENT_EXECUTE|[1056]
18:44:03.0 (18942554)|VARIABLE_ASSIGNMENT|[EXTERNAL]|this|{}|0x5bb902b7
18:44:03.0 (18961625)|VARIABLE_ASSIGNMENT|[EXTERNAL]|value|"Final_Test"
18:44:03.0 (18975350)|VARIABLE_ASSIGNMENT|[1040]|this.label|"Final_Test"|0x5bb902b7
18:44:03.0 (18988863)|STATEMENT_EXECUTE|[1057]
18:44:03.0 (19029155)|VARIABLE_ASSIGNMENT|[EXTERNAL]|this|{"label":"Final_Test"}|0x5bb902b7
18:44:03.0 (19039709)|VARIABLE_ASSIGNMENT|[EXTERNAL]|value|"Final_Test"
18:44:03.0 (19050266)|VARIABLE_ASSIGNMENT|[1042]|this.apiName|"Final_Test"|0x5bb902b7
18:44:03.0 (19059689)|STATEMENT_EXECUTE|[1058]
18:44:03.0 (19085374)|VARIABLE_ASSIGNMENT|[EXTERNAL]|this|{"apiName":"Final_Test","label":"Final_Test"}|0x5bb902b7
18:44:03.0 (19090959)|VARIABLE_ASSIGNMENT|[EXTERNAL]|value|"0PS360000016pyOGAQ"
18:44:03.0 (19097209)|VARIABLE_ASSIGNMENT|[1044]|this.id|"0PS360000016pyOGAQ"|0x5bb902b7
18:44:03.0 (19104068)|STATEMENT_EXECUTE|[1059]
18:44:03.0 (19125987)|VARIABLE_ASSIGNMENT|[EXTERNAL]|this|{"apiName":"Final_Test","id":"0PS360000016pyOGAQ","label":"Final_Test"}|0x5bb902b7
18:44:03.0 (19131140)|VARIABLE_ASSIGNMENT|[EXTERNAL]|value|"Descp"
18:44:03.0 (19140344)|VARIABLE_ASSIGNMENT|[1046]|this.description|"Descp"|0x5bb902b7
18:44:03.0 (19147068)|STATEMENT_EXECUTE|[1060]
18:44:03.0 (19169597)|VARIABLE_ASSIGNMENT|[EXTERNAL]|this|{"apiName":"Final_Test","description":"Descp","id":"0PS360000016pyOGAQ","label":"Final_Test"}|0x5bb902b7
18:44:03.0 (19175117)|VARIABLE_ASSIGNMENT|[EXTERNAL]|value|"shiva15testns"
18:44:03.0 (19181003)|VARIABLE_ASSIGNMENT|[1048]|this.namespacePrefix|"shiva15testns"|0x5bb902b7
18:44:03.0 (19187425)|STATEMENT_EXECUTE|[1061]
18:44:03.0 (19209201)|VARIABLE_ASSIGNMENT|[EXTERNAL]|this|{"apiName":"Final_Test","description":"Descp","id":"0PS360000016pyOGAQ","label":"Final_Test","namespacePrefix":"shiva15testns"}|0x5bb902b7
18:44:03.0 (19214459)|VARIABLE_ASSIGNMENT|[EXTERNAL]|value|"Salesforce"
18:44:03.0 (19220147)|VARIABLE_ASSIGNMENT|[1050]|this.userLicenseId|"Salesforce"|0x5bb902b7
18:44:03.0 (19226675)|STATEMENT_EXECUTE|[1062]
18:44:03.0 (19249398)|VARIABLE_ASSIGNMENT|[EXTERNAL]|this|{"apiName":"Final_Test","description":"Descp","id":"0PS360000016pyOGAQ","label":"Final_Test","namespacePrefix":"shiva15testns","userLicenseId":"Salesforce"}|0x5bb902b7
18:44:03.0 (19260832)|VARIABLE_ASSIGNMENT|[EXTERNAL]|value|"2016-05-02 18:36:03"
18:44:03.0 (19267452)|VARIABLE_ASSIGNMENT|[1052]|this.createdDate|"2016-05-02 18:36:03"|0x5bb902b7
18:44:03.0 (19282205)|CONSTRUCTOR_EXIT|[165]|01p36000005Jpvx|<init>(String,String,String,String,String,String,String)
18:44:03.0 (19304668)|VARIABLE_ASSIGNMENT|[165]|pSetObj|{"apiName":"Final_Test","createdDate":"2016-05-02 18:36:03","description":"Descp","id":"0PS360000016pyOGAQ","label":"Final_Test","namespacePrefix":"shiva15testns","userLicenseId":"Salesforce"}|0x5bb902b7
18:44:03.0 (19308764)|STATEMENT_EXECUTE|[167]
18:44:03.0 (19321575)|ENTERING_MANAGED_PKG|
18:44:03.0 (19326194)|HEAP_ALLOCATE|[EXTERNAL]|Bytes:4
18:44:03.0 (19332647)|STATEMENT_EXECUTE|[168]
18:44:03.0 (19346666)|ENTERING_MANAGED_PKG|
18:44:03.0 (19396919)|HEAP_ALLOCATE|[168]|Bytes:189
18:44:03.0 (19414085)|HEAP_ALLOCATE|[168]|Bytes:213
18:44:03.0 (19427359)|ENTERING_MANAGED_PKG|
18:44:03.0 (19434619)|USER_DEBUG|[168]|ERROR|The PermissionSet Name: PermissionSet:{Id=0PS360000016pyOGAQ, Label=Final_Test, Name=Final_Test, Description=Descp, NamespacePrefix=shiva15testns, UserLicenseId=10036000000eSpyAAE, CreatedDate=2016-05-03 01:36:03}
18:44:03.0 (19452362)|HEAP_ALLOCATE|[162]|Bytes:5
18:44:03.0 (19476924)|HEAP_ALLOCATE|[162]|Bytes:32
18:44:03.0 (19486138)|VARIABLE_SCOPE_BEGIN|[162]|PSetName|PermissionSet|true|false
18:44:03.0 (19522717)|VARIABLE_ASSIGNMENT|[162]|PSetName|{"s":1,"v":{"Id":"0PS360000016pzlGAA","Label":"Final_Error_Testing","Name":"Final_Error_Testing","Description":"Descp","NamespacePrefix":"shiva15testns","UserLicenseId":"10036000000eSpyAAE","CreatedDate":"2016-05-03T01:41:02.000Z"}}|0x2b25e727
18:44:03.0 (19530355)|STATEMENT_EXECUTE|[162]
18:44:03.0 (19565071)|ENTERING_MANAGED_PKG|
18:44:03.0 (19585950)|STATEMENT_EXECUTE|[163]
18:44:03.0 (19589412)|STATEMENT_EXECUTE|[164]
18:44:03.0 (19596910)|HEAP_ALLOCATE|[164]|Bytes:4
18:44:03.0 (19851113)|SOQL_EXECUTE_BEGIN|[164]|Aggregations:0|SELECT Id, Name FROM UserLicense WHERE Id = :tmpVar1
18:44:03.0 (21923099)|SOQL_EXECUTE_END|[164]|Rows:1
18:44:03.0 (21942655)|HEAP_ALLOCATE|[164]|Bytes:8
18:44:03.0 (21958715)|HEAP_ALLOCATE|[164]|Bytes:47
18:44:03.0 (21981153)|HEAP_ALLOCATE|[164]|Bytes:8
18:44:03.0 (22028520)|HEAP_ALLOCATE|[164]|Bytes:12
18:44:03.0 (22045029)|VARIABLE_SCOPE_BEGIN|[164]|ulicense|UserLicense|true|false
18:44:03.0 (22068618)|VARIABLE_ASSIGNMENT|[164]|ulicense|{"s":1,"v":{"Id":"10036000000eSpyAAE","Name":"Salesforce"}}|0x2e3fdef7
18:44:03.0 (22074564)|STATEMENT_EXECUTE|[165]
18:44:03.0 (22082431)|HEAP_ALLOCATE|[165]|Bytes:32
18:44:03.0 (22121403)|ENTERING_MANAGED_PKG|
18:44:03.0 (22129909)|HEAP_ALLOCATE|[165]|Bytes:18
18:44:03.0 (22184449)|ENTERING_MANAGED_PKG|
18:44:03.0 (22206536)|HEAP_ALLOCATE|[165]|Bytes:19
18:44:03.0 (22240177)|CONSTRUCTOR_ENTRY|[165]|01p36000005Jpvx|<init>(String,String,String,String,String,String,String)
18:44:03.0 (22256482)|VARIABLE_SCOPE_BEGIN|[1054]|this|shiva15testns.PermissionSetPortalControllers.PermissionSetClass|true|false
18:44:03.0 (22289124)|VARIABLE_ASSIGNMENT|[1054]|this|{}|0x42fcb370
18:44:03.0 (22294359)|VARIABLE_SCOPE_BEGIN|[1054]|label|String|false|false
18:44:03.0 (22302910)|VARIABLE_ASSIGNMENT|[1054]|label|"Final_Error_Testing"
18:44:03.0 (22306412)|VARIABLE_SCOPE_BEGIN|[1054]|apiName|String|false|false
18:44:03.0 (22312243)|VARIABLE_ASSIGNMENT|[1054]|apiName|"Final_Error_Testing"
18:44:03.0 (22315402)|VARIABLE_SCOPE_BEGIN|[1054]|id|String|false|false
18:44:03.0 (22325834)|VARIABLE_ASSIGNMENT|[1054]|id|"0PS360000016pzlGAA"
18:44:03.0 (22329180)|VARIABLE_SCOPE_BEGIN|[1054]|description|String|false|false
18:44:03.0 (22334550)|VARIABLE_ASSIGNMENT|[1054]|description|"Descp"
18:44:03.0 (22337636)|VARIABLE_SCOPE_BEGIN|[1054]|namespacePrefix|String|false|false
18:44:03.0 (22343324)|VARIABLE_ASSIGNMENT|[1054]|namespacePrefix|"shiva15testns"
18:44:03.0 (22346573)|VARIABLE_SCOPE_BEGIN|[1054]|userLicenseId|String|false|false
18:44:03.0 (22351726)|VARIABLE_ASSIGNMENT|[1054]|userLicenseId|"Salesforce"
18:44:03.0 (22354720)|VARIABLE_SCOPE_BEGIN|[1054]|createdDate|String|false|false
18:44:03.0 (22360103)|VARIABLE_ASSIGNMENT|[1054]|createdDate|"2016-05-02 18:41:02"
18:44:03.0 (22365433)|STATEMENT_EXECUTE|[1037]
18:44:03.0 (22367895)|STATEMENT_EXECUTE|[1040]
18:44:03.0 (22370084)|STATEMENT_EXECUTE|[1042]
18:44:03.0 (22371974)|STATEMENT_EXECUTE|[1044]
18:44:03.0 (22373798)|STATEMENT_EXECUTE|[1046]
18:44:03.0 (22375667)|STATEMENT_EXECUTE|[1048]
18:44:03.0 (22377446)|STATEMENT_EXECUTE|[1050]
18:44:03.0 (22379293)|STATEMENT_EXECUTE|[1052]
18:44:03.0 (22399394)|STATEMENT_EXECUTE|[1055]
18:44:03.0 (22402839)|STATEMENT_EXECUTE|[1056]
18:44:03.0 (22439967)|VARIABLE_ASSIGNMENT|[EXTERNAL]|this|{}|0x42fcb370
18:44:03.0 (22449434)|VARIABLE_ASSIGNMENT|[EXTERNAL]|value|"Final_Error_Testing"
18:44:03.0 (22460306)|VARIABLE_ASSIGNMENT|[1040]|this.label|"Final_Error_Testing"|0x42fcb370
18:44:03.0 (22471108)|STATEMENT_EXECUTE|[1057]
18:44:03.0 (22500680)|VARIABLE_ASSIGNMENT|[EXTERNAL]|this|{"label":"Final_Error_Testing"}|0x42fcb370
18:44:03.0 (22507719)|VARIABLE_ASSIGNMENT|[EXTERNAL]|value|"Final_Error_Testing"
18:44:03.0 (22515918)|VARIABLE_ASSIGNMENT|[1042]|this.apiName|"Final_Error_Testing"|0x42fcb370
18:44:03.0 (22524849)|STATEMENT_EXECUTE|[1058]
18:44:03.0 (22555032)|VARIABLE_ASSIGNMENT|[EXTERNAL]|this|{"apiName":"Final_Error_Testing","label":"Final_Error_Testing"}|0x42fcb370
18:44:03.0 (22564648)|VARIABLE_ASSIGNMENT|[EXTERNAL]|value|"0PS360000016pzlGAA"
18:44:03.0 (22575728)|VARIABLE_ASSIGNMENT|[1044]|this.id|"0PS360000016pzlGAA"|0x42fcb370
18:44:03.0 (22587638)|STATEMENT_EXECUTE|[1059]
18:44:03.0 (22628918)|VARIABLE_ASSIGNMENT|[EXTERNAL]|this|{"apiName":"Final_Error_Testing","id":"0PS360000016pzlGAA","label":"Final_Error_Testing"}|0x42fcb370
18:44:03.0 (22635981)|VARIABLE_ASSIGNMENT|[EXTERNAL]|value|"Descp"
18:44:03.0 (22643282)|VARIABLE_ASSIGNMENT|[1046]|this.description|"Descp"|0x42fcb370
18:44:03.0 (22651715)|STATEMENT_EXECUTE|[1060]
18:44:03.0 (22679605)|VARIABLE_ASSIGNMENT|[EXTERNAL]|this|{"apiName":"Final_Error_Testing","description":"Descp","id":"0PS360000016pzlGAA","label":"Final_Error_Testing"}|0x42fcb370
18:44:03.0 (22685646)|VARIABLE_ASSIGNMENT|[EXTERNAL]|value|"shiva15testns"
18:44:03.0 (22692301)|VARIABLE_ASSIGNMENT|[1048]|this.namespacePrefix|"shiva15testns"|0x42fcb370
18:44:03.0 (22699217)|STATEMENT_EXECUTE|[1061]
18:44:03.0 (22722037)|VARIABLE_ASSIGNMENT|[EXTERNAL]|this|{"apiName":"Final_Error_Testing","description":"Descp","id":"0PS360000016pzlGAA","label":"Final_Error_Testing","namespacePrefix":"shiva15testns"}|0x42fcb370
18:44:03.0 (22727361)|VARIABLE_ASSIGNMENT|[EXTERNAL]|value|"Salesforce"
18:44:03.0 (22733041)|VARIABLE_ASSIGNMENT|[1050]|this.userLicenseId|"Salesforce"|0x42fcb370
18:44:03.0 (22739543)|STATEMENT_EXECUTE|[1062]
18:44:03.0 (22762475)|VARIABLE_ASSIGNMENT|[EXTERNAL]|this|{"apiName":"Final_Error_Testing","description":"Descp","id":"0PS360000016pzlGAA","label":"Final_Error_Testing","namespacePrefix":"shiva15testns","userLicenseId":"Salesforce"}|0x42fcb370
18:44:03.0 (22768026)|VARIABLE_ASSIGNMENT|[EXTERNAL]|value|"2016-05-02 18:41:02"
18:44:03.0 (22793335)|VARIABLE_ASSIGNMENT|[1052]|this.createdDate|"2016-05-02 18:41:02"|0x42fcb370
18:44:03.0 (22820129)|CONSTRUCTOR_EXIT|[165]|01p36000005Jpvx|<init>(String,String,String,String,String,String,String)
18:44:03.0 (22863288)|VARIABLE_ASSIGNMENT|[165]|pSetObj|{"apiName":"Final_Error_Testing","createdDate":"2016-05-02 18:41:02","description":"Descp","id":"0PS360000016pzlGAA","label":"Final_Error_Testing","namespacePrefix":"shiva15testns","userLicenseId":"Salesforce"}|0x42fcb370
18:44:03.0 (22870885)|STATEMENT_EXECUTE|[167]
18:44:03.0 (22890907)|ENTERING_MANAGED_PKG|
18:44:03.0 (22899305)|HEAP_ALLOCATE|[EXTERNAL]|Bytes:4
18:44:03.0 (22911216)|STATEMENT_EXECUTE|[168]
18:44:03.0 (22936864)|ENTERING_MANAGED_PKG|
18:44:03.0 (23013232)|HEAP_ALLOCATE|[168]|Bytes:207
18:44:03.0 (23032630)|HEAP_ALLOCATE|[168]|Bytes:231
18:44:03.0 (23046511)|ENTERING_MANAGED_PKG|
18:44:03.0 (23054263)|USER_DEBUG|[168]|ERROR|The PermissionSet Name: PermissionSet:{Id=0PS360000016pzlGAA, Label=Final_Error_Testing, Name=Final_Error_Testing, Description=Descp, NamespacePrefix=shiva15testns, UserLicenseId=10036000000eSpyAAE, CreatedDate=2016-05-03 01:41:02}
18:44:03.0 (23072369)|HEAP_ALLOCATE|[162]|Bytes:5
18:44:03.0 (23097381)|HEAP_ALLOCATE|[162]|Bytes:32
18:44:03.0 (23107018)|VARIABLE_SCOPE_BEGIN|[162]|PSetName|PermissionSet|true|false
18:44:03.0 (23134164)|VARIABLE_ASSIGNMENT|[162]|PSetName|{"s":1,"v":{"Id":"0PS360000016q17GAA","Label":"PSet_Trying_tesy","Name":"PSet_Trying_tesy","Description":"Descp","NamespacePrefix":"shiva15testns","UserLicenseId":"10036000000eSpyAAE","CreatedDate":"2016-05-03T01:43:28.000Z"}}|0x6704eda2
18:44:03.0 (23138886)|STATEMENT_EXECUTE|[162]
18:44:03.0 (23162515)|ENTERING_MANAGED_PKG|
18:44:03.0 (23173379)|STATEMENT_EXECUTE|[163]
18:44:03.0 (23175066)|STATEMENT_EXECUTE|[164]
18:44:03.0 (23179907)|HEAP_ALLOCATE|[164]|Bytes:4
18:44:03.0 (23413702)|SOQL_EXECUTE_BEGIN|[164]|Aggregations:0|SELECT Id, Name FROM UserLicense WHERE Id = :tmpVar1
18:44:03.0 (25436284)|SOQL_EXECUTE_END|[164]|Rows:1
18:44:03.0 (25455515)|HEAP_ALLOCATE|[164]|Bytes:8
18:44:03.0 (25470809)|HEAP_ALLOCATE|[164]|Bytes:47
18:44:03.0 (25490517)|HEAP_ALLOCATE|[164]|Bytes:8
18:44:03.0 (25531932)|HEAP_ALLOCATE|[164]|Bytes:12
18:44:03.0 (25544835)|VARIABLE_SCOPE_BEGIN|[164]|ulicense|UserLicense|true|false
18:44:03.0 (25568643)|VARIABLE_ASSIGNMENT|[164]|ulicense|{"s":1,"v":{"Id":"10036000000eSpyAAE","Name":"Salesforce"}}|0x5a779c22
18:44:03.0 (25574944)|STATEMENT_EXECUTE|[165]
18:44:03.0 (25581962)|HEAP_ALLOCATE|[165]|Bytes:32
18:44:03.0 (25618801)|ENTERING_MANAGED_PKG|
18:44:03.0 (25626786)|HEAP_ALLOCATE|[165]|Bytes:18
18:44:03.0 (25680967)|ENTERING_MANAGED_PKG|
18:44:03.0 (25702746)|HEAP_ALLOCATE|[165]|Bytes:19
18:44:03.0 (25737061)|CONSTRUCTOR_ENTRY|[165]|01p36000005Jpvx|<init>(String,String,String,String,String,String,String)
18:44:03.0 (25747260)|VARIABLE_SCOPE_BEGIN|[1054]|this|shiva15testns.PermissionSetPortalControllers.PermissionSetClass|true|false
18:44:03.0 (25784282)|VARIABLE_ASSIGNMENT|[1054]|this|{}|0x1e6e2d1e
18:44:03.0 (25790892)|VARIABLE_SCOPE_BEGIN|[1054]|label|String|false|false
18:44:03.0 (25799925)|VARIABLE_ASSIGNMENT|[1054]|label|"PSet_Trying_tesy"
18:44:03.0 (25803320)|VARIABLE_SCOPE_BEGIN|[1054]|apiName|String|false|false
18:44:03.0 (25809902)|VARIABLE_ASSIGNMENT|[1054]|apiName|"PSet_Trying_tesy"
18:44:03.0 (25813472)|VARIABLE_SCOPE_BEGIN|[1054]|id|String|false|false
18:44:03.0 (25819686)|VARIABLE_ASSIGNMENT|[1054]|id|"0PS360000016q17GAA"
18:44:03.0 (25823133)|VARIABLE_SCOPE_BEGIN|[1054]|description|String|false|false
18:44:03.0 (25828938)|VARIABLE_ASSIGNMENT|[1054]|description|"Descp"
18:44:03.0 (25831948)|VARIABLE_SCOPE_BEGIN|[1054]|namespacePrefix|String|false|false
18:44:03.0 (25837726)|VARIABLE_ASSIGNMENT|[1054]|namespacePrefix|"shiva15testns"
18:44:03.0 (25840737)|VARIABLE_SCOPE_BEGIN|[1054]|userLicenseId|String|false|false
18:44:03.0 (25846264)|VARIABLE_ASSIGNMENT|[1054]|userLicenseId|"Salesforce"
18:44:03.0 (25849331)|VARIABLE_SCOPE_BEGIN|[1054]|createdDate|String|false|false
18:44:03.0 (25854660)|VARIABLE_ASSIGNMENT|[1054]|createdDate|"2016-05-02 18:43:28"
18:44:03.0 (25859586)|STATEMENT_EXECUTE|[1037]
18:44:03.0 (25862141)|STATEMENT_EXECUTE|[1040]
18:44:03.0 (25864468)|STATEMENT_EXECUTE|[1042]
18:44:03.0 (25866471)|STATEMENT_EXECUTE|[1044]
18:44:03.0 (25868421)|STATEMENT_EXECUTE|[1046]
18:44:03.0 (25870168)|STATEMENT_EXECUTE|[1048]
18:44:03.0 (25872035)|STATEMENT_EXECUTE|[1050]
18:44:03.0 (25873928)|STATEMENT_EXECUTE|[1052]
18:44:03.0 (25893949)|STATEMENT_EXECUTE|[1055]
18:44:03.0 (25897074)|STATEMENT_EXECUTE|[1056]
18:44:03.0 (25936511)|VARIABLE_ASSIGNMENT|[EXTERNAL]|this|{}|0x1e6e2d1e
18:44:03.0 (25947748)|VARIABLE_ASSIGNMENT|[EXTERNAL]|value|"PSet_Trying_tesy"
18:44:03.0 (25960979)|VARIABLE_ASSIGNMENT|[1040]|this.label|"PSet_Trying_tesy"|0x1e6e2d1e
18:44:03.0 (25975138)|STATEMENT_EXECUTE|[1057]
18:44:03.0 (26015651)|VARIABLE_ASSIGNMENT|[EXTERNAL]|this|{"label":"PSet_Trying_tesy"}|0x1e6e2d1e
18:44:03.0 (26026666)|VARIABLE_ASSIGNMENT|[EXTERNAL]|value|"PSet_Trying_tesy"
18:44:03.0 (26039312)|VARIABLE_ASSIGNMENT|[1042]|this.apiName|"PSet_Trying_tesy"|0x1e6e2d1e
18:44:03.0 (26051425)|STATEMENT_EXECUTE|[1058]
18:44:03.0 (26088656)|VARIABLE_ASSIGNMENT|[EXTERNAL]|this|{"apiName":"PSet_Trying_tesy","label":"PSet_Trying_tesy"}|0x1e6e2d1e
18:44:03.0 (26097312)|VARIABLE_ASSIGNMENT|[EXTERNAL]|value|"0PS360000016q17GAA"
18:44:03.0 (26107552)|VARIABLE_ASSIGNMENT|[1044]|this.id|"0PS360000016q17GAA"|0x1e6e2d1e
18:44:03.0 (26119585)|STATEMENT_EXECUTE|[1059]
18:44:03.0 (26158404)|VARIABLE_ASSIGNMENT|[EXTERNAL]|this|{"apiName":"PSet_Trying_tesy","id":"0PS360000016q17GAA","label":"PSet_Trying_tesy"}|0x1e6e2d1e
18:44:03.0 (26168579)|VARIABLE_ASSIGNMENT|[EXTERNAL]|value|"Descp"
18:44:03.0 (26180800)|VARIABLE_ASSIGNMENT|[1046]|this.description|"Descp"|0x1e6e2d1e
18:44:03.0 (26192911)|STATEMENT_EXECUTE|[1060]
18:44:03.0 (26228880)|VARIABLE_ASSIGNMENT|[EXTERNAL]|this|{"apiName":"PSet_Trying_tesy","description":"Descp","id":"0PS360000016q17GAA","label":"PSet_Trying_tesy"}|0x1e6e2d1e
18:44:03.0 (26235429)|VARIABLE_ASSIGNMENT|[EXTERNAL]|value|"shiva15testns"
18:44:03.0 (26242666)|VARIABLE_ASSIGNMENT|[1048]|this.namespacePrefix|"shiva15testns"|0x1e6e2d1e
18:44:03.0 (26250636)|STATEMENT_EXECUTE|[1061]
18:44:03.0 (26274087)|VARIABLE_ASSIGNMENT|[EXTERNAL]|this|{"apiName":"PSet_Trying_tesy","description":"Descp","id":"0PS360000016q17GAA","label":"PSet_Trying_tesy","namespacePrefix":"shiva15testns"}|0x1e6e2d1e
18:44:03.0 (26279311)|VARIABLE_ASSIGNMENT|[EXTERNAL]|value|"Salesforce"
18:44:03.0 (26284912)|VARIABLE_ASSIGNMENT|[1050]|this.userLicenseId|"Salesforce"|0x1e6e2d1e
18:44:03.0 (26291708)|STATEMENT_EXECUTE|[1062]
18:44:03.0 (26314780)|VARIABLE_ASSIGNMENT|[EXTERNAL]|this|{"apiName":"PSet_Trying_tesy","description":"Descp","id":"0PS360000016q17GAA","label":"PSet_Trying_tesy","namespacePrefix":"shiva15testns","userLicenseId":"Salesforce"}|0x1e6e2d1e
18:44:03.0 (26324061)|VARIABLE_ASSIGNMENT|[EXTERNAL]|value|"2016-05-02 18:43:28"
18:44:03.0 (26330184)|VARIABLE_ASSIGNMENT|[1052]|this.createdDate|"2016-05-02 18:43:28"|0x1e6e2d1e
18:44:03.0 (26344861)|CONSTRUCTOR_EXIT|[165]|01p36000005Jpvx|<init>(String,String,String,String,String,String,String)
18:44:03.0 (26367139)|VARIABLE_ASSIGNMENT|[165]|pSetObj|{"apiName":"PSet_Trying_tesy","createdDate":"2016-05-02 18:43:28","description":"Descp","id":"0PS360000016q17GAA","label":"PSet_Trying_tesy","namespacePrefix":"shiva15testns","userLicenseId":"Salesforce"}|0x1e6e2d1e
18:44:03.0 (26371098)|STATEMENT_EXECUTE|[167]
18:44:03.0 (26383588)|ENTERING_MANAGED_PKG|
18:44:03.0 (26388200)|HEAP_ALLOCATE|[EXTERNAL]|Bytes:4
18:44:03.0 (26394589)|STATEMENT_EXECUTE|[168]
18:44:03.0 (26408291)|ENTERING_MANAGED_PKG|
18:44:03.0 (26457650)|HEAP_ALLOCATE|[168]|Bytes:201
18:44:03.0 (26483023)|HEAP_ALLOCATE|[168]|Bytes:225
18:44:03.0 (26505642)|ENTERING_MANAGED_PKG|
18:44:03.0 (26516322)|USER_DEBUG|[168]|ERROR|The PermissionSet Name: PermissionSet:{Id=0PS360000016q17GAA, Label=PSet_Trying_tesy, Name=PSet_Trying_tesy, Description=Descp, NamespacePrefix=shiva15testns, UserLicenseId=10036000000eSpyAAE, CreatedDate=2016-05-03 01:43:28}
18:44:03.0 (26547133)|HEAP_ALLOCATE|[162]|Bytes:5
18:44:03.0 (26571494)|VARIABLE_ASSIGNMENT|[162]|PSetName|null|
18:44:03.0 (26577237)|STATEMENT_EXECUTE|[171]
18:44:03.0 (26594597)|SYSTEM_MODE_EXIT|false
18:44:03.26 (26653866)|CUMULATIVE_LIMIT_USAGE
18:44:03.26 (26653866)|LIMIT_USAGE_FOR_NS|(default)|
  Number of SOQL queries: 0 out of 100
  Number of query rows: 0 out of 50000
  Number of SOSL queries: 0 out of 20
  Number of DML statements: 0 out of 150
  Number of DML rows: 0 out of 10000
  Maximum CPU time: 0 out of 10000
  Maximum heap size: 0 out of 6000000
  Number of callouts: 0 out of 100
  Number of Email Invocations: 0 out of 10
  Number of future calls: 0 out of 50
  Number of queueable jobs added to the queue: 0 out of 50
  Number of Mobile Apex push calls: 0 out of 10

18:44:03.26 (26653866)|LIMIT_USAGE_FOR_NS|shiva15testns|
  Number of SOQL queries: 5 out of 100
  Number of query rows: 44 out of 50000
  Number of SOSL queries: 0 out of 20
  Number of DML statements: 0 out of 150
  Number of DML rows: 0 out of 10000
  Maximum CPU time: 0 out of 10000
  Maximum heap size: 0 out of 6000000
  Number of callouts: 0 out of 100
  Number of Email Invocations: 0 out of 10
  Number of future calls: 0 out of 50
  Number of queueable jobs added to the queue: 0 out of 50
  Number of Mobile Apex push calls: 0 out of 10

18:44:03.26 (26653866)|CUMULATIVE_LIMIT_USAGE_END

18:44:03.0 (26705990)|CODE_UNIT_FINISHED|PermissionSetPortalControllers.getAllPermissionSets
18:44:03.0 (28890678)|EXECUTION_FINISHED
18:44:03.31 (31973953)|EXECUTION_STARTED
18:44:03.31 (31992401)|CODE_UNIT_STARTED|[EXTERNAL]|Aura
18:44:03.31 (32060518)|CODE_UNIT_FINISHED|Aura
18:44:03.31 (33571129)|EXECUTION_FINISHED
18:44:03.35 (35253863)|EXECUTION_STARTED
18:44:03.35 (35265457)|CODE_UNIT_STARTED|[EXTERNAL]|Aura
18:44:03.35 (35331607)|CODE_UNIT_FINISHED|Aura
18:44:03.35 (36872513)|EXECUTION_FINISHED
18:44:03.38 (38614832)|EXECUTION_STARTED
18:44:03.38 (38623293)|CODE_UNIT_STARTED|[EXTERNAL]|Aura
18:44:03.38 (38663898)|CODE_UNIT_FINISHED|Aura
18:44:03.38 (40073471)|EXECUTION_FINISHED
18:44:03.41 (41672131)|EXECUTION_STARTED
18:44:03.41 (41680602)|CODE_UNIT_STARTED|[EXTERNAL]|Aura
18:44:03.41 (41719369)|CODE_UNIT_FINISHED|Aura
18:44:03.41 (43189345)|EXECUTION_FINISHED
