36.0 APEX_CODE,FINEST;APEX_PROFILING,INFO;CALLOUT,INFO;DB,INFO;SYSTEM,DEBUG;VALIDATION,INFO;VISUALFORCE,INFO;WORKFLOW,INFO
18:25:31.0 (598325)|EXECUTION_STARTED
18:25:31.0 (638201)|CODE_UNIT_STARTED|[EXTERNAL]|01p36000005Jpvx|PermissionSetPortalControllers.getAllPermissionSets
18:25:31.0 (1502155)|VARIABLE_SCOPE_BEGIN|[3]|PermissionSetPortalControllers.AllPermissionSets|List<PermissionSet>|true|true
18:25:31.0 (1526555)|VARIABLE_SCOPE_BEGIN|[10]|PermissionSetPortalControllers.accountField|Set<String>|true|true
18:25:31.0 (1532265)|VARIABLE_SCOPE_BEGIN|[5]|PermissionSetPortalControllers.allObjectsOfOrg|List<shiva15testns.PermissionSetPortalControllers.ObjectDetailsClass>|true|true
18:25:31.0 (1537055)|VARIABLE_SCOPE_BEGIN|[9]|PermissionSetPortalControllers.contactsField|Set<String>|true|true
18:25:31.0 (1540783)|VARIABLE_SCOPE_BEGIN|[7]|PermissionSetPortalControllers.isNotSystemSObjectList|Set<String>|true|true
18:25:31.0 (1715037)|HEAP_ALLOCATE|[72]|Bytes:3
18:25:31.0 (1758965)|HEAP_ALLOCATE|[77]|Bytes:152
18:25:31.0 (1776283)|HEAP_ALLOCATE|[342]|Bytes:408
18:25:31.0 (1795918)|HEAP_ALLOCATE|[355]|Bytes:408
18:25:31.0 (1810908)|HEAP_ALLOCATE|[467]|Bytes:48
18:25:31.0 (1844026)|HEAP_ALLOCATE|[139]|Bytes:6
18:25:31.0 (1866365)|HEAP_ALLOCATE|[EXTERNAL]|Bytes:168
18:25:31.0 (1871757)|HEAP_ALLOCATE|[EXTERNAL]|Bytes:68
18:25:31.0 (1875162)|HEAP_ALLOCATE|[EXTERNAL]|Bytes:250
18:25:31.0 (1886447)|METHOD_ENTRY|[1]|01p36000005Jpvx|PermissionSetPortalControllers.PermissionSetPortalControllers()
18:25:31.0 (1890315)|STATEMENT_EXECUTE|[1]
18:25:31.0 (1896360)|STATEMENT_EXECUTE|[1]
18:25:31.0 (1927075)|HEAP_ALLOCATE|[50]|Bytes:5
18:25:31.0 (1952772)|HEAP_ALLOCATE|[56]|Bytes:5
18:25:31.0 (1961804)|HEAP_ALLOCATE|[64]|Bytes:7
18:25:31.0 (1981653)|SYSTEM_MODE_ENTER|false
18:25:31.0 (2003054)|HEAP_ALLOCATE|[9]|Bytes:5
18:25:31.0 (2008440)|STATEMENT_EXECUTE|[9]
18:25:31.0 (2015688)|HEAP_ALLOCATE|[9]|Bytes:4
18:25:31.0 (2060051)|ENTERING_MANAGED_PKG|
18:25:31.0 (2182021)|VARIABLE_ASSIGNMENT|[9]|PermissionSetPortalControllers.contactsField|{"s":1,"v":[]}|0x1aa30bef
18:25:31.0 (2186781)|STATEMENT_EXECUTE|[10]
18:25:31.0 (2191815)|HEAP_ALLOCATE|[10]|Bytes:4
18:25:31.0 (2205581)|ENTERING_MANAGED_PKG|
18:25:31.0 (2241044)|VARIABLE_ASSIGNMENT|[10]|PermissionSetPortalControllers.accountField|{"s":1,"v":[]}|0x582eba75
18:25:31.0 (2245034)|STATEMENT_EXECUTE|[950]
18:25:31.0 (2246763)|STATEMENT_EXECUTE|[979]
18:25:31.0 (2248156)|STATEMENT_EXECUTE|[1007]
18:25:31.0 (2249897)|STATEMENT_EXECUTE|[1036]
18:25:31.0 (2251316)|STATEMENT_EXECUTE|[1052]
18:25:31.0 (2252454)|STATEMENT_EXECUTE|[1069]
18:25:31.0 (2253645)|STATEMENT_EXECUTE|[1080]
18:25:31.0 (2254794)|STATEMENT_EXECUTE|[1085]
18:25:31.0 (2261891)|SYSTEM_MODE_EXIT|false
18:25:31.0 (2270853)|METHOD_EXIT|[1]|PermissionSetPortalControllers
18:25:31.0 (2278885)|SYSTEM_MODE_ENTER|false
18:25:31.0 (2295264)|HEAP_ALLOCATE|[143]|Bytes:5
18:25:31.0 (2299100)|STATEMENT_EXECUTE|[142]
18:25:31.0 (2300577)|STATEMENT_EXECUTE|[143]
18:25:31.0 (2301673)|STATEMENT_EXECUTE|[143]
18:25:31.0 (2302847)|STATEMENT_EXECUTE|[144]
18:25:31.0 (2305956)|HEAP_ALLOCATE|[144]|Bytes:99
18:25:31.0 (2317778)|HEAP_ALLOCATE|[144]|Bytes:4
18:25:31.0 (3060432)|SOQL_EXECUTE_BEGIN|[144]|Aggregations:0|SELECT Id, label, Name, Description, NamespacePrefix, UserLicenseId, CreatedDate FROM PermissionSet
18:25:31.0 (6472368)|SOQL_EXECUTE_END|[144]|Rows:37
18:25:31.0 (6489328)|HEAP_ALLOCATE|[144]|Bytes:152
18:25:31.0 (6573506)|HEAP_ALLOCATE|[144]|Bytes:6569
18:25:31.0 (6609728)|HEAP_ALLOCATE|[144]|Bytes:152
18:25:31.0 (6638998)|VARIABLE_ASSIGNMENT|[144]|PermissionSetPortalControllers.AllPermissionSets|{"s":1,"v":"List of size 37 too large to display"}|0x3a02d632
18:25:31.0 (6723070)|ENTERING_MANAGED_PKG|
18:25:31.0 (6755088)|STATEMENT_EXECUTE|[145]
18:25:31.0 (6757644)|STATEMENT_EXECUTE|[146]
18:25:31.0 (6883013)|VARIABLE_SCOPE_BEGIN|[146]|pSetObj|shiva15testns.PermissionSetPortalControllers.PermissionSetClass|true|false
18:25:31.0 (6896201)|VARIABLE_ASSIGNMENT|[146]|pSetObj|null|
18:25:31.0 (6898727)|STATEMENT_EXECUTE|[147]
18:25:31.0 (6904858)|HEAP_ALLOCATE|[147]|Bytes:4
18:25:31.0 (6950329)|ENTERING_MANAGED_PKG|
18:25:31.0 (6968642)|VARIABLE_SCOPE_BEGIN|[147]|permissionSetsLst|List<shiva15testns.PermissionSetPortalControllers.PermissionSetClass>|true|false
18:25:31.0 (6994774)|HEAP_ALLOCATE|[EXTERNAL]|Bytes:4
18:25:31.0 (7007386)|VARIABLE_ASSIGNMENT|[147]|permissionSetsLst|{"s":1,"v":[]}|0x2294f72c
18:25:31.0 (7025250)|ENTERING_MANAGED_PKG|
18:25:31.0 (7259224)|HEAP_ALLOCATE|[148]|Bytes:5
18:25:31.0 (7300015)|HEAP_ALLOCATE|[148]|Bytes:28
18:25:31.0 (7312667)|VARIABLE_SCOPE_BEGIN|[148]|PSetName|PermissionSet|true|false
18:25:31.0 (7361520)|VARIABLE_ASSIGNMENT|[148]|PSetName|{"s":1,"v":{"Id":"0PS36000000mmnFGAQ","Label":"00e1a000000MWa8AAG","Name":"X00e1a000000MWa8AAG","NamespacePrefix":"shiva15testns","UserLicenseId":"10036000000eSpzAAE","CreatedDate":"2016-03-08T19:00:02.000Z"}}|0x47ec61e4
18:25:31.0 (7366388)|STATEMENT_EXECUTE|[148]
18:25:31.0 (7397852)|HEAP_ALLOCATE|[149]|Bytes:3
18:25:31.0 (7432542)|ENTERING_MANAGED_PKG|
18:25:31.0 (7465194)|STATEMENT_EXECUTE|[149]
18:25:31.0 (7477823)|HEAP_ALLOCATE|[148]|Bytes:5
18:25:31.0 (7500364)|HEAP_ALLOCATE|[148]|Bytes:28
18:25:31.0 (7509056)|VARIABLE_SCOPE_BEGIN|[148]|PSetName|PermissionSet|true|false
18:25:31.0 (7534954)|VARIABLE_ASSIGNMENT|[148]|PSetName|{"s":1,"v":{"Id":"0PS36000000mmnGGAQ","Label":"00ex00000018ozl_128_ (10 more) ...","Name":"X00ex00000018ozl_128 (11 more) ...","NamespacePrefix":"shiva15testns","UserLicenseId":"10036000000eSpyAAE","CreatedDate":"2016-03-08T19:00:02.000Z"}}|0x4f7b16ec
18:25:31.0 (7539706)|STATEMENT_EXECUTE|[148]
18:25:31.0 (7561601)|ENTERING_MANAGED_PKG|
18:25:31.0 (7571918)|STATEMENT_EXECUTE|[149]
18:25:31.0 (7582624)|HEAP_ALLOCATE|[148]|Bytes:5
18:25:31.0 (7603799)|HEAP_ALLOCATE|[148]|Bytes:28
18:25:31.0 (7611786)|VARIABLE_SCOPE_BEGIN|[148]|PSetName|PermissionSet|true|false
18:25:31.0 (7634467)|VARIABLE_ASSIGNMENT|[148]|PSetName|{"s":1,"v":{"Id":"0PS36000000mmnHGAQ","Label":"00ex00000018ozm_128_ (10 more) ...","Name":"X00ex00000018ozm_128 (11 more) ...","NamespacePrefix":"shiva15testns","UserLicenseId":"10036000000eSpyAAE","CreatedDate":"2016-03-08T19:00:02.000Z"}}|0x3fd158fd
18:25:31.0 (7638758)|STATEMENT_EXECUTE|[148]
18:25:31.0 (7659628)|ENTERING_MANAGED_PKG|
18:25:31.0 (7669631)|STATEMENT_EXECUTE|[149]
18:25:31.0 (7680405)|HEAP_ALLOCATE|[148]|Bytes:5
18:25:31.0 (7700816)|HEAP_ALLOCATE|[148]|Bytes:28
18:25:31.0 (7708320)|VARIABLE_SCOPE_BEGIN|[148]|PSetName|PermissionSet|true|false
18:25:31.0 (7730399)|VARIABLE_ASSIGNMENT|[148]|PSetName|{"s":1,"v":{"Id":"0PS36000000mmnIGAQ","Label":"00ex00000018ozk_128_ (10 more) ...","Name":"X00ex00000018ozk_128 (11 more) ...","NamespacePrefix":"shiva15testns","UserLicenseId":"10036000000eSpyAAE","CreatedDate":"2016-03-08T19:00:02.000Z"}}|0x518a07b7
18:25:31.0 (7734676)|STATEMENT_EXECUTE|[148]
18:25:31.0 (7755398)|ENTERING_MANAGED_PKG|
18:25:31.0 (7765261)|STATEMENT_EXECUTE|[149]
18:25:31.0 (7775558)|HEAP_ALLOCATE|[148]|Bytes:5
18:25:31.0 (7795589)|HEAP_ALLOCATE|[148]|Bytes:28
18:25:31.0 (7803220)|VARIABLE_SCOPE_BEGIN|[148]|PSetName|PermissionSet|true|false
18:25:31.0 (7824878)|VARIABLE_ASSIGNMENT|[148]|PSetName|{"s":1,"v":{"Id":"0PS36000000mmnJGAQ","Label":"00ex00000018ozj_128_ (10 more) ...","Name":"X00ex00000018ozj_128 (11 more) ...","NamespacePrefix":"shiva15testns","UserLicenseId":"10036000000eSpyAAE","CreatedDate":"2016-03-08T19:00:02.000Z"}}|0x75cdaf23
18:25:31.0 (7828887)|STATEMENT_EXECUTE|[148]
18:25:31.0 (7849366)|ENTERING_MANAGED_PKG|
18:25:31.0 (7859264)|STATEMENT_EXECUTE|[149]
18:25:31.0 (7869627)|HEAP_ALLOCATE|[148]|Bytes:5
18:25:31.0 (7889547)|HEAP_ALLOCATE|[148]|Bytes:28
18:25:31.0 (7897157)|VARIABLE_SCOPE_BEGIN|[148]|PSetName|PermissionSet|true|false
18:25:31.0 (7918243)|VARIABLE_ASSIGNMENT|[148]|PSetName|{"s":1,"v":{"Id":"0PS36000000mmnKGAQ","Label":"00ex00000018ozo_128_ (10 more) ...","Name":"X00ex00000018ozo_128 (11 more) ...","NamespacePrefix":"shiva15testns","UserLicenseId":"10036000000eSpyAAE","CreatedDate":"2016-03-08T19:00:02.000Z"}}|0x62160b00
18:25:31.0 (7922351)|STATEMENT_EXECUTE|[148]
18:25:31.0 (7942440)|ENTERING_MANAGED_PKG|
18:25:31.0 (7952094)|STATEMENT_EXECUTE|[149]
18:25:31.0 (7962227)|HEAP_ALLOCATE|[148]|Bytes:5
18:25:31.0 (7981650)|HEAP_ALLOCATE|[148]|Bytes:28
18:25:31.0 (7989187)|VARIABLE_SCOPE_BEGIN|[148]|PSetName|PermissionSet|true|false
18:25:31.0 (8010133)|VARIABLE_ASSIGNMENT|[148]|PSetName|{"s":1,"v":{"Id":"0PS36000000mmnLGAQ","Label":"00ex00000018ozh_128_ (10 more) ...","Name":"X00ex00000018ozh_128 (11 more) ...","NamespacePrefix":"shiva15testns","UserLicenseId":"10036000000eSpyAAE","CreatedDate":"2016-03-08T19:00:02.000Z"}}|0x5735b10f
18:25:31.0 (8014927)|STATEMENT_EXECUTE|[148]
18:25:31.0 (8035092)|ENTERING_MANAGED_PKG|
18:25:31.0 (8049786)|STATEMENT_EXECUTE|[149]
18:25:31.0 (8060671)|HEAP_ALLOCATE|[148]|Bytes:5
18:25:31.0 (8080601)|HEAP_ALLOCATE|[148]|Bytes:28
18:25:31.0 (8088073)|VARIABLE_SCOPE_BEGIN|[148]|PSetName|PermissionSet|true|false
18:25:31.0 (8109492)|VARIABLE_ASSIGNMENT|[148]|PSetName|{"s":1,"v":{"Id":"0PS36000000mmnMGAQ","Label":"00ex00000018ozq_128_ (11 more) ...","Name":"X00ex00000018ozq_128 (12 more) ...","NamespacePrefix":"shiva15testns","UserLicenseId":"10036000000eSpyAAE","CreatedDate":"2016-03-08T19:00:02.000Z"}}|0x5683a3e1
18:25:31.0 (8113131)|STATEMENT_EXECUTE|[148]
18:25:31.0 (8132953)|ENTERING_MANAGED_PKG|
18:25:31.0 (8142795)|STATEMENT_EXECUTE|[149]
18:25:31.0 (8153160)|HEAP_ALLOCATE|[148]|Bytes:5
18:25:31.0 (8172697)|HEAP_ALLOCATE|[148]|Bytes:28
18:25:31.0 (8180278)|VARIABLE_SCOPE_BEGIN|[148]|PSetName|PermissionSet|true|false
18:25:31.0 (8201238)|VARIABLE_ASSIGNMENT|[148]|PSetName|{"s":1,"v":{"Id":"0PS36000000mmnNGAQ","Label":"00ex00000018ozp_128_ (10 more) ...","Name":"X00ex00000018ozp_128 (11 more) ...","NamespacePrefix":"shiva15testns","UserLicenseId":"10036000000eSpyAAE","CreatedDate":"2016-03-08T19:00:02.000Z"}}|0x4eafbaa5
18:25:31.0 (8205372)|STATEMENT_EXECUTE|[148]
18:25:31.0 (8225341)|ENTERING_MANAGED_PKG|
18:25:31.0 (8235201)|STATEMENT_EXECUTE|[149]
18:25:31.0 (8245391)|HEAP_ALLOCATE|[148]|Bytes:5
18:25:31.0 (8265128)|HEAP_ALLOCATE|[148]|Bytes:28
18:25:31.0 (8272551)|VARIABLE_SCOPE_BEGIN|[148]|PSetName|PermissionSet|true|false
18:25:31.0 (8293490)|VARIABLE_ASSIGNMENT|[148]|PSetName|{"s":1,"v":{"Id":"0PS36000000mmnOGAQ","Label":"00ex00000018ozn_128_ (10 more) ...","Name":"X00ex00000018ozn_128 (11 more) ...","NamespacePrefix":"shiva15testns","UserLicenseId":"10036000000eSpyAAE","CreatedDate":"2016-03-08T19:00:02.000Z"}}|0x1cb3f67b
18:25:31.0 (8297160)|STATEMENT_EXECUTE|[148]
18:25:31.0 (8316995)|ENTERING_MANAGED_PKG|
18:25:31.0 (8326864)|STATEMENT_EXECUTE|[149]
18:25:31.0 (8337004)|HEAP_ALLOCATE|[148]|Bytes:5
18:25:31.0 (8360717)|HEAP_ALLOCATE|[148]|Bytes:28
18:25:31.0 (8368481)|VARIABLE_SCOPE_BEGIN|[148]|PSetName|PermissionSet|true|false
18:25:31.0 (8389774)|VARIABLE_ASSIGNMENT|[148]|PSetName|{"s":1,"v":{"Id":"0PS36000000mmnPGAQ","Label":"00e1a000000MWa9AAG","Name":"X00e1a000000MWa9AAG","NamespacePrefix":"shiva15testns","UserLicenseId":"10036000000eSq0AAE","CreatedDate":"2016-03-08T19:00:02.000Z"}}|0x6674812b
18:25:31.0 (8393564)|STATEMENT_EXECUTE|[148]
18:25:31.0 (8413800)|ENTERING_MANAGED_PKG|
18:25:31.0 (8423760)|STATEMENT_EXECUTE|[149]
18:25:31.0 (8433917)|HEAP_ALLOCATE|[148]|Bytes:5
18:25:31.0 (8453622)|HEAP_ALLOCATE|[148]|Bytes:28
18:25:31.0 (8461140)|VARIABLE_SCOPE_BEGIN|[148]|PSetName|PermissionSet|true|false
18:25:31.0 (8486459)|VARIABLE_ASSIGNMENT|[148]|PSetName|{"s":1,"v":{"Id":"0PS36000000mmnQGAQ","Label":"00e1a000000MWaBAAW","Name":"X00e1a000000MWaBAAW","NamespacePrefix":"shiva15testns","UserLicenseId":"10036000000eSq2AAE","CreatedDate":"2016-03-08T19:00:02.000Z"}}|0x2d23baaf
18:25:31.0 (8490773)|STATEMENT_EXECUTE|[148]
18:25:31.0 (8511254)|ENTERING_MANAGED_PKG|
18:25:31.0 (8521350)|STATEMENT_EXECUTE|[149]
18:25:31.0 (8531707)|HEAP_ALLOCATE|[148]|Bytes:5
18:25:31.0 (8552144)|HEAP_ALLOCATE|[148]|Bytes:28
18:25:31.0 (8559702)|VARIABLE_SCOPE_BEGIN|[148]|PSetName|PermissionSet|true|false
18:25:31.0 (8580433)|VARIABLE_ASSIGNMENT|[148]|PSetName|{"s":1,"v":{"Id":"0PS36000000mmnRGAQ","Label":"00e1a000000MWaCAAW","Name":"X00e1a000000MWaCAAW","NamespacePrefix":"shiva15testns","UserLicenseId":"10036000000eSq3AAE","CreatedDate":"2016-03-08T19:00:02.000Z"}}|0x1e6a473c
18:25:31.0 (8584082)|STATEMENT_EXECUTE|[148]
18:25:31.0 (8604029)|ENTERING_MANAGED_PKG|
18:25:31.0 (8613776)|STATEMENT_EXECUTE|[149]
18:25:31.0 (8623923)|HEAP_ALLOCATE|[148]|Bytes:5
18:25:31.0 (8644024)|HEAP_ALLOCATE|[148]|Bytes:28
18:25:31.0 (8651682)|VARIABLE_SCOPE_BEGIN|[148]|PSetName|PermissionSet|true|false
18:25:31.0 (8671869)|VARIABLE_ASSIGNMENT|[148]|PSetName|{"s":1,"v":{"Id":"0PS36000000mmnSGAQ","Label":"00e1a000000MWaDAAW","Name":"X00e1a000000MWaDAAW","NamespacePrefix":"shiva15testns","UserLicenseId":"10036000000eSq4AAE","CreatedDate":"2016-03-08T19:00:02.000Z"}}|0x1de97aa4
18:25:31.0 (8675764)|STATEMENT_EXECUTE|[148]
18:25:31.0 (8695566)|ENTERING_MANAGED_PKG|
18:25:31.0 (8705497)|STATEMENT_EXECUTE|[149]
18:25:31.0 (8718690)|HEAP_ALLOCATE|[148]|Bytes:5
18:25:31.0 (8738821)|HEAP_ALLOCATE|[148]|Bytes:28
18:25:31.0 (8746454)|VARIABLE_SCOPE_BEGIN|[148]|PSetName|PermissionSet|true|false
18:25:31.0 (8766677)|VARIABLE_ASSIGNMENT|[148]|PSetName|{"s":1,"v":{"Id":"0PS36000000mmnTGAQ","Label":"00e1a000000MWaEAAW","Name":"X00e1a000000MWaEAAW","NamespacePrefix":"shiva15testns","UserLicenseId":"10036000000eSq5AAE","CreatedDate":"2016-03-08T19:00:02.000Z"}}|0x5f56ddeb
18:25:31.0 (8770256)|STATEMENT_EXECUTE|[148]
18:25:31.0 (8790431)|ENTERING_MANAGED_PKG|
18:25:31.0 (8800265)|STATEMENT_EXECUTE|[149]
18:25:31.0 (8810462)|HEAP_ALLOCATE|[148]|Bytes:5
18:25:31.0 (8830029)|HEAP_ALLOCATE|[148]|Bytes:28
18:25:31.0 (8837550)|VARIABLE_SCOPE_BEGIN|[148]|PSetName|PermissionSet|true|false
18:25:31.0 (8857558)|VARIABLE_ASSIGNMENT|[148]|PSetName|{"s":1,"v":{"Id":"0PS36000000mmnUGAQ","Label":"00e1a000000MWaFAAW","Name":"X00e1a000000MWaFAAW","NamespacePrefix":"shiva15testns","UserLicenseId":"10036000000eSq6AAE","CreatedDate":"2016-03-08T19:00:02.000Z"}}|0x6f10f26c
18:25:31.0 (8861307)|STATEMENT_EXECUTE|[148]
18:25:31.0 (8880975)|ENTERING_MANAGED_PKG|
18:25:31.0 (8890859)|STATEMENT_EXECUTE|[149]
18:25:31.0 (8900986)|HEAP_ALLOCATE|[148]|Bytes:5
18:25:31.0 (8920711)|HEAP_ALLOCATE|[148]|Bytes:28
18:25:31.0 (8928291)|VARIABLE_SCOPE_BEGIN|[148]|PSetName|PermissionSet|true|false
18:25:31.0 (8948265)|VARIABLE_ASSIGNMENT|[148]|PSetName|{"s":1,"v":{"Id":"0PS36000000mmnVGAQ","Label":"00e1a000000MWaGAAW","Name":"X00e1a000000MWaGAAW","NamespacePrefix":"shiva15testns","UserLicenseId":"10036000000eSq7AAE","CreatedDate":"2016-03-08T19:00:02.000Z"}}|0x238f0b15
18:25:31.0 (8952059)|STATEMENT_EXECUTE|[148]
18:25:31.0 (8972081)|ENTERING_MANAGED_PKG|
18:25:31.0 (8981912)|STATEMENT_EXECUTE|[149]
18:25:31.0 (8992017)|HEAP_ALLOCATE|[148]|Bytes:5
18:25:31.0 (9011653)|HEAP_ALLOCATE|[148]|Bytes:28
18:25:31.0 (9020138)|VARIABLE_SCOPE_BEGIN|[148]|PSetName|PermissionSet|true|false
18:25:31.0 (9044351)|VARIABLE_ASSIGNMENT|[148]|PSetName|{"s":1,"v":{"Id":"0PS36000000mmnWGAQ","Label":"00e1a000000MWaHAAW","Name":"X00e1a000000MWaHAAW","NamespacePrefix":"shiva15testns","UserLicenseId":"10036000000eSq8AAE","CreatedDate":"2016-03-08T19:00:02.000Z"}}|0x75e5799a
18:25:31.0 (9048281)|STATEMENT_EXECUTE|[148]
18:25:31.0 (9068639)|ENTERING_MANAGED_PKG|
18:25:31.0 (9078618)|STATEMENT_EXECUTE|[149]
18:25:31.0 (9088785)|HEAP_ALLOCATE|[148]|Bytes:5
18:25:31.0 (9108786)|HEAP_ALLOCATE|[148]|Bytes:28
18:25:31.0 (9116626)|VARIABLE_SCOPE_BEGIN|[148]|PSetName|PermissionSet|true|false
18:25:31.0 (9136904)|VARIABLE_ASSIGNMENT|[148]|PSetName|{"s":1,"v":{"Id":"0PS36000000mmnXGAQ","Label":"00e1a000000MWaIAAW","Name":"X00e1a000000MWaIAAW","NamespacePrefix":"shiva15testns","UserLicenseId":"10036000000eSq9AAE","CreatedDate":"2016-03-08T19:00:02.000Z"}}|0x1c355b48
18:25:31.0 (9140704)|STATEMENT_EXECUTE|[148]
18:25:31.0 (9160584)|ENTERING_MANAGED_PKG|
18:25:31.0 (9170478)|STATEMENT_EXECUTE|[149]
18:25:31.0 (9180912)|HEAP_ALLOCATE|[148]|Bytes:5
18:25:31.0 (9200826)|HEAP_ALLOCATE|[148]|Bytes:28
18:25:31.0 (9208540)|VARIABLE_SCOPE_BEGIN|[148]|PSetName|PermissionSet|true|false
18:25:31.0 (9228437)|VARIABLE_ASSIGNMENT|[148]|PSetName|{"s":1,"v":{"Id":"0PS36000000mmnYGAQ","Label":"00e1a000000MWaJAAW","Name":"X00e1a000000MWaJAAW","NamespacePrefix":"shiva15testns","UserLicenseId":"10036000000eSqAAAU","CreatedDate":"2016-03-08T19:00:02.000Z"}}|0x745e5930
18:25:31.0 (9232192)|STATEMENT_EXECUTE|[148]
18:25:31.0 (9252270)|ENTERING_MANAGED_PKG|
18:25:31.0 (9262118)|STATEMENT_EXECUTE|[149]
18:25:31.0 (9272196)|HEAP_ALLOCATE|[148]|Bytes:5
18:25:31.0 (9291715)|HEAP_ALLOCATE|[148]|Bytes:28
18:25:31.0 (9299884)|VARIABLE_SCOPE_BEGIN|[148]|PSetName|PermissionSet|true|false
18:25:31.0 (9319957)|VARIABLE_ASSIGNMENT|[148]|PSetName|{"s":1,"v":{"Id":"0PS36000000mmnZGAQ","Label":"00e1a000000MWaKAAW","Name":"X00e1a000000MWaKAAW","NamespacePrefix":"shiva15testns","UserLicenseId":"10036000000eSqBAAU","CreatedDate":"2016-03-08T19:00:02.000Z"}}|0x2f52230d
18:25:31.0 (9324092)|STATEMENT_EXECUTE|[148]
18:25:31.0 (9343901)|ENTERING_MANAGED_PKG|
18:25:31.0 (9353782)|STATEMENT_EXECUTE|[149]
18:25:31.0 (9363900)|HEAP_ALLOCATE|[148]|Bytes:5
18:25:31.0 (9383634)|HEAP_ALLOCATE|[148]|Bytes:28
18:25:31.0 (9391252)|VARIABLE_SCOPE_BEGIN|[148]|PSetName|PermissionSet|true|false
18:25:31.0 (9411087)|VARIABLE_ASSIGNMENT|[148]|PSetName|{"s":1,"v":{"Id":"0PS36000000mmnaGAA","Label":"00e1a000000MWaLAAW","Name":"X00e1a000000MWaLAAW","NamespacePrefix":"shiva15testns","UserLicenseId":"10036000000eSqCAAU","CreatedDate":"2016-03-08T19:00:02.000Z"}}|0x71a5b6d4
18:25:31.0 (9414807)|STATEMENT_EXECUTE|[148]
18:25:31.0 (9434692)|ENTERING_MANAGED_PKG|
18:25:31.0 (9444472)|STATEMENT_EXECUTE|[149]
18:25:31.0 (9454549)|HEAP_ALLOCATE|[148]|Bytes:5
18:25:31.0 (9474285)|HEAP_ALLOCATE|[148]|Bytes:28
18:25:31.0 (9481853)|VARIABLE_SCOPE_BEGIN|[148]|PSetName|PermissionSet|true|false
18:25:31.0 (9501964)|VARIABLE_ASSIGNMENT|[148]|PSetName|{"s":1,"v":{"Id":"0PS36000000mmnbGAA","Label":"00e1a000000MWaMAAW","Name":"X00e1a000000MWaMAAW","NamespacePrefix":"shiva15testns","UserLicenseId":"10036000000eSqDAAU","CreatedDate":"2016-03-08T19:00:02.000Z"}}|0x477c4cb3
18:25:31.0 (9505785)|STATEMENT_EXECUTE|[148]
18:25:31.0 (9525565)|ENTERING_MANAGED_PKG|
18:25:31.0 (9535497)|STATEMENT_EXECUTE|[149]
18:25:31.0 (9545750)|HEAP_ALLOCATE|[148]|Bytes:5
18:25:31.0 (9568601)|HEAP_ALLOCATE|[148]|Bytes:28
18:25:31.0 (9576558)|VARIABLE_SCOPE_BEGIN|[148]|PSetName|PermissionSet|true|false
18:25:31.0 (9596797)|VARIABLE_ASSIGNMENT|[148]|PSetName|{"s":1,"v":{"Id":"0PS36000000mmncGAA","Label":"00e1a000000MWaNAAW","Name":"X00e1a000000MWaNAAW","NamespacePrefix":"shiva15testns","UserLicenseId":"10036000000eSqEAAU","CreatedDate":"2016-03-08T19:00:02.000Z"}}|0x416d0ab5
18:25:31.0 (9600546)|STATEMENT_EXECUTE|[148]
18:25:31.0 (9620719)|ENTERING_MANAGED_PKG|
18:25:31.0 (9630640)|STATEMENT_EXECUTE|[149]
18:25:31.0 (9640849)|HEAP_ALLOCATE|[148]|Bytes:5
18:25:31.0 (9660582)|HEAP_ALLOCATE|[148]|Bytes:28
18:25:31.0 (9668360)|VARIABLE_SCOPE_BEGIN|[148]|PSetName|PermissionSet|true|false
18:25:31.0 (9691378)|VARIABLE_ASSIGNMENT|[148]|PSetName|{"s":1,"v":{"Id":"0PS36000000mmndGAA","Label":"00e1a000000MWaOAAW","Name":"X00e1a000000MWaOAAW","NamespacePrefix":"shiva15testns","UserLicenseId":"10036000000eSqFAAU","CreatedDate":"2016-03-08T19:00:02.000Z"}}|0x7f1913de
18:25:31.0 (9695317)|STATEMENT_EXECUTE|[148]
18:25:31.0 (9715674)|ENTERING_MANAGED_PKG|
18:25:31.0 (9725636)|STATEMENT_EXECUTE|[149]
18:25:31.0 (9735792)|HEAP_ALLOCATE|[148]|Bytes:5
18:25:31.0 (9755417)|HEAP_ALLOCATE|[148]|Bytes:28
18:25:31.0 (9762965)|VARIABLE_SCOPE_BEGIN|[148]|PSetName|PermissionSet|true|false
18:25:31.0 (9783316)|VARIABLE_ASSIGNMENT|[148]|PSetName|{"s":1,"v":{"Id":"0PS36000000mmneGAA","Label":"00e1a000000MWaPAAW","Name":"X00e1a000000MWaPAAW","NamespacePrefix":"shiva15testns","UserLicenseId":"10036000000eSqGAAU","CreatedDate":"2016-03-08T19:00:02.000Z"}}|0x235609ff
18:25:31.0 (9786933)|STATEMENT_EXECUTE|[148]
18:25:31.0 (9806890)|ENTERING_MANAGED_PKG|
18:25:31.0 (9816935)|STATEMENT_EXECUTE|[149]
18:25:31.0 (9826981)|HEAP_ALLOCATE|[148]|Bytes:5
18:25:31.0 (9846618)|HEAP_ALLOCATE|[148]|Bytes:28
18:25:31.0 (9854164)|VARIABLE_SCOPE_BEGIN|[148]|PSetName|PermissionSet|true|false
18:25:31.0 (9874090)|VARIABLE_ASSIGNMENT|[148]|PSetName|{"s":1,"v":{"Id":"0PS36000000mmnfGAA","Label":"00e1a000000MWaQAAW","Name":"X00e1a000000MWaQAAW","NamespacePrefix":"shiva15testns","UserLicenseId":"10036000000eSqHAAU","CreatedDate":"2016-03-08T19:00:02.000Z"}}|0x6ead0f2
18:25:31.0 (9877612)|STATEMENT_EXECUTE|[148]
18:25:31.0 (9897634)|ENTERING_MANAGED_PKG|
18:25:31.0 (9907557)|STATEMENT_EXECUTE|[149]
18:25:31.0 (9917716)|HEAP_ALLOCATE|[148]|Bytes:5
18:25:31.0 (9937438)|HEAP_ALLOCATE|[148]|Bytes:28
18:25:31.0 (9944932)|VARIABLE_SCOPE_BEGIN|[148]|PSetName|PermissionSet|true|false
18:25:31.0 (9964662)|VARIABLE_ASSIGNMENT|[148]|PSetName|{"s":1,"v":{"Id":"0PS36000000mmngGAA","Label":"00e1a000000MWaRAAW","Name":"X00e1a000000MWaRAAW","NamespacePrefix":"shiva15testns","UserLicenseId":"10036000000eSqIAAU","CreatedDate":"2016-03-08T19:00:02.000Z"}}|0x2f7b4a38
18:25:31.0 (9968323)|STATEMENT_EXECUTE|[148]
18:25:31.0 (9988208)|ENTERING_MANAGED_PKG|
18:25:31.0 (9998085)|STATEMENT_EXECUTE|[149]
18:25:31.0 (10008157)|HEAP_ALLOCATE|[148]|Bytes:5
18:25:31.0 (10028825)|HEAP_ALLOCATE|[148]|Bytes:28
18:25:31.0 (10036541)|VARIABLE_SCOPE_BEGIN|[148]|PSetName|PermissionSet|true|false
18:25:31.0 (10060568)|VARIABLE_ASSIGNMENT|[148]|PSetName|{"s":1,"v":{"Id":"0PS36000000mmnhGAA","Label":"00e1a000000MWaSAAW","Name":"X00e1a000000MWaSAAW","NamespacePrefix":"shiva15testns","UserLicenseId":"10036000000eSqJAAU","CreatedDate":"2016-03-08T19:00:02.000Z"}}|0x18cb3bea
18:25:31.0 (10064710)|STATEMENT_EXECUTE|[148]
18:25:31.0 (10094088)|ENTERING_MANAGED_PKG|
18:25:31.0 (10111778)|STATEMENT_EXECUTE|[149]
18:25:31.0 (10128309)|HEAP_ALLOCATE|[148]|Bytes:5
18:25:31.0 (10159289)|HEAP_ALLOCATE|[148]|Bytes:28
18:25:31.0 (10174651)|VARIABLE_SCOPE_BEGIN|[148]|PSetName|PermissionSet|true|false
18:25:31.0 (10208588)|VARIABLE_ASSIGNMENT|[148]|PSetName|{"s":1,"v":{"Id":"0PS36000000mmniGAA","Label":"00e1a000000MWaTAAW","Name":"X00e1a000000MWaTAAW","NamespacePrefix":"shiva15testns","UserLicenseId":"10036000000eSqJAAU","CreatedDate":"2016-03-08T19:00:02.000Z"}}|0xbc1c0fd
18:25:31.0 (10215270)|STATEMENT_EXECUTE|[148]
18:25:31.0 (10246025)|ENTERING_MANAGED_PKG|
18:25:31.0 (10260935)|STATEMENT_EXECUTE|[149]
18:25:31.0 (10275342)|HEAP_ALLOCATE|[148]|Bytes:5
18:25:31.0 (10302977)|HEAP_ALLOCATE|[148]|Bytes:28
18:25:31.0 (10313434)|VARIABLE_SCOPE_BEGIN|[148]|PSetName|PermissionSet|true|false
18:25:31.0 (10341651)|VARIABLE_ASSIGNMENT|[148]|PSetName|{"s":1,"v":{"Id":"0PS36000000mmnjGAA","Label":"00e1a000000MWaUAAW","Name":"X00e1a000000MWaUAAW","NamespacePrefix":"shiva15testns","UserLicenseId":"10036000000eSqKAAU","CreatedDate":"2016-03-08T19:00:02.000Z"}}|0x5bfcfc37
18:25:31.0 (10347838)|STATEMENT_EXECUTE|[148]
18:25:31.0 (10376669)|ENTERING_MANAGED_PKG|
18:25:31.0 (10391742)|STATEMENT_EXECUTE|[149]
18:25:31.0 (10408552)|HEAP_ALLOCATE|[148]|Bytes:5
18:25:31.0 (10443310)|HEAP_ALLOCATE|[148]|Bytes:28
18:25:31.0 (10456982)|VARIABLE_SCOPE_BEGIN|[148]|PSetName|PermissionSet|true|false
18:25:31.0 (10487890)|VARIABLE_ASSIGNMENT|[148]|PSetName|{"s":1,"v":{"Id":"0PS36000000mmnlGAA","Label":"00e1a000000N1LRAA0","Name":"X00e1a000000N1LRAA0","NamespacePrefix":"shiva15testns","UserLicenseId":"10036000000eSqLAAU","CreatedDate":"2016-03-08T19:00:02.000Z"}}|0x2ea347fa
18:25:31.0 (10494626)|STATEMENT_EXECUTE|[148]
18:25:31.0 (10527873)|ENTERING_MANAGED_PKG|
18:25:31.0 (10545811)|STATEMENT_EXECUTE|[149]
18:25:31.0 (10561806)|HEAP_ALLOCATE|[148]|Bytes:5
18:25:31.0 (10591999)|HEAP_ALLOCATE|[148]|Bytes:28
18:25:31.0 (10607017)|VARIABLE_SCOPE_BEGIN|[148]|PSetName|PermissionSet|true|false
18:25:31.0 (10636566)|VARIABLE_ASSIGNMENT|[148]|PSetName|{"s":1,"v":{"Id":"0PS36000000mmnmGAA","Label":"00e1a000000N1LSAA0","Name":"X00e1a000000N1LSAA0","NamespacePrefix":"shiva15testns","UserLicenseId":"10036000000eSqMAAU","CreatedDate":"2016-03-08T19:00:02.000Z"}}|0x6f762daf
18:25:31.0 (10642816)|STATEMENT_EXECUTE|[148]
18:25:31.0 (10671908)|ENTERING_MANAGED_PKG|
18:25:31.0 (10688460)|STATEMENT_EXECUTE|[149]
18:25:31.0 (10704197)|HEAP_ALLOCATE|[148]|Bytes:5
18:25:31.0 (10734936)|HEAP_ALLOCATE|[148]|Bytes:28
18:25:31.0 (10746395)|VARIABLE_SCOPE_BEGIN|[148]|PSetName|PermissionSet|true|false
18:25:31.0 (10776680)|VARIABLE_ASSIGNMENT|[148]|PSetName|{"s":1,"v":{"Id":"0PS36000000mmnnGAA","Label":"00e1a000000N1wKAAS","Name":"X00e1a000000N1wKAAS","NamespacePrefix":"shiva15testns","UserLicenseId":"10036000000eSqNAAU","CreatedDate":"2016-03-08T19:00:02.000Z"}}|0x6a35ce94
18:25:31.0 (10782666)|STATEMENT_EXECUTE|[148]
18:25:31.0 (10810878)|ENTERING_MANAGED_PKG|
18:25:31.0 (10826197)|STATEMENT_EXECUTE|[149]
18:25:31.0 (10841751)|HEAP_ALLOCATE|[148]|Bytes:5
18:25:31.0 (10872207)|HEAP_ALLOCATE|[148]|Bytes:28
18:25:31.0 (10884320)|VARIABLE_SCOPE_BEGIN|[148]|PSetName|PermissionSet|true|false
18:25:31.0 (10914042)|VARIABLE_ASSIGNMENT|[148]|PSetName|{"s":1,"v":{"Id":"0PS36000000mmnoGAA","Label":"00e1a000000N1wLAAS","Name":"X00e1a000000N1wLAAS","NamespacePrefix":"shiva15testns","UserLicenseId":"10036000000eSqNAAU","CreatedDate":"2016-03-08T19:00:02.000Z"}}|0x56148aa1
18:25:31.0 (10920761)|STATEMENT_EXECUTE|[148]
18:25:31.0 (10950085)|ENTERING_MANAGED_PKG|
18:25:31.0 (10966890)|STATEMENT_EXECUTE|[149]
18:25:31.0 (10983174)|HEAP_ALLOCATE|[148]|Bytes:5
18:25:31.0 (11013967)|HEAP_ALLOCATE|[148]|Bytes:28
18:25:31.0 (11027240)|VARIABLE_SCOPE_BEGIN|[148]|PSetName|PermissionSet|true|false
18:25:31.0 (11061071)|VARIABLE_ASSIGNMENT|[148]|PSetName|{"s":1,"v":{"Id":"0PS36000000mmnqGAA","Label":"00e1a000000MWaAAAW","Name":"X00e1a000000MWaAAAW","NamespacePrefix":"shiva15testns","UserLicenseId":"10036000000eSq1AAE","CreatedDate":"2016-03-08T19:00:02.000Z"}}|0x623c9b0e
18:25:31.0 (11066947)|STATEMENT_EXECUTE|[148]
18:25:31.0 (11093009)|ENTERING_MANAGED_PKG|
18:25:31.0 (11107322)|STATEMENT_EXECUTE|[149]
18:25:31.0 (11121642)|HEAP_ALLOCATE|[148]|Bytes:5
18:25:31.0 (11152781)|HEAP_ALLOCATE|[148]|Bytes:32
18:25:31.0 (11166228)|VARIABLE_SCOPE_BEGIN|[148]|PSetName|PermissionSet|true|false
18:25:31.0 (11206993)|VARIABLE_ASSIGNMENT|[148]|PSetName|{"s":1,"v":{"Id":"0PS36000000q71PGAQ","Label":"PermissionSet_Test_t (12 more) ...","Name":"PermissionSet_Test_t (6 more) ...","Description":"This is for testing  (42 more) ...","NamespacePrefix":"shiva15testns","UserLicenseId":"10036000000eSpyAAE","CreatedDate":"2016-03-20T22:41:12.000Z"}}|0x3cf9d9b3
18:25:31.0 (11214835)|STATEMENT_EXECUTE|[148]
18:25:31.0 (11244564)|ENTERING_MANAGED_PKG|
18:25:31.0 (11256816)|STATEMENT_EXECUTE|[149]
18:25:31.0 (11258564)|STATEMENT_EXECUTE|[150]
18:25:31.0 (11265274)|HEAP_ALLOCATE|[150]|Bytes:240
18:25:31.0 (11271050)|HEAP_ALLOCATE|[150]|Bytes:31
18:25:31.0 (11290791)|HEAP_ALLOCATE|[150]|Bytes:32
18:25:31.0 (11341321)|ENTERING_MANAGED_PKG|
18:25:31.0 (11368341)|HEAP_ALLOCATE|[150]|Bytes:18
18:25:31.0 (11421662)|ENTERING_MANAGED_PKG|
18:25:31.0 (11426098)|HEAP_ALLOCATE|[150]|Bytes:18
18:25:31.0 (11464196)|ENTERING_MANAGED_PKG|
18:25:31.0 (11488685)|HEAP_ALLOCATE|[150]|Bytes:19
18:25:31.0 (11532572)|CONSTRUCTOR_ENTRY|[150]|01p36000005Jpvx|<init>(String,String,String,String,String,String,String)
18:25:31.0 (11561058)|VARIABLE_SCOPE_BEGIN|[967]|this|shiva15testns.PermissionSetPortalControllers.PermissionSetClass|true|false
18:25:31.0 (11629108)|VARIABLE_ASSIGNMENT|[967]|this|{}|0x9933533
18:25:31.0 (11634953)|VARIABLE_SCOPE_BEGIN|[967]|label|String|false|false
18:25:31.0 (11641929)|VARIABLE_ASSIGNMENT|[967]|label|"PermissionSet_Test_t (12 more) ..."
18:25:31.0 (11645301)|VARIABLE_SCOPE_BEGIN|[967]|apiName|String|false|false
18:25:31.0 (11649870)|VARIABLE_ASSIGNMENT|[967]|apiName|"PermissionSet_Test_t (6 more) ..."
18:25:31.0 (11652970)|VARIABLE_SCOPE_BEGIN|[967]|id|String|false|false
18:25:31.0 (11656594)|VARIABLE_ASSIGNMENT|[967]|id|"0PS36000000q71PGAQ"
18:25:31.0 (11659488)|VARIABLE_SCOPE_BEGIN|[967]|description|String|false|false
18:25:31.0 (11663707)|VARIABLE_ASSIGNMENT|[967]|description|"This is for testing  (42 more) ..."
18:25:31.0 (11666632)|VARIABLE_SCOPE_BEGIN|[967]|namespacePrefix|String|false|false
18:25:31.0 (11670004)|VARIABLE_ASSIGNMENT|[967]|namespacePrefix|"shiva15testns"
18:25:31.0 (11673215)|VARIABLE_SCOPE_BEGIN|[967]|userLicenseId|String|false|false
18:25:31.0 (11676453)|VARIABLE_ASSIGNMENT|[967]|userLicenseId|"10036000000eSpyAAE"
18:25:31.0 (11679251)|VARIABLE_SCOPE_BEGIN|[967]|createdDate|String|false|false
18:25:31.0 (11682526)|VARIABLE_ASSIGNMENT|[967]|createdDate|"2016-03-20 15:41:12"
18:25:31.0 (11686430)|STATEMENT_EXECUTE|[950]
18:25:31.0 (11687986)|STATEMENT_EXECUTE|[953]
18:25:31.0 (11689591)|STATEMENT_EXECUTE|[955]
18:25:31.0 (11690777)|STATEMENT_EXECUTE|[957]
18:25:31.0 (11691949)|STATEMENT_EXECUTE|[959]
18:25:31.0 (11693125)|STATEMENT_EXECUTE|[961]
18:25:31.0 (11694314)|STATEMENT_EXECUTE|[963]
18:25:31.0 (11695349)|STATEMENT_EXECUTE|[965]
18:25:31.0 (11703809)|HEAP_ALLOCATE|[969]|Bytes:6
18:25:31.0 (11729694)|STATEMENT_EXECUTE|[968]
18:25:31.0 (11731586)|STATEMENT_EXECUTE|[969]
18:25:31.0 (11815711)|VARIABLE_ASSIGNMENT|[EXTERNAL]|this|{}|0x9933533
18:25:31.0 (11825747)|VARIABLE_ASSIGNMENT|[EXTERNAL]|value|"PermissionSet_Test_t (12 more) ..."
18:25:31.0 (11837952)|VARIABLE_ASSIGNMENT|[953]|this.label|"PermissionSet_Test_t (12 more) ..."|0x9933533
18:25:31.0 (11845587)|STATEMENT_EXECUTE|[970]
18:25:31.0 (11898912)|VARIABLE_ASSIGNMENT|[EXTERNAL]|this|{"label":"PermissionSet_Test_t (12 more) ..."}|0x9933533
18:25:31.0 (11907656)|VARIABLE_ASSIGNMENT|[EXTERNAL]|value|"PermissionSet_Test_t (6 more) ..."
18:25:31.0 (11917073)|VARIABLE_ASSIGNMENT|[955]|this.apiName|"PermissionSet_Test_t (6 more) ..."|0x9933533
18:25:31.0 (11923999)|STATEMENT_EXECUTE|[971]
18:25:31.0 (11977469)|VARIABLE_ASSIGNMENT|[EXTERNAL]|this|{"apiName":"PermissionSet_Test_t (6 more) ...","label":"PermissionSet_Test_t (12 more) ..."}|0x9933533
18:25:31.0 (11985868)|VARIABLE_ASSIGNMENT|[EXTERNAL]|value|"0PS36000000q71PGAQ"
18:25:31.0 (11994184)|VARIABLE_ASSIGNMENT|[957]|this.id|"0PS36000000q71PGAQ"|0x9933533
18:25:31.0 (12000854)|STATEMENT_EXECUTE|[972]
18:25:31.0 (12058223)|VARIABLE_ASSIGNMENT|[EXTERNAL]|this|{"apiName":"PermissionSet_Test_t (6 more) ...","id":"0PS36000000q71PGAQ","label":"PermissionSet_Test_t (12 more) ..."}|0x9933533
18:25:31.0 (12067840)|VARIABLE_ASSIGNMENT|[EXTERNAL]|value|"This is for testing  (42 more) ..."
18:25:31.0 (12083580)|VARIABLE_ASSIGNMENT|[959]|this.description|"This is for testing  (42 more) ..."|0x9933533
18:25:31.0 (12090919)|STATEMENT_EXECUTE|[973]
18:25:31.0 (12145974)|VARIABLE_ASSIGNMENT|[EXTERNAL]|this|{"apiName":"PermissionSet_Test_t (6 more) ...","description":"This is for testing  (42 more) ...","id":"0PS36000000q71PGAQ","label":"PermissionSet_Test_t (12 more) ..."}|0x9933533
18:25:31.0 (12154218)|VARIABLE_ASSIGNMENT|[EXTERNAL]|value|"shiva15testns"
18:25:31.0 (12163019)|VARIABLE_ASSIGNMENT|[961]|this.namespacePrefix|"shiva15testns"|0x9933533
18:25:31.0 (12169796)|STATEMENT_EXECUTE|[974]
18:25:31.0 (12223508)|VARIABLE_ASSIGNMENT|[EXTERNAL]|this|{"apiName":"PermissionSet_Test_t (6 more) ...","description":"This is for testing  (42 more) ...","id":"0PS36000000q71PGAQ","label":"PermissionSet_Test_t (12 more) ...","namespacePrefix":"shiva15testns"}|0x9933533
18:25:31.0 (12231926)|VARIABLE_ASSIGNMENT|[EXTERNAL]|value|"10036000000eSpyAAE"
18:25:31.0 (12240600)|VARIABLE_ASSIGNMENT|[963]|this.userLicenseId|"10036000000eSpyAAE"|0x9933533
18:25:31.0 (12247227)|STATEMENT_EXECUTE|[975]
18:25:31.0 (12301596)|VARIABLE_ASSIGNMENT|[EXTERNAL]|this|{"apiName":"PermissionSet_Test_t (6 more) ...","description":"This is for testing  (42 more) ...","id":"0PS36000000q71PGAQ","label":"PermissionSet_Test_t (12 more) ...","namespacePrefix":"shiva15testns","userLicenseId":"10036000000eSpyAAE"}|0x9933533
18:25:31.0 (12310268)|VARIABLE_ASSIGNMENT|[EXTERNAL]|value|"2016-03-20 15:41:12"
18:25:31.0 (12318611)|VARIABLE_ASSIGNMENT|[965]|this.createdDate|"2016-03-20 15:41:12"|0x9933533
18:25:31.0 (12334836)|CONSTRUCTOR_EXIT|[150]|01p36000005Jpvx|<init>(String,String,String,String,String,String,String)
18:25:31.0 (12369233)|VARIABLE_ASSIGNMENT|[150]|pSetObj|{"apiName":"PermissionSet_Test_t (6 more) ...","createdDate":"2016-03-20 15:41:12","description":"This is for testing  (42 more) ...","id":"0PS36000000q71PGAQ","label":"PermissionSet_Test_t (12 more) ...","namespacePrefix":"shiva15testns","userLicenseId":"10036000000eSpyAAE"}|0x9933533
18:25:31.0 (12373968)|STATEMENT_EXECUTE|[151]
18:25:31.0 (12390302)|ENTERING_MANAGED_PKG|
18:25:31.0 (12414923)|HEAP_ALLOCATE|[EXTERNAL]|Bytes:4
18:25:31.0 (12431650)|HEAP_ALLOCATE|[148]|Bytes:5
18:25:31.0 (12444628)|VARIABLE_ASSIGNMENT|[148]|PSetName|null|
18:25:31.0 (12448322)|STATEMENT_EXECUTE|[155]
18:25:31.0 (12459426)|SYSTEM_MODE_EXIT|false
18:25:31.12 (12503730)|CUMULATIVE_LIMIT_USAGE
18:25:31.12 (12503730)|LIMIT_USAGE_FOR_NS|(default)|
  Number of SOQL queries: 0 out of 100
  Number of query rows: 0 out of 50000
  Number of SOSL queries: 0 out of 20
  Number of DML statements: 0 out of 150
  Number of DML rows: 0 out of 10000
  Maximum CPU time: 0 out of 10000
  Maximum heap size: 0 out of 6000000
  Number of callouts: 0 out of 100
  Number of Email Invocations: 0 out of 10
  Number of future calls: 0 out of 50
  Number of queueable jobs added to the queue: 0 out of 50
  Number of Mobile Apex push calls: 0 out of 10

18:25:31.12 (12503730)|LIMIT_USAGE_FOR_NS|shiva15testns|
  Number of SOQL queries: 1 out of 100
  Number of query rows: 37 out of 50000
  Number of SOSL queries: 0 out of 20
  Number of DML statements: 0 out of 150
  Number of DML rows: 0 out of 10000
  Maximum CPU time: 0 out of 10000
  Maximum heap size: 0 out of 6000000
  Number of callouts: 0 out of 100
  Number of Email Invocations: 0 out of 10
  Number of future calls: 0 out of 50
  Number of queueable jobs added to the queue: 0 out of 50
  Number of Mobile Apex push calls: 0 out of 10

18:25:31.12 (12503730)|CUMULATIVE_LIMIT_USAGE_END

18:25:31.0 (12548364)|CODE_UNIT_FINISHED|PermissionSetPortalControllers.getAllPermissionSets
18:25:31.0 (14104441)|EXECUTION_FINISHED
18:25:31.16 (16223964)|EXECUTION_STARTED
18:25:31.16 (16233304)|CODE_UNIT_STARTED|[EXTERNAL]|Aura
18:25:31.16 (16351440)|CODE_UNIT_FINISHED|Aura
18:25:31.16 (17640184)|EXECUTION_FINISHED
