36.0 APEX_CODE,FINEST;APEX_PROFILING,INFO;CALLOUT,INFO;DB,INFO;SYSTEM,DEBUG;VALIDATION,INFO;VISUALFORCE,INFO;WORKFLOW,INFO
15:09:14.0 (447173)|EXECUTION_STARTED
15:09:14.0 (480636)|CODE_UNIT_STARTED|[EXTERNAL]|01p36000005Jpvx|PermissionSetPortalControllers.getAllPermissionSets
15:09:14.0 (1161821)|VARIABLE_SCOPE_BEGIN|[3]|PermissionSetPortalControllers.AllPermissionSets|List<PermissionSet>|true|true
15:09:14.0 (1182709)|VARIABLE_SCOPE_BEGIN|[10]|PermissionSetPortalControllers.accountField|Set<String>|true|true
15:09:14.0 (1189204)|VARIABLE_SCOPE_BEGIN|[5]|PermissionSetPortalControllers.allObjectsOfOrg|List<shiva15testns.PermissionSetPortalControllers.ObjectDetailsClass>|true|true
15:09:14.0 (1194837)|VARIABLE_SCOPE_BEGIN|[9]|PermissionSetPortalControllers.contactsField|Set<String>|true|true
15:09:14.0 (1199526)|VARIABLE_SCOPE_BEGIN|[7]|PermissionSetPortalControllers.isNotSystemSObjectList|Set<String>|true|true
15:09:14.0 (1385893)|HEAP_ALLOCATE|[72]|Bytes:3
15:09:14.0 (1432456)|HEAP_ALLOCATE|[77]|Bytes:152
15:09:14.0 (1453477)|HEAP_ALLOCATE|[342]|Bytes:408
15:09:14.0 (1473030)|HEAP_ALLOCATE|[355]|Bytes:408
15:09:14.0 (1491765)|HEAP_ALLOCATE|[467]|Bytes:48
15:09:14.0 (1532271)|HEAP_ALLOCATE|[139]|Bytes:6
15:09:14.0 (1560807)|HEAP_ALLOCATE|[EXTERNAL]|Bytes:168
15:09:14.0 (1567829)|HEAP_ALLOCATE|[EXTERNAL]|Bytes:90
15:09:14.0 (1571788)|HEAP_ALLOCATE|[EXTERNAL]|Bytes:398
15:09:14.0 (1594482)|METHOD_ENTRY|[1]|01p36000005Jpvx|PermissionSetPortalControllers.PermissionSetPortalControllers()
15:09:14.0 (1600159)|STATEMENT_EXECUTE|[1]
15:09:14.0 (1606914)|STATEMENT_EXECUTE|[1]
15:09:14.0 (1642476)|HEAP_ALLOCATE|[50]|Bytes:5
15:09:14.0 (1663804)|HEAP_ALLOCATE|[56]|Bytes:5
15:09:14.0 (1672725)|HEAP_ALLOCATE|[64]|Bytes:7
15:09:14.0 (1700688)|SYSTEM_MODE_ENTER|false
15:09:14.0 (1718516)|HEAP_ALLOCATE|[9]|Bytes:5
15:09:14.0 (1723124)|STATEMENT_EXECUTE|[9]
15:09:14.0 (1729778)|HEAP_ALLOCATE|[9]|Bytes:4
15:09:14.0 (1774598)|ENTERING_MANAGED_PKG|
15:09:14.0 (1885532)|VARIABLE_ASSIGNMENT|[9]|PermissionSetPortalControllers.contactsField|{"s":1,"v":[]}|0x6648288d
15:09:14.0 (1890410)|STATEMENT_EXECUTE|[10]
15:09:14.0 (1896321)|HEAP_ALLOCATE|[10]|Bytes:4
15:09:14.0 (1910012)|ENTERING_MANAGED_PKG|
15:09:14.0 (1947296)|VARIABLE_ASSIGNMENT|[10]|PermissionSetPortalControllers.accountField|{"s":1,"v":[]}|0x2e8aac1a
15:09:14.0 (1951601)|STATEMENT_EXECUTE|[1088]
15:09:14.0 (1953335)|STATEMENT_EXECUTE|[1117]
15:09:14.0 (1954567)|STATEMENT_EXECUTE|[1145]
15:09:14.0 (1956253)|STATEMENT_EXECUTE|[1174]
15:09:14.0 (1957533)|STATEMENT_EXECUTE|[1190]
15:09:14.0 (1958734)|STATEMENT_EXECUTE|[1207]
15:09:14.0 (1959766)|STATEMENT_EXECUTE|[1218]
15:09:14.0 (1961082)|STATEMENT_EXECUTE|[1223]
15:09:14.0 (1969048)|SYSTEM_MODE_EXIT|false
15:09:14.0 (1983489)|METHOD_EXIT|[1]|PermissionSetPortalControllers
15:09:14.0 (1991686)|SYSTEM_MODE_ENTER|false
15:09:14.0 (2006948)|HEAP_ALLOCATE|[157]|Bytes:5
15:09:14.0 (2011738)|STATEMENT_EXECUTE|[156]
15:09:14.0 (2013166)|STATEMENT_EXECUTE|[157]
15:09:14.0 (2014266)|STATEMENT_EXECUTE|[157]
15:09:14.0 (2015305)|STATEMENT_EXECUTE|[158]
15:09:14.0 (2018887)|HEAP_ALLOCATE|[158]|Bytes:99
15:09:14.0 (2030528)|HEAP_ALLOCATE|[158]|Bytes:4
15:09:14.0 (2732984)|SOQL_EXECUTE_BEGIN|[158]|Aggregations:0|SELECT Id, label, Name, Description, NamespacePrefix, UserLicenseId, CreatedDate FROM PermissionSet
15:09:14.0 (6516798)|SOQL_EXECUTE_END|[158]|Rows:39
15:09:14.0 (6540336)|HEAP_ALLOCATE|[158]|Bytes:160
15:09:14.0 (6635851)|HEAP_ALLOCATE|[158]|Bytes:6803
15:09:14.0 (6666177)|HEAP_ALLOCATE|[158]|Bytes:160
15:09:14.0 (6699976)|VARIABLE_ASSIGNMENT|[158]|PermissionSetPortalControllers.AllPermissionSets|{"s":1,"v":"List of size 39 too large to display"}|0xc40275b
15:09:14.0 (6779876)|ENTERING_MANAGED_PKG|
15:09:14.0 (6811256)|STATEMENT_EXECUTE|[159]
15:09:14.0 (6813693)|STATEMENT_EXECUTE|[160]
15:09:14.0 (6818741)|HEAP_ALLOCATE|[160]|Bytes:34
15:09:14.0 (6845248)|ENTERING_MANAGED_PKG|
15:09:14.0 (6872318)|USER_DEBUG|[160]|DEBUG|inside AllPermissionSets not empty
15:09:14.0 (6880646)|STATEMENT_EXECUTE|[161]
15:09:14.0 (6985451)|VARIABLE_SCOPE_BEGIN|[161]|pSetObj|shiva15testns.PermissionSetPortalControllers.PermissionSetClass|true|false
15:09:14.0 (6997629)|VARIABLE_ASSIGNMENT|[161]|pSetObj|null|
15:09:14.0 (7000366)|STATEMENT_EXECUTE|[162]
15:09:14.0 (7008142)|HEAP_ALLOCATE|[162]|Bytes:4
15:09:14.0 (7056120)|ENTERING_MANAGED_PKG|
15:09:14.0 (7080571)|VARIABLE_SCOPE_BEGIN|[162]|permissionSetsLst|List<shiva15testns.PermissionSetPortalControllers.PermissionSetClass>|true|false
15:09:14.0 (7102392)|HEAP_ALLOCATE|[EXTERNAL]|Bytes:4
15:09:14.0 (7114671)|VARIABLE_ASSIGNMENT|[162]|permissionSetsLst|{"s":1,"v":[]}|0x607ae5e8
15:09:14.0 (7130983)|ENTERING_MANAGED_PKG|
15:09:14.0 (7365630)|HEAP_ALLOCATE|[163]|Bytes:5
15:09:14.0 (7402343)|HEAP_ALLOCATE|[163]|Bytes:28
15:09:14.0 (7415787)|VARIABLE_SCOPE_BEGIN|[163]|PSetName|PermissionSet|true|false
15:09:14.0 (7465593)|VARIABLE_ASSIGNMENT|[163]|PSetName|{"s":1,"v":{"Id":"0PS36000000mmnFGAQ","Label":"00e1a000000MWa8AAG","Name":"X00e1a000000MWa8AAG","NamespacePrefix":"shiva15testns","UserLicenseId":"10036000000eSpzAAE","CreatedDate":"2016-03-08T19:00:02.000Z"}}|0x3ae19a73
15:09:14.0 (7474018)|STATEMENT_EXECUTE|[163]
15:09:14.0 (7502467)|HEAP_ALLOCATE|[164]|Bytes:3
15:09:14.0 (7538577)|ENTERING_MANAGED_PKG|
15:09:14.0 (7578096)|STATEMENT_EXECUTE|[164]
15:09:14.0 (7590718)|HEAP_ALLOCATE|[163]|Bytes:5
15:09:14.0 (7613594)|HEAP_ALLOCATE|[163]|Bytes:28
15:09:14.0 (7622301)|VARIABLE_SCOPE_BEGIN|[163]|PSetName|PermissionSet|true|false
15:09:14.0 (7648916)|VARIABLE_ASSIGNMENT|[163]|PSetName|{"s":1,"v":{"Id":"0PS36000000mmnGGAQ","Label":"00ex00000018ozl_128_ (10 more) ...","Name":"X00ex00000018ozl_128 (11 more) ...","NamespacePrefix":"shiva15testns","UserLicenseId":"10036000000eSpyAAE","CreatedDate":"2016-03-08T19:00:02.000Z"}}|0x2cbecc25
15:09:14.0 (7657708)|STATEMENT_EXECUTE|[163]
15:09:14.0 (7680979)|ENTERING_MANAGED_PKG|
15:09:14.0 (7691567)|STATEMENT_EXECUTE|[164]
15:09:14.0 (7702307)|HEAP_ALLOCATE|[163]|Bytes:5
15:09:14.0 (7722459)|HEAP_ALLOCATE|[163]|Bytes:28
15:09:14.0 (7730524)|VARIABLE_SCOPE_BEGIN|[163]|PSetName|PermissionSet|true|false
15:09:14.0 (7753992)|VARIABLE_ASSIGNMENT|[163]|PSetName|{"s":1,"v":{"Id":"0PS36000000mmnHGAQ","Label":"00ex00000018ozm_128_ (10 more) ...","Name":"X00ex00000018ozm_128 (11 more) ...","NamespacePrefix":"shiva15testns","UserLicenseId":"10036000000eSpyAAE","CreatedDate":"2016-03-08T19:00:02.000Z"}}|0x541b5cc
15:09:14.0 (7758467)|STATEMENT_EXECUTE|[163]
15:09:14.0 (7779762)|ENTERING_MANAGED_PKG|
15:09:14.0 (7789707)|STATEMENT_EXECUTE|[164]
15:09:14.0 (7799836)|HEAP_ALLOCATE|[163]|Bytes:5
15:09:14.0 (7819568)|HEAP_ALLOCATE|[163]|Bytes:28
15:09:14.0 (7827577)|VARIABLE_SCOPE_BEGIN|[163]|PSetName|PermissionSet|true|false
15:09:14.0 (7850375)|VARIABLE_ASSIGNMENT|[163]|PSetName|{"s":1,"v":{"Id":"0PS36000000mmnIGAQ","Label":"00ex00000018ozk_128_ (10 more) ...","Name":"X00ex00000018ozk_128 (11 more) ...","NamespacePrefix":"shiva15testns","UserLicenseId":"10036000000eSpyAAE","CreatedDate":"2016-03-08T19:00:02.000Z"}}|0x16584ea6
15:09:14.0 (7855322)|STATEMENT_EXECUTE|[163]
15:09:14.0 (7876225)|ENTERING_MANAGED_PKG|
15:09:14.0 (7885994)|STATEMENT_EXECUTE|[164]
15:09:14.0 (7896036)|HEAP_ALLOCATE|[163]|Bytes:5
15:09:14.0 (7915660)|HEAP_ALLOCATE|[163]|Bytes:28
15:09:14.0 (7923534)|VARIABLE_SCOPE_BEGIN|[163]|PSetName|PermissionSet|true|false
15:09:14.0 (7945549)|VARIABLE_ASSIGNMENT|[163]|PSetName|{"s":1,"v":{"Id":"0PS36000000mmnJGAQ","Label":"00ex00000018ozj_128_ (10 more) ...","Name":"X00ex00000018ozj_128 (11 more) ...","NamespacePrefix":"shiva15testns","UserLicenseId":"10036000000eSpyAAE","CreatedDate":"2016-03-08T19:00:02.000Z"}}|0x20dc7c1c
15:09:14.0 (7949728)|STATEMENT_EXECUTE|[163]
15:09:14.0 (7970471)|ENTERING_MANAGED_PKG|
15:09:14.0 (7980010)|STATEMENT_EXECUTE|[164]
15:09:14.0 (7990498)|HEAP_ALLOCATE|[163]|Bytes:5
15:09:14.0 (8010156)|HEAP_ALLOCATE|[163]|Bytes:28
15:09:14.0 (8018754)|VARIABLE_SCOPE_BEGIN|[163]|PSetName|PermissionSet|true|false
15:09:14.0 (8040563)|VARIABLE_ASSIGNMENT|[163]|PSetName|{"s":1,"v":{"Id":"0PS36000000mmnKGAQ","Label":"00ex00000018ozo_128_ (10 more) ...","Name":"X00ex00000018ozo_128 (11 more) ...","NamespacePrefix":"shiva15testns","UserLicenseId":"10036000000eSpyAAE","CreatedDate":"2016-03-08T19:00:02.000Z"}}|0x7a5953c6
15:09:14.0 (8044955)|STATEMENT_EXECUTE|[163]
15:09:14.0 (8069712)|ENTERING_MANAGED_PKG|
15:09:14.0 (8079995)|STATEMENT_EXECUTE|[164]
15:09:14.0 (8090076)|HEAP_ALLOCATE|[163]|Bytes:5
15:09:14.0 (8109617)|HEAP_ALLOCATE|[163]|Bytes:28
15:09:14.0 (8117408)|VARIABLE_SCOPE_BEGIN|[163]|PSetName|PermissionSet|true|false
15:09:14.0 (8139582)|VARIABLE_ASSIGNMENT|[163]|PSetName|{"s":1,"v":{"Id":"0PS36000000mmnLGAQ","Label":"00ex00000018ozh_128_ (10 more) ...","Name":"X00ex00000018ozh_128 (11 more) ...","NamespacePrefix":"shiva15testns","UserLicenseId":"10036000000eSpyAAE","CreatedDate":"2016-03-08T19:00:02.000Z"}}|0x72be7694
15:09:14.0 (8144218)|STATEMENT_EXECUTE|[163]
15:09:14.0 (8164955)|ENTERING_MANAGED_PKG|
15:09:14.0 (8174436)|STATEMENT_EXECUTE|[164]
15:09:14.0 (8184417)|HEAP_ALLOCATE|[163]|Bytes:5
15:09:14.0 (8203925)|HEAP_ALLOCATE|[163]|Bytes:28
15:09:14.0 (8230287)|VARIABLE_SCOPE_BEGIN|[163]|PSetName|PermissionSet|true|false
15:09:14.0 (8253562)|VARIABLE_ASSIGNMENT|[163]|PSetName|{"s":1,"v":{"Id":"0PS36000000mmnMGAQ","Label":"00ex00000018ozq_128_ (11 more) ...","Name":"X00ex00000018ozq_128 (12 more) ...","NamespacePrefix":"shiva15testns","UserLicenseId":"10036000000eSpyAAE","CreatedDate":"2016-03-08T19:00:02.000Z"}}|0x26473b1b
15:09:14.0 (8257966)|STATEMENT_EXECUTE|[163]
15:09:14.0 (8279587)|ENTERING_MANAGED_PKG|
15:09:14.0 (8289344)|STATEMENT_EXECUTE|[164]
15:09:14.0 (8299690)|HEAP_ALLOCATE|[163]|Bytes:5
15:09:14.0 (8319529)|HEAP_ALLOCATE|[163]|Bytes:28
15:09:14.0 (8327258)|VARIABLE_SCOPE_BEGIN|[163]|PSetName|PermissionSet|true|false
15:09:14.0 (8349290)|VARIABLE_ASSIGNMENT|[163]|PSetName|{"s":1,"v":{"Id":"0PS36000000mmnNGAQ","Label":"00ex00000018ozp_128_ (10 more) ...","Name":"X00ex00000018ozp_128 (11 more) ...","NamespacePrefix":"shiva15testns","UserLicenseId":"10036000000eSpyAAE","CreatedDate":"2016-03-08T19:00:02.000Z"}}|0x65389f53
15:09:14.0 (8353908)|STATEMENT_EXECUTE|[163]
15:09:14.0 (8374453)|ENTERING_MANAGED_PKG|
15:09:14.0 (8383969)|STATEMENT_EXECUTE|[164]
15:09:14.0 (8393871)|HEAP_ALLOCATE|[163]|Bytes:5
15:09:14.0 (8425712)|HEAP_ALLOCATE|[163]|Bytes:28
15:09:14.0 (8434956)|VARIABLE_SCOPE_BEGIN|[163]|PSetName|PermissionSet|true|false
15:09:14.0 (8457365)|VARIABLE_ASSIGNMENT|[163]|PSetName|{"s":1,"v":{"Id":"0PS36000000mmnOGAQ","Label":"00ex00000018ozn_128_ (10 more) ...","Name":"X00ex00000018ozn_128 (11 more) ...","NamespacePrefix":"shiva15testns","UserLicenseId":"10036000000eSpyAAE","CreatedDate":"2016-03-08T19:00:02.000Z"}}|0x55cf3751
15:09:14.0 (8462062)|STATEMENT_EXECUTE|[163]
15:09:14.0 (8482877)|ENTERING_MANAGED_PKG|
15:09:14.0 (8492336)|STATEMENT_EXECUTE|[164]
15:09:14.0 (8502713)|HEAP_ALLOCATE|[163]|Bytes:5
15:09:14.0 (8522430)|HEAP_ALLOCATE|[163]|Bytes:28
15:09:14.0 (8530149)|VARIABLE_SCOPE_BEGIN|[163]|PSetName|PermissionSet|true|false
15:09:14.0 (8551511)|VARIABLE_ASSIGNMENT|[163]|PSetName|{"s":1,"v":{"Id":"0PS36000000mmnPGAQ","Label":"00e1a000000MWa9AAG","Name":"X00e1a000000MWa9AAG","NamespacePrefix":"shiva15testns","UserLicenseId":"10036000000eSq0AAE","CreatedDate":"2016-03-08T19:00:02.000Z"}}|0x54c4e1aa
15:09:14.0 (8555516)|STATEMENT_EXECUTE|[163]
15:09:14.0 (8575892)|ENTERING_MANAGED_PKG|
15:09:14.0 (8585353)|STATEMENT_EXECUTE|[164]
15:09:14.0 (8595187)|HEAP_ALLOCATE|[163]|Bytes:5
15:09:14.0 (8614856)|HEAP_ALLOCATE|[163]|Bytes:28
15:09:14.0 (8622822)|VARIABLE_SCOPE_BEGIN|[163]|PSetName|PermissionSet|true|false
15:09:14.0 (8643654)|VARIABLE_ASSIGNMENT|[163]|PSetName|{"s":1,"v":{"Id":"0PS36000000mmnQGAQ","Label":"00e1a000000MWaBAAW","Name":"X00e1a000000MWaBAAW","NamespacePrefix":"shiva15testns","UserLicenseId":"10036000000eSq2AAE","CreatedDate":"2016-03-08T19:00:02.000Z"}}|0x4b4497ca
15:09:14.0 (8648288)|STATEMENT_EXECUTE|[163]
15:09:14.0 (8668779)|ENTERING_MANAGED_PKG|
15:09:14.0 (8682079)|STATEMENT_EXECUTE|[164]
15:09:14.0 (8692623)|HEAP_ALLOCATE|[163]|Bytes:5
15:09:14.0 (8712583)|HEAP_ALLOCATE|[163]|Bytes:28
15:09:14.0 (8722842)|VARIABLE_SCOPE_BEGIN|[163]|PSetName|PermissionSet|true|false
15:09:14.0 (8754296)|VARIABLE_ASSIGNMENT|[163]|PSetName|{"s":1,"v":{"Id":"0PS36000000mmnRGAQ","Label":"00e1a000000MWaCAAW","Name":"X00e1a000000MWaCAAW","NamespacePrefix":"shiva15testns","UserLicenseId":"10036000000eSq3AAE","CreatedDate":"2016-03-08T19:00:02.000Z"}}|0x6a275bf6
15:09:14.0 (8761342)|STATEMENT_EXECUTE|[163]
15:09:14.0 (8787510)|ENTERING_MANAGED_PKG|
15:09:14.0 (8797622)|STATEMENT_EXECUTE|[164]
15:09:14.0 (8808028)|HEAP_ALLOCATE|[163]|Bytes:5
15:09:14.0 (8827965)|HEAP_ALLOCATE|[163]|Bytes:28
15:09:14.0 (8835911)|VARIABLE_SCOPE_BEGIN|[163]|PSetName|PermissionSet|true|false
15:09:14.0 (8860398)|VARIABLE_ASSIGNMENT|[163]|PSetName|{"s":1,"v":{"Id":"0PS36000000mmnSGAQ","Label":"00e1a000000MWaDAAW","Name":"X00e1a000000MWaDAAW","NamespacePrefix":"shiva15testns","UserLicenseId":"10036000000eSq4AAE","CreatedDate":"2016-03-08T19:00:02.000Z"}}|0x467e8c5c
15:09:14.0 (8865002)|STATEMENT_EXECUTE|[163]
15:09:14.0 (8886156)|ENTERING_MANAGED_PKG|
15:09:14.0 (8895823)|STATEMENT_EXECUTE|[164]
15:09:14.0 (8908440)|HEAP_ALLOCATE|[163]|Bytes:5
15:09:14.0 (8928638)|HEAP_ALLOCATE|[163]|Bytes:28
15:09:14.0 (8936629)|VARIABLE_SCOPE_BEGIN|[163]|PSetName|PermissionSet|true|false
15:09:14.0 (8957846)|VARIABLE_ASSIGNMENT|[163]|PSetName|{"s":1,"v":{"Id":"0PS36000000mmnTGAQ","Label":"00e1a000000MWaEAAW","Name":"X00e1a000000MWaEAAW","NamespacePrefix":"shiva15testns","UserLicenseId":"10036000000eSq5AAE","CreatedDate":"2016-03-08T19:00:02.000Z"}}|0x35c4ec88
15:09:14.0 (8962268)|STATEMENT_EXECUTE|[163]
15:09:14.0 (8982648)|ENTERING_MANAGED_PKG|
15:09:14.0 (8992027)|STATEMENT_EXECUTE|[164]
15:09:14.0 (9001837)|HEAP_ALLOCATE|[163]|Bytes:5
15:09:14.0 (9022104)|HEAP_ALLOCATE|[163]|Bytes:28
15:09:14.0 (9030079)|VARIABLE_SCOPE_BEGIN|[163]|PSetName|PermissionSet|true|false
15:09:14.0 (9050627)|VARIABLE_ASSIGNMENT|[163]|PSetName|{"s":1,"v":{"Id":"0PS36000000mmnUGAQ","Label":"00e1a000000MWaFAAW","Name":"X00e1a000000MWaFAAW","NamespacePrefix":"shiva15testns","UserLicenseId":"10036000000eSq6AAE","CreatedDate":"2016-03-08T19:00:02.000Z"}}|0x5a51c73d
15:09:14.0 (9054921)|STATEMENT_EXECUTE|[163]
15:09:14.0 (9079569)|ENTERING_MANAGED_PKG|
15:09:14.0 (9089263)|STATEMENT_EXECUTE|[164]
15:09:14.0 (9099263)|HEAP_ALLOCATE|[163]|Bytes:5
15:09:14.0 (9119025)|HEAP_ALLOCATE|[163]|Bytes:28
15:09:14.0 (9126734)|VARIABLE_SCOPE_BEGIN|[163]|PSetName|PermissionSet|true|false
15:09:14.0 (9147712)|VARIABLE_ASSIGNMENT|[163]|PSetName|{"s":1,"v":{"Id":"0PS36000000mmnVGAQ","Label":"00e1a000000MWaGAAW","Name":"X00e1a000000MWaGAAW","NamespacePrefix":"shiva15testns","UserLicenseId":"10036000000eSq7AAE","CreatedDate":"2016-03-08T19:00:02.000Z"}}|0xa79cf6a
15:09:14.0 (9151812)|STATEMENT_EXECUTE|[163]
15:09:14.0 (9172320)|ENTERING_MANAGED_PKG|
15:09:14.0 (9182268)|STATEMENT_EXECUTE|[164]
15:09:14.0 (9192058)|HEAP_ALLOCATE|[163]|Bytes:5
15:09:14.0 (9211270)|HEAP_ALLOCATE|[163]|Bytes:28
15:09:14.0 (9218935)|VARIABLE_SCOPE_BEGIN|[163]|PSetName|PermissionSet|true|false
15:09:14.0 (9239660)|VARIABLE_ASSIGNMENT|[163]|PSetName|{"s":1,"v":{"Id":"0PS36000000mmnWGAQ","Label":"00e1a000000MWaHAAW","Name":"X00e1a000000MWaHAAW","NamespacePrefix":"shiva15testns","UserLicenseId":"10036000000eSq8AAE","CreatedDate":"2016-03-08T19:00:02.000Z"}}|0x3857be15
15:09:14.0 (9243841)|STATEMENT_EXECUTE|[163]
15:09:14.0 (9264200)|ENTERING_MANAGED_PKG|
15:09:14.0 (9273612)|STATEMENT_EXECUTE|[164]
15:09:14.0 (9283404)|HEAP_ALLOCATE|[163]|Bytes:5
15:09:14.0 (9302543)|HEAP_ALLOCATE|[163]|Bytes:28
15:09:14.0 (9310252)|VARIABLE_SCOPE_BEGIN|[163]|PSetName|PermissionSet|true|false
15:09:14.0 (9330960)|VARIABLE_ASSIGNMENT|[163]|PSetName|{"s":1,"v":{"Id":"0PS36000000mmnXGAQ","Label":"00e1a000000MWaIAAW","Name":"X00e1a000000MWaIAAW","NamespacePrefix":"shiva15testns","UserLicenseId":"10036000000eSq9AAE","CreatedDate":"2016-03-08T19:00:02.000Z"}}|0x2a65b53b
15:09:14.0 (9335040)|STATEMENT_EXECUTE|[163]
15:09:14.0 (9355318)|ENTERING_MANAGED_PKG|
15:09:14.0 (9364648)|STATEMENT_EXECUTE|[164]
15:09:14.0 (9374494)|HEAP_ALLOCATE|[163]|Bytes:5
15:09:14.0 (9393657)|HEAP_ALLOCATE|[163]|Bytes:28
15:09:14.0 (9401416)|VARIABLE_SCOPE_BEGIN|[163]|PSetName|PermissionSet|true|false
15:09:14.0 (9422238)|VARIABLE_ASSIGNMENT|[163]|PSetName|{"s":1,"v":{"Id":"0PS36000000mmnYGAQ","Label":"00e1a000000MWaJAAW","Name":"X00e1a000000MWaJAAW","NamespacePrefix":"shiva15testns","UserLicenseId":"10036000000eSqAAAU","CreatedDate":"2016-03-08T19:00:02.000Z"}}|0x7e59e765
15:09:14.0 (9426698)|STATEMENT_EXECUTE|[163]
15:09:14.0 (9447005)|ENTERING_MANAGED_PKG|
15:09:14.0 (9456420)|STATEMENT_EXECUTE|[164]
15:09:14.0 (9466288)|HEAP_ALLOCATE|[163]|Bytes:5
15:09:14.0 (9485811)|HEAP_ALLOCATE|[163]|Bytes:28
15:09:14.0 (9493621)|VARIABLE_SCOPE_BEGIN|[163]|PSetName|PermissionSet|true|false
15:09:14.0 (9514375)|VARIABLE_ASSIGNMENT|[163]|PSetName|{"s":1,"v":{"Id":"0PS36000000mmnZGAQ","Label":"00e1a000000MWaKAAW","Name":"X00e1a000000MWaKAAW","NamespacePrefix":"shiva15testns","UserLicenseId":"10036000000eSqBAAU","CreatedDate":"2016-03-08T19:00:02.000Z"}}|0x3a9f655b
15:09:14.0 (9518689)|STATEMENT_EXECUTE|[163]
15:09:14.0 (9538523)|ENTERING_MANAGED_PKG|
15:09:14.0 (9548455)|STATEMENT_EXECUTE|[164]
15:09:14.0 (9558463)|HEAP_ALLOCATE|[163]|Bytes:5
15:09:14.0 (9577779)|HEAP_ALLOCATE|[163]|Bytes:28
15:09:14.0 (9585683)|VARIABLE_SCOPE_BEGIN|[163]|PSetName|PermissionSet|true|false
15:09:14.0 (9606232)|VARIABLE_ASSIGNMENT|[163]|PSetName|{"s":1,"v":{"Id":"0PS36000000mmnaGAA","Label":"00e1a000000MWaLAAW","Name":"X00e1a000000MWaLAAW","NamespacePrefix":"shiva15testns","UserLicenseId":"10036000000eSqCAAU","CreatedDate":"2016-03-08T19:00:02.000Z"}}|0x3fbdd30b
15:09:14.0 (9610347)|STATEMENT_EXECUTE|[163]
15:09:14.0 (9633691)|ENTERING_MANAGED_PKG|
15:09:14.0 (9643409)|STATEMENT_EXECUTE|[164]
15:09:14.0 (9653340)|HEAP_ALLOCATE|[163]|Bytes:5
15:09:14.0 (9675954)|HEAP_ALLOCATE|[163]|Bytes:28
15:09:14.0 (9684094)|VARIABLE_SCOPE_BEGIN|[163]|PSetName|PermissionSet|true|false
15:09:14.0 (9705323)|VARIABLE_ASSIGNMENT|[163]|PSetName|{"s":1,"v":{"Id":"0PS36000000mmnbGAA","Label":"00e1a000000MWaMAAW","Name":"X00e1a000000MWaMAAW","NamespacePrefix":"shiva15testns","UserLicenseId":"10036000000eSqDAAU","CreatedDate":"2016-03-08T19:00:02.000Z"}}|0x38f665aa
15:09:14.0 (9709070)|STATEMENT_EXECUTE|[163]
15:09:14.0 (9729446)|ENTERING_MANAGED_PKG|
15:09:14.0 (9739037)|STATEMENT_EXECUTE|[164]
15:09:14.0 (9749468)|HEAP_ALLOCATE|[163]|Bytes:5
15:09:14.0 (9772106)|HEAP_ALLOCATE|[163]|Bytes:28
15:09:14.0 (9780781)|VARIABLE_SCOPE_BEGIN|[163]|PSetName|PermissionSet|true|false
15:09:14.0 (9823703)|VARIABLE_ASSIGNMENT|[163]|PSetName|{"s":1,"v":{"Id":"0PS36000000mmncGAA","Label":"00e1a000000MWaNAAW","Name":"X00e1a000000MWaNAAW","NamespacePrefix":"shiva15testns","UserLicenseId":"10036000000eSqEAAU","CreatedDate":"2016-03-08T19:00:02.000Z"}}|0x9a5cf1e
15:09:14.0 (9832310)|STATEMENT_EXECUTE|[163]
15:09:14.0 (9865512)|ENTERING_MANAGED_PKG|
15:09:14.0 (9881583)|STATEMENT_EXECUTE|[164]
15:09:14.0 (9893471)|HEAP_ALLOCATE|[163]|Bytes:5
15:09:14.0 (9917536)|HEAP_ALLOCATE|[163]|Bytes:28
15:09:14.0 (9926209)|VARIABLE_SCOPE_BEGIN|[163]|PSetName|PermissionSet|true|false
15:09:14.0 (9948723)|VARIABLE_ASSIGNMENT|[163]|PSetName|{"s":1,"v":{"Id":"0PS36000000mmndGAA","Label":"00e1a000000MWaOAAW","Name":"X00e1a000000MWaOAAW","NamespacePrefix":"shiva15testns","UserLicenseId":"10036000000eSqFAAU","CreatedDate":"2016-03-08T19:00:02.000Z"}}|0x48d1c6cc
15:09:14.0 (9953450)|STATEMENT_EXECUTE|[163]
15:09:14.0 (9974570)|ENTERING_MANAGED_PKG|
15:09:14.0 (9984291)|STATEMENT_EXECUTE|[164]
15:09:14.0 (9994142)|HEAP_ALLOCATE|[163]|Bytes:5
15:09:14.0 (10013711)|HEAP_ALLOCATE|[163]|Bytes:28
15:09:14.0 (10022453)|VARIABLE_SCOPE_BEGIN|[163]|PSetName|PermissionSet|true|false
15:09:14.0 (10043765)|VARIABLE_ASSIGNMENT|[163]|PSetName|{"s":1,"v":{"Id":"0PS36000000mmneGAA","Label":"00e1a000000MWaPAAW","Name":"X00e1a000000MWaPAAW","NamespacePrefix":"shiva15testns","UserLicenseId":"10036000000eSqGAAU","CreatedDate":"2016-03-08T19:00:02.000Z"}}|0x19a57156
15:09:14.0 (10048633)|STATEMENT_EXECUTE|[163]
15:09:14.0 (10073075)|ENTERING_MANAGED_PKG|
15:09:14.0 (10082897)|STATEMENT_EXECUTE|[164]
15:09:14.0 (10092956)|HEAP_ALLOCATE|[163]|Bytes:5
15:09:14.0 (10112842)|HEAP_ALLOCATE|[163]|Bytes:28
15:09:14.0 (10120604)|VARIABLE_SCOPE_BEGIN|[163]|PSetName|PermissionSet|true|false
15:09:14.0 (10141999)|VARIABLE_ASSIGNMENT|[163]|PSetName|{"s":1,"v":{"Id":"0PS36000000mmnfGAA","Label":"00e1a000000MWaQAAW","Name":"X00e1a000000MWaQAAW","NamespacePrefix":"shiva15testns","UserLicenseId":"10036000000eSqHAAU","CreatedDate":"2016-03-08T19:00:02.000Z"}}|0x12f58cfd
15:09:14.0 (10145978)|STATEMENT_EXECUTE|[163]
15:09:14.0 (10166290)|ENTERING_MANAGED_PKG|
15:09:14.0 (10175717)|STATEMENT_EXECUTE|[164]
15:09:14.0 (10185498)|HEAP_ALLOCATE|[163]|Bytes:5
15:09:14.0 (10225628)|HEAP_ALLOCATE|[163]|Bytes:28
15:09:14.0 (10235809)|VARIABLE_SCOPE_BEGIN|[163]|PSetName|PermissionSet|true|false
15:09:14.0 (10258213)|VARIABLE_ASSIGNMENT|[163]|PSetName|{"s":1,"v":{"Id":"0PS36000000mmngGAA","Label":"00e1a000000MWaRAAW","Name":"X00e1a000000MWaRAAW","NamespacePrefix":"shiva15testns","UserLicenseId":"10036000000eSqIAAU","CreatedDate":"2016-03-08T19:00:02.000Z"}}|0x350f6c82
15:09:14.0 (10262488)|STATEMENT_EXECUTE|[163]
15:09:14.0 (10283803)|ENTERING_MANAGED_PKG|
15:09:14.0 (10293443)|STATEMENT_EXECUTE|[164]
15:09:14.0 (10303580)|HEAP_ALLOCATE|[163]|Bytes:5
15:09:14.0 (10323564)|HEAP_ALLOCATE|[163]|Bytes:28
15:09:14.0 (10331478)|VARIABLE_SCOPE_BEGIN|[163]|PSetName|PermissionSet|true|false
15:09:14.0 (10352423)|VARIABLE_ASSIGNMENT|[163]|PSetName|{"s":1,"v":{"Id":"0PS36000000mmnhGAA","Label":"00e1a000000MWaSAAW","Name":"X00e1a000000MWaSAAW","NamespacePrefix":"shiva15testns","UserLicenseId":"10036000000eSqJAAU","CreatedDate":"2016-03-08T19:00:02.000Z"}}|0x73ae2b49
15:09:14.0 (10356956)|STATEMENT_EXECUTE|[163]
15:09:14.0 (10377463)|ENTERING_MANAGED_PKG|
15:09:14.0 (10387016)|STATEMENT_EXECUTE|[164]
15:09:14.0 (10397370)|HEAP_ALLOCATE|[163]|Bytes:5
15:09:14.0 (10416832)|HEAP_ALLOCATE|[163]|Bytes:28
15:09:14.0 (10424528)|VARIABLE_SCOPE_BEGIN|[163]|PSetName|PermissionSet|true|false
15:09:14.0 (10445738)|VARIABLE_ASSIGNMENT|[163]|PSetName|{"s":1,"v":{"Id":"0PS36000000mmniGAA","Label":"00e1a000000MWaTAAW","Name":"X00e1a000000MWaTAAW","NamespacePrefix":"shiva15testns","UserLicenseId":"10036000000eSqJAAU","CreatedDate":"2016-03-08T19:00:02.000Z"}}|0x4133cbab
15:09:14.0 (10449935)|STATEMENT_EXECUTE|[163]
15:09:14.0 (10470230)|ENTERING_MANAGED_PKG|
15:09:14.0 (10479630)|STATEMENT_EXECUTE|[164]
15:09:14.0 (10489392)|HEAP_ALLOCATE|[163]|Bytes:5
15:09:14.0 (10508634)|HEAP_ALLOCATE|[163]|Bytes:28
15:09:14.0 (10516445)|VARIABLE_SCOPE_BEGIN|[163]|PSetName|PermissionSet|true|false
15:09:14.0 (10537197)|VARIABLE_ASSIGNMENT|[163]|PSetName|{"s":1,"v":{"Id":"0PS36000000mmnjGAA","Label":"00e1a000000MWaUAAW","Name":"X00e1a000000MWaUAAW","NamespacePrefix":"shiva15testns","UserLicenseId":"10036000000eSqKAAU","CreatedDate":"2016-03-08T19:00:02.000Z"}}|0x7f1f2514
15:09:14.0 (10541836)|STATEMENT_EXECUTE|[163]
15:09:14.0 (10562192)|ENTERING_MANAGED_PKG|
15:09:14.0 (10571444)|STATEMENT_EXECUTE|[164]
15:09:14.0 (10581378)|HEAP_ALLOCATE|[163]|Bytes:5
15:09:14.0 (10600725)|HEAP_ALLOCATE|[163]|Bytes:28
15:09:14.0 (10608456)|VARIABLE_SCOPE_BEGIN|[163]|PSetName|PermissionSet|true|false
15:09:14.0 (10633761)|VARIABLE_ASSIGNMENT|[163]|PSetName|{"s":1,"v":{"Id":"0PS36000000mmnlGAA","Label":"00e1a000000N1LRAA0","Name":"X00e1a000000N1LRAA0","NamespacePrefix":"shiva15testns","UserLicenseId":"10036000000eSqLAAU","CreatedDate":"2016-03-08T19:00:02.000Z"}}|0x313a3d09
15:09:14.0 (10637938)|STATEMENT_EXECUTE|[163]
15:09:14.0 (10658964)|ENTERING_MANAGED_PKG|
15:09:14.0 (10668597)|STATEMENT_EXECUTE|[164]
15:09:14.0 (10678715)|HEAP_ALLOCATE|[163]|Bytes:5
15:09:14.0 (10698554)|HEAP_ALLOCATE|[163]|Bytes:28
15:09:14.0 (10706396)|VARIABLE_SCOPE_BEGIN|[163]|PSetName|PermissionSet|true|false
15:09:14.0 (10727178)|VARIABLE_ASSIGNMENT|[163]|PSetName|{"s":1,"v":{"Id":"0PS36000000mmnmGAA","Label":"00e1a000000N1LSAA0","Name":"X00e1a000000N1LSAA0","NamespacePrefix":"shiva15testns","UserLicenseId":"10036000000eSqMAAU","CreatedDate":"2016-03-08T19:00:02.000Z"}}|0x33ccac04
15:09:14.0 (10731610)|STATEMENT_EXECUTE|[163]
15:09:14.0 (10751928)|ENTERING_MANAGED_PKG|
15:09:14.0 (10761362)|STATEMENT_EXECUTE|[164]
15:09:14.0 (10771155)|HEAP_ALLOCATE|[163]|Bytes:5
15:09:14.0 (10790582)|HEAP_ALLOCATE|[163]|Bytes:28
15:09:14.0 (10798417)|VARIABLE_SCOPE_BEGIN|[163]|PSetName|PermissionSet|true|false
15:09:14.0 (10819334)|VARIABLE_ASSIGNMENT|[163]|PSetName|{"s":1,"v":{"Id":"0PS36000000mmnnGAA","Label":"00e1a000000N1wKAAS","Name":"X00e1a000000N1wKAAS","NamespacePrefix":"shiva15testns","UserLicenseId":"10036000000eSqNAAU","CreatedDate":"2016-03-08T19:00:02.000Z"}}|0x6cfd5745
15:09:14.0 (10823134)|STATEMENT_EXECUTE|[163]
15:09:14.0 (10843159)|ENTERING_MANAGED_PKG|
15:09:14.0 (10852600)|STATEMENT_EXECUTE|[164]
15:09:14.0 (10866422)|HEAP_ALLOCATE|[163]|Bytes:5
15:09:14.0 (10887930)|HEAP_ALLOCATE|[163]|Bytes:28
15:09:14.0 (10896190)|VARIABLE_SCOPE_BEGIN|[163]|PSetName|PermissionSet|true|false
15:09:14.0 (10917011)|VARIABLE_ASSIGNMENT|[163]|PSetName|{"s":1,"v":{"Id":"0PS36000000mmnoGAA","Label":"00e1a000000N1wLAAS","Name":"X00e1a000000N1wLAAS","NamespacePrefix":"shiva15testns","UserLicenseId":"10036000000eSqNAAU","CreatedDate":"2016-03-08T19:00:02.000Z"}}|0x6a4ce84b
15:09:14.0 (10921065)|STATEMENT_EXECUTE|[163]
15:09:14.0 (10941586)|ENTERING_MANAGED_PKG|
15:09:14.0 (10951003)|STATEMENT_EXECUTE|[164]
15:09:14.0 (10960728)|HEAP_ALLOCATE|[163]|Bytes:5
15:09:14.0 (10980115)|HEAP_ALLOCATE|[163]|Bytes:28
15:09:14.0 (10988062)|VARIABLE_SCOPE_BEGIN|[163]|PSetName|PermissionSet|true|false
15:09:14.0 (11008743)|VARIABLE_ASSIGNMENT|[163]|PSetName|{"s":1,"v":{"Id":"0PS36000000mmnqGAA","Label":"00e1a000000MWaAAAW","Name":"X00e1a000000MWaAAAW","NamespacePrefix":"shiva15testns","UserLicenseId":"10036000000eSq1AAE","CreatedDate":"2016-03-08T19:00:02.000Z"}}|0xa7e527e
15:09:14.0 (11013542)|STATEMENT_EXECUTE|[163]
15:09:14.0 (11034020)|ENTERING_MANAGED_PKG|
15:09:14.0 (11043388)|STATEMENT_EXECUTE|[164]
15:09:14.0 (11053176)|HEAP_ALLOCATE|[163]|Bytes:5
15:09:14.0 (11076957)|HEAP_ALLOCATE|[163]|Bytes:32
15:09:14.0 (11085217)|VARIABLE_SCOPE_BEGIN|[163]|PSetName|PermissionSet|true|false
15:09:14.0 (11108770)|VARIABLE_ASSIGNMENT|[163]|PSetName|{"s":1,"v":{"Id":"0PS36000000q71PGAQ","Label":"PermissionSet_Test","Name":"PermissionSet_Test","Description":"This is for testing  (11 more) ...","NamespacePrefix":"shiva15testns","UserLicenseId":"10036000000eSpyAAE","CreatedDate":"2016-03-20T22:41:12.000Z"}}|0x5c8473b9
15:09:14.0 (11113237)|STATEMENT_EXECUTE|[163]
15:09:14.0 (11133860)|ENTERING_MANAGED_PKG|
15:09:14.0 (11143848)|STATEMENT_EXECUTE|[164]
15:09:14.0 (11145542)|STATEMENT_EXECUTE|[166]
15:09:14.0 (11148928)|VARIABLE_SCOPE_BEGIN|[166]|user_License_Name|String|false|false
15:09:14.0 (11155703)|VARIABLE_ASSIGNMENT|[166]|user_License_Name|null
15:09:14.0 (11177985)|STATEMENT_EXECUTE|[167]
15:09:14.0 (11180148)|STATEMENT_EXECUTE|[168]
15:09:14.0 (11185330)|HEAP_ALLOCATE|[168]|Bytes:52
15:09:14.0 (11192832)|HEAP_ALLOCATE|[168]|Bytes:4
15:09:14.0 (11199451)|HEAP_ALLOCATE|[168]|Bytes:7
15:09:14.0 (12108775)|SOQL_EXECUTE_BEGIN|[168]|Aggregations:0|SELECT Id, Name FROM UserLicense WHERE Id = :tmpVar1
15:09:14.0 (19490309)|SOQL_EXECUTE_END|[168]|Rows:1
15:09:14.0 (19518207)|HEAP_ALLOCATE|[168]|Bytes:8
15:09:14.0 (19535605)|HEAP_ALLOCATE|[168]|Bytes:47
15:09:14.0 (19569778)|HEAP_ALLOCATE|[168]|Bytes:8
15:09:14.0 (19582920)|HEAP_ALLOCATE|[168]|Bytes:37
15:09:14.0 (19648600)|HEAP_ALLOCATE|[168]|Bytes:12
15:09:14.0 (19659493)|VARIABLE_SCOPE_BEGIN|[168]|ulicense|UserLicense|true|false
15:09:14.0 (19685645)|VARIABLE_ASSIGNMENT|[168]|ulicense|{"s":1,"v":{"Id":"10036000000eSpyAAE","Name":"Salesforce"}}|0x30ca5d92
15:09:14.0 (19689955)|STATEMENT_EXECUTE|[169]
15:09:14.0 (19719556)|VARIABLE_ASSIGNMENT|[169]|user_License_Name|"Salesforce"
15:09:14.0 (19723343)|STATEMENT_EXECUTE|[171]
15:09:14.0 (19731188)|HEAP_ALLOCATE|[171]|Bytes:240
15:09:14.0 (19739822)|HEAP_ALLOCATE|[171]|Bytes:39
15:09:14.0 (19761211)|HEAP_ALLOCATE|[171]|Bytes:32
15:09:14.0 (19818845)|ENTERING_MANAGED_PKG|
15:09:14.0 (19859965)|HEAP_ALLOCATE|[171]|Bytes:18
15:09:14.0 (19934205)|ENTERING_MANAGED_PKG|
15:09:14.0 (19962449)|HEAP_ALLOCATE|[171]|Bytes:19
15:09:14.0 (20006476)|CONSTRUCTOR_ENTRY|[171]|01p36000005Jpvx|<init>(String,String,String,String,String,String,String)
15:09:14.0 (20032056)|VARIABLE_SCOPE_BEGIN|[1105]|this|shiva15testns.PermissionSetPortalControllers.PermissionSetClass|true|false
15:09:14.0 (20107112)|VARIABLE_ASSIGNMENT|[1105]|this|{}|0x68020861
15:09:14.0 (20113607)|VARIABLE_SCOPE_BEGIN|[1105]|label|String|false|false
15:09:14.0 (20119650)|VARIABLE_ASSIGNMENT|[1105]|label|"PermissionSet_Test"
15:09:14.0 (20122900)|VARIABLE_SCOPE_BEGIN|[1105]|apiName|String|false|false
15:09:14.0 (20126357)|VARIABLE_ASSIGNMENT|[1105]|apiName|"PermissionSet_Test"
15:09:14.0 (20129097)|VARIABLE_SCOPE_BEGIN|[1105]|id|String|false|false
15:09:14.0 (20132561)|VARIABLE_ASSIGNMENT|[1105]|id|"0PS36000000q71PGAQ"
15:09:14.0 (20135251)|VARIABLE_SCOPE_BEGIN|[1105]|description|String|false|false
15:09:14.0 (20140279)|VARIABLE_ASSIGNMENT|[1105]|description|"This is for testing  (11 more) ..."
15:09:14.0 (20143269)|VARIABLE_SCOPE_BEGIN|[1105]|namespacePrefix|String|false|false
15:09:14.0 (20146990)|VARIABLE_ASSIGNMENT|[1105]|namespacePrefix|"shiva15testns"
15:09:14.0 (20149742)|VARIABLE_SCOPE_BEGIN|[1105]|userLicenseId|String|false|false
15:09:14.0 (20152915)|VARIABLE_ASSIGNMENT|[1105]|userLicenseId|"Salesforce"
15:09:14.0 (20155620)|VARIABLE_SCOPE_BEGIN|[1105]|createdDate|String|false|false
15:09:14.0 (20159226)|VARIABLE_ASSIGNMENT|[1105]|createdDate|"2016-03-20 15:41:12"
15:09:14.0 (20163146)|STATEMENT_EXECUTE|[1088]
15:09:14.0 (20164636)|STATEMENT_EXECUTE|[1091]
15:09:14.0 (20166162)|STATEMENT_EXECUTE|[1093]
15:09:14.0 (20167169)|STATEMENT_EXECUTE|[1095]
15:09:14.0 (20168334)|STATEMENT_EXECUTE|[1097]
15:09:14.0 (20169517)|STATEMENT_EXECUTE|[1099]
15:09:14.0 (20170655)|STATEMENT_EXECUTE|[1101]
15:09:14.0 (20171694)|STATEMENT_EXECUTE|[1103]
15:09:14.0 (20182689)|HEAP_ALLOCATE|[1107]|Bytes:6
15:09:14.0 (20218391)|STATEMENT_EXECUTE|[1106]
15:09:14.0 (20220563)|STATEMENT_EXECUTE|[1107]
15:09:14.0 (20310532)|VARIABLE_ASSIGNMENT|[EXTERNAL]|this|{}|0x68020861
15:09:14.0 (20320804)|VARIABLE_ASSIGNMENT|[EXTERNAL]|value|"PermissionSet_Test"
15:09:14.0 (20332778)|VARIABLE_ASSIGNMENT|[1091]|this.label|"PermissionSet_Test"|0x68020861
15:09:14.0 (20340910)|STATEMENT_EXECUTE|[1108]
15:09:14.0 (20395317)|VARIABLE_ASSIGNMENT|[EXTERNAL]|this|{"label":"PermissionSet_Test"}|0x68020861
15:09:14.0 (20403339)|VARIABLE_ASSIGNMENT|[EXTERNAL]|value|"PermissionSet_Test"
15:09:14.0 (20412082)|VARIABLE_ASSIGNMENT|[1093]|this.apiName|"PermissionSet_Test"|0x68020861
15:09:14.0 (20419744)|STATEMENT_EXECUTE|[1109]
15:09:14.0 (20472678)|VARIABLE_ASSIGNMENT|[EXTERNAL]|this|{"apiName":"PermissionSet_Test","label":"PermissionSet_Test"}|0x68020861
15:09:14.0 (20481037)|VARIABLE_ASSIGNMENT|[EXTERNAL]|value|"0PS36000000q71PGAQ"
15:09:14.0 (20489423)|VARIABLE_ASSIGNMENT|[1095]|this.id|"0PS36000000q71PGAQ"|0x68020861
15:09:14.0 (20496839)|STATEMENT_EXECUTE|[1110]
15:09:14.0 (20549583)|VARIABLE_ASSIGNMENT|[EXTERNAL]|this|{"apiName":"PermissionSet_Test","id":"0PS36000000q71PGAQ","label":"PermissionSet_Test"}|0x68020861
15:09:14.0 (20560334)|VARIABLE_ASSIGNMENT|[EXTERNAL]|value|"This is for testing  (11 more) ..."
15:09:14.0 (20569980)|VARIABLE_ASSIGNMENT|[1097]|this.description|"This is for testing  (11 more) ..."|0x68020861
15:09:14.0 (20577389)|STATEMENT_EXECUTE|[1111]
15:09:14.0 (20631571)|VARIABLE_ASSIGNMENT|[EXTERNAL]|this|{"apiName":"PermissionSet_Test","description":"This is for testing  (11 more) ...","id":"0PS36000000q71PGAQ","label":"PermissionSet_Test"}|0x68020861
15:09:14.0 (20640935)|VARIABLE_ASSIGNMENT|[EXTERNAL]|value|"shiva15testns"
15:09:14.0 (20649709)|VARIABLE_ASSIGNMENT|[1099]|this.namespacePrefix|"shiva15testns"|0x68020861
15:09:14.0 (20657870)|STATEMENT_EXECUTE|[1112]
15:09:14.0 (20712188)|VARIABLE_ASSIGNMENT|[EXTERNAL]|this|{"apiName":"PermissionSet_Test","description":"This is for testing  (11 more) ...","id":"0PS36000000q71PGAQ","label":"PermissionSet_Test","namespacePrefix":"shiva15testns"}|0x68020861
15:09:14.0 (20721345)|VARIABLE_ASSIGNMENT|[EXTERNAL]|value|"Salesforce"
15:09:14.0 (20729496)|VARIABLE_ASSIGNMENT|[1101]|this.userLicenseId|"Salesforce"|0x68020861
15:09:14.0 (20736911)|STATEMENT_EXECUTE|[1113]
15:09:14.0 (20792294)|VARIABLE_ASSIGNMENT|[EXTERNAL]|this|{"apiName":"PermissionSet_Test","description":"This is for testing  (11 more) ...","id":"0PS36000000q71PGAQ","label":"PermissionSet_Test","namespacePrefix":"shiva15testns","userLicenseId":"Salesforce"}|0x68020861
15:09:14.0 (20801552)|VARIABLE_ASSIGNMENT|[EXTERNAL]|value|"2016-03-20 15:41:12"
15:09:14.0 (20810082)|VARIABLE_ASSIGNMENT|[1103]|this.createdDate|"2016-03-20 15:41:12"|0x68020861
15:09:14.0 (20831656)|CONSTRUCTOR_EXIT|[171]|01p36000005Jpvx|<init>(String,String,String,String,String,String,String)
15:09:14.0 (20873892)|VARIABLE_ASSIGNMENT|[171]|pSetObj|{"apiName":"PermissionSet_Test","createdDate":"2016-03-20 15:41:12","description":"This is for testing  (11 more) ...","id":"0PS36000000q71PGAQ","label":"PermissionSet_Test","namespacePrefix":"shiva15testns","userLicenseId":"Salesforce"}|0x68020861
15:09:14.0 (20881600)|STATEMENT_EXECUTE|[173]
15:09:14.0 (20900921)|ENTERING_MANAGED_PKG|
15:09:14.0 (20932135)|HEAP_ALLOCATE|[EXTERNAL]|Bytes:4
15:09:14.0 (20941523)|STATEMENT_EXECUTE|[174]
15:09:14.0 (21240315)|HEAP_ALLOCATE|[174]|Bytes:24
15:09:14.0 (21263813)|ENTERING_MANAGED_PKG|
15:09:14.0 (21342953)|HEAP_ALLOCATE|[174]|Bytes:231
15:09:14.0 (21393596)|HEAP_ALLOCATE|[174]|Bytes:255
15:09:14.0 (21419398)|ENTERING_MANAGED_PKG|
15:09:14.0 (21443801)|USER_DEBUG|[174]|ERROR|The PermissionSet Name: PermissionSet:{Id=0PS36000000q71PGAQ, Label=PermissionSet_Test, Name=PermissionSet_Test, Description=This is for testing Description, NamespacePrefix=shiva15testns, UserLicenseId=10036000000eSpyAAE, CreatedDate=2016-03-20 22:41:12}
15:09:14.0 (21465158)|HEAP_ALLOCATE|[163]|Bytes:5
15:09:14.0 (21517576)|HEAP_ALLOCATE|[163]|Bytes:32
15:09:14.0 (21528374)|VARIABLE_SCOPE_BEGIN|[163]|PSetName|PermissionSet|true|false
15:09:14.0 (21565709)|VARIABLE_ASSIGNMENT|[163]|PSetName|{"s":1,"v":{"Id":"0PS360000017KxHGAU","Label":"Final_Test","Name":"Final_Test","Description":"Descp","NamespacePrefix":"shiva15testns","UserLicenseId":"10036000000eSpyAAE","CreatedDate":"2016-05-04T00:16:41.000Z"}}|0x5a454013
15:09:14.0 (21570661)|STATEMENT_EXECUTE|[163]
15:09:14.0 (21594893)|ENTERING_MANAGED_PKG|
15:09:14.0 (21605793)|STATEMENT_EXECUTE|[164]
15:09:14.0 (21607417)|STATEMENT_EXECUTE|[166]
15:09:14.0 (21610913)|VARIABLE_SCOPE_BEGIN|[166]|user_License_Name|String|false|false
15:09:14.0 (21618151)|VARIABLE_ASSIGNMENT|[166]|user_License_Name|null
15:09:14.0 (21625342)|STATEMENT_EXECUTE|[167]
15:09:14.0 (21626580)|STATEMENT_EXECUTE|[168]
15:09:14.0 (21631927)|HEAP_ALLOCATE|[168]|Bytes:4
15:09:14.0 (21933867)|SOQL_EXECUTE_BEGIN|[168]|Aggregations:0|SELECT Id, Name FROM UserLicense WHERE Id = :tmpVar1
15:09:14.0 (24077635)|SOQL_EXECUTE_END|[168]|Rows:1
15:09:14.0 (24097657)|HEAP_ALLOCATE|[168]|Bytes:8
15:09:14.0 (24112667)|HEAP_ALLOCATE|[168]|Bytes:47
15:09:14.0 (24130819)|HEAP_ALLOCATE|[168]|Bytes:8
15:09:14.0 (24161196)|HEAP_ALLOCATE|[168]|Bytes:12
15:09:14.0 (24173549)|VARIABLE_SCOPE_BEGIN|[168]|ulicense|UserLicense|true|false
15:09:14.0 (24194165)|VARIABLE_ASSIGNMENT|[168]|ulicense|{"s":1,"v":{"Id":"10036000000eSpyAAE","Name":"Salesforce"}}|0x54c2ed1c
15:09:14.0 (24199656)|STATEMENT_EXECUTE|[169]
15:09:14.0 (24220967)|VARIABLE_ASSIGNMENT|[169]|user_License_Name|"Salesforce"
15:09:14.0 (24224827)|STATEMENT_EXECUTE|[171]
15:09:14.0 (24230272)|HEAP_ALLOCATE|[171]|Bytes:32
15:09:14.0 (24255160)|ENTERING_MANAGED_PKG|
15:09:14.0 (24259976)|HEAP_ALLOCATE|[171]|Bytes:18
15:09:14.0 (24286079)|ENTERING_MANAGED_PKG|
15:09:14.0 (24301790)|HEAP_ALLOCATE|[171]|Bytes:19
15:09:14.0 (24320786)|CONSTRUCTOR_ENTRY|[171]|01p36000005Jpvx|<init>(String,String,String,String,String,String,String)
15:09:14.0 (24326956)|VARIABLE_SCOPE_BEGIN|[1105]|this|shiva15testns.PermissionSetPortalControllers.PermissionSetClass|true|false
15:09:14.0 (24349993)|VARIABLE_ASSIGNMENT|[1105]|this|{}|0x7ff8b1d7
15:09:14.0 (24353582)|VARIABLE_SCOPE_BEGIN|[1105]|label|String|false|false
15:09:14.0 (24358291)|VARIABLE_ASSIGNMENT|[1105]|label|"Final_Test"
15:09:14.0 (24360145)|VARIABLE_SCOPE_BEGIN|[1105]|apiName|String|false|false
15:09:14.0 (24363010)|VARIABLE_ASSIGNMENT|[1105]|apiName|"Final_Test"
15:09:14.0 (24365010)|VARIABLE_SCOPE_BEGIN|[1105]|id|String|false|false
15:09:14.0 (24368144)|VARIABLE_ASSIGNMENT|[1105]|id|"0PS360000017KxHGAU"
15:09:14.0 (24369924)|VARIABLE_SCOPE_BEGIN|[1105]|description|String|false|false
15:09:14.0 (24372877)|VARIABLE_ASSIGNMENT|[1105]|description|"Descp"
15:09:14.0 (24374715)|VARIABLE_SCOPE_BEGIN|[1105]|namespacePrefix|String|false|false
15:09:14.0 (24377624)|VARIABLE_ASSIGNMENT|[1105]|namespacePrefix|"shiva15testns"
15:09:14.0 (24379359)|VARIABLE_SCOPE_BEGIN|[1105]|userLicenseId|String|false|false
15:09:14.0 (24381983)|VARIABLE_ASSIGNMENT|[1105]|userLicenseId|"Salesforce"
15:09:14.0 (24383688)|VARIABLE_SCOPE_BEGIN|[1105]|createdDate|String|false|false
15:09:14.0 (24386693)|VARIABLE_ASSIGNMENT|[1105]|createdDate|"2016-05-03 17:16:41"
15:09:14.0 (24389572)|STATEMENT_EXECUTE|[1088]
15:09:14.0 (24390998)|STATEMENT_EXECUTE|[1091]
15:09:14.0 (24392363)|STATEMENT_EXECUTE|[1093]
15:09:14.0 (24393345)|STATEMENT_EXECUTE|[1095]
15:09:14.0 (24394466)|STATEMENT_EXECUTE|[1097]
15:09:14.0 (24395595)|STATEMENT_EXECUTE|[1099]
15:09:14.0 (24396635)|STATEMENT_EXECUTE|[1101]
15:09:14.0 (24397632)|STATEMENT_EXECUTE|[1103]
15:09:14.0 (24410156)|STATEMENT_EXECUTE|[1106]
15:09:14.0 (24411709)|STATEMENT_EXECUTE|[1107]
15:09:14.0 (24433686)|VARIABLE_ASSIGNMENT|[EXTERNAL]|this|{}|0x7ff8b1d7
15:09:14.0 (24439170)|VARIABLE_ASSIGNMENT|[EXTERNAL]|value|"Final_Test"
15:09:14.0 (24446799)|VARIABLE_ASSIGNMENT|[1091]|this.label|"Final_Test"|0x7ff8b1d7
15:09:14.0 (24452874)|STATEMENT_EXECUTE|[1108]
15:09:14.0 (24476975)|VARIABLE_ASSIGNMENT|[EXTERNAL]|this|{"label":"Final_Test"}|0x7ff8b1d7
15:09:14.0 (24482049)|VARIABLE_ASSIGNMENT|[EXTERNAL]|value|"Final_Test"
15:09:14.0 (24488448)|VARIABLE_ASSIGNMENT|[1093]|this.apiName|"Final_Test"|0x7ff8b1d7
15:09:14.0 (24494287)|STATEMENT_EXECUTE|[1109]
15:09:14.0 (24514696)|VARIABLE_ASSIGNMENT|[EXTERNAL]|this|{"apiName":"Final_Test","label":"Final_Test"}|0x7ff8b1d7
15:09:14.0 (24519756)|VARIABLE_ASSIGNMENT|[EXTERNAL]|value|"0PS360000017KxHGAU"
15:09:14.0 (24525825)|VARIABLE_ASSIGNMENT|[1095]|this.id|"0PS360000017KxHGAU"|0x7ff8b1d7
15:09:14.0 (24531229)|STATEMENT_EXECUTE|[1110]
15:09:14.0 (24550907)|VARIABLE_ASSIGNMENT|[EXTERNAL]|this|{"apiName":"Final_Test","id":"0PS360000017KxHGAU","label":"Final_Test"}|0x7ff8b1d7
15:09:14.0 (24556136)|VARIABLE_ASSIGNMENT|[EXTERNAL]|value|"Descp"
15:09:14.0 (24561912)|VARIABLE_ASSIGNMENT|[1097]|this.description|"Descp"|0x7ff8b1d7
15:09:14.0 (24567153)|STATEMENT_EXECUTE|[1111]
15:09:14.0 (24604135)|VARIABLE_ASSIGNMENT|[EXTERNAL]|this|{"apiName":"Final_Test","description":"Descp","id":"0PS360000017KxHGAU","label":"Final_Test"}|0x7ff8b1d7
15:09:14.0 (24610936)|VARIABLE_ASSIGNMENT|[EXTERNAL]|value|"shiva15testns"
15:09:14.0 (24618208)|VARIABLE_ASSIGNMENT|[1099]|this.namespacePrefix|"shiva15testns"|0x7ff8b1d7
15:09:14.0 (24625239)|STATEMENT_EXECUTE|[1112]
15:09:14.0 (24648158)|VARIABLE_ASSIGNMENT|[EXTERNAL]|this|{"apiName":"Final_Test","description":"Descp","id":"0PS360000017KxHGAU","label":"Final_Test","namespacePrefix":"shiva15testns"}|0x7ff8b1d7
15:09:14.0 (24653452)|VARIABLE_ASSIGNMENT|[EXTERNAL]|value|"Salesforce"
15:09:14.0 (24659433)|VARIABLE_ASSIGNMENT|[1101]|this.userLicenseId|"Salesforce"|0x7ff8b1d7
15:09:14.0 (24664908)|STATEMENT_EXECUTE|[1113]
15:09:14.0 (24686965)|VARIABLE_ASSIGNMENT|[EXTERNAL]|this|{"apiName":"Final_Test","description":"Descp","id":"0PS360000017KxHGAU","label":"Final_Test","namespacePrefix":"shiva15testns","userLicenseId":"Salesforce"}|0x7ff8b1d7
15:09:14.0 (24692696)|VARIABLE_ASSIGNMENT|[EXTERNAL]|value|"2016-05-03 17:16:41"
15:09:14.0 (24699166)|VARIABLE_ASSIGNMENT|[1103]|this.createdDate|"2016-05-03 17:16:41"|0x7ff8b1d7
15:09:14.0 (24712371)|CONSTRUCTOR_EXIT|[171]|01p36000005Jpvx|<init>(String,String,String,String,String,String,String)
15:09:14.0 (24733895)|VARIABLE_ASSIGNMENT|[171]|pSetObj|{"apiName":"Final_Test","createdDate":"2016-05-03 17:16:41","description":"Descp","id":"0PS360000017KxHGAU","label":"Final_Test","namespacePrefix":"shiva15testns","userLicenseId":"Salesforce"}|0x7ff8b1d7
15:09:14.0 (24737568)|STATEMENT_EXECUTE|[173]
15:09:14.0 (24751970)|ENTERING_MANAGED_PKG|
15:09:14.0 (24761632)|HEAP_ALLOCATE|[EXTERNAL]|Bytes:4
15:09:14.0 (24768500)|STATEMENT_EXECUTE|[174]
15:09:14.0 (24782597)|ENTERING_MANAGED_PKG|
15:09:14.0 (24832706)|HEAP_ALLOCATE|[174]|Bytes:189
15:09:14.0 (24848914)|HEAP_ALLOCATE|[174]|Bytes:213
15:09:14.0 (24863824)|ENTERING_MANAGED_PKG|
15:09:14.0 (24881126)|USER_DEBUG|[174]|ERROR|The PermissionSet Name: PermissionSet:{Id=0PS360000017KxHGAU, Label=Final_Test, Name=Final_Test, Description=Descp, NamespacePrefix=shiva15testns, UserLicenseId=10036000000eSpyAAE, CreatedDate=2016-05-04 00:16:41}
15:09:14.0 (24900466)|HEAP_ALLOCATE|[163]|Bytes:5
15:09:14.0 (24924947)|HEAP_ALLOCATE|[163]|Bytes:24
15:09:14.0 (24933811)|VARIABLE_SCOPE_BEGIN|[163]|PSetName|PermissionSet|true|false
15:09:14.0 (24960063)|VARIABLE_ASSIGNMENT|[163]|PSetName|{"s":1,"v":{"Id":"0PS36000001I6ugGAC","Label":"test_pSet","Name":"test_pSet","NamespacePrefix":"shiva15testns","CreatedDate":"2016-05-19T21:43:36.000Z"}}|0x57c6e5a0
15:09:14.0 (24964423)|STATEMENT_EXECUTE|[163]
15:09:14.0 (24987285)|ENTERING_MANAGED_PKG|
15:09:14.0 (24997730)|STATEMENT_EXECUTE|[164]
15:09:14.0 (24999400)|STATEMENT_EXECUTE|[166]
15:09:14.0 (25002775)|VARIABLE_SCOPE_BEGIN|[166]|user_License_Name|String|false|false
15:09:14.0 (25010312)|VARIABLE_ASSIGNMENT|[166]|user_License_Name|null
15:09:14.0 (25037525)|STATEMENT_EXECUTE|[167]
15:09:14.0 (25039445)|STATEMENT_EXECUTE|[171]
15:09:14.0 (25044370)|HEAP_ALLOCATE|[171]|Bytes:32
15:09:14.0 (25087743)|ENTERING_MANAGED_PKG|
15:09:14.0 (25093789)|HEAP_ALLOCATE|[171]|Bytes:18
15:09:14.0 (25119635)|ENTERING_MANAGED_PKG|
15:09:14.0 (25133451)|HEAP_ALLOCATE|[171]|Bytes:19
15:09:14.0 (25151834)|CONSTRUCTOR_ENTRY|[171]|01p36000005Jpvx|<init>(String,String,String,String,String,String,String)
15:09:14.0 (25157503)|VARIABLE_SCOPE_BEGIN|[1105]|this|shiva15testns.PermissionSetPortalControllers.PermissionSetClass|true|false
15:09:14.0 (25178494)|VARIABLE_ASSIGNMENT|[1105]|this|{}|0x10750e25
15:09:14.0 (25181492)|VARIABLE_SCOPE_BEGIN|[1105]|label|String|false|false
15:09:14.0 (25185744)|VARIABLE_ASSIGNMENT|[1105]|label|"test_pSet"
15:09:14.0 (25187592)|VARIABLE_SCOPE_BEGIN|[1105]|apiName|String|false|false
15:09:14.0 (25190310)|VARIABLE_ASSIGNMENT|[1105]|apiName|"test_pSet"
15:09:14.0 (25192058)|VARIABLE_SCOPE_BEGIN|[1105]|id|String|false|false
15:09:14.0 (25195085)|VARIABLE_ASSIGNMENT|[1105]|id|"0PS36000001I6ugGAC"
15:09:14.0 (25196824)|VARIABLE_SCOPE_BEGIN|[1105]|description|String|false|false
15:09:14.0 (25200982)|VARIABLE_ASSIGNMENT|[1105]|description|null
15:09:14.0 (25202835)|VARIABLE_SCOPE_BEGIN|[1105]|namespacePrefix|String|false|false
15:09:14.0 (25205864)|VARIABLE_ASSIGNMENT|[1105]|namespacePrefix|"shiva15testns"
15:09:14.0 (25207637)|VARIABLE_SCOPE_BEGIN|[1105]|userLicenseId|String|false|false
15:09:14.0 (25210248)|VARIABLE_ASSIGNMENT|[1105]|userLicenseId|null
15:09:14.0 (25211975)|VARIABLE_SCOPE_BEGIN|[1105]|createdDate|String|false|false
15:09:14.0 (25215302)|VARIABLE_ASSIGNMENT|[1105]|createdDate|"2016-05-19 14:43:36"
15:09:14.0 (25218185)|STATEMENT_EXECUTE|[1088]
15:09:14.0 (25219420)|STATEMENT_EXECUTE|[1091]
15:09:14.0 (25220757)|STATEMENT_EXECUTE|[1093]
15:09:14.0 (25221887)|STATEMENT_EXECUTE|[1095]
15:09:14.0 (25222877)|STATEMENT_EXECUTE|[1097]
15:09:14.0 (25223899)|STATEMENT_EXECUTE|[1099]
15:09:14.0 (25224909)|STATEMENT_EXECUTE|[1101]
15:09:14.0 (25225912)|STATEMENT_EXECUTE|[1103]
15:09:14.0 (25240547)|STATEMENT_EXECUTE|[1106]
15:09:14.0 (25242156)|STATEMENT_EXECUTE|[1107]
15:09:14.0 (25263952)|VARIABLE_ASSIGNMENT|[EXTERNAL]|this|{}|0x10750e25
15:09:14.0 (25269665)|VARIABLE_ASSIGNMENT|[EXTERNAL]|value|"test_pSet"
15:09:14.0 (25276816)|VARIABLE_ASSIGNMENT|[1091]|this.label|"test_pSet"|0x10750e25
15:09:14.0 (25282706)|STATEMENT_EXECUTE|[1108]
15:09:14.0 (25301761)|VARIABLE_ASSIGNMENT|[EXTERNAL]|this|{"label":"test_pSet"}|0x10750e25
15:09:14.0 (25306410)|VARIABLE_ASSIGNMENT|[EXTERNAL]|value|"test_pSet"
15:09:14.0 (25312318)|VARIABLE_ASSIGNMENT|[1093]|this.apiName|"test_pSet"|0x10750e25
15:09:14.0 (25317962)|STATEMENT_EXECUTE|[1109]
15:09:14.0 (25337262)|VARIABLE_ASSIGNMENT|[EXTERNAL]|this|{"apiName":"test_pSet","label":"test_pSet"}|0x10750e25
15:09:14.0 (25342214)|VARIABLE_ASSIGNMENT|[EXTERNAL]|value|"0PS36000001I6ugGAC"
15:09:14.0 (25348274)|VARIABLE_ASSIGNMENT|[1095]|this.id|"0PS36000001I6ugGAC"|0x10750e25
15:09:14.0 (25353733)|STATEMENT_EXECUTE|[1110]
15:09:14.0 (25372893)|VARIABLE_ASSIGNMENT|[EXTERNAL]|this|{"apiName":"test_pSet","id":"0PS36000001I6ugGAC","label":"test_pSet"}|0x10750e25
15:09:14.0 (25378850)|VARIABLE_ASSIGNMENT|[EXTERNAL]|value|null
15:09:14.0 (25384949)|VARIABLE_ASSIGNMENT|[1097]|this.description|null|0x10750e25
15:09:14.0 (25390563)|STATEMENT_EXECUTE|[1111]
15:09:14.0 (25410821)|VARIABLE_ASSIGNMENT|[EXTERNAL]|this|{"apiName":"test_pSet","id":"0PS36000001I6ugGAC","label":"test_pSet"}|0x10750e25
15:09:14.0 (25415774)|VARIABLE_ASSIGNMENT|[EXTERNAL]|value|"shiva15testns"
15:09:14.0 (25421899)|VARIABLE_ASSIGNMENT|[1099]|this.namespacePrefix|"shiva15testns"|0x10750e25
15:09:14.0 (25427298)|STATEMENT_EXECUTE|[1112]
15:09:14.0 (25447163)|VARIABLE_ASSIGNMENT|[EXTERNAL]|this|{"apiName":"test_pSet","id":"0PS36000001I6ugGAC","label":"test_pSet","namespacePrefix":"shiva15testns"}|0x10750e25
15:09:14.0 (25452933)|VARIABLE_ASSIGNMENT|[EXTERNAL]|value|null
15:09:14.0 (25458831)|VARIABLE_ASSIGNMENT|[1101]|this.userLicenseId|null|0x10750e25
15:09:14.0 (25464385)|STATEMENT_EXECUTE|[1113]
15:09:14.0 (25484895)|VARIABLE_ASSIGNMENT|[EXTERNAL]|this|{"apiName":"test_pSet","id":"0PS36000001I6ugGAC","label":"test_pSet","namespacePrefix":"shiva15testns"}|0x10750e25
15:09:14.0 (25490560)|VARIABLE_ASSIGNMENT|[EXTERNAL]|value|"2016-05-19 14:43:36"
15:09:14.0 (25499014)|VARIABLE_ASSIGNMENT|[1103]|this.createdDate|"2016-05-19 14:43:36"|0x10750e25
15:09:14.0 (25512022)|CONSTRUCTOR_EXIT|[171]|01p36000005Jpvx|<init>(String,String,String,String,String,String,String)
15:09:14.0 (25531843)|VARIABLE_ASSIGNMENT|[171]|pSetObj|{"apiName":"test_pSet","createdDate":"2016-05-19 14:43:36","id":"0PS36000001I6ugGAC","label":"test_pSet","namespacePrefix":"shiva15testns"}|0x10750e25
15:09:14.0 (25535288)|STATEMENT_EXECUTE|[173]
15:09:14.0 (25548346)|ENTERING_MANAGED_PKG|
15:09:14.0 (25557337)|HEAP_ALLOCATE|[EXTERNAL]|Bytes:4
15:09:14.0 (25563928)|STATEMENT_EXECUTE|[174]
15:09:14.0 (25577475)|ENTERING_MANAGED_PKG|
15:09:14.0 (25615272)|HEAP_ALLOCATE|[174]|Bytes:134
15:09:14.0 (25630554)|HEAP_ALLOCATE|[174]|Bytes:158
15:09:14.0 (25642424)|ENTERING_MANAGED_PKG|
15:09:14.0 (25658041)|USER_DEBUG|[174]|ERROR|The PermissionSet Name: PermissionSet:{Id=0PS36000001I6ugGAC, Label=test_pSet, Name=test_pSet, NamespacePrefix=shiva15testns, CreatedDate=2016-05-19 21:43:36}
15:09:14.0 (25676125)|HEAP_ALLOCATE|[163]|Bytes:5
15:09:14.0 (25689964)|VARIABLE_ASSIGNMENT|[163]|PSetName|null|
15:09:14.0 (25693643)|STATEMENT_EXECUTE|[177]
15:09:14.0 (25705887)|SYSTEM_MODE_EXIT|false
15:09:14.25 (25755596)|CUMULATIVE_LIMIT_USAGE
15:09:14.25 (25755596)|LIMIT_USAGE_FOR_NS|(default)|
  Number of SOQL queries: 0 out of 100
  Number of query rows: 0 out of 50000
  Number of SOSL queries: 0 out of 20
  Number of DML statements: 0 out of 150
  Number of DML rows: 0 out of 10000
  Maximum CPU time: 0 out of 10000
  Maximum heap size: 0 out of 6000000
  Number of callouts: 0 out of 100
  Number of Email Invocations: 0 out of 10
  Number of future calls: 0 out of 50
  Number of queueable jobs added to the queue: 0 out of 50
  Number of Mobile Apex push calls: 0 out of 10

15:09:14.25 (25755596)|LIMIT_USAGE_FOR_NS|shiva15testns|
  Number of SOQL queries: 3 out of 100
  Number of query rows: 41 out of 50000
  Number of SOSL queries: 0 out of 20
  Number of DML statements: 0 out of 150
  Number of DML rows: 0 out of 10000
  Maximum CPU time: 0 out of 10000
  Maximum heap size: 0 out of 6000000
  Number of callouts: 0 out of 100
  Number of Email Invocations: 0 out of 10
  Number of future calls: 0 out of 50
  Number of queueable jobs added to the queue: 0 out of 50
  Number of Mobile Apex push calls: 0 out of 10

15:09:14.25 (25755596)|CUMULATIVE_LIMIT_USAGE_END

15:09:14.0 (25825746)|CODE_UNIT_FINISHED|PermissionSetPortalControllers.getAllPermissionSets
15:09:14.0 (27632308)|EXECUTION_FINISHED
15:09:14.29 (29968746)|EXECUTION_STARTED
15:09:14.29 (29976517)|CODE_UNIT_STARTED|[EXTERNAL]|Aura
15:09:14.29 (30017736)|CODE_UNIT_FINISHED|Aura
15:09:14.29 (31151922)|EXECUTION_FINISHED
15:09:14.32 (32272410)|EXECUTION_STARTED
15:09:14.32 (32279119)|CODE_UNIT_STARTED|[EXTERNAL]|Aura
15:09:14.32 (32313749)|CODE_UNIT_FINISHED|Aura
15:09:14.32 (33340301)|EXECUTION_FINISHED
15:09:14.34 (34391149)|EXECUTION_STARTED
15:09:14.34 (34397124)|CODE_UNIT_STARTED|[EXTERNAL]|Aura
15:09:14.34 (34427194)|CODE_UNIT_FINISHED|Aura
15:09:14.34 (35396858)|EXECUTION_FINISHED
