36.0 APEX_CODE,FINEST;APEX_PROFILING,INFO;CALLOUT,INFO;DB,INFO;SYSTEM,DEBUG;VALIDATION,INFO;VISUALFORCE,INFO;WORKFLOW,INFO
14:17:50.1 (1064216)|HEAP_ALLOCATE|[72]|Bytes:3
14:17:50.1 (1142903)|HEAP_ALLOCATE|[77]|Bytes:152
14:17:50.1 (1162897)|HEAP_ALLOCATE|[342]|Bytes:408
14:17:50.1 (1180243)|HEAP_ALLOCATE|[355]|Bytes:408
14:17:50.1 (1197059)|HEAP_ALLOCATE|[467]|Bytes:48
14:17:50.3 (3771161)|STATEMENT_EXECUTE|[1]
14:17:50.3 (3808607)|HEAP_ALLOCATE|[50]|Bytes:5
14:17:50.3 (3830972)|HEAP_ALLOCATE|[56]|Bytes:5
14:17:50.3 (3840115)|HEAP_ALLOCATE|[64]|Bytes:7
14:17:50.3 (3864480)|SYSTEM_MODE_ENTER|false
14:17:50.3 (3883036)|HEAP_ALLOCATE|[9]|Bytes:5
14:17:50.3 (3887304)|STATEMENT_EXECUTE|[9]
14:17:50.3 (3894773)|HEAP_ALLOCATE|[9]|Bytes:4
14:17:50.3 (3916125)|ENTERING_MANAGED_PKG|
14:17:50.3 (4017525)|VARIABLE_ASSIGNMENT|[9]|PermissionSetPortalControllers.contactsField|{"s":1,"v":[]}|0x68b4bafd
14:17:50.3 (4024232)|STATEMENT_EXECUTE|[10]
14:17:50.3 (4029768)|HEAP_ALLOCATE|[10]|Bytes:4
14:17:50.3 (4043729)|ENTERING_MANAGED_PKG|
14:17:50.3 (4082407)|VARIABLE_ASSIGNMENT|[10]|PermissionSetPortalControllers.accountField|{"s":1,"v":[]}|0x154f7ae
14:17:50.3 (4087526)|STATEMENT_EXECUTE|[1077]
14:17:50.3 (4089200)|STATEMENT_EXECUTE|[1106]
14:17:50.3 (4090489)|STATEMENT_EXECUTE|[1134]
14:17:50.3 (4091605)|STATEMENT_EXECUTE|[1163]
14:17:50.3 (4092662)|STATEMENT_EXECUTE|[1179]
14:17:50.3 (4093813)|STATEMENT_EXECUTE|[1196]
14:17:50.3 (4094959)|STATEMENT_EXECUTE|[1207]
14:17:50.3 (4096018)|STATEMENT_EXECUTE|[1212]
14:17:50.3 (4102526)|SYSTEM_MODE_EXIT|false
14:17:50.3 (4114430)|METHOD_EXIT|[1]|PermissionSetPortalControllers
14:17:50.3 (4120479)|HEAP_ALLOCATE|[EXTERNAL]|Bytes:125
14:17:50.3 (4127013)|SYSTEM_MODE_ENTER|false
14:17:50.3 (4136041)|VARIABLE_SCOPE_BEGIN|[747]|newly_Created_pSet_as_String|String|false|false
14:17:50.3 (4151804)|VARIABLE_ASSIGNMENT|[747]|newly_Created_pSet_as_String|"{\"label\":\"\",\"apiName (105 more) ..."
14:17:50.3 (4155240)|VARIABLE_SCOPE_BEGIN|[747]|object_Permission_Changes_as_String|String|false|false
14:17:50.3 (4159490)|VARIABLE_ASSIGNMENT|[747]|object_Permission_Changes_as_String|null
14:17:50.3 (4162284)|VARIABLE_SCOPE_BEGIN|[747]|recorded_Changes_Obj_as_String|String|false|false
14:17:50.3 (4165084)|VARIABLE_ASSIGNMENT|[747]|recorded_Changes_Obj_as_String|null
14:17:50.3 (4180260)|HEAP_ALLOCATE|[748]|Bytes:5
14:17:50.3 (4184220)|STATEMENT_EXECUTE|[747]
14:17:50.3 (4185712)|STATEMENT_EXECUTE|[748]
14:17:50.3 (4186765)|STATEMENT_EXECUTE|[748]
14:17:50.3 (4187940)|STATEMENT_EXECUTE|[756]
14:17:50.3 (4193641)|VARIABLE_SCOPE_BEGIN|[756]|check_Whether_PSet_isCreated|Boolean|false|false
14:17:50.3 (4197059)|HEAP_ALLOCATE|[756]|Bytes:5
14:17:50.3 (4202440)|VARIABLE_ASSIGNMENT|[756]|check_Whether_PSet_isCreated|false
14:17:50.3 (4204458)|STATEMENT_EXECUTE|[757]
14:17:50.3 (4207052)|VARIABLE_SCOPE_BEGIN|[757]|check_Whether_ChangesIn_Obj_Are_Saved|Boolean|false|false
14:17:50.3 (4210167)|HEAP_ALLOCATE|[757]|Bytes:5
14:17:50.3 (4214009)|VARIABLE_ASSIGNMENT|[757]|check_Whether_ChangesIn_Obj_Are_Saved|false
14:17:50.3 (4216394)|STATEMENT_EXECUTE|[758]
14:17:50.3 (4218834)|VARIABLE_SCOPE_BEGIN|[758]|check_Whether_ChangesIn_Field_Are_Saved|Boolean|false|false
14:17:50.3 (4221644)|HEAP_ALLOCATE|[758]|Bytes:5
14:17:50.3 (4225922)|VARIABLE_ASSIGNMENT|[758]|check_Whether_ChangesIn_Field_Are_Saved|false
14:17:50.3 (4227861)|STATEMENT_EXECUTE|[760]
14:17:50.3 (4231137)|HEAP_ALLOCATE|[760]|Bytes:79
14:17:50.3 (4258859)|ENTERING_MANAGED_PKG|
14:17:50.3 (4284464)|USER_DEBUG|[760]|DEBUG|Its inside the create_New_PermissionSet_and_SaveConcerned_Obj_Field_Permissions
14:17:50.3 (4294064)|STATEMENT_EXECUTE|[761]
14:17:50.3 (4298476)|HEAP_ALLOCATE|[761]|Bytes:22
14:17:50.3 (4311724)|HEAP_ALLOCATE|[761]|Bytes:26
14:17:50.3 (4324401)|ENTERING_MANAGED_PKG|
14:17:50.3 (4336710)|USER_DEBUG|[761]|DEBUG|changes Recorded Obj: null
14:17:50.3 (4343614)|STATEMENT_EXECUTE|[762]
14:17:50.3 (4347498)|HEAP_ALLOCATE|[762]|Bytes:15
14:17:50.3 (4354011)|HEAP_ALLOCATE|[762]|Bytes:140
14:17:50.3 (4364998)|ENTERING_MANAGED_PKG|
14:17:50.3 (4375946)|USER_DEBUG|[762]|DEBUG|new PSet Data: {"label":"","apiName":"","id":"","description":"","namespacePrefix":"","userLicenseId":"10036000000eSpyAAE","createdDate":""}
14:17:50.3 (4383551)|STATEMENT_EXECUTE|[763]
14:17:50.3 (4387590)|HEAP_ALLOCATE|[763]|Bytes:18
14:17:50.3 (4393560)|HEAP_ALLOCATE|[763]|Bytes:22
14:17:50.3 (4403822)|ENTERING_MANAGED_PKG|
14:17:50.3 (4414261)|USER_DEBUG|[763]|DEBUG|changed Obj Data: null
14:17:50.3 (4420371)|STATEMENT_EXECUTE|[765]
14:17:50.3 (4538471)|VARIABLE_SCOPE_BEGIN|[765]|new_PSetObj_for_creation|shiva15testns.PermissionSetPortalControllers.PermissionSetClass|true|false
14:17:50.3 (4549012)|VARIABLE_ASSIGNMENT|[765]|new_PSetObj_for_creation|null|
14:17:50.3 (4551651)|STATEMENT_EXECUTE|[766]
14:17:50.3 (4555195)|VARIABLE_SCOPE_BEGIN|[766]|objDetails_for_creation|List<shiva15testns.PermissionSetPortalControllers.ObjectDetailsClass>|true|false
14:17:50.3 (4560009)|VARIABLE_ASSIGNMENT|[766]|objDetails_for_creation|null|
14:17:50.3 (4561976)|STATEMENT_EXECUTE|[767]
14:17:50.3 (4788543)|VARIABLE_SCOPE_BEGIN|[767]|changes_recorded|shiva15testns.PermissionSetPortalControllers.ChangesrecordedfromUser|true|false
14:17:50.3 (4798631)|VARIABLE_ASSIGNMENT|[767]|changes_recorded|null|
14:17:50.3 (4801639)|STATEMENT_EXECUTE|[768]
14:17:50.3 (4805377)|VARIABLE_SCOPE_BEGIN|[768]|newly_created_pSet_id|String|false|false
14:17:50.3 (4809469)|VARIABLE_ASSIGNMENT|[768]|newly_created_pSet_id|null
14:17:50.3 (4834639)|ENTERING_MANAGED_PKG|
14:17:50.3 (4865987)|STATEMENT_EXECUTE|[771]
14:17:50.3 (4868234)|STATEMENT_EXECUTE|[773]
14:17:50.3 (4872718)|HEAP_ALLOCATE|[773]|Bytes:63
14:17:50.3 (4958110)|HEAP_ALLOCATE|[773]|Bytes:24
14:17:50.3 (4972599)|SYSTEM_METHOD_ENTRY|[1]|Type.Type()
14:17:50.3 (4975702)|STATEMENT_EXECUTE|[1]
14:17:50.3 (4984507)|SYSTEM_METHOD_EXIT|[1]|Type
14:17:50.3 (4990304)|HEAP_ALLOCATE|[773]|Bytes:8
14:17:50.3 (5009446)|HEAP_ALLOCATE|[773]|Bytes:8
14:17:50.3 (5015801)|VARIABLE_SCOPE_BEGIN|[4]|this|System.Type|true|false
14:17:50.3 (5045923)|VARIABLE_ASSIGNMENT|[4]|this|{}|0x668dd02a
14:17:50.3 (5049896)|VARIABLE_SCOPE_BEGIN|[4]|apextype|java:common.apex.runtime.ApexObjectType|true|false
14:17:50.3 (5177849)|VARIABLE_ASSIGNMENT|[4]|apextype|"shiva15testns.PermissionSetPortalControllers.PermissionSetClass"|0xb9a50f5
14:17:50.3 (5246358)|HEAP_ALLOCATE|[773]|Bytes:8
14:17:50.3 (5289360)|HEAP_ALLOCATE|[773]|Bytes:18
14:17:50.3 (5301282)|SYSTEM_METHOD_ENTRY|[1]|JSON.JSON()
14:17:50.3 (5304042)|STATEMENT_EXECUTE|[1]
14:17:50.3 (5311595)|SYSTEM_METHOD_EXIT|[1]|JSON
14:17:50.3 (5325989)|METHOD_ENTRY|[773]||System.JSON.deserialize(String, System.Type)
14:17:50.3 (5721202)|METHOD_EXIT|[773]||System.JSON.deserialize(String, System.Type)
14:17:50.3 (5755595)|VARIABLE_ASSIGNMENT|[773]|new_PSetObj_for_creation|{"apiName":"","createdDate":"","description":"","id":"","label":"","namespacePrefix":"","userLicenseId":"10036000000eSpyAAE"}|0x1b5f253b
14:17:50.3 (5760573)|STATEMENT_EXECUTE|[774]
14:17:50.3 (5776486)|METHOD_ENTRY|[774]|01p36000005Jpvx|shiva15testns.PermissionSetPortalControllers.create_New_PermissionSet(shiva15testns.PermissionSetPortalControllers.PermissionSetClass)
14:17:50.3 (5795722)|VARIABLE_SCOPE_BEGIN|[821]|pSetObj_As_Param|shiva15testns.PermissionSetPortalControllers.PermissionSetClass|true|false
14:17:50.3 (5820326)|VARIABLE_ASSIGNMENT|[821]|pSetObj_As_Param|{"apiName":"","createdDate":"","description":"","id":"","label":"","namespacePrefix":"","userLicenseId":"10036000000eSpyAAE"}|0x1b5f253b
14:17:50.3 (5830327)|HEAP_ALLOCATE|[822]|Bytes:5
14:17:50.3 (5834175)|STATEMENT_EXECUTE|[821]
14:17:50.3 (5835628)|STATEMENT_EXECUTE|[822]
14:17:50.3 (5837055)|STATEMENT_EXECUTE|[822]
14:17:50.3 (5838542)|STATEMENT_EXECUTE|[824]
14:17:50.3 (5858413)|HEAP_ALLOCATE|[824]|Bytes:4
14:17:50.3 (5983707)|VARIABLE_SCOPE_BEGIN|[824]|pSetObj|PermissionSet|true|false
14:17:50.3 (6000487)|VARIABLE_ASSIGNMENT|[824]|pSetObj|{}|0x3bc97e5f
14:17:50.3 (6004432)|STATEMENT_EXECUTE|[825]
14:17:50.3 (6068284)|VARIABLE_ASSIGNMENT|[EXTERNAL]|this|{"apiName":"","createdDate":"","description":"","id":"","label":"","namespacePrefix":"","userLicenseId":"10036000000eSpyAAE"}|0x1b5f253b
14:17:50.3 (7216132)|VARIABLE_ASSIGNMENT|[825]|this.Label|""|0x3bc97e5f
14:17:50.3 (7221657)|STATEMENT_EXECUTE|[826]
14:17:50.3 (7277673)|VARIABLE_ASSIGNMENT|[EXTERNAL]|this|{"apiName":"","createdDate":"","description":"","id":"","label":"","namespacePrefix":"","userLicenseId":"10036000000eSpyAAE"}|0x1b5f253b
14:17:50.3 (7339520)|VARIABLE_ASSIGNMENT|[826]|this.Name|""|0x3bc97e5f
14:17:50.3 (7343688)|STATEMENT_EXECUTE|[827]
14:17:50.3 (7394373)|VARIABLE_ASSIGNMENT|[EXTERNAL]|this|{"apiName":"","createdDate":"","description":"","id":"","label":"","namespacePrefix":"","userLicenseId":"10036000000eSpyAAE"}|0x1b5f253b
14:17:50.3 (7419684)|HEAP_ALLOCATE|[827]|Bytes:4
14:17:50.3 (7496780)|VARIABLE_ASSIGNMENT|[827]|this.UserLicenseId|"10036000000eSpyAAE"|0x3bc97e5f
14:17:50.3 (7501323)|STATEMENT_EXECUTE|[828]
14:17:50.3 (7551969)|VARIABLE_ASSIGNMENT|[EXTERNAL]|this|{"apiName":"","createdDate":"","description":"","id":"","label":"","namespacePrefix":"","userLicenseId":"10036000000eSpyAAE"}|0x1b5f253b
14:17:50.3 (7611487)|VARIABLE_ASSIGNMENT|[828]|this.Description|""|0x3bc97e5f
14:17:50.3 (7615709)|STATEMENT_EXECUTE|[829]
14:17:50.3 (7654064)|HEAP_ALLOCATE|[829]|Bytes:8
14:17:50.3 (7676767)|DML_BEGIN|[829]|Op:Insert|Type:PermissionSet|Rows:1
14:17:50.3 (7715913)|HEAP_ALLOCATE|[EXTERNAL]|Bytes:8
14:17:50.3 (84616887)|DML_END|[829]
14:17:50.3 (84785642)|EXCEPTION_THROWN|[829]|System.DmlException: Insert failed. First exception on row 0; first error: REQUIRED_FIELD_MISSING, Required fields are missing: [Permission Set Name, Permission Set Label]: [Permission Set Name, Permission Set Label]
14:17:50.3 (85227228)|HEAP_ALLOCATE|[829]|Bytes:199
14:17:50.3 (85298280)|VARIABLE_SCOPE_BEGIN|[832]|e|Exception|true|false
14:17:50.3 (85393016)|VARIABLE_ASSIGNMENT|[832]|e|"common.apex.runtime.impl.DmlExecutionException: Insert failed. First exception on row 0; first error: REQUIRED_FIELD_MISSING, Required fields are missing: [Permission Set Name, Permission Set Label]: [Permission Set Name, Permission Set Label]"|0xcf014ee
14:17:50.3 (85403453)|STATEMENT_EXECUTE|[832]
14:17:50.3 (85406120)|STATEMENT_EXECUTE|[833]
14:17:50.3 (85416476)|HEAP_ALLOCATE|[833]|Bytes:5
14:17:50.3 (85444326)|METHOD_EXIT|[774]|01p36000005Jpvx|shiva15testns.PermissionSetPortalControllers.create_New_PermissionSet(shiva15testns.PermissionSetPortalControllers.PermissionSetClass)
14:17:50.3 (85451205)|HEAP_ALLOCATE|[774]|Bytes:5
14:17:50.3 (85461213)|VARIABLE_ASSIGNMENT|[774]|check_Whether_PSet_isCreated|false
14:17:50.3 (85463835)|STATEMENT_EXECUTE|[776]
14:17:50.3 (85474794)|HEAP_ALLOCATE|[776]|Bytes:137
14:17:50.3 (85495491)|HEAP_ALLOCATE|[776]|Bytes:4
14:17:50.3 (85847969)|SOQL_EXECUTE_BEGIN|[776]|Aggregations:0|SELECT Id, label, Name, Description, NamespacePrefix, UserLicenseId, CreatedDate FROM PermissionSet ORDER BY CreatedDate DESC NULLS FIRST
14:17:50.3 (90708961)|SOQL_EXECUTE_END|[776]|Rows:59
14:17:50.3 (90727703)|HEAP_ALLOCATE|[776]|Bytes:240
14:17:50.3 (90858635)|HEAP_ALLOCATE|[776]|Bytes:10446
14:17:50.3 (90890397)|HEAP_ALLOCATE|[776]|Bytes:240
14:17:50.3 (90900506)|VARIABLE_SCOPE_BEGIN|[776]|pSetList_for_Getting_Last_PSet_Id|List<PermissionSet>|true|false
14:17:50.3 (90928596)|VARIABLE_ASSIGNMENT|[776]|pSetList_for_Getting_Last_PSet_Id|{"s":1,"v":"List of size 59 too large to display"}|0x45b389f
14:17:50.3 (90932543)|STATEMENT_EXECUTE|[777]
14:17:50.3 (91019540)|HEAP_ALLOCATE|[777]|Bytes:32
14:17:50.3 (91071779)|HEAP_ALLOCATE|[777]|Bytes:18
14:17:50.3 (91083607)|VARIABLE_ASSIGNMENT|[777]|newly_created_pSet_id|"0PS360000017oYaGAI"
14:17:50.3 (91086731)|STATEMENT_EXECUTE|[778]
14:17:50.3 (91090877)|HEAP_ALLOCATE|[778]|Bytes:27
14:17:50.3 (91100179)|HEAP_ALLOCATE|[778]|Bytes:45
14:17:50.3 (91122562)|ENTERING_MANAGED_PKG|
14:17:50.3 (91155798)|USER_DEBUG|[778]|DEBUG|The newly created PSet Id: 0PS360000017oYaGAI
14:17:50.3 (91165642)|STATEMENT_EXECUTE|[781]
14:17:50.3 (91170134)|HEAP_ALLOCATE|[781]|Bytes:15
14:17:50.3 (91176801)|HEAP_ALLOCATE|[781]|Bytes:19
14:17:50.3 (91187543)|ENTERING_MANAGED_PKG|
14:17:50.3 (91199473)|USER_DEBUG|[781]|DEBUG|Just for gags: null
14:17:50.3 (91221682)|ENTERING_MANAGED_PKG|
14:17:50.3 (91253871)|STATEMENT_EXECUTE|[782]
14:17:50.3 (91256360)|STATEMENT_EXECUTE|[788]
14:17:50.3 (91260241)|HEAP_ALLOCATE|[788]|Bytes:23
14:17:50.3 (91274192)|ENTERING_MANAGED_PKG|
14:17:50.3 (91286803)|USER_DEBUG|[788]|DEBUG|Why is there an error 0
14:17:50.3 (91304418)|ENTERING_MANAGED_PKG|
14:17:50.3 (91325970)|STATEMENT_EXECUTE|[791]
14:17:50.3 (91328388)|STATEMENT_EXECUTE|[797]
14:17:50.3 (91332159)|HEAP_ALLOCATE|[797]|Bytes:23
14:17:50.3 (91345282)|ENTERING_MANAGED_PKG|
14:17:50.3 (91357757)|USER_DEBUG|[797]|DEBUG|Why is there an error 1
14:17:50.3 (91366841)|STATEMENT_EXECUTE|[803]
14:17:50.3 (91368380)|STATEMENT_EXECUTE|[804]
14:17:50.3 (91373232)|HEAP_ALLOCATE|[804]|Bytes:5
14:17:50.3 (91380658)|VARIABLE_ASSIGNMENT|[804]|check_Whether_ChangesIn_Obj_Are_Saved|true
14:17:50.3 (91383042)|STATEMENT_EXECUTE|[805]
14:17:50.3 (91385288)|HEAP_ALLOCATE|[805]|Bytes:5
14:17:50.3 (91389036)|VARIABLE_ASSIGNMENT|[805]|check_Whether_ChangesIn_Field_Are_Saved|true
14:17:50.3 (91390990)|STATEMENT_EXECUTE|[808]
14:17:50.3 (91394686)|HEAP_ALLOCATE|[808]|Bytes:23
14:17:50.3 (91406636)|ENTERING_MANAGED_PKG|
14:17:50.3 (91418400)|USER_DEBUG|[808]|DEBUG|Why is there an error 2
14:17:50.3 (91426518)|STATEMENT_EXECUTE|[810]
14:17:50.3 (91428284)|STATEMENT_EXECUTE|[813]
14:17:50.3 (91431848)|HEAP_ALLOCATE|[813]|Bytes:5
14:17:50.3 (91437632)|HEAP_ALLOCATE|[813]|Bytes:5
14:17:50.3 (91447155)|SYSTEM_MODE_EXIT|false
14:17:50.93 (93573117)|CUMULATIVE_LIMIT_USAGE
14:17:50.93 (93573117)|LIMIT_USAGE_FOR_NS|(default)|
  Number of SOQL queries: 0 out of 100
  Number of query rows: 0 out of 50000
  Number of SOSL queries: 0 out of 20
  Number of DML statements: 0 out of 150
  Number of DML rows: 0 out of 10000
  Maximum CPU time: 0 out of 10000
  Maximum heap size: 0 out of 6000000
  Number of callouts: 0 out of 100
  Number of Email Invocations: 0 out of 10
  Number of future calls: 0 out of 50
  Number of queueable jobs added to the queue: 0 out of 50
  Number of Mobile Apex push calls: 0 out of 10

14:17:50.93 (93573117)|LIMIT_USAGE_FOR_NS|shiva15testns|
  Number of SOQL queries: 1 out of 100
  Number of query rows: 59 out of 50000
  Number of SOSL queries: 0 out of 20
  Number of DML statements: 1 out of 150
  Number of DML rows: 1 out of 10000
  Maximum CPU time: 0 out of 10000
  Maximum heap size: 0 out of 6000000
  Number of callouts: 0 out of 100
  Number of Email Invocations: 0 out of 10
  Number of future calls: 0 out of 50
  Number of queueable jobs added to the queue: 0 out of 50
  Number of Mobile Apex push calls: 0 out of 10

14:17:50.93 (93573117)|CUMULATIVE_LIMIT_USAGE_END

14:17:50.3 (93639594)|CODE_UNIT_FINISHED|PermissionSetPortalControllers.create_New_PermissionSet_and_SaveConcerned_Obj_Field_Permissions
