36.0 APEX_CODE,FINEST;APEX_PROFILING,INFO;CALLOUT,INFO;DB,INFO;SYSTEM,DEBUG;VALIDATION,INFO;VISUALFORCE,INFO;WORKFLOW,INFO
12:48:19.0 (562789)|EXECUTION_STARTED
12:48:19.0 (597882)|CODE_UNIT_STARTED|[EXTERNAL]|01p36000005Jpvx|PermissionSetPortalControllers.getAllPermissionSets
12:48:19.0 (1482372)|VARIABLE_SCOPE_BEGIN|[3]|PermissionSetPortalControllers.AllPermissionSets|List<PermissionSet>|true|true
12:48:19.0 (1507651)|VARIABLE_SCOPE_BEGIN|[10]|PermissionSetPortalControllers.accountField|Set<String>|true|true
12:48:19.0 (1582086)|VARIABLE_SCOPE_BEGIN|[5]|PermissionSetPortalControllers.allObjectsOfOrg|List<shiva15testns.PermissionSetPortalControllers.ObjectDetailsClass>|true|true
12:48:19.0 (1590993)|VARIABLE_SCOPE_BEGIN|[9]|PermissionSetPortalControllers.contactsField|Set<String>|true|true
12:48:19.0 (1594769)|VARIABLE_SCOPE_BEGIN|[7]|PermissionSetPortalControllers.isNotSystemSObjectList|Set<String>|true|true
12:48:19.0 (1816842)|HEAP_ALLOCATE|[72]|Bytes:3
12:48:19.0 (1881925)|HEAP_ALLOCATE|[77]|Bytes:152
12:48:19.0 (1916671)|HEAP_ALLOCATE|[342]|Bytes:408
12:48:19.0 (1939795)|HEAP_ALLOCATE|[355]|Bytes:408
12:48:19.0 (1958603)|HEAP_ALLOCATE|[467]|Bytes:48
12:48:19.0 (1993950)|HEAP_ALLOCATE|[139]|Bytes:6
12:48:19.0 (2019910)|HEAP_ALLOCATE|[EXTERNAL]|Bytes:168
12:48:19.0 (2026953)|HEAP_ALLOCATE|[EXTERNAL]|Bytes:89
12:48:19.0 (2030876)|HEAP_ALLOCATE|[EXTERNAL]|Bytes:344
12:48:19.0 (2049317)|METHOD_ENTRY|[1]|01p36000005Jpvx|PermissionSetPortalControllers.PermissionSetPortalControllers()
12:48:19.0 (2055553)|STATEMENT_EXECUTE|[1]
12:48:19.0 (2062607)|STATEMENT_EXECUTE|[1]
12:48:19.0 (2098362)|HEAP_ALLOCATE|[50]|Bytes:5
12:48:19.0 (2125409)|HEAP_ALLOCATE|[56]|Bytes:5
12:48:19.0 (2134368)|HEAP_ALLOCATE|[64]|Bytes:7
12:48:19.0 (2159953)|SYSTEM_MODE_ENTER|false
12:48:19.0 (2182226)|HEAP_ALLOCATE|[9]|Bytes:5
12:48:19.0 (2186920)|STATEMENT_EXECUTE|[9]
12:48:19.0 (2194338)|HEAP_ALLOCATE|[9]|Bytes:4
12:48:19.0 (2232699)|ENTERING_MANAGED_PKG|
12:48:19.0 (2344173)|VARIABLE_ASSIGNMENT|[9]|PermissionSetPortalControllers.contactsField|{"s":1,"v":[]}|0xf28e95f
12:48:19.0 (2351818)|STATEMENT_EXECUTE|[10]
12:48:19.0 (2359374)|HEAP_ALLOCATE|[10]|Bytes:4
12:48:19.0 (2378464)|ENTERING_MANAGED_PKG|
12:48:19.0 (2489616)|VARIABLE_ASSIGNMENT|[10]|PermissionSetPortalControllers.accountField|{"s":1,"v":[]}|0x3eeeab29
12:48:19.0 (2497198)|STATEMENT_EXECUTE|[1038]
12:48:19.0 (2500406)|STATEMENT_EXECUTE|[1067]
12:48:19.0 (2503133)|STATEMENT_EXECUTE|[1095]
12:48:19.0 (2505619)|STATEMENT_EXECUTE|[1124]
12:48:19.0 (2507838)|STATEMENT_EXECUTE|[1140]
12:48:19.0 (2510060)|STATEMENT_EXECUTE|[1157]
12:48:19.0 (2512161)|STATEMENT_EXECUTE|[1168]
12:48:19.0 (2514202)|STATEMENT_EXECUTE|[1173]
12:48:19.0 (2525896)|SYSTEM_MODE_EXIT|false
12:48:19.0 (2544442)|METHOD_EXIT|[1]|PermissionSetPortalControllers
12:48:19.0 (2557046)|SYSTEM_MODE_ENTER|false
12:48:19.0 (2579495)|HEAP_ALLOCATE|[157]|Bytes:5
12:48:19.0 (2585340)|STATEMENT_EXECUTE|[156]
12:48:19.0 (2587937)|STATEMENT_EXECUTE|[157]
12:48:19.0 (2589872)|STATEMENT_EXECUTE|[157]
12:48:19.0 (2591721)|STATEMENT_EXECUTE|[158]
12:48:19.0 (2596630)|HEAP_ALLOCATE|[158]|Bytes:99
12:48:19.0 (2611712)|HEAP_ALLOCATE|[158]|Bytes:4
12:48:19.0 (3969182)|SOQL_EXECUTE_BEGIN|[158]|Aggregations:0|SELECT Id, label, Name, Description, NamespacePrefix, UserLicenseId, CreatedDate FROM PermissionSet
12:48:19.0 (9473446)|SOQL_EXECUTE_END|[158]|Rows:42
12:48:19.0 (9495003)|HEAP_ALLOCATE|[158]|Bytes:172
12:48:19.0 (9589383)|HEAP_ALLOCATE|[158]|Bytes:7432
12:48:19.0 (9620130)|HEAP_ALLOCATE|[158]|Bytes:172
12:48:19.0 (9650695)|VARIABLE_ASSIGNMENT|[158]|PermissionSetPortalControllers.AllPermissionSets|{"s":1,"v":"List of size 42 too large to display"}|0x37cda52
12:48:19.0 (9736560)|ENTERING_MANAGED_PKG|
12:48:19.0 (9768044)|STATEMENT_EXECUTE|[159]
12:48:19.0 (9770654)|STATEMENT_EXECUTE|[160]
12:48:19.0 (9910845)|VARIABLE_SCOPE_BEGIN|[160]|pSetObj|shiva15testns.PermissionSetPortalControllers.PermissionSetClass|true|false
12:48:19.0 (9924339)|VARIABLE_ASSIGNMENT|[160]|pSetObj|null|
12:48:19.0 (9927528)|STATEMENT_EXECUTE|[161]
12:48:19.0 (9932544)|HEAP_ALLOCATE|[161]|Bytes:4
12:48:19.0 (9979017)|ENTERING_MANAGED_PKG|
12:48:19.0 (9997054)|VARIABLE_SCOPE_BEGIN|[161]|permissionSetsLst|List<shiva15testns.PermissionSetPortalControllers.PermissionSetClass>|true|false
12:48:19.0 (10022528)|HEAP_ALLOCATE|[EXTERNAL]|Bytes:4
12:48:19.0 (10037647)|VARIABLE_ASSIGNMENT|[161]|permissionSetsLst|{"s":1,"v":[]}|0x5493c88
12:48:19.0 (10063106)|ENTERING_MANAGED_PKG|
12:48:19.0 (10290229)|HEAP_ALLOCATE|[162]|Bytes:5
12:48:19.0 (10329505)|HEAP_ALLOCATE|[162]|Bytes:28
12:48:19.0 (10340419)|VARIABLE_SCOPE_BEGIN|[162]|PSetName|PermissionSet|true|false
12:48:19.0 (10392050)|VARIABLE_ASSIGNMENT|[162]|PSetName|{"s":1,"v":{"Id":"0PS36000000mmnFGAQ","Label":"00e1a000000MWa8AAG","Name":"X00e1a000000MWa8AAG","NamespacePrefix":"shiva15testns","UserLicenseId":"10036000000eSpzAAE","CreatedDate":"2016-03-08T19:00:02.000Z"}}|0x750d735f
12:48:19.0 (10397649)|STATEMENT_EXECUTE|[162]
12:48:19.0 (10427303)|HEAP_ALLOCATE|[163]|Bytes:3
12:48:19.0 (10456183)|ENTERING_MANAGED_PKG|
12:48:19.0 (10502091)|STATEMENT_EXECUTE|[163]
12:48:19.0 (10519640)|HEAP_ALLOCATE|[162]|Bytes:5
12:48:19.0 (10544517)|HEAP_ALLOCATE|[162]|Bytes:28
12:48:19.0 (10552446)|VARIABLE_SCOPE_BEGIN|[162]|PSetName|PermissionSet|true|false
12:48:19.0 (10579638)|VARIABLE_ASSIGNMENT|[162]|PSetName|{"s":1,"v":{"Id":"0PS36000000mmnGGAQ","Label":"00ex00000018ozl_128_ (10 more) ...","Name":"X00ex00000018ozl_128 (11 more) ...","NamespacePrefix":"shiva15testns","UserLicenseId":"10036000000eSpyAAE","CreatedDate":"2016-03-08T19:00:02.000Z"}}|0x45b97df3
12:48:19.0 (10585170)|STATEMENT_EXECUTE|[162]
12:48:19.0 (10608971)|ENTERING_MANAGED_PKG|
12:48:19.0 (10619403)|STATEMENT_EXECUTE|[163]
12:48:19.0 (10630112)|HEAP_ALLOCATE|[162]|Bytes:5
12:48:19.0 (10650917)|HEAP_ALLOCATE|[162]|Bytes:28
12:48:19.0 (10658140)|VARIABLE_SCOPE_BEGIN|[162]|PSetName|PermissionSet|true|false
12:48:19.0 (10681796)|VARIABLE_ASSIGNMENT|[162]|PSetName|{"s":1,"v":{"Id":"0PS36000000mmnHGAQ","Label":"00ex00000018ozm_128_ (10 more) ...","Name":"X00ex00000018ozm_128 (11 more) ...","NamespacePrefix":"shiva15testns","UserLicenseId":"10036000000eSpyAAE","CreatedDate":"2016-03-08T19:00:02.000Z"}}|0x3c488dfb
12:48:19.0 (10686768)|STATEMENT_EXECUTE|[162]
12:48:19.0 (10755117)|ENTERING_MANAGED_PKG|
12:48:19.0 (10800874)|STATEMENT_EXECUTE|[163]
12:48:19.0 (10834983)|HEAP_ALLOCATE|[162]|Bytes:5
12:48:19.0 (10890173)|HEAP_ALLOCATE|[162]|Bytes:28
12:48:19.0 (10905285)|VARIABLE_SCOPE_BEGIN|[162]|PSetName|PermissionSet|true|false
12:48:19.0 (10972978)|VARIABLE_ASSIGNMENT|[162]|PSetName|{"s":1,"v":{"Id":"0PS36000000mmnIGAQ","Label":"00ex00000018ozk_128_ (10 more) ...","Name":"X00ex00000018ozk_128 (11 more) ...","NamespacePrefix":"shiva15testns","UserLicenseId":"10036000000eSpyAAE","CreatedDate":"2016-03-08T19:00:02.000Z"}}|0x7c11a175
12:48:19.0 (10979534)|STATEMENT_EXECUTE|[162]
12:48:19.0 (11017700)|ENTERING_MANAGED_PKG|
12:48:19.0 (11029971)|STATEMENT_EXECUTE|[163]
12:48:19.0 (11040864)|HEAP_ALLOCATE|[162]|Bytes:5
12:48:19.0 (11061989)|HEAP_ALLOCATE|[162]|Bytes:28
12:48:19.0 (11069578)|VARIABLE_SCOPE_BEGIN|[162]|PSetName|PermissionSet|true|false
12:48:19.0 (11094886)|VARIABLE_ASSIGNMENT|[162]|PSetName|{"s":1,"v":{"Id":"0PS36000000mmnJGAQ","Label":"00ex00000018ozj_128_ (10 more) ...","Name":"X00ex00000018ozj_128 (11 more) ...","NamespacePrefix":"shiva15testns","UserLicenseId":"10036000000eSpyAAE","CreatedDate":"2016-03-08T19:00:02.000Z"}}|0x6218a223
12:48:19.0 (11099591)|STATEMENT_EXECUTE|[162]
12:48:19.0 (11121405)|ENTERING_MANAGED_PKG|
12:48:19.0 (11131588)|STATEMENT_EXECUTE|[163]
12:48:19.0 (11141732)|HEAP_ALLOCATE|[162]|Bytes:5
12:48:19.0 (11161717)|HEAP_ALLOCATE|[162]|Bytes:28
12:48:19.0 (11168625)|VARIABLE_SCOPE_BEGIN|[162]|PSetName|PermissionSet|true|false
12:48:19.0 (11192296)|VARIABLE_ASSIGNMENT|[162]|PSetName|{"s":1,"v":{"Id":"0PS36000000mmnKGAQ","Label":"00ex00000018ozo_128_ (10 more) ...","Name":"X00ex00000018ozo_128 (11 more) ...","NamespacePrefix":"shiva15testns","UserLicenseId":"10036000000eSpyAAE","CreatedDate":"2016-03-08T19:00:02.000Z"}}|0x6c401d76
12:48:19.0 (11197397)|STATEMENT_EXECUTE|[162]
12:48:19.0 (11218746)|ENTERING_MANAGED_PKG|
12:48:19.0 (11228568)|STATEMENT_EXECUTE|[163]
12:48:19.0 (11238277)|HEAP_ALLOCATE|[162]|Bytes:5
12:48:19.0 (11258195)|HEAP_ALLOCATE|[162]|Bytes:28
12:48:19.0 (11265039)|VARIABLE_SCOPE_BEGIN|[162]|PSetName|PermissionSet|true|false
12:48:19.0 (11287350)|VARIABLE_ASSIGNMENT|[162]|PSetName|{"s":1,"v":{"Id":"0PS36000000mmnLGAQ","Label":"00ex00000018ozh_128_ (10 more) ...","Name":"X00ex00000018ozh_128 (11 more) ...","NamespacePrefix":"shiva15testns","UserLicenseId":"10036000000eSpyAAE","CreatedDate":"2016-03-08T19:00:02.000Z"}}|0x141f6250
12:48:19.0 (11291850)|STATEMENT_EXECUTE|[162]
12:48:19.0 (11313089)|ENTERING_MANAGED_PKG|
12:48:19.0 (11323145)|STATEMENT_EXECUTE|[163]
12:48:19.0 (11332997)|HEAP_ALLOCATE|[162]|Bytes:5
12:48:19.0 (11352305)|HEAP_ALLOCATE|[162]|Bytes:28
12:48:19.0 (11359018)|VARIABLE_SCOPE_BEGIN|[162]|PSetName|PermissionSet|true|false
12:48:19.0 (11381520)|VARIABLE_ASSIGNMENT|[162]|PSetName|{"s":1,"v":{"Id":"0PS36000000mmnMGAQ","Label":"00ex00000018ozq_128_ (11 more) ...","Name":"X00ex00000018ozq_128 (12 more) ...","NamespacePrefix":"shiva15testns","UserLicenseId":"10036000000eSpyAAE","CreatedDate":"2016-03-08T19:00:02.000Z"}}|0x657473af
12:48:19.0 (11386476)|STATEMENT_EXECUTE|[162]
12:48:19.0 (11407603)|ENTERING_MANAGED_PKG|
12:48:19.0 (11417305)|STATEMENT_EXECUTE|[163]
12:48:19.0 (11427218)|HEAP_ALLOCATE|[162]|Bytes:5
12:48:19.0 (11446503)|HEAP_ALLOCATE|[162]|Bytes:28
12:48:19.0 (11453354)|VARIABLE_SCOPE_BEGIN|[162]|PSetName|PermissionSet|true|false
12:48:19.0 (11475538)|VARIABLE_ASSIGNMENT|[162]|PSetName|{"s":1,"v":{"Id":"0PS36000000mmnNGAQ","Label":"00ex00000018ozp_128_ (10 more) ...","Name":"X00ex00000018ozp_128 (11 more) ...","NamespacePrefix":"shiva15testns","UserLicenseId":"10036000000eSpyAAE","CreatedDate":"2016-03-08T19:00:02.000Z"}}|0x42dacc98
12:48:19.0 (11480356)|STATEMENT_EXECUTE|[162]
12:48:19.0 (11501463)|ENTERING_MANAGED_PKG|
12:48:19.0 (11511260)|STATEMENT_EXECUTE|[163]
12:48:19.0 (11521220)|HEAP_ALLOCATE|[162]|Bytes:5
12:48:19.0 (11540577)|HEAP_ALLOCATE|[162]|Bytes:28
12:48:19.0 (11547391)|VARIABLE_SCOPE_BEGIN|[162]|PSetName|PermissionSet|true|false
12:48:19.0 (11569821)|VARIABLE_ASSIGNMENT|[162]|PSetName|{"s":1,"v":{"Id":"0PS36000000mmnOGAQ","Label":"00ex00000018ozn_128_ (10 more) ...","Name":"X00ex00000018ozn_128 (11 more) ...","NamespacePrefix":"shiva15testns","UserLicenseId":"10036000000eSpyAAE","CreatedDate":"2016-03-08T19:00:02.000Z"}}|0x2e1dd218
12:48:19.0 (11574327)|STATEMENT_EXECUTE|[162]
12:48:19.0 (11595106)|ENTERING_MANAGED_PKG|
12:48:19.0 (11604756)|STATEMENT_EXECUTE|[163]
12:48:19.0 (11614504)|HEAP_ALLOCATE|[162]|Bytes:5
12:48:19.0 (11639124)|HEAP_ALLOCATE|[162]|Bytes:28
12:48:19.0 (11646357)|VARIABLE_SCOPE_BEGIN|[162]|PSetName|PermissionSet|true|false
12:48:19.0 (11668552)|VARIABLE_ASSIGNMENT|[162]|PSetName|{"s":1,"v":{"Id":"0PS36000000mmnPGAQ","Label":"00e1a000000MWa9AAG","Name":"X00e1a000000MWa9AAG","NamespacePrefix":"shiva15testns","UserLicenseId":"10036000000eSq0AAE","CreatedDate":"2016-03-08T19:00:02.000Z"}}|0x41ff2869
12:48:19.0 (11673439)|STATEMENT_EXECUTE|[162]
12:48:19.0 (11694270)|ENTERING_MANAGED_PKG|
12:48:19.0 (11703892)|STATEMENT_EXECUTE|[163]
12:48:19.0 (11713892)|HEAP_ALLOCATE|[162]|Bytes:5
12:48:19.0 (11733119)|HEAP_ALLOCATE|[162]|Bytes:28
12:48:19.0 (11739892)|VARIABLE_SCOPE_BEGIN|[162]|PSetName|PermissionSet|true|false
12:48:19.0 (11761463)|VARIABLE_ASSIGNMENT|[162]|PSetName|{"s":1,"v":{"Id":"0PS36000000mmnQGAQ","Label":"00e1a000000MWaBAAW","Name":"X00e1a000000MWaBAAW","NamespacePrefix":"shiva15testns","UserLicenseId":"10036000000eSq2AAE","CreatedDate":"2016-03-08T19:00:02.000Z"}}|0x7d0c2f2
12:48:19.0 (11766001)|STATEMENT_EXECUTE|[162]
12:48:19.0 (11786410)|ENTERING_MANAGED_PKG|
12:48:19.0 (11796513)|STATEMENT_EXECUTE|[163]
12:48:19.0 (11806265)|HEAP_ALLOCATE|[162]|Bytes:5
12:48:19.0 (11825426)|HEAP_ALLOCATE|[162]|Bytes:28
12:48:19.0 (11832256)|VARIABLE_SCOPE_BEGIN|[162]|PSetName|PermissionSet|true|false
12:48:19.0 (11853258)|VARIABLE_ASSIGNMENT|[162]|PSetName|{"s":1,"v":{"Id":"0PS36000000mmnRGAQ","Label":"00e1a000000MWaCAAW","Name":"X00e1a000000MWaCAAW","NamespacePrefix":"shiva15testns","UserLicenseId":"10036000000eSq3AAE","CreatedDate":"2016-03-08T19:00:02.000Z"}}|0x137a609c
12:48:19.0 (11857762)|STATEMENT_EXECUTE|[162]
12:48:19.0 (11878203)|ENTERING_MANAGED_PKG|
12:48:19.0 (11887912)|STATEMENT_EXECUTE|[163]
12:48:19.0 (11897763)|HEAP_ALLOCATE|[162]|Bytes:5
12:48:19.0 (11916773)|HEAP_ALLOCATE|[162]|Bytes:28
12:48:19.0 (11923531)|VARIABLE_SCOPE_BEGIN|[162]|PSetName|PermissionSet|true|false
12:48:19.0 (11944821)|VARIABLE_ASSIGNMENT|[162]|PSetName|{"s":1,"v":{"Id":"0PS36000000mmnSGAQ","Label":"00e1a000000MWaDAAW","Name":"X00e1a000000MWaDAAW","NamespacePrefix":"shiva15testns","UserLicenseId":"10036000000eSq4AAE","CreatedDate":"2016-03-08T19:00:02.000Z"}}|0x53b7edf9
12:48:19.0 (11950114)|STATEMENT_EXECUTE|[162]
12:48:19.0 (11970592)|ENTERING_MANAGED_PKG|
12:48:19.0 (11980420)|STATEMENT_EXECUTE|[163]
12:48:19.0 (11990339)|HEAP_ALLOCATE|[162]|Bytes:5
12:48:19.0 (12009855)|HEAP_ALLOCATE|[162]|Bytes:28
12:48:19.0 (12017534)|VARIABLE_SCOPE_BEGIN|[162]|PSetName|PermissionSet|true|false
12:48:19.0 (12038992)|VARIABLE_ASSIGNMENT|[162]|PSetName|{"s":1,"v":{"Id":"0PS36000000mmnTGAQ","Label":"00e1a000000MWaEAAW","Name":"X00e1a000000MWaEAAW","NamespacePrefix":"shiva15testns","UserLicenseId":"10036000000eSq5AAE","CreatedDate":"2016-03-08T19:00:02.000Z"}}|0x6bb32b86
12:48:19.0 (12043926)|STATEMENT_EXECUTE|[162]
12:48:19.0 (12064489)|ENTERING_MANAGED_PKG|
12:48:19.0 (12074210)|STATEMENT_EXECUTE|[163]
12:48:19.0 (12084163)|HEAP_ALLOCATE|[162]|Bytes:5
12:48:19.0 (12103325)|HEAP_ALLOCATE|[162]|Bytes:28
12:48:19.0 (12110127)|VARIABLE_SCOPE_BEGIN|[162]|PSetName|PermissionSet|true|false
12:48:19.0 (12131328)|VARIABLE_ASSIGNMENT|[162]|PSetName|{"s":1,"v":{"Id":"0PS36000000mmnUGAQ","Label":"00e1a000000MWaFAAW","Name":"X00e1a000000MWaFAAW","NamespacePrefix":"shiva15testns","UserLicenseId":"10036000000eSq6AAE","CreatedDate":"2016-03-08T19:00:02.000Z"}}|0x6a75b350
12:48:19.0 (12136080)|STATEMENT_EXECUTE|[162]
12:48:19.0 (12156500)|ENTERING_MANAGED_PKG|
12:48:19.0 (12166188)|STATEMENT_EXECUTE|[163]
12:48:19.0 (12176088)|HEAP_ALLOCATE|[162]|Bytes:5
12:48:19.0 (12195381)|HEAP_ALLOCATE|[162]|Bytes:28
12:48:19.0 (12202203)|VARIABLE_SCOPE_BEGIN|[162]|PSetName|PermissionSet|true|false
12:48:19.0 (12223292)|VARIABLE_ASSIGNMENT|[162]|PSetName|{"s":1,"v":{"Id":"0PS36000000mmnVGAQ","Label":"00e1a000000MWaGAAW","Name":"X00e1a000000MWaGAAW","NamespacePrefix":"shiva15testns","UserLicenseId":"10036000000eSq7AAE","CreatedDate":"2016-03-08T19:00:02.000Z"}}|0x2a4b4002
12:48:19.0 (12227743)|STATEMENT_EXECUTE|[162]
12:48:19.0 (12248146)|ENTERING_MANAGED_PKG|
12:48:19.0 (12257897)|STATEMENT_EXECUTE|[163]
12:48:19.0 (12267655)|HEAP_ALLOCATE|[162]|Bytes:5
12:48:19.0 (12287526)|HEAP_ALLOCATE|[162]|Bytes:28
12:48:19.0 (12294207)|VARIABLE_SCOPE_BEGIN|[162]|PSetName|PermissionSet|true|false
12:48:19.0 (12315146)|VARIABLE_ASSIGNMENT|[162]|PSetName|{"s":1,"v":{"Id":"0PS36000000mmnWGAQ","Label":"00e1a000000MWaHAAW","Name":"X00e1a000000MWaHAAW","NamespacePrefix":"shiva15testns","UserLicenseId":"10036000000eSq8AAE","CreatedDate":"2016-03-08T19:00:02.000Z"}}|0x46ffb897
12:48:19.0 (12319315)|STATEMENT_EXECUTE|[162]
12:48:19.0 (12339896)|ENTERING_MANAGED_PKG|
12:48:19.0 (12349388)|STATEMENT_EXECUTE|[163]
12:48:19.0 (12359435)|HEAP_ALLOCATE|[162]|Bytes:5
12:48:19.0 (12378967)|HEAP_ALLOCATE|[162]|Bytes:28
12:48:19.0 (12385708)|VARIABLE_SCOPE_BEGIN|[162]|PSetName|PermissionSet|true|false
12:48:19.0 (12406612)|VARIABLE_ASSIGNMENT|[162]|PSetName|{"s":1,"v":{"Id":"0PS36000000mmnXGAQ","Label":"00e1a000000MWaIAAW","Name":"X00e1a000000MWaIAAW","NamespacePrefix":"shiva15testns","UserLicenseId":"10036000000eSq9AAE","CreatedDate":"2016-03-08T19:00:02.000Z"}}|0x34e244d5
12:48:19.0 (12411609)|STATEMENT_EXECUTE|[162]
12:48:19.0 (12432189)|ENTERING_MANAGED_PKG|
12:48:19.0 (12441812)|STATEMENT_EXECUTE|[163]
12:48:19.0 (12451536)|HEAP_ALLOCATE|[162]|Bytes:5
12:48:19.0 (12470807)|HEAP_ALLOCATE|[162]|Bytes:28
12:48:19.0 (12477551)|VARIABLE_SCOPE_BEGIN|[162]|PSetName|PermissionSet|true|false
12:48:19.0 (12498378)|VARIABLE_ASSIGNMENT|[162]|PSetName|{"s":1,"v":{"Id":"0PS36000000mmnYGAQ","Label":"00e1a000000MWaJAAW","Name":"X00e1a000000MWaJAAW","NamespacePrefix":"shiva15testns","UserLicenseId":"10036000000eSqAAAU","CreatedDate":"2016-03-08T19:00:02.000Z"}}|0x73ca8e2a
12:48:19.0 (12502731)|STATEMENT_EXECUTE|[162]
12:48:19.0 (12523214)|ENTERING_MANAGED_PKG|
12:48:19.0 (12532814)|STATEMENT_EXECUTE|[163]
12:48:19.0 (12542629)|HEAP_ALLOCATE|[162]|Bytes:5
12:48:19.0 (12562508)|HEAP_ALLOCATE|[162]|Bytes:28
12:48:19.0 (12569588)|VARIABLE_SCOPE_BEGIN|[162]|PSetName|PermissionSet|true|false
12:48:19.0 (12590734)|VARIABLE_ASSIGNMENT|[162]|PSetName|{"s":1,"v":{"Id":"0PS36000000mmnZGAQ","Label":"00e1a000000MWaKAAW","Name":"X00e1a000000MWaKAAW","NamespacePrefix":"shiva15testns","UserLicenseId":"10036000000eSqBAAU","CreatedDate":"2016-03-08T19:00:02.000Z"}}|0x3f19b01
12:48:19.0 (12595481)|STATEMENT_EXECUTE|[162]
12:48:19.0 (12616664)|ENTERING_MANAGED_PKG|
12:48:19.0 (12630377)|STATEMENT_EXECUTE|[163]
12:48:19.0 (12640686)|HEAP_ALLOCATE|[162]|Bytes:5
12:48:19.0 (12660560)|HEAP_ALLOCATE|[162]|Bytes:28
12:48:19.0 (12667278)|VARIABLE_SCOPE_BEGIN|[162]|PSetName|PermissionSet|true|false
12:48:19.0 (12688747)|VARIABLE_ASSIGNMENT|[162]|PSetName|{"s":1,"v":{"Id":"0PS36000000mmnaGAA","Label":"00e1a000000MWaLAAW","Name":"X00e1a000000MWaLAAW","NamespacePrefix":"shiva15testns","UserLicenseId":"10036000000eSqCAAU","CreatedDate":"2016-03-08T19:00:02.000Z"}}|0x3871a0e8
12:48:19.0 (12693385)|STATEMENT_EXECUTE|[162]
12:48:19.0 (12713913)|ENTERING_MANAGED_PKG|
12:48:19.0 (12723627)|STATEMENT_EXECUTE|[163]
12:48:19.0 (12733483)|HEAP_ALLOCATE|[162]|Bytes:5
12:48:19.0 (12752827)|HEAP_ALLOCATE|[162]|Bytes:28
12:48:19.0 (12760032)|VARIABLE_SCOPE_BEGIN|[162]|PSetName|PermissionSet|true|false
12:48:19.0 (12781302)|VARIABLE_ASSIGNMENT|[162]|PSetName|{"s":1,"v":{"Id":"0PS36000000mmnbGAA","Label":"00e1a000000MWaMAAW","Name":"X00e1a000000MWaMAAW","NamespacePrefix":"shiva15testns","UserLicenseId":"10036000000eSqDAAU","CreatedDate":"2016-03-08T19:00:02.000Z"}}|0x1e139fdf
12:48:19.0 (12785553)|STATEMENT_EXECUTE|[162]
12:48:19.0 (12806248)|ENTERING_MANAGED_PKG|
12:48:19.0 (12815922)|STATEMENT_EXECUTE|[163]
12:48:19.0 (12825793)|HEAP_ALLOCATE|[162]|Bytes:5
12:48:19.0 (12845191)|HEAP_ALLOCATE|[162]|Bytes:28
12:48:19.0 (12852066)|VARIABLE_SCOPE_BEGIN|[162]|PSetName|PermissionSet|true|false
12:48:19.0 (12872947)|VARIABLE_ASSIGNMENT|[162]|PSetName|{"s":1,"v":{"Id":"0PS36000000mmncGAA","Label":"00e1a000000MWaNAAW","Name":"X00e1a000000MWaNAAW","NamespacePrefix":"shiva15testns","UserLicenseId":"10036000000eSqEAAU","CreatedDate":"2016-03-08T19:00:02.000Z"}}|0x398ff9e9
12:48:19.0 (12877326)|STATEMENT_EXECUTE|[162]
12:48:19.0 (12897893)|ENTERING_MANAGED_PKG|
12:48:19.0 (12907876)|STATEMENT_EXECUTE|[163]
12:48:19.0 (12917645)|HEAP_ALLOCATE|[162]|Bytes:5
12:48:19.0 (12936918)|HEAP_ALLOCATE|[162]|Bytes:28
12:48:19.0 (12943728)|VARIABLE_SCOPE_BEGIN|[162]|PSetName|PermissionSet|true|false
12:48:19.0 (12964684)|VARIABLE_ASSIGNMENT|[162]|PSetName|{"s":1,"v":{"Id":"0PS36000000mmndGAA","Label":"00e1a000000MWaOAAW","Name":"X00e1a000000MWaOAAW","NamespacePrefix":"shiva15testns","UserLicenseId":"10036000000eSqFAAU","CreatedDate":"2016-03-08T19:00:02.000Z"}}|0x3629444a
12:48:19.0 (12969159)|STATEMENT_EXECUTE|[162]
12:48:19.0 (12989657)|ENTERING_MANAGED_PKG|
12:48:19.0 (12999234)|STATEMENT_EXECUTE|[163]
12:48:19.0 (13009107)|HEAP_ALLOCATE|[162]|Bytes:5
12:48:19.0 (13029252)|HEAP_ALLOCATE|[162]|Bytes:28
12:48:19.0 (13036106)|VARIABLE_SCOPE_BEGIN|[162]|PSetName|PermissionSet|true|false
12:48:19.0 (13056958)|VARIABLE_ASSIGNMENT|[162]|PSetName|{"s":1,"v":{"Id":"0PS36000000mmneGAA","Label":"00e1a000000MWaPAAW","Name":"X00e1a000000MWaPAAW","NamespacePrefix":"shiva15testns","UserLicenseId":"10036000000eSqGAAU","CreatedDate":"2016-03-08T19:00:02.000Z"}}|0x36ac487
12:48:19.0 (13061518)|STATEMENT_EXECUTE|[162]
12:48:19.0 (13082178)|ENTERING_MANAGED_PKG|
12:48:19.0 (13091832)|STATEMENT_EXECUTE|[163]
12:48:19.0 (13101673)|HEAP_ALLOCATE|[162]|Bytes:5
12:48:19.0 (13121094)|HEAP_ALLOCATE|[162]|Bytes:28
12:48:19.0 (13128005)|VARIABLE_SCOPE_BEGIN|[162]|PSetName|PermissionSet|true|false
12:48:19.0 (13149257)|VARIABLE_ASSIGNMENT|[162]|PSetName|{"s":1,"v":{"Id":"0PS36000000mmnfGAA","Label":"00e1a000000MWaQAAW","Name":"X00e1a000000MWaQAAW","NamespacePrefix":"shiva15testns","UserLicenseId":"10036000000eSqHAAU","CreatedDate":"2016-03-08T19:00:02.000Z"}}|0x1055e52
12:48:19.0 (13153780)|STATEMENT_EXECUTE|[162]
12:48:19.0 (13174314)|ENTERING_MANAGED_PKG|
12:48:19.0 (13184021)|STATEMENT_EXECUTE|[163]
12:48:19.0 (13193736)|HEAP_ALLOCATE|[162]|Bytes:5
12:48:19.0 (13213260)|HEAP_ALLOCATE|[162]|Bytes:28
12:48:19.0 (13220096)|VARIABLE_SCOPE_BEGIN|[162]|PSetName|PermissionSet|true|false
12:48:19.0 (13241364)|VARIABLE_ASSIGNMENT|[162]|PSetName|{"s":1,"v":{"Id":"0PS36000000mmngGAA","Label":"00e1a000000MWaRAAW","Name":"X00e1a000000MWaRAAW","NamespacePrefix":"shiva15testns","UserLicenseId":"10036000000eSqIAAU","CreatedDate":"2016-03-08T19:00:02.000Z"}}|0x4703af2a
12:48:19.0 (13245655)|STATEMENT_EXECUTE|[162]
12:48:19.0 (13266245)|ENTERING_MANAGED_PKG|
12:48:19.0 (13275826)|STATEMENT_EXECUTE|[163]
12:48:19.0 (13285517)|HEAP_ALLOCATE|[162]|Bytes:5
12:48:19.0 (13304808)|HEAP_ALLOCATE|[162]|Bytes:28
12:48:19.0 (13311606)|VARIABLE_SCOPE_BEGIN|[162]|PSetName|PermissionSet|true|false
12:48:19.0 (13332366)|VARIABLE_ASSIGNMENT|[162]|PSetName|{"s":1,"v":{"Id":"0PS36000000mmnhGAA","Label":"00e1a000000MWaSAAW","Name":"X00e1a000000MWaSAAW","NamespacePrefix":"shiva15testns","UserLicenseId":"10036000000eSqJAAU","CreatedDate":"2016-03-08T19:00:02.000Z"}}|0x3bf4b894
12:48:19.0 (13336622)|STATEMENT_EXECUTE|[162]
12:48:19.0 (13357245)|ENTERING_MANAGED_PKG|
12:48:19.0 (13366867)|STATEMENT_EXECUTE|[163]
12:48:19.0 (13376688)|HEAP_ALLOCATE|[162]|Bytes:5
12:48:19.0 (13396344)|HEAP_ALLOCATE|[162]|Bytes:28
12:48:19.0 (13403059)|VARIABLE_SCOPE_BEGIN|[162]|PSetName|PermissionSet|true|false
12:48:19.0 (13423964)|VARIABLE_ASSIGNMENT|[162]|PSetName|{"s":1,"v":{"Id":"0PS36000000mmniGAA","Label":"00e1a000000MWaTAAW","Name":"X00e1a000000MWaTAAW","NamespacePrefix":"shiva15testns","UserLicenseId":"10036000000eSqJAAU","CreatedDate":"2016-03-08T19:00:02.000Z"}}|0x6e6f1d91
12:48:19.0 (13428406)|STATEMENT_EXECUTE|[162]
12:48:19.0 (13448953)|ENTERING_MANAGED_PKG|
12:48:19.0 (13458534)|STATEMENT_EXECUTE|[163]
12:48:19.0 (13468409)|HEAP_ALLOCATE|[162]|Bytes:5
12:48:19.0 (13487769)|HEAP_ALLOCATE|[162]|Bytes:28
12:48:19.0 (13494434)|VARIABLE_SCOPE_BEGIN|[162]|PSetName|PermissionSet|true|false
12:48:19.0 (13515537)|VARIABLE_ASSIGNMENT|[162]|PSetName|{"s":1,"v":{"Id":"0PS36000000mmnjGAA","Label":"00e1a000000MWaUAAW","Name":"X00e1a000000MWaUAAW","NamespacePrefix":"shiva15testns","UserLicenseId":"10036000000eSqKAAU","CreatedDate":"2016-03-08T19:00:02.000Z"}}|0x45b329c0
12:48:19.0 (13520452)|STATEMENT_EXECUTE|[162]
12:48:19.0 (13540791)|ENTERING_MANAGED_PKG|
12:48:19.0 (13550475)|STATEMENT_EXECUTE|[163]
12:48:19.0 (13560247)|HEAP_ALLOCATE|[162]|Bytes:5
12:48:19.0 (13579368)|HEAP_ALLOCATE|[162]|Bytes:28
12:48:19.0 (13586062)|VARIABLE_SCOPE_BEGIN|[162]|PSetName|PermissionSet|true|false
12:48:19.0 (13607266)|VARIABLE_ASSIGNMENT|[162]|PSetName|{"s":1,"v":{"Id":"0PS36000000mmnlGAA","Label":"00e1a000000N1LRAA0","Name":"X00e1a000000N1LRAA0","NamespacePrefix":"shiva15testns","UserLicenseId":"10036000000eSqLAAU","CreatedDate":"2016-03-08T19:00:02.000Z"}}|0x1f93a4a3
12:48:19.0 (13611887)|STATEMENT_EXECUTE|[162]
12:48:19.0 (13637079)|ENTERING_MANAGED_PKG|
12:48:19.0 (13646975)|STATEMENT_EXECUTE|[163]
12:48:19.0 (13657240)|HEAP_ALLOCATE|[162]|Bytes:5
12:48:19.0 (13676737)|HEAP_ALLOCATE|[162]|Bytes:28
12:48:19.0 (13683586)|VARIABLE_SCOPE_BEGIN|[162]|PSetName|PermissionSet|true|false
12:48:19.0 (13705041)|VARIABLE_ASSIGNMENT|[162]|PSetName|{"s":1,"v":{"Id":"0PS36000000mmnmGAA","Label":"00e1a000000N1LSAA0","Name":"X00e1a000000N1LSAA0","NamespacePrefix":"shiva15testns","UserLicenseId":"10036000000eSqMAAU","CreatedDate":"2016-03-08T19:00:02.000Z"}}|0x1bd8fdd
12:48:19.0 (13709862)|STATEMENT_EXECUTE|[162]
12:48:19.0 (13730466)|ENTERING_MANAGED_PKG|
12:48:19.0 (13740096)|STATEMENT_EXECUTE|[163]
12:48:19.0 (13750028)|HEAP_ALLOCATE|[162]|Bytes:5
12:48:19.0 (13770151)|HEAP_ALLOCATE|[162]|Bytes:28
12:48:19.0 (13776853)|VARIABLE_SCOPE_BEGIN|[162]|PSetName|PermissionSet|true|false
12:48:19.0 (13797496)|VARIABLE_ASSIGNMENT|[162]|PSetName|{"s":1,"v":{"Id":"0PS36000000mmnnGAA","Label":"00e1a000000N1wKAAS","Name":"X00e1a000000N1wKAAS","NamespacePrefix":"shiva15testns","UserLicenseId":"10036000000eSqNAAU","CreatedDate":"2016-03-08T19:00:02.000Z"}}|0x172899ee
12:48:19.0 (13801672)|STATEMENT_EXECUTE|[162]
12:48:19.0 (13822104)|ENTERING_MANAGED_PKG|
12:48:19.0 (13831667)|STATEMENT_EXECUTE|[163]
12:48:19.0 (13841614)|HEAP_ALLOCATE|[162]|Bytes:5
12:48:19.0 (13860952)|HEAP_ALLOCATE|[162]|Bytes:28
12:48:19.0 (13868033)|VARIABLE_SCOPE_BEGIN|[162]|PSetName|PermissionSet|true|false
12:48:19.0 (13888938)|VARIABLE_ASSIGNMENT|[162]|PSetName|{"s":1,"v":{"Id":"0PS36000000mmnoGAA","Label":"00e1a000000N1wLAAS","Name":"X00e1a000000N1wLAAS","NamespacePrefix":"shiva15testns","UserLicenseId":"10036000000eSqNAAU","CreatedDate":"2016-03-08T19:00:02.000Z"}}|0x4b094fe2
12:48:19.0 (13893464)|STATEMENT_EXECUTE|[162]
12:48:19.0 (13913992)|ENTERING_MANAGED_PKG|
12:48:19.0 (13923635)|STATEMENT_EXECUTE|[163]
12:48:19.0 (13933328)|HEAP_ALLOCATE|[162]|Bytes:5
12:48:19.0 (13952857)|HEAP_ALLOCATE|[162]|Bytes:28
12:48:19.0 (13959578)|VARIABLE_SCOPE_BEGIN|[162]|PSetName|PermissionSet|true|false
12:48:19.0 (13980595)|VARIABLE_ASSIGNMENT|[162]|PSetName|{"s":1,"v":{"Id":"0PS36000000mmnqGAA","Label":"00e1a000000MWaAAAW","Name":"X00e1a000000MWaAAAW","NamespacePrefix":"shiva15testns","UserLicenseId":"10036000000eSq1AAE","CreatedDate":"2016-03-08T19:00:02.000Z"}}|0x493d5c9c
12:48:19.0 (13985302)|STATEMENT_EXECUTE|[162]
12:48:19.0 (14005778)|ENTERING_MANAGED_PKG|
12:48:19.0 (14016786)|STATEMENT_EXECUTE|[163]
12:48:19.0 (14026596)|HEAP_ALLOCATE|[162]|Bytes:5
12:48:19.0 (14046035)|HEAP_ALLOCATE|[162]|Bytes:32
12:48:19.0 (14052851)|VARIABLE_SCOPE_BEGIN|[162]|PSetName|PermissionSet|true|false
12:48:19.0 (14075688)|VARIABLE_ASSIGNMENT|[162]|PSetName|{"s":1,"v":{"Id":"0PS36000000q71PGAQ","Label":"PermissionSet_Test","Name":"PermissionSet_Test","Description":"This is for testing  (11 more) ...","NamespacePrefix":"shiva15testns","UserLicenseId":"10036000000eSpyAAE","CreatedDate":"2016-03-20T22:41:12.000Z"}}|0x2413f101
12:48:19.0 (14080267)|STATEMENT_EXECUTE|[162]
12:48:19.0 (14101049)|ENTERING_MANAGED_PKG|
12:48:19.0 (14111682)|STATEMENT_EXECUTE|[163]
12:48:19.0 (14113520)|STATEMENT_EXECUTE|[164]
12:48:19.0 (14117798)|HEAP_ALLOCATE|[164]|Bytes:52
12:48:19.0 (14130182)|HEAP_ALLOCATE|[164]|Bytes:4
12:48:19.0 (14138949)|HEAP_ALLOCATE|[164]|Bytes:7
12:48:19.0 (15191250)|SOQL_EXECUTE_BEGIN|[164]|Aggregations:0|SELECT Id, Name FROM UserLicense WHERE Id = :tmpVar1
12:48:19.0 (17424756)|SOQL_EXECUTE_END|[164]|Rows:1
12:48:19.0 (17450242)|HEAP_ALLOCATE|[164]|Bytes:8
12:48:19.0 (17470135)|HEAP_ALLOCATE|[164]|Bytes:47
12:48:19.0 (17536781)|HEAP_ALLOCATE|[164]|Bytes:8
12:48:19.0 (17550301)|HEAP_ALLOCATE|[164]|Bytes:37
12:48:19.0 (17613320)|HEAP_ALLOCATE|[164]|Bytes:12
12:48:19.0 (17622681)|VARIABLE_SCOPE_BEGIN|[164]|ulicense|UserLicense|true|false
12:48:19.0 (17642281)|VARIABLE_ASSIGNMENT|[164]|ulicense|{"s":1,"v":{"Id":"10036000000eSpyAAE","Name":"Salesforce"}}|0x3cbcedfd
12:48:19.0 (17662303)|STATEMENT_EXECUTE|[165]
12:48:19.0 (17673351)|HEAP_ALLOCATE|[165]|Bytes:240
12:48:19.0 (17683198)|HEAP_ALLOCATE|[165]|Bytes:39
12:48:19.0 (17715450)|HEAP_ALLOCATE|[165]|Bytes:32
12:48:19.0 (17776406)|ENTERING_MANAGED_PKG|
12:48:19.0 (17803690)|HEAP_ALLOCATE|[165]|Bytes:18
12:48:19.0 (17879897)|ENTERING_MANAGED_PKG|
12:48:19.0 (17907587)|HEAP_ALLOCATE|[165]|Bytes:19
12:48:19.0 (17954021)|CONSTRUCTOR_ENTRY|[165]|01p36000005Jpvx|<init>(String,String,String,String,String,String,String)
12:48:19.0 (17976577)|VARIABLE_SCOPE_BEGIN|[1055]|this|shiva15testns.PermissionSetPortalControllers.PermissionSetClass|true|false
12:48:19.0 (18082794)|VARIABLE_ASSIGNMENT|[1055]|this|{}|0x85c9037
12:48:19.0 (18091224)|VARIABLE_SCOPE_BEGIN|[1055]|label|String|false|false
12:48:19.0 (18100536)|VARIABLE_ASSIGNMENT|[1055]|label|"PermissionSet_Test"
12:48:19.0 (18105048)|VARIABLE_SCOPE_BEGIN|[1055]|apiName|String|false|false
12:48:19.0 (18110865)|VARIABLE_ASSIGNMENT|[1055]|apiName|"PermissionSet_Test"
12:48:19.0 (18115115)|VARIABLE_SCOPE_BEGIN|[1055]|id|String|false|false
12:48:19.0 (18121042)|VARIABLE_ASSIGNMENT|[1055]|id|"0PS36000000q71PGAQ"
12:48:19.0 (18125255)|VARIABLE_SCOPE_BEGIN|[1055]|description|String|false|false
12:48:19.0 (18133314)|VARIABLE_ASSIGNMENT|[1055]|description|"This is for testing  (11 more) ..."
12:48:19.0 (18140252)|VARIABLE_SCOPE_BEGIN|[1055]|namespacePrefix|String|false|false
12:48:19.0 (18150386)|VARIABLE_ASSIGNMENT|[1055]|namespacePrefix|"shiva15testns"
12:48:19.0 (18158127)|VARIABLE_SCOPE_BEGIN|[1055]|userLicenseId|String|false|false
12:48:19.0 (18168678)|VARIABLE_ASSIGNMENT|[1055]|userLicenseId|"Salesforce"
12:48:19.0 (18176822)|VARIABLE_SCOPE_BEGIN|[1055]|createdDate|String|false|false
12:48:19.0 (18184654)|VARIABLE_ASSIGNMENT|[1055]|createdDate|"2016-03-20 15:41:12"
12:48:19.0 (18192617)|STATEMENT_EXECUTE|[1038]
12:48:19.0 (18195704)|STATEMENT_EXECUTE|[1041]
12:48:19.0 (18198345)|STATEMENT_EXECUTE|[1043]
12:48:19.0 (18200468)|STATEMENT_EXECUTE|[1045]
12:48:19.0 (18202822)|STATEMENT_EXECUTE|[1047]
12:48:19.0 (18204988)|STATEMENT_EXECUTE|[1049]
12:48:19.0 (18207078)|STATEMENT_EXECUTE|[1051]
12:48:19.0 (18209222)|STATEMENT_EXECUTE|[1053]
12:48:19.0 (18220584)|HEAP_ALLOCATE|[1057]|Bytes:6
12:48:19.0 (18259003)|STATEMENT_EXECUTE|[1056]
12:48:19.0 (18262420)|STATEMENT_EXECUTE|[1057]
12:48:19.0 (18387654)|VARIABLE_ASSIGNMENT|[EXTERNAL]|this|{}|0x85c9037
12:48:19.0 (18401830)|VARIABLE_ASSIGNMENT|[EXTERNAL]|value|"PermissionSet_Test"
12:48:19.0 (18423217)|VARIABLE_ASSIGNMENT|[1041]|this.label|"PermissionSet_Test"|0x85c9037
12:48:19.0 (18437046)|STATEMENT_EXECUTE|[1058]
12:48:19.0 (18520995)|VARIABLE_ASSIGNMENT|[EXTERNAL]|this|{"label":"PermissionSet_Test"}|0x85c9037
12:48:19.0 (18533956)|VARIABLE_ASSIGNMENT|[EXTERNAL]|value|"PermissionSet_Test"
12:48:19.0 (18551158)|VARIABLE_ASSIGNMENT|[1043]|this.apiName|"PermissionSet_Test"|0x85c9037
12:48:19.0 (18563732)|STATEMENT_EXECUTE|[1059]
12:48:19.0 (18648181)|VARIABLE_ASSIGNMENT|[EXTERNAL]|this|{"apiName":"PermissionSet_Test","label":"PermissionSet_Test"}|0x85c9037
12:48:19.0 (18661265)|VARIABLE_ASSIGNMENT|[EXTERNAL]|value|"0PS36000000q71PGAQ"
12:48:19.0 (18672713)|VARIABLE_ASSIGNMENT|[1045]|this.id|"0PS36000000q71PGAQ"|0x85c9037
12:48:19.0 (18681422)|STATEMENT_EXECUTE|[1060]
12:48:19.0 (18745834)|VARIABLE_ASSIGNMENT|[EXTERNAL]|this|{"apiName":"PermissionSet_Test","id":"0PS36000000q71PGAQ","label":"PermissionSet_Test"}|0x85c9037
12:48:19.0 (18754717)|VARIABLE_ASSIGNMENT|[EXTERNAL]|value|"This is for testing  (11 more) ..."
12:48:19.0 (18764169)|VARIABLE_ASSIGNMENT|[1047]|this.description|"This is for testing  (11 more) ..."|0x85c9037
12:48:19.0 (18771872)|STATEMENT_EXECUTE|[1061]
12:48:19.0 (18850123)|VARIABLE_ASSIGNMENT|[EXTERNAL]|this|{"apiName":"PermissionSet_Test","description":"This is for testing  (11 more) ...","id":"0PS36000000q71PGAQ","label":"PermissionSet_Test"}|0x85c9037
12:48:19.0 (18859675)|VARIABLE_ASSIGNMENT|[EXTERNAL]|value|"shiva15testns"
12:48:19.0 (18869080)|VARIABLE_ASSIGNMENT|[1049]|this.namespacePrefix|"shiva15testns"|0x85c9037
12:48:19.0 (18877573)|STATEMENT_EXECUTE|[1062]
12:48:19.0 (18937563)|VARIABLE_ASSIGNMENT|[EXTERNAL]|this|{"apiName":"PermissionSet_Test","description":"This is for testing  (11 more) ...","id":"0PS36000000q71PGAQ","label":"PermissionSet_Test","namespacePrefix":"shiva15testns"}|0x85c9037
12:48:19.0 (18945123)|VARIABLE_ASSIGNMENT|[EXTERNAL]|value|"Salesforce"
12:48:19.0 (18953643)|VARIABLE_ASSIGNMENT|[1051]|this.userLicenseId|"Salesforce"|0x85c9037
12:48:19.0 (18961173)|STATEMENT_EXECUTE|[1063]
12:48:19.0 (19016279)|VARIABLE_ASSIGNMENT|[EXTERNAL]|this|{"apiName":"PermissionSet_Test","description":"This is for testing  (11 more) ...","id":"0PS36000000q71PGAQ","label":"PermissionSet_Test","namespacePrefix":"shiva15testns","userLicenseId":"Salesforce"}|0x85c9037
12:48:19.0 (19025149)|VARIABLE_ASSIGNMENT|[EXTERNAL]|value|"2016-03-20 15:41:12"
12:48:19.0 (19034316)|VARIABLE_ASSIGNMENT|[1053]|this.createdDate|"2016-03-20 15:41:12"|0x85c9037
12:48:19.0 (19049249)|CONSTRUCTOR_EXIT|[165]|01p36000005Jpvx|<init>(String,String,String,String,String,String,String)
12:48:19.0 (19073810)|VARIABLE_ASSIGNMENT|[165]|pSetObj|{"apiName":"PermissionSet_Test","createdDate":"2016-03-20 15:41:12","description":"This is for testing  (11 more) ...","id":"0PS36000000q71PGAQ","label":"PermissionSet_Test","namespacePrefix":"shiva15testns","userLicenseId":"Salesforce"}|0x85c9037
12:48:19.0 (19078084)|STATEMENT_EXECUTE|[167]
12:48:19.0 (19094521)|ENTERING_MANAGED_PKG|
12:48:19.0 (19119535)|HEAP_ALLOCATE|[EXTERNAL]|Bytes:4
12:48:19.0 (19127838)|STATEMENT_EXECUTE|[168]
12:48:19.0 (19314687)|HEAP_ALLOCATE|[168]|Bytes:24
12:48:19.0 (19336537)|ENTERING_MANAGED_PKG|
12:48:19.0 (19412418)|HEAP_ALLOCATE|[168]|Bytes:231
12:48:19.0 (19434532)|HEAP_ALLOCATE|[168]|Bytes:255
12:48:19.0 (19460706)|ENTERING_MANAGED_PKG|
12:48:19.0 (19474132)|USER_DEBUG|[168]|ERROR|The PermissionSet Name: PermissionSet:{Id=0PS36000000q71PGAQ, Label=PermissionSet_Test, Name=PermissionSet_Test, Description=This is for testing Description, NamespacePrefix=shiva15testns, UserLicenseId=10036000000eSpyAAE, CreatedDate=2016-03-20 22:41:12}
12:48:19.0 (19493421)|HEAP_ALLOCATE|[162]|Bytes:5
12:48:19.0 (19533689)|HEAP_ALLOCATE|[162]|Bytes:32
12:48:19.0 (19544687)|VARIABLE_SCOPE_BEGIN|[162]|PSetName|PermissionSet|true|false
12:48:19.0 (19574036)|VARIABLE_ASSIGNMENT|[162]|PSetName|{"s":1,"v":{"Id":"0PS360000017KxHGAU","Label":"Final_Test","Name":"Final_Test","Description":"Descp","NamespacePrefix":"shiva15testns","UserLicenseId":"10036000000eSpyAAE","CreatedDate":"2016-05-04T00:16:41.000Z"}}|0x77a7eb84
12:48:19.0 (19579330)|STATEMENT_EXECUTE|[162]
12:48:19.0 (19603701)|ENTERING_MANAGED_PKG|
12:48:19.0 (19627265)|STATEMENT_EXECUTE|[163]
12:48:19.0 (19629326)|STATEMENT_EXECUTE|[164]
12:48:19.0 (19634635)|HEAP_ALLOCATE|[164]|Bytes:4
12:48:19.0 (19835521)|SOQL_EXECUTE_BEGIN|[164]|Aggregations:0|SELECT Id, Name FROM UserLicense WHERE Id = :tmpVar1
12:48:19.0 (22449968)|SOQL_EXECUTE_END|[164]|Rows:1
12:48:19.0 (22467660)|HEAP_ALLOCATE|[164]|Bytes:8
12:48:19.0 (22480968)|HEAP_ALLOCATE|[164]|Bytes:47
12:48:19.0 (22499667)|HEAP_ALLOCATE|[164]|Bytes:8
12:48:19.0 (22537068)|HEAP_ALLOCATE|[164]|Bytes:12
12:48:19.0 (22548272)|VARIABLE_SCOPE_BEGIN|[164]|ulicense|UserLicense|true|false
12:48:19.0 (22570832)|VARIABLE_ASSIGNMENT|[164]|ulicense|{"s":1,"v":{"Id":"10036000000eSpyAAE","Name":"Salesforce"}}|0xa9be974
12:48:19.0 (22576154)|STATEMENT_EXECUTE|[165]
12:48:19.0 (22582170)|HEAP_ALLOCATE|[165]|Bytes:32
12:48:19.0 (22614885)|ENTERING_MANAGED_PKG|
12:48:19.0 (22621113)|HEAP_ALLOCATE|[165]|Bytes:18
12:48:19.0 (22662620)|ENTERING_MANAGED_PKG|
12:48:19.0 (22681498)|HEAP_ALLOCATE|[165]|Bytes:19
12:48:19.0 (22715325)|CONSTRUCTOR_ENTRY|[165]|01p36000005Jpvx|<init>(String,String,String,String,String,String,String)
12:48:19.0 (22723651)|VARIABLE_SCOPE_BEGIN|[1055]|this|shiva15testns.PermissionSetPortalControllers.PermissionSetClass|true|false
12:48:19.0 (22755903)|VARIABLE_ASSIGNMENT|[1055]|this|{}|0x476eddec
12:48:19.0 (22760176)|VARIABLE_SCOPE_BEGIN|[1055]|label|String|false|false
12:48:19.0 (22767231)|VARIABLE_ASSIGNMENT|[1055]|label|"Final_Test"
12:48:19.0 (22770074)|VARIABLE_SCOPE_BEGIN|[1055]|apiName|String|false|false
12:48:19.0 (22774366)|VARIABLE_ASSIGNMENT|[1055]|apiName|"Final_Test"
12:48:19.0 (22777590)|VARIABLE_SCOPE_BEGIN|[1055]|id|String|false|false
12:48:19.0 (22783858)|VARIABLE_ASSIGNMENT|[1055]|id|"0PS360000017KxHGAU"
12:48:19.0 (22787166)|VARIABLE_SCOPE_BEGIN|[1055]|description|String|false|false
12:48:19.0 (22792525)|VARIABLE_ASSIGNMENT|[1055]|description|"Descp"
12:48:19.0 (22795660)|VARIABLE_SCOPE_BEGIN|[1055]|namespacePrefix|String|false|false
12:48:19.0 (22801127)|VARIABLE_ASSIGNMENT|[1055]|namespacePrefix|"shiva15testns"
12:48:19.0 (22803884)|VARIABLE_SCOPE_BEGIN|[1055]|userLicenseId|String|false|false
12:48:19.0 (22808861)|VARIABLE_ASSIGNMENT|[1055]|userLicenseId|"Salesforce"
12:48:19.0 (22811769)|VARIABLE_SCOPE_BEGIN|[1055]|createdDate|String|false|false
12:48:19.0 (22816825)|VARIABLE_ASSIGNMENT|[1055]|createdDate|"2016-05-03 17:16:41"
12:48:19.0 (22821295)|STATEMENT_EXECUTE|[1038]
12:48:19.0 (22823471)|STATEMENT_EXECUTE|[1041]
12:48:19.0 (22825578)|STATEMENT_EXECUTE|[1043]
12:48:19.0 (22827178)|STATEMENT_EXECUTE|[1045]
12:48:19.0 (22829247)|STATEMENT_EXECUTE|[1047]
12:48:19.0 (22831579)|STATEMENT_EXECUTE|[1049]
12:48:19.0 (22833434)|STATEMENT_EXECUTE|[1051]
12:48:19.0 (22835180)|STATEMENT_EXECUTE|[1053]
12:48:19.0 (22852752)|STATEMENT_EXECUTE|[1056]
12:48:19.0 (22855353)|STATEMENT_EXECUTE|[1057]
12:48:19.0 (22889542)|VARIABLE_ASSIGNMENT|[EXTERNAL]|this|{}|0x476eddec
12:48:19.0 (22897848)|VARIABLE_ASSIGNMENT|[EXTERNAL]|value|"Final_Test"
12:48:19.0 (22909503)|VARIABLE_ASSIGNMENT|[1041]|this.label|"Final_Test"|0x476eddec
12:48:19.0 (22919484)|STATEMENT_EXECUTE|[1058]
12:48:19.0 (22953585)|VARIABLE_ASSIGNMENT|[EXTERNAL]|this|{"label":"Final_Test"}|0x476eddec
12:48:19.0 (22961404)|VARIABLE_ASSIGNMENT|[EXTERNAL]|value|"Final_Test"
12:48:19.0 (22971624)|VARIABLE_ASSIGNMENT|[1043]|this.apiName|"Final_Test"|0x476eddec
12:48:19.0 (22980482)|STATEMENT_EXECUTE|[1059]
12:48:19.0 (23014179)|VARIABLE_ASSIGNMENT|[EXTERNAL]|this|{"apiName":"Final_Test","label":"Final_Test"}|0x476eddec
12:48:19.0 (23023283)|VARIABLE_ASSIGNMENT|[EXTERNAL]|value|"0PS360000017KxHGAU"
12:48:19.0 (23032878)|VARIABLE_ASSIGNMENT|[1045]|this.id|"0PS360000017KxHGAU"|0x476eddec
12:48:19.0 (23042791)|STATEMENT_EXECUTE|[1060]
12:48:19.0 (23077689)|VARIABLE_ASSIGNMENT|[EXTERNAL]|this|{"apiName":"Final_Test","id":"0PS360000017KxHGAU","label":"Final_Test"}|0x476eddec
12:48:19.0 (23085255)|VARIABLE_ASSIGNMENT|[EXTERNAL]|value|"Descp"
12:48:19.0 (23094743)|VARIABLE_ASSIGNMENT|[1047]|this.description|"Descp"|0x476eddec
12:48:19.0 (23103469)|STATEMENT_EXECUTE|[1061]
12:48:19.0 (23137587)|VARIABLE_ASSIGNMENT|[EXTERNAL]|this|{"apiName":"Final_Test","description":"Descp","id":"0PS360000017KxHGAU","label":"Final_Test"}|0x476eddec
12:48:19.0 (23145448)|VARIABLE_ASSIGNMENT|[EXTERNAL]|value|"shiva15testns"
12:48:19.0 (23154979)|VARIABLE_ASSIGNMENT|[1049]|this.namespacePrefix|"shiva15testns"|0x476eddec
12:48:19.0 (23163707)|STATEMENT_EXECUTE|[1062]
12:48:19.0 (23199852)|VARIABLE_ASSIGNMENT|[EXTERNAL]|this|{"apiName":"Final_Test","description":"Descp","id":"0PS360000017KxHGAU","label":"Final_Test","namespacePrefix":"shiva15testns"}|0x476eddec
12:48:19.0 (23207754)|VARIABLE_ASSIGNMENT|[EXTERNAL]|value|"Salesforce"
12:48:19.0 (23217152)|VARIABLE_ASSIGNMENT|[1051]|this.userLicenseId|"Salesforce"|0x476eddec
12:48:19.0 (23227472)|STATEMENT_EXECUTE|[1063]
12:48:19.0 (23267479)|VARIABLE_ASSIGNMENT|[EXTERNAL]|this|{"apiName":"Final_Test","description":"Descp","id":"0PS360000017KxHGAU","label":"Final_Test","namespacePrefix":"shiva15testns","userLicenseId":"Salesforce"}|0x476eddec
12:48:19.0 (23276128)|VARIABLE_ASSIGNMENT|[EXTERNAL]|value|"2016-05-03 17:16:41"
12:48:19.0 (23286542)|VARIABLE_ASSIGNMENT|[1053]|this.createdDate|"2016-05-03 17:16:41"|0x476eddec
12:48:19.0 (23305901)|CONSTRUCTOR_EXIT|[165]|01p36000005Jpvx|<init>(String,String,String,String,String,String,String)
12:48:19.0 (23339553)|VARIABLE_ASSIGNMENT|[165]|pSetObj|{"apiName":"Final_Test","createdDate":"2016-05-03 17:16:41","description":"Descp","id":"0PS360000017KxHGAU","label":"Final_Test","namespacePrefix":"shiva15testns","userLicenseId":"Salesforce"}|0x476eddec
12:48:19.0 (23344848)|STATEMENT_EXECUTE|[167]
12:48:19.0 (23359213)|ENTERING_MANAGED_PKG|
12:48:19.0 (23366741)|HEAP_ALLOCATE|[EXTERNAL]|Bytes:4
12:48:19.0 (23375620)|STATEMENT_EXECUTE|[168]
12:48:19.0 (23394431)|ENTERING_MANAGED_PKG|
12:48:19.0 (23464711)|HEAP_ALLOCATE|[168]|Bytes:189
12:48:19.0 (23485684)|HEAP_ALLOCATE|[168]|Bytes:213
12:48:19.0 (23501973)|ENTERING_MANAGED_PKG|
12:48:19.0 (23511023)|USER_DEBUG|[168]|ERROR|The PermissionSet Name: PermissionSet:{Id=0PS360000017KxHGAU, Label=Final_Test, Name=Final_Test, Description=Descp, NamespacePrefix=shiva15testns, UserLicenseId=10036000000eSpyAAE, CreatedDate=2016-05-04 00:16:41}
12:48:19.0 (23532435)|HEAP_ALLOCATE|[162]|Bytes:5
12:48:19.0 (23564015)|HEAP_ALLOCATE|[162]|Bytes:32
12:48:19.0 (23576528)|VARIABLE_SCOPE_BEGIN|[162]|PSetName|PermissionSet|true|false
12:48:19.0 (23609090)|VARIABLE_ASSIGNMENT|[162]|PSetName|{"s":1,"v":{"Id":"0PS360000017LExGAM","Label":"Final_Test_1","Name":"Final_Test_1","Description":"Descp","NamespacePrefix":"shiva15testns","UserLicenseId":"10036000000eSpyAAE","CreatedDate":"2016-05-04T00:43:23.000Z"}}|0x7650dccd
12:48:19.0 (23615258)|STATEMENT_EXECUTE|[162]
12:48:19.0 (23645155)|ENTERING_MANAGED_PKG|
12:48:19.0 (23660811)|STATEMENT_EXECUTE|[163]
12:48:19.0 (23663247)|STATEMENT_EXECUTE|[164]
12:48:19.0 (23668997)|HEAP_ALLOCATE|[164]|Bytes:4
12:48:19.0 (23889604)|SOQL_EXECUTE_BEGIN|[164]|Aggregations:0|SELECT Id, Name FROM UserLicense WHERE Id = :tmpVar1
12:48:19.0 (25976956)|SOQL_EXECUTE_END|[164]|Rows:1
12:48:19.0 (25993637)|HEAP_ALLOCATE|[164]|Bytes:8
12:48:19.0 (26006304)|HEAP_ALLOCATE|[164]|Bytes:47
12:48:19.0 (26024240)|HEAP_ALLOCATE|[164]|Bytes:8
12:48:19.0 (26057765)|HEAP_ALLOCATE|[164]|Bytes:12
12:48:19.0 (26068229)|VARIABLE_SCOPE_BEGIN|[164]|ulicense|UserLicense|true|false
12:48:19.0 (26090621)|VARIABLE_ASSIGNMENT|[164]|ulicense|{"s":1,"v":{"Id":"10036000000eSpyAAE","Name":"Salesforce"}}|0x6f918f5a
12:48:19.0 (26095517)|STATEMENT_EXECUTE|[165]
12:48:19.0 (26101797)|HEAP_ALLOCATE|[165]|Bytes:32
12:48:19.0 (26133811)|ENTERING_MANAGED_PKG|
12:48:19.0 (26140501)|HEAP_ALLOCATE|[165]|Bytes:18
12:48:19.0 (26181946)|ENTERING_MANAGED_PKG|
12:48:19.0 (26199429)|HEAP_ALLOCATE|[165]|Bytes:19
12:48:19.0 (26225877)|CONSTRUCTOR_ENTRY|[165]|01p36000005Jpvx|<init>(String,String,String,String,String,String,String)
12:48:19.0 (26233073)|VARIABLE_SCOPE_BEGIN|[1055]|this|shiva15testns.PermissionSetPortalControllers.PermissionSetClass|true|false
12:48:19.0 (26263254)|VARIABLE_ASSIGNMENT|[1055]|this|{}|0x35ef38ec
12:48:19.0 (26268274)|VARIABLE_SCOPE_BEGIN|[1055]|label|String|false|false
12:48:19.0 (26275076)|VARIABLE_ASSIGNMENT|[1055]|label|"Final_Test_1"
12:48:19.0 (26278491)|VARIABLE_SCOPE_BEGIN|[1055]|apiName|String|false|false
12:48:19.0 (26283080)|VARIABLE_ASSIGNMENT|[1055]|apiName|"Final_Test_1"
12:48:19.0 (26285930)|VARIABLE_SCOPE_BEGIN|[1055]|id|String|false|false
12:48:19.0 (26291030)|VARIABLE_ASSIGNMENT|[1055]|id|"0PS360000017LExGAM"
12:48:19.0 (26293761)|VARIABLE_SCOPE_BEGIN|[1055]|description|String|false|false
12:48:19.0 (26298810)|VARIABLE_ASSIGNMENT|[1055]|description|"Descp"
12:48:19.0 (26301425)|VARIABLE_SCOPE_BEGIN|[1055]|namespacePrefix|String|false|false
12:48:19.0 (26306874)|VARIABLE_ASSIGNMENT|[1055]|namespacePrefix|"shiva15testns"
12:48:19.0 (26309475)|VARIABLE_SCOPE_BEGIN|[1055]|userLicenseId|String|false|false
12:48:19.0 (26314532)|VARIABLE_ASSIGNMENT|[1055]|userLicenseId|"Salesforce"
12:48:19.0 (26317485)|VARIABLE_SCOPE_BEGIN|[1055]|createdDate|String|false|false
12:48:19.0 (26322940)|VARIABLE_ASSIGNMENT|[1055]|createdDate|"2016-05-03 17:43:23"
12:48:19.0 (26327210)|STATEMENT_EXECUTE|[1038]
12:48:19.0 (26329547)|STATEMENT_EXECUTE|[1041]
12:48:19.0 (26331968)|STATEMENT_EXECUTE|[1043]
12:48:19.0 (26334089)|STATEMENT_EXECUTE|[1045]
12:48:19.0 (26336162)|STATEMENT_EXECUTE|[1047]
12:48:19.0 (26337919)|STATEMENT_EXECUTE|[1049]
12:48:19.0 (26339647)|STATEMENT_EXECUTE|[1051]
12:48:19.0 (26341252)|STATEMENT_EXECUTE|[1053]
12:48:19.0 (26357566)|STATEMENT_EXECUTE|[1056]
12:48:19.0 (26360450)|STATEMENT_EXECUTE|[1057]
12:48:19.0 (26393479)|VARIABLE_ASSIGNMENT|[EXTERNAL]|this|{}|0x35ef38ec
12:48:19.0 (26401177)|VARIABLE_ASSIGNMENT|[EXTERNAL]|value|"Final_Test_1"
12:48:19.0 (26412059)|VARIABLE_ASSIGNMENT|[1041]|this.label|"Final_Test_1"|0x35ef38ec
12:48:19.0 (26421229)|STATEMENT_EXECUTE|[1058]
12:48:19.0 (26453686)|VARIABLE_ASSIGNMENT|[EXTERNAL]|this|{"label":"Final_Test_1"}|0x35ef38ec
12:48:19.0 (26461083)|VARIABLE_ASSIGNMENT|[EXTERNAL]|value|"Final_Test_1"
12:48:19.0 (26471088)|VARIABLE_ASSIGNMENT|[1043]|this.apiName|"Final_Test_1"|0x35ef38ec
12:48:19.0 (26479917)|STATEMENT_EXECUTE|[1059]
12:48:19.0 (26514724)|VARIABLE_ASSIGNMENT|[EXTERNAL]|this|{"apiName":"Final_Test_1","label":"Final_Test_1"}|0x35ef38ec
12:48:19.0 (26523077)|VARIABLE_ASSIGNMENT|[EXTERNAL]|value|"0PS360000017LExGAM"
12:48:19.0 (26533207)|VARIABLE_ASSIGNMENT|[1045]|this.id|"0PS360000017LExGAM"|0x35ef38ec
12:48:19.0 (26541543)|STATEMENT_EXECUTE|[1060]
12:48:19.0 (26574976)|VARIABLE_ASSIGNMENT|[EXTERNAL]|this|{"apiName":"Final_Test_1","id":"0PS360000017LExGAM","label":"Final_Test_1"}|0x35ef38ec
12:48:19.0 (26582625)|VARIABLE_ASSIGNMENT|[EXTERNAL]|value|"Descp"
12:48:19.0 (26591728)|VARIABLE_ASSIGNMENT|[1047]|this.description|"Descp"|0x35ef38ec
12:48:19.0 (26600422)|STATEMENT_EXECUTE|[1061]
12:48:19.0 (26635806)|VARIABLE_ASSIGNMENT|[EXTERNAL]|this|{"apiName":"Final_Test_1","description":"Descp","id":"0PS360000017LExGAM","label":"Final_Test_1"}|0x35ef38ec
12:48:19.0 (26644500)|VARIABLE_ASSIGNMENT|[EXTERNAL]|value|"shiva15testns"
12:48:19.0 (26654259)|VARIABLE_ASSIGNMENT|[1049]|this.namespacePrefix|"shiva15testns"|0x35ef38ec
12:48:19.0 (26663345)|STATEMENT_EXECUTE|[1062]
12:48:19.0 (26705242)|VARIABLE_ASSIGNMENT|[EXTERNAL]|this|{"apiName":"Final_Test_1","description":"Descp","id":"0PS360000017LExGAM","label":"Final_Test_1","namespacePrefix":"shiva15testns"}|0x35ef38ec
12:48:19.0 (26713484)|VARIABLE_ASSIGNMENT|[EXTERNAL]|value|"Salesforce"
12:48:19.0 (26724148)|VARIABLE_ASSIGNMENT|[1051]|this.userLicenseId|"Salesforce"|0x35ef38ec
12:48:19.0 (26733801)|STATEMENT_EXECUTE|[1063]
12:48:19.0 (26771389)|VARIABLE_ASSIGNMENT|[EXTERNAL]|this|{"apiName":"Final_Test_1","description":"Descp","id":"0PS360000017LExGAM","label":"Final_Test_1","namespacePrefix":"shiva15testns","userLicenseId":"Salesforce"}|0x35ef38ec
12:48:19.0 (26779579)|VARIABLE_ASSIGNMENT|[EXTERNAL]|value|"2016-05-03 17:43:23"
12:48:19.0 (26790282)|VARIABLE_ASSIGNMENT|[1053]|this.createdDate|"2016-05-03 17:43:23"|0x35ef38ec
12:48:19.0 (26809971)|CONSTRUCTOR_EXIT|[165]|01p36000005Jpvx|<init>(String,String,String,String,String,String,String)
12:48:19.0 (26843231)|VARIABLE_ASSIGNMENT|[165]|pSetObj|{"apiName":"Final_Test_1","createdDate":"2016-05-03 17:43:23","description":"Descp","id":"0PS360000017LExGAM","label":"Final_Test_1","namespacePrefix":"shiva15testns","userLicenseId":"Salesforce"}|0x35ef38ec
12:48:19.0 (26848788)|STATEMENT_EXECUTE|[167]
12:48:19.0 (26863257)|ENTERING_MANAGED_PKG|
12:48:19.0 (26870251)|HEAP_ALLOCATE|[EXTERNAL]|Bytes:4
12:48:19.0 (26878327)|STATEMENT_EXECUTE|[168]
12:48:19.0 (26896327)|ENTERING_MANAGED_PKG|
12:48:19.0 (26966855)|HEAP_ALLOCATE|[168]|Bytes:193
12:48:19.0 (26988193)|HEAP_ALLOCATE|[168]|Bytes:217
12:48:19.0 (27005307)|ENTERING_MANAGED_PKG|
12:48:19.0 (27014948)|USER_DEBUG|[168]|ERROR|The PermissionSet Name: PermissionSet:{Id=0PS360000017LExGAM, Label=Final_Test_1, Name=Final_Test_1, Description=Descp, NamespacePrefix=shiva15testns, UserLicenseId=10036000000eSpyAAE, CreatedDate=2016-05-04 00:43:23}
12:48:19.0 (27036666)|HEAP_ALLOCATE|[162]|Bytes:5
12:48:19.0 (27066733)|HEAP_ALLOCATE|[162]|Bytes:28
12:48:19.0 (27077515)|VARIABLE_SCOPE_BEGIN|[162]|PSetName|PermissionSet|true|false
12:48:19.0 (27107675)|VARIABLE_ASSIGNMENT|[162]|PSetName|{"s":1,"v":{"Id":"0PS360000017LF2GAM","Label":"Final_Test_2","Name":"Final_Test_2","NamespacePrefix":"shiva15testns","UserLicenseId":"10036000000eSpyAAE","CreatedDate":"2016-05-04T00:44:15.000Z"}}|0x552ab727
12:48:19.0 (27114184)|STATEMENT_EXECUTE|[162]
12:48:19.0 (27143338)|ENTERING_MANAGED_PKG|
12:48:19.0 (27158694)|STATEMENT_EXECUTE|[163]
12:48:19.0 (27161305)|STATEMENT_EXECUTE|[164]
12:48:19.0 (27166798)|HEAP_ALLOCATE|[164]|Bytes:4
12:48:19.0 (27378895)|SOQL_EXECUTE_BEGIN|[164]|Aggregations:0|SELECT Id, Name FROM UserLicense WHERE Id = :tmpVar1
12:48:19.0 (29132415)|SOQL_EXECUTE_END|[164]|Rows:1
12:48:19.0 (29149206)|HEAP_ALLOCATE|[164]|Bytes:8
12:48:19.0 (29162136)|HEAP_ALLOCATE|[164]|Bytes:47
12:48:19.0 (29178963)|HEAP_ALLOCATE|[164]|Bytes:8
12:48:19.0 (29213307)|HEAP_ALLOCATE|[164]|Bytes:12
12:48:19.0 (29223456)|VARIABLE_SCOPE_BEGIN|[164]|ulicense|UserLicense|true|false
12:48:19.0 (29246581)|VARIABLE_ASSIGNMENT|[164]|ulicense|{"s":1,"v":{"Id":"10036000000eSpyAAE","Name":"Salesforce"}}|0x20ca6012
12:48:19.0 (29252286)|STATEMENT_EXECUTE|[165]
12:48:19.0 (29258886)|HEAP_ALLOCATE|[165]|Bytes:32
12:48:19.0 (29292886)|ENTERING_MANAGED_PKG|
12:48:19.0 (29299696)|HEAP_ALLOCATE|[165]|Bytes:18
12:48:19.0 (29340255)|ENTERING_MANAGED_PKG|
12:48:19.0 (29359750)|HEAP_ALLOCATE|[165]|Bytes:19
12:48:19.0 (29388234)|CONSTRUCTOR_ENTRY|[165]|01p36000005Jpvx|<init>(String,String,String,String,String,String,String)
12:48:19.0 (29395838)|VARIABLE_SCOPE_BEGIN|[1055]|this|shiva15testns.PermissionSetPortalControllers.PermissionSetClass|true|false
12:48:19.0 (29427625)|VARIABLE_ASSIGNMENT|[1055]|this|{}|0xa7790b
12:48:19.0 (29431704)|VARIABLE_SCOPE_BEGIN|[1055]|label|String|false|false
12:48:19.0 (29438588)|VARIABLE_ASSIGNMENT|[1055]|label|"Final_Test_2"
12:48:19.0 (29441755)|VARIABLE_SCOPE_BEGIN|[1055]|apiName|String|false|false
12:48:19.0 (29447204)|VARIABLE_ASSIGNMENT|[1055]|apiName|"Final_Test_2"
12:48:19.0 (29449815)|VARIABLE_SCOPE_BEGIN|[1055]|id|String|false|false
12:48:19.0 (29454494)|VARIABLE_ASSIGNMENT|[1055]|id|"0PS360000017LF2GAM"
12:48:19.0 (29457468)|VARIABLE_SCOPE_BEGIN|[1055]|description|String|false|false
12:48:19.0 (29463040)|VARIABLE_ASSIGNMENT|[1055]|description|null
12:48:19.0 (29465418)|VARIABLE_SCOPE_BEGIN|[1055]|namespacePrefix|String|false|false
12:48:19.0 (29470691)|VARIABLE_ASSIGNMENT|[1055]|namespacePrefix|"shiva15testns"
12:48:19.0 (29473345)|VARIABLE_SCOPE_BEGIN|[1055]|userLicenseId|String|false|false
12:48:19.0 (29478233)|VARIABLE_ASSIGNMENT|[1055]|userLicenseId|"Salesforce"
12:48:19.0 (29481402)|VARIABLE_SCOPE_BEGIN|[1055]|createdDate|String|false|false
12:48:19.0 (29487389)|VARIABLE_ASSIGNMENT|[1055]|createdDate|"2016-05-03 17:44:15"
12:48:19.0 (29493073)|STATEMENT_EXECUTE|[1038]
12:48:19.0 (29496255)|STATEMENT_EXECUTE|[1041]
12:48:19.0 (29498653)|STATEMENT_EXECUTE|[1043]
12:48:19.0 (29500576)|STATEMENT_EXECUTE|[1045]
12:48:19.0 (29502335)|STATEMENT_EXECUTE|[1047]
12:48:19.0 (29504381)|STATEMENT_EXECUTE|[1049]
12:48:19.0 (29506515)|STATEMENT_EXECUTE|[1051]
12:48:19.0 (29508460)|STATEMENT_EXECUTE|[1053]
12:48:19.0 (29526072)|STATEMENT_EXECUTE|[1056]
12:48:19.0 (29528536)|STATEMENT_EXECUTE|[1057]
12:48:19.0 (29562246)|VARIABLE_ASSIGNMENT|[EXTERNAL]|this|{}|0xa7790b
12:48:19.0 (29574912)|VARIABLE_ASSIGNMENT|[EXTERNAL]|value|"Final_Test_2"
12:48:19.0 (29587176)|VARIABLE_ASSIGNMENT|[1041]|this.label|"Final_Test_2"|0xa7790b
12:48:19.0 (29596378)|STATEMENT_EXECUTE|[1058]
12:48:19.0 (29631549)|VARIABLE_ASSIGNMENT|[EXTERNAL]|this|{"label":"Final_Test_2"}|0xa7790b
12:48:19.0 (29640322)|VARIABLE_ASSIGNMENT|[EXTERNAL]|value|"Final_Test_2"
12:48:19.0 (29653804)|VARIABLE_ASSIGNMENT|[1043]|this.apiName|"Final_Test_2"|0xa7790b
12:48:19.0 (29664587)|STATEMENT_EXECUTE|[1059]
12:48:19.0 (29706084)|VARIABLE_ASSIGNMENT|[EXTERNAL]|this|{"apiName":"Final_Test_2","label":"Final_Test_2"}|0xa7790b
12:48:19.0 (29714399)|VARIABLE_ASSIGNMENT|[EXTERNAL]|value|"0PS360000017LF2GAM"
12:48:19.0 (29725079)|VARIABLE_ASSIGNMENT|[1045]|this.id|"0PS360000017LF2GAM"|0xa7790b
12:48:19.0 (29733875)|STATEMENT_EXECUTE|[1060]
12:48:19.0 (29768386)|VARIABLE_ASSIGNMENT|[EXTERNAL]|this|{"apiName":"Final_Test_2","id":"0PS360000017LF2GAM","label":"Final_Test_2"}|0xa7790b
12:48:19.0 (29775722)|VARIABLE_ASSIGNMENT|[EXTERNAL]|value|null
12:48:19.0 (29784871)|VARIABLE_ASSIGNMENT|[1047]|this.description|null|0xa7790b
12:48:19.0 (29793039)|STATEMENT_EXECUTE|[1061]
12:48:19.0 (29826287)|VARIABLE_ASSIGNMENT|[EXTERNAL]|this|{"apiName":"Final_Test_2","id":"0PS360000017LF2GAM","label":"Final_Test_2"}|0xa7790b
12:48:19.0 (29833625)|VARIABLE_ASSIGNMENT|[EXTERNAL]|value|"shiva15testns"
12:48:19.0 (29843357)|VARIABLE_ASSIGNMENT|[1049]|this.namespacePrefix|"shiva15testns"|0xa7790b
12:48:19.0 (29851968)|STATEMENT_EXECUTE|[1062]
12:48:19.0 (29886994)|VARIABLE_ASSIGNMENT|[EXTERNAL]|this|{"apiName":"Final_Test_2","id":"0PS360000017LF2GAM","label":"Final_Test_2","namespacePrefix":"shiva15testns"}|0xa7790b
12:48:19.0 (29895230)|VARIABLE_ASSIGNMENT|[EXTERNAL]|value|"Salesforce"
12:48:19.0 (29905175)|VARIABLE_ASSIGNMENT|[1051]|this.userLicenseId|"Salesforce"|0xa7790b
12:48:19.0 (29915246)|STATEMENT_EXECUTE|[1063]
12:48:19.0 (29951446)|VARIABLE_ASSIGNMENT|[EXTERNAL]|this|{"apiName":"Final_Test_2","id":"0PS360000017LF2GAM","label":"Final_Test_2","namespacePrefix":"shiva15testns","userLicenseId":"Salesforce"}|0xa7790b
12:48:19.0 (29960256)|VARIABLE_ASSIGNMENT|[EXTERNAL]|value|"2016-05-03 17:44:15"
12:48:19.0 (29969394)|VARIABLE_ASSIGNMENT|[1053]|this.createdDate|"2016-05-03 17:44:15"|0xa7790b
12:48:19.0 (29988514)|CONSTRUCTOR_EXIT|[165]|01p36000005Jpvx|<init>(String,String,String,String,String,String,String)
12:48:19.0 (30020918)|VARIABLE_ASSIGNMENT|[165]|pSetObj|{"apiName":"Final_Test_2","createdDate":"2016-05-03 17:44:15","id":"0PS360000017LF2GAM","label":"Final_Test_2","namespacePrefix":"shiva15testns","userLicenseId":"Salesforce"}|0xa7790b
12:48:19.0 (30026413)|STATEMENT_EXECUTE|[167]
12:48:19.0 (30040675)|ENTERING_MANAGED_PKG|
12:48:19.0 (30047531)|HEAP_ALLOCATE|[EXTERNAL]|Bytes:4
12:48:19.0 (30055451)|STATEMENT_EXECUTE|[168]
12:48:19.0 (30073545)|ENTERING_MANAGED_PKG|
12:48:19.0 (30136255)|HEAP_ALLOCATE|[168]|Bytes:174
12:48:19.0 (30156706)|HEAP_ALLOCATE|[168]|Bytes:198
12:48:19.0 (30173563)|ENTERING_MANAGED_PKG|
12:48:19.0 (30182936)|USER_DEBUG|[168]|ERROR|The PermissionSet Name: PermissionSet:{Id=0PS360000017LF2GAM, Label=Final_Test_2, Name=Final_Test_2, NamespacePrefix=shiva15testns, UserLicenseId=10036000000eSpyAAE, CreatedDate=2016-05-04 00:44:15}
12:48:19.0 (30203516)|HEAP_ALLOCATE|[162]|Bytes:5
12:48:19.0 (30232814)|HEAP_ALLOCATE|[162]|Bytes:28
12:48:19.0 (30243654)|VARIABLE_SCOPE_BEGIN|[162]|PSetName|PermissionSet|true|false
12:48:19.0 (30273581)|VARIABLE_ASSIGNMENT|[162]|PSetName|{"s":1,"v":{"Id":"0PS360000017LFMGA2","Label":"Final_Test_3","Name":"Final_Test_3","NamespacePrefix":"shiva15testns","UserLicenseId":"10036000000eSpyAAE","CreatedDate":"2016-05-04T00:45:07.000Z"}}|0x6e8acf7a
12:48:19.0 (30279045)|STATEMENT_EXECUTE|[162]
12:48:19.0 (30307525)|ENTERING_MANAGED_PKG|
12:48:19.0 (30321765)|STATEMENT_EXECUTE|[163]
12:48:19.0 (30324187)|STATEMENT_EXECUTE|[164]
12:48:19.0 (30329761)|HEAP_ALLOCATE|[164]|Bytes:4
12:48:19.0 (30542850)|SOQL_EXECUTE_BEGIN|[164]|Aggregations:0|SELECT Id, Name FROM UserLicense WHERE Id = :tmpVar1
12:48:19.0 (32472101)|SOQL_EXECUTE_END|[164]|Rows:1
12:48:19.0 (32490133)|HEAP_ALLOCATE|[164]|Bytes:8
12:48:19.0 (32503737)|HEAP_ALLOCATE|[164]|Bytes:47
12:48:19.0 (32522931)|HEAP_ALLOCATE|[164]|Bytes:8
12:48:19.0 (32562435)|HEAP_ALLOCATE|[164]|Bytes:12
12:48:19.0 (32574175)|VARIABLE_SCOPE_BEGIN|[164]|ulicense|UserLicense|true|false
12:48:19.0 (32597521)|VARIABLE_ASSIGNMENT|[164]|ulicense|{"s":1,"v":{"Id":"10036000000eSpyAAE","Name":"Salesforce"}}|0x69bdbdf7
12:48:19.0 (32602890)|STATEMENT_EXECUTE|[165]
12:48:19.0 (32609424)|HEAP_ALLOCATE|[165]|Bytes:32
12:48:19.0 (32643957)|ENTERING_MANAGED_PKG|
12:48:19.0 (32650977)|HEAP_ALLOCATE|[165]|Bytes:18
12:48:19.0 (32693146)|ENTERING_MANAGED_PKG|
12:48:19.0 (32716547)|HEAP_ALLOCATE|[165]|Bytes:19
12:48:19.0 (32746570)|CONSTRUCTOR_ENTRY|[165]|01p36000005Jpvx|<init>(String,String,String,String,String,String,String)
12:48:19.0 (32754706)|VARIABLE_SCOPE_BEGIN|[1055]|this|shiva15testns.PermissionSetPortalControllers.PermissionSetClass|true|false
12:48:19.0 (32786925)|VARIABLE_ASSIGNMENT|[1055]|this|{}|0x1985c21f
12:48:19.0 (32791982)|VARIABLE_SCOPE_BEGIN|[1055]|label|String|false|false
12:48:19.0 (32799421)|VARIABLE_ASSIGNMENT|[1055]|label|"Final_Test_3"
12:48:19.0 (32802506)|VARIABLE_SCOPE_BEGIN|[1055]|apiName|String|false|false
12:48:19.0 (32807591)|VARIABLE_ASSIGNMENT|[1055]|apiName|"Final_Test_3"
12:48:19.0 (32810973)|VARIABLE_SCOPE_BEGIN|[1055]|id|String|false|false
12:48:19.0 (32817089)|VARIABLE_ASSIGNMENT|[1055]|id|"0PS360000017LFMGA2"
12:48:19.0 (32820771)|VARIABLE_SCOPE_BEGIN|[1055]|description|String|false|false
12:48:19.0 (32825813)|VARIABLE_ASSIGNMENT|[1055]|description|null
12:48:19.0 (32828700)|VARIABLE_SCOPE_BEGIN|[1055]|namespacePrefix|String|false|false
12:48:19.0 (32833855)|VARIABLE_ASSIGNMENT|[1055]|namespacePrefix|"shiva15testns"
12:48:19.0 (32836667)|VARIABLE_SCOPE_BEGIN|[1055]|userLicenseId|String|false|false
12:48:19.0 (32841343)|VARIABLE_ASSIGNMENT|[1055]|userLicenseId|"Salesforce"
12:48:19.0 (32844093)|VARIABLE_SCOPE_BEGIN|[1055]|createdDate|String|false|false
12:48:19.0 (32848965)|VARIABLE_ASSIGNMENT|[1055]|createdDate|"2016-05-03 17:45:07"
12:48:19.0 (32853729)|STATEMENT_EXECUTE|[1038]
12:48:19.0 (32856038)|STATEMENT_EXECUTE|[1041]
12:48:19.0 (32858208)|STATEMENT_EXECUTE|[1043]
12:48:19.0 (32859892)|STATEMENT_EXECUTE|[1045]
12:48:19.0 (32861859)|STATEMENT_EXECUTE|[1047]
12:48:19.0 (32863693)|STATEMENT_EXECUTE|[1049]
12:48:19.0 (32865553)|STATEMENT_EXECUTE|[1051]
12:48:19.0 (32867326)|STATEMENT_EXECUTE|[1053]
12:48:19.0 (32885126)|STATEMENT_EXECUTE|[1056]
12:48:19.0 (32887827)|STATEMENT_EXECUTE|[1057]
12:48:19.0 (32925576)|VARIABLE_ASSIGNMENT|[EXTERNAL]|this|{}|0x1985c21f
12:48:19.0 (32934750)|VARIABLE_ASSIGNMENT|[EXTERNAL]|value|"Final_Test_3"
12:48:19.0 (32946913)|VARIABLE_ASSIGNMENT|[1041]|this.label|"Final_Test_3"|0x1985c21f
12:48:19.0 (32957382)|STATEMENT_EXECUTE|[1058]
12:48:19.0 (32993157)|VARIABLE_ASSIGNMENT|[EXTERNAL]|this|{"label":"Final_Test_3"}|0x1985c21f
12:48:19.0 (33001663)|VARIABLE_ASSIGNMENT|[EXTERNAL]|value|"Final_Test_3"
12:48:19.0 (33013055)|VARIABLE_ASSIGNMENT|[1043]|this.apiName|"Final_Test_3"|0x1985c21f
12:48:19.0 (33022626)|STATEMENT_EXECUTE|[1059]
12:48:19.0 (33057930)|VARIABLE_ASSIGNMENT|[EXTERNAL]|this|{"apiName":"Final_Test_3","label":"Final_Test_3"}|0x1985c21f
12:48:19.0 (33066674)|VARIABLE_ASSIGNMENT|[EXTERNAL]|value|"0PS360000017LFMGA2"
12:48:19.0 (33077241)|VARIABLE_ASSIGNMENT|[1045]|this.id|"0PS360000017LFMGA2"|0x1985c21f
12:48:19.0 (33086387)|STATEMENT_EXECUTE|[1060]
12:48:19.0 (33123631)|VARIABLE_ASSIGNMENT|[EXTERNAL]|this|{"apiName":"Final_Test_3","id":"0PS360000017LFMGA2","label":"Final_Test_3"}|0x1985c21f
12:48:19.0 (33131784)|VARIABLE_ASSIGNMENT|[EXTERNAL]|value|null
12:48:19.0 (33141666)|VARIABLE_ASSIGNMENT|[1047]|this.description|null|0x1985c21f
12:48:19.0 (33151310)|STATEMENT_EXECUTE|[1061]
12:48:19.0 (33188110)|VARIABLE_ASSIGNMENT|[EXTERNAL]|this|{"apiName":"Final_Test_3","id":"0PS360000017LFMGA2","label":"Final_Test_3"}|0x1985c21f
12:48:19.0 (33196035)|VARIABLE_ASSIGNMENT|[EXTERNAL]|value|"shiva15testns"
12:48:19.0 (33206190)|VARIABLE_ASSIGNMENT|[1049]|this.namespacePrefix|"shiva15testns"|0x1985c21f
12:48:19.0 (33215698)|STATEMENT_EXECUTE|[1062]
12:48:19.0 (33252978)|VARIABLE_ASSIGNMENT|[EXTERNAL]|this|{"apiName":"Final_Test_3","id":"0PS360000017LFMGA2","label":"Final_Test_3","namespacePrefix":"shiva15testns"}|0x1985c21f
12:48:19.0 (33261590)|VARIABLE_ASSIGNMENT|[EXTERNAL]|value|"Salesforce"
12:48:19.0 (33271701)|VARIABLE_ASSIGNMENT|[1051]|this.userLicenseId|"Salesforce"|0x1985c21f
12:48:19.0 (33281541)|STATEMENT_EXECUTE|[1063]
12:48:19.0 (33319609)|VARIABLE_ASSIGNMENT|[EXTERNAL]|this|{"apiName":"Final_Test_3","id":"0PS360000017LFMGA2","label":"Final_Test_3","namespacePrefix":"shiva15testns","userLicenseId":"Salesforce"}|0x1985c21f
12:48:19.0 (33328612)|VARIABLE_ASSIGNMENT|[EXTERNAL]|value|"2016-05-03 17:45:07"
12:48:19.0 (33338875)|VARIABLE_ASSIGNMENT|[1053]|this.createdDate|"2016-05-03 17:45:07"|0x1985c21f
12:48:19.0 (33360758)|CONSTRUCTOR_EXIT|[165]|01p36000005Jpvx|<init>(String,String,String,String,String,String,String)
12:48:19.0 (33398232)|VARIABLE_ASSIGNMENT|[165]|pSetObj|{"apiName":"Final_Test_3","createdDate":"2016-05-03 17:45:07","id":"0PS360000017LFMGA2","label":"Final_Test_3","namespacePrefix":"shiva15testns","userLicenseId":"Salesforce"}|0x1985c21f
12:48:19.0 (33404942)|STATEMENT_EXECUTE|[167]
12:48:19.0 (33421023)|ENTERING_MANAGED_PKG|
12:48:19.0 (33428365)|HEAP_ALLOCATE|[EXTERNAL]|Bytes:4
12:48:19.0 (33437216)|STATEMENT_EXECUTE|[168]
12:48:19.0 (33457315)|ENTERING_MANAGED_PKG|
12:48:19.0 (33522665)|HEAP_ALLOCATE|[168]|Bytes:174
12:48:19.0 (33544237)|HEAP_ALLOCATE|[168]|Bytes:198
12:48:19.0 (33561081)|ENTERING_MANAGED_PKG|
12:48:19.0 (33570131)|USER_DEBUG|[168]|ERROR|The PermissionSet Name: PermissionSet:{Id=0PS360000017LFMGA2, Label=Final_Test_3, Name=Final_Test_3, NamespacePrefix=shiva15testns, UserLicenseId=10036000000eSpyAAE, CreatedDate=2016-05-04 00:45:07}
12:48:19.0 (33591413)|HEAP_ALLOCATE|[162]|Bytes:5
12:48:19.0 (33623669)|HEAP_ALLOCATE|[162]|Bytes:32
12:48:19.0 (33635377)|VARIABLE_SCOPE_BEGIN|[162]|PSetName|PermissionSet|true|false
12:48:19.0 (33674244)|VARIABLE_ASSIGNMENT|[162]|PSetName|{"s":1,"v":{"Id":"0PS360000017j41GAA","Label":"Permission_Set_Creat (13 more) ...","Name":"Permission_Set_Creat (13 more) ...","Description":"Permission Set Creat (23 more) ...","NamespacePrefix":"shiva15testns","UserLicenseId":"10036000000eSpyAAE","CreatedDate":"2016-05-04T19:46:39.000Z"}}|0x26b9e2e4
12:48:19.0 (33680985)|STATEMENT_EXECUTE|[162]
12:48:19.0 (33716934)|ENTERING_MANAGED_PKG|
12:48:19.0 (33733057)|STATEMENT_EXECUTE|[163]
12:48:19.0 (33735971)|STATEMENT_EXECUTE|[164]
12:48:19.0 (33742288)|HEAP_ALLOCATE|[164]|Bytes:4
12:48:19.0 (33967168)|SOQL_EXECUTE_BEGIN|[164]|Aggregations:0|SELECT Id, Name FROM UserLicense WHERE Id = :tmpVar1
12:48:19.0 (36063998)|SOQL_EXECUTE_END|[164]|Rows:1
12:48:19.0 (36081893)|HEAP_ALLOCATE|[164]|Bytes:8
12:48:19.0 (36095480)|HEAP_ALLOCATE|[164]|Bytes:47
12:48:19.0 (36112422)|HEAP_ALLOCATE|[164]|Bytes:8
12:48:19.0 (36148684)|HEAP_ALLOCATE|[164]|Bytes:12
12:48:19.0 (36160200)|VARIABLE_SCOPE_BEGIN|[164]|ulicense|UserLicense|true|false
12:48:19.0 (36183340)|VARIABLE_ASSIGNMENT|[164]|ulicense|{"s":1,"v":{"Id":"10036000000eSpyAAE","Name":"Salesforce"}}|0x4fcbc695
12:48:19.0 (36188890)|STATEMENT_EXECUTE|[165]
12:48:19.0 (36195649)|HEAP_ALLOCATE|[165]|Bytes:32
12:48:19.0 (36229546)|ENTERING_MANAGED_PKG|
12:48:19.0 (36236368)|HEAP_ALLOCATE|[165]|Bytes:18
12:48:19.0 (36278739)|ENTERING_MANAGED_PKG|
12:48:19.0 (36296743)|HEAP_ALLOCATE|[165]|Bytes:19
12:48:19.0 (36324969)|CONSTRUCTOR_ENTRY|[165]|01p36000005Jpvx|<init>(String,String,String,String,String,String,String)
12:48:19.0 (36332941)|VARIABLE_SCOPE_BEGIN|[1055]|this|shiva15testns.PermissionSetPortalControllers.PermissionSetClass|true|false
12:48:19.0 (36365298)|VARIABLE_ASSIGNMENT|[1055]|this|{}|0x5f3e7931
12:48:19.0 (36370182)|VARIABLE_SCOPE_BEGIN|[1055]|label|String|false|false
12:48:19.0 (36379779)|VARIABLE_ASSIGNMENT|[1055]|label|"Permission_Set_Creat (13 more) ..."
12:48:19.0 (36383292)|VARIABLE_SCOPE_BEGIN|[1055]|apiName|String|false|false
12:48:19.0 (36389607)|VARIABLE_ASSIGNMENT|[1055]|apiName|"Permission_Set_Creat (13 more) ..."
12:48:19.0 (36392767)|VARIABLE_SCOPE_BEGIN|[1055]|id|String|false|false
12:48:19.0 (36397845)|VARIABLE_ASSIGNMENT|[1055]|id|"0PS360000017j41GAA"
12:48:19.0 (36400602)|VARIABLE_SCOPE_BEGIN|[1055]|description|String|false|false
12:48:19.0 (36406604)|VARIABLE_ASSIGNMENT|[1055]|description|"Permission Set Creat (23 more) ..."
12:48:19.0 (36409687)|VARIABLE_SCOPE_BEGIN|[1055]|namespacePrefix|String|false|false
12:48:19.0 (36414631)|VARIABLE_ASSIGNMENT|[1055]|namespacePrefix|"shiva15testns"
12:48:19.0 (36417345)|VARIABLE_SCOPE_BEGIN|[1055]|userLicenseId|String|false|false
12:48:19.0 (36422213)|VARIABLE_ASSIGNMENT|[1055]|userLicenseId|"Salesforce"
12:48:19.0 (36425260)|VARIABLE_SCOPE_BEGIN|[1055]|createdDate|String|false|false
12:48:19.0 (36430381)|VARIABLE_ASSIGNMENT|[1055]|createdDate|"2016-05-04 12:46:39"
12:48:19.0 (36435335)|STATEMENT_EXECUTE|[1038]
12:48:19.0 (36437869)|STATEMENT_EXECUTE|[1041]
12:48:19.0 (36440297)|STATEMENT_EXECUTE|[1043]
12:48:19.0 (36442111)|STATEMENT_EXECUTE|[1045]
12:48:19.0 (36443982)|STATEMENT_EXECUTE|[1047]
12:48:19.0 (36445890)|STATEMENT_EXECUTE|[1049]
12:48:19.0 (36447843)|STATEMENT_EXECUTE|[1051]
12:48:19.0 (36449671)|STATEMENT_EXECUTE|[1053]
12:48:19.0 (36465473)|STATEMENT_EXECUTE|[1056]
12:48:19.0 (36467950)|STATEMENT_EXECUTE|[1057]
12:48:19.0 (36502644)|VARIABLE_ASSIGNMENT|[EXTERNAL]|this|{}|0x5f3e7931
12:48:19.0 (36513134)|VARIABLE_ASSIGNMENT|[EXTERNAL]|value|"Permission_Set_Creat (13 more) ..."
12:48:19.0 (36526500)|VARIABLE_ASSIGNMENT|[1041]|this.label|"Permission_Set_Creat (13 more) ..."|0x5f3e7931
12:48:19.0 (36536645)|STATEMENT_EXECUTE|[1058]
12:48:19.0 (36573592)|VARIABLE_ASSIGNMENT|[EXTERNAL]|this|{"label":"Permission_Set_Creat (13 more) ..."}|0x5f3e7931
12:48:19.0 (36582829)|VARIABLE_ASSIGNMENT|[EXTERNAL]|value|"Permission_Set_Creat (13 more) ..."
12:48:19.0 (36594929)|VARIABLE_ASSIGNMENT|[1043]|this.apiName|"Permission_Set_Creat (13 more) ..."|0x5f3e7931
12:48:19.0 (36604681)|STATEMENT_EXECUTE|[1059]
12:48:19.0 (36643122)|VARIABLE_ASSIGNMENT|[EXTERNAL]|this|{"apiName":"Permission_Set_Creat (13 more) ...","label":"Permission_Set_Creat (13 more) ..."}|0x5f3e7931
12:48:19.0 (36651969)|VARIABLE_ASSIGNMENT|[EXTERNAL]|value|"0PS360000017j41GAA"
12:48:19.0 (36662470)|VARIABLE_ASSIGNMENT|[1045]|this.id|"0PS360000017j41GAA"|0x5f3e7931
12:48:19.0 (36672094)|STATEMENT_EXECUTE|[1060]
12:48:19.0 (36718977)|VARIABLE_ASSIGNMENT|[EXTERNAL]|this|{"apiName":"Permission_Set_Creat (13 more) ...","id":"0PS360000017j41GAA","label":"Permission_Set_Creat (13 more) ..."}|0x5f3e7931
12:48:19.0 (36728177)|VARIABLE_ASSIGNMENT|[EXTERNAL]|value|"Permission Set Creat (23 more) ..."
12:48:19.0 (36740125)|VARIABLE_ASSIGNMENT|[1047]|this.description|"Permission Set Creat (23 more) ..."|0x5f3e7931
12:48:19.0 (36750074)|STATEMENT_EXECUTE|[1061]
12:48:19.0 (36791433)|VARIABLE_ASSIGNMENT|[EXTERNAL]|this|{"apiName":"Permission_Set_Creat (13 more) ...","description":"Permission Set Creat (23 more) ...","id":"0PS360000017j41GAA","label":"Permission_Set_Creat (13 more) ..."}|0x5f3e7931
12:48:19.0 (36800215)|VARIABLE_ASSIGNMENT|[EXTERNAL]|value|"shiva15testns"
12:48:19.0 (36810467)|VARIABLE_ASSIGNMENT|[1049]|this.namespacePrefix|"shiva15testns"|0x5f3e7931
12:48:19.0 (36819728)|STATEMENT_EXECUTE|[1062]
12:48:19.0 (36860243)|VARIABLE_ASSIGNMENT|[EXTERNAL]|this|{"apiName":"Permission_Set_Creat (13 more) ...","description":"Permission Set Creat (23 more) ...","id":"0PS360000017j41GAA","label":"Permission_Set_Creat (13 more) ...","namespacePrefix":"shiva15testns"}|0x5f3e7931
12:48:19.0 (36868544)|VARIABLE_ASSIGNMENT|[EXTERNAL]|value|"Salesforce"
12:48:19.0 (36877946)|VARIABLE_ASSIGNMENT|[1051]|this.userLicenseId|"Salesforce"|0x5f3e7931
12:48:19.0 (36886762)|STATEMENT_EXECUTE|[1063]
12:48:19.0 (36926035)|VARIABLE_ASSIGNMENT|[EXTERNAL]|this|{"apiName":"Permission_Set_Creat (13 more) ...","description":"Permission Set Creat (23 more) ...","id":"0PS360000017j41GAA","label":"Permission_Set_Creat (13 more) ...","namespacePrefix":"shiva15testns","userLicenseId":"Salesforce"}|0x5f3e7931
12:48:19.0 (36935921)|VARIABLE_ASSIGNMENT|[EXTERNAL]|value|"2016-05-04 12:46:39"
12:48:19.0 (36945712)|VARIABLE_ASSIGNMENT|[1053]|this.createdDate|"2016-05-04 12:46:39"|0x5f3e7931
12:48:19.0 (36966588)|CONSTRUCTOR_EXIT|[165]|01p36000005Jpvx|<init>(String,String,String,String,String,String,String)
12:48:19.0 (37006788)|VARIABLE_ASSIGNMENT|[165]|pSetObj|{"apiName":"Permission_Set_Creat (13 more) ...","createdDate":"2016-05-04 12:46:39","description":"Permission Set Creat (23 more) ...","id":"0PS360000017j41GAA","label":"Permission_Set_Creat (13 more) ...","namespacePrefix":"shiva15testns","userLicenseId":"Salesforce"}|0x5f3e7931
12:48:19.0 (37013912)|STATEMENT_EXECUTE|[167]
12:48:19.0 (37029855)|ENTERING_MANAGED_PKG|
12:48:19.0 (37037265)|HEAP_ALLOCATE|[EXTERNAL]|Bytes:4
12:48:19.0 (37046407)|STATEMENT_EXECUTE|[168]
12:48:19.0 (37066361)|ENTERING_MANAGED_PKG|
12:48:19.0 (37138088)|HEAP_ALLOCATE|[168]|Bytes:273
12:48:19.0 (37160586)|HEAP_ALLOCATE|[168]|Bytes:297
12:48:19.0 (37176837)|ENTERING_MANAGED_PKG|
12:48:19.0 (37186092)|USER_DEBUG|[168]|ERROR|The PermissionSet Name: PermissionSet:{Id=0PS360000017j41GAA, Label=Permission_Set_Creation_Testing_1, Name=Permission_Set_Creation_Testing_1, Description=Permission Set Creating Testing Description, NamespacePrefix=shiva15testns, UserLicenseId=10036000000eSpyAAE, CreatedDate=2016-05-04 19:46:39}
12:48:19.0 (37208963)|HEAP_ALLOCATE|[162]|Bytes:5
12:48:19.0 (37228260)|VARIABLE_ASSIGNMENT|[162]|PSetName|null|
12:48:19.0 (37233355)|STATEMENT_EXECUTE|[171]
12:48:19.0 (37252013)|SYSTEM_MODE_EXIT|false
12:48:19.37 (37307142)|CUMULATIVE_LIMIT_USAGE
12:48:19.37 (37307142)|LIMIT_USAGE_FOR_NS|(default)|
  Number of SOQL queries: 0 out of 100
  Number of query rows: 0 out of 50000
  Number of SOSL queries: 0 out of 20
  Number of DML statements: 0 out of 150
  Number of DML rows: 0 out of 10000
  Maximum CPU time: 0 out of 10000
  Maximum heap size: 0 out of 6000000
  Number of callouts: 0 out of 100
  Number of Email Invocations: 0 out of 10
  Number of future calls: 0 out of 50
  Number of queueable jobs added to the queue: 0 out of 50
  Number of Mobile Apex push calls: 0 out of 10

12:48:19.37 (37307142)|LIMIT_USAGE_FOR_NS|shiva15testns|
  Number of SOQL queries: 7 out of 100
  Number of query rows: 48 out of 50000
  Number of SOSL queries: 0 out of 20
  Number of DML statements: 0 out of 150
  Number of DML rows: 0 out of 10000
  Maximum CPU time: 0 out of 10000
  Maximum heap size: 0 out of 6000000
  Number of callouts: 0 out of 100
  Number of Email Invocations: 0 out of 10
  Number of future calls: 0 out of 50
  Number of queueable jobs added to the queue: 0 out of 50
  Number of Mobile Apex push calls: 0 out of 10

12:48:19.37 (37307142)|CUMULATIVE_LIMIT_USAGE_END

12:48:19.0 (37375453)|CODE_UNIT_FINISHED|PermissionSetPortalControllers.getAllPermissionSets
12:48:19.0 (40032394)|EXECUTION_FINISHED
12:48:19.43 (43011134)|EXECUTION_STARTED
12:48:19.43 (43022948)|CODE_UNIT_STARTED|[EXTERNAL]|Aura
12:48:19.43 (43091836)|CODE_UNIT_FINISHED|Aura
12:48:19.43 (44692989)|EXECUTION_FINISHED
12:48:19.46 (46128406)|EXECUTION_STARTED
12:48:19.46 (46135832)|CODE_UNIT_STARTED|[EXTERNAL]|Aura
12:48:19.46 (46176606)|CODE_UNIT_FINISHED|Aura
12:48:19.46 (47822148)|EXECUTION_FINISHED
12:48:19.48 (48843143)|EXECUTION_STARTED
12:48:19.48 (48850238)|CODE_UNIT_STARTED|[EXTERNAL]|Aura
12:48:19.48 (48889458)|CODE_UNIT_FINISHED|Aura
12:48:19.48 (50920525)|EXECUTION_FINISHED
12:48:19.52 (52664462)|EXECUTION_STARTED
12:48:19.52 (52671631)|CODE_UNIT_STARTED|[EXTERNAL]|Aura
12:48:19.52 (52715784)|CODE_UNIT_FINISHED|Aura
12:48:19.52 (53788991)|EXECUTION_FINISHED
12:48:19.54 (54998866)|EXECUTION_STARTED
12:48:19.54 (55005765)|CODE_UNIT_STARTED|[EXTERNAL]|Aura
12:48:19.54 (55043368)|CODE_UNIT_FINISHED|Aura
12:48:19.54 (56625102)|EXECUTION_FINISHED
12:48:19.57 (57894345)|EXECUTION_STARTED
12:48:19.57 (57900863)|CODE_UNIT_STARTED|[EXTERNAL]|Aura
12:48:19.57 (57964878)|CODE_UNIT_FINISHED|Aura
12:48:19.57 (59136067)|EXECUTION_FINISHED
