36.0 APEX_CODE,FINEST;APEX_PROFILING,INFO;CALLOUT,INFO;DB,INFO;SYSTEM,DEBUG;VALIDATION,INFO;VISUALFORCE,INFO;WORKFLOW,INFO
11:47:33.0 (126468)|EXECUTION_STARTED
11:47:33.0 (175797)|CODE_UNIT_STARTED|[EXTERNAL]|01p36000005Jpvx|PermissionSetPortalControllers.getAllPermissionSets
11:47:33.0 (475423)|HEAP_ALLOCATE|[72]|Bytes:3
11:47:33.0 (571074)|HEAP_ALLOCATE|[77]|Bytes:152
11:47:33.0 (604789)|HEAP_ALLOCATE|[342]|Bytes:408
11:47:33.0 (627140)|HEAP_ALLOCATE|[355]|Bytes:408
11:47:33.0 (645480)|HEAP_ALLOCATE|[467]|Bytes:48
11:47:33.0 (684229)|HEAP_ALLOCATE|[139]|Bytes:6
11:47:33.0 (726162)|VARIABLE_SCOPE_BEGIN|[3]|PermissionSetPortalControllers.AllPermissionSets|List<PermissionSet>|true|true
11:47:33.0 (734155)|VARIABLE_SCOPE_BEGIN|[10]|PermissionSetPortalControllers.accountField|Set<String>|true|true
11:47:33.0 (738234)|VARIABLE_SCOPE_BEGIN|[5]|PermissionSetPortalControllers.allObjectsOfOrg|List<shiva15testns.PermissionSetPortalControllers.ObjectDetailsClass>|true|true
11:47:33.0 (745639)|VARIABLE_SCOPE_BEGIN|[9]|PermissionSetPortalControllers.contactsField|Set<String>|true|true
11:47:33.0 (751716)|VARIABLE_SCOPE_BEGIN|[7]|PermissionSetPortalControllers.isNotSystemSObjectList|Set<String>|true|true
11:47:33.0 (854351)|HEAP_ALLOCATE|[EXTERNAL]|Bytes:168
11:47:33.0 (866554)|HEAP_ALLOCATE|[EXTERNAL]|Bytes:76
11:47:33.0 (875097)|HEAP_ALLOCATE|[EXTERNAL]|Bytes:318
11:47:33.0 (1138847)|METHOD_ENTRY|[1]|01p36000005Jpvx|PermissionSetPortalControllers.PermissionSetPortalControllers()
11:47:33.0 (1144871)|STATEMENT_EXECUTE|[1]
11:47:33.0 (1152539)|STATEMENT_EXECUTE|[1]
11:47:33.0 (1211136)|HEAP_ALLOCATE|[50]|Bytes:5
11:47:33.0 (1248331)|HEAP_ALLOCATE|[56]|Bytes:5
11:47:33.0 (1259917)|HEAP_ALLOCATE|[64]|Bytes:7
11:47:33.0 (1318104)|SYSTEM_MODE_ENTER|false
11:47:33.0 (1348064)|HEAP_ALLOCATE|[9]|Bytes:5
11:47:33.0 (1356157)|STATEMENT_EXECUTE|[9]
11:47:33.0 (1369060)|HEAP_ALLOCATE|[9]|Bytes:4
11:47:33.0 (1428391)|ENTERING_MANAGED_PKG|
11:47:33.0 (1578243)|VARIABLE_ASSIGNMENT|[9]|PermissionSetPortalControllers.contactsField|{"s":1,"v":[]}|0x16b04417
11:47:33.0 (1586248)|STATEMENT_EXECUTE|[10]
11:47:33.0 (1595137)|HEAP_ALLOCATE|[10]|Bytes:4
11:47:33.0 (1616131)|ENTERING_MANAGED_PKG|
11:47:33.0 (1673180)|VARIABLE_ASSIGNMENT|[10]|PermissionSetPortalControllers.accountField|{"s":1,"v":[]}|0x7072296b
11:47:33.0 (1680896)|STATEMENT_EXECUTE|[983]
11:47:33.0 (1683278)|STATEMENT_EXECUTE|[1012]
11:47:33.0 (1685370)|STATEMENT_EXECUTE|[1040]
11:47:33.0 (1687499)|STATEMENT_EXECUTE|[1069]
11:47:33.0 (1689264)|STATEMENT_EXECUTE|[1085]
11:47:33.0 (1690955)|STATEMENT_EXECUTE|[1102]
11:47:33.0 (1692827)|STATEMENT_EXECUTE|[1113]
11:47:33.0 (1694817)|STATEMENT_EXECUTE|[1118]
11:47:33.0 (1712908)|SYSTEM_MODE_EXIT|false
11:47:33.0 (1733099)|METHOD_EXIT|[1]|PermissionSetPortalControllers
11:47:33.0 (1747985)|SYSTEM_MODE_ENTER|false
11:47:33.0 (1770357)|HEAP_ALLOCATE|[157]|Bytes:5
11:47:33.0 (1777397)|STATEMENT_EXECUTE|[156]
11:47:33.0 (1779172)|STATEMENT_EXECUTE|[157]
11:47:33.0 (1780136)|STATEMENT_EXECUTE|[157]
11:47:33.0 (1781294)|STATEMENT_EXECUTE|[158]
11:47:33.0 (1785161)|HEAP_ALLOCATE|[158]|Bytes:99
11:47:33.0 (1797522)|HEAP_ALLOCATE|[158]|Bytes:4
11:47:33.0 (2591078)|SOQL_EXECUTE_BEGIN|[158]|Aggregations:0|SELECT Id, label, Name, Description, NamespacePrefix, UserLicenseId, CreatedDate FROM PermissionSet
11:47:33.0 (6935767)|SOQL_EXECUTE_END|[158]|Rows:43
11:47:33.0 (6983571)|HEAP_ALLOCATE|[158]|Bytes:176
11:47:33.0 (7135850)|HEAP_ALLOCATE|[158]|Bytes:7630
11:47:33.0 (7188613)|HEAP_ALLOCATE|[158]|Bytes:176
11:47:33.0 (7234429)|VARIABLE_ASSIGNMENT|[158]|PermissionSetPortalControllers.AllPermissionSets|{"s":1,"v":"List of size 43 too large to display"}|0x6cfc3bcf
11:47:33.0 (7331966)|ENTERING_MANAGED_PKG|
11:47:33.0 (7369833)|STATEMENT_EXECUTE|[159]
11:47:33.0 (7372585)|STATEMENT_EXECUTE|[160]
11:47:33.0 (7434582)|VARIABLE_SCOPE_BEGIN|[160]|pSetObj|shiva15testns.PermissionSetPortalControllers.PermissionSetClass|true|false
11:47:33.0 (7448784)|VARIABLE_ASSIGNMENT|[160]|pSetObj|null|
11:47:33.0 (7451399)|STATEMENT_EXECUTE|[161]
11:47:33.0 (7476118)|HEAP_ALLOCATE|[161]|Bytes:4
11:47:33.0 (7523911)|ENTERING_MANAGED_PKG|
11:47:33.0 (7544312)|VARIABLE_SCOPE_BEGIN|[161]|permissionSetsLst|List<shiva15testns.PermissionSetPortalControllers.PermissionSetClass>|true|false
11:47:33.0 (7572234)|HEAP_ALLOCATE|[EXTERNAL]|Bytes:4
11:47:33.0 (7590033)|VARIABLE_ASSIGNMENT|[161]|permissionSetsLst|{"s":1,"v":[]}|0x484824c3
11:47:33.0 (7615285)|ENTERING_MANAGED_PKG|
11:47:33.0 (7884526)|HEAP_ALLOCATE|[162]|Bytes:5
11:47:33.0 (7943907)|HEAP_ALLOCATE|[162]|Bytes:28
11:47:33.0 (7966002)|VARIABLE_SCOPE_BEGIN|[162]|PSetName|PermissionSet|true|false
11:47:33.0 (8028106)|VARIABLE_ASSIGNMENT|[162]|PSetName|{"s":1,"v":{"Id":"0PS36000000KFvSGAW","Label":"random","Name":"random","NamespacePrefix":"shiva15testns","UserLicenseId":"10036000000eSpyAAE","CreatedDate":"2016-04-26T00:59:56.000Z"}}|0x6ffe3da7
11:47:33.0 (8038156)|STATEMENT_EXECUTE|[162]
11:47:33.0 (8074445)|HEAP_ALLOCATE|[163]|Bytes:3
11:47:33.0 (8111296)|ENTERING_MANAGED_PKG|
11:47:33.0 (8144869)|STATEMENT_EXECUTE|[163]
11:47:33.0 (8147035)|STATEMENT_EXECUTE|[166]
11:47:33.0 (8154075)|HEAP_ALLOCATE|[166]|Bytes:240
11:47:33.0 (8161653)|HEAP_ALLOCATE|[166]|Bytes:32
11:47:33.0 (8169581)|HEAP_ALLOCATE|[166]|Bytes:32
11:47:33.0 (8218630)|ENTERING_MANAGED_PKG|
11:47:33.0 (8243709)|HEAP_ALLOCATE|[166]|Bytes:18
11:47:33.0 (8322503)|ENTERING_MANAGED_PKG|
11:47:33.0 (8353284)|HEAP_ALLOCATE|[166]|Bytes:19
11:47:33.0 (8396396)|CONSTRUCTOR_ENTRY|[166]|01p36000005Jpvx|<init>(String,String,String,String,String,String,String)
11:47:33.0 (8408395)|VARIABLE_SCOPE_BEGIN|[1000]|this|shiva15testns.PermissionSetPortalControllers.PermissionSetClass|true|false
11:47:33.0 (8459376)|VARIABLE_ASSIGNMENT|[1000]|this|{}|0x36e1cf72
11:47:33.0 (8466545)|VARIABLE_SCOPE_BEGIN|[1000]|label|String|false|false
11:47:33.0 (8474869)|VARIABLE_ASSIGNMENT|[1000]|label|"random"
11:47:33.0 (8479320)|VARIABLE_SCOPE_BEGIN|[1000]|apiName|String|false|false
11:47:33.0 (8484851)|VARIABLE_ASSIGNMENT|[1000]|apiName|"random"
11:47:33.0 (8488277)|VARIABLE_SCOPE_BEGIN|[1000]|id|String|false|false
11:47:33.0 (8493958)|VARIABLE_ASSIGNMENT|[1000]|id|"0PS36000000KFvSGAW"
11:47:33.0 (8497845)|VARIABLE_SCOPE_BEGIN|[1000]|description|String|false|false
11:47:33.0 (8503939)|VARIABLE_ASSIGNMENT|[1000]|description|null
11:47:33.0 (8507608)|VARIABLE_SCOPE_BEGIN|[1000]|namespacePrefix|String|false|false
11:47:33.0 (8513401)|VARIABLE_ASSIGNMENT|[1000]|namespacePrefix|"shiva15testns"
11:47:33.0 (8517502)|VARIABLE_SCOPE_BEGIN|[1000]|userLicenseId|String|false|false
11:47:33.0 (8523422)|VARIABLE_ASSIGNMENT|[1000]|userLicenseId|null
11:47:33.0 (8526942)|VARIABLE_SCOPE_BEGIN|[1000]|createdDate|String|false|false
11:47:33.0 (8532348)|VARIABLE_ASSIGNMENT|[1000]|createdDate|"2016-04-25 17:59:56"
11:47:33.0 (8537739)|STATEMENT_EXECUTE|[983]
11:47:33.0 (8539944)|STATEMENT_EXECUTE|[986]
11:47:33.0 (8542117)|STATEMENT_EXECUTE|[988]
11:47:33.0 (8588126)|STATEMENT_EXECUTE|[990]
11:47:33.0 (8592162)|STATEMENT_EXECUTE|[992]
11:47:33.0 (8594099)|STATEMENT_EXECUTE|[994]
11:47:33.0 (8595900)|STATEMENT_EXECUTE|[996]
11:47:33.0 (8597498)|STATEMENT_EXECUTE|[998]
11:47:33.0 (8611301)|HEAP_ALLOCATE|[1002]|Bytes:6
11:47:33.0 (8654205)|STATEMENT_EXECUTE|[1001]
11:47:33.0 (8657944)|STATEMENT_EXECUTE|[1002]
11:47:33.0 (8728450)|VARIABLE_ASSIGNMENT|[EXTERNAL]|this|{}|0x36e1cf72
11:47:33.0 (8737135)|VARIABLE_ASSIGNMENT|[EXTERNAL]|value|"random"
11:47:33.0 (8752644)|VARIABLE_ASSIGNMENT|[986]|this.label|"random"|0x36e1cf72
11:47:33.0 (8760954)|STATEMENT_EXECUTE|[1003]
11:47:33.0 (8799056)|VARIABLE_ASSIGNMENT|[EXTERNAL]|this|{"label":"random"}|0x36e1cf72
11:47:33.0 (8804375)|VARIABLE_ASSIGNMENT|[EXTERNAL]|value|"random"
11:47:33.0 (8812311)|VARIABLE_ASSIGNMENT|[988]|this.apiName|"random"|0x36e1cf72
11:47:33.0 (8818888)|STATEMENT_EXECUTE|[1004]
11:47:33.0 (8852421)|VARIABLE_ASSIGNMENT|[EXTERNAL]|this|{"apiName":"random","label":"random"}|0x36e1cf72
11:47:33.0 (8858346)|VARIABLE_ASSIGNMENT|[EXTERNAL]|value|"0PS36000000KFvSGAW"
11:47:33.0 (8866114)|VARIABLE_ASSIGNMENT|[990]|this.id|"0PS36000000KFvSGAW"|0x36e1cf72
11:47:33.0 (8872526)|STATEMENT_EXECUTE|[1005]
11:47:33.0 (8905399)|VARIABLE_ASSIGNMENT|[EXTERNAL]|this|{"apiName":"random","id":"0PS36000000KFvSGAW","label":"random"}|0x36e1cf72
11:47:33.0 (8912061)|VARIABLE_ASSIGNMENT|[EXTERNAL]|value|null
11:47:33.0 (8919878)|VARIABLE_ASSIGNMENT|[992]|this.description|null|0x36e1cf72
11:47:33.0 (8925940)|STATEMENT_EXECUTE|[1006]
11:47:33.0 (8964131)|VARIABLE_ASSIGNMENT|[EXTERNAL]|this|{"apiName":"random","id":"0PS36000000KFvSGAW","label":"random"}|0x36e1cf72
11:47:33.0 (8970320)|VARIABLE_ASSIGNMENT|[EXTERNAL]|value|"shiva15testns"
11:47:33.0 (8978342)|VARIABLE_ASSIGNMENT|[994]|this.namespacePrefix|"shiva15testns"|0x36e1cf72
11:47:33.0 (8984902)|STATEMENT_EXECUTE|[1007]
11:47:33.0 (9018869)|VARIABLE_ASSIGNMENT|[EXTERNAL]|this|{"apiName":"random","id":"0PS36000000KFvSGAW","label":"random","namespacePrefix":"shiva15testns"}|0x36e1cf72
11:47:33.0 (9026519)|VARIABLE_ASSIGNMENT|[EXTERNAL]|value|null
11:47:33.0 (9036597)|VARIABLE_ASSIGNMENT|[996]|this.userLicenseId|null|0x36e1cf72
11:47:33.0 (9046579)|STATEMENT_EXECUTE|[1008]
11:47:33.0 (9105275)|VARIABLE_ASSIGNMENT|[EXTERNAL]|this|{"apiName":"random","id":"0PS36000000KFvSGAW","label":"random","namespacePrefix":"shiva15testns"}|0x36e1cf72
11:47:33.0 (9113167)|VARIABLE_ASSIGNMENT|[EXTERNAL]|value|"2016-04-25 17:59:56"
11:47:33.0 (9122109)|VARIABLE_ASSIGNMENT|[998]|this.createdDate|"2016-04-25 17:59:56"|0x36e1cf72
11:47:33.0 (9137466)|CONSTRUCTOR_EXIT|[166]|01p36000005Jpvx|<init>(String,String,String,String,String,String,String)
11:47:33.0 (9159547)|VARIABLE_ASSIGNMENT|[166]|pSetObj|{"apiName":"random","createdDate":"2016-04-25 17:59:56","id":"0PS36000000KFvSGAW","label":"random","namespacePrefix":"shiva15testns"}|0x36e1cf72
11:47:33.0 (9163186)|STATEMENT_EXECUTE|[167]
11:47:33.0 (9179150)|ENTERING_MANAGED_PKG|
11:47:33.0 (9219187)|HEAP_ALLOCATE|[EXTERNAL]|Bytes:4
11:47:33.0 (9235126)|STATEMENT_EXECUTE|[168]
11:47:33.0 (9586893)|HEAP_ALLOCATE|[168]|Bytes:24
11:47:33.0 (9608486)|ENTERING_MANAGED_PKG|
11:47:33.0 (9708992)|HEAP_ALLOCATE|[168]|Bytes:162
11:47:33.0 (9762049)|HEAP_ALLOCATE|[168]|Bytes:186
11:47:33.0 (9800954)|ENTERING_MANAGED_PKG|
11:47:33.0 (9828768)|USER_DEBUG|[168]|ERROR|The PermissionSet Name: PermissionSet:{Id=0PS36000000KFvSGAW, Label=random, Name=random, NamespacePrefix=shiva15testns, UserLicenseId=10036000000eSpyAAE, CreatedDate=2016-04-26 00:59:56}
11:47:33.0 (9849302)|HEAP_ALLOCATE|[162]|Bytes:5
11:47:33.0 (9873117)|HEAP_ALLOCATE|[162]|Bytes:32
11:47:33.0 (9881837)|VARIABLE_SCOPE_BEGIN|[162]|PSetName|PermissionSet|true|false
11:47:33.0 (9938253)|VARIABLE_ASSIGNMENT|[162]|PSetName|{"s":1,"v":{"Id":"0PS36000000KhGKGA0","Label":"test1label","Name":"test1name","Description":"test Description 1","NamespacePrefix":"shiva15testns","UserLicenseId":"10036000000eSpyAAE","CreatedDate":"2016-04-27T01:22:31.000Z"}}|0x17860c20
11:47:33.0 (9950857)|STATEMENT_EXECUTE|[162]
11:47:33.0 (9976144)|ENTERING_MANAGED_PKG|
11:47:33.0 (9986665)|STATEMENT_EXECUTE|[163]
11:47:33.0 (9988613)|STATEMENT_EXECUTE|[166]
11:47:33.0 (9993776)|HEAP_ALLOCATE|[166]|Bytes:32
11:47:33.0 (10010943)|ENTERING_MANAGED_PKG|
11:47:33.0 (10016170)|HEAP_ALLOCATE|[166]|Bytes:18
11:47:33.0 (10056740)|ENTERING_MANAGED_PKG|
11:47:33.0 (10071201)|HEAP_ALLOCATE|[166]|Bytes:19
11:47:33.0 (10090536)|CONSTRUCTOR_ENTRY|[166]|01p36000005Jpvx|<init>(String,String,String,String,String,String,String)
11:47:33.0 (10096815)|VARIABLE_SCOPE_BEGIN|[1000]|this|shiva15testns.PermissionSetPortalControllers.PermissionSetClass|true|false
11:47:33.0 (10123783)|VARIABLE_ASSIGNMENT|[1000]|this|{}|0xbfd062f
11:47:33.0 (10129703)|VARIABLE_SCOPE_BEGIN|[1000]|label|String|false|false
11:47:33.0 (10137969)|VARIABLE_ASSIGNMENT|[1000]|label|"test1label"
11:47:33.0 (10142071)|VARIABLE_SCOPE_BEGIN|[1000]|apiName|String|false|false
11:47:33.0 (10148188)|VARIABLE_ASSIGNMENT|[1000]|apiName|"test1name"
11:47:33.0 (10151898)|VARIABLE_SCOPE_BEGIN|[1000]|id|String|false|false
11:47:33.0 (10157952)|VARIABLE_ASSIGNMENT|[1000]|id|"0PS36000000KhGKGA0"
11:47:33.0 (10160431)|VARIABLE_SCOPE_BEGIN|[1000]|description|String|false|false
11:47:33.0 (10163771)|VARIABLE_ASSIGNMENT|[1000]|description|"test Description 1"
11:47:33.0 (10165780)|VARIABLE_SCOPE_BEGIN|[1000]|namespacePrefix|String|false|false
11:47:33.0 (10168408)|VARIABLE_ASSIGNMENT|[1000]|namespacePrefix|"shiva15testns"
11:47:33.0 (10170139)|VARIABLE_SCOPE_BEGIN|[1000]|userLicenseId|String|false|false
11:47:33.0 (10173777)|VARIABLE_ASSIGNMENT|[1000]|userLicenseId|null
11:47:33.0 (10175431)|VARIABLE_SCOPE_BEGIN|[1000]|createdDate|String|false|false
11:47:33.0 (10178344)|VARIABLE_ASSIGNMENT|[1000]|createdDate|"2016-04-26 18:22:31"
11:47:33.0 (10181432)|STATEMENT_EXECUTE|[983]
11:47:33.0 (10182832)|STATEMENT_EXECUTE|[986]
11:47:33.0 (10184188)|STATEMENT_EXECUTE|[988]
11:47:33.0 (10185211)|STATEMENT_EXECUTE|[990]
11:47:33.0 (10186216)|STATEMENT_EXECUTE|[992]
11:47:33.0 (10187250)|STATEMENT_EXECUTE|[994]
11:47:33.0 (10188243)|STATEMENT_EXECUTE|[996]
11:47:33.0 (10189191)|STATEMENT_EXECUTE|[998]
11:47:33.0 (10201859)|STATEMENT_EXECUTE|[1001]
11:47:33.0 (10203498)|STATEMENT_EXECUTE|[1002]
11:47:33.0 (10225669)|VARIABLE_ASSIGNMENT|[EXTERNAL]|this|{}|0xbfd062f
11:47:33.0 (10231675)|VARIABLE_ASSIGNMENT|[EXTERNAL]|value|"test1label"
11:47:33.0 (10238940)|VARIABLE_ASSIGNMENT|[986]|this.label|"test1label"|0xbfd062f
11:47:33.0 (10244829)|STATEMENT_EXECUTE|[1003]
11:47:33.0 (10264388)|VARIABLE_ASSIGNMENT|[EXTERNAL]|this|{"label":"test1label"}|0xbfd062f
11:47:33.0 (10269103)|VARIABLE_ASSIGNMENT|[EXTERNAL]|value|"test1name"
11:47:33.0 (10275461)|VARIABLE_ASSIGNMENT|[988]|this.apiName|"test1name"|0xbfd062f
11:47:33.0 (10280574)|STATEMENT_EXECUTE|[1004]
11:47:33.0 (10300128)|VARIABLE_ASSIGNMENT|[EXTERNAL]|this|{"apiName":"test1name","label":"test1label"}|0xbfd062f
11:47:33.0 (10305234)|VARIABLE_ASSIGNMENT|[EXTERNAL]|value|"0PS36000000KhGKGA0"
11:47:33.0 (10311666)|VARIABLE_ASSIGNMENT|[990]|this.id|"0PS36000000KhGKGA0"|0xbfd062f
11:47:33.0 (10316930)|STATEMENT_EXECUTE|[1005]
11:47:33.0 (10336599)|VARIABLE_ASSIGNMENT|[EXTERNAL]|this|{"apiName":"test1name","id":"0PS36000000KhGKGA0","label":"test1label"}|0xbfd062f
11:47:33.0 (10341734)|VARIABLE_ASSIGNMENT|[EXTERNAL]|value|"test Description 1"
11:47:33.0 (10348213)|VARIABLE_ASSIGNMENT|[992]|this.description|"test Description 1"|0xbfd062f
11:47:33.0 (10353375)|STATEMENT_EXECUTE|[1006]
11:47:33.0 (10373916)|VARIABLE_ASSIGNMENT|[EXTERNAL]|this|{"apiName":"test1name","description":"test Description 1","id":"0PS36000000KhGKGA0","label":"test1label"}|0xbfd062f
11:47:33.0 (10378955)|VARIABLE_ASSIGNMENT|[EXTERNAL]|value|"shiva15testns"
11:47:33.0 (10385275)|VARIABLE_ASSIGNMENT|[994]|this.namespacePrefix|"shiva15testns"|0xbfd062f
11:47:33.0 (10390497)|STATEMENT_EXECUTE|[1007]
11:47:33.0 (10412021)|VARIABLE_ASSIGNMENT|[EXTERNAL]|this|{"apiName":"test1name","description":"test Description 1","id":"0PS36000000KhGKGA0","label":"test1label","namespacePrefix":"shiva15testns"}|0xbfd062f
11:47:33.0 (10418443)|VARIABLE_ASSIGNMENT|[EXTERNAL]|value|null
11:47:33.0 (10425018)|VARIABLE_ASSIGNMENT|[996]|this.userLicenseId|null|0xbfd062f
11:47:33.0 (10430517)|STATEMENT_EXECUTE|[1008]
11:47:33.0 (10452182)|VARIABLE_ASSIGNMENT|[EXTERNAL]|this|{"apiName":"test1name","description":"test Description 1","id":"0PS36000000KhGKGA0","label":"test1label","namespacePrefix":"shiva15testns"}|0xbfd062f
11:47:33.0 (10458095)|VARIABLE_ASSIGNMENT|[EXTERNAL]|value|"2016-04-26 18:22:31"
11:47:33.0 (10464717)|VARIABLE_ASSIGNMENT|[998]|this.createdDate|"2016-04-26 18:22:31"|0xbfd062f
11:47:33.0 (10477555)|CONSTRUCTOR_EXIT|[166]|01p36000005Jpvx|<init>(String,String,String,String,String,String,String)
11:47:33.0 (10498306)|VARIABLE_ASSIGNMENT|[166]|pSetObj|{"apiName":"test1name","createdDate":"2016-04-26 18:22:31","description":"test Description 1","id":"0PS36000000KhGKGA0","label":"test1label","namespacePrefix":"shiva15testns"}|0xbfd062f
11:47:33.0 (10501868)|STATEMENT_EXECUTE|[167]
11:47:33.0 (10513014)|ENTERING_MANAGED_PKG|
11:47:33.0 (10520960)|HEAP_ALLOCATE|[EXTERNAL]|Bytes:4
11:47:33.0 (10527697)|STATEMENT_EXECUTE|[168]
11:47:33.0 (10540958)|ENTERING_MANAGED_PKG|
11:47:33.0 (10587005)|HEAP_ALLOCATE|[168]|Bytes:201
11:47:33.0 (10601896)|HEAP_ALLOCATE|[168]|Bytes:225
11:47:33.0 (10613631)|ENTERING_MANAGED_PKG|
11:47:33.0 (10623766)|USER_DEBUG|[168]|ERROR|The PermissionSet Name: PermissionSet:{Id=0PS36000000KhGKGA0, Label=test1label, Name=test1name, Description=test Description 1, NamespacePrefix=shiva15testns, UserLicenseId=10036000000eSpyAAE, CreatedDate=2016-04-27 01:22:31}
11:47:33.0 (10640755)|HEAP_ALLOCATE|[162]|Bytes:5
11:47:33.0 (10663480)|HEAP_ALLOCATE|[162]|Bytes:32
11:47:33.0 (10671981)|VARIABLE_SCOPE_BEGIN|[162]|PSetName|PermissionSet|true|false
11:47:33.0 (10698542)|VARIABLE_ASSIGNMENT|[162]|PSetName|{"s":1,"v":{"Id":"0PS36000000KhI0GAK","Label":"test1ONElabel","Name":"test1ONEname","Description":"test Description 1","NamespacePrefix":"shiva15testns","UserLicenseId":"10036000000eSpyAAE","CreatedDate":"2016-04-27T01:26:38.000Z"}}|0xb996427
11:47:33.0 (10705290)|STATEMENT_EXECUTE|[162]
11:47:33.0 (10736899)|ENTERING_MANAGED_PKG|
11:47:33.0 (10756109)|STATEMENT_EXECUTE|[163]
11:47:33.0 (10758690)|STATEMENT_EXECUTE|[166]
11:47:33.0 (10765631)|HEAP_ALLOCATE|[166]|Bytes:32
11:47:33.0 (10797210)|ENTERING_MANAGED_PKG|
11:47:33.0 (10804711)|HEAP_ALLOCATE|[166]|Bytes:18
11:47:33.0 (10848039)|ENTERING_MANAGED_PKG|
11:47:33.0 (10863182)|HEAP_ALLOCATE|[166]|Bytes:19
11:47:33.0 (10883090)|CONSTRUCTOR_ENTRY|[166]|01p36000005Jpvx|<init>(String,String,String,String,String,String,String)
11:47:33.0 (10888679)|VARIABLE_SCOPE_BEGIN|[1000]|this|shiva15testns.PermissionSetPortalControllers.PermissionSetClass|true|false
11:47:33.0 (10909396)|VARIABLE_ASSIGNMENT|[1000]|this|{}|0x496b20f0
11:47:33.0 (10912566)|VARIABLE_SCOPE_BEGIN|[1000]|label|String|false|false
11:47:33.0 (10917155)|VARIABLE_ASSIGNMENT|[1000]|label|"test1ONElabel"
11:47:33.0 (10918844)|VARIABLE_SCOPE_BEGIN|[1000]|apiName|String|false|false
11:47:33.0 (10921496)|VARIABLE_ASSIGNMENT|[1000]|apiName|"test1ONEname"
11:47:33.0 (10923063)|VARIABLE_SCOPE_BEGIN|[1000]|id|String|false|false
11:47:33.0 (10925874)|VARIABLE_ASSIGNMENT|[1000]|id|"0PS36000000KhI0GAK"
11:47:33.0 (10927427)|VARIABLE_SCOPE_BEGIN|[1000]|description|String|false|false
11:47:33.0 (10930281)|VARIABLE_ASSIGNMENT|[1000]|description|"test Description 1"
11:47:33.0 (10931831)|VARIABLE_SCOPE_BEGIN|[1000]|namespacePrefix|String|false|false
11:47:33.0 (10934473)|VARIABLE_ASSIGNMENT|[1000]|namespacePrefix|"shiva15testns"
11:47:33.0 (10936511)|VARIABLE_SCOPE_BEGIN|[1000]|userLicenseId|String|false|false
11:47:33.0 (10940095)|VARIABLE_ASSIGNMENT|[1000]|userLicenseId|null
11:47:33.0 (10941768)|VARIABLE_SCOPE_BEGIN|[1000]|createdDate|String|false|false
11:47:33.0 (10944669)|VARIABLE_ASSIGNMENT|[1000]|createdDate|"2016-04-26 18:26:38"
11:47:33.0 (10951557)|STATEMENT_EXECUTE|[983]
11:47:33.0 (10952914)|STATEMENT_EXECUTE|[986]
11:47:33.0 (10954138)|STATEMENT_EXECUTE|[988]
11:47:33.0 (10955149)|STATEMENT_EXECUTE|[990]
11:47:33.0 (10956147)|STATEMENT_EXECUTE|[992]
11:47:33.0 (10957126)|STATEMENT_EXECUTE|[994]
11:47:33.0 (10958094)|STATEMENT_EXECUTE|[996]
11:47:33.0 (10959177)|STATEMENT_EXECUTE|[998]
11:47:33.0 (10970677)|STATEMENT_EXECUTE|[1001]
11:47:33.0 (10972217)|STATEMENT_EXECUTE|[1002]
11:47:33.0 (10992964)|VARIABLE_ASSIGNMENT|[EXTERNAL]|this|{}|0x496b20f0
11:47:33.0 (10998292)|VARIABLE_ASSIGNMENT|[EXTERNAL]|value|"test1ONElabel"
11:47:33.0 (11005388)|VARIABLE_ASSIGNMENT|[986]|this.label|"test1ONElabel"|0x496b20f0
11:47:33.0 (11012289)|STATEMENT_EXECUTE|[1003]
11:47:33.0 (11032801)|VARIABLE_ASSIGNMENT|[EXTERNAL]|this|{"label":"test1ONElabel"}|0x496b20f0
11:47:33.0 (11037659)|VARIABLE_ASSIGNMENT|[EXTERNAL]|value|"test1ONEname"
11:47:33.0 (11044134)|VARIABLE_ASSIGNMENT|[988]|this.apiName|"test1ONEname"|0x496b20f0
11:47:33.0 (11049467)|STATEMENT_EXECUTE|[1004]
11:47:33.0 (11069037)|VARIABLE_ASSIGNMENT|[EXTERNAL]|this|{"apiName":"test1ONEname","label":"test1ONElabel"}|0x496b20f0
11:47:33.0 (11074158)|VARIABLE_ASSIGNMENT|[EXTERNAL]|value|"0PS36000000KhI0GAK"
11:47:33.0 (11080392)|VARIABLE_ASSIGNMENT|[990]|this.id|"0PS36000000KhI0GAK"|0x496b20f0
11:47:33.0 (11085692)|STATEMENT_EXECUTE|[1005]
11:47:33.0 (11105038)|VARIABLE_ASSIGNMENT|[EXTERNAL]|this|{"apiName":"test1ONEname","id":"0PS36000000KhI0GAK","label":"test1ONElabel"}|0x496b20f0
11:47:33.0 (11109912)|VARIABLE_ASSIGNMENT|[EXTERNAL]|value|"test Description 1"
11:47:33.0 (11116001)|VARIABLE_ASSIGNMENT|[992]|this.description|"test Description 1"|0x496b20f0
11:47:33.0 (11121355)|STATEMENT_EXECUTE|[1006]
11:47:33.0 (11151172)|VARIABLE_ASSIGNMENT|[EXTERNAL]|this|{"apiName":"test1ONEname","description":"test Description 1","id":"0PS36000000KhI0GAK","label":"test1ONElabel"}|0x496b20f0
11:47:33.0 (11161999)|VARIABLE_ASSIGNMENT|[EXTERNAL]|value|"shiva15testns"
11:47:33.0 (11176653)|VARIABLE_ASSIGNMENT|[994]|this.namespacePrefix|"shiva15testns"|0x496b20f0
11:47:33.0 (11188017)|STATEMENT_EXECUTE|[1007]
11:47:33.0 (11234497)|VARIABLE_ASSIGNMENT|[EXTERNAL]|this|{"apiName":"test1ONEname","description":"test Description 1","id":"0PS36000000KhI0GAK","label":"test1ONElabel","namespacePrefix":"shiva15testns"}|0x496b20f0
11:47:33.0 (11246049)|VARIABLE_ASSIGNMENT|[EXTERNAL]|value|null
11:47:33.0 (11259649)|VARIABLE_ASSIGNMENT|[996]|this.userLicenseId|null|0x496b20f0
11:47:33.0 (11270898)|STATEMENT_EXECUTE|[1008]
11:47:33.0 (11314484)|VARIABLE_ASSIGNMENT|[EXTERNAL]|this|{"apiName":"test1ONEname","description":"test Description 1","id":"0PS36000000KhI0GAK","label":"test1ONElabel","namespacePrefix":"shiva15testns"}|0x496b20f0
11:47:33.0 (11324848)|VARIABLE_ASSIGNMENT|[EXTERNAL]|value|"2016-04-26 18:26:38"
11:47:33.0 (11335973)|VARIABLE_ASSIGNMENT|[998]|this.createdDate|"2016-04-26 18:26:38"|0x496b20f0
11:47:33.0 (11357709)|CONSTRUCTOR_EXIT|[166]|01p36000005Jpvx|<init>(String,String,String,String,String,String,String)
11:47:33.0 (11398127)|VARIABLE_ASSIGNMENT|[166]|pSetObj|{"apiName":"test1ONEname","createdDate":"2016-04-26 18:26:38","description":"test Description 1","id":"0PS36000000KhI0GAK","label":"test1ONElabel","namespacePrefix":"shiva15testns"}|0x496b20f0
11:47:33.0 (11405339)|STATEMENT_EXECUTE|[167]
11:47:33.0 (11423456)|ENTERING_MANAGED_PKG|
11:47:33.0 (11435704)|HEAP_ALLOCATE|[EXTERNAL]|Bytes:4
11:47:33.0 (11448217)|STATEMENT_EXECUTE|[168]
11:47:33.0 (11473380)|ENTERING_MANAGED_PKG|
11:47:33.0 (11551730)|HEAP_ALLOCATE|[168]|Bytes:207
11:47:33.0 (11577217)|HEAP_ALLOCATE|[168]|Bytes:231
11:47:33.0 (11597971)|ENTERING_MANAGED_PKG|
11:47:33.0 (11609343)|USER_DEBUG|[168]|ERROR|The PermissionSet Name: PermissionSet:{Id=0PS36000000KhI0GAK, Label=test1ONElabel, Name=test1ONEname, Description=test Description 1, NamespacePrefix=shiva15testns, UserLicenseId=10036000000eSpyAAE, CreatedDate=2016-04-27 01:26:38}
11:47:33.0 (11630983)|HEAP_ALLOCATE|[162]|Bytes:5
11:47:33.0 (11654913)|HEAP_ALLOCATE|[162]|Bytes:32
11:47:33.0 (11663357)|VARIABLE_SCOPE_BEGIN|[162]|PSetName|PermissionSet|true|false
11:47:33.0 (11688858)|VARIABLE_ASSIGNMENT|[162]|PSetName|{"s":1,"v":{"Id":"0PS36000000KlvMGAS","Label":"test_name","Name":"test_name","Description":"test desc","NamespacePrefix":"shiva15testns","UserLicenseId":"10036000000eSpyAAE","CreatedDate":"2016-04-27T09:47:35.000Z"}}|0x16bfa52b
11:47:33.0 (11693117)|STATEMENT_EXECUTE|[162]
11:47:33.0 (11715178)|ENTERING_MANAGED_PKG|
11:47:33.0 (11724953)|STATEMENT_EXECUTE|[163]
11:47:33.0 (11726545)|STATEMENT_EXECUTE|[166]
11:47:33.0 (11731498)|HEAP_ALLOCATE|[166]|Bytes:32
11:47:33.0 (11752063)|ENTERING_MANAGED_PKG|
11:47:33.0 (11756696)|HEAP_ALLOCATE|[166]|Bytes:18
11:47:33.0 (11781078)|ENTERING_MANAGED_PKG|
11:47:33.0 (11795178)|HEAP_ALLOCATE|[166]|Bytes:19
11:47:33.0 (11814023)|CONSTRUCTOR_ENTRY|[166]|01p36000005Jpvx|<init>(String,String,String,String,String,String,String)
11:47:33.0 (11819682)|VARIABLE_SCOPE_BEGIN|[1000]|this|shiva15testns.PermissionSetPortalControllers.PermissionSetClass|true|false
11:47:33.0 (11840050)|VARIABLE_ASSIGNMENT|[1000]|this|{}|0x71c9fcf0
11:47:33.0 (11843105)|VARIABLE_SCOPE_BEGIN|[1000]|label|String|false|false
11:47:33.0 (11847418)|VARIABLE_ASSIGNMENT|[1000]|label|"test_name"
11:47:33.0 (11849134)|VARIABLE_SCOPE_BEGIN|[1000]|apiName|String|false|false
11:47:33.0 (11851639)|VARIABLE_ASSIGNMENT|[1000]|apiName|"test_name"
11:47:33.0 (11853235)|VARIABLE_SCOPE_BEGIN|[1000]|id|String|false|false
11:47:33.0 (11855975)|VARIABLE_ASSIGNMENT|[1000]|id|"0PS36000000KlvMGAS"
11:47:33.0 (11857571)|VARIABLE_SCOPE_BEGIN|[1000]|description|String|false|false
11:47:33.0 (11860066)|VARIABLE_ASSIGNMENT|[1000]|description|"test desc"
11:47:33.0 (11861557)|VARIABLE_SCOPE_BEGIN|[1000]|namespacePrefix|String|false|false
11:47:33.0 (11864062)|VARIABLE_ASSIGNMENT|[1000]|namespacePrefix|"shiva15testns"
11:47:33.0 (11865734)|VARIABLE_SCOPE_BEGIN|[1000]|userLicenseId|String|false|false
11:47:33.0 (11869561)|VARIABLE_ASSIGNMENT|[1000]|userLicenseId|null
11:47:33.0 (11871221)|VARIABLE_SCOPE_BEGIN|[1000]|createdDate|String|false|false
11:47:33.0 (11874077)|VARIABLE_ASSIGNMENT|[1000]|createdDate|"2016-04-27 02:47:35"
11:47:33.0 (11876832)|STATEMENT_EXECUTE|[983]
11:47:33.0 (11878016)|STATEMENT_EXECUTE|[986]
11:47:33.0 (11879293)|STATEMENT_EXECUTE|[988]
11:47:33.0 (11880320)|STATEMENT_EXECUTE|[990]
11:47:33.0 (11881318)|STATEMENT_EXECUTE|[992]
11:47:33.0 (11882363)|STATEMENT_EXECUTE|[994]
11:47:33.0 (11883343)|STATEMENT_EXECUTE|[996]
11:47:33.0 (11884292)|STATEMENT_EXECUTE|[998]
11:47:33.0 (11895474)|STATEMENT_EXECUTE|[1001]
11:47:33.0 (11897170)|STATEMENT_EXECUTE|[1002]
11:47:33.0 (11916738)|VARIABLE_ASSIGNMENT|[EXTERNAL]|this|{}|0x71c9fcf0
11:47:33.0 (11921942)|VARIABLE_ASSIGNMENT|[EXTERNAL]|value|"test_name"
11:47:33.0 (11929003)|VARIABLE_ASSIGNMENT|[986]|this.label|"test_name"|0x71c9fcf0
11:47:33.0 (11934462)|STATEMENT_EXECUTE|[1003]
11:47:33.0 (11958173)|VARIABLE_ASSIGNMENT|[EXTERNAL]|this|{"label":"test_name"}|0x71c9fcf0
11:47:33.0 (11963484)|VARIABLE_ASSIGNMENT|[EXTERNAL]|value|"test_name"
11:47:33.0 (11969953)|VARIABLE_ASSIGNMENT|[988]|this.apiName|"test_name"|0x71c9fcf0
11:47:33.0 (11975269)|STATEMENT_EXECUTE|[1004]
11:47:33.0 (12005887)|VARIABLE_ASSIGNMENT|[EXTERNAL]|this|{"apiName":"test_name","label":"test_name"}|0x71c9fcf0
11:47:33.0 (12016419)|VARIABLE_ASSIGNMENT|[EXTERNAL]|value|"0PS36000000KlvMGAS"
11:47:33.0 (12029222)|VARIABLE_ASSIGNMENT|[990]|this.id|"0PS36000000KlvMGAS"|0x71c9fcf0
11:47:33.0 (12039963)|STATEMENT_EXECUTE|[1005]
11:47:33.0 (12082242)|VARIABLE_ASSIGNMENT|[EXTERNAL]|this|{"apiName":"test_name","id":"0PS36000000KlvMGAS","label":"test_name"}|0x71c9fcf0
11:47:33.0 (12090749)|VARIABLE_ASSIGNMENT|[EXTERNAL]|value|"test desc"
11:47:33.0 (12099235)|VARIABLE_ASSIGNMENT|[992]|this.description|"test desc"|0x71c9fcf0
11:47:33.0 (12106176)|STATEMENT_EXECUTE|[1006]
11:47:33.0 (12129640)|VARIABLE_ASSIGNMENT|[EXTERNAL]|this|{"apiName":"test_name","description":"test desc","id":"0PS36000000KlvMGAS","label":"test_name"}|0x71c9fcf0
11:47:33.0 (12135114)|VARIABLE_ASSIGNMENT|[EXTERNAL]|value|"shiva15testns"
11:47:33.0 (12141908)|VARIABLE_ASSIGNMENT|[994]|this.namespacePrefix|"shiva15testns"|0x71c9fcf0
11:47:33.0 (12147138)|STATEMENT_EXECUTE|[1007]
11:47:33.0 (12168038)|VARIABLE_ASSIGNMENT|[EXTERNAL]|this|{"apiName":"test_name","description":"test desc","id":"0PS36000000KlvMGAS","label":"test_name","namespacePrefix":"shiva15testns"}|0x71c9fcf0
11:47:33.0 (12174403)|VARIABLE_ASSIGNMENT|[EXTERNAL]|value|null
11:47:33.0 (12180754)|VARIABLE_ASSIGNMENT|[996]|this.userLicenseId|null|0x71c9fcf0
11:47:33.0 (12186265)|STATEMENT_EXECUTE|[1008]
11:47:33.0 (12207714)|VARIABLE_ASSIGNMENT|[EXTERNAL]|this|{"apiName":"test_name","description":"test desc","id":"0PS36000000KlvMGAS","label":"test_name","namespacePrefix":"shiva15testns"}|0x71c9fcf0
11:47:33.0 (12213147)|VARIABLE_ASSIGNMENT|[EXTERNAL]|value|"2016-04-27 02:47:35"
11:47:33.0 (12219701)|VARIABLE_ASSIGNMENT|[998]|this.createdDate|"2016-04-27 02:47:35"|0x71c9fcf0
11:47:33.0 (12233155)|CONSTRUCTOR_EXIT|[166]|01p36000005Jpvx|<init>(String,String,String,String,String,String,String)
11:47:33.0 (12254080)|VARIABLE_ASSIGNMENT|[166]|pSetObj|{"apiName":"test_name","createdDate":"2016-04-27 02:47:35","description":"test desc","id":"0PS36000000KlvMGAS","label":"test_name","namespacePrefix":"shiva15testns"}|0x71c9fcf0
11:47:33.0 (12257634)|STATEMENT_EXECUTE|[167]
11:47:33.0 (12268790)|ENTERING_MANAGED_PKG|
11:47:33.0 (12276450)|HEAP_ALLOCATE|[EXTERNAL]|Bytes:4
11:47:33.0 (12283054)|STATEMENT_EXECUTE|[168]
11:47:33.0 (12296294)|ENTERING_MANAGED_PKG|
11:47:33.0 (12341916)|HEAP_ALLOCATE|[168]|Bytes:191
11:47:33.0 (12371472)|HEAP_ALLOCATE|[168]|Bytes:215
11:47:33.0 (12384818)|ENTERING_MANAGED_PKG|
11:47:33.0 (12391486)|USER_DEBUG|[168]|ERROR|The PermissionSet Name: PermissionSet:{Id=0PS36000000KlvMGAS, Label=test_name, Name=test_name, Description=test desc, NamespacePrefix=shiva15testns, UserLicenseId=10036000000eSpyAAE, CreatedDate=2016-04-27 09:47:35}
11:47:33.0 (12406837)|HEAP_ALLOCATE|[162]|Bytes:5
11:47:33.0 (12430878)|HEAP_ALLOCATE|[162]|Bytes:28
11:47:33.0 (12443660)|VARIABLE_SCOPE_BEGIN|[162]|PSetName|PermissionSet|true|false
11:47:33.0 (12480763)|VARIABLE_ASSIGNMENT|[162]|PSetName|{"s":1,"v":{"Id":"0PS36000000mmnFGAQ","Label":"00e1a000000MWa8AAG","Name":"X00e1a000000MWa8AAG","NamespacePrefix":"shiva15testns","UserLicenseId":"10036000000eSpzAAE","CreatedDate":"2016-03-08T19:00:02.000Z"}}|0x832a15e
11:47:33.0 (12488340)|STATEMENT_EXECUTE|[162]
11:47:33.0 (12516038)|ENTERING_MANAGED_PKG|
11:47:33.0 (12526548)|STATEMENT_EXECUTE|[163]
11:47:33.0 (12537902)|HEAP_ALLOCATE|[162]|Bytes:5
11:47:33.0 (12559292)|HEAP_ALLOCATE|[162]|Bytes:28
11:47:33.0 (12567214)|VARIABLE_SCOPE_BEGIN|[162]|PSetName|PermissionSet|true|false
11:47:33.0 (12592962)|VARIABLE_ASSIGNMENT|[162]|PSetName|{"s":1,"v":{"Id":"0PS36000000mmnGGAQ","Label":"00ex00000018ozl_128_ (10 more) ...","Name":"X00ex00000018ozl_128 (11 more) ...","NamespacePrefix":"shiva15testns","UserLicenseId":"10036000000eSpyAAE","CreatedDate":"2016-03-08T19:00:02.000Z"}}|0x2f724b74
11:47:33.0 (12597321)|STATEMENT_EXECUTE|[162]
11:47:33.0 (12625694)|ENTERING_MANAGED_PKG|
11:47:33.0 (12644064)|STATEMENT_EXECUTE|[163]
11:47:33.0 (12660211)|HEAP_ALLOCATE|[162]|Bytes:5
11:47:33.0 (12683715)|HEAP_ALLOCATE|[162]|Bytes:28
11:47:33.0 (12691612)|VARIABLE_SCOPE_BEGIN|[162]|PSetName|PermissionSet|true|false
11:47:33.0 (12715973)|VARIABLE_ASSIGNMENT|[162]|PSetName|{"s":1,"v":{"Id":"0PS36000000mmnHGAQ","Label":"00ex00000018ozm_128_ (10 more) ...","Name":"X00ex00000018ozm_128 (11 more) ...","NamespacePrefix":"shiva15testns","UserLicenseId":"10036000000eSpyAAE","CreatedDate":"2016-03-08T19:00:02.000Z"}}|0x6f0abae1
11:47:33.0 (12720323)|STATEMENT_EXECUTE|[162]
11:47:33.0 (12742039)|ENTERING_MANAGED_PKG|
11:47:33.0 (12754266)|STATEMENT_EXECUTE|[163]
11:47:33.0 (12765465)|HEAP_ALLOCATE|[162]|Bytes:5
11:47:33.0 (12785768)|HEAP_ALLOCATE|[162]|Bytes:28
11:47:33.0 (12796588)|VARIABLE_SCOPE_BEGIN|[162]|PSetName|PermissionSet|true|false
11:47:33.0 (12831776)|VARIABLE_ASSIGNMENT|[162]|PSetName|{"s":1,"v":{"Id":"0PS36000000mmnIGAQ","Label":"00ex00000018ozk_128_ (10 more) ...","Name":"X00ex00000018ozk_128 (11 more) ...","NamespacePrefix":"shiva15testns","UserLicenseId":"10036000000eSpyAAE","CreatedDate":"2016-03-08T19:00:02.000Z"}}|0x4f7dcd6
11:47:33.0 (12837901)|STATEMENT_EXECUTE|[162]
11:47:33.0 (12859724)|ENTERING_MANAGED_PKG|
11:47:33.0 (12869384)|STATEMENT_EXECUTE|[163]
11:47:33.0 (12880168)|HEAP_ALLOCATE|[162]|Bytes:5
11:47:33.0 (12900691)|HEAP_ALLOCATE|[162]|Bytes:28
11:47:33.0 (12908241)|VARIABLE_SCOPE_BEGIN|[162]|PSetName|PermissionSet|true|false
11:47:33.0 (12931391)|VARIABLE_ASSIGNMENT|[162]|PSetName|{"s":1,"v":{"Id":"0PS36000000mmnJGAQ","Label":"00ex00000018ozj_128_ (10 more) ...","Name":"X00ex00000018ozj_128 (11 more) ...","NamespacePrefix":"shiva15testns","UserLicenseId":"10036000000eSpyAAE","CreatedDate":"2016-03-08T19:00:02.000Z"}}|0x1952b547
11:47:33.0 (12935469)|STATEMENT_EXECUTE|[162]
11:47:33.0 (12963135)|ENTERING_MANAGED_PKG|
11:47:33.0 (12973407)|STATEMENT_EXECUTE|[163]
11:47:33.0 (12984354)|HEAP_ALLOCATE|[162]|Bytes:5
11:47:33.0 (13007050)|HEAP_ALLOCATE|[162]|Bytes:28
11:47:33.0 (13016512)|VARIABLE_SCOPE_BEGIN|[162]|PSetName|PermissionSet|true|false
11:47:33.0 (13039699)|VARIABLE_ASSIGNMENT|[162]|PSetName|{"s":1,"v":{"Id":"0PS36000000mmnKGAQ","Label":"00ex00000018ozo_128_ (10 more) ...","Name":"X00ex00000018ozo_128 (11 more) ...","NamespacePrefix":"shiva15testns","UserLicenseId":"10036000000eSpyAAE","CreatedDate":"2016-03-08T19:00:02.000Z"}}|0x244664f2
11:47:33.0 (13044188)|STATEMENT_EXECUTE|[162]
11:47:33.0 (13064851)|ENTERING_MANAGED_PKG|
11:47:33.0 (13074138)|STATEMENT_EXECUTE|[163]
11:47:33.0 (13084886)|HEAP_ALLOCATE|[162]|Bytes:5
11:47:33.0 (13104997)|HEAP_ALLOCATE|[162]|Bytes:28
11:47:33.0 (13112620)|VARIABLE_SCOPE_BEGIN|[162]|PSetName|PermissionSet|true|false
11:47:33.0 (13134869)|VARIABLE_ASSIGNMENT|[162]|PSetName|{"s":1,"v":{"Id":"0PS36000000mmnLGAQ","Label":"00ex00000018ozh_128_ (10 more) ...","Name":"X00ex00000018ozh_128 (11 more) ...","NamespacePrefix":"shiva15testns","UserLicenseId":"10036000000eSpyAAE","CreatedDate":"2016-03-08T19:00:02.000Z"}}|0x1ea11f29
11:47:33.0 (13139031)|STATEMENT_EXECUTE|[162]
11:47:33.0 (13159223)|ENTERING_MANAGED_PKG|
11:47:33.0 (13168476)|STATEMENT_EXECUTE|[163]
11:47:33.0 (13178912)|HEAP_ALLOCATE|[162]|Bytes:5
11:47:33.0 (13198358)|HEAP_ALLOCATE|[162]|Bytes:28
11:47:33.0 (13205771)|VARIABLE_SCOPE_BEGIN|[162]|PSetName|PermissionSet|true|false
11:47:33.0 (13228377)|VARIABLE_ASSIGNMENT|[162]|PSetName|{"s":1,"v":{"Id":"0PS36000000mmnMGAQ","Label":"00ex00000018ozq_128_ (11 more) ...","Name":"X00ex00000018ozq_128 (12 more) ...","NamespacePrefix":"shiva15testns","UserLicenseId":"10036000000eSpyAAE","CreatedDate":"2016-03-08T19:00:02.000Z"}}|0x240a7147
11:47:33.0 (13232811)|STATEMENT_EXECUTE|[162]
11:47:33.0 (13252817)|ENTERING_MANAGED_PKG|
11:47:33.0 (13262075)|STATEMENT_EXECUTE|[163]
11:47:33.0 (13272597)|HEAP_ALLOCATE|[162]|Bytes:5
11:47:33.0 (13292340)|HEAP_ALLOCATE|[162]|Bytes:28
11:47:33.0 (13299664)|VARIABLE_SCOPE_BEGIN|[162]|PSetName|PermissionSet|true|false
11:47:33.0 (13321273)|VARIABLE_ASSIGNMENT|[162]|PSetName|{"s":1,"v":{"Id":"0PS36000000mmnNGAQ","Label":"00ex00000018ozp_128_ (10 more) ...","Name":"X00ex00000018ozp_128 (11 more) ...","NamespacePrefix":"shiva15testns","UserLicenseId":"10036000000eSpyAAE","CreatedDate":"2016-03-08T19:00:02.000Z"}}|0x28fe000c
11:47:33.0 (13325596)|STATEMENT_EXECUTE|[162]
11:47:33.0 (13345578)|ENTERING_MANAGED_PKG|
11:47:33.0 (13354801)|STATEMENT_EXECUTE|[163]
11:47:33.0 (13365135)|HEAP_ALLOCATE|[162]|Bytes:5
11:47:33.0 (13387821)|HEAP_ALLOCATE|[162]|Bytes:28
11:47:33.0 (13395379)|VARIABLE_SCOPE_BEGIN|[162]|PSetName|PermissionSet|true|false
11:47:33.0 (13455047)|VARIABLE_ASSIGNMENT|[162]|PSetName|{"s":1,"v":{"Id":"0PS36000000mmnOGAQ","Label":"00ex00000018ozn_128_ (10 more) ...","Name":"X00ex00000018ozn_128 (11 more) ...","NamespacePrefix":"shiva15testns","UserLicenseId":"10036000000eSpyAAE","CreatedDate":"2016-03-08T19:00:02.000Z"}}|0x3f089015
11:47:33.0 (13460576)|STATEMENT_EXECUTE|[162]
11:47:33.0 (13482442)|ENTERING_MANAGED_PKG|
11:47:33.0 (13491793)|STATEMENT_EXECUTE|[163]
11:47:33.0 (13502714)|HEAP_ALLOCATE|[162]|Bytes:5
11:47:33.0 (13526632)|HEAP_ALLOCATE|[162]|Bytes:28
11:47:33.0 (13534640)|VARIABLE_SCOPE_BEGIN|[162]|PSetName|PermissionSet|true|false
11:47:33.0 (13556275)|VARIABLE_ASSIGNMENT|[162]|PSetName|{"s":1,"v":{"Id":"0PS36000000mmnPGAQ","Label":"00e1a000000MWa9AAG","Name":"X00e1a000000MWa9AAG","NamespacePrefix":"shiva15testns","UserLicenseId":"10036000000eSq0AAE","CreatedDate":"2016-03-08T19:00:02.000Z"}}|0x29c6888a
11:47:33.0 (13560526)|STATEMENT_EXECUTE|[162]
11:47:33.0 (13584085)|ENTERING_MANAGED_PKG|
11:47:33.0 (13613755)|STATEMENT_EXECUTE|[163]
11:47:33.0 (13632445)|HEAP_ALLOCATE|[162]|Bytes:5
11:47:33.0 (13675552)|HEAP_ALLOCATE|[162]|Bytes:28
11:47:33.0 (13687174)|VARIABLE_SCOPE_BEGIN|[162]|PSetName|PermissionSet|true|false
11:47:33.0 (13709762)|VARIABLE_ASSIGNMENT|[162]|PSetName|{"s":1,"v":{"Id":"0PS36000000mmnQGAQ","Label":"00e1a000000MWaBAAW","Name":"X00e1a000000MWaBAAW","NamespacePrefix":"shiva15testns","UserLicenseId":"10036000000eSq2AAE","CreatedDate":"2016-03-08T19:00:02.000Z"}}|0x5e3144bc
11:47:33.0 (13714067)|STATEMENT_EXECUTE|[162]
11:47:33.0 (13735536)|ENTERING_MANAGED_PKG|
11:47:33.0 (13748808)|STATEMENT_EXECUTE|[163]
11:47:33.0 (13760830)|HEAP_ALLOCATE|[162]|Bytes:5
11:47:33.0 (13781392)|HEAP_ALLOCATE|[162]|Bytes:28
11:47:33.0 (13788803)|VARIABLE_SCOPE_BEGIN|[162]|PSetName|PermissionSet|true|false
11:47:33.0 (13810257)|VARIABLE_ASSIGNMENT|[162]|PSetName|{"s":1,"v":{"Id":"0PS36000000mmnRGAQ","Label":"00e1a000000MWaCAAW","Name":"X00e1a000000MWaCAAW","NamespacePrefix":"shiva15testns","UserLicenseId":"10036000000eSq3AAE","CreatedDate":"2016-03-08T19:00:02.000Z"}}|0x617d116
11:47:33.0 (13814338)|STATEMENT_EXECUTE|[162]
11:47:33.0 (13834619)|ENTERING_MANAGED_PKG|
11:47:33.0 (13843796)|STATEMENT_EXECUTE|[163]
11:47:33.0 (13854364)|HEAP_ALLOCATE|[162]|Bytes:5
11:47:33.0 (13873876)|HEAP_ALLOCATE|[162]|Bytes:28
11:47:33.0 (13881076)|VARIABLE_SCOPE_BEGIN|[162]|PSetName|PermissionSet|true|false
11:47:33.0 (13902274)|VARIABLE_ASSIGNMENT|[162]|PSetName|{"s":1,"v":{"Id":"0PS36000000mmnSGAQ","Label":"00e1a000000MWaDAAW","Name":"X00e1a000000MWaDAAW","NamespacePrefix":"shiva15testns","UserLicenseId":"10036000000eSq4AAE","CreatedDate":"2016-03-08T19:00:02.000Z"}}|0x7d6471f9
11:47:33.0 (13906602)|STATEMENT_EXECUTE|[162]
11:47:33.0 (13926535)|ENTERING_MANAGED_PKG|
11:47:33.0 (13935753)|STATEMENT_EXECUTE|[163]
11:47:33.0 (13951130)|HEAP_ALLOCATE|[162]|Bytes:5
11:47:33.0 (13971713)|HEAP_ALLOCATE|[162]|Bytes:28
11:47:33.0 (13979100)|VARIABLE_SCOPE_BEGIN|[162]|PSetName|PermissionSet|true|false
11:47:33.0 (14000005)|VARIABLE_ASSIGNMENT|[162]|PSetName|{"s":1,"v":{"Id":"0PS36000000mmnTGAQ","Label":"00e1a000000MWaEAAW","Name":"X00e1a000000MWaEAAW","NamespacePrefix":"shiva15testns","UserLicenseId":"10036000000eSq5AAE","CreatedDate":"2016-03-08T19:00:02.000Z"}}|0x60fb2407
11:47:33.0 (14005110)|STATEMENT_EXECUTE|[162]
11:47:33.0 (14025571)|ENTERING_MANAGED_PKG|
11:47:33.0 (14034959)|STATEMENT_EXECUTE|[163]
11:47:33.0 (14048409)|HEAP_ALLOCATE|[162]|Bytes:5
11:47:33.0 (14068600)|HEAP_ALLOCATE|[162]|Bytes:28
11:47:33.0 (14076285)|VARIABLE_SCOPE_BEGIN|[162]|PSetName|PermissionSet|true|false
11:47:33.0 (14097387)|VARIABLE_ASSIGNMENT|[162]|PSetName|{"s":1,"v":{"Id":"0PS36000000mmnUGAQ","Label":"00e1a000000MWaFAAW","Name":"X00e1a000000MWaFAAW","NamespacePrefix":"shiva15testns","UserLicenseId":"10036000000eSq6AAE","CreatedDate":"2016-03-08T19:00:02.000Z"}}|0x343b9800
11:47:33.0 (14101362)|STATEMENT_EXECUTE|[162]
11:47:33.0 (14128555)|ENTERING_MANAGED_PKG|
11:47:33.0 (14142783)|STATEMENT_EXECUTE|[163]
11:47:33.0 (14154782)|HEAP_ALLOCATE|[162]|Bytes:5
11:47:33.0 (14175669)|HEAP_ALLOCATE|[162]|Bytes:28
11:47:33.0 (14183171)|VARIABLE_SCOPE_BEGIN|[162]|PSetName|PermissionSet|true|false
11:47:33.0 (14204636)|VARIABLE_ASSIGNMENT|[162]|PSetName|{"s":1,"v":{"Id":"0PS36000000mmnVGAQ","Label":"00e1a000000MWaGAAW","Name":"X00e1a000000MWaGAAW","NamespacePrefix":"shiva15testns","UserLicenseId":"10036000000eSq7AAE","CreatedDate":"2016-03-08T19:00:02.000Z"}}|0xc9c70f0
11:47:33.0 (14208436)|STATEMENT_EXECUTE|[162]
11:47:33.0 (14228838)|ENTERING_MANAGED_PKG|
11:47:33.0 (14238547)|STATEMENT_EXECUTE|[163]
11:47:33.0 (14249126)|HEAP_ALLOCATE|[162]|Bytes:5
11:47:33.0 (14268769)|HEAP_ALLOCATE|[162]|Bytes:28
11:47:33.0 (14276119)|VARIABLE_SCOPE_BEGIN|[162]|PSetName|PermissionSet|true|false
11:47:33.0 (14296825)|VARIABLE_ASSIGNMENT|[162]|PSetName|{"s":1,"v":{"Id":"0PS36000000mmnWGAQ","Label":"00e1a000000MWaHAAW","Name":"X00e1a000000MWaHAAW","NamespacePrefix":"shiva15testns","UserLicenseId":"10036000000eSq8AAE","CreatedDate":"2016-03-08T19:00:02.000Z"}}|0x52293323
11:47:33.0 (14300969)|STATEMENT_EXECUTE|[162]
11:47:33.0 (14320846)|ENTERING_MANAGED_PKG|
11:47:33.0 (14330183)|STATEMENT_EXECUTE|[163]
11:47:33.0 (14340733)|HEAP_ALLOCATE|[162]|Bytes:5
11:47:33.0 (14360106)|HEAP_ALLOCATE|[162]|Bytes:28
11:47:33.0 (14367644)|VARIABLE_SCOPE_BEGIN|[162]|PSetName|PermissionSet|true|false
11:47:33.0 (14388527)|VARIABLE_ASSIGNMENT|[162]|PSetName|{"s":1,"v":{"Id":"0PS36000000mmnXGAQ","Label":"00e1a000000MWaIAAW","Name":"X00e1a000000MWaIAAW","NamespacePrefix":"shiva15testns","UserLicenseId":"10036000000eSq9AAE","CreatedDate":"2016-03-08T19:00:02.000Z"}}|0x6b4bee7d
11:47:33.0 (14392922)|STATEMENT_EXECUTE|[162]
11:47:33.0 (14412775)|ENTERING_MANAGED_PKG|
11:47:33.0 (14421945)|STATEMENT_EXECUTE|[163]
11:47:33.0 (14432509)|HEAP_ALLOCATE|[162]|Bytes:5
11:47:33.0 (14452298)|HEAP_ALLOCATE|[162]|Bytes:28
11:47:33.0 (14459647)|VARIABLE_SCOPE_BEGIN|[162]|PSetName|PermissionSet|true|false
11:47:33.0 (14480810)|VARIABLE_ASSIGNMENT|[162]|PSetName|{"s":1,"v":{"Id":"0PS36000000mmnYGAQ","Label":"00e1a000000MWaJAAW","Name":"X00e1a000000MWaJAAW","NamespacePrefix":"shiva15testns","UserLicenseId":"10036000000eSqAAAU","CreatedDate":"2016-03-08T19:00:02.000Z"}}|0x3d8808c
11:47:33.0 (14484665)|STATEMENT_EXECUTE|[162]
11:47:33.0 (14504764)|ENTERING_MANAGED_PKG|
11:47:33.0 (14514087)|STATEMENT_EXECUTE|[163]
11:47:33.0 (14524550)|HEAP_ALLOCATE|[162]|Bytes:5
11:47:33.0 (14544071)|HEAP_ALLOCATE|[162]|Bytes:28
11:47:33.0 (14551476)|VARIABLE_SCOPE_BEGIN|[162]|PSetName|PermissionSet|true|false
11:47:33.0 (14572710)|VARIABLE_ASSIGNMENT|[162]|PSetName|{"s":1,"v":{"Id":"0PS36000000mmnZGAQ","Label":"00e1a000000MWaKAAW","Name":"X00e1a000000MWaKAAW","NamespacePrefix":"shiva15testns","UserLicenseId":"10036000000eSqBAAU","CreatedDate":"2016-03-08T19:00:02.000Z"}}|0x6cac6bf7
11:47:33.0 (14576517)|STATEMENT_EXECUTE|[162]
11:47:33.0 (14596776)|ENTERING_MANAGED_PKG|
11:47:33.0 (14606073)|STATEMENT_EXECUTE|[163]
11:47:33.0 (14616612)|HEAP_ALLOCATE|[162]|Bytes:5
11:47:33.0 (14636841)|HEAP_ALLOCATE|[162]|Bytes:28
11:47:33.0 (14648617)|VARIABLE_SCOPE_BEGIN|[162]|PSetName|PermissionSet|true|false
11:47:33.0 (14679639)|VARIABLE_ASSIGNMENT|[162]|PSetName|{"s":1,"v":{"Id":"0PS36000000mmnaGAA","Label":"00e1a000000MWaLAAW","Name":"X00e1a000000MWaLAAW","NamespacePrefix":"shiva15testns","UserLicenseId":"10036000000eSqCAAU","CreatedDate":"2016-03-08T19:00:02.000Z"}}|0x7787fd6a
11:47:33.0 (14686454)|STATEMENT_EXECUTE|[162]
11:47:33.0 (14717230)|ENTERING_MANAGED_PKG|
11:47:33.0 (14729747)|STATEMENT_EXECUTE|[163]
11:47:33.0 (14742331)|HEAP_ALLOCATE|[162]|Bytes:5
11:47:33.0 (14765813)|HEAP_ALLOCATE|[162]|Bytes:28
11:47:33.0 (14773513)|VARIABLE_SCOPE_BEGIN|[162]|PSetName|PermissionSet|true|false
11:47:33.0 (14795293)|VARIABLE_ASSIGNMENT|[162]|PSetName|{"s":1,"v":{"Id":"0PS36000000mmnbGAA","Label":"00e1a000000MWaMAAW","Name":"X00e1a000000MWaMAAW","NamespacePrefix":"shiva15testns","UserLicenseId":"10036000000eSqDAAU","CreatedDate":"2016-03-08T19:00:02.000Z"}}|0x438bdde1
11:47:33.0 (14799513)|STATEMENT_EXECUTE|[162]
11:47:33.0 (14819941)|ENTERING_MANAGED_PKG|
11:47:33.0 (14829266)|STATEMENT_EXECUTE|[163]
11:47:33.0 (14839833)|HEAP_ALLOCATE|[162]|Bytes:5
11:47:33.0 (14859402)|HEAP_ALLOCATE|[162]|Bytes:28
11:47:33.0 (14866688)|VARIABLE_SCOPE_BEGIN|[162]|PSetName|PermissionSet|true|false
11:47:33.0 (14887646)|VARIABLE_ASSIGNMENT|[162]|PSetName|{"s":1,"v":{"Id":"0PS36000000mmncGAA","Label":"00e1a000000MWaNAAW","Name":"X00e1a000000MWaNAAW","NamespacePrefix":"shiva15testns","UserLicenseId":"10036000000eSqEAAU","CreatedDate":"2016-03-08T19:00:02.000Z"}}|0x490f9fc
11:47:33.0 (14891864)|STATEMENT_EXECUTE|[162]
11:47:33.0 (14911962)|ENTERING_MANAGED_PKG|
11:47:33.0 (14921121)|STATEMENT_EXECUTE|[163]
11:47:33.0 (14931788)|HEAP_ALLOCATE|[162]|Bytes:5
11:47:33.0 (14955163)|HEAP_ALLOCATE|[162]|Bytes:28
11:47:33.0 (14962872)|VARIABLE_SCOPE_BEGIN|[162]|PSetName|PermissionSet|true|false
11:47:33.0 (14984155)|VARIABLE_ASSIGNMENT|[162]|PSetName|{"s":1,"v":{"Id":"0PS36000000mmndGAA","Label":"00e1a000000MWaOAAW","Name":"X00e1a000000MWaOAAW","NamespacePrefix":"shiva15testns","UserLicenseId":"10036000000eSqFAAU","CreatedDate":"2016-03-08T19:00:02.000Z"}}|0xb6cd94a
11:47:33.0 (14987995)|STATEMENT_EXECUTE|[162]
11:47:33.0 (15008399)|ENTERING_MANAGED_PKG|
11:47:33.0 (15018725)|STATEMENT_EXECUTE|[163]
11:47:33.0 (15029372)|HEAP_ALLOCATE|[162]|Bytes:5
11:47:33.0 (15048993)|HEAP_ALLOCATE|[162]|Bytes:28
11:47:33.0 (15056266)|VARIABLE_SCOPE_BEGIN|[162]|PSetName|PermissionSet|true|false
11:47:33.0 (15081632)|VARIABLE_ASSIGNMENT|[162]|PSetName|{"s":1,"v":{"Id":"0PS36000000mmneGAA","Label":"00e1a000000MWaPAAW","Name":"X00e1a000000MWaPAAW","NamespacePrefix":"shiva15testns","UserLicenseId":"10036000000eSqGAAU","CreatedDate":"2016-03-08T19:00:02.000Z"}}|0x43c819e0
11:47:33.0 (15088070)|STATEMENT_EXECUTE|[162]
11:47:33.0 (15116847)|ENTERING_MANAGED_PKG|
11:47:33.0 (15131999)|STATEMENT_EXECUTE|[163]
11:47:33.0 (15149122)|HEAP_ALLOCATE|[162]|Bytes:5
11:47:33.0 (15182016)|HEAP_ALLOCATE|[162]|Bytes:28
11:47:33.0 (15191526)|VARIABLE_SCOPE_BEGIN|[162]|PSetName|PermissionSet|true|false
11:47:33.0 (15213573)|VARIABLE_ASSIGNMENT|[162]|PSetName|{"s":1,"v":{"Id":"0PS36000000mmnfGAA","Label":"00e1a000000MWaQAAW","Name":"X00e1a000000MWaQAAW","NamespacePrefix":"shiva15testns","UserLicenseId":"10036000000eSqHAAU","CreatedDate":"2016-03-08T19:00:02.000Z"}}|0x5e31b0ad
11:47:33.0 (15217705)|STATEMENT_EXECUTE|[162]
11:47:33.0 (15240725)|ENTERING_MANAGED_PKG|
11:47:33.0 (15257978)|STATEMENT_EXECUTE|[163]
11:47:33.0 (15274966)|HEAP_ALLOCATE|[162]|Bytes:5
11:47:33.0 (15297837)|HEAP_ALLOCATE|[162]|Bytes:28
11:47:33.0 (15305834)|VARIABLE_SCOPE_BEGIN|[162]|PSetName|PermissionSet|true|false
11:47:33.0 (15327685)|VARIABLE_ASSIGNMENT|[162]|PSetName|{"s":1,"v":{"Id":"0PS36000000mmngGAA","Label":"00e1a000000MWaRAAW","Name":"X00e1a000000MWaRAAW","NamespacePrefix":"shiva15testns","UserLicenseId":"10036000000eSqIAAU","CreatedDate":"2016-03-08T19:00:02.000Z"}}|0x5dedfd8e
11:47:33.0 (15331686)|STATEMENT_EXECUTE|[162]
11:47:33.0 (15352406)|ENTERING_MANAGED_PKG|
11:47:33.0 (15361795)|STATEMENT_EXECUTE|[163]
11:47:33.0 (15372369)|HEAP_ALLOCATE|[162]|Bytes:5
11:47:33.0 (15392083)|HEAP_ALLOCATE|[162]|Bytes:28
11:47:33.0 (15399297)|VARIABLE_SCOPE_BEGIN|[162]|PSetName|PermissionSet|true|false
11:47:33.0 (15420720)|VARIABLE_ASSIGNMENT|[162]|PSetName|{"s":1,"v":{"Id":"0PS36000000mmnhGAA","Label":"00e1a000000MWaSAAW","Name":"X00e1a000000MWaSAAW","NamespacePrefix":"shiva15testns","UserLicenseId":"10036000000eSqJAAU","CreatedDate":"2016-03-08T19:00:02.000Z"}}|0x3026c9f0
11:47:33.0 (15424686)|STATEMENT_EXECUTE|[162]
11:47:33.0 (15444771)|ENTERING_MANAGED_PKG|
11:47:33.0 (15457864)|STATEMENT_EXECUTE|[163]
11:47:33.0 (15474960)|HEAP_ALLOCATE|[162]|Bytes:5
11:47:33.0 (15507596)|HEAP_ALLOCATE|[162]|Bytes:28
11:47:33.0 (15524220)|VARIABLE_SCOPE_BEGIN|[162]|PSetName|PermissionSet|true|false
11:47:33.0 (15557890)|VARIABLE_ASSIGNMENT|[162]|PSetName|{"s":1,"v":{"Id":"0PS36000000mmniGAA","Label":"00e1a000000MWaTAAW","Name":"X00e1a000000MWaTAAW","NamespacePrefix":"shiva15testns","UserLicenseId":"10036000000eSqJAAU","CreatedDate":"2016-03-08T19:00:02.000Z"}}|0x33a2c10d
11:47:33.0 (15564535)|STATEMENT_EXECUTE|[162]
11:47:33.0 (15594255)|ENTERING_MANAGED_PKG|
11:47:33.0 (15611525)|STATEMENT_EXECUTE|[163]
11:47:33.0 (15625605)|HEAP_ALLOCATE|[162]|Bytes:5
11:47:33.0 (15647302)|HEAP_ALLOCATE|[162]|Bytes:28
11:47:33.0 (15654978)|VARIABLE_SCOPE_BEGIN|[162]|PSetName|PermissionSet|true|false
11:47:33.0 (15677400)|VARIABLE_ASSIGNMENT|[162]|PSetName|{"s":1,"v":{"Id":"0PS36000000mmnjGAA","Label":"00e1a000000MWaUAAW","Name":"X00e1a000000MWaUAAW","NamespacePrefix":"shiva15testns","UserLicenseId":"10036000000eSqKAAU","CreatedDate":"2016-03-08T19:00:02.000Z"}}|0x60c5ab0c
11:47:33.0 (15681646)|STATEMENT_EXECUTE|[162]
11:47:33.0 (15702147)|ENTERING_MANAGED_PKG|
11:47:33.0 (15711569)|STATEMENT_EXECUTE|[163]
11:47:33.0 (15722168)|HEAP_ALLOCATE|[162]|Bytes:5
11:47:33.0 (15743295)|HEAP_ALLOCATE|[162]|Bytes:28
11:47:33.0 (15753095)|VARIABLE_SCOPE_BEGIN|[162]|PSetName|PermissionSet|true|false
11:47:33.0 (15774698)|VARIABLE_ASSIGNMENT|[162]|PSetName|{"s":1,"v":{"Id":"0PS36000000mmnlGAA","Label":"00e1a000000N1LRAA0","Name":"X00e1a000000N1LRAA0","NamespacePrefix":"shiva15testns","UserLicenseId":"10036000000eSqLAAU","CreatedDate":"2016-03-08T19:00:02.000Z"}}|0x52763b17
11:47:33.0 (15778725)|STATEMENT_EXECUTE|[162]
11:47:33.0 (15799023)|ENTERING_MANAGED_PKG|
11:47:33.0 (15808382)|STATEMENT_EXECUTE|[163]
11:47:33.0 (15818905)|HEAP_ALLOCATE|[162]|Bytes:5
11:47:33.0 (15838863)|HEAP_ALLOCATE|[162]|Bytes:28
11:47:33.0 (15850172)|VARIABLE_SCOPE_BEGIN|[162]|PSetName|PermissionSet|true|false
11:47:33.0 (15884209)|VARIABLE_ASSIGNMENT|[162]|PSetName|{"s":1,"v":{"Id":"0PS36000000mmnmGAA","Label":"00e1a000000N1LSAA0","Name":"X00e1a000000N1LSAA0","NamespacePrefix":"shiva15testns","UserLicenseId":"10036000000eSqMAAU","CreatedDate":"2016-03-08T19:00:02.000Z"}}|0x549911e0
11:47:33.0 (15891027)|STATEMENT_EXECUTE|[162]
11:47:33.0 (15920195)|ENTERING_MANAGED_PKG|
11:47:33.0 (15935545)|STATEMENT_EXECUTE|[163]
11:47:33.0 (15957852)|HEAP_ALLOCATE|[162]|Bytes:5
11:47:33.0 (15991439)|HEAP_ALLOCATE|[162]|Bytes:28
11:47:33.0 (16003129)|VARIABLE_SCOPE_BEGIN|[162]|PSetName|PermissionSet|true|false
11:47:33.0 (16034927)|VARIABLE_ASSIGNMENT|[162]|PSetName|{"s":1,"v":{"Id":"0PS36000000mmnnGAA","Label":"00e1a000000N1wKAAS","Name":"X00e1a000000N1wKAAS","NamespacePrefix":"shiva15testns","UserLicenseId":"10036000000eSqNAAU","CreatedDate":"2016-03-08T19:00:02.000Z"}}|0x711608d7
11:47:33.0 (16040660)|STATEMENT_EXECUTE|[162]
11:47:33.0 (16069520)|ENTERING_MANAGED_PKG|
11:47:33.0 (16085974)|STATEMENT_EXECUTE|[163]
11:47:33.0 (16104392)|HEAP_ALLOCATE|[162]|Bytes:5
11:47:33.0 (16139950)|HEAP_ALLOCATE|[162]|Bytes:28
11:47:33.0 (16152184)|VARIABLE_SCOPE_BEGIN|[162]|PSetName|PermissionSet|true|false
11:47:33.0 (16184891)|VARIABLE_ASSIGNMENT|[162]|PSetName|{"s":1,"v":{"Id":"0PS36000000mmnoGAA","Label":"00e1a000000N1wLAAS","Name":"X00e1a000000N1wLAAS","NamespacePrefix":"shiva15testns","UserLicenseId":"10036000000eSqNAAU","CreatedDate":"2016-03-08T19:00:02.000Z"}}|0x3c464032
11:47:33.0 (16192005)|STATEMENT_EXECUTE|[162]
11:47:33.0 (16222708)|ENTERING_MANAGED_PKG|
11:47:33.0 (16239828)|STATEMENT_EXECUTE|[163]
11:47:33.0 (16257616)|HEAP_ALLOCATE|[162]|Bytes:5
11:47:33.0 (16290015)|HEAP_ALLOCATE|[162]|Bytes:28
11:47:33.0 (16301911)|VARIABLE_SCOPE_BEGIN|[162]|PSetName|PermissionSet|true|false
11:47:33.0 (16332698)|VARIABLE_ASSIGNMENT|[162]|PSetName|{"s":1,"v":{"Id":"0PS36000000mmnqGAA","Label":"00e1a000000MWaAAAW","Name":"X00e1a000000MWaAAAW","NamespacePrefix":"shiva15testns","UserLicenseId":"10036000000eSq1AAE","CreatedDate":"2016-03-08T19:00:02.000Z"}}|0x5f0b6a2e
11:47:33.0 (16340273)|STATEMENT_EXECUTE|[162]
11:47:33.0 (16370267)|ENTERING_MANAGED_PKG|
11:47:33.0 (16388522)|STATEMENT_EXECUTE|[163]
11:47:33.0 (16406420)|HEAP_ALLOCATE|[162]|Bytes:5
11:47:33.0 (16439749)|HEAP_ALLOCATE|[162]|Bytes:32
11:47:33.0 (16450611)|VARIABLE_SCOPE_BEGIN|[162]|PSetName|PermissionSet|true|false
11:47:33.0 (16475970)|VARIABLE_ASSIGNMENT|[162]|PSetName|{"s":1,"v":{"Id":"0PS36000000q71PGAQ","Label":"PermissionSet_Test","Name":"PermissionSet_Test","Description":"This is for testing  (11 more) ...","NamespacePrefix":"shiva15testns","UserLicenseId":"10036000000eSpyAAE","CreatedDate":"2016-03-20T22:41:12.000Z"}}|0x4301763e
11:47:33.0 (16480549)|STATEMENT_EXECUTE|[162]
11:47:33.0 (16502281)|ENTERING_MANAGED_PKG|
11:47:33.0 (16512144)|STATEMENT_EXECUTE|[163]
11:47:33.0 (16513728)|STATEMENT_EXECUTE|[166]
11:47:33.0 (16519209)|HEAP_ALLOCATE|[166]|Bytes:32
11:47:33.0 (16546798)|ENTERING_MANAGED_PKG|
11:47:33.0 (16554754)|HEAP_ALLOCATE|[166]|Bytes:18
11:47:33.0 (16594096)|ENTERING_MANAGED_PKG|
11:47:33.0 (16609110)|HEAP_ALLOCATE|[166]|Bytes:19
11:47:33.0 (16628947)|CONSTRUCTOR_ENTRY|[166]|01p36000005Jpvx|<init>(String,String,String,String,String,String,String)
11:47:33.0 (16634511)|VARIABLE_SCOPE_BEGIN|[1000]|this|shiva15testns.PermissionSetPortalControllers.PermissionSetClass|true|false
11:47:33.0 (16656664)|VARIABLE_ASSIGNMENT|[1000]|this|{}|0x7a9ead8b
11:47:33.0 (16659906)|VARIABLE_SCOPE_BEGIN|[1000]|label|String|false|false
11:47:33.0 (16664679)|VARIABLE_ASSIGNMENT|[1000]|label|"PermissionSet_Test"
11:47:33.0 (16666479)|VARIABLE_SCOPE_BEGIN|[1000]|apiName|String|false|false
11:47:33.0 (16669229)|VARIABLE_ASSIGNMENT|[1000]|apiName|"PermissionSet_Test"
11:47:33.0 (16670839)|VARIABLE_SCOPE_BEGIN|[1000]|id|String|false|false
11:47:33.0 (16673645)|VARIABLE_ASSIGNMENT|[1000]|id|"0PS36000000q71PGAQ"
11:47:33.0 (16675212)|VARIABLE_SCOPE_BEGIN|[1000]|description|String|false|false
11:47:33.0 (16679397)|VARIABLE_ASSIGNMENT|[1000]|description|"This is for testing  (11 more) ..."
11:47:33.0 (16681124)|VARIABLE_SCOPE_BEGIN|[1000]|namespacePrefix|String|false|false
11:47:33.0 (16683968)|VARIABLE_ASSIGNMENT|[1000]|namespacePrefix|"shiva15testns"
11:47:33.0 (16685894)|VARIABLE_SCOPE_BEGIN|[1000]|userLicenseId|String|false|false
11:47:33.0 (16689402)|VARIABLE_ASSIGNMENT|[1000]|userLicenseId|null
11:47:33.0 (16691071)|VARIABLE_SCOPE_BEGIN|[1000]|createdDate|String|false|false
11:47:33.0 (16693946)|VARIABLE_ASSIGNMENT|[1000]|createdDate|"2016-03-20 15:41:12"
11:47:33.0 (16696959)|STATEMENT_EXECUTE|[983]
11:47:33.0 (16698195)|STATEMENT_EXECUTE|[986]
11:47:33.0 (16699471)|STATEMENT_EXECUTE|[988]
11:47:33.0 (16700511)|STATEMENT_EXECUTE|[990]
11:47:33.0 (16701515)|STATEMENT_EXECUTE|[992]
11:47:33.0 (16702475)|STATEMENT_EXECUTE|[994]
11:47:33.0 (16703452)|STATEMENT_EXECUTE|[996]
11:47:33.0 (16704425)|STATEMENT_EXECUTE|[998]
11:47:33.0 (16716245)|STATEMENT_EXECUTE|[1001]
11:47:33.0 (16717948)|STATEMENT_EXECUTE|[1002]
11:47:33.0 (16738609)|VARIABLE_ASSIGNMENT|[EXTERNAL]|this|{}|0x7a9ead8b
11:47:33.0 (16746339)|VARIABLE_ASSIGNMENT|[EXTERNAL]|value|"PermissionSet_Test"
11:47:33.0 (16772917)|VARIABLE_ASSIGNMENT|[986]|this.label|"PermissionSet_Test"|0x7a9ead8b
11:47:33.0 (16785895)|STATEMENT_EXECUTE|[1003]
11:47:33.0 (16849075)|VARIABLE_ASSIGNMENT|[EXTERNAL]|this|{"label":"PermissionSet_Test"}|0x7a9ead8b
11:47:33.0 (16859912)|VARIABLE_ASSIGNMENT|[EXTERNAL]|value|"PermissionSet_Test"
11:47:33.0 (16873810)|VARIABLE_ASSIGNMENT|[988]|this.apiName|"PermissionSet_Test"|0x7a9ead8b
11:47:33.0 (16882009)|STATEMENT_EXECUTE|[1004]
11:47:33.0 (16907729)|VARIABLE_ASSIGNMENT|[EXTERNAL]|this|{"apiName":"PermissionSet_Test","label":"PermissionSet_Test"}|0x7a9ead8b
11:47:33.0 (16913279)|VARIABLE_ASSIGNMENT|[EXTERNAL]|value|"0PS36000000q71PGAQ"
11:47:33.0 (16920203)|VARIABLE_ASSIGNMENT|[990]|this.id|"0PS36000000q71PGAQ"|0x7a9ead8b
11:47:33.0 (16925770)|STATEMENT_EXECUTE|[1005]
11:47:33.0 (16950932)|VARIABLE_ASSIGNMENT|[EXTERNAL]|this|{"apiName":"PermissionSet_Test","id":"0PS36000000q71PGAQ","label":"PermissionSet_Test"}|0x7a9ead8b
11:47:33.0 (16965848)|VARIABLE_ASSIGNMENT|[EXTERNAL]|value|"This is for testing  (11 more) ..."
11:47:33.0 (16980324)|VARIABLE_ASSIGNMENT|[992]|this.description|"This is for testing  (11 more) ..."|0x7a9ead8b
11:47:33.0 (16991073)|STATEMENT_EXECUTE|[1006]
11:47:33.0 (17036034)|VARIABLE_ASSIGNMENT|[EXTERNAL]|this|{"apiName":"PermissionSet_Test","description":"This is for testing  (11 more) ...","id":"0PS36000000q71PGAQ","label":"PermissionSet_Test"}|0x7a9ead8b
11:47:33.0 (17047558)|VARIABLE_ASSIGNMENT|[EXTERNAL]|value|"shiva15testns"
11:47:33.0 (17056746)|VARIABLE_ASSIGNMENT|[994]|this.namespacePrefix|"shiva15testns"|0x7a9ead8b
11:47:33.0 (17064094)|STATEMENT_EXECUTE|[1007]
11:47:33.0 (17090303)|VARIABLE_ASSIGNMENT|[EXTERNAL]|this|{"apiName":"PermissionSet_Test","description":"This is for testing  (11 more) ...","id":"0PS36000000q71PGAQ","label":"PermissionSet_Test","namespacePrefix":"shiva15testns"}|0x7a9ead8b
11:47:33.0 (17097208)|VARIABLE_ASSIGNMENT|[EXTERNAL]|value|null
11:47:33.0 (17104039)|VARIABLE_ASSIGNMENT|[996]|this.userLicenseId|null|0x7a9ead8b
11:47:33.0 (17109781)|STATEMENT_EXECUTE|[1008]
11:47:33.0 (17146658)|VARIABLE_ASSIGNMENT|[EXTERNAL]|this|{"apiName":"PermissionSet_Test","description":"This is for testing  (11 more) ...","id":"0PS36000000q71PGAQ","label":"PermissionSet_Test","namespacePrefix":"shiva15testns"}|0x7a9ead8b
11:47:33.0 (17153806)|VARIABLE_ASSIGNMENT|[EXTERNAL]|value|"2016-03-20 15:41:12"
11:47:33.0 (17161284)|VARIABLE_ASSIGNMENT|[998]|this.createdDate|"2016-03-20 15:41:12"|0x7a9ead8b
11:47:33.0 (17175928)|CONSTRUCTOR_EXIT|[166]|01p36000005Jpvx|<init>(String,String,String,String,String,String,String)
11:47:33.0 (17199165)|VARIABLE_ASSIGNMENT|[166]|pSetObj|{"apiName":"PermissionSet_Test","createdDate":"2016-03-20 15:41:12","description":"This is for testing  (11 more) ...","id":"0PS36000000q71PGAQ","label":"PermissionSet_Test","namespacePrefix":"shiva15testns"}|0x7a9ead8b
11:47:33.0 (17202980)|STATEMENT_EXECUTE|[167]
11:47:33.0 (17215083)|ENTERING_MANAGED_PKG|
11:47:33.0 (17222773)|HEAP_ALLOCATE|[EXTERNAL]|Bytes:4
11:47:33.0 (17229601)|STATEMENT_EXECUTE|[168]
11:47:33.0 (17243361)|ENTERING_MANAGED_PKG|
11:47:33.0 (17293254)|HEAP_ALLOCATE|[168]|Bytes:231
11:47:33.0 (17308529)|HEAP_ALLOCATE|[168]|Bytes:255
11:47:33.0 (17320897)|ENTERING_MANAGED_PKG|
11:47:33.0 (17327735)|USER_DEBUG|[168]|ERROR|The PermissionSet Name: PermissionSet:{Id=0PS36000000q71PGAQ, Label=PermissionSet_Test, Name=PermissionSet_Test, Description=This is for testing Description, NamespacePrefix=shiva15testns, UserLicenseId=10036000000eSpyAAE, CreatedDate=2016-03-20 22:41:12}
11:47:33.0 (17343317)|HEAP_ALLOCATE|[162]|Bytes:5
11:47:33.0 (17364764)|HEAP_ALLOCATE|[162]|Bytes:32
11:47:33.0 (17372971)|VARIABLE_SCOPE_BEGIN|[162]|PSetName|PermissionSet|true|false
11:47:33.0 (17410610)|VARIABLE_ASSIGNMENT|[162]|PSetName|{"s":1,"v":{"Id":"0PS360000015WSaGAM","Label":"Permission_Set_Name","Name":"Permission_Set_Name","Description":"Permission Set Descr (11 more) ...","NamespacePrefix":"shiva15testns","UserLicenseId":"10036000000eSpyAAE","CreatedDate":"2016-04-28T18:12:07.000Z"}}|0x2108e39
11:47:33.0 (17415704)|STATEMENT_EXECUTE|[162]
11:47:33.0 (17437746)|ENTERING_MANAGED_PKG|
11:47:33.0 (17447380)|STATEMENT_EXECUTE|[163]
11:47:33.0 (17448939)|STATEMENT_EXECUTE|[166]
11:47:33.0 (17454397)|HEAP_ALLOCATE|[166]|Bytes:32
11:47:33.0 (17470566)|ENTERING_MANAGED_PKG|
11:47:33.0 (17474536)|HEAP_ALLOCATE|[166]|Bytes:18
11:47:33.0 (17497035)|ENTERING_MANAGED_PKG|
11:47:33.0 (17510518)|HEAP_ALLOCATE|[166]|Bytes:19
11:47:33.0 (17528992)|CONSTRUCTOR_ENTRY|[166]|01p36000005Jpvx|<init>(String,String,String,String,String,String,String)
11:47:33.0 (17534569)|VARIABLE_SCOPE_BEGIN|[1000]|this|shiva15testns.PermissionSetPortalControllers.PermissionSetClass|true|false
11:47:33.0 (17554777)|VARIABLE_ASSIGNMENT|[1000]|this|{}|0x19310089
11:47:33.0 (17557800)|VARIABLE_SCOPE_BEGIN|[1000]|label|String|false|false
11:47:33.0 (17562352)|VARIABLE_ASSIGNMENT|[1000]|label|"Permission_Set_Name"
11:47:33.0 (17564118)|VARIABLE_SCOPE_BEGIN|[1000]|apiName|String|false|false
11:47:33.0 (17566755)|VARIABLE_ASSIGNMENT|[1000]|apiName|"Permission_Set_Name"
11:47:33.0 (17568317)|VARIABLE_SCOPE_BEGIN|[1000]|id|String|false|false
11:47:33.0 (17571070)|VARIABLE_ASSIGNMENT|[1000]|id|"0PS360000015WSaGAM"
11:47:33.0 (17572599)|VARIABLE_SCOPE_BEGIN|[1000]|description|String|false|false
11:47:33.0 (17576419)|VARIABLE_ASSIGNMENT|[1000]|description|"Permission Set Descr (11 more) ..."
11:47:33.0 (17578476)|VARIABLE_SCOPE_BEGIN|[1000]|namespacePrefix|String|false|false
11:47:33.0 (17581031)|VARIABLE_ASSIGNMENT|[1000]|namespacePrefix|"shiva15testns"
11:47:33.0 (17582737)|VARIABLE_SCOPE_BEGIN|[1000]|userLicenseId|String|false|false
11:47:33.0 (17586057)|VARIABLE_ASSIGNMENT|[1000]|userLicenseId|null
11:47:33.0 (17587738)|VARIABLE_SCOPE_BEGIN|[1000]|createdDate|String|false|false
11:47:33.0 (17590555)|VARIABLE_ASSIGNMENT|[1000]|createdDate|"2016-04-28 11:12:07"
11:47:33.0 (17593313)|STATEMENT_EXECUTE|[983]
11:47:33.0 (17594503)|STATEMENT_EXECUTE|[986]
11:47:33.0 (17595755)|STATEMENT_EXECUTE|[988]
11:47:33.0 (17596776)|STATEMENT_EXECUTE|[990]
11:47:33.0 (17597821)|STATEMENT_EXECUTE|[992]
11:47:33.0 (17598796)|STATEMENT_EXECUTE|[994]
11:47:33.0 (17599784)|STATEMENT_EXECUTE|[996]
11:47:33.0 (17600755)|STATEMENT_EXECUTE|[998]
11:47:33.0 (17611946)|STATEMENT_EXECUTE|[1001]
11:47:33.0 (17613454)|STATEMENT_EXECUTE|[1002]
11:47:33.0 (17633184)|VARIABLE_ASSIGNMENT|[EXTERNAL]|this|{}|0x19310089
11:47:33.0 (17639111)|VARIABLE_ASSIGNMENT|[EXTERNAL]|value|"Permission_Set_Name"
11:47:33.0 (17646262)|VARIABLE_ASSIGNMENT|[986]|this.label|"Permission_Set_Name"|0x19310089
11:47:33.0 (17651875)|STATEMENT_EXECUTE|[1003]
11:47:33.0 (17671311)|VARIABLE_ASSIGNMENT|[EXTERNAL]|this|{"label":"Permission_Set_Name"}|0x19310089
11:47:33.0 (17676060)|VARIABLE_ASSIGNMENT|[EXTERNAL]|value|"Permission_Set_Name"
11:47:33.0 (17682165)|VARIABLE_ASSIGNMENT|[988]|this.apiName|"Permission_Set_Name"|0x19310089
11:47:33.0 (17687398)|STATEMENT_EXECUTE|[1004]
11:47:33.0 (17706484)|VARIABLE_ASSIGNMENT|[EXTERNAL]|this|{"apiName":"Permission_Set_Name","label":"Permission_Set_Name"}|0x19310089
11:47:33.0 (17711512)|VARIABLE_ASSIGNMENT|[EXTERNAL]|value|"0PS360000015WSaGAM"
11:47:33.0 (17717841)|VARIABLE_ASSIGNMENT|[990]|this.id|"0PS360000015WSaGAM"|0x19310089
11:47:33.0 (17722965)|STATEMENT_EXECUTE|[1005]
11:47:33.0 (17745968)|VARIABLE_ASSIGNMENT|[EXTERNAL]|this|{"apiName":"Permission_Set_Name","id":"0PS360000015WSaGAM","label":"Permission_Set_Name"}|0x19310089
11:47:33.0 (17754754)|VARIABLE_ASSIGNMENT|[EXTERNAL]|value|"Permission Set Descr (11 more) ..."
11:47:33.0 (17762587)|VARIABLE_ASSIGNMENT|[992]|this.description|"Permission Set Descr (11 more) ..."|0x19310089
11:47:33.0 (17769064)|STATEMENT_EXECUTE|[1006]
11:47:33.0 (17792111)|VARIABLE_ASSIGNMENT|[EXTERNAL]|this|{"apiName":"Permission_Set_Name","description":"Permission Set Descr (11 more) ...","id":"0PS360000015WSaGAM","label":"Permission_Set_Name"}|0x19310089
11:47:33.0 (17797325)|VARIABLE_ASSIGNMENT|[EXTERNAL]|value|"shiva15testns"
11:47:33.0 (17803754)|VARIABLE_ASSIGNMENT|[994]|this.namespacePrefix|"shiva15testns"|0x19310089
11:47:33.0 (17808978)|STATEMENT_EXECUTE|[1007]
11:47:33.0 (17831024)|VARIABLE_ASSIGNMENT|[EXTERNAL]|this|{"apiName":"Permission_Set_Name","description":"Permission Set Descr (11 more) ...","id":"0PS360000015WSaGAM","label":"Permission_Set_Name","namespacePrefix":"shiva15testns"}|0x19310089
11:47:33.0 (17837387)|VARIABLE_ASSIGNMENT|[EXTERNAL]|value|null
11:47:33.0 (17844291)|VARIABLE_ASSIGNMENT|[996]|this.userLicenseId|null|0x19310089
11:47:33.0 (17849698)|STATEMENT_EXECUTE|[1008]
11:47:33.0 (17872183)|VARIABLE_ASSIGNMENT|[EXTERNAL]|this|{"apiName":"Permission_Set_Name","description":"Permission Set Descr (11 more) ...","id":"0PS360000015WSaGAM","label":"Permission_Set_Name","namespacePrefix":"shiva15testns"}|0x19310089
11:47:33.0 (17877681)|VARIABLE_ASSIGNMENT|[EXTERNAL]|value|"2016-04-28 11:12:07"
11:47:33.0 (17884115)|VARIABLE_ASSIGNMENT|[998]|this.createdDate|"2016-04-28 11:12:07"|0x19310089
11:47:33.0 (17896770)|CONSTRUCTOR_EXIT|[166]|01p36000005Jpvx|<init>(String,String,String,String,String,String,String)
11:47:33.0 (17918583)|VARIABLE_ASSIGNMENT|[166]|pSetObj|{"apiName":"Permission_Set_Name","createdDate":"2016-04-28 11:12:07","description":"Permission Set Descr (11 more) ...","id":"0PS360000015WSaGAM","label":"Permission_Set_Name","namespacePrefix":"shiva15testns"}|0x19310089
11:47:33.0 (17922262)|STATEMENT_EXECUTE|[167]
11:47:33.0 (17933265)|ENTERING_MANAGED_PKG|
11:47:33.0 (17940755)|HEAP_ALLOCATE|[EXTERNAL]|Bytes:4
11:47:33.0 (17952026)|STATEMENT_EXECUTE|[168]
11:47:33.0 (17966013)|ENTERING_MANAGED_PKG|
11:47:33.0 (18043039)|HEAP_ALLOCATE|[168]|Bytes:233
11:47:33.0 (18069643)|HEAP_ALLOCATE|[168]|Bytes:257
11:47:33.0 (18085347)|ENTERING_MANAGED_PKG|
11:47:33.0 (18092285)|USER_DEBUG|[168]|ERROR|The PermissionSet Name: PermissionSet:{Id=0PS360000015WSaGAM, Label=Permission_Set_Name, Name=Permission_Set_Name, Description=Permission Set Description Test, NamespacePrefix=shiva15testns, UserLicenseId=10036000000eSpyAAE, CreatedDate=2016-04-28 18:12:07}
11:47:33.0 (18108005)|HEAP_ALLOCATE|[162]|Bytes:5
11:47:33.0 (18129615)|HEAP_ALLOCATE|[162]|Bytes:32
11:47:33.0 (18137749)|VARIABLE_SCOPE_BEGIN|[162]|PSetName|PermissionSet|true|false
11:47:33.0 (18166740)|VARIABLE_ASSIGNMENT|[162]|PSetName|{"s":1,"v":{"Id":"0PS360000015XZ9GAM","Label":"Permissions_Set_Test (5 more) ...","Name":"Permissions_Set_Test (5 more) ...","Description":"Per Descp","NamespacePrefix":"shiva15testns","UserLicenseId":"10036000000eSpyAAE","CreatedDate":"2016-04-28T18:47:15.000Z"}}|0xc590999
11:47:33.0 (18171934)|STATEMENT_EXECUTE|[162]
11:47:33.0 (18194125)|ENTERING_MANAGED_PKG|
11:47:33.0 (18209682)|STATEMENT_EXECUTE|[163]
11:47:33.0 (18211677)|STATEMENT_EXECUTE|[166]
11:47:33.0 (18216927)|HEAP_ALLOCATE|[166]|Bytes:32
11:47:33.0 (18235357)|ENTERING_MANAGED_PKG|
11:47:33.0 (18239336)|HEAP_ALLOCATE|[166]|Bytes:18
11:47:33.0 (18262159)|ENTERING_MANAGED_PKG|
11:47:33.0 (18275448)|HEAP_ALLOCATE|[166]|Bytes:19
11:47:33.0 (18293853)|CONSTRUCTOR_ENTRY|[166]|01p36000005Jpvx|<init>(String,String,String,String,String,String,String)
11:47:33.0 (18299293)|VARIABLE_SCOPE_BEGIN|[1000]|this|shiva15testns.PermissionSetPortalControllers.PermissionSetClass|true|false
11:47:33.0 (18319314)|VARIABLE_ASSIGNMENT|[1000]|this|{}|0x9cddfff
11:47:33.0 (18322318)|VARIABLE_SCOPE_BEGIN|[1000]|label|String|false|false
11:47:33.0 (18327677)|VARIABLE_ASSIGNMENT|[1000]|label|"Permissions_Set_Test (5 more) ..."
11:47:33.0 (18329571)|VARIABLE_SCOPE_BEGIN|[1000]|apiName|String|false|false
11:47:33.0 (18332726)|VARIABLE_ASSIGNMENT|[1000]|apiName|"Permissions_Set_Test (5 more) ..."
11:47:33.0 (18334411)|VARIABLE_SCOPE_BEGIN|[1000]|id|String|false|false
11:47:33.0 (18337415)|VARIABLE_ASSIGNMENT|[1000]|id|"0PS360000015XZ9GAM"
11:47:33.0 (18339032)|VARIABLE_SCOPE_BEGIN|[1000]|description|String|false|false
11:47:33.0 (18341553)|VARIABLE_ASSIGNMENT|[1000]|description|"Per Descp"
11:47:33.0 (18343089)|VARIABLE_SCOPE_BEGIN|[1000]|namespacePrefix|String|false|false
11:47:33.0 (18345578)|VARIABLE_ASSIGNMENT|[1000]|namespacePrefix|"shiva15testns"
11:47:33.0 (18347201)|VARIABLE_SCOPE_BEGIN|[1000]|userLicenseId|String|false|false
11:47:33.0 (18350601)|VARIABLE_ASSIGNMENT|[1000]|userLicenseId|null
11:47:33.0 (18352217)|VARIABLE_SCOPE_BEGIN|[1000]|createdDate|String|false|false
11:47:33.0 (18355099)|VARIABLE_ASSIGNMENT|[1000]|createdDate|"2016-04-28 11:47:15"
11:47:33.0 (18357767)|STATEMENT_EXECUTE|[983]
11:47:33.0 (18358944)|STATEMENT_EXECUTE|[986]
11:47:33.0 (18360137)|STATEMENT_EXECUTE|[988]
11:47:33.0 (18361143)|STATEMENT_EXECUTE|[990]
11:47:33.0 (18362156)|STATEMENT_EXECUTE|[992]
11:47:33.0 (18363121)|STATEMENT_EXECUTE|[994]
11:47:33.0 (18364378)|STATEMENT_EXECUTE|[996]
11:47:33.0 (18365385)|STATEMENT_EXECUTE|[998]
11:47:33.0 (18377061)|STATEMENT_EXECUTE|[1001]
11:47:33.0 (18378604)|STATEMENT_EXECUTE|[1002]
11:47:33.0 (18398636)|VARIABLE_ASSIGNMENT|[EXTERNAL]|this|{}|0x9cddfff
11:47:33.0 (18404706)|VARIABLE_ASSIGNMENT|[EXTERNAL]|value|"Permissions_Set_Test (5 more) ..."
11:47:33.0 (18412317)|VARIABLE_ASSIGNMENT|[986]|this.label|"Permissions_Set_Test (5 more) ..."|0x9cddfff
11:47:33.0 (18417900)|STATEMENT_EXECUTE|[1003]
11:47:33.0 (18438304)|VARIABLE_ASSIGNMENT|[EXTERNAL]|this|{"label":"Permissions_Set_Test (5 more) ..."}|0x9cddfff
11:47:33.0 (18443703)|VARIABLE_ASSIGNMENT|[EXTERNAL]|value|"Permissions_Set_Test (5 more) ..."
11:47:33.0 (18450518)|VARIABLE_ASSIGNMENT|[988]|this.apiName|"Permissions_Set_Test (5 more) ..."|0x9cddfff
11:47:33.0 (18455890)|STATEMENT_EXECUTE|[1004]
11:47:33.0 (18476722)|VARIABLE_ASSIGNMENT|[EXTERNAL]|this|{"apiName":"Permissions_Set_Test (5 more) ...","label":"Permissions_Set_Test (5 more) ..."}|0x9cddfff
11:47:33.0 (18482107)|VARIABLE_ASSIGNMENT|[EXTERNAL]|value|"0PS360000015XZ9GAM"
11:47:33.0 (18488385)|VARIABLE_ASSIGNMENT|[990]|this.id|"0PS360000015XZ9GAM"|0x9cddfff
11:47:33.0 (18493607)|STATEMENT_EXECUTE|[1005]
11:47:33.0 (18514423)|VARIABLE_ASSIGNMENT|[EXTERNAL]|this|{"apiName":"Permissions_Set_Test (5 more) ...","id":"0PS360000015XZ9GAM","label":"Permissions_Set_Test (5 more) ..."}|0x9cddfff
11:47:33.0 (18519676)|VARIABLE_ASSIGNMENT|[EXTERNAL]|value|"Per Descp"
11:47:33.0 (18525870)|VARIABLE_ASSIGNMENT|[992]|this.description|"Per Descp"|0x9cddfff
11:47:33.0 (18530883)|STATEMENT_EXECUTE|[1006]
11:47:33.0 (18552670)|VARIABLE_ASSIGNMENT|[EXTERNAL]|this|{"apiName":"Permissions_Set_Test (5 more) ...","description":"Per Descp","id":"0PS360000015XZ9GAM","label":"Permissions_Set_Test (5 more) ..."}|0x9cddfff
11:47:33.0 (18557608)|VARIABLE_ASSIGNMENT|[EXTERNAL]|value|"shiva15testns"
11:47:33.0 (18563966)|VARIABLE_ASSIGNMENT|[994]|this.namespacePrefix|"shiva15testns"|0x9cddfff
11:47:33.0 (18569535)|STATEMENT_EXECUTE|[1007]
11:47:33.0 (18592007)|VARIABLE_ASSIGNMENT|[EXTERNAL]|this|{"apiName":"Permissions_Set_Test (5 more) ...","description":"Per Descp","id":"0PS360000015XZ9GAM","label":"Permissions_Set_Test (5 more) ...","namespacePrefix":"shiva15testns"}|0x9cddfff
11:47:33.0 (18598455)|VARIABLE_ASSIGNMENT|[EXTERNAL]|value|null
11:47:33.0 (18604765)|VARIABLE_ASSIGNMENT|[996]|this.userLicenseId|null|0x9cddfff
11:47:33.0 (18610388)|STATEMENT_EXECUTE|[1008]
11:47:33.0 (18633103)|VARIABLE_ASSIGNMENT|[EXTERNAL]|this|{"apiName":"Permissions_Set_Test (5 more) ...","description":"Per Descp","id":"0PS360000015XZ9GAM","label":"Permissions_Set_Test (5 more) ...","namespacePrefix":"shiva15testns"}|0x9cddfff
11:47:33.0 (18638359)|VARIABLE_ASSIGNMENT|[EXTERNAL]|value|"2016-04-28 11:47:15"
11:47:33.0 (18644771)|VARIABLE_ASSIGNMENT|[998]|this.createdDate|"2016-04-28 11:47:15"|0x9cddfff
11:47:33.0 (18657050)|CONSTRUCTOR_EXIT|[166]|01p36000005Jpvx|<init>(String,String,String,String,String,String,String)
11:47:33.0 (18678293)|VARIABLE_ASSIGNMENT|[166]|pSetObj|{"apiName":"Permissions_Set_Test (5 more) ...","createdDate":"2016-04-28 11:47:15","description":"Per Descp","id":"0PS360000015XZ9GAM","label":"Permissions_Set_Test (5 more) ...","namespacePrefix":"shiva15testns"}|0x9cddfff
11:47:33.0 (18682223)|STATEMENT_EXECUTE|[167]
11:47:33.0 (18693385)|ENTERING_MANAGED_PKG|
11:47:33.0 (18700948)|HEAP_ALLOCATE|[EXTERNAL]|Bytes:4
11:47:33.0 (18707411)|STATEMENT_EXECUTE|[168]
11:47:33.0 (18720363)|ENTERING_MANAGED_PKG|
11:47:33.0 (18771212)|HEAP_ALLOCATE|[168]|Bytes:223
11:47:33.0 (18786745)|HEAP_ALLOCATE|[168]|Bytes:247
11:47:33.0 (18798613)|ENTERING_MANAGED_PKG|
11:47:33.0 (18806594)|USER_DEBUG|[168]|ERROR|The PermissionSet Name: PermissionSet:{Id=0PS360000015XZ9GAM, Label=Permissions_Set_Test_Name, Name=Permissions_Set_Test_Name, Description=Per Descp, NamespacePrefix=shiva15testns, UserLicenseId=10036000000eSpyAAE, CreatedDate=2016-04-28 18:47:15}
11:47:33.0 (18831638)|HEAP_ALLOCATE|[162]|Bytes:5
11:47:33.0 (18854622)|VARIABLE_ASSIGNMENT|[162]|PSetName|null|
11:47:33.0 (18858919)|STATEMENT_EXECUTE|[171]
11:47:33.0 (18879463)|SYSTEM_MODE_EXIT|false
11:47:33.18 (18924997)|CUMULATIVE_LIMIT_USAGE
11:47:33.18 (18924997)|LIMIT_USAGE_FOR_NS|(default)|
  Number of SOQL queries: 0 out of 100
  Number of query rows: 0 out of 50000
  Number of SOSL queries: 0 out of 20
  Number of DML statements: 0 out of 150
  Number of DML rows: 0 out of 10000
  Maximum CPU time: 0 out of 10000
  Maximum heap size: 0 out of 6000000
  Number of callouts: 0 out of 100
  Number of Email Invocations: 0 out of 10
  Number of future calls: 0 out of 50
  Number of queueable jobs added to the queue: 0 out of 50
  Number of Mobile Apex push calls: 0 out of 10

11:47:33.18 (18924997)|LIMIT_USAGE_FOR_NS|shiva15testns|
  Number of SOQL queries: 1 out of 100
  Number of query rows: 43 out of 50000
  Number of SOSL queries: 0 out of 20
  Number of DML statements: 0 out of 150
  Number of DML rows: 0 out of 10000
  Maximum CPU time: 0 out of 10000
  Maximum heap size: 0 out of 6000000
  Number of callouts: 0 out of 100
  Number of Email Invocations: 0 out of 10
  Number of future calls: 0 out of 50
  Number of queueable jobs added to the queue: 0 out of 50
  Number of Mobile Apex push calls: 0 out of 10

11:47:33.18 (18924997)|CUMULATIVE_LIMIT_USAGE_END

11:47:33.0 (18985955)|CODE_UNIT_FINISHED|PermissionSetPortalControllers.getAllPermissionSets
11:47:33.0 (22960524)|EXECUTION_FINISHED
11:47:33.26 (26697082)|EXECUTION_STARTED
11:47:33.26 (26711144)|CODE_UNIT_STARTED|[EXTERNAL]|Aura
11:47:33.26 (26768552)|CODE_UNIT_FINISHED|Aura
11:47:33.26 (28271175)|EXECUTION_FINISHED
11:47:33.29 (29832753)|EXECUTION_STARTED
11:47:33.29 (29840992)|CODE_UNIT_STARTED|[EXTERNAL]|Aura
11:47:33.29 (29878118)|CODE_UNIT_FINISHED|Aura
11:47:33.29 (31578091)|EXECUTION_FINISHED
11:47:33.33 (33586437)|EXECUTION_STARTED
11:47:33.33 (33594783)|CODE_UNIT_STARTED|[EXTERNAL]|Aura
11:47:33.33 (33632441)|CODE_UNIT_FINISHED|Aura
11:47:33.33 (35996250)|EXECUTION_FINISHED
11:47:33.37 (37739780)|EXECUTION_STARTED
11:47:33.37 (37750430)|CODE_UNIT_STARTED|[EXTERNAL]|Aura
11:47:33.37 (37789515)|CODE_UNIT_FINISHED|Aura
11:47:33.37 (39587430)|EXECUTION_FINISHED
11:47:33.42 (42207167)|EXECUTION_STARTED
11:47:33.42 (42215388)|CODE_UNIT_STARTED|[EXTERNAL]|Aura
11:47:33.42 (42256829)|CODE_UNIT_FINISHED|Aura
11:47:33.42 (44826988)|EXECUTION_FINISHED
11:47:33.47 (47055032)|EXECUTION_STARTED
11:47:33.47 (47063436)|CODE_UNIT_STARTED|[EXTERNAL]|Aura
11:47:33.47 (47100637)|CODE_UNIT_FINISHED|Aura
11:47:33.47 (49661553)|EXECUTION_FINISHED
11:47:33.51 (51640827)|EXECUTION_STARTED
11:47:33.51 (51649056)|CODE_UNIT_STARTED|[EXTERNAL]|Aura
11:47:33.51 (51686571)|CODE_UNIT_FINISHED|Aura
11:47:33.51 (53401137)|EXECUTION_FINISHED
