36.0 APEX_CODE,FINEST;APEX_PROFILING,INFO;CALLOUT,INFO;DB,INFO;SYSTEM,DEBUG;VALIDATION,INFO;VISUALFORCE,INFO;WORKFLOW,INFO
18:49:01.0 (890385)|HEAP_ALLOCATE|[72]|Bytes:3
18:49:01.0 (969822)|HEAP_ALLOCATE|[77]|Bytes:152
18:49:01.0 (985295)|HEAP_ALLOCATE|[342]|Bytes:408
18:49:01.0 (1000911)|HEAP_ALLOCATE|[355]|Bytes:408
18:49:01.0 (1016202)|HEAP_ALLOCATE|[467]|Bytes:48
18:49:01.3 (3845216)|STATEMENT_EXECUTE|[1]
18:49:01.3 (3885685)|HEAP_ALLOCATE|[50]|Bytes:5
18:49:01.3 (3909177)|HEAP_ALLOCATE|[56]|Bytes:5
18:49:01.3 (3918230)|HEAP_ALLOCATE|[64]|Bytes:7
18:49:01.3 (3942777)|SYSTEM_MODE_ENTER|false
18:49:01.3 (3960245)|HEAP_ALLOCATE|[9]|Bytes:5
18:49:01.3 (3965231)|STATEMENT_EXECUTE|[9]
18:49:01.3 (3974115)|HEAP_ALLOCATE|[9]|Bytes:4
18:49:01.3 (4011817)|ENTERING_MANAGED_PKG|
18:49:01.3 (4139835)|VARIABLE_ASSIGNMENT|[9]|PermissionSetPortalControllers.contactsField|{"s":1,"v":[]}|0x3a8d004b
18:49:01.3 (4146378)|STATEMENT_EXECUTE|[10]
18:49:01.3 (4152251)|HEAP_ALLOCATE|[10]|Bytes:4
18:49:01.3 (4167182)|ENTERING_MANAGED_PKG|
18:49:01.3 (4203100)|VARIABLE_ASSIGNMENT|[10]|PermissionSetPortalControllers.accountField|{"s":1,"v":[]}|0x60a6adc1
18:49:01.3 (4207842)|STATEMENT_EXECUTE|[950]
18:49:01.3 (4209522)|STATEMENT_EXECUTE|[979]
18:49:01.3 (4210880)|STATEMENT_EXECUTE|[1007]
18:49:01.3 (4212173)|STATEMENT_EXECUTE|[1036]
18:49:01.3 (4213342)|STATEMENT_EXECUTE|[1052]
18:49:01.3 (4214476)|STATEMENT_EXECUTE|[1069]
18:49:01.3 (4215696)|STATEMENT_EXECUTE|[1080]
18:49:01.3 (4216995)|STATEMENT_EXECUTE|[1085]
18:49:01.3 (4222519)|SYSTEM_MODE_EXIT|false
18:49:01.3 (4234360)|METHOD_EXIT|[1]|PermissionSetPortalControllers
18:49:01.3 (4240958)|HEAP_ALLOCATE|[EXTERNAL]|Bytes:25
18:49:01.3 (4243687)|HEAP_ALLOCATE|[EXTERNAL]|Bytes:18
18:49:01.3 (4250681)|SYSTEM_MODE_ENTER|false
18:49:01.3 (4260817)|VARIABLE_SCOPE_BEGIN|[403]|selectedObject|String|false|false
18:49:01.3 (4271839)|VARIABLE_ASSIGNMENT|[403]|selectedObject|"shiva15testns__expen (5 more) ..."
18:49:01.3 (4276046)|VARIABLE_SCOPE_BEGIN|[403]|selectedPSet|String|false|false
18:49:01.3 (4280210)|VARIABLE_ASSIGNMENT|[403]|selectedPSet|"0PS36000000q71PGAQ"
18:49:01.3 (4293462)|HEAP_ALLOCATE|[404]|Bytes:5
18:49:01.3 (4297651)|STATEMENT_EXECUTE|[403]
18:49:01.3 (4299140)|STATEMENT_EXECUTE|[404]
18:49:01.3 (4300450)|STATEMENT_EXECUTE|[404]
18:49:01.3 (4301714)|STATEMENT_EXECUTE|[405]
18:49:01.3 (4307061)|HEAP_ALLOCATE|[405]|Bytes:4
18:49:01.3 (4378986)|ENTERING_MANAGED_PKG|
18:49:01.3 (4397263)|VARIABLE_SCOPE_BEGIN|[405]|listOfFieldsForSorting|List<shiva15testns.PermissionSetPortalControllers.FieldDetailsClass>|true|false
18:49:01.3 (4425269)|HEAP_ALLOCATE|[EXTERNAL]|Bytes:4
18:49:01.3 (4437781)|VARIABLE_ASSIGNMENT|[405]|listOfFieldsForSorting|{"s":1,"v":[]}|0x556da0cd
18:49:01.3 (4441038)|STATEMENT_EXECUTE|[406]
18:49:01.3 (4464420)|ENTERING_MANAGED_PKG|
18:49:01.3 (26969276)|HEAP_ALLOCATE|[406]|Bytes:1420
18:49:01.3 (26997158)|VARIABLE_SCOPE_BEGIN|[406]|schemaMap|Map<String,Schema.SObjectType>|true|false
18:49:01.3 (27246184)|VARIABLE_ASSIGNMENT|[406]|schemaMap|"{acceptedeventrelation=AcceptedEventRelation, account=Account, accountcleaninfo=AccountCleanInfo, accountcontactrole=AccountContactRole, accountfeed=AccountFeed, accounthistory=AccountHistory, accountpartner=AccountPartner, accountshare=AccountShare, actionlinkgrouptemplate=ActionLinkGroupTemplate, actionlinktemplate=ActionLinkTemplate, ...}"|0x7b06d73
18:49:01.3 (27258589)|STATEMENT_EXECUTE|[407]
18:49:01.3 (27269202)|HEAP_ALLOCATE|[407]|Bytes:4
18:49:01.3 (27288899)|ENTERING_MANAGED_PKG|
18:49:01.3 (27319583)|VARIABLE_SCOPE_BEGIN|[407]|individualObjectAllFieldsList|List<shiva15testns.PermissionSetPortalControllers.FieldDetailsClass>|true|false
18:49:01.3 (27332049)|HEAP_ALLOCATE|[EXTERNAL]|Bytes:4
18:49:01.3 (27351109)|VARIABLE_ASSIGNMENT|[407]|individualObjectAllFieldsList|{"s":1,"v":[]}|0x52ad10e1
18:49:01.3 (27354253)|STATEMENT_EXECUTE|[408]
18:49:01.3 (27404485)|VARIABLE_SCOPE_BEGIN|[408]|fieldClassObj|shiva15testns.PermissionSetPortalControllers.FieldDetailsClass|true|false
18:49:01.3 (27413502)|VARIABLE_ASSIGNMENT|[408]|fieldClassObj|null|
18:49:01.3 (27430888)|ENTERING_MANAGED_PKG|
18:49:01.3 (27468228)|STATEMENT_EXECUTE|[413]
18:49:01.3 (27470473)|STATEMENT_EXECUTE|[415]
18:49:01.3 (27480768)|ENTERING_MANAGED_PKG|
18:49:01.3 (27853136)|HEAP_ALLOCATE|[415]|Bytes:4
18:49:01.3 (28762752)|HEAP_ALLOCATE|[415]|Bytes:64
18:49:01.3 (28774905)|VARIABLE_SCOPE_BEGIN|[415]|IndividiaulfieldMap|Map<String,Schema.SObjectField>|true|false
18:49:01.3 (28918323)|VARIABLE_ASSIGNMENT|[415]|IndividiaulfieldMap|"{createdbyid=CreatedById, createddate=CreatedDate, id=Id, isdeleted=IsDeleted, lastmodifiedbyid=LastModifiedById, lastmodifieddate=LastModifiedDate, lastreferenceddate=LastReferencedDate, lastvieweddate=LastViewedDate, name=Name, ownerid=OwnerId, ...}"|0x21c9b864
18:49:01.3 (28936303)|ENTERING_MANAGED_PKG|
18:49:01.3 (28960345)|STATEMENT_EXECUTE|[417]
18:49:01.3 (28962600)|STATEMENT_EXECUTE|[419]
18:49:01.3 (28977169)|METHOD_ENTRY|[419]|01p36000005Jpvx|shiva15testns.PermissionSetPortalControllers.addSystemLevelFields()
18:49:01.3 (29006912)|HEAP_ALLOCATE|[89]|Bytes:5
18:49:01.3 (29012192)|STATEMENT_EXECUTE|[88]
18:49:01.3 (29013762)|STATEMENT_EXECUTE|[89]
18:49:01.3 (29020903)|HEAP_ALLOCATE|[89]|Bytes:4
18:49:01.3 (29032942)|ENTERING_MANAGED_PKG|
18:49:01.3 (29054504)|VARIABLE_SCOPE_BEGIN|[89]|fieldsWhichCannotBeAccessible|Set<String>|true|false
18:49:01.3 (29077623)|VARIABLE_ASSIGNMENT|[89]|fieldsWhichCannotBeAccessible|{"s":1,"v":[]}|0x1fbd2e33
18:49:01.3 (29081339)|STATEMENT_EXECUTE|[90]
18:49:01.3 (29085982)|HEAP_ALLOCATE|[90]|Bytes:2
18:49:01.3 (29102366)|ENTERING_MANAGED_PKG|
18:49:01.3 (29130241)|HEAP_ALLOCATE|[EXTERNAL]|Bytes:4
18:49:01.3 (29139395)|STATEMENT_EXECUTE|[91]
18:49:01.3 (29143787)|HEAP_ALLOCATE|[91]|Bytes:9
18:49:01.3 (29154675)|ENTERING_MANAGED_PKG|
18:49:01.3 (29173974)|HEAP_ALLOCATE|[EXTERNAL]|Bytes:4
18:49:01.3 (29181752)|STATEMENT_EXECUTE|[92]
18:49:01.3 (29185883)|HEAP_ALLOCATE|[92]|Bytes:11
18:49:01.3 (29196656)|ENTERING_MANAGED_PKG|
18:49:01.3 (29214268)|HEAP_ALLOCATE|[EXTERNAL]|Bytes:4
18:49:01.3 (29221630)|STATEMENT_EXECUTE|[93]
18:49:01.3 (29225705)|HEAP_ALLOCATE|[93]|Bytes:11
18:49:01.3 (29236001)|ENTERING_MANAGED_PKG|
18:49:01.3 (29253082)|HEAP_ALLOCATE|[EXTERNAL]|Bytes:4
18:49:01.3 (29260189)|STATEMENT_EXECUTE|[94]
18:49:01.3 (29264066)|HEAP_ALLOCATE|[94]|Bytes:16
18:49:01.3 (29274240)|ENTERING_MANAGED_PKG|
18:49:01.3 (29291112)|HEAP_ALLOCATE|[EXTERNAL]|Bytes:4
18:49:01.3 (29298668)|STATEMENT_EXECUTE|[95]
18:49:01.3 (29302523)|HEAP_ALLOCATE|[95]|Bytes:16
18:49:01.3 (29312599)|ENTERING_MANAGED_PKG|
18:49:01.3 (29329776)|HEAP_ALLOCATE|[EXTERNAL]|Bytes:4
18:49:01.3 (29337055)|STATEMENT_EXECUTE|[96]
18:49:01.3 (29340690)|HEAP_ALLOCATE|[96]|Bytes:14
18:49:01.3 (29350802)|ENTERING_MANAGED_PKG|
18:49:01.3 (29367722)|HEAP_ALLOCATE|[EXTERNAL]|Bytes:4
18:49:01.3 (29379769)|STATEMENT_EXECUTE|[97]
18:49:01.3 (29388376)|METHOD_EXIT|[419]|01p36000005Jpvx|shiva15testns.PermissionSetPortalControllers.addSystemLevelFields()
18:49:01.3 (29392935)|VARIABLE_SCOPE_BEGIN|[419]|systemFields|Set<String>|true|false
18:49:01.3 (29407228)|VARIABLE_ASSIGNMENT|[419]|systemFields|{"s":1,"v":"List of size 7 too large to display"}|0x1fbd2e33
18:49:01.3 (29409788)|STATEMENT_EXECUTE|[420]
18:49:01.3 (29421170)|METHOD_ENTRY|[420]|01p36000005Jpvx|shiva15testns.PermissionSetPortalControllers.addFieldWhichAreNotAccessibile()
18:49:01.3 (29450277)|HEAP_ALLOCATE|[102]|Bytes:5
18:49:01.3 (29454588)|STATEMENT_EXECUTE|[100]
18:49:01.3 (29455971)|STATEMENT_EXECUTE|[102]
18:49:01.3 (29463560)|HEAP_ALLOCATE|[102]|Bytes:10
18:49:01.3 (29476170)|ENTERING_MANAGED_PKG|
18:49:01.3 (29496278)|HEAP_ALLOCATE|[EXTERNAL]|Bytes:4
18:49:01.3 (29504522)|STATEMENT_EXECUTE|[103]
18:49:01.3 (29510742)|HEAP_ALLOCATE|[103]|Bytes:12
18:49:01.3 (29521753)|ENTERING_MANAGED_PKG|
18:49:01.3 (29539482)|HEAP_ALLOCATE|[EXTERNAL]|Bytes:4
18:49:01.3 (29546686)|STATEMENT_EXECUTE|[104]
18:49:01.3 (29552454)|HEAP_ALLOCATE|[104]|Bytes:11
18:49:01.3 (29563099)|ENTERING_MANAGED_PKG|
18:49:01.3 (29580337)|HEAP_ALLOCATE|[EXTERNAL]|Bytes:4
18:49:01.3 (29587676)|STATEMENT_EXECUTE|[105]
18:49:01.3 (29593249)|HEAP_ALLOCATE|[105]|Bytes:13
18:49:01.3 (29603962)|ENTERING_MANAGED_PKG|
18:49:01.3 (29620961)|HEAP_ALLOCATE|[EXTERNAL]|Bytes:4
18:49:01.3 (29628040)|STATEMENT_EXECUTE|[106]
18:49:01.3 (29633571)|HEAP_ALLOCATE|[106]|Bytes:9
18:49:01.3 (29644094)|ENTERING_MANAGED_PKG|
18:49:01.3 (29661114)|HEAP_ALLOCATE|[EXTERNAL]|Bytes:4
18:49:01.3 (29668257)|STATEMENT_EXECUTE|[107]
18:49:01.3 (29674165)|HEAP_ALLOCATE|[107]|Bytes:11
18:49:01.3 (29686745)|ENTERING_MANAGED_PKG|
18:49:01.3 (29705067)|HEAP_ALLOCATE|[EXTERNAL]|Bytes:4
18:49:01.3 (29712461)|STATEMENT_EXECUTE|[108]
18:49:01.3 (29717786)|HEAP_ALLOCATE|[108]|Bytes:15
18:49:01.3 (29728761)|ENTERING_MANAGED_PKG|
18:49:01.3 (29746048)|HEAP_ALLOCATE|[EXTERNAL]|Bytes:4
18:49:01.3 (29753304)|STATEMENT_EXECUTE|[109]
18:49:01.3 (29758586)|HEAP_ALLOCATE|[109]|Bytes:17
18:49:01.3 (29769037)|ENTERING_MANAGED_PKG|
18:49:01.3 (29786106)|HEAP_ALLOCATE|[EXTERNAL]|Bytes:4
18:49:01.3 (29793389)|STATEMENT_EXECUTE|[110]
18:49:01.3 (29798668)|HEAP_ALLOCATE|[110]|Bytes:12
18:49:01.3 (29809065)|ENTERING_MANAGED_PKG|
18:49:01.3 (29826209)|HEAP_ALLOCATE|[EXTERNAL]|Bytes:4
18:49:01.3 (29833549)|STATEMENT_EXECUTE|[111]
18:49:01.3 (29838801)|HEAP_ALLOCATE|[111]|Bytes:14
18:49:01.3 (29849096)|ENTERING_MANAGED_PKG|
18:49:01.3 (29866711)|HEAP_ALLOCATE|[EXTERNAL]|Bytes:4
18:49:01.3 (29878444)|STATEMENT_EXECUTE|[112]
18:49:01.3 (29886060)|HEAP_ALLOCATE|[112]|Bytes:13
18:49:01.3 (29898404)|ENTERING_MANAGED_PKG|
18:49:01.3 (29917889)|HEAP_ALLOCATE|[EXTERNAL]|Bytes:4
18:49:01.3 (29925358)|STATEMENT_EXECUTE|[113]
18:49:01.3 (29931053)|HEAP_ALLOCATE|[113]|Bytes:15
18:49:01.3 (29942280)|ENTERING_MANAGED_PKG|
18:49:01.3 (29959639)|HEAP_ALLOCATE|[EXTERNAL]|Bytes:4
18:49:01.3 (29966879)|STATEMENT_EXECUTE|[114]
18:49:01.3 (29972203)|HEAP_ALLOCATE|[114]|Bytes:14
18:49:01.3 (29982681)|ENTERING_MANAGED_PKG|
18:49:01.3 (29999690)|HEAP_ALLOCATE|[EXTERNAL]|Bytes:4
18:49:01.3 (30007303)|STATEMENT_EXECUTE|[115]
18:49:01.3 (30013571)|HEAP_ALLOCATE|[115]|Bytes:16
18:49:01.3 (30024243)|ENTERING_MANAGED_PKG|
18:49:01.3 (30041594)|HEAP_ALLOCATE|[EXTERNAL]|Bytes:4
18:49:01.3 (30048593)|STATEMENT_EXECUTE|[116]
18:49:01.3 (30054093)|HEAP_ALLOCATE|[116]|Bytes:20
18:49:01.3 (30064650)|ENTERING_MANAGED_PKG|
18:49:01.3 (30081859)|HEAP_ALLOCATE|[EXTERNAL]|Bytes:4
18:49:01.3 (30088927)|STATEMENT_EXECUTE|[117]
18:49:01.3 (30094307)|HEAP_ALLOCATE|[117]|Bytes:22
18:49:01.3 (30104781)|ENTERING_MANAGED_PKG|
18:49:01.3 (30121803)|HEAP_ALLOCATE|[EXTERNAL]|Bytes:4
18:49:01.3 (30129050)|STATEMENT_EXECUTE|[118]
18:49:01.3 (30134753)|HEAP_ALLOCATE|[118]|Bytes:10
18:49:01.3 (30145206)|ENTERING_MANAGED_PKG|
18:49:01.3 (30162851)|HEAP_ALLOCATE|[EXTERNAL]|Bytes:4
18:49:01.3 (30170045)|STATEMENT_EXECUTE|[121]
18:49:01.3 (30176233)|HEAP_ALLOCATE|[121]|Bytes:3
18:49:01.3 (30186748)|ENTERING_MANAGED_PKG|
18:49:01.3 (30203966)|HEAP_ALLOCATE|[EXTERNAL]|Bytes:4
18:49:01.3 (30211127)|STATEMENT_EXECUTE|[122]
18:49:01.3 (30216112)|HEAP_ALLOCATE|[122]|Bytes:4
18:49:01.3 (30226473)|ENTERING_MANAGED_PKG|
18:49:01.3 (30243456)|HEAP_ALLOCATE|[EXTERNAL]|Bytes:4
18:49:01.3 (30250513)|STATEMENT_EXECUTE|[123]
18:49:01.3 (30255833)|HEAP_ALLOCATE|[123]|Bytes:11
18:49:01.3 (30271330)|ENTERING_MANAGED_PKG|
18:49:01.3 (30292180)|HEAP_ALLOCATE|[EXTERNAL]|Bytes:4
18:49:01.3 (30300237)|STATEMENT_EXECUTE|[124]
18:49:01.3 (30306199)|HEAP_ALLOCATE|[124]|Bytes:5
18:49:01.3 (30319026)|ENTERING_MANAGED_PKG|
18:49:01.3 (30338229)|HEAP_ALLOCATE|[EXTERNAL]|Bytes:4
18:49:01.3 (30345856)|STATEMENT_EXECUTE|[125]
18:49:01.3 (30351581)|HEAP_ALLOCATE|[125]|Bytes:6
18:49:01.3 (30362148)|ENTERING_MANAGED_PKG|
18:49:01.3 (30389920)|HEAP_ALLOCATE|[EXTERNAL]|Bytes:4
18:49:01.3 (30399041)|STATEMENT_EXECUTE|[126]
18:49:01.3 (30405398)|HEAP_ALLOCATE|[126]|Bytes:11
18:49:01.3 (30417062)|ENTERING_MANAGED_PKG|
18:49:01.3 (30435173)|HEAP_ALLOCATE|[EXTERNAL]|Bytes:4
18:49:01.3 (30442388)|STATEMENT_EXECUTE|[127]
18:49:01.3 (30448033)|HEAP_ALLOCATE|[127]|Bytes:14
18:49:01.3 (30458547)|ENTERING_MANAGED_PKG|
18:49:01.3 (30475660)|HEAP_ALLOCATE|[EXTERNAL]|Bytes:4
18:49:01.3 (30482716)|STATEMENT_EXECUTE|[128]
18:49:01.3 (30488118)|HEAP_ALLOCATE|[128]|Bytes:22
18:49:01.3 (30498514)|ENTERING_MANAGED_PKG|
18:49:01.3 (30515595)|HEAP_ALLOCATE|[EXTERNAL]|Bytes:4
18:49:01.3 (30523102)|STATEMENT_EXECUTE|[129]
18:49:01.3 (30528639)|HEAP_ALLOCATE|[129]|Bytes:15
18:49:01.3 (30538979)|ENTERING_MANAGED_PKG|
18:49:01.3 (30556199)|HEAP_ALLOCATE|[EXTERNAL]|Bytes:4
18:49:01.3 (30563506)|STATEMENT_EXECUTE|[130]
18:49:01.3 (30569077)|HEAP_ALLOCATE|[130]|Bytes:16
18:49:01.3 (30581352)|ENTERING_MANAGED_PKG|
18:49:01.3 (30598628)|HEAP_ALLOCATE|[EXTERNAL]|Bytes:4
18:49:01.3 (30605828)|STATEMENT_EXECUTE|[131]
18:49:01.3 (30611898)|HEAP_ALLOCATE|[131]|Bytes:12
18:49:01.3 (30622164)|ENTERING_MANAGED_PKG|
18:49:01.3 (30639224)|HEAP_ALLOCATE|[EXTERNAL]|Bytes:4
18:49:01.3 (30646508)|STATEMENT_EXECUTE|[132]
18:49:01.3 (30651793)|HEAP_ALLOCATE|[132]|Bytes:13
18:49:01.3 (30662079)|ENTERING_MANAGED_PKG|
18:49:01.3 (30683682)|HEAP_ALLOCATE|[EXTERNAL]|Bytes:4
18:49:01.3 (30692866)|STATEMENT_EXECUTE|[133]
18:49:01.3 (30698881)|HEAP_ALLOCATE|[133]|Bytes:17
18:49:01.3 (30710403)|ENTERING_MANAGED_PKG|
18:49:01.3 (30731102)|HEAP_ALLOCATE|[EXTERNAL]|Bytes:4
18:49:01.3 (30739221)|STATEMENT_EXECUTE|[134]
18:49:01.3 (30744645)|HEAP_ALLOCATE|[134]|Bytes:14
18:49:01.3 (30755177)|ENTERING_MANAGED_PKG|
18:49:01.3 (30772667)|HEAP_ALLOCATE|[EXTERNAL]|Bytes:4
18:49:01.3 (30779791)|STATEMENT_EXECUTE|[135]
18:49:01.3 (30785089)|HEAP_ALLOCATE|[135]|Bytes:12
18:49:01.3 (30795282)|ENTERING_MANAGED_PKG|
18:49:01.3 (30812268)|HEAP_ALLOCATE|[EXTERNAL]|Bytes:4
18:49:01.3 (30819559)|STATEMENT_EXECUTE|[136]
18:49:01.3 (30824823)|HEAP_ALLOCATE|[136]|Bytes:13
18:49:01.3 (30835271)|ENTERING_MANAGED_PKG|
18:49:01.3 (30852239)|HEAP_ALLOCATE|[EXTERNAL]|Bytes:4
18:49:01.3 (30859550)|STATEMENT_EXECUTE|[137]
18:49:01.3 (30865001)|HEAP_ALLOCATE|[137]|Bytes:18
18:49:01.3 (30875411)|ENTERING_MANAGED_PKG|
18:49:01.3 (30892559)|HEAP_ALLOCATE|[EXTERNAL]|Bytes:4
18:49:01.3 (30899668)|STATEMENT_EXECUTE|[138]
18:49:01.3 (30904872)|HEAP_ALLOCATE|[138]|Bytes:15
18:49:01.3 (30915150)|ENTERING_MANAGED_PKG|
18:49:01.3 (30932134)|HEAP_ALLOCATE|[EXTERNAL]|Bytes:4
18:49:01.3 (30939335)|STATEMENT_EXECUTE|[139]
18:49:01.3 (30944549)|HEAP_ALLOCATE|[139]|Bytes:16
18:49:01.3 (30954793)|ENTERING_MANAGED_PKG|
18:49:01.3 (30971626)|HEAP_ALLOCATE|[EXTERNAL]|Bytes:4
18:49:01.3 (30978863)|STATEMENT_EXECUTE|[140]
18:49:01.3 (30983952)|HEAP_ALLOCATE|[140]|Bytes:17
18:49:01.3 (30994265)|ENTERING_MANAGED_PKG|
18:49:01.3 (31011025)|HEAP_ALLOCATE|[EXTERNAL]|Bytes:4
18:49:01.3 (31019096)|STATEMENT_EXECUTE|[141]
18:49:01.3 (31024293)|HEAP_ALLOCATE|[141]|Bytes:23
18:49:01.3 (31038509)|ENTERING_MANAGED_PKG|
18:49:01.3 (31057194)|HEAP_ALLOCATE|[EXTERNAL]|Bytes:4
18:49:01.3 (31069853)|METHOD_EXIT|[420]|01p36000005Jpvx|shiva15testns.PermissionSetPortalControllers.addFieldWhichAreNotAccessibile()
18:49:01.3 (31080104)|HEAP_ALLOCATE|[421]|Bytes:4
18:49:01.3 (31098324)|ENTERING_MANAGED_PKG|
18:49:01.3 (31124053)|ENTERING_MANAGED_PKG|
18:49:01.3 (31153056)|HEAP_ALLOCATE|[421]|Bytes:4
18:49:01.3 (31250772)|HEAP_ALLOCATE|[421]|Bytes:64
18:49:01.3 (31267877)|ENTERING_MANAGED_PKG|
18:49:01.3 (31295552)|HEAP_ALLOCATE|[421]|Bytes:284
18:49:01.3 (31311715)|ENTERING_MANAGED_PKG|
18:49:01.3 (31319519)|HEAP_ALLOCATE|[421]|Bytes:60
18:49:01.3 (31329079)|ENTERING_MANAGED_PKG|
18:49:01.3 (31405993)|HEAP_ALLOCATE|[421]|Bytes:5
18:49:01.3 (31422561)|VARIABLE_SCOPE_BEGIN|[421]|sfield|String|false|false
18:49:01.3 (31430806)|VARIABLE_ASSIGNMENT|[421]|sfield|"id"
18:49:01.3 (31433583)|STATEMENT_EXECUTE|[421]
18:49:01.3 (31444243)|ENTERING_MANAGED_PKG|
18:49:01.3 (32140570)|HEAP_ALLOCATE|[423]|Bytes:8
18:49:01.3 (32165425)|STATEMENT_EXECUTE|[454]
18:49:01.3 (32167467)|STATEMENT_EXECUTE|[455]
18:49:01.3 (32171563)|HEAP_ALLOCATE|[455]|Bytes:24
18:49:01.3 (32175863)|HEAP_ALLOCATE|[455]|Bytes:11
18:49:01.3 (32189290)|ENTERING_MANAGED_PKG|
18:49:01.3 (32247855)|HEAP_ALLOCATE|[455]|Bytes:8
18:49:01.3 (32266077)|HEAP_ALLOCATE|[455]|Bytes:9
18:49:01.3 (32270596)|HEAP_ALLOCATE|[455]|Bytes:10
18:49:01.3 (32281654)|ENTERING_MANAGED_PKG|
18:49:01.3 (32313454)|HEAP_ALLOCATE|[455]|Bytes:8
18:49:01.3 (32329918)|HEAP_ALLOCATE|[455]|Bytes:2
18:49:01.3 (32344938)|HEAP_ALLOCATE|[455]|Bytes:58
18:49:01.3 (32349255)|HEAP_ALLOCATE|[455]|Bytes:14
18:49:01.3 (32359983)|ENTERING_MANAGED_PKG|
18:49:01.3 (32397272)|HEAP_ALLOCATE|[455]|Bytes:8
18:49:01.3 (32412458)|HEAP_ALLOCATE|[455]|Bytes:2
18:49:01.3 (32422017)|HEAP_ALLOCATE|[455]|Bytes:16
18:49:01.3 (32426624)|HEAP_ALLOCATE|[455]|Bytes:74
18:49:01.3 (32446609)|ENTERING_MANAGED_PKG|
18:49:01.3 (32452286)|USER_DEBUG|[455]|DEBUG|This is not accessible: id### label: Record ID ## name: Id## localname: Id
18:49:01.3 (32466528)|HEAP_ALLOCATE|[421]|Bytes:5
18:49:01.3 (32478683)|VARIABLE_SCOPE_BEGIN|[421]|sfield|String|false|false
18:49:01.3 (32487202)|VARIABLE_ASSIGNMENT|[421]|sfield|"ownerid"
18:49:01.3 (32490207)|STATEMENT_EXECUTE|[421]
18:49:01.3 (32498358)|ENTERING_MANAGED_PKG|
18:49:01.3 (32655669)|HEAP_ALLOCATE|[423]|Bytes:8
18:49:01.3 (32669288)|STATEMENT_EXECUTE|[454]
18:49:01.3 (32671129)|STATEMENT_EXECUTE|[455]
18:49:01.3 (32681721)|ENTERING_MANAGED_PKG|
18:49:01.3 (32712081)|HEAP_ALLOCATE|[455]|Bytes:8
18:49:01.3 (32722870)|HEAP_ALLOCATE|[455]|Bytes:8
18:49:01.3 (32732666)|ENTERING_MANAGED_PKG|
18:49:01.3 (32759056)|HEAP_ALLOCATE|[455]|Bytes:8
18:49:01.3 (32769068)|HEAP_ALLOCATE|[455]|Bytes:7
18:49:01.3 (32776034)|HEAP_ALLOCATE|[455]|Bytes:67
18:49:01.3 (32785237)|ENTERING_MANAGED_PKG|
18:49:01.3 (32812001)|HEAP_ALLOCATE|[455]|Bytes:8
18:49:01.3 (32821040)|HEAP_ALLOCATE|[455]|Bytes:7
18:49:01.3 (32826466)|HEAP_ALLOCATE|[455]|Bytes:21
18:49:01.3 (32830212)|HEAP_ALLOCATE|[455]|Bytes:88
18:49:01.3 (32839403)|ENTERING_MANAGED_PKG|
18:49:01.3 (32842807)|USER_DEBUG|[455]|DEBUG|This is not accessible: ownerid### label: Owner ID ## name: OwnerId## localname: OwnerId
18:49:01.3 (32856669)|HEAP_ALLOCATE|[421]|Bytes:5
18:49:01.3 (32868330)|VARIABLE_SCOPE_BEGIN|[421]|sfield|String|false|false
18:49:01.3 (32876067)|VARIABLE_ASSIGNMENT|[421]|sfield|"isdeleted"
18:49:01.3 (32878811)|STATEMENT_EXECUTE|[421]
18:49:01.3 (32886667)|ENTERING_MANAGED_PKG|
18:49:01.3 (32996492)|HEAP_ALLOCATE|[423]|Bytes:8
18:49:01.3 (33009752)|STATEMENT_EXECUTE|[454]
18:49:01.3 (33012487)|STATEMENT_EXECUTE|[455]
18:49:01.3 (33023061)|ENTERING_MANAGED_PKG|
18:49:01.3 (33052485)|HEAP_ALLOCATE|[455]|Bytes:8
18:49:01.3 (33063101)|HEAP_ALLOCATE|[455]|Bytes:7
18:49:01.3 (33072710)|ENTERING_MANAGED_PKG|
18:49:01.3 (33098264)|HEAP_ALLOCATE|[455]|Bytes:8
18:49:01.3 (33107971)|HEAP_ALLOCATE|[455]|Bytes:9
18:49:01.3 (33114462)|HEAP_ALLOCATE|[455]|Bytes:70
18:49:01.3 (33123505)|ENTERING_MANAGED_PKG|
18:49:01.3 (33149899)|HEAP_ALLOCATE|[455]|Bytes:8
18:49:01.3 (33159042)|HEAP_ALLOCATE|[455]|Bytes:9
18:49:01.3 (33164302)|HEAP_ALLOCATE|[455]|Bytes:23
18:49:01.3 (33168003)|HEAP_ALLOCATE|[455]|Bytes:93
18:49:01.3 (33177374)|ENTERING_MANAGED_PKG|
18:49:01.3 (33180852)|USER_DEBUG|[455]|DEBUG|This is not accessible: isdeleted### label: Deleted ## name: IsDeleted## localname: IsDeleted
18:49:01.3 (33194140)|HEAP_ALLOCATE|[421]|Bytes:5
18:49:01.3 (33205490)|VARIABLE_SCOPE_BEGIN|[421]|sfield|String|false|false
18:49:01.3 (33212946)|VARIABLE_ASSIGNMENT|[421]|sfield|"name"
18:49:01.3 (33215660)|STATEMENT_EXECUTE|[421]
18:49:01.3 (33223533)|ENTERING_MANAGED_PKG|
18:49:01.3 (33341334)|HEAP_ALLOCATE|[423]|Bytes:8
18:49:01.3 (33354459)|STATEMENT_EXECUTE|[454]
18:49:01.3 (33356247)|STATEMENT_EXECUTE|[455]
18:49:01.3 (33366663)|ENTERING_MANAGED_PKG|
18:49:01.3 (33401359)|HEAP_ALLOCATE|[455]|Bytes:8
18:49:01.3 (33412142)|HEAP_ALLOCATE|[455]|Bytes:12
18:49:01.3 (33421825)|ENTERING_MANAGED_PKG|
18:49:01.3 (33448014)|HEAP_ALLOCATE|[455]|Bytes:8
18:49:01.3 (33457648)|HEAP_ALLOCATE|[455]|Bytes:4
18:49:01.3 (33464052)|HEAP_ALLOCATE|[455]|Bytes:65
18:49:01.3 (33473050)|ENTERING_MANAGED_PKG|
18:49:01.3 (33499590)|HEAP_ALLOCATE|[455]|Bytes:8
18:49:01.3 (33509454)|HEAP_ALLOCATE|[455]|Bytes:4
18:49:01.3 (33514729)|HEAP_ALLOCATE|[455]|Bytes:18
18:49:01.3 (33518482)|HEAP_ALLOCATE|[455]|Bytes:83
18:49:01.3 (33527562)|ENTERING_MANAGED_PKG|
18:49:01.3 (33530943)|USER_DEBUG|[455]|DEBUG|This is not accessible: name### label: Expense Name ## name: Name## localname: Name
18:49:01.3 (33544299)|HEAP_ALLOCATE|[421]|Bytes:5
18:49:01.3 (33555821)|VARIABLE_SCOPE_BEGIN|[421]|sfield|String|false|false
18:49:01.3 (33563339)|VARIABLE_ASSIGNMENT|[421]|sfield|"createddate"
18:49:01.3 (33566065)|STATEMENT_EXECUTE|[421]
18:49:01.3 (33573780)|ENTERING_MANAGED_PKG|
18:49:01.3 (33707017)|HEAP_ALLOCATE|[423]|Bytes:8
18:49:01.3 (33720188)|STATEMENT_EXECUTE|[454]
18:49:01.3 (33721934)|STATEMENT_EXECUTE|[455]
18:49:01.3 (33732279)|ENTERING_MANAGED_PKG|
18:49:01.3 (33761537)|HEAP_ALLOCATE|[455]|Bytes:8
18:49:01.3 (33772224)|HEAP_ALLOCATE|[455]|Bytes:12
18:49:01.3 (33781697)|ENTERING_MANAGED_PKG|
18:49:01.3 (33807435)|HEAP_ALLOCATE|[455]|Bytes:8
18:49:01.3 (33817179)|HEAP_ALLOCATE|[455]|Bytes:11
18:49:01.3 (33824181)|HEAP_ALLOCATE|[455]|Bytes:79
18:49:01.3 (33833343)|ENTERING_MANAGED_PKG|
18:49:01.3 (33860008)|HEAP_ALLOCATE|[455]|Bytes:8
18:49:01.3 (33869224)|HEAP_ALLOCATE|[455]|Bytes:11
18:49:01.3 (33874559)|HEAP_ALLOCATE|[455]|Bytes:25
18:49:01.3 (33878250)|HEAP_ALLOCATE|[455]|Bytes:104
18:49:01.3 (33887116)|ENTERING_MANAGED_PKG|
18:49:01.3 (33890441)|USER_DEBUG|[455]|DEBUG|This is not accessible: createddate### label: Created Date ## name: CreatedDate## localname: CreatedDate
18:49:01.3 (33903489)|HEAP_ALLOCATE|[421]|Bytes:5
18:49:01.3 (33914899)|VARIABLE_SCOPE_BEGIN|[421]|sfield|String|false|false
18:49:01.3 (33922469)|VARIABLE_ASSIGNMENT|[421]|sfield|"createdbyid"
18:49:01.3 (33925352)|STATEMENT_EXECUTE|[421]
18:49:01.3 (33933188)|ENTERING_MANAGED_PKG|
18:49:01.3 (34060204)|HEAP_ALLOCATE|[423]|Bytes:8
18:49:01.3 (34074283)|STATEMENT_EXECUTE|[454]
18:49:01.3 (34076078)|STATEMENT_EXECUTE|[455]
18:49:01.3 (34086340)|ENTERING_MANAGED_PKG|
18:49:01.3 (34115757)|HEAP_ALLOCATE|[455]|Bytes:8
18:49:01.3 (34127190)|HEAP_ALLOCATE|[455]|Bytes:13
18:49:01.3 (34136557)|ENTERING_MANAGED_PKG|
18:49:01.3 (34162537)|HEAP_ALLOCATE|[455]|Bytes:8
18:49:01.3 (34172287)|HEAP_ALLOCATE|[455]|Bytes:11
18:49:01.3 (34178747)|HEAP_ALLOCATE|[455]|Bytes:80
18:49:01.3 (34187709)|ENTERING_MANAGED_PKG|
18:49:01.3 (34214127)|HEAP_ALLOCATE|[455]|Bytes:8
18:49:01.3 (34223307)|HEAP_ALLOCATE|[455]|Bytes:11
18:49:01.3 (34228528)|HEAP_ALLOCATE|[455]|Bytes:25
18:49:01.3 (34232283)|HEAP_ALLOCATE|[455]|Bytes:105
18:49:01.3 (34241085)|ENTERING_MANAGED_PKG|
18:49:01.3 (34244329)|USER_DEBUG|[455]|DEBUG|This is not accessible: createdbyid### label: Created By ID ## name: CreatedById## localname: CreatedById
18:49:01.3 (34257259)|HEAP_ALLOCATE|[421]|Bytes:5
18:49:01.3 (34268673)|VARIABLE_SCOPE_BEGIN|[421]|sfield|String|false|false
18:49:01.3 (34276433)|VARIABLE_ASSIGNMENT|[421]|sfield|"lastmodifieddate"
18:49:01.3 (34279180)|STATEMENT_EXECUTE|[421]
18:49:01.3 (34287032)|ENTERING_MANAGED_PKG|
18:49:01.3 (34414749)|HEAP_ALLOCATE|[423]|Bytes:8
18:49:01.3 (34428674)|STATEMENT_EXECUTE|[454]
18:49:01.3 (34430519)|STATEMENT_EXECUTE|[455]
18:49:01.3 (34440837)|ENTERING_MANAGED_PKG|
18:49:01.3 (34470669)|HEAP_ALLOCATE|[455]|Bytes:8
18:49:01.3 (34481424)|HEAP_ALLOCATE|[455]|Bytes:18
18:49:01.3 (34490811)|ENTERING_MANAGED_PKG|
18:49:01.3 (34516795)|HEAP_ALLOCATE|[455]|Bytes:8
18:49:01.3 (34526436)|HEAP_ALLOCATE|[455]|Bytes:16
18:49:01.3 (34532837)|HEAP_ALLOCATE|[455]|Bytes:95
18:49:01.3 (34542047)|ENTERING_MANAGED_PKG|
18:49:01.3 (34568707)|HEAP_ALLOCATE|[455]|Bytes:8
18:49:01.3 (34577842)|HEAP_ALLOCATE|[455]|Bytes:16
18:49:01.3 (34583084)|HEAP_ALLOCATE|[455]|Bytes:30
18:49:01.3 (34586837)|HEAP_ALLOCATE|[455]|Bytes:125
18:49:01.3 (34595616)|ENTERING_MANAGED_PKG|
18:49:01.3 (34598845)|USER_DEBUG|[455]|DEBUG|This is not accessible: lastmodifieddate### label: Last Modified Date ## name: LastModifiedDate## localname: LastModifiedDate
18:49:01.3 (34612010)|HEAP_ALLOCATE|[421]|Bytes:5
18:49:01.3 (34623128)|VARIABLE_SCOPE_BEGIN|[421]|sfield|String|false|false
18:49:01.3 (34631158)|VARIABLE_ASSIGNMENT|[421]|sfield|"lastmodifiedbyid"
18:49:01.3 (34633866)|STATEMENT_EXECUTE|[421]
18:49:01.3 (34641642)|ENTERING_MANAGED_PKG|
18:49:01.3 (34766874)|HEAP_ALLOCATE|[423]|Bytes:8
18:49:01.3 (34779931)|STATEMENT_EXECUTE|[454]
18:49:01.3 (34781656)|STATEMENT_EXECUTE|[455]
18:49:01.3 (34791683)|ENTERING_MANAGED_PKG|
18:49:01.3 (34820924)|HEAP_ALLOCATE|[455]|Bytes:8
18:49:01.3 (34831899)|HEAP_ALLOCATE|[455]|Bytes:19
18:49:01.3 (34841484)|ENTERING_MANAGED_PKG|
18:49:01.3 (34867534)|HEAP_ALLOCATE|[455]|Bytes:8
18:49:01.3 (34877178)|HEAP_ALLOCATE|[455]|Bytes:16
18:49:01.3 (34883337)|HEAP_ALLOCATE|[455]|Bytes:96
18:49:01.3 (34892399)|ENTERING_MANAGED_PKG|
18:49:01.3 (34918753)|HEAP_ALLOCATE|[455]|Bytes:8
18:49:01.3 (34927745)|HEAP_ALLOCATE|[455]|Bytes:16
18:49:01.3 (34932914)|HEAP_ALLOCATE|[455]|Bytes:30
18:49:01.3 (34936662)|HEAP_ALLOCATE|[455]|Bytes:126
18:49:01.3 (34945399)|ENTERING_MANAGED_PKG|
18:49:01.3 (34948742)|USER_DEBUG|[455]|DEBUG|This is not accessible: lastmodifiedbyid### label: Last Modified By ID ## name: LastModifiedById## localname: LastModifiedById
18:49:01.3 (34962386)|HEAP_ALLOCATE|[421]|Bytes:5
18:49:01.3 (34973545)|VARIABLE_SCOPE_BEGIN|[421]|sfield|String|false|false
18:49:01.3 (34980873)|VARIABLE_ASSIGNMENT|[421]|sfield|"systemmodstamp"
18:49:01.3 (34983539)|STATEMENT_EXECUTE|[421]
18:49:01.3 (34991237)|ENTERING_MANAGED_PKG|
18:49:01.3 (35094810)|HEAP_ALLOCATE|[423]|Bytes:8
18:49:01.3 (35108465)|STATEMENT_EXECUTE|[454]
18:49:01.3 (35110267)|STATEMENT_EXECUTE|[455]
18:49:01.3 (35120358)|ENTERING_MANAGED_PKG|
18:49:01.3 (35149406)|HEAP_ALLOCATE|[455]|Bytes:8
18:49:01.3 (35159823)|HEAP_ALLOCATE|[455]|Bytes:15
18:49:01.3 (35169280)|ENTERING_MANAGED_PKG|
18:49:01.3 (35194864)|HEAP_ALLOCATE|[455]|Bytes:8
18:49:01.3 (35204499)|HEAP_ALLOCATE|[455]|Bytes:14
18:49:01.3 (35210814)|HEAP_ALLOCATE|[455]|Bytes:88
18:49:01.3 (35219892)|ENTERING_MANAGED_PKG|
18:49:01.3 (35246267)|HEAP_ALLOCATE|[455]|Bytes:8
18:49:01.3 (35255408)|HEAP_ALLOCATE|[455]|Bytes:14
18:49:01.3 (35260992)|HEAP_ALLOCATE|[455]|Bytes:28
18:49:01.3 (35264544)|HEAP_ALLOCATE|[455]|Bytes:116
18:49:01.3 (35273513)|ENTERING_MANAGED_PKG|
18:49:01.3 (35276776)|USER_DEBUG|[455]|DEBUG|This is not accessible: systemmodstamp### label: System Modstamp ## name: SystemModstamp## localname: SystemModstamp
18:49:01.3 (35289690)|HEAP_ALLOCATE|[421]|Bytes:5
18:49:01.3 (35300892)|VARIABLE_SCOPE_BEGIN|[421]|sfield|String|false|false
18:49:01.3 (35308177)|VARIABLE_ASSIGNMENT|[421]|sfield|"lastvieweddate"
18:49:01.3 (35310769)|STATEMENT_EXECUTE|[421]
18:49:01.3 (35318625)|ENTERING_MANAGED_PKG|
18:49:01.3 (35426217)|HEAP_ALLOCATE|[423]|Bytes:8
18:49:01.3 (35439185)|STATEMENT_EXECUTE|[454]
18:49:01.3 (35440950)|STATEMENT_EXECUTE|[455]
18:49:01.3 (35451010)|ENTERING_MANAGED_PKG|
18:49:01.3 (35479834)|HEAP_ALLOCATE|[455]|Bytes:8
18:49:01.3 (35490193)|HEAP_ALLOCATE|[455]|Bytes:16
18:49:01.3 (35499657)|ENTERING_MANAGED_PKG|
18:49:01.3 (35525195)|HEAP_ALLOCATE|[455]|Bytes:8
18:49:01.3 (35534917)|HEAP_ALLOCATE|[455]|Bytes:14
18:49:01.3 (35541690)|HEAP_ALLOCATE|[455]|Bytes:89
18:49:01.3 (35550717)|ENTERING_MANAGED_PKG|
18:49:01.3 (35577097)|HEAP_ALLOCATE|[455]|Bytes:8
18:49:01.3 (35586171)|HEAP_ALLOCATE|[455]|Bytes:14
18:49:01.3 (35591407)|HEAP_ALLOCATE|[455]|Bytes:28
18:49:01.3 (35594973)|HEAP_ALLOCATE|[455]|Bytes:117
18:49:01.3 (35603556)|ENTERING_MANAGED_PKG|
18:49:01.3 (35606859)|USER_DEBUG|[455]|DEBUG|This is not accessible: lastvieweddate### label: Last Viewed Date ## name: LastViewedDate## localname: LastViewedDate
18:49:01.3 (35619974)|HEAP_ALLOCATE|[421]|Bytes:5
18:49:01.3 (35631169)|VARIABLE_SCOPE_BEGIN|[421]|sfield|String|false|false
18:49:01.3 (35638611)|VARIABLE_ASSIGNMENT|[421]|sfield|"lastreferenceddate"
18:49:01.3 (35641290)|STATEMENT_EXECUTE|[421]
18:49:01.3 (35649082)|ENTERING_MANAGED_PKG|
18:49:01.3 (35752003)|HEAP_ALLOCATE|[423]|Bytes:8
18:49:01.3 (35764858)|STATEMENT_EXECUTE|[454]
18:49:01.3 (35766585)|STATEMENT_EXECUTE|[455]
18:49:01.3 (35776797)|ENTERING_MANAGED_PKG|
18:49:01.3 (35805874)|HEAP_ALLOCATE|[455]|Bytes:8
18:49:01.3 (35817310)|HEAP_ALLOCATE|[455]|Bytes:20
18:49:01.3 (35826701)|ENTERING_MANAGED_PKG|
18:49:01.3 (35852736)|HEAP_ALLOCATE|[455]|Bytes:8
18:49:01.3 (35865269)|HEAP_ALLOCATE|[455]|Bytes:18
18:49:01.3 (35875586)|HEAP_ALLOCATE|[455]|Bytes:101
18:49:01.3 (35887437)|ENTERING_MANAGED_PKG|
18:49:01.3 (35917016)|HEAP_ALLOCATE|[455]|Bytes:8
18:49:01.3 (35926268)|HEAP_ALLOCATE|[455]|Bytes:18
18:49:01.3 (35931643)|HEAP_ALLOCATE|[455]|Bytes:32
18:49:01.3 (35935299)|HEAP_ALLOCATE|[455]|Bytes:133
18:49:01.3 (35944174)|ENTERING_MANAGED_PKG|
18:49:01.3 (35947406)|USER_DEBUG|[455]|DEBUG|This is not accessible: lastreferenceddate### label: Last Referenced Date ## name: LastReferencedDate## localname: LastReferencedDate
18:49:01.3 (35960705)|HEAP_ALLOCATE|[421]|Bytes:5
18:49:01.3 (35971868)|VARIABLE_SCOPE_BEGIN|[421]|sfield|String|false|false
18:49:01.3 (35981226)|VARIABLE_ASSIGNMENT|[421]|sfield|"shiva15testns__amoun (4 more) ..."
18:49:01.3 (35984146)|STATEMENT_EXECUTE|[421]
18:49:01.3 (35992384)|ENTERING_MANAGED_PKG|
18:49:01.3 (36432875)|HEAP_ALLOCATE|[423]|Bytes:8
18:49:01.3 (36448037)|STATEMENT_EXECUTE|[423]
18:49:01.3 (36449946)|STATEMENT_EXECUTE|[424]
18:49:01.3 (36462002)|ENTERING_MANAGED_PKG|
18:49:01.3 (36523107)|HEAP_ALLOCATE|[424]|Bytes:8
18:49:01.3 (36539171)|HEAP_ALLOCATE|[424]|Bytes:6
18:49:01.3 (36543942)|VARIABLE_SCOPE_BEGIN|[424]|labelOfField|String|false|false
18:49:01.3 (36552092)|VARIABLE_ASSIGNMENT|[424]|labelOfField|"Amount"
18:49:01.3 (36565280)|ENTERING_MANAGED_PKG|
18:49:01.3 (36591661)|STATEMENT_EXECUTE|[427]
18:49:01.3 (36593923)|STATEMENT_EXECUTE|[429]
18:49:01.3 (36604118)|ENTERING_MANAGED_PKG|
18:49:01.3 (36643279)|HEAP_ALLOCATE|[429]|Bytes:4
18:49:01.3 (36684134)|VARIABLE_SCOPE_BEGIN|[429]|sObjResult|Schema.DescribeSObjectResult|true|false
18:49:01.3 (36751575)|VARIABLE_ASSIGNMENT|[429]|sObjResult|"common.api.soap.wsdl.DescribeSObjectResult@834149e"|0x4773dd91
18:49:01.3 (36759241)|HEAP_ALLOCATE|[430]|Bytes:7
18:49:01.3 (36789454)|HEAP_ALLOCATE|[430]|Bytes:7
18:49:01.3 (36811227)|STATEMENT_EXECUTE|[430]
18:49:01.3 (36813705)|STATEMENT_EXECUTE|[431]
18:49:01.3 (36817340)|HEAP_ALLOCATE|[431]|Bytes:42
18:49:01.3 (36831724)|ENTERING_MANAGED_PKG|
18:49:01.3 (36890082)|HEAP_ALLOCATE|[431]|Bytes:8
18:49:01.3 (36905029)|HEAP_ALLOCATE|[431]|Bytes:24
18:49:01.3 (36913293)|HEAP_ALLOCATE|[431]|Bytes:117
18:49:01.3 (36925043)|ENTERING_MANAGED_PKG|
18:49:01.3 (36959119)|HEAP_ALLOCATE|[431]|Bytes:8
18:49:01.3 (36972601)|HEAP_ALLOCATE|[431]|Bytes:9
18:49:01.3 (36979306)|HEAP_ALLOCATE|[431]|Bytes:23
18:49:01.3 (36983550)|HEAP_ALLOCATE|[431]|Bytes:140
18:49:01.3 (36994363)|ENTERING_MANAGED_PKG|
18:49:01.3 (36997809)|USER_DEBUG|[431]|DEBUG|this is the wanted Field Name ### sfield: shiva15testns__amount__c### label: Amount ## name: shiva15testns__Amount__c## localname: Amount__c
18:49:01.3 (37004080)|STATEMENT_EXECUTE|[432]
18:49:01.3 (37010883)|HEAP_ALLOCATE|[432]|Bytes:4
18:49:01.3 (37298717)|HEAP_ALLOCATE|[432]|Bytes:16
18:49:01.3 (37331017)|CONSTRUCTOR_ENTRY|[432]|01p36000005Jpvx|<init>(String,String,shiva15testns.PermissionSetPortalControllers.FieldPermissionsClass)
18:49:01.3 (37362419)|VARIABLE_SCOPE_BEGIN|[1045]|this|shiva15testns.PermissionSetPortalControllers.FieldDetailsClass|true|false
18:49:01.3 (37407456)|VARIABLE_ASSIGNMENT|[1045]|this|{}|0x4a19a4be
18:49:01.3 (37413746)|VARIABLE_SCOPE_BEGIN|[1045]|fieldName|String|false|false
18:49:01.3 (37420880)|VARIABLE_ASSIGNMENT|[1045]|fieldName|"shiva15testns__amoun (4 more) ..."
18:49:01.3 (37423984)|VARIABLE_SCOPE_BEGIN|[1045]|fieldLabel|String|false|false
18:49:01.3 (37427520)|VARIABLE_ASSIGNMENT|[1045]|fieldLabel|"Amount"
18:49:01.3 (37430316)|VARIABLE_SCOPE_BEGIN|[1045]|fieldPermissions|shiva15testns.PermissionSetPortalControllers.FieldPermissionsClass|true|false
18:49:01.3 (37433948)|VARIABLE_ASSIGNMENT|[1045]|fieldPermissions|null|
18:49:01.3 (37437342)|STATEMENT_EXECUTE|[1036]
18:49:01.3 (37438999)|STATEMENT_EXECUTE|[1039]
18:49:01.3 (37440661)|STATEMENT_EXECUTE|[1041]
18:49:01.3 (37441862)|STATEMENT_EXECUTE|[1043]
18:49:01.3 (37451096)|HEAP_ALLOCATE|[1046]|Bytes:6
18:49:01.3 (37477036)|STATEMENT_EXECUTE|[1045]
18:49:01.3 (37479022)|STATEMENT_EXECUTE|[1046]
18:49:01.3 (37491449)|VARIABLE_ASSIGNMENT|[1046]|this.fieldName|"shiva15testns__amoun (4 more) ..."|0x4a19a4be
18:49:01.3 (37494330)|STATEMENT_EXECUTE|[1047]
18:49:01.3 (37499692)|VARIABLE_ASSIGNMENT|[1047]|this.fieldLabel|"Amount"|0x4a19a4be
18:49:01.3 (37501747)|STATEMENT_EXECUTE|[1048]
18:49:01.3 (37506803)|VARIABLE_ASSIGNMENT|[1048]|this.fieldPermissions|null|0x4a19a4be
18:49:01.3 (37516744)|CONSTRUCTOR_EXIT|[432]|01p36000005Jpvx|<init>(String,String,shiva15testns.PermissionSetPortalControllers.FieldPermissionsClass)
18:49:01.3 (37536321)|VARIABLE_ASSIGNMENT|[432]|fieldClassObj|{"fieldLabel":"Amount","fieldName":"shiva15testns__amoun (4 more) ..."}|0x4a19a4be
18:49:01.3 (37539994)|STATEMENT_EXECUTE|[433]
18:49:01.3 (37555503)|ENTERING_MANAGED_PKG|
18:49:01.3 (37580804)|HEAP_ALLOCATE|[EXTERNAL]|Bytes:4
18:49:01.3 (37588794)|STATEMENT_EXECUTE|[434]
18:49:01.3 (37598150)|ENTERING_MANAGED_PKG|
18:49:01.3 (37614137)|HEAP_ALLOCATE|[EXTERNAL]|Bytes:4
18:49:01.3 (37629012)|HEAP_ALLOCATE|[421]|Bytes:5
18:49:01.3 (37641361)|VARIABLE_SCOPE_BEGIN|[421]|sfield|String|false|false
18:49:01.3 (37649585)|VARIABLE_ASSIGNMENT|[421]|sfield|"shiva15testns__clien (4 more) ..."
18:49:01.3 (37652402)|STATEMENT_EXECUTE|[421]
18:49:01.3 (37662918)|ENTERING_MANAGED_PKG|
18:49:01.3 (37799719)|HEAP_ALLOCATE|[423]|Bytes:8
18:49:01.3 (37813186)|STATEMENT_EXECUTE|[423]
18:49:01.3 (37814927)|STATEMENT_EXECUTE|[424]
18:49:01.3 (37824477)|ENTERING_MANAGED_PKG|
18:49:01.3 (37856559)|HEAP_ALLOCATE|[424]|Bytes:8
18:49:01.3 (37867430)|HEAP_ALLOCATE|[424]|Bytes:6
18:49:01.3 (37871903)|VARIABLE_SCOPE_BEGIN|[424]|labelOfField|String|false|false
18:49:01.3 (37879462)|VARIABLE_ASSIGNMENT|[424]|labelOfField|"Client"
18:49:01.3 (37889410)|ENTERING_MANAGED_PKG|
18:49:01.3 (37897431)|STATEMENT_EXECUTE|[427]
18:49:01.3 (37899030)|STATEMENT_EXECUTE|[429]
18:49:01.3 (37904633)|ENTERING_MANAGED_PKG|
18:49:01.3 (37922940)|HEAP_ALLOCATE|[429]|Bytes:4
18:49:01.3 (37929372)|VARIABLE_SCOPE_BEGIN|[429]|sObjResult|Schema.DescribeSObjectResult|true|false
18:49:01.3 (37984551)|VARIABLE_ASSIGNMENT|[429]|sObjResult|"common.api.soap.wsdl.DescribeSObjectResult@834149e"|0x20b39353
18:49:01.3 (38007676)|STATEMENT_EXECUTE|[430]
18:49:01.3 (38010465)|STATEMENT_EXECUTE|[431]
18:49:01.3 (38022292)|ENTERING_MANAGED_PKG|
18:49:01.3 (38056838)|HEAP_ALLOCATE|[431]|Bytes:8
18:49:01.3 (38067334)|HEAP_ALLOCATE|[431]|Bytes:24
18:49:01.3 (38074116)|HEAP_ALLOCATE|[431]|Bytes:117
18:49:01.3 (38083854)|ENTERING_MANAGED_PKG|
18:49:01.3 (38112450)|HEAP_ALLOCATE|[431]|Bytes:8
18:49:01.3 (38121915)|HEAP_ALLOCATE|[431]|Bytes:9
18:49:01.3 (38127366)|HEAP_ALLOCATE|[431]|Bytes:23
18:49:01.3 (38130962)|HEAP_ALLOCATE|[431]|Bytes:140
18:49:01.3 (38139676)|ENTERING_MANAGED_PKG|
18:49:01.3 (38143187)|USER_DEBUG|[431]|DEBUG|this is the wanted Field Name ### sfield: shiva15testns__client__c### label: Client ## name: shiva15testns__Client__c## localname: Client__c
18:49:01.3 (38149034)|STATEMENT_EXECUTE|[432]
18:49:01.3 (38153963)|HEAP_ALLOCATE|[432]|Bytes:16
18:49:01.3 (38165057)|CONSTRUCTOR_ENTRY|[432]|01p36000005Jpvx|<init>(String,String,shiva15testns.PermissionSetPortalControllers.FieldPermissionsClass)
18:49:01.3 (38170414)|VARIABLE_SCOPE_BEGIN|[1045]|this|shiva15testns.PermissionSetPortalControllers.FieldDetailsClass|true|false
18:49:01.3 (38187990)|VARIABLE_ASSIGNMENT|[1045]|this|{}|0x48bd5ed3
18:49:01.3 (38190846)|VARIABLE_SCOPE_BEGIN|[1045]|fieldName|String|false|false
18:49:01.3 (38196921)|VARIABLE_ASSIGNMENT|[1045]|fieldName|"shiva15testns__clien (4 more) ..."
18:49:01.3 (38198935)|VARIABLE_SCOPE_BEGIN|[1045]|fieldLabel|String|false|false
18:49:01.3 (38202279)|VARIABLE_ASSIGNMENT|[1045]|fieldLabel|"Client"
18:49:01.3 (38204031)|VARIABLE_SCOPE_BEGIN|[1045]|fieldPermissions|shiva15testns.PermissionSetPortalControllers.FieldPermissionsClass|true|false
18:49:01.3 (38207376)|VARIABLE_ASSIGNMENT|[1045]|fieldPermissions|null|
18:49:01.3 (38210097)|STATEMENT_EXECUTE|[1036]
18:49:01.3 (38211489)|STATEMENT_EXECUTE|[1039]
18:49:01.3 (38212952)|STATEMENT_EXECUTE|[1041]
18:49:01.3 (38214122)|STATEMENT_EXECUTE|[1043]
18:49:01.3 (38225310)|STATEMENT_EXECUTE|[1045]
18:49:01.3 (38226963)|STATEMENT_EXECUTE|[1046]
18:49:01.3 (38234908)|VARIABLE_ASSIGNMENT|[1046]|this.fieldName|"shiva15testns__clien (4 more) ..."|0x48bd5ed3
18:49:01.3 (38237307)|STATEMENT_EXECUTE|[1047]
18:49:01.3 (38242241)|VARIABLE_ASSIGNMENT|[1047]|this.fieldLabel|"Client"|0x48bd5ed3
18:49:01.3 (38244469)|STATEMENT_EXECUTE|[1048]
18:49:01.3 (38248561)|VARIABLE_ASSIGNMENT|[1048]|this.fieldPermissions|null|0x48bd5ed3
18:49:01.3 (38257809)|CONSTRUCTOR_EXIT|[432]|01p36000005Jpvx|<init>(String,String,shiva15testns.PermissionSetPortalControllers.FieldPermissionsClass)
18:49:01.3 (38274909)|VARIABLE_ASSIGNMENT|[432]|fieldClassObj|{"fieldLabel":"Client","fieldName":"shiva15testns__clien (4 more) ..."}|0x48bd5ed3
18:49:01.3 (38278094)|STATEMENT_EXECUTE|[433]
18:49:01.3 (38289412)|ENTERING_MANAGED_PKG|
18:49:01.3 (38293719)|HEAP_ALLOCATE|[EXTERNAL]|Bytes:4
18:49:01.3 (38299309)|STATEMENT_EXECUTE|[434]
18:49:01.3 (38304499)|ENTERING_MANAGED_PKG|
18:49:01.3 (38307258)|HEAP_ALLOCATE|[EXTERNAL]|Bytes:4
18:49:01.3 (38319317)|HEAP_ALLOCATE|[421]|Bytes:5
18:49:01.3 (38331161)|VARIABLE_SCOPE_BEGIN|[421]|sfield|String|false|false
18:49:01.3 (38338598)|VARIABLE_ASSIGNMENT|[421]|sfield|"shiva15testns__date_ (2 more) ..."
18:49:01.3 (38341356)|STATEMENT_EXECUTE|[421]
18:49:01.3 (38349191)|ENTERING_MANAGED_PKG|
18:49:01.3 (38486328)|HEAP_ALLOCATE|[423]|Bytes:8
18:49:01.3 (38500103)|STATEMENT_EXECUTE|[423]
18:49:01.3 (38501874)|STATEMENT_EXECUTE|[424]
18:49:01.3 (38511872)|ENTERING_MANAGED_PKG|
18:49:01.3 (38543572)|HEAP_ALLOCATE|[424]|Bytes:8
18:49:01.3 (38554538)|HEAP_ALLOCATE|[424]|Bytes:4
18:49:01.3 (38559100)|VARIABLE_SCOPE_BEGIN|[424]|labelOfField|String|false|false
18:49:01.3 (38566490)|VARIABLE_ASSIGNMENT|[424]|labelOfField|"Date"
18:49:01.3 (38576044)|ENTERING_MANAGED_PKG|
18:49:01.3 (38583985)|STATEMENT_EXECUTE|[427]
18:49:01.3 (38585598)|STATEMENT_EXECUTE|[429]
18:49:01.3 (38591136)|ENTERING_MANAGED_PKG|
18:49:01.3 (38609457)|HEAP_ALLOCATE|[429]|Bytes:4
18:49:01.3 (38616122)|VARIABLE_SCOPE_BEGIN|[429]|sObjResult|Schema.DescribeSObjectResult|true|false
18:49:01.3 (38669303)|VARIABLE_ASSIGNMENT|[429]|sObjResult|"common.api.soap.wsdl.DescribeSObjectResult@834149e"|0x62fe5e9f
18:49:01.3 (38692119)|STATEMENT_EXECUTE|[430]
18:49:01.3 (38693907)|STATEMENT_EXECUTE|[431]
18:49:01.3 (38705218)|ENTERING_MANAGED_PKG|
18:49:01.3 (38738771)|HEAP_ALLOCATE|[431]|Bytes:8
18:49:01.3 (38749534)|HEAP_ALLOCATE|[431]|Bytes:22
18:49:01.3 (38756298)|HEAP_ALLOCATE|[431]|Bytes:111
18:49:01.3 (38766191)|ENTERING_MANAGED_PKG|
18:49:01.3 (38803687)|HEAP_ALLOCATE|[431]|Bytes:8
18:49:01.3 (38814243)|HEAP_ALLOCATE|[431]|Bytes:7
18:49:01.3 (38819814)|HEAP_ALLOCATE|[431]|Bytes:21
18:49:01.3 (38823497)|HEAP_ALLOCATE|[431]|Bytes:132
18:49:01.3 (38832748)|ENTERING_MANAGED_PKG|
18:49:01.3 (38836269)|USER_DEBUG|[431]|DEBUG|this is the wanted Field Name ### sfield: shiva15testns__date__c### label: Date ## name: shiva15testns__Date__c## localname: Date__c
18:49:01.3 (38842136)|STATEMENT_EXECUTE|[432]
18:49:01.3 (38847023)|HEAP_ALLOCATE|[432]|Bytes:16
18:49:01.3 (38858028)|CONSTRUCTOR_ENTRY|[432]|01p36000005Jpvx|<init>(String,String,shiva15testns.PermissionSetPortalControllers.FieldPermissionsClass)
18:49:01.3 (38863181)|VARIABLE_SCOPE_BEGIN|[1045]|this|shiva15testns.PermissionSetPortalControllers.FieldDetailsClass|true|false
18:49:01.3 (38880360)|VARIABLE_ASSIGNMENT|[1045]|this|{}|0x4017dfd5
18:49:01.3 (38883177)|VARIABLE_SCOPE_BEGIN|[1045]|fieldName|String|false|false
18:49:01.3 (38889109)|VARIABLE_ASSIGNMENT|[1045]|fieldName|"shiva15testns__date_ (2 more) ..."
18:49:01.3 (38891081)|VARIABLE_SCOPE_BEGIN|[1045]|fieldLabel|String|false|false
18:49:01.3 (38894905)|VARIABLE_ASSIGNMENT|[1045]|fieldLabel|"Date"
18:49:01.3 (38896674)|VARIABLE_SCOPE_BEGIN|[1045]|fieldPermissions|shiva15testns.PermissionSetPortalControllers.FieldPermissionsClass|true|false
18:49:01.3 (38900252)|VARIABLE_ASSIGNMENT|[1045]|fieldPermissions|null|
18:49:01.3 (38902943)|STATEMENT_EXECUTE|[1036]
18:49:01.3 (38904263)|STATEMENT_EXECUTE|[1039]
18:49:01.3 (38905662)|STATEMENT_EXECUTE|[1041]
18:49:01.3 (38906803)|STATEMENT_EXECUTE|[1043]
18:49:01.3 (38917807)|STATEMENT_EXECUTE|[1045]
18:49:01.3 (38919382)|STATEMENT_EXECUTE|[1046]
18:49:01.3 (38927074)|VARIABLE_ASSIGNMENT|[1046]|this.fieldName|"shiva15testns__date_ (2 more) ..."|0x4017dfd5
18:49:01.3 (38929368)|STATEMENT_EXECUTE|[1047]
18:49:01.3 (38933903)|VARIABLE_ASSIGNMENT|[1047]|this.fieldLabel|"Date"|0x4017dfd5
18:49:01.3 (38935832)|STATEMENT_EXECUTE|[1048]
18:49:01.3 (38939954)|VARIABLE_ASSIGNMENT|[1048]|this.fieldPermissions|null|0x4017dfd5
18:49:01.3 (38949010)|CONSTRUCTOR_EXIT|[432]|01p36000005Jpvx|<init>(String,String,shiva15testns.PermissionSetPortalControllers.FieldPermissionsClass)
18:49:01.3 (38965383)|VARIABLE_ASSIGNMENT|[432]|fieldClassObj|{"fieldLabel":"Date","fieldName":"shiva15testns__date_ (2 more) ..."}|0x4017dfd5
18:49:01.3 (38968923)|STATEMENT_EXECUTE|[433]
18:49:01.3 (38980366)|ENTERING_MANAGED_PKG|
18:49:01.3 (38984685)|HEAP_ALLOCATE|[EXTERNAL]|Bytes:4
18:49:01.3 (38990115)|STATEMENT_EXECUTE|[434]
18:49:01.3 (38995293)|ENTERING_MANAGED_PKG|
18:49:01.3 (38997931)|HEAP_ALLOCATE|[EXTERNAL]|Bytes:4
18:49:01.3 (39009702)|HEAP_ALLOCATE|[421]|Bytes:5
18:49:01.3 (39022661)|VARIABLE_SCOPE_BEGIN|[421]|sfield|String|false|false
18:49:01.3 (39030191)|VARIABLE_ASSIGNMENT|[421]|sfield|"shiva15testns__reimb (8 more) ..."
18:49:01.3 (39032793)|STATEMENT_EXECUTE|[421]
18:49:01.3 (39040711)|ENTERING_MANAGED_PKG|
18:49:01.3 (39171879)|HEAP_ALLOCATE|[423]|Bytes:8
18:49:01.3 (39185336)|STATEMENT_EXECUTE|[423]
18:49:01.3 (39187112)|STATEMENT_EXECUTE|[424]
18:49:01.3 (39196551)|ENTERING_MANAGED_PKG|
18:49:01.3 (39228217)|HEAP_ALLOCATE|[424]|Bytes:8
18:49:01.3 (39239168)|HEAP_ALLOCATE|[424]|Bytes:11
18:49:01.3 (39243665)|VARIABLE_SCOPE_BEGIN|[424]|labelOfField|String|false|false
18:49:01.3 (39251388)|VARIABLE_ASSIGNMENT|[424]|labelOfField|"Reimbursed?"
18:49:01.3 (39260869)|ENTERING_MANAGED_PKG|
18:49:01.3 (39268711)|STATEMENT_EXECUTE|[427]
18:49:01.3 (39270288)|STATEMENT_EXECUTE|[429]
18:49:01.3 (39275853)|ENTERING_MANAGED_PKG|
18:49:01.3 (39294220)|HEAP_ALLOCATE|[429]|Bytes:4
18:49:01.3 (39300812)|VARIABLE_SCOPE_BEGIN|[429]|sObjResult|Schema.DescribeSObjectResult|true|false
18:49:01.3 (39360625)|VARIABLE_ASSIGNMENT|[429]|sObjResult|"common.api.soap.wsdl.DescribeSObjectResult@834149e"|0x22b826e6
18:49:01.3 (39387875)|STATEMENT_EXECUTE|[430]
18:49:01.3 (39389795)|STATEMENT_EXECUTE|[431]
18:49:01.3 (39401242)|ENTERING_MANAGED_PKG|
18:49:01.3 (39435512)|HEAP_ALLOCATE|[431]|Bytes:8
18:49:01.3 (39446416)|HEAP_ALLOCATE|[431]|Bytes:28
18:49:01.3 (39453107)|HEAP_ALLOCATE|[431]|Bytes:130
18:49:01.3 (39462639)|ENTERING_MANAGED_PKG|
18:49:01.3 (39491236)|HEAP_ALLOCATE|[431]|Bytes:8
18:49:01.3 (39500657)|HEAP_ALLOCATE|[431]|Bytes:13
18:49:01.3 (39509163)|HEAP_ALLOCATE|[431]|Bytes:27
18:49:01.3 (39513839)|HEAP_ALLOCATE|[431]|Bytes:157
18:49:01.3 (39523078)|ENTERING_MANAGED_PKG|
18:49:01.3 (39526777)|USER_DEBUG|[431]|DEBUG|this is the wanted Field Name ### sfield: shiva15testns__reimbursed__c### label: Reimbursed? ## name: shiva15testns__Reimbursed__c## localname: Reimbursed__c
18:49:01.3 (39532712)|STATEMENT_EXECUTE|[432]
18:49:01.3 (39537606)|HEAP_ALLOCATE|[432]|Bytes:16
18:49:01.3 (39548274)|CONSTRUCTOR_ENTRY|[432]|01p36000005Jpvx|<init>(String,String,shiva15testns.PermissionSetPortalControllers.FieldPermissionsClass)
18:49:01.3 (39553347)|VARIABLE_SCOPE_BEGIN|[1045]|this|shiva15testns.PermissionSetPortalControllers.FieldDetailsClass|true|false
18:49:01.3 (39570299)|VARIABLE_ASSIGNMENT|[1045]|this|{}|0x5c2fbc13
18:49:01.3 (39573105)|VARIABLE_SCOPE_BEGIN|[1045]|fieldName|String|false|false
18:49:01.3 (39578750)|VARIABLE_ASSIGNMENT|[1045]|fieldName|"shiva15testns__reimb (8 more) ..."
18:49:01.3 (39580767)|VARIABLE_SCOPE_BEGIN|[1045]|fieldLabel|String|false|false
18:49:01.3 (39584047)|VARIABLE_ASSIGNMENT|[1045]|fieldLabel|"Reimbursed?"
18:49:01.3 (39585789)|VARIABLE_SCOPE_BEGIN|[1045]|fieldPermissions|shiva15testns.PermissionSetPortalControllers.FieldPermissionsClass|true|false
18:49:01.3 (39589565)|VARIABLE_ASSIGNMENT|[1045]|fieldPermissions|null|
18:49:01.3 (39592281)|STATEMENT_EXECUTE|[1036]
18:49:01.3 (39593599)|STATEMENT_EXECUTE|[1039]
18:49:01.3 (39595305)|STATEMENT_EXECUTE|[1041]
18:49:01.3 (39596400)|STATEMENT_EXECUTE|[1043]
18:49:01.3 (39607319)|STATEMENT_EXECUTE|[1045]
18:49:01.3 (39608800)|STATEMENT_EXECUTE|[1046]
18:49:01.3 (39616290)|VARIABLE_ASSIGNMENT|[1046]|this.fieldName|"shiva15testns__reimb (8 more) ..."|0x5c2fbc13
18:49:01.3 (39618754)|STATEMENT_EXECUTE|[1047]
18:49:01.3 (39623218)|VARIABLE_ASSIGNMENT|[1047]|this.fieldLabel|"Reimbursed?"|0x5c2fbc13
18:49:01.3 (39625257)|STATEMENT_EXECUTE|[1048]
18:49:01.3 (39629202)|VARIABLE_ASSIGNMENT|[1048]|this.fieldPermissions|null|0x5c2fbc13
18:49:01.3 (39638157)|CONSTRUCTOR_EXIT|[432]|01p36000005Jpvx|<init>(String,String,shiva15testns.PermissionSetPortalControllers.FieldPermissionsClass)
18:49:01.3 (39654566)|VARIABLE_ASSIGNMENT|[432]|fieldClassObj|{"fieldLabel":"Reimbursed?","fieldName":"shiva15testns__reimb (8 more) ..."}|0x5c2fbc13
18:49:01.3 (39657608)|STATEMENT_EXECUTE|[433]
18:49:01.3 (39668705)|ENTERING_MANAGED_PKG|
18:49:01.3 (39672963)|HEAP_ALLOCATE|[EXTERNAL]|Bytes:4
18:49:01.3 (39678658)|STATEMENT_EXECUTE|[434]
18:49:01.3 (39683801)|ENTERING_MANAGED_PKG|
18:49:01.3 (39686430)|HEAP_ALLOCATE|[EXTERNAL]|Bytes:4
18:49:01.3 (39698394)|HEAP_ALLOCATE|[421]|Bytes:5
18:49:01.3 (39708873)|VARIABLE_ASSIGNMENT|[421]|sfield|null
18:49:01.3 (39711972)|STATEMENT_EXECUTE|[459]
18:49:01.3 (39728169)|METHOD_ENTRY|[459]|01p36000005Jpvx|shiva15testns.PermissionSetPortalControllers.sortTheFieldLabels(List<shiva15testns.PermissionSetPortalControllers.FieldDetailsClass>)
18:49:01.3 (39754840)|VARIABLE_SCOPE_BEGIN|[475]|listOfFieldDetailsClass|List<shiva15testns.PermissionSetPortalControllers.FieldDetailsClass>|true|false
18:49:01.3 (39796243)|VARIABLE_ASSIGNMENT|[475]|listOfFieldDetailsClass|{"s":1,"v":[{"fieldLabel":"Amount","fieldName":"shiva15testns__amoun (4 more) ..."},{"fieldLabel":"Client","fieldName":"shiva15testns__clien (4 more) ..."},{"fieldLabel":"Date","fieldName":"shiva15testns__date_ (2 more) ..."},{"fieldLabel":"Reimbursed?","fieldName":"shiva15testns__reimb (8 more) ..."}]}|0x52ad10e1
18:49:01.3 (39807808)|HEAP_ALLOCATE|[476]|Bytes:5
18:49:01.3 (39811596)|STATEMENT_EXECUTE|[475]
18:49:01.3 (39812989)|STATEMENT_EXECUTE|[476]
18:49:01.3 (39814313)|STATEMENT_EXECUTE|[476]
18:49:01.3 (39815410)|STATEMENT_EXECUTE|[478]
18:49:01.3 (39820094)|HEAP_ALLOCATE|[478]|Bytes:4
18:49:01.3 (39831901)|ENTERING_MANAGED_PKG|
18:49:01.3 (39849190)|VARIABLE_SCOPE_BEGIN|[478]|fieldNames|List<String>|true|false
18:49:01.3 (39876681)|HEAP_ALLOCATE|[EXTERNAL]|Bytes:4
18:49:01.3 (39886958)|VARIABLE_ASSIGNMENT|[478]|fieldNames|{"s":1,"v":[]}|0x6ad914b8
18:49:01.3 (39890002)|STATEMENT_EXECUTE|[479]
18:49:01.3 (39895084)|HEAP_ALLOCATE|[479]|Bytes:4
18:49:01.3 (39905996)|ENTERING_MANAGED_PKG|
18:49:01.3 (39920892)|VARIABLE_SCOPE_BEGIN|[479]|finalFieldNameSortedList|List<shiva15testns.PermissionSetPortalControllers.FieldDetailsClass>|true|false
18:49:01.3 (39931646)|HEAP_ALLOCATE|[EXTERNAL]|Bytes:4
18:49:01.3 (39939832)|VARIABLE_ASSIGNMENT|[479]|finalFieldNameSortedList|{"s":1,"v":[]}|0x9b58013
18:49:01.3 (39942648)|STATEMENT_EXECUTE|[480]
18:49:01.3 (39976889)|HEAP_ALLOCATE|[480]|Bytes:4
18:49:01.3 (40028097)|VARIABLE_SCOPE_BEGIN|[480]|mapForFieldLabelComparision|Map<String,shiva15testns.PermissionSetPortalControllers.FieldDetailsClass>|true|false
18:49:01.3 (40047459)|VARIABLE_ASSIGNMENT|[480]|mapForFieldLabelComparision|{"s":1,"v":{}}|0x285b7a12
18:49:01.3 (40060669)|ENTERING_MANAGED_PKG|
18:49:01.3 (40241517)|HEAP_ALLOCATE|[482]|Bytes:5
18:49:01.3 (40254006)|HEAP_ALLOCATE|[482]|Bytes:16
18:49:01.3 (40260409)|VARIABLE_SCOPE_BEGIN|[482]|fieldObj|shiva15testns.PermissionSetPortalControllers.FieldDetailsClass|true|false
18:49:01.3 (40282382)|VARIABLE_ASSIGNMENT|[482]|fieldObj|{"fieldLabel":"Amount","fieldName":"shiva15testns__amoun (4 more) ..."}|0x4a19a4be
18:49:01.3 (40286450)|STATEMENT_EXECUTE|[482]
18:49:01.3 (40287838)|STATEMENT_EXECUTE|[483]
18:49:01.3 (40302580)|ENTERING_MANAGED_PKG|
18:49:01.3 (40324238)|HEAP_ALLOCATE|[EXTERNAL]|Bytes:4
18:49:01.3 (40331358)|STATEMENT_EXECUTE|[484]
18:49:01.3 (40347882)|ENTERING_MANAGED_PKG|
18:49:01.3 (40376734)|HEAP_ALLOCATE|[EXTERNAL]|Bytes:-4
18:49:01.3 (40392786)|HEAP_ALLOCATE|[482]|Bytes:5
18:49:01.3 (40402360)|HEAP_ALLOCATE|[482]|Bytes:16
18:49:01.3 (40408419)|VARIABLE_SCOPE_BEGIN|[482]|fieldObj|shiva15testns.PermissionSetPortalControllers.FieldDetailsClass|true|false
18:49:01.3 (40428665)|VARIABLE_ASSIGNMENT|[482]|fieldObj|{"fieldLabel":"Client","fieldName":"shiva15testns__clien (4 more) ..."}|0x48bd5ed3
18:49:01.3 (40432582)|STATEMENT_EXECUTE|[482]
18:49:01.3 (40433971)|STATEMENT_EXECUTE|[483]
18:49:01.3 (40445386)|ENTERING_MANAGED_PKG|
18:49:01.3 (40449155)|HEAP_ALLOCATE|[EXTERNAL]|Bytes:4
18:49:01.3 (40454226)|STATEMENT_EXECUTE|[484]
18:49:01.3 (40460445)|ENTERING_MANAGED_PKG|
18:49:01.3 (40465162)|HEAP_ALLOCATE|[EXTERNAL]|Bytes:-4
18:49:01.3 (40476527)|HEAP_ALLOCATE|[482]|Bytes:5
18:49:01.3 (40485369)|HEAP_ALLOCATE|[482]|Bytes:16
18:49:01.3 (40490743)|VARIABLE_SCOPE_BEGIN|[482]|fieldObj|shiva15testns.PermissionSetPortalControllers.FieldDetailsClass|true|false
18:49:01.3 (40507619)|VARIABLE_ASSIGNMENT|[482]|fieldObj|{"fieldLabel":"Date","fieldName":"shiva15testns__date_ (2 more) ..."}|0x4017dfd5
18:49:01.3 (40511357)|STATEMENT_EXECUTE|[482]
18:49:01.3 (40513042)|STATEMENT_EXECUTE|[483]
18:49:01.3 (40523731)|ENTERING_MANAGED_PKG|
18:49:01.3 (40527082)|HEAP_ALLOCATE|[EXTERNAL]|Bytes:4
18:49:01.3 (40531999)|STATEMENT_EXECUTE|[484]
18:49:01.3 (40538070)|ENTERING_MANAGED_PKG|
18:49:01.3 (40542172)|HEAP_ALLOCATE|[EXTERNAL]|Bytes:-4
18:49:01.3 (40553108)|HEAP_ALLOCATE|[482]|Bytes:5
18:49:01.3 (40561699)|HEAP_ALLOCATE|[482]|Bytes:16
18:49:01.3 (40566901)|VARIABLE_SCOPE_BEGIN|[482]|fieldObj|shiva15testns.PermissionSetPortalControllers.FieldDetailsClass|true|false
18:49:01.3 (40583614)|VARIABLE_ASSIGNMENT|[482]|fieldObj|{"fieldLabel":"Reimbursed?","fieldName":"shiva15testns__reimb (8 more) ..."}|0x5c2fbc13
18:49:01.3 (40587131)|STATEMENT_EXECUTE|[482]
18:49:01.3 (40588411)|STATEMENT_EXECUTE|[483]
18:49:01.3 (40598615)|ENTERING_MANAGED_PKG|
18:49:01.3 (40601948)|HEAP_ALLOCATE|[EXTERNAL]|Bytes:4
18:49:01.3 (40606632)|STATEMENT_EXECUTE|[484]
18:49:01.3 (40612550)|ENTERING_MANAGED_PKG|
18:49:01.3 (40616723)|HEAP_ALLOCATE|[EXTERNAL]|Bytes:-4
18:49:01.3 (40628305)|HEAP_ALLOCATE|[482]|Bytes:5
18:49:01.3 (40638096)|VARIABLE_ASSIGNMENT|[482]|fieldObj|null|
18:49:01.3 (40641212)|STATEMENT_EXECUTE|[486]
18:49:01.3 (40650404)|ENTERING_MANAGED_PKG|
18:49:01.3 (40685623)|ENTERING_MANAGED_PKG|
18:49:01.3 (40709166)|HEAP_ALLOCATE|[488]|Bytes:5
18:49:01.3 (40719367)|HEAP_ALLOCATE|[488]|Bytes:6
18:49:01.3 (40725881)|VARIABLE_SCOPE_BEGIN|[488]|str|String|false|false
18:49:01.3 (40732641)|VARIABLE_ASSIGNMENT|[488]|str|"Amount"
18:49:01.3 (40735383)|STATEMENT_EXECUTE|[488]
18:49:01.3 (40746147)|ENTERING_MANAGED_PKG|
18:49:01.3 (40769912)|STATEMENT_EXECUTE|[489]
18:49:01.3 (40772046)|STATEMENT_EXECUTE|[490]
18:49:01.3 (40780624)|ENTERING_MANAGED_PKG|
18:49:01.3 (40807237)|ENTERING_MANAGED_PKG|
18:49:01.3 (40811948)|HEAP_ALLOCATE|[EXTERNAL]|Bytes:4
18:49:01.3 (40824273)|HEAP_ALLOCATE|[488]|Bytes:5
18:49:01.3 (40832955)|HEAP_ALLOCATE|[488]|Bytes:6
18:49:01.3 (40838694)|VARIABLE_SCOPE_BEGIN|[488]|str|String|false|false
18:49:01.3 (40845263)|VARIABLE_ASSIGNMENT|[488]|str|"Client"
18:49:01.3 (40848255)|STATEMENT_EXECUTE|[488]
18:49:01.3 (40856044)|ENTERING_MANAGED_PKG|
18:49:01.3 (40861982)|STATEMENT_EXECUTE|[489]
18:49:01.3 (40863428)|STATEMENT_EXECUTE|[490]
18:49:01.3 (40868254)|ENTERING_MANAGED_PKG|
18:49:01.3 (40877414)|ENTERING_MANAGED_PKG|
18:49:01.3 (40880866)|HEAP_ALLOCATE|[EXTERNAL]|Bytes:4
18:49:01.3 (40891331)|HEAP_ALLOCATE|[488]|Bytes:5
18:49:01.3 (40899351)|HEAP_ALLOCATE|[488]|Bytes:4
18:49:01.3 (40904771)|VARIABLE_SCOPE_BEGIN|[488]|str|String|false|false
18:49:01.3 (40910267)|VARIABLE_ASSIGNMENT|[488]|str|"Date"
18:49:01.3 (40912577)|STATEMENT_EXECUTE|[488]
18:49:01.3 (40919619)|ENTERING_MANAGED_PKG|
18:49:01.3 (40925270)|STATEMENT_EXECUTE|[489]
18:49:01.3 (40926667)|STATEMENT_EXECUTE|[490]
18:49:01.3 (40931313)|ENTERING_MANAGED_PKG|
18:49:01.3 (40939971)|ENTERING_MANAGED_PKG|
18:49:01.3 (40943336)|HEAP_ALLOCATE|[EXTERNAL]|Bytes:4
18:49:01.3 (40953412)|HEAP_ALLOCATE|[488]|Bytes:5
18:49:01.3 (40961273)|HEAP_ALLOCATE|[488]|Bytes:11
18:49:01.3 (40966655)|VARIABLE_SCOPE_BEGIN|[488]|str|String|false|false
18:49:01.3 (40972638)|VARIABLE_ASSIGNMENT|[488]|str|"Reimbursed?"
18:49:01.3 (40975032)|STATEMENT_EXECUTE|[488]
18:49:01.3 (40981973)|ENTERING_MANAGED_PKG|
18:49:01.3 (40987741)|STATEMENT_EXECUTE|[489]
18:49:01.3 (40989168)|STATEMENT_EXECUTE|[490]
18:49:01.3 (40993700)|ENTERING_MANAGED_PKG|
18:49:01.3 (41002212)|ENTERING_MANAGED_PKG|
18:49:01.3 (41006349)|HEAP_ALLOCATE|[EXTERNAL]|Bytes:4
18:49:01.3 (41016706)|HEAP_ALLOCATE|[488]|Bytes:5
18:49:01.3 (41025894)|VARIABLE_ASSIGNMENT|[488]|str|null
18:49:01.3 (41028823)|STATEMENT_EXECUTE|[493]
18:49:01.3 (41036452)|METHOD_EXIT|[459]|01p36000005Jpvx|shiva15testns.PermissionSetPortalControllers.sortTheFieldLabels(List<shiva15testns.PermissionSetPortalControllers.FieldDetailsClass>)
18:49:01.3 (41074307)|VARIABLE_ASSIGNMENT|[459]|individualObjectAllFieldsList|{"s":1,"v":[{"fieldLabel":"Amount","fieldName":"shiva15testns__amoun (4 more) ..."},{"fieldLabel":"Client","fieldName":"shiva15testns__clien (4 more) ..."},{"fieldLabel":"Date","fieldName":"shiva15testns__date_ (2 more) ..."},{"fieldLabel":"Reimbursed?","fieldName":"shiva15testns__reimb (8 more) ..."}]}|0x9b58013
18:49:01.3 (41079917)|STATEMENT_EXECUTE|[460]
18:49:01.3 (41098339)|METHOD_ENTRY|[460]|01p36000005Jpvx|shiva15testns.PermissionSetPortalControllers.getFieldPermissions(String, String, List<shiva15testns.PermissionSetPortalControllers.FieldDetailsClass>)
18:49:01.3 (41119275)|VARIABLE_SCOPE_BEGIN|[507]|pSetId|String|false|false
18:49:01.3 (41126676)|VARIABLE_ASSIGNMENT|[507]|pSetId|"0PS36000000q71PGAQ"
18:49:01.3 (41129952)|VARIABLE_SCOPE_BEGIN|[507]|objName|String|false|false
18:49:01.3 (41134477)|VARIABLE_ASSIGNMENT|[507]|objName|"shiva15testns__expen (5 more) ..."
18:49:01.3 (41137395)|VARIABLE_SCOPE_BEGIN|[507]|individualObjectAllFieldsListAsInput|List<shiva15testns.PermissionSetPortalControllers.FieldDetailsClass>|true|false
18:49:01.3 (41170467)|VARIABLE_ASSIGNMENT|[507]|individualObjectAllFieldsListAsInput|{"s":1,"v":[{"fieldLabel":"Amount","fieldName":"shiva15testns__amoun (4 more) ..."},{"fieldLabel":"Client","fieldName":"shiva15testns__clien (4 more) ..."},{"fieldLabel":"Date","fieldName":"shiva15testns__date_ (2 more) ..."},{"fieldLabel":"Reimbursed?","fieldName":"shiva15testns__reimb (8 more) ..."}]}|0x9b58013
18:49:01.3 (41181042)|HEAP_ALLOCATE|[510]|Bytes:5
18:49:01.3 (41184636)|STATEMENT_EXECUTE|[507]
18:49:01.3 (41186179)|STATEMENT_EXECUTE|[509]
18:49:01.3 (41190022)|HEAP_ALLOCATE|[510]|Bytes:163
18:49:01.3 (41197843)|HEAP_ALLOCATE|[510]|Bytes:4
18:49:01.3 (41206981)|HEAP_ALLOCATE|[510]|Bytes:7
18:49:01.3 (41220419)|HEAP_ALLOCATE|[510]|Bytes:7
18:49:01.3 (47535075)|SOQL_EXECUTE_BEGIN|[510]|Aggregations:0|SELECT Id, Field, Parent.Name, ParentId, SobjectType, PermissionsEdit, PermissionsRead FROM FieldPermissions WHERE (ParentId = :tmpVar1 AND SobjectType = :tmpVar2)
18:49:01.3 (86003854)|SOQL_EXECUTE_END|[510]|Rows:3
18:49:01.3 (86028960)|HEAP_ALLOCATE|[510]|Bytes:16
18:49:01.3 (86060329)|HEAP_ALLOCATE|[510]|Bytes:708
18:49:01.3 (86146761)|HEAP_ALLOCATE|[510]|Bytes:16
18:49:01.3 (86166245)|VARIABLE_SCOPE_BEGIN|[509]|FieldPermissionsList|List<FieldPermissions>|true|false
18:49:01.3 (86238387)|VARIABLE_ASSIGNMENT|[509]|FieldPermissionsList|{"s":1,"v":[{"s":2,"v":{"Id":"01k3600008wtgirAAA","Field":"shiva15testns__Expen (30 more) ...","ParentId":"0PS36000000q71PGAQ","SobjectType":"shiva15testns__Expen (5 more) ...","PermissionsEdit":false,"PermissionsRead":true,"Parent":{"s":3,"v":{"Name":"PermissionSet_Test_t (6 more) ...","Id":"0PS36000000q71PGAQ"}}}},{"s":4,"v":{"Id":"01k3600008wtgisAAA","Field":"shiva15testns__Expen (30 more) ...","ParentId":"0PS36000000q71PGAQ","SobjectType":"shiva15testns__Expen (5 more) ...","PermissionsEdit":true,"PermissionsRead":true,"Parent":{"r":3}}},{"s":5,"v":{"Id":"01k3600008wtgitAAA","Field":"shiva15testns__Expen (34 more) ...","ParentId":"0PS36000000q71PGAQ","SobjectType":"shiva15testns__Expen (5 more) ...","PermissionsEdit":true,"PermissionsRead":true,"Parent":{"r":3}}}]}|0x3a80ec1f
18:49:01.3 (86249928)|STATEMENT_EXECUTE|[512]
18:49:01.3 (86289279)|HEAP_ALLOCATE|[512]|Bytes:4
18:49:01.3 (86344398)|VARIABLE_SCOPE_BEGIN|[512]|fieldPermissionsListMap|Map<String,FieldPermissions>|true|false
18:49:01.3 (86362287)|VARIABLE_ASSIGNMENT|[512]|fieldPermissionsListMap|{"s":1,"v":{}}|0x17bf879d
18:49:01.3 (86432001)|ENTERING_MANAGED_PKG|
18:49:01.3 (86634538)|HEAP_ALLOCATE|[514]|Bytes:5
18:49:01.3 (86676403)|HEAP_ALLOCATE|[514]|Bytes:32
18:49:01.3 (86687823)|VARIABLE_SCOPE_BEGIN|[514]|fper|FieldPermissions|true|false
18:49:01.3 (86711998)|VARIABLE_ASSIGNMENT|[514]|fper|{"s":1,"v":{"Id":"01k3600008wtgirAAA","Field":"shiva15testns__Expen (30 more) ...","ParentId":"0PS36000000q71PGAQ","SobjectType":"shiva15testns__Expen (5 more) ...","PermissionsEdit":false,"PermissionsRead":true,"Parent":{"s":2,"v":{"Name":"PermissionSet_Test_t (6 more) ...","Id":"0PS36000000q71PGAQ"}}}}|0x404a1d7d
18:49:01.3 (86717303)|STATEMENT_EXECUTE|[514]
18:49:01.3 (86719104)|STATEMENT_EXECUTE|[515]
18:49:01.3 (86766717)|ENTERING_MANAGED_PKG|
18:49:01.3 (86791093)|HEAP_ALLOCATE|[515]|Bytes:50
18:49:01.3 (86815057)|ENTERING_MANAGED_PKG|
18:49:01.3 (86822175)|HEAP_ALLOCATE|[EXTERNAL]|Bytes:-4
18:49:01.3 (86837118)|HEAP_ALLOCATE|[514]|Bytes:5
18:49:01.3 (86859535)|HEAP_ALLOCATE|[514]|Bytes:32
18:49:01.3 (86867756)|VARIABLE_SCOPE_BEGIN|[514]|fper|FieldPermissions|true|false
18:49:01.3 (86889473)|VARIABLE_ASSIGNMENT|[514]|fper|{"s":1,"v":{"Id":"01k3600008wtgisAAA","Field":"shiva15testns__Expen (30 more) ...","ParentId":"0PS36000000q71PGAQ","SobjectType":"shiva15testns__Expen (5 more) ...","PermissionsEdit":true,"PermissionsRead":true,"Parent":{"s":2,"v":{"Name":"PermissionSet_Test_t (6 more) ...","Id":"0PS36000000q71PGAQ"}}}}|0x1f9bc321
18:49:01.3 (86894060)|STATEMENT_EXECUTE|[514]
18:49:01.3 (86895555)|STATEMENT_EXECUTE|[515]
18:49:01.3 (86915862)|ENTERING_MANAGED_PKG|
18:49:01.3 (86920747)|HEAP_ALLOCATE|[515]|Bytes:50
18:49:01.3 (86932952)|ENTERING_MANAGED_PKG|
18:49:01.3 (86937187)|HEAP_ALLOCATE|[EXTERNAL]|Bytes:-4
18:49:01.3 (86949345)|HEAP_ALLOCATE|[514]|Bytes:5
18:49:01.3 (86969862)|HEAP_ALLOCATE|[514]|Bytes:32
18:49:01.3 (86977675)|VARIABLE_SCOPE_BEGIN|[514]|fper|FieldPermissions|true|false
18:49:01.3 (86997787)|VARIABLE_ASSIGNMENT|[514]|fper|{"s":1,"v":{"Id":"01k3600008wtgitAAA","Field":"shiva15testns__Expen (34 more) ...","ParentId":"0PS36000000q71PGAQ","SobjectType":"shiva15testns__Expen (5 more) ...","PermissionsEdit":true,"PermissionsRead":true,"Parent":{"s":2,"v":{"Name":"PermissionSet_Test_t (6 more) ...","Id":"0PS36000000q71PGAQ"}}}}|0x759eeb23
18:49:01.3 (87002077)|STATEMENT_EXECUTE|[514]
18:49:01.3 (87004474)|STATEMENT_EXECUTE|[515]
18:49:01.3 (87023827)|ENTERING_MANAGED_PKG|
18:49:01.3 (87028581)|HEAP_ALLOCATE|[515]|Bytes:54
18:49:01.3 (87040804)|ENTERING_MANAGED_PKG|
18:49:01.3 (87044902)|HEAP_ALLOCATE|[EXTERNAL]|Bytes:-4
18:49:01.3 (87057299)|HEAP_ALLOCATE|[514]|Bytes:5
18:49:01.3 (87069390)|VARIABLE_ASSIGNMENT|[514]|fper|null|
18:49:01.3 (87072723)|STATEMENT_EXECUTE|[518]
18:49:01.3 (87078827)|HEAP_ALLOCATE|[518]|Bytes:4
18:49:01.3 (87090708)|ENTERING_MANAGED_PKG|
18:49:01.3 (87111542)|VARIABLE_SCOPE_BEGIN|[518]|individualObjectAllFieldsFinalList|List<shiva15testns.PermissionSetPortalControllers.FieldDetailsClass>|true|false
18:49:01.3 (87124013)|HEAP_ALLOCATE|[EXTERNAL]|Bytes:4
18:49:01.3 (87134484)|VARIABLE_ASSIGNMENT|[518]|individualObjectAllFieldsFinalList|{"s":1,"v":[]}|0x10151099
18:49:01.3 (87137820)|STATEMENT_EXECUTE|[520]
18:49:01.3 (87142479)|VARIABLE_SCOPE_BEGIN|[520]|fieldPermissionsObj|shiva15testns.PermissionSetPortalControllers.FieldPermissionsClass|true|false
18:49:01.3 (87147470)|VARIABLE_ASSIGNMENT|[520]|fieldPermissionsObj|null|
18:49:01.3 (87160298)|ENTERING_MANAGED_PKG|
18:49:01.3 (87188704)|HEAP_ALLOCATE|[522]|Bytes:5
18:49:01.3 (87200558)|HEAP_ALLOCATE|[522]|Bytes:16
18:49:01.3 (87207660)|VARIABLE_SCOPE_BEGIN|[522]|fieldClassObj|shiva15testns.PermissionSetPortalControllers.FieldDetailsClass|true|false
18:49:01.3 (87241147)|VARIABLE_ASSIGNMENT|[522]|fieldClassObj|{"fieldLabel":"Amount","fieldName":"shiva15testns__amoun (4 more) ..."}|0x4a19a4be
18:49:01.3 (87245376)|STATEMENT_EXECUTE|[522]
18:49:01.3 (87258089)|ENTERING_MANAGED_PKG|
18:49:01.3 (87282105)|STATEMENT_EXECUTE|[523]
18:49:01.3 (87284434)|STATEMENT_EXECUTE|[525]
18:49:01.3 (87288707)|HEAP_ALLOCATE|[525]|Bytes:36
18:49:01.3 (87304489)|ENTERING_MANAGED_PKG|
18:49:01.3 (87328851)|USER_DEBUG|[525]|DEBUG|fieldPermissionsListMap is not empty
18:49:01.3 (87335922)|STATEMENT_EXECUTE|[526]
18:49:01.3 (87348923)|ENTERING_MANAGED_PKG|
18:49:01.3 (87363920)|HEAP_ALLOCATE|[526]|Bytes:25
18:49:01.3 (87375517)|HEAP_ALLOCATE|[526]|Bytes:1
18:49:01.3 (87391943)|ENTERING_MANAGED_PKG|
18:49:01.3 (87395752)|HEAP_ALLOCATE|[526]|Bytes:24
18:49:01.3 (87409913)|HEAP_ALLOCATE|[526]|Bytes:50
18:49:01.3 (87415484)|VARIABLE_SCOPE_BEGIN|[526]|fieldNameFromAllFields|String|false|false
18:49:01.3 (87423991)|VARIABLE_ASSIGNMENT|[526]|fieldNameFromAllFields|"shiva15testns__expen (30 more) ..."
18:49:01.3 (87434432)|ENTERING_MANAGED_PKG|
18:49:01.3 (87462796)|STATEMENT_EXECUTE|[527]
18:49:01.3 (87465149)|STATEMENT_EXECUTE|[528]
18:49:01.3 (87469034)|HEAP_ALLOCATE|[528]|Bytes:50
18:49:01.3 (87477935)|HEAP_ALLOCATE|[528]|Bytes:100
18:49:01.3 (87490056)|ENTERING_MANAGED_PKG|
18:49:01.3 (87503406)|USER_DEBUG|[528]|DEBUG|fieldName have been compared and they are equal : shiva15testns__expense__c.shiva15testns__amount__c
18:49:01.3 (87510274)|STATEMENT_EXECUTE|[529]
18:49:01.3 (87519030)|ENTERING_MANAGED_PKG|
18:49:01.3 (87544826)|VARIABLE_SCOPE_BEGIN|[529]|fieldPer|FieldPermissions|true|false
18:49:01.3 (87566926)|VARIABLE_ASSIGNMENT|[529]|fieldPer|{"s":1,"v":{"Id":"01k3600008wtgirAAA","Field":"shiva15testns__Expen (30 more) ...","ParentId":"0PS36000000q71PGAQ","SobjectType":"shiva15testns__Expen (5 more) ...","PermissionsEdit":false,"PermissionsRead":true,"Parent":{"s":2,"v":{"Name":"PermissionSet_Test_t (6 more) ...","Id":"0PS36000000q71PGAQ"}}}}|0x404a1d7d
18:49:01.3 (87571533)|STATEMENT_EXECUTE|[530]
18:49:01.3 (87579388)|HEAP_ALLOCATE|[530]|Bytes:4
18:49:01.3 (87608413)|HEAP_ALLOCATE|[530]|Bytes:16
18:49:01.3 (87640246)|HEAP_ALLOCATE|[530]|Bytes:18
18:49:01.3 (87707419)|CONSTRUCTOR_ENTRY|[530]|01p36000005Jpvx|<init>(String,Boolean,Boolean)
18:49:01.3 (87746979)|VARIABLE_SCOPE_BEGIN|[1061]|this|shiva15testns.PermissionSetPortalControllers.FieldPermissionsClass|true|false
18:49:01.3 (87770961)|VARIABLE_ASSIGNMENT|[1061]|this|{}|0x28c5ddb
18:49:01.3 (87776248)|VARIABLE_SCOPE_BEGIN|[1061]|fieldPermissionsId|String|false|false
18:49:01.3 (87781683)|VARIABLE_ASSIGNMENT|[1061]|fieldPermissionsId|"01k3600008wtgirAAA"
18:49:01.3 (87784629)|VARIABLE_SCOPE_BEGIN|[1061]|fieldRead|Boolean|false|false
18:49:01.3 (87788365)|VARIABLE_ASSIGNMENT|[1061]|fieldRead|true
18:49:01.3 (87790806)|VARIABLE_SCOPE_BEGIN|[1061]|fieldEdit|Boolean|false|false
18:49:01.3 (87793718)|VARIABLE_ASSIGNMENT|[1061]|fieldEdit|false
18:49:01.3 (87797561)|STATEMENT_EXECUTE|[1052]
18:49:01.3 (87799164)|STATEMENT_EXECUTE|[1055]
18:49:01.3 (87800583)|STATEMENT_EXECUTE|[1057]
18:49:01.3 (87801872)|STATEMENT_EXECUTE|[1059]
18:49:01.3 (87818535)|STATEMENT_EXECUTE|[1061]
18:49:01.3 (87820391)|STATEMENT_EXECUTE|[1062]
18:49:01.3 (87831357)|VARIABLE_ASSIGNMENT|[1062]|this.fieldPermissionsId|"01k3600008wtgirAAA"|0x28c5ddb
18:49:01.3 (87834135)|STATEMENT_EXECUTE|[1063]
18:49:01.3 (87839595)|VARIABLE_ASSIGNMENT|[1063]|this.fieldRead|true|0x28c5ddb
18:49:01.3 (87841728)|STATEMENT_EXECUTE|[1064]
18:49:01.3 (87846263)|VARIABLE_ASSIGNMENT|[1064]|this.fieldEdit|false|0x28c5ddb
18:49:01.3 (87855528)|CONSTRUCTOR_EXIT|[530]|01p36000005Jpvx|<init>(String,Boolean,Boolean)
18:49:01.3 (87873006)|VARIABLE_ASSIGNMENT|[530]|fieldPermissionsObj|{"fieldEdit":false,"fieldPermissionsId":"01k3600008wtgirAAA","fieldRead":true}|0x28c5ddb
18:49:01.3 (87876974)|STATEMENT_EXECUTE|[537]
18:49:01.3 (87883514)|VARIABLE_ASSIGNMENT|[537]|this.fieldPermissions|0x28c5ddb|0x4a19a4be
18:49:01.3 (87885614)|STATEMENT_EXECUTE|[538]
18:49:01.3 (87898616)|ENTERING_MANAGED_PKG|
18:49:01.3 (87923848)|HEAP_ALLOCATE|[EXTERNAL]|Bytes:4
18:49:01.3 (87940159)|HEAP_ALLOCATE|[522]|Bytes:5
18:49:01.3 (87950739)|HEAP_ALLOCATE|[522]|Bytes:16
18:49:01.3 (87956765)|VARIABLE_SCOPE_BEGIN|[522]|fieldClassObj|shiva15testns.PermissionSetPortalControllers.FieldDetailsClass|true|false
18:49:01.3 (87977682)|VARIABLE_ASSIGNMENT|[522]|fieldClassObj|{"fieldLabel":"Client","fieldName":"shiva15testns__clien (4 more) ..."}|0x48bd5ed3
18:49:01.3 (87981808)|STATEMENT_EXECUTE|[522]
18:49:01.3 (87992787)|ENTERING_MANAGED_PKG|
18:49:01.3 (88002998)|STATEMENT_EXECUTE|[523]
18:49:01.3 (88005622)|STATEMENT_EXECUTE|[525]
18:49:01.3 (88013758)|ENTERING_MANAGED_PKG|
18:49:01.3 (88017301)|USER_DEBUG|[525]|DEBUG|fieldPermissionsListMap is not empty
18:49:01.3 (88022481)|STATEMENT_EXECUTE|[526]
18:49:01.3 (88032968)|ENTERING_MANAGED_PKG|
18:49:01.3 (88037241)|HEAP_ALLOCATE|[526]|Bytes:25
18:49:01.3 (88050426)|ENTERING_MANAGED_PKG|
18:49:01.3 (88053648)|HEAP_ALLOCATE|[526]|Bytes:24
18:49:01.3 (88062527)|HEAP_ALLOCATE|[526]|Bytes:50
18:49:01.3 (88067136)|VARIABLE_SCOPE_BEGIN|[526]|fieldNameFromAllFields|String|false|false
18:49:01.3 (88074999)|VARIABLE_ASSIGNMENT|[526]|fieldNameFromAllFields|"shiva15testns__expen (30 more) ..."
18:49:01.3 (88082934)|ENTERING_MANAGED_PKG|
18:49:01.3 (88089822)|STATEMENT_EXECUTE|[527]
18:49:01.3 (88091452)|STATEMENT_EXECUTE|[528]
18:49:01.3 (88096363)|HEAP_ALLOCATE|[528]|Bytes:100
18:49:01.3 (88104288)|ENTERING_MANAGED_PKG|
18:49:01.3 (88107116)|USER_DEBUG|[528]|DEBUG|fieldName have been compared and they are equal : shiva15testns__expense__c.shiva15testns__client__c
18:49:01.3 (88112173)|STATEMENT_EXECUTE|[529]
18:49:01.3 (88117599)|ENTERING_MANAGED_PKG|
18:49:01.3 (88127895)|VARIABLE_SCOPE_BEGIN|[529]|fieldPer|FieldPermissions|true|false
18:49:01.3 (88148679)|VARIABLE_ASSIGNMENT|[529]|fieldPer|{"s":1,"v":{"Id":"01k3600008wtgisAAA","Field":"shiva15testns__Expen (30 more) ...","ParentId":"0PS36000000q71PGAQ","SobjectType":"shiva15testns__Expen (5 more) ...","PermissionsEdit":true,"PermissionsRead":true,"Parent":{"s":2,"v":{"Name":"PermissionSet_Test_t (6 more) ...","Id":"0PS36000000q71PGAQ"}}}}|0x1f9bc321
18:49:01.3 (88152978)|STATEMENT_EXECUTE|[530]
18:49:01.3 (88157785)|HEAP_ALLOCATE|[530]|Bytes:16
18:49:01.3 (88168723)|HEAP_ALLOCATE|[530]|Bytes:18
18:49:01.3 (88183919)|CONSTRUCTOR_ENTRY|[530]|01p36000005Jpvx|<init>(String,Boolean,Boolean)
18:49:01.3 (88188930)|VARIABLE_SCOPE_BEGIN|[1061]|this|shiva15testns.PermissionSetPortalControllers.FieldPermissionsClass|true|false
18:49:01.3 (88204937)|VARIABLE_ASSIGNMENT|[1061]|this|{}|0x16fd7b5d
18:49:01.3 (88207694)|VARIABLE_SCOPE_BEGIN|[1061]|fieldPermissionsId|String|false|false
18:49:01.3 (88217377)|VARIABLE_ASSIGNMENT|[1061]|fieldPermissionsId|"01k3600008wtgisAAA"
18:49:01.3 (88219490)|VARIABLE_SCOPE_BEGIN|[1061]|fieldRead|Boolean|false|false
18:49:01.3 (88223017)|VARIABLE_ASSIGNMENT|[1061]|fieldRead|true
18:49:01.3 (88224647)|VARIABLE_SCOPE_BEGIN|[1061]|fieldEdit|Boolean|false|false
18:49:01.3 (88227163)|VARIABLE_ASSIGNMENT|[1061]|fieldEdit|true
18:49:01.3 (88229891)|STATEMENT_EXECUTE|[1052]
18:49:01.3 (88231227)|STATEMENT_EXECUTE|[1055]
18:49:01.3 (88233023)|STATEMENT_EXECUTE|[1057]
18:49:01.3 (88234336)|STATEMENT_EXECUTE|[1059]
18:49:01.3 (88245494)|STATEMENT_EXECUTE|[1061]
18:49:01.3 (88247094)|STATEMENT_EXECUTE|[1062]
18:49:01.3 (88254867)|VARIABLE_ASSIGNMENT|[1062]|this.fieldPermissionsId|"01k3600008wtgisAAA"|0x16fd7b5d
18:49:01.3 (88257139)|STATEMENT_EXECUTE|[1063]
18:49:01.3 (88261744)|VARIABLE_ASSIGNMENT|[1063]|this.fieldRead|true|0x16fd7b5d
18:49:01.3 (88263652)|STATEMENT_EXECUTE|[1064]
18:49:01.3 (88267528)|VARIABLE_ASSIGNMENT|[1064]|this.fieldEdit|true|0x16fd7b5d
18:49:01.3 (88276499)|CONSTRUCTOR_EXIT|[530]|01p36000005Jpvx|<init>(String,Boolean,Boolean)
18:49:01.3 (88293385)|VARIABLE_ASSIGNMENT|[530]|fieldPermissionsObj|{"fieldEdit":true,"fieldPermissionsId":"01k3600008wtgisAAA","fieldRead":true}|0x16fd7b5d
18:49:01.3 (88297168)|STATEMENT_EXECUTE|[537]
18:49:01.3 (88302882)|VARIABLE_ASSIGNMENT|[537]|this.fieldPermissions|0x16fd7b5d|0x48bd5ed3
18:49:01.3 (88304806)|STATEMENT_EXECUTE|[538]
18:49:01.3 (88315733)|ENTERING_MANAGED_PKG|
18:49:01.3 (88319897)|HEAP_ALLOCATE|[EXTERNAL]|Bytes:4
18:49:01.3 (88333392)|HEAP_ALLOCATE|[522]|Bytes:5
18:49:01.3 (88343694)|HEAP_ALLOCATE|[522]|Bytes:16
18:49:01.3 (88349491)|VARIABLE_SCOPE_BEGIN|[522]|fieldClassObj|shiva15testns.PermissionSetPortalControllers.FieldDetailsClass|true|false
18:49:01.3 (88368073)|VARIABLE_ASSIGNMENT|[522]|fieldClassObj|{"fieldLabel":"Date","fieldName":"shiva15testns__date_ (2 more) ..."}|0x4017dfd5
18:49:01.3 (88371823)|STATEMENT_EXECUTE|[522]
18:49:01.3 (88382375)|ENTERING_MANAGED_PKG|
18:49:01.3 (88392152)|STATEMENT_EXECUTE|[523]
18:49:01.3 (88393826)|STATEMENT_EXECUTE|[525]
18:49:01.3 (88401585)|ENTERING_MANAGED_PKG|
18:49:01.3 (88404817)|USER_DEBUG|[525]|DEBUG|fieldPermissionsListMap is not empty
18:49:01.3 (88409951)|STATEMENT_EXECUTE|[526]
18:49:01.3 (88420456)|ENTERING_MANAGED_PKG|
18:49:01.3 (88424488)|HEAP_ALLOCATE|[526]|Bytes:25
18:49:01.3 (88437732)|ENTERING_MANAGED_PKG|
18:49:01.3 (88440896)|HEAP_ALLOCATE|[526]|Bytes:22
18:49:01.3 (88449565)|HEAP_ALLOCATE|[526]|Bytes:48
18:49:01.3 (88453775)|VARIABLE_SCOPE_BEGIN|[526]|fieldNameFromAllFields|String|false|false
18:49:01.3 (88461517)|VARIABLE_ASSIGNMENT|[526]|fieldNameFromAllFields|"shiva15testns__expen (28 more) ..."
18:49:01.3 (88469356)|ENTERING_MANAGED_PKG|
18:49:01.3 (88476149)|STATEMENT_EXECUTE|[533]
18:49:01.3 (88477818)|STATEMENT_EXECUTE|[534]
18:49:01.3 (88481209)|HEAP_ALLOCATE|[534]|Bytes:50
18:49:01.3 (88487835)|HEAP_ALLOCATE|[534]|Bytes:98
18:49:01.3 (88497398)|ENTERING_MANAGED_PKG|
18:49:01.3 (88512653)|USER_DEBUG|[534]|DEBUG|fieldName have been compared and they NOT equal : shiva15testns__expense__c.shiva15testns__date__c
18:49:01.3 (88519018)|STATEMENT_EXECUTE|[535]
18:49:01.3 (88524449)|HEAP_ALLOCATE|[535]|Bytes:16
18:49:01.3 (88536436)|CONSTRUCTOR_ENTRY|[535]|01p36000005Jpvx|<init>(String,Boolean,Boolean)
18:49:01.3 (88552848)|VARIABLE_SCOPE_BEGIN|[1061]|this|shiva15testns.PermissionSetPortalControllers.FieldPermissionsClass|true|false
18:49:01.3 (88569092)|VARIABLE_ASSIGNMENT|[1061]|this|{}|0x2e5430c3
18:49:01.3 (88571783)|VARIABLE_SCOPE_BEGIN|[1061]|fieldPermissionsId|String|false|false
18:49:01.3 (88575241)|VARIABLE_ASSIGNMENT|[1061]|fieldPermissionsId|null
18:49:01.3 (88579249)|VARIABLE_SCOPE_BEGIN|[1061]|fieldRead|Boolean|false|false
18:49:01.3 (88582428)|VARIABLE_ASSIGNMENT|[1061]|fieldRead|false
18:49:01.3 (88584547)|VARIABLE_SCOPE_BEGIN|[1061]|fieldEdit|Boolean|false|false
18:49:01.3 (88586955)|VARIABLE_ASSIGNMENT|[1061]|fieldEdit|false
18:49:01.3 (88589612)|STATEMENT_EXECUTE|[1052]
18:49:01.3 (88591000)|STATEMENT_EXECUTE|[1055]
18:49:01.3 (88592416)|STATEMENT_EXECUTE|[1057]
18:49:01.3 (88593593)|STATEMENT_EXECUTE|[1059]
18:49:01.3 (88604256)|STATEMENT_EXECUTE|[1061]
18:49:01.3 (88605861)|STATEMENT_EXECUTE|[1062]
18:49:01.3 (88612117)|VARIABLE_ASSIGNMENT|[1062]|this.fieldPermissionsId|null|0x2e5430c3
18:49:01.3 (88614224)|STATEMENT_EXECUTE|[1063]
18:49:01.3 (88617237)|HEAP_ALLOCATE|[1063]|Bytes:5
18:49:01.3 (88622743)|VARIABLE_ASSIGNMENT|[1063]|this.fieldRead|false|0x2e5430c3
18:49:01.3 (88624905)|STATEMENT_EXECUTE|[1064]
18:49:01.3 (88627359)|HEAP_ALLOCATE|[1064]|Bytes:5
18:49:01.3 (88631821)|VARIABLE_ASSIGNMENT|[1064]|this.fieldEdit|false|0x2e5430c3
18:49:01.3 (88640777)|CONSTRUCTOR_EXIT|[535]|01p36000005Jpvx|<init>(String,Boolean,Boolean)
18:49:01.3 (88655999)|VARIABLE_ASSIGNMENT|[535]|fieldPermissionsObj|{"fieldEdit":false,"fieldRead":false}|0x2e5430c3
18:49:01.3 (88659433)|STATEMENT_EXECUTE|[537]
18:49:01.3 (88669562)|VARIABLE_ASSIGNMENT|[537]|this.fieldPermissions|0x2e5430c3|0x4017dfd5
18:49:01.3 (88671618)|STATEMENT_EXECUTE|[538]
18:49:01.3 (88682756)|ENTERING_MANAGED_PKG|
18:49:01.3 (88686825)|HEAP_ALLOCATE|[EXTERNAL]|Bytes:4
18:49:01.3 (88699843)|HEAP_ALLOCATE|[522]|Bytes:5
18:49:01.3 (88709436)|HEAP_ALLOCATE|[522]|Bytes:16
18:49:01.3 (88715338)|VARIABLE_SCOPE_BEGIN|[522]|fieldClassObj|shiva15testns.PermissionSetPortalControllers.FieldDetailsClass|true|false
18:49:01.3 (88734503)|VARIABLE_ASSIGNMENT|[522]|fieldClassObj|{"fieldLabel":"Reimbursed?","fieldName":"shiva15testns__reimb (8 more) ..."}|0x5c2fbc13
18:49:01.3 (88738439)|STATEMENT_EXECUTE|[522]
18:49:01.3 (88748718)|ENTERING_MANAGED_PKG|
18:49:01.3 (88776012)|STATEMENT_EXECUTE|[523]
18:49:01.3 (88778344)|STATEMENT_EXECUTE|[525]
18:49:01.3 (88787836)|ENTERING_MANAGED_PKG|
18:49:01.3 (88791417)|USER_DEBUG|[525]|DEBUG|fieldPermissionsListMap is not empty
18:49:01.3 (88796754)|STATEMENT_EXECUTE|[526]
18:49:01.3 (88807639)|ENTERING_MANAGED_PKG|
18:49:01.3 (88811896)|HEAP_ALLOCATE|[526]|Bytes:25
18:49:01.3 (88825359)|ENTERING_MANAGED_PKG|
18:49:01.3 (88828613)|HEAP_ALLOCATE|[526]|Bytes:28
18:49:01.3 (88837520)|HEAP_ALLOCATE|[526]|Bytes:54
18:49:01.3 (88841801)|VARIABLE_SCOPE_BEGIN|[526]|fieldNameFromAllFields|String|false|false
18:49:01.3 (88849523)|VARIABLE_ASSIGNMENT|[526]|fieldNameFromAllFields|"shiva15testns__expen (34 more) ..."
18:49:01.3 (88857302)|ENTERING_MANAGED_PKG|
18:49:01.3 (88864121)|STATEMENT_EXECUTE|[527]
18:49:01.3 (88865757)|STATEMENT_EXECUTE|[528]
18:49:01.3 (88870720)|HEAP_ALLOCATE|[528]|Bytes:104
18:49:01.3 (88878785)|ENTERING_MANAGED_PKG|
18:49:01.3 (88881547)|USER_DEBUG|[528]|DEBUG|fieldName have been compared and they are equal : shiva15testns__expense__c.shiva15testns__reimbursed__c
18:49:01.3 (88886829)|STATEMENT_EXECUTE|[529]
18:49:01.3 (88892167)|ENTERING_MANAGED_PKG|
18:49:01.3 (88902949)|VARIABLE_SCOPE_BEGIN|[529]|fieldPer|FieldPermissions|true|false
18:49:01.3 (88923763)|VARIABLE_ASSIGNMENT|[529]|fieldPer|{"s":1,"v":{"Id":"01k3600008wtgitAAA","Field":"shiva15testns__Expen (34 more) ...","ParentId":"0PS36000000q71PGAQ","SobjectType":"shiva15testns__Expen (5 more) ...","PermissionsEdit":true,"PermissionsRead":true,"Parent":{"s":2,"v":{"Name":"PermissionSet_Test_t (6 more) ...","Id":"0PS36000000q71PGAQ"}}}}|0x759eeb23
18:49:01.3 (88927579)|STATEMENT_EXECUTE|[530]
18:49:01.3 (88932507)|HEAP_ALLOCATE|[530]|Bytes:16
18:49:01.3 (88943163)|HEAP_ALLOCATE|[530]|Bytes:18
18:49:01.3 (88957927)|CONSTRUCTOR_ENTRY|[530]|01p36000005Jpvx|<init>(String,Boolean,Boolean)
18:49:01.3 (88962679)|VARIABLE_SCOPE_BEGIN|[1061]|this|shiva15testns.PermissionSetPortalControllers.FieldPermissionsClass|true|false
18:49:01.3 (88977762)|VARIABLE_ASSIGNMENT|[1061]|this|{}|0x4844a7b8
18:49:01.3 (88980425)|VARIABLE_SCOPE_BEGIN|[1061]|fieldPermissionsId|String|false|false
18:49:01.3 (88984838)|VARIABLE_ASSIGNMENT|[1061]|fieldPermissionsId|"01k3600008wtgitAAA"
18:49:01.3 (88986707)|VARIABLE_SCOPE_BEGIN|[1061]|fieldRead|Boolean|false|false
18:49:01.3 (88990384)|VARIABLE_ASSIGNMENT|[1061]|fieldRead|true
18:49:01.3 (88992019)|VARIABLE_SCOPE_BEGIN|[1061]|fieldEdit|Boolean|false|false
18:49:01.3 (88994579)|VARIABLE_ASSIGNMENT|[1061]|fieldEdit|true
18:49:01.3 (88997236)|STATEMENT_EXECUTE|[1052]
18:49:01.3 (88998526)|STATEMENT_EXECUTE|[1055]
18:49:01.3 (88999926)|STATEMENT_EXECUTE|[1057]
18:49:01.3 (89001224)|STATEMENT_EXECUTE|[1059]
18:49:01.3 (89012956)|STATEMENT_EXECUTE|[1061]
18:49:01.3 (89014542)|STATEMENT_EXECUTE|[1062]
18:49:01.3 (89021823)|VARIABLE_ASSIGNMENT|[1062]|this.fieldPermissionsId|"01k3600008wtgitAAA"|0x4844a7b8
18:49:01.3 (89024099)|STATEMENT_EXECUTE|[1063]
18:49:01.3 (89028729)|VARIABLE_ASSIGNMENT|[1063]|this.fieldRead|true|0x4844a7b8
18:49:01.3 (89030609)|STATEMENT_EXECUTE|[1064]
18:49:01.3 (89034339)|VARIABLE_ASSIGNMENT|[1064]|this.fieldEdit|true|0x4844a7b8
18:49:01.3 (89042750)|CONSTRUCTOR_EXIT|[530]|01p36000005Jpvx|<init>(String,Boolean,Boolean)
18:49:01.3 (89058105)|VARIABLE_ASSIGNMENT|[530]|fieldPermissionsObj|{"fieldEdit":true,"fieldPermissionsId":"01k3600008wtgitAAA","fieldRead":true}|0x4844a7b8
18:49:01.3 (89061761)|STATEMENT_EXECUTE|[537]
18:49:01.3 (89067092)|VARIABLE_ASSIGNMENT|[537]|this.fieldPermissions|0x4844a7b8|0x5c2fbc13
18:49:01.3 (89068904)|STATEMENT_EXECUTE|[538]
18:49:01.3 (89079594)|ENTERING_MANAGED_PKG|
18:49:01.3 (89083532)|HEAP_ALLOCATE|[EXTERNAL]|Bytes:4
18:49:01.3 (89096624)|HEAP_ALLOCATE|[522]|Bytes:5
18:49:01.3 (89107196)|VARIABLE_ASSIGNMENT|[522]|fieldClassObj|null|
18:49:01.3 (89110104)|STATEMENT_EXECUTE|[548]
18:49:01.3 (89113824)|HEAP_ALLOCATE|[548]|Bytes:37
18:49:01.3 (89131828)|ENTERING_MANAGED_PKG|
18:49:01.3 (89251560)|HEAP_ALLOCATE|[548]|Bytes:742
18:49:01.3 (89268710)|HEAP_ALLOCATE|[548]|Bytes:779
18:49:01.3 (89281408)|ENTERING_MANAGED_PKG|
18:49:01.3 (89285273)|USER_DEBUG|[548]|DEBUG|individualObjectAllFieldsFinalList : (FieldDetailsClass:[fieldLabel=Amount, fieldName=shiva15testns__amount__c, fieldPermissions=FieldPermissionsClass:[fieldEdit=false, fieldPermissionsId=01k3600008wtgirAAA, fieldRead=true]], FieldDetailsClass:[fieldLabel=Client, fieldName=shiva15testns__client__c, fieldPermissions=FieldPermissionsClass:[fieldEdit=true, fieldPermissionsId=01k3600008wtgisAAA, fieldRead=true]], FieldDetailsClass:[fieldLabel=Date, fieldName=shiva15testns__date__c, fieldPermissions=FieldPermissionsClass:[fieldEdit=false, fieldPermissionsId=null, fieldRead=false]], FieldDetailsClass:[fieldLabel=Reimbursed?, fieldName=shiva15testns__reimbursed__c, fieldPermissions=FieldPermissionsClass:[fieldEdit=true, fieldPermissionsId=01k3600008wtgitAAA, fieldRead=true]])
18:49:01.3 (89295631)|STATEMENT_EXECUTE|[549]
18:49:01.3 (89305913)|METHOD_EXIT|[460]|01p36000005Jpvx|shiva15testns.PermissionSetPortalControllers.getFieldPermissions(String, String, List<shiva15testns.PermissionSetPortalControllers.FieldDetailsClass>)
18:49:01.3 (89314165)|SYSTEM_MODE_EXIT|false
18:49:01.89 (89362676)|CUMULATIVE_LIMIT_USAGE
18:49:01.89 (89362676)|LIMIT_USAGE_FOR_NS|(default)|
  Number of SOQL queries: 0 out of 100
  Number of query rows: 0 out of 50000
  Number of SOSL queries: 0 out of 20
  Number of DML statements: 0 out of 150
  Number of DML rows: 0 out of 10000
  Maximum CPU time: 0 out of 10000
  Maximum heap size: 0 out of 6000000
  Number of callouts: 0 out of 100
  Number of Email Invocations: 0 out of 10
  Number of future calls: 0 out of 50
  Number of queueable jobs added to the queue: 0 out of 50
  Number of Mobile Apex push calls: 0 out of 10

18:49:01.89 (89362676)|LIMIT_USAGE_FOR_NS|shiva15testns|
  Number of SOQL queries: 1 out of 100
  Number of query rows: 3 out of 50000
  Number of SOSL queries: 0 out of 20
  Number of DML statements: 0 out of 150
  Number of DML rows: 0 out of 10000
  Maximum CPU time: 0 out of 10000
  Maximum heap size: 0 out of 6000000
  Number of callouts: 0 out of 100
  Number of Email Invocations: 0 out of 10
  Number of future calls: 0 out of 50
  Number of queueable jobs added to the queue: 0 out of 50
  Number of Mobile Apex push calls: 0 out of 10

18:49:01.89 (89362676)|CUMULATIVE_LIMIT_USAGE_END

18:49:01.3 (89427381)|CODE_UNIT_FINISHED|PermissionSetPortalControllers.getAllFieldData
18:49:01.92 (92118997)|CODE_UNIT_STARTED|[EXTERNAL]|Aura
18:49:01.92 (93968105)|CODE_UNIT_STARTED|[EXTERNAL]|Aura
18:49:01.92 (94003600)|CODE_UNIT_FINISHED|Aura
18:49:01.92 (94020329)|CODE_UNIT_FINISHED|Aura
18:49:01.95 (95388858)|CODE_UNIT_STARTED|[EXTERNAL]|Aura
18:49:01.95 (96868494)|CODE_UNIT_STARTED|[EXTERNAL]|Aura
18:49:01.95 (96900345)|CODE_UNIT_FINISHED|Aura
18:49:01.95 (96915475)|CODE_UNIT_FINISHED|Aura
18:49:01.98 (98210914)|CODE_UNIT_STARTED|[EXTERNAL]|Aura
18:49:01.98 (99325257)|CODE_UNIT_STARTED|[EXTERNAL]|Aura
18:49:01.98 (99354290)|CODE_UNIT_FINISHED|Aura
18:49:01.98 (99369492)|CODE_UNIT_FINISHED|Aura
18:49:01.101 (101280735)|CODE_UNIT_STARTED|[EXTERNAL]|Aura
18:49:01.101 (103985938)|CODE_UNIT_STARTED|[EXTERNAL]|Aura
18:49:01.101 (104016061)|CODE_UNIT_FINISHED|Aura
18:49:01.101 (104031090)|CODE_UNIT_FINISHED|Aura
