36.0 APEX_CODE,FINEST;APEX_PROFILING,INFO;CALLOUT,INFO;DB,INFO;SYSTEM,DEBUG;VALIDATION,INFO;VISUALFORCE,INFO;WORKFLOW,INFO
18:26:43.0 (578830)|EXECUTION_STARTED
18:26:43.0 (612869)|CODE_UNIT_STARTED|[EXTERNAL]|01p36000005Jpvx|PermissionSetPortalControllers.getAllPermissionSets
18:26:43.0 (1318037)|VARIABLE_SCOPE_BEGIN|[3]|PermissionSetPortalControllers.AllPermissionSets|List<PermissionSet>|true|true
18:26:43.0 (1342419)|VARIABLE_SCOPE_BEGIN|[10]|PermissionSetPortalControllers.accountField|Set<String>|true|true
18:26:43.0 (1349458)|VARIABLE_SCOPE_BEGIN|[5]|PermissionSetPortalControllers.allObjectsOfOrg|List<shiva15testns.PermissionSetPortalControllers.ObjectDetailsClass>|true|true
18:26:43.0 (1355129)|VARIABLE_SCOPE_BEGIN|[9]|PermissionSetPortalControllers.contactsField|Set<String>|true|true
18:26:43.0 (1359569)|VARIABLE_SCOPE_BEGIN|[7]|PermissionSetPortalControllers.isNotSystemSObjectList|Set<String>|true|true
18:26:43.0 (1532006)|HEAP_ALLOCATE|[72]|Bytes:3
18:26:43.0 (1597623)|HEAP_ALLOCATE|[77]|Bytes:152
18:26:43.0 (1619882)|HEAP_ALLOCATE|[342]|Bytes:408
18:26:43.0 (1638909)|HEAP_ALLOCATE|[355]|Bytes:408
18:26:43.0 (1656222)|HEAP_ALLOCATE|[467]|Bytes:48
18:26:43.0 (1690628)|HEAP_ALLOCATE|[139]|Bytes:6
18:26:43.0 (1718629)|HEAP_ALLOCATE|[EXTERNAL]|Bytes:168
18:26:43.0 (1725249)|HEAP_ALLOCATE|[EXTERNAL]|Bytes:68
18:26:43.0 (1729549)|HEAP_ALLOCATE|[EXTERNAL]|Bytes:250
18:26:43.0 (1748918)|METHOD_ENTRY|[1]|01p36000005Jpvx|PermissionSetPortalControllers.PermissionSetPortalControllers()
18:26:43.0 (1753640)|STATEMENT_EXECUTE|[1]
18:26:43.0 (1760905)|STATEMENT_EXECUTE|[1]
18:26:43.0 (1794479)|HEAP_ALLOCATE|[50]|Bytes:5
18:26:43.0 (1822174)|HEAP_ALLOCATE|[56]|Bytes:5
18:26:43.0 (1831252)|HEAP_ALLOCATE|[64]|Bytes:7
18:26:43.0 (1856190)|SYSTEM_MODE_ENTER|false
18:26:43.0 (1873541)|HEAP_ALLOCATE|[9]|Bytes:5
18:26:43.0 (1878018)|STATEMENT_EXECUTE|[9]
18:26:43.0 (1886016)|HEAP_ALLOCATE|[9]|Bytes:4
18:26:43.0 (1925959)|ENTERING_MANAGED_PKG|
18:26:43.0 (2029591)|VARIABLE_ASSIGNMENT|[9]|PermissionSetPortalControllers.contactsField|{"s":1,"v":[]}|0x583b4bd
18:26:43.0 (2035570)|STATEMENT_EXECUTE|[10]
18:26:43.0 (2040746)|HEAP_ALLOCATE|[10]|Bytes:4
18:26:43.0 (2054681)|ENTERING_MANAGED_PKG|
18:26:43.0 (2089905)|VARIABLE_ASSIGNMENT|[10]|PermissionSetPortalControllers.accountField|{"s":1,"v":[]}|0x6a2a8b2c
18:26:43.0 (2094180)|STATEMENT_EXECUTE|[954]
18:26:43.0 (2096104)|STATEMENT_EXECUTE|[983]
18:26:43.0 (2097361)|STATEMENT_EXECUTE|[1011]
18:26:43.0 (2098995)|STATEMENT_EXECUTE|[1040]
18:26:43.0 (2100394)|STATEMENT_EXECUTE|[1056]
18:26:43.0 (2101594)|STATEMENT_EXECUTE|[1073]
18:26:43.0 (2102867)|STATEMENT_EXECUTE|[1084]
18:26:43.0 (2104065)|STATEMENT_EXECUTE|[1089]
18:26:43.0 (2112321)|SYSTEM_MODE_EXIT|false
18:26:43.0 (2124802)|METHOD_EXIT|[1]|PermissionSetPortalControllers
18:26:43.0 (2135386)|SYSTEM_MODE_ENTER|false
18:26:43.0 (2152914)|HEAP_ALLOCATE|[147]|Bytes:5
18:26:43.0 (2157319)|STATEMENT_EXECUTE|[146]
18:26:43.0 (2158988)|STATEMENT_EXECUTE|[147]
18:26:43.0 (2160031)|STATEMENT_EXECUTE|[147]
18:26:43.0 (2161214)|STATEMENT_EXECUTE|[148]
18:26:43.0 (2164764)|HEAP_ALLOCATE|[148]|Bytes:99
18:26:43.0 (2176470)|HEAP_ALLOCATE|[148]|Bytes:4
18:26:43.0 (2859155)|SOQL_EXECUTE_BEGIN|[148]|Aggregations:0|SELECT Id, label, Name, Description, NamespacePrefix, UserLicenseId, CreatedDate FROM PermissionSet
18:26:43.0 (6203652)|SOQL_EXECUTE_END|[148]|Rows:37
18:26:43.0 (6223229)|HEAP_ALLOCATE|[148]|Bytes:152
18:26:43.0 (6315834)|HEAP_ALLOCATE|[148]|Bytes:6569
18:26:43.0 (6351851)|HEAP_ALLOCATE|[148]|Bytes:152
18:26:43.0 (6378651)|VARIABLE_ASSIGNMENT|[148]|PermissionSetPortalControllers.AllPermissionSets|{"s":1,"v":"List of size 37 too large to display"}|0x2768585a
18:26:43.0 (6463009)|ENTERING_MANAGED_PKG|
18:26:43.0 (6496303)|STATEMENT_EXECUTE|[149]
18:26:43.0 (6498904)|STATEMENT_EXECUTE|[150]
18:26:43.0 (6642968)|VARIABLE_SCOPE_BEGIN|[150]|pSetObj|shiva15testns.PermissionSetPortalControllers.PermissionSetClass|true|false
18:26:43.0 (6655513)|VARIABLE_ASSIGNMENT|[150]|pSetObj|null|
18:26:43.0 (6658241)|STATEMENT_EXECUTE|[151]
18:26:43.0 (6665009)|HEAP_ALLOCATE|[151]|Bytes:4
18:26:43.0 (6709955)|ENTERING_MANAGED_PKG|
18:26:43.0 (6728492)|VARIABLE_SCOPE_BEGIN|[151]|permissionSetsLst|List<shiva15testns.PermissionSetPortalControllers.PermissionSetClass>|true|false
18:26:43.0 (6753244)|HEAP_ALLOCATE|[EXTERNAL]|Bytes:4
18:26:43.0 (6766299)|VARIABLE_ASSIGNMENT|[151]|permissionSetsLst|{"s":1,"v":[]}|0x38880f0a
18:26:43.0 (6783652)|ENTERING_MANAGED_PKG|
18:26:43.0 (7006144)|HEAP_ALLOCATE|[152]|Bytes:5
18:26:43.0 (7048462)|HEAP_ALLOCATE|[152]|Bytes:28
18:26:43.0 (7060882)|VARIABLE_SCOPE_BEGIN|[152]|PSetName|PermissionSet|true|false
18:26:43.0 (7113160)|VARIABLE_ASSIGNMENT|[152]|PSetName|{"s":1,"v":{"Id":"0PS36000000mmnFGAQ","Label":"00e1a000000MWa8AAG","Name":"X00e1a000000MWa8AAG","NamespacePrefix":"shiva15testns","UserLicenseId":"10036000000eSpzAAE","CreatedDate":"2016-03-08T19:00:02.000Z"}}|0x1920218b
18:26:43.0 (7120364)|STATEMENT_EXECUTE|[152]
18:26:43.0 (7151227)|HEAP_ALLOCATE|[153]|Bytes:3
18:26:43.0 (7185899)|ENTERING_MANAGED_PKG|
18:26:43.0 (7218692)|STATEMENT_EXECUTE|[153]
18:26:43.0 (7231923)|HEAP_ALLOCATE|[152]|Bytes:5
18:26:43.0 (7255053)|HEAP_ALLOCATE|[152]|Bytes:28
18:26:43.0 (7263643)|VARIABLE_SCOPE_BEGIN|[152]|PSetName|PermissionSet|true|false
18:26:43.0 (7290746)|VARIABLE_ASSIGNMENT|[152]|PSetName|{"s":1,"v":{"Id":"0PS36000000mmnGGAQ","Label":"00ex00000018ozl_128_ (10 more) ...","Name":"X00ex00000018ozl_128 (11 more) ...","NamespacePrefix":"shiva15testns","UserLicenseId":"10036000000eSpyAAE","CreatedDate":"2016-03-08T19:00:02.000Z"}}|0x4a4c8796
18:26:43.0 (7296261)|STATEMENT_EXECUTE|[152]
18:26:43.0 (7318705)|ENTERING_MANAGED_PKG|
18:26:43.0 (7328496)|STATEMENT_EXECUTE|[153]
18:26:43.0 (7339506)|HEAP_ALLOCATE|[152]|Bytes:5
18:26:43.0 (7360409)|HEAP_ALLOCATE|[152]|Bytes:28
18:26:43.0 (7368466)|VARIABLE_SCOPE_BEGIN|[152]|PSetName|PermissionSet|true|false
18:26:43.0 (7392402)|VARIABLE_ASSIGNMENT|[152]|PSetName|{"s":1,"v":{"Id":"0PS36000000mmnHGAQ","Label":"00ex00000018ozm_128_ (10 more) ...","Name":"X00ex00000018ozm_128 (11 more) ...","NamespacePrefix":"shiva15testns","UserLicenseId":"10036000000eSpyAAE","CreatedDate":"2016-03-08T19:00:02.000Z"}}|0x74e2f51f
18:26:43.0 (7397124)|STATEMENT_EXECUTE|[152]
18:26:43.0 (7417919)|ENTERING_MANAGED_PKG|
18:26:43.0 (7427235)|STATEMENT_EXECUTE|[153]
18:26:43.0 (7438377)|HEAP_ALLOCATE|[152]|Bytes:5
18:26:43.0 (7458278)|HEAP_ALLOCATE|[152]|Bytes:28
18:26:43.0 (7466073)|VARIABLE_SCOPE_BEGIN|[152]|PSetName|PermissionSet|true|false
18:26:43.0 (7489210)|VARIABLE_ASSIGNMENT|[152]|PSetName|{"s":1,"v":{"Id":"0PS36000000mmnIGAQ","Label":"00ex00000018ozk_128_ (10 more) ...","Name":"X00ex00000018ozk_128 (11 more) ...","NamespacePrefix":"shiva15testns","UserLicenseId":"10036000000eSpyAAE","CreatedDate":"2016-03-08T19:00:02.000Z"}}|0x4fa1d3d4
18:26:43.0 (7493930)|STATEMENT_EXECUTE|[152]
18:26:43.0 (7514333)|ENTERING_MANAGED_PKG|
18:26:43.0 (7523500)|STATEMENT_EXECUTE|[153]
18:26:43.0 (7534199)|HEAP_ALLOCATE|[152]|Bytes:5
18:26:43.0 (7553641)|HEAP_ALLOCATE|[152]|Bytes:28
18:26:43.0 (7561321)|VARIABLE_SCOPE_BEGIN|[152]|PSetName|PermissionSet|true|false
18:26:43.0 (7583963)|VARIABLE_ASSIGNMENT|[152]|PSetName|{"s":1,"v":{"Id":"0PS36000000mmnJGAQ","Label":"00ex00000018ozj_128_ (10 more) ...","Name":"X00ex00000018ozj_128 (11 more) ...","NamespacePrefix":"shiva15testns","UserLicenseId":"10036000000eSpyAAE","CreatedDate":"2016-03-08T19:00:02.000Z"}}|0x57158fd2
18:26:43.0 (7588210)|STATEMENT_EXECUTE|[152]
18:26:43.0 (7613897)|ENTERING_MANAGED_PKG|
18:26:43.0 (7623614)|STATEMENT_EXECUTE|[153]
18:26:43.0 (7634234)|HEAP_ALLOCATE|[152]|Bytes:5
18:26:43.0 (7653643)|HEAP_ALLOCATE|[152]|Bytes:28
18:26:43.0 (7661453)|VARIABLE_SCOPE_BEGIN|[152]|PSetName|PermissionSet|true|false
18:26:43.0 (7684159)|VARIABLE_ASSIGNMENT|[152]|PSetName|{"s":1,"v":{"Id":"0PS36000000mmnKGAQ","Label":"00ex00000018ozo_128_ (10 more) ...","Name":"X00ex00000018ozo_128 (11 more) ...","NamespacePrefix":"shiva15testns","UserLicenseId":"10036000000eSpyAAE","CreatedDate":"2016-03-08T19:00:02.000Z"}}|0x794bd291
18:26:43.0 (7688905)|STATEMENT_EXECUTE|[152]
18:26:43.0 (7709324)|ENTERING_MANAGED_PKG|
18:26:43.0 (7718440)|STATEMENT_EXECUTE|[153]
18:26:43.0 (7728835)|HEAP_ALLOCATE|[152]|Bytes:5
18:26:43.0 (7748286)|HEAP_ALLOCATE|[152]|Bytes:28
18:26:43.0 (7755939)|VARIABLE_SCOPE_BEGIN|[152]|PSetName|PermissionSet|true|false
18:26:43.0 (7778005)|VARIABLE_ASSIGNMENT|[152]|PSetName|{"s":1,"v":{"Id":"0PS36000000mmnLGAQ","Label":"00ex00000018ozh_128_ (10 more) ...","Name":"X00ex00000018ozh_128 (11 more) ...","NamespacePrefix":"shiva15testns","UserLicenseId":"10036000000eSpyAAE","CreatedDate":"2016-03-08T19:00:02.000Z"}}|0x1ae28aaa
18:26:43.0 (7782332)|STATEMENT_EXECUTE|[152]
18:26:43.0 (7802678)|ENTERING_MANAGED_PKG|
18:26:43.0 (7811948)|STATEMENT_EXECUTE|[153]
18:26:43.0 (7822506)|HEAP_ALLOCATE|[152]|Bytes:5
18:26:43.0 (7841839)|HEAP_ALLOCATE|[152]|Bytes:28
18:26:43.0 (7849504)|VARIABLE_SCOPE_BEGIN|[152]|PSetName|PermissionSet|true|false
18:26:43.0 (7872026)|VARIABLE_ASSIGNMENT|[152]|PSetName|{"s":1,"v":{"Id":"0PS36000000mmnMGAQ","Label":"00ex00000018ozq_128_ (11 more) ...","Name":"X00ex00000018ozq_128 (12 more) ...","NamespacePrefix":"shiva15testns","UserLicenseId":"10036000000eSpyAAE","CreatedDate":"2016-03-08T19:00:02.000Z"}}|0x5b9cc551
18:26:43.0 (7876374)|STATEMENT_EXECUTE|[152]
18:26:43.0 (7896453)|ENTERING_MANAGED_PKG|
18:26:43.0 (7905642)|STATEMENT_EXECUTE|[153]
18:26:43.0 (7915862)|HEAP_ALLOCATE|[152]|Bytes:5
18:26:43.0 (7934776)|HEAP_ALLOCATE|[152]|Bytes:28
18:26:43.0 (7942366)|VARIABLE_SCOPE_BEGIN|[152]|PSetName|PermissionSet|true|false
18:26:43.0 (7964544)|VARIABLE_ASSIGNMENT|[152]|PSetName|{"s":1,"v":{"Id":"0PS36000000mmnNGAQ","Label":"00ex00000018ozp_128_ (10 more) ...","Name":"X00ex00000018ozp_128 (11 more) ...","NamespacePrefix":"shiva15testns","UserLicenseId":"10036000000eSpyAAE","CreatedDate":"2016-03-08T19:00:02.000Z"}}|0x208cbaef
18:26:43.0 (7969074)|STATEMENT_EXECUTE|[152]
18:26:43.0 (7989176)|ENTERING_MANAGED_PKG|
18:26:43.0 (7998376)|STATEMENT_EXECUTE|[153]
18:26:43.0 (8008697)|HEAP_ALLOCATE|[152]|Bytes:5
18:26:43.0 (8029179)|HEAP_ALLOCATE|[152]|Bytes:28
18:26:43.0 (8036833)|VARIABLE_SCOPE_BEGIN|[152]|PSetName|PermissionSet|true|false
18:26:43.0 (8059092)|VARIABLE_ASSIGNMENT|[152]|PSetName|{"s":1,"v":{"Id":"0PS36000000mmnOGAQ","Label":"00ex00000018ozn_128_ (10 more) ...","Name":"X00ex00000018ozn_128 (11 more) ...","NamespacePrefix":"shiva15testns","UserLicenseId":"10036000000eSpyAAE","CreatedDate":"2016-03-08T19:00:02.000Z"}}|0x7f43b35
18:26:43.0 (8063655)|STATEMENT_EXECUTE|[152]
18:26:43.0 (8083752)|ENTERING_MANAGED_PKG|
18:26:43.0 (8092901)|STATEMENT_EXECUTE|[153]
18:26:43.0 (8103236)|HEAP_ALLOCATE|[152]|Bytes:5
18:26:43.0 (8122287)|HEAP_ALLOCATE|[152]|Bytes:28
18:26:43.0 (8129974)|VARIABLE_SCOPE_BEGIN|[152]|PSetName|PermissionSet|true|false
18:26:43.0 (8151948)|VARIABLE_ASSIGNMENT|[152]|PSetName|{"s":1,"v":{"Id":"0PS36000000mmnPGAQ","Label":"00e1a000000MWa9AAG","Name":"X00e1a000000MWa9AAG","NamespacePrefix":"shiva15testns","UserLicenseId":"10036000000eSq0AAE","CreatedDate":"2016-03-08T19:00:02.000Z"}}|0x94d46bb
18:26:43.0 (8156449)|STATEMENT_EXECUTE|[152]
18:26:43.0 (8176574)|ENTERING_MANAGED_PKG|
18:26:43.0 (8185905)|STATEMENT_EXECUTE|[153]
18:26:43.0 (8196193)|HEAP_ALLOCATE|[152]|Bytes:5
18:26:43.0 (8215472)|HEAP_ALLOCATE|[152]|Bytes:28
18:26:43.0 (8223110)|VARIABLE_SCOPE_BEGIN|[152]|PSetName|PermissionSet|true|false
18:26:43.0 (8244693)|VARIABLE_ASSIGNMENT|[152]|PSetName|{"s":1,"v":{"Id":"0PS36000000mmnQGAQ","Label":"00e1a000000MWaBAAW","Name":"X00e1a000000MWaBAAW","NamespacePrefix":"shiva15testns","UserLicenseId":"10036000000eSq2AAE","CreatedDate":"2016-03-08T19:00:02.000Z"}}|0x3446ac8e
18:26:43.0 (8249145)|STATEMENT_EXECUTE|[152]
18:26:43.0 (8269224)|ENTERING_MANAGED_PKG|
18:26:43.0 (8278397)|STATEMENT_EXECUTE|[153]
18:26:43.0 (8288713)|HEAP_ALLOCATE|[152]|Bytes:5
18:26:43.0 (8307909)|HEAP_ALLOCATE|[152]|Bytes:28
18:26:43.0 (8315550)|VARIABLE_SCOPE_BEGIN|[152]|PSetName|PermissionSet|true|false
18:26:43.0 (8336989)|VARIABLE_ASSIGNMENT|[152]|PSetName|{"s":1,"v":{"Id":"0PS36000000mmnRGAQ","Label":"00e1a000000MWaCAAW","Name":"X00e1a000000MWaCAAW","NamespacePrefix":"shiva15testns","UserLicenseId":"10036000000eSq3AAE","CreatedDate":"2016-03-08T19:00:02.000Z"}}|0x7158332b
18:26:43.0 (8341213)|STATEMENT_EXECUTE|[152]
18:26:43.0 (8361248)|ENTERING_MANAGED_PKG|
18:26:43.0 (8370557)|STATEMENT_EXECUTE|[153]
18:26:43.0 (8380938)|HEAP_ALLOCATE|[152]|Bytes:5
18:26:43.0 (8399990)|HEAP_ALLOCATE|[152]|Bytes:28
18:26:43.0 (8407557)|VARIABLE_SCOPE_BEGIN|[152]|PSetName|PermissionSet|true|false
18:26:43.0 (8428708)|VARIABLE_ASSIGNMENT|[152]|PSetName|{"s":1,"v":{"Id":"0PS36000000mmnSGAQ","Label":"00e1a000000MWaDAAW","Name":"X00e1a000000MWaDAAW","NamespacePrefix":"shiva15testns","UserLicenseId":"10036000000eSq4AAE","CreatedDate":"2016-03-08T19:00:02.000Z"}}|0x575383a6
18:26:43.0 (8433059)|STATEMENT_EXECUTE|[152]
18:26:43.0 (8453081)|ENTERING_MANAGED_PKG|
18:26:43.0 (8462307)|STATEMENT_EXECUTE|[153]
18:26:43.0 (8472545)|HEAP_ALLOCATE|[152]|Bytes:5
18:26:43.0 (8491580)|HEAP_ALLOCATE|[152]|Bytes:28
18:26:43.0 (8499270)|VARIABLE_SCOPE_BEGIN|[152]|PSetName|PermissionSet|true|false
18:26:43.0 (8520682)|VARIABLE_ASSIGNMENT|[152]|PSetName|{"s":1,"v":{"Id":"0PS36000000mmnTGAQ","Label":"00e1a000000MWaEAAW","Name":"X00e1a000000MWaEAAW","NamespacePrefix":"shiva15testns","UserLicenseId":"10036000000eSq5AAE","CreatedDate":"2016-03-08T19:00:02.000Z"}}|0x34c86f69
18:26:43.0 (8524980)|STATEMENT_EXECUTE|[152]
18:26:43.0 (8544805)|ENTERING_MANAGED_PKG|
18:26:43.0 (8554020)|STATEMENT_EXECUTE|[153]
18:26:43.0 (8564247)|HEAP_ALLOCATE|[152]|Bytes:5
18:26:43.0 (8583400)|HEAP_ALLOCATE|[152]|Bytes:28
18:26:43.0 (8591102)|VARIABLE_SCOPE_BEGIN|[152]|PSetName|PermissionSet|true|false
18:26:43.0 (8616470)|VARIABLE_ASSIGNMENT|[152]|PSetName|{"s":1,"v":{"Id":"0PS36000000mmnUGAQ","Label":"00e1a000000MWaFAAW","Name":"X00e1a000000MWaFAAW","NamespacePrefix":"shiva15testns","UserLicenseId":"10036000000eSq6AAE","CreatedDate":"2016-03-08T19:00:02.000Z"}}|0x35eb87a2
18:26:43.0 (8621055)|STATEMENT_EXECUTE|[152]
18:26:43.0 (8641497)|ENTERING_MANAGED_PKG|
18:26:43.0 (8650785)|STATEMENT_EXECUTE|[153]
18:26:43.0 (8661151)|HEAP_ALLOCATE|[152]|Bytes:5
18:26:43.0 (8680204)|HEAP_ALLOCATE|[152]|Bytes:28
18:26:43.0 (8687958)|VARIABLE_SCOPE_BEGIN|[152]|PSetName|PermissionSet|true|false
18:26:43.0 (8709439)|VARIABLE_ASSIGNMENT|[152]|PSetName|{"s":1,"v":{"Id":"0PS36000000mmnVGAQ","Label":"00e1a000000MWaGAAW","Name":"X00e1a000000MWaGAAW","NamespacePrefix":"shiva15testns","UserLicenseId":"10036000000eSq7AAE","CreatedDate":"2016-03-08T19:00:02.000Z"}}|0x59a3b5f
18:26:43.0 (8713600)|STATEMENT_EXECUTE|[152]
18:26:43.0 (8733670)|ENTERING_MANAGED_PKG|
18:26:43.0 (8742780)|STATEMENT_EXECUTE|[153]
18:26:43.0 (8753048)|HEAP_ALLOCATE|[152]|Bytes:5
18:26:43.0 (8772070)|HEAP_ALLOCATE|[152]|Bytes:28
18:26:43.0 (8779657)|VARIABLE_SCOPE_BEGIN|[152]|PSetName|PermissionSet|true|false
18:26:43.0 (8801252)|VARIABLE_ASSIGNMENT|[152]|PSetName|{"s":1,"v":{"Id":"0PS36000000mmnWGAQ","Label":"00e1a000000MWaHAAW","Name":"X00e1a000000MWaHAAW","NamespacePrefix":"shiva15testns","UserLicenseId":"10036000000eSq8AAE","CreatedDate":"2016-03-08T19:00:02.000Z"}}|0x4e1fc6f9
18:26:43.0 (8805390)|STATEMENT_EXECUTE|[152]
18:26:43.0 (8825205)|ENTERING_MANAGED_PKG|
18:26:43.0 (8834309)|STATEMENT_EXECUTE|[153]
18:26:43.0 (8844684)|HEAP_ALLOCATE|[152]|Bytes:5
18:26:43.0 (8863623)|HEAP_ALLOCATE|[152]|Bytes:28
18:26:43.0 (8871296)|VARIABLE_SCOPE_BEGIN|[152]|PSetName|PermissionSet|true|false
18:26:43.0 (8892567)|VARIABLE_ASSIGNMENT|[152]|PSetName|{"s":1,"v":{"Id":"0PS36000000mmnXGAQ","Label":"00e1a000000MWaIAAW","Name":"X00e1a000000MWaIAAW","NamespacePrefix":"shiva15testns","UserLicenseId":"10036000000eSq9AAE","CreatedDate":"2016-03-08T19:00:02.000Z"}}|0x395b4b74
18:26:43.0 (8896704)|STATEMENT_EXECUTE|[152]
18:26:43.0 (8916658)|ENTERING_MANAGED_PKG|
18:26:43.0 (8925722)|STATEMENT_EXECUTE|[153]
18:26:43.0 (8936306)|HEAP_ALLOCATE|[152]|Bytes:5
18:26:43.0 (8955338)|HEAP_ALLOCATE|[152]|Bytes:28
18:26:43.0 (8962996)|VARIABLE_SCOPE_BEGIN|[152]|PSetName|PermissionSet|true|false
18:26:43.0 (8984262)|VARIABLE_ASSIGNMENT|[152]|PSetName|{"s":1,"v":{"Id":"0PS36000000mmnYGAQ","Label":"00e1a000000MWaJAAW","Name":"X00e1a000000MWaJAAW","NamespacePrefix":"shiva15testns","UserLicenseId":"10036000000eSqAAAU","CreatedDate":"2016-03-08T19:00:02.000Z"}}|0x50640d6a
18:26:43.0 (8988342)|STATEMENT_EXECUTE|[152]
18:26:43.0 (9008322)|ENTERING_MANAGED_PKG|
18:26:43.0 (9018611)|STATEMENT_EXECUTE|[153]
18:26:43.0 (9028971)|HEAP_ALLOCATE|[152]|Bytes:5
18:26:43.0 (9048326)|HEAP_ALLOCATE|[152]|Bytes:28
18:26:43.0 (9056410)|VARIABLE_SCOPE_BEGIN|[152]|PSetName|PermissionSet|true|false
18:26:43.0 (9077905)|VARIABLE_ASSIGNMENT|[152]|PSetName|{"s":1,"v":{"Id":"0PS36000000mmnZGAQ","Label":"00e1a000000MWaKAAW","Name":"X00e1a000000MWaKAAW","NamespacePrefix":"shiva15testns","UserLicenseId":"10036000000eSqBAAU","CreatedDate":"2016-03-08T19:00:02.000Z"}}|0x4f094fa
18:26:43.0 (9082264)|STATEMENT_EXECUTE|[152]
18:26:43.0 (9102123)|ENTERING_MANAGED_PKG|
18:26:43.0 (9111202)|STATEMENT_EXECUTE|[153]
18:26:43.0 (9121443)|HEAP_ALLOCATE|[152]|Bytes:5
18:26:43.0 (9140344)|HEAP_ALLOCATE|[152]|Bytes:28
18:26:43.0 (9147930)|VARIABLE_SCOPE_BEGIN|[152]|PSetName|PermissionSet|true|false
18:26:43.0 (9168972)|VARIABLE_ASSIGNMENT|[152]|PSetName|{"s":1,"v":{"Id":"0PS36000000mmnaGAA","Label":"00e1a000000MWaLAAW","Name":"X00e1a000000MWaLAAW","NamespacePrefix":"shiva15testns","UserLicenseId":"10036000000eSqCAAU","CreatedDate":"2016-03-08T19:00:02.000Z"}}|0x34e8b293
18:26:43.0 (9173472)|STATEMENT_EXECUTE|[152]
18:26:43.0 (9193457)|ENTERING_MANAGED_PKG|
18:26:43.0 (9202768)|STATEMENT_EXECUTE|[153]
18:26:43.0 (9213050)|HEAP_ALLOCATE|[152]|Bytes:5
18:26:43.0 (9231973)|HEAP_ALLOCATE|[152]|Bytes:28
18:26:43.0 (9239575)|VARIABLE_SCOPE_BEGIN|[152]|PSetName|PermissionSet|true|false
18:26:43.0 (9260776)|VARIABLE_ASSIGNMENT|[152]|PSetName|{"s":1,"v":{"Id":"0PS36000000mmnbGAA","Label":"00e1a000000MWaMAAW","Name":"X00e1a000000MWaMAAW","NamespacePrefix":"shiva15testns","UserLicenseId":"10036000000eSqDAAU","CreatedDate":"2016-03-08T19:00:02.000Z"}}|0x570b5f91
18:26:43.0 (9265190)|STATEMENT_EXECUTE|[152]
18:26:43.0 (9285172)|ENTERING_MANAGED_PKG|
18:26:43.0 (9294229)|STATEMENT_EXECUTE|[153]
18:26:43.0 (9304510)|HEAP_ALLOCATE|[152]|Bytes:5
18:26:43.0 (9323565)|HEAP_ALLOCATE|[152]|Bytes:28
18:26:43.0 (9331137)|VARIABLE_SCOPE_BEGIN|[152]|PSetName|PermissionSet|true|false
18:26:43.0 (9352334)|VARIABLE_ASSIGNMENT|[152]|PSetName|{"s":1,"v":{"Id":"0PS36000000mmncGAA","Label":"00e1a000000MWaNAAW","Name":"X00e1a000000MWaNAAW","NamespacePrefix":"shiva15testns","UserLicenseId":"10036000000eSqEAAU","CreatedDate":"2016-03-08T19:00:02.000Z"}}|0x27f41747
18:26:43.0 (9356413)|STATEMENT_EXECUTE|[152]
18:26:43.0 (9376381)|ENTERING_MANAGED_PKG|
18:26:43.0 (9385477)|STATEMENT_EXECUTE|[153]
18:26:43.0 (9395787)|HEAP_ALLOCATE|[152]|Bytes:5
18:26:43.0 (9414556)|HEAP_ALLOCATE|[152]|Bytes:28
18:26:43.0 (9422119)|VARIABLE_SCOPE_BEGIN|[152]|PSetName|PermissionSet|true|false
18:26:43.0 (9443577)|VARIABLE_ASSIGNMENT|[152]|PSetName|{"s":1,"v":{"Id":"0PS36000000mmndGAA","Label":"00e1a000000MWaOAAW","Name":"X00e1a000000MWaOAAW","NamespacePrefix":"shiva15testns","UserLicenseId":"10036000000eSqFAAU","CreatedDate":"2016-03-08T19:00:02.000Z"}}|0x27230007
18:26:43.0 (9447692)|STATEMENT_EXECUTE|[152]
18:26:43.0 (9467471)|ENTERING_MANAGED_PKG|
18:26:43.0 (9476592)|STATEMENT_EXECUTE|[153]
18:26:43.0 (9486828)|HEAP_ALLOCATE|[152]|Bytes:5
18:26:43.0 (9505839)|HEAP_ALLOCATE|[152]|Bytes:28
18:26:43.0 (9513357)|VARIABLE_SCOPE_BEGIN|[152]|PSetName|PermissionSet|true|false
18:26:43.0 (9534428)|VARIABLE_ASSIGNMENT|[152]|PSetName|{"s":1,"v":{"Id":"0PS36000000mmneGAA","Label":"00e1a000000MWaPAAW","Name":"X00e1a000000MWaPAAW","NamespacePrefix":"shiva15testns","UserLicenseId":"10036000000eSqGAAU","CreatedDate":"2016-03-08T19:00:02.000Z"}}|0x562e425a
18:26:43.0 (9538481)|STATEMENT_EXECUTE|[152]
18:26:43.0 (9558400)|ENTERING_MANAGED_PKG|
18:26:43.0 (9567803)|STATEMENT_EXECUTE|[153]
18:26:43.0 (9578146)|HEAP_ALLOCATE|[152]|Bytes:5
18:26:43.0 (9600782)|HEAP_ALLOCATE|[152]|Bytes:28
18:26:43.0 (9608920)|VARIABLE_SCOPE_BEGIN|[152]|PSetName|PermissionSet|true|false
18:26:43.0 (9630518)|VARIABLE_ASSIGNMENT|[152]|PSetName|{"s":1,"v":{"Id":"0PS36000000mmnfGAA","Label":"00e1a000000MWaQAAW","Name":"X00e1a000000MWaQAAW","NamespacePrefix":"shiva15testns","UserLicenseId":"10036000000eSqHAAU","CreatedDate":"2016-03-08T19:00:02.000Z"}}|0x5b5478d9
18:26:43.0 (9634779)|STATEMENT_EXECUTE|[152]
18:26:43.0 (9654920)|ENTERING_MANAGED_PKG|
18:26:43.0 (9664112)|STATEMENT_EXECUTE|[153]
18:26:43.0 (9674475)|HEAP_ALLOCATE|[152]|Bytes:5
18:26:43.0 (9694084)|HEAP_ALLOCATE|[152]|Bytes:28
18:26:43.0 (9701898)|VARIABLE_SCOPE_BEGIN|[152]|PSetName|PermissionSet|true|false
18:26:43.0 (9722965)|VARIABLE_ASSIGNMENT|[152]|PSetName|{"s":1,"v":{"Id":"0PS36000000mmngGAA","Label":"00e1a000000MWaRAAW","Name":"X00e1a000000MWaRAAW","NamespacePrefix":"shiva15testns","UserLicenseId":"10036000000eSqIAAU","CreatedDate":"2016-03-08T19:00:02.000Z"}}|0x5c9d12db
18:26:43.0 (9727276)|STATEMENT_EXECUTE|[152]
18:26:43.0 (9747406)|ENTERING_MANAGED_PKG|
18:26:43.0 (9756510)|STATEMENT_EXECUTE|[153]
18:26:43.0 (9766883)|HEAP_ALLOCATE|[152]|Bytes:5
18:26:43.0 (9785753)|HEAP_ALLOCATE|[152]|Bytes:28
18:26:43.0 (9793300)|VARIABLE_SCOPE_BEGIN|[152]|PSetName|PermissionSet|true|false
18:26:43.0 (9814194)|VARIABLE_ASSIGNMENT|[152]|PSetName|{"s":1,"v":{"Id":"0PS36000000mmnhGAA","Label":"00e1a000000MWaSAAW","Name":"X00e1a000000MWaSAAW","NamespacePrefix":"shiva15testns","UserLicenseId":"10036000000eSqJAAU","CreatedDate":"2016-03-08T19:00:02.000Z"}}|0x63011277
18:26:43.0 (9818347)|STATEMENT_EXECUTE|[152]
18:26:43.0 (9838110)|ENTERING_MANAGED_PKG|
18:26:43.0 (9847289)|STATEMENT_EXECUTE|[153]
18:26:43.0 (9857640)|HEAP_ALLOCATE|[152]|Bytes:5
18:26:43.0 (9876755)|HEAP_ALLOCATE|[152]|Bytes:28
18:26:43.0 (9884363)|VARIABLE_SCOPE_BEGIN|[152]|PSetName|PermissionSet|true|false
18:26:43.0 (9905385)|VARIABLE_ASSIGNMENT|[152]|PSetName|{"s":1,"v":{"Id":"0PS36000000mmniGAA","Label":"00e1a000000MWaTAAW","Name":"X00e1a000000MWaTAAW","NamespacePrefix":"shiva15testns","UserLicenseId":"10036000000eSqJAAU","CreatedDate":"2016-03-08T19:00:02.000Z"}}|0x4799b0df
18:26:43.0 (9909804)|STATEMENT_EXECUTE|[152]
18:26:43.0 (9929665)|ENTERING_MANAGED_PKG|
18:26:43.0 (9938832)|STATEMENT_EXECUTE|[153]
18:26:43.0 (9949094)|HEAP_ALLOCATE|[152]|Bytes:5
18:26:43.0 (9968234)|HEAP_ALLOCATE|[152]|Bytes:28
18:26:43.0 (9975854)|VARIABLE_SCOPE_BEGIN|[152]|PSetName|PermissionSet|true|false
18:26:43.0 (9997072)|VARIABLE_ASSIGNMENT|[152]|PSetName|{"s":1,"v":{"Id":"0PS36000000mmnjGAA","Label":"00e1a000000MWaUAAW","Name":"X00e1a000000MWaUAAW","NamespacePrefix":"shiva15testns","UserLicenseId":"10036000000eSqKAAU","CreatedDate":"2016-03-08T19:00:02.000Z"}}|0x3ff38a45
18:26:43.0 (10001037)|STATEMENT_EXECUTE|[152]
18:26:43.0 (10022509)|ENTERING_MANAGED_PKG|
18:26:43.0 (10031965)|STATEMENT_EXECUTE|[153]
18:26:43.0 (10042501)|HEAP_ALLOCATE|[152]|Bytes:5
18:26:43.0 (10061719)|HEAP_ALLOCATE|[152]|Bytes:28
18:26:43.0 (10069575)|VARIABLE_SCOPE_BEGIN|[152]|PSetName|PermissionSet|true|false
18:26:43.0 (10091173)|VARIABLE_ASSIGNMENT|[152]|PSetName|{"s":1,"v":{"Id":"0PS36000000mmnlGAA","Label":"00e1a000000N1LRAA0","Name":"X00e1a000000N1LRAA0","NamespacePrefix":"shiva15testns","UserLicenseId":"10036000000eSqLAAU","CreatedDate":"2016-03-08T19:00:02.000Z"}}|0xbcc4caa
18:26:43.0 (10095489)|STATEMENT_EXECUTE|[152]
18:26:43.0 (10115296)|ENTERING_MANAGED_PKG|
18:26:43.0 (10124532)|STATEMENT_EXECUTE|[153]
18:26:43.0 (10134943)|HEAP_ALLOCATE|[152]|Bytes:5
18:26:43.0 (10153892)|HEAP_ALLOCATE|[152]|Bytes:28
18:26:43.0 (10161395)|VARIABLE_SCOPE_BEGIN|[152]|PSetName|PermissionSet|true|false
18:26:43.0 (10182765)|VARIABLE_ASSIGNMENT|[152]|PSetName|{"s":1,"v":{"Id":"0PS36000000mmnmGAA","Label":"00e1a000000N1LSAA0","Name":"X00e1a000000N1LSAA0","NamespacePrefix":"shiva15testns","UserLicenseId":"10036000000eSqMAAU","CreatedDate":"2016-03-08T19:00:02.000Z"}}|0x6035750e
18:26:43.0 (10187036)|STATEMENT_EXECUTE|[152]
18:26:43.0 (10207098)|ENTERING_MANAGED_PKG|
18:26:43.0 (10216298)|STATEMENT_EXECUTE|[153]
18:26:43.0 (10226605)|HEAP_ALLOCATE|[152]|Bytes:5
18:26:43.0 (10245612)|HEAP_ALLOCATE|[152]|Bytes:28
18:26:43.0 (10253216)|VARIABLE_SCOPE_BEGIN|[152]|PSetName|PermissionSet|true|false
18:26:43.0 (10274537)|VARIABLE_ASSIGNMENT|[152]|PSetName|{"s":1,"v":{"Id":"0PS36000000mmnnGAA","Label":"00e1a000000N1wKAAS","Name":"X00e1a000000N1wKAAS","NamespacePrefix":"shiva15testns","UserLicenseId":"10036000000eSqNAAU","CreatedDate":"2016-03-08T19:00:02.000Z"}}|0x6a202e9f
18:26:43.0 (10278756)|STATEMENT_EXECUTE|[152]
18:26:43.0 (10298720)|ENTERING_MANAGED_PKG|
18:26:43.0 (10307862)|STATEMENT_EXECUTE|[153]
18:26:43.0 (10318157)|HEAP_ALLOCATE|[152]|Bytes:5
18:26:43.0 (10337344)|HEAP_ALLOCATE|[152]|Bytes:28
18:26:43.0 (10344777)|VARIABLE_SCOPE_BEGIN|[152]|PSetName|PermissionSet|true|false
18:26:43.0 (10365902)|VARIABLE_ASSIGNMENT|[152]|PSetName|{"s":1,"v":{"Id":"0PS36000000mmnoGAA","Label":"00e1a000000N1wLAAS","Name":"X00e1a000000N1wLAAS","NamespacePrefix":"shiva15testns","UserLicenseId":"10036000000eSqNAAU","CreatedDate":"2016-03-08T19:00:02.000Z"}}|0x4922203c
18:26:43.0 (10370164)|STATEMENT_EXECUTE|[152]
18:26:43.0 (10390055)|ENTERING_MANAGED_PKG|
18:26:43.0 (10399259)|STATEMENT_EXECUTE|[153]
18:26:43.0 (10409680)|HEAP_ALLOCATE|[152]|Bytes:5
18:26:43.0 (10428606)|HEAP_ALLOCATE|[152]|Bytes:28
18:26:43.0 (10436324)|VARIABLE_SCOPE_BEGIN|[152]|PSetName|PermissionSet|true|false
18:26:43.0 (10457673)|VARIABLE_ASSIGNMENT|[152]|PSetName|{"s":1,"v":{"Id":"0PS36000000mmnqGAA","Label":"00e1a000000MWaAAAW","Name":"X00e1a000000MWaAAAW","NamespacePrefix":"shiva15testns","UserLicenseId":"10036000000eSq1AAE","CreatedDate":"2016-03-08T19:00:02.000Z"}}|0x20e28cae
18:26:43.0 (10461770)|STATEMENT_EXECUTE|[152]
18:26:43.0 (10481631)|ENTERING_MANAGED_PKG|
18:26:43.0 (10490669)|STATEMENT_EXECUTE|[153]
18:26:43.0 (10500948)|HEAP_ALLOCATE|[152]|Bytes:5
18:26:43.0 (10519736)|HEAP_ALLOCATE|[152]|Bytes:32
18:26:43.0 (10527270)|VARIABLE_SCOPE_BEGIN|[152]|PSetName|PermissionSet|true|false
18:26:43.0 (10551622)|VARIABLE_ASSIGNMENT|[152]|PSetName|{"s":1,"v":{"Id":"0PS36000000q71PGAQ","Label":"PermissionSet_Test_t (12 more) ...","Name":"PermissionSet_Test_t (6 more) ...","Description":"This is for testing  (42 more) ...","NamespacePrefix":"shiva15testns","UserLicenseId":"10036000000eSpyAAE","CreatedDate":"2016-03-20T22:41:12.000Z"}}|0x6bb400b9
18:26:43.0 (10556149)|STATEMENT_EXECUTE|[152]
18:26:43.0 (10576137)|ENTERING_MANAGED_PKG|
18:26:43.0 (10585792)|STATEMENT_EXECUTE|[153]
18:26:43.0 (10587488)|STATEMENT_EXECUTE|[154]
18:26:43.0 (10593182)|HEAP_ALLOCATE|[154]|Bytes:240
18:26:43.0 (10602944)|HEAP_ALLOCATE|[154]|Bytes:31
18:26:43.0 (10627267)|HEAP_ALLOCATE|[154]|Bytes:32
18:26:43.0 (10674542)|ENTERING_MANAGED_PKG|
18:26:43.0 (10701078)|HEAP_ALLOCATE|[154]|Bytes:18
18:26:43.0 (10752146)|ENTERING_MANAGED_PKG|
18:26:43.0 (10756597)|HEAP_ALLOCATE|[154]|Bytes:18
18:26:43.0 (10794782)|ENTERING_MANAGED_PKG|
18:26:43.0 (10814842)|HEAP_ALLOCATE|[154]|Bytes:19
18:26:43.0 (10850176)|CONSTRUCTOR_ENTRY|[154]|01p36000005Jpvx|<init>(String,String,String,String,String,String,String)
18:26:43.0 (10871308)|VARIABLE_SCOPE_BEGIN|[971]|this|shiva15testns.PermissionSetPortalControllers.PermissionSetClass|true|false
18:26:43.0 (10949992)|VARIABLE_ASSIGNMENT|[971]|this|{}|0x48f682ef
18:26:43.0 (10956071)|VARIABLE_SCOPE_BEGIN|[971]|label|String|false|false
18:26:43.0 (10962779)|VARIABLE_ASSIGNMENT|[971]|label|"PermissionSet_Test_t (12 more) ..."
18:26:43.0 (10966062)|VARIABLE_SCOPE_BEGIN|[971]|apiName|String|false|false
18:26:43.0 (10970035)|VARIABLE_ASSIGNMENT|[971]|apiName|"PermissionSet_Test_t (6 more) ..."
18:26:43.0 (10973081)|VARIABLE_SCOPE_BEGIN|[971]|id|String|false|false
18:26:43.0 (10976379)|VARIABLE_ASSIGNMENT|[971]|id|"0PS36000000q71PGAQ"
18:26:43.0 (10978965)|VARIABLE_SCOPE_BEGIN|[971]|description|String|false|false
18:26:43.0 (10982762)|VARIABLE_ASSIGNMENT|[971]|description|"This is for testing  (42 more) ..."
18:26:43.0 (10985590)|VARIABLE_SCOPE_BEGIN|[971]|namespacePrefix|String|false|false
18:26:43.0 (10988718)|VARIABLE_ASSIGNMENT|[971]|namespacePrefix|"shiva15testns"
18:26:43.0 (10991232)|VARIABLE_SCOPE_BEGIN|[971]|userLicenseId|String|false|false
18:26:43.0 (10994590)|VARIABLE_ASSIGNMENT|[971]|userLicenseId|"10036000000eSpyAAE"
18:26:43.0 (10997189)|VARIABLE_SCOPE_BEGIN|[971]|createdDate|String|false|false
18:26:43.0 (11000340)|VARIABLE_ASSIGNMENT|[971]|createdDate|"2016-03-20 15:41:12"
18:26:43.0 (11004714)|STATEMENT_EXECUTE|[954]
18:26:43.0 (11006194)|STATEMENT_EXECUTE|[957]
18:26:43.0 (11007778)|STATEMENT_EXECUTE|[959]
18:26:43.0 (11008961)|STATEMENT_EXECUTE|[961]
18:26:43.0 (11010138)|STATEMENT_EXECUTE|[963]
18:26:43.0 (11011390)|STATEMENT_EXECUTE|[965]
18:26:43.0 (11012595)|STATEMENT_EXECUTE|[967]
18:26:43.0 (11013827)|STATEMENT_EXECUTE|[969]
18:26:43.0 (11022524)|HEAP_ALLOCATE|[973]|Bytes:6
18:26:43.0 (11047725)|STATEMENT_EXECUTE|[972]
18:26:43.0 (11049959)|STATEMENT_EXECUTE|[973]
18:26:43.0 (11129844)|VARIABLE_ASSIGNMENT|[EXTERNAL]|this|{}|0x48f682ef
18:26:43.0 (11139246)|VARIABLE_ASSIGNMENT|[EXTERNAL]|value|"PermissionSet_Test_t (12 more) ..."
18:26:43.0 (11152076)|VARIABLE_ASSIGNMENT|[957]|this.label|"PermissionSet_Test_t (12 more) ..."|0x48f682ef
18:26:43.0 (11160611)|STATEMENT_EXECUTE|[974]
18:26:43.0 (11214010)|VARIABLE_ASSIGNMENT|[EXTERNAL]|this|{"label":"PermissionSet_Test_t (12 more) ..."}|0x48f682ef
18:26:43.0 (11222670)|VARIABLE_ASSIGNMENT|[EXTERNAL]|value|"PermissionSet_Test_t (6 more) ..."
18:26:43.0 (11232282)|VARIABLE_ASSIGNMENT|[959]|this.apiName|"PermissionSet_Test_t (6 more) ..."|0x48f682ef
18:26:43.0 (11239367)|STATEMENT_EXECUTE|[975]
18:26:43.0 (11291947)|VARIABLE_ASSIGNMENT|[EXTERNAL]|this|{"apiName":"PermissionSet_Test_t (6 more) ...","label":"PermissionSet_Test_t (12 more) ..."}|0x48f682ef
18:26:43.0 (11300894)|VARIABLE_ASSIGNMENT|[EXTERNAL]|value|"0PS36000000q71PGAQ"
18:26:43.0 (11310094)|VARIABLE_ASSIGNMENT|[961]|this.id|"0PS36000000q71PGAQ"|0x48f682ef
18:26:43.0 (11317127)|STATEMENT_EXECUTE|[976]
18:26:43.0 (11369523)|VARIABLE_ASSIGNMENT|[EXTERNAL]|this|{"apiName":"PermissionSet_Test_t (6 more) ...","id":"0PS36000000q71PGAQ","label":"PermissionSet_Test_t (12 more) ..."}|0x48f682ef
18:26:43.0 (11378592)|VARIABLE_ASSIGNMENT|[EXTERNAL]|value|"This is for testing  (42 more) ..."
18:26:43.0 (11387888)|VARIABLE_ASSIGNMENT|[963]|this.description|"This is for testing  (42 more) ..."|0x48f682ef
18:26:43.0 (11394915)|STATEMENT_EXECUTE|[977]
18:26:43.0 (11448352)|VARIABLE_ASSIGNMENT|[EXTERNAL]|this|{"apiName":"PermissionSet_Test_t (6 more) ...","description":"This is for testing  (42 more) ...","id":"0PS36000000q71PGAQ","label":"PermissionSet_Test_t (12 more) ..."}|0x48f682ef
18:26:43.0 (11456656)|VARIABLE_ASSIGNMENT|[EXTERNAL]|value|"shiva15testns"
18:26:43.0 (11465600)|VARIABLE_ASSIGNMENT|[965]|this.namespacePrefix|"shiva15testns"|0x48f682ef
18:26:43.0 (11472513)|STATEMENT_EXECUTE|[978]
18:26:43.0 (11526095)|VARIABLE_ASSIGNMENT|[EXTERNAL]|this|{"apiName":"PermissionSet_Test_t (6 more) ...","description":"This is for testing  (42 more) ...","id":"0PS36000000q71PGAQ","label":"PermissionSet_Test_t (12 more) ...","namespacePrefix":"shiva15testns"}|0x48f682ef
18:26:43.0 (11534663)|VARIABLE_ASSIGNMENT|[EXTERNAL]|value|"10036000000eSpyAAE"
18:26:43.0 (11544276)|VARIABLE_ASSIGNMENT|[967]|this.userLicenseId|"10036000000eSpyAAE"|0x48f682ef
18:26:43.0 (11551201)|STATEMENT_EXECUTE|[979]
18:26:43.0 (11610109)|VARIABLE_ASSIGNMENT|[EXTERNAL]|this|{"apiName":"PermissionSet_Test_t (6 more) ...","description":"This is for testing  (42 more) ...","id":"0PS36000000q71PGAQ","label":"PermissionSet_Test_t (12 more) ...","namespacePrefix":"shiva15testns","userLicenseId":"10036000000eSpyAAE"}|0x48f682ef
18:26:43.0 (11619573)|VARIABLE_ASSIGNMENT|[EXTERNAL]|value|"2016-03-20 15:41:12"
18:26:43.0 (11628717)|VARIABLE_ASSIGNMENT|[969]|this.createdDate|"2016-03-20 15:41:12"|0x48f682ef
18:26:43.0 (11642941)|CONSTRUCTOR_EXIT|[154]|01p36000005Jpvx|<init>(String,String,String,String,String,String,String)
18:26:43.0 (11668099)|VARIABLE_ASSIGNMENT|[154]|pSetObj|{"apiName":"PermissionSet_Test_t (6 more) ...","createdDate":"2016-03-20 15:41:12","description":"This is for testing  (42 more) ...","id":"0PS36000000q71PGAQ","label":"PermissionSet_Test_t (12 more) ...","namespacePrefix":"shiva15testns","userLicenseId":"10036000000eSpyAAE"}|0x48f682ef
18:26:43.0 (11672591)|STATEMENT_EXECUTE|[155]
18:26:43.0 (11687481)|ENTERING_MANAGED_PKG|
18:26:43.0 (11712488)|HEAP_ALLOCATE|[EXTERNAL]|Bytes:4
18:26:43.0 (11729804)|HEAP_ALLOCATE|[152]|Bytes:5
18:26:43.0 (11743140)|VARIABLE_ASSIGNMENT|[152]|PSetName|null|
18:26:43.0 (11746372)|STATEMENT_EXECUTE|[159]
18:26:43.0 (11755042)|SYSTEM_MODE_EXIT|false
18:26:43.11 (11792298)|CUMULATIVE_LIMIT_USAGE
18:26:43.11 (11792298)|LIMIT_USAGE_FOR_NS|(default)|
  Number of SOQL queries: 0 out of 100
  Number of query rows: 0 out of 50000
  Number of SOSL queries: 0 out of 20
  Number of DML statements: 0 out of 150
  Number of DML rows: 0 out of 10000
  Maximum CPU time: 0 out of 10000
  Maximum heap size: 0 out of 6000000
  Number of callouts: 0 out of 100
  Number of Email Invocations: 0 out of 10
  Number of future calls: 0 out of 50
  Number of queueable jobs added to the queue: 0 out of 50
  Number of Mobile Apex push calls: 0 out of 10

18:26:43.11 (11792298)|LIMIT_USAGE_FOR_NS|shiva15testns|
  Number of SOQL queries: 1 out of 100
  Number of query rows: 37 out of 50000
  Number of SOSL queries: 0 out of 20
  Number of DML statements: 0 out of 150
  Number of DML rows: 0 out of 10000
  Maximum CPU time: 0 out of 10000
  Maximum heap size: 0 out of 6000000
  Number of callouts: 0 out of 100
  Number of Email Invocations: 0 out of 10
  Number of future calls: 0 out of 50
  Number of queueable jobs added to the queue: 0 out of 50
  Number of Mobile Apex push calls: 0 out of 10

18:26:43.11 (11792298)|CUMULATIVE_LIMIT_USAGE_END

18:26:43.0 (11838197)|CODE_UNIT_FINISHED|PermissionSetPortalControllers.getAllPermissionSets
18:26:43.0 (13783087)|EXECUTION_FINISHED
18:26:43.16 (16832850)|EXECUTION_STARTED
18:26:43.16 (16841147)|CODE_UNIT_STARTED|[EXTERNAL]|Aura
18:26:43.16 (16878292)|CODE_UNIT_FINISHED|Aura
18:26:43.16 (18317850)|EXECUTION_FINISHED
