36.0 APEX_CODE,FINEST;APEX_PROFILING,INFO;CALLOUT,INFO;DB,INFO;SYSTEM,DEBUG;VALIDATION,INFO;VISUALFORCE,INFO;WORKFLOW,INFO
19:07:55.0 (114827)|EXECUTION_STARTED
19:07:55.0 (162046)|CODE_UNIT_STARTED|[EXTERNAL]|01p36000005Jpvx|PermissionSetPortalControllers.getAllPermissionSets
19:07:55.0 (337564)|VARIABLE_SCOPE_BEGIN|[3]|PermissionSetPortalControllers.AllPermissionSets|List<PermissionSet>|true|true
19:07:55.0 (540439)|VARIABLE_SCOPE_BEGIN|[10]|PermissionSetPortalControllers.accountField|Set<String>|true|true
19:07:55.0 (549738)|VARIABLE_SCOPE_BEGIN|[5]|PermissionSetPortalControllers.allObjectsOfOrg|List<shiva15testns.PermissionSetPortalControllers.ObjectDetailsClass>|true|true
19:07:55.0 (558877)|VARIABLE_SCOPE_BEGIN|[9]|PermissionSetPortalControllers.contactsField|Set<String>|true|true
19:07:55.0 (566218)|VARIABLE_SCOPE_BEGIN|[7]|PermissionSetPortalControllers.isNotSystemSObjectList|Set<String>|true|true
19:07:55.0 (920546)|HEAP_ALLOCATE|[72]|Bytes:3
19:07:55.0 (1004671)|HEAP_ALLOCATE|[77]|Bytes:152
19:07:55.0 (1034731)|HEAP_ALLOCATE|[342]|Bytes:408
19:07:55.0 (1070599)|HEAP_ALLOCATE|[355]|Bytes:408
19:07:55.0 (1105152)|HEAP_ALLOCATE|[467]|Bytes:48
19:07:55.0 (1212069)|HEAP_ALLOCATE|[139]|Bytes:6
19:07:55.0 (1254527)|HEAP_ALLOCATE|[EXTERNAL]|Bytes:168
19:07:55.0 (1294739)|HEAP_ALLOCATE|[EXTERNAL]|Bytes:89
19:07:55.0 (1302196)|HEAP_ALLOCATE|[EXTERNAL]|Bytes:344
19:07:55.0 (1539091)|METHOD_ENTRY|[1]|01p36000005Jpvx|PermissionSetPortalControllers.PermissionSetPortalControllers()
19:07:55.0 (1548028)|STATEMENT_EXECUTE|[1]
19:07:55.0 (1560148)|STATEMENT_EXECUTE|[1]
19:07:55.0 (1606965)|HEAP_ALLOCATE|[50]|Bytes:5
19:07:55.0 (1637458)|HEAP_ALLOCATE|[56]|Bytes:5
19:07:55.0 (1654409)|HEAP_ALLOCATE|[64]|Bytes:7
19:07:55.0 (1687438)|SYSTEM_MODE_ENTER|false
19:07:55.0 (1714042)|HEAP_ALLOCATE|[9]|Bytes:5
19:07:55.0 (1720872)|STATEMENT_EXECUTE|[9]
19:07:55.0 (1748724)|HEAP_ALLOCATE|[9]|Bytes:4
19:07:55.0 (1864702)|ENTERING_MANAGED_PKG|
19:07:55.0 (2067409)|VARIABLE_ASSIGNMENT|[9]|PermissionSetPortalControllers.contactsField|{"s":1,"v":[]}|0x2b77d340
19:07:55.0 (2075856)|STATEMENT_EXECUTE|[10]
19:07:55.0 (2084213)|HEAP_ALLOCATE|[10]|Bytes:4
19:07:55.0 (2104176)|ENTERING_MANAGED_PKG|
19:07:55.0 (2157759)|VARIABLE_ASSIGNMENT|[10]|PermissionSetPortalControllers.accountField|{"s":1,"v":[]}|0x908c95e
19:07:55.0 (2164071)|STATEMENT_EXECUTE|[1037]
19:07:55.0 (2166834)|STATEMENT_EXECUTE|[1066]
19:07:55.0 (2169177)|STATEMENT_EXECUTE|[1094]
19:07:55.0 (2171921)|STATEMENT_EXECUTE|[1123]
19:07:55.0 (2174132)|STATEMENT_EXECUTE|[1139]
19:07:55.0 (2176269)|STATEMENT_EXECUTE|[1156]
19:07:55.0 (2178468)|STATEMENT_EXECUTE|[1167]
19:07:55.0 (2180697)|STATEMENT_EXECUTE|[1172]
19:07:55.0 (2188484)|SYSTEM_MODE_EXIT|false
19:07:55.0 (2238895)|METHOD_EXIT|[1]|PermissionSetPortalControllers
19:07:55.0 (2275285)|SYSTEM_MODE_ENTER|false
19:07:55.0 (2298259)|HEAP_ALLOCATE|[157]|Bytes:5
19:07:55.0 (2304683)|STATEMENT_EXECUTE|[156]
19:07:55.0 (2306198)|STATEMENT_EXECUTE|[157]
19:07:55.0 (2307180)|STATEMENT_EXECUTE|[157]
19:07:55.0 (2308349)|STATEMENT_EXECUTE|[158]
19:07:55.0 (2312302)|HEAP_ALLOCATE|[158]|Bytes:99
19:07:55.0 (2321423)|HEAP_ALLOCATE|[158]|Bytes:4
19:07:55.0 (3149461)|SOQL_EXECUTE_BEGIN|[158]|Aggregations:0|SELECT Id, label, Name, Description, NamespacePrefix, UserLicenseId, CreatedDate FROM PermissionSet
19:07:55.0 (8060183)|SOQL_EXECUTE_END|[158]|Rows:42
19:07:55.0 (8087226)|HEAP_ALLOCATE|[158]|Bytes:172
19:07:55.0 (8253502)|HEAP_ALLOCATE|[158]|Bytes:7410
19:07:55.0 (8290759)|HEAP_ALLOCATE|[158]|Bytes:172
19:07:55.0 (8326432)|VARIABLE_ASSIGNMENT|[158]|PermissionSetPortalControllers.AllPermissionSets|{"s":1,"v":"List of size 42 too large to display"}|0x7444d0d5
19:07:55.0 (8464279)|ENTERING_MANAGED_PKG|
19:07:55.0 (8552005)|STATEMENT_EXECUTE|[159]
19:07:55.0 (8556202)|STATEMENT_EXECUTE|[160]
19:07:55.0 (8573755)|VARIABLE_SCOPE_BEGIN|[160]|pSetObj|shiva15testns.PermissionSetPortalControllers.PermissionSetClass|true|false
19:07:55.0 (8588448)|VARIABLE_ASSIGNMENT|[160]|pSetObj|null|
19:07:55.0 (8591911)|STATEMENT_EXECUTE|[161]
19:07:55.0 (8600756)|HEAP_ALLOCATE|[161]|Bytes:4
19:07:55.0 (8666263)|ENTERING_MANAGED_PKG|
19:07:55.0 (8692002)|VARIABLE_SCOPE_BEGIN|[161]|permissionSetsLst|List<shiva15testns.PermissionSetPortalControllers.PermissionSetClass>|true|false
19:07:55.0 (8722446)|HEAP_ALLOCATE|[EXTERNAL]|Bytes:4
19:07:55.0 (8738046)|VARIABLE_ASSIGNMENT|[161]|permissionSetsLst|{"s":1,"v":[]}|0x14c537a6
19:07:55.0 (8760829)|ENTERING_MANAGED_PKG|
19:07:55.0 (9080761)|HEAP_ALLOCATE|[162]|Bytes:5
19:07:55.0 (9159997)|HEAP_ALLOCATE|[162]|Bytes:28
19:07:55.0 (9179335)|VARIABLE_SCOPE_BEGIN|[162]|PSetName|PermissionSet|true|false
19:07:55.0 (9248662)|VARIABLE_ASSIGNMENT|[162]|PSetName|{"s":1,"v":{"Id":"0PS36000000mmnFGAQ","Label":"00e1a000000MWa8AAG","Name":"X00e1a000000MWa8AAG","NamespacePrefix":"shiva15testns","UserLicenseId":"10036000000eSpzAAE","CreatedDate":"2016-03-08T19:00:02.000Z"}}|0xefc978a
19:07:55.0 (9257103)|STATEMENT_EXECUTE|[162]
19:07:55.0 (9296261)|HEAP_ALLOCATE|[163]|Bytes:3
19:07:55.0 (9344098)|ENTERING_MANAGED_PKG|
19:07:55.0 (9399352)|STATEMENT_EXECUTE|[163]
19:07:55.0 (9421939)|HEAP_ALLOCATE|[162]|Bytes:5
19:07:55.0 (9457329)|HEAP_ALLOCATE|[162]|Bytes:28
19:07:55.0 (9470310)|VARIABLE_SCOPE_BEGIN|[162]|PSetName|PermissionSet|true|false
19:07:55.0 (9505231)|VARIABLE_ASSIGNMENT|[162]|PSetName|{"s":1,"v":{"Id":"0PS36000000mmnGGAQ","Label":"00ex00000018ozl_128_ (10 more) ...","Name":"X00ex00000018ozl_128 (11 more) ...","NamespacePrefix":"shiva15testns","UserLicenseId":"10036000000eSpyAAE","CreatedDate":"2016-03-08T19:00:02.000Z"}}|0x2b0cb29b
19:07:55.0 (9512958)|STATEMENT_EXECUTE|[162]
19:07:55.0 (9543412)|ENTERING_MANAGED_PKG|
19:07:55.0 (9559538)|STATEMENT_EXECUTE|[163]
19:07:55.0 (9575713)|HEAP_ALLOCATE|[162]|Bytes:5
19:07:55.0 (9605979)|HEAP_ALLOCATE|[162]|Bytes:28
19:07:55.0 (9617880)|VARIABLE_SCOPE_BEGIN|[162]|PSetName|PermissionSet|true|false
19:07:55.0 (9658427)|VARIABLE_ASSIGNMENT|[162]|PSetName|{"s":1,"v":{"Id":"0PS36000000mmnHGAQ","Label":"00ex00000018ozm_128_ (10 more) ...","Name":"X00ex00000018ozm_128 (11 more) ...","NamespacePrefix":"shiva15testns","UserLicenseId":"10036000000eSpyAAE","CreatedDate":"2016-03-08T19:00:02.000Z"}}|0x6994707a
19:07:55.0 (9665833)|STATEMENT_EXECUTE|[162]
19:07:55.0 (9695242)|ENTERING_MANAGED_PKG|
19:07:55.0 (9711801)|STATEMENT_EXECUTE|[163]
19:07:55.0 (9727245)|HEAP_ALLOCATE|[162]|Bytes:5
19:07:55.0 (9756004)|HEAP_ALLOCATE|[162]|Bytes:28
19:07:55.0 (9767986)|VARIABLE_SCOPE_BEGIN|[162]|PSetName|PermissionSet|true|false
19:07:55.0 (9800381)|VARIABLE_ASSIGNMENT|[162]|PSetName|{"s":1,"v":{"Id":"0PS36000000mmnIGAQ","Label":"00ex00000018ozk_128_ (10 more) ...","Name":"X00ex00000018ozk_128 (11 more) ...","NamespacePrefix":"shiva15testns","UserLicenseId":"10036000000eSpyAAE","CreatedDate":"2016-03-08T19:00:02.000Z"}}|0x1522452
19:07:55.0 (9807837)|STATEMENT_EXECUTE|[162]
19:07:55.0 (9837189)|ENTERING_MANAGED_PKG|
19:07:55.0 (9853621)|STATEMENT_EXECUTE|[163]
19:07:55.0 (9869725)|HEAP_ALLOCATE|[162]|Bytes:5
19:07:55.0 (9900285)|HEAP_ALLOCATE|[162]|Bytes:28
19:07:55.0 (9912632)|VARIABLE_SCOPE_BEGIN|[162]|PSetName|PermissionSet|true|false
19:07:55.0 (9946106)|VARIABLE_ASSIGNMENT|[162]|PSetName|{"s":1,"v":{"Id":"0PS36000000mmnJGAQ","Label":"00ex00000018ozj_128_ (10 more) ...","Name":"X00ex00000018ozj_128 (11 more) ...","NamespacePrefix":"shiva15testns","UserLicenseId":"10036000000eSpyAAE","CreatedDate":"2016-03-08T19:00:02.000Z"}}|0x6bf8b335
19:07:55.0 (9954340)|STATEMENT_EXECUTE|[162]
19:07:55.0 (9983538)|ENTERING_MANAGED_PKG|
19:07:55.0 (10002140)|STATEMENT_EXECUTE|[163]
19:07:55.0 (10021710)|HEAP_ALLOCATE|[162]|Bytes:5
19:07:55.0 (10053410)|HEAP_ALLOCATE|[162]|Bytes:28
19:07:55.0 (10065282)|VARIABLE_SCOPE_BEGIN|[162]|PSetName|PermissionSet|true|false
19:07:55.0 (10098079)|VARIABLE_ASSIGNMENT|[162]|PSetName|{"s":1,"v":{"Id":"0PS36000000mmnKGAQ","Label":"00ex00000018ozo_128_ (10 more) ...","Name":"X00ex00000018ozo_128 (11 more) ...","NamespacePrefix":"shiva15testns","UserLicenseId":"10036000000eSpyAAE","CreatedDate":"2016-03-08T19:00:02.000Z"}}|0x25ae4cbb
19:07:55.0 (10105616)|STATEMENT_EXECUTE|[162]
19:07:55.0 (10137326)|ENTERING_MANAGED_PKG|
19:07:55.0 (10154307)|STATEMENT_EXECUTE|[163]
19:07:55.0 (10169389)|HEAP_ALLOCATE|[162]|Bytes:5
19:07:55.0 (10203575)|HEAP_ALLOCATE|[162]|Bytes:28
19:07:55.0 (10217763)|VARIABLE_SCOPE_BEGIN|[162]|PSetName|PermissionSet|true|false
19:07:55.0 (10254189)|VARIABLE_ASSIGNMENT|[162]|PSetName|{"s":1,"v":{"Id":"0PS36000000mmnLGAQ","Label":"00ex00000018ozh_128_ (10 more) ...","Name":"X00ex00000018ozh_128 (11 more) ...","NamespacePrefix":"shiva15testns","UserLicenseId":"10036000000eSpyAAE","CreatedDate":"2016-03-08T19:00:02.000Z"}}|0x6f73efd4
19:07:55.0 (10261618)|STATEMENT_EXECUTE|[162]
19:07:55.0 (10293965)|ENTERING_MANAGED_PKG|
19:07:55.0 (10312594)|STATEMENT_EXECUTE|[163]
19:07:55.0 (10329492)|HEAP_ALLOCATE|[162]|Bytes:5
19:07:55.0 (10358915)|HEAP_ALLOCATE|[162]|Bytes:28
19:07:55.0 (10371161)|VARIABLE_SCOPE_BEGIN|[162]|PSetName|PermissionSet|true|false
19:07:55.0 (10405214)|VARIABLE_ASSIGNMENT|[162]|PSetName|{"s":1,"v":{"Id":"0PS36000000mmnMGAQ","Label":"00ex00000018ozq_128_ (11 more) ...","Name":"X00ex00000018ozq_128 (12 more) ...","NamespacePrefix":"shiva15testns","UserLicenseId":"10036000000eSpyAAE","CreatedDate":"2016-03-08T19:00:02.000Z"}}|0x7f1326dc
19:07:55.0 (10413084)|STATEMENT_EXECUTE|[162]
19:07:55.0 (10444653)|ENTERING_MANAGED_PKG|
19:07:55.0 (10463739)|STATEMENT_EXECUTE|[163]
19:07:55.0 (10480984)|HEAP_ALLOCATE|[162]|Bytes:5
19:07:55.0 (10513987)|HEAP_ALLOCATE|[162]|Bytes:28
19:07:55.0 (10527534)|VARIABLE_SCOPE_BEGIN|[162]|PSetName|PermissionSet|true|false
19:07:55.0 (10561463)|VARIABLE_ASSIGNMENT|[162]|PSetName|{"s":1,"v":{"Id":"0PS36000000mmnNGAQ","Label":"00ex00000018ozp_128_ (10 more) ...","Name":"X00ex00000018ozp_128 (11 more) ...","NamespacePrefix":"shiva15testns","UserLicenseId":"10036000000eSpyAAE","CreatedDate":"2016-03-08T19:00:02.000Z"}}|0x51dc5310
19:07:55.0 (10568611)|STATEMENT_EXECUTE|[162]
19:07:55.0 (10598165)|ENTERING_MANAGED_PKG|
19:07:55.0 (10617639)|STATEMENT_EXECUTE|[163]
19:07:55.0 (10635904)|HEAP_ALLOCATE|[162]|Bytes:5
19:07:55.0 (10669615)|HEAP_ALLOCATE|[162]|Bytes:28
19:07:55.0 (10682327)|VARIABLE_SCOPE_BEGIN|[162]|PSetName|PermissionSet|true|false
19:07:55.0 (10719737)|VARIABLE_ASSIGNMENT|[162]|PSetName|{"s":1,"v":{"Id":"0PS36000000mmnOGAQ","Label":"00ex00000018ozn_128_ (10 more) ...","Name":"X00ex00000018ozn_128 (11 more) ...","NamespacePrefix":"shiva15testns","UserLicenseId":"10036000000eSpyAAE","CreatedDate":"2016-03-08T19:00:02.000Z"}}|0x6c01604
19:07:55.0 (10728149)|STATEMENT_EXECUTE|[162]
19:07:55.0 (10766218)|ENTERING_MANAGED_PKG|
19:07:55.0 (10787690)|STATEMENT_EXECUTE|[163]
19:07:55.0 (10805967)|HEAP_ALLOCATE|[162]|Bytes:5
19:07:55.0 (10841142)|HEAP_ALLOCATE|[162]|Bytes:28
19:07:55.0 (10855670)|VARIABLE_SCOPE_BEGIN|[162]|PSetName|PermissionSet|true|false
19:07:55.0 (10891805)|VARIABLE_ASSIGNMENT|[162]|PSetName|{"s":1,"v":{"Id":"0PS36000000mmnPGAQ","Label":"00e1a000000MWa9AAG","Name":"X00e1a000000MWa9AAG","NamespacePrefix":"shiva15testns","UserLicenseId":"10036000000eSq0AAE","CreatedDate":"2016-03-08T19:00:02.000Z"}}|0x763d5447
19:07:55.0 (10899907)|STATEMENT_EXECUTE|[162]
19:07:55.0 (10932459)|ENTERING_MANAGED_PKG|
19:07:55.0 (10951019)|STATEMENT_EXECUTE|[163]
19:07:55.0 (10969736)|HEAP_ALLOCATE|[162]|Bytes:5
19:07:55.0 (11003944)|HEAP_ALLOCATE|[162]|Bytes:28
19:07:55.0 (11019787)|VARIABLE_SCOPE_BEGIN|[162]|PSetName|PermissionSet|true|false
19:07:55.0 (11054292)|VARIABLE_ASSIGNMENT|[162]|PSetName|{"s":1,"v":{"Id":"0PS36000000mmnQGAQ","Label":"00e1a000000MWaBAAW","Name":"X00e1a000000MWaBAAW","NamespacePrefix":"shiva15testns","UserLicenseId":"10036000000eSq2AAE","CreatedDate":"2016-03-08T19:00:02.000Z"}}|0x10fea99a
19:07:55.0 (11062319)|STATEMENT_EXECUTE|[162]
19:07:55.0 (11094658)|ENTERING_MANAGED_PKG|
19:07:55.0 (11114875)|STATEMENT_EXECUTE|[163]
19:07:55.0 (11134099)|HEAP_ALLOCATE|[162]|Bytes:5
19:07:55.0 (11168494)|HEAP_ALLOCATE|[162]|Bytes:28
19:07:55.0 (11187799)|VARIABLE_SCOPE_BEGIN|[162]|PSetName|PermissionSet|true|false
19:07:55.0 (11221998)|VARIABLE_ASSIGNMENT|[162]|PSetName|{"s":1,"v":{"Id":"0PS36000000mmnRGAQ","Label":"00e1a000000MWaCAAW","Name":"X00e1a000000MWaCAAW","NamespacePrefix":"shiva15testns","UserLicenseId":"10036000000eSq3AAE","CreatedDate":"2016-03-08T19:00:02.000Z"}}|0x23893c46
19:07:55.0 (11229662)|STATEMENT_EXECUTE|[162]
19:07:55.0 (11262239)|ENTERING_MANAGED_PKG|
19:07:55.0 (11281229)|STATEMENT_EXECUTE|[163]
19:07:55.0 (11299495)|HEAP_ALLOCATE|[162]|Bytes:5
19:07:55.0 (11339484)|HEAP_ALLOCATE|[162]|Bytes:28
19:07:55.0 (11354128)|VARIABLE_SCOPE_BEGIN|[162]|PSetName|PermissionSet|true|false
19:07:55.0 (11388889)|VARIABLE_ASSIGNMENT|[162]|PSetName|{"s":1,"v":{"Id":"0PS36000000mmnSGAQ","Label":"00e1a000000MWaDAAW","Name":"X00e1a000000MWaDAAW","NamespacePrefix":"shiva15testns","UserLicenseId":"10036000000eSq4AAE","CreatedDate":"2016-03-08T19:00:02.000Z"}}|0x25ff7e05
19:07:55.0 (11397300)|STATEMENT_EXECUTE|[162]
19:07:55.0 (11431026)|ENTERING_MANAGED_PKG|
19:07:55.0 (11451069)|STATEMENT_EXECUTE|[163]
19:07:55.0 (11470430)|HEAP_ALLOCATE|[162]|Bytes:5
19:07:55.0 (11505652)|HEAP_ALLOCATE|[162]|Bytes:28
19:07:55.0 (11519679)|VARIABLE_SCOPE_BEGIN|[162]|PSetName|PermissionSet|true|false
19:07:55.0 (11553340)|VARIABLE_ASSIGNMENT|[162]|PSetName|{"s":1,"v":{"Id":"0PS36000000mmnTGAQ","Label":"00e1a000000MWaEAAW","Name":"X00e1a000000MWaEAAW","NamespacePrefix":"shiva15testns","UserLicenseId":"10036000000eSq5AAE","CreatedDate":"2016-03-08T19:00:02.000Z"}}|0x397c8991
19:07:55.0 (11561025)|STATEMENT_EXECUTE|[162]
19:07:55.0 (11592909)|ENTERING_MANAGED_PKG|
19:07:55.0 (11613343)|STATEMENT_EXECUTE|[163]
19:07:55.0 (11629599)|HEAP_ALLOCATE|[162]|Bytes:5
19:07:55.0 (11659836)|HEAP_ALLOCATE|[162]|Bytes:28
19:07:55.0 (11673638)|VARIABLE_SCOPE_BEGIN|[162]|PSetName|PermissionSet|true|false
19:07:55.0 (11705177)|VARIABLE_ASSIGNMENT|[162]|PSetName|{"s":1,"v":{"Id":"0PS36000000mmnUGAQ","Label":"00e1a000000MWaFAAW","Name":"X00e1a000000MWaFAAW","NamespacePrefix":"shiva15testns","UserLicenseId":"10036000000eSq6AAE","CreatedDate":"2016-03-08T19:00:02.000Z"}}|0x5c2b455d
19:07:55.0 (11710866)|STATEMENT_EXECUTE|[162]
19:07:55.0 (11734976)|ENTERING_MANAGED_PKG|
19:07:55.0 (11745641)|STATEMENT_EXECUTE|[163]
19:07:55.0 (11757032)|HEAP_ALLOCATE|[162]|Bytes:5
19:07:55.0 (11777352)|HEAP_ALLOCATE|[162]|Bytes:28
19:07:55.0 (11785486)|VARIABLE_SCOPE_BEGIN|[162]|PSetName|PermissionSet|true|false
19:07:55.0 (11807758)|VARIABLE_ASSIGNMENT|[162]|PSetName|{"s":1,"v":{"Id":"0PS36000000mmnVGAQ","Label":"00e1a000000MWaGAAW","Name":"X00e1a000000MWaGAAW","NamespacePrefix":"shiva15testns","UserLicenseId":"10036000000eSq7AAE","CreatedDate":"2016-03-08T19:00:02.000Z"}}|0x362a3992
19:07:55.0 (11812258)|STATEMENT_EXECUTE|[162]
19:07:55.0 (11833979)|ENTERING_MANAGED_PKG|
19:07:55.0 (11844353)|STATEMENT_EXECUTE|[163]
19:07:55.0 (11855176)|HEAP_ALLOCATE|[162]|Bytes:5
19:07:55.0 (11874596)|HEAP_ALLOCATE|[162]|Bytes:28
19:07:55.0 (11882762)|VARIABLE_SCOPE_BEGIN|[162]|PSetName|PermissionSet|true|false
19:07:55.0 (11905241)|VARIABLE_ASSIGNMENT|[162]|PSetName|{"s":1,"v":{"Id":"0PS36000000mmnWGAQ","Label":"00e1a000000MWaHAAW","Name":"X00e1a000000MWaHAAW","NamespacePrefix":"shiva15testns","UserLicenseId":"10036000000eSq8AAE","CreatedDate":"2016-03-08T19:00:02.000Z"}}|0x68fb7604
19:07:55.0 (11911885)|STATEMENT_EXECUTE|[162]
19:07:55.0 (11943596)|ENTERING_MANAGED_PKG|
19:07:55.0 (11961456)|STATEMENT_EXECUTE|[163]
19:07:55.0 (11979040)|HEAP_ALLOCATE|[162]|Bytes:5
19:07:55.0 (12015206)|HEAP_ALLOCATE|[162]|Bytes:28
19:07:55.0 (12031323)|VARIABLE_SCOPE_BEGIN|[162]|PSetName|PermissionSet|true|false
19:07:55.0 (12061862)|VARIABLE_ASSIGNMENT|[162]|PSetName|{"s":1,"v":{"Id":"0PS36000000mmnXGAQ","Label":"00e1a000000MWaIAAW","Name":"X00e1a000000MWaIAAW","NamespacePrefix":"shiva15testns","UserLicenseId":"10036000000eSq9AAE","CreatedDate":"2016-03-08T19:00:02.000Z"}}|0x35164a8b
19:07:55.0 (12068651)|STATEMENT_EXECUTE|[162]
19:07:55.0 (12096023)|ENTERING_MANAGED_PKG|
19:07:55.0 (12110942)|STATEMENT_EXECUTE|[163]
19:07:55.0 (12127300)|HEAP_ALLOCATE|[162]|Bytes:5
19:07:55.0 (12161761)|HEAP_ALLOCATE|[162]|Bytes:28
19:07:55.0 (12174180)|VARIABLE_SCOPE_BEGIN|[162]|PSetName|PermissionSet|true|false
19:07:55.0 (12209520)|VARIABLE_ASSIGNMENT|[162]|PSetName|{"s":1,"v":{"Id":"0PS36000000mmnYGAQ","Label":"00e1a000000MWaJAAW","Name":"X00e1a000000MWaJAAW","NamespacePrefix":"shiva15testns","UserLicenseId":"10036000000eSqAAAU","CreatedDate":"2016-03-08T19:00:02.000Z"}}|0x3391f0d9
19:07:55.0 (12216424)|STATEMENT_EXECUTE|[162]
19:07:55.0 (12245189)|ENTERING_MANAGED_PKG|
19:07:55.0 (12260011)|STATEMENT_EXECUTE|[163]
19:07:55.0 (12275190)|HEAP_ALLOCATE|[162]|Bytes:5
19:07:55.0 (12302750)|HEAP_ALLOCATE|[162]|Bytes:28
19:07:55.0 (12314764)|VARIABLE_SCOPE_BEGIN|[162]|PSetName|PermissionSet|true|false
19:07:55.0 (12346092)|VARIABLE_ASSIGNMENT|[162]|PSetName|{"s":1,"v":{"Id":"0PS36000000mmnZGAQ","Label":"00e1a000000MWaKAAW","Name":"X00e1a000000MWaKAAW","NamespacePrefix":"shiva15testns","UserLicenseId":"10036000000eSqBAAU","CreatedDate":"2016-03-08T19:00:02.000Z"}}|0x5490b990
19:07:55.0 (12352861)|STATEMENT_EXECUTE|[162]
19:07:55.0 (12381754)|ENTERING_MANAGED_PKG|
19:07:55.0 (12397283)|STATEMENT_EXECUTE|[163]
19:07:55.0 (12412374)|HEAP_ALLOCATE|[162]|Bytes:5
19:07:55.0 (12440742)|HEAP_ALLOCATE|[162]|Bytes:28
19:07:55.0 (12452712)|VARIABLE_SCOPE_BEGIN|[162]|PSetName|PermissionSet|true|false
19:07:55.0 (12483052)|VARIABLE_ASSIGNMENT|[162]|PSetName|{"s":1,"v":{"Id":"0PS36000000mmnaGAA","Label":"00e1a000000MWaLAAW","Name":"X00e1a000000MWaLAAW","NamespacePrefix":"shiva15testns","UserLicenseId":"10036000000eSqCAAU","CreatedDate":"2016-03-08T19:00:02.000Z"}}|0x6768be50
19:07:55.0 (12489629)|STATEMENT_EXECUTE|[162]
19:07:55.0 (12518780)|ENTERING_MANAGED_PKG|
19:07:55.0 (12537673)|STATEMENT_EXECUTE|[163]
19:07:55.0 (12556672)|HEAP_ALLOCATE|[162]|Bytes:5
19:07:55.0 (12590399)|HEAP_ALLOCATE|[162]|Bytes:28
19:07:55.0 (12602667)|VARIABLE_SCOPE_BEGIN|[162]|PSetName|PermissionSet|true|false
19:07:55.0 (12636781)|VARIABLE_ASSIGNMENT|[162]|PSetName|{"s":1,"v":{"Id":"0PS36000000mmnbGAA","Label":"00e1a000000MWaMAAW","Name":"X00e1a000000MWaMAAW","NamespacePrefix":"shiva15testns","UserLicenseId":"10036000000eSqDAAU","CreatedDate":"2016-03-08T19:00:02.000Z"}}|0x602de224
19:07:55.0 (12644951)|STATEMENT_EXECUTE|[162]
19:07:55.0 (12671387)|ENTERING_MANAGED_PKG|
19:07:55.0 (12682531)|STATEMENT_EXECUTE|[163]
19:07:55.0 (12693840)|HEAP_ALLOCATE|[162]|Bytes:5
19:07:55.0 (12713800)|HEAP_ALLOCATE|[162]|Bytes:28
19:07:55.0 (12721740)|VARIABLE_SCOPE_BEGIN|[162]|PSetName|PermissionSet|true|false
19:07:55.0 (12743472)|VARIABLE_ASSIGNMENT|[162]|PSetName|{"s":1,"v":{"Id":"0PS36000000mmncGAA","Label":"00e1a000000MWaNAAW","Name":"X00e1a000000MWaNAAW","NamespacePrefix":"shiva15testns","UserLicenseId":"10036000000eSqEAAU","CreatedDate":"2016-03-08T19:00:02.000Z"}}|0x5c86c1c0
19:07:55.0 (12748109)|STATEMENT_EXECUTE|[162]
19:07:55.0 (12769661)|ENTERING_MANAGED_PKG|
19:07:55.0 (12779828)|STATEMENT_EXECUTE|[163]
19:07:55.0 (12790939)|HEAP_ALLOCATE|[162]|Bytes:5
19:07:55.0 (12810007)|HEAP_ALLOCATE|[162]|Bytes:28
19:07:55.0 (12817685)|VARIABLE_SCOPE_BEGIN|[162]|PSetName|PermissionSet|true|false
19:07:55.0 (12838895)|VARIABLE_ASSIGNMENT|[162]|PSetName|{"s":1,"v":{"Id":"0PS36000000mmndGAA","Label":"00e1a000000MWaOAAW","Name":"X00e1a000000MWaOAAW","NamespacePrefix":"shiva15testns","UserLicenseId":"10036000000eSqFAAU","CreatedDate":"2016-03-08T19:00:02.000Z"}}|0xd8bbff9
19:07:55.0 (12843654)|STATEMENT_EXECUTE|[162]
19:07:55.0 (12865127)|ENTERING_MANAGED_PKG|
19:07:55.0 (12875285)|STATEMENT_EXECUTE|[163]
19:07:55.0 (12885881)|HEAP_ALLOCATE|[162]|Bytes:5
19:07:55.0 (12904790)|HEAP_ALLOCATE|[162]|Bytes:28
19:07:55.0 (12912228)|VARIABLE_SCOPE_BEGIN|[162]|PSetName|PermissionSet|true|false
19:07:55.0 (12933247)|VARIABLE_ASSIGNMENT|[162]|PSetName|{"s":1,"v":{"Id":"0PS36000000mmneGAA","Label":"00e1a000000MWaPAAW","Name":"X00e1a000000MWaPAAW","NamespacePrefix":"shiva15testns","UserLicenseId":"10036000000eSqGAAU","CreatedDate":"2016-03-08T19:00:02.000Z"}}|0x2f330a26
19:07:55.0 (12937924)|STATEMENT_EXECUTE|[162]
19:07:55.0 (12959112)|ENTERING_MANAGED_PKG|
19:07:55.0 (12988920)|STATEMENT_EXECUTE|[163]
19:07:55.0 (13003073)|HEAP_ALLOCATE|[162]|Bytes:5
19:07:55.0 (13025107)|HEAP_ALLOCATE|[162]|Bytes:28
19:07:55.0 (13033090)|VARIABLE_SCOPE_BEGIN|[162]|PSetName|PermissionSet|true|false
19:07:55.0 (13055012)|VARIABLE_ASSIGNMENT|[162]|PSetName|{"s":1,"v":{"Id":"0PS36000000mmnfGAA","Label":"00e1a000000MWaQAAW","Name":"X00e1a000000MWaQAAW","NamespacePrefix":"shiva15testns","UserLicenseId":"10036000000eSqHAAU","CreatedDate":"2016-03-08T19:00:02.000Z"}}|0x2000e126
19:07:55.0 (13059317)|STATEMENT_EXECUTE|[162]
19:07:55.0 (13081005)|ENTERING_MANAGED_PKG|
19:07:55.0 (13091267)|STATEMENT_EXECUTE|[163]
19:07:55.0 (13102013)|HEAP_ALLOCATE|[162]|Bytes:5
19:07:55.0 (13121374)|HEAP_ALLOCATE|[162]|Bytes:28
19:07:55.0 (13129083)|VARIABLE_SCOPE_BEGIN|[162]|PSetName|PermissionSet|true|false
19:07:55.0 (13150484)|VARIABLE_ASSIGNMENT|[162]|PSetName|{"s":1,"v":{"Id":"0PS36000000mmngGAA","Label":"00e1a000000MWaRAAW","Name":"X00e1a000000MWaRAAW","NamespacePrefix":"shiva15testns","UserLicenseId":"10036000000eSqIAAU","CreatedDate":"2016-03-08T19:00:02.000Z"}}|0x4a62bc27
19:07:55.0 (13155430)|STATEMENT_EXECUTE|[162]
19:07:55.0 (13177012)|ENTERING_MANAGED_PKG|
19:07:55.0 (13191398)|STATEMENT_EXECUTE|[163]
19:07:55.0 (13202883)|HEAP_ALLOCATE|[162]|Bytes:5
19:07:55.0 (13222213)|HEAP_ALLOCATE|[162]|Bytes:28
19:07:55.0 (13230027)|VARIABLE_SCOPE_BEGIN|[162]|PSetName|PermissionSet|true|false
19:07:55.0 (13251407)|VARIABLE_ASSIGNMENT|[162]|PSetName|{"s":1,"v":{"Id":"0PS36000000mmnhGAA","Label":"00e1a000000MWaSAAW","Name":"X00e1a000000MWaSAAW","NamespacePrefix":"shiva15testns","UserLicenseId":"10036000000eSqJAAU","CreatedDate":"2016-03-08T19:00:02.000Z"}}|0x1ac6b6e5
19:07:55.0 (13255976)|STATEMENT_EXECUTE|[162]
19:07:55.0 (13277448)|ENTERING_MANAGED_PKG|
19:07:55.0 (13287510)|STATEMENT_EXECUTE|[163]
19:07:55.0 (13298127)|HEAP_ALLOCATE|[162]|Bytes:5
19:07:55.0 (13317095)|HEAP_ALLOCATE|[162]|Bytes:28
19:07:55.0 (13325112)|VARIABLE_SCOPE_BEGIN|[162]|PSetName|PermissionSet|true|false
19:07:55.0 (13346203)|VARIABLE_ASSIGNMENT|[162]|PSetName|{"s":1,"v":{"Id":"0PS36000000mmniGAA","Label":"00e1a000000MWaTAAW","Name":"X00e1a000000MWaTAAW","NamespacePrefix":"shiva15testns","UserLicenseId":"10036000000eSqJAAU","CreatedDate":"2016-03-08T19:00:02.000Z"}}|0x2d93fda1
19:07:55.0 (13350816)|STATEMENT_EXECUTE|[162]
19:07:55.0 (13372137)|ENTERING_MANAGED_PKG|
19:07:55.0 (13382400)|STATEMENT_EXECUTE|[163]
19:07:55.0 (13393190)|HEAP_ALLOCATE|[162]|Bytes:5
19:07:55.0 (13412383)|HEAP_ALLOCATE|[162]|Bytes:28
19:07:55.0 (13419980)|VARIABLE_SCOPE_BEGIN|[162]|PSetName|PermissionSet|true|false
19:07:55.0 (13441377)|VARIABLE_ASSIGNMENT|[162]|PSetName|{"s":1,"v":{"Id":"0PS36000000mmnjGAA","Label":"00e1a000000MWaUAAW","Name":"X00e1a000000MWaUAAW","NamespacePrefix":"shiva15testns","UserLicenseId":"10036000000eSqKAAU","CreatedDate":"2016-03-08T19:00:02.000Z"}}|0xa3d30e4
19:07:55.0 (13445844)|STATEMENT_EXECUTE|[162]
19:07:55.0 (13467398)|ENTERING_MANAGED_PKG|
19:07:55.0 (13477559)|STATEMENT_EXECUTE|[163]
19:07:55.0 (13488192)|HEAP_ALLOCATE|[162]|Bytes:5
19:07:55.0 (13507286)|HEAP_ALLOCATE|[162]|Bytes:28
19:07:55.0 (13514913)|VARIABLE_SCOPE_BEGIN|[162]|PSetName|PermissionSet|true|false
19:07:55.0 (13535887)|VARIABLE_ASSIGNMENT|[162]|PSetName|{"s":1,"v":{"Id":"0PS36000000mmnlGAA","Label":"00e1a000000N1LRAA0","Name":"X00e1a000000N1LRAA0","NamespacePrefix":"shiva15testns","UserLicenseId":"10036000000eSqLAAU","CreatedDate":"2016-03-08T19:00:02.000Z"}}|0x55e13600
19:07:55.0 (13540493)|STATEMENT_EXECUTE|[162]
19:07:55.0 (13561785)|ENTERING_MANAGED_PKG|
19:07:55.0 (13571756)|STATEMENT_EXECUTE|[163]
19:07:55.0 (13582395)|HEAP_ALLOCATE|[162]|Bytes:5
19:07:55.0 (13601795)|HEAP_ALLOCATE|[162]|Bytes:28
19:07:55.0 (13609410)|VARIABLE_SCOPE_BEGIN|[162]|PSetName|PermissionSet|true|false
19:07:55.0 (13630811)|VARIABLE_ASSIGNMENT|[162]|PSetName|{"s":1,"v":{"Id":"0PS36000000mmnmGAA","Label":"00e1a000000N1LSAA0","Name":"X00e1a000000N1LSAA0","NamespacePrefix":"shiva15testns","UserLicenseId":"10036000000eSqMAAU","CreatedDate":"2016-03-08T19:00:02.000Z"}}|0x7a3fd3c7
19:07:55.0 (13635783)|STATEMENT_EXECUTE|[162]
19:07:55.0 (13657302)|ENTERING_MANAGED_PKG|
19:07:55.0 (13667267)|STATEMENT_EXECUTE|[163]
19:07:55.0 (13677944)|HEAP_ALLOCATE|[162]|Bytes:5
19:07:55.0 (13696707)|HEAP_ALLOCATE|[162]|Bytes:28
19:07:55.0 (13704382)|VARIABLE_SCOPE_BEGIN|[162]|PSetName|PermissionSet|true|false
19:07:55.0 (13726126)|VARIABLE_ASSIGNMENT|[162]|PSetName|{"s":1,"v":{"Id":"0PS36000000mmnnGAA","Label":"00e1a000000N1wKAAS","Name":"X00e1a000000N1wKAAS","NamespacePrefix":"shiva15testns","UserLicenseId":"10036000000eSqNAAU","CreatedDate":"2016-03-08T19:00:02.000Z"}}|0x487347d4
19:07:55.0 (13730688)|STATEMENT_EXECUTE|[162]
19:07:55.0 (13752078)|ENTERING_MANAGED_PKG|
19:07:55.0 (13762059)|STATEMENT_EXECUTE|[163]
19:07:55.0 (13772609)|HEAP_ALLOCATE|[162]|Bytes:5
19:07:55.0 (13791608)|HEAP_ALLOCATE|[162]|Bytes:28
19:07:55.0 (13799172)|VARIABLE_SCOPE_BEGIN|[162]|PSetName|PermissionSet|true|false
19:07:55.0 (13820600)|VARIABLE_ASSIGNMENT|[162]|PSetName|{"s":1,"v":{"Id":"0PS36000000mmnoGAA","Label":"00e1a000000N1wLAAS","Name":"X00e1a000000N1wLAAS","NamespacePrefix":"shiva15testns","UserLicenseId":"10036000000eSqNAAU","CreatedDate":"2016-03-08T19:00:02.000Z"}}|0x2b2af42e
19:07:55.0 (13825227)|STATEMENT_EXECUTE|[162]
19:07:55.0 (13846297)|ENTERING_MANAGED_PKG|
19:07:55.0 (13856296)|STATEMENT_EXECUTE|[163]
19:07:55.0 (13866829)|HEAP_ALLOCATE|[162]|Bytes:5
19:07:55.0 (13885510)|HEAP_ALLOCATE|[162]|Bytes:28
19:07:55.0 (13893021)|VARIABLE_SCOPE_BEGIN|[162]|PSetName|PermissionSet|true|false
19:07:55.0 (13914815)|VARIABLE_ASSIGNMENT|[162]|PSetName|{"s":1,"v":{"Id":"0PS36000000mmnqGAA","Label":"00e1a000000MWaAAAW","Name":"X00e1a000000MWaAAAW","NamespacePrefix":"shiva15testns","UserLicenseId":"10036000000eSq1AAE","CreatedDate":"2016-03-08T19:00:02.000Z"}}|0x7727967d
19:07:55.0 (13919451)|STATEMENT_EXECUTE|[162]
19:07:55.0 (13940659)|ENTERING_MANAGED_PKG|
19:07:55.0 (13950690)|STATEMENT_EXECUTE|[163]
19:07:55.0 (13961663)|HEAP_ALLOCATE|[162]|Bytes:5
19:07:55.0 (13982611)|HEAP_ALLOCATE|[162]|Bytes:32
19:07:55.0 (13992115)|VARIABLE_SCOPE_BEGIN|[162]|PSetName|PermissionSet|true|false
19:07:55.0 (14016127)|VARIABLE_ASSIGNMENT|[162]|PSetName|{"s":1,"v":{"Id":"0PS36000000q71PGAQ","Label":"PermissionSet_Test","Name":"PermissionSet_Test","Description":"This is for testing  (11 more) ...","NamespacePrefix":"shiva15testns","UserLicenseId":"10036000000eSpyAAE","CreatedDate":"2016-03-20T22:41:12.000Z"}}|0x7382d2b5
19:07:55.0 (14021735)|STATEMENT_EXECUTE|[162]
19:07:55.0 (14043913)|ENTERING_MANAGED_PKG|
19:07:55.0 (14054236)|STATEMENT_EXECUTE|[163]
19:07:55.0 (14056080)|STATEMENT_EXECUTE|[164]
19:07:55.0 (14060554)|HEAP_ALLOCATE|[164]|Bytes:52
19:07:55.0 (14067900)|HEAP_ALLOCATE|[164]|Bytes:4
19:07:55.0 (14074054)|HEAP_ALLOCATE|[164]|Bytes:7
19:07:55.0 (14993171)|SOQL_EXECUTE_BEGIN|[164]|Aggregations:0|SELECT Id, Name FROM UserLicense WHERE Id = :tmpVar1
19:07:55.0 (17362221)|SOQL_EXECUTE_END|[164]|Rows:1
19:07:55.0 (17388914)|HEAP_ALLOCATE|[164]|Bytes:8
19:07:55.0 (17405430)|HEAP_ALLOCATE|[164]|Bytes:47
19:07:55.0 (17491581)|HEAP_ALLOCATE|[164]|Bytes:8
19:07:55.0 (17507549)|HEAP_ALLOCATE|[164]|Bytes:37
19:07:55.0 (17590244)|HEAP_ALLOCATE|[164]|Bytes:12
19:07:55.0 (17603345)|VARIABLE_SCOPE_BEGIN|[164]|ulicense|UserLicense|true|false
19:07:55.0 (17628637)|VARIABLE_ASSIGNMENT|[164]|ulicense|{"s":1,"v":{"Id":"10036000000eSpyAAE","Name":"Salesforce"}}|0x348314e2
19:07:55.0 (17635080)|STATEMENT_EXECUTE|[165]
19:07:55.0 (17646183)|HEAP_ALLOCATE|[165]|Bytes:240
19:07:55.0 (17656275)|HEAP_ALLOCATE|[165]|Bytes:39
19:07:55.0 (17668601)|HEAP_ALLOCATE|[165]|Bytes:32
19:07:55.0 (17744149)|ENTERING_MANAGED_PKG|
19:07:55.0 (17781958)|HEAP_ALLOCATE|[165]|Bytes:18
19:07:55.0 (17901736)|ENTERING_MANAGED_PKG|
19:07:55.0 (17933455)|HEAP_ALLOCATE|[165]|Bytes:19
19:07:55.0 (17982847)|CONSTRUCTOR_ENTRY|[165]|01p36000005Jpvx|<init>(String,String,String,String,String,String,String)
19:07:55.0 (18021394)|VARIABLE_SCOPE_BEGIN|[1054]|this|shiva15testns.PermissionSetPortalControllers.PermissionSetClass|true|false
19:07:55.0 (18075898)|VARIABLE_ASSIGNMENT|[1054]|this|{}|0x6cf19428
19:07:55.0 (18085571)|VARIABLE_SCOPE_BEGIN|[1054]|label|String|false|false
19:07:55.0 (18094256)|VARIABLE_ASSIGNMENT|[1054]|label|"PermissionSet_Test"
19:07:55.0 (18099853)|VARIABLE_SCOPE_BEGIN|[1054]|apiName|String|false|false
19:07:55.0 (18104880)|VARIABLE_ASSIGNMENT|[1054]|apiName|"PermissionSet_Test"
19:07:55.0 (18109005)|VARIABLE_SCOPE_BEGIN|[1054]|id|String|false|false
19:07:55.0 (18113854)|VARIABLE_ASSIGNMENT|[1054]|id|"0PS36000000q71PGAQ"
19:07:55.0 (18117847)|VARIABLE_SCOPE_BEGIN|[1054]|description|String|false|false
19:07:55.0 (18124206)|VARIABLE_ASSIGNMENT|[1054]|description|"This is for testing  (11 more) ..."
19:07:55.0 (18129862)|VARIABLE_SCOPE_BEGIN|[1054]|namespacePrefix|String|false|false
19:07:55.0 (18136209)|VARIABLE_ASSIGNMENT|[1054]|namespacePrefix|"shiva15testns"
19:07:55.0 (18141236)|VARIABLE_SCOPE_BEGIN|[1054]|userLicenseId|String|false|false
19:07:55.0 (18146997)|VARIABLE_ASSIGNMENT|[1054]|userLicenseId|"Salesforce"
19:07:55.0 (18151824)|VARIABLE_SCOPE_BEGIN|[1054]|createdDate|String|false|false
19:07:55.0 (18157440)|VARIABLE_ASSIGNMENT|[1054]|createdDate|"2016-03-20 15:41:12"
19:07:55.0 (18163264)|STATEMENT_EXECUTE|[1037]
19:07:55.0 (18166548)|STATEMENT_EXECUTE|[1040]
19:07:55.0 (18169743)|STATEMENT_EXECUTE|[1042]
19:07:55.0 (18172175)|STATEMENT_EXECUTE|[1044]
19:07:55.0 (18174384)|STATEMENT_EXECUTE|[1046]
19:07:55.0 (18176541)|STATEMENT_EXECUTE|[1048]
19:07:55.0 (18178564)|STATEMENT_EXECUTE|[1050]
19:07:55.0 (18180616)|STATEMENT_EXECUTE|[1052]
19:07:55.0 (18192550)|HEAP_ALLOCATE|[1056]|Bytes:6
19:07:55.0 (18242122)|STATEMENT_EXECUTE|[1055]
19:07:55.0 (18246768)|STATEMENT_EXECUTE|[1056]
19:07:55.0 (18378270)|VARIABLE_ASSIGNMENT|[EXTERNAL]|this|{}|0x6cf19428
19:07:55.0 (18392588)|VARIABLE_ASSIGNMENT|[EXTERNAL]|value|"PermissionSet_Test"
19:07:55.0 (18431714)|VARIABLE_ASSIGNMENT|[1040]|this.label|"PermissionSet_Test"|0x6cf19428
19:07:55.0 (18445772)|STATEMENT_EXECUTE|[1057]
19:07:55.0 (18529032)|VARIABLE_ASSIGNMENT|[EXTERNAL]|this|{"label":"PermissionSet_Test"}|0x6cf19428
19:07:55.0 (18541741)|VARIABLE_ASSIGNMENT|[EXTERNAL]|value|"PermissionSet_Test"
19:07:55.0 (18557500)|VARIABLE_ASSIGNMENT|[1042]|this.apiName|"PermissionSet_Test"|0x6cf19428
19:07:55.0 (18570117)|STATEMENT_EXECUTE|[1058]
19:07:55.0 (18654543)|VARIABLE_ASSIGNMENT|[EXTERNAL]|this|{"apiName":"PermissionSet_Test","label":"PermissionSet_Test"}|0x6cf19428
19:07:55.0 (18670240)|VARIABLE_ASSIGNMENT|[EXTERNAL]|value|"0PS36000000q71PGAQ"
19:07:55.0 (18685734)|VARIABLE_ASSIGNMENT|[1044]|this.id|"0PS36000000q71PGAQ"|0x6cf19428
19:07:55.0 (18698307)|STATEMENT_EXECUTE|[1059]
19:07:55.0 (18780854)|VARIABLE_ASSIGNMENT|[EXTERNAL]|this|{"apiName":"PermissionSet_Test","id":"0PS36000000q71PGAQ","label":"PermissionSet_Test"}|0x6cf19428
19:07:55.0 (18796911)|VARIABLE_ASSIGNMENT|[EXTERNAL]|value|"This is for testing  (11 more) ..."
19:07:55.0 (18813310)|VARIABLE_ASSIGNMENT|[1046]|this.description|"This is for testing  (11 more) ..."|0x6cf19428
19:07:55.0 (18825465)|STATEMENT_EXECUTE|[1060]
19:07:55.0 (18905695)|VARIABLE_ASSIGNMENT|[EXTERNAL]|this|{"apiName":"PermissionSet_Test","description":"This is for testing  (11 more) ...","id":"0PS36000000q71PGAQ","label":"PermissionSet_Test"}|0x6cf19428
19:07:55.0 (18918962)|VARIABLE_ASSIGNMENT|[EXTERNAL]|value|"shiva15testns"
19:07:55.0 (18933288)|VARIABLE_ASSIGNMENT|[1048]|this.namespacePrefix|"shiva15testns"|0x6cf19428
19:07:55.0 (18944593)|STATEMENT_EXECUTE|[1061]
19:07:55.0 (19032873)|VARIABLE_ASSIGNMENT|[EXTERNAL]|this|{"apiName":"PermissionSet_Test","description":"This is for testing  (11 more) ...","id":"0PS36000000q71PGAQ","label":"PermissionSet_Test","namespacePrefix":"shiva15testns"}|0x6cf19428
19:07:55.0 (19047182)|VARIABLE_ASSIGNMENT|[EXTERNAL]|value|"Salesforce"
19:07:55.0 (19061263)|VARIABLE_ASSIGNMENT|[1050]|this.userLicenseId|"Salesforce"|0x6cf19428
19:07:55.0 (19074197)|STATEMENT_EXECUTE|[1062]
19:07:55.0 (19159680)|VARIABLE_ASSIGNMENT|[EXTERNAL]|this|{"apiName":"PermissionSet_Test","description":"This is for testing  (11 more) ...","id":"0PS36000000q71PGAQ","label":"PermissionSet_Test","namespacePrefix":"shiva15testns","userLicenseId":"Salesforce"}|0x6cf19428
19:07:55.0 (19172882)|VARIABLE_ASSIGNMENT|[EXTERNAL]|value|"2016-03-20 15:41:12"
19:07:55.0 (19188152)|VARIABLE_ASSIGNMENT|[1052]|this.createdDate|"2016-03-20 15:41:12"|0x6cf19428
19:07:55.0 (19212801)|CONSTRUCTOR_EXIT|[165]|01p36000005Jpvx|<init>(String,String,String,String,String,String,String)
19:07:55.0 (19254149)|VARIABLE_ASSIGNMENT|[165]|pSetObj|{"apiName":"PermissionSet_Test","createdDate":"2016-03-20 15:41:12","description":"This is for testing  (11 more) ...","id":"0PS36000000q71PGAQ","label":"PermissionSet_Test","namespacePrefix":"shiva15testns","userLicenseId":"Salesforce"}|0x6cf19428
19:07:55.0 (19260738)|STATEMENT_EXECUTE|[167]
19:07:55.0 (19282612)|ENTERING_MANAGED_PKG|
19:07:55.0 (19316777)|HEAP_ALLOCATE|[EXTERNAL]|Bytes:4
19:07:55.0 (19329257)|STATEMENT_EXECUTE|[168]
19:07:55.0 (19591610)|HEAP_ALLOCATE|[168]|Bytes:24
19:07:55.0 (19620093)|ENTERING_MANAGED_PKG|
19:07:55.0 (19864873)|HEAP_ALLOCATE|[168]|Bytes:231
19:07:55.0 (19898980)|HEAP_ALLOCATE|[168]|Bytes:255
19:07:55.0 (19935061)|ENTERING_MANAGED_PKG|
19:07:55.0 (19989705)|USER_DEBUG|[168]|ERROR|The PermissionSet Name: PermissionSet:{Id=0PS36000000q71PGAQ, Label=PermissionSet_Test, Name=PermissionSet_Test, Description=This is for testing Description, NamespacePrefix=shiva15testns, UserLicenseId=10036000000eSpyAAE, CreatedDate=2016-03-20 22:41:12}
19:07:55.0 (20020489)|HEAP_ALLOCATE|[162]|Bytes:5
19:07:55.0 (20052303)|HEAP_ALLOCATE|[162]|Bytes:32
19:07:55.0 (20061974)|VARIABLE_SCOPE_BEGIN|[162]|PSetName|PermissionSet|true|false
19:07:55.0 (20089979)|VARIABLE_ASSIGNMENT|[162]|PSetName|{"s":1,"v":{"Id":"0PS360000016pyOGAQ","Label":"Final_Test","Name":"Final_Test","Description":"Descp","NamespacePrefix":"shiva15testns","UserLicenseId":"10036000000eSpyAAE","CreatedDate":"2016-05-03T01:36:03.000Z"}}|0x219d76f6
19:07:55.0 (20095112)|STATEMENT_EXECUTE|[162]
19:07:55.0 (20119720)|ENTERING_MANAGED_PKG|
19:07:55.0 (20131024)|STATEMENT_EXECUTE|[163]
19:07:55.0 (20132666)|STATEMENT_EXECUTE|[164]
19:07:55.0 (20137635)|HEAP_ALLOCATE|[164]|Bytes:4
19:07:55.0 (20341176)|SOQL_EXECUTE_BEGIN|[164]|Aggregations:0|SELECT Id, Name FROM UserLicense WHERE Id = :tmpVar1
19:07:55.0 (22293279)|SOQL_EXECUTE_END|[164]|Rows:1
19:07:55.0 (22313433)|HEAP_ALLOCATE|[164]|Bytes:8
19:07:55.0 (22325772)|HEAP_ALLOCATE|[164]|Bytes:47
19:07:55.0 (22342154)|HEAP_ALLOCATE|[164]|Bytes:8
19:07:55.0 (22373959)|HEAP_ALLOCATE|[164]|Bytes:12
19:07:55.0 (22383003)|VARIABLE_SCOPE_BEGIN|[164]|ulicense|UserLicense|true|false
19:07:55.0 (22400640)|VARIABLE_ASSIGNMENT|[164]|ulicense|{"s":1,"v":{"Id":"10036000000eSpyAAE","Name":"Salesforce"}}|0x152f58dd
19:07:55.0 (22404484)|STATEMENT_EXECUTE|[165]
19:07:55.0 (22410135)|HEAP_ALLOCATE|[165]|Bytes:32
19:07:55.0 (22436870)|ENTERING_MANAGED_PKG|
19:07:55.0 (22442183)|HEAP_ALLOCATE|[165]|Bytes:18
19:07:55.0 (22472277)|ENTERING_MANAGED_PKG|
19:07:55.0 (22486419)|HEAP_ALLOCATE|[165]|Bytes:19
19:07:55.0 (22506560)|CONSTRUCTOR_ENTRY|[165]|01p36000005Jpvx|<init>(String,String,String,String,String,String,String)
19:07:55.0 (22512619)|VARIABLE_SCOPE_BEGIN|[1054]|this|shiva15testns.PermissionSetPortalControllers.PermissionSetClass|true|false
19:07:55.0 (22538342)|VARIABLE_ASSIGNMENT|[1054]|this|{}|0x65a5355a
19:07:55.0 (22541761)|VARIABLE_SCOPE_BEGIN|[1054]|label|String|false|false
19:07:55.0 (22546885)|VARIABLE_ASSIGNMENT|[1054]|label|"Final_Test"
19:07:55.0 (22548818)|VARIABLE_SCOPE_BEGIN|[1054]|apiName|String|false|false
19:07:55.0 (22551620)|VARIABLE_ASSIGNMENT|[1054]|apiName|"Final_Test"
19:07:55.0 (22553498)|VARIABLE_SCOPE_BEGIN|[1054]|id|String|false|false
19:07:55.0 (22557220)|VARIABLE_ASSIGNMENT|[1054]|id|"0PS360000016pyOGAQ"
19:07:55.0 (22558973)|VARIABLE_SCOPE_BEGIN|[1054]|description|String|false|false
19:07:55.0 (22561933)|VARIABLE_ASSIGNMENT|[1054]|description|"Descp"
19:07:55.0 (22563763)|VARIABLE_SCOPE_BEGIN|[1054]|namespacePrefix|String|false|false
19:07:55.0 (22566569)|VARIABLE_ASSIGNMENT|[1054]|namespacePrefix|"shiva15testns"
19:07:55.0 (22568416)|VARIABLE_SCOPE_BEGIN|[1054]|userLicenseId|String|false|false
19:07:55.0 (22571194)|VARIABLE_ASSIGNMENT|[1054]|userLicenseId|"Salesforce"
19:07:55.0 (22573172)|VARIABLE_SCOPE_BEGIN|[1054]|createdDate|String|false|false
19:07:55.0 (22576100)|VARIABLE_ASSIGNMENT|[1054]|createdDate|"2016-05-02 18:36:03"
19:07:55.0 (22579278)|STATEMENT_EXECUTE|[1037]
19:07:55.0 (22580647)|STATEMENT_EXECUTE|[1040]
19:07:55.0 (22582315)|STATEMENT_EXECUTE|[1042]
19:07:55.0 (22583594)|STATEMENT_EXECUTE|[1044]
19:07:55.0 (22584785)|STATEMENT_EXECUTE|[1046]
19:07:55.0 (22585976)|STATEMENT_EXECUTE|[1048]
19:07:55.0 (22587277)|STATEMENT_EXECUTE|[1050]
19:07:55.0 (22588425)|STATEMENT_EXECUTE|[1052]
19:07:55.0 (22600748)|STATEMENT_EXECUTE|[1055]
19:07:55.0 (22602308)|STATEMENT_EXECUTE|[1056]
19:07:55.0 (22624557)|VARIABLE_ASSIGNMENT|[EXTERNAL]|this|{}|0x65a5355a
19:07:55.0 (22630188)|VARIABLE_ASSIGNMENT|[EXTERNAL]|value|"Final_Test"
19:07:55.0 (22638187)|VARIABLE_ASSIGNMENT|[1040]|this.label|"Final_Test"|0x65a5355a
19:07:55.0 (22645158)|STATEMENT_EXECUTE|[1057]
19:07:55.0 (22665956)|VARIABLE_ASSIGNMENT|[EXTERNAL]|this|{"label":"Final_Test"}|0x65a5355a
19:07:55.0 (22670500)|VARIABLE_ASSIGNMENT|[EXTERNAL]|value|"Final_Test"
19:07:55.0 (22677007)|VARIABLE_ASSIGNMENT|[1042]|this.apiName|"Final_Test"|0x65a5355a
19:07:55.0 (22684334)|STATEMENT_EXECUTE|[1058]
19:07:55.0 (22723608)|VARIABLE_ASSIGNMENT|[EXTERNAL]|this|{"apiName":"Final_Test","label":"Final_Test"}|0x65a5355a
19:07:55.0 (22733529)|VARIABLE_ASSIGNMENT|[EXTERNAL]|value|"0PS360000016pyOGAQ"
19:07:55.0 (22749210)|VARIABLE_ASSIGNMENT|[1044]|this.id|"0PS360000016pyOGAQ"|0x65a5355a
19:07:55.0 (22763122)|STATEMENT_EXECUTE|[1059]
19:07:55.0 (22802086)|VARIABLE_ASSIGNMENT|[EXTERNAL]|this|{"apiName":"Final_Test","id":"0PS360000016pyOGAQ","label":"Final_Test"}|0x65a5355a
19:07:55.0 (22810577)|VARIABLE_ASSIGNMENT|[EXTERNAL]|value|"Descp"
19:07:55.0 (22823726)|VARIABLE_ASSIGNMENT|[1046]|this.description|"Descp"|0x65a5355a
19:07:55.0 (22836110)|STATEMENT_EXECUTE|[1060]
19:07:55.0 (22882644)|VARIABLE_ASSIGNMENT|[EXTERNAL]|this|{"apiName":"Final_Test","description":"Descp","id":"0PS360000016pyOGAQ","label":"Final_Test"}|0x65a5355a
19:07:55.0 (22893828)|VARIABLE_ASSIGNMENT|[EXTERNAL]|value|"shiva15testns"
19:07:55.0 (22907306)|VARIABLE_ASSIGNMENT|[1048]|this.namespacePrefix|"shiva15testns"|0x65a5355a
19:07:55.0 (22921282)|STATEMENT_EXECUTE|[1061]
19:07:55.0 (22966181)|VARIABLE_ASSIGNMENT|[EXTERNAL]|this|{"apiName":"Final_Test","description":"Descp","id":"0PS360000016pyOGAQ","label":"Final_Test","namespacePrefix":"shiva15testns"}|0x65a5355a
19:07:55.0 (22976626)|VARIABLE_ASSIGNMENT|[EXTERNAL]|value|"Salesforce"
19:07:55.0 (22991011)|VARIABLE_ASSIGNMENT|[1050]|this.userLicenseId|"Salesforce"|0x65a5355a
19:07:55.0 (23004651)|STATEMENT_EXECUTE|[1062]
19:07:55.0 (23054513)|VARIABLE_ASSIGNMENT|[EXTERNAL]|this|{"apiName":"Final_Test","description":"Descp","id":"0PS360000016pyOGAQ","label":"Final_Test","namespacePrefix":"shiva15testns","userLicenseId":"Salesforce"}|0x65a5355a
19:07:55.0 (23066105)|VARIABLE_ASSIGNMENT|[EXTERNAL]|value|"2016-05-02 18:36:03"
19:07:55.0 (23079380)|VARIABLE_ASSIGNMENT|[1052]|this.createdDate|"2016-05-02 18:36:03"|0x65a5355a
19:07:55.0 (23103834)|CONSTRUCTOR_EXIT|[165]|01p36000005Jpvx|<init>(String,String,String,String,String,String,String)
19:07:55.0 (23140682)|VARIABLE_ASSIGNMENT|[165]|pSetObj|{"apiName":"Final_Test","createdDate":"2016-05-02 18:36:03","description":"Descp","id":"0PS360000016pyOGAQ","label":"Final_Test","namespacePrefix":"shiva15testns","userLicenseId":"Salesforce"}|0x65a5355a
19:07:55.0 (23147080)|STATEMENT_EXECUTE|[167]
19:07:55.0 (23166136)|ENTERING_MANAGED_PKG|
19:07:55.0 (23174465)|HEAP_ALLOCATE|[EXTERNAL]|Bytes:4
19:07:55.0 (23189853)|STATEMENT_EXECUTE|[168]
19:07:55.0 (23212559)|ENTERING_MANAGED_PKG|
19:07:55.0 (23293215)|HEAP_ALLOCATE|[168]|Bytes:189
19:07:55.0 (23321784)|HEAP_ALLOCATE|[168]|Bytes:213
19:07:55.0 (23347263)|ENTERING_MANAGED_PKG|
19:07:55.0 (23364218)|USER_DEBUG|[168]|ERROR|The PermissionSet Name: PermissionSet:{Id=0PS360000016pyOGAQ, Label=Final_Test, Name=Final_Test, Description=Descp, NamespacePrefix=shiva15testns, UserLicenseId=10036000000eSpyAAE, CreatedDate=2016-05-03 01:36:03}
19:07:55.0 (23397026)|HEAP_ALLOCATE|[162]|Bytes:5
19:07:55.0 (23436519)|HEAP_ALLOCATE|[162]|Bytes:32
19:07:55.0 (23452831)|VARIABLE_SCOPE_BEGIN|[162]|PSetName|PermissionSet|true|false
19:07:55.0 (23492884)|VARIABLE_ASSIGNMENT|[162]|PSetName|{"s":1,"v":{"Id":"0PS360000016pzlGAA","Label":"Final_Error_Testing","Name":"Final_Error_Testing","Description":"Descp","NamespacePrefix":"shiva15testns","UserLicenseId":"10036000000eSpyAAE","CreatedDate":"2016-05-03T01:41:02.000Z"}}|0x5d6a7d6f
19:07:55.0 (23500912)|STATEMENT_EXECUTE|[162]
19:07:55.0 (23538394)|ENTERING_MANAGED_PKG|
19:07:55.0 (23561739)|STATEMENT_EXECUTE|[163]
19:07:55.0 (23565132)|STATEMENT_EXECUTE|[164]
19:07:55.0 (23573026)|HEAP_ALLOCATE|[164]|Bytes:4
19:07:55.0 (23901782)|SOQL_EXECUTE_BEGIN|[164]|Aggregations:0|SELECT Id, Name FROM UserLicense WHERE Id = :tmpVar1
19:07:55.0 (25815910)|SOQL_EXECUTE_END|[164]|Rows:1
19:07:55.0 (25833279)|HEAP_ALLOCATE|[164]|Bytes:8
19:07:55.0 (25845606)|HEAP_ALLOCATE|[164]|Bytes:47
19:07:55.0 (25861625)|HEAP_ALLOCATE|[164]|Bytes:8
19:07:55.0 (25890767)|HEAP_ALLOCATE|[164]|Bytes:12
19:07:55.0 (25899475)|VARIABLE_SCOPE_BEGIN|[164]|ulicense|UserLicense|true|false
19:07:55.0 (25917235)|VARIABLE_ASSIGNMENT|[164]|ulicense|{"s":1,"v":{"Id":"10036000000eSpyAAE","Name":"Salesforce"}}|0x5a2934d9
19:07:55.0 (25921222)|STATEMENT_EXECUTE|[165]
19:07:55.0 (25926686)|HEAP_ALLOCATE|[165]|Bytes:32
19:07:55.0 (25953150)|ENTERING_MANAGED_PKG|
19:07:55.0 (25958463)|HEAP_ALLOCATE|[165]|Bytes:18
19:07:55.0 (25991825)|ENTERING_MANAGED_PKG|
19:07:55.0 (26006358)|HEAP_ALLOCATE|[165]|Bytes:19
19:07:55.0 (26026938)|CONSTRUCTOR_ENTRY|[165]|01p36000005Jpvx|<init>(String,String,String,String,String,String,String)
19:07:55.0 (26032827)|VARIABLE_SCOPE_BEGIN|[1054]|this|shiva15testns.PermissionSetPortalControllers.PermissionSetClass|true|false
19:07:55.0 (26055233)|VARIABLE_ASSIGNMENT|[1054]|this|{}|0xed88c5a
19:07:55.0 (26058626)|VARIABLE_SCOPE_BEGIN|[1054]|label|String|false|false
19:07:55.0 (26063953)|VARIABLE_ASSIGNMENT|[1054]|label|"Final_Error_Testing"
19:07:55.0 (26066067)|VARIABLE_SCOPE_BEGIN|[1054]|apiName|String|false|false
19:07:55.0 (26069064)|VARIABLE_ASSIGNMENT|[1054]|apiName|"Final_Error_Testing"
19:07:55.0 (26070797)|VARIABLE_SCOPE_BEGIN|[1054]|id|String|false|false
19:07:55.0 (26074020)|VARIABLE_ASSIGNMENT|[1054]|id|"0PS360000016pzlGAA"
19:07:55.0 (26075739)|VARIABLE_SCOPE_BEGIN|[1054]|description|String|false|false
19:07:55.0 (26078455)|VARIABLE_ASSIGNMENT|[1054]|description|"Descp"
19:07:55.0 (26080237)|VARIABLE_SCOPE_BEGIN|[1054]|namespacePrefix|String|false|false
19:07:55.0 (26083133)|VARIABLE_ASSIGNMENT|[1054]|namespacePrefix|"shiva15testns"
19:07:55.0 (26085020)|VARIABLE_SCOPE_BEGIN|[1054]|userLicenseId|String|false|false
19:07:55.0 (26087792)|VARIABLE_ASSIGNMENT|[1054]|userLicenseId|"Salesforce"
19:07:55.0 (26089596)|VARIABLE_SCOPE_BEGIN|[1054]|createdDate|String|false|false
19:07:55.0 (26092667)|VARIABLE_ASSIGNMENT|[1054]|createdDate|"2016-05-02 18:41:02"
19:07:55.0 (26095775)|STATEMENT_EXECUTE|[1037]
19:07:55.0 (26097147)|STATEMENT_EXECUTE|[1040]
19:07:55.0 (26098757)|STATEMENT_EXECUTE|[1042]
19:07:55.0 (26099878)|STATEMENT_EXECUTE|[1044]
19:07:55.0 (26101010)|STATEMENT_EXECUTE|[1046]
19:07:55.0 (26102133)|STATEMENT_EXECUTE|[1048]
19:07:55.0 (26103333)|STATEMENT_EXECUTE|[1050]
19:07:55.0 (26104545)|STATEMENT_EXECUTE|[1052]
19:07:55.0 (26116210)|STATEMENT_EXECUTE|[1055]
19:07:55.0 (26117810)|STATEMENT_EXECUTE|[1056]
19:07:55.0 (26139103)|VARIABLE_ASSIGNMENT|[EXTERNAL]|this|{}|0xed88c5a
19:07:55.0 (26144896)|VARIABLE_ASSIGNMENT|[EXTERNAL]|value|"Final_Error_Testing"
19:07:55.0 (26153534)|VARIABLE_ASSIGNMENT|[1040]|this.label|"Final_Error_Testing"|0xed88c5a
19:07:55.0 (26160786)|STATEMENT_EXECUTE|[1057]
19:07:55.0 (26181633)|VARIABLE_ASSIGNMENT|[EXTERNAL]|this|{"label":"Final_Error_Testing"}|0xed88c5a
19:07:55.0 (26191754)|VARIABLE_ASSIGNMENT|[EXTERNAL]|value|"Final_Error_Testing"
19:07:55.0 (26199379)|VARIABLE_ASSIGNMENT|[1042]|this.apiName|"Final_Error_Testing"|0xed88c5a
19:07:55.0 (26205905)|STATEMENT_EXECUTE|[1058]
19:07:55.0 (26227618)|VARIABLE_ASSIGNMENT|[EXTERNAL]|this|{"apiName":"Final_Error_Testing","label":"Final_Error_Testing"}|0xed88c5a
19:07:55.0 (26232894)|VARIABLE_ASSIGNMENT|[EXTERNAL]|value|"0PS360000016pzlGAA"
19:07:55.0 (26239584)|VARIABLE_ASSIGNMENT|[1044]|this.id|"0PS360000016pzlGAA"|0xed88c5a
19:07:55.0 (26245644)|STATEMENT_EXECUTE|[1059]
19:07:55.0 (26266621)|VARIABLE_ASSIGNMENT|[EXTERNAL]|this|{"apiName":"Final_Error_Testing","id":"0PS360000016pzlGAA","label":"Final_Error_Testing"}|0xed88c5a
19:07:55.0 (26271552)|VARIABLE_ASSIGNMENT|[EXTERNAL]|value|"Descp"
19:07:55.0 (26278262)|VARIABLE_ASSIGNMENT|[1046]|this.description|"Descp"|0xed88c5a
19:07:55.0 (26284279)|STATEMENT_EXECUTE|[1060]
19:07:55.0 (26305496)|VARIABLE_ASSIGNMENT|[EXTERNAL]|this|{"apiName":"Final_Error_Testing","description":"Descp","id":"0PS360000016pzlGAA","label":"Final_Error_Testing"}|0xed88c5a
19:07:55.0 (26310831)|VARIABLE_ASSIGNMENT|[EXTERNAL]|value|"shiva15testns"
19:07:55.0 (26317759)|VARIABLE_ASSIGNMENT|[1048]|this.namespacePrefix|"shiva15testns"|0xed88c5a
19:07:55.0 (26323622)|STATEMENT_EXECUTE|[1061]
19:07:55.0 (26345435)|VARIABLE_ASSIGNMENT|[EXTERNAL]|this|{"apiName":"Final_Error_Testing","description":"Descp","id":"0PS360000016pzlGAA","label":"Final_Error_Testing","namespacePrefix":"shiva15testns"}|0xed88c5a
19:07:55.0 (26350738)|VARIABLE_ASSIGNMENT|[EXTERNAL]|value|"Salesforce"
19:07:55.0 (26357323)|VARIABLE_ASSIGNMENT|[1050]|this.userLicenseId|"Salesforce"|0xed88c5a
19:07:55.0 (26363346)|STATEMENT_EXECUTE|[1062]
19:07:55.0 (26385897)|VARIABLE_ASSIGNMENT|[EXTERNAL]|this|{"apiName":"Final_Error_Testing","description":"Descp","id":"0PS360000016pzlGAA","label":"Final_Error_Testing","namespacePrefix":"shiva15testns","userLicenseId":"Salesforce"}|0xed88c5a
19:07:55.0 (26391887)|VARIABLE_ASSIGNMENT|[EXTERNAL]|value|"2016-05-02 18:41:02"
19:07:55.0 (26398395)|VARIABLE_ASSIGNMENT|[1052]|this.createdDate|"2016-05-02 18:41:02"|0xed88c5a
19:07:55.0 (26411961)|CONSTRUCTOR_EXIT|[165]|01p36000005Jpvx|<init>(String,String,String,String,String,String,String)
19:07:55.0 (26433435)|VARIABLE_ASSIGNMENT|[165]|pSetObj|{"apiName":"Final_Error_Testing","createdDate":"2016-05-02 18:41:02","description":"Descp","id":"0PS360000016pzlGAA","label":"Final_Error_Testing","namespacePrefix":"shiva15testns","userLicenseId":"Salesforce"}|0xed88c5a
19:07:55.0 (26437402)|STATEMENT_EXECUTE|[167]
19:07:55.0 (26449485)|ENTERING_MANAGED_PKG|
19:07:55.0 (26455098)|HEAP_ALLOCATE|[EXTERNAL]|Bytes:4
19:07:55.0 (26461348)|STATEMENT_EXECUTE|[168]
19:07:55.0 (26474984)|ENTERING_MANAGED_PKG|
19:07:55.0 (26522924)|HEAP_ALLOCATE|[168]|Bytes:207
19:07:55.0 (26539630)|HEAP_ALLOCATE|[168]|Bytes:231
19:07:55.0 (26551930)|ENTERING_MANAGED_PKG|
19:07:55.0 (26563242)|USER_DEBUG|[168]|ERROR|The PermissionSet Name: PermissionSet:{Id=0PS360000016pzlGAA, Label=Final_Error_Testing, Name=Final_Error_Testing, Description=Descp, NamespacePrefix=shiva15testns, UserLicenseId=10036000000eSpyAAE, CreatedDate=2016-05-03 01:41:02}
19:07:55.0 (26581939)|HEAP_ALLOCATE|[162]|Bytes:5
19:07:55.0 (26604621)|HEAP_ALLOCATE|[162]|Bytes:32
19:07:55.0 (26613531)|VARIABLE_SCOPE_BEGIN|[162]|PSetName|PermissionSet|true|false
19:07:55.0 (26639680)|VARIABLE_ASSIGNMENT|[162]|PSetName|{"s":1,"v":{"Id":"0PS360000016q17GAA","Label":"PSet_Trying_tesy","Name":"PSet_Trying_tesy","Description":"Descp","NamespacePrefix":"shiva15testns","UserLicenseId":"10036000000eSpyAAE","CreatedDate":"2016-05-03T01:43:28.000Z"}}|0x16b59cc1
19:07:55.0 (26644468)|STATEMENT_EXECUTE|[162]
19:07:55.0 (26667665)|ENTERING_MANAGED_PKG|
19:07:55.0 (26678634)|STATEMENT_EXECUTE|[163]
19:07:55.0 (26680315)|STATEMENT_EXECUTE|[164]
19:07:55.0 (26685240)|HEAP_ALLOCATE|[164]|Bytes:4
19:07:55.0 (26880717)|SOQL_EXECUTE_BEGIN|[164]|Aggregations:0|SELECT Id, Name FROM UserLicense WHERE Id = :tmpVar1
19:07:55.0 (28613169)|SOQL_EXECUTE_END|[164]|Rows:1
19:07:55.0 (28630258)|HEAP_ALLOCATE|[164]|Bytes:8
19:07:55.0 (28642602)|HEAP_ALLOCATE|[164]|Bytes:47
19:07:55.0 (28658237)|HEAP_ALLOCATE|[164]|Bytes:8
19:07:55.0 (28687328)|HEAP_ALLOCATE|[164]|Bytes:12
19:07:55.0 (28695972)|VARIABLE_SCOPE_BEGIN|[164]|ulicense|UserLicense|true|false
19:07:55.0 (28713476)|VARIABLE_ASSIGNMENT|[164]|ulicense|{"s":1,"v":{"Id":"10036000000eSpyAAE","Name":"Salesforce"}}|0x684e9055
19:07:55.0 (28717603)|STATEMENT_EXECUTE|[165]
19:07:55.0 (28723144)|HEAP_ALLOCATE|[165]|Bytes:32
19:07:55.0 (28749469)|ENTERING_MANAGED_PKG|
19:07:55.0 (28754560)|HEAP_ALLOCATE|[165]|Bytes:18
19:07:55.0 (28783361)|ENTERING_MANAGED_PKG|
19:07:55.0 (28796980)|HEAP_ALLOCATE|[165]|Bytes:19
19:07:55.0 (28816612)|CONSTRUCTOR_ENTRY|[165]|01p36000005Jpvx|<init>(String,String,String,String,String,String,String)
19:07:55.0 (28822413)|VARIABLE_SCOPE_BEGIN|[1054]|this|shiva15testns.PermissionSetPortalControllers.PermissionSetClass|true|false
19:07:55.0 (28844249)|VARIABLE_ASSIGNMENT|[1054]|this|{}|0x7146364a
19:07:55.0 (28847377)|VARIABLE_SCOPE_BEGIN|[1054]|label|String|false|false
19:07:55.0 (28852669)|VARIABLE_ASSIGNMENT|[1054]|label|"PSet_Trying_tesy"
19:07:55.0 (28854844)|VARIABLE_SCOPE_BEGIN|[1054]|apiName|String|false|false
19:07:55.0 (28857828)|VARIABLE_ASSIGNMENT|[1054]|apiName|"PSet_Trying_tesy"
19:07:55.0 (28859633)|VARIABLE_SCOPE_BEGIN|[1054]|id|String|false|false
19:07:55.0 (28862961)|VARIABLE_ASSIGNMENT|[1054]|id|"0PS360000016q17GAA"
19:07:55.0 (28864728)|VARIABLE_SCOPE_BEGIN|[1054]|description|String|false|false
19:07:55.0 (28868209)|VARIABLE_ASSIGNMENT|[1054]|description|"Descp"
19:07:55.0 (28870069)|VARIABLE_SCOPE_BEGIN|[1054]|namespacePrefix|String|false|false
19:07:55.0 (28873171)|VARIABLE_ASSIGNMENT|[1054]|namespacePrefix|"shiva15testns"
19:07:55.0 (28874967)|VARIABLE_SCOPE_BEGIN|[1054]|userLicenseId|String|false|false
19:07:55.0 (28877731)|VARIABLE_ASSIGNMENT|[1054]|userLicenseId|"Salesforce"
19:07:55.0 (28879492)|VARIABLE_SCOPE_BEGIN|[1054]|createdDate|String|false|false
19:07:55.0 (28882327)|VARIABLE_ASSIGNMENT|[1054]|createdDate|"2016-05-02 18:43:28"
19:07:55.0 (28885447)|STATEMENT_EXECUTE|[1037]
19:07:55.0 (28886801)|STATEMENT_EXECUTE|[1040]
19:07:55.0 (28888324)|STATEMENT_EXECUTE|[1042]
19:07:55.0 (28889445)|STATEMENT_EXECUTE|[1044]
19:07:55.0 (28890611)|STATEMENT_EXECUTE|[1046]
19:07:55.0 (28891735)|STATEMENT_EXECUTE|[1048]
19:07:55.0 (28892923)|STATEMENT_EXECUTE|[1050]
19:07:55.0 (28894023)|STATEMENT_EXECUTE|[1052]
19:07:55.0 (28905867)|STATEMENT_EXECUTE|[1055]
19:07:55.0 (28907768)|STATEMENT_EXECUTE|[1056]
19:07:55.0 (28929459)|VARIABLE_ASSIGNMENT|[EXTERNAL]|this|{}|0x7146364a
19:07:55.0 (28935326)|VARIABLE_ASSIGNMENT|[EXTERNAL]|value|"PSet_Trying_tesy"
19:07:55.0 (28943493)|VARIABLE_ASSIGNMENT|[1040]|this.label|"PSet_Trying_tesy"|0x7146364a
19:07:55.0 (28950508)|STATEMENT_EXECUTE|[1057]
19:07:55.0 (28971684)|VARIABLE_ASSIGNMENT|[EXTERNAL]|this|{"label":"PSet_Trying_tesy"}|0x7146364a
19:07:55.0 (28978396)|VARIABLE_ASSIGNMENT|[EXTERNAL]|value|"PSet_Trying_tesy"
19:07:55.0 (28987883)|VARIABLE_ASSIGNMENT|[1042]|this.apiName|"PSet_Trying_tesy"|0x7146364a
19:07:55.0 (28995247)|STATEMENT_EXECUTE|[1058]
19:07:55.0 (29016917)|VARIABLE_ASSIGNMENT|[EXTERNAL]|this|{"apiName":"PSet_Trying_tesy","label":"PSet_Trying_tesy"}|0x7146364a
19:07:55.0 (29023188)|VARIABLE_ASSIGNMENT|[EXTERNAL]|value|"0PS360000016q17GAA"
19:07:55.0 (29030133)|VARIABLE_ASSIGNMENT|[1044]|this.id|"0PS360000016q17GAA"|0x7146364a
19:07:55.0 (29036670)|STATEMENT_EXECUTE|[1059]
19:07:55.0 (29058318)|VARIABLE_ASSIGNMENT|[EXTERNAL]|this|{"apiName":"PSet_Trying_tesy","id":"0PS360000016q17GAA","label":"PSet_Trying_tesy"}|0x7146364a
19:07:55.0 (29063795)|VARIABLE_ASSIGNMENT|[EXTERNAL]|value|"Descp"
19:07:55.0 (29078614)|VARIABLE_ASSIGNMENT|[1046]|this.description|"Descp"|0x7146364a
19:07:55.0 (29091126)|STATEMENT_EXECUTE|[1060]
19:07:55.0 (29124335)|VARIABLE_ASSIGNMENT|[EXTERNAL]|this|{"apiName":"PSet_Trying_tesy","description":"Descp","id":"0PS360000016q17GAA","label":"PSet_Trying_tesy"}|0x7146364a
19:07:55.0 (29130180)|VARIABLE_ASSIGNMENT|[EXTERNAL]|value|"shiva15testns"
19:07:55.0 (29137891)|VARIABLE_ASSIGNMENT|[1048]|this.namespacePrefix|"shiva15testns"|0x7146364a
19:07:55.0 (29145189)|STATEMENT_EXECUTE|[1061]
19:07:55.0 (29167592)|VARIABLE_ASSIGNMENT|[EXTERNAL]|this|{"apiName":"PSet_Trying_tesy","description":"Descp","id":"0PS360000016q17GAA","label":"PSet_Trying_tesy","namespacePrefix":"shiva15testns"}|0x7146364a
19:07:55.0 (29172893)|VARIABLE_ASSIGNMENT|[EXTERNAL]|value|"Salesforce"
19:07:55.0 (29180220)|VARIABLE_ASSIGNMENT|[1050]|this.userLicenseId|"Salesforce"|0x7146364a
19:07:55.0 (29190632)|STATEMENT_EXECUTE|[1062]
19:07:55.0 (29215050)|VARIABLE_ASSIGNMENT|[EXTERNAL]|this|{"apiName":"PSet_Trying_tesy","description":"Descp","id":"0PS360000016q17GAA","label":"PSet_Trying_tesy","namespacePrefix":"shiva15testns","userLicenseId":"Salesforce"}|0x7146364a
19:07:55.0 (29221147)|VARIABLE_ASSIGNMENT|[EXTERNAL]|value|"2016-05-02 18:43:28"
19:07:55.0 (29228283)|VARIABLE_ASSIGNMENT|[1052]|this.createdDate|"2016-05-02 18:43:28"|0x7146364a
19:07:55.0 (29242491)|CONSTRUCTOR_EXIT|[165]|01p36000005Jpvx|<init>(String,String,String,String,String,String,String)
19:07:55.0 (29264320)|VARIABLE_ASSIGNMENT|[165]|pSetObj|{"apiName":"PSet_Trying_tesy","createdDate":"2016-05-02 18:43:28","description":"Descp","id":"0PS360000016q17GAA","label":"PSet_Trying_tesy","namespacePrefix":"shiva15testns","userLicenseId":"Salesforce"}|0x7146364a
19:07:55.0 (29268484)|STATEMENT_EXECUTE|[167]
19:07:55.0 (29280811)|ENTERING_MANAGED_PKG|
19:07:55.0 (29286416)|HEAP_ALLOCATE|[EXTERNAL]|Bytes:4
19:07:55.0 (29292993)|STATEMENT_EXECUTE|[168]
19:07:55.0 (29306960)|ENTERING_MANAGED_PKG|
19:07:55.0 (29356314)|HEAP_ALLOCATE|[168]|Bytes:201
19:07:55.0 (29373150)|HEAP_ALLOCATE|[168]|Bytes:225
19:07:55.0 (29385455)|ENTERING_MANAGED_PKG|
19:07:55.0 (29396626)|USER_DEBUG|[168]|ERROR|The PermissionSet Name: PermissionSet:{Id=0PS360000016q17GAA, Label=PSet_Trying_tesy, Name=PSet_Trying_tesy, Description=Descp, NamespacePrefix=shiva15testns, UserLicenseId=10036000000eSpyAAE, CreatedDate=2016-05-03 01:43:28}
19:07:55.0 (29415146)|HEAP_ALLOCATE|[162]|Bytes:5
19:07:55.0 (29437964)|HEAP_ALLOCATE|[162]|Bytes:32
19:07:55.0 (29447139)|VARIABLE_SCOPE_BEGIN|[162]|PSetName|PermissionSet|true|false
19:07:55.0 (29473600)|VARIABLE_ASSIGNMENT|[162]|PSetName|{"s":1,"v":{"Id":"0PS360000016q1MGAQ","Label":"Testing_PSet","Name":"Testing_PSet","Description":"Descp","NamespacePrefix":"shiva15testns","UserLicenseId":"10036000000eSpyAAE","CreatedDate":"2016-05-03T01:46:27.000Z"}}|0x73c7f3d8
19:07:55.0 (29479086)|STATEMENT_EXECUTE|[162]
19:07:55.0 (29502427)|ENTERING_MANAGED_PKG|
19:07:55.0 (29513271)|STATEMENT_EXECUTE|[163]
19:07:55.0 (29515337)|STATEMENT_EXECUTE|[164]
19:07:55.0 (29520224)|HEAP_ALLOCATE|[164]|Bytes:4
19:07:55.0 (29716034)|SOQL_EXECUTE_BEGIN|[164]|Aggregations:0|SELECT Id, Name FROM UserLicense WHERE Id = :tmpVar1
19:07:55.0 (31532122)|SOQL_EXECUTE_END|[164]|Rows:1
19:07:55.0 (31550718)|HEAP_ALLOCATE|[164]|Bytes:8
19:07:55.0 (31563143)|HEAP_ALLOCATE|[164]|Bytes:47
19:07:55.0 (31580382)|HEAP_ALLOCATE|[164]|Bytes:8
19:07:55.0 (31609996)|HEAP_ALLOCATE|[164]|Bytes:12
19:07:55.0 (31618655)|VARIABLE_SCOPE_BEGIN|[164]|ulicense|UserLicense|true|false
19:07:55.0 (31636334)|VARIABLE_ASSIGNMENT|[164]|ulicense|{"s":1,"v":{"Id":"10036000000eSpyAAE","Name":"Salesforce"}}|0x57b0aafc
19:07:55.0 (31640280)|STATEMENT_EXECUTE|[165]
19:07:55.0 (31645987)|HEAP_ALLOCATE|[165]|Bytes:32
19:07:55.0 (31672564)|ENTERING_MANAGED_PKG|
19:07:55.0 (31677865)|HEAP_ALLOCATE|[165]|Bytes:18
19:07:55.0 (31707406)|ENTERING_MANAGED_PKG|
19:07:55.0 (31721290)|HEAP_ALLOCATE|[165]|Bytes:19
19:07:55.0 (31740986)|CONSTRUCTOR_ENTRY|[165]|01p36000005Jpvx|<init>(String,String,String,String,String,String,String)
19:07:55.0 (31747006)|VARIABLE_SCOPE_BEGIN|[1054]|this|shiva15testns.PermissionSetPortalControllers.PermissionSetClass|true|false
19:07:55.0 (31769128)|VARIABLE_ASSIGNMENT|[1054]|this|{}|0x3521f521
19:07:55.0 (31772627)|VARIABLE_SCOPE_BEGIN|[1054]|label|String|false|false
19:07:55.0 (31777890)|VARIABLE_ASSIGNMENT|[1054]|label|"Testing_PSet"
19:07:55.0 (31779867)|VARIABLE_SCOPE_BEGIN|[1054]|apiName|String|false|false
19:07:55.0 (31782652)|VARIABLE_ASSIGNMENT|[1054]|apiName|"Testing_PSet"
19:07:55.0 (31784651)|VARIABLE_SCOPE_BEGIN|[1054]|id|String|false|false
19:07:55.0 (31787581)|VARIABLE_ASSIGNMENT|[1054]|id|"0PS360000016q1MGAQ"
19:07:55.0 (31789348)|VARIABLE_SCOPE_BEGIN|[1054]|description|String|false|false
19:07:55.0 (31792146)|VARIABLE_ASSIGNMENT|[1054]|description|"Descp"
19:07:55.0 (31793912)|VARIABLE_SCOPE_BEGIN|[1054]|namespacePrefix|String|false|false
19:07:55.0 (31796759)|VARIABLE_ASSIGNMENT|[1054]|namespacePrefix|"shiva15testns"
19:07:55.0 (31798491)|VARIABLE_SCOPE_BEGIN|[1054]|userLicenseId|String|false|false
19:07:55.0 (31801323)|VARIABLE_ASSIGNMENT|[1054]|userLicenseId|"Salesforce"
19:07:55.0 (31803090)|VARIABLE_SCOPE_BEGIN|[1054]|createdDate|String|false|false
19:07:55.0 (31806010)|VARIABLE_ASSIGNMENT|[1054]|createdDate|"2016-05-02 18:46:27"
19:07:55.0 (31809372)|STATEMENT_EXECUTE|[1037]
19:07:55.0 (31810820)|STATEMENT_EXECUTE|[1040]
19:07:55.0 (31812411)|STATEMENT_EXECUTE|[1042]
19:07:55.0 (31813761)|STATEMENT_EXECUTE|[1044]
19:07:55.0 (31814945)|STATEMENT_EXECUTE|[1046]
19:07:55.0 (31816087)|STATEMENT_EXECUTE|[1048]
19:07:55.0 (31817207)|STATEMENT_EXECUTE|[1050]
19:07:55.0 (31818313)|STATEMENT_EXECUTE|[1052]
19:07:55.0 (31830143)|STATEMENT_EXECUTE|[1055]
19:07:55.0 (31831735)|STATEMENT_EXECUTE|[1056]
19:07:55.0 (31854014)|VARIABLE_ASSIGNMENT|[EXTERNAL]|this|{}|0x3521f521
19:07:55.0 (31859693)|VARIABLE_ASSIGNMENT|[EXTERNAL]|value|"Testing_PSet"
19:07:55.0 (31867945)|VARIABLE_ASSIGNMENT|[1040]|this.label|"Testing_PSet"|0x3521f521
19:07:55.0 (31875071)|STATEMENT_EXECUTE|[1057]
19:07:55.0 (31896004)|VARIABLE_ASSIGNMENT|[EXTERNAL]|this|{"label":"Testing_PSet"}|0x3521f521
19:07:55.0 (31900763)|VARIABLE_ASSIGNMENT|[EXTERNAL]|value|"Testing_PSet"
19:07:55.0 (31907511)|VARIABLE_ASSIGNMENT|[1042]|this.apiName|"Testing_PSet"|0x3521f521
19:07:55.0 (31913975)|STATEMENT_EXECUTE|[1058]
19:07:55.0 (31934343)|VARIABLE_ASSIGNMENT|[EXTERNAL]|this|{"apiName":"Testing_PSet","label":"Testing_PSet"}|0x3521f521
19:07:55.0 (31939474)|VARIABLE_ASSIGNMENT|[EXTERNAL]|value|"0PS360000016q1MGAQ"
19:07:55.0 (31946094)|VARIABLE_ASSIGNMENT|[1044]|this.id|"0PS360000016q1MGAQ"|0x3521f521
19:07:55.0 (31952096)|STATEMENT_EXECUTE|[1059]
19:07:55.0 (31972634)|VARIABLE_ASSIGNMENT|[EXTERNAL]|this|{"apiName":"Testing_PSet","id":"0PS360000016q1MGAQ","label":"Testing_PSet"}|0x3521f521
19:07:55.0 (31980236)|VARIABLE_ASSIGNMENT|[EXTERNAL]|value|"Descp"
19:07:55.0 (31989175)|VARIABLE_ASSIGNMENT|[1046]|this.description|"Descp"|0x3521f521
19:07:55.0 (31996391)|STATEMENT_EXECUTE|[1060]
19:07:55.0 (32019285)|VARIABLE_ASSIGNMENT|[EXTERNAL]|this|{"apiName":"Testing_PSet","description":"Descp","id":"0PS360000016q1MGAQ","label":"Testing_PSet"}|0x3521f521
19:07:55.0 (32025514)|VARIABLE_ASSIGNMENT|[EXTERNAL]|value|"shiva15testns"
19:07:55.0 (32032595)|VARIABLE_ASSIGNMENT|[1048]|this.namespacePrefix|"shiva15testns"|0x3521f521
19:07:55.0 (32038975)|STATEMENT_EXECUTE|[1061]
19:07:55.0 (32060820)|VARIABLE_ASSIGNMENT|[EXTERNAL]|this|{"apiName":"Testing_PSet","description":"Descp","id":"0PS360000016q1MGAQ","label":"Testing_PSet","namespacePrefix":"shiva15testns"}|0x3521f521
19:07:55.0 (32065917)|VARIABLE_ASSIGNMENT|[EXTERNAL]|value|"Salesforce"
19:07:55.0 (32072584)|VARIABLE_ASSIGNMENT|[1050]|this.userLicenseId|"Salesforce"|0x3521f521
19:07:55.0 (32078537)|STATEMENT_EXECUTE|[1062]
19:07:55.0 (32101048)|VARIABLE_ASSIGNMENT|[EXTERNAL]|this|{"apiName":"Testing_PSet","description":"Descp","id":"0PS360000016q1MGAQ","label":"Testing_PSet","namespacePrefix":"shiva15testns","userLicenseId":"Salesforce"}|0x3521f521
19:07:55.0 (32106672)|VARIABLE_ASSIGNMENT|[EXTERNAL]|value|"2016-05-02 18:46:27"
19:07:55.0 (32117537)|VARIABLE_ASSIGNMENT|[1052]|this.createdDate|"2016-05-02 18:46:27"|0x3521f521
19:07:55.0 (32132622)|CONSTRUCTOR_EXIT|[165]|01p36000005Jpvx|<init>(String,String,String,String,String,String,String)
19:07:55.0 (32154955)|VARIABLE_ASSIGNMENT|[165]|pSetObj|{"apiName":"Testing_PSet","createdDate":"2016-05-02 18:46:27","description":"Descp","id":"0PS360000016q1MGAQ","label":"Testing_PSet","namespacePrefix":"shiva15testns","userLicenseId":"Salesforce"}|0x3521f521
19:07:55.0 (32159410)|STATEMENT_EXECUTE|[167]
19:07:55.0 (32171934)|ENTERING_MANAGED_PKG|
19:07:55.0 (32177450)|HEAP_ALLOCATE|[EXTERNAL]|Bytes:4
19:07:55.0 (32189001)|STATEMENT_EXECUTE|[168]
19:07:55.0 (32204213)|ENTERING_MANAGED_PKG|
19:07:55.0 (32257692)|HEAP_ALLOCATE|[168]|Bytes:193
19:07:55.0 (32291858)|HEAP_ALLOCATE|[168]|Bytes:217
19:07:55.0 (32306122)|ENTERING_MANAGED_PKG|
19:07:55.0 (32317787)|USER_DEBUG|[168]|ERROR|The PermissionSet Name: PermissionSet:{Id=0PS360000016q1MGAQ, Label=Testing_PSet, Name=Testing_PSet, Description=Descp, NamespacePrefix=shiva15testns, UserLicenseId=10036000000eSpyAAE, CreatedDate=2016-05-03 01:46:27}
19:07:55.0 (32335994)|HEAP_ALLOCATE|[162]|Bytes:5
19:07:55.0 (32358927)|HEAP_ALLOCATE|[162]|Bytes:28
19:07:55.0 (32368145)|VARIABLE_SCOPE_BEGIN|[162]|PSetName|PermissionSet|true|false
19:07:55.0 (32393835)|VARIABLE_ASSIGNMENT|[162]|PSetName|{"s":1,"v":{"Id":"0PS360000016qNFGAY","Label":"PSet_Testing_Testing","Name":"PSet_Testing_Testing","NamespacePrefix":"shiva15testns","UserLicenseId":"10036000000eSpyAAE","CreatedDate":"2016-05-03T02:02:52.000Z"}}|0x39271190
19:07:55.0 (32398700)|STATEMENT_EXECUTE|[162]
19:07:55.0 (32428596)|ENTERING_MANAGED_PKG|
19:07:55.0 (32447842)|STATEMENT_EXECUTE|[163]
19:07:55.0 (32450075)|STATEMENT_EXECUTE|[164]
19:07:55.0 (32455503)|HEAP_ALLOCATE|[164]|Bytes:4
19:07:55.0 (32655044)|SOQL_EXECUTE_BEGIN|[164]|Aggregations:0|SELECT Id, Name FROM UserLicense WHERE Id = :tmpVar1
19:07:55.0 (34434695)|SOQL_EXECUTE_END|[164]|Rows:1
19:07:55.0 (34459275)|HEAP_ALLOCATE|[164]|Bytes:8
19:07:55.0 (34473974)|HEAP_ALLOCATE|[164]|Bytes:47
19:07:55.0 (34490213)|HEAP_ALLOCATE|[164]|Bytes:8
19:07:55.0 (34519444)|HEAP_ALLOCATE|[164]|Bytes:12
19:07:55.0 (34527945)|VARIABLE_SCOPE_BEGIN|[164]|ulicense|UserLicense|true|false
19:07:55.0 (34545864)|VARIABLE_ASSIGNMENT|[164]|ulicense|{"s":1,"v":{"Id":"10036000000eSpyAAE","Name":"Salesforce"}}|0x113753f6
19:07:55.0 (34549994)|STATEMENT_EXECUTE|[165]
19:07:55.0 (34555576)|HEAP_ALLOCATE|[165]|Bytes:32
19:07:55.0 (34582195)|ENTERING_MANAGED_PKG|
19:07:55.0 (34587529)|HEAP_ALLOCATE|[165]|Bytes:18
19:07:55.0 (34616522)|ENTERING_MANAGED_PKG|
19:07:55.0 (34630384)|HEAP_ALLOCATE|[165]|Bytes:19
19:07:55.0 (34650581)|CONSTRUCTOR_ENTRY|[165]|01p36000005Jpvx|<init>(String,String,String,String,String,String,String)
19:07:55.0 (34656804)|VARIABLE_SCOPE_BEGIN|[1054]|this|shiva15testns.PermissionSetPortalControllers.PermissionSetClass|true|false
19:07:55.0 (34678926)|VARIABLE_ASSIGNMENT|[1054]|this|{}|0x3126319e
19:07:55.0 (34682048)|VARIABLE_SCOPE_BEGIN|[1054]|label|String|false|false
19:07:55.0 (34687254)|VARIABLE_ASSIGNMENT|[1054]|label|"PSet_Testing_Testing"
19:07:55.0 (34689385)|VARIABLE_SCOPE_BEGIN|[1054]|apiName|String|false|false
19:07:55.0 (34692457)|VARIABLE_ASSIGNMENT|[1054]|apiName|"PSet_Testing_Testing"
19:07:55.0 (34694344)|VARIABLE_SCOPE_BEGIN|[1054]|id|String|false|false
19:07:55.0 (34697412)|VARIABLE_ASSIGNMENT|[1054]|id|"0PS360000016qNFGAY"
19:07:55.0 (34699227)|VARIABLE_SCOPE_BEGIN|[1054]|description|String|false|false
19:07:55.0 (34702528)|VARIABLE_ASSIGNMENT|[1054]|description|null
19:07:55.0 (34704319)|VARIABLE_SCOPE_BEGIN|[1054]|namespacePrefix|String|false|false
19:07:55.0 (34707439)|VARIABLE_ASSIGNMENT|[1054]|namespacePrefix|"shiva15testns"
19:07:55.0 (34709187)|VARIABLE_SCOPE_BEGIN|[1054]|userLicenseId|String|false|false
19:07:55.0 (34712163)|VARIABLE_ASSIGNMENT|[1054]|userLicenseId|"Salesforce"
19:07:55.0 (34713893)|VARIABLE_SCOPE_BEGIN|[1054]|createdDate|String|false|false
19:07:55.0 (34716818)|VARIABLE_ASSIGNMENT|[1054]|createdDate|"2016-05-02 19:02:52"
19:07:55.0 (34719893)|STATEMENT_EXECUTE|[1037]
19:07:55.0 (34721310)|STATEMENT_EXECUTE|[1040]
19:07:55.0 (34722906)|STATEMENT_EXECUTE|[1042]
19:07:55.0 (34724043)|STATEMENT_EXECUTE|[1044]
19:07:55.0 (34725199)|STATEMENT_EXECUTE|[1046]
19:07:55.0 (34726338)|STATEMENT_EXECUTE|[1048]
19:07:55.0 (34727567)|STATEMENT_EXECUTE|[1050]
19:07:55.0 (34728677)|STATEMENT_EXECUTE|[1052]
19:07:55.0 (34740523)|STATEMENT_EXECUTE|[1055]
19:07:55.0 (34742197)|STATEMENT_EXECUTE|[1056]
19:07:55.0 (34764413)|VARIABLE_ASSIGNMENT|[EXTERNAL]|this|{}|0x3126319e
19:07:55.0 (34770305)|VARIABLE_ASSIGNMENT|[EXTERNAL]|value|"PSet_Testing_Testing"
19:07:55.0 (34778768)|VARIABLE_ASSIGNMENT|[1040]|this.label|"PSet_Testing_Testing"|0x3126319e
19:07:55.0 (34785703)|STATEMENT_EXECUTE|[1057]
19:07:55.0 (34806567)|VARIABLE_ASSIGNMENT|[EXTERNAL]|this|{"label":"PSet_Testing_Testing"}|0x3126319e
19:07:55.0 (34811718)|VARIABLE_ASSIGNMENT|[EXTERNAL]|value|"PSet_Testing_Testing"
19:07:55.0 (34818671)|VARIABLE_ASSIGNMENT|[1042]|this.apiName|"PSet_Testing_Testing"|0x3126319e
19:07:55.0 (34825052)|STATEMENT_EXECUTE|[1058]
19:07:55.0 (34845622)|VARIABLE_ASSIGNMENT|[EXTERNAL]|this|{"apiName":"PSet_Testing_Testing","label":"PSet_Testing_Testing"}|0x3126319e
19:07:55.0 (34850850)|VARIABLE_ASSIGNMENT|[EXTERNAL]|value|"0PS360000016qNFGAY"
19:07:55.0 (34857591)|VARIABLE_ASSIGNMENT|[1044]|this.id|"0PS360000016qNFGAY"|0x3126319e
19:07:55.0 (34863698)|STATEMENT_EXECUTE|[1059]
19:07:55.0 (34884661)|VARIABLE_ASSIGNMENT|[EXTERNAL]|this|{"apiName":"PSet_Testing_Testing","id":"0PS360000016qNFGAY","label":"PSet_Testing_Testing"}|0x3126319e
19:07:55.0 (34890010)|VARIABLE_ASSIGNMENT|[EXTERNAL]|value|null
19:07:55.0 (34896501)|VARIABLE_ASSIGNMENT|[1046]|this.description|null|0x3126319e
19:07:55.0 (34902730)|STATEMENT_EXECUTE|[1060]
19:07:55.0 (34923309)|VARIABLE_ASSIGNMENT|[EXTERNAL]|this|{"apiName":"PSet_Testing_Testing","id":"0PS360000016qNFGAY","label":"PSet_Testing_Testing"}|0x3126319e
19:07:55.0 (34928427)|VARIABLE_ASSIGNMENT|[EXTERNAL]|value|"shiva15testns"
19:07:55.0 (34935424)|VARIABLE_ASSIGNMENT|[1048]|this.namespacePrefix|"shiva15testns"|0x3126319e
19:07:55.0 (34941345)|STATEMENT_EXECUTE|[1061]
19:07:55.0 (34962306)|VARIABLE_ASSIGNMENT|[EXTERNAL]|this|{"apiName":"PSet_Testing_Testing","id":"0PS360000016qNFGAY","label":"PSet_Testing_Testing","namespacePrefix":"shiva15testns"}|0x3126319e
19:07:55.0 (34967345)|VARIABLE_ASSIGNMENT|[EXTERNAL]|value|"Salesforce"
19:07:55.0 (34974491)|VARIABLE_ASSIGNMENT|[1050]|this.userLicenseId|"Salesforce"|0x3126319e
19:07:55.0 (34983779)|STATEMENT_EXECUTE|[1062]
19:07:55.0 (35009215)|VARIABLE_ASSIGNMENT|[EXTERNAL]|this|{"apiName":"PSet_Testing_Testing","id":"0PS360000016qNFGAY","label":"PSet_Testing_Testing","namespacePrefix":"shiva15testns","userLicenseId":"Salesforce"}|0x3126319e
19:07:55.0 (35016194)|VARIABLE_ASSIGNMENT|[EXTERNAL]|value|"2016-05-02 19:02:52"
19:07:55.0 (35037109)|VARIABLE_ASSIGNMENT|[1052]|this.createdDate|"2016-05-02 19:02:52"|0x3126319e
19:07:55.0 (35055387)|CONSTRUCTOR_EXIT|[165]|01p36000005Jpvx|<init>(String,String,String,String,String,String,String)
19:07:55.0 (35080629)|VARIABLE_ASSIGNMENT|[165]|pSetObj|{"apiName":"PSet_Testing_Testing","createdDate":"2016-05-02 19:02:52","id":"0PS360000016qNFGAY","label":"PSet_Testing_Testing","namespacePrefix":"shiva15testns","userLicenseId":"Salesforce"}|0x3126319e
19:07:55.0 (35085027)|STATEMENT_EXECUTE|[167]
19:07:55.0 (35098023)|ENTERING_MANAGED_PKG|
19:07:55.0 (35103897)|HEAP_ALLOCATE|[EXTERNAL]|Bytes:4
19:07:55.0 (35110411)|STATEMENT_EXECUTE|[168]
19:07:55.0 (35124665)|ENTERING_MANAGED_PKG|
19:07:55.0 (35170602)|HEAP_ALLOCATE|[168]|Bytes:190
19:07:55.0 (35191953)|HEAP_ALLOCATE|[168]|Bytes:214
19:07:55.0 (35204723)|ENTERING_MANAGED_PKG|
19:07:55.0 (35216225)|USER_DEBUG|[168]|ERROR|The PermissionSet Name: PermissionSet:{Id=0PS360000016qNFGAY, Label=PSet_Testing_Testing, Name=PSet_Testing_Testing, NamespacePrefix=shiva15testns, UserLicenseId=10036000000eSpyAAE, CreatedDate=2016-05-03 02:02:52}
19:07:55.0 (35234257)|HEAP_ALLOCATE|[162]|Bytes:5
19:07:55.0 (35247912)|VARIABLE_ASSIGNMENT|[162]|PSetName|null|
19:07:55.0 (35251561)|STATEMENT_EXECUTE|[171]
19:07:55.0 (35280618)|SYSTEM_MODE_EXIT|false
19:07:55.35 (35339918)|CUMULATIVE_LIMIT_USAGE
19:07:55.35 (35339918)|LIMIT_USAGE_FOR_NS|(default)|
  Number of SOQL queries: 0 out of 100
  Number of query rows: 0 out of 50000
  Number of SOSL queries: 0 out of 20
  Number of DML statements: 0 out of 150
  Number of DML rows: 0 out of 10000
  Maximum CPU time: 0 out of 10000
  Maximum heap size: 0 out of 6000000
  Number of callouts: 0 out of 100
  Number of Email Invocations: 0 out of 10
  Number of future calls: 0 out of 50
  Number of queueable jobs added to the queue: 0 out of 50
  Number of Mobile Apex push calls: 0 out of 10

19:07:55.35 (35339918)|LIMIT_USAGE_FOR_NS|shiva15testns|
  Number of SOQL queries: 7 out of 100
  Number of query rows: 48 out of 50000
  Number of SOSL queries: 0 out of 20
  Number of DML statements: 0 out of 150
  Number of DML rows: 0 out of 10000
  Maximum CPU time: 0 out of 10000
  Maximum heap size: 0 out of 6000000
  Number of callouts: 0 out of 100
  Number of Email Invocations: 0 out of 10
  Number of future calls: 0 out of 50
  Number of queueable jobs added to the queue: 0 out of 50
  Number of Mobile Apex push calls: 0 out of 10

19:07:55.35 (35339918)|CUMULATIVE_LIMIT_USAGE_END

19:07:55.0 (35423804)|CODE_UNIT_FINISHED|PermissionSetPortalControllers.getAllPermissionSets
19:07:55.0 (38553760)|EXECUTION_FINISHED
19:07:55.42 (42229386)|EXECUTION_STARTED
19:07:55.42 (42239814)|CODE_UNIT_STARTED|[EXTERNAL]|Aura
19:07:55.42 (42283565)|CODE_UNIT_FINISHED|Aura
19:07:55.42 (43774159)|EXECUTION_FINISHED
19:07:55.45 (45397931)|EXECUTION_STARTED
19:07:55.45 (45406091)|CODE_UNIT_STARTED|[EXTERNAL]|Aura
19:07:55.45 (45444337)|CODE_UNIT_FINISHED|Aura
19:07:55.45 (46976136)|EXECUTION_FINISHED
19:07:55.48 (48966415)|EXECUTION_STARTED
19:07:55.48 (48974348)|CODE_UNIT_STARTED|[EXTERNAL]|Aura
19:07:55.48 (49011896)|CODE_UNIT_FINISHED|Aura
19:07:55.48 (50519705)|EXECUTION_FINISHED
19:07:55.52 (52750636)|EXECUTION_STARTED
19:07:55.52 (52758573)|CODE_UNIT_STARTED|[EXTERNAL]|Aura
19:07:55.52 (52795620)|CODE_UNIT_FINISHED|Aura
19:07:55.52 (53923164)|EXECUTION_FINISHED
19:07:55.55 (55027341)|EXECUTION_STARTED
19:07:55.55 (55035073)|CODE_UNIT_STARTED|[EXTERNAL]|Aura
19:07:55.55 (55070821)|CODE_UNIT_FINISHED|Aura
19:07:55.55 (56552649)|EXECUTION_FINISHED
19:07:55.58 (58343476)|EXECUTION_STARTED
19:07:55.58 (58351160)|CODE_UNIT_STARTED|[EXTERNAL]|Aura
19:07:55.58 (58385545)|CODE_UNIT_FINISHED|Aura
19:07:55.58 (60984501)|EXECUTION_FINISHED
