36.0 APEX_CODE,FINEST;APEX_PROFILING,INFO;CALLOUT,INFO;DB,INFO;SYSTEM,DEBUG;VALIDATION,INFO;VISUALFORCE,INFO;WORKFLOW,INFO
03:10:19.0 (520089)|EXECUTION_STARTED
03:10:19.0 (567490)|CODE_UNIT_STARTED|[EXTERNAL]|01p36000005Jpvx|PermissionSetPortalControllers.getAllPermissionSets
03:10:19.0 (1307215)|VARIABLE_SCOPE_BEGIN|[2]|PermissionSetPortalControllers.AllObjectsofOrg|Map<String,Schema.SObjectType>|true|true
03:10:19.0 (1663377)|VARIABLE_SCOPE_BEGIN|[3]|PermissionSetPortalControllers.AllPermissionSets|List<PermissionSet>|true|true
03:10:19.0 (1702004)|VARIABLE_SCOPE_BEGIN|[4]|PermissionSetPortalControllers.inputField|String|false|true
03:10:19.0 (1872451)|HEAP_ALLOCATE|[72]|Bytes:3
03:10:19.0 (1966073)|HEAP_ALLOCATE|[77]|Bytes:152
03:10:19.0 (1993217)|HEAP_ALLOCATE|[342]|Bytes:408
03:10:19.0 (2021244)|HEAP_ALLOCATE|[355]|Bytes:408
03:10:19.0 (2061113)|HEAP_ALLOCATE|[467]|Bytes:48
03:10:19.0 (2115126)|HEAP_ALLOCATE|[139]|Bytes:6
03:10:19.0 (2155607)|HEAP_ALLOCATE|[EXTERNAL]|Bytes:88
03:10:19.0 (2198860)|HEAP_ALLOCATE|[EXTERNAL]|Bytes:3
03:10:19.0 (2204446)|HEAP_ALLOCATE|[EXTERNAL]|Bytes:5
03:10:19.0 (2224092)|METHOD_ENTRY|[1]|01p36000005Jpvx|PermissionSetPortalControllers.PermissionSetPortalControllers()
03:10:19.0 (2230099)|STATEMENT_EXECUTE|[1]
03:10:19.0 (2238838)|STATEMENT_EXECUTE|[1]
03:10:19.0 (2288039)|HEAP_ALLOCATE|[50]|Bytes:5
03:10:19.0 (2328112)|HEAP_ALLOCATE|[56]|Bytes:5
03:10:19.0 (2345858)|HEAP_ALLOCATE|[64]|Bytes:7
03:10:19.0 (2389651)|SYSTEM_MODE_ENTER|false
03:10:19.0 (2415981)|HEAP_ALLOCATE|[EXTERNAL]|Bytes:5
03:10:19.0 (2431942)|SYSTEM_MODE_EXIT|false
03:10:19.0 (2447461)|METHOD_EXIT|[1]|PermissionSetPortalControllers
03:10:19.0 (2462604)|SYSTEM_MODE_ENTER|false
03:10:19.0 (2484294)|HEAP_ALLOCATE|[8]|Bytes:5
03:10:19.0 (2491259)|STATEMENT_EXECUTE|[7]
03:10:19.0 (2493604)|STATEMENT_EXECUTE|[8]
03:10:19.0 (2499317)|HEAP_ALLOCATE|[8]|Bytes:34
03:10:19.0 (2513334)|HEAP_ALLOCATE|[8]|Bytes:4
03:10:19.0 (3927079)|SOQL_EXECUTE_BEGIN|[8]|Aggregations:0|SELECT Id, Name FROM PermissionSet
03:10:19.0 (7788155)|SOQL_EXECUTE_END|[8]|Rows:36
03:10:19.0 (7814182)|HEAP_ALLOCATE|[8]|Bytes:148
03:10:19.0 (7890405)|HEAP_ALLOCATE|[8]|Bytes:2125
03:10:19.0 (7946105)|HEAP_ALLOCATE|[8]|Bytes:148
03:10:19.0 (8036128)|VARIABLE_ASSIGNMENT|[8]|PermissionSetPortalControllers.AllPermissionSets|{"s":1,"v":"List of size 36 too large to display"}|0xc5ee023
03:10:19.0 (8181731)|ENTERING_MANAGED_PKG|
03:10:19.0 (8242902)|STATEMENT_EXECUTE|[9]
03:10:19.0 (8266506)|ENTERING_MANAGED_PKG|
03:10:19.0 (8493589)|HEAP_ALLOCATE|[10]|Bytes:5
03:10:19.0 (8568218)|HEAP_ALLOCATE|[10]|Bytes:12
03:10:19.0 (8588340)|VARIABLE_SCOPE_BEGIN|[10]|PSetName|PermissionSet|true|false
03:10:19.0 (8618732)|VARIABLE_ASSIGNMENT|[10]|PSetName|{"s":1,"v":{"Id":"0PS36000000mmnFGAQ","Name":"X00e1a000000MWa8AAG"}}|0x6d214655
03:10:19.0 (8625181)|STATEMENT_EXECUTE|[10]
03:10:19.0 (8627832)|STATEMENT_EXECUTE|[11]
03:10:19.0 (8832832)|HEAP_ALLOCATE|[11]|Bytes:24
03:10:19.0 (8870406)|ENTERING_MANAGED_PKG|
03:10:19.0 (8929705)|HEAP_ALLOCATE|[11]|Bytes:63
03:10:19.0 (8952726)|HEAP_ALLOCATE|[11]|Bytes:87
03:10:19.0 (8986202)|ENTERING_MANAGED_PKG|
03:10:19.0 (9010271)|USER_DEBUG|[11]|ERROR|The PermissionSet Name: PermissionSet:{Id=0PS36000000mmnFGAQ, Name=X00e1a000000MWa8AAG}
03:10:19.0 (9039602)|HEAP_ALLOCATE|[10]|Bytes:5
03:10:19.0 (9077031)|HEAP_ALLOCATE|[10]|Bytes:12
03:10:19.0 (9092039)|VARIABLE_SCOPE_BEGIN|[10]|PSetName|PermissionSet|true|false
03:10:19.0 (9115667)|VARIABLE_ASSIGNMENT|[10]|PSetName|{"s":1,"v":{"Id":"0PS36000000mmnGGAQ","Name":"X00ex00000018ozl_128 (11 more) ..."}}|0x7104504e
03:10:19.0 (9120743)|STATEMENT_EXECUTE|[10]
03:10:19.0 (9122073)|STATEMENT_EXECUTE|[11]
03:10:19.0 (9143211)|ENTERING_MANAGED_PKG|
03:10:19.0 (9168211)|HEAP_ALLOCATE|[11]|Bytes:75
03:10:19.0 (9182287)|HEAP_ALLOCATE|[11]|Bytes:99
03:10:19.0 (9194037)|ENTERING_MANAGED_PKG|
03:10:19.0 (9204235)|USER_DEBUG|[11]|ERROR|The PermissionSet Name: PermissionSet:{Id=0PS36000000mmnGGAQ, Name=X00ex00000018ozl_128_09_04_12_5}
03:10:19.0 (9220092)|HEAP_ALLOCATE|[10]|Bytes:5
03:10:19.0 (9241366)|HEAP_ALLOCATE|[10]|Bytes:12
03:10:19.0 (9249725)|VARIABLE_SCOPE_BEGIN|[10]|PSetName|PermissionSet|true|false
03:10:19.0 (9265637)|VARIABLE_ASSIGNMENT|[10]|PSetName|{"s":1,"v":{"Id":"0PS36000000mmnHGAQ","Name":"X00ex00000018ozm_128 (11 more) ..."}}|0x5a7976c1
03:10:19.0 (9268875)|STATEMENT_EXECUTE|[10]
03:10:19.0 (9270200)|STATEMENT_EXECUTE|[11]
03:10:19.0 (9285730)|ENTERING_MANAGED_PKG|
03:10:19.0 (9308049)|HEAP_ALLOCATE|[11]|Bytes:75
03:10:19.0 (9327796)|HEAP_ALLOCATE|[11]|Bytes:99
03:10:19.0 (9347749)|ENTERING_MANAGED_PKG|
03:10:19.0 (9362232)|USER_DEBUG|[11]|ERROR|The PermissionSet Name: PermissionSet:{Id=0PS36000000mmnHGAQ, Name=X00ex00000018ozm_128_09_04_12_6}
03:10:19.0 (9388127)|HEAP_ALLOCATE|[10]|Bytes:5
03:10:19.0 (9424725)|HEAP_ALLOCATE|[10]|Bytes:12
03:10:19.0 (9439780)|VARIABLE_SCOPE_BEGIN|[10]|PSetName|PermissionSet|true|false
03:10:19.0 (9461649)|VARIABLE_ASSIGNMENT|[10]|PSetName|{"s":1,"v":{"Id":"0PS36000000mmnIGAQ","Name":"X00ex00000018ozk_128 (11 more) ..."}}|0x6c094561
03:10:19.0 (9467903)|STATEMENT_EXECUTE|[10]
03:10:19.0 (9469855)|STATEMENT_EXECUTE|[11]
03:10:19.0 (9494375)|ENTERING_MANAGED_PKG|
03:10:19.0 (9521238)|HEAP_ALLOCATE|[11]|Bytes:75
03:10:19.0 (9535718)|HEAP_ALLOCATE|[11]|Bytes:99
03:10:19.0 (9547296)|ENTERING_MANAGED_PKG|
03:10:19.0 (9557178)|USER_DEBUG|[11]|ERROR|The PermissionSet Name: PermissionSet:{Id=0PS36000000mmnIGAQ, Name=X00ex00000018ozk_128_09_04_12_4}
03:10:19.0 (9572682)|HEAP_ALLOCATE|[10]|Bytes:5
03:10:19.0 (9594210)|HEAP_ALLOCATE|[10]|Bytes:12
03:10:19.0 (9602614)|VARIABLE_SCOPE_BEGIN|[10]|PSetName|PermissionSet|true|false
03:10:19.0 (9618162)|VARIABLE_ASSIGNMENT|[10]|PSetName|{"s":1,"v":{"Id":"0PS36000000mmnJGAQ","Name":"X00ex00000018ozj_128 (11 more) ..."}}|0xbfdb55b
03:10:19.0 (9621677)|STATEMENT_EXECUTE|[10]
03:10:19.0 (9623085)|STATEMENT_EXECUTE|[11]
03:10:19.0 (9639010)|ENTERING_MANAGED_PKG|
03:10:19.0 (9661060)|HEAP_ALLOCATE|[11]|Bytes:75
03:10:19.0 (9673929)|HEAP_ALLOCATE|[11]|Bytes:99
03:10:19.0 (9684663)|ENTERING_MANAGED_PKG|
03:10:19.0 (9693944)|USER_DEBUG|[11]|ERROR|The PermissionSet Name: PermissionSet:{Id=0PS36000000mmnJGAQ, Name=X00ex00000018ozj_128_09_04_12_3}
03:10:19.0 (9708457)|HEAP_ALLOCATE|[10]|Bytes:5
03:10:19.0 (9728602)|HEAP_ALLOCATE|[10]|Bytes:12
03:10:19.0 (9736413)|VARIABLE_SCOPE_BEGIN|[10]|PSetName|PermissionSet|true|false
03:10:19.0 (9751283)|VARIABLE_ASSIGNMENT|[10]|PSetName|{"s":1,"v":{"Id":"0PS36000000mmnKGAQ","Name":"X00ex00000018ozo_128 (11 more) ..."}}|0x5828024a
03:10:19.0 (9754570)|STATEMENT_EXECUTE|[10]
03:10:19.0 (9755842)|STATEMENT_EXECUTE|[11]
03:10:19.0 (9774572)|ENTERING_MANAGED_PKG|
03:10:19.0 (9801129)|HEAP_ALLOCATE|[11]|Bytes:75
03:10:19.0 (9814942)|HEAP_ALLOCATE|[11]|Bytes:99
03:10:19.0 (9825940)|ENTERING_MANAGED_PKG|
03:10:19.0 (9834966)|USER_DEBUG|[11]|ERROR|The PermissionSet Name: PermissionSet:{Id=0PS36000000mmnKGAQ, Name=X00ex00000018ozo_128_09_04_12_8}
03:10:19.0 (9849431)|HEAP_ALLOCATE|[10]|Bytes:5
03:10:19.0 (9869818)|HEAP_ALLOCATE|[10]|Bytes:12
03:10:19.0 (9877611)|VARIABLE_SCOPE_BEGIN|[10]|PSetName|PermissionSet|true|false
03:10:19.0 (9891990)|VARIABLE_ASSIGNMENT|[10]|PSetName|{"s":1,"v":{"Id":"0PS36000000mmnLGAQ","Name":"X00ex00000018ozh_128 (11 more) ..."}}|0x49f6a8f0
03:10:19.0 (9895287)|STATEMENT_EXECUTE|[10]
03:10:19.0 (9896497)|STATEMENT_EXECUTE|[11]
03:10:19.0 (9911433)|ENTERING_MANAGED_PKG|
03:10:19.0 (9946186)|HEAP_ALLOCATE|[11]|Bytes:75
03:10:19.0 (9969729)|HEAP_ALLOCATE|[11]|Bytes:99
03:10:19.0 (9989877)|ENTERING_MANAGED_PKG|
03:10:19.0 (10004184)|USER_DEBUG|[11]|ERROR|The PermissionSet Name: PermissionSet:{Id=0PS36000000mmnLGAQ, Name=X00ex00000018ozh_128_09_04_12_1}
03:10:19.0 (10068186)|HEAP_ALLOCATE|[10]|Bytes:5
03:10:19.0 (10091574)|HEAP_ALLOCATE|[10]|Bytes:12
03:10:19.0 (10100069)|VARIABLE_SCOPE_BEGIN|[10]|PSetName|PermissionSet|true|false
03:10:19.0 (10115911)|VARIABLE_ASSIGNMENT|[10]|PSetName|{"s":1,"v":{"Id":"0PS36000000mmnMGAQ","Name":"X00ex00000018ozq_128 (12 more) ..."}}|0x6ff2dee2
03:10:19.0 (10119551)|STATEMENT_EXECUTE|[10]
03:10:19.0 (10120917)|STATEMENT_EXECUTE|[11]
03:10:19.0 (10136731)|ENTERING_MANAGED_PKG|
03:10:19.0 (10159794)|HEAP_ALLOCATE|[11]|Bytes:76
03:10:19.0 (10173190)|HEAP_ALLOCATE|[11]|Bytes:100
03:10:19.0 (10184175)|ENTERING_MANAGED_PKG|
03:10:19.0 (10193498)|USER_DEBUG|[11]|ERROR|The PermissionSet Name: PermissionSet:{Id=0PS36000000mmnMGAQ, Name=X00ex00000018ozq_128_09_04_12_10}
03:10:19.0 (10208137)|HEAP_ALLOCATE|[10]|Bytes:5
03:10:19.0 (10228427)|HEAP_ALLOCATE|[10]|Bytes:12
03:10:19.0 (10236296)|VARIABLE_SCOPE_BEGIN|[10]|PSetName|PermissionSet|true|false
03:10:19.0 (10250781)|VARIABLE_ASSIGNMENT|[10]|PSetName|{"s":1,"v":{"Id":"0PS36000000mmnNGAQ","Name":"X00ex00000018ozp_128 (11 more) ..."}}|0x9c3f92a
03:10:19.0 (10254313)|STATEMENT_EXECUTE|[10]
03:10:19.0 (10255623)|STATEMENT_EXECUTE|[11]
03:10:19.0 (10270558)|ENTERING_MANAGED_PKG|
03:10:19.0 (10297893)|HEAP_ALLOCATE|[11]|Bytes:75
03:10:19.0 (10323501)|HEAP_ALLOCATE|[11]|Bytes:99
03:10:19.0 (10341643)|ENTERING_MANAGED_PKG|
03:10:19.0 (10352193)|USER_DEBUG|[11]|ERROR|The PermissionSet Name: PermissionSet:{Id=0PS36000000mmnNGAQ, Name=X00ex00000018ozp_128_09_04_12_9}
03:10:19.0 (10367513)|HEAP_ALLOCATE|[10]|Bytes:5
03:10:19.0 (10388515)|HEAP_ALLOCATE|[10]|Bytes:12
03:10:19.0 (10396542)|VARIABLE_SCOPE_BEGIN|[10]|PSetName|PermissionSet|true|false
03:10:19.0 (10411940)|VARIABLE_ASSIGNMENT|[10]|PSetName|{"s":1,"v":{"Id":"0PS36000000mmnOGAQ","Name":"X00ex00000018ozn_128 (11 more) ..."}}|0x1161800a
03:10:19.0 (10415604)|STATEMENT_EXECUTE|[10]
03:10:19.0 (10416857)|STATEMENT_EXECUTE|[11]
03:10:19.0 (10431959)|ENTERING_MANAGED_PKG|
03:10:19.0 (10453710)|HEAP_ALLOCATE|[11]|Bytes:75
03:10:19.0 (10466863)|HEAP_ALLOCATE|[11]|Bytes:99
03:10:19.0 (10477380)|ENTERING_MANAGED_PKG|
03:10:19.0 (10486797)|USER_DEBUG|[11]|ERROR|The PermissionSet Name: PermissionSet:{Id=0PS36000000mmnOGAQ, Name=X00ex00000018ozn_128_09_04_12_7}
03:10:19.0 (10505031)|HEAP_ALLOCATE|[10]|Bytes:5
03:10:19.0 (10539208)|HEAP_ALLOCATE|[10]|Bytes:12
03:10:19.0 (10571098)|VARIABLE_SCOPE_BEGIN|[10]|PSetName|PermissionSet|true|false
03:10:19.0 (10592829)|VARIABLE_ASSIGNMENT|[10]|PSetName|{"s":1,"v":{"Id":"0PS36000000mmnPGAQ","Name":"X00e1a000000MWa9AAG"}}|0x6dac1bfe
03:10:19.0 (10599502)|STATEMENT_EXECUTE|[10]
03:10:19.0 (10601582)|STATEMENT_EXECUTE|[11]
03:10:19.0 (10625746)|ENTERING_MANAGED_PKG|
03:10:19.0 (10662163)|HEAP_ALLOCATE|[11]|Bytes:63
03:10:19.0 (10684512)|HEAP_ALLOCATE|[11]|Bytes:87
03:10:19.0 (10703627)|ENTERING_MANAGED_PKG|
03:10:19.0 (10717760)|USER_DEBUG|[11]|ERROR|The PermissionSet Name: PermissionSet:{Id=0PS36000000mmnPGAQ, Name=X00e1a000000MWa9AAG}
03:10:19.0 (10740413)|HEAP_ALLOCATE|[10]|Bytes:5
03:10:19.0 (10767604)|HEAP_ALLOCATE|[10]|Bytes:12
03:10:19.0 (10776047)|VARIABLE_SCOPE_BEGIN|[10]|PSetName|PermissionSet|true|false
03:10:19.0 (10795375)|VARIABLE_ASSIGNMENT|[10]|PSetName|{"s":1,"v":{"Id":"0PS36000000mmnQGAQ","Name":"X00e1a000000MWaBAAW"}}|0x14d0dd67
03:10:19.0 (10798924)|STATEMENT_EXECUTE|[10]
03:10:19.0 (10800201)|STATEMENT_EXECUTE|[11]
03:10:19.0 (10816182)|ENTERING_MANAGED_PKG|
03:10:19.0 (10842481)|HEAP_ALLOCATE|[11]|Bytes:63
03:10:19.0 (10856472)|HEAP_ALLOCATE|[11]|Bytes:87
03:10:19.0 (10867532)|ENTERING_MANAGED_PKG|
03:10:19.0 (10876930)|USER_DEBUG|[11]|ERROR|The PermissionSet Name: PermissionSet:{Id=0PS36000000mmnQGAQ, Name=X00e1a000000MWaBAAW}
03:10:19.0 (10891375)|HEAP_ALLOCATE|[10]|Bytes:5
03:10:19.0 (10911814)|HEAP_ALLOCATE|[10]|Bytes:12
03:10:19.0 (10919717)|VARIABLE_SCOPE_BEGIN|[10]|PSetName|PermissionSet|true|false
03:10:19.0 (10933483)|VARIABLE_ASSIGNMENT|[10]|PSetName|{"s":1,"v":{"Id":"0PS36000000mmnRGAQ","Name":"X00e1a000000MWaCAAW"}}|0x24c7c7e
03:10:19.0 (10936929)|STATEMENT_EXECUTE|[10]
03:10:19.0 (10938271)|STATEMENT_EXECUTE|[11]
03:10:19.0 (10953088)|ENTERING_MANAGED_PKG|
03:10:19.0 (10986722)|HEAP_ALLOCATE|[11]|Bytes:63
03:10:19.0 (11009733)|HEAP_ALLOCATE|[11]|Bytes:87
03:10:19.0 (11030608)|ENTERING_MANAGED_PKG|
03:10:19.0 (11044513)|USER_DEBUG|[11]|ERROR|The PermissionSet Name: PermissionSet:{Id=0PS36000000mmnRGAQ, Name=X00e1a000000MWaCAAW}
03:10:19.0 (11068461)|HEAP_ALLOCATE|[10]|Bytes:5
03:10:19.0 (11104622)|HEAP_ALLOCATE|[10]|Bytes:12
03:10:19.0 (11119485)|VARIABLE_SCOPE_BEGIN|[10]|PSetName|PermissionSet|true|false
03:10:19.0 (11139928)|VARIABLE_ASSIGNMENT|[10]|PSetName|{"s":1,"v":{"Id":"0PS36000000mmnSGAQ","Name":"X00e1a000000MWaDAAW"}}|0x1f30dded
03:10:19.0 (11146196)|STATEMENT_EXECUTE|[10]
03:10:19.0 (11148218)|STATEMENT_EXECUTE|[11]
03:10:19.0 (11172770)|ENTERING_MANAGED_PKG|
03:10:19.0 (11210052)|HEAP_ALLOCATE|[11]|Bytes:63
03:10:19.0 (11233133)|HEAP_ALLOCATE|[11]|Bytes:87
03:10:19.0 (11252516)|ENTERING_MANAGED_PKG|
03:10:19.0 (11266609)|USER_DEBUG|[11]|ERROR|The PermissionSet Name: PermissionSet:{Id=0PS36000000mmnSGAQ, Name=X00e1a000000MWaDAAW}
03:10:19.0 (11291042)|HEAP_ALLOCATE|[10]|Bytes:5
03:10:19.0 (11324624)|HEAP_ALLOCATE|[10]|Bytes:12
03:10:19.0 (11334808)|VARIABLE_SCOPE_BEGIN|[10]|PSetName|PermissionSet|true|false
03:10:19.0 (11349209)|VARIABLE_ASSIGNMENT|[10]|PSetName|{"s":1,"v":{"Id":"0PS36000000mmnTGAQ","Name":"X00e1a000000MWaEAAW"}}|0x124e561e
03:10:19.0 (11352408)|STATEMENT_EXECUTE|[10]
03:10:19.0 (11353647)|STATEMENT_EXECUTE|[11]
03:10:19.0 (11369727)|ENTERING_MANAGED_PKG|
03:10:19.0 (11392369)|HEAP_ALLOCATE|[11]|Bytes:63
03:10:19.0 (11405356)|HEAP_ALLOCATE|[11]|Bytes:87
03:10:19.0 (11416225)|ENTERING_MANAGED_PKG|
03:10:19.0 (11425582)|USER_DEBUG|[11]|ERROR|The PermissionSet Name: PermissionSet:{Id=0PS36000000mmnTGAQ, Name=X00e1a000000MWaEAAW}
03:10:19.0 (11440308)|HEAP_ALLOCATE|[10]|Bytes:5
03:10:19.0 (11460186)|HEAP_ALLOCATE|[10]|Bytes:12
03:10:19.0 (11467893)|VARIABLE_SCOPE_BEGIN|[10]|PSetName|PermissionSet|true|false
03:10:19.0 (11481098)|VARIABLE_ASSIGNMENT|[10]|PSetName|{"s":1,"v":{"Id":"0PS36000000mmnUGAQ","Name":"X00e1a000000MWaFAAW"}}|0xe79ad5
03:10:19.0 (11484530)|STATEMENT_EXECUTE|[10]
03:10:19.0 (11485859)|STATEMENT_EXECUTE|[11]
03:10:19.0 (11500759)|ENTERING_MANAGED_PKG|
03:10:19.0 (11522118)|HEAP_ALLOCATE|[11]|Bytes:63
03:10:19.0 (11534799)|HEAP_ALLOCATE|[11]|Bytes:87
03:10:19.0 (11550845)|ENTERING_MANAGED_PKG|
03:10:19.0 (11565814)|USER_DEBUG|[11]|ERROR|The PermissionSet Name: PermissionSet:{Id=0PS36000000mmnUGAQ, Name=X00e1a000000MWaFAAW}
03:10:19.0 (11589763)|HEAP_ALLOCATE|[10]|Bytes:5
03:10:19.0 (11622509)|HEAP_ALLOCATE|[10]|Bytes:12
03:10:19.0 (11635579)|VARIABLE_SCOPE_BEGIN|[10]|PSetName|PermissionSet|true|false
03:10:19.0 (11655422)|VARIABLE_ASSIGNMENT|[10]|PSetName|{"s":1,"v":{"Id":"0PS36000000mmnVGAQ","Name":"X00e1a000000MWaGAAW"}}|0x61a9b93b
03:10:19.0 (11661577)|STATEMENT_EXECUTE|[10]
03:10:19.0 (11663806)|STATEMENT_EXECUTE|[11]
03:10:19.0 (11688313)|ENTERING_MANAGED_PKG|
03:10:19.0 (11723867)|HEAP_ALLOCATE|[11]|Bytes:63
03:10:19.0 (11746529)|HEAP_ALLOCATE|[11]|Bytes:87
03:10:19.0 (11765093)|ENTERING_MANAGED_PKG|
03:10:19.0 (11783992)|USER_DEBUG|[11]|ERROR|The PermissionSet Name: PermissionSet:{Id=0PS36000000mmnVGAQ, Name=X00e1a000000MWaGAAW}
03:10:19.0 (11810904)|HEAP_ALLOCATE|[10]|Bytes:5
03:10:19.0 (11845432)|HEAP_ALLOCATE|[10]|Bytes:12
03:10:19.0 (11860639)|VARIABLE_SCOPE_BEGIN|[10]|PSetName|PermissionSet|true|false
03:10:19.0 (11885811)|VARIABLE_ASSIGNMENT|[10]|PSetName|{"s":1,"v":{"Id":"0PS36000000mmnWGAQ","Name":"X00e1a000000MWaHAAW"}}|0x786fcf56
03:10:19.0 (11891719)|STATEMENT_EXECUTE|[10]
03:10:19.0 (11893895)|STATEMENT_EXECUTE|[11]
03:10:19.0 (11917758)|ENTERING_MANAGED_PKG|
03:10:19.0 (11953375)|HEAP_ALLOCATE|[11]|Bytes:63
03:10:19.0 (11975961)|HEAP_ALLOCATE|[11]|Bytes:87
03:10:19.0 (11995790)|ENTERING_MANAGED_PKG|
03:10:19.0 (12010011)|USER_DEBUG|[11]|ERROR|The PermissionSet Name: PermissionSet:{Id=0PS36000000mmnWGAQ, Name=X00e1a000000MWaHAAW}
03:10:19.0 (12035592)|HEAP_ALLOCATE|[10]|Bytes:5
03:10:19.0 (12069331)|HEAP_ALLOCATE|[10]|Bytes:12
03:10:19.0 (12083498)|VARIABLE_SCOPE_BEGIN|[10]|PSetName|PermissionSet|true|false
03:10:19.0 (12106382)|VARIABLE_ASSIGNMENT|[10]|PSetName|{"s":1,"v":{"Id":"0PS36000000mmnXGAQ","Name":"X00e1a000000MWaIAAW"}}|0x187188e3
03:10:19.0 (12111155)|STATEMENT_EXECUTE|[10]
03:10:19.0 (12112383)|STATEMENT_EXECUTE|[11]
03:10:19.0 (12129697)|ENTERING_MANAGED_PKG|
03:10:19.0 (12152754)|HEAP_ALLOCATE|[11]|Bytes:63
03:10:19.0 (12165699)|HEAP_ALLOCATE|[11]|Bytes:87
03:10:19.0 (12176692)|ENTERING_MANAGED_PKG|
03:10:19.0 (12186265)|USER_DEBUG|[11]|ERROR|The PermissionSet Name: PermissionSet:{Id=0PS36000000mmnXGAQ, Name=X00e1a000000MWaIAAW}
03:10:19.0 (12200777)|HEAP_ALLOCATE|[10]|Bytes:5
03:10:19.0 (12221579)|HEAP_ALLOCATE|[10]|Bytes:12
03:10:19.0 (12229590)|VARIABLE_SCOPE_BEGIN|[10]|PSetName|PermissionSet|true|false
03:10:19.0 (12243308)|VARIABLE_ASSIGNMENT|[10]|PSetName|{"s":1,"v":{"Id":"0PS36000000mmnYGAQ","Name":"X00e1a000000MWaJAAW"}}|0x247c880a
03:10:19.0 (12247025)|STATEMENT_EXECUTE|[10]
03:10:19.0 (12249168)|STATEMENT_EXECUTE|[11]
03:10:19.0 (12272165)|ENTERING_MANAGED_PKG|
03:10:19.0 (12306784)|HEAP_ALLOCATE|[11]|Bytes:63
03:10:19.0 (12323354)|HEAP_ALLOCATE|[11]|Bytes:87
03:10:19.0 (12334957)|ENTERING_MANAGED_PKG|
03:10:19.0 (12344783)|USER_DEBUG|[11]|ERROR|The PermissionSet Name: PermissionSet:{Id=0PS36000000mmnYGAQ, Name=X00e1a000000MWaJAAW}
03:10:19.0 (12359330)|HEAP_ALLOCATE|[10]|Bytes:5
03:10:19.0 (12379951)|HEAP_ALLOCATE|[10]|Bytes:12
03:10:19.0 (12388045)|VARIABLE_SCOPE_BEGIN|[10]|PSetName|PermissionSet|true|false
03:10:19.0 (12401948)|VARIABLE_ASSIGNMENT|[10]|PSetName|{"s":1,"v":{"Id":"0PS36000000mmnZGAQ","Name":"X00e1a000000MWaKAAW"}}|0x8b08ddf
03:10:19.0 (12405609)|STATEMENT_EXECUTE|[10]
03:10:19.0 (12406860)|STATEMENT_EXECUTE|[11]
03:10:19.0 (12421968)|ENTERING_MANAGED_PKG|
03:10:19.0 (12443637)|HEAP_ALLOCATE|[11]|Bytes:63
03:10:19.0 (12456582)|HEAP_ALLOCATE|[11]|Bytes:87
03:10:19.0 (12466993)|ENTERING_MANAGED_PKG|
03:10:19.0 (12475940)|USER_DEBUG|[11]|ERROR|The PermissionSet Name: PermissionSet:{Id=0PS36000000mmnZGAQ, Name=X00e1a000000MWaKAAW}
03:10:19.0 (12490191)|HEAP_ALLOCATE|[10]|Bytes:5
03:10:19.0 (12510305)|HEAP_ALLOCATE|[10]|Bytes:12
03:10:19.0 (12517998)|VARIABLE_SCOPE_BEGIN|[10]|PSetName|PermissionSet|true|false
03:10:19.0 (12531313)|VARIABLE_ASSIGNMENT|[10]|PSetName|{"s":1,"v":{"Id":"0PS36000000mmnaGAA","Name":"X00e1a000000MWaLAAW"}}|0xe23f6e0
03:10:19.0 (12534368)|STATEMENT_EXECUTE|[10]
03:10:19.0 (12535551)|STATEMENT_EXECUTE|[11]
03:10:19.0 (12550400)|ENTERING_MANAGED_PKG|
03:10:19.0 (12580636)|HEAP_ALLOCATE|[11]|Bytes:63
03:10:19.0 (12603013)|HEAP_ALLOCATE|[11]|Bytes:87
03:10:19.0 (12621227)|ENTERING_MANAGED_PKG|
03:10:19.0 (12631922)|USER_DEBUG|[11]|ERROR|The PermissionSet Name: PermissionSet:{Id=0PS36000000mmnaGAA, Name=X00e1a000000MWaLAAW}
03:10:19.0 (12647310)|HEAP_ALLOCATE|[10]|Bytes:5
03:10:19.0 (12668030)|HEAP_ALLOCATE|[10]|Bytes:12
03:10:19.0 (12675846)|VARIABLE_SCOPE_BEGIN|[10]|PSetName|PermissionSet|true|false
03:10:19.0 (12689511)|VARIABLE_ASSIGNMENT|[10]|PSetName|{"s":1,"v":{"Id":"0PS36000000mmnbGAA","Name":"X00e1a000000MWaMAAW"}}|0x1a815157
03:10:19.0 (12692664)|STATEMENT_EXECUTE|[10]
03:10:19.0 (12694251)|STATEMENT_EXECUTE|[11]
03:10:19.0 (12709637)|ENTERING_MANAGED_PKG|
03:10:19.0 (12731210)|HEAP_ALLOCATE|[11]|Bytes:63
03:10:19.0 (12743978)|HEAP_ALLOCATE|[11]|Bytes:87
03:10:19.0 (12754329)|ENTERING_MANAGED_PKG|
03:10:19.0 (12763400)|USER_DEBUG|[11]|ERROR|The PermissionSet Name: PermissionSet:{Id=0PS36000000mmnbGAA, Name=X00e1a000000MWaMAAW}
03:10:19.0 (12777496)|HEAP_ALLOCATE|[10]|Bytes:5
03:10:19.0 (12803005)|HEAP_ALLOCATE|[10]|Bytes:12
03:10:19.0 (12810940)|VARIABLE_SCOPE_BEGIN|[10]|PSetName|PermissionSet|true|false
03:10:19.0 (12824527)|VARIABLE_ASSIGNMENT|[10]|PSetName|{"s":1,"v":{"Id":"0PS36000000mmncGAA","Name":"X00e1a000000MWaNAAW"}}|0x5a7da6d5
03:10:19.0 (12827997)|STATEMENT_EXECUTE|[10]
03:10:19.0 (12829217)|STATEMENT_EXECUTE|[11]
03:10:19.0 (12844164)|ENTERING_MANAGED_PKG|
03:10:19.0 (12865561)|HEAP_ALLOCATE|[11]|Bytes:63
03:10:19.0 (12885843)|HEAP_ALLOCATE|[11]|Bytes:87
03:10:19.0 (12905605)|ENTERING_MANAGED_PKG|
03:10:19.0 (12920522)|USER_DEBUG|[11]|ERROR|The PermissionSet Name: PermissionSet:{Id=0PS36000000mmncGAA, Name=X00e1a000000MWaNAAW}
03:10:19.0 (12944524)|HEAP_ALLOCATE|[10]|Bytes:5
03:10:19.0 (12968112)|HEAP_ALLOCATE|[10]|Bytes:12
03:10:19.0 (12976059)|VARIABLE_SCOPE_BEGIN|[10]|PSetName|PermissionSet|true|false
03:10:19.0 (12989932)|VARIABLE_ASSIGNMENT|[10]|PSetName|{"s":1,"v":{"Id":"0PS36000000mmndGAA","Name":"X00e1a000000MWaOAAW"}}|0x56af0630
03:10:19.0 (12992957)|STATEMENT_EXECUTE|[10]
03:10:19.0 (12994135)|STATEMENT_EXECUTE|[11]
03:10:19.0 (13009462)|ENTERING_MANAGED_PKG|
03:10:19.0 (13032112)|HEAP_ALLOCATE|[11]|Bytes:63
03:10:19.0 (13044798)|HEAP_ALLOCATE|[11]|Bytes:87
03:10:19.0 (13055499)|ENTERING_MANAGED_PKG|
03:10:19.0 (13064594)|USER_DEBUG|[11]|ERROR|The PermissionSet Name: PermissionSet:{Id=0PS36000000mmndGAA, Name=X00e1a000000MWaOAAW}
03:10:19.0 (13079011)|HEAP_ALLOCATE|[10]|Bytes:5
03:10:19.0 (13099094)|HEAP_ALLOCATE|[10]|Bytes:12
03:10:19.0 (13106934)|VARIABLE_SCOPE_BEGIN|[10]|PSetName|PermissionSet|true|false
03:10:19.0 (13120497)|VARIABLE_ASSIGNMENT|[10]|PSetName|{"s":1,"v":{"Id":"0PS36000000mmneGAA","Name":"X00e1a000000MWaPAAW"}}|0x472a6ef3
03:10:19.0 (13123705)|STATEMENT_EXECUTE|[10]
03:10:19.0 (13124905)|STATEMENT_EXECUTE|[11]
03:10:19.0 (13140221)|ENTERING_MANAGED_PKG|
03:10:19.0 (13161439)|HEAP_ALLOCATE|[11]|Bytes:63
03:10:19.0 (13174207)|HEAP_ALLOCATE|[11]|Bytes:87
03:10:19.0 (13184778)|ENTERING_MANAGED_PKG|
03:10:19.0 (13210161)|USER_DEBUG|[11]|ERROR|The PermissionSet Name: PermissionSet:{Id=0PS36000000mmneGAA, Name=X00e1a000000MWaPAAW}
03:10:19.0 (13236216)|HEAP_ALLOCATE|[10]|Bytes:5
03:10:19.0 (13272203)|HEAP_ALLOCATE|[10]|Bytes:12
03:10:19.0 (13287613)|VARIABLE_SCOPE_BEGIN|[10]|PSetName|PermissionSet|true|false
03:10:19.0 (13307725)|VARIABLE_ASSIGNMENT|[10]|PSetName|{"s":1,"v":{"Id":"0PS36000000mmnfGAA","Name":"X00e1a000000MWaQAAW"}}|0x57b184a8
03:10:19.0 (13313491)|STATEMENT_EXECUTE|[10]
03:10:19.0 (13315591)|STATEMENT_EXECUTE|[11]
03:10:19.0 (13338479)|ENTERING_MANAGED_PKG|
03:10:19.0 (13371268)|HEAP_ALLOCATE|[11]|Bytes:63
03:10:19.0 (13394065)|HEAP_ALLOCATE|[11]|Bytes:87
03:10:19.0 (13415163)|ENTERING_MANAGED_PKG|
03:10:19.0 (13428907)|USER_DEBUG|[11]|ERROR|The PermissionSet Name: PermissionSet:{Id=0PS36000000mmnfGAA, Name=X00e1a000000MWaQAAW}
03:10:19.0 (13453720)|HEAP_ALLOCATE|[10]|Bytes:5
03:10:19.0 (13481923)|HEAP_ALLOCATE|[10]|Bytes:12
03:10:19.0 (13491704)|VARIABLE_SCOPE_BEGIN|[10]|PSetName|PermissionSet|true|false
03:10:19.0 (13511163)|VARIABLE_ASSIGNMENT|[10]|PSetName|{"s":1,"v":{"Id":"0PS36000000mmngGAA","Name":"X00e1a000000MWaRAAW"}}|0x604ddb85
03:10:19.0 (13516453)|STATEMENT_EXECUTE|[10]
03:10:19.0 (13518234)|STATEMENT_EXECUTE|[11]
03:10:19.0 (13541579)|ENTERING_MANAGED_PKG|
03:10:19.0 (13567315)|HEAP_ALLOCATE|[11]|Bytes:63
03:10:19.0 (13584460)|HEAP_ALLOCATE|[11]|Bytes:87
03:10:19.0 (13596477)|ENTERING_MANAGED_PKG|
03:10:19.0 (13605764)|USER_DEBUG|[11]|ERROR|The PermissionSet Name: PermissionSet:{Id=0PS36000000mmngGAA, Name=X00e1a000000MWaRAAW}
03:10:19.0 (13620141)|HEAP_ALLOCATE|[10]|Bytes:5
03:10:19.0 (13640831)|HEAP_ALLOCATE|[10]|Bytes:12
03:10:19.0 (13649325)|VARIABLE_SCOPE_BEGIN|[10]|PSetName|PermissionSet|true|false
03:10:19.0 (13662867)|VARIABLE_ASSIGNMENT|[10]|PSetName|{"s":1,"v":{"Id":"0PS36000000mmnhGAA","Name":"X00e1a000000MWaSAAW"}}|0x4efdcf3a
03:10:19.0 (13665909)|STATEMENT_EXECUTE|[10]
03:10:19.0 (13667101)|STATEMENT_EXECUTE|[11]
03:10:19.0 (13681817)|ENTERING_MANAGED_PKG|
03:10:19.0 (13703486)|HEAP_ALLOCATE|[11]|Bytes:63
03:10:19.0 (13716335)|HEAP_ALLOCATE|[11]|Bytes:87
03:10:19.0 (13733948)|ENTERING_MANAGED_PKG|
03:10:19.0 (13748340)|USER_DEBUG|[11]|ERROR|The PermissionSet Name: PermissionSet:{Id=0PS36000000mmnhGAA, Name=X00e1a000000MWaSAAW}
03:10:19.0 (13772262)|HEAP_ALLOCATE|[10]|Bytes:5
03:10:19.0 (13805652)|HEAP_ALLOCATE|[10]|Bytes:12
03:10:19.0 (13826189)|VARIABLE_SCOPE_BEGIN|[10]|PSetName|PermissionSet|true|false
03:10:19.0 (13846553)|VARIABLE_ASSIGNMENT|[10]|PSetName|{"s":1,"v":{"Id":"0PS36000000mmniGAA","Name":"X00e1a000000MWaTAAW"}}|0x5ab46de0
03:10:19.0 (13849827)|STATEMENT_EXECUTE|[10]
03:10:19.0 (13851563)|STATEMENT_EXECUTE|[11]
03:10:19.0 (13868153)|ENTERING_MANAGED_PKG|
03:10:19.0 (13890617)|HEAP_ALLOCATE|[11]|Bytes:63
03:10:19.0 (13903669)|HEAP_ALLOCATE|[11]|Bytes:87
03:10:19.0 (13914313)|ENTERING_MANAGED_PKG|
03:10:19.0 (13923562)|USER_DEBUG|[11]|ERROR|The PermissionSet Name: PermissionSet:{Id=0PS36000000mmniGAA, Name=X00e1a000000MWaTAAW}
03:10:19.0 (13938161)|HEAP_ALLOCATE|[10]|Bytes:5
03:10:19.0 (13960932)|HEAP_ALLOCATE|[10]|Bytes:12
03:10:19.0 (13974725)|VARIABLE_SCOPE_BEGIN|[10]|PSetName|PermissionSet|true|false
03:10:19.0 (13993994)|VARIABLE_ASSIGNMENT|[10]|PSetName|{"s":1,"v":{"Id":"0PS36000000mmnjGAA","Name":"X00e1a000000MWaUAAW"}}|0x17b36da
03:10:19.0 (13999460)|STATEMENT_EXECUTE|[10]
03:10:19.0 (14001620)|STATEMENT_EXECUTE|[11]
03:10:19.0 (14026683)|ENTERING_MANAGED_PKG|
03:10:19.0 (14062935)|HEAP_ALLOCATE|[11]|Bytes:63
03:10:19.0 (14085898)|HEAP_ALLOCATE|[11]|Bytes:87
03:10:19.0 (14126666)|ENTERING_MANAGED_PKG|
03:10:19.0 (14142186)|USER_DEBUG|[11]|ERROR|The PermissionSet Name: PermissionSet:{Id=0PS36000000mmnjGAA, Name=X00e1a000000MWaUAAW}
03:10:19.0 (14169110)|HEAP_ALLOCATE|[10]|Bytes:5
03:10:19.0 (14206422)|HEAP_ALLOCATE|[10]|Bytes:12
03:10:19.0 (14251633)|VARIABLE_SCOPE_BEGIN|[10]|PSetName|PermissionSet|true|false
03:10:19.0 (14278050)|VARIABLE_ASSIGNMENT|[10]|PSetName|{"s":1,"v":{"Id":"0PS36000000mmnlGAA","Name":"X00e1a000000N1LRAA0"}}|0xfe45483
03:10:19.0 (14283073)|STATEMENT_EXECUTE|[10]
03:10:19.0 (14284958)|STATEMENT_EXECUTE|[11]
03:10:19.0 (14305119)|ENTERING_MANAGED_PKG|
03:10:19.0 (14341679)|HEAP_ALLOCATE|[11]|Bytes:63
03:10:19.0 (14362069)|HEAP_ALLOCATE|[11]|Bytes:87
03:10:19.0 (14380566)|ENTERING_MANAGED_PKG|
03:10:19.0 (14394475)|USER_DEBUG|[11]|ERROR|The PermissionSet Name: PermissionSet:{Id=0PS36000000mmnlGAA, Name=X00e1a000000N1LRAA0}
03:10:19.0 (14412224)|HEAP_ALLOCATE|[10]|Bytes:5
03:10:19.0 (14434077)|HEAP_ALLOCATE|[10]|Bytes:12
03:10:19.0 (14442072)|VARIABLE_SCOPE_BEGIN|[10]|PSetName|PermissionSet|true|false
03:10:19.0 (14455846)|VARIABLE_ASSIGNMENT|[10]|PSetName|{"s":1,"v":{"Id":"0PS36000000mmnmGAA","Name":"X00e1a000000N1LSAA0"}}|0x2fc0ce5a
03:10:19.0 (14459086)|STATEMENT_EXECUTE|[10]
03:10:19.0 (14460374)|STATEMENT_EXECUTE|[11]
03:10:19.0 (14475802)|ENTERING_MANAGED_PKG|
03:10:19.0 (14497390)|HEAP_ALLOCATE|[11]|Bytes:63
03:10:19.0 (14510110)|HEAP_ALLOCATE|[11]|Bytes:87
03:10:19.0 (14520688)|ENTERING_MANAGED_PKG|
03:10:19.0 (14529655)|USER_DEBUG|[11]|ERROR|The PermissionSet Name: PermissionSet:{Id=0PS36000000mmnmGAA, Name=X00e1a000000N1LSAA0}
03:10:19.0 (14543995)|HEAP_ALLOCATE|[10]|Bytes:5
03:10:19.0 (14564117)|HEAP_ALLOCATE|[10]|Bytes:12
03:10:19.0 (14572546)|VARIABLE_SCOPE_BEGIN|[10]|PSetName|PermissionSet|true|false
03:10:19.0 (14592163)|VARIABLE_ASSIGNMENT|[10]|PSetName|{"s":1,"v":{"Id":"0PS36000000mmnnGAA","Name":"X00e1a000000N1wKAAS"}}|0x56e26d2f
03:10:19.0 (14598534)|STATEMENT_EXECUTE|[10]
03:10:19.0 (14600408)|STATEMENT_EXECUTE|[11]
03:10:19.0 (14623594)|ENTERING_MANAGED_PKG|
03:10:19.0 (14656012)|HEAP_ALLOCATE|[11]|Bytes:63
03:10:19.0 (14670788)|HEAP_ALLOCATE|[11]|Bytes:87
03:10:19.0 (14682621)|ENTERING_MANAGED_PKG|
03:10:19.0 (14692030)|USER_DEBUG|[11]|ERROR|The PermissionSet Name: PermissionSet:{Id=0PS36000000mmnnGAA, Name=X00e1a000000N1wKAAS}
03:10:19.0 (14706414)|HEAP_ALLOCATE|[10]|Bytes:5
03:10:19.0 (14727258)|HEAP_ALLOCATE|[10]|Bytes:12
03:10:19.0 (14735204)|VARIABLE_SCOPE_BEGIN|[10]|PSetName|PermissionSet|true|false
03:10:19.0 (14749000)|VARIABLE_ASSIGNMENT|[10]|PSetName|{"s":1,"v":{"Id":"0PS36000000mmnoGAA","Name":"X00e1a000000N1wLAAS"}}|0xef74ccf
03:10:19.0 (14752382)|STATEMENT_EXECUTE|[10]
03:10:19.0 (14753637)|STATEMENT_EXECUTE|[11]
03:10:19.0 (14768521)|ENTERING_MANAGED_PKG|
03:10:19.0 (14795213)|HEAP_ALLOCATE|[11]|Bytes:63
03:10:19.0 (14808592)|HEAP_ALLOCATE|[11]|Bytes:87
03:10:19.0 (14824938)|ENTERING_MANAGED_PKG|
03:10:19.0 (14839038)|USER_DEBUG|[11]|ERROR|The PermissionSet Name: PermissionSet:{Id=0PS36000000mmnoGAA, Name=X00e1a000000N1wLAAS}
03:10:19.0 (14863496)|HEAP_ALLOCATE|[10]|Bytes:5
03:10:19.0 (14890795)|HEAP_ALLOCATE|[10]|Bytes:12
03:10:19.0 (14900764)|VARIABLE_SCOPE_BEGIN|[10]|PSetName|PermissionSet|true|false
03:10:19.0 (14917529)|VARIABLE_ASSIGNMENT|[10]|PSetName|{"s":1,"v":{"Id":"0PS36000000mmnqGAA","Name":"X00e1a000000MWaAAAW"}}|0x239a51de
03:10:19.0 (14921817)|STATEMENT_EXECUTE|[10]
03:10:19.0 (14923808)|STATEMENT_EXECUTE|[11]
03:10:19.0 (14942536)|ENTERING_MANAGED_PKG|
03:10:19.0 (14969926)|HEAP_ALLOCATE|[11]|Bytes:63
03:10:19.0 (14986212)|HEAP_ALLOCATE|[11]|Bytes:87
03:10:19.0 (14999772)|ENTERING_MANAGED_PKG|
03:10:19.0 (15010862)|USER_DEBUG|[11]|ERROR|The PermissionSet Name: PermissionSet:{Id=0PS36000000mmnqGAA, Name=X00e1a000000MWaAAAW}
03:10:19.0 (15030331)|HEAP_ALLOCATE|[10]|Bytes:5
03:10:19.0 (15046509)|VARIABLE_ASSIGNMENT|[10]|PSetName|null|
03:10:19.0 (15051043)|STATEMENT_EXECUTE|[14]
03:10:19.0 (15070965)|SYSTEM_MODE_EXIT|false
03:10:19.15 (15120253)|CUMULATIVE_LIMIT_USAGE
03:10:19.15 (15120253)|LIMIT_USAGE_FOR_NS|(default)|
  Number of SOQL queries: 0 out of 100
  Number of query rows: 0 out of 50000
  Number of SOSL queries: 0 out of 20
  Number of DML statements: 0 out of 150
  Number of DML rows: 0 out of 10000
  Maximum CPU time: 0 out of 10000
  Maximum heap size: 0 out of 6000000
  Number of callouts: 0 out of 100
  Number of Email Invocations: 0 out of 10
  Number of future calls: 0 out of 50
  Number of queueable jobs added to the queue: 0 out of 50
  Number of Mobile Apex push calls: 0 out of 10

03:10:19.15 (15120253)|LIMIT_USAGE_FOR_NS|shiva15testns|
  Number of SOQL queries: 1 out of 100
  Number of query rows: 36 out of 50000
  Number of SOSL queries: 0 out of 20
  Number of DML statements: 0 out of 150
  Number of DML rows: 0 out of 10000
  Maximum CPU time: 0 out of 10000
  Maximum heap size: 0 out of 6000000
  Number of callouts: 0 out of 100
  Number of Email Invocations: 0 out of 10
  Number of future calls: 0 out of 50
  Number of queueable jobs added to the queue: 0 out of 50
  Number of Mobile Apex push calls: 0 out of 10

03:10:19.15 (15120253)|CUMULATIVE_LIMIT_USAGE_END

03:10:19.0 (15180696)|CODE_UNIT_FINISHED|PermissionSetPortalControllers.getAllPermissionSets
03:10:19.0 (17191395)|EXECUTION_FINISHED
