36.0 APEX_CODE,FINEST;APEX_PROFILING,INFO;CALLOUT,INFO;DB,INFO;SYSTEM,DEBUG;VALIDATION,INFO;VISUALFORCE,INFO;WORKFLOW,INFO
15:18:10.0 (422442)|EXECUTION_STARTED
15:18:10.0 (456952)|CODE_UNIT_STARTED|[EXTERNAL]|01p36000005Jpvx|PermissionSetPortalControllers.getAllPermissionSets
15:18:10.0 (1244362)|VARIABLE_SCOPE_BEGIN|[3]|PermissionSetPortalControllers.AllPermissionSets|List<PermissionSet>|true|true
15:18:10.0 (1267816)|VARIABLE_SCOPE_BEGIN|[10]|PermissionSetPortalControllers.accountField|Set<String>|true|true
15:18:10.0 (1346235)|VARIABLE_SCOPE_BEGIN|[5]|PermissionSetPortalControllers.allObjectsOfOrg|List<shiva15testns.PermissionSetPortalControllers.ObjectDetailsClass>|true|true
15:18:10.0 (1357432)|VARIABLE_SCOPE_BEGIN|[9]|PermissionSetPortalControllers.contactsField|Set<String>|true|true
15:18:10.0 (1362892)|VARIABLE_SCOPE_BEGIN|[7]|PermissionSetPortalControllers.isNotSystemSObjectList|Set<String>|true|true
15:18:10.0 (1558906)|HEAP_ALLOCATE|[72]|Bytes:3
15:18:10.0 (1604208)|HEAP_ALLOCATE|[77]|Bytes:152
15:18:10.0 (1622095)|HEAP_ALLOCATE|[342]|Bytes:408
15:18:10.0 (1642516)|HEAP_ALLOCATE|[355]|Bytes:408
15:18:10.0 (1662917)|HEAP_ALLOCATE|[467]|Bytes:48
15:18:10.0 (1697529)|HEAP_ALLOCATE|[139]|Bytes:6
15:18:10.0 (1722727)|HEAP_ALLOCATE|[EXTERNAL]|Bytes:168
15:18:10.0 (1728747)|HEAP_ALLOCATE|[EXTERNAL]|Bytes:90
15:18:10.0 (1732384)|HEAP_ALLOCATE|[EXTERNAL]|Bytes:402
15:18:10.0 (1751666)|METHOD_ENTRY|[1]|01p36000005Jpvx|PermissionSetPortalControllers.PermissionSetPortalControllers()
15:18:10.0 (1756540)|STATEMENT_EXECUTE|[1]
15:18:10.0 (1764343)|STATEMENT_EXECUTE|[1]
15:18:10.0 (1800510)|HEAP_ALLOCATE|[50]|Bytes:5
15:18:10.0 (1823095)|HEAP_ALLOCATE|[56]|Bytes:5
15:18:10.0 (1832062)|HEAP_ALLOCATE|[64]|Bytes:7
15:18:10.0 (1857921)|SYSTEM_MODE_ENTER|false
15:18:10.0 (1877188)|HEAP_ALLOCATE|[9]|Bytes:5
15:18:10.0 (1881511)|STATEMENT_EXECUTE|[9]
15:18:10.0 (1890273)|HEAP_ALLOCATE|[9]|Bytes:4
15:18:10.0 (1933762)|ENTERING_MANAGED_PKG|
15:18:10.0 (2031559)|VARIABLE_ASSIGNMENT|[9]|PermissionSetPortalControllers.contactsField|{"s":1,"v":[]}|0x1db865f4
15:18:10.0 (2037487)|STATEMENT_EXECUTE|[10]
15:18:10.0 (2043218)|HEAP_ALLOCATE|[10]|Bytes:4
15:18:10.0 (2056910)|ENTERING_MANAGED_PKG|
15:18:10.0 (2089277)|VARIABLE_ASSIGNMENT|[10]|PermissionSetPortalControllers.accountField|{"s":1,"v":[]}|0x5bdd567f
15:18:10.0 (2093355)|STATEMENT_EXECUTE|[1089]
15:18:10.0 (2095110)|STATEMENT_EXECUTE|[1118]
15:18:10.0 (2096506)|STATEMENT_EXECUTE|[1146]
15:18:10.0 (2097910)|STATEMENT_EXECUTE|[1175]
15:18:10.0 (2098959)|STATEMENT_EXECUTE|[1191]
15:18:10.0 (2100087)|STATEMENT_EXECUTE|[1208]
15:18:10.0 (2101188)|STATEMENT_EXECUTE|[1219]
15:18:10.0 (2102372)|STATEMENT_EXECUTE|[1224]
15:18:10.0 (2111559)|SYSTEM_MODE_EXIT|false
15:18:10.0 (2123440)|METHOD_EXIT|[1]|PermissionSetPortalControllers
15:18:10.0 (2132181)|SYSTEM_MODE_ENTER|false
15:18:10.0 (2147589)|HEAP_ALLOCATE|[157]|Bytes:5
15:18:10.0 (2151983)|STATEMENT_EXECUTE|[156]
15:18:10.0 (2153608)|STATEMENT_EXECUTE|[157]
15:18:10.0 (2154696)|STATEMENT_EXECUTE|[157]
15:18:10.0 (2155956)|STATEMENT_EXECUTE|[158]
15:18:10.0 (2158877)|HEAP_ALLOCATE|[158]|Bytes:99
15:18:10.0 (2169466)|HEAP_ALLOCATE|[158]|Bytes:4
15:18:10.0 (2835593)|SOQL_EXECUTE_BEGIN|[158]|Aggregations:0|SELECT Id, label, Name, Description, NamespacePrefix, UserLicenseId, CreatedDate FROM PermissionSet
15:18:10.0 (6270000)|SOQL_EXECUTE_END|[158]|Rows:40
15:18:10.0 (6286509)|HEAP_ALLOCATE|[158]|Bytes:164
15:18:10.0 (6398183)|HEAP_ALLOCATE|[158]|Bytes:6981
15:18:10.0 (6435096)|HEAP_ALLOCATE|[158]|Bytes:164
15:18:10.0 (6464309)|VARIABLE_ASSIGNMENT|[158]|PermissionSetPortalControllers.AllPermissionSets|{"s":1,"v":"List of size 40 too large to display"}|0x19a35f6c
15:18:10.0 (6542293)|ENTERING_MANAGED_PKG|
15:18:10.0 (6574318)|STATEMENT_EXECUTE|[159]
15:18:10.0 (6576716)|STATEMENT_EXECUTE|[160]
15:18:10.0 (6581256)|HEAP_ALLOCATE|[160]|Bytes:34
15:18:10.0 (6605910)|ENTERING_MANAGED_PKG|
15:18:10.0 (6629457)|USER_DEBUG|[160]|DEBUG|inside AllPermissionSets not empty
15:18:10.0 (6636856)|STATEMENT_EXECUTE|[161]
15:18:10.0 (6744099)|VARIABLE_SCOPE_BEGIN|[161]|pSetObj|shiva15testns.PermissionSetPortalControllers.PermissionSetClass|true|false
15:18:10.0 (6756532)|VARIABLE_ASSIGNMENT|[161]|pSetObj|null|
15:18:10.0 (6759200)|STATEMENT_EXECUTE|[162]
15:18:10.0 (6766142)|HEAP_ALLOCATE|[162]|Bytes:4
15:18:10.0 (6816193)|ENTERING_MANAGED_PKG|
15:18:10.0 (6832997)|VARIABLE_SCOPE_BEGIN|[162]|permissionSetsLst|List<shiva15testns.PermissionSetPortalControllers.PermissionSetClass>|true|false
15:18:10.0 (6856295)|HEAP_ALLOCATE|[EXTERNAL]|Bytes:4
15:18:10.0 (6869782)|VARIABLE_ASSIGNMENT|[162]|permissionSetsLst|{"s":1,"v":[]}|0x28be58e2
15:18:10.0 (6885924)|ENTERING_MANAGED_PKG|
15:18:10.0 (7052995)|HEAP_ALLOCATE|[163]|Bytes:5
15:18:10.0 (7095763)|HEAP_ALLOCATE|[163]|Bytes:28
15:18:10.0 (7110883)|VARIABLE_SCOPE_BEGIN|[163]|PSetName|PermissionSet|true|false
15:18:10.0 (7161192)|VARIABLE_ASSIGNMENT|[163]|PSetName|{"s":1,"v":{"Id":"0PS36000000mmnFGAQ","Label":"00e1a000000MWa8AAG","Name":"X00e1a000000MWa8AAG","NamespacePrefix":"shiva15testns","UserLicenseId":"10036000000eSpzAAE","CreatedDate":"2016-03-08T19:00:02.000Z"}}|0x7e3d8b3d
15:18:10.0 (7166599)|STATEMENT_EXECUTE|[163]
15:18:10.0 (7198505)|HEAP_ALLOCATE|[164]|Bytes:3
15:18:10.0 (7231437)|ENTERING_MANAGED_PKG|
15:18:10.0 (7261989)|STATEMENT_EXECUTE|[164]
15:18:10.0 (7274665)|HEAP_ALLOCATE|[163]|Bytes:5
15:18:10.0 (7297378)|HEAP_ALLOCATE|[163]|Bytes:28
15:18:10.0 (7306071)|VARIABLE_SCOPE_BEGIN|[163]|PSetName|PermissionSet|true|false
15:18:10.0 (7332299)|VARIABLE_ASSIGNMENT|[163]|PSetName|{"s":1,"v":{"Id":"0PS36000000mmnGGAQ","Label":"00ex00000018ozl_128_ (10 more) ...","Name":"X00ex00000018ozl_128 (11 more) ...","NamespacePrefix":"shiva15testns","UserLicenseId":"10036000000eSpyAAE","CreatedDate":"2016-03-08T19:00:02.000Z"}}|0x1d463f2
15:18:10.0 (7337757)|STATEMENT_EXECUTE|[163]
15:18:10.0 (7359935)|ENTERING_MANAGED_PKG|
15:18:10.0 (7369411)|STATEMENT_EXECUTE|[164]
15:18:10.0 (7379951)|HEAP_ALLOCATE|[163]|Bytes:5
15:18:10.0 (7400117)|HEAP_ALLOCATE|[163]|Bytes:28
15:18:10.0 (7407723)|VARIABLE_SCOPE_BEGIN|[163]|PSetName|PermissionSet|true|false
15:18:10.0 (7430973)|VARIABLE_ASSIGNMENT|[163]|PSetName|{"s":1,"v":{"Id":"0PS36000000mmnHGAQ","Label":"00ex00000018ozm_128_ (10 more) ...","Name":"X00ex00000018ozm_128 (11 more) ...","NamespacePrefix":"shiva15testns","UserLicenseId":"10036000000eSpyAAE","CreatedDate":"2016-03-08T19:00:02.000Z"}}|0x6574e4c2
15:18:10.0 (7435401)|STATEMENT_EXECUTE|[163]
15:18:10.0 (7455964)|ENTERING_MANAGED_PKG|
15:18:10.0 (7465293)|STATEMENT_EXECUTE|[164]
15:18:10.0 (7475556)|HEAP_ALLOCATE|[163]|Bytes:5
15:18:10.0 (7495063)|HEAP_ALLOCATE|[163]|Bytes:28
15:18:10.0 (7502451)|VARIABLE_SCOPE_BEGIN|[163]|PSetName|PermissionSet|true|false
15:18:10.0 (7524793)|VARIABLE_ASSIGNMENT|[163]|PSetName|{"s":1,"v":{"Id":"0PS36000000mmnIGAQ","Label":"00ex00000018ozk_128_ (10 more) ...","Name":"X00ex00000018ozk_128 (11 more) ...","NamespacePrefix":"shiva15testns","UserLicenseId":"10036000000eSpyAAE","CreatedDate":"2016-03-08T19:00:02.000Z"}}|0x2605413d
15:18:10.0 (7529394)|STATEMENT_EXECUTE|[163]
15:18:10.0 (7549615)|ENTERING_MANAGED_PKG|
15:18:10.0 (7558924)|STATEMENT_EXECUTE|[164]
15:18:10.0 (7569203)|HEAP_ALLOCATE|[163]|Bytes:5
15:18:10.0 (7588578)|HEAP_ALLOCATE|[163]|Bytes:28
15:18:10.0 (7596049)|VARIABLE_SCOPE_BEGIN|[163]|PSetName|PermissionSet|true|false
15:18:10.0 (7617626)|VARIABLE_ASSIGNMENT|[163]|PSetName|{"s":1,"v":{"Id":"0PS36000000mmnJGAQ","Label":"00ex00000018ozj_128_ (10 more) ...","Name":"X00ex00000018ozj_128 (11 more) ...","NamespacePrefix":"shiva15testns","UserLicenseId":"10036000000eSpyAAE","CreatedDate":"2016-03-08T19:00:02.000Z"}}|0x347352a3
15:18:10.0 (7621884)|STATEMENT_EXECUTE|[163]
15:18:10.0 (7642056)|ENTERING_MANAGED_PKG|
15:18:10.0 (7651287)|STATEMENT_EXECUTE|[164]
15:18:10.0 (7661766)|HEAP_ALLOCATE|[163]|Bytes:5
15:18:10.0 (7681169)|HEAP_ALLOCATE|[163]|Bytes:28
15:18:10.0 (7688599)|VARIABLE_SCOPE_BEGIN|[163]|PSetName|PermissionSet|true|false
15:18:10.0 (7709696)|VARIABLE_ASSIGNMENT|[163]|PSetName|{"s":1,"v":{"Id":"0PS36000000mmnKGAQ","Label":"00ex00000018ozo_128_ (10 more) ...","Name":"X00ex00000018ozo_128 (11 more) ...","NamespacePrefix":"shiva15testns","UserLicenseId":"10036000000eSpyAAE","CreatedDate":"2016-03-08T19:00:02.000Z"}}|0x161a7c2c
15:18:10.0 (7714161)|STATEMENT_EXECUTE|[163]
15:18:10.0 (7734060)|ENTERING_MANAGED_PKG|
15:18:10.0 (7743203)|STATEMENT_EXECUTE|[164]
15:18:10.0 (7753283)|HEAP_ALLOCATE|[163]|Bytes:5
15:18:10.0 (7777365)|HEAP_ALLOCATE|[163]|Bytes:28
15:18:10.0 (7785406)|VARIABLE_SCOPE_BEGIN|[163]|PSetName|PermissionSet|true|false
15:18:10.0 (7807012)|VARIABLE_ASSIGNMENT|[163]|PSetName|{"s":1,"v":{"Id":"0PS36000000mmnLGAQ","Label":"00ex00000018ozh_128_ (10 more) ...","Name":"X00ex00000018ozh_128 (11 more) ...","NamespacePrefix":"shiva15testns","UserLicenseId":"10036000000eSpyAAE","CreatedDate":"2016-03-08T19:00:02.000Z"}}|0x548ad8d9
15:18:10.0 (7811323)|STATEMENT_EXECUTE|[163]
15:18:10.0 (7831723)|ENTERING_MANAGED_PKG|
15:18:10.0 (7841103)|STATEMENT_EXECUTE|[164]
15:18:10.0 (7851263)|HEAP_ALLOCATE|[163]|Bytes:5
15:18:10.0 (7870668)|HEAP_ALLOCATE|[163]|Bytes:28
15:18:10.0 (7878166)|VARIABLE_SCOPE_BEGIN|[163]|PSetName|PermissionSet|true|false
15:18:10.0 (7899493)|VARIABLE_ASSIGNMENT|[163]|PSetName|{"s":1,"v":{"Id":"0PS36000000mmnMGAQ","Label":"00ex00000018ozq_128_ (11 more) ...","Name":"X00ex00000018ozq_128 (12 more) ...","NamespacePrefix":"shiva15testns","UserLicenseId":"10036000000eSpyAAE","CreatedDate":"2016-03-08T19:00:02.000Z"}}|0x580a67dc
15:18:10.0 (7903969)|STATEMENT_EXECUTE|[163]
15:18:10.0 (7923994)|ENTERING_MANAGED_PKG|
15:18:10.0 (7933052)|STATEMENT_EXECUTE|[164]
15:18:10.0 (7943293)|HEAP_ALLOCATE|[163]|Bytes:5
15:18:10.0 (7962483)|HEAP_ALLOCATE|[163]|Bytes:28
15:18:10.0 (7969791)|VARIABLE_SCOPE_BEGIN|[163]|PSetName|PermissionSet|true|false
15:18:10.0 (7991331)|VARIABLE_ASSIGNMENT|[163]|PSetName|{"s":1,"v":{"Id":"0PS36000000mmnNGAQ","Label":"00ex00000018ozp_128_ (10 more) ...","Name":"X00ex00000018ozp_128 (11 more) ...","NamespacePrefix":"shiva15testns","UserLicenseId":"10036000000eSpyAAE","CreatedDate":"2016-03-08T19:00:02.000Z"}}|0x76c2c034
15:18:10.0 (7995954)|STATEMENT_EXECUTE|[163]
15:18:10.0 (8016083)|ENTERING_MANAGED_PKG|
15:18:10.0 (8026137)|STATEMENT_EXECUTE|[164]
15:18:10.0 (8036738)|HEAP_ALLOCATE|[163]|Bytes:5
15:18:10.0 (8056038)|HEAP_ALLOCATE|[163]|Bytes:28
15:18:10.0 (8063398)|VARIABLE_SCOPE_BEGIN|[163]|PSetName|PermissionSet|true|false
15:18:10.0 (8084925)|VARIABLE_ASSIGNMENT|[163]|PSetName|{"s":1,"v":{"Id":"0PS36000000mmnOGAQ","Label":"00ex00000018ozn_128_ (10 more) ...","Name":"X00ex00000018ozn_128 (11 more) ...","NamespacePrefix":"shiva15testns","UserLicenseId":"10036000000eSpyAAE","CreatedDate":"2016-03-08T19:00:02.000Z"}}|0x33fc29dc
15:18:10.0 (8089472)|STATEMENT_EXECUTE|[163]
15:18:10.0 (8109598)|ENTERING_MANAGED_PKG|
15:18:10.0 (8118716)|STATEMENT_EXECUTE|[164]
15:18:10.0 (8129315)|HEAP_ALLOCATE|[163]|Bytes:5
15:18:10.0 (8148700)|HEAP_ALLOCATE|[163]|Bytes:28
15:18:10.0 (8156097)|VARIABLE_SCOPE_BEGIN|[163]|PSetName|PermissionSet|true|false
15:18:10.0 (8177012)|VARIABLE_ASSIGNMENT|[163]|PSetName|{"s":1,"v":{"Id":"0PS36000000mmnPGAQ","Label":"00e1a000000MWa9AAG","Name":"X00e1a000000MWa9AAG","NamespacePrefix":"shiva15testns","UserLicenseId":"10036000000eSq0AAE","CreatedDate":"2016-03-08T19:00:02.000Z"}}|0x3132636a
15:18:10.0 (8181151)|STATEMENT_EXECUTE|[163]
15:18:10.0 (8201466)|ENTERING_MANAGED_PKG|
15:18:10.0 (8210713)|STATEMENT_EXECUTE|[164]
15:18:10.0 (8220942)|HEAP_ALLOCATE|[163]|Bytes:5
15:18:10.0 (8240319)|HEAP_ALLOCATE|[163]|Bytes:28
15:18:10.0 (8247598)|VARIABLE_SCOPE_BEGIN|[163]|PSetName|PermissionSet|true|false
15:18:10.0 (8268355)|VARIABLE_ASSIGNMENT|[163]|PSetName|{"s":1,"v":{"Id":"0PS36000000mmnQGAQ","Label":"00e1a000000MWaBAAW","Name":"X00e1a000000MWaBAAW","NamespacePrefix":"shiva15testns","UserLicenseId":"10036000000eSq2AAE","CreatedDate":"2016-03-08T19:00:02.000Z"}}|0x3a0dd617
15:18:10.0 (8272656)|STATEMENT_EXECUTE|[163]
15:18:10.0 (8292493)|ENTERING_MANAGED_PKG|
15:18:10.0 (8301703)|STATEMENT_EXECUTE|[164]
15:18:10.0 (8311841)|HEAP_ALLOCATE|[163]|Bytes:5
15:18:10.0 (8331194)|HEAP_ALLOCATE|[163]|Bytes:28
15:18:10.0 (8338561)|VARIABLE_SCOPE_BEGIN|[163]|PSetName|PermissionSet|true|false
15:18:10.0 (8359360)|VARIABLE_ASSIGNMENT|[163]|PSetName|{"s":1,"v":{"Id":"0PS36000000mmnRGAQ","Label":"00e1a000000MWaCAAW","Name":"X00e1a000000MWaCAAW","NamespacePrefix":"shiva15testns","UserLicenseId":"10036000000eSq3AAE","CreatedDate":"2016-03-08T19:00:02.000Z"}}|0x5aae7202
15:18:10.0 (8363267)|STATEMENT_EXECUTE|[163]
15:18:10.0 (8383476)|ENTERING_MANAGED_PKG|
15:18:10.0 (8392756)|STATEMENT_EXECUTE|[164]
15:18:10.0 (8402867)|HEAP_ALLOCATE|[163]|Bytes:5
15:18:10.0 (8422062)|HEAP_ALLOCATE|[163]|Bytes:28
15:18:10.0 (8429341)|VARIABLE_SCOPE_BEGIN|[163]|PSetName|PermissionSet|true|false
15:18:10.0 (8450062)|VARIABLE_ASSIGNMENT|[163]|PSetName|{"s":1,"v":{"Id":"0PS36000000mmnSGAQ","Label":"00e1a000000MWaDAAW","Name":"X00e1a000000MWaDAAW","NamespacePrefix":"shiva15testns","UserLicenseId":"10036000000eSq4AAE","CreatedDate":"2016-03-08T19:00:02.000Z"}}|0x84e0242
15:18:10.0 (8454640)|STATEMENT_EXECUTE|[163]
15:18:10.0 (8474557)|ENTERING_MANAGED_PKG|
15:18:10.0 (8483756)|STATEMENT_EXECUTE|[164]
15:18:10.0 (8493955)|HEAP_ALLOCATE|[163]|Bytes:5
15:18:10.0 (8513208)|HEAP_ALLOCATE|[163]|Bytes:28
15:18:10.0 (8520567)|VARIABLE_SCOPE_BEGIN|[163]|PSetName|PermissionSet|true|false
15:18:10.0 (8541121)|VARIABLE_ASSIGNMENT|[163]|PSetName|{"s":1,"v":{"Id":"0PS36000000mmnTGAQ","Label":"00e1a000000MWaEAAW","Name":"X00e1a000000MWaEAAW","NamespacePrefix":"shiva15testns","UserLicenseId":"10036000000eSq5AAE","CreatedDate":"2016-03-08T19:00:02.000Z"}}|0x2ac51912
15:18:10.0 (8545400)|STATEMENT_EXECUTE|[163]
15:18:10.0 (8565322)|ENTERING_MANAGED_PKG|
15:18:10.0 (8574487)|STATEMENT_EXECUTE|[164]
15:18:10.0 (8584670)|HEAP_ALLOCATE|[163]|Bytes:5
15:18:10.0 (8604091)|HEAP_ALLOCATE|[163]|Bytes:28
15:18:10.0 (8611442)|VARIABLE_SCOPE_BEGIN|[163]|PSetName|PermissionSet|true|false
15:18:10.0 (8632308)|VARIABLE_ASSIGNMENT|[163]|PSetName|{"s":1,"v":{"Id":"0PS36000000mmnUGAQ","Label":"00e1a000000MWaFAAW","Name":"X00e1a000000MWaFAAW","NamespacePrefix":"shiva15testns","UserLicenseId":"10036000000eSq6AAE","CreatedDate":"2016-03-08T19:00:02.000Z"}}|0x7e2cdf33
15:18:10.0 (8636280)|STATEMENT_EXECUTE|[163]
15:18:10.0 (8656193)|ENTERING_MANAGED_PKG|
15:18:10.0 (8665262)|STATEMENT_EXECUTE|[164]
15:18:10.0 (8675405)|HEAP_ALLOCATE|[163]|Bytes:5
15:18:10.0 (8694672)|HEAP_ALLOCATE|[163]|Bytes:28
15:18:10.0 (8701871)|VARIABLE_SCOPE_BEGIN|[163]|PSetName|PermissionSet|true|false
15:18:10.0 (8722583)|VARIABLE_ASSIGNMENT|[163]|PSetName|{"s":1,"v":{"Id":"0PS36000000mmnVGAQ","Label":"00e1a000000MWaGAAW","Name":"X00e1a000000MWaGAAW","NamespacePrefix":"shiva15testns","UserLicenseId":"10036000000eSq7AAE","CreatedDate":"2016-03-08T19:00:02.000Z"}}|0x573b9c96
15:18:10.0 (8726472)|STATEMENT_EXECUTE|[163]
15:18:10.0 (8746663)|ENTERING_MANAGED_PKG|
15:18:10.0 (8756103)|STATEMENT_EXECUTE|[164]
15:18:10.0 (8766162)|HEAP_ALLOCATE|[163]|Bytes:5
15:18:10.0 (8799950)|HEAP_ALLOCATE|[163]|Bytes:28
15:18:10.0 (8808364)|VARIABLE_SCOPE_BEGIN|[163]|PSetName|PermissionSet|true|false
15:18:10.0 (8829631)|VARIABLE_ASSIGNMENT|[163]|PSetName|{"s":1,"v":{"Id":"0PS36000000mmnWGAQ","Label":"00e1a000000MWaHAAW","Name":"X00e1a000000MWaHAAW","NamespacePrefix":"shiva15testns","UserLicenseId":"10036000000eSq8AAE","CreatedDate":"2016-03-08T19:00:02.000Z"}}|0x2f1fc821
15:18:10.0 (8833471)|STATEMENT_EXECUTE|[163]
15:18:10.0 (8854292)|ENTERING_MANAGED_PKG|
15:18:10.0 (8863537)|STATEMENT_EXECUTE|[164]
15:18:10.0 (8873765)|HEAP_ALLOCATE|[163]|Bytes:5
15:18:10.0 (8893167)|HEAP_ALLOCATE|[163]|Bytes:28
15:18:10.0 (8900638)|VARIABLE_SCOPE_BEGIN|[163]|PSetName|PermissionSet|true|false
15:18:10.0 (8925018)|VARIABLE_ASSIGNMENT|[163]|PSetName|{"s":1,"v":{"Id":"0PS36000000mmnXGAQ","Label":"00e1a000000MWaIAAW","Name":"X00e1a000000MWaIAAW","NamespacePrefix":"shiva15testns","UserLicenseId":"10036000000eSq9AAE","CreatedDate":"2016-03-08T19:00:02.000Z"}}|0x2d905959
15:18:10.0 (8929442)|STATEMENT_EXECUTE|[163]
15:18:10.0 (8951951)|ENTERING_MANAGED_PKG|
15:18:10.0 (8961732)|STATEMENT_EXECUTE|[164]
15:18:10.0 (8972178)|HEAP_ALLOCATE|[163]|Bytes:5
15:18:10.0 (8991910)|HEAP_ALLOCATE|[163]|Bytes:28
15:18:10.0 (8999480)|VARIABLE_SCOPE_BEGIN|[163]|PSetName|PermissionSet|true|false
15:18:10.0 (9020322)|VARIABLE_ASSIGNMENT|[163]|PSetName|{"s":1,"v":{"Id":"0PS36000000mmnYGAQ","Label":"00e1a000000MWaJAAW","Name":"X00e1a000000MWaJAAW","NamespacePrefix":"shiva15testns","UserLicenseId":"10036000000eSqAAAU","CreatedDate":"2016-03-08T19:00:02.000Z"}}|0x35ddce9f
15:18:10.0 (9025211)|STATEMENT_EXECUTE|[163]
15:18:10.0 (9045600)|ENTERING_MANAGED_PKG|
15:18:10.0 (9054700)|STATEMENT_EXECUTE|[164]
15:18:10.0 (9064925)|HEAP_ALLOCATE|[163]|Bytes:5
15:18:10.0 (9084528)|HEAP_ALLOCATE|[163]|Bytes:28
15:18:10.0 (9092017)|VARIABLE_SCOPE_BEGIN|[163]|PSetName|PermissionSet|true|false
15:18:10.0 (9112922)|VARIABLE_ASSIGNMENT|[163]|PSetName|{"s":1,"v":{"Id":"0PS36000000mmnZGAQ","Label":"00e1a000000MWaKAAW","Name":"X00e1a000000MWaKAAW","NamespacePrefix":"shiva15testns","UserLicenseId":"10036000000eSqBAAU","CreatedDate":"2016-03-08T19:00:02.000Z"}}|0x3e092b9e
15:18:10.0 (9117196)|STATEMENT_EXECUTE|[163]
15:18:10.0 (9137145)|ENTERING_MANAGED_PKG|
15:18:10.0 (9146288)|STATEMENT_EXECUTE|[164]
15:18:10.0 (9156361)|HEAP_ALLOCATE|[163]|Bytes:5
15:18:10.0 (9175785)|HEAP_ALLOCATE|[163]|Bytes:28
15:18:10.0 (9183101)|VARIABLE_SCOPE_BEGIN|[163]|PSetName|PermissionSet|true|false
15:18:10.0 (9203789)|VARIABLE_ASSIGNMENT|[163]|PSetName|{"s":1,"v":{"Id":"0PS36000000mmnaGAA","Label":"00e1a000000MWaLAAW","Name":"X00e1a000000MWaLAAW","NamespacePrefix":"shiva15testns","UserLicenseId":"10036000000eSqCAAU","CreatedDate":"2016-03-08T19:00:02.000Z"}}|0x6f06a2be
15:18:10.0 (9207965)|STATEMENT_EXECUTE|[163]
15:18:10.0 (9227567)|ENTERING_MANAGED_PKG|
15:18:10.0 (9236720)|STATEMENT_EXECUTE|[164]
15:18:10.0 (9246804)|HEAP_ALLOCATE|[163]|Bytes:5
15:18:10.0 (9269966)|HEAP_ALLOCATE|[163]|Bytes:28
15:18:10.0 (9278322)|VARIABLE_SCOPE_BEGIN|[163]|PSetName|PermissionSet|true|false
15:18:10.0 (9299252)|VARIABLE_ASSIGNMENT|[163]|PSetName|{"s":1,"v":{"Id":"0PS36000000mmnbGAA","Label":"00e1a000000MWaMAAW","Name":"X00e1a000000MWaMAAW","NamespacePrefix":"shiva15testns","UserLicenseId":"10036000000eSqDAAU","CreatedDate":"2016-03-08T19:00:02.000Z"}}|0x40f37496
15:18:10.0 (9303341)|STATEMENT_EXECUTE|[163]
15:18:10.0 (9323519)|ENTERING_MANAGED_PKG|
15:18:10.0 (9332581)|STATEMENT_EXECUTE|[164]
15:18:10.0 (9342632)|HEAP_ALLOCATE|[163]|Bytes:5
15:18:10.0 (9361882)|HEAP_ALLOCATE|[163]|Bytes:28
15:18:10.0 (9369254)|VARIABLE_SCOPE_BEGIN|[163]|PSetName|PermissionSet|true|false
15:18:10.0 (9389926)|VARIABLE_ASSIGNMENT|[163]|PSetName|{"s":1,"v":{"Id":"0PS36000000mmncGAA","Label":"00e1a000000MWaNAAW","Name":"X00e1a000000MWaNAAW","NamespacePrefix":"shiva15testns","UserLicenseId":"10036000000eSqEAAU","CreatedDate":"2016-03-08T19:00:02.000Z"}}|0x1b01e321
15:18:10.0 (9393681)|STATEMENT_EXECUTE|[163]
15:18:10.0 (9413895)|ENTERING_MANAGED_PKG|
15:18:10.0 (9423151)|STATEMENT_EXECUTE|[164]
15:18:10.0 (9433258)|HEAP_ALLOCATE|[163]|Bytes:5
15:18:10.0 (9452707)|HEAP_ALLOCATE|[163]|Bytes:28
15:18:10.0 (9460260)|VARIABLE_SCOPE_BEGIN|[163]|PSetName|PermissionSet|true|false
15:18:10.0 (9480834)|VARIABLE_ASSIGNMENT|[163]|PSetName|{"s":1,"v":{"Id":"0PS36000000mmndGAA","Label":"00e1a000000MWaOAAW","Name":"X00e1a000000MWaOAAW","NamespacePrefix":"shiva15testns","UserLicenseId":"10036000000eSqFAAU","CreatedDate":"2016-03-08T19:00:02.000Z"}}|0x6ca36e04
15:18:10.0 (9484888)|STATEMENT_EXECUTE|[163]
15:18:10.0 (9504843)|ENTERING_MANAGED_PKG|
15:18:10.0 (9514008)|STATEMENT_EXECUTE|[164]
15:18:10.0 (9524030)|HEAP_ALLOCATE|[163]|Bytes:5
15:18:10.0 (9543584)|HEAP_ALLOCATE|[163]|Bytes:28
15:18:10.0 (9550934)|VARIABLE_SCOPE_BEGIN|[163]|PSetName|PermissionSet|true|false
15:18:10.0 (9571460)|VARIABLE_ASSIGNMENT|[163]|PSetName|{"s":1,"v":{"Id":"0PS36000000mmneGAA","Label":"00e1a000000MWaPAAW","Name":"X00e1a000000MWaPAAW","NamespacePrefix":"shiva15testns","UserLicenseId":"10036000000eSqGAAU","CreatedDate":"2016-03-08T19:00:02.000Z"}}|0x366a327c
15:18:10.0 (9575578)|STATEMENT_EXECUTE|[163]
15:18:10.0 (9595568)|ENTERING_MANAGED_PKG|
15:18:10.0 (9604631)|STATEMENT_EXECUTE|[164]
15:18:10.0 (9614821)|HEAP_ALLOCATE|[163]|Bytes:5
15:18:10.0 (9634276)|HEAP_ALLOCATE|[163]|Bytes:28
15:18:10.0 (9641619)|VARIABLE_SCOPE_BEGIN|[163]|PSetName|PermissionSet|true|false
15:18:10.0 (9662170)|VARIABLE_ASSIGNMENT|[163]|PSetName|{"s":1,"v":{"Id":"0PS36000000mmnfGAA","Label":"00e1a000000MWaQAAW","Name":"X00e1a000000MWaQAAW","NamespacePrefix":"shiva15testns","UserLicenseId":"10036000000eSqHAAU","CreatedDate":"2016-03-08T19:00:02.000Z"}}|0x6de6a7e3
15:18:10.0 (9666112)|STATEMENT_EXECUTE|[163]
15:18:10.0 (9686100)|ENTERING_MANAGED_PKG|
15:18:10.0 (9695146)|STATEMENT_EXECUTE|[164]
15:18:10.0 (9705376)|HEAP_ALLOCATE|[163]|Bytes:5
15:18:10.0 (9724812)|HEAP_ALLOCATE|[163]|Bytes:28
15:18:10.0 (9732111)|VARIABLE_SCOPE_BEGIN|[163]|PSetName|PermissionSet|true|false
15:18:10.0 (9753023)|VARIABLE_ASSIGNMENT|[163]|PSetName|{"s":1,"v":{"Id":"0PS36000000mmngGAA","Label":"00e1a000000MWaRAAW","Name":"X00e1a000000MWaRAAW","NamespacePrefix":"shiva15testns","UserLicenseId":"10036000000eSqIAAU","CreatedDate":"2016-03-08T19:00:02.000Z"}}|0x79ea4995
15:18:10.0 (9756910)|STATEMENT_EXECUTE|[163]
15:18:10.0 (9796960)|ENTERING_MANAGED_PKG|
15:18:10.0 (9808107)|STATEMENT_EXECUTE|[164]
15:18:10.0 (9819221)|HEAP_ALLOCATE|[163]|Bytes:5
15:18:10.0 (9839432)|HEAP_ALLOCATE|[163]|Bytes:28
15:18:10.0 (9847202)|VARIABLE_SCOPE_BEGIN|[163]|PSetName|PermissionSet|true|false
15:18:10.0 (9868909)|VARIABLE_ASSIGNMENT|[163]|PSetName|{"s":1,"v":{"Id":"0PS36000000mmnhGAA","Label":"00e1a000000MWaSAAW","Name":"X00e1a000000MWaSAAW","NamespacePrefix":"shiva15testns","UserLicenseId":"10036000000eSqJAAU","CreatedDate":"2016-03-08T19:00:02.000Z"}}|0xececbe2
15:18:10.0 (9873105)|STATEMENT_EXECUTE|[163]
15:18:10.0 (9893642)|ENTERING_MANAGED_PKG|
15:18:10.0 (9902944)|STATEMENT_EXECUTE|[164]
15:18:10.0 (9913281)|HEAP_ALLOCATE|[163]|Bytes:5
15:18:10.0 (9932683)|HEAP_ALLOCATE|[163]|Bytes:28
15:18:10.0 (9940078)|VARIABLE_SCOPE_BEGIN|[163]|PSetName|PermissionSet|true|false
15:18:10.0 (9961029)|VARIABLE_ASSIGNMENT|[163]|PSetName|{"s":1,"v":{"Id":"0PS36000000mmniGAA","Label":"00e1a000000MWaTAAW","Name":"X00e1a000000MWaTAAW","NamespacePrefix":"shiva15testns","UserLicenseId":"10036000000eSqJAAU","CreatedDate":"2016-03-08T19:00:02.000Z"}}|0x6950e195
15:18:10.0 (9964953)|STATEMENT_EXECUTE|[163]
15:18:10.0 (9984830)|ENTERING_MANAGED_PKG|
15:18:10.0 (9994029)|STATEMENT_EXECUTE|[164]
15:18:10.0 (10004241)|HEAP_ALLOCATE|[163]|Bytes:5
15:18:10.0 (10024953)|HEAP_ALLOCATE|[163]|Bytes:28
15:18:10.0 (10032514)|VARIABLE_SCOPE_BEGIN|[163]|PSetName|PermissionSet|true|false
15:18:10.0 (10053313)|VARIABLE_ASSIGNMENT|[163]|PSetName|{"s":1,"v":{"Id":"0PS36000000mmnjGAA","Label":"00e1a000000MWaUAAW","Name":"X00e1a000000MWaUAAW","NamespacePrefix":"shiva15testns","UserLicenseId":"10036000000eSqKAAU","CreatedDate":"2016-03-08T19:00:02.000Z"}}|0x31518ae3
15:18:10.0 (10057548)|STATEMENT_EXECUTE|[163]
15:18:10.0 (10077669)|ENTERING_MANAGED_PKG|
15:18:10.0 (10087001)|STATEMENT_EXECUTE|[164]
15:18:10.0 (10097207)|HEAP_ALLOCATE|[163]|Bytes:5
15:18:10.0 (10116707)|HEAP_ALLOCATE|[163]|Bytes:28
15:18:10.0 (10124050)|VARIABLE_SCOPE_BEGIN|[163]|PSetName|PermissionSet|true|false
15:18:10.0 (10144993)|VARIABLE_ASSIGNMENT|[163]|PSetName|{"s":1,"v":{"Id":"0PS36000000mmnlGAA","Label":"00e1a000000N1LRAA0","Name":"X00e1a000000N1LRAA0","NamespacePrefix":"shiva15testns","UserLicenseId":"10036000000eSqLAAU","CreatedDate":"2016-03-08T19:00:02.000Z"}}|0x1a5cdbbd
15:18:10.0 (10149244)|STATEMENT_EXECUTE|[163]
15:18:10.0 (10169200)|ENTERING_MANAGED_PKG|
15:18:10.0 (10178399)|STATEMENT_EXECUTE|[164]
15:18:10.0 (10188555)|HEAP_ALLOCATE|[163]|Bytes:5
15:18:10.0 (10207949)|HEAP_ALLOCATE|[163]|Bytes:28
15:18:10.0 (10215268)|VARIABLE_SCOPE_BEGIN|[163]|PSetName|PermissionSet|true|false
15:18:10.0 (10235992)|VARIABLE_ASSIGNMENT|[163]|PSetName|{"s":1,"v":{"Id":"0PS36000000mmnmGAA","Label":"00e1a000000N1LSAA0","Name":"X00e1a000000N1LSAA0","NamespacePrefix":"shiva15testns","UserLicenseId":"10036000000eSqMAAU","CreatedDate":"2016-03-08T19:00:02.000Z"}}|0x62b592cf
15:18:10.0 (10240348)|STATEMENT_EXECUTE|[163]
15:18:10.0 (10260430)|ENTERING_MANAGED_PKG|
15:18:10.0 (10269647)|STATEMENT_EXECUTE|[164]
15:18:10.0 (10279866)|HEAP_ALLOCATE|[163]|Bytes:5
15:18:10.0 (10299922)|HEAP_ALLOCATE|[163]|Bytes:28
15:18:10.0 (10307358)|VARIABLE_SCOPE_BEGIN|[163]|PSetName|PermissionSet|true|false
15:18:10.0 (10328126)|VARIABLE_ASSIGNMENT|[163]|PSetName|{"s":1,"v":{"Id":"0PS36000000mmnnGAA","Label":"00e1a000000N1wKAAS","Name":"X00e1a000000N1wKAAS","NamespacePrefix":"shiva15testns","UserLicenseId":"10036000000eSqNAAU","CreatedDate":"2016-03-08T19:00:02.000Z"}}|0xc078b45
15:18:10.0 (10332369)|STATEMENT_EXECUTE|[163]
15:18:10.0 (10352506)|ENTERING_MANAGED_PKG|
15:18:10.0 (10361580)|STATEMENT_EXECUTE|[164]
15:18:10.0 (10371725)|HEAP_ALLOCATE|[163]|Bytes:5
15:18:10.0 (10391214)|HEAP_ALLOCATE|[163]|Bytes:28
15:18:10.0 (10398752)|VARIABLE_SCOPE_BEGIN|[163]|PSetName|PermissionSet|true|false
15:18:10.0 (10419458)|VARIABLE_ASSIGNMENT|[163]|PSetName|{"s":1,"v":{"Id":"0PS36000000mmnoGAA","Label":"00e1a000000N1wLAAS","Name":"X00e1a000000N1wLAAS","NamespacePrefix":"shiva15testns","UserLicenseId":"10036000000eSqNAAU","CreatedDate":"2016-03-08T19:00:02.000Z"}}|0x313c0eb4
15:18:10.0 (10423416)|STATEMENT_EXECUTE|[163]
15:18:10.0 (10443261)|ENTERING_MANAGED_PKG|
15:18:10.0 (10452414)|STATEMENT_EXECUTE|[164]
15:18:10.0 (10462608)|HEAP_ALLOCATE|[163]|Bytes:5
15:18:10.0 (10482053)|HEAP_ALLOCATE|[163]|Bytes:28
15:18:10.0 (10489284)|VARIABLE_SCOPE_BEGIN|[163]|PSetName|PermissionSet|true|false
15:18:10.0 (10510093)|VARIABLE_ASSIGNMENT|[163]|PSetName|{"s":1,"v":{"Id":"0PS36000000mmnqGAA","Label":"00e1a000000MWaAAAW","Name":"X00e1a000000MWaAAAW","NamespacePrefix":"shiva15testns","UserLicenseId":"10036000000eSq1AAE","CreatedDate":"2016-03-08T19:00:02.000Z"}}|0x4d41aa1d
15:18:10.0 (10514179)|STATEMENT_EXECUTE|[163]
15:18:10.0 (10534100)|ENTERING_MANAGED_PKG|
15:18:10.0 (10543751)|STATEMENT_EXECUTE|[164]
15:18:10.0 (10553925)|HEAP_ALLOCATE|[163]|Bytes:5
15:18:10.0 (10573521)|HEAP_ALLOCATE|[163]|Bytes:32
15:18:10.0 (10580772)|VARIABLE_SCOPE_BEGIN|[163]|PSetName|PermissionSet|true|false
15:18:10.0 (10603416)|VARIABLE_ASSIGNMENT|[163]|PSetName|{"s":1,"v":{"Id":"0PS36000000q71PGAQ","Label":"PermissionSet_Test","Name":"PermissionSet_Test","Description":"This is for testing  (11 more) ...","NamespacePrefix":"shiva15testns","UserLicenseId":"10036000000eSpyAAE","CreatedDate":"2016-03-20T22:41:12.000Z"}}|0x3ac6a90
15:18:10.0 (10608062)|STATEMENT_EXECUTE|[163]
15:18:10.0 (10628132)|ENTERING_MANAGED_PKG|
15:18:10.0 (10637800)|STATEMENT_EXECUTE|[164]
15:18:10.0 (10639505)|STATEMENT_EXECUTE|[166]
15:18:10.0 (10643177)|VARIABLE_SCOPE_BEGIN|[166]|user_License_Name|String|false|false
15:18:10.0 (10649739)|VARIABLE_ASSIGNMENT|[166]|user_License_Name|null
15:18:10.0 (10671364)|STATEMENT_EXECUTE|[167]
15:18:10.0 (10673235)|STATEMENT_EXECUTE|[168]
15:18:10.0 (10677370)|HEAP_ALLOCATE|[168]|Bytes:52
15:18:10.0 (10683901)|HEAP_ALLOCATE|[168]|Bytes:4
15:18:10.0 (10690006)|HEAP_ALLOCATE|[168]|Bytes:7
15:18:10.0 (11423522)|SOQL_EXECUTE_BEGIN|[168]|Aggregations:0|SELECT Id, Name FROM UserLicense WHERE Id = :tmpVar1
15:18:10.0 (13565516)|SOQL_EXECUTE_END|[168]|Rows:1
15:18:10.0 (13578914)|HEAP_ALLOCATE|[168]|Bytes:8
15:18:10.0 (13588770)|HEAP_ALLOCATE|[168]|Bytes:47
15:18:10.0 (13647997)|HEAP_ALLOCATE|[168]|Bytes:8
15:18:10.0 (13658249)|HEAP_ALLOCATE|[168]|Bytes:37
15:18:10.0 (13719294)|HEAP_ALLOCATE|[168]|Bytes:12
15:18:10.0 (13728747)|VARIABLE_SCOPE_BEGIN|[168]|ulicense|UserLicense|true|false
15:18:10.0 (13746049)|VARIABLE_ASSIGNMENT|[168]|ulicense|{"s":1,"v":{"Id":"10036000000eSpyAAE","Name":"Salesforce"}}|0x3f19c05e
15:18:10.0 (13749862)|STATEMENT_EXECUTE|[169]
15:18:10.0 (13786986)|VARIABLE_ASSIGNMENT|[169]|user_License_Name|"Salesforce"
15:18:10.0 (13790741)|STATEMENT_EXECUTE|[171]
15:18:10.0 (13796897)|HEAP_ALLOCATE|[171]|Bytes:240
15:18:10.0 (13802398)|HEAP_ALLOCATE|[171]|Bytes:39
15:18:10.0 (13820167)|HEAP_ALLOCATE|[171]|Bytes:32
15:18:10.0 (13870911)|ENTERING_MANAGED_PKG|
15:18:10.0 (13901494)|HEAP_ALLOCATE|[171]|Bytes:18
15:18:10.0 (13965628)|ENTERING_MANAGED_PKG|
15:18:10.0 (13995978)|HEAP_ALLOCATE|[171]|Bytes:19
15:18:10.0 (14032589)|CONSTRUCTOR_ENTRY|[171]|01p36000005Jpvx|<init>(String,String,String,String,String,String,String)
15:18:10.0 (14056538)|VARIABLE_SCOPE_BEGIN|[1106]|this|shiva15testns.PermissionSetPortalControllers.PermissionSetClass|true|false
15:18:10.0 (14119236)|VARIABLE_ASSIGNMENT|[1106]|this|{}|0x5cb32c23
15:18:10.0 (14125024)|VARIABLE_SCOPE_BEGIN|[1106]|label|String|false|false
15:18:10.0 (14130608)|VARIABLE_ASSIGNMENT|[1106]|label|"PermissionSet_Test"
15:18:10.0 (14133778)|VARIABLE_SCOPE_BEGIN|[1106]|apiName|String|false|false
15:18:10.0 (14137425)|VARIABLE_ASSIGNMENT|[1106]|apiName|"PermissionSet_Test"
15:18:10.0 (14140211)|VARIABLE_SCOPE_BEGIN|[1106]|id|String|false|false
15:18:10.0 (14143728)|VARIABLE_ASSIGNMENT|[1106]|id|"0PS36000000q71PGAQ"
15:18:10.0 (14146392)|VARIABLE_SCOPE_BEGIN|[1106]|description|String|false|false
15:18:10.0 (14150960)|VARIABLE_ASSIGNMENT|[1106]|description|"This is for testing  (11 more) ..."
15:18:10.0 (14153832)|VARIABLE_SCOPE_BEGIN|[1106]|namespacePrefix|String|false|false
15:18:10.0 (14157538)|VARIABLE_ASSIGNMENT|[1106]|namespacePrefix|"shiva15testns"
15:18:10.0 (14160478)|VARIABLE_SCOPE_BEGIN|[1106]|userLicenseId|String|false|false
15:18:10.0 (14163779)|VARIABLE_ASSIGNMENT|[1106]|userLicenseId|"Salesforce"
15:18:10.0 (14166471)|VARIABLE_SCOPE_BEGIN|[1106]|createdDate|String|false|false
15:18:10.0 (14169853)|VARIABLE_ASSIGNMENT|[1106]|createdDate|"2016-03-20 15:41:12"
15:18:10.0 (14173344)|STATEMENT_EXECUTE|[1089]
15:18:10.0 (14174836)|STATEMENT_EXECUTE|[1092]
15:18:10.0 (14176555)|STATEMENT_EXECUTE|[1094]
15:18:10.0 (14177754)|STATEMENT_EXECUTE|[1096]
15:18:10.0 (14178984)|STATEMENT_EXECUTE|[1098]
15:18:10.0 (14180159)|STATEMENT_EXECUTE|[1100]
15:18:10.0 (14181344)|STATEMENT_EXECUTE|[1102]
15:18:10.0 (14182513)|STATEMENT_EXECUTE|[1104]
15:18:10.0 (14191586)|HEAP_ALLOCATE|[1108]|Bytes:6
15:18:10.0 (14216034)|STATEMENT_EXECUTE|[1107]
15:18:10.0 (14218156)|STATEMENT_EXECUTE|[1108]
15:18:10.0 (14298498)|VARIABLE_ASSIGNMENT|[EXTERNAL]|this|{}|0x5cb32c23
15:18:10.0 (14307332)|VARIABLE_ASSIGNMENT|[EXTERNAL]|value|"PermissionSet_Test"
15:18:10.0 (14319183)|VARIABLE_ASSIGNMENT|[1092]|this.label|"PermissionSet_Test"|0x5cb32c23
15:18:10.0 (14327123)|STATEMENT_EXECUTE|[1109]
15:18:10.0 (14381381)|VARIABLE_ASSIGNMENT|[EXTERNAL]|this|{"label":"PermissionSet_Test"}|0x5cb32c23
15:18:10.0 (14389076)|VARIABLE_ASSIGNMENT|[EXTERNAL]|value|"PermissionSet_Test"
15:18:10.0 (14397499)|VARIABLE_ASSIGNMENT|[1094]|this.apiName|"PermissionSet_Test"|0x5cb32c23
15:18:10.0 (14404367)|STATEMENT_EXECUTE|[1110]
15:18:10.0 (14455280)|VARIABLE_ASSIGNMENT|[EXTERNAL]|this|{"apiName":"PermissionSet_Test","label":"PermissionSet_Test"}|0x5cb32c23
15:18:10.0 (14463400)|VARIABLE_ASSIGNMENT|[EXTERNAL]|value|"0PS36000000q71PGAQ"
15:18:10.0 (14471408)|VARIABLE_ASSIGNMENT|[1096]|this.id|"0PS36000000q71PGAQ"|0x5cb32c23
15:18:10.0 (14478104)|STATEMENT_EXECUTE|[1111]
15:18:10.0 (14528967)|VARIABLE_ASSIGNMENT|[EXTERNAL]|this|{"apiName":"PermissionSet_Test","id":"0PS36000000q71PGAQ","label":"PermissionSet_Test"}|0x5cb32c23
15:18:10.0 (14537916)|VARIABLE_ASSIGNMENT|[EXTERNAL]|value|"This is for testing  (11 more) ..."
15:18:10.0 (14547107)|VARIABLE_ASSIGNMENT|[1098]|this.description|"This is for testing  (11 more) ..."|0x5cb32c23
15:18:10.0 (14553955)|STATEMENT_EXECUTE|[1112]
15:18:10.0 (14605793)|VARIABLE_ASSIGNMENT|[EXTERNAL]|this|{"apiName":"PermissionSet_Test","description":"This is for testing  (11 more) ...","id":"0PS36000000q71PGAQ","label":"PermissionSet_Test"}|0x5cb32c23
15:18:10.0 (14614048)|VARIABLE_ASSIGNMENT|[EXTERNAL]|value|"shiva15testns"
15:18:10.0 (14621995)|VARIABLE_ASSIGNMENT|[1100]|this.namespacePrefix|"shiva15testns"|0x5cb32c23
15:18:10.0 (14628924)|STATEMENT_EXECUTE|[1113]
15:18:10.0 (14680181)|VARIABLE_ASSIGNMENT|[EXTERNAL]|this|{"apiName":"PermissionSet_Test","description":"This is for testing  (11 more) ...","id":"0PS36000000q71PGAQ","label":"PermissionSet_Test","namespacePrefix":"shiva15testns"}|0x5cb32c23
15:18:10.0 (14688395)|VARIABLE_ASSIGNMENT|[EXTERNAL]|value|"Salesforce"
15:18:10.0 (14696359)|VARIABLE_ASSIGNMENT|[1102]|this.userLicenseId|"Salesforce"|0x5cb32c23
15:18:10.0 (14703403)|STATEMENT_EXECUTE|[1114]
15:18:10.0 (14756033)|VARIABLE_ASSIGNMENT|[EXTERNAL]|this|{"apiName":"PermissionSet_Test","description":"This is for testing  (11 more) ...","id":"0PS36000000q71PGAQ","label":"PermissionSet_Test","namespacePrefix":"shiva15testns","userLicenseId":"Salesforce"}|0x5cb32c23
15:18:10.0 (14764413)|VARIABLE_ASSIGNMENT|[EXTERNAL]|value|"2016-03-20 15:41:12"
15:18:10.0 (14778611)|VARIABLE_ASSIGNMENT|[1104]|this.createdDate|"2016-03-20 15:41:12"|0x5cb32c23
15:18:10.0 (14793324)|CONSTRUCTOR_EXIT|[171]|01p36000005Jpvx|<init>(String,String,String,String,String,String,String)
15:18:10.0 (14816747)|VARIABLE_ASSIGNMENT|[171]|pSetObj|{"apiName":"PermissionSet_Test","createdDate":"2016-03-20 15:41:12","description":"This is for testing  (11 more) ...","id":"0PS36000000q71PGAQ","label":"PermissionSet_Test","namespacePrefix":"shiva15testns","userLicenseId":"Salesforce"}|0x5cb32c23
15:18:10.0 (14821230)|STATEMENT_EXECUTE|[173]
15:18:10.0 (14836241)|ENTERING_MANAGED_PKG|
15:18:10.0 (14860346)|HEAP_ALLOCATE|[EXTERNAL]|Bytes:4
15:18:10.0 (14867674)|STATEMENT_EXECUTE|[174]
15:18:10.0 (15027911)|HEAP_ALLOCATE|[174]|Bytes:24
15:18:10.0 (15048557)|ENTERING_MANAGED_PKG|
15:18:10.0 (15121214)|HEAP_ALLOCATE|[174]|Bytes:231
15:18:10.0 (15143335)|HEAP_ALLOCATE|[174]|Bytes:255
15:18:10.0 (15162578)|ENTERING_MANAGED_PKG|
15:18:10.0 (15175428)|USER_DEBUG|[174]|ERROR|The PermissionSet Name: PermissionSet:{Id=0PS36000000q71PGAQ, Label=PermissionSet_Test, Name=PermissionSet_Test, Description=This is for testing Description, NamespacePrefix=shiva15testns, UserLicenseId=10036000000eSpyAAE, CreatedDate=2016-03-20 22:41:12}
15:18:10.0 (15191929)|HEAP_ALLOCATE|[163]|Bytes:5
15:18:10.0 (15214624)|HEAP_ALLOCATE|[163]|Bytes:32
15:18:10.0 (15223362)|VARIABLE_SCOPE_BEGIN|[163]|PSetName|PermissionSet|true|false
15:18:10.0 (15249800)|VARIABLE_ASSIGNMENT|[163]|PSetName|{"s":1,"v":{"Id":"0PS360000017KxHGAU","Label":"Final_Test","Name":"Final_Test","Description":"Descp","NamespacePrefix":"shiva15testns","UserLicenseId":"10036000000eSpyAAE","CreatedDate":"2016-05-04T00:16:41.000Z"}}|0x33418403
15:18:10.0 (15254489)|STATEMENT_EXECUTE|[163]
15:18:10.0 (15277004)|ENTERING_MANAGED_PKG|
15:18:10.0 (15287061)|STATEMENT_EXECUTE|[164]
15:18:10.0 (15288663)|STATEMENT_EXECUTE|[166]
15:18:10.0 (15292223)|VARIABLE_SCOPE_BEGIN|[166]|user_License_Name|String|false|false
15:18:10.0 (15298335)|VARIABLE_ASSIGNMENT|[166]|user_License_Name|null
15:18:10.0 (15304095)|STATEMENT_EXECUTE|[167]
15:18:10.0 (15305368)|STATEMENT_EXECUTE|[168]
15:18:10.0 (15310138)|HEAP_ALLOCATE|[168]|Bytes:4
15:18:10.0 (15451184)|SOQL_EXECUTE_BEGIN|[168]|Aggregations:0|SELECT Id, Name FROM UserLicense WHERE Id = :tmpVar1
15:18:10.0 (16932965)|SOQL_EXECUTE_END|[168]|Rows:1
15:18:10.0 (16944903)|HEAP_ALLOCATE|[168]|Bytes:8
15:18:10.0 (16954978)|HEAP_ALLOCATE|[168]|Bytes:47
15:18:10.0 (16969712)|HEAP_ALLOCATE|[168]|Bytes:8
15:18:10.0 (16999616)|HEAP_ALLOCATE|[168]|Bytes:12
15:18:10.0 (17008372)|VARIABLE_SCOPE_BEGIN|[168]|ulicense|UserLicense|true|false
15:18:10.0 (17026408)|VARIABLE_ASSIGNMENT|[168]|ulicense|{"s":1,"v":{"Id":"10036000000eSpyAAE","Name":"Salesforce"}}|0x569c8ecf
15:18:10.0 (17030191)|STATEMENT_EXECUTE|[169]
15:18:10.0 (17042745)|VARIABLE_ASSIGNMENT|[169]|user_License_Name|"Salesforce"
15:18:10.0 (17045774)|STATEMENT_EXECUTE|[171]
15:18:10.0 (17050588)|HEAP_ALLOCATE|[171]|Bytes:32
15:18:10.0 (17073510)|ENTERING_MANAGED_PKG|
15:18:10.0 (17078653)|HEAP_ALLOCATE|[171]|Bytes:18
15:18:10.0 (17102673)|ENTERING_MANAGED_PKG|
15:18:10.0 (17116653)|HEAP_ALLOCATE|[171]|Bytes:19
15:18:10.0 (17135065)|CONSTRUCTOR_ENTRY|[171]|01p36000005Jpvx|<init>(String,String,String,String,String,String,String)
15:18:10.0 (17140957)|VARIABLE_SCOPE_BEGIN|[1106]|this|shiva15testns.PermissionSetPortalControllers.PermissionSetClass|true|false
15:18:10.0 (17163269)|VARIABLE_ASSIGNMENT|[1106]|this|{}|0x1ffebc0e
15:18:10.0 (17166590)|VARIABLE_SCOPE_BEGIN|[1106]|label|String|false|false
15:18:10.0 (17171380)|VARIABLE_ASSIGNMENT|[1106]|label|"Final_Test"
15:18:10.0 (17173186)|VARIABLE_SCOPE_BEGIN|[1106]|apiName|String|false|false
15:18:10.0 (17175992)|VARIABLE_ASSIGNMENT|[1106]|apiName|"Final_Test"
15:18:10.0 (17177636)|VARIABLE_SCOPE_BEGIN|[1106]|id|String|false|false
15:18:10.0 (17180651)|VARIABLE_ASSIGNMENT|[1106]|id|"0PS360000017KxHGAU"
15:18:10.0 (17182224)|VARIABLE_SCOPE_BEGIN|[1106]|description|String|false|false
15:18:10.0 (17184835)|VARIABLE_ASSIGNMENT|[1106]|description|"Descp"
15:18:10.0 (17186728)|VARIABLE_SCOPE_BEGIN|[1106]|namespacePrefix|String|false|false
15:18:10.0 (17189567)|VARIABLE_ASSIGNMENT|[1106]|namespacePrefix|"shiva15testns"
15:18:10.0 (17191110)|VARIABLE_SCOPE_BEGIN|[1106]|userLicenseId|String|false|false
15:18:10.0 (17193756)|VARIABLE_ASSIGNMENT|[1106]|userLicenseId|"Salesforce"
15:18:10.0 (17195319)|VARIABLE_SCOPE_BEGIN|[1106]|createdDate|String|false|false
15:18:10.0 (17198149)|VARIABLE_ASSIGNMENT|[1106]|createdDate|"2016-05-03 17:16:41"
15:18:10.0 (17201027)|STATEMENT_EXECUTE|[1089]
15:18:10.0 (17202576)|STATEMENT_EXECUTE|[1092]
15:18:10.0 (17203819)|STATEMENT_EXECUTE|[1094]
15:18:10.0 (17204900)|STATEMENT_EXECUTE|[1096]
15:18:10.0 (17205960)|STATEMENT_EXECUTE|[1098]
15:18:10.0 (17207075)|STATEMENT_EXECUTE|[1100]
15:18:10.0 (17208174)|STATEMENT_EXECUTE|[1102]
15:18:10.0 (17209227)|STATEMENT_EXECUTE|[1104]
15:18:10.0 (17221362)|STATEMENT_EXECUTE|[1107]
15:18:10.0 (17222937)|STATEMENT_EXECUTE|[1108]
15:18:10.0 (17244334)|VARIABLE_ASSIGNMENT|[EXTERNAL]|this|{}|0x1ffebc0e
15:18:10.0 (17250232)|VARIABLE_ASSIGNMENT|[EXTERNAL]|value|"Final_Test"
15:18:10.0 (17257621)|VARIABLE_ASSIGNMENT|[1092]|this.label|"Final_Test"|0x1ffebc0e
15:18:10.0 (17263658)|STATEMENT_EXECUTE|[1109]
15:18:10.0 (17283771)|VARIABLE_ASSIGNMENT|[EXTERNAL]|this|{"label":"Final_Test"}|0x1ffebc0e
15:18:10.0 (17288216)|VARIABLE_ASSIGNMENT|[EXTERNAL]|value|"Final_Test"
15:18:10.0 (17294275)|VARIABLE_ASSIGNMENT|[1094]|this.apiName|"Final_Test"|0x1ffebc0e
15:18:10.0 (17299600)|STATEMENT_EXECUTE|[1110]
15:18:10.0 (17319138)|VARIABLE_ASSIGNMENT|[EXTERNAL]|this|{"apiName":"Final_Test","label":"Final_Test"}|0x1ffebc0e
15:18:10.0 (17324269)|VARIABLE_ASSIGNMENT|[EXTERNAL]|value|"0PS360000017KxHGAU"
15:18:10.0 (17330560)|VARIABLE_ASSIGNMENT|[1096]|this.id|"0PS360000017KxHGAU"|0x1ffebc0e
15:18:10.0 (17335741)|STATEMENT_EXECUTE|[1111]
15:18:10.0 (17355663)|VARIABLE_ASSIGNMENT|[EXTERNAL]|this|{"apiName":"Final_Test","id":"0PS360000017KxHGAU","label":"Final_Test"}|0x1ffebc0e
15:18:10.0 (17360539)|VARIABLE_ASSIGNMENT|[EXTERNAL]|value|"Descp"
15:18:10.0 (17366548)|VARIABLE_ASSIGNMENT|[1098]|this.description|"Descp"|0x1ffebc0e
15:18:10.0 (17371800)|STATEMENT_EXECUTE|[1112]
15:18:10.0 (17392387)|VARIABLE_ASSIGNMENT|[EXTERNAL]|this|{"apiName":"Final_Test","description":"Descp","id":"0PS360000017KxHGAU","label":"Final_Test"}|0x1ffebc0e
15:18:10.0 (17397215)|VARIABLE_ASSIGNMENT|[EXTERNAL]|value|"shiva15testns"
15:18:10.0 (17403304)|VARIABLE_ASSIGNMENT|[1100]|this.namespacePrefix|"shiva15testns"|0x1ffebc0e
15:18:10.0 (17408910)|STATEMENT_EXECUTE|[1113]
15:18:10.0 (17429943)|VARIABLE_ASSIGNMENT|[EXTERNAL]|this|{"apiName":"Final_Test","description":"Descp","id":"0PS360000017KxHGAU","label":"Final_Test","namespacePrefix":"shiva15testns"}|0x1ffebc0e
15:18:10.0 (17434719)|VARIABLE_ASSIGNMENT|[EXTERNAL]|value|"Salesforce"
15:18:10.0 (17440661)|VARIABLE_ASSIGNMENT|[1102]|this.userLicenseId|"Salesforce"|0x1ffebc0e
15:18:10.0 (17445786)|STATEMENT_EXECUTE|[1114]
15:18:10.0 (17467589)|VARIABLE_ASSIGNMENT|[EXTERNAL]|this|{"apiName":"Final_Test","description":"Descp","id":"0PS360000017KxHGAU","label":"Final_Test","namespacePrefix":"shiva15testns","userLicenseId":"Salesforce"}|0x1ffebc0e
15:18:10.0 (17473347)|VARIABLE_ASSIGNMENT|[EXTERNAL]|value|"2016-05-03 17:16:41"
15:18:10.0 (17479655)|VARIABLE_ASSIGNMENT|[1104]|this.createdDate|"2016-05-03 17:16:41"|0x1ffebc0e
15:18:10.0 (17492427)|CONSTRUCTOR_EXIT|[171]|01p36000005Jpvx|<init>(String,String,String,String,String,String,String)
15:18:10.0 (17513701)|VARIABLE_ASSIGNMENT|[171]|pSetObj|{"apiName":"Final_Test","createdDate":"2016-05-03 17:16:41","description":"Descp","id":"0PS360000017KxHGAU","label":"Final_Test","namespacePrefix":"shiva15testns","userLicenseId":"Salesforce"}|0x1ffebc0e
15:18:10.0 (17517541)|STATEMENT_EXECUTE|[173]
15:18:10.0 (17529037)|ENTERING_MANAGED_PKG|
15:18:10.0 (17533616)|HEAP_ALLOCATE|[EXTERNAL]|Bytes:4
15:18:10.0 (17539187)|STATEMENT_EXECUTE|[174]
15:18:10.0 (17552209)|ENTERING_MANAGED_PKG|
15:18:10.0 (17599159)|HEAP_ALLOCATE|[174]|Bytes:189
15:18:10.0 (17614946)|HEAP_ALLOCATE|[174]|Bytes:213
15:18:10.0 (17626820)|ENTERING_MANAGED_PKG|
15:18:10.0 (17633987)|USER_DEBUG|[174]|ERROR|The PermissionSet Name: PermissionSet:{Id=0PS360000017KxHGAU, Label=Final_Test, Name=Final_Test, Description=Descp, NamespacePrefix=shiva15testns, UserLicenseId=10036000000eSpyAAE, CreatedDate=2016-05-04 00:16:41}
15:18:10.0 (17650163)|HEAP_ALLOCATE|[163]|Bytes:5
15:18:10.0 (17678991)|HEAP_ALLOCATE|[163]|Bytes:24
15:18:10.0 (17693119)|VARIABLE_SCOPE_BEGIN|[163]|PSetName|PermissionSet|true|false
15:18:10.0 (17732550)|VARIABLE_ASSIGNMENT|[163]|PSetName|{"s":1,"v":{"Id":"0PS36000001I6ugGAC","Label":"test_pSet","Name":"test_pSet","NamespacePrefix":"shiva15testns","CreatedDate":"2016-05-19T21:43:36.000Z"}}|0x62596571
15:18:10.0 (17738449)|STATEMENT_EXECUTE|[163]
15:18:10.0 (17762694)|ENTERING_MANAGED_PKG|
15:18:10.0 (17783789)|STATEMENT_EXECUTE|[164]
15:18:10.0 (17785507)|STATEMENT_EXECUTE|[166]
15:18:10.0 (17789497)|VARIABLE_SCOPE_BEGIN|[166]|user_License_Name|String|false|false
15:18:10.0 (17796170)|VARIABLE_ASSIGNMENT|[166]|user_License_Name|null
15:18:10.0 (17800564)|STATEMENT_EXECUTE|[167]
15:18:10.0 (17802186)|STATEMENT_EXECUTE|[171]
15:18:10.0 (17807009)|HEAP_ALLOCATE|[171]|Bytes:32
15:18:10.0 (17825593)|ENTERING_MANAGED_PKG|
15:18:10.0 (17829990)|HEAP_ALLOCATE|[171]|Bytes:18
15:18:10.0 (17851725)|ENTERING_MANAGED_PKG|
15:18:10.0 (17865555)|HEAP_ALLOCATE|[171]|Bytes:19
15:18:10.0 (17883327)|CONSTRUCTOR_ENTRY|[171]|01p36000005Jpvx|<init>(String,String,String,String,String,String,String)
15:18:10.0 (17888849)|VARIABLE_SCOPE_BEGIN|[1106]|this|shiva15testns.PermissionSetPortalControllers.PermissionSetClass|true|false
15:18:10.0 (17919978)|VARIABLE_ASSIGNMENT|[1106]|this|{}|0x16ea1404
15:18:10.0 (17925812)|VARIABLE_SCOPE_BEGIN|[1106]|label|String|false|false
15:18:10.0 (17933886)|VARIABLE_ASSIGNMENT|[1106]|label|"test_pSet"
15:18:10.0 (17937307)|VARIABLE_SCOPE_BEGIN|[1106]|apiName|String|false|false
15:18:10.0 (17943135)|VARIABLE_ASSIGNMENT|[1106]|apiName|"test_pSet"
15:18:10.0 (17945809)|VARIABLE_SCOPE_BEGIN|[1106]|id|String|false|false
15:18:10.0 (17949449)|VARIABLE_ASSIGNMENT|[1106]|id|"0PS36000001I6ugGAC"
15:18:10.0 (17951061)|VARIABLE_SCOPE_BEGIN|[1106]|description|String|false|false
15:18:10.0 (17953891)|VARIABLE_ASSIGNMENT|[1106]|description|null
15:18:10.0 (17955660)|VARIABLE_SCOPE_BEGIN|[1106]|namespacePrefix|String|false|false
15:18:10.0 (17958572)|VARIABLE_ASSIGNMENT|[1106]|namespacePrefix|"shiva15testns"
15:18:10.0 (17960116)|VARIABLE_SCOPE_BEGIN|[1106]|userLicenseId|String|false|false
15:18:10.0 (17962555)|VARIABLE_ASSIGNMENT|[1106]|userLicenseId|null
15:18:10.0 (17964002)|VARIABLE_SCOPE_BEGIN|[1106]|createdDate|String|false|false
15:18:10.0 (17966891)|VARIABLE_ASSIGNMENT|[1106]|createdDate|"2016-05-19 14:43:36"
15:18:10.0 (17969995)|STATEMENT_EXECUTE|[1089]
15:18:10.0 (17971399)|STATEMENT_EXECUTE|[1092]
15:18:10.0 (17972698)|STATEMENT_EXECUTE|[1094]
15:18:10.0 (17973804)|STATEMENT_EXECUTE|[1096]
15:18:10.0 (17974889)|STATEMENT_EXECUTE|[1098]
15:18:10.0 (17976016)|STATEMENT_EXECUTE|[1100]
15:18:10.0 (17977078)|STATEMENT_EXECUTE|[1102]
15:18:10.0 (17978136)|STATEMENT_EXECUTE|[1104]
15:18:10.0 (17991235)|STATEMENT_EXECUTE|[1107]
15:18:10.0 (17992915)|STATEMENT_EXECUTE|[1108]
15:18:10.0 (18015323)|VARIABLE_ASSIGNMENT|[EXTERNAL]|this|{}|0x16ea1404
15:18:10.0 (18021550)|VARIABLE_ASSIGNMENT|[EXTERNAL]|value|"test_pSet"
15:18:10.0 (18028489)|VARIABLE_ASSIGNMENT|[1092]|this.label|"test_pSet"|0x16ea1404
15:18:10.0 (18034083)|STATEMENT_EXECUTE|[1109]
15:18:10.0 (18053753)|VARIABLE_ASSIGNMENT|[EXTERNAL]|this|{"label":"test_pSet"}|0x16ea1404
15:18:10.0 (18058272)|VARIABLE_ASSIGNMENT|[EXTERNAL]|value|"test_pSet"
15:18:10.0 (18064243)|VARIABLE_ASSIGNMENT|[1094]|this.apiName|"test_pSet"|0x16ea1404
15:18:10.0 (18069554)|STATEMENT_EXECUTE|[1110]
15:18:10.0 (18088474)|VARIABLE_ASSIGNMENT|[EXTERNAL]|this|{"apiName":"test_pSet","label":"test_pSet"}|0x16ea1404
15:18:10.0 (18093237)|VARIABLE_ASSIGNMENT|[EXTERNAL]|value|"0PS36000001I6ugGAC"
15:18:10.0 (18099316)|VARIABLE_ASSIGNMENT|[1096]|this.id|"0PS36000001I6ugGAC"|0x16ea1404
15:18:10.0 (18104554)|STATEMENT_EXECUTE|[1111]
15:18:10.0 (18123850)|VARIABLE_ASSIGNMENT|[EXTERNAL]|this|{"apiName":"test_pSet","id":"0PS36000001I6ugGAC","label":"test_pSet"}|0x16ea1404
15:18:10.0 (18128684)|VARIABLE_ASSIGNMENT|[EXTERNAL]|value|null
15:18:10.0 (18134579)|VARIABLE_ASSIGNMENT|[1098]|this.description|null|0x16ea1404
15:18:10.0 (18139800)|STATEMENT_EXECUTE|[1112]
15:18:10.0 (18159454)|VARIABLE_ASSIGNMENT|[EXTERNAL]|this|{"apiName":"test_pSet","id":"0PS36000001I6ugGAC","label":"test_pSet"}|0x16ea1404
15:18:10.0 (18168359)|VARIABLE_ASSIGNMENT|[EXTERNAL]|value|"shiva15testns"
15:18:10.0 (18174975)|VARIABLE_ASSIGNMENT|[1100]|this.namespacePrefix|"shiva15testns"|0x16ea1404
15:18:10.0 (18180647)|STATEMENT_EXECUTE|[1113]
15:18:10.0 (18201459)|VARIABLE_ASSIGNMENT|[EXTERNAL]|this|{"apiName":"test_pSet","id":"0PS36000001I6ugGAC","label":"test_pSet","namespacePrefix":"shiva15testns"}|0x16ea1404
15:18:10.0 (18206306)|VARIABLE_ASSIGNMENT|[EXTERNAL]|value|null
15:18:10.0 (18212119)|VARIABLE_ASSIGNMENT|[1102]|this.userLicenseId|null|0x16ea1404
15:18:10.0 (18217410)|STATEMENT_EXECUTE|[1114]
15:18:10.0 (18237746)|VARIABLE_ASSIGNMENT|[EXTERNAL]|this|{"apiName":"test_pSet","id":"0PS36000001I6ugGAC","label":"test_pSet","namespacePrefix":"shiva15testns"}|0x16ea1404
15:18:10.0 (18246227)|VARIABLE_ASSIGNMENT|[EXTERNAL]|value|"2016-05-19 14:43:36"
15:18:10.0 (18252844)|VARIABLE_ASSIGNMENT|[1104]|this.createdDate|"2016-05-19 14:43:36"|0x16ea1404
15:18:10.0 (18265870)|CONSTRUCTOR_EXIT|[171]|01p36000005Jpvx|<init>(String,String,String,String,String,String,String)
15:18:10.0 (18286061)|VARIABLE_ASSIGNMENT|[171]|pSetObj|{"apiName":"test_pSet","createdDate":"2016-05-19 14:43:36","id":"0PS36000001I6ugGAC","label":"test_pSet","namespacePrefix":"shiva15testns"}|0x16ea1404
15:18:10.0 (18291841)|STATEMENT_EXECUTE|[173]
15:18:10.0 (18303758)|ENTERING_MANAGED_PKG|
15:18:10.0 (18308452)|HEAP_ALLOCATE|[EXTERNAL]|Bytes:4
15:18:10.0 (18313920)|STATEMENT_EXECUTE|[174]
15:18:10.0 (18327018)|ENTERING_MANAGED_PKG|
15:18:10.0 (18365175)|HEAP_ALLOCATE|[174]|Bytes:134
15:18:10.0 (18380189)|HEAP_ALLOCATE|[174]|Bytes:158
15:18:10.0 (18391535)|ENTERING_MANAGED_PKG|
15:18:10.0 (18398540)|USER_DEBUG|[174]|ERROR|The PermissionSet Name: PermissionSet:{Id=0PS36000001I6ugGAC, Label=test_pSet, Name=test_pSet, NamespacePrefix=shiva15testns, CreatedDate=2016-05-19 21:43:36}
15:18:10.0 (18413940)|HEAP_ALLOCATE|[163]|Bytes:5
15:18:10.0 (18435776)|HEAP_ALLOCATE|[163]|Bytes:28
15:18:10.0 (18444506)|VARIABLE_SCOPE_BEGIN|[163]|PSetName|PermissionSet|true|false
15:18:10.0 (18470171)|VARIABLE_ASSIGNMENT|[163]|PSetName|{"s":1,"v":{"Id":"0PS36000001I7jCGAS","Label":"Final_test_2","Name":"Final_test_2","Description":"This is a test witho (22 more) ...","NamespacePrefix":"shiva15testns","CreatedDate":"2016-05-19T22:18:06.000Z"}}|0x22083a65
15:18:10.0 (18474628)|STATEMENT_EXECUTE|[163]
15:18:10.0 (18496507)|ENTERING_MANAGED_PKG|
15:18:10.0 (18506350)|STATEMENT_EXECUTE|[164]
15:18:10.0 (18507948)|STATEMENT_EXECUTE|[166]
15:18:10.0 (18511610)|VARIABLE_SCOPE_BEGIN|[166]|user_License_Name|String|false|false
15:18:10.0 (18517556)|VARIABLE_ASSIGNMENT|[166]|user_License_Name|null
15:18:10.0 (18521584)|STATEMENT_EXECUTE|[167]
15:18:10.0 (18522844)|STATEMENT_EXECUTE|[171]
15:18:10.0 (18527433)|HEAP_ALLOCATE|[171]|Bytes:32
15:18:10.0 (18544643)|ENTERING_MANAGED_PKG|
15:18:10.0 (18548713)|HEAP_ALLOCATE|[171]|Bytes:18
15:18:10.0 (18570617)|ENTERING_MANAGED_PKG|
15:18:10.0 (18584254)|HEAP_ALLOCATE|[171]|Bytes:19
15:18:10.0 (18601835)|CONSTRUCTOR_ENTRY|[171]|01p36000005Jpvx|<init>(String,String,String,String,String,String,String)
15:18:10.0 (18607227)|VARIABLE_SCOPE_BEGIN|[1106]|this|shiva15testns.PermissionSetPortalControllers.PermissionSetClass|true|false
15:18:10.0 (18627114)|VARIABLE_ASSIGNMENT|[1106]|this|{}|0xaa12bf1
15:18:10.0 (18630169)|VARIABLE_SCOPE_BEGIN|[1106]|label|String|false|false
15:18:10.0 (18634658)|VARIABLE_ASSIGNMENT|[1106]|label|"Final_test_2"
15:18:10.0 (18636345)|VARIABLE_SCOPE_BEGIN|[1106]|apiName|String|false|false
15:18:10.0 (18638928)|VARIABLE_ASSIGNMENT|[1106]|apiName|"Final_test_2"
15:18:10.0 (18640466)|VARIABLE_SCOPE_BEGIN|[1106]|id|String|false|false
15:18:10.0 (18643408)|VARIABLE_ASSIGNMENT|[1106]|id|"0PS36000001I7jCGAS"
15:18:10.0 (18644870)|VARIABLE_SCOPE_BEGIN|[1106]|description|String|false|false
15:18:10.0 (18648728)|VARIABLE_ASSIGNMENT|[1106]|description|"This is a test witho (22 more) ..."
15:18:10.0 (18650431)|VARIABLE_SCOPE_BEGIN|[1106]|namespacePrefix|String|false|false
15:18:10.0 (18653373)|VARIABLE_ASSIGNMENT|[1106]|namespacePrefix|"shiva15testns"
15:18:10.0 (18654903)|VARIABLE_SCOPE_BEGIN|[1106]|userLicenseId|String|false|false
15:18:10.0 (18657399)|VARIABLE_ASSIGNMENT|[1106]|userLicenseId|null
15:18:10.0 (18658894)|VARIABLE_SCOPE_BEGIN|[1106]|createdDate|String|false|false
15:18:10.0 (18661615)|VARIABLE_ASSIGNMENT|[1106]|createdDate|"2016-05-19 15:18:06"
15:18:10.0 (18664366)|STATEMENT_EXECUTE|[1089]
15:18:10.0 (18665649)|STATEMENT_EXECUTE|[1092]
15:18:10.0 (18666857)|STATEMENT_EXECUTE|[1094]
15:18:10.0 (18667948)|STATEMENT_EXECUTE|[1096]
15:18:10.0 (18669031)|STATEMENT_EXECUTE|[1098]
15:18:10.0 (18670102)|STATEMENT_EXECUTE|[1100]
15:18:10.0 (18671158)|STATEMENT_EXECUTE|[1102]
15:18:10.0 (18672228)|STATEMENT_EXECUTE|[1104]
15:18:10.0 (18683225)|STATEMENT_EXECUTE|[1107]
15:18:10.0 (18684751)|STATEMENT_EXECUTE|[1108]
15:18:10.0 (18704703)|VARIABLE_ASSIGNMENT|[EXTERNAL]|this|{}|0xaa12bf1
15:18:10.0 (18709818)|VARIABLE_ASSIGNMENT|[EXTERNAL]|value|"Final_test_2"
15:18:10.0 (18716534)|VARIABLE_ASSIGNMENT|[1092]|this.label|"Final_test_2"|0xaa12bf1
15:18:10.0 (18722311)|STATEMENT_EXECUTE|[1109]
15:18:10.0 (18741517)|VARIABLE_ASSIGNMENT|[EXTERNAL]|this|{"label":"Final_test_2"}|0xaa12bf1
15:18:10.0 (18746119)|VARIABLE_ASSIGNMENT|[EXTERNAL]|value|"Final_test_2"
15:18:10.0 (18751903)|VARIABLE_ASSIGNMENT|[1094]|this.apiName|"Final_test_2"|0xaa12bf1
15:18:10.0 (18756985)|STATEMENT_EXECUTE|[1110]
15:18:10.0 (18782820)|VARIABLE_ASSIGNMENT|[EXTERNAL]|this|{"apiName":"Final_test_2","label":"Final_test_2"}|0xaa12bf1
15:18:10.0 (18788010)|VARIABLE_ASSIGNMENT|[EXTERNAL]|value|"0PS36000001I7jCGAS"
15:18:10.0 (18794823)|VARIABLE_ASSIGNMENT|[1096]|this.id|"0PS36000001I7jCGAS"|0xaa12bf1
15:18:10.0 (18800240)|STATEMENT_EXECUTE|[1111]
15:18:10.0 (18820282)|VARIABLE_ASSIGNMENT|[EXTERNAL]|this|{"apiName":"Final_test_2","id":"0PS36000001I7jCGAS","label":"Final_test_2"}|0xaa12bf1
15:18:10.0 (18825978)|VARIABLE_ASSIGNMENT|[EXTERNAL]|value|"This is a test witho (22 more) ..."
15:18:10.0 (18832840)|VARIABLE_ASSIGNMENT|[1098]|this.description|"This is a test witho (22 more) ..."|0xaa12bf1
15:18:10.0 (18838777)|STATEMENT_EXECUTE|[1112]
15:18:10.0 (18871504)|VARIABLE_ASSIGNMENT|[EXTERNAL]|this|{"apiName":"Final_test_2","description":"This is a test witho (22 more) ...","id":"0PS36000001I7jCGAS","label":"Final_test_2"}|0xaa12bf1
15:18:10.0 (18881510)|VARIABLE_ASSIGNMENT|[EXTERNAL]|value|"shiva15testns"
15:18:10.0 (18894427)|VARIABLE_ASSIGNMENT|[1100]|this.namespacePrefix|"shiva15testns"|0xaa12bf1
15:18:10.0 (18906476)|STATEMENT_EXECUTE|[1113]
15:18:10.0 (18956363)|VARIABLE_ASSIGNMENT|[EXTERNAL]|this|{"apiName":"Final_test_2","description":"This is a test witho (22 more) ...","id":"0PS36000001I7jCGAS","label":"Final_test_2","namespacePrefix":"shiva15testns"}|0xaa12bf1
15:18:10.0 (18967755)|VARIABLE_ASSIGNMENT|[EXTERNAL]|value|null
15:18:10.0 (18980629)|VARIABLE_ASSIGNMENT|[1102]|this.userLicenseId|null|0xaa12bf1
15:18:10.0 (18992621)|STATEMENT_EXECUTE|[1114]
15:18:10.0 (19044155)|VARIABLE_ASSIGNMENT|[EXTERNAL]|this|{"apiName":"Final_test_2","description":"This is a test witho (22 more) ...","id":"0PS36000001I7jCGAS","label":"Final_test_2","namespacePrefix":"shiva15testns"}|0xaa12bf1
15:18:10.0 (19056982)|VARIABLE_ASSIGNMENT|[EXTERNAL]|value|"2016-05-19 15:18:06"
15:18:10.0 (19072200)|VARIABLE_ASSIGNMENT|[1104]|this.createdDate|"2016-05-19 15:18:06"|0xaa12bf1
15:18:10.0 (19092343)|CONSTRUCTOR_EXIT|[171]|01p36000005Jpvx|<init>(String,String,String,String,String,String,String)
15:18:10.0 (19117884)|VARIABLE_ASSIGNMENT|[171]|pSetObj|{"apiName":"Final_test_2","createdDate":"2016-05-19 15:18:06","description":"This is a test witho (22 more) ...","id":"0PS36000001I7jCGAS","label":"Final_test_2","namespacePrefix":"shiva15testns"}|0xaa12bf1
15:18:10.0 (19121993)|STATEMENT_EXECUTE|[173]
15:18:10.0 (19134005)|ENTERING_MANAGED_PKG|
15:18:10.0 (19138798)|HEAP_ALLOCATE|[EXTERNAL]|Bytes:4
15:18:10.0 (19144293)|STATEMENT_EXECUTE|[174]
15:18:10.0 (19157690)|ENTERING_MANAGED_PKG|
15:18:10.0 (19198088)|HEAP_ALLOCATE|[174]|Bytes:196
15:18:10.0 (19213170)|HEAP_ALLOCATE|[174]|Bytes:220
15:18:10.0 (19224758)|ENTERING_MANAGED_PKG|
15:18:10.0 (19231682)|USER_DEBUG|[174]|ERROR|The PermissionSet Name: PermissionSet:{Id=0PS36000001I7jCGAS, Label=Final_test_2, Name=Final_test_2, Description=This is a test without selecting U License, NamespacePrefix=shiva15testns, CreatedDate=2016-05-19 22:18:06}
15:18:10.0 (19247280)|HEAP_ALLOCATE|[163]|Bytes:5
15:18:10.0 (19260071)|VARIABLE_ASSIGNMENT|[163]|PSetName|null|
15:18:10.0 (19263522)|STATEMENT_EXECUTE|[177]
15:18:10.0 (19275447)|SYSTEM_MODE_EXIT|false
15:18:10.19 (19322374)|CUMULATIVE_LIMIT_USAGE
15:18:10.19 (19322374)|LIMIT_USAGE_FOR_NS|(default)|
  Number of SOQL queries: 0 out of 100
  Number of query rows: 0 out of 50000
  Number of SOSL queries: 0 out of 20
  Number of DML statements: 0 out of 150
  Number of DML rows: 0 out of 10000
  Maximum CPU time: 0 out of 10000
  Maximum heap size: 0 out of 6000000
  Number of callouts: 0 out of 100
  Number of Email Invocations: 0 out of 10
  Number of future calls: 0 out of 50
  Number of queueable jobs added to the queue: 0 out of 50
  Number of Mobile Apex push calls: 0 out of 10

15:18:10.19 (19322374)|LIMIT_USAGE_FOR_NS|shiva15testns|
  Number of SOQL queries: 3 out of 100
  Number of query rows: 42 out of 50000
  Number of SOSL queries: 0 out of 20
  Number of DML statements: 0 out of 150
  Number of DML rows: 0 out of 10000
  Maximum CPU time: 0 out of 10000
  Maximum heap size: 0 out of 6000000
  Number of callouts: 0 out of 100
  Number of Email Invocations: 0 out of 10
  Number of future calls: 0 out of 50
  Number of queueable jobs added to the queue: 0 out of 50
  Number of Mobile Apex push calls: 0 out of 10

15:18:10.19 (19322374)|CUMULATIVE_LIMIT_USAGE_END

15:18:10.0 (19369564)|CODE_UNIT_FINISHED|PermissionSetPortalControllers.getAllPermissionSets
15:18:10.0 (21142137)|EXECUTION_FINISHED
15:18:10.23 (23480032)|EXECUTION_STARTED
15:18:10.23 (23492522)|CODE_UNIT_STARTED|[EXTERNAL]|Aura
15:18:10.23 (23561557)|CODE_UNIT_FINISHED|Aura
15:18:10.23 (24741696)|EXECUTION_FINISHED
15:18:10.25 (25662823)|EXECUTION_STARTED
15:18:10.25 (25670609)|CODE_UNIT_STARTED|[EXTERNAL]|Aura
15:18:10.25 (25706117)|CODE_UNIT_FINISHED|Aura
15:18:10.25 (26693373)|EXECUTION_FINISHED
15:18:10.27 (27654126)|EXECUTION_STARTED
15:18:10.27 (27661034)|CODE_UNIT_STARTED|[EXTERNAL]|Aura
15:18:10.27 (27691894)|CODE_UNIT_FINISHED|Aura
15:18:10.27 (28688954)|EXECUTION_FINISHED
15:18:10.29 (29681242)|EXECUTION_STARTED
15:18:10.29 (29687888)|CODE_UNIT_STARTED|[EXTERNAL]|Aura
15:18:10.29 (29720581)|CODE_UNIT_FINISHED|Aura
15:18:10.29 (30773545)|EXECUTION_FINISHED
