36.0 APEX_CODE,FINEST;APEX_PROFILING,INFO;CALLOUT,INFO;DB,INFO;SYSTEM,DEBUG;VALIDATION,INFO;VISUALFORCE,INFO;WORKFLOW,INFO
11:03:46.1 (1084933)|HEAP_ALLOCATE|[72]|Bytes:3
11:03:46.1 (1183190)|HEAP_ALLOCATE|[77]|Bytes:152
11:03:46.1 (1206045)|HEAP_ALLOCATE|[342]|Bytes:408
11:03:46.1 (1225930)|HEAP_ALLOCATE|[355]|Bytes:408
11:03:46.1 (1244042)|HEAP_ALLOCATE|[467]|Bytes:48
11:03:46.3 (3473871)|STATEMENT_EXECUTE|[1]
11:03:46.3 (3516825)|HEAP_ALLOCATE|[50]|Bytes:5
11:03:46.3 (3544848)|HEAP_ALLOCATE|[56]|Bytes:5
11:03:46.3 (3554439)|HEAP_ALLOCATE|[64]|Bytes:7
11:03:46.3 (3579548)|SYSTEM_MODE_ENTER|false
11:03:46.3 (3601110)|HEAP_ALLOCATE|[EXTERNAL]|Bytes:5
11:03:46.3 (3605672)|STATEMENT_EXECUTE|[1181]
11:03:46.3 (3607795)|STATEMENT_EXECUTE|[1208]
11:03:46.3 (3609030)|STATEMENT_EXECUTE|[1226]
11:03:46.3 (3610209)|STATEMENT_EXECUTE|[1242]
11:03:46.3 (3611511)|STATEMENT_EXECUTE|[1271]
11:03:46.3 (3612602)|STATEMENT_EXECUTE|[1299]
11:03:46.3 (3613725)|STATEMENT_EXECUTE|[1329]
11:03:46.3 (3615075)|STATEMENT_EXECUTE|[1345]
11:03:46.3 (3616154)|STATEMENT_EXECUTE|[1409]
11:03:46.3 (3617306)|STATEMENT_EXECUTE|[1420]
11:03:46.3 (3618436)|STATEMENT_EXECUTE|[1425]
11:03:46.3 (3624571)|SYSTEM_MODE_EXIT|false
11:03:46.3 (3635413)|METHOD_EXIT|[1]|PermissionSetPortalControllers
11:03:46.3 (3641244)|HEAP_ALLOCATE|[EXTERNAL]|Bytes:182
11:03:46.3 (3643370)|HEAP_ALLOCATE|[EXTERNAL]|Bytes:2
11:03:46.3 (3651989)|SYSTEM_MODE_ENTER|false
11:03:46.3 (3661379)|VARIABLE_SCOPE_BEGIN|[967]|changesRecordedObj|String|false|false
11:03:46.3 (3697930)|VARIABLE_ASSIGNMENT|[967]|changesRecordedObj|"{\"PermissionSetId\":\" (162 more) ..."
11:03:46.3 (3702682)|VARIABLE_SCOPE_BEGIN|[967]|changedPSetData|String|false|false
11:03:46.3 (3707485)|VARIABLE_ASSIGNMENT|[967]|changedPSetData|null
11:03:46.3 (3710038)|VARIABLE_SCOPE_BEGIN|[967]|changedObjData|String|false|false
11:03:46.3 (3713589)|VARIABLE_ASSIGNMENT|[967]|changedObjData|"\"\""
11:03:46.3 (3729359)|HEAP_ALLOCATE|[968]|Bytes:5
11:03:46.3 (3733522)|STATEMENT_EXECUTE|[967]
11:03:46.3 (3735170)|STATEMENT_EXECUTE|[968]
11:03:46.3 (3736263)|STATEMENT_EXECUTE|[968]
11:03:46.3 (3737517)|STATEMENT_EXECUTE|[969]
11:03:46.3 (3741402)|HEAP_ALLOCATE|[969]|Bytes:37
11:03:46.3 (3777936)|ENTERING_MANAGED_PKG|
11:03:46.3 (3808650)|USER_DEBUG|[969]|DEBUG|Its inside the savePSetDetailsChanges
11:03:46.3 (3818826)|STATEMENT_EXECUTE|[970]
11:03:46.3 (3823371)|HEAP_ALLOCATE|[970]|Bytes:22
11:03:46.3 (3840129)|HEAP_ALLOCATE|[970]|Bytes:204
11:03:46.3 (3851742)|ENTERING_MANAGED_PKG|
11:03:46.3 (3864526)|USER_DEBUG|[970]|DEBUG|changes Recorded Obj: {"PermissionSetId":"0PS36000000q71PGAQ","changesinPermissionSetDetails":false,"changesinObjPermissions":[],"changesinFieldPermissions":[{"FieldName":"Allqwerty","Objkey":"account"}]}
11:03:46.3 (3872330)|STATEMENT_EXECUTE|[971]
11:03:46.3 (3876278)|HEAP_ALLOCATE|[971]|Bytes:19
11:03:46.3 (3882762)|HEAP_ALLOCATE|[971]|Bytes:23
11:03:46.3 (3892288)|ENTERING_MANAGED_PKG|
11:03:46.3 (3903617)|USER_DEBUG|[971]|DEBUG|changed PSet Data: null
11:03:46.3 (3909837)|STATEMENT_EXECUTE|[972]
11:03:46.3 (3913597)|HEAP_ALLOCATE|[972]|Bytes:18
11:03:46.3 (3919488)|HEAP_ALLOCATE|[972]|Bytes:20
11:03:46.3 (3928700)|ENTERING_MANAGED_PKG|
11:03:46.3 (3939850)|USER_DEBUG|[972]|DEBUG|changed Obj Data: ""
11:03:46.3 (3946204)|STATEMENT_EXECUTE|[974]
11:03:46.3 (3951383)|VARIABLE_SCOPE_BEGIN|[974]|newPSetObj|List<shiva15testns.PermissionSetPortalControllers.PermissionSetClass>|true|false
11:03:46.3 (3964167)|VARIABLE_ASSIGNMENT|[974]|newPSetObj|null|
11:03:46.3 (3966538)|STATEMENT_EXECUTE|[975]
11:03:46.3 (3969081)|VARIABLE_SCOPE_BEGIN|[975]|newObjDetailsObj|List<shiva15testns.PermissionSetPortalControllers.ObjectDetailsClass>|true|false
11:03:46.3 (3973746)|VARIABLE_ASSIGNMENT|[975]|newObjDetailsObj|null|
11:03:46.3 (3991471)|ENTERING_MANAGED_PKG|
11:03:46.3 (4021473)|STATEMENT_EXECUTE|[979]
11:03:46.3 (4036066)|ENTERING_MANAGED_PKG|
11:03:46.3 (4056966)|STATEMENT_EXECUTE|[984]
11:03:46.3 (4059335)|STATEMENT_EXECUTE|[986]
11:03:46.3 (4063540)|HEAP_ALLOCATE|[986]|Bytes:26
11:03:46.3 (4076218)|ENTERING_MANAGED_PKG|
11:03:46.3 (4089165)|USER_DEBUG|[986]|DEBUG|changedObjData is not null
11:03:46.3 (4095446)|STATEMENT_EXECUTE|[987]
11:03:46.3 (4099571)|HEAP_ALLOCATE|[987]|Bytes:97
11:03:46.3 (4184539)|HEAP_ALLOCATE|[987]|Bytes:24
11:03:46.3 (4199485)|SYSTEM_METHOD_ENTRY|[1]|Type.Type()
11:03:46.3 (4202807)|STATEMENT_EXECUTE|[1]
11:03:46.3 (4212771)|SYSTEM_METHOD_EXIT|[1]|Type
11:03:46.3 (4219507)|HEAP_ALLOCATE|[987]|Bytes:8
11:03:46.3 (4243826)|HEAP_ALLOCATE|[987]|Bytes:8
11:03:46.3 (4249435)|VARIABLE_SCOPE_BEGIN|[4]|this|System.Type|true|false
11:03:46.3 (4283601)|VARIABLE_ASSIGNMENT|[4]|this|{}|0x2d9cd965
11:03:46.3 (4287558)|VARIABLE_SCOPE_BEGIN|[4]|apextype|java:common.apex.runtime.ApexObjectType|true|false
11:03:46.3 (4567018)|VARIABLE_ASSIGNMENT|[4]|apextype|"List\u003Cshiva15testns.PermissionSetPortalControllers.ObjectDetailsClass\u003E"|0x33ab6fc4
11:03:46.3 (4634928)|HEAP_ALLOCATE|[987]|Bytes:8
11:03:46.3 (4682228)|HEAP_ALLOCATE|[987]|Bytes:18
11:03:46.3 (4695423)|SYSTEM_METHOD_ENTRY|[1]|JSON.JSON()
11:03:46.3 (4698359)|STATEMENT_EXECUTE|[1]
11:03:46.3 (4706224)|SYSTEM_METHOD_EXIT|[1]|JSON
11:03:46.3 (4719514)|METHOD_ENTRY|[987]||System.JSON.deserialize(String, System.Type)
11:03:46.3 (5077064)|METHOD_EXIT|[987]||System.JSON.deserialize(String, System.Type)
11:03:46.3 (5109624)|VARIABLE_SCOPE_BEGIN|[1027]|e|Exception|true|false
11:03:46.3 (5170279)|VARIABLE_ASSIGNMENT|[1027]|e|"common.apex.runtime.impl.ExecutionException: Malformed JSON: Expected '[' at the beginning of List/Set"|0x71bf6641
11:03:46.3 (5176177)|STATEMENT_EXECUTE|[1027]
11:03:46.3 (5177847)|STATEMENT_EXECUTE|[1028]
11:03:46.3 (5182242)|HEAP_ALLOCATE|[1028]|Bytes:64
11:03:46.3 (5219628)|HEAP_ALLOCATE|[1028]|Bytes:20
11:03:46.3 (5228897)|HEAP_ALLOCATE|[1028]|Bytes:3
11:03:46.3 (5243741)|HEAP_ALLOCATE|[1028]|Bytes:57
11:03:46.3 (5249855)|HEAP_ALLOCATE|[1028]|Bytes:4
11:03:46.3 (5282462)|ENTERING_MANAGED_PKG|
11:03:46.3 (5305302)|HEAP_ALLOCATE|[1028]|Bytes:152
11:03:46.3 (5316764)|ENTERING_MANAGED_PKG|
11:03:46.3 (5320404)|USER_DEBUG|[1028]|DEBUG|The following exception has occurred in savePSetDetailsChanges: System.JSONException : Malformed JSON: Expected '[' at the beginning of List/Set -- null
11:03:46.3 (5333193)|SYSTEM_MODE_EXIT|false
11:03:46.5 (5374333)|CUMULATIVE_LIMIT_USAGE
11:03:46.5 (5374333)|LIMIT_USAGE_FOR_NS|(default)|
  Number of SOQL queries: 0 out of 100
  Number of query rows: 0 out of 50000
  Number of SOSL queries: 0 out of 20
  Number of DML statements: 0 out of 150
  Number of DML rows: 0 out of 10000
  Maximum CPU time: 0 out of 10000
  Maximum heap size: 0 out of 6000000
  Number of callouts: 0 out of 100
  Number of Email Invocations: 0 out of 10
  Number of future calls: 0 out of 50
  Number of queueable jobs added to the queue: 0 out of 50
  Number of Mobile Apex push calls: 0 out of 10

11:03:46.5 (5374333)|CUMULATIVE_LIMIT_USAGE_END

11:03:46.3 (5414788)|CODE_UNIT_FINISHED|PermissionSetPortalControllers.savePSetDetailsChanges
