36.0 APEX_CODE,FINEST;APEX_PROFILING,INFO;CALLOUT,INFO;DB,INFO;SYSTEM,DEBUG;VALIDATION,INFO;VISUALFORCE,INFO;WORKFLOW,INFO
17:10:27.0 (77599)|EXECUTION_STARTED
17:10:27.0 (116765)|CODE_UNIT_STARTED|[EXTERNAL]|01p36000005Jpvx|PermissionSetPortalControllers.getAllPermissionSets
17:10:27.0 (238858)|VARIABLE_SCOPE_BEGIN|[3]|PermissionSetPortalControllers.AllPermissionSets|List<PermissionSet>|true|true
17:10:27.0 (252964)|VARIABLE_SCOPE_BEGIN|[10]|PermissionSetPortalControllers.accountField|Set<String>|true|true
17:10:27.0 (256768)|VARIABLE_SCOPE_BEGIN|[5]|PermissionSetPortalControllers.allObjectsOfOrg|List<shiva15testns.PermissionSetPortalControllers.ObjectDetailsClass>|true|true
17:10:27.0 (260671)|VARIABLE_SCOPE_BEGIN|[9]|PermissionSetPortalControllers.contactsField|Set<String>|true|true
17:10:27.0 (263625)|VARIABLE_SCOPE_BEGIN|[7]|PermissionSetPortalControllers.isNotSystemSObjectList|Set<String>|true|true
17:10:27.0 (569823)|HEAP_ALLOCATE|[72]|Bytes:3
17:10:27.0 (617468)|HEAP_ALLOCATE|[77]|Bytes:152
17:10:27.0 (634562)|HEAP_ALLOCATE|[342]|Bytes:408
17:10:27.0 (650577)|HEAP_ALLOCATE|[355]|Bytes:408
17:10:27.0 (665647)|HEAP_ALLOCATE|[467]|Bytes:48
17:10:27.0 (697620)|HEAP_ALLOCATE|[139]|Bytes:6
17:10:27.0 (715581)|HEAP_ALLOCATE|[EXTERNAL]|Bytes:168
17:10:27.0 (722624)|HEAP_ALLOCATE|[EXTERNAL]|Bytes:89
17:10:27.0 (726578)|HEAP_ALLOCATE|[EXTERNAL]|Bytes:344
17:10:27.0 (876611)|METHOD_ENTRY|[1]|01p36000005Jpvx|PermissionSetPortalControllers.PermissionSetPortalControllers()
17:10:27.0 (882587)|STATEMENT_EXECUTE|[1]
17:10:27.0 (890688)|STATEMENT_EXECUTE|[1]
17:10:27.0 (929308)|HEAP_ALLOCATE|[50]|Bytes:5
17:10:27.0 (955835)|HEAP_ALLOCATE|[56]|Bytes:5
17:10:27.0 (964145)|HEAP_ALLOCATE|[64]|Bytes:7
17:10:27.0 (984383)|SYSTEM_MODE_ENTER|false
17:10:27.0 (1001553)|HEAP_ALLOCATE|[9]|Bytes:5
17:10:27.0 (1007256)|STATEMENT_EXECUTE|[9]
17:10:27.0 (1014638)|HEAP_ALLOCATE|[9]|Bytes:4
17:10:27.0 (1051211)|ENTERING_MANAGED_PKG|
17:10:27.0 (1167564)|VARIABLE_ASSIGNMENT|[9]|PermissionSetPortalControllers.contactsField|{"s":1,"v":[]}|0x48e273f3
17:10:27.0 (1173269)|STATEMENT_EXECUTE|[10]
17:10:27.0 (1178510)|HEAP_ALLOCATE|[10]|Bytes:4
17:10:27.0 (1192281)|ENTERING_MANAGED_PKG|
17:10:27.0 (1225699)|VARIABLE_ASSIGNMENT|[10]|PermissionSetPortalControllers.accountField|{"s":1,"v":[]}|0x15109408
17:10:27.0 (1229641)|STATEMENT_EXECUTE|[1038]
17:10:27.0 (1231242)|STATEMENT_EXECUTE|[1067]
17:10:27.0 (1232496)|STATEMENT_EXECUTE|[1095]
17:10:27.0 (1233752)|STATEMENT_EXECUTE|[1124]
17:10:27.0 (1234955)|STATEMENT_EXECUTE|[1140]
17:10:27.0 (1236177)|STATEMENT_EXECUTE|[1157]
17:10:27.0 (1237185)|STATEMENT_EXECUTE|[1168]
17:10:27.0 (1238261)|STATEMENT_EXECUTE|[1173]
17:10:27.0 (1246366)|SYSTEM_MODE_EXIT|false
17:10:27.0 (1259434)|METHOD_EXIT|[1]|PermissionSetPortalControllers
17:10:27.0 (1268236)|SYSTEM_MODE_ENTER|false
17:10:27.0 (1286208)|HEAP_ALLOCATE|[157]|Bytes:5
17:10:27.0 (1291101)|STATEMENT_EXECUTE|[156]
17:10:27.0 (1292647)|STATEMENT_EXECUTE|[157]
17:10:27.0 (1293638)|STATEMENT_EXECUTE|[157]
17:10:27.0 (1294745)|STATEMENT_EXECUTE|[158]
17:10:27.0 (1298231)|HEAP_ALLOCATE|[158]|Bytes:99
17:10:27.0 (1309779)|HEAP_ALLOCATE|[158]|Bytes:4
17:10:27.0 (1971339)|SOQL_EXECUTE_BEGIN|[158]|Aggregations:0|SELECT Id, label, Name, Description, NamespacePrefix, UserLicenseId, CreatedDate FROM PermissionSet
17:10:27.0 (5778405)|SOQL_EXECUTE_END|[158]|Rows:37
17:10:27.0 (5795504)|HEAP_ALLOCATE|[158]|Bytes:152
17:10:27.0 (5882694)|HEAP_ALLOCATE|[158]|Bytes:6516
17:10:27.0 (5918513)|HEAP_ALLOCATE|[158]|Bytes:152
17:10:27.0 (5949417)|VARIABLE_ASSIGNMENT|[158]|PermissionSetPortalControllers.AllPermissionSets|{"s":1,"v":"List of size 37 too large to display"}|0x60147c9d
17:10:27.0 (6037872)|ENTERING_MANAGED_PKG|
17:10:27.0 (6071612)|STATEMENT_EXECUTE|[159]
17:10:27.0 (6074378)|STATEMENT_EXECUTE|[160]
17:10:27.0 (6199278)|VARIABLE_SCOPE_BEGIN|[160]|pSetObj|shiva15testns.PermissionSetPortalControllers.PermissionSetClass|true|false
17:10:27.0 (6212487)|VARIABLE_ASSIGNMENT|[160]|pSetObj|null|
17:10:27.0 (6215198)|STATEMENT_EXECUTE|[161]
17:10:27.0 (6222136)|HEAP_ALLOCATE|[161]|Bytes:4
17:10:27.0 (6267266)|ENTERING_MANAGED_PKG|
17:10:27.0 (6284446)|VARIABLE_SCOPE_BEGIN|[161]|permissionSetsLst|List<shiva15testns.PermissionSetPortalControllers.PermissionSetClass>|true|false
17:10:27.0 (6309097)|HEAP_ALLOCATE|[EXTERNAL]|Bytes:4
17:10:27.0 (6321846)|VARIABLE_ASSIGNMENT|[161]|permissionSetsLst|{"s":1,"v":[]}|0x50dd611e
17:10:27.0 (6340118)|ENTERING_MANAGED_PKG|
17:10:27.0 (6559701)|HEAP_ALLOCATE|[162]|Bytes:5
17:10:27.0 (6602855)|HEAP_ALLOCATE|[162]|Bytes:28
17:10:27.0 (6615934)|VARIABLE_SCOPE_BEGIN|[162]|PSetName|PermissionSet|true|false
17:10:27.0 (6664070)|VARIABLE_ASSIGNMENT|[162]|PSetName|{"s":1,"v":{"Id":"0PS36000000mmnFGAQ","Label":"00e1a000000MWa8AAG","Name":"X00e1a000000MWa8AAG","NamespacePrefix":"shiva15testns","UserLicenseId":"10036000000eSpzAAE","CreatedDate":"2016-03-08T19:00:02.000Z"}}|0x75ef77cc
17:10:27.0 (6669820)|STATEMENT_EXECUTE|[162]
17:10:27.0 (6701582)|HEAP_ALLOCATE|[163]|Bytes:3
17:10:27.0 (6734273)|ENTERING_MANAGED_PKG|
17:10:27.0 (6769174)|STATEMENT_EXECUTE|[163]
17:10:27.0 (6781342)|HEAP_ALLOCATE|[162]|Bytes:5
17:10:27.0 (6804230)|HEAP_ALLOCATE|[162]|Bytes:28
17:10:27.0 (6813168)|VARIABLE_SCOPE_BEGIN|[162]|PSetName|PermissionSet|true|false
17:10:27.0 (6839113)|VARIABLE_ASSIGNMENT|[162]|PSetName|{"s":1,"v":{"Id":"0PS36000000mmnGGAQ","Label":"00ex00000018ozl_128_ (10 more) ...","Name":"X00ex00000018ozl_128 (11 more) ...","NamespacePrefix":"shiva15testns","UserLicenseId":"10036000000eSpyAAE","CreatedDate":"2016-03-08T19:00:02.000Z"}}|0x6d26b370
17:10:27.0 (6844185)|STATEMENT_EXECUTE|[162]
17:10:27.0 (6866753)|ENTERING_MANAGED_PKG|
17:10:27.0 (6876693)|STATEMENT_EXECUTE|[163]
17:10:27.0 (6887313)|HEAP_ALLOCATE|[162]|Bytes:5
17:10:27.0 (6907468)|HEAP_ALLOCATE|[162]|Bytes:28
17:10:27.0 (6916244)|VARIABLE_SCOPE_BEGIN|[162]|PSetName|PermissionSet|true|false
17:10:27.0 (6940148)|VARIABLE_ASSIGNMENT|[162]|PSetName|{"s":1,"v":{"Id":"0PS36000000mmnHGAQ","Label":"00ex00000018ozm_128_ (10 more) ...","Name":"X00ex00000018ozm_128 (11 more) ...","NamespacePrefix":"shiva15testns","UserLicenseId":"10036000000eSpyAAE","CreatedDate":"2016-03-08T19:00:02.000Z"}}|0x66ffacdf
17:10:27.0 (6947422)|STATEMENT_EXECUTE|[162]
17:10:27.0 (6968837)|ENTERING_MANAGED_PKG|
17:10:27.0 (6978734)|STATEMENT_EXECUTE|[163]
17:10:27.0 (6989040)|HEAP_ALLOCATE|[162]|Bytes:5
17:10:27.0 (7008778)|HEAP_ALLOCATE|[162]|Bytes:28
17:10:27.0 (7017985)|VARIABLE_SCOPE_BEGIN|[162]|PSetName|PermissionSet|true|false
17:10:27.0 (7041337)|VARIABLE_ASSIGNMENT|[162]|PSetName|{"s":1,"v":{"Id":"0PS36000000mmnIGAQ","Label":"00ex00000018ozk_128_ (10 more) ...","Name":"X00ex00000018ozk_128 (11 more) ...","NamespacePrefix":"shiva15testns","UserLicenseId":"10036000000eSpyAAE","CreatedDate":"2016-03-08T19:00:02.000Z"}}|0x20d704bb
17:10:27.0 (7045825)|STATEMENT_EXECUTE|[162]
17:10:27.0 (7066502)|ENTERING_MANAGED_PKG|
17:10:27.0 (7076180)|STATEMENT_EXECUTE|[163]
17:10:27.0 (7086554)|HEAP_ALLOCATE|[162]|Bytes:5
17:10:27.0 (7110390)|HEAP_ALLOCATE|[162]|Bytes:28
17:10:27.0 (7119127)|VARIABLE_SCOPE_BEGIN|[162]|PSetName|PermissionSet|true|false
17:10:27.0 (7141906)|VARIABLE_ASSIGNMENT|[162]|PSetName|{"s":1,"v":{"Id":"0PS36000000mmnJGAQ","Label":"00ex00000018ozj_128_ (10 more) ...","Name":"X00ex00000018ozj_128 (11 more) ...","NamespacePrefix":"shiva15testns","UserLicenseId":"10036000000eSpyAAE","CreatedDate":"2016-03-08T19:00:02.000Z"}}|0x2e08567a
17:10:27.0 (7146066)|STATEMENT_EXECUTE|[162]
17:10:27.0 (7166636)|ENTERING_MANAGED_PKG|
17:10:27.0 (7176206)|STATEMENT_EXECUTE|[163]
17:10:27.0 (7186620)|HEAP_ALLOCATE|[162]|Bytes:5
17:10:27.0 (7206076)|HEAP_ALLOCATE|[162]|Bytes:28
17:10:27.0 (7213948)|VARIABLE_SCOPE_BEGIN|[162]|PSetName|PermissionSet|true|false
17:10:27.0 (7236108)|VARIABLE_ASSIGNMENT|[162]|PSetName|{"s":1,"v":{"Id":"0PS36000000mmnKGAQ","Label":"00ex00000018ozo_128_ (10 more) ...","Name":"X00ex00000018ozo_128 (11 more) ...","NamespacePrefix":"shiva15testns","UserLicenseId":"10036000000eSpyAAE","CreatedDate":"2016-03-08T19:00:02.000Z"}}|0x76edddf8
17:10:27.0 (7240677)|STATEMENT_EXECUTE|[162]
17:10:27.0 (7260665)|ENTERING_MANAGED_PKG|
17:10:27.0 (7270039)|STATEMENT_EXECUTE|[163]
17:10:27.0 (7280092)|HEAP_ALLOCATE|[162]|Bytes:5
17:10:27.0 (7299448)|HEAP_ALLOCATE|[162]|Bytes:28
17:10:27.0 (7307159)|VARIABLE_SCOPE_BEGIN|[162]|PSetName|PermissionSet|true|false
17:10:27.0 (7329088)|VARIABLE_ASSIGNMENT|[162]|PSetName|{"s":1,"v":{"Id":"0PS36000000mmnLGAQ","Label":"00ex00000018ozh_128_ (10 more) ...","Name":"X00ex00000018ozh_128 (11 more) ...","NamespacePrefix":"shiva15testns","UserLicenseId":"10036000000eSpyAAE","CreatedDate":"2016-03-08T19:00:02.000Z"}}|0x6def1eae
17:10:27.0 (7333117)|STATEMENT_EXECUTE|[162]
17:10:27.0 (7352905)|ENTERING_MANAGED_PKG|
17:10:27.0 (7362066)|STATEMENT_EXECUTE|[163]
17:10:27.0 (7372239)|HEAP_ALLOCATE|[162]|Bytes:5
17:10:27.0 (7391830)|HEAP_ALLOCATE|[162]|Bytes:28
17:10:27.0 (7399486)|VARIABLE_SCOPE_BEGIN|[162]|PSetName|PermissionSet|true|false
17:10:27.0 (7421512)|VARIABLE_ASSIGNMENT|[162]|PSetName|{"s":1,"v":{"Id":"0PS36000000mmnMGAQ","Label":"00ex00000018ozq_128_ (11 more) ...","Name":"X00ex00000018ozq_128 (12 more) ...","NamespacePrefix":"shiva15testns","UserLicenseId":"10036000000eSpyAAE","CreatedDate":"2016-03-08T19:00:02.000Z"}}|0x75052d74
17:10:27.0 (7425630)|STATEMENT_EXECUTE|[162]
17:10:27.0 (7445599)|ENTERING_MANAGED_PKG|
17:10:27.0 (7454893)|STATEMENT_EXECUTE|[163]
17:10:27.0 (7465011)|HEAP_ALLOCATE|[162]|Bytes:5
17:10:27.0 (7484357)|HEAP_ALLOCATE|[162]|Bytes:28
17:10:27.0 (7492195)|VARIABLE_SCOPE_BEGIN|[162]|PSetName|PermissionSet|true|false
17:10:27.0 (7513888)|VARIABLE_ASSIGNMENT|[162]|PSetName|{"s":1,"v":{"Id":"0PS36000000mmnNGAQ","Label":"00ex00000018ozp_128_ (10 more) ...","Name":"X00ex00000018ozp_128 (11 more) ...","NamespacePrefix":"shiva15testns","UserLicenseId":"10036000000eSpyAAE","CreatedDate":"2016-03-08T19:00:02.000Z"}}|0x19d20e28
17:10:27.0 (7518174)|STATEMENT_EXECUTE|[162]
17:10:27.0 (7538152)|ENTERING_MANAGED_PKG|
17:10:27.0 (7547610)|STATEMENT_EXECUTE|[163]
17:10:27.0 (7557755)|HEAP_ALLOCATE|[162]|Bytes:5
17:10:27.0 (7576878)|HEAP_ALLOCATE|[162]|Bytes:28
17:10:27.0 (7584552)|VARIABLE_SCOPE_BEGIN|[162]|PSetName|PermissionSet|true|false
17:10:27.0 (7606404)|VARIABLE_ASSIGNMENT|[162]|PSetName|{"s":1,"v":{"Id":"0PS36000000mmnOGAQ","Label":"00ex00000018ozn_128_ (10 more) ...","Name":"X00ex00000018ozn_128 (11 more) ...","NamespacePrefix":"shiva15testns","UserLicenseId":"10036000000eSpyAAE","CreatedDate":"2016-03-08T19:00:02.000Z"}}|0x1c802f7
17:10:27.0 (7610611)|STATEMENT_EXECUTE|[162]
17:10:27.0 (7630698)|ENTERING_MANAGED_PKG|
17:10:27.0 (7640061)|STATEMENT_EXECUTE|[163]
17:10:27.0 (7650130)|HEAP_ALLOCATE|[162]|Bytes:5
17:10:27.0 (7669098)|HEAP_ALLOCATE|[162]|Bytes:28
17:10:27.0 (7676824)|VARIABLE_SCOPE_BEGIN|[162]|PSetName|PermissionSet|true|false
17:10:27.0 (7698195)|VARIABLE_ASSIGNMENT|[162]|PSetName|{"s":1,"v":{"Id":"0PS36000000mmnPGAQ","Label":"00e1a000000MWa9AAG","Name":"X00e1a000000MWa9AAG","NamespacePrefix":"shiva15testns","UserLicenseId":"10036000000eSq0AAE","CreatedDate":"2016-03-08T19:00:02.000Z"}}|0x1447660e
17:10:27.0 (7702460)|STATEMENT_EXECUTE|[162]
17:10:27.0 (7722234)|ENTERING_MANAGED_PKG|
17:10:27.0 (7731486)|STATEMENT_EXECUTE|[163]
17:10:27.0 (7741557)|HEAP_ALLOCATE|[162]|Bytes:5
17:10:27.0 (7760525)|HEAP_ALLOCATE|[162]|Bytes:28
17:10:27.0 (7768130)|VARIABLE_SCOPE_BEGIN|[162]|PSetName|PermissionSet|true|false
17:10:27.0 (7788932)|VARIABLE_ASSIGNMENT|[162]|PSetName|{"s":1,"v":{"Id":"0PS36000000mmnQGAQ","Label":"00e1a000000MWaBAAW","Name":"X00e1a000000MWaBAAW","NamespacePrefix":"shiva15testns","UserLicenseId":"10036000000eSq2AAE","CreatedDate":"2016-03-08T19:00:02.000Z"}}|0x48f5877f
17:10:27.0 (7792838)|STATEMENT_EXECUTE|[162]
17:10:27.0 (7812547)|ENTERING_MANAGED_PKG|
17:10:27.0 (7821740)|STATEMENT_EXECUTE|[163]
17:10:27.0 (7831729)|HEAP_ALLOCATE|[162]|Bytes:5
17:10:27.0 (7851266)|HEAP_ALLOCATE|[162]|Bytes:28
17:10:27.0 (7858931)|VARIABLE_SCOPE_BEGIN|[162]|PSetName|PermissionSet|true|false
17:10:27.0 (7879944)|VARIABLE_ASSIGNMENT|[162]|PSetName|{"s":1,"v":{"Id":"0PS36000000mmnRGAQ","Label":"00e1a000000MWaCAAW","Name":"X00e1a000000MWaCAAW","NamespacePrefix":"shiva15testns","UserLicenseId":"10036000000eSq3AAE","CreatedDate":"2016-03-08T19:00:02.000Z"}}|0x415f7307
17:10:27.0 (7883733)|STATEMENT_EXECUTE|[162]
17:10:27.0 (7903455)|ENTERING_MANAGED_PKG|
17:10:27.0 (7912739)|STATEMENT_EXECUTE|[163]
17:10:27.0 (7922846)|HEAP_ALLOCATE|[162]|Bytes:5
17:10:27.0 (7941979)|HEAP_ALLOCATE|[162]|Bytes:28
17:10:27.0 (7949812)|VARIABLE_SCOPE_BEGIN|[162]|PSetName|PermissionSet|true|false
17:10:27.0 (7970481)|VARIABLE_ASSIGNMENT|[162]|PSetName|{"s":1,"v":{"Id":"0PS36000000mmnSGAQ","Label":"00e1a000000MWaDAAW","Name":"X00e1a000000MWaDAAW","NamespacePrefix":"shiva15testns","UserLicenseId":"10036000000eSq4AAE","CreatedDate":"2016-03-08T19:00:02.000Z"}}|0x410e61
17:10:27.0 (7974501)|STATEMENT_EXECUTE|[162]
17:10:27.0 (7994508)|ENTERING_MANAGED_PKG|
17:10:27.0 (8003858)|STATEMENT_EXECUTE|[163]
17:10:27.0 (8014764)|HEAP_ALLOCATE|[162]|Bytes:5
17:10:27.0 (8034106)|HEAP_ALLOCATE|[162]|Bytes:28
17:10:27.0 (8041771)|VARIABLE_SCOPE_BEGIN|[162]|PSetName|PermissionSet|true|false
17:10:27.0 (8062554)|VARIABLE_ASSIGNMENT|[162]|PSetName|{"s":1,"v":{"Id":"0PS36000000mmnTGAQ","Label":"00e1a000000MWaEAAW","Name":"X00e1a000000MWaEAAW","NamespacePrefix":"shiva15testns","UserLicenseId":"10036000000eSq5AAE","CreatedDate":"2016-03-08T19:00:02.000Z"}}|0x2f196f71
17:10:27.0 (8066410)|STATEMENT_EXECUTE|[162]
17:10:27.0 (8086307)|ENTERING_MANAGED_PKG|
17:10:27.0 (8095630)|STATEMENT_EXECUTE|[163]
17:10:27.0 (8115739)|HEAP_ALLOCATE|[162]|Bytes:5
17:10:27.0 (8136305)|HEAP_ALLOCATE|[162]|Bytes:28
17:10:27.0 (8144190)|VARIABLE_SCOPE_BEGIN|[162]|PSetName|PermissionSet|true|false
17:10:27.0 (8165330)|VARIABLE_ASSIGNMENT|[162]|PSetName|{"s":1,"v":{"Id":"0PS36000000mmnUGAQ","Label":"00e1a000000MWaFAAW","Name":"X00e1a000000MWaFAAW","NamespacePrefix":"shiva15testns","UserLicenseId":"10036000000eSq6AAE","CreatedDate":"2016-03-08T19:00:02.000Z"}}|0x4bb3db92
17:10:27.0 (8169451)|STATEMENT_EXECUTE|[162]
17:10:27.0 (8189826)|ENTERING_MANAGED_PKG|
17:10:27.0 (8199241)|STATEMENT_EXECUTE|[163]
17:10:27.0 (8209591)|HEAP_ALLOCATE|[162]|Bytes:5
17:10:27.0 (8228864)|HEAP_ALLOCATE|[162]|Bytes:28
17:10:27.0 (8236425)|VARIABLE_SCOPE_BEGIN|[162]|PSetName|PermissionSet|true|false
17:10:27.0 (8257101)|VARIABLE_ASSIGNMENT|[162]|PSetName|{"s":1,"v":{"Id":"0PS36000000mmnVGAQ","Label":"00e1a000000MWaGAAW","Name":"X00e1a000000MWaGAAW","NamespacePrefix":"shiva15testns","UserLicenseId":"10036000000eSq7AAE","CreatedDate":"2016-03-08T19:00:02.000Z"}}|0x714e5ea8
17:10:27.0 (8261114)|STATEMENT_EXECUTE|[162]
17:10:27.0 (8280876)|ENTERING_MANAGED_PKG|
17:10:27.0 (8290183)|STATEMENT_EXECUTE|[163]
17:10:27.0 (8300131)|HEAP_ALLOCATE|[162]|Bytes:5
17:10:27.0 (8319118)|HEAP_ALLOCATE|[162]|Bytes:28
17:10:27.0 (8326855)|VARIABLE_SCOPE_BEGIN|[162]|PSetName|PermissionSet|true|false
17:10:27.0 (8348156)|VARIABLE_ASSIGNMENT|[162]|PSetName|{"s":1,"v":{"Id":"0PS36000000mmnWGAQ","Label":"00e1a000000MWaHAAW","Name":"X00e1a000000MWaHAAW","NamespacePrefix":"shiva15testns","UserLicenseId":"10036000000eSq8AAE","CreatedDate":"2016-03-08T19:00:02.000Z"}}|0x797464e6
17:10:27.0 (8351914)|STATEMENT_EXECUTE|[162]
17:10:27.0 (8371707)|ENTERING_MANAGED_PKG|
17:10:27.0 (8380948)|STATEMENT_EXECUTE|[163]
17:10:27.0 (8390981)|HEAP_ALLOCATE|[162]|Bytes:5
17:10:27.0 (8409907)|HEAP_ALLOCATE|[162]|Bytes:28
17:10:27.0 (8417515)|VARIABLE_SCOPE_BEGIN|[162]|PSetName|PermissionSet|true|false
17:10:27.0 (8438200)|VARIABLE_ASSIGNMENT|[162]|PSetName|{"s":1,"v":{"Id":"0PS36000000mmnXGAQ","Label":"00e1a000000MWaIAAW","Name":"X00e1a000000MWaIAAW","NamespacePrefix":"shiva15testns","UserLicenseId":"10036000000eSq9AAE","CreatedDate":"2016-03-08T19:00:02.000Z"}}|0x1df2ee5e
17:10:27.0 (8441955)|STATEMENT_EXECUTE|[162]
17:10:27.0 (8461671)|ENTERING_MANAGED_PKG|
17:10:27.0 (8471019)|STATEMENT_EXECUTE|[163]
17:10:27.0 (8481441)|HEAP_ALLOCATE|[162]|Bytes:5
17:10:27.0 (8500377)|HEAP_ALLOCATE|[162]|Bytes:28
17:10:27.0 (8508028)|VARIABLE_SCOPE_BEGIN|[162]|PSetName|PermissionSet|true|false
17:10:27.0 (8528799)|VARIABLE_ASSIGNMENT|[162]|PSetName|{"s":1,"v":{"Id":"0PS36000000mmnYGAQ","Label":"00e1a000000MWaJAAW","Name":"X00e1a000000MWaJAAW","NamespacePrefix":"shiva15testns","UserLicenseId":"10036000000eSqAAAU","CreatedDate":"2016-03-08T19:00:02.000Z"}}|0x4848d939
17:10:27.0 (8532859)|STATEMENT_EXECUTE|[162]
17:10:27.0 (8556609)|ENTERING_MANAGED_PKG|
17:10:27.0 (8566304)|STATEMENT_EXECUTE|[163]
17:10:27.0 (8576491)|HEAP_ALLOCATE|[162]|Bytes:5
17:10:27.0 (8595813)|HEAP_ALLOCATE|[162]|Bytes:28
17:10:27.0 (8604013)|VARIABLE_SCOPE_BEGIN|[162]|PSetName|PermissionSet|true|false
17:10:27.0 (8625242)|VARIABLE_ASSIGNMENT|[162]|PSetName|{"s":1,"v":{"Id":"0PS36000000mmnZGAQ","Label":"00e1a000000MWaKAAW","Name":"X00e1a000000MWaKAAW","NamespacePrefix":"shiva15testns","UserLicenseId":"10036000000eSqBAAU","CreatedDate":"2016-03-08T19:00:02.000Z"}}|0x4bf07586
17:10:27.0 (8629310)|STATEMENT_EXECUTE|[162]
17:10:27.0 (8649152)|ENTERING_MANAGED_PKG|
17:10:27.0 (8658352)|STATEMENT_EXECUTE|[163]
17:10:27.0 (8671295)|HEAP_ALLOCATE|[162]|Bytes:5
17:10:27.0 (8691443)|HEAP_ALLOCATE|[162]|Bytes:28
17:10:27.0 (8699276)|VARIABLE_SCOPE_BEGIN|[162]|PSetName|PermissionSet|true|false
17:10:27.0 (8723276)|VARIABLE_ASSIGNMENT|[162]|PSetName|{"s":1,"v":{"Id":"0PS36000000mmnaGAA","Label":"00e1a000000MWaLAAW","Name":"X00e1a000000MWaLAAW","NamespacePrefix":"shiva15testns","UserLicenseId":"10036000000eSqCAAU","CreatedDate":"2016-03-08T19:00:02.000Z"}}|0x11797b4a
17:10:27.0 (8727400)|STATEMENT_EXECUTE|[162]
17:10:27.0 (8747557)|ENTERING_MANAGED_PKG|
17:10:27.0 (8756775)|STATEMENT_EXECUTE|[163]
17:10:27.0 (8766975)|HEAP_ALLOCATE|[162]|Bytes:5
17:10:27.0 (8788639)|HEAP_ALLOCATE|[162]|Bytes:28
17:10:27.0 (8796876)|VARIABLE_SCOPE_BEGIN|[162]|PSetName|PermissionSet|true|false
17:10:27.0 (8817910)|VARIABLE_ASSIGNMENT|[162]|PSetName|{"s":1,"v":{"Id":"0PS36000000mmnbGAA","Label":"00e1a000000MWaMAAW","Name":"X00e1a000000MWaMAAW","NamespacePrefix":"shiva15testns","UserLicenseId":"10036000000eSqDAAU","CreatedDate":"2016-03-08T19:00:02.000Z"}}|0x1bf3f725
17:10:27.0 (8821951)|STATEMENT_EXECUTE|[162]
17:10:27.0 (8842188)|ENTERING_MANAGED_PKG|
17:10:27.0 (8851295)|STATEMENT_EXECUTE|[163]
17:10:27.0 (8861470)|HEAP_ALLOCATE|[162]|Bytes:5
17:10:27.0 (8880427)|HEAP_ALLOCATE|[162]|Bytes:28
17:10:27.0 (8888254)|VARIABLE_SCOPE_BEGIN|[162]|PSetName|PermissionSet|true|false
17:10:27.0 (8908769)|VARIABLE_ASSIGNMENT|[162]|PSetName|{"s":1,"v":{"Id":"0PS36000000mmncGAA","Label":"00e1a000000MWaNAAW","Name":"X00e1a000000MWaNAAW","NamespacePrefix":"shiva15testns","UserLicenseId":"10036000000eSqEAAU","CreatedDate":"2016-03-08T19:00:02.000Z"}}|0x157c7473
17:10:27.0 (8912491)|STATEMENT_EXECUTE|[162]
17:10:27.0 (8932162)|ENTERING_MANAGED_PKG|
17:10:27.0 (8941316)|STATEMENT_EXECUTE|[163]
17:10:27.0 (8951399)|HEAP_ALLOCATE|[162]|Bytes:5
17:10:27.0 (8970409)|HEAP_ALLOCATE|[162]|Bytes:28
17:10:27.0 (8978097)|VARIABLE_SCOPE_BEGIN|[162]|PSetName|PermissionSet|true|false
17:10:27.0 (8999062)|VARIABLE_ASSIGNMENT|[162]|PSetName|{"s":1,"v":{"Id":"0PS36000000mmndGAA","Label":"00e1a000000MWaOAAW","Name":"X00e1a000000MWaOAAW","NamespacePrefix":"shiva15testns","UserLicenseId":"10036000000eSqFAAU","CreatedDate":"2016-03-08T19:00:02.000Z"}}|0x5de87f1f
17:10:27.0 (9003361)|STATEMENT_EXECUTE|[162]
17:10:27.0 (9024008)|ENTERING_MANAGED_PKG|
17:10:27.0 (9033215)|STATEMENT_EXECUTE|[163]
17:10:27.0 (9043244)|HEAP_ALLOCATE|[162]|Bytes:5
17:10:27.0 (9062193)|HEAP_ALLOCATE|[162]|Bytes:28
17:10:27.0 (9069856)|VARIABLE_SCOPE_BEGIN|[162]|PSetName|PermissionSet|true|false
17:10:27.0 (9090600)|VARIABLE_ASSIGNMENT|[162]|PSetName|{"s":1,"v":{"Id":"0PS36000000mmneGAA","Label":"00e1a000000MWaPAAW","Name":"X00e1a000000MWaPAAW","NamespacePrefix":"shiva15testns","UserLicenseId":"10036000000eSqGAAU","CreatedDate":"2016-03-08T19:00:02.000Z"}}|0x711fcc3
17:10:27.0 (9094847)|STATEMENT_EXECUTE|[162]
17:10:27.0 (9119766)|ENTERING_MANAGED_PKG|
17:10:27.0 (9129585)|STATEMENT_EXECUTE|[163]
17:10:27.0 (9140285)|HEAP_ALLOCATE|[162]|Bytes:5
17:10:27.0 (9159769)|HEAP_ALLOCATE|[162]|Bytes:28
17:10:27.0 (9167616)|VARIABLE_SCOPE_BEGIN|[162]|PSetName|PermissionSet|true|false
17:10:27.0 (9188731)|VARIABLE_ASSIGNMENT|[162]|PSetName|{"s":1,"v":{"Id":"0PS36000000mmnfGAA","Label":"00e1a000000MWaQAAW","Name":"X00e1a000000MWaQAAW","NamespacePrefix":"shiva15testns","UserLicenseId":"10036000000eSqHAAU","CreatedDate":"2016-03-08T19:00:02.000Z"}}|0x35f69db
17:10:27.0 (9192709)|STATEMENT_EXECUTE|[162]
17:10:27.0 (9212923)|ENTERING_MANAGED_PKG|
17:10:27.0 (9222252)|STATEMENT_EXECUTE|[163]
17:10:27.0 (9232497)|HEAP_ALLOCATE|[162]|Bytes:5
17:10:27.0 (9251708)|HEAP_ALLOCATE|[162]|Bytes:28
17:10:27.0 (9259503)|VARIABLE_SCOPE_BEGIN|[162]|PSetName|PermissionSet|true|false
17:10:27.0 (9280328)|VARIABLE_ASSIGNMENT|[162]|PSetName|{"s":1,"v":{"Id":"0PS36000000mmngGAA","Label":"00e1a000000MWaRAAW","Name":"X00e1a000000MWaRAAW","NamespacePrefix":"shiva15testns","UserLicenseId":"10036000000eSqIAAU","CreatedDate":"2016-03-08T19:00:02.000Z"}}|0x75f65a2f
17:10:27.0 (9284510)|STATEMENT_EXECUTE|[162]
17:10:27.0 (9304283)|ENTERING_MANAGED_PKG|
17:10:27.0 (9313481)|STATEMENT_EXECUTE|[163]
17:10:27.0 (9323572)|HEAP_ALLOCATE|[162]|Bytes:5
17:10:27.0 (9342786)|HEAP_ALLOCATE|[162]|Bytes:28
17:10:27.0 (9350461)|VARIABLE_SCOPE_BEGIN|[162]|PSetName|PermissionSet|true|false
17:10:27.0 (9371030)|VARIABLE_ASSIGNMENT|[162]|PSetName|{"s":1,"v":{"Id":"0PS36000000mmnhGAA","Label":"00e1a000000MWaSAAW","Name":"X00e1a000000MWaSAAW","NamespacePrefix":"shiva15testns","UserLicenseId":"10036000000eSqJAAU","CreatedDate":"2016-03-08T19:00:02.000Z"}}|0x6bf8c309
17:10:27.0 (9374862)|STATEMENT_EXECUTE|[162]
17:10:27.0 (9394672)|ENTERING_MANAGED_PKG|
17:10:27.0 (9403846)|STATEMENT_EXECUTE|[163]
17:10:27.0 (9413892)|HEAP_ALLOCATE|[162]|Bytes:5
17:10:27.0 (9432889)|HEAP_ALLOCATE|[162]|Bytes:28
17:10:27.0 (9440677)|VARIABLE_SCOPE_BEGIN|[162]|PSetName|PermissionSet|true|false
17:10:27.0 (9461209)|VARIABLE_ASSIGNMENT|[162]|PSetName|{"s":1,"v":{"Id":"0PS36000000mmniGAA","Label":"00e1a000000MWaTAAW","Name":"X00e1a000000MWaTAAW","NamespacePrefix":"shiva15testns","UserLicenseId":"10036000000eSqJAAU","CreatedDate":"2016-03-08T19:00:02.000Z"}}|0x6387dd51
17:10:27.0 (9465249)|STATEMENT_EXECUTE|[162]
17:10:27.0 (9485084)|ENTERING_MANAGED_PKG|
17:10:27.0 (9494343)|STATEMENT_EXECUTE|[163]
17:10:27.0 (9504467)|HEAP_ALLOCATE|[162]|Bytes:5
17:10:27.0 (9523545)|HEAP_ALLOCATE|[162]|Bytes:28
17:10:27.0 (9531224)|VARIABLE_SCOPE_BEGIN|[162]|PSetName|PermissionSet|true|false
17:10:27.0 (9552155)|VARIABLE_ASSIGNMENT|[162]|PSetName|{"s":1,"v":{"Id":"0PS36000000mmnjGAA","Label":"00e1a000000MWaUAAW","Name":"X00e1a000000MWaUAAW","NamespacePrefix":"shiva15testns","UserLicenseId":"10036000000eSqKAAU","CreatedDate":"2016-03-08T19:00:02.000Z"}}|0x1b6e614b
17:10:27.0 (9555981)|STATEMENT_EXECUTE|[162]
17:10:27.0 (9575694)|ENTERING_MANAGED_PKG|
17:10:27.0 (9584792)|STATEMENT_EXECUTE|[163]
17:10:27.0 (9594841)|HEAP_ALLOCATE|[162]|Bytes:5
17:10:27.0 (9613662)|HEAP_ALLOCATE|[162]|Bytes:28
17:10:27.0 (9621472)|VARIABLE_SCOPE_BEGIN|[162]|PSetName|PermissionSet|true|false
17:10:27.0 (9642310)|VARIABLE_ASSIGNMENT|[162]|PSetName|{"s":1,"v":{"Id":"0PS36000000mmnlGAA","Label":"00e1a000000N1LRAA0","Name":"X00e1a000000N1LRAA0","NamespacePrefix":"shiva15testns","UserLicenseId":"10036000000eSqLAAU","CreatedDate":"2016-03-08T19:00:02.000Z"}}|0x5c8e672b
17:10:27.0 (9646114)|STATEMENT_EXECUTE|[162]
17:10:27.0 (9665952)|ENTERING_MANAGED_PKG|
17:10:27.0 (9675243)|STATEMENT_EXECUTE|[163]
17:10:27.0 (9685235)|HEAP_ALLOCATE|[162]|Bytes:5
17:10:27.0 (9704278)|HEAP_ALLOCATE|[162]|Bytes:28
17:10:27.0 (9712021)|VARIABLE_SCOPE_BEGIN|[162]|PSetName|PermissionSet|true|false
17:10:27.0 (9733223)|VARIABLE_ASSIGNMENT|[162]|PSetName|{"s":1,"v":{"Id":"0PS36000000mmnmGAA","Label":"00e1a000000N1LSAA0","Name":"X00e1a000000N1LSAA0","NamespacePrefix":"shiva15testns","UserLicenseId":"10036000000eSqMAAU","CreatedDate":"2016-03-08T19:00:02.000Z"}}|0x71c31738
17:10:27.0 (9737118)|STATEMENT_EXECUTE|[162]
17:10:27.0 (9756957)|ENTERING_MANAGED_PKG|
17:10:27.0 (9766509)|STATEMENT_EXECUTE|[163]
17:10:27.0 (9776824)|HEAP_ALLOCATE|[162]|Bytes:5
17:10:27.0 (9795709)|HEAP_ALLOCATE|[162]|Bytes:28
17:10:27.0 (9803436)|VARIABLE_SCOPE_BEGIN|[162]|PSetName|PermissionSet|true|false
17:10:27.0 (9824099)|VARIABLE_ASSIGNMENT|[162]|PSetName|{"s":1,"v":{"Id":"0PS36000000mmnnGAA","Label":"00e1a000000N1wKAAS","Name":"X00e1a000000N1wKAAS","NamespacePrefix":"shiva15testns","UserLicenseId":"10036000000eSqNAAU","CreatedDate":"2016-03-08T19:00:02.000Z"}}|0x2c732104
17:10:27.0 (9827921)|STATEMENT_EXECUTE|[162]
17:10:27.0 (9847791)|ENTERING_MANAGED_PKG|
17:10:27.0 (9857059)|STATEMENT_EXECUTE|[163]
17:10:27.0 (9867204)|HEAP_ALLOCATE|[162]|Bytes:5
17:10:27.0 (9886112)|HEAP_ALLOCATE|[162]|Bytes:28
17:10:27.0 (9893832)|VARIABLE_SCOPE_BEGIN|[162]|PSetName|PermissionSet|true|false
17:10:27.0 (9914804)|VARIABLE_ASSIGNMENT|[162]|PSetName|{"s":1,"v":{"Id":"0PS36000000mmnoGAA","Label":"00e1a000000N1wLAAS","Name":"X00e1a000000N1wLAAS","NamespacePrefix":"shiva15testns","UserLicenseId":"10036000000eSqNAAU","CreatedDate":"2016-03-08T19:00:02.000Z"}}|0x447f69f8
17:10:27.0 (9919000)|STATEMENT_EXECUTE|[162]
17:10:27.0 (9938792)|ENTERING_MANAGED_PKG|
17:10:27.0 (9948118)|STATEMENT_EXECUTE|[163]
17:10:27.0 (9958220)|HEAP_ALLOCATE|[162]|Bytes:5
17:10:27.0 (9977442)|HEAP_ALLOCATE|[162]|Bytes:28
17:10:27.0 (9985315)|VARIABLE_SCOPE_BEGIN|[162]|PSetName|PermissionSet|true|false
17:10:27.0 (10006130)|VARIABLE_ASSIGNMENT|[162]|PSetName|{"s":1,"v":{"Id":"0PS36000000mmnqGAA","Label":"00e1a000000MWaAAAW","Name":"X00e1a000000MWaAAAW","NamespacePrefix":"shiva15testns","UserLicenseId":"10036000000eSq1AAE","CreatedDate":"2016-03-08T19:00:02.000Z"}}|0x6b67f963
17:10:27.0 (10011185)|STATEMENT_EXECUTE|[162]
17:10:27.0 (10031185)|ENTERING_MANAGED_PKG|
17:10:27.0 (10040715)|STATEMENT_EXECUTE|[163]
17:10:27.0 (10050927)|HEAP_ALLOCATE|[162]|Bytes:5
17:10:27.0 (10069993)|HEAP_ALLOCATE|[162]|Bytes:32
17:10:27.0 (10077862)|VARIABLE_SCOPE_BEGIN|[162]|PSetName|PermissionSet|true|false
17:10:27.0 (10104068)|VARIABLE_ASSIGNMENT|[162]|PSetName|{"s":1,"v":{"Id":"0PS36000000q71PGAQ","Label":"PermissionSet_Test","Name":"PermissionSet_Test","Description":"This is for testing  (11 more) ...","NamespacePrefix":"shiva15testns","UserLicenseId":"10036000000eSpyAAE","CreatedDate":"2016-03-20T22:41:12.000Z"}}|0x27459e0
17:10:27.0 (10109039)|STATEMENT_EXECUTE|[162]
17:10:27.0 (10129337)|ENTERING_MANAGED_PKG|
17:10:27.0 (10139153)|STATEMENT_EXECUTE|[163]
17:10:27.0 (10140691)|STATEMENT_EXECUTE|[164]
17:10:27.0 (10144594)|HEAP_ALLOCATE|[164]|Bytes:52
17:10:27.0 (10150445)|HEAP_ALLOCATE|[164]|Bytes:4
17:10:27.0 (10156330)|HEAP_ALLOCATE|[164]|Bytes:7
17:10:27.0 (10911050)|SOQL_EXECUTE_BEGIN|[164]|Aggregations:0|SELECT Id, Name FROM UserLicense WHERE Id = :tmpVar1
17:10:27.0 (12552242)|SOQL_EXECUTE_END|[164]|Rows:1
17:10:27.0 (12565281)|HEAP_ALLOCATE|[164]|Bytes:8
17:10:27.0 (12574633)|HEAP_ALLOCATE|[164]|Bytes:47
17:10:27.0 (12629844)|HEAP_ALLOCATE|[164]|Bytes:8
17:10:27.0 (12641300)|HEAP_ALLOCATE|[164]|Bytes:37
17:10:27.0 (12701257)|HEAP_ALLOCATE|[164]|Bytes:12
17:10:27.0 (12711096)|VARIABLE_SCOPE_BEGIN|[164]|ulicense|UserLicense|true|false
17:10:27.0 (12729217)|VARIABLE_ASSIGNMENT|[164]|ulicense|{"s":1,"v":{"Id":"10036000000eSpyAAE","Name":"Salesforce"}}|0x6f8f7525
17:10:27.0 (12733082)|STATEMENT_EXECUTE|[165]
17:10:27.0 (12739555)|HEAP_ALLOCATE|[165]|Bytes:240
17:10:27.0 (12745278)|HEAP_ALLOCATE|[165]|Bytes:39
17:10:27.0 (12765299)|HEAP_ALLOCATE|[165]|Bytes:32
17:10:27.0 (12818390)|ENTERING_MANAGED_PKG|
17:10:27.0 (12846393)|HEAP_ALLOCATE|[165]|Bytes:18
17:10:27.0 (12920503)|ENTERING_MANAGED_PKG|
17:10:27.0 (12943161)|HEAP_ALLOCATE|[165]|Bytes:19
17:10:27.0 (12984917)|CONSTRUCTOR_ENTRY|[165]|01p36000005Jpvx|<init>(String,String,String,String,String,String,String)
17:10:27.0 (13014068)|VARIABLE_SCOPE_BEGIN|[1055]|this|shiva15testns.PermissionSetPortalControllers.PermissionSetClass|true|false
17:10:27.0 (13091624)|VARIABLE_ASSIGNMENT|[1055]|this|{}|0x70ca71fe
17:10:27.0 (13097518)|VARIABLE_SCOPE_BEGIN|[1055]|label|String|false|false
17:10:27.0 (13107735)|VARIABLE_ASSIGNMENT|[1055]|label|"PermissionSet_Test"
17:10:27.0 (13111449)|VARIABLE_SCOPE_BEGIN|[1055]|apiName|String|false|false
17:10:27.0 (13114852)|VARIABLE_ASSIGNMENT|[1055]|apiName|"PermissionSet_Test"
17:10:27.0 (13117672)|VARIABLE_SCOPE_BEGIN|[1055]|id|String|false|false
17:10:27.0 (13121124)|VARIABLE_ASSIGNMENT|[1055]|id|"0PS36000000q71PGAQ"
17:10:27.0 (13123826)|VARIABLE_SCOPE_BEGIN|[1055]|description|String|false|false
17:10:27.0 (13128490)|VARIABLE_ASSIGNMENT|[1055]|description|"This is for testing  (11 more) ..."
17:10:27.0 (13131356)|VARIABLE_SCOPE_BEGIN|[1055]|namespacePrefix|String|false|false
17:10:27.0 (13134563)|VARIABLE_ASSIGNMENT|[1055]|namespacePrefix|"shiva15testns"
17:10:27.0 (13137243)|VARIABLE_SCOPE_BEGIN|[1055]|userLicenseId|String|false|false
17:10:27.0 (13140492)|VARIABLE_ASSIGNMENT|[1055]|userLicenseId|"Salesforce"
17:10:27.0 (13143072)|VARIABLE_SCOPE_BEGIN|[1055]|createdDate|String|false|false
17:10:27.0 (13146596)|VARIABLE_ASSIGNMENT|[1055]|createdDate|"2016-03-20 15:41:12"
17:10:27.0 (13150427)|STATEMENT_EXECUTE|[1038]
17:10:27.0 (13152026)|STATEMENT_EXECUTE|[1041]
17:10:27.0 (13153507)|STATEMENT_EXECUTE|[1043]
17:10:27.0 (13154549)|STATEMENT_EXECUTE|[1045]
17:10:27.0 (13155866)|STATEMENT_EXECUTE|[1047]
17:10:27.0 (13157072)|STATEMENT_EXECUTE|[1049]
17:10:27.0 (13158271)|STATEMENT_EXECUTE|[1051]
17:10:27.0 (13159400)|STATEMENT_EXECUTE|[1053]
17:10:27.0 (13167729)|HEAP_ALLOCATE|[1057]|Bytes:6
17:10:27.0 (13192759)|STATEMENT_EXECUTE|[1056]
17:10:27.0 (13194852)|STATEMENT_EXECUTE|[1057]
17:10:27.0 (13278056)|VARIABLE_ASSIGNMENT|[EXTERNAL]|this|{}|0x70ca71fe
17:10:27.0 (13287358)|VARIABLE_ASSIGNMENT|[EXTERNAL]|value|"PermissionSet_Test"
17:10:27.0 (13299248)|VARIABLE_ASSIGNMENT|[1041]|this.label|"PermissionSet_Test"|0x70ca71fe
17:10:27.0 (13307966)|STATEMENT_EXECUTE|[1058]
17:10:27.0 (13362198)|VARIABLE_ASSIGNMENT|[EXTERNAL]|this|{"label":"PermissionSet_Test"}|0x70ca71fe
17:10:27.0 (13369971)|VARIABLE_ASSIGNMENT|[EXTERNAL]|value|"PermissionSet_Test"
17:10:27.0 (13379128)|VARIABLE_ASSIGNMENT|[1043]|this.apiName|"PermissionSet_Test"|0x70ca71fe
17:10:27.0 (13386858)|STATEMENT_EXECUTE|[1059]
17:10:27.0 (13438834)|VARIABLE_ASSIGNMENT|[EXTERNAL]|this|{"apiName":"PermissionSet_Test","label":"PermissionSet_Test"}|0x70ca71fe
17:10:27.0 (13446866)|VARIABLE_ASSIGNMENT|[EXTERNAL]|value|"0PS36000000q71PGAQ"
17:10:27.0 (13456173)|VARIABLE_ASSIGNMENT|[1045]|this.id|"0PS36000000q71PGAQ"|0x70ca71fe
17:10:27.0 (13463596)|STATEMENT_EXECUTE|[1060]
17:10:27.0 (13515356)|VARIABLE_ASSIGNMENT|[EXTERNAL]|this|{"apiName":"PermissionSet_Test","id":"0PS36000000q71PGAQ","label":"PermissionSet_Test"}|0x70ca71fe
17:10:27.0 (13524679)|VARIABLE_ASSIGNMENT|[EXTERNAL]|value|"This is for testing  (11 more) ..."
17:10:27.0 (13534330)|VARIABLE_ASSIGNMENT|[1047]|this.description|"This is for testing  (11 more) ..."|0x70ca71fe
17:10:27.0 (13541841)|STATEMENT_EXECUTE|[1061]
17:10:27.0 (13594810)|VARIABLE_ASSIGNMENT|[EXTERNAL]|this|{"apiName":"PermissionSet_Test","description":"This is for testing  (11 more) ...","id":"0PS36000000q71PGAQ","label":"PermissionSet_Test"}|0x70ca71fe
17:10:27.0 (13603069)|VARIABLE_ASSIGNMENT|[EXTERNAL]|value|"shiva15testns"
17:10:27.0 (13611899)|VARIABLE_ASSIGNMENT|[1049]|this.namespacePrefix|"shiva15testns"|0x70ca71fe
17:10:27.0 (13619455)|STATEMENT_EXECUTE|[1062]
17:10:27.0 (13673010)|VARIABLE_ASSIGNMENT|[EXTERNAL]|this|{"apiName":"PermissionSet_Test","description":"This is for testing  (11 more) ...","id":"0PS36000000q71PGAQ","label":"PermissionSet_Test","namespacePrefix":"shiva15testns"}|0x70ca71fe
17:10:27.0 (13681064)|VARIABLE_ASSIGNMENT|[EXTERNAL]|value|"Salesforce"
17:10:27.0 (13689855)|VARIABLE_ASSIGNMENT|[1051]|this.userLicenseId|"Salesforce"|0x70ca71fe
17:10:27.0 (13697384)|STATEMENT_EXECUTE|[1063]
17:10:27.0 (13751217)|VARIABLE_ASSIGNMENT|[EXTERNAL]|this|{"apiName":"PermissionSet_Test","description":"This is for testing  (11 more) ...","id":"0PS36000000q71PGAQ","label":"PermissionSet_Test","namespacePrefix":"shiva15testns","userLicenseId":"Salesforce"}|0x70ca71fe
17:10:27.0 (13759823)|VARIABLE_ASSIGNMENT|[EXTERNAL]|value|"2016-03-20 15:41:12"
17:10:27.0 (13768937)|VARIABLE_ASSIGNMENT|[1053]|this.createdDate|"2016-03-20 15:41:12"|0x70ca71fe
17:10:27.0 (13783596)|CONSTRUCTOR_EXIT|[165]|01p36000005Jpvx|<init>(String,String,String,String,String,String,String)
17:10:27.0 (13807404)|VARIABLE_ASSIGNMENT|[165]|pSetObj|{"apiName":"PermissionSet_Test","createdDate":"2016-03-20 15:41:12","description":"This is for testing  (11 more) ...","id":"0PS36000000q71PGAQ","label":"PermissionSet_Test","namespacePrefix":"shiva15testns","userLicenseId":"Salesforce"}|0x70ca71fe
17:10:27.0 (13811898)|STATEMENT_EXECUTE|[167]
17:10:27.0 (13827253)|ENTERING_MANAGED_PKG|
17:10:27.0 (13852889)|HEAP_ALLOCATE|[EXTERNAL]|Bytes:4
17:10:27.0 (13861344)|STATEMENT_EXECUTE|[168]
17:10:27.0 (14016842)|HEAP_ALLOCATE|[168]|Bytes:24
17:10:27.0 (14038051)|ENTERING_MANAGED_PKG|
17:10:27.0 (14114975)|HEAP_ALLOCATE|[168]|Bytes:231
17:10:27.0 (14139394)|HEAP_ALLOCATE|[168]|Bytes:255
17:10:27.0 (14163548)|ENTERING_MANAGED_PKG|
17:10:27.0 (14176260)|USER_DEBUG|[168]|ERROR|The PermissionSet Name: PermissionSet:{Id=0PS36000000q71PGAQ, Label=PermissionSet_Test, Name=PermissionSet_Test, Description=This is for testing Description, NamespacePrefix=shiva15testns, UserLicenseId=10036000000eSpyAAE, CreatedDate=2016-03-20 22:41:12}
17:10:27.0 (14192636)|HEAP_ALLOCATE|[162]|Bytes:5
17:10:27.0 (14207046)|VARIABLE_ASSIGNMENT|[162]|PSetName|null|
17:10:27.0 (14211043)|STATEMENT_EXECUTE|[171]
17:10:27.0 (14221544)|SYSTEM_MODE_EXIT|false
17:10:27.14 (14263085)|CUMULATIVE_LIMIT_USAGE
17:10:27.14 (14263085)|LIMIT_USAGE_FOR_NS|(default)|
  Number of SOQL queries: 0 out of 100
  Number of query rows: 0 out of 50000
  Number of SOSL queries: 0 out of 20
  Number of DML statements: 0 out of 150
  Number of DML rows: 0 out of 10000
  Maximum CPU time: 0 out of 10000
  Maximum heap size: 0 out of 6000000
  Number of callouts: 0 out of 100
  Number of Email Invocations: 0 out of 10
  Number of future calls: 0 out of 50
  Number of queueable jobs added to the queue: 0 out of 50
  Number of Mobile Apex push calls: 0 out of 10

17:10:27.14 (14263085)|LIMIT_USAGE_FOR_NS|shiva15testns|
  Number of SOQL queries: 2 out of 100
  Number of query rows: 38 out of 50000
  Number of SOSL queries: 0 out of 20
  Number of DML statements: 0 out of 150
  Number of DML rows: 0 out of 10000
  Maximum CPU time: 0 out of 10000
  Maximum heap size: 0 out of 6000000
  Number of callouts: 0 out of 100
  Number of Email Invocations: 0 out of 10
  Number of future calls: 0 out of 50
  Number of queueable jobs added to the queue: 0 out of 50
  Number of Mobile Apex push calls: 0 out of 10

17:10:27.14 (14263085)|CUMULATIVE_LIMIT_USAGE_END

17:10:27.0 (14306343)|CODE_UNIT_FINISHED|PermissionSetPortalControllers.getAllPermissionSets
17:10:27.0 (16025936)|EXECUTION_FINISHED
17:10:27.18 (18175529)|EXECUTION_STARTED
17:10:27.18 (18182851)|CODE_UNIT_STARTED|[EXTERNAL]|Aura
17:10:27.18 (18219522)|CODE_UNIT_FINISHED|Aura
17:10:27.18 (19420061)|EXECUTION_FINISHED
