36.0 APEX_CODE,FINEST;APEX_PROFILING,INFO;CALLOUT,INFO;DB,INFO;SYSTEM,DEBUG;VALIDATION,INFO;VISUALFORCE,INFO;WORKFLOW,INFO
02:39:00.0 (432542)|EXECUTION_STARTED
02:39:00.0 (472448)|CODE_UNIT_STARTED|[EXTERNAL]|01p36000005Jpvx|PermissionSetPortalControllers.getAllPermissionSets
02:39:00.0 (1206685)|VARIABLE_SCOPE_BEGIN|[2]|PermissionSetPortalControllers.AllObjectsofOrg|Map<String,Schema.SObjectType>|true|true
02:39:00.0 (1432177)|VARIABLE_SCOPE_BEGIN|[3]|PermissionSetPortalControllers.AllPermissionSets|List<PermissionSet>|true|true
02:39:00.0 (1467558)|VARIABLE_SCOPE_BEGIN|[4]|PermissionSetPortalControllers.inputField|String|false|true
02:39:00.0 (1687028)|HEAP_ALLOCATE|[72]|Bytes:3
02:39:00.0 (1763977)|HEAP_ALLOCATE|[77]|Bytes:152
02:39:00.0 (1790514)|HEAP_ALLOCATE|[342]|Bytes:408
02:39:00.0 (1814852)|HEAP_ALLOCATE|[355]|Bytes:408
02:39:00.0 (1837738)|HEAP_ALLOCATE|[467]|Bytes:48
02:39:00.0 (1890475)|HEAP_ALLOCATE|[139]|Bytes:6
02:39:00.0 (1923253)|HEAP_ALLOCATE|[EXTERNAL]|Bytes:88
02:39:00.0 (1928916)|HEAP_ALLOCATE|[EXTERNAL]|Bytes:3
02:39:00.0 (1932042)|HEAP_ALLOCATE|[EXTERNAL]|Bytes:5
02:39:00.0 (1952211)|METHOD_ENTRY|[1]|01p36000005Jpvx|PermissionSetPortalControllers.PermissionSetPortalControllers()
02:39:00.0 (1957291)|STATEMENT_EXECUTE|[1]
02:39:00.0 (1968117)|STATEMENT_EXECUTE|[1]
02:39:00.0 (2011980)|HEAP_ALLOCATE|[50]|Bytes:5
02:39:00.0 (2047838)|HEAP_ALLOCATE|[56]|Bytes:5
02:39:00.0 (2061022)|HEAP_ALLOCATE|[64]|Bytes:7
02:39:00.0 (2093901)|SYSTEM_MODE_ENTER|false
02:39:00.0 (2126151)|HEAP_ALLOCATE|[EXTERNAL]|Bytes:5
02:39:00.0 (2137924)|SYSTEM_MODE_EXIT|false
02:39:00.0 (2153537)|METHOD_EXIT|[1]|PermissionSetPortalControllers
02:39:00.0 (2163902)|SYSTEM_MODE_ENTER|false
02:39:00.0 (2186825)|HEAP_ALLOCATE|[8]|Bytes:5
02:39:00.0 (2192713)|STATEMENT_EXECUTE|[7]
02:39:00.0 (2195151)|STATEMENT_EXECUTE|[8]
02:39:00.0 (2200522)|HEAP_ALLOCATE|[8]|Bytes:34
02:39:00.0 (2212915)|HEAP_ALLOCATE|[8]|Bytes:4
02:39:00.0 (3356351)|SOQL_EXECUTE_BEGIN|[8]|Aggregations:0|SELECT Id, Name FROM PermissionSet
02:39:00.0 (6794169)|SOQL_EXECUTE_END|[8]|Rows:36
02:39:00.0 (6822191)|HEAP_ALLOCATE|[8]|Bytes:148
02:39:00.0 (6882233)|HEAP_ALLOCATE|[8]|Bytes:2125
02:39:00.0 (6930765)|HEAP_ALLOCATE|[8]|Bytes:148
02:39:00.0 (6993058)|VARIABLE_ASSIGNMENT|[8]|PermissionSetPortalControllers.AllPermissionSets|{"s":1,"v":"List of size 36 too large to display"}|0x200b0236
02:39:00.0 (7107740)|ENTERING_MANAGED_PKG|
02:39:00.0 (7160579)|STATEMENT_EXECUTE|[9]
02:39:00.0 (7181545)|ENTERING_MANAGED_PKG|
02:39:00.0 (7450415)|HEAP_ALLOCATE|[10]|Bytes:5
02:39:00.0 (7494805)|HEAP_ALLOCATE|[10]|Bytes:12
02:39:00.0 (7517032)|VARIABLE_SCOPE_BEGIN|[10]|PSetName|PermissionSet|true|false
02:39:00.0 (7541345)|VARIABLE_ASSIGNMENT|[10]|PSetName|{"s":1,"v":{"Id":"0PS36000000mmnFGAQ","Name":"X00e1a000000MWa8AAG"}}|0x38f6a4c5
02:39:00.0 (7546167)|STATEMENT_EXECUTE|[10]
02:39:00.0 (7548857)|STATEMENT_EXECUTE|[11]
02:39:00.0 (7779940)|HEAP_ALLOCATE|[11]|Bytes:24
02:39:00.0 (7823816)|ENTERING_MANAGED_PKG|
02:39:00.0 (7906607)|HEAP_ALLOCATE|[11]|Bytes:63
02:39:00.0 (7933745)|HEAP_ALLOCATE|[11]|Bytes:87
02:39:00.0 (7968448)|ENTERING_MANAGED_PKG|
02:39:00.0 (7994471)|USER_DEBUG|[11]|ERROR|The PermissionSet Name: PermissionSet:{Id=0PS36000000mmnFGAQ, Name=X00e1a000000MWa8AAG}
02:39:00.0 (8013474)|HEAP_ALLOCATE|[10]|Bytes:5
02:39:00.0 (8037689)|HEAP_ALLOCATE|[10]|Bytes:12
02:39:00.0 (8049109)|VARIABLE_SCOPE_BEGIN|[10]|PSetName|PermissionSet|true|false
02:39:00.0 (8067959)|VARIABLE_ASSIGNMENT|[10]|PSetName|{"s":1,"v":{"Id":"0PS36000000mmnGGAQ","Name":"X00ex00000018ozl_128 (11 more) ..."}}|0x58b0c019
02:39:00.0 (8072225)|STATEMENT_EXECUTE|[10]
02:39:00.0 (8074744)|STATEMENT_EXECUTE|[11]
02:39:00.0 (8092940)|ENTERING_MANAGED_PKG|
02:39:00.0 (8118596)|HEAP_ALLOCATE|[11]|Bytes:75
02:39:00.0 (8132973)|HEAP_ALLOCATE|[11]|Bytes:99
02:39:00.0 (8145907)|ENTERING_MANAGED_PKG|
02:39:00.0 (8160368)|USER_DEBUG|[11]|ERROR|The PermissionSet Name: PermissionSet:{Id=0PS36000000mmnGGAQ, Name=X00ex00000018ozl_128_09_04_12_5}
02:39:00.0 (8177265)|HEAP_ALLOCATE|[10]|Bytes:5
02:39:00.0 (8198972)|HEAP_ALLOCATE|[10]|Bytes:12
02:39:00.0 (8209576)|VARIABLE_SCOPE_BEGIN|[10]|PSetName|PermissionSet|true|false
02:39:00.0 (8226072)|VARIABLE_ASSIGNMENT|[10]|PSetName|{"s":1,"v":{"Id":"0PS36000000mmnHGAQ","Name":"X00ex00000018ozm_128 (11 more) ..."}}|0x6e85067e
02:39:00.0 (8230233)|STATEMENT_EXECUTE|[10]
02:39:00.0 (8232573)|STATEMENT_EXECUTE|[11]
02:39:00.0 (8249568)|ENTERING_MANAGED_PKG|
02:39:00.0 (8274193)|HEAP_ALLOCATE|[11]|Bytes:75
02:39:00.0 (8287850)|HEAP_ALLOCATE|[11]|Bytes:99
02:39:00.0 (8300470)|ENTERING_MANAGED_PKG|
02:39:00.0 (8314392)|USER_DEBUG|[11]|ERROR|The PermissionSet Name: PermissionSet:{Id=0PS36000000mmnHGAQ, Name=X00ex00000018ozm_128_09_04_12_6}
02:39:00.0 (8330855)|HEAP_ALLOCATE|[10]|Bytes:5
02:39:00.0 (8352235)|HEAP_ALLOCATE|[10]|Bytes:12
02:39:00.0 (8362441)|VARIABLE_SCOPE_BEGIN|[10]|PSetName|PermissionSet|true|false
02:39:00.0 (8378485)|VARIABLE_ASSIGNMENT|[10]|PSetName|{"s":1,"v":{"Id":"0PS36000000mmnIGAQ","Name":"X00ex00000018ozk_128 (11 more) ..."}}|0x3f1ca9ff
02:39:00.0 (8382122)|STATEMENT_EXECUTE|[10]
02:39:00.0 (8384356)|STATEMENT_EXECUTE|[11]
02:39:00.0 (8400902)|ENTERING_MANAGED_PKG|
02:39:00.0 (8424982)|HEAP_ALLOCATE|[11]|Bytes:75
02:39:00.0 (8438655)|HEAP_ALLOCATE|[11]|Bytes:99
02:39:00.0 (8450931)|ENTERING_MANAGED_PKG|
02:39:00.0 (8464738)|USER_DEBUG|[11]|ERROR|The PermissionSet Name: PermissionSet:{Id=0PS36000000mmnIGAQ, Name=X00ex00000018ozk_128_09_04_12_4}
02:39:00.0 (8480810)|HEAP_ALLOCATE|[10]|Bytes:5
02:39:00.0 (8506381)|HEAP_ALLOCATE|[10]|Bytes:12
02:39:00.0 (8517288)|VARIABLE_SCOPE_BEGIN|[10]|PSetName|PermissionSet|true|false
02:39:00.0 (8533002)|VARIABLE_ASSIGNMENT|[10]|PSetName|{"s":1,"v":{"Id":"0PS36000000mmnJGAQ","Name":"X00ex00000018ozj_128 (11 more) ..."}}|0x32c1f255
02:39:00.0 (8536962)|STATEMENT_EXECUTE|[10]
02:39:00.0 (8539333)|STATEMENT_EXECUTE|[11]
02:39:00.0 (8556273)|ENTERING_MANAGED_PKG|
02:39:00.0 (8580362)|HEAP_ALLOCATE|[11]|Bytes:75
02:39:00.0 (8593904)|HEAP_ALLOCATE|[11]|Bytes:99
02:39:00.0 (8606131)|ENTERING_MANAGED_PKG|
02:39:00.0 (8619945)|USER_DEBUG|[11]|ERROR|The PermissionSet Name: PermissionSet:{Id=0PS36000000mmnJGAQ, Name=X00ex00000018ozj_128_09_04_12_3}
02:39:00.0 (8636057)|HEAP_ALLOCATE|[10]|Bytes:5
02:39:00.0 (8657318)|HEAP_ALLOCATE|[10]|Bytes:12
02:39:00.0 (8667565)|VARIABLE_SCOPE_BEGIN|[10]|PSetName|PermissionSet|true|false
02:39:00.0 (8683495)|VARIABLE_ASSIGNMENT|[10]|PSetName|{"s":1,"v":{"Id":"0PS36000000mmnKGAQ","Name":"X00ex00000018ozo_128 (11 more) ..."}}|0x6c2f4c1c
02:39:00.0 (8687132)|STATEMENT_EXECUTE|[10]
02:39:00.0 (8689446)|STATEMENT_EXECUTE|[11]
02:39:00.0 (8706250)|ENTERING_MANAGED_PKG|
02:39:00.0 (8730151)|HEAP_ALLOCATE|[11]|Bytes:75
02:39:00.0 (8744149)|HEAP_ALLOCATE|[11]|Bytes:99
02:39:00.0 (8756458)|ENTERING_MANAGED_PKG|
02:39:00.0 (8770123)|USER_DEBUG|[11]|ERROR|The PermissionSet Name: PermissionSet:{Id=0PS36000000mmnKGAQ, Name=X00ex00000018ozo_128_09_04_12_8}
02:39:00.0 (8785774)|HEAP_ALLOCATE|[10]|Bytes:5
02:39:00.0 (8806794)|HEAP_ALLOCATE|[10]|Bytes:12
02:39:00.0 (8817086)|VARIABLE_SCOPE_BEGIN|[10]|PSetName|PermissionSet|true|false
02:39:00.0 (8832819)|VARIABLE_ASSIGNMENT|[10]|PSetName|{"s":1,"v":{"Id":"0PS36000000mmnLGAQ","Name":"X00ex00000018ozh_128 (11 more) ..."}}|0x2a5f0111
02:39:00.0 (8836602)|STATEMENT_EXECUTE|[10]
02:39:00.0 (8838886)|STATEMENT_EXECUTE|[11]
02:39:00.0 (8855567)|ENTERING_MANAGED_PKG|
02:39:00.0 (8879532)|HEAP_ALLOCATE|[11]|Bytes:75
02:39:00.0 (8893028)|HEAP_ALLOCATE|[11]|Bytes:99
02:39:00.0 (8905274)|ENTERING_MANAGED_PKG|
02:39:00.0 (8918814)|USER_DEBUG|[11]|ERROR|The PermissionSet Name: PermissionSet:{Id=0PS36000000mmnLGAQ, Name=X00ex00000018ozh_128_09_04_12_1}
02:39:00.0 (8934501)|HEAP_ALLOCATE|[10]|Bytes:5
02:39:00.0 (8955817)|HEAP_ALLOCATE|[10]|Bytes:12
02:39:00.0 (8966167)|VARIABLE_SCOPE_BEGIN|[10]|PSetName|PermissionSet|true|false
02:39:00.0 (8981650)|VARIABLE_ASSIGNMENT|[10]|PSetName|{"s":1,"v":{"Id":"0PS36000000mmnMGAQ","Name":"X00ex00000018ozq_128 (12 more) ..."}}|0x70d616f4
02:39:00.0 (8985212)|STATEMENT_EXECUTE|[10]
02:39:00.0 (8987485)|STATEMENT_EXECUTE|[11]
02:39:00.0 (9003976)|ENTERING_MANAGED_PKG|
02:39:00.0 (9028948)|HEAP_ALLOCATE|[11]|Bytes:76
02:39:00.0 (9042608)|HEAP_ALLOCATE|[11]|Bytes:100
02:39:00.0 (9054728)|ENTERING_MANAGED_PKG|
02:39:00.0 (9068183)|USER_DEBUG|[11]|ERROR|The PermissionSet Name: PermissionSet:{Id=0PS36000000mmnMGAQ, Name=X00ex00000018ozq_128_09_04_12_10}
02:39:00.0 (9084107)|HEAP_ALLOCATE|[10]|Bytes:5
02:39:00.0 (9104797)|HEAP_ALLOCATE|[10]|Bytes:12
02:39:00.0 (9114945)|VARIABLE_SCOPE_BEGIN|[10]|PSetName|PermissionSet|true|false
02:39:00.0 (9130540)|VARIABLE_ASSIGNMENT|[10]|PSetName|{"s":1,"v":{"Id":"0PS36000000mmnNGAQ","Name":"X00ex00000018ozp_128 (11 more) ..."}}|0x4db811e1
02:39:00.0 (9134498)|STATEMENT_EXECUTE|[10]
02:39:00.0 (9136798)|STATEMENT_EXECUTE|[11]
02:39:00.0 (9153489)|ENTERING_MANAGED_PKG|
02:39:00.0 (9177109)|HEAP_ALLOCATE|[11]|Bytes:75
02:39:00.0 (9190495)|HEAP_ALLOCATE|[11]|Bytes:99
02:39:00.0 (9202585)|ENTERING_MANAGED_PKG|
02:39:00.0 (9215881)|USER_DEBUG|[11]|ERROR|The PermissionSet Name: PermissionSet:{Id=0PS36000000mmnNGAQ, Name=X00ex00000018ozp_128_09_04_12_9}
02:39:00.0 (9231862)|HEAP_ALLOCATE|[10]|Bytes:5
02:39:00.0 (9252709)|HEAP_ALLOCATE|[10]|Bytes:12
02:39:00.0 (9263021)|VARIABLE_SCOPE_BEGIN|[10]|PSetName|PermissionSet|true|false
02:39:00.0 (9278504)|VARIABLE_ASSIGNMENT|[10]|PSetName|{"s":1,"v":{"Id":"0PS36000000mmnOGAQ","Name":"X00ex00000018ozn_128 (11 more) ..."}}|0x5be1fbe6
02:39:00.0 (9282079)|STATEMENT_EXECUTE|[10]
02:39:00.0 (9284298)|STATEMENT_EXECUTE|[11]
02:39:00.0 (9300880)|ENTERING_MANAGED_PKG|
02:39:00.0 (9324747)|HEAP_ALLOCATE|[11]|Bytes:75
02:39:00.0 (9338214)|HEAP_ALLOCATE|[11]|Bytes:99
02:39:00.0 (9350408)|ENTERING_MANAGED_PKG|
02:39:00.0 (9363815)|USER_DEBUG|[11]|ERROR|The PermissionSet Name: PermissionSet:{Id=0PS36000000mmnOGAQ, Name=X00ex00000018ozn_128_09_04_12_7}
02:39:00.0 (9379509)|HEAP_ALLOCATE|[10]|Bytes:5
02:39:00.0 (9400429)|HEAP_ALLOCATE|[10]|Bytes:12
02:39:00.0 (9410918)|VARIABLE_SCOPE_BEGIN|[10]|PSetName|PermissionSet|true|false
02:39:00.0 (9425962)|VARIABLE_ASSIGNMENT|[10]|PSetName|{"s":1,"v":{"Id":"0PS36000000mmnPGAQ","Name":"X00e1a000000MWa9AAG"}}|0x9e42e02
02:39:00.0 (9429789)|STATEMENT_EXECUTE|[10]
02:39:00.0 (9432062)|STATEMENT_EXECUTE|[11]
02:39:00.0 (9448403)|ENTERING_MANAGED_PKG|
02:39:00.0 (9472545)|HEAP_ALLOCATE|[11]|Bytes:63
02:39:00.0 (9486023)|HEAP_ALLOCATE|[11]|Bytes:87
02:39:00.0 (9497943)|ENTERING_MANAGED_PKG|
02:39:00.0 (9515413)|USER_DEBUG|[11]|ERROR|The PermissionSet Name: PermissionSet:{Id=0PS36000000mmnPGAQ, Name=X00e1a000000MWa9AAG}
02:39:00.0 (9531785)|HEAP_ALLOCATE|[10]|Bytes:5
02:39:00.0 (9552604)|HEAP_ALLOCATE|[10]|Bytes:12
02:39:00.0 (9563135)|VARIABLE_SCOPE_BEGIN|[10]|PSetName|PermissionSet|true|false
02:39:00.0 (9578315)|VARIABLE_ASSIGNMENT|[10]|PSetName|{"s":1,"v":{"Id":"0PS36000000mmnQGAQ","Name":"X00e1a000000MWaBAAW"}}|0x4945f87c
02:39:00.0 (9581948)|STATEMENT_EXECUTE|[10]
02:39:00.0 (9584163)|STATEMENT_EXECUTE|[11]
02:39:00.0 (9600685)|ENTERING_MANAGED_PKG|
02:39:00.0 (9624729)|HEAP_ALLOCATE|[11]|Bytes:63
02:39:00.0 (9637921)|HEAP_ALLOCATE|[11]|Bytes:87
02:39:00.0 (9649976)|ENTERING_MANAGED_PKG|
02:39:00.0 (9663110)|USER_DEBUG|[11]|ERROR|The PermissionSet Name: PermissionSet:{Id=0PS36000000mmnQGAQ, Name=X00e1a000000MWaBAAW}
02:39:00.0 (9678765)|HEAP_ALLOCATE|[10]|Bytes:5
02:39:00.0 (9699491)|HEAP_ALLOCATE|[10]|Bytes:12
02:39:00.0 (9709988)|VARIABLE_SCOPE_BEGIN|[10]|PSetName|PermissionSet|true|false
02:39:00.0 (9724748)|VARIABLE_ASSIGNMENT|[10]|PSetName|{"s":1,"v":{"Id":"0PS36000000mmnRGAQ","Name":"X00e1a000000MWaCAAW"}}|0x44ffcfac
02:39:00.0 (9728626)|STATEMENT_EXECUTE|[10]
02:39:00.0 (9730952)|STATEMENT_EXECUTE|[11]
02:39:00.0 (9747308)|ENTERING_MANAGED_PKG|
02:39:00.0 (9770992)|HEAP_ALLOCATE|[11]|Bytes:63
02:39:00.0 (9784661)|HEAP_ALLOCATE|[11]|Bytes:87
02:39:00.0 (9796843)|ENTERING_MANAGED_PKG|
02:39:00.0 (9810041)|USER_DEBUG|[11]|ERROR|The PermissionSet Name: PermissionSet:{Id=0PS36000000mmnRGAQ, Name=X00e1a000000MWaCAAW}
02:39:00.0 (9825617)|HEAP_ALLOCATE|[10]|Bytes:5
02:39:00.0 (9846286)|HEAP_ALLOCATE|[10]|Bytes:12
02:39:00.0 (9856727)|VARIABLE_SCOPE_BEGIN|[10]|PSetName|PermissionSet|true|false
02:39:00.0 (9871607)|VARIABLE_ASSIGNMENT|[10]|PSetName|{"s":1,"v":{"Id":"0PS36000000mmnSGAQ","Name":"X00e1a000000MWaDAAW"}}|0x1095321e
02:39:00.0 (9875335)|STATEMENT_EXECUTE|[10]
02:39:00.0 (9877616)|STATEMENT_EXECUTE|[11]
02:39:00.0 (9894273)|ENTERING_MANAGED_PKG|
02:39:00.0 (9917713)|HEAP_ALLOCATE|[11]|Bytes:63
02:39:00.0 (9930985)|HEAP_ALLOCATE|[11]|Bytes:87
02:39:00.0 (9942927)|ENTERING_MANAGED_PKG|
02:39:00.0 (9956179)|USER_DEBUG|[11]|ERROR|The PermissionSet Name: PermissionSet:{Id=0PS36000000mmnSGAQ, Name=X00e1a000000MWaDAAW}
02:39:00.0 (9971861)|HEAP_ALLOCATE|[10]|Bytes:5
02:39:00.0 (9992725)|HEAP_ALLOCATE|[10]|Bytes:12
02:39:00.0 (10003793)|VARIABLE_SCOPE_BEGIN|[10]|PSetName|PermissionSet|true|false
02:39:00.0 (10019647)|VARIABLE_ASSIGNMENT|[10]|PSetName|{"s":1,"v":{"Id":"0PS36000000mmnTGAQ","Name":"X00e1a000000MWaEAAW"}}|0x38299a30
02:39:00.0 (10023505)|STATEMENT_EXECUTE|[10]
02:39:00.0 (10025944)|STATEMENT_EXECUTE|[11]
02:39:00.0 (10042527)|ENTERING_MANAGED_PKG|
02:39:00.0 (10066614)|HEAP_ALLOCATE|[11]|Bytes:63
02:39:00.0 (10079923)|HEAP_ALLOCATE|[11]|Bytes:87
02:39:00.0 (10092023)|ENTERING_MANAGED_PKG|
02:39:00.0 (10105304)|USER_DEBUG|[11]|ERROR|The PermissionSet Name: PermissionSet:{Id=0PS36000000mmnTGAQ, Name=X00e1a000000MWaEAAW}
02:39:00.0 (10121333)|HEAP_ALLOCATE|[10]|Bytes:5
02:39:00.0 (10141923)|HEAP_ALLOCATE|[10]|Bytes:12
02:39:00.0 (10152374)|VARIABLE_SCOPE_BEGIN|[10]|PSetName|PermissionSet|true|false
02:39:00.0 (10167162)|VARIABLE_ASSIGNMENT|[10]|PSetName|{"s":1,"v":{"Id":"0PS36000000mmnUGAQ","Name":"X00e1a000000MWaFAAW"}}|0x5e490351
02:39:00.0 (10171056)|STATEMENT_EXECUTE|[10]
02:39:00.0 (10173347)|STATEMENT_EXECUTE|[11]
02:39:00.0 (10190405)|ENTERING_MANAGED_PKG|
02:39:00.0 (10214261)|HEAP_ALLOCATE|[11]|Bytes:63
02:39:00.0 (10227541)|HEAP_ALLOCATE|[11]|Bytes:87
02:39:00.0 (10239681)|ENTERING_MANAGED_PKG|
02:39:00.0 (10252846)|USER_DEBUG|[11]|ERROR|The PermissionSet Name: PermissionSet:{Id=0PS36000000mmnUGAQ, Name=X00e1a000000MWaFAAW}
02:39:00.0 (10268681)|HEAP_ALLOCATE|[10]|Bytes:5
02:39:00.0 (10289490)|HEAP_ALLOCATE|[10]|Bytes:12
02:39:00.0 (10299882)|VARIABLE_SCOPE_BEGIN|[10]|PSetName|PermissionSet|true|false
02:39:00.0 (10314556)|VARIABLE_ASSIGNMENT|[10]|PSetName|{"s":1,"v":{"Id":"0PS36000000mmnVGAQ","Name":"X00e1a000000MWaGAAW"}}|0x6471359b
02:39:00.0 (10318181)|STATEMENT_EXECUTE|[10]
02:39:00.0 (10320463)|STATEMENT_EXECUTE|[11]
02:39:00.0 (10336905)|ENTERING_MANAGED_PKG|
02:39:00.0 (10360531)|HEAP_ALLOCATE|[11]|Bytes:63
02:39:00.0 (10373833)|HEAP_ALLOCATE|[11]|Bytes:87
02:39:00.0 (10385907)|ENTERING_MANAGED_PKG|
02:39:00.0 (10399169)|USER_DEBUG|[11]|ERROR|The PermissionSet Name: PermissionSet:{Id=0PS36000000mmnVGAQ, Name=X00e1a000000MWaGAAW}
02:39:00.0 (10414886)|HEAP_ALLOCATE|[10]|Bytes:5
02:39:00.0 (10435715)|HEAP_ALLOCATE|[10]|Bytes:12
02:39:00.0 (10446133)|VARIABLE_SCOPE_BEGIN|[10]|PSetName|PermissionSet|true|false
02:39:00.0 (10460631)|VARIABLE_ASSIGNMENT|[10]|PSetName|{"s":1,"v":{"Id":"0PS36000000mmnWGAQ","Name":"X00e1a000000MWaHAAW"}}|0x5dcdfec9
02:39:00.0 (10464299)|STATEMENT_EXECUTE|[10]
02:39:00.0 (10466556)|STATEMENT_EXECUTE|[11]
02:39:00.0 (10483081)|ENTERING_MANAGED_PKG|
02:39:00.0 (10510875)|HEAP_ALLOCATE|[11]|Bytes:63
02:39:00.0 (10524778)|HEAP_ALLOCATE|[11]|Bytes:87
02:39:00.0 (10537020)|ENTERING_MANAGED_PKG|
02:39:00.0 (10550499)|USER_DEBUG|[11]|ERROR|The PermissionSet Name: PermissionSet:{Id=0PS36000000mmnWGAQ, Name=X00e1a000000MWaHAAW}
02:39:00.0 (10566176)|HEAP_ALLOCATE|[10]|Bytes:5
02:39:00.0 (10586741)|HEAP_ALLOCATE|[10]|Bytes:12
02:39:00.0 (10597293)|VARIABLE_SCOPE_BEGIN|[10]|PSetName|PermissionSet|true|false
02:39:00.0 (10611934)|VARIABLE_ASSIGNMENT|[10]|PSetName|{"s":1,"v":{"Id":"0PS36000000mmnXGAQ","Name":"X00e1a000000MWaIAAW"}}|0x2941075a
02:39:00.0 (10615997)|STATEMENT_EXECUTE|[10]
02:39:00.0 (10618305)|STATEMENT_EXECUTE|[11]
02:39:00.0 (10634732)|ENTERING_MANAGED_PKG|
02:39:00.0 (10658580)|HEAP_ALLOCATE|[11]|Bytes:63
02:39:00.0 (10672066)|HEAP_ALLOCATE|[11]|Bytes:87
02:39:00.0 (10684216)|ENTERING_MANAGED_PKG|
02:39:00.0 (10697349)|USER_DEBUG|[11]|ERROR|The PermissionSet Name: PermissionSet:{Id=0PS36000000mmnXGAQ, Name=X00e1a000000MWaIAAW}
02:39:00.0 (10712734)|HEAP_ALLOCATE|[10]|Bytes:5
02:39:00.0 (10733397)|HEAP_ALLOCATE|[10]|Bytes:12
02:39:00.0 (10743882)|VARIABLE_SCOPE_BEGIN|[10]|PSetName|PermissionSet|true|false
02:39:00.0 (10762026)|VARIABLE_ASSIGNMENT|[10]|PSetName|{"s":1,"v":{"Id":"0PS36000000mmnYGAQ","Name":"X00e1a000000MWaJAAW"}}|0x3f84caa8
02:39:00.0 (10766111)|STATEMENT_EXECUTE|[10]
02:39:00.0 (10768401)|STATEMENT_EXECUTE|[11]
02:39:00.0 (10785394)|ENTERING_MANAGED_PKG|
02:39:00.0 (10809303)|HEAP_ALLOCATE|[11]|Bytes:63
02:39:00.0 (10822714)|HEAP_ALLOCATE|[11]|Bytes:87
02:39:00.0 (10834902)|ENTERING_MANAGED_PKG|
02:39:00.0 (10848463)|USER_DEBUG|[11]|ERROR|The PermissionSet Name: PermissionSet:{Id=0PS36000000mmnYGAQ, Name=X00e1a000000MWaJAAW}
02:39:00.0 (10864102)|HEAP_ALLOCATE|[10]|Bytes:5
02:39:00.0 (10884822)|HEAP_ALLOCATE|[10]|Bytes:12
02:39:00.0 (10895259)|VARIABLE_SCOPE_BEGIN|[10]|PSetName|PermissionSet|true|false
02:39:00.0 (10909909)|VARIABLE_ASSIGNMENT|[10]|PSetName|{"s":1,"v":{"Id":"0PS36000000mmnZGAQ","Name":"X00e1a000000MWaKAAW"}}|0x52b4fd2e
02:39:00.0 (10913682)|STATEMENT_EXECUTE|[10]
02:39:00.0 (10915970)|STATEMENT_EXECUTE|[11]
02:39:00.0 (10932469)|ENTERING_MANAGED_PKG|
02:39:00.0 (10956108)|HEAP_ALLOCATE|[11]|Bytes:63
02:39:00.0 (10969432)|HEAP_ALLOCATE|[11]|Bytes:87
02:39:00.0 (10981517)|ENTERING_MANAGED_PKG|
02:39:00.0 (10994994)|USER_DEBUG|[11]|ERROR|The PermissionSet Name: PermissionSet:{Id=0PS36000000mmnZGAQ, Name=X00e1a000000MWaKAAW}
02:39:00.0 (11010394)|HEAP_ALLOCATE|[10]|Bytes:5
02:39:00.0 (11032183)|HEAP_ALLOCATE|[10]|Bytes:12
02:39:00.0 (11043356)|VARIABLE_SCOPE_BEGIN|[10]|PSetName|PermissionSet|true|false
02:39:00.0 (11057827)|VARIABLE_ASSIGNMENT|[10]|PSetName|{"s":1,"v":{"Id":"0PS36000000mmnaGAA","Name":"X00e1a000000MWaLAAW"}}|0x603d6a07
02:39:00.0 (11061398)|STATEMENT_EXECUTE|[10]
02:39:00.0 (11063677)|STATEMENT_EXECUTE|[11]
02:39:00.0 (11080169)|ENTERING_MANAGED_PKG|
02:39:00.0 (11103763)|HEAP_ALLOCATE|[11]|Bytes:63
02:39:00.0 (11117163)|HEAP_ALLOCATE|[11]|Bytes:87
02:39:00.0 (11129002)|ENTERING_MANAGED_PKG|
02:39:00.0 (11142242)|USER_DEBUG|[11]|ERROR|The PermissionSet Name: PermissionSet:{Id=0PS36000000mmnaGAA, Name=X00e1a000000MWaLAAW}
02:39:00.0 (11157936)|HEAP_ALLOCATE|[10]|Bytes:5
02:39:00.0 (11178734)|HEAP_ALLOCATE|[10]|Bytes:12
02:39:00.0 (11189253)|VARIABLE_SCOPE_BEGIN|[10]|PSetName|PermissionSet|true|false
02:39:00.0 (11204134)|VARIABLE_ASSIGNMENT|[10]|PSetName|{"s":1,"v":{"Id":"0PS36000000mmnbGAA","Name":"X00e1a000000MWaMAAW"}}|0x41e7ca8d
02:39:00.0 (11207831)|STATEMENT_EXECUTE|[10]
02:39:00.0 (11210051)|STATEMENT_EXECUTE|[11]
02:39:00.0 (11226999)|ENTERING_MANAGED_PKG|
02:39:00.0 (11250534)|HEAP_ALLOCATE|[11]|Bytes:63
02:39:00.0 (11263734)|HEAP_ALLOCATE|[11]|Bytes:87
02:39:00.0 (11275679)|ENTERING_MANAGED_PKG|
02:39:00.0 (11288766)|USER_DEBUG|[11]|ERROR|The PermissionSet Name: PermissionSet:{Id=0PS36000000mmnbGAA, Name=X00e1a000000MWaMAAW}
02:39:00.0 (11304394)|HEAP_ALLOCATE|[10]|Bytes:5
02:39:00.0 (11325145)|HEAP_ALLOCATE|[10]|Bytes:12
02:39:00.0 (11335633)|VARIABLE_SCOPE_BEGIN|[10]|PSetName|PermissionSet|true|false
02:39:00.0 (11350773)|VARIABLE_ASSIGNMENT|[10]|PSetName|{"s":1,"v":{"Id":"0PS36000000mmncGAA","Name":"X00e1a000000MWaNAAW"}}|0x582f8993
02:39:00.0 (11354252)|STATEMENT_EXECUTE|[10]
02:39:00.0 (11356459)|STATEMENT_EXECUTE|[11]
02:39:00.0 (11373142)|ENTERING_MANAGED_PKG|
02:39:00.0 (11396921)|HEAP_ALLOCATE|[11]|Bytes:63
02:39:00.0 (11410132)|HEAP_ALLOCATE|[11]|Bytes:87
02:39:00.0 (11422171)|ENTERING_MANAGED_PKG|
02:39:00.0 (11435338)|USER_DEBUG|[11]|ERROR|The PermissionSet Name: PermissionSet:{Id=0PS36000000mmncGAA, Name=X00e1a000000MWaNAAW}
02:39:00.0 (11451096)|HEAP_ALLOCATE|[10]|Bytes:5
02:39:00.0 (11471997)|HEAP_ALLOCATE|[10]|Bytes:12
02:39:00.0 (11482465)|VARIABLE_SCOPE_BEGIN|[10]|PSetName|PermissionSet|true|false
02:39:00.0 (11497166)|VARIABLE_ASSIGNMENT|[10]|PSetName|{"s":1,"v":{"Id":"0PS36000000mmndGAA","Name":"X00e1a000000MWaOAAW"}}|0x2d074235
02:39:00.0 (11504372)|STATEMENT_EXECUTE|[10]
02:39:00.0 (11506776)|STATEMENT_EXECUTE|[11]
02:39:00.0 (11523688)|ENTERING_MANAGED_PKG|
02:39:00.0 (11547747)|HEAP_ALLOCATE|[11]|Bytes:63
02:39:00.0 (11561129)|HEAP_ALLOCATE|[11]|Bytes:87
02:39:00.0 (11573239)|ENTERING_MANAGED_PKG|
02:39:00.0 (11586605)|USER_DEBUG|[11]|ERROR|The PermissionSet Name: PermissionSet:{Id=0PS36000000mmndGAA, Name=X00e1a000000MWaOAAW}
02:39:00.0 (11601991)|HEAP_ALLOCATE|[10]|Bytes:5
02:39:00.0 (11622920)|HEAP_ALLOCATE|[10]|Bytes:12
02:39:00.0 (11633377)|VARIABLE_SCOPE_BEGIN|[10]|PSetName|PermissionSet|true|false
02:39:00.0 (11647852)|VARIABLE_ASSIGNMENT|[10]|PSetName|{"s":1,"v":{"Id":"0PS36000000mmneGAA","Name":"X00e1a000000MWaPAAW"}}|0x26e168c0
02:39:00.0 (11651585)|STATEMENT_EXECUTE|[10]
02:39:00.0 (11653870)|STATEMENT_EXECUTE|[11]
02:39:00.0 (11670067)|ENTERING_MANAGED_PKG|
02:39:00.0 (11693615)|HEAP_ALLOCATE|[11]|Bytes:63
02:39:00.0 (11706945)|HEAP_ALLOCATE|[11]|Bytes:87
02:39:00.0 (11719016)|ENTERING_MANAGED_PKG|
02:39:00.0 (11732291)|USER_DEBUG|[11]|ERROR|The PermissionSet Name: PermissionSet:{Id=0PS36000000mmneGAA, Name=X00e1a000000MWaPAAW}
02:39:00.0 (11747863)|HEAP_ALLOCATE|[10]|Bytes:5
02:39:00.0 (11768659)|HEAP_ALLOCATE|[10]|Bytes:12
02:39:00.0 (11779367)|VARIABLE_SCOPE_BEGIN|[10]|PSetName|PermissionSet|true|false
02:39:00.0 (11794058)|VARIABLE_ASSIGNMENT|[10]|PSetName|{"s":1,"v":{"Id":"0PS36000000mmnfGAA","Name":"X00e1a000000MWaQAAW"}}|0x59ad7d33
02:39:00.0 (11797711)|STATEMENT_EXECUTE|[10]
02:39:00.0 (11799953)|STATEMENT_EXECUTE|[11]
02:39:00.0 (11816354)|ENTERING_MANAGED_PKG|
02:39:00.0 (11839928)|HEAP_ALLOCATE|[11]|Bytes:63
02:39:00.0 (11853352)|HEAP_ALLOCATE|[11]|Bytes:87
02:39:00.0 (11865574)|ENTERING_MANAGED_PKG|
02:39:00.0 (11879157)|USER_DEBUG|[11]|ERROR|The PermissionSet Name: PermissionSet:{Id=0PS36000000mmnfGAA, Name=X00e1a000000MWaQAAW}
02:39:00.0 (11894624)|HEAP_ALLOCATE|[10]|Bytes:5
02:39:00.0 (11915343)|HEAP_ALLOCATE|[10]|Bytes:12
02:39:00.0 (11925858)|VARIABLE_SCOPE_BEGIN|[10]|PSetName|PermissionSet|true|false
02:39:00.0 (11940456)|VARIABLE_ASSIGNMENT|[10]|PSetName|{"s":1,"v":{"Id":"0PS36000000mmngGAA","Name":"X00e1a000000MWaRAAW"}}|0x7d6a1484
02:39:00.0 (11943952)|STATEMENT_EXECUTE|[10]
02:39:00.0 (11946145)|STATEMENT_EXECUTE|[11]
02:39:00.0 (11962390)|ENTERING_MANAGED_PKG|
02:39:00.0 (11986028)|HEAP_ALLOCATE|[11]|Bytes:63
02:39:00.0 (11999225)|HEAP_ALLOCATE|[11]|Bytes:87
02:39:00.0 (12011308)|ENTERING_MANAGED_PKG|
02:39:00.0 (12025376)|USER_DEBUG|[11]|ERROR|The PermissionSet Name: PermissionSet:{Id=0PS36000000mmngGAA, Name=X00e1a000000MWaRAAW}
02:39:00.0 (12040952)|HEAP_ALLOCATE|[10]|Bytes:5
02:39:00.0 (12061606)|HEAP_ALLOCATE|[10]|Bytes:12
02:39:00.0 (12072073)|VARIABLE_SCOPE_BEGIN|[10]|PSetName|PermissionSet|true|false
02:39:00.0 (12087117)|VARIABLE_ASSIGNMENT|[10]|PSetName|{"s":1,"v":{"Id":"0PS36000000mmnhGAA","Name":"X00e1a000000MWaSAAW"}}|0x6aebe7f6
02:39:00.0 (12090695)|STATEMENT_EXECUTE|[10]
02:39:00.0 (12092946)|STATEMENT_EXECUTE|[11]
02:39:00.0 (12109350)|ENTERING_MANAGED_PKG|
02:39:00.0 (12133354)|HEAP_ALLOCATE|[11]|Bytes:63
02:39:00.0 (12146872)|HEAP_ALLOCATE|[11]|Bytes:87
02:39:00.0 (12158945)|ENTERING_MANAGED_PKG|
02:39:00.0 (12172189)|USER_DEBUG|[11]|ERROR|The PermissionSet Name: PermissionSet:{Id=0PS36000000mmnhGAA, Name=X00e1a000000MWaSAAW}
02:39:00.0 (12188084)|HEAP_ALLOCATE|[10]|Bytes:5
02:39:00.0 (12208703)|HEAP_ALLOCATE|[10]|Bytes:12
02:39:00.0 (12219311)|VARIABLE_SCOPE_BEGIN|[10]|PSetName|PermissionSet|true|false
02:39:00.0 (12233985)|VARIABLE_ASSIGNMENT|[10]|PSetName|{"s":1,"v":{"Id":"0PS36000000mmniGAA","Name":"X00e1a000000MWaTAAW"}}|0x47613503
02:39:00.0 (12237663)|STATEMENT_EXECUTE|[10]
02:39:00.0 (12239947)|STATEMENT_EXECUTE|[11]
02:39:00.0 (12256362)|ENTERING_MANAGED_PKG|
02:39:00.0 (12280197)|HEAP_ALLOCATE|[11]|Bytes:63
02:39:00.0 (12293601)|HEAP_ALLOCATE|[11]|Bytes:87
02:39:00.0 (12305766)|ENTERING_MANAGED_PKG|
02:39:00.0 (12318906)|USER_DEBUG|[11]|ERROR|The PermissionSet Name: PermissionSet:{Id=0PS36000000mmniGAA, Name=X00e1a000000MWaTAAW}
02:39:00.0 (12334310)|HEAP_ALLOCATE|[10]|Bytes:5
02:39:00.0 (12355046)|HEAP_ALLOCATE|[10]|Bytes:12
02:39:00.0 (12365548)|VARIABLE_SCOPE_BEGIN|[10]|PSetName|PermissionSet|true|false
02:39:00.0 (12380271)|VARIABLE_ASSIGNMENT|[10]|PSetName|{"s":1,"v":{"Id":"0PS36000000mmnjGAA","Name":"X00e1a000000MWaUAAW"}}|0x75978c39
02:39:00.0 (12383771)|STATEMENT_EXECUTE|[10]
02:39:00.0 (12386009)|STATEMENT_EXECUTE|[11]
02:39:00.0 (12402262)|ENTERING_MANAGED_PKG|
02:39:00.0 (12425564)|HEAP_ALLOCATE|[11]|Bytes:63
02:39:00.0 (12438695)|HEAP_ALLOCATE|[11]|Bytes:87
02:39:00.0 (12450715)|ENTERING_MANAGED_PKG|
02:39:00.0 (12463830)|USER_DEBUG|[11]|ERROR|The PermissionSet Name: PermissionSet:{Id=0PS36000000mmnjGAA, Name=X00e1a000000MWaUAAW}
02:39:00.0 (12479376)|HEAP_ALLOCATE|[10]|Bytes:5
02:39:00.0 (12503755)|HEAP_ALLOCATE|[10]|Bytes:12
02:39:00.0 (12514998)|VARIABLE_SCOPE_BEGIN|[10]|PSetName|PermissionSet|true|false
02:39:00.0 (12530002)|VARIABLE_ASSIGNMENT|[10]|PSetName|{"s":1,"v":{"Id":"0PS36000000mmnlGAA","Name":"X00e1a000000N1LRAA0"}}|0x5874783b
02:39:00.0 (12533709)|STATEMENT_EXECUTE|[10]
02:39:00.0 (12535966)|STATEMENT_EXECUTE|[11]
02:39:00.0 (12552452)|ENTERING_MANAGED_PKG|
02:39:00.0 (12576048)|HEAP_ALLOCATE|[11]|Bytes:63
02:39:00.0 (12589275)|HEAP_ALLOCATE|[11]|Bytes:87
02:39:00.0 (12601288)|ENTERING_MANAGED_PKG|
02:39:00.0 (12614658)|USER_DEBUG|[11]|ERROR|The PermissionSet Name: PermissionSet:{Id=0PS36000000mmnlGAA, Name=X00e1a000000N1LRAA0}
02:39:00.0 (12630124)|HEAP_ALLOCATE|[10]|Bytes:5
02:39:00.0 (12650991)|HEAP_ALLOCATE|[10]|Bytes:12
02:39:00.0 (12661526)|VARIABLE_SCOPE_BEGIN|[10]|PSetName|PermissionSet|true|false
02:39:00.0 (12676151)|VARIABLE_ASSIGNMENT|[10]|PSetName|{"s":1,"v":{"Id":"0PS36000000mmnmGAA","Name":"X00e1a000000N1LSAA0"}}|0x6d15f094
02:39:00.0 (12680095)|STATEMENT_EXECUTE|[10]
02:39:00.0 (12682362)|STATEMENT_EXECUTE|[11]
02:39:00.0 (12698735)|ENTERING_MANAGED_PKG|
02:39:00.0 (12722232)|HEAP_ALLOCATE|[11]|Bytes:63
02:39:00.0 (12735473)|HEAP_ALLOCATE|[11]|Bytes:87
02:39:00.0 (12747442)|ENTERING_MANAGED_PKG|
02:39:00.0 (12760713)|USER_DEBUG|[11]|ERROR|The PermissionSet Name: PermissionSet:{Id=0PS36000000mmnmGAA, Name=X00e1a000000N1LSAA0}
02:39:00.0 (12776278)|HEAP_ALLOCATE|[10]|Bytes:5
02:39:00.0 (12797202)|HEAP_ALLOCATE|[10]|Bytes:12
02:39:00.0 (12807701)|VARIABLE_SCOPE_BEGIN|[10]|PSetName|PermissionSet|true|false
02:39:00.0 (12822383)|VARIABLE_ASSIGNMENT|[10]|PSetName|{"s":1,"v":{"Id":"0PS36000000mmnnGAA","Name":"X00e1a000000N1wKAAS"}}|0x23120918
02:39:00.0 (12826062)|STATEMENT_EXECUTE|[10]
02:39:00.0 (12828327)|STATEMENT_EXECUTE|[11]
02:39:00.0 (12844828)|ENTERING_MANAGED_PKG|
02:39:00.0 (12868203)|HEAP_ALLOCATE|[11]|Bytes:63
02:39:00.0 (12881541)|HEAP_ALLOCATE|[11]|Bytes:87
02:39:00.0 (12893738)|ENTERING_MANAGED_PKG|
02:39:00.0 (12907089)|USER_DEBUG|[11]|ERROR|The PermissionSet Name: PermissionSet:{Id=0PS36000000mmnnGAA, Name=X00e1a000000N1wKAAS}
02:39:00.0 (12922921)|HEAP_ALLOCATE|[10]|Bytes:5
02:39:00.0 (12943817)|HEAP_ALLOCATE|[10]|Bytes:12
02:39:00.0 (12954209)|VARIABLE_SCOPE_BEGIN|[10]|PSetName|PermissionSet|true|false
02:39:00.0 (12969046)|VARIABLE_ASSIGNMENT|[10]|PSetName|{"s":1,"v":{"Id":"0PS36000000mmnoGAA","Name":"X00e1a000000N1wLAAS"}}|0x6a2dbf07
02:39:00.0 (12972619)|STATEMENT_EXECUTE|[10]
02:39:00.0 (12974830)|STATEMENT_EXECUTE|[11]
02:39:00.0 (12991238)|ENTERING_MANAGED_PKG|
02:39:00.0 (13014659)|HEAP_ALLOCATE|[11]|Bytes:63
02:39:00.0 (13029119)|HEAP_ALLOCATE|[11]|Bytes:87
02:39:00.0 (13041137)|ENTERING_MANAGED_PKG|
02:39:00.0 (13054499)|USER_DEBUG|[11]|ERROR|The PermissionSet Name: PermissionSet:{Id=0PS36000000mmnoGAA, Name=X00e1a000000N1wLAAS}
02:39:00.0 (13069846)|HEAP_ALLOCATE|[10]|Bytes:5
02:39:00.0 (13090298)|HEAP_ALLOCATE|[10]|Bytes:12
02:39:00.0 (13100685)|VARIABLE_SCOPE_BEGIN|[10]|PSetName|PermissionSet|true|false
02:39:00.0 (13115633)|VARIABLE_ASSIGNMENT|[10]|PSetName|{"s":1,"v":{"Id":"0PS36000000mmnqGAA","Name":"X00e1a000000MWaAAAW"}}|0x1163b7d9
02:39:00.0 (13119568)|STATEMENT_EXECUTE|[10]
02:39:00.0 (13121832)|STATEMENT_EXECUTE|[11]
02:39:00.0 (13138230)|ENTERING_MANAGED_PKG|
02:39:00.0 (13161929)|HEAP_ALLOCATE|[11]|Bytes:63
02:39:00.0 (13175375)|HEAP_ALLOCATE|[11]|Bytes:87
02:39:00.0 (13187469)|ENTERING_MANAGED_PKG|
02:39:00.0 (13200650)|USER_DEBUG|[11]|ERROR|The PermissionSet Name: PermissionSet:{Id=0PS36000000mmnqGAA, Name=X00e1a000000MWaAAAW}
02:39:00.0 (13216451)|HEAP_ALLOCATE|[10]|Bytes:5
02:39:00.0 (13231396)|VARIABLE_ASSIGNMENT|[10]|PSetName|null|
02:39:00.0 (13235192)|STATEMENT_EXECUTE|[14]
02:39:00.0 (13254314)|SYSTEM_MODE_EXIT|false
02:39:00.13 (13302999)|CUMULATIVE_LIMIT_USAGE
02:39:00.13 (13302999)|LIMIT_USAGE_FOR_NS|(default)|
  Number of SOQL queries: 0 out of 100
  Number of query rows: 0 out of 50000
  Number of SOSL queries: 0 out of 20
  Number of DML statements: 0 out of 150
  Number of DML rows: 0 out of 10000
  Maximum CPU time: 0 out of 10000
  Maximum heap size: 0 out of 6000000
  Number of callouts: 0 out of 100
  Number of Email Invocations: 0 out of 10
  Number of future calls: 0 out of 50
  Number of queueable jobs added to the queue: 0 out of 50
  Number of Mobile Apex push calls: 0 out of 10

02:39:00.13 (13302999)|LIMIT_USAGE_FOR_NS|shiva15testns|
  Number of SOQL queries: 1 out of 100
  Number of query rows: 36 out of 50000
  Number of SOSL queries: 0 out of 20
  Number of DML statements: 0 out of 150
  Number of DML rows: 0 out of 10000
  Maximum CPU time: 0 out of 10000
  Maximum heap size: 0 out of 6000000
  Number of callouts: 0 out of 100
  Number of Email Invocations: 0 out of 10
  Number of future calls: 0 out of 50
  Number of queueable jobs added to the queue: 0 out of 50
  Number of Mobile Apex push calls: 0 out of 10

02:39:00.13 (13302999)|CUMULATIVE_LIMIT_USAGE_END

02:39:00.0 (13377018)|CODE_UNIT_FINISHED|PermissionSetPortalControllers.getAllPermissionSets
02:39:00.0 (15192360)|EXECUTION_FINISHED
