36.0 APEX_CODE,FINEST;APEX_PROFILING,INFO;CALLOUT,INFO;DB,INFO;SYSTEM,DEBUG;VALIDATION,INFO;VISUALFORCE,INFO;WORKFLOW,INFO
15:31:18.0 (288948)|EXECUTION_STARTED
15:31:18.0 (327984)|CODE_UNIT_STARTED|[EXTERNAL]|01p36000005Jpvx|PermissionSetPortalControllers.getAllPermissionSets
15:31:18.0 (1004973)|VARIABLE_SCOPE_BEGIN|[2]|PermissionSetPortalControllers.AllObjectsofOrg|Map<String,Schema.SObjectType>|true|true
15:31:18.0 (1176837)|VARIABLE_SCOPE_BEGIN|[3]|PermissionSetPortalControllers.AllPermissionSets|List<PermissionSet>|true|true
15:31:18.0 (1209032)|VARIABLE_SCOPE_BEGIN|[4]|PermissionSetPortalControllers.inputField|String|false|true
15:31:18.0 (1341302)|HEAP_ALLOCATE|[72]|Bytes:3
15:31:18.0 (1375596)|HEAP_ALLOCATE|[77]|Bytes:152
15:31:18.0 (1391969)|HEAP_ALLOCATE|[342]|Bytes:408
15:31:18.0 (1409376)|HEAP_ALLOCATE|[355]|Bytes:408
15:31:18.0 (1425707)|HEAP_ALLOCATE|[467]|Bytes:48
15:31:18.0 (1456454)|HEAP_ALLOCATE|[139]|Bytes:6
15:31:18.0 (1476110)|HEAP_ALLOCATE|[EXTERNAL]|Bytes:88
15:31:18.0 (1481536)|HEAP_ALLOCATE|[EXTERNAL]|Bytes:3
15:31:18.0 (1484561)|HEAP_ALLOCATE|[EXTERNAL]|Bytes:5
15:31:18.0 (1502481)|METHOD_ENTRY|[1]|01p36000005Jpvx|PermissionSetPortalControllers.PermissionSetPortalControllers()
15:31:18.0 (1507380)|STATEMENT_EXECUTE|[1]
15:31:18.0 (1512768)|STATEMENT_EXECUTE|[1]
15:31:18.0 (1545025)|HEAP_ALLOCATE|[50]|Bytes:5
15:31:18.0 (1566451)|HEAP_ALLOCATE|[56]|Bytes:5
15:31:18.0 (1575553)|HEAP_ALLOCATE|[64]|Bytes:7
15:31:18.0 (1595949)|SYSTEM_MODE_ENTER|false
15:31:18.0 (1605907)|HEAP_ALLOCATE|[EXTERNAL]|Bytes:5
15:31:18.0 (1612841)|SYSTEM_MODE_EXIT|false
15:31:18.0 (1624454)|METHOD_EXIT|[1]|PermissionSetPortalControllers
15:31:18.0 (1632105)|SYSTEM_MODE_ENTER|false
15:31:18.0 (1644634)|HEAP_ALLOCATE|[8]|Bytes:5
15:31:18.0 (1648315)|STATEMENT_EXECUTE|[7]
15:31:18.0 (1649729)|STATEMENT_EXECUTE|[8]
15:31:18.0 (1652781)|HEAP_ALLOCATE|[8]|Bytes:34
15:31:18.0 (1662591)|HEAP_ALLOCATE|[8]|Bytes:4
15:31:18.0 (2603806)|SOQL_EXECUTE_BEGIN|[8]|Aggregations:0|SELECT Id, Name FROM PermissionSet
15:31:18.0 (6121729)|SOQL_EXECUTE_END|[8]|Rows:36
15:31:18.0 (6139833)|HEAP_ALLOCATE|[8]|Bytes:148
15:31:18.0 (6190413)|HEAP_ALLOCATE|[8]|Bytes:2125
15:31:18.0 (6246271)|HEAP_ALLOCATE|[8]|Bytes:148
15:31:18.0 (6317157)|VARIABLE_ASSIGNMENT|[8]|PermissionSetPortalControllers.AllPermissionSets|{"s":1,"v":"List of size 36 too large to display"}|0x1efa219c
15:31:18.0 (6438174)|ENTERING_MANAGED_PKG|
15:31:18.0 (6471164)|STATEMENT_EXECUTE|[9]
15:31:18.0 (6486609)|ENTERING_MANAGED_PKG|
15:31:18.0 (6691892)|HEAP_ALLOCATE|[10]|Bytes:5
15:31:18.0 (6744051)|HEAP_ALLOCATE|[10]|Bytes:12
15:31:18.0 (6757325)|VARIABLE_SCOPE_BEGIN|[10]|PSetName|PermissionSet|true|false
15:31:18.0 (6781769)|VARIABLE_ASSIGNMENT|[10]|PSetName|{"s":1,"v":{"Id":"0PS36000000mmnFGAQ","Name":"X00e1a000000MWa8AAG"}}|0x15502f7e
15:31:18.0 (6785398)|STATEMENT_EXECUTE|[10]
15:31:18.0 (6786950)|STATEMENT_EXECUTE|[11]
15:31:18.0 (6951779)|HEAP_ALLOCATE|[11]|Bytes:24
15:31:18.0 (6983764)|ENTERING_MANAGED_PKG|
15:31:18.0 (7040150)|HEAP_ALLOCATE|[11]|Bytes:63
15:31:18.0 (7062549)|HEAP_ALLOCATE|[11]|Bytes:87
15:31:18.0 (7114655)|ENTERING_MANAGED_PKG|
15:31:18.0 (7131796)|USER_DEBUG|[11]|ERROR|The PermissionSet Name: PermissionSet:{Id=0PS36000000mmnFGAQ, Name=X00e1a000000MWa8AAG}
15:31:18.0 (7151096)|HEAP_ALLOCATE|[10]|Bytes:5
15:31:18.0 (7174670)|HEAP_ALLOCATE|[10]|Bytes:12
15:31:18.0 (7182622)|VARIABLE_SCOPE_BEGIN|[10]|PSetName|PermissionSet|true|false
15:31:18.0 (7200030)|VARIABLE_ASSIGNMENT|[10]|PSetName|{"s":1,"v":{"Id":"0PS36000000mmnGGAQ","Name":"X00ex00000018ozl_128 (11 more) ..."}}|0x63292499
15:31:18.0 (7203869)|STATEMENT_EXECUTE|[10]
15:31:18.0 (7205150)|STATEMENT_EXECUTE|[11]
15:31:18.0 (7221833)|ENTERING_MANAGED_PKG|
15:31:18.0 (7244767)|HEAP_ALLOCATE|[11]|Bytes:75
15:31:18.0 (7257927)|HEAP_ALLOCATE|[11]|Bytes:99
15:31:18.0 (7269541)|ENTERING_MANAGED_PKG|
15:31:18.0 (7276008)|USER_DEBUG|[11]|ERROR|The PermissionSet Name: PermissionSet:{Id=0PS36000000mmnGGAQ, Name=X00ex00000018ozl_128_09_04_12_5}
15:31:18.0 (7290649)|HEAP_ALLOCATE|[10]|Bytes:5
15:31:18.0 (7317415)|HEAP_ALLOCATE|[10]|Bytes:12
15:31:18.0 (7325040)|VARIABLE_SCOPE_BEGIN|[10]|PSetName|PermissionSet|true|false
15:31:18.0 (7340426)|VARIABLE_ASSIGNMENT|[10]|PSetName|{"s":1,"v":{"Id":"0PS36000000mmnHGAQ","Name":"X00ex00000018ozm_128 (11 more) ..."}}|0x14d2badd
15:31:18.0 (7343914)|STATEMENT_EXECUTE|[10]
15:31:18.0 (7345146)|STATEMENT_EXECUTE|[11]
15:31:18.0 (7361316)|ENTERING_MANAGED_PKG|
15:31:18.0 (7382812)|HEAP_ALLOCATE|[11]|Bytes:75
15:31:18.0 (7395330)|HEAP_ALLOCATE|[11]|Bytes:99
15:31:18.0 (7406456)|ENTERING_MANAGED_PKG|
15:31:18.0 (7412569)|USER_DEBUG|[11]|ERROR|The PermissionSet Name: PermissionSet:{Id=0PS36000000mmnHGAQ, Name=X00ex00000018ozm_128_09_04_12_6}
15:31:18.0 (7426505)|HEAP_ALLOCATE|[10]|Bytes:5
15:31:18.0 (7446617)|HEAP_ALLOCATE|[10]|Bytes:12
15:31:18.0 (7453835)|VARIABLE_SCOPE_BEGIN|[10]|PSetName|PermissionSet|true|false
15:31:18.0 (7468516)|VARIABLE_ASSIGNMENT|[10]|PSetName|{"s":1,"v":{"Id":"0PS36000000mmnIGAQ","Name":"X00ex00000018ozk_128 (11 more) ..."}}|0x56e490ec
15:31:18.0 (7471964)|STATEMENT_EXECUTE|[10]
15:31:18.0 (7473165)|STATEMENT_EXECUTE|[11]
15:31:18.0 (7488563)|ENTERING_MANAGED_PKG|
15:31:18.0 (7509147)|HEAP_ALLOCATE|[11]|Bytes:75
15:31:18.0 (7521598)|HEAP_ALLOCATE|[11]|Bytes:99
15:31:18.0 (7532355)|ENTERING_MANAGED_PKG|
15:31:18.0 (7538278)|USER_DEBUG|[11]|ERROR|The PermissionSet Name: PermissionSet:{Id=0PS36000000mmnIGAQ, Name=X00ex00000018ozk_128_09_04_12_4}
15:31:18.0 (7551902)|HEAP_ALLOCATE|[10]|Bytes:5
15:31:18.0 (7571419)|HEAP_ALLOCATE|[10]|Bytes:12
15:31:18.0 (7578537)|VARIABLE_SCOPE_BEGIN|[10]|PSetName|PermissionSet|true|false
15:31:18.0 (7592478)|VARIABLE_ASSIGNMENT|[10]|PSetName|{"s":1,"v":{"Id":"0PS36000000mmnJGAQ","Name":"X00ex00000018ozj_128 (11 more) ..."}}|0x42db6e91
15:31:18.0 (7596013)|STATEMENT_EXECUTE|[10]
15:31:18.0 (7597236)|STATEMENT_EXECUTE|[11]
15:31:18.0 (7612035)|ENTERING_MANAGED_PKG|
15:31:18.0 (7632139)|HEAP_ALLOCATE|[11]|Bytes:75
15:31:18.0 (7644405)|HEAP_ALLOCATE|[11]|Bytes:99
15:31:18.0 (7655197)|ENTERING_MANAGED_PKG|
15:31:18.0 (7660960)|USER_DEBUG|[11]|ERROR|The PermissionSet Name: PermissionSet:{Id=0PS36000000mmnJGAQ, Name=X00ex00000018ozj_128_09_04_12_3}
15:31:18.0 (7674315)|HEAP_ALLOCATE|[10]|Bytes:5
15:31:18.0 (7693277)|HEAP_ALLOCATE|[10]|Bytes:12
15:31:18.0 (7700280)|VARIABLE_SCOPE_BEGIN|[10]|PSetName|PermissionSet|true|false
15:31:18.0 (7714161)|VARIABLE_ASSIGNMENT|[10]|PSetName|{"s":1,"v":{"Id":"0PS36000000mmnKGAQ","Name":"X00ex00000018ozo_128 (11 more) ..."}}|0x68fc87bf
15:31:18.0 (7717419)|STATEMENT_EXECUTE|[10]
15:31:18.0 (7718613)|STATEMENT_EXECUTE|[11]
15:31:18.0 (7733456)|ENTERING_MANAGED_PKG|
15:31:18.0 (7753648)|HEAP_ALLOCATE|[11]|Bytes:75
15:31:18.0 (7766389)|HEAP_ALLOCATE|[11]|Bytes:99
15:31:18.0 (7776924)|ENTERING_MANAGED_PKG|
15:31:18.0 (7782734)|USER_DEBUG|[11]|ERROR|The PermissionSet Name: PermissionSet:{Id=0PS36000000mmnKGAQ, Name=X00ex00000018ozo_128_09_04_12_8}
15:31:18.0 (7795843)|HEAP_ALLOCATE|[10]|Bytes:5
15:31:18.0 (7815136)|HEAP_ALLOCATE|[10]|Bytes:12
15:31:18.0 (7822250)|VARIABLE_SCOPE_BEGIN|[10]|PSetName|PermissionSet|true|false
15:31:18.0 (7836123)|VARIABLE_ASSIGNMENT|[10]|PSetName|{"s":1,"v":{"Id":"0PS36000000mmnLGAQ","Name":"X00ex00000018ozh_128 (11 more) ..."}}|0x6979dc2f
15:31:18.0 (7839581)|STATEMENT_EXECUTE|[10]
15:31:18.0 (7840729)|STATEMENT_EXECUTE|[11]
15:31:18.0 (7855290)|ENTERING_MANAGED_PKG|
15:31:18.0 (7875192)|HEAP_ALLOCATE|[11]|Bytes:75
15:31:18.0 (7887135)|HEAP_ALLOCATE|[11]|Bytes:99
15:31:18.0 (7897704)|ENTERING_MANAGED_PKG|
15:31:18.0 (7903490)|USER_DEBUG|[11]|ERROR|The PermissionSet Name: PermissionSet:{Id=0PS36000000mmnLGAQ, Name=X00ex00000018ozh_128_09_04_12_1}
15:31:18.0 (7916107)|HEAP_ALLOCATE|[10]|Bytes:5
15:31:18.0 (7935332)|HEAP_ALLOCATE|[10]|Bytes:12
15:31:18.0 (7942405)|VARIABLE_SCOPE_BEGIN|[10]|PSetName|PermissionSet|true|false
15:31:18.0 (7956110)|VARIABLE_ASSIGNMENT|[10]|PSetName|{"s":1,"v":{"Id":"0PS36000000mmnMGAQ","Name":"X00ex00000018ozq_128 (12 more) ..."}}|0x1b68521c
15:31:18.0 (7959404)|STATEMENT_EXECUTE|[10]
15:31:18.0 (7960561)|STATEMENT_EXECUTE|[11]
15:31:18.0 (7975386)|ENTERING_MANAGED_PKG|
15:31:18.0 (7995529)|HEAP_ALLOCATE|[11]|Bytes:76
15:31:18.0 (8007327)|HEAP_ALLOCATE|[11]|Bytes:100
15:31:18.0 (8019192)|ENTERING_MANAGED_PKG|
15:31:18.0 (8024936)|USER_DEBUG|[11]|ERROR|The PermissionSet Name: PermissionSet:{Id=0PS36000000mmnMGAQ, Name=X00ex00000018ozq_128_09_04_12_10}
15:31:18.0 (8038165)|HEAP_ALLOCATE|[10]|Bytes:5
15:31:18.0 (8057271)|HEAP_ALLOCATE|[10]|Bytes:12
15:31:18.0 (8064384)|VARIABLE_SCOPE_BEGIN|[10]|PSetName|PermissionSet|true|false
15:31:18.0 (8078017)|VARIABLE_ASSIGNMENT|[10]|PSetName|{"s":1,"v":{"Id":"0PS36000000mmnNGAQ","Name":"X00ex00000018ozp_128 (11 more) ..."}}|0x25e0806
15:31:18.0 (8081661)|STATEMENT_EXECUTE|[10]
15:31:18.0 (8082817)|STATEMENT_EXECUTE|[11]
15:31:18.0 (8100676)|ENTERING_MANAGED_PKG|
15:31:18.0 (8121343)|HEAP_ALLOCATE|[11]|Bytes:75
15:31:18.0 (8133591)|HEAP_ALLOCATE|[11]|Bytes:99
15:31:18.0 (8144592)|ENTERING_MANAGED_PKG|
15:31:18.0 (8150375)|USER_DEBUG|[11]|ERROR|The PermissionSet Name: PermissionSet:{Id=0PS36000000mmnNGAQ, Name=X00ex00000018ozp_128_09_04_12_9}
15:31:18.0 (8163537)|HEAP_ALLOCATE|[10]|Bytes:5
15:31:18.0 (8182458)|HEAP_ALLOCATE|[10]|Bytes:12
15:31:18.0 (8189543)|VARIABLE_SCOPE_BEGIN|[10]|PSetName|PermissionSet|true|false
15:31:18.0 (8203240)|VARIABLE_ASSIGNMENT|[10]|PSetName|{"s":1,"v":{"Id":"0PS36000000mmnOGAQ","Name":"X00ex00000018ozn_128 (11 more) ..."}}|0xe13b68d
15:31:18.0 (8206439)|STATEMENT_EXECUTE|[10]
15:31:18.0 (8207628)|STATEMENT_EXECUTE|[11]
15:31:18.0 (8222656)|ENTERING_MANAGED_PKG|
15:31:18.0 (8242599)|HEAP_ALLOCATE|[11]|Bytes:75
15:31:18.0 (8255150)|HEAP_ALLOCATE|[11]|Bytes:99
15:31:18.0 (8265829)|ENTERING_MANAGED_PKG|
15:31:18.0 (8271553)|USER_DEBUG|[11]|ERROR|The PermissionSet Name: PermissionSet:{Id=0PS36000000mmnOGAQ, Name=X00ex00000018ozn_128_09_04_12_7}
15:31:18.0 (8284480)|HEAP_ALLOCATE|[10]|Bytes:5
15:31:18.0 (8308485)|HEAP_ALLOCATE|[10]|Bytes:12
15:31:18.0 (8316144)|VARIABLE_SCOPE_BEGIN|[10]|PSetName|PermissionSet|true|false
15:31:18.0 (8329415)|VARIABLE_ASSIGNMENT|[10]|PSetName|{"s":1,"v":{"Id":"0PS36000000mmnPGAQ","Name":"X00e1a000000MWa9AAG"}}|0x29ac9bc4
15:31:18.0 (8332748)|STATEMENT_EXECUTE|[10]
15:31:18.0 (8333980)|STATEMENT_EXECUTE|[11]
15:31:18.0 (8348874)|ENTERING_MANAGED_PKG|
15:31:18.0 (8369215)|HEAP_ALLOCATE|[11]|Bytes:63
15:31:18.0 (8381231)|HEAP_ALLOCATE|[11]|Bytes:87
15:31:18.0 (8391806)|ENTERING_MANAGED_PKG|
15:31:18.0 (8397575)|USER_DEBUG|[11]|ERROR|The PermissionSet Name: PermissionSet:{Id=0PS36000000mmnPGAQ, Name=X00e1a000000MWa9AAG}
15:31:18.0 (8410485)|HEAP_ALLOCATE|[10]|Bytes:5
15:31:18.0 (8429845)|HEAP_ALLOCATE|[10]|Bytes:12
15:31:18.0 (8436820)|VARIABLE_SCOPE_BEGIN|[10]|PSetName|PermissionSet|true|false
15:31:18.0 (8450144)|VARIABLE_ASSIGNMENT|[10]|PSetName|{"s":1,"v":{"Id":"0PS36000000mmnQGAQ","Name":"X00e1a000000MWaBAAW"}}|0x708dc45f
15:31:18.0 (8453186)|STATEMENT_EXECUTE|[10]
15:31:18.0 (8454281)|STATEMENT_EXECUTE|[11]
15:31:18.0 (8469017)|ENTERING_MANAGED_PKG|
15:31:18.0 (8489339)|HEAP_ALLOCATE|[11]|Bytes:63
15:31:18.0 (8501366)|HEAP_ALLOCATE|[11]|Bytes:87
15:31:18.0 (8511868)|ENTERING_MANAGED_PKG|
15:31:18.0 (8517691)|USER_DEBUG|[11]|ERROR|The PermissionSet Name: PermissionSet:{Id=0PS36000000mmnQGAQ, Name=X00e1a000000MWaBAAW}
15:31:18.0 (8530670)|HEAP_ALLOCATE|[10]|Bytes:5
15:31:18.0 (8549726)|HEAP_ALLOCATE|[10]|Bytes:12
15:31:18.0 (8556692)|VARIABLE_SCOPE_BEGIN|[10]|PSetName|PermissionSet|true|false
15:31:18.0 (8569630)|VARIABLE_ASSIGNMENT|[10]|PSetName|{"s":1,"v":{"Id":"0PS36000000mmnRGAQ","Name":"X00e1a000000MWaCAAW"}}|0x261ec70
15:31:18.0 (8572820)|STATEMENT_EXECUTE|[10]
15:31:18.0 (8573957)|STATEMENT_EXECUTE|[11]
15:31:18.0 (8588645)|ENTERING_MANAGED_PKG|
15:31:18.0 (8608836)|HEAP_ALLOCATE|[11]|Bytes:63
15:31:18.0 (8621264)|HEAP_ALLOCATE|[11]|Bytes:87
15:31:18.0 (8631771)|ENTERING_MANAGED_PKG|
15:31:18.0 (8637495)|USER_DEBUG|[11]|ERROR|The PermissionSet Name: PermissionSet:{Id=0PS36000000mmnRGAQ, Name=X00e1a000000MWaCAAW}
15:31:18.0 (8650250)|HEAP_ALLOCATE|[10]|Bytes:5
15:31:18.0 (8669132)|HEAP_ALLOCATE|[10]|Bytes:12
15:31:18.0 (8676132)|VARIABLE_SCOPE_BEGIN|[10]|PSetName|PermissionSet|true|false
15:31:18.0 (8688961)|VARIABLE_ASSIGNMENT|[10]|PSetName|{"s":1,"v":{"Id":"0PS36000000mmnSGAQ","Name":"X00e1a000000MWaDAAW"}}|0x11d5856f
15:31:18.0 (8692072)|STATEMENT_EXECUTE|[10]
15:31:18.0 (8693209)|STATEMENT_EXECUTE|[11]
15:31:18.0 (8707955)|ENTERING_MANAGED_PKG|
15:31:18.0 (8728233)|HEAP_ALLOCATE|[11]|Bytes:63
15:31:18.0 (8740036)|HEAP_ALLOCATE|[11]|Bytes:87
15:31:18.0 (8750563)|ENTERING_MANAGED_PKG|
15:31:18.0 (8756329)|USER_DEBUG|[11]|ERROR|The PermissionSet Name: PermissionSet:{Id=0PS36000000mmnSGAQ, Name=X00e1a000000MWaDAAW}
15:31:18.0 (8769244)|HEAP_ALLOCATE|[10]|Bytes:5
15:31:18.0 (8788230)|HEAP_ALLOCATE|[10]|Bytes:12
15:31:18.0 (8795604)|VARIABLE_SCOPE_BEGIN|[10]|PSetName|PermissionSet|true|false
15:31:18.0 (8808181)|VARIABLE_ASSIGNMENT|[10]|PSetName|{"s":1,"v":{"Id":"0PS36000000mmnTGAQ","Name":"X00e1a000000MWaEAAW"}}|0x5c6a5e2a
15:31:18.0 (8811317)|STATEMENT_EXECUTE|[10]
15:31:18.0 (8812442)|STATEMENT_EXECUTE|[11]
15:31:18.0 (8827376)|ENTERING_MANAGED_PKG|
15:31:18.0 (8847582)|HEAP_ALLOCATE|[11]|Bytes:63
15:31:18.0 (8859723)|HEAP_ALLOCATE|[11]|Bytes:87
15:31:18.0 (8870221)|ENTERING_MANAGED_PKG|
15:31:18.0 (8875913)|USER_DEBUG|[11]|ERROR|The PermissionSet Name: PermissionSet:{Id=0PS36000000mmnTGAQ, Name=X00e1a000000MWaEAAW}
15:31:18.0 (8888498)|HEAP_ALLOCATE|[10]|Bytes:5
15:31:18.0 (8907783)|HEAP_ALLOCATE|[10]|Bytes:12
15:31:18.0 (8914752)|VARIABLE_SCOPE_BEGIN|[10]|PSetName|PermissionSet|true|false
15:31:18.0 (8927801)|VARIABLE_ASSIGNMENT|[10]|PSetName|{"s":1,"v":{"Id":"0PS36000000mmnUGAQ","Name":"X00e1a000000MWaFAAW"}}|0x42dbc6c4
15:31:18.0 (8931032)|STATEMENT_EXECUTE|[10]
15:31:18.0 (8932199)|STATEMENT_EXECUTE|[11]
15:31:18.0 (8947102)|ENTERING_MANAGED_PKG|
15:31:18.0 (8967326)|HEAP_ALLOCATE|[11]|Bytes:63
15:31:18.0 (8979319)|HEAP_ALLOCATE|[11]|Bytes:87
15:31:18.0 (8989653)|ENTERING_MANAGED_PKG|
15:31:18.0 (8995386)|USER_DEBUG|[11]|ERROR|The PermissionSet Name: PermissionSet:{Id=0PS36000000mmnUGAQ, Name=X00e1a000000MWaFAAW}
15:31:18.0 (9007865)|HEAP_ALLOCATE|[10]|Bytes:5
15:31:18.0 (9027915)|HEAP_ALLOCATE|[10]|Bytes:12
15:31:18.0 (9034856)|VARIABLE_SCOPE_BEGIN|[10]|PSetName|PermissionSet|true|false
15:31:18.0 (9047529)|VARIABLE_ASSIGNMENT|[10]|PSetName|{"s":1,"v":{"Id":"0PS36000000mmnVGAQ","Name":"X00e1a000000MWaGAAW"}}|0x4f54a083
15:31:18.0 (9050574)|STATEMENT_EXECUTE|[10]
15:31:18.0 (9051721)|STATEMENT_EXECUTE|[11]
15:31:18.0 (9066372)|ENTERING_MANAGED_PKG|
15:31:18.0 (9087237)|HEAP_ALLOCATE|[11]|Bytes:63
15:31:18.0 (9101118)|HEAP_ALLOCATE|[11]|Bytes:87
15:31:18.0 (9111888)|ENTERING_MANAGED_PKG|
15:31:18.0 (9117627)|USER_DEBUG|[11]|ERROR|The PermissionSet Name: PermissionSet:{Id=0PS36000000mmnVGAQ, Name=X00e1a000000MWaGAAW}
15:31:18.0 (9130732)|HEAP_ALLOCATE|[10]|Bytes:5
15:31:18.0 (9149912)|HEAP_ALLOCATE|[10]|Bytes:12
15:31:18.0 (9156976)|VARIABLE_SCOPE_BEGIN|[10]|PSetName|PermissionSet|true|false
15:31:18.0 (9169925)|VARIABLE_ASSIGNMENT|[10]|PSetName|{"s":1,"v":{"Id":"0PS36000000mmnWGAQ","Name":"X00e1a000000MWaHAAW"}}|0x7297bafb
15:31:18.0 (9172920)|STATEMENT_EXECUTE|[10]
15:31:18.0 (9174069)|STATEMENT_EXECUTE|[11]
15:31:18.0 (9188760)|ENTERING_MANAGED_PKG|
15:31:18.0 (9209166)|HEAP_ALLOCATE|[11]|Bytes:63
15:31:18.0 (9221003)|HEAP_ALLOCATE|[11]|Bytes:87
15:31:18.0 (9231434)|ENTERING_MANAGED_PKG|
15:31:18.0 (9237123)|USER_DEBUG|[11]|ERROR|The PermissionSet Name: PermissionSet:{Id=0PS36000000mmnWGAQ, Name=X00e1a000000MWaHAAW}
15:31:18.0 (9249611)|HEAP_ALLOCATE|[10]|Bytes:5
15:31:18.0 (9268705)|HEAP_ALLOCATE|[10]|Bytes:12
15:31:18.0 (9275752)|VARIABLE_SCOPE_BEGIN|[10]|PSetName|PermissionSet|true|false
15:31:18.0 (9288451)|VARIABLE_ASSIGNMENT|[10]|PSetName|{"s":1,"v":{"Id":"0PS36000000mmnXGAQ","Name":"X00e1a000000MWaIAAW"}}|0x7c02318d
15:31:18.0 (9295491)|STATEMENT_EXECUTE|[10]
15:31:18.0 (9297060)|STATEMENT_EXECUTE|[11]
15:31:18.0 (9312585)|ENTERING_MANAGED_PKG|
15:31:18.0 (9333113)|HEAP_ALLOCATE|[11]|Bytes:63
15:31:18.0 (9344987)|HEAP_ALLOCATE|[11]|Bytes:87
15:31:18.0 (9355493)|ENTERING_MANAGED_PKG|
15:31:18.0 (9361197)|USER_DEBUG|[11]|ERROR|The PermissionSet Name: PermissionSet:{Id=0PS36000000mmnXGAQ, Name=X00e1a000000MWaIAAW}
15:31:18.0 (9374207)|HEAP_ALLOCATE|[10]|Bytes:5
15:31:18.0 (9393539)|HEAP_ALLOCATE|[10]|Bytes:12
15:31:18.0 (9400857)|VARIABLE_SCOPE_BEGIN|[10]|PSetName|PermissionSet|true|false
15:31:18.0 (9413474)|VARIABLE_ASSIGNMENT|[10]|PSetName|{"s":1,"v":{"Id":"0PS36000000mmnYGAQ","Name":"X00e1a000000MWaJAAW"}}|0x6073252f
15:31:18.0 (9416654)|STATEMENT_EXECUTE|[10]
15:31:18.0 (9417740)|STATEMENT_EXECUTE|[11]
15:31:18.0 (9432543)|ENTERING_MANAGED_PKG|
15:31:18.0 (9452580)|HEAP_ALLOCATE|[11]|Bytes:63
15:31:18.0 (9464517)|HEAP_ALLOCATE|[11]|Bytes:87
15:31:18.0 (9474830)|ENTERING_MANAGED_PKG|
15:31:18.0 (9480857)|USER_DEBUG|[11]|ERROR|The PermissionSet Name: PermissionSet:{Id=0PS36000000mmnYGAQ, Name=X00e1a000000MWaJAAW}
15:31:18.0 (9493630)|HEAP_ALLOCATE|[10]|Bytes:5
15:31:18.0 (9512707)|HEAP_ALLOCATE|[10]|Bytes:12
15:31:18.0 (9519698)|VARIABLE_SCOPE_BEGIN|[10]|PSetName|PermissionSet|true|false
15:31:18.0 (9532588)|VARIABLE_ASSIGNMENT|[10]|PSetName|{"s":1,"v":{"Id":"0PS36000000mmnZGAQ","Name":"X00e1a000000MWaKAAW"}}|0xa49c11a
15:31:18.0 (9535733)|STATEMENT_EXECUTE|[10]
15:31:18.0 (9536894)|STATEMENT_EXECUTE|[11]
15:31:18.0 (9551612)|ENTERING_MANAGED_PKG|
15:31:18.0 (9571352)|HEAP_ALLOCATE|[11]|Bytes:63
15:31:18.0 (9583423)|HEAP_ALLOCATE|[11]|Bytes:87
15:31:18.0 (9593873)|ENTERING_MANAGED_PKG|
15:31:18.0 (9599642)|USER_DEBUG|[11]|ERROR|The PermissionSet Name: PermissionSet:{Id=0PS36000000mmnZGAQ, Name=X00e1a000000MWaKAAW}
15:31:18.0 (9632007)|HEAP_ALLOCATE|[10]|Bytes:5
15:31:18.0 (9667191)|HEAP_ALLOCATE|[10]|Bytes:12
15:31:18.0 (9679393)|VARIABLE_SCOPE_BEGIN|[10]|PSetName|PermissionSet|true|false
15:31:18.0 (9693660)|VARIABLE_ASSIGNMENT|[10]|PSetName|{"s":1,"v":{"Id":"0PS36000000mmnaGAA","Name":"X00e1a000000MWaLAAW"}}|0x4546e2ca
15:31:18.0 (9696763)|STATEMENT_EXECUTE|[10]
15:31:18.0 (9697925)|STATEMENT_EXECUTE|[11]
15:31:18.0 (9714020)|ENTERING_MANAGED_PKG|
15:31:18.0 (9735436)|HEAP_ALLOCATE|[11]|Bytes:63
15:31:18.0 (9748023)|HEAP_ALLOCATE|[11]|Bytes:87
15:31:18.0 (9758697)|ENTERING_MANAGED_PKG|
15:31:18.0 (9764619)|USER_DEBUG|[11]|ERROR|The PermissionSet Name: PermissionSet:{Id=0PS36000000mmnaGAA, Name=X00e1a000000MWaLAAW}
15:31:18.0 (9777477)|HEAP_ALLOCATE|[10]|Bytes:5
15:31:18.0 (9797340)|HEAP_ALLOCATE|[10]|Bytes:12
15:31:18.0 (9804546)|VARIABLE_SCOPE_BEGIN|[10]|PSetName|PermissionSet|true|false
15:31:18.0 (9817366)|VARIABLE_ASSIGNMENT|[10]|PSetName|{"s":1,"v":{"Id":"0PS36000000mmnbGAA","Name":"X00e1a000000MWaMAAW"}}|0x28253db6
15:31:18.0 (9820428)|STATEMENT_EXECUTE|[10]
15:31:18.0 (9821608)|STATEMENT_EXECUTE|[11]
15:31:18.0 (9836079)|ENTERING_MANAGED_PKG|
15:31:18.0 (9856262)|HEAP_ALLOCATE|[11]|Bytes:63
15:31:18.0 (9868558)|HEAP_ALLOCATE|[11]|Bytes:87
15:31:18.0 (9879120)|ENTERING_MANAGED_PKG|
15:31:18.0 (9884788)|USER_DEBUG|[11]|ERROR|The PermissionSet Name: PermissionSet:{Id=0PS36000000mmnbGAA, Name=X00e1a000000MWaMAAW}
15:31:18.0 (9897447)|HEAP_ALLOCATE|[10]|Bytes:5
15:31:18.0 (9916317)|HEAP_ALLOCATE|[10]|Bytes:12
15:31:18.0 (9923504)|VARIABLE_SCOPE_BEGIN|[10]|PSetName|PermissionSet|true|false
15:31:18.0 (9936320)|VARIABLE_ASSIGNMENT|[10]|PSetName|{"s":1,"v":{"Id":"0PS36000000mmncGAA","Name":"X00e1a000000MWaNAAW"}}|0x51862fc0
15:31:18.0 (9939505)|STATEMENT_EXECUTE|[10]
15:31:18.0 (9940597)|STATEMENT_EXECUTE|[11]
15:31:18.0 (9955275)|ENTERING_MANAGED_PKG|
15:31:18.0 (9975184)|HEAP_ALLOCATE|[11]|Bytes:63
15:31:18.0 (9986998)|HEAP_ALLOCATE|[11]|Bytes:87
15:31:18.0 (9997471)|ENTERING_MANAGED_PKG|
15:31:18.0 (10003091)|USER_DEBUG|[11]|ERROR|The PermissionSet Name: PermissionSet:{Id=0PS36000000mmncGAA, Name=X00e1a000000MWaNAAW}
15:31:18.0 (10017225)|HEAP_ALLOCATE|[10]|Bytes:5
15:31:18.0 (10036375)|HEAP_ALLOCATE|[10]|Bytes:12
15:31:18.0 (10043688)|VARIABLE_SCOPE_BEGIN|[10]|PSetName|PermissionSet|true|false
15:31:18.0 (10056657)|VARIABLE_ASSIGNMENT|[10]|PSetName|{"s":1,"v":{"Id":"0PS36000000mmndGAA","Name":"X00e1a000000MWaOAAW"}}|0x158375fb
15:31:18.0 (10059813)|STATEMENT_EXECUTE|[10]
15:31:18.0 (10061052)|STATEMENT_EXECUTE|[11]
15:31:18.0 (10075722)|ENTERING_MANAGED_PKG|
15:31:18.0 (10099926)|HEAP_ALLOCATE|[11]|Bytes:63
15:31:18.0 (10112956)|HEAP_ALLOCATE|[11]|Bytes:87
15:31:18.0 (10123839)|ENTERING_MANAGED_PKG|
15:31:18.0 (10129558)|USER_DEBUG|[11]|ERROR|The PermissionSet Name: PermissionSet:{Id=0PS36000000mmndGAA, Name=X00e1a000000MWaOAAW}
15:31:18.0 (10142302)|HEAP_ALLOCATE|[10]|Bytes:5
15:31:18.0 (10161463)|HEAP_ALLOCATE|[10]|Bytes:12
15:31:18.0 (10168654)|VARIABLE_SCOPE_BEGIN|[10]|PSetName|PermissionSet|true|false
15:31:18.0 (10181590)|VARIABLE_ASSIGNMENT|[10]|PSetName|{"s":1,"v":{"Id":"0PS36000000mmneGAA","Name":"X00e1a000000MWaPAAW"}}|0x67a19533
15:31:18.0 (10185101)|STATEMENT_EXECUTE|[10]
15:31:18.0 (10186286)|STATEMENT_EXECUTE|[11]
15:31:18.0 (10200941)|ENTERING_MANAGED_PKG|
15:31:18.0 (10221168)|HEAP_ALLOCATE|[11]|Bytes:63
15:31:18.0 (10233080)|HEAP_ALLOCATE|[11]|Bytes:87
15:31:18.0 (10243574)|ENTERING_MANAGED_PKG|
15:31:18.0 (10249288)|USER_DEBUG|[11]|ERROR|The PermissionSet Name: PermissionSet:{Id=0PS36000000mmneGAA, Name=X00e1a000000MWaPAAW}
15:31:18.0 (10261774)|HEAP_ALLOCATE|[10]|Bytes:5
15:31:18.0 (10280877)|HEAP_ALLOCATE|[10]|Bytes:12
15:31:18.0 (10288241)|VARIABLE_SCOPE_BEGIN|[10]|PSetName|PermissionSet|true|false
15:31:18.0 (10307477)|VARIABLE_ASSIGNMENT|[10]|PSetName|{"s":1,"v":{"Id":"0PS36000000mmnfGAA","Name":"X00e1a000000MWaQAAW"}}|0x66e8dcfc
15:31:18.0 (10311014)|STATEMENT_EXECUTE|[10]
15:31:18.0 (10312339)|STATEMENT_EXECUTE|[11]
15:31:18.0 (10327601)|ENTERING_MANAGED_PKG|
15:31:18.0 (10347895)|HEAP_ALLOCATE|[11]|Bytes:63
15:31:18.0 (10360053)|HEAP_ALLOCATE|[11]|Bytes:87
15:31:18.0 (10370422)|ENTERING_MANAGED_PKG|
15:31:18.0 (10376160)|USER_DEBUG|[11]|ERROR|The PermissionSet Name: PermissionSet:{Id=0PS36000000mmnfGAA, Name=X00e1a000000MWaQAAW}
15:31:18.0 (10389082)|HEAP_ALLOCATE|[10]|Bytes:5
15:31:18.0 (10408376)|HEAP_ALLOCATE|[10]|Bytes:12
15:31:18.0 (10415422)|VARIABLE_SCOPE_BEGIN|[10]|PSetName|PermissionSet|true|false
15:31:18.0 (10428301)|VARIABLE_ASSIGNMENT|[10]|PSetName|{"s":1,"v":{"Id":"0PS36000000mmngGAA","Name":"X00e1a000000MWaRAAW"}}|0x67017ce
15:31:18.0 (10431402)|STATEMENT_EXECUTE|[10]
15:31:18.0 (10432520)|STATEMENT_EXECUTE|[11]
15:31:18.0 (10447139)|ENTERING_MANAGED_PKG|
15:31:18.0 (10466934)|HEAP_ALLOCATE|[11]|Bytes:63
15:31:18.0 (10478774)|HEAP_ALLOCATE|[11]|Bytes:87
15:31:18.0 (10489225)|ENTERING_MANAGED_PKG|
15:31:18.0 (10494914)|USER_DEBUG|[11]|ERROR|The PermissionSet Name: PermissionSet:{Id=0PS36000000mmngGAA, Name=X00e1a000000MWaRAAW}
15:31:18.0 (10507587)|HEAP_ALLOCATE|[10]|Bytes:5
15:31:18.0 (10526446)|HEAP_ALLOCATE|[10]|Bytes:12
15:31:18.0 (10533507)|VARIABLE_SCOPE_BEGIN|[10]|PSetName|PermissionSet|true|false
15:31:18.0 (10546172)|VARIABLE_ASSIGNMENT|[10]|PSetName|{"s":1,"v":{"Id":"0PS36000000mmnhGAA","Name":"X00e1a000000MWaSAAW"}}|0x8528656
15:31:18.0 (10549351)|STATEMENT_EXECUTE|[10]
15:31:18.0 (10550446)|STATEMENT_EXECUTE|[11]
15:31:18.0 (10565124)|ENTERING_MANAGED_PKG|
15:31:18.0 (10584822)|HEAP_ALLOCATE|[11]|Bytes:63
15:31:18.0 (10596567)|HEAP_ALLOCATE|[11]|Bytes:87
15:31:18.0 (10607342)|ENTERING_MANAGED_PKG|
15:31:18.0 (10613156)|USER_DEBUG|[11]|ERROR|The PermissionSet Name: PermissionSet:{Id=0PS36000000mmnhGAA, Name=X00e1a000000MWaSAAW}
15:31:18.0 (10625757)|HEAP_ALLOCATE|[10]|Bytes:5
15:31:18.0 (10644779)|HEAP_ALLOCATE|[10]|Bytes:12
15:31:18.0 (10651806)|VARIABLE_SCOPE_BEGIN|[10]|PSetName|PermissionSet|true|false
15:31:18.0 (10664751)|VARIABLE_ASSIGNMENT|[10]|PSetName|{"s":1,"v":{"Id":"0PS36000000mmniGAA","Name":"X00e1a000000MWaTAAW"}}|0x63319262
15:31:18.0 (10667878)|STATEMENT_EXECUTE|[10]
15:31:18.0 (10669054)|STATEMENT_EXECUTE|[11]
15:31:18.0 (10683759)|ENTERING_MANAGED_PKG|
15:31:18.0 (10703849)|HEAP_ALLOCATE|[11]|Bytes:63
15:31:18.0 (10715774)|HEAP_ALLOCATE|[11]|Bytes:87
15:31:18.0 (10726588)|ENTERING_MANAGED_PKG|
15:31:18.0 (10732348)|USER_DEBUG|[11]|ERROR|The PermissionSet Name: PermissionSet:{Id=0PS36000000mmniGAA, Name=X00e1a000000MWaTAAW}
15:31:18.0 (10745159)|HEAP_ALLOCATE|[10]|Bytes:5
15:31:18.0 (10764076)|HEAP_ALLOCATE|[10]|Bytes:12
15:31:18.0 (10771279)|VARIABLE_SCOPE_BEGIN|[10]|PSetName|PermissionSet|true|false
15:31:18.0 (10784122)|VARIABLE_ASSIGNMENT|[10]|PSetName|{"s":1,"v":{"Id":"0PS36000000mmnjGAA","Name":"X00e1a000000MWaUAAW"}}|0x439ebdc4
15:31:18.0 (10787186)|STATEMENT_EXECUTE|[10]
15:31:18.0 (10788345)|STATEMENT_EXECUTE|[11]
15:31:18.0 (10802898)|ENTERING_MANAGED_PKG|
15:31:18.0 (10822837)|HEAP_ALLOCATE|[11]|Bytes:63
15:31:18.0 (10834670)|HEAP_ALLOCATE|[11]|Bytes:87
15:31:18.0 (10845081)|ENTERING_MANAGED_PKG|
15:31:18.0 (10850860)|USER_DEBUG|[11]|ERROR|The PermissionSet Name: PermissionSet:{Id=0PS36000000mmnjGAA, Name=X00e1a000000MWaUAAW}
15:31:18.0 (10863630)|HEAP_ALLOCATE|[10]|Bytes:5
15:31:18.0 (10882583)|HEAP_ALLOCATE|[10]|Bytes:12
15:31:18.0 (10889764)|VARIABLE_SCOPE_BEGIN|[10]|PSetName|PermissionSet|true|false
15:31:18.0 (10902727)|VARIABLE_ASSIGNMENT|[10]|PSetName|{"s":1,"v":{"Id":"0PS36000000mmnlGAA","Name":"X00e1a000000N1LRAA0"}}|0x45561c1e
15:31:18.0 (10905680)|STATEMENT_EXECUTE|[10]
15:31:18.0 (10906777)|STATEMENT_EXECUTE|[11]
15:31:18.0 (10921336)|ENTERING_MANAGED_PKG|
15:31:18.0 (10941257)|HEAP_ALLOCATE|[11]|Bytes:63
15:31:18.0 (10953183)|HEAP_ALLOCATE|[11]|Bytes:87
15:31:18.0 (10963700)|ENTERING_MANAGED_PKG|
15:31:18.0 (10969396)|USER_DEBUG|[11]|ERROR|The PermissionSet Name: PermissionSet:{Id=0PS36000000mmnlGAA, Name=X00e1a000000N1LRAA0}
15:31:18.0 (10981980)|HEAP_ALLOCATE|[10]|Bytes:5
15:31:18.0 (11000546)|HEAP_ALLOCATE|[10]|Bytes:12
15:31:18.0 (11008506)|VARIABLE_SCOPE_BEGIN|[10]|PSetName|PermissionSet|true|false
15:31:18.0 (11021258)|VARIABLE_ASSIGNMENT|[10]|PSetName|{"s":1,"v":{"Id":"0PS36000000mmnmGAA","Name":"X00e1a000000N1LSAA0"}}|0x592a42d4
15:31:18.0 (11024394)|STATEMENT_EXECUTE|[10]
15:31:18.0 (11025518)|STATEMENT_EXECUTE|[11]
15:31:18.0 (11040519)|ENTERING_MANAGED_PKG|
15:31:18.0 (11060318)|HEAP_ALLOCATE|[11]|Bytes:63
15:31:18.0 (11072183)|HEAP_ALLOCATE|[11]|Bytes:87
15:31:18.0 (11082720)|ENTERING_MANAGED_PKG|
15:31:18.0 (11090760)|USER_DEBUG|[11]|ERROR|The PermissionSet Name: PermissionSet:{Id=0PS36000000mmnmGAA, Name=X00e1a000000N1LSAA0}
15:31:18.0 (11104968)|HEAP_ALLOCATE|[10]|Bytes:5
15:31:18.0 (11124621)|HEAP_ALLOCATE|[10]|Bytes:12
15:31:18.0 (11131901)|VARIABLE_SCOPE_BEGIN|[10]|PSetName|PermissionSet|true|false
15:31:18.0 (11144984)|VARIABLE_ASSIGNMENT|[10]|PSetName|{"s":1,"v":{"Id":"0PS36000000mmnnGAA","Name":"X00e1a000000N1wKAAS"}}|0x36e76911
15:31:18.0 (11148283)|STATEMENT_EXECUTE|[10]
15:31:18.0 (11149441)|STATEMENT_EXECUTE|[11]
15:31:18.0 (11164238)|ENTERING_MANAGED_PKG|
15:31:18.0 (11184209)|HEAP_ALLOCATE|[11]|Bytes:63
15:31:18.0 (11196078)|HEAP_ALLOCATE|[11]|Bytes:87
15:31:18.0 (11206592)|ENTERING_MANAGED_PKG|
15:31:18.0 (11212345)|USER_DEBUG|[11]|ERROR|The PermissionSet Name: PermissionSet:{Id=0PS36000000mmnnGAA, Name=X00e1a000000N1wKAAS}
15:31:18.0 (11225215)|HEAP_ALLOCATE|[10]|Bytes:5
15:31:18.0 (11244252)|HEAP_ALLOCATE|[10]|Bytes:12
15:31:18.0 (11251444)|VARIABLE_SCOPE_BEGIN|[10]|PSetName|PermissionSet|true|false
15:31:18.0 (11264083)|VARIABLE_ASSIGNMENT|[10]|PSetName|{"s":1,"v":{"Id":"0PS36000000mmnoGAA","Name":"X00e1a000000N1wLAAS"}}|0x218294
15:31:18.0 (11267121)|STATEMENT_EXECUTE|[10]
15:31:18.0 (11268271)|STATEMENT_EXECUTE|[11]
15:31:18.0 (11282869)|ENTERING_MANAGED_PKG|
15:31:18.0 (11307568)|HEAP_ALLOCATE|[11]|Bytes:63
15:31:18.0 (11320511)|HEAP_ALLOCATE|[11]|Bytes:87
15:31:18.0 (11331018)|ENTERING_MANAGED_PKG|
15:31:18.0 (11336949)|USER_DEBUG|[11]|ERROR|The PermissionSet Name: PermissionSet:{Id=0PS36000000mmnoGAA, Name=X00e1a000000N1wLAAS}
15:31:18.0 (11349740)|HEAP_ALLOCATE|[10]|Bytes:5
15:31:18.0 (11369008)|HEAP_ALLOCATE|[10]|Bytes:12
15:31:18.0 (11376048)|VARIABLE_SCOPE_BEGIN|[10]|PSetName|PermissionSet|true|false
15:31:18.0 (11388776)|VARIABLE_ASSIGNMENT|[10]|PSetName|{"s":1,"v":{"Id":"0PS36000000mmnqGAA","Name":"X00e1a000000MWaAAAW"}}|0x7562c862
15:31:18.0 (11391950)|STATEMENT_EXECUTE|[10]
15:31:18.0 (11393069)|STATEMENT_EXECUTE|[11]
15:31:18.0 (11407716)|ENTERING_MANAGED_PKG|
15:31:18.0 (11427836)|HEAP_ALLOCATE|[11]|Bytes:63
15:31:18.0 (11439832)|HEAP_ALLOCATE|[11]|Bytes:87
15:31:18.0 (11450441)|ENTERING_MANAGED_PKG|
15:31:18.0 (11456257)|USER_DEBUG|[11]|ERROR|The PermissionSet Name: PermissionSet:{Id=0PS36000000mmnqGAA, Name=X00e1a000000MWaAAAW}
15:31:18.0 (11468853)|HEAP_ALLOCATE|[10]|Bytes:5
15:31:18.0 (11479716)|VARIABLE_ASSIGNMENT|[10]|PSetName|null|
15:31:18.0 (11482778)|STATEMENT_EXECUTE|[14]
15:31:18.0 (11493303)|SYSTEM_MODE_EXIT|false
15:31:18.11 (11534917)|CUMULATIVE_LIMIT_USAGE
15:31:18.11 (11534917)|LIMIT_USAGE_FOR_NS|(default)|
  Number of SOQL queries: 0 out of 100
  Number of query rows: 0 out of 50000
  Number of SOSL queries: 0 out of 20
  Number of DML statements: 0 out of 150
  Number of DML rows: 0 out of 10000
  Maximum CPU time: 0 out of 10000
  Maximum heap size: 0 out of 6000000
  Number of callouts: 0 out of 100
  Number of Email Invocations: 0 out of 10
  Number of future calls: 0 out of 50
  Number of queueable jobs added to the queue: 0 out of 50
  Number of Mobile Apex push calls: 0 out of 10

15:31:18.11 (11534917)|LIMIT_USAGE_FOR_NS|shiva15testns|
  Number of SOQL queries: 1 out of 100
  Number of query rows: 36 out of 50000
  Number of SOSL queries: 0 out of 20
  Number of DML statements: 0 out of 150
  Number of DML rows: 0 out of 10000
  Maximum CPU time: 0 out of 10000
  Maximum heap size: 0 out of 6000000
  Number of callouts: 0 out of 100
  Number of Email Invocations: 0 out of 10
  Number of future calls: 0 out of 50
  Number of queueable jobs added to the queue: 0 out of 50
  Number of Mobile Apex push calls: 0 out of 10

15:31:18.11 (11534917)|CUMULATIVE_LIMIT_USAGE_END

15:31:18.0 (11591692)|CODE_UNIT_FINISHED|PermissionSetPortalControllers.getAllPermissionSets
15:31:18.0 (13753237)|EXECUTION_FINISHED
