36.0 APEX_CODE,FINEST;APEX_PROFILING,INFO;CALLOUT,INFO;DB,INFO;SYSTEM,DEBUG;VALIDATION,INFO;VISUALFORCE,INFO;WORKFLOW,INFO
15:15:28.0 (433610)|EXECUTION_STARTED
15:15:28.0 (465012)|CODE_UNIT_STARTED|[EXTERNAL]|01p36000005Jpvx|PermissionSetPortalControllers.getAllPermissionSets
15:15:28.0 (1140350)|VARIABLE_SCOPE_BEGIN|[2]|PermissionSetPortalControllers.AllObjectsofOrg|Map<String,Schema.SObjectType>|true|true
15:15:28.0 (1157620)|VARIABLE_SCOPE_BEGIN|[3]|PermissionSetPortalControllers.AllPermissionSets|List<PermissionSet>|true|true
15:15:28.0 (1185707)|VARIABLE_SCOPE_BEGIN|[4]|PermissionSetPortalControllers.inputField|String|false|true
15:15:28.0 (1473209)|HEAP_ALLOCATE|[72]|Bytes:3
15:15:28.0 (1542683)|HEAP_ALLOCATE|[77]|Bytes:152
15:15:28.0 (1576594)|HEAP_ALLOCATE|[342]|Bytes:408
15:15:28.0 (1598706)|HEAP_ALLOCATE|[355]|Bytes:408
15:15:28.0 (1617605)|HEAP_ALLOCATE|[467]|Bytes:48
15:15:28.0 (1660788)|HEAP_ALLOCATE|[139]|Bytes:6
15:15:28.0 (1688377)|HEAP_ALLOCATE|[EXTERNAL]|Bytes:88
15:15:28.0 (1693261)|HEAP_ALLOCATE|[EXTERNAL]|Bytes:3
15:15:28.0 (1696073)|HEAP_ALLOCATE|[EXTERNAL]|Bytes:5
15:15:28.0 (1714849)|METHOD_ENTRY|[1]|01p36000005Jpvx|PermissionSetPortalControllers.PermissionSetPortalControllers()
15:15:28.0 (1720176)|STATEMENT_EXECUTE|[1]
15:15:28.0 (1727959)|STATEMENT_EXECUTE|[1]
15:15:28.0 (1765898)|HEAP_ALLOCATE|[50]|Bytes:5
15:15:28.0 (1791403)|HEAP_ALLOCATE|[56]|Bytes:5
15:15:28.0 (1799486)|HEAP_ALLOCATE|[64]|Bytes:7
15:15:28.0 (1829409)|SYSTEM_MODE_ENTER|false
15:15:28.0 (1849828)|HEAP_ALLOCATE|[EXTERNAL]|Bytes:5
15:15:28.0 (1857871)|SYSTEM_MODE_EXIT|false
15:15:28.0 (1869929)|METHOD_EXIT|[1]|PermissionSetPortalControllers
15:15:28.0 (1879293)|SYSTEM_MODE_ENTER|false
15:15:28.0 (1893086)|HEAP_ALLOCATE|[8]|Bytes:5
15:15:28.0 (1896832)|STATEMENT_EXECUTE|[7]
15:15:28.0 (1898121)|STATEMENT_EXECUTE|[8]
15:15:28.0 (1901953)|HEAP_ALLOCATE|[8]|Bytes:34
15:15:28.0 (1912703)|HEAP_ALLOCATE|[8]|Bytes:4
15:15:28.0 (2552132)|SOQL_EXECUTE_BEGIN|[8]|Aggregations:0|SELECT Id, Name FROM PermissionSet
15:15:28.0 (6630202)|SOQL_EXECUTE_END|[8]|Rows:36
15:15:28.0 (6654882)|HEAP_ALLOCATE|[8]|Bytes:148
15:15:28.0 (6712816)|HEAP_ALLOCATE|[8]|Bytes:2125
15:15:28.0 (6756084)|HEAP_ALLOCATE|[8]|Bytes:148
15:15:28.0 (6812639)|VARIABLE_ASSIGNMENT|[8]|PermissionSetPortalControllers.AllPermissionSets|{"s":1,"v":"List of size 36 too large to display"}|0x54d7f3cd
15:15:28.0 (6912415)|ENTERING_MANAGED_PKG|
15:15:28.0 (6945240)|STATEMENT_EXECUTE|[9]
15:15:28.0 (6960017)|ENTERING_MANAGED_PKG|
15:15:28.0 (7188671)|HEAP_ALLOCATE|[10]|Bytes:5
15:15:28.0 (7235722)|HEAP_ALLOCATE|[10]|Bytes:12
15:15:28.0 (7250688)|VARIABLE_SCOPE_BEGIN|[10]|PSetName|PermissionSet|true|false
15:15:28.0 (7273920)|VARIABLE_ASSIGNMENT|[10]|PSetName|{"s":1,"v":{"Id":"0PS36000000mmnFGAQ","Name":"X00e1a000000MWa8AAG"}}|0x6f945e4a
15:15:28.0 (7278179)|STATEMENT_EXECUTE|[10]
15:15:28.0 (7279620)|STATEMENT_EXECUTE|[11]
15:15:28.0 (7444627)|HEAP_ALLOCATE|[11]|Bytes:24
15:15:28.0 (7480879)|ENTERING_MANAGED_PKG|
15:15:28.0 (7542858)|HEAP_ALLOCATE|[11]|Bytes:63
15:15:28.0 (7565374)|HEAP_ALLOCATE|[11]|Bytes:87
15:15:28.0 (7592617)|ENTERING_MANAGED_PKG|
15:15:28.0 (7617327)|USER_DEBUG|[11]|ERROR|The PermissionSet Name: PermissionSet:{Id=0PS36000000mmnFGAQ, Name=X00e1a000000MWa8AAG}
15:15:28.0 (7634614)|HEAP_ALLOCATE|[10]|Bytes:5
15:15:28.0 (7656156)|HEAP_ALLOCATE|[10]|Bytes:12
15:15:28.0 (7664209)|VARIABLE_SCOPE_BEGIN|[10]|PSetName|PermissionSet|true|false
15:15:28.0 (7681782)|VARIABLE_ASSIGNMENT|[10]|PSetName|{"s":1,"v":{"Id":"0PS36000000mmnGGAQ","Name":"X00ex00000018ozl_128 (11 more) ..."}}|0x3f25b455
15:15:28.0 (7685753)|STATEMENT_EXECUTE|[10]
15:15:28.0 (7687090)|STATEMENT_EXECUTE|[11]
15:15:28.0 (7704264)|ENTERING_MANAGED_PKG|
15:15:28.0 (7728769)|HEAP_ALLOCATE|[11]|Bytes:75
15:15:28.0 (7742795)|HEAP_ALLOCATE|[11]|Bytes:99
15:15:28.0 (7754562)|ENTERING_MANAGED_PKG|
15:15:28.0 (7768255)|USER_DEBUG|[11]|ERROR|The PermissionSet Name: PermissionSet:{Id=0PS36000000mmnGGAQ, Name=X00ex00000018ozl_128_09_04_12_5}
15:15:28.0 (7784262)|HEAP_ALLOCATE|[10]|Bytes:5
15:15:28.0 (7804890)|HEAP_ALLOCATE|[10]|Bytes:12
15:15:28.0 (7812464)|VARIABLE_SCOPE_BEGIN|[10]|PSetName|PermissionSet|true|false
15:15:28.0 (7828421)|VARIABLE_ASSIGNMENT|[10]|PSetName|{"s":1,"v":{"Id":"0PS36000000mmnHGAQ","Name":"X00ex00000018ozm_128 (11 more) ..."}}|0x508046fd
15:15:28.0 (7831716)|STATEMENT_EXECUTE|[10]
15:15:28.0 (7832981)|STATEMENT_EXECUTE|[11]
15:15:28.0 (7849560)|ENTERING_MANAGED_PKG|
15:15:28.0 (7873506)|HEAP_ALLOCATE|[11]|Bytes:75
15:15:28.0 (7886825)|HEAP_ALLOCATE|[11]|Bytes:99
15:15:28.0 (7898091)|ENTERING_MANAGED_PKG|
15:15:28.0 (7911204)|USER_DEBUG|[11]|ERROR|The PermissionSet Name: PermissionSet:{Id=0PS36000000mmnHGAQ, Name=X00ex00000018ozm_128_09_04_12_6}
15:15:28.0 (7927064)|HEAP_ALLOCATE|[10]|Bytes:5
15:15:28.0 (7946970)|HEAP_ALLOCATE|[10]|Bytes:12
15:15:28.0 (7954470)|VARIABLE_SCOPE_BEGIN|[10]|PSetName|PermissionSet|true|false
15:15:28.0 (7970242)|VARIABLE_ASSIGNMENT|[10]|PSetName|{"s":1,"v":{"Id":"0PS36000000mmnIGAQ","Name":"X00ex00000018ozk_128 (11 more) ..."}}|0x2c471c45
15:15:28.0 (7973664)|STATEMENT_EXECUTE|[10]
15:15:28.0 (7974960)|STATEMENT_EXECUTE|[11]
15:15:28.0 (7990825)|ENTERING_MANAGED_PKG|
15:15:28.0 (8014447)|HEAP_ALLOCATE|[11]|Bytes:75
15:15:28.0 (8028603)|HEAP_ALLOCATE|[11]|Bytes:99
15:15:28.0 (8039684)|ENTERING_MANAGED_PKG|
15:15:28.0 (8052629)|USER_DEBUG|[11]|ERROR|The PermissionSet Name: PermissionSet:{Id=0PS36000000mmnIGAQ, Name=X00ex00000018ozk_128_09_04_12_4}
15:15:28.0 (8068092)|HEAP_ALLOCATE|[10]|Bytes:5
15:15:28.0 (8087940)|HEAP_ALLOCATE|[10]|Bytes:12
15:15:28.0 (8095291)|VARIABLE_SCOPE_BEGIN|[10]|PSetName|PermissionSet|true|false
15:15:28.0 (8110468)|VARIABLE_ASSIGNMENT|[10]|PSetName|{"s":1,"v":{"Id":"0PS36000000mmnJGAQ","Name":"X00ex00000018ozj_128 (11 more) ..."}}|0x616c6189
15:15:28.0 (8114075)|STATEMENT_EXECUTE|[10]
15:15:28.0 (8115374)|STATEMENT_EXECUTE|[11]
15:15:28.0 (8131209)|ENTERING_MANAGED_PKG|
15:15:28.0 (8154249)|HEAP_ALLOCATE|[11]|Bytes:75
15:15:28.0 (8167412)|HEAP_ALLOCATE|[11]|Bytes:99
15:15:28.0 (8178223)|ENTERING_MANAGED_PKG|
15:15:28.0 (8190976)|USER_DEBUG|[11]|ERROR|The PermissionSet Name: PermissionSet:{Id=0PS36000000mmnJGAQ, Name=X00ex00000018ozj_128_09_04_12_3}
15:15:28.0 (8206250)|HEAP_ALLOCATE|[10]|Bytes:5
15:15:28.0 (8230750)|HEAP_ALLOCATE|[10]|Bytes:12
15:15:28.0 (8238438)|VARIABLE_SCOPE_BEGIN|[10]|PSetName|PermissionSet|true|false
15:15:28.0 (8253705)|VARIABLE_ASSIGNMENT|[10]|PSetName|{"s":1,"v":{"Id":"0PS36000000mmnKGAQ","Name":"X00ex00000018ozo_128 (11 more) ..."}}|0x7379e6ed
15:15:28.0 (8256985)|STATEMENT_EXECUTE|[10]
15:15:28.0 (8258173)|STATEMENT_EXECUTE|[11]
15:15:28.0 (8274038)|ENTERING_MANAGED_PKG|
15:15:28.0 (8297389)|HEAP_ALLOCATE|[11]|Bytes:75
15:15:28.0 (8310972)|HEAP_ALLOCATE|[11]|Bytes:99
15:15:28.0 (8321995)|ENTERING_MANAGED_PKG|
15:15:28.0 (8334825)|USER_DEBUG|[11]|ERROR|The PermissionSet Name: PermissionSet:{Id=0PS36000000mmnKGAQ, Name=X00ex00000018ozo_128_09_04_12_8}
15:15:28.0 (8350177)|HEAP_ALLOCATE|[10]|Bytes:5
15:15:28.0 (8369772)|HEAP_ALLOCATE|[10]|Bytes:12
15:15:28.0 (8377143)|VARIABLE_SCOPE_BEGIN|[10]|PSetName|PermissionSet|true|false
15:15:28.0 (8392095)|VARIABLE_ASSIGNMENT|[10]|PSetName|{"s":1,"v":{"Id":"0PS36000000mmnLGAQ","Name":"X00ex00000018ozh_128 (11 more) ..."}}|0x219cf1d1
15:15:28.0 (8395469)|STATEMENT_EXECUTE|[10]
15:15:28.0 (8396776)|STATEMENT_EXECUTE|[11]
15:15:28.0 (8412332)|ENTERING_MANAGED_PKG|
15:15:28.0 (8435195)|HEAP_ALLOCATE|[11]|Bytes:75
15:15:28.0 (8447873)|HEAP_ALLOCATE|[11]|Bytes:99
15:15:28.0 (8458700)|ENTERING_MANAGED_PKG|
15:15:28.0 (8471397)|USER_DEBUG|[11]|ERROR|The PermissionSet Name: PermissionSet:{Id=0PS36000000mmnLGAQ, Name=X00ex00000018ozh_128_09_04_12_1}
15:15:28.0 (8486386)|HEAP_ALLOCATE|[10]|Bytes:5
15:15:28.0 (8506126)|HEAP_ALLOCATE|[10]|Bytes:12
15:15:28.0 (8513394)|VARIABLE_SCOPE_BEGIN|[10]|PSetName|PermissionSet|true|false
15:15:28.0 (8528226)|VARIABLE_ASSIGNMENT|[10]|PSetName|{"s":1,"v":{"Id":"0PS36000000mmnMGAQ","Name":"X00ex00000018ozq_128 (12 more) ..."}}|0x35ad6493
15:15:28.0 (8531520)|STATEMENT_EXECUTE|[10]
15:15:28.0 (8532688)|STATEMENT_EXECUTE|[11]
15:15:28.0 (8548310)|ENTERING_MANAGED_PKG|
15:15:28.0 (8571699)|HEAP_ALLOCATE|[11]|Bytes:76
15:15:28.0 (8584740)|HEAP_ALLOCATE|[11]|Bytes:100
15:15:28.0 (8595550)|ENTERING_MANAGED_PKG|
15:15:28.0 (8608239)|USER_DEBUG|[11]|ERROR|The PermissionSet Name: PermissionSet:{Id=0PS36000000mmnMGAQ, Name=X00ex00000018ozq_128_09_04_12_10}
15:15:28.0 (8623589)|HEAP_ALLOCATE|[10]|Bytes:5
15:15:28.0 (8643006)|HEAP_ALLOCATE|[10]|Bytes:12
15:15:28.0 (8650309)|VARIABLE_SCOPE_BEGIN|[10]|PSetName|PermissionSet|true|false
15:15:28.0 (8664980)|VARIABLE_ASSIGNMENT|[10]|PSetName|{"s":1,"v":{"Id":"0PS36000000mmnNGAQ","Name":"X00ex00000018ozp_128 (11 more) ..."}}|0x374f3b86
15:15:28.0 (8668505)|STATEMENT_EXECUTE|[10]
15:15:28.0 (8669903)|STATEMENT_EXECUTE|[11]
15:15:28.0 (8685493)|ENTERING_MANAGED_PKG|
15:15:28.0 (8708317)|HEAP_ALLOCATE|[11]|Bytes:75
15:15:28.0 (8721041)|HEAP_ALLOCATE|[11]|Bytes:99
15:15:28.0 (8731733)|ENTERING_MANAGED_PKG|
15:15:28.0 (8744312)|USER_DEBUG|[11]|ERROR|The PermissionSet Name: PermissionSet:{Id=0PS36000000mmnNGAQ, Name=X00ex00000018ozp_128_09_04_12_9}
15:15:28.0 (8759373)|HEAP_ALLOCATE|[10]|Bytes:5
15:15:28.0 (8778529)|HEAP_ALLOCATE|[10]|Bytes:12
15:15:28.0 (8785696)|VARIABLE_SCOPE_BEGIN|[10]|PSetName|PermissionSet|true|false
15:15:28.0 (8800555)|VARIABLE_ASSIGNMENT|[10]|PSetName|{"s":1,"v":{"Id":"0PS36000000mmnOGAQ","Name":"X00ex00000018ozn_128 (11 more) ..."}}|0xbbdfd0c
15:15:28.0 (8803908)|STATEMENT_EXECUTE|[10]
15:15:28.0 (8805077)|STATEMENT_EXECUTE|[11]
15:15:28.0 (8820816)|ENTERING_MANAGED_PKG|
15:15:28.0 (8843434)|HEAP_ALLOCATE|[11]|Bytes:75
15:15:28.0 (8856272)|HEAP_ALLOCATE|[11]|Bytes:99
15:15:28.0 (8867015)|ENTERING_MANAGED_PKG|
15:15:28.0 (8879392)|USER_DEBUG|[11]|ERROR|The PermissionSet Name: PermissionSet:{Id=0PS36000000mmnOGAQ, Name=X00ex00000018ozn_128_09_04_12_7}
15:15:28.0 (8895001)|HEAP_ALLOCATE|[10]|Bytes:5
15:15:28.0 (8914398)|HEAP_ALLOCATE|[10]|Bytes:12
15:15:28.0 (8921598)|VARIABLE_SCOPE_BEGIN|[10]|PSetName|PermissionSet|true|false
15:15:28.0 (8935804)|VARIABLE_ASSIGNMENT|[10]|PSetName|{"s":1,"v":{"Id":"0PS36000000mmnPGAQ","Name":"X00e1a000000MWa9AAG"}}|0x4d6987d3
15:15:28.0 (8938960)|STATEMENT_EXECUTE|[10]
15:15:28.0 (8940206)|STATEMENT_EXECUTE|[11]
15:15:28.0 (8955734)|ENTERING_MANAGED_PKG|
15:15:28.0 (8978520)|HEAP_ALLOCATE|[11]|Bytes:63
15:15:28.0 (8991480)|HEAP_ALLOCATE|[11]|Bytes:87
15:15:28.0 (9002272)|ENTERING_MANAGED_PKG|
15:15:28.0 (9015714)|USER_DEBUG|[11]|ERROR|The PermissionSet Name: PermissionSet:{Id=0PS36000000mmnPGAQ, Name=X00e1a000000MWa9AAG}
15:15:28.0 (9030967)|HEAP_ALLOCATE|[10]|Bytes:5
15:15:28.0 (9050493)|HEAP_ALLOCATE|[10]|Bytes:12
15:15:28.0 (9057674)|VARIABLE_SCOPE_BEGIN|[10]|PSetName|PermissionSet|true|false
15:15:28.0 (9071994)|VARIABLE_ASSIGNMENT|[10]|PSetName|{"s":1,"v":{"Id":"0PS36000000mmnQGAQ","Name":"X00e1a000000MWaBAAW"}}|0x133efb11
15:15:28.0 (9075416)|STATEMENT_EXECUTE|[10]
15:15:28.0 (9076575)|STATEMENT_EXECUTE|[11]
15:15:28.0 (9092163)|ENTERING_MANAGED_PKG|
15:15:28.0 (9114926)|HEAP_ALLOCATE|[11]|Bytes:63
15:15:28.0 (9127857)|HEAP_ALLOCATE|[11]|Bytes:87
15:15:28.0 (9138642)|ENTERING_MANAGED_PKG|
15:15:28.0 (9151146)|USER_DEBUG|[11]|ERROR|The PermissionSet Name: PermissionSet:{Id=0PS36000000mmnQGAQ, Name=X00e1a000000MWaBAAW}
15:15:28.0 (9166251)|HEAP_ALLOCATE|[10]|Bytes:5
15:15:28.0 (9185690)|HEAP_ALLOCATE|[10]|Bytes:12
15:15:28.0 (9192892)|VARIABLE_SCOPE_BEGIN|[10]|PSetName|PermissionSet|true|false
15:15:28.0 (9206638)|VARIABLE_ASSIGNMENT|[10]|PSetName|{"s":1,"v":{"Id":"0PS36000000mmnRGAQ","Name":"X00e1a000000MWaCAAW"}}|0x5de371fb
15:15:28.0 (9213508)|STATEMENT_EXECUTE|[10]
15:15:28.0 (9214975)|STATEMENT_EXECUTE|[11]
15:15:28.0 (9230880)|ENTERING_MANAGED_PKG|
15:15:28.0 (9254064)|HEAP_ALLOCATE|[11]|Bytes:63
15:15:28.0 (9267480)|HEAP_ALLOCATE|[11]|Bytes:87
15:15:28.0 (9278183)|ENTERING_MANAGED_PKG|
15:15:28.0 (9290762)|USER_DEBUG|[11]|ERROR|The PermissionSet Name: PermissionSet:{Id=0PS36000000mmnRGAQ, Name=X00e1a000000MWaCAAW}
15:15:28.0 (9306305)|HEAP_ALLOCATE|[10]|Bytes:5
15:15:28.0 (9325680)|HEAP_ALLOCATE|[10]|Bytes:12
15:15:28.0 (9332938)|VARIABLE_SCOPE_BEGIN|[10]|PSetName|PermissionSet|true|false
15:15:28.0 (9346739)|VARIABLE_ASSIGNMENT|[10]|PSetName|{"s":1,"v":{"Id":"0PS36000000mmnSGAQ","Name":"X00e1a000000MWaDAAW"}}|0x39d2a2d6
15:15:28.0 (9349808)|STATEMENT_EXECUTE|[10]
15:15:28.0 (9351012)|STATEMENT_EXECUTE|[11]
15:15:28.0 (9366691)|ENTERING_MANAGED_PKG|
15:15:28.0 (9389513)|HEAP_ALLOCATE|[11]|Bytes:63
15:15:28.0 (9402530)|HEAP_ALLOCATE|[11]|Bytes:87
15:15:28.0 (9413009)|ENTERING_MANAGED_PKG|
15:15:28.0 (9425768)|USER_DEBUG|[11]|ERROR|The PermissionSet Name: PermissionSet:{Id=0PS36000000mmnSGAQ, Name=X00e1a000000MWaDAAW}
15:15:28.0 (9440780)|HEAP_ALLOCATE|[10]|Bytes:5
15:15:28.0 (9459934)|HEAP_ALLOCATE|[10]|Bytes:12
15:15:28.0 (9467393)|VARIABLE_SCOPE_BEGIN|[10]|PSetName|PermissionSet|true|false
15:15:28.0 (9481233)|VARIABLE_ASSIGNMENT|[10]|PSetName|{"s":1,"v":{"Id":"0PS36000000mmnTGAQ","Name":"X00e1a000000MWaEAAW"}}|0x3884fd20
15:15:28.0 (9484500)|STATEMENT_EXECUTE|[10]
15:15:28.0 (9485686)|STATEMENT_EXECUTE|[11]
15:15:28.0 (9501068)|ENTERING_MANAGED_PKG|
15:15:28.0 (9523725)|HEAP_ALLOCATE|[11]|Bytes:63
15:15:28.0 (9536457)|HEAP_ALLOCATE|[11]|Bytes:87
15:15:28.0 (9547173)|ENTERING_MANAGED_PKG|
15:15:28.0 (9559500)|USER_DEBUG|[11]|ERROR|The PermissionSet Name: PermissionSet:{Id=0PS36000000mmnTGAQ, Name=X00e1a000000MWaEAAW}
15:15:28.0 (9574579)|HEAP_ALLOCATE|[10]|Bytes:5
15:15:28.0 (9594012)|HEAP_ALLOCATE|[10]|Bytes:12
15:15:28.0 (9601261)|VARIABLE_SCOPE_BEGIN|[10]|PSetName|PermissionSet|true|false
15:15:28.0 (9614795)|VARIABLE_ASSIGNMENT|[10]|PSetName|{"s":1,"v":{"Id":"0PS36000000mmnUGAQ","Name":"X00e1a000000MWaFAAW"}}|0x5c067f52
15:15:28.0 (9617997)|STATEMENT_EXECUTE|[10]
15:15:28.0 (9619222)|STATEMENT_EXECUTE|[11]
15:15:28.0 (9634813)|ENTERING_MANAGED_PKG|
15:15:28.0 (9657274)|HEAP_ALLOCATE|[11]|Bytes:63
15:15:28.0 (9670293)|HEAP_ALLOCATE|[11]|Bytes:87
15:15:28.0 (9680900)|ENTERING_MANAGED_PKG|
15:15:28.0 (9693654)|USER_DEBUG|[11]|ERROR|The PermissionSet Name: PermissionSet:{Id=0PS36000000mmnUGAQ, Name=X00e1a000000MWaFAAW}
15:15:28.0 (9708633)|HEAP_ALLOCATE|[10]|Bytes:5
15:15:28.0 (9727980)|HEAP_ALLOCATE|[10]|Bytes:12
15:15:28.0 (9735265)|VARIABLE_SCOPE_BEGIN|[10]|PSetName|PermissionSet|true|false
15:15:28.0 (9748821)|VARIABLE_ASSIGNMENT|[10]|PSetName|{"s":1,"v":{"Id":"0PS36000000mmnVGAQ","Name":"X00e1a000000MWaGAAW"}}|0x1aaca180
15:15:28.0 (9751922)|STATEMENT_EXECUTE|[10]
15:15:28.0 (9753094)|STATEMENT_EXECUTE|[11]
15:15:28.0 (9768432)|ENTERING_MANAGED_PKG|
15:15:28.0 (9791086)|HEAP_ALLOCATE|[11]|Bytes:63
15:15:28.0 (9803987)|HEAP_ALLOCATE|[11]|Bytes:87
15:15:28.0 (9814716)|ENTERING_MANAGED_PKG|
15:15:28.0 (9827383)|USER_DEBUG|[11]|ERROR|The PermissionSet Name: PermissionSet:{Id=0PS36000000mmnVGAQ, Name=X00e1a000000MWaGAAW}
15:15:28.0 (9843078)|HEAP_ALLOCATE|[10]|Bytes:5
15:15:28.0 (9862472)|HEAP_ALLOCATE|[10]|Bytes:12
15:15:28.0 (9869749)|VARIABLE_SCOPE_BEGIN|[10]|PSetName|PermissionSet|true|false
15:15:28.0 (9883225)|VARIABLE_ASSIGNMENT|[10]|PSetName|{"s":1,"v":{"Id":"0PS36000000mmnWGAQ","Name":"X00e1a000000MWaHAAW"}}|0x36447411
15:15:28.0 (9886308)|STATEMENT_EXECUTE|[10]
15:15:28.0 (9887471)|STATEMENT_EXECUTE|[11]
15:15:28.0 (9902921)|ENTERING_MANAGED_PKG|
15:15:28.0 (9925630)|HEAP_ALLOCATE|[11]|Bytes:63
15:15:28.0 (9938338)|HEAP_ALLOCATE|[11]|Bytes:87
15:15:28.0 (9949062)|ENTERING_MANAGED_PKG|
15:15:28.0 (9961555)|USER_DEBUG|[11]|ERROR|The PermissionSet Name: PermissionSet:{Id=0PS36000000mmnWGAQ, Name=X00e1a000000MWaHAAW}
15:15:28.0 (9976877)|HEAP_ALLOCATE|[10]|Bytes:5
15:15:28.0 (9996312)|HEAP_ALLOCATE|[10]|Bytes:12
15:15:28.0 (10003422)|VARIABLE_SCOPE_BEGIN|[10]|PSetName|PermissionSet|true|false
15:15:28.0 (10018260)|VARIABLE_ASSIGNMENT|[10]|PSetName|{"s":1,"v":{"Id":"0PS36000000mmnXGAQ","Name":"X00e1a000000MWaIAAW"}}|0x29b6e204
15:15:28.0 (10021982)|STATEMENT_EXECUTE|[10]
15:15:28.0 (10023504)|STATEMENT_EXECUTE|[11]
15:15:28.0 (10039286)|ENTERING_MANAGED_PKG|
15:15:28.0 (10062015)|HEAP_ALLOCATE|[11]|Bytes:63
15:15:28.0 (10074850)|HEAP_ALLOCATE|[11]|Bytes:87
15:15:28.0 (10085588)|ENTERING_MANAGED_PKG|
15:15:28.0 (10098133)|USER_DEBUG|[11]|ERROR|The PermissionSet Name: PermissionSet:{Id=0PS36000000mmnXGAQ, Name=X00e1a000000MWaIAAW}
15:15:28.0 (10113195)|HEAP_ALLOCATE|[10]|Bytes:5
15:15:28.0 (10132628)|HEAP_ALLOCATE|[10]|Bytes:12
15:15:28.0 (10139852)|VARIABLE_SCOPE_BEGIN|[10]|PSetName|PermissionSet|true|false
15:15:28.0 (10153584)|VARIABLE_ASSIGNMENT|[10]|PSetName|{"s":1,"v":{"Id":"0PS36000000mmnYGAQ","Name":"X00e1a000000MWaJAAW"}}|0x46a5e48f
15:15:28.0 (10156865)|STATEMENT_EXECUTE|[10]
15:15:28.0 (10158078)|STATEMENT_EXECUTE|[11]
15:15:28.0 (10173537)|ENTERING_MANAGED_PKG|
15:15:28.0 (10196161)|HEAP_ALLOCATE|[11]|Bytes:63
15:15:28.0 (10212243)|HEAP_ALLOCATE|[11]|Bytes:87
15:15:28.0 (10223637)|ENTERING_MANAGED_PKG|
15:15:28.0 (10236866)|USER_DEBUG|[11]|ERROR|The PermissionSet Name: PermissionSet:{Id=0PS36000000mmnYGAQ, Name=X00e1a000000MWaJAAW}
15:15:28.0 (10252269)|HEAP_ALLOCATE|[10]|Bytes:5
15:15:28.0 (10271792)|HEAP_ALLOCATE|[10]|Bytes:12
15:15:28.0 (10279020)|VARIABLE_SCOPE_BEGIN|[10]|PSetName|PermissionSet|true|false
15:15:28.0 (10293019)|VARIABLE_ASSIGNMENT|[10]|PSetName|{"s":1,"v":{"Id":"0PS36000000mmnZGAQ","Name":"X00e1a000000MWaKAAW"}}|0x397aed7a
15:15:28.0 (10296320)|STATEMENT_EXECUTE|[10]
15:15:28.0 (10297520)|STATEMENT_EXECUTE|[11]
15:15:28.0 (10313078)|ENTERING_MANAGED_PKG|
15:15:28.0 (10335818)|HEAP_ALLOCATE|[11]|Bytes:63
15:15:28.0 (10348633)|HEAP_ALLOCATE|[11]|Bytes:87
15:15:28.0 (10359436)|ENTERING_MANAGED_PKG|
15:15:28.0 (10372058)|USER_DEBUG|[11]|ERROR|The PermissionSet Name: PermissionSet:{Id=0PS36000000mmnZGAQ, Name=X00e1a000000MWaKAAW}
15:15:28.0 (10387020)|HEAP_ALLOCATE|[10]|Bytes:5
15:15:28.0 (10406383)|HEAP_ALLOCATE|[10]|Bytes:12
15:15:28.0 (10413501)|VARIABLE_SCOPE_BEGIN|[10]|PSetName|PermissionSet|true|false
15:15:28.0 (10427776)|VARIABLE_ASSIGNMENT|[10]|PSetName|{"s":1,"v":{"Id":"0PS36000000mmnaGAA","Name":"X00e1a000000MWaLAAW"}}|0x2c8bf2b8
15:15:28.0 (10430897)|STATEMENT_EXECUTE|[10]
15:15:28.0 (10432084)|STATEMENT_EXECUTE|[11]
15:15:28.0 (10447665)|ENTERING_MANAGED_PKG|
15:15:28.0 (10470463)|HEAP_ALLOCATE|[11]|Bytes:63
15:15:28.0 (10483292)|HEAP_ALLOCATE|[11]|Bytes:87
15:15:28.0 (10494042)|ENTERING_MANAGED_PKG|
15:15:28.0 (10506484)|USER_DEBUG|[11]|ERROR|The PermissionSet Name: PermissionSet:{Id=0PS36000000mmnaGAA, Name=X00e1a000000MWaLAAW}
15:15:28.0 (10521438)|HEAP_ALLOCATE|[10]|Bytes:5
15:15:28.0 (10540733)|HEAP_ALLOCATE|[10]|Bytes:12
15:15:28.0 (10548058)|VARIABLE_SCOPE_BEGIN|[10]|PSetName|PermissionSet|true|false
15:15:28.0 (10561816)|VARIABLE_ASSIGNMENT|[10]|PSetName|{"s":1,"v":{"Id":"0PS36000000mmnbGAA","Name":"X00e1a000000MWaMAAW"}}|0x323393ef
15:15:28.0 (10564958)|STATEMENT_EXECUTE|[10]
15:15:28.0 (10566122)|STATEMENT_EXECUTE|[11]
15:15:28.0 (10581767)|ENTERING_MANAGED_PKG|
15:15:28.0 (10604690)|HEAP_ALLOCATE|[11]|Bytes:63
15:15:28.0 (10617426)|HEAP_ALLOCATE|[11]|Bytes:87
15:15:28.0 (10627941)|ENTERING_MANAGED_PKG|
15:15:28.0 (10640303)|USER_DEBUG|[11]|ERROR|The PermissionSet Name: PermissionSet:{Id=0PS36000000mmnbGAA, Name=X00e1a000000MWaMAAW}
15:15:28.0 (10655426)|HEAP_ALLOCATE|[10]|Bytes:5
15:15:28.0 (10674930)|HEAP_ALLOCATE|[10]|Bytes:12
15:15:28.0 (10682061)|VARIABLE_SCOPE_BEGIN|[10]|PSetName|PermissionSet|true|false
15:15:28.0 (10695579)|VARIABLE_ASSIGNMENT|[10]|PSetName|{"s":1,"v":{"Id":"0PS36000000mmncGAA","Name":"X00e1a000000MWaNAAW"}}|0x5bdb88ba
15:15:28.0 (10698847)|STATEMENT_EXECUTE|[10]
15:15:28.0 (10700060)|STATEMENT_EXECUTE|[11]
15:15:28.0 (10715229)|ENTERING_MANAGED_PKG|
15:15:28.0 (10737927)|HEAP_ALLOCATE|[11]|Bytes:63
15:15:28.0 (10750881)|HEAP_ALLOCATE|[11]|Bytes:87
15:15:28.0 (10761528)|ENTERING_MANAGED_PKG|
15:15:28.0 (10774046)|USER_DEBUG|[11]|ERROR|The PermissionSet Name: PermissionSet:{Id=0PS36000000mmncGAA, Name=X00e1a000000MWaNAAW}
15:15:28.0 (10789004)|HEAP_ALLOCATE|[10]|Bytes:5
15:15:28.0 (10808636)|HEAP_ALLOCATE|[10]|Bytes:12
15:15:28.0 (10815780)|VARIABLE_SCOPE_BEGIN|[10]|PSetName|PermissionSet|true|false
15:15:28.0 (10829477)|VARIABLE_ASSIGNMENT|[10]|PSetName|{"s":1,"v":{"Id":"0PS36000000mmndGAA","Name":"X00e1a000000MWaOAAW"}}|0x3524af86
15:15:28.0 (10832575)|STATEMENT_EXECUTE|[10]
15:15:28.0 (10833820)|STATEMENT_EXECUTE|[11]
15:15:28.0 (10849365)|ENTERING_MANAGED_PKG|
15:15:28.0 (10872068)|HEAP_ALLOCATE|[11]|Bytes:63
15:15:28.0 (10884845)|HEAP_ALLOCATE|[11]|Bytes:87
15:15:28.0 (10895423)|ENTERING_MANAGED_PKG|
15:15:28.0 (10907870)|USER_DEBUG|[11]|ERROR|The PermissionSet Name: PermissionSet:{Id=0PS36000000mmndGAA, Name=X00e1a000000MWaOAAW}
15:15:28.0 (10922942)|HEAP_ALLOCATE|[10]|Bytes:5
15:15:28.0 (10942343)|HEAP_ALLOCATE|[10]|Bytes:12
15:15:28.0 (10949465)|VARIABLE_SCOPE_BEGIN|[10]|PSetName|PermissionSet|true|false
15:15:28.0 (10963428)|VARIABLE_ASSIGNMENT|[10]|PSetName|{"s":1,"v":{"Id":"0PS36000000mmneGAA","Name":"X00e1a000000MWaPAAW"}}|0x464995a8
15:15:28.0 (10966823)|STATEMENT_EXECUTE|[10]
15:15:28.0 (10968037)|STATEMENT_EXECUTE|[11]
15:15:28.0 (10983302)|ENTERING_MANAGED_PKG|
15:15:28.0 (11006189)|HEAP_ALLOCATE|[11]|Bytes:63
15:15:28.0 (11019599)|HEAP_ALLOCATE|[11]|Bytes:87
15:15:28.0 (11030273)|ENTERING_MANAGED_PKG|
15:15:28.0 (11042826)|USER_DEBUG|[11]|ERROR|The PermissionSet Name: PermissionSet:{Id=0PS36000000mmneGAA, Name=X00e1a000000MWaPAAW}
15:15:28.0 (11058059)|HEAP_ALLOCATE|[10]|Bytes:5
15:15:28.0 (11077361)|HEAP_ALLOCATE|[10]|Bytes:12
15:15:28.0 (11084694)|VARIABLE_SCOPE_BEGIN|[10]|PSetName|PermissionSet|true|false
15:15:28.0 (11098493)|VARIABLE_ASSIGNMENT|[10]|PSetName|{"s":1,"v":{"Id":"0PS36000000mmnfGAA","Name":"X00e1a000000MWaQAAW"}}|0x684bca65
15:15:28.0 (11101758)|STATEMENT_EXECUTE|[10]
15:15:28.0 (11102955)|STATEMENT_EXECUTE|[11]
15:15:28.0 (11118334)|ENTERING_MANAGED_PKG|
15:15:28.0 (11141203)|HEAP_ALLOCATE|[11]|Bytes:63
15:15:28.0 (11153879)|HEAP_ALLOCATE|[11]|Bytes:87
15:15:28.0 (11164447)|ENTERING_MANAGED_PKG|
15:15:28.0 (11176803)|USER_DEBUG|[11]|ERROR|The PermissionSet Name: PermissionSet:{Id=0PS36000000mmnfGAA, Name=X00e1a000000MWaQAAW}
15:15:28.0 (11192206)|HEAP_ALLOCATE|[10]|Bytes:5
15:15:28.0 (11216526)|HEAP_ALLOCATE|[10]|Bytes:12
15:15:28.0 (11224635)|VARIABLE_SCOPE_BEGIN|[10]|PSetName|PermissionSet|true|false
15:15:28.0 (11238587)|VARIABLE_ASSIGNMENT|[10]|PSetName|{"s":1,"v":{"Id":"0PS36000000mmngGAA","Name":"X00e1a000000MWaRAAW"}}|0x6f52018e
15:15:28.0 (11241633)|STATEMENT_EXECUTE|[10]
15:15:28.0 (11242829)|STATEMENT_EXECUTE|[11]
15:15:28.0 (11258890)|ENTERING_MANAGED_PKG|
15:15:28.0 (11282072)|HEAP_ALLOCATE|[11]|Bytes:63
15:15:28.0 (11294993)|HEAP_ALLOCATE|[11]|Bytes:87
15:15:28.0 (11305811)|ENTERING_MANAGED_PKG|
15:15:28.0 (11318443)|USER_DEBUG|[11]|ERROR|The PermissionSet Name: PermissionSet:{Id=0PS36000000mmngGAA, Name=X00e1a000000MWaRAAW}
15:15:28.0 (11333502)|HEAP_ALLOCATE|[10]|Bytes:5
15:15:28.0 (11352640)|HEAP_ALLOCATE|[10]|Bytes:12
15:15:28.0 (11359717)|VARIABLE_SCOPE_BEGIN|[10]|PSetName|PermissionSet|true|false
15:15:28.0 (11373753)|VARIABLE_ASSIGNMENT|[10]|PSetName|{"s":1,"v":{"Id":"0PS36000000mmnhGAA","Name":"X00e1a000000MWaSAAW"}}|0x7f9adb7d
15:15:28.0 (11376885)|STATEMENT_EXECUTE|[10]
15:15:28.0 (11378021)|STATEMENT_EXECUTE|[11]
15:15:28.0 (11393398)|ENTERING_MANAGED_PKG|
15:15:28.0 (11415992)|HEAP_ALLOCATE|[11]|Bytes:63
15:15:28.0 (11428701)|HEAP_ALLOCATE|[11]|Bytes:87
15:15:28.0 (11439151)|ENTERING_MANAGED_PKG|
15:15:28.0 (11451514)|USER_DEBUG|[11]|ERROR|The PermissionSet Name: PermissionSet:{Id=0PS36000000mmnhGAA, Name=X00e1a000000MWaSAAW}
15:15:28.0 (11466489)|HEAP_ALLOCATE|[10]|Bytes:5
15:15:28.0 (11485671)|HEAP_ALLOCATE|[10]|Bytes:12
15:15:28.0 (11492709)|VARIABLE_SCOPE_BEGIN|[10]|PSetName|PermissionSet|true|false
15:15:28.0 (11506443)|VARIABLE_ASSIGNMENT|[10]|PSetName|{"s":1,"v":{"Id":"0PS36000000mmniGAA","Name":"X00e1a000000MWaTAAW"}}|0x75f4e5f3
15:15:28.0 (11509526)|STATEMENT_EXECUTE|[10]
15:15:28.0 (11510706)|STATEMENT_EXECUTE|[11]
15:15:28.0 (11526252)|ENTERING_MANAGED_PKG|
15:15:28.0 (11548878)|HEAP_ALLOCATE|[11]|Bytes:63
15:15:28.0 (11562008)|HEAP_ALLOCATE|[11]|Bytes:87
15:15:28.0 (11572637)|ENTERING_MANAGED_PKG|
15:15:28.0 (11585013)|USER_DEBUG|[11]|ERROR|The PermissionSet Name: PermissionSet:{Id=0PS36000000mmniGAA, Name=X00e1a000000MWaTAAW}
15:15:28.0 (11599888)|HEAP_ALLOCATE|[10]|Bytes:5
15:15:28.0 (11619041)|HEAP_ALLOCATE|[10]|Bytes:12
15:15:28.0 (11626249)|VARIABLE_SCOPE_BEGIN|[10]|PSetName|PermissionSet|true|false
15:15:28.0 (11640149)|VARIABLE_ASSIGNMENT|[10]|PSetName|{"s":1,"v":{"Id":"0PS36000000mmnjGAA","Name":"X00e1a000000MWaUAAW"}}|0x43da01ca
15:15:28.0 (11643447)|STATEMENT_EXECUTE|[10]
15:15:28.0 (11644630)|STATEMENT_EXECUTE|[11]
15:15:28.0 (11660084)|ENTERING_MANAGED_PKG|
15:15:28.0 (11682965)|HEAP_ALLOCATE|[11]|Bytes:63
15:15:28.0 (11695830)|HEAP_ALLOCATE|[11]|Bytes:87
15:15:28.0 (11706364)|ENTERING_MANAGED_PKG|
15:15:28.0 (11718952)|USER_DEBUG|[11]|ERROR|The PermissionSet Name: PermissionSet:{Id=0PS36000000mmnjGAA, Name=X00e1a000000MWaUAAW}
15:15:28.0 (11734001)|HEAP_ALLOCATE|[10]|Bytes:5
15:15:28.0 (11753837)|HEAP_ALLOCATE|[10]|Bytes:12
15:15:28.0 (11761093)|VARIABLE_SCOPE_BEGIN|[10]|PSetName|PermissionSet|true|false
15:15:28.0 (11774717)|VARIABLE_ASSIGNMENT|[10]|PSetName|{"s":1,"v":{"Id":"0PS36000000mmnlGAA","Name":"X00e1a000000N1LRAA0"}}|0x3cfb364e
15:15:28.0 (11777784)|STATEMENT_EXECUTE|[10]
15:15:28.0 (11779007)|STATEMENT_EXECUTE|[11]
15:15:28.0 (11794537)|ENTERING_MANAGED_PKG|
15:15:28.0 (11816929)|HEAP_ALLOCATE|[11]|Bytes:63
15:15:28.0 (11829764)|HEAP_ALLOCATE|[11]|Bytes:87
15:15:28.0 (11840404)|ENTERING_MANAGED_PKG|
15:15:28.0 (11852860)|USER_DEBUG|[11]|ERROR|The PermissionSet Name: PermissionSet:{Id=0PS36000000mmnlGAA, Name=X00e1a000000N1LRAA0}
15:15:28.0 (11867638)|HEAP_ALLOCATE|[10]|Bytes:5
15:15:28.0 (11886663)|HEAP_ALLOCATE|[10]|Bytes:12
15:15:28.0 (11893862)|VARIABLE_SCOPE_BEGIN|[10]|PSetName|PermissionSet|true|false
15:15:28.0 (11907499)|VARIABLE_ASSIGNMENT|[10]|PSetName|{"s":1,"v":{"Id":"0PS36000000mmnmGAA","Name":"X00e1a000000N1LSAA0"}}|0x1513539f
15:15:28.0 (11910559)|STATEMENT_EXECUTE|[10]
15:15:28.0 (11912125)|STATEMENT_EXECUTE|[11]
15:15:28.0 (11927759)|ENTERING_MANAGED_PKG|
15:15:28.0 (11950330)|HEAP_ALLOCATE|[11]|Bytes:63
15:15:28.0 (11962983)|HEAP_ALLOCATE|[11]|Bytes:87
15:15:28.0 (11973825)|ENTERING_MANAGED_PKG|
15:15:28.0 (11986269)|USER_DEBUG|[11]|ERROR|The PermissionSet Name: PermissionSet:{Id=0PS36000000mmnmGAA, Name=X00e1a000000N1LSAA0}
15:15:28.0 (12001103)|HEAP_ALLOCATE|[10]|Bytes:5
15:15:28.0 (12021673)|HEAP_ALLOCATE|[10]|Bytes:12
15:15:28.0 (12029012)|VARIABLE_SCOPE_BEGIN|[10]|PSetName|PermissionSet|true|false
15:15:28.0 (12042778)|VARIABLE_ASSIGNMENT|[10]|PSetName|{"s":1,"v":{"Id":"0PS36000000mmnnGAA","Name":"X00e1a000000N1wKAAS"}}|0x479af7b3
15:15:28.0 (12045977)|STATEMENT_EXECUTE|[10]
15:15:28.0 (12047201)|STATEMENT_EXECUTE|[11]
15:15:28.0 (12062628)|ENTERING_MANAGED_PKG|
15:15:28.0 (12085410)|HEAP_ALLOCATE|[11]|Bytes:63
15:15:28.0 (12098232)|HEAP_ALLOCATE|[11]|Bytes:87
15:15:28.0 (12108949)|ENTERING_MANAGED_PKG|
15:15:28.0 (12121402)|USER_DEBUG|[11]|ERROR|The PermissionSet Name: PermissionSet:{Id=0PS36000000mmnnGAA, Name=X00e1a000000N1wKAAS}
15:15:28.0 (12136902)|HEAP_ALLOCATE|[10]|Bytes:5
15:15:28.0 (12156422)|HEAP_ALLOCATE|[10]|Bytes:12
15:15:28.0 (12163491)|VARIABLE_SCOPE_BEGIN|[10]|PSetName|PermissionSet|true|false
15:15:28.0 (12177378)|VARIABLE_ASSIGNMENT|[10]|PSetName|{"s":1,"v":{"Id":"0PS36000000mmnoGAA","Name":"X00e1a000000N1wLAAS"}}|0x545d7adb
15:15:28.0 (12180343)|STATEMENT_EXECUTE|[10]
15:15:28.0 (12181575)|STATEMENT_EXECUTE|[11]
15:15:28.0 (12196906)|ENTERING_MANAGED_PKG|
15:15:28.0 (12223366)|HEAP_ALLOCATE|[11]|Bytes:63
15:15:28.0 (12236747)|HEAP_ALLOCATE|[11]|Bytes:87
15:15:28.0 (12247677)|ENTERING_MANAGED_PKG|
15:15:28.0 (12260637)|USER_DEBUG|[11]|ERROR|The PermissionSet Name: PermissionSet:{Id=0PS36000000mmnoGAA, Name=X00e1a000000N1wLAAS}
15:15:28.0 (12275879)|HEAP_ALLOCATE|[10]|Bytes:5
15:15:28.0 (12295348)|HEAP_ALLOCATE|[10]|Bytes:12
15:15:28.0 (12302575)|VARIABLE_SCOPE_BEGIN|[10]|PSetName|PermissionSet|true|false
15:15:28.0 (12316309)|VARIABLE_ASSIGNMENT|[10]|PSetName|{"s":1,"v":{"Id":"0PS36000000mmnqGAA","Name":"X00e1a000000MWaAAAW"}}|0x31717f58
15:15:28.0 (12319614)|STATEMENT_EXECUTE|[10]
15:15:28.0 (12320831)|STATEMENT_EXECUTE|[11]
15:15:28.0 (12336281)|ENTERING_MANAGED_PKG|
15:15:28.0 (12358935)|HEAP_ALLOCATE|[11]|Bytes:63
15:15:28.0 (12371883)|HEAP_ALLOCATE|[11]|Bytes:87
15:15:28.0 (12382665)|ENTERING_MANAGED_PKG|
15:15:28.0 (12395350)|USER_DEBUG|[11]|ERROR|The PermissionSet Name: PermissionSet:{Id=0PS36000000mmnqGAA, Name=X00e1a000000MWaAAAW}
15:15:28.0 (12410532)|HEAP_ALLOCATE|[10]|Bytes:5
15:15:28.0 (12422789)|VARIABLE_ASSIGNMENT|[10]|PSetName|null|
15:15:28.0 (12425980)|STATEMENT_EXECUTE|[14]
15:15:28.0 (12439374)|SYSTEM_MODE_EXIT|false
15:15:28.12 (12487262)|CUMULATIVE_LIMIT_USAGE
15:15:28.12 (12487262)|LIMIT_USAGE_FOR_NS|(default)|
  Number of SOQL queries: 0 out of 100
  Number of query rows: 0 out of 50000
  Number of SOSL queries: 0 out of 20
  Number of DML statements: 0 out of 150
  Number of DML rows: 0 out of 10000
  Maximum CPU time: 0 out of 10000
  Maximum heap size: 0 out of 6000000
  Number of callouts: 0 out of 100
  Number of Email Invocations: 0 out of 10
  Number of future calls: 0 out of 50
  Number of queueable jobs added to the queue: 0 out of 50
  Number of Mobile Apex push calls: 0 out of 10

15:15:28.12 (12487262)|LIMIT_USAGE_FOR_NS|shiva15testns|
  Number of SOQL queries: 1 out of 100
  Number of query rows: 36 out of 50000
  Number of SOSL queries: 0 out of 20
  Number of DML statements: 0 out of 150
  Number of DML rows: 0 out of 10000
  Maximum CPU time: 0 out of 10000
  Maximum heap size: 0 out of 6000000
  Number of callouts: 0 out of 100
  Number of Email Invocations: 0 out of 10
  Number of future calls: 0 out of 50
  Number of queueable jobs added to the queue: 0 out of 50
  Number of Mobile Apex push calls: 0 out of 10

15:15:28.12 (12487262)|CUMULATIVE_LIMIT_USAGE_END

15:15:28.0 (12547600)|CODE_UNIT_FINISHED|PermissionSetPortalControllers.getAllPermissionSets
15:15:28.0 (15059350)|EXECUTION_FINISHED
