36.0 APEX_CODE,FINEST;APEX_PROFILING,INFO;CALLOUT,INFO;DB,INFO;SYSTEM,DEBUG;VALIDATION,INFO;VISUALFORCE,INFO;WORKFLOW,INFO
16:14:38.0 (84158)|EXECUTION_STARTED
16:14:38.0 (116710)|CODE_UNIT_STARTED|[EXTERNAL]|01p36000005Jpvx|PermissionSetPortalControllers.getAllFields
16:14:38.0 (230878)|VARIABLE_SCOPE_BEGIN|[2]|PermissionSetPortalControllers.AllObjectsofOrg|Map<String,Schema.SObjectType>|true|true
16:14:38.0 (246192)|VARIABLE_SCOPE_BEGIN|[3]|PermissionSetPortalControllers.AllPermissionSets|List<PermissionSet>|true|true
16:14:38.0 (258157)|VARIABLE_SCOPE_BEGIN|[4]|PermissionSetPortalControllers.inputField|String|false|true
16:14:38.0 (386507)|HEAP_ALLOCATE|[72]|Bytes:3
16:14:38.0 (430101)|HEAP_ALLOCATE|[77]|Bytes:152
16:14:38.0 (448830)|HEAP_ALLOCATE|[342]|Bytes:408
16:14:38.0 (474855)|HEAP_ALLOCATE|[355]|Bytes:408
16:14:38.0 (495338)|HEAP_ALLOCATE|[467]|Bytes:48
16:14:38.0 (526149)|HEAP_ALLOCATE|[139]|Bytes:6
16:14:38.0 (547669)|HEAP_ALLOCATE|[EXTERNAL]|Bytes:88
16:14:38.0 (552749)|HEAP_ALLOCATE|[EXTERNAL]|Bytes:9
16:14:38.0 (555470)|HEAP_ALLOCATE|[EXTERNAL]|Bytes:11
16:14:38.0 (572465)|METHOD_ENTRY|[1]|01p36000005Jpvx|PermissionSetPortalControllers.PermissionSetPortalControllers()
16:14:38.0 (576633)|STATEMENT_EXECUTE|[1]
16:14:38.0 (581631)|STATEMENT_EXECUTE|[1]
16:14:38.0 (618686)|HEAP_ALLOCATE|[50]|Bytes:5
16:14:38.0 (640358)|HEAP_ALLOCATE|[56]|Bytes:5
16:14:38.0 (648731)|HEAP_ALLOCATE|[64]|Bytes:7
16:14:38.0 (672772)|SYSTEM_MODE_ENTER|false
16:14:38.0 (690824)|HEAP_ALLOCATE|[EXTERNAL]|Bytes:5
16:14:38.0 (696637)|SYSTEM_MODE_EXIT|false
16:14:38.0 (706656)|METHOD_EXIT|[1]|PermissionSetPortalControllers
16:14:38.0 (716609)|SYSTEM_MODE_ENTER|false
16:14:38.0 (726825)|VARIABLE_SCOPE_BEGIN|[63]|objectName|String|false|false
16:14:38.0 (749187)|VARIABLE_ASSIGNMENT|[63]|objectName|null
16:14:38.0 (763596)|HEAP_ALLOCATE|[65]|Bytes:5
16:14:38.0 (767596)|STATEMENT_EXECUTE|[63]
16:14:38.0 (768993)|STATEMENT_EXECUTE|[65]
16:14:38.0 (773931)|HEAP_ALLOCATE|[65]|Bytes:4
16:14:38.0 (813796)|ENTERING_MANAGED_PKG|
16:14:38.0 (843654)|VARIABLE_SCOPE_BEGIN|[65]|individiaulObjFields|List<String>|true|false
16:14:38.0 (872425)|HEAP_ALLOCATE|[EXTERNAL]|Bytes:4
16:14:38.0 (891904)|VARIABLE_ASSIGNMENT|[65]|individiaulObjFields|{"s":1,"v":[]}|0x15973737
16:14:38.0 (949436)|HEAP_ALLOCATE|[66]|Bytes:41
16:14:38.0 (1032191)|FATAL_ERROR|System.NullPointerException: Attempt to de-reference a null object

Class.shiva15testns.PermissionSetPortalControllers.getAllFields: line 66, column 1
16:14:38.0 (1046108)|FATAL_ERROR|System.NullPointerException: Attempt to de-reference a null object

Class.shiva15testns.PermissionSetPortalControllers.getAllFields: line 66, column 1
16:14:38.1 (1055671)|CUMULATIVE_LIMIT_USAGE
16:14:38.1 (1055671)|LIMIT_USAGE_FOR_NS|(default)|
  Number of SOQL queries: 0 out of 100
  Number of query rows: 0 out of 50000
  Number of SOSL queries: 0 out of 20
  Number of DML statements: 0 out of 150
  Number of DML rows: 0 out of 10000
  Maximum CPU time: 0 out of 10000
  Maximum heap size: 0 out of 6000000
  Number of callouts: 0 out of 100
  Number of Email Invocations: 0 out of 10
  Number of future calls: 0 out of 50
  Number of queueable jobs added to the queue: 0 out of 50
  Number of Mobile Apex push calls: 0 out of 10

16:14:38.1 (1055671)|CUMULATIVE_LIMIT_USAGE_END

16:14:38.0 (1094871)|CODE_UNIT_FINISHED|PermissionSetPortalControllers.getAllFields
16:14:38.0 (2623477)|EXECUTION_FINISHED
