36.0 APEX_CODE,FINEST;APEX_PROFILING,INFO;CALLOUT,INFO;DB,INFO;SYSTEM,DEBUG;VALIDATION,INFO;VISUALFORCE,INFO;WORKFLOW,INFO
03:08:53.0 (81215)|EXECUTION_STARTED
03:08:53.0 (117333)|CODE_UNIT_STARTED|[EXTERNAL]|01p36000005Jpvx|PermissionSetPortalControllers.getAllPermissionSets
03:08:53.0 (311425)|HEAP_ALLOCATE|[72]|Bytes:3
03:08:53.0 (360404)|HEAP_ALLOCATE|[77]|Bytes:152
03:08:53.0 (379285)|HEAP_ALLOCATE|[342]|Bytes:408
03:08:53.0 (399946)|HEAP_ALLOCATE|[355]|Bytes:408
03:08:53.0 (419741)|HEAP_ALLOCATE|[467]|Bytes:48
03:08:53.0 (456315)|HEAP_ALLOCATE|[139]|Bytes:6
03:08:53.0 (494649)|VARIABLE_SCOPE_BEGIN|[2]|PermissionSetPortalControllers.AllObjectsofOrg|Map<String,Schema.SObjectType>|true|true
03:08:53.0 (502533)|VARIABLE_SCOPE_BEGIN|[3]|PermissionSetPortalControllers.AllPermissionSets|List<PermissionSet>|true|true
03:08:53.0 (506995)|VARIABLE_SCOPE_BEGIN|[4]|PermissionSetPortalControllers.inputField|String|false|true
03:08:53.0 (577445)|HEAP_ALLOCATE|[EXTERNAL]|Bytes:88
03:08:53.0 (583591)|HEAP_ALLOCATE|[EXTERNAL]|Bytes:3
03:08:53.0 (586789)|HEAP_ALLOCATE|[EXTERNAL]|Bytes:5
03:08:53.0 (740008)|METHOD_ENTRY|[1]|01p36000005Jpvx|PermissionSetPortalControllers.PermissionSetPortalControllers()
03:08:53.0 (746000)|STATEMENT_EXECUTE|[1]
03:08:53.0 (753139)|STATEMENT_EXECUTE|[1]
03:08:53.0 (785447)|HEAP_ALLOCATE|[50]|Bytes:5
03:08:53.0 (805193)|HEAP_ALLOCATE|[56]|Bytes:5
03:08:53.0 (813917)|HEAP_ALLOCATE|[64]|Bytes:7
03:08:53.0 (841090)|SYSTEM_MODE_ENTER|false
03:08:53.0 (854217)|HEAP_ALLOCATE|[EXTERNAL]|Bytes:5
03:08:53.0 (861595)|SYSTEM_MODE_EXIT|false
03:08:53.0 (874432)|METHOD_EXIT|[1]|PermissionSetPortalControllers
03:08:53.0 (886326)|SYSTEM_MODE_ENTER|false
03:08:53.0 (899818)|HEAP_ALLOCATE|[8]|Bytes:5
03:08:53.0 (904201)|STATEMENT_EXECUTE|[7]
03:08:53.0 (905703)|STATEMENT_EXECUTE|[8]
03:08:53.0 (908839)|HEAP_ALLOCATE|[8]|Bytes:34
03:08:53.0 (917234)|HEAP_ALLOCATE|[8]|Bytes:4
03:08:53.0 (1542196)|SOQL_EXECUTE_BEGIN|[8]|Aggregations:0|SELECT Id, Name FROM PermissionSet
03:08:53.0 (4960326)|SOQL_EXECUTE_END|[8]|Rows:36
03:08:53.0 (4979511)|HEAP_ALLOCATE|[8]|Bytes:148
03:08:53.0 (5031081)|HEAP_ALLOCATE|[8]|Bytes:2125
03:08:53.0 (5060083)|HEAP_ALLOCATE|[8]|Bytes:148
03:08:53.0 (5115448)|VARIABLE_ASSIGNMENT|[8]|PermissionSetPortalControllers.AllPermissionSets|{"s":1,"v":"List of size 36 too large to display"}|0x1b0bef4c
03:08:53.0 (5189931)|ENTERING_MANAGED_PKG|
03:08:53.0 (5235532)|STATEMENT_EXECUTE|[9]
03:08:53.0 (5253220)|ENTERING_MANAGED_PKG|
03:08:53.0 (5519039)|HEAP_ALLOCATE|[10]|Bytes:5
03:08:53.0 (5555996)|HEAP_ALLOCATE|[10]|Bytes:12
03:08:53.0 (5570993)|VARIABLE_SCOPE_BEGIN|[10]|PSetName|PermissionSet|true|false
03:08:53.0 (5598047)|VARIABLE_ASSIGNMENT|[10]|PSetName|{"s":1,"v":{"Id":"0PS36000000mmnFGAQ","Name":"X00e1a000000MWa8AAG"}}|0x160824be
03:08:53.0 (5602498)|STATEMENT_EXECUTE|[10]
03:08:53.0 (5603874)|STATEMENT_EXECUTE|[11]
03:08:53.0 (5782761)|HEAP_ALLOCATE|[11]|Bytes:24
03:08:53.0 (5821249)|ENTERING_MANAGED_PKG|
03:08:53.0 (5895642)|HEAP_ALLOCATE|[11]|Bytes:63
03:08:53.0 (5922252)|HEAP_ALLOCATE|[11]|Bytes:87
03:08:53.0 (5952727)|ENTERING_MANAGED_PKG|
03:08:53.0 (5967991)|USER_DEBUG|[11]|ERROR|The PermissionSet Name: PermissionSet:{Id=0PS36000000mmnFGAQ, Name=X00e1a000000MWa8AAG}
03:08:53.0 (5984427)|HEAP_ALLOCATE|[10]|Bytes:5
03:08:53.0 (6006457)|HEAP_ALLOCATE|[10]|Bytes:12
03:08:53.0 (6018329)|VARIABLE_SCOPE_BEGIN|[10]|PSetName|PermissionSet|true|false
03:08:53.0 (6038201)|VARIABLE_ASSIGNMENT|[10]|PSetName|{"s":1,"v":{"Id":"0PS36000000mmnGGAQ","Name":"X00ex00000018ozl_128 (11 more) ..."}}|0x74871abd
03:08:53.0 (6042362)|STATEMENT_EXECUTE|[10]
03:08:53.0 (6043620)|STATEMENT_EXECUTE|[11]
03:08:53.0 (6060564)|ENTERING_MANAGED_PKG|
03:08:53.0 (6084721)|HEAP_ALLOCATE|[11]|Bytes:75
03:08:53.0 (6098452)|HEAP_ALLOCATE|[11]|Bytes:99
03:08:53.0 (6110842)|ENTERING_MANAGED_PKG|
03:08:53.0 (6120286)|USER_DEBUG|[11]|ERROR|The PermissionSet Name: PermissionSet:{Id=0PS36000000mmnGGAQ, Name=X00ex00000018ozl_128_09_04_12_5}
03:08:53.0 (6135784)|HEAP_ALLOCATE|[10]|Bytes:5
03:08:53.0 (6157188)|HEAP_ALLOCATE|[10]|Bytes:12
03:08:53.0 (6167472)|VARIABLE_SCOPE_BEGIN|[10]|PSetName|PermissionSet|true|false
03:08:53.0 (6185459)|VARIABLE_ASSIGNMENT|[10]|PSetName|{"s":1,"v":{"Id":"0PS36000000mmnHGAQ","Name":"X00ex00000018ozm_128 (11 more) ..."}}|0x27de27b3
03:08:53.0 (6189371)|STATEMENT_EXECUTE|[10]
03:08:53.0 (6190549)|STATEMENT_EXECUTE|[11]
03:08:53.0 (6206610)|ENTERING_MANAGED_PKG|
03:08:53.0 (6229254)|HEAP_ALLOCATE|[11]|Bytes:75
03:08:53.0 (6242503)|HEAP_ALLOCATE|[11]|Bytes:99
03:08:53.0 (6254895)|ENTERING_MANAGED_PKG|
03:08:53.0 (6264133)|USER_DEBUG|[11]|ERROR|The PermissionSet Name: PermissionSet:{Id=0PS36000000mmnHGAQ, Name=X00ex00000018ozm_128_09_04_12_6}
03:08:53.0 (6279132)|HEAP_ALLOCATE|[10]|Bytes:5
03:08:53.0 (6300009)|HEAP_ALLOCATE|[10]|Bytes:12
03:08:53.0 (6310072)|VARIABLE_SCOPE_BEGIN|[10]|PSetName|PermissionSet|true|false
03:08:53.0 (6331472)|VARIABLE_ASSIGNMENT|[10]|PSetName|{"s":1,"v":{"Id":"0PS36000000mmnIGAQ","Name":"X00ex00000018ozk_128 (11 more) ..."}}|0xd6a03b6
03:08:53.0 (6335576)|STATEMENT_EXECUTE|[10]
03:08:53.0 (6336748)|STATEMENT_EXECUTE|[11]
03:08:53.0 (6358578)|ENTERING_MANAGED_PKG|
03:08:53.0 (6381681)|HEAP_ALLOCATE|[11]|Bytes:75
03:08:53.0 (6395252)|HEAP_ALLOCATE|[11]|Bytes:99
03:08:53.0 (6407429)|ENTERING_MANAGED_PKG|
03:08:53.0 (6416714)|USER_DEBUG|[11]|ERROR|The PermissionSet Name: PermissionSet:{Id=0PS36000000mmnIGAQ, Name=X00ex00000018ozk_128_09_04_12_4}
03:08:53.0 (6431476)|HEAP_ALLOCATE|[10]|Bytes:5
03:08:53.0 (6452426)|HEAP_ALLOCATE|[10]|Bytes:12
03:08:53.0 (6462401)|VARIABLE_SCOPE_BEGIN|[10]|PSetName|PermissionSet|true|false
03:08:53.0 (6480095)|VARIABLE_ASSIGNMENT|[10]|PSetName|{"s":1,"v":{"Id":"0PS36000000mmnJGAQ","Name":"X00ex00000018ozj_128 (11 more) ..."}}|0x5a10fb71
03:08:53.0 (6483932)|STATEMENT_EXECUTE|[10]
03:08:53.0 (6485115)|STATEMENT_EXECUTE|[11]
03:08:53.0 (6501228)|ENTERING_MANAGED_PKG|
03:08:53.0 (6523433)|HEAP_ALLOCATE|[11]|Bytes:75
03:08:53.0 (6536462)|HEAP_ALLOCATE|[11]|Bytes:99
03:08:53.0 (6548392)|ENTERING_MANAGED_PKG|
03:08:53.0 (6557466)|USER_DEBUG|[11]|ERROR|The PermissionSet Name: PermissionSet:{Id=0PS36000000mmnJGAQ, Name=X00ex00000018ozj_128_09_04_12_3}
03:08:53.0 (6572127)|HEAP_ALLOCATE|[10]|Bytes:5
03:08:53.0 (6592477)|HEAP_ALLOCATE|[10]|Bytes:12
03:08:53.0 (6602245)|VARIABLE_SCOPE_BEGIN|[10]|PSetName|PermissionSet|true|false
03:08:53.0 (6619336)|VARIABLE_ASSIGNMENT|[10]|PSetName|{"s":1,"v":{"Id":"0PS36000000mmnKGAQ","Name":"X00ex00000018ozo_128 (11 more) ..."}}|0x160e507c
03:08:53.0 (6623033)|STATEMENT_EXECUTE|[10]
03:08:53.0 (6624245)|STATEMENT_EXECUTE|[11]
03:08:53.0 (6639741)|ENTERING_MANAGED_PKG|
03:08:53.0 (6661522)|HEAP_ALLOCATE|[11]|Bytes:75
03:08:53.0 (6674328)|HEAP_ALLOCATE|[11]|Bytes:99
03:08:53.0 (6686221)|ENTERING_MANAGED_PKG|
03:08:53.0 (6695050)|USER_DEBUG|[11]|ERROR|The PermissionSet Name: PermissionSet:{Id=0PS36000000mmnKGAQ, Name=X00ex00000018ozo_128_09_04_12_8}
03:08:53.0 (6709662)|HEAP_ALLOCATE|[10]|Bytes:5
03:08:53.0 (6730322)|HEAP_ALLOCATE|[10]|Bytes:12
03:08:53.0 (6740365)|VARIABLE_SCOPE_BEGIN|[10]|PSetName|PermissionSet|true|false
03:08:53.0 (6757550)|VARIABLE_ASSIGNMENT|[10]|PSetName|{"s":1,"v":{"Id":"0PS36000000mmnLGAQ","Name":"X00ex00000018ozh_128 (11 more) ..."}}|0x40bb0eb1
03:08:53.0 (6761207)|STATEMENT_EXECUTE|[10]
03:08:53.0 (6762361)|STATEMENT_EXECUTE|[11]
03:08:53.0 (6778061)|ENTERING_MANAGED_PKG|
03:08:53.0 (6800183)|HEAP_ALLOCATE|[11]|Bytes:75
03:08:53.0 (6813132)|HEAP_ALLOCATE|[11]|Bytes:99
03:08:53.0 (6824638)|ENTERING_MANAGED_PKG|
03:08:53.0 (6833449)|USER_DEBUG|[11]|ERROR|The PermissionSet Name: PermissionSet:{Id=0PS36000000mmnLGAQ, Name=X00ex00000018ozh_128_09_04_12_1}
03:08:53.0 (6847915)|HEAP_ALLOCATE|[10]|Bytes:5
03:08:53.0 (6868529)|HEAP_ALLOCATE|[10]|Bytes:12
03:08:53.0 (6878641)|VARIABLE_SCOPE_BEGIN|[10]|PSetName|PermissionSet|true|false
03:08:53.0 (6895399)|VARIABLE_ASSIGNMENT|[10]|PSetName|{"s":1,"v":{"Id":"0PS36000000mmnMGAQ","Name":"X00ex00000018ozq_128 (12 more) ..."}}|0x1d91c2a3
03:08:53.0 (6899079)|STATEMENT_EXECUTE|[10]
03:08:53.0 (6900236)|STATEMENT_EXECUTE|[11]
03:08:53.0 (6915876)|ENTERING_MANAGED_PKG|
03:08:53.0 (6937553)|HEAP_ALLOCATE|[11]|Bytes:76
03:08:53.0 (6950464)|HEAP_ALLOCATE|[11]|Bytes:100
03:08:53.0 (6962121)|ENTERING_MANAGED_PKG|
03:08:53.0 (6971086)|USER_DEBUG|[11]|ERROR|The PermissionSet Name: PermissionSet:{Id=0PS36000000mmnMGAQ, Name=X00ex00000018ozq_128_09_04_12_10}
03:08:53.0 (6985677)|HEAP_ALLOCATE|[10]|Bytes:5
03:08:53.0 (7005935)|HEAP_ALLOCATE|[10]|Bytes:12
03:08:53.0 (7016762)|VARIABLE_SCOPE_BEGIN|[10]|PSetName|PermissionSet|true|false
03:08:53.0 (7033404)|VARIABLE_ASSIGNMENT|[10]|PSetName|{"s":1,"v":{"Id":"0PS36000000mmnNGAQ","Name":"X00ex00000018ozp_128 (11 more) ..."}}|0x40877913
03:08:53.0 (7037085)|STATEMENT_EXECUTE|[10]
03:08:53.0 (7038569)|STATEMENT_EXECUTE|[11]
03:08:53.0 (7054652)|ENTERING_MANAGED_PKG|
03:08:53.0 (7076478)|HEAP_ALLOCATE|[11]|Bytes:75
03:08:53.0 (7089340)|HEAP_ALLOCATE|[11]|Bytes:99
03:08:53.0 (7100924)|ENTERING_MANAGED_PKG|
03:08:53.0 (7109727)|USER_DEBUG|[11]|ERROR|The PermissionSet Name: PermissionSet:{Id=0PS36000000mmnNGAQ, Name=X00ex00000018ozp_128_09_04_12_9}
03:08:53.0 (7124212)|HEAP_ALLOCATE|[10]|Bytes:5
03:08:53.0 (7144499)|HEAP_ALLOCATE|[10]|Bytes:12
03:08:53.0 (7154381)|VARIABLE_SCOPE_BEGIN|[10]|PSetName|PermissionSet|true|false
03:08:53.0 (7171259)|VARIABLE_ASSIGNMENT|[10]|PSetName|{"s":1,"v":{"Id":"0PS36000000mmnOGAQ","Name":"X00ex00000018ozn_128 (11 more) ..."}}|0x246e5ccf
03:08:53.0 (7174876)|STATEMENT_EXECUTE|[10]
03:08:53.0 (7175988)|STATEMENT_EXECUTE|[11]
03:08:53.0 (7191750)|ENTERING_MANAGED_PKG|
03:08:53.0 (7213281)|HEAP_ALLOCATE|[11]|Bytes:75
03:08:53.0 (7226411)|HEAP_ALLOCATE|[11]|Bytes:99
03:08:53.0 (7238103)|ENTERING_MANAGED_PKG|
03:08:53.0 (7246939)|USER_DEBUG|[11]|ERROR|The PermissionSet Name: PermissionSet:{Id=0PS36000000mmnOGAQ, Name=X00ex00000018ozn_128_09_04_12_7}
03:08:53.0 (7261519)|HEAP_ALLOCATE|[10]|Bytes:5
03:08:53.0 (7281846)|HEAP_ALLOCATE|[10]|Bytes:12
03:08:53.0 (7291490)|VARIABLE_SCOPE_BEGIN|[10]|PSetName|PermissionSet|true|false
03:08:53.0 (7307424)|VARIABLE_ASSIGNMENT|[10]|PSetName|{"s":1,"v":{"Id":"0PS36000000mmnPGAQ","Name":"X00e1a000000MWa9AAG"}}|0x3c380075
03:08:53.0 (7310974)|STATEMENT_EXECUTE|[10]
03:08:53.0 (7312123)|STATEMENT_EXECUTE|[11]
03:08:53.0 (7327811)|ENTERING_MANAGED_PKG|
03:08:53.0 (7354112)|HEAP_ALLOCATE|[11]|Bytes:63
03:08:53.0 (7367520)|HEAP_ALLOCATE|[11]|Bytes:87
03:08:53.0 (7379343)|ENTERING_MANAGED_PKG|
03:08:53.0 (7388314)|USER_DEBUG|[11]|ERROR|The PermissionSet Name: PermissionSet:{Id=0PS36000000mmnPGAQ, Name=X00e1a000000MWa9AAG}
03:08:53.0 (7402852)|HEAP_ALLOCATE|[10]|Bytes:5
03:08:53.0 (7423319)|HEAP_ALLOCATE|[10]|Bytes:12
03:08:53.0 (7433122)|VARIABLE_SCOPE_BEGIN|[10]|PSetName|PermissionSet|true|false
03:08:53.0 (7449135)|VARIABLE_ASSIGNMENT|[10]|PSetName|{"s":1,"v":{"Id":"0PS36000000mmnQGAQ","Name":"X00e1a000000MWaBAAW"}}|0x2f2f598b
03:08:53.0 (7452926)|STATEMENT_EXECUTE|[10]
03:08:53.0 (7454022)|STATEMENT_EXECUTE|[11]
03:08:53.0 (7469583)|ENTERING_MANAGED_PKG|
03:08:53.0 (7491237)|HEAP_ALLOCATE|[11]|Bytes:63
03:08:53.0 (7504015)|HEAP_ALLOCATE|[11]|Bytes:87
03:08:53.0 (7515498)|ENTERING_MANAGED_PKG|
03:08:53.0 (7524327)|USER_DEBUG|[11]|ERROR|The PermissionSet Name: PermissionSet:{Id=0PS36000000mmnQGAQ, Name=X00e1a000000MWaBAAW}
03:08:53.0 (7538639)|HEAP_ALLOCATE|[10]|Bytes:5
03:08:53.0 (7558888)|HEAP_ALLOCATE|[10]|Bytes:12
03:08:53.0 (7568533)|VARIABLE_SCOPE_BEGIN|[10]|PSetName|PermissionSet|true|false
03:08:53.0 (7584230)|VARIABLE_ASSIGNMENT|[10]|PSetName|{"s":1,"v":{"Id":"0PS36000000mmnRGAQ","Name":"X00e1a000000MWaCAAW"}}|0x549be29c
03:08:53.0 (7587939)|STATEMENT_EXECUTE|[10]
03:08:53.0 (7589013)|STATEMENT_EXECUTE|[11]
03:08:53.0 (7604611)|ENTERING_MANAGED_PKG|
03:08:53.0 (7626126)|HEAP_ALLOCATE|[11]|Bytes:63
03:08:53.0 (7639025)|HEAP_ALLOCATE|[11]|Bytes:87
03:08:53.0 (7650890)|ENTERING_MANAGED_PKG|
03:08:53.0 (7659770)|USER_DEBUG|[11]|ERROR|The PermissionSet Name: PermissionSet:{Id=0PS36000000mmnRGAQ, Name=X00e1a000000MWaCAAW}
03:08:53.0 (7673979)|HEAP_ALLOCATE|[10]|Bytes:5
03:08:53.0 (7694229)|HEAP_ALLOCATE|[10]|Bytes:12
03:08:53.0 (7703924)|VARIABLE_SCOPE_BEGIN|[10]|PSetName|PermissionSet|true|false
03:08:53.0 (7719653)|VARIABLE_ASSIGNMENT|[10]|PSetName|{"s":1,"v":{"Id":"0PS36000000mmnSGAQ","Name":"X00e1a000000MWaDAAW"}}|0x2c544e4
03:08:53.0 (7723228)|STATEMENT_EXECUTE|[10]
03:08:53.0 (7724345)|STATEMENT_EXECUTE|[11]
03:08:53.0 (7739911)|ENTERING_MANAGED_PKG|
03:08:53.0 (7761267)|HEAP_ALLOCATE|[11]|Bytes:63
03:08:53.0 (7773917)|HEAP_ALLOCATE|[11]|Bytes:87
03:08:53.0 (7785683)|ENTERING_MANAGED_PKG|
03:08:53.0 (7794498)|USER_DEBUG|[11]|ERROR|The PermissionSet Name: PermissionSet:{Id=0PS36000000mmnSGAQ, Name=X00e1a000000MWaDAAW}
03:08:53.0 (7808940)|HEAP_ALLOCATE|[10]|Bytes:5
03:08:53.0 (7829112)|HEAP_ALLOCATE|[10]|Bytes:12
03:08:53.0 (7839058)|VARIABLE_SCOPE_BEGIN|[10]|PSetName|PermissionSet|true|false
03:08:53.0 (7854797)|VARIABLE_ASSIGNMENT|[10]|PSetName|{"s":1,"v":{"Id":"0PS36000000mmnTGAQ","Name":"X00e1a000000MWaEAAW"}}|0x7e02c761
03:08:53.0 (7858485)|STATEMENT_EXECUTE|[10]
03:08:53.0 (7859554)|STATEMENT_EXECUTE|[11]
03:08:53.0 (7875138)|ENTERING_MANAGED_PKG|
03:08:53.0 (7896610)|HEAP_ALLOCATE|[11]|Bytes:63
03:08:53.0 (7909294)|HEAP_ALLOCATE|[11]|Bytes:87
03:08:53.0 (7920810)|ENTERING_MANAGED_PKG|
03:08:53.0 (7929619)|USER_DEBUG|[11]|ERROR|The PermissionSet Name: PermissionSet:{Id=0PS36000000mmnTGAQ, Name=X00e1a000000MWaEAAW}
03:08:53.0 (7943779)|HEAP_ALLOCATE|[10]|Bytes:5
03:08:53.0 (7963831)|HEAP_ALLOCATE|[10]|Bytes:12
03:08:53.0 (7973498)|VARIABLE_SCOPE_BEGIN|[10]|PSetName|PermissionSet|true|false
03:08:53.0 (7989093)|VARIABLE_ASSIGNMENT|[10]|PSetName|{"s":1,"v":{"Id":"0PS36000000mmnUGAQ","Name":"X00e1a000000MWaFAAW"}}|0x2b342a2b
03:08:53.0 (7992869)|STATEMENT_EXECUTE|[10]
03:08:53.0 (7993982)|STATEMENT_EXECUTE|[11]
03:08:53.0 (8009908)|ENTERING_MANAGED_PKG|
03:08:53.0 (8032460)|HEAP_ALLOCATE|[11]|Bytes:63
03:08:53.0 (8045139)|HEAP_ALLOCATE|[11]|Bytes:87
03:08:53.0 (8056667)|ENTERING_MANAGED_PKG|
03:08:53.0 (8065513)|USER_DEBUG|[11]|ERROR|The PermissionSet Name: PermissionSet:{Id=0PS36000000mmnUGAQ, Name=X00e1a000000MWaFAAW}
03:08:53.0 (8079709)|HEAP_ALLOCATE|[10]|Bytes:5
03:08:53.0 (8099990)|HEAP_ALLOCATE|[10]|Bytes:12
03:08:53.0 (8109740)|VARIABLE_SCOPE_BEGIN|[10]|PSetName|PermissionSet|true|false
03:08:53.0 (8125318)|VARIABLE_ASSIGNMENT|[10]|PSetName|{"s":1,"v":{"Id":"0PS36000000mmnVGAQ","Name":"X00e1a000000MWaGAAW"}}|0x2030b2d3
03:08:53.0 (8128937)|STATEMENT_EXECUTE|[10]
03:08:53.0 (8130018)|STATEMENT_EXECUTE|[11]
03:08:53.0 (8145612)|ENTERING_MANAGED_PKG|
03:08:53.0 (8166948)|HEAP_ALLOCATE|[11]|Bytes:63
03:08:53.0 (8179679)|HEAP_ALLOCATE|[11]|Bytes:87
03:08:53.0 (8191563)|ENTERING_MANAGED_PKG|
03:08:53.0 (8200373)|USER_DEBUG|[11]|ERROR|The PermissionSet Name: PermissionSet:{Id=0PS36000000mmnVGAQ, Name=X00e1a000000MWaGAAW}
03:08:53.0 (8214947)|HEAP_ALLOCATE|[10]|Bytes:5
03:08:53.0 (8235231)|HEAP_ALLOCATE|[10]|Bytes:12
03:08:53.0 (8244922)|VARIABLE_SCOPE_BEGIN|[10]|PSetName|PermissionSet|true|false
03:08:53.0 (8260582)|VARIABLE_ASSIGNMENT|[10]|PSetName|{"s":1,"v":{"Id":"0PS36000000mmnWGAQ","Name":"X00e1a000000MWaHAAW"}}|0x87a3055
03:08:53.0 (8264033)|STATEMENT_EXECUTE|[10]
03:08:53.0 (8265159)|STATEMENT_EXECUTE|[11]
03:08:53.0 (8280858)|ENTERING_MANAGED_PKG|
03:08:53.0 (8302221)|HEAP_ALLOCATE|[11]|Bytes:63
03:08:53.0 (8314865)|HEAP_ALLOCATE|[11]|Bytes:87
03:08:53.0 (8326408)|ENTERING_MANAGED_PKG|
03:08:53.0 (8335154)|USER_DEBUG|[11]|ERROR|The PermissionSet Name: PermissionSet:{Id=0PS36000000mmnWGAQ, Name=X00e1a000000MWaHAAW}
03:08:53.0 (8354811)|HEAP_ALLOCATE|[10]|Bytes:5
03:08:53.0 (8376156)|HEAP_ALLOCATE|[10]|Bytes:12
03:08:53.0 (8386238)|VARIABLE_SCOPE_BEGIN|[10]|PSetName|PermissionSet|true|false
03:08:53.0 (8402232)|VARIABLE_ASSIGNMENT|[10]|PSetName|{"s":1,"v":{"Id":"0PS36000000mmnXGAQ","Name":"X00e1a000000MWaIAAW"}}|0x602bd7f4
03:08:53.0 (8406108)|STATEMENT_EXECUTE|[10]
03:08:53.0 (8407197)|STATEMENT_EXECUTE|[11]
03:08:53.0 (8422773)|ENTERING_MANAGED_PKG|
03:08:53.0 (8444327)|HEAP_ALLOCATE|[11]|Bytes:63
03:08:53.0 (8456943)|HEAP_ALLOCATE|[11]|Bytes:87
03:08:53.0 (8468546)|ENTERING_MANAGED_PKG|
03:08:53.0 (8477365)|USER_DEBUG|[11]|ERROR|The PermissionSet Name: PermissionSet:{Id=0PS36000000mmnXGAQ, Name=X00e1a000000MWaIAAW}
03:08:53.0 (8491795)|HEAP_ALLOCATE|[10]|Bytes:5
03:08:53.0 (8512065)|HEAP_ALLOCATE|[10]|Bytes:12
03:08:53.0 (8521758)|VARIABLE_SCOPE_BEGIN|[10]|PSetName|PermissionSet|true|false
03:08:53.0 (8537836)|VARIABLE_ASSIGNMENT|[10]|PSetName|{"s":1,"v":{"Id":"0PS36000000mmnYGAQ","Name":"X00e1a000000MWaJAAW"}}|0x6a44dca8
03:08:53.0 (8541277)|STATEMENT_EXECUTE|[10]
03:08:53.0 (8542374)|STATEMENT_EXECUTE|[11]
03:08:53.0 (8557770)|ENTERING_MANAGED_PKG|
03:08:53.0 (8579424)|HEAP_ALLOCATE|[11]|Bytes:63
03:08:53.0 (8592087)|HEAP_ALLOCATE|[11]|Bytes:87
03:08:53.0 (8603754)|ENTERING_MANAGED_PKG|
03:08:53.0 (8612547)|USER_DEBUG|[11]|ERROR|The PermissionSet Name: PermissionSet:{Id=0PS36000000mmnYGAQ, Name=X00e1a000000MWaJAAW}
03:08:53.0 (8626998)|HEAP_ALLOCATE|[10]|Bytes:5
03:08:53.0 (8646976)|HEAP_ALLOCATE|[10]|Bytes:12
03:08:53.0 (8656759)|VARIABLE_SCOPE_BEGIN|[10]|PSetName|PermissionSet|true|false
03:08:53.0 (8672408)|VARIABLE_ASSIGNMENT|[10]|PSetName|{"s":1,"v":{"Id":"0PS36000000mmnZGAQ","Name":"X00e1a000000MWaKAAW"}}|0x4f474d19
03:08:53.0 (8676043)|STATEMENT_EXECUTE|[10]
03:08:53.0 (8677123)|STATEMENT_EXECUTE|[11]
03:08:53.0 (8692798)|ENTERING_MANAGED_PKG|
03:08:53.0 (8714378)|HEAP_ALLOCATE|[11]|Bytes:63
03:08:53.0 (8727013)|HEAP_ALLOCATE|[11]|Bytes:87
03:08:53.0 (8738551)|ENTERING_MANAGED_PKG|
03:08:53.0 (8747399)|USER_DEBUG|[11]|ERROR|The PermissionSet Name: PermissionSet:{Id=0PS36000000mmnZGAQ, Name=X00e1a000000MWaKAAW}
03:08:53.0 (8761717)|HEAP_ALLOCATE|[10]|Bytes:5
03:08:53.0 (8782096)|HEAP_ALLOCATE|[10]|Bytes:12
03:08:53.0 (8791752)|VARIABLE_SCOPE_BEGIN|[10]|PSetName|PermissionSet|true|false
03:08:53.0 (8807416)|VARIABLE_ASSIGNMENT|[10]|PSetName|{"s":1,"v":{"Id":"0PS36000000mmnaGAA","Name":"X00e1a000000MWaLAAW"}}|0x16e6243c
03:08:53.0 (8811084)|STATEMENT_EXECUTE|[10]
03:08:53.0 (8812167)|STATEMENT_EXECUTE|[11]
03:08:53.0 (8827636)|ENTERING_MANAGED_PKG|
03:08:53.0 (8849019)|HEAP_ALLOCATE|[11]|Bytes:63
03:08:53.0 (8861683)|HEAP_ALLOCATE|[11]|Bytes:87
03:08:53.0 (8873125)|ENTERING_MANAGED_PKG|
03:08:53.0 (8881961)|USER_DEBUG|[11]|ERROR|The PermissionSet Name: PermissionSet:{Id=0PS36000000mmnaGAA, Name=X00e1a000000MWaLAAW}
03:08:53.0 (8896132)|HEAP_ALLOCATE|[10]|Bytes:5
03:08:53.0 (8916720)|HEAP_ALLOCATE|[10]|Bytes:12
03:08:53.0 (8926300)|VARIABLE_SCOPE_BEGIN|[10]|PSetName|PermissionSet|true|false
03:08:53.0 (8941983)|VARIABLE_ASSIGNMENT|[10]|PSetName|{"s":1,"v":{"Id":"0PS36000000mmnbGAA","Name":"X00e1a000000MWaMAAW"}}|0x28ccc563
03:08:53.0 (8945406)|STATEMENT_EXECUTE|[10]
03:08:53.0 (8946539)|STATEMENT_EXECUTE|[11]
03:08:53.0 (8962037)|ENTERING_MANAGED_PKG|
03:08:53.0 (8983492)|HEAP_ALLOCATE|[11]|Bytes:63
03:08:53.0 (8996131)|HEAP_ALLOCATE|[11]|Bytes:87
03:08:53.0 (9007954)|ENTERING_MANAGED_PKG|
03:08:53.0 (9017495)|USER_DEBUG|[11]|ERROR|The PermissionSet Name: PermissionSet:{Id=0PS36000000mmnbGAA, Name=X00e1a000000MWaMAAW}
03:08:53.0 (9032131)|HEAP_ALLOCATE|[10]|Bytes:5
03:08:53.0 (9052325)|HEAP_ALLOCATE|[10]|Bytes:12
03:08:53.0 (9062021)|VARIABLE_SCOPE_BEGIN|[10]|PSetName|PermissionSet|true|false
03:08:53.0 (9077891)|VARIABLE_ASSIGNMENT|[10]|PSetName|{"s":1,"v":{"Id":"0PS36000000mmncGAA","Name":"X00e1a000000MWaNAAW"}}|0x64a1ed4e
03:08:53.0 (9081299)|STATEMENT_EXECUTE|[10]
03:08:53.0 (9082398)|STATEMENT_EXECUTE|[11]
03:08:53.0 (9098017)|ENTERING_MANAGED_PKG|
03:08:53.0 (9119373)|HEAP_ALLOCATE|[11]|Bytes:63
03:08:53.0 (9132204)|HEAP_ALLOCATE|[11]|Bytes:87
03:08:53.0 (9143725)|ENTERING_MANAGED_PKG|
03:08:53.0 (9152667)|USER_DEBUG|[11]|ERROR|The PermissionSet Name: PermissionSet:{Id=0PS36000000mmncGAA, Name=X00e1a000000MWaNAAW}
03:08:53.0 (9167120)|HEAP_ALLOCATE|[10]|Bytes:5
03:08:53.0 (9187269)|HEAP_ALLOCATE|[10]|Bytes:12
03:08:53.0 (9196924)|VARIABLE_SCOPE_BEGIN|[10]|PSetName|PermissionSet|true|false
03:08:53.0 (9212827)|VARIABLE_ASSIGNMENT|[10]|PSetName|{"s":1,"v":{"Id":"0PS36000000mmndGAA","Name":"X00e1a000000MWaOAAW"}}|0x11fb4b46
03:08:53.0 (9216338)|STATEMENT_EXECUTE|[10]
03:08:53.0 (9217446)|STATEMENT_EXECUTE|[11]
03:08:53.0 (9233017)|ENTERING_MANAGED_PKG|
03:08:53.0 (9254214)|HEAP_ALLOCATE|[11]|Bytes:63
03:08:53.0 (9267004)|HEAP_ALLOCATE|[11]|Bytes:87
03:08:53.0 (9278629)|ENTERING_MANAGED_PKG|
03:08:53.0 (9287486)|USER_DEBUG|[11]|ERROR|The PermissionSet Name: PermissionSet:{Id=0PS36000000mmndGAA, Name=X00e1a000000MWaOAAW}
03:08:53.0 (9301803)|HEAP_ALLOCATE|[10]|Bytes:5
03:08:53.0 (9322174)|HEAP_ALLOCATE|[10]|Bytes:12
03:08:53.0 (9331845)|VARIABLE_SCOPE_BEGIN|[10]|PSetName|PermissionSet|true|false
03:08:53.0 (9351854)|VARIABLE_ASSIGNMENT|[10]|PSetName|{"s":1,"v":{"Id":"0PS36000000mmneGAA","Name":"X00e1a000000MWaPAAW"}}|0x361b4a81
03:08:53.0 (9355822)|STATEMENT_EXECUTE|[10]
03:08:53.0 (9356993)|STATEMENT_EXECUTE|[11]
03:08:53.0 (9373343)|ENTERING_MANAGED_PKG|
03:08:53.0 (9395948)|HEAP_ALLOCATE|[11]|Bytes:63
03:08:53.0 (9408805)|HEAP_ALLOCATE|[11]|Bytes:87
03:08:53.0 (9420355)|ENTERING_MANAGED_PKG|
03:08:53.0 (9429252)|USER_DEBUG|[11]|ERROR|The PermissionSet Name: PermissionSet:{Id=0PS36000000mmneGAA, Name=X00e1a000000MWaPAAW}
03:08:53.0 (9443494)|HEAP_ALLOCATE|[10]|Bytes:5
03:08:53.0 (9463772)|HEAP_ALLOCATE|[10]|Bytes:12
03:08:53.0 (9473689)|VARIABLE_SCOPE_BEGIN|[10]|PSetName|PermissionSet|true|false
03:08:53.0 (9489471)|VARIABLE_ASSIGNMENT|[10]|PSetName|{"s":1,"v":{"Id":"0PS36000000mmnfGAA","Name":"X00e1a000000MWaQAAW"}}|0x783276fc
03:08:53.0 (9492934)|STATEMENT_EXECUTE|[10]
03:08:53.0 (9494031)|STATEMENT_EXECUTE|[11]
03:08:53.0 (9509639)|ENTERING_MANAGED_PKG|
03:08:53.0 (9531184)|HEAP_ALLOCATE|[11]|Bytes:63
03:08:53.0 (9543751)|HEAP_ALLOCATE|[11]|Bytes:87
03:08:53.0 (9555250)|ENTERING_MANAGED_PKG|
03:08:53.0 (9564021)|USER_DEBUG|[11]|ERROR|The PermissionSet Name: PermissionSet:{Id=0PS36000000mmnfGAA, Name=X00e1a000000MWaQAAW}
03:08:53.0 (9578419)|HEAP_ALLOCATE|[10]|Bytes:5
03:08:53.0 (9598856)|HEAP_ALLOCATE|[10]|Bytes:12
03:08:53.0 (9608384)|VARIABLE_SCOPE_BEGIN|[10]|PSetName|PermissionSet|true|false
03:08:53.0 (9624022)|VARIABLE_ASSIGNMENT|[10]|PSetName|{"s":1,"v":{"Id":"0PS36000000mmngGAA","Name":"X00e1a000000MWaRAAW"}}|0x13923f29
03:08:53.0 (9627638)|STATEMENT_EXECUTE|[10]
03:08:53.0 (9628760)|STATEMENT_EXECUTE|[11]
03:08:53.0 (9644302)|ENTERING_MANAGED_PKG|
03:08:53.0 (9665684)|HEAP_ALLOCATE|[11]|Bytes:63
03:08:53.0 (9678512)|HEAP_ALLOCATE|[11]|Bytes:87
03:08:53.0 (9690018)|ENTERING_MANAGED_PKG|
03:08:53.0 (9698826)|USER_DEBUG|[11]|ERROR|The PermissionSet Name: PermissionSet:{Id=0PS36000000mmngGAA, Name=X00e1a000000MWaRAAW}
03:08:53.0 (9713144)|HEAP_ALLOCATE|[10]|Bytes:5
03:08:53.0 (9733351)|HEAP_ALLOCATE|[10]|Bytes:12
03:08:53.0 (9743034)|VARIABLE_SCOPE_BEGIN|[10]|PSetName|PermissionSet|true|false
03:08:53.0 (9758561)|VARIABLE_ASSIGNMENT|[10]|PSetName|{"s":1,"v":{"Id":"0PS36000000mmnhGAA","Name":"X00e1a000000MWaSAAW"}}|0x58f8f766
03:08:53.0 (9762303)|STATEMENT_EXECUTE|[10]
03:08:53.0 (9763547)|STATEMENT_EXECUTE|[11]
03:08:53.0 (9779203)|ENTERING_MANAGED_PKG|
03:08:53.0 (9800875)|HEAP_ALLOCATE|[11]|Bytes:63
03:08:53.0 (9813458)|HEAP_ALLOCATE|[11]|Bytes:87
03:08:53.0 (9825030)|ENTERING_MANAGED_PKG|
03:08:53.0 (9833881)|USER_DEBUG|[11]|ERROR|The PermissionSet Name: PermissionSet:{Id=0PS36000000mmnhGAA, Name=X00e1a000000MWaSAAW}
03:08:53.0 (9848189)|HEAP_ALLOCATE|[10]|Bytes:5
03:08:53.0 (9868715)|HEAP_ALLOCATE|[10]|Bytes:12
03:08:53.0 (9878324)|VARIABLE_SCOPE_BEGIN|[10]|PSetName|PermissionSet|true|false
03:08:53.0 (9894320)|VARIABLE_ASSIGNMENT|[10]|PSetName|{"s":1,"v":{"Id":"0PS36000000mmniGAA","Name":"X00e1a000000MWaTAAW"}}|0x345bf1ba
03:08:53.0 (9897747)|STATEMENT_EXECUTE|[10]
03:08:53.0 (9898865)|STATEMENT_EXECUTE|[11]
03:08:53.0 (9914325)|ENTERING_MANAGED_PKG|
03:08:53.0 (9935723)|HEAP_ALLOCATE|[11]|Bytes:63
03:08:53.0 (9948378)|HEAP_ALLOCATE|[11]|Bytes:87
03:08:53.0 (9959915)|ENTERING_MANAGED_PKG|
03:08:53.0 (9968677)|USER_DEBUG|[11]|ERROR|The PermissionSet Name: PermissionSet:{Id=0PS36000000mmniGAA, Name=X00e1a000000MWaTAAW}
03:08:53.0 (9983041)|HEAP_ALLOCATE|[10]|Bytes:5
03:08:53.0 (10003353)|HEAP_ALLOCATE|[10]|Bytes:12
03:08:53.0 (10014071)|VARIABLE_SCOPE_BEGIN|[10]|PSetName|PermissionSet|true|false
03:08:53.0 (10029890)|VARIABLE_ASSIGNMENT|[10]|PSetName|{"s":1,"v":{"Id":"0PS36000000mmnjGAA","Name":"X00e1a000000MWaUAAW"}}|0x5fb5f45b
03:08:53.0 (10033437)|STATEMENT_EXECUTE|[10]
03:08:53.0 (10034719)|STATEMENT_EXECUTE|[11]
03:08:53.0 (10050196)|ENTERING_MANAGED_PKG|
03:08:53.0 (10071842)|HEAP_ALLOCATE|[11]|Bytes:63
03:08:53.0 (10084613)|HEAP_ALLOCATE|[11]|Bytes:87
03:08:53.0 (10096225)|ENTERING_MANAGED_PKG|
03:08:53.0 (10105062)|USER_DEBUG|[11]|ERROR|The PermissionSet Name: PermissionSet:{Id=0PS36000000mmnjGAA, Name=X00e1a000000MWaUAAW}
03:08:53.0 (10119359)|HEAP_ALLOCATE|[10]|Bytes:5
03:08:53.0 (10139810)|HEAP_ALLOCATE|[10]|Bytes:12
03:08:53.0 (10149486)|VARIABLE_SCOPE_BEGIN|[10]|PSetName|PermissionSet|true|false
03:08:53.0 (10165491)|VARIABLE_ASSIGNMENT|[10]|PSetName|{"s":1,"v":{"Id":"0PS36000000mmnlGAA","Name":"X00e1a000000N1LRAA0"}}|0x5ddcf3f3
03:08:53.0 (10169291)|STATEMENT_EXECUTE|[10]
03:08:53.0 (10170534)|STATEMENT_EXECUTE|[11]
03:08:53.0 (10186183)|ENTERING_MANAGED_PKG|
03:08:53.0 (10207682)|HEAP_ALLOCATE|[11]|Bytes:63
03:08:53.0 (10220348)|HEAP_ALLOCATE|[11]|Bytes:87
03:08:53.0 (10231895)|ENTERING_MANAGED_PKG|
03:08:53.0 (10240750)|USER_DEBUG|[11]|ERROR|The PermissionSet Name: PermissionSet:{Id=0PS36000000mmnlGAA, Name=X00e1a000000N1LRAA0}
03:08:53.0 (10255199)|HEAP_ALLOCATE|[10]|Bytes:5
03:08:53.0 (10275545)|HEAP_ALLOCATE|[10]|Bytes:12
03:08:53.0 (10285032)|VARIABLE_SCOPE_BEGIN|[10]|PSetName|PermissionSet|true|false
03:08:53.0 (10300806)|VARIABLE_ASSIGNMENT|[10]|PSetName|{"s":1,"v":{"Id":"0PS36000000mmnmGAA","Name":"X00e1a000000N1LSAA0"}}|0x42006ce9
03:08:53.0 (10304356)|STATEMENT_EXECUTE|[10]
03:08:53.0 (10305498)|STATEMENT_EXECUTE|[11]
03:08:53.0 (10320922)|ENTERING_MANAGED_PKG|
03:08:53.0 (10342773)|HEAP_ALLOCATE|[11]|Bytes:63
03:08:53.0 (10360433)|HEAP_ALLOCATE|[11]|Bytes:87
03:08:53.0 (10372432)|ENTERING_MANAGED_PKG|
03:08:53.0 (10381507)|USER_DEBUG|[11]|ERROR|The PermissionSet Name: PermissionSet:{Id=0PS36000000mmnmGAA, Name=X00e1a000000N1LSAA0}
03:08:53.0 (10396260)|HEAP_ALLOCATE|[10]|Bytes:5
03:08:53.0 (10416861)|HEAP_ALLOCATE|[10]|Bytes:12
03:08:53.0 (10426574)|VARIABLE_SCOPE_BEGIN|[10]|PSetName|PermissionSet|true|false
03:08:53.0 (10442333)|VARIABLE_ASSIGNMENT|[10]|PSetName|{"s":1,"v":{"Id":"0PS36000000mmnnGAA","Name":"X00e1a000000N1wKAAS"}}|0x29bd9332
03:08:53.0 (10445719)|STATEMENT_EXECUTE|[10]
03:08:53.0 (10446858)|STATEMENT_EXECUTE|[11]
03:08:53.0 (10462410)|ENTERING_MANAGED_PKG|
03:08:53.0 (10483926)|HEAP_ALLOCATE|[11]|Bytes:63
03:08:53.0 (10496680)|HEAP_ALLOCATE|[11]|Bytes:87
03:08:53.0 (10508330)|ENTERING_MANAGED_PKG|
03:08:53.0 (10517289)|USER_DEBUG|[11]|ERROR|The PermissionSet Name: PermissionSet:{Id=0PS36000000mmnnGAA, Name=X00e1a000000N1wKAAS}
03:08:53.0 (10531574)|HEAP_ALLOCATE|[10]|Bytes:5
03:08:53.0 (10551952)|HEAP_ALLOCATE|[10]|Bytes:12
03:08:53.0 (10562023)|VARIABLE_SCOPE_BEGIN|[10]|PSetName|PermissionSet|true|false
03:08:53.0 (10577697)|VARIABLE_ASSIGNMENT|[10]|PSetName|{"s":1,"v":{"Id":"0PS36000000mmnoGAA","Name":"X00e1a000000N1wLAAS"}}|0x59daad72
03:08:53.0 (10581206)|STATEMENT_EXECUTE|[10]
03:08:53.0 (10582335)|STATEMENT_EXECUTE|[11]
03:08:53.0 (10597900)|ENTERING_MANAGED_PKG|
03:08:53.0 (10619484)|HEAP_ALLOCATE|[11]|Bytes:63
03:08:53.0 (10632061)|HEAP_ALLOCATE|[11]|Bytes:87
03:08:53.0 (10643340)|ENTERING_MANAGED_PKG|
03:08:53.0 (10652170)|USER_DEBUG|[11]|ERROR|The PermissionSet Name: PermissionSet:{Id=0PS36000000mmnoGAA, Name=X00e1a000000N1wLAAS}
03:08:53.0 (10666536)|HEAP_ALLOCATE|[10]|Bytes:5
03:08:53.0 (10687059)|HEAP_ALLOCATE|[10]|Bytes:12
03:08:53.0 (10696844)|VARIABLE_SCOPE_BEGIN|[10]|PSetName|PermissionSet|true|false
03:08:53.0 (10712539)|VARIABLE_ASSIGNMENT|[10]|PSetName|{"s":1,"v":{"Id":"0PS36000000mmnqGAA","Name":"X00e1a000000MWaAAAW"}}|0x63a38ed1
03:08:53.0 (10716204)|STATEMENT_EXECUTE|[10]
03:08:53.0 (10717368)|STATEMENT_EXECUTE|[11]
03:08:53.0 (10732919)|ENTERING_MANAGED_PKG|
03:08:53.0 (10754588)|HEAP_ALLOCATE|[11]|Bytes:63
03:08:53.0 (10767163)|HEAP_ALLOCATE|[11]|Bytes:87
03:08:53.0 (10778550)|ENTERING_MANAGED_PKG|
03:08:53.0 (10787430)|USER_DEBUG|[11]|ERROR|The PermissionSet Name: PermissionSet:{Id=0PS36000000mmnqGAA, Name=X00e1a000000MWaAAAW}
03:08:53.0 (10801813)|HEAP_ALLOCATE|[10]|Bytes:5
03:08:53.0 (10816571)|VARIABLE_ASSIGNMENT|[10]|PSetName|null|
03:08:53.0 (10820122)|STATEMENT_EXECUTE|[14]
03:08:53.0 (10834697)|SYSTEM_MODE_EXIT|false
03:08:53.10 (10884163)|CUMULATIVE_LIMIT_USAGE
03:08:53.10 (10884163)|LIMIT_USAGE_FOR_NS|(default)|
  Number of SOQL queries: 0 out of 100
  Number of query rows: 0 out of 50000
  Number of SOSL queries: 0 out of 20
  Number of DML statements: 0 out of 150
  Number of DML rows: 0 out of 10000
  Maximum CPU time: 0 out of 10000
  Maximum heap size: 0 out of 6000000
  Number of callouts: 0 out of 100
  Number of Email Invocations: 0 out of 10
  Number of future calls: 0 out of 50
  Number of queueable jobs added to the queue: 0 out of 50
  Number of Mobile Apex push calls: 0 out of 10

03:08:53.10 (10884163)|LIMIT_USAGE_FOR_NS|shiva15testns|
  Number of SOQL queries: 1 out of 100
  Number of query rows: 36 out of 50000
  Number of SOSL queries: 0 out of 20
  Number of DML statements: 0 out of 150
  Number of DML rows: 0 out of 10000
  Maximum CPU time: 0 out of 10000
  Maximum heap size: 0 out of 6000000
  Number of callouts: 0 out of 100
  Number of Email Invocations: 0 out of 10
  Number of future calls: 0 out of 50
  Number of queueable jobs added to the queue: 0 out of 50
  Number of Mobile Apex push calls: 0 out of 10

03:08:53.10 (10884163)|CUMULATIVE_LIMIT_USAGE_END

03:08:53.0 (10956308)|CODE_UNIT_FINISHED|PermissionSetPortalControllers.getAllPermissionSets
03:08:53.0 (13106472)|EXECUTION_FINISHED
