36.0 APEX_CODE,FINEST;APEX_PROFILING,INFO;CALLOUT,INFO;DB,INFO;SYSTEM,DEBUG;VALIDATION,INFO;VISUALFORCE,INFO;WORKFLOW,INFO
11:03:23.0 (492746)|EXECUTION_STARTED
11:03:23.0 (537552)|CODE_UNIT_STARTED|[EXTERNAL]|01p36000005Jpvx|PermissionSetPortalControllers.getAllPermissionSets
11:03:23.0 (1593749)|VARIABLE_SCOPE_BEGIN|[3]|PermissionSetPortalControllers.AllPermissionSets|List<PermissionSet>|true|true
11:03:23.0 (1627785)|VARIABLE_SCOPE_BEGIN|[10]|PermissionSetPortalControllers.accountField|Set<String>|true|true
11:03:23.0 (1639836)|VARIABLE_SCOPE_BEGIN|[5]|PermissionSetPortalControllers.allObjectsOfOrg|List<shiva15testns.PermissionSetPortalControllers.ObjectDetailsClass>|true|true
11:03:23.0 (1649215)|VARIABLE_SCOPE_BEGIN|[9]|PermissionSetPortalControllers.contactsField|Set<String>|true|true
11:03:23.0 (1657317)|VARIABLE_SCOPE_BEGIN|[7]|PermissionSetPortalControllers.isNotSystemSObjectList|Set<String>|true|true
11:03:23.0 (1850612)|HEAP_ALLOCATE|[72]|Bytes:3
11:03:23.0 (1930469)|HEAP_ALLOCATE|[77]|Bytes:152
11:03:23.0 (1974952)|HEAP_ALLOCATE|[342]|Bytes:408
11:03:23.0 (2016942)|HEAP_ALLOCATE|[355]|Bytes:408
11:03:23.0 (2057062)|HEAP_ALLOCATE|[467]|Bytes:48
11:03:23.0 (2110468)|HEAP_ALLOCATE|[139]|Bytes:6
11:03:23.0 (2155743)|HEAP_ALLOCATE|[EXTERNAL]|Bytes:168
11:03:23.0 (2166180)|HEAP_ALLOCATE|[EXTERNAL]|Bytes:76
11:03:23.0 (2173974)|HEAP_ALLOCATE|[EXTERNAL]|Bytes:310
11:03:23.0 (2215287)|METHOD_ENTRY|[1]|01p36000005Jpvx|PermissionSetPortalControllers.PermissionSetPortalControllers()
11:03:23.0 (2222341)|STATEMENT_EXECUTE|[1]
11:03:23.0 (2232619)|STATEMENT_EXECUTE|[1]
11:03:23.0 (2284954)|HEAP_ALLOCATE|[50]|Bytes:5
11:03:23.0 (2327619)|HEAP_ALLOCATE|[56]|Bytes:5
11:03:23.0 (2348556)|HEAP_ALLOCATE|[64]|Bytes:7
11:03:23.0 (2388956)|SYSTEM_MODE_ENTER|false
11:03:23.0 (2415429)|HEAP_ALLOCATE|[9]|Bytes:5
11:03:23.0 (2422387)|STATEMENT_EXECUTE|[9]
11:03:23.0 (2432644)|HEAP_ALLOCATE|[9]|Bytes:4
11:03:23.0 (2489848)|ENTERING_MANAGED_PKG|
11:03:23.0 (2621721)|VARIABLE_ASSIGNMENT|[9]|PermissionSetPortalControllers.contactsField|{"s":1,"v":[]}|0x485f0c12
11:03:23.0 (2629166)|STATEMENT_EXECUTE|[10]
11:03:23.0 (2636375)|HEAP_ALLOCATE|[10]|Bytes:4
11:03:23.0 (2656630)|ENTERING_MANAGED_PKG|
11:03:23.0 (2705136)|VARIABLE_ASSIGNMENT|[10]|PermissionSetPortalControllers.accountField|{"s":1,"v":[]}|0x35bfc551
11:03:23.0 (2711684)|STATEMENT_EXECUTE|[1010]
11:03:23.0 (2714278)|STATEMENT_EXECUTE|[1039]
11:03:23.0 (2716296)|STATEMENT_EXECUTE|[1067]
11:03:23.0 (2719202)|STATEMENT_EXECUTE|[1096]
11:03:23.0 (2720980)|STATEMENT_EXECUTE|[1112]
11:03:23.0 (2722683)|STATEMENT_EXECUTE|[1129]
11:03:23.0 (2724475)|STATEMENT_EXECUTE|[1140]
11:03:23.0 (2726237)|STATEMENT_EXECUTE|[1145]
11:03:23.0 (2740734)|SYSTEM_MODE_EXIT|false
11:03:23.0 (2757803)|METHOD_EXIT|[1]|PermissionSetPortalControllers
11:03:23.0 (2777421)|SYSTEM_MODE_ENTER|false
11:03:23.0 (2801896)|HEAP_ALLOCATE|[157]|Bytes:5
11:03:23.0 (2809342)|STATEMENT_EXECUTE|[156]
11:03:23.0 (2811744)|STATEMENT_EXECUTE|[157]
11:03:23.0 (2813459)|STATEMENT_EXECUTE|[157]
11:03:23.0 (2815003)|STATEMENT_EXECUTE|[158]
11:03:23.0 (2820650)|HEAP_ALLOCATE|[158]|Bytes:99
11:03:23.0 (2833376)|HEAP_ALLOCATE|[158]|Bytes:4
11:03:23.0 (3844836)|SOQL_EXECUTE_BEGIN|[158]|Aggregations:0|SELECT Id, label, Name, Description, NamespacePrefix, UserLicenseId, CreatedDate FROM PermissionSet
11:03:23.0 (8138474)|SOQL_EXECUTE_END|[158]|Rows:41
11:03:23.0 (8158254)|HEAP_ALLOCATE|[158]|Bytes:168
11:03:23.0 (8261166)|HEAP_ALLOCATE|[158]|Bytes:7208
11:03:23.0 (8295401)|HEAP_ALLOCATE|[158]|Bytes:168
11:03:23.0 (8322501)|VARIABLE_ASSIGNMENT|[158]|PermissionSetPortalControllers.AllPermissionSets|{"s":1,"v":"List of size 41 too large to display"}|0x4d9bde7a
11:03:23.0 (8414662)|ENTERING_MANAGED_PKG|
11:03:23.0 (8444098)|STATEMENT_EXECUTE|[159]
11:03:23.0 (8446501)|STATEMENT_EXECUTE|[160]
11:03:23.0 (8573153)|VARIABLE_SCOPE_BEGIN|[160]|pSetObj|shiva15testns.PermissionSetPortalControllers.PermissionSetClass|true|false
11:03:23.0 (8584916)|VARIABLE_ASSIGNMENT|[160]|pSetObj|null|
11:03:23.0 (8587380)|STATEMENT_EXECUTE|[161]
11:03:23.0 (8594103)|HEAP_ALLOCATE|[161]|Bytes:4
11:03:23.0 (8642312)|ENTERING_MANAGED_PKG|
11:03:23.0 (8660306)|VARIABLE_SCOPE_BEGIN|[161]|permissionSetsLst|List<shiva15testns.PermissionSetPortalControllers.PermissionSetClass>|true|false
11:03:23.0 (8683738)|HEAP_ALLOCATE|[EXTERNAL]|Bytes:4
11:03:23.0 (8695970)|VARIABLE_ASSIGNMENT|[161]|permissionSetsLst|{"s":1,"v":[]}|0x4077d6f9
11:03:23.0 (8714440)|ENTERING_MANAGED_PKG|
11:03:23.0 (8936881)|HEAP_ALLOCATE|[162]|Bytes:5
11:03:23.0 (8981209)|HEAP_ALLOCATE|[162]|Bytes:28
11:03:23.0 (8991618)|VARIABLE_SCOPE_BEGIN|[162]|PSetName|PermissionSet|true|false
11:03:23.0 (9027138)|VARIABLE_ASSIGNMENT|[162]|PSetName|{"s":1,"v":{"Id":"0PS36000000KFvSGAW","Label":"random","Name":"random","NamespacePrefix":"shiva15testns","UserLicenseId":"10036000000eSpyAAE","CreatedDate":"2016-04-26T00:59:56.000Z"}}|0x1bf31e8
11:03:23.0 (9033507)|STATEMENT_EXECUTE|[162]
11:03:23.0 (9064251)|HEAP_ALLOCATE|[163]|Bytes:3
11:03:23.0 (9099969)|ENTERING_MANAGED_PKG|
11:03:23.0 (9132392)|STATEMENT_EXECUTE|[163]
11:03:23.0 (9134745)|STATEMENT_EXECUTE|[166]
11:03:23.0 (9140725)|HEAP_ALLOCATE|[166]|Bytes:240
11:03:23.0 (9146165)|HEAP_ALLOCATE|[166]|Bytes:39
11:03:23.0 (9165854)|HEAP_ALLOCATE|[166]|Bytes:32
11:03:23.0 (9216805)|ENTERING_MANAGED_PKG|
11:03:23.0 (9241554)|HEAP_ALLOCATE|[166]|Bytes:18
11:03:23.0 (9300672)|ENTERING_MANAGED_PKG|
11:03:23.0 (9328128)|HEAP_ALLOCATE|[166]|Bytes:19
11:03:23.0 (9371740)|CONSTRUCTOR_ENTRY|[166]|01p36000005Jpvx|<init>(String,String,String,String,String,String,String)
11:03:23.0 (9394489)|VARIABLE_SCOPE_BEGIN|[1027]|this|shiva15testns.PermissionSetPortalControllers.PermissionSetClass|true|false
11:03:23.0 (9475439)|VARIABLE_ASSIGNMENT|[1027]|this|{}|0x1484f98b
11:03:23.0 (9481099)|VARIABLE_SCOPE_BEGIN|[1027]|label|String|false|false
11:03:23.0 (9486323)|VARIABLE_ASSIGNMENT|[1027]|label|"random"
11:03:23.0 (9489637)|VARIABLE_SCOPE_BEGIN|[1027]|apiName|String|false|false
11:03:23.0 (9492645)|VARIABLE_ASSIGNMENT|[1027]|apiName|"random"
11:03:23.0 (9495362)|VARIABLE_SCOPE_BEGIN|[1027]|id|String|false|false
11:03:23.0 (9498687)|VARIABLE_ASSIGNMENT|[1027]|id|"0PS36000000KFvSGAW"
11:03:23.0 (9501622)|VARIABLE_SCOPE_BEGIN|[1027]|description|String|false|false
11:03:23.0 (9504847)|VARIABLE_ASSIGNMENT|[1027]|description|null
11:03:23.0 (9507484)|VARIABLE_SCOPE_BEGIN|[1027]|namespacePrefix|String|false|false
11:03:23.0 (9510811)|VARIABLE_ASSIGNMENT|[1027]|namespacePrefix|"shiva15testns"
11:03:23.0 (9513570)|VARIABLE_SCOPE_BEGIN|[1027]|userLicenseId|String|false|false
11:03:23.0 (9516097)|VARIABLE_ASSIGNMENT|[1027]|userLicenseId|null
11:03:23.0 (9518642)|VARIABLE_SCOPE_BEGIN|[1027]|createdDate|String|false|false
11:03:23.0 (9521877)|VARIABLE_ASSIGNMENT|[1027]|createdDate|"2016-04-25 17:59:56"
11:03:23.0 (9525814)|STATEMENT_EXECUTE|[1010]
11:03:23.0 (9527288)|STATEMENT_EXECUTE|[1013]
11:03:23.0 (9529304)|STATEMENT_EXECUTE|[1015]
11:03:23.0 (9530631)|STATEMENT_EXECUTE|[1017]
11:03:23.0 (9531780)|STATEMENT_EXECUTE|[1019]
11:03:23.0 (9533019)|STATEMENT_EXECUTE|[1021]
11:03:23.0 (9534127)|STATEMENT_EXECUTE|[1023]
11:03:23.0 (9535111)|STATEMENT_EXECUTE|[1025]
11:03:23.0 (9543442)|HEAP_ALLOCATE|[1029]|Bytes:6
11:03:23.0 (9568126)|STATEMENT_EXECUTE|[1028]
11:03:23.0 (9570398)|STATEMENT_EXECUTE|[1029]
11:03:23.0 (9658516)|VARIABLE_ASSIGNMENT|[EXTERNAL]|this|{}|0x1484f98b
11:03:23.0 (9667302)|VARIABLE_ASSIGNMENT|[EXTERNAL]|value|"random"
11:03:23.0 (9678938)|VARIABLE_ASSIGNMENT|[1013]|this.label|"random"|0x1484f98b
11:03:23.0 (9688599)|STATEMENT_EXECUTE|[1030]
11:03:23.0 (9755769)|VARIABLE_ASSIGNMENT|[EXTERNAL]|this|{"label":"random"}|0x1484f98b
11:03:23.0 (9766770)|VARIABLE_ASSIGNMENT|[EXTERNAL]|value|"random"
11:03:23.0 (9776129)|VARIABLE_ASSIGNMENT|[1015]|this.apiName|"random"|0x1484f98b
11:03:23.0 (9785906)|STATEMENT_EXECUTE|[1031]
11:03:23.0 (9849308)|VARIABLE_ASSIGNMENT|[EXTERNAL]|this|{"apiName":"random","label":"random"}|0x1484f98b
11:03:23.0 (9857906)|VARIABLE_ASSIGNMENT|[EXTERNAL]|value|"0PS36000000KFvSGAW"
11:03:23.0 (9866803)|VARIABLE_ASSIGNMENT|[1017]|this.id|"0PS36000000KFvSGAW"|0x1484f98b
11:03:23.0 (9875424)|STATEMENT_EXECUTE|[1032]
11:03:23.0 (9937228)|VARIABLE_ASSIGNMENT|[EXTERNAL]|this|{"apiName":"random","id":"0PS36000000KFvSGAW","label":"random"}|0x1484f98b
11:03:23.0 (9945427)|VARIABLE_ASSIGNMENT|[EXTERNAL]|value|null
11:03:23.0 (9958421)|VARIABLE_ASSIGNMENT|[1019]|this.description|null|0x1484f98b
11:03:23.0 (9967526)|STATEMENT_EXECUTE|[1033]
11:03:23.0 (10029048)|VARIABLE_ASSIGNMENT|[EXTERNAL]|this|{"apiName":"random","id":"0PS36000000KFvSGAW","label":"random"}|0x1484f98b
11:03:23.0 (10038175)|VARIABLE_ASSIGNMENT|[EXTERNAL]|value|"shiva15testns"
11:03:23.0 (10046734)|VARIABLE_ASSIGNMENT|[1021]|this.namespacePrefix|"shiva15testns"|0x1484f98b
11:03:23.0 (10055413)|STATEMENT_EXECUTE|[1034]
11:03:23.0 (10116851)|VARIABLE_ASSIGNMENT|[EXTERNAL]|this|{"apiName":"random","id":"0PS36000000KFvSGAW","label":"random","namespacePrefix":"shiva15testns"}|0x1484f98b
11:03:23.0 (10125619)|VARIABLE_ASSIGNMENT|[EXTERNAL]|value|null
11:03:23.0 (10133763)|VARIABLE_ASSIGNMENT|[1023]|this.userLicenseId|null|0x1484f98b
11:03:23.0 (10142123)|STATEMENT_EXECUTE|[1035]
11:03:23.0 (10203222)|VARIABLE_ASSIGNMENT|[EXTERNAL]|this|{"apiName":"random","id":"0PS36000000KFvSGAW","label":"random","namespacePrefix":"shiva15testns"}|0x1484f98b
11:03:23.0 (10211525)|VARIABLE_ASSIGNMENT|[EXTERNAL]|value|"2016-04-25 17:59:56"
11:03:23.0 (10220380)|VARIABLE_ASSIGNMENT|[1025]|this.createdDate|"2016-04-25 17:59:56"|0x1484f98b
11:03:23.0 (10235845)|CONSTRUCTOR_EXIT|[166]|01p36000005Jpvx|<init>(String,String,String,String,String,String,String)
11:03:23.0 (10264713)|VARIABLE_ASSIGNMENT|[166]|pSetObj|{"apiName":"random","createdDate":"2016-04-25 17:59:56","id":"0PS36000000KFvSGAW","label":"random","namespacePrefix":"shiva15testns"}|0x1484f98b
11:03:23.0 (10269098)|STATEMENT_EXECUTE|[167]
11:03:23.0 (10287136)|ENTERING_MANAGED_PKG|
11:03:23.0 (10309235)|HEAP_ALLOCATE|[EXTERNAL]|Bytes:4
11:03:23.0 (10318754)|STATEMENT_EXECUTE|[168]
11:03:23.0 (10470469)|HEAP_ALLOCATE|[168]|Bytes:24
11:03:23.0 (10492645)|ENTERING_MANAGED_PKG|
11:03:23.0 (10560870)|HEAP_ALLOCATE|[168]|Bytes:162
11:03:23.0 (10584064)|HEAP_ALLOCATE|[168]|Bytes:186
11:03:23.0 (10610351)|ENTERING_MANAGED_PKG|
11:03:23.0 (10627296)|USER_DEBUG|[168]|ERROR|The PermissionSet Name: PermissionSet:{Id=0PS36000000KFvSGAW, Label=random, Name=random, NamespacePrefix=shiva15testns, UserLicenseId=10036000000eSpyAAE, CreatedDate=2016-04-26 00:59:56}
11:03:23.0 (10646642)|HEAP_ALLOCATE|[162]|Bytes:5
11:03:23.0 (10670534)|HEAP_ALLOCATE|[162]|Bytes:32
11:03:23.0 (10678675)|VARIABLE_SCOPE_BEGIN|[162]|PSetName|PermissionSet|true|false
11:03:23.0 (10704855)|VARIABLE_ASSIGNMENT|[162]|PSetName|{"s":1,"v":{"Id":"0PS36000000KhGKGA0","Label":"test1label","Name":"test1name","Description":"test Description 1","NamespacePrefix":"shiva15testns","UserLicenseId":"10036000000eSpyAAE","CreatedDate":"2016-04-27T01:22:31.000Z"}}|0x2d587d8e
11:03:23.0 (10710683)|STATEMENT_EXECUTE|[162]
11:03:23.0 (10734632)|ENTERING_MANAGED_PKG|
11:03:23.0 (10748970)|STATEMENT_EXECUTE|[163]
11:03:23.0 (10750916)|STATEMENT_EXECUTE|[166]
11:03:23.0 (10755522)|HEAP_ALLOCATE|[166]|Bytes:32
11:03:23.0 (10776008)|ENTERING_MANAGED_PKG|
11:03:23.0 (10779983)|HEAP_ALLOCATE|[166]|Bytes:18
11:03:23.0 (10821160)|ENTERING_MANAGED_PKG|
11:03:23.0 (10834141)|HEAP_ALLOCATE|[166]|Bytes:19
11:03:23.0 (10852563)|CONSTRUCTOR_ENTRY|[166]|01p36000005Jpvx|<init>(String,String,String,String,String,String,String)
11:03:23.0 (10858304)|VARIABLE_SCOPE_BEGIN|[1027]|this|shiva15testns.PermissionSetPortalControllers.PermissionSetClass|true|false
11:03:23.0 (10887163)|VARIABLE_ASSIGNMENT|[1027]|this|{}|0x743b556
11:03:23.0 (10890572)|VARIABLE_SCOPE_BEGIN|[1027]|label|String|false|false
11:03:23.0 (10895054)|VARIABLE_ASSIGNMENT|[1027]|label|"test1label"
11:03:23.0 (10896779)|VARIABLE_SCOPE_BEGIN|[1027]|apiName|String|false|false
11:03:23.0 (10899399)|VARIABLE_ASSIGNMENT|[1027]|apiName|"test1name"
11:03:23.0 (10901005)|VARIABLE_SCOPE_BEGIN|[1027]|id|String|false|false
11:03:23.0 (10904146)|VARIABLE_ASSIGNMENT|[1027]|id|"0PS36000000KhGKGA0"
11:03:23.0 (10905746)|VARIABLE_SCOPE_BEGIN|[1027]|description|String|false|false
11:03:23.0 (10909174)|VARIABLE_ASSIGNMENT|[1027]|description|"test Description 1"
11:03:23.0 (10910807)|VARIABLE_SCOPE_BEGIN|[1027]|namespacePrefix|String|false|false
11:03:23.0 (10913505)|VARIABLE_ASSIGNMENT|[1027]|namespacePrefix|"shiva15testns"
11:03:23.0 (10915161)|VARIABLE_SCOPE_BEGIN|[1027]|userLicenseId|String|false|false
11:03:23.0 (10917998)|VARIABLE_ASSIGNMENT|[1027]|userLicenseId|null
11:03:23.0 (10919479)|VARIABLE_SCOPE_BEGIN|[1027]|createdDate|String|false|false
11:03:23.0 (10922267)|VARIABLE_ASSIGNMENT|[1027]|createdDate|"2016-04-26 18:22:31"
11:03:23.0 (10925316)|STATEMENT_EXECUTE|[1010]
11:03:23.0 (10926657)|STATEMENT_EXECUTE|[1013]
11:03:23.0 (10928143)|STATEMENT_EXECUTE|[1015]
11:03:23.0 (10929215)|STATEMENT_EXECUTE|[1017]
11:03:23.0 (10930265)|STATEMENT_EXECUTE|[1019]
11:03:23.0 (10931301)|STATEMENT_EXECUTE|[1021]
11:03:23.0 (10932324)|STATEMENT_EXECUTE|[1023]
11:03:23.0 (10933356)|STATEMENT_EXECUTE|[1025]
11:03:23.0 (10944608)|STATEMENT_EXECUTE|[1028]
11:03:23.0 (10946186)|STATEMENT_EXECUTE|[1029]
11:03:23.0 (10993285)|VARIABLE_ASSIGNMENT|[EXTERNAL]|this|{}|0x743b556
11:03:23.0 (11004010)|VARIABLE_ASSIGNMENT|[EXTERNAL]|value|"test1label"
11:03:23.0 (11018809)|VARIABLE_ASSIGNMENT|[1013]|this.label|"test1label"|0x743b556
11:03:23.0 (11032126)|STATEMENT_EXECUTE|[1030]
11:03:23.0 (11084936)|VARIABLE_ASSIGNMENT|[EXTERNAL]|this|{"label":"test1label"}|0x743b556
11:03:23.0 (11100627)|VARIABLE_ASSIGNMENT|[EXTERNAL]|value|"test1name"
11:03:23.0 (11123167)|VARIABLE_ASSIGNMENT|[1015]|this.apiName|"test1name"|0x743b556
11:03:23.0 (11143261)|STATEMENT_EXECUTE|[1031]
11:03:23.0 (11194366)|VARIABLE_ASSIGNMENT|[EXTERNAL]|this|{"apiName":"test1name","label":"test1label"}|0x743b556
11:03:23.0 (11204544)|VARIABLE_ASSIGNMENT|[EXTERNAL]|value|"0PS36000000KhGKGA0"
11:03:23.0 (11216947)|VARIABLE_ASSIGNMENT|[1017]|this.id|"0PS36000000KhGKGA0"|0x743b556
11:03:23.0 (11228404)|STATEMENT_EXECUTE|[1032]
11:03:23.0 (11280472)|VARIABLE_ASSIGNMENT|[EXTERNAL]|this|{"apiName":"test1name","id":"0PS36000000KhGKGA0","label":"test1label"}|0x743b556
11:03:23.0 (11292500)|VARIABLE_ASSIGNMENT|[EXTERNAL]|value|"test Description 1"
11:03:23.0 (11304608)|VARIABLE_ASSIGNMENT|[1019]|this.description|"test Description 1"|0x743b556
11:03:23.0 (11318606)|STATEMENT_EXECUTE|[1033]
11:03:23.0 (11373013)|VARIABLE_ASSIGNMENT|[EXTERNAL]|this|{"apiName":"test1name","description":"test Description 1","id":"0PS36000000KhGKGA0","label":"test1label"}|0x743b556
11:03:23.0 (11380862)|VARIABLE_ASSIGNMENT|[EXTERNAL]|value|"shiva15testns"
11:03:23.0 (11389167)|VARIABLE_ASSIGNMENT|[1021]|this.namespacePrefix|"shiva15testns"|0x743b556
11:03:23.0 (11398984)|STATEMENT_EXECUTE|[1034]
11:03:23.0 (11431793)|VARIABLE_ASSIGNMENT|[EXTERNAL]|this|{"apiName":"test1name","description":"test Description 1","id":"0PS36000000KhGKGA0","label":"test1label","namespacePrefix":"shiva15testns"}|0x743b556
11:03:23.0 (11437939)|VARIABLE_ASSIGNMENT|[EXTERNAL]|value|null
11:03:23.0 (11443916)|VARIABLE_ASSIGNMENT|[1023]|this.userLicenseId|null|0x743b556
11:03:23.0 (11451349)|STATEMENT_EXECUTE|[1035]
11:03:23.0 (11482063)|VARIABLE_ASSIGNMENT|[EXTERNAL]|this|{"apiName":"test1name","description":"test Description 1","id":"0PS36000000KhGKGA0","label":"test1label","namespacePrefix":"shiva15testns"}|0x743b556
11:03:23.0 (11488072)|VARIABLE_ASSIGNMENT|[EXTERNAL]|value|"2016-04-26 18:22:31"
11:03:23.0 (11494551)|VARIABLE_ASSIGNMENT|[1025]|this.createdDate|"2016-04-26 18:22:31"|0x743b556
11:03:23.0 (11509250)|CONSTRUCTOR_EXIT|[166]|01p36000005Jpvx|<init>(String,String,String,String,String,String,String)
11:03:23.0 (11538437)|VARIABLE_ASSIGNMENT|[166]|pSetObj|{"apiName":"test1name","createdDate":"2016-04-26 18:22:31","description":"test Description 1","id":"0PS36000000KhGKGA0","label":"test1label","namespacePrefix":"shiva15testns"}|0x743b556
11:03:23.0 (11542658)|STATEMENT_EXECUTE|[167]
11:03:23.0 (11556071)|ENTERING_MANAGED_PKG|
11:03:23.0 (11560790)|HEAP_ALLOCATE|[EXTERNAL]|Bytes:4
11:03:23.0 (11567758)|STATEMENT_EXECUTE|[168]
11:03:23.0 (11581883)|ENTERING_MANAGED_PKG|
11:03:23.0 (11627155)|HEAP_ALLOCATE|[168]|Bytes:201
11:03:23.0 (11643442)|HEAP_ALLOCATE|[168]|Bytes:225
11:03:23.0 (11656030)|ENTERING_MANAGED_PKG|
11:03:23.0 (11666422)|USER_DEBUG|[168]|ERROR|The PermissionSet Name: PermissionSet:{Id=0PS36000000KhGKGA0, Label=test1label, Name=test1name, Description=test Description 1, NamespacePrefix=shiva15testns, UserLicenseId=10036000000eSpyAAE, CreatedDate=2016-04-27 01:22:31}
11:03:23.0 (11684796)|HEAP_ALLOCATE|[162]|Bytes:5
11:03:23.0 (11707759)|HEAP_ALLOCATE|[162]|Bytes:32
11:03:23.0 (11715822)|VARIABLE_SCOPE_BEGIN|[162]|PSetName|PermissionSet|true|false
11:03:23.0 (11741345)|VARIABLE_ASSIGNMENT|[162]|PSetName|{"s":1,"v":{"Id":"0PS36000000KhI0GAK","Label":"test1ONElabel","Name":"test1ONEname","Description":"test Description 1","NamespacePrefix":"shiva15testns","UserLicenseId":"10036000000eSpyAAE","CreatedDate":"2016-04-27T01:26:38.000Z"}}|0x3ff501fa
11:03:23.0 (11748183)|STATEMENT_EXECUTE|[162]
11:03:23.0 (11772626)|ENTERING_MANAGED_PKG|
11:03:23.0 (11783759)|STATEMENT_EXECUTE|[163]
11:03:23.0 (11785429)|STATEMENT_EXECUTE|[166]
11:03:23.0 (11789887)|HEAP_ALLOCATE|[166]|Bytes:32
11:03:23.0 (11808331)|ENTERING_MANAGED_PKG|
11:03:23.0 (11812541)|HEAP_ALLOCATE|[166]|Bytes:18
11:03:23.0 (11836990)|ENTERING_MANAGED_PKG|
11:03:23.0 (11848919)|HEAP_ALLOCATE|[166]|Bytes:19
11:03:23.0 (11866894)|CONSTRUCTOR_ENTRY|[166]|01p36000005Jpvx|<init>(String,String,String,String,String,String,String)
11:03:23.0 (11872026)|VARIABLE_SCOPE_BEGIN|[1027]|this|shiva15testns.PermissionSetPortalControllers.PermissionSetClass|true|false
11:03:23.0 (11899399)|VARIABLE_ASSIGNMENT|[1027]|this|{}|0x10e6d461
11:03:23.0 (11902610)|VARIABLE_SCOPE_BEGIN|[1027]|label|String|false|false
11:03:23.0 (11907515)|VARIABLE_ASSIGNMENT|[1027]|label|"test1ONElabel"
11:03:23.0 (11909368)|VARIABLE_SCOPE_BEGIN|[1027]|apiName|String|false|false
11:03:23.0 (11911975)|VARIABLE_ASSIGNMENT|[1027]|apiName|"test1ONEname"
11:03:23.0 (11913572)|VARIABLE_SCOPE_BEGIN|[1027]|id|String|false|false
11:03:23.0 (11916367)|VARIABLE_ASSIGNMENT|[1027]|id|"0PS36000000KhI0GAK"
11:03:23.0 (11917971)|VARIABLE_SCOPE_BEGIN|[1027]|description|String|false|false
11:03:23.0 (11932929)|VARIABLE_ASSIGNMENT|[1027]|description|"test Description 1"
11:03:23.0 (11936209)|VARIABLE_SCOPE_BEGIN|[1027]|namespacePrefix|String|false|false
11:03:23.0 (11941987)|VARIABLE_ASSIGNMENT|[1027]|namespacePrefix|"shiva15testns"
11:03:23.0 (11945094)|VARIABLE_SCOPE_BEGIN|[1027]|userLicenseId|String|false|false
11:03:23.0 (11954760)|VARIABLE_ASSIGNMENT|[1027]|userLicenseId|null
11:03:23.0 (11958648)|VARIABLE_SCOPE_BEGIN|[1027]|createdDate|String|false|false
11:03:23.0 (11965647)|VARIABLE_ASSIGNMENT|[1027]|createdDate|"2016-04-26 18:26:38"
11:03:23.0 (11970722)|STATEMENT_EXECUTE|[1010]
11:03:23.0 (11972906)|STATEMENT_EXECUTE|[1013]
11:03:23.0 (11975445)|STATEMENT_EXECUTE|[1015]
11:03:23.0 (11976573)|STATEMENT_EXECUTE|[1017]
11:03:23.0 (11977647)|STATEMENT_EXECUTE|[1019]
11:03:23.0 (11978679)|STATEMENT_EXECUTE|[1021]
11:03:23.0 (11979695)|STATEMENT_EXECUTE|[1023]
11:03:23.0 (11980712)|STATEMENT_EXECUTE|[1025]
11:03:23.0 (11993625)|STATEMENT_EXECUTE|[1028]
11:03:23.0 (11995258)|STATEMENT_EXECUTE|[1029]
11:03:23.0 (12028412)|VARIABLE_ASSIGNMENT|[EXTERNAL]|this|{}|0x10e6d461
11:03:23.0 (12035494)|VARIABLE_ASSIGNMENT|[EXTERNAL]|value|"test1ONElabel"
11:03:23.0 (12042839)|VARIABLE_ASSIGNMENT|[1013]|this.label|"test1ONElabel"|0x10e6d461
11:03:23.0 (12050737)|STATEMENT_EXECUTE|[1030]
11:03:23.0 (12079381)|VARIABLE_ASSIGNMENT|[EXTERNAL]|this|{"label":"test1ONElabel"}|0x10e6d461
11:03:23.0 (12084590)|VARIABLE_ASSIGNMENT|[EXTERNAL]|value|"test1ONEname"
11:03:23.0 (12091204)|VARIABLE_ASSIGNMENT|[1015]|this.apiName|"test1ONEname"|0x10e6d461
11:03:23.0 (12098651)|STATEMENT_EXECUTE|[1031]
11:03:23.0 (12127331)|VARIABLE_ASSIGNMENT|[EXTERNAL]|this|{"apiName":"test1ONEname","label":"test1ONElabel"}|0x10e6d461
11:03:23.0 (12132793)|VARIABLE_ASSIGNMENT|[EXTERNAL]|value|"0PS36000000KhI0GAK"
11:03:23.0 (12139167)|VARIABLE_ASSIGNMENT|[1017]|this.id|"0PS36000000KhI0GAK"|0x10e6d461
11:03:23.0 (12146199)|STATEMENT_EXECUTE|[1032]
11:03:23.0 (12174663)|VARIABLE_ASSIGNMENT|[EXTERNAL]|this|{"apiName":"test1ONEname","id":"0PS36000000KhI0GAK","label":"test1ONElabel"}|0x10e6d461
11:03:23.0 (12180223)|VARIABLE_ASSIGNMENT|[EXTERNAL]|value|"test Description 1"
11:03:23.0 (12186782)|VARIABLE_ASSIGNMENT|[1019]|this.description|"test Description 1"|0x10e6d461
11:03:23.0 (12193954)|STATEMENT_EXECUTE|[1033]
11:03:23.0 (12222959)|VARIABLE_ASSIGNMENT|[EXTERNAL]|this|{"apiName":"test1ONEname","description":"test Description 1","id":"0PS36000000KhI0GAK","label":"test1ONElabel"}|0x10e6d461
11:03:23.0 (12228637)|VARIABLE_ASSIGNMENT|[EXTERNAL]|value|"shiva15testns"
11:03:23.0 (12234928)|VARIABLE_ASSIGNMENT|[1021]|this.namespacePrefix|"shiva15testns"|0x10e6d461
11:03:23.0 (12242242)|STATEMENT_EXECUTE|[1034]
11:03:23.0 (12271662)|VARIABLE_ASSIGNMENT|[EXTERNAL]|this|{"apiName":"test1ONEname","description":"test Description 1","id":"0PS36000000KhI0GAK","label":"test1ONElabel","namespacePrefix":"shiva15testns"}|0x10e6d461
11:03:23.0 (12277434)|VARIABLE_ASSIGNMENT|[EXTERNAL]|value|null
11:03:23.0 (12283593)|VARIABLE_ASSIGNMENT|[1023]|this.userLicenseId|null|0x10e6d461
11:03:23.0 (12291278)|STATEMENT_EXECUTE|[1035]
11:03:23.0 (12321066)|VARIABLE_ASSIGNMENT|[EXTERNAL]|this|{"apiName":"test1ONEname","description":"test Description 1","id":"0PS36000000KhI0GAK","label":"test1ONElabel","namespacePrefix":"shiva15testns"}|0x10e6d461
11:03:23.0 (12327521)|VARIABLE_ASSIGNMENT|[EXTERNAL]|value|"2016-04-26 18:26:38"
11:03:23.0 (12333979)|VARIABLE_ASSIGNMENT|[1025]|this.createdDate|"2016-04-26 18:26:38"|0x10e6d461
11:03:23.0 (12348464)|CONSTRUCTOR_EXIT|[166]|01p36000005Jpvx|<init>(String,String,String,String,String,String,String)
11:03:23.0 (12377378)|VARIABLE_ASSIGNMENT|[166]|pSetObj|{"apiName":"test1ONEname","createdDate":"2016-04-26 18:26:38","description":"test Description 1","id":"0PS36000000KhI0GAK","label":"test1ONElabel","namespacePrefix":"shiva15testns"}|0x10e6d461
11:03:23.0 (12381442)|STATEMENT_EXECUTE|[167]
11:03:23.0 (12394447)|ENTERING_MANAGED_PKG|
11:03:23.0 (12398938)|HEAP_ALLOCATE|[EXTERNAL]|Bytes:4
11:03:23.0 (12405650)|STATEMENT_EXECUTE|[168]
11:03:23.0 (12419612)|ENTERING_MANAGED_PKG|
11:03:23.0 (12498342)|HEAP_ALLOCATE|[168]|Bytes:207
11:03:23.0 (12516926)|HEAP_ALLOCATE|[168]|Bytes:231
11:03:23.0 (12530067)|ENTERING_MANAGED_PKG|
11:03:23.0 (12540192)|USER_DEBUG|[168]|ERROR|The PermissionSet Name: PermissionSet:{Id=0PS36000000KhI0GAK, Label=test1ONElabel, Name=test1ONEname, Description=test Description 1, NamespacePrefix=shiva15testns, UserLicenseId=10036000000eSpyAAE, CreatedDate=2016-04-27 01:26:38}
11:03:23.0 (12558691)|HEAP_ALLOCATE|[162]|Bytes:5
11:03:23.0 (12581566)|HEAP_ALLOCATE|[162]|Bytes:32
11:03:23.0 (12589574)|VARIABLE_SCOPE_BEGIN|[162]|PSetName|PermissionSet|true|false
11:03:23.0 (12614833)|VARIABLE_ASSIGNMENT|[162]|PSetName|{"s":1,"v":{"Id":"0PS36000000KlvMGAS","Label":"test_name","Name":"test_name","Description":"test desc","NamespacePrefix":"shiva15testns","UserLicenseId":"10036000000eSpyAAE","CreatedDate":"2016-04-27T09:47:35.000Z"}}|0x38ef324e
11:03:23.0 (12619564)|STATEMENT_EXECUTE|[162]
11:03:23.0 (12646463)|ENTERING_MANAGED_PKG|
11:03:23.0 (12657631)|STATEMENT_EXECUTE|[163]
11:03:23.0 (12659550)|STATEMENT_EXECUTE|[166]
11:03:23.0 (12664048)|HEAP_ALLOCATE|[166]|Bytes:32
11:03:23.0 (12682547)|ENTERING_MANAGED_PKG|
11:03:23.0 (12686343)|HEAP_ALLOCATE|[166]|Bytes:18
11:03:23.0 (12710665)|ENTERING_MANAGED_PKG|
11:03:23.0 (12723190)|HEAP_ALLOCATE|[166]|Bytes:19
11:03:23.0 (12741657)|CONSTRUCTOR_ENTRY|[166]|01p36000005Jpvx|<init>(String,String,String,String,String,String,String)
11:03:23.0 (12749181)|VARIABLE_SCOPE_BEGIN|[1027]|this|shiva15testns.PermissionSetPortalControllers.PermissionSetClass|true|false
11:03:23.0 (12778600)|VARIABLE_ASSIGNMENT|[1027]|this|{}|0x31e049c
11:03:23.0 (12781906)|VARIABLE_SCOPE_BEGIN|[1027]|label|String|false|false
11:03:23.0 (12786472)|VARIABLE_ASSIGNMENT|[1027]|label|"test_name"
11:03:23.0 (12788163)|VARIABLE_SCOPE_BEGIN|[1027]|apiName|String|false|false
11:03:23.0 (12790782)|VARIABLE_ASSIGNMENT|[1027]|apiName|"test_name"
11:03:23.0 (12792336)|VARIABLE_SCOPE_BEGIN|[1027]|id|String|false|false
11:03:23.0 (12795078)|VARIABLE_ASSIGNMENT|[1027]|id|"0PS36000000KlvMGAS"
11:03:23.0 (12796627)|VARIABLE_SCOPE_BEGIN|[1027]|description|String|false|false
11:03:23.0 (12799104)|VARIABLE_ASSIGNMENT|[1027]|description|"test desc"
11:03:23.0 (12800578)|VARIABLE_SCOPE_BEGIN|[1027]|namespacePrefix|String|false|false
11:03:23.0 (12803304)|VARIABLE_ASSIGNMENT|[1027]|namespacePrefix|"shiva15testns"
11:03:23.0 (12805294)|VARIABLE_SCOPE_BEGIN|[1027]|userLicenseId|String|false|false
11:03:23.0 (12808305)|VARIABLE_ASSIGNMENT|[1027]|userLicenseId|null
11:03:23.0 (12809796)|VARIABLE_SCOPE_BEGIN|[1027]|createdDate|String|false|false
11:03:23.0 (12812577)|VARIABLE_ASSIGNMENT|[1027]|createdDate|"2016-04-27 02:47:35"
11:03:23.0 (12815596)|STATEMENT_EXECUTE|[1010]
11:03:23.0 (12816855)|STATEMENT_EXECUTE|[1013]
11:03:23.0 (12818361)|STATEMENT_EXECUTE|[1015]
11:03:23.0 (12819443)|STATEMENT_EXECUTE|[1017]
11:03:23.0 (12820452)|STATEMENT_EXECUTE|[1019]
11:03:23.0 (12821475)|STATEMENT_EXECUTE|[1021]
11:03:23.0 (12822481)|STATEMENT_EXECUTE|[1023]
11:03:23.0 (12823490)|STATEMENT_EXECUTE|[1025]
11:03:23.0 (12834755)|STATEMENT_EXECUTE|[1028]
11:03:23.0 (12836364)|STATEMENT_EXECUTE|[1029]
11:03:23.0 (12865662)|VARIABLE_ASSIGNMENT|[EXTERNAL]|this|{}|0x31e049c
11:03:23.0 (12871724)|VARIABLE_ASSIGNMENT|[EXTERNAL]|value|"test_name"
11:03:23.0 (12878391)|VARIABLE_ASSIGNMENT|[1013]|this.label|"test_name"|0x31e049c
11:03:23.0 (12886245)|STATEMENT_EXECUTE|[1030]
11:03:23.0 (12914319)|VARIABLE_ASSIGNMENT|[EXTERNAL]|this|{"label":"test_name"}|0x31e049c
11:03:23.0 (12919664)|VARIABLE_ASSIGNMENT|[EXTERNAL]|value|"test_name"
11:03:23.0 (12925719)|VARIABLE_ASSIGNMENT|[1015]|this.apiName|"test_name"|0x31e049c
11:03:23.0 (12932713)|STATEMENT_EXECUTE|[1031]
11:03:23.0 (12965900)|VARIABLE_ASSIGNMENT|[EXTERNAL]|this|{"apiName":"test_name","label":"test_name"}|0x31e049c
11:03:23.0 (12972055)|VARIABLE_ASSIGNMENT|[EXTERNAL]|value|"0PS36000000KlvMGAS"
11:03:23.0 (12978700)|VARIABLE_ASSIGNMENT|[1017]|this.id|"0PS36000000KlvMGAS"|0x31e049c
11:03:23.0 (12986433)|STATEMENT_EXECUTE|[1032]
11:03:23.0 (13015683)|VARIABLE_ASSIGNMENT|[EXTERNAL]|this|{"apiName":"test_name","id":"0PS36000000KlvMGAS","label":"test_name"}|0x31e049c
11:03:23.0 (13021874)|VARIABLE_ASSIGNMENT|[EXTERNAL]|value|"test desc"
11:03:23.0 (13028176)|VARIABLE_ASSIGNMENT|[1019]|this.description|"test desc"|0x31e049c
11:03:23.0 (13035435)|STATEMENT_EXECUTE|[1033]
11:03:23.0 (13065371)|VARIABLE_ASSIGNMENT|[EXTERNAL]|this|{"apiName":"test_name","description":"test desc","id":"0PS36000000KlvMGAS","label":"test_name"}|0x31e049c
11:03:23.0 (13071184)|VARIABLE_ASSIGNMENT|[EXTERNAL]|value|"shiva15testns"
11:03:23.0 (13077681)|VARIABLE_ASSIGNMENT|[1021]|this.namespacePrefix|"shiva15testns"|0x31e049c
11:03:23.0 (13085078)|STATEMENT_EXECUTE|[1034]
11:03:23.0 (13114640)|VARIABLE_ASSIGNMENT|[EXTERNAL]|this|{"apiName":"test_name","description":"test desc","id":"0PS36000000KlvMGAS","label":"test_name","namespacePrefix":"shiva15testns"}|0x31e049c
11:03:23.0 (13120286)|VARIABLE_ASSIGNMENT|[EXTERNAL]|value|null
11:03:23.0 (13126312)|VARIABLE_ASSIGNMENT|[1023]|this.userLicenseId|null|0x31e049c
11:03:23.0 (13133419)|STATEMENT_EXECUTE|[1035]
11:03:23.0 (13162780)|VARIABLE_ASSIGNMENT|[EXTERNAL]|this|{"apiName":"test_name","description":"test desc","id":"0PS36000000KlvMGAS","label":"test_name","namespacePrefix":"shiva15testns"}|0x31e049c
11:03:23.0 (13168682)|VARIABLE_ASSIGNMENT|[EXTERNAL]|value|"2016-04-27 02:47:35"
11:03:23.0 (13175690)|VARIABLE_ASSIGNMENT|[1025]|this.createdDate|"2016-04-27 02:47:35"|0x31e049c
11:03:23.0 (13190120)|CONSTRUCTOR_EXIT|[166]|01p36000005Jpvx|<init>(String,String,String,String,String,String,String)
11:03:23.0 (13218675)|VARIABLE_ASSIGNMENT|[166]|pSetObj|{"apiName":"test_name","createdDate":"2016-04-27 02:47:35","description":"test desc","id":"0PS36000000KlvMGAS","label":"test_name","namespacePrefix":"shiva15testns"}|0x31e049c
11:03:23.0 (13223008)|STATEMENT_EXECUTE|[167]
11:03:23.0 (13235893)|ENTERING_MANAGED_PKG|
11:03:23.0 (13240159)|HEAP_ALLOCATE|[EXTERNAL]|Bytes:4
11:03:23.0 (13246650)|STATEMENT_EXECUTE|[168]
11:03:23.0 (13260285)|ENTERING_MANAGED_PKG|
11:03:23.0 (13303277)|HEAP_ALLOCATE|[168]|Bytes:191
11:03:23.0 (13334325)|HEAP_ALLOCATE|[168]|Bytes:215
11:03:23.0 (13347430)|ENTERING_MANAGED_PKG|
11:03:23.0 (13357448)|USER_DEBUG|[168]|ERROR|The PermissionSet Name: PermissionSet:{Id=0PS36000000KlvMGAS, Label=test_name, Name=test_name, Description=test desc, NamespacePrefix=shiva15testns, UserLicenseId=10036000000eSpyAAE, CreatedDate=2016-04-27 09:47:35}
11:03:23.0 (13375216)|HEAP_ALLOCATE|[162]|Bytes:5
11:03:23.0 (13398895)|HEAP_ALLOCATE|[162]|Bytes:28
11:03:23.0 (13406682)|VARIABLE_SCOPE_BEGIN|[162]|PSetName|PermissionSet|true|false
11:03:23.0 (13431279)|VARIABLE_ASSIGNMENT|[162]|PSetName|{"s":1,"v":{"Id":"0PS36000000mmnFGAQ","Label":"00e1a000000MWa8AAG","Name":"X00e1a000000MWa8AAG","NamespacePrefix":"shiva15testns","UserLicenseId":"10036000000eSpzAAE","CreatedDate":"2016-03-08T19:00:02.000Z"}}|0x40a764ca
11:03:23.0 (13436068)|STATEMENT_EXECUTE|[162]
11:03:23.0 (13458991)|ENTERING_MANAGED_PKG|
11:03:23.0 (13469849)|STATEMENT_EXECUTE|[163]
11:03:23.0 (13481083)|HEAP_ALLOCATE|[162]|Bytes:5
11:03:23.0 (13502245)|HEAP_ALLOCATE|[162]|Bytes:28
11:03:23.0 (13509701)|VARIABLE_SCOPE_BEGIN|[162]|PSetName|PermissionSet|true|false
11:03:23.0 (13535280)|VARIABLE_ASSIGNMENT|[162]|PSetName|{"s":1,"v":{"Id":"0PS36000000mmnGGAQ","Label":"00ex00000018ozl_128_ (10 more) ...","Name":"X00ex00000018ozl_128 (11 more) ...","NamespacePrefix":"shiva15testns","UserLicenseId":"10036000000eSpyAAE","CreatedDate":"2016-03-08T19:00:02.000Z"}}|0x2e7dc55d
11:03:23.0 (13540572)|STATEMENT_EXECUTE|[162]
11:03:23.0 (13562532)|ENTERING_MANAGED_PKG|
11:03:23.0 (13573019)|STATEMENT_EXECUTE|[163]
11:03:23.0 (13587534)|HEAP_ALLOCATE|[162]|Bytes:5
11:03:23.0 (13608819)|HEAP_ALLOCATE|[162]|Bytes:28
11:03:23.0 (13616026)|VARIABLE_SCOPE_BEGIN|[162]|PSetName|PermissionSet|true|false
11:03:23.0 (13638425)|VARIABLE_ASSIGNMENT|[162]|PSetName|{"s":1,"v":{"Id":"0PS36000000mmnHGAQ","Label":"00ex00000018ozm_128_ (10 more) ...","Name":"X00ex00000018ozm_128 (11 more) ...","NamespacePrefix":"shiva15testns","UserLicenseId":"10036000000eSpyAAE","CreatedDate":"2016-03-08T19:00:02.000Z"}}|0x3990fbb9
11:03:23.0 (13642666)|STATEMENT_EXECUTE|[162]
11:03:23.0 (13664338)|ENTERING_MANAGED_PKG|
11:03:23.0 (13674604)|STATEMENT_EXECUTE|[163]
11:03:23.0 (13685545)|HEAP_ALLOCATE|[162]|Bytes:5
11:03:23.0 (13706446)|HEAP_ALLOCATE|[162]|Bytes:28
11:03:23.0 (13713538)|VARIABLE_SCOPE_BEGIN|[162]|PSetName|PermissionSet|true|false
11:03:23.0 (13735163)|VARIABLE_ASSIGNMENT|[162]|PSetName|{"s":1,"v":{"Id":"0PS36000000mmnIGAQ","Label":"00ex00000018ozk_128_ (10 more) ...","Name":"X00ex00000018ozk_128 (11 more) ...","NamespacePrefix":"shiva15testns","UserLicenseId":"10036000000eSpyAAE","CreatedDate":"2016-03-08T19:00:02.000Z"}}|0x782cd387
11:03:23.0 (13740316)|STATEMENT_EXECUTE|[162]
11:03:23.0 (13764882)|ENTERING_MANAGED_PKG|
11:03:23.0 (13775321)|STATEMENT_EXECUTE|[163]
11:03:23.0 (13786429)|HEAP_ALLOCATE|[162]|Bytes:5
11:03:23.0 (13820870)|HEAP_ALLOCATE|[162]|Bytes:28
11:03:23.0 (13833200)|VARIABLE_SCOPE_BEGIN|[162]|PSetName|PermissionSet|true|false
11:03:23.0 (13866261)|VARIABLE_ASSIGNMENT|[162]|PSetName|{"s":1,"v":{"Id":"0PS36000000mmnJGAQ","Label":"00ex00000018ozj_128_ (10 more) ...","Name":"X00ex00000018ozj_128 (11 more) ...","NamespacePrefix":"shiva15testns","UserLicenseId":"10036000000eSpyAAE","CreatedDate":"2016-03-08T19:00:02.000Z"}}|0x356697c
11:03:23.0 (13873124)|STATEMENT_EXECUTE|[162]
11:03:23.0 (13904422)|ENTERING_MANAGED_PKG|
11:03:23.0 (13922261)|STATEMENT_EXECUTE|[163]
11:03:23.0 (13940724)|HEAP_ALLOCATE|[162]|Bytes:5
11:03:23.0 (13980823)|HEAP_ALLOCATE|[162]|Bytes:28
11:03:23.0 (13993906)|VARIABLE_SCOPE_BEGIN|[162]|PSetName|PermissionSet|true|false
11:03:23.0 (14028591)|VARIABLE_ASSIGNMENT|[162]|PSetName|{"s":1,"v":{"Id":"0PS36000000mmnKGAQ","Label":"00ex00000018ozo_128_ (10 more) ...","Name":"X00ex00000018ozo_128 (11 more) ...","NamespacePrefix":"shiva15testns","UserLicenseId":"10036000000eSpyAAE","CreatedDate":"2016-03-08T19:00:02.000Z"}}|0x43410366
11:03:23.0 (14037448)|STATEMENT_EXECUTE|[162]
11:03:23.0 (14069342)|ENTERING_MANAGED_PKG|
11:03:23.0 (14090102)|STATEMENT_EXECUTE|[163]
11:03:23.0 (14111239)|HEAP_ALLOCATE|[162]|Bytes:5
11:03:23.0 (14137361)|HEAP_ALLOCATE|[162]|Bytes:28
11:03:23.0 (14144798)|VARIABLE_SCOPE_BEGIN|[162]|PSetName|PermissionSet|true|false
11:03:23.0 (14167534)|VARIABLE_ASSIGNMENT|[162]|PSetName|{"s":1,"v":{"Id":"0PS36000000mmnLGAQ","Label":"00ex00000018ozh_128_ (10 more) ...","Name":"X00ex00000018ozh_128 (11 more) ...","NamespacePrefix":"shiva15testns","UserLicenseId":"10036000000eSpyAAE","CreatedDate":"2016-03-08T19:00:02.000Z"}}|0x7d326584
11:03:23.0 (14172434)|STATEMENT_EXECUTE|[162]
11:03:23.0 (14194981)|ENTERING_MANAGED_PKG|
11:03:23.0 (14205468)|STATEMENT_EXECUTE|[163]
11:03:23.0 (14216631)|HEAP_ALLOCATE|[162]|Bytes:5
11:03:23.0 (14237464)|HEAP_ALLOCATE|[162]|Bytes:28
11:03:23.0 (14244575)|VARIABLE_SCOPE_BEGIN|[162]|PSetName|PermissionSet|true|false
11:03:23.0 (14266114)|VARIABLE_ASSIGNMENT|[162]|PSetName|{"s":1,"v":{"Id":"0PS36000000mmnMGAQ","Label":"00ex00000018ozq_128_ (11 more) ...","Name":"X00ex00000018ozq_128 (12 more) ...","NamespacePrefix":"shiva15testns","UserLicenseId":"10036000000eSpyAAE","CreatedDate":"2016-03-08T19:00:02.000Z"}}|0x639c214e
11:03:23.0 (14270899)|STATEMENT_EXECUTE|[162]
11:03:23.0 (14292723)|ENTERING_MANAGED_PKG|
11:03:23.0 (14303242)|STATEMENT_EXECUTE|[163]
11:03:23.0 (14314323)|HEAP_ALLOCATE|[162]|Bytes:5
11:03:23.0 (14334945)|HEAP_ALLOCATE|[162]|Bytes:28
11:03:23.0 (14342019)|VARIABLE_SCOPE_BEGIN|[162]|PSetName|PermissionSet|true|false
11:03:23.0 (14363562)|VARIABLE_ASSIGNMENT|[162]|PSetName|{"s":1,"v":{"Id":"0PS36000000mmnNGAQ","Label":"00ex00000018ozp_128_ (10 more) ...","Name":"X00ex00000018ozp_128 (11 more) ...","NamespacePrefix":"shiva15testns","UserLicenseId":"10036000000eSpyAAE","CreatedDate":"2016-03-08T19:00:02.000Z"}}|0x53b1a9c8
11:03:23.0 (14368027)|STATEMENT_EXECUTE|[162]
11:03:23.0 (14389514)|ENTERING_MANAGED_PKG|
11:03:23.0 (14399999)|STATEMENT_EXECUTE|[163]
11:03:23.0 (14411379)|HEAP_ALLOCATE|[162]|Bytes:5
11:03:23.0 (14431793)|HEAP_ALLOCATE|[162]|Bytes:28
11:03:23.0 (14438835)|VARIABLE_SCOPE_BEGIN|[162]|PSetName|PermissionSet|true|false
11:03:23.0 (14460764)|VARIABLE_ASSIGNMENT|[162]|PSetName|{"s":1,"v":{"Id":"0PS36000000mmnOGAQ","Label":"00ex00000018ozn_128_ (10 more) ...","Name":"X00ex00000018ozn_128 (11 more) ...","NamespacePrefix":"shiva15testns","UserLicenseId":"10036000000eSpyAAE","CreatedDate":"2016-03-08T19:00:02.000Z"}}|0x1820daeb
11:03:23.0 (14465593)|STATEMENT_EXECUTE|[162]
11:03:23.0 (14487682)|ENTERING_MANAGED_PKG|
11:03:23.0 (14498743)|STATEMENT_EXECUTE|[163]
11:03:23.0 (14509602)|HEAP_ALLOCATE|[162]|Bytes:5
11:03:23.0 (14533264)|HEAP_ALLOCATE|[162]|Bytes:28
11:03:23.0 (14540732)|VARIABLE_SCOPE_BEGIN|[162]|PSetName|PermissionSet|true|false
11:03:23.0 (14571672)|VARIABLE_ASSIGNMENT|[162]|PSetName|{"s":1,"v":{"Id":"0PS36000000mmnPGAQ","Label":"00e1a000000MWa9AAG","Name":"X00e1a000000MWa9AAG","NamespacePrefix":"shiva15testns","UserLicenseId":"10036000000eSq0AAE","CreatedDate":"2016-03-08T19:00:02.000Z"}}|0x7650822e
11:03:23.0 (14579568)|STATEMENT_EXECUTE|[162]
11:03:23.0 (14612574)|ENTERING_MANAGED_PKG|
11:03:23.0 (14628447)|STATEMENT_EXECUTE|[163]
11:03:23.0 (14640602)|HEAP_ALLOCATE|[162]|Bytes:5
11:03:23.0 (14661677)|HEAP_ALLOCATE|[162]|Bytes:28
11:03:23.0 (14668815)|VARIABLE_SCOPE_BEGIN|[162]|PSetName|PermissionSet|true|false
11:03:23.0 (14690570)|VARIABLE_ASSIGNMENT|[162]|PSetName|{"s":1,"v":{"Id":"0PS36000000mmnQGAQ","Label":"00e1a000000MWaBAAW","Name":"X00e1a000000MWaBAAW","NamespacePrefix":"shiva15testns","UserLicenseId":"10036000000eSq2AAE","CreatedDate":"2016-03-08T19:00:02.000Z"}}|0x74c44bfb
11:03:23.0 (14695283)|STATEMENT_EXECUTE|[162]
11:03:23.0 (14717753)|ENTERING_MANAGED_PKG|
11:03:23.0 (14728523)|STATEMENT_EXECUTE|[163]
11:03:23.0 (14739495)|HEAP_ALLOCATE|[162]|Bytes:5
11:03:23.0 (14765579)|HEAP_ALLOCATE|[162]|Bytes:28
11:03:23.0 (14773453)|VARIABLE_SCOPE_BEGIN|[162]|PSetName|PermissionSet|true|false
11:03:23.0 (14794380)|VARIABLE_ASSIGNMENT|[162]|PSetName|{"s":1,"v":{"Id":"0PS36000000mmnRGAQ","Label":"00e1a000000MWaCAAW","Name":"X00e1a000000MWaCAAW","NamespacePrefix":"shiva15testns","UserLicenseId":"10036000000eSq3AAE","CreatedDate":"2016-03-08T19:00:02.000Z"}}|0x2a655342
11:03:23.0 (14799340)|STATEMENT_EXECUTE|[162]
11:03:23.0 (14821258)|ENTERING_MANAGED_PKG|
11:03:23.0 (14831551)|STATEMENT_EXECUTE|[163]
11:03:23.0 (14842539)|HEAP_ALLOCATE|[162]|Bytes:5
11:03:23.0 (14863141)|HEAP_ALLOCATE|[162]|Bytes:28
11:03:23.0 (14870250)|VARIABLE_SCOPE_BEGIN|[162]|PSetName|PermissionSet|true|false
11:03:23.0 (14891143)|VARIABLE_ASSIGNMENT|[162]|PSetName|{"s":1,"v":{"Id":"0PS36000000mmnSGAQ","Label":"00e1a000000MWaDAAW","Name":"X00e1a000000MWaDAAW","NamespacePrefix":"shiva15testns","UserLicenseId":"10036000000eSq4AAE","CreatedDate":"2016-03-08T19:00:02.000Z"}}|0x348c2367
11:03:23.0 (14895516)|STATEMENT_EXECUTE|[162]
11:03:23.0 (14917493)|ENTERING_MANAGED_PKG|
11:03:23.0 (14928100)|STATEMENT_EXECUTE|[163]
11:03:23.0 (14938972)|HEAP_ALLOCATE|[162]|Bytes:5
11:03:23.0 (14963955)|HEAP_ALLOCATE|[162]|Bytes:28
11:03:23.0 (14971540)|VARIABLE_SCOPE_BEGIN|[162]|PSetName|PermissionSet|true|false
11:03:23.0 (14992404)|VARIABLE_ASSIGNMENT|[162]|PSetName|{"s":1,"v":{"Id":"0PS36000000mmnTGAQ","Label":"00e1a000000MWaEAAW","Name":"X00e1a000000MWaEAAW","NamespacePrefix":"shiva15testns","UserLicenseId":"10036000000eSq5AAE","CreatedDate":"2016-03-08T19:00:02.000Z"}}|0x463f962a
11:03:23.0 (14997299)|STATEMENT_EXECUTE|[162]
11:03:23.0 (15019469)|ENTERING_MANAGED_PKG|
11:03:23.0 (15030663)|STATEMENT_EXECUTE|[163]
11:03:23.0 (15041941)|HEAP_ALLOCATE|[162]|Bytes:5
11:03:23.0 (15065989)|HEAP_ALLOCATE|[162]|Bytes:28
11:03:23.0 (15073187)|VARIABLE_SCOPE_BEGIN|[162]|PSetName|PermissionSet|true|false
11:03:23.0 (15093822)|VARIABLE_ASSIGNMENT|[162]|PSetName|{"s":1,"v":{"Id":"0PS36000000mmnUGAQ","Label":"00e1a000000MWaFAAW","Name":"X00e1a000000MWaFAAW","NamespacePrefix":"shiva15testns","UserLicenseId":"10036000000eSq6AAE","CreatedDate":"2016-03-08T19:00:02.000Z"}}|0x10f28685
11:03:23.0 (15098087)|STATEMENT_EXECUTE|[162]
11:03:23.0 (15119898)|ENTERING_MANAGED_PKG|
11:03:23.0 (15144250)|STATEMENT_EXECUTE|[163]
11:03:23.0 (15156108)|HEAP_ALLOCATE|[162]|Bytes:5
11:03:23.0 (15177190)|HEAP_ALLOCATE|[162]|Bytes:28
11:03:23.0 (15184351)|VARIABLE_SCOPE_BEGIN|[162]|PSetName|PermissionSet|true|false
11:03:23.0 (15205765)|VARIABLE_ASSIGNMENT|[162]|PSetName|{"s":1,"v":{"Id":"0PS36000000mmnVGAQ","Label":"00e1a000000MWaGAAW","Name":"X00e1a000000MWaGAAW","NamespacePrefix":"shiva15testns","UserLicenseId":"10036000000eSq7AAE","CreatedDate":"2016-03-08T19:00:02.000Z"}}|0x100d289a
11:03:23.0 (15210949)|STATEMENT_EXECUTE|[162]
11:03:23.0 (15232710)|ENTERING_MANAGED_PKG|
11:03:23.0 (15242941)|STATEMENT_EXECUTE|[163]
11:03:23.0 (15253953)|HEAP_ALLOCATE|[162]|Bytes:5
11:03:23.0 (15274594)|HEAP_ALLOCATE|[162]|Bytes:28
11:03:23.0 (15281699)|VARIABLE_SCOPE_BEGIN|[162]|PSetName|PermissionSet|true|false
11:03:23.0 (15303227)|VARIABLE_ASSIGNMENT|[162]|PSetName|{"s":1,"v":{"Id":"0PS36000000mmnWGAQ","Label":"00e1a000000MWaHAAW","Name":"X00e1a000000MWaHAAW","NamespacePrefix":"shiva15testns","UserLicenseId":"10036000000eSq8AAE","CreatedDate":"2016-03-08T19:00:02.000Z"}}|0x45cfb6e7
11:03:23.0 (15307499)|STATEMENT_EXECUTE|[162]
11:03:23.0 (15329186)|ENTERING_MANAGED_PKG|
11:03:23.0 (15339378)|STATEMENT_EXECUTE|[163]
11:03:23.0 (15350425)|HEAP_ALLOCATE|[162]|Bytes:5
11:03:23.0 (15370674)|HEAP_ALLOCATE|[162]|Bytes:28
11:03:23.0 (15377936)|VARIABLE_SCOPE_BEGIN|[162]|PSetName|PermissionSet|true|false
11:03:23.0 (15399184)|VARIABLE_ASSIGNMENT|[162]|PSetName|{"s":1,"v":{"Id":"0PS36000000mmnXGAQ","Label":"00e1a000000MWaIAAW","Name":"X00e1a000000MWaIAAW","NamespacePrefix":"shiva15testns","UserLicenseId":"10036000000eSq9AAE","CreatedDate":"2016-03-08T19:00:02.000Z"}}|0x7f7be6b2
11:03:23.0 (15403960)|STATEMENT_EXECUTE|[162]
11:03:23.0 (15425567)|ENTERING_MANAGED_PKG|
11:03:23.0 (15435636)|STATEMENT_EXECUTE|[163]
11:03:23.0 (15446453)|HEAP_ALLOCATE|[162]|Bytes:5
11:03:23.0 (15466778)|HEAP_ALLOCATE|[162]|Bytes:28
11:03:23.0 (15473854)|VARIABLE_SCOPE_BEGIN|[162]|PSetName|PermissionSet|true|false
11:03:23.0 (15494786)|VARIABLE_ASSIGNMENT|[162]|PSetName|{"s":1,"v":{"Id":"0PS36000000mmnYGAQ","Label":"00e1a000000MWaJAAW","Name":"X00e1a000000MWaJAAW","NamespacePrefix":"shiva15testns","UserLicenseId":"10036000000eSqAAAU","CreatedDate":"2016-03-08T19:00:02.000Z"}}|0x7bb99176
11:03:23.0 (15499203)|STATEMENT_EXECUTE|[162]
11:03:23.0 (15520617)|ENTERING_MANAGED_PKG|
11:03:23.0 (15530797)|STATEMENT_EXECUTE|[163]
11:03:23.0 (15541621)|HEAP_ALLOCATE|[162]|Bytes:5
11:03:23.0 (15561782)|HEAP_ALLOCATE|[162]|Bytes:28
11:03:23.0 (15569108)|VARIABLE_SCOPE_BEGIN|[162]|PSetName|PermissionSet|true|false
11:03:23.0 (15589678)|VARIABLE_ASSIGNMENT|[162]|PSetName|{"s":1,"v":{"Id":"0PS36000000mmnZGAQ","Label":"00e1a000000MWaKAAW","Name":"X00e1a000000MWaKAAW","NamespacePrefix":"shiva15testns","UserLicenseId":"10036000000eSqBAAU","CreatedDate":"2016-03-08T19:00:02.000Z"}}|0x2093f63
11:03:23.0 (15594093)|STATEMENT_EXECUTE|[162]
11:03:23.0 (15615623)|ENTERING_MANAGED_PKG|
11:03:23.0 (15625696)|STATEMENT_EXECUTE|[163]
11:03:23.0 (15636643)|HEAP_ALLOCATE|[162]|Bytes:5
11:03:23.0 (15657076)|HEAP_ALLOCATE|[162]|Bytes:28
11:03:23.0 (15663987)|VARIABLE_SCOPE_BEGIN|[162]|PSetName|PermissionSet|true|false
11:03:23.0 (15684538)|VARIABLE_ASSIGNMENT|[162]|PSetName|{"s":1,"v":{"Id":"0PS36000000mmnaGAA","Label":"00e1a000000MWaLAAW","Name":"X00e1a000000MWaLAAW","NamespacePrefix":"shiva15testns","UserLicenseId":"10036000000eSqCAAU","CreatedDate":"2016-03-08T19:00:02.000Z"}}|0x3ac9c94b
11:03:23.0 (15688937)|STATEMENT_EXECUTE|[162]
11:03:23.0 (15710748)|ENTERING_MANAGED_PKG|
11:03:23.0 (15720871)|STATEMENT_EXECUTE|[163]
11:03:23.0 (15731745)|HEAP_ALLOCATE|[162]|Bytes:5
11:03:23.0 (15752046)|HEAP_ALLOCATE|[162]|Bytes:28
11:03:23.0 (15759305)|VARIABLE_SCOPE_BEGIN|[162]|PSetName|PermissionSet|true|false
11:03:23.0 (15779725)|VARIABLE_ASSIGNMENT|[162]|PSetName|{"s":1,"v":{"Id":"0PS36000000mmnbGAA","Label":"00e1a000000MWaMAAW","Name":"X00e1a000000MWaMAAW","NamespacePrefix":"shiva15testns","UserLicenseId":"10036000000eSqDAAU","CreatedDate":"2016-03-08T19:00:02.000Z"}}|0x1aa7e6d6
11:03:23.0 (15783842)|STATEMENT_EXECUTE|[162]
11:03:23.0 (15805395)|ENTERING_MANAGED_PKG|
11:03:23.0 (15815554)|STATEMENT_EXECUTE|[163]
11:03:23.0 (15826618)|HEAP_ALLOCATE|[162]|Bytes:5
11:03:23.0 (15846910)|HEAP_ALLOCATE|[162]|Bytes:28
11:03:23.0 (15853920)|VARIABLE_SCOPE_BEGIN|[162]|PSetName|PermissionSet|true|false
11:03:23.0 (15874318)|VARIABLE_ASSIGNMENT|[162]|PSetName|{"s":1,"v":{"Id":"0PS36000000mmncGAA","Label":"00e1a000000MWaNAAW","Name":"X00e1a000000MWaNAAW","NamespacePrefix":"shiva15testns","UserLicenseId":"10036000000eSqEAAU","CreatedDate":"2016-03-08T19:00:02.000Z"}}|0x2da2e6d5
11:03:23.0 (15878674)|STATEMENT_EXECUTE|[162]
11:03:23.0 (15900167)|ENTERING_MANAGED_PKG|
11:03:23.0 (15910313)|STATEMENT_EXECUTE|[163]
11:03:23.0 (15921319)|HEAP_ALLOCATE|[162]|Bytes:5
11:03:23.0 (15941677)|HEAP_ALLOCATE|[162]|Bytes:28
11:03:23.0 (15948734)|VARIABLE_SCOPE_BEGIN|[162]|PSetName|PermissionSet|true|false
11:03:23.0 (15973432)|VARIABLE_ASSIGNMENT|[162]|PSetName|{"s":1,"v":{"Id":"0PS36000000mmndGAA","Label":"00e1a000000MWaOAAW","Name":"X00e1a000000MWaOAAW","NamespacePrefix":"shiva15testns","UserLicenseId":"10036000000eSqFAAU","CreatedDate":"2016-03-08T19:00:02.000Z"}}|0x661b2625
11:03:23.0 (15977952)|STATEMENT_EXECUTE|[162]
11:03:23.0 (16000072)|ENTERING_MANAGED_PKG|
11:03:23.0 (16011191)|STATEMENT_EXECUTE|[163]
11:03:23.0 (16022160)|HEAP_ALLOCATE|[162]|Bytes:5
11:03:23.0 (16042366)|HEAP_ALLOCATE|[162]|Bytes:28
11:03:23.0 (16049283)|VARIABLE_SCOPE_BEGIN|[162]|PSetName|PermissionSet|true|false
11:03:23.0 (16069951)|VARIABLE_ASSIGNMENT|[162]|PSetName|{"s":1,"v":{"Id":"0PS36000000mmneGAA","Label":"00e1a000000MWaPAAW","Name":"X00e1a000000MWaPAAW","NamespacePrefix":"shiva15testns","UserLicenseId":"10036000000eSqGAAU","CreatedDate":"2016-03-08T19:00:02.000Z"}}|0x126c283c
11:03:23.0 (16074393)|STATEMENT_EXECUTE|[162]
11:03:23.0 (16095887)|ENTERING_MANAGED_PKG|
11:03:23.0 (16105896)|STATEMENT_EXECUTE|[163]
11:03:23.0 (16116633)|HEAP_ALLOCATE|[162]|Bytes:5
11:03:23.0 (16136735)|HEAP_ALLOCATE|[162]|Bytes:28
11:03:23.0 (16143700)|VARIABLE_SCOPE_BEGIN|[162]|PSetName|PermissionSet|true|false
11:03:23.0 (16163937)|VARIABLE_ASSIGNMENT|[162]|PSetName|{"s":1,"v":{"Id":"0PS36000000mmnfGAA","Label":"00e1a000000MWaQAAW","Name":"X00e1a000000MWaQAAW","NamespacePrefix":"shiva15testns","UserLicenseId":"10036000000eSqHAAU","CreatedDate":"2016-03-08T19:00:02.000Z"}}|0x3758edf1
11:03:23.0 (16168010)|STATEMENT_EXECUTE|[162]
11:03:23.0 (16189414)|ENTERING_MANAGED_PKG|
11:03:23.0 (16199436)|STATEMENT_EXECUTE|[163]
11:03:23.0 (16210794)|HEAP_ALLOCATE|[162]|Bytes:5
11:03:23.0 (16230860)|HEAP_ALLOCATE|[162]|Bytes:28
11:03:23.0 (16237731)|VARIABLE_SCOPE_BEGIN|[162]|PSetName|PermissionSet|true|false
11:03:23.0 (16258170)|VARIABLE_ASSIGNMENT|[162]|PSetName|{"s":1,"v":{"Id":"0PS36000000mmngGAA","Label":"00e1a000000MWaRAAW","Name":"X00e1a000000MWaRAAW","NamespacePrefix":"shiva15testns","UserLicenseId":"10036000000eSqIAAU","CreatedDate":"2016-03-08T19:00:02.000Z"}}|0xd762181
11:03:23.0 (16261977)|STATEMENT_EXECUTE|[162]
11:03:23.0 (16283353)|ENTERING_MANAGED_PKG|
11:03:23.0 (16293475)|STATEMENT_EXECUTE|[163]
11:03:23.0 (16304326)|HEAP_ALLOCATE|[162]|Bytes:5
11:03:23.0 (16324288)|HEAP_ALLOCATE|[162]|Bytes:28
11:03:23.0 (16331342)|VARIABLE_SCOPE_BEGIN|[162]|PSetName|PermissionSet|true|false
11:03:23.0 (16351940)|VARIABLE_ASSIGNMENT|[162]|PSetName|{"s":1,"v":{"Id":"0PS36000000mmnhGAA","Label":"00e1a000000MWaSAAW","Name":"X00e1a000000MWaSAAW","NamespacePrefix":"shiva15testns","UserLicenseId":"10036000000eSqJAAU","CreatedDate":"2016-03-08T19:00:02.000Z"}}|0x32630404
11:03:23.0 (16356515)|STATEMENT_EXECUTE|[162]
11:03:23.0 (16378347)|ENTERING_MANAGED_PKG|
11:03:23.0 (16388614)|STATEMENT_EXECUTE|[163]
11:03:23.0 (16399515)|HEAP_ALLOCATE|[162]|Bytes:5
11:03:23.0 (16419604)|HEAP_ALLOCATE|[162]|Bytes:28
11:03:23.0 (16426556)|VARIABLE_SCOPE_BEGIN|[162]|PSetName|PermissionSet|true|false
11:03:23.0 (16447257)|VARIABLE_ASSIGNMENT|[162]|PSetName|{"s":1,"v":{"Id":"0PS36000000mmniGAA","Label":"00e1a000000MWaTAAW","Name":"X00e1a000000MWaTAAW","NamespacePrefix":"shiva15testns","UserLicenseId":"10036000000eSqJAAU","CreatedDate":"2016-03-08T19:00:02.000Z"}}|0x413de7bc
11:03:23.0 (16451577)|STATEMENT_EXECUTE|[162]
11:03:23.0 (16473005)|ENTERING_MANAGED_PKG|
11:03:23.0 (16483082)|STATEMENT_EXECUTE|[163]
11:03:23.0 (16493880)|HEAP_ALLOCATE|[162]|Bytes:5
11:03:23.0 (16514140)|HEAP_ALLOCATE|[162]|Bytes:28
11:03:23.0 (16520990)|VARIABLE_SCOPE_BEGIN|[162]|PSetName|PermissionSet|true|false
11:03:23.0 (16541815)|VARIABLE_ASSIGNMENT|[162]|PSetName|{"s":1,"v":{"Id":"0PS36000000mmnjGAA","Label":"00e1a000000MWaUAAW","Name":"X00e1a000000MWaUAAW","NamespacePrefix":"shiva15testns","UserLicenseId":"10036000000eSqKAAU","CreatedDate":"2016-03-08T19:00:02.000Z"}}|0x317abd0f
11:03:23.0 (16546508)|STATEMENT_EXECUTE|[162]
11:03:23.0 (16568456)|ENTERING_MANAGED_PKG|
11:03:23.0 (16578816)|STATEMENT_EXECUTE|[163]
11:03:23.0 (16589624)|HEAP_ALLOCATE|[162]|Bytes:5
11:03:23.0 (16609954)|HEAP_ALLOCATE|[162]|Bytes:28
11:03:23.0 (16616910)|VARIABLE_SCOPE_BEGIN|[162]|PSetName|PermissionSet|true|false
11:03:23.0 (16637443)|VARIABLE_ASSIGNMENT|[162]|PSetName|{"s":1,"v":{"Id":"0PS36000000mmnlGAA","Label":"00e1a000000N1LRAA0","Name":"X00e1a000000N1LRAA0","NamespacePrefix":"shiva15testns","UserLicenseId":"10036000000eSqLAAU","CreatedDate":"2016-03-08T19:00:02.000Z"}}|0xdbce888
11:03:23.0 (16641819)|STATEMENT_EXECUTE|[162]
11:03:23.0 (16666349)|ENTERING_MANAGED_PKG|
11:03:23.0 (16676663)|STATEMENT_EXECUTE|[163]
11:03:23.0 (16687724)|HEAP_ALLOCATE|[162]|Bytes:5
11:03:23.0 (16707931)|HEAP_ALLOCATE|[162]|Bytes:28
11:03:23.0 (16715515)|VARIABLE_SCOPE_BEGIN|[162]|PSetName|PermissionSet|true|false
11:03:23.0 (16736331)|VARIABLE_ASSIGNMENT|[162]|PSetName|{"s":1,"v":{"Id":"0PS36000000mmnmGAA","Label":"00e1a000000N1LSAA0","Name":"X00e1a000000N1LSAA0","NamespacePrefix":"shiva15testns","UserLicenseId":"10036000000eSqMAAU","CreatedDate":"2016-03-08T19:00:02.000Z"}}|0x27d59e1f
11:03:23.0 (16740312)|STATEMENT_EXECUTE|[162]
11:03:23.0 (16761816)|ENTERING_MANAGED_PKG|
11:03:23.0 (16772153)|STATEMENT_EXECUTE|[163]
11:03:23.0 (16782995)|HEAP_ALLOCATE|[162]|Bytes:5
11:03:23.0 (16803473)|HEAP_ALLOCATE|[162]|Bytes:28
11:03:23.0 (16810378)|VARIABLE_SCOPE_BEGIN|[162]|PSetName|PermissionSet|true|false
11:03:23.0 (16831087)|VARIABLE_ASSIGNMENT|[162]|PSetName|{"s":1,"v":{"Id":"0PS36000000mmnnGAA","Label":"00e1a000000N1wKAAS","Name":"X00e1a000000N1wKAAS","NamespacePrefix":"shiva15testns","UserLicenseId":"10036000000eSqNAAU","CreatedDate":"2016-03-08T19:00:02.000Z"}}|0x97b8d5e
11:03:23.0 (16835212)|STATEMENT_EXECUTE|[162]
11:03:23.0 (16857599)|ENTERING_MANAGED_PKG|
11:03:23.0 (16871898)|STATEMENT_EXECUTE|[163]
11:03:23.0 (16886961)|HEAP_ALLOCATE|[162]|Bytes:5
11:03:23.0 (16914363)|HEAP_ALLOCATE|[162]|Bytes:28
11:03:23.0 (16923877)|VARIABLE_SCOPE_BEGIN|[162]|PSetName|PermissionSet|true|false
11:03:23.0 (16953269)|VARIABLE_ASSIGNMENT|[162]|PSetName|{"s":1,"v":{"Id":"0PS36000000mmnoGAA","Label":"00e1a000000N1wLAAS","Name":"X00e1a000000N1wLAAS","NamespacePrefix":"shiva15testns","UserLicenseId":"10036000000eSqNAAU","CreatedDate":"2016-03-08T19:00:02.000Z"}}|0x6d0ddbbb
11:03:23.0 (16958171)|STATEMENT_EXECUTE|[162]
11:03:23.0 (16980539)|ENTERING_MANAGED_PKG|
11:03:23.0 (16990742)|STATEMENT_EXECUTE|[163]
11:03:23.0 (17001496)|HEAP_ALLOCATE|[162]|Bytes:5
11:03:23.0 (17023471)|HEAP_ALLOCATE|[162]|Bytes:28
11:03:23.0 (17030546)|VARIABLE_SCOPE_BEGIN|[162]|PSetName|PermissionSet|true|false
11:03:23.0 (17052017)|VARIABLE_ASSIGNMENT|[162]|PSetName|{"s":1,"v":{"Id":"0PS36000000mmnqGAA","Label":"00e1a000000MWaAAAW","Name":"X00e1a000000MWaAAAW","NamespacePrefix":"shiva15testns","UserLicenseId":"10036000000eSq1AAE","CreatedDate":"2016-03-08T19:00:02.000Z"}}|0x79f963a
11:03:23.0 (17056827)|STATEMENT_EXECUTE|[162]
11:03:23.0 (17078545)|ENTERING_MANAGED_PKG|
11:03:23.0 (17088637)|STATEMENT_EXECUTE|[163]
11:03:23.0 (17099461)|HEAP_ALLOCATE|[162]|Bytes:5
11:03:23.0 (17119781)|HEAP_ALLOCATE|[162]|Bytes:32
11:03:23.0 (17126984)|VARIABLE_SCOPE_BEGIN|[162]|PSetName|PermissionSet|true|false
11:03:23.0 (17149690)|VARIABLE_ASSIGNMENT|[162]|PSetName|{"s":1,"v":{"Id":"0PS36000000q71PGAQ","Label":"PermissionSet_Test","Name":"PermissionSet_Test","Description":"This is for testing  (11 more) ...","NamespacePrefix":"shiva15testns","UserLicenseId":"10036000000eSpyAAE","CreatedDate":"2016-03-20T22:41:12.000Z"}}|0xcb1c5b0
11:03:23.0 (17154649)|STATEMENT_EXECUTE|[162]
11:03:23.0 (17176305)|ENTERING_MANAGED_PKG|
11:03:23.0 (17186704)|STATEMENT_EXECUTE|[163]
11:03:23.0 (17188421)|STATEMENT_EXECUTE|[166]
11:03:23.0 (17192809)|HEAP_ALLOCATE|[166]|Bytes:32
11:03:23.0 (17210967)|ENTERING_MANAGED_PKG|
11:03:23.0 (17215246)|HEAP_ALLOCATE|[166]|Bytes:18
11:03:23.0 (17239885)|ENTERING_MANAGED_PKG|
11:03:23.0 (17252274)|HEAP_ALLOCATE|[166]|Bytes:19
11:03:23.0 (17271127)|CONSTRUCTOR_ENTRY|[166]|01p36000005Jpvx|<init>(String,String,String,String,String,String,String)
11:03:23.0 (17276481)|VARIABLE_SCOPE_BEGIN|[1027]|this|shiva15testns.PermissionSetPortalControllers.PermissionSetClass|true|false
11:03:23.0 (17306289)|VARIABLE_ASSIGNMENT|[1027]|this|{}|0x1456fecc
11:03:23.0 (17309631)|VARIABLE_SCOPE_BEGIN|[1027]|label|String|false|false
11:03:23.0 (17314705)|VARIABLE_ASSIGNMENT|[1027]|label|"PermissionSet_Test"
11:03:23.0 (17316594)|VARIABLE_SCOPE_BEGIN|[1027]|apiName|String|false|false
11:03:23.0 (17319232)|VARIABLE_ASSIGNMENT|[1027]|apiName|"PermissionSet_Test"
11:03:23.0 (17320837)|VARIABLE_SCOPE_BEGIN|[1027]|id|String|false|false
11:03:23.0 (17323566)|VARIABLE_ASSIGNMENT|[1027]|id|"0PS36000000q71PGAQ"
11:03:23.0 (17325144)|VARIABLE_SCOPE_BEGIN|[1027]|description|String|false|false
11:03:23.0 (17328814)|VARIABLE_ASSIGNMENT|[1027]|description|"This is for testing  (11 more) ..."
11:03:23.0 (17330550)|VARIABLE_SCOPE_BEGIN|[1027]|namespacePrefix|String|false|false
11:03:23.0 (17333333)|VARIABLE_ASSIGNMENT|[1027]|namespacePrefix|"shiva15testns"
11:03:23.0 (17334976)|VARIABLE_SCOPE_BEGIN|[1027]|userLicenseId|String|false|false
11:03:23.0 (17337530)|VARIABLE_ASSIGNMENT|[1027]|userLicenseId|null
11:03:23.0 (17339016)|VARIABLE_SCOPE_BEGIN|[1027]|createdDate|String|false|false
11:03:23.0 (17341800)|VARIABLE_ASSIGNMENT|[1027]|createdDate|"2016-03-20 15:41:12"
11:03:23.0 (17344870)|STATEMENT_EXECUTE|[1010]
11:03:23.0 (17346230)|STATEMENT_EXECUTE|[1013]
11:03:23.0 (17347686)|STATEMENT_EXECUTE|[1015]
11:03:23.0 (17348791)|STATEMENT_EXECUTE|[1017]
11:03:23.0 (17349855)|STATEMENT_EXECUTE|[1019]
11:03:23.0 (17350876)|STATEMENT_EXECUTE|[1021]
11:03:23.0 (17351931)|STATEMENT_EXECUTE|[1023]
11:03:23.0 (17352969)|STATEMENT_EXECUTE|[1025]
11:03:23.0 (17367613)|STATEMENT_EXECUTE|[1028]
11:03:23.0 (17369255)|STATEMENT_EXECUTE|[1029]
11:03:23.0 (17399804)|VARIABLE_ASSIGNMENT|[EXTERNAL]|this|{}|0x1456fecc
11:03:23.0 (17406277)|VARIABLE_ASSIGNMENT|[EXTERNAL]|value|"PermissionSet_Test"
11:03:23.0 (17413688)|VARIABLE_ASSIGNMENT|[1013]|this.label|"PermissionSet_Test"|0x1456fecc
11:03:23.0 (17421585)|STATEMENT_EXECUTE|[1030]
11:03:23.0 (17450354)|VARIABLE_ASSIGNMENT|[EXTERNAL]|this|{"label":"PermissionSet_Test"}|0x1456fecc
11:03:23.0 (17455838)|VARIABLE_ASSIGNMENT|[EXTERNAL]|value|"PermissionSet_Test"
11:03:23.0 (17462173)|VARIABLE_ASSIGNMENT|[1015]|this.apiName|"PermissionSet_Test"|0x1456fecc
11:03:23.0 (17469954)|STATEMENT_EXECUTE|[1031]
11:03:23.0 (17498486)|VARIABLE_ASSIGNMENT|[EXTERNAL]|this|{"apiName":"PermissionSet_Test","label":"PermissionSet_Test"}|0x1456fecc
11:03:23.0 (17504003)|VARIABLE_ASSIGNMENT|[EXTERNAL]|value|"0PS36000000q71PGAQ"
11:03:23.0 (17510513)|VARIABLE_ASSIGNMENT|[1017]|this.id|"0PS36000000q71PGAQ"|0x1456fecc
11:03:23.0 (17517430)|STATEMENT_EXECUTE|[1032]
11:03:23.0 (17546619)|VARIABLE_ASSIGNMENT|[EXTERNAL]|this|{"apiName":"PermissionSet_Test","id":"0PS36000000q71PGAQ","label":"PermissionSet_Test"}|0x1456fecc
11:03:23.0 (17553682)|VARIABLE_ASSIGNMENT|[EXTERNAL]|value|"This is for testing  (11 more) ..."
11:03:23.0 (17561037)|VARIABLE_ASSIGNMENT|[1019]|this.description|"This is for testing  (11 more) ..."|0x1456fecc
11:03:23.0 (17568440)|STATEMENT_EXECUTE|[1033]
11:03:23.0 (17598917)|VARIABLE_ASSIGNMENT|[EXTERNAL]|this|{"apiName":"PermissionSet_Test","description":"This is for testing  (11 more) ...","id":"0PS36000000q71PGAQ","label":"PermissionSet_Test"}|0x1456fecc
11:03:23.0 (17605086)|VARIABLE_ASSIGNMENT|[EXTERNAL]|value|"shiva15testns"
11:03:23.0 (17611473)|VARIABLE_ASSIGNMENT|[1021]|this.namespacePrefix|"shiva15testns"|0x1456fecc
11:03:23.0 (17618847)|STATEMENT_EXECUTE|[1034]
11:03:23.0 (17649332)|VARIABLE_ASSIGNMENT|[EXTERNAL]|this|{"apiName":"PermissionSet_Test","description":"This is for testing  (11 more) ...","id":"0PS36000000q71PGAQ","label":"PermissionSet_Test","namespacePrefix":"shiva15testns"}|0x1456fecc
11:03:23.0 (17655360)|VARIABLE_ASSIGNMENT|[EXTERNAL]|value|null
11:03:23.0 (17661263)|VARIABLE_ASSIGNMENT|[1023]|this.userLicenseId|null|0x1456fecc
11:03:23.0 (17668672)|STATEMENT_EXECUTE|[1035]
11:03:23.0 (17699415)|VARIABLE_ASSIGNMENT|[EXTERNAL]|this|{"apiName":"PermissionSet_Test","description":"This is for testing  (11 more) ...","id":"0PS36000000q71PGAQ","label":"PermissionSet_Test","namespacePrefix":"shiva15testns"}|0x1456fecc
11:03:23.0 (17705460)|VARIABLE_ASSIGNMENT|[EXTERNAL]|value|"2016-03-20 15:41:12"
11:03:23.0 (17711883)|VARIABLE_ASSIGNMENT|[1025]|this.createdDate|"2016-03-20 15:41:12"|0x1456fecc
11:03:23.0 (17726489)|CONSTRUCTOR_EXIT|[166]|01p36000005Jpvx|<init>(String,String,String,String,String,String,String)
11:03:23.0 (17756059)|VARIABLE_ASSIGNMENT|[166]|pSetObj|{"apiName":"PermissionSet_Test","createdDate":"2016-03-20 15:41:12","description":"This is for testing  (11 more) ...","id":"0PS36000000q71PGAQ","label":"PermissionSet_Test","namespacePrefix":"shiva15testns"}|0x1456fecc
11:03:23.0 (17760463)|STATEMENT_EXECUTE|[167]
11:03:23.0 (17773709)|ENTERING_MANAGED_PKG|
11:03:23.0 (17778358)|HEAP_ALLOCATE|[EXTERNAL]|Bytes:4
11:03:23.0 (17785468)|STATEMENT_EXECUTE|[168]
11:03:23.0 (17814507)|ENTERING_MANAGED_PKG|
11:03:23.0 (17860601)|HEAP_ALLOCATE|[168]|Bytes:231
11:03:23.0 (17877177)|HEAP_ALLOCATE|[168]|Bytes:255
11:03:23.0 (17889549)|ENTERING_MANAGED_PKG|
11:03:23.0 (17899929)|USER_DEBUG|[168]|ERROR|The PermissionSet Name: PermissionSet:{Id=0PS36000000q71PGAQ, Label=PermissionSet_Test, Name=PermissionSet_Test, Description=This is for testing Description, NamespacePrefix=shiva15testns, UserLicenseId=10036000000eSpyAAE, CreatedDate=2016-03-20 22:41:12}
11:03:23.0 (17918149)|HEAP_ALLOCATE|[162]|Bytes:5
11:03:23.0 (17931778)|VARIABLE_ASSIGNMENT|[162]|PSetName|null|
11:03:23.0 (17935507)|STATEMENT_EXECUTE|[171]
11:03:23.0 (17953483)|SYSTEM_MODE_EXIT|false
11:03:23.17 (17995304)|CUMULATIVE_LIMIT_USAGE
11:03:23.17 (17995304)|LIMIT_USAGE_FOR_NS|(default)|
  Number of SOQL queries: 0 out of 100
  Number of query rows: 0 out of 50000
  Number of SOSL queries: 0 out of 20
  Number of DML statements: 0 out of 150
  Number of DML rows: 0 out of 10000
  Maximum CPU time: 0 out of 10000
  Maximum heap size: 0 out of 6000000
  Number of callouts: 0 out of 100
  Number of Email Invocations: 0 out of 10
  Number of future calls: 0 out of 50
  Number of queueable jobs added to the queue: 0 out of 50
  Number of Mobile Apex push calls: 0 out of 10

11:03:23.17 (17995304)|LIMIT_USAGE_FOR_NS|shiva15testns|
  Number of SOQL queries: 1 out of 100
  Number of query rows: 41 out of 50000
  Number of SOSL queries: 0 out of 20
  Number of DML statements: 0 out of 150
  Number of DML rows: 0 out of 10000
  Maximum CPU time: 0 out of 10000
  Maximum heap size: 0 out of 6000000
  Number of callouts: 0 out of 100
  Number of Email Invocations: 0 out of 10
  Number of future calls: 0 out of 50
  Number of queueable jobs added to the queue: 0 out of 50
  Number of Mobile Apex push calls: 0 out of 10

11:03:23.17 (17995304)|CUMULATIVE_LIMIT_USAGE_END

11:03:23.0 (18046004)|CODE_UNIT_FINISHED|PermissionSetPortalControllers.getAllPermissionSets
11:03:23.0 (20332296)|EXECUTION_FINISHED
11:03:23.22 (22753073)|EXECUTION_STARTED
11:03:23.22 (22761354)|CODE_UNIT_STARTED|[EXTERNAL]|Aura
11:03:23.22 (22798827)|CODE_UNIT_FINISHED|Aura
11:03:23.22 (24404953)|EXECUTION_FINISHED
11:03:23.25 (25694773)|EXECUTION_STARTED
11:03:23.25 (25700898)|CODE_UNIT_STARTED|[EXTERNAL]|Aura
11:03:23.25 (25734856)|CODE_UNIT_FINISHED|Aura
11:03:23.25 (27070225)|EXECUTION_FINISHED
11:03:23.28 (28141559)|EXECUTION_STARTED
11:03:23.28 (28147672)|CODE_UNIT_STARTED|[EXTERNAL]|Aura
11:03:23.28 (28180845)|CODE_UNIT_FINISHED|Aura
11:03:23.28 (29231421)|EXECUTION_FINISHED
11:03:23.30 (30471143)|EXECUTION_STARTED
11:03:23.30 (30477894)|CODE_UNIT_STARTED|[EXTERNAL]|Aura
11:03:23.30 (30515029)|CODE_UNIT_FINISHED|Aura
11:03:23.30 (32027997)|EXECUTION_FINISHED
11:03:23.33 (33100676)|EXECUTION_STARTED
11:03:23.33 (33106700)|CODE_UNIT_STARTED|[EXTERNAL]|Aura
11:03:23.33 (33141112)|CODE_UNIT_FINISHED|Aura
11:03:23.33 (34208635)|EXECUTION_FINISHED
