36.0 APEX_CODE,FINEST;APEX_PROFILING,INFO;CALLOUT,INFO;DB,INFO;SYSTEM,DEBUG;VALIDATION,INFO;VISUALFORCE,INFO;WORKFLOW,INFO
03:09:03.0 (556623)|EXECUTION_STARTED
03:09:03.0 (596052)|CODE_UNIT_STARTED|[EXTERNAL]|01p36000005Jpvx|PermissionSetPortalControllers.getAllPermissionSets
03:09:03.0 (1293444)|VARIABLE_SCOPE_BEGIN|[2]|PermissionSetPortalControllers.AllObjectsofOrg|Map<String,Schema.SObjectType>|true|true
03:09:03.0 (1468688)|VARIABLE_SCOPE_BEGIN|[3]|PermissionSetPortalControllers.AllPermissionSets|List<PermissionSet>|true|true
03:09:03.0 (1501383)|VARIABLE_SCOPE_BEGIN|[4]|PermissionSetPortalControllers.inputField|String|false|true
03:09:03.0 (1633193)|HEAP_ALLOCATE|[72]|Bytes:3
03:09:03.0 (1674390)|HEAP_ALLOCATE|[77]|Bytes:152
03:09:03.0 (1690569)|HEAP_ALLOCATE|[342]|Bytes:408
03:09:03.0 (1707572)|HEAP_ALLOCATE|[355]|Bytes:408
03:09:03.0 (1723474)|HEAP_ALLOCATE|[467]|Bytes:48
03:09:03.0 (1753163)|HEAP_ALLOCATE|[139]|Bytes:6
03:09:03.0 (1771234)|HEAP_ALLOCATE|[EXTERNAL]|Bytes:88
03:09:03.0 (1776832)|HEAP_ALLOCATE|[EXTERNAL]|Bytes:3
03:09:03.0 (1780032)|HEAP_ALLOCATE|[EXTERNAL]|Bytes:5
03:09:03.0 (1800993)|METHOD_ENTRY|[1]|01p36000005Jpvx|PermissionSetPortalControllers.PermissionSetPortalControllers()
03:09:03.0 (1805795)|STATEMENT_EXECUTE|[1]
03:09:03.0 (1810921)|STATEMENT_EXECUTE|[1]
03:09:03.0 (1844805)|HEAP_ALLOCATE|[50]|Bytes:5
03:09:03.0 (1868558)|HEAP_ALLOCATE|[56]|Bytes:5
03:09:03.0 (1877773)|HEAP_ALLOCATE|[64]|Bytes:7
03:09:03.0 (1904261)|SYSTEM_MODE_ENTER|false
03:09:03.0 (1919785)|HEAP_ALLOCATE|[EXTERNAL]|Bytes:5
03:09:03.0 (1928227)|SYSTEM_MODE_EXIT|false
03:09:03.0 (1938936)|METHOD_EXIT|[1]|PermissionSetPortalControllers
03:09:03.0 (1954564)|SYSTEM_MODE_ENTER|false
03:09:03.0 (1969366)|HEAP_ALLOCATE|[8]|Bytes:5
03:09:03.0 (1973725)|STATEMENT_EXECUTE|[7]
03:09:03.0 (1975202)|STATEMENT_EXECUTE|[8]
03:09:03.0 (1979202)|HEAP_ALLOCATE|[8]|Bytes:34
03:09:03.0 (1987181)|HEAP_ALLOCATE|[8]|Bytes:4
03:09:03.0 (2650592)|SOQL_EXECUTE_BEGIN|[8]|Aggregations:0|SELECT Id, Name FROM PermissionSet
03:09:03.0 (6619893)|SOQL_EXECUTE_END|[8]|Rows:36
03:09:03.0 (6636579)|HEAP_ALLOCATE|[8]|Bytes:148
03:09:03.0 (6683540)|HEAP_ALLOCATE|[8]|Bytes:2125
03:09:03.0 (6724547)|HEAP_ALLOCATE|[8]|Bytes:148
03:09:03.0 (6793682)|VARIABLE_ASSIGNMENT|[8]|PermissionSetPortalControllers.AllPermissionSets|{"s":1,"v":"List of size 36 too large to display"}|0x28632890
03:09:03.0 (6913395)|ENTERING_MANAGED_PKG|
03:09:03.0 (6951322)|STATEMENT_EXECUTE|[9]
03:09:03.0 (6966563)|ENTERING_MANAGED_PKG|
03:09:03.0 (7161637)|HEAP_ALLOCATE|[10]|Bytes:5
03:09:03.0 (7201398)|HEAP_ALLOCATE|[10]|Bytes:12
03:09:03.0 (7214121)|VARIABLE_SCOPE_BEGIN|[10]|PSetName|PermissionSet|true|false
03:09:03.0 (7239835)|VARIABLE_ASSIGNMENT|[10]|PSetName|{"s":1,"v":{"Id":"0PS36000000mmnFGAQ","Name":"X00e1a000000MWa8AAG"}}|0x6cd53e1c
03:09:03.0 (7243566)|STATEMENT_EXECUTE|[10]
03:09:03.0 (7245206)|STATEMENT_EXECUTE|[11]
03:09:03.0 (7403278)|HEAP_ALLOCATE|[11]|Bytes:24
03:09:03.0 (7437265)|ENTERING_MANAGED_PKG|
03:09:03.0 (7498248)|HEAP_ALLOCATE|[11]|Bytes:63
03:09:03.0 (7520341)|HEAP_ALLOCATE|[11]|Bytes:87
03:09:03.0 (7547174)|ENTERING_MANAGED_PKG|
03:09:03.0 (7575566)|USER_DEBUG|[11]|ERROR|The PermissionSet Name: PermissionSet:{Id=0PS36000000mmnFGAQ, Name=X00e1a000000MWa8AAG}
03:09:03.0 (7593044)|HEAP_ALLOCATE|[10]|Bytes:5
03:09:03.0 (7616382)|HEAP_ALLOCATE|[10]|Bytes:12
03:09:03.0 (7625028)|VARIABLE_SCOPE_BEGIN|[10]|PSetName|PermissionSet|true|false
03:09:03.0 (7642277)|VARIABLE_ASSIGNMENT|[10]|PSetName|{"s":1,"v":{"Id":"0PS36000000mmnGGAQ","Name":"X00ex00000018ozl_128 (11 more) ..."}}|0x18d411c
03:09:03.0 (7650669)|STATEMENT_EXECUTE|[10]
03:09:03.0 (7652217)|STATEMENT_EXECUTE|[11]
03:09:03.0 (7670913)|ENTERING_MANAGED_PKG|
03:09:03.0 (7693755)|HEAP_ALLOCATE|[11]|Bytes:75
03:09:03.0 (7706753)|HEAP_ALLOCATE|[11]|Bytes:99
03:09:03.0 (7718096)|ENTERING_MANAGED_PKG|
03:09:03.0 (7732956)|USER_DEBUG|[11]|ERROR|The PermissionSet Name: PermissionSet:{Id=0PS36000000mmnGGAQ, Name=X00ex00000018ozl_128_09_04_12_5}
03:09:03.0 (7749186)|HEAP_ALLOCATE|[10]|Bytes:5
03:09:03.0 (7771116)|HEAP_ALLOCATE|[10]|Bytes:12
03:09:03.0 (7779019)|VARIABLE_SCOPE_BEGIN|[10]|PSetName|PermissionSet|true|false
03:09:03.0 (7794678)|VARIABLE_ASSIGNMENT|[10]|PSetName|{"s":1,"v":{"Id":"0PS36000000mmnHGAQ","Name":"X00ex00000018ozm_128 (11 more) ..."}}|0x26d5c395
03:09:03.0 (7798041)|STATEMENT_EXECUTE|[10]
03:09:03.0 (7799511)|STATEMENT_EXECUTE|[11]
03:09:03.0 (7816058)|ENTERING_MANAGED_PKG|
03:09:03.0 (7837601)|HEAP_ALLOCATE|[11]|Bytes:75
03:09:03.0 (7850030)|HEAP_ALLOCATE|[11]|Bytes:99
03:09:03.0 (7860834)|ENTERING_MANAGED_PKG|
03:09:03.0 (7874885)|USER_DEBUG|[11]|ERROR|The PermissionSet Name: PermissionSet:{Id=0PS36000000mmnHGAQ, Name=X00ex00000018ozm_128_09_04_12_6}
03:09:03.0 (7890834)|HEAP_ALLOCATE|[10]|Bytes:5
03:09:03.0 (7911859)|HEAP_ALLOCATE|[10]|Bytes:12
03:09:03.0 (7919654)|VARIABLE_SCOPE_BEGIN|[10]|PSetName|PermissionSet|true|false
03:09:03.0 (7934367)|VARIABLE_ASSIGNMENT|[10]|PSetName|{"s":1,"v":{"Id":"0PS36000000mmnIGAQ","Name":"X00ex00000018ozk_128 (11 more) ..."}}|0x20e15ea8
03:09:03.0 (7937615)|STATEMENT_EXECUTE|[10]
03:09:03.0 (7938967)|STATEMENT_EXECUTE|[11]
03:09:03.0 (7955158)|ENTERING_MANAGED_PKG|
03:09:03.0 (7975716)|HEAP_ALLOCATE|[11]|Bytes:75
03:09:03.0 (7987942)|HEAP_ALLOCATE|[11]|Bytes:99
03:09:03.0 (7998346)|ENTERING_MANAGED_PKG|
03:09:03.0 (8012152)|USER_DEBUG|[11]|ERROR|The PermissionSet Name: PermissionSet:{Id=0PS36000000mmnIGAQ, Name=X00ex00000018ozk_128_09_04_12_4}
03:09:03.0 (8028062)|HEAP_ALLOCATE|[10]|Bytes:5
03:09:03.0 (8049064)|HEAP_ALLOCATE|[10]|Bytes:12
03:09:03.0 (8056624)|VARIABLE_SCOPE_BEGIN|[10]|PSetName|PermissionSet|true|false
03:09:03.0 (8070768)|VARIABLE_ASSIGNMENT|[10]|PSetName|{"s":1,"v":{"Id":"0PS36000000mmnJGAQ","Name":"X00ex00000018ozj_128 (11 more) ..."}}|0x6501a176
03:09:03.0 (8074389)|STATEMENT_EXECUTE|[10]
03:09:03.0 (8075795)|STATEMENT_EXECUTE|[11]
03:09:03.0 (8091890)|ENTERING_MANAGED_PKG|
03:09:03.0 (8117155)|HEAP_ALLOCATE|[11]|Bytes:75
03:09:03.0 (8129983)|HEAP_ALLOCATE|[11]|Bytes:99
03:09:03.0 (8140626)|ENTERING_MANAGED_PKG|
03:09:03.0 (8154568)|USER_DEBUG|[11]|ERROR|The PermissionSet Name: PermissionSet:{Id=0PS36000000mmnJGAQ, Name=X00ex00000018ozj_128_09_04_12_3}
03:09:03.0 (8170082)|HEAP_ALLOCATE|[10]|Bytes:5
03:09:03.0 (8190876)|HEAP_ALLOCATE|[10]|Bytes:12
03:09:03.0 (8198522)|VARIABLE_SCOPE_BEGIN|[10]|PSetName|PermissionSet|true|false
03:09:03.0 (8212790)|VARIABLE_ASSIGNMENT|[10]|PSetName|{"s":1,"v":{"Id":"0PS36000000mmnKGAQ","Name":"X00ex00000018ozo_128 (11 more) ..."}}|0xe6f996b
03:09:03.0 (8216066)|STATEMENT_EXECUTE|[10]
03:09:03.0 (8217320)|STATEMENT_EXECUTE|[11]
03:09:03.0 (8233290)|ENTERING_MANAGED_PKG|
03:09:03.0 (8253872)|HEAP_ALLOCATE|[11]|Bytes:75
03:09:03.0 (8266536)|HEAP_ALLOCATE|[11]|Bytes:99
03:09:03.0 (8276843)|ENTERING_MANAGED_PKG|
03:09:03.0 (8290285)|USER_DEBUG|[11]|ERROR|The PermissionSet Name: PermissionSet:{Id=0PS36000000mmnKGAQ, Name=X00ex00000018ozo_128_09_04_12_8}
03:09:03.0 (8305295)|HEAP_ALLOCATE|[10]|Bytes:5
03:09:03.0 (8325991)|HEAP_ALLOCATE|[10]|Bytes:12
03:09:03.0 (8333365)|VARIABLE_SCOPE_BEGIN|[10]|PSetName|PermissionSet|true|false
03:09:03.0 (8347209)|VARIABLE_ASSIGNMENT|[10]|PSetName|{"s":1,"v":{"Id":"0PS36000000mmnLGAQ","Name":"X00ex00000018ozh_128 (11 more) ..."}}|0x6ae3a58
03:09:03.0 (8350267)|STATEMENT_EXECUTE|[10]
03:09:03.0 (8351497)|STATEMENT_EXECUTE|[11]
03:09:03.0 (8367380)|ENTERING_MANAGED_PKG|
03:09:03.0 (8387522)|HEAP_ALLOCATE|[11]|Bytes:75
03:09:03.0 (8399748)|HEAP_ALLOCATE|[11]|Bytes:99
03:09:03.0 (8410068)|ENTERING_MANAGED_PKG|
03:09:03.0 (8423417)|USER_DEBUG|[11]|ERROR|The PermissionSet Name: PermissionSet:{Id=0PS36000000mmnLGAQ, Name=X00ex00000018ozh_128_09_04_12_1}
03:09:03.0 (8438047)|HEAP_ALLOCATE|[10]|Bytes:5
03:09:03.0 (8458915)|HEAP_ALLOCATE|[10]|Bytes:12
03:09:03.0 (8466411)|VARIABLE_SCOPE_BEGIN|[10]|PSetName|PermissionSet|true|false
03:09:03.0 (8480244)|VARIABLE_ASSIGNMENT|[10]|PSetName|{"s":1,"v":{"Id":"0PS36000000mmnMGAQ","Name":"X00ex00000018ozq_128 (12 more) ..."}}|0x2c90303b
03:09:03.0 (8483234)|STATEMENT_EXECUTE|[10]
03:09:03.0 (8484557)|STATEMENT_EXECUTE|[11]
03:09:03.0 (8500571)|ENTERING_MANAGED_PKG|
03:09:03.0 (8520654)|HEAP_ALLOCATE|[11]|Bytes:76
03:09:03.0 (8532873)|HEAP_ALLOCATE|[11]|Bytes:100
03:09:03.0 (8543459)|ENTERING_MANAGED_PKG|
03:09:03.0 (8556815)|USER_DEBUG|[11]|ERROR|The PermissionSet Name: PermissionSet:{Id=0PS36000000mmnMGAQ, Name=X00ex00000018ozq_128_09_04_12_10}
03:09:03.0 (8571904)|HEAP_ALLOCATE|[10]|Bytes:5
03:09:03.0 (8592594)|HEAP_ALLOCATE|[10]|Bytes:12
03:09:03.0 (8599888)|VARIABLE_SCOPE_BEGIN|[10]|PSetName|PermissionSet|true|false
03:09:03.0 (8613586)|VARIABLE_ASSIGNMENT|[10]|PSetName|{"s":1,"v":{"Id":"0PS36000000mmnNGAQ","Name":"X00ex00000018ozp_128 (11 more) ..."}}|0x44722ece
03:09:03.0 (8617180)|STATEMENT_EXECUTE|[10]
03:09:03.0 (8618419)|STATEMENT_EXECUTE|[11]
03:09:03.0 (8634185)|ENTERING_MANAGED_PKG|
03:09:03.0 (8654235)|HEAP_ALLOCATE|[11]|Bytes:75
03:09:03.0 (8669886)|HEAP_ALLOCATE|[11]|Bytes:99
03:09:03.0 (8680860)|ENTERING_MANAGED_PKG|
03:09:03.0 (8694222)|USER_DEBUG|[11]|ERROR|The PermissionSet Name: PermissionSet:{Id=0PS36000000mmnNGAQ, Name=X00ex00000018ozp_128_09_04_12_9}
03:09:03.0 (8709143)|HEAP_ALLOCATE|[10]|Bytes:5
03:09:03.0 (8729669)|HEAP_ALLOCATE|[10]|Bytes:12
03:09:03.0 (8737099)|VARIABLE_SCOPE_BEGIN|[10]|PSetName|PermissionSet|true|false
03:09:03.0 (8750858)|VARIABLE_ASSIGNMENT|[10]|PSetName|{"s":1,"v":{"Id":"0PS36000000mmnOGAQ","Name":"X00ex00000018ozn_128 (11 more) ..."}}|0x36a453ea
03:09:03.0 (8753980)|STATEMENT_EXECUTE|[10]
03:09:03.0 (8755229)|STATEMENT_EXECUTE|[11]
03:09:03.0 (8771335)|ENTERING_MANAGED_PKG|
03:09:03.0 (8791399)|HEAP_ALLOCATE|[11]|Bytes:75
03:09:03.0 (8804073)|HEAP_ALLOCATE|[11]|Bytes:99
03:09:03.0 (8814342)|ENTERING_MANAGED_PKG|
03:09:03.0 (8827784)|USER_DEBUG|[11]|ERROR|The PermissionSet Name: PermissionSet:{Id=0PS36000000mmnOGAQ, Name=X00ex00000018ozn_128_09_04_12_7}
03:09:03.0 (8842948)|HEAP_ALLOCATE|[10]|Bytes:5
03:09:03.0 (8863395)|HEAP_ALLOCATE|[10]|Bytes:12
03:09:03.0 (8870815)|VARIABLE_SCOPE_BEGIN|[10]|PSetName|PermissionSet|true|false
03:09:03.0 (8884036)|VARIABLE_ASSIGNMENT|[10]|PSetName|{"s":1,"v":{"Id":"0PS36000000mmnPGAQ","Name":"X00e1a000000MWa9AAG"}}|0x41afc39c
03:09:03.0 (8887130)|STATEMENT_EXECUTE|[10]
03:09:03.0 (8888443)|STATEMENT_EXECUTE|[11]
03:09:03.0 (8904411)|ENTERING_MANAGED_PKG|
03:09:03.0 (8924804)|HEAP_ALLOCATE|[11]|Bytes:63
03:09:03.0 (8936993)|HEAP_ALLOCATE|[11]|Bytes:87
03:09:03.0 (8947324)|ENTERING_MANAGED_PKG|
03:09:03.0 (8960592)|USER_DEBUG|[11]|ERROR|The PermissionSet Name: PermissionSet:{Id=0PS36000000mmnPGAQ, Name=X00e1a000000MWa9AAG}
03:09:03.0 (8975462)|HEAP_ALLOCATE|[10]|Bytes:5
03:09:03.0 (8995700)|HEAP_ALLOCATE|[10]|Bytes:12
03:09:03.0 (9002980)|VARIABLE_SCOPE_BEGIN|[10]|PSetName|PermissionSet|true|false
03:09:03.0 (9017186)|VARIABLE_ASSIGNMENT|[10]|PSetName|{"s":1,"v":{"Id":"0PS36000000mmnQGAQ","Name":"X00e1a000000MWaBAAW"}}|0x6c13227a
03:09:03.0 (9020087)|STATEMENT_EXECUTE|[10]
03:09:03.0 (9021339)|STATEMENT_EXECUTE|[11]
03:09:03.0 (9037116)|ENTERING_MANAGED_PKG|
03:09:03.0 (9057016)|HEAP_ALLOCATE|[11]|Bytes:63
03:09:03.0 (9068934)|HEAP_ALLOCATE|[11]|Bytes:87
03:09:03.0 (9079231)|ENTERING_MANAGED_PKG|
03:09:03.0 (9092336)|USER_DEBUG|[11]|ERROR|The PermissionSet Name: PermissionSet:{Id=0PS36000000mmnQGAQ, Name=X00e1a000000MWaBAAW}
03:09:03.0 (9112654)|HEAP_ALLOCATE|[10]|Bytes:5
03:09:03.0 (9134017)|HEAP_ALLOCATE|[10]|Bytes:12
03:09:03.0 (9141654)|VARIABLE_SCOPE_BEGIN|[10]|PSetName|PermissionSet|true|false
03:09:03.0 (9154941)|VARIABLE_ASSIGNMENT|[10]|PSetName|{"s":1,"v":{"Id":"0PS36000000mmnRGAQ","Name":"X00e1a000000MWaCAAW"}}|0x39427568
03:09:03.0 (9158057)|STATEMENT_EXECUTE|[10]
03:09:03.0 (9159276)|STATEMENT_EXECUTE|[11]
03:09:03.0 (9175504)|ENTERING_MANAGED_PKG|
03:09:03.0 (9195813)|HEAP_ALLOCATE|[11]|Bytes:63
03:09:03.0 (9208413)|HEAP_ALLOCATE|[11]|Bytes:87
03:09:03.0 (9219000)|ENTERING_MANAGED_PKG|
03:09:03.0 (9232350)|USER_DEBUG|[11]|ERROR|The PermissionSet Name: PermissionSet:{Id=0PS36000000mmnRGAQ, Name=X00e1a000000MWaCAAW}
03:09:03.0 (9246992)|HEAP_ALLOCATE|[10]|Bytes:5
03:09:03.0 (9267216)|HEAP_ALLOCATE|[10]|Bytes:12
03:09:03.0 (9274547)|VARIABLE_SCOPE_BEGIN|[10]|PSetName|PermissionSet|true|false
03:09:03.0 (9287528)|VARIABLE_ASSIGNMENT|[10]|PSetName|{"s":1,"v":{"Id":"0PS36000000mmnSGAQ","Name":"X00e1a000000MWaDAAW"}}|0x2ded4aa9
03:09:03.0 (9290390)|STATEMENT_EXECUTE|[10]
03:09:03.0 (9291591)|STATEMENT_EXECUTE|[11]
03:09:03.0 (9307541)|ENTERING_MANAGED_PKG|
03:09:03.0 (9327594)|HEAP_ALLOCATE|[11]|Bytes:63
03:09:03.0 (9339842)|HEAP_ALLOCATE|[11]|Bytes:87
03:09:03.0 (9350125)|ENTERING_MANAGED_PKG|
03:09:03.0 (9363465)|USER_DEBUG|[11]|ERROR|The PermissionSet Name: PermissionSet:{Id=0PS36000000mmnSGAQ, Name=X00e1a000000MWaDAAW}
03:09:03.0 (9378208)|HEAP_ALLOCATE|[10]|Bytes:5
03:09:03.0 (9398384)|HEAP_ALLOCATE|[10]|Bytes:12
03:09:03.0 (9406062)|VARIABLE_SCOPE_BEGIN|[10]|PSetName|PermissionSet|true|false
03:09:03.0 (9419195)|VARIABLE_ASSIGNMENT|[10]|PSetName|{"s":1,"v":{"Id":"0PS36000000mmnTGAQ","Name":"X00e1a000000MWaEAAW"}}|0x12e1cfab
03:09:03.0 (9422235)|STATEMENT_EXECUTE|[10]
03:09:03.0 (9423466)|STATEMENT_EXECUTE|[11]
03:09:03.0 (9439315)|ENTERING_MANAGED_PKG|
03:09:03.0 (9459318)|HEAP_ALLOCATE|[11]|Bytes:63
03:09:03.0 (9471356)|HEAP_ALLOCATE|[11]|Bytes:87
03:09:03.0 (9481730)|ENTERING_MANAGED_PKG|
03:09:03.0 (9494911)|USER_DEBUG|[11]|ERROR|The PermissionSet Name: PermissionSet:{Id=0PS36000000mmnTGAQ, Name=X00e1a000000MWaEAAW}
03:09:03.0 (9509385)|HEAP_ALLOCATE|[10]|Bytes:5
03:09:03.0 (9529717)|HEAP_ALLOCATE|[10]|Bytes:12
03:09:03.0 (9537114)|VARIABLE_SCOPE_BEGIN|[10]|PSetName|PermissionSet|true|false
03:09:03.0 (9550200)|VARIABLE_ASSIGNMENT|[10]|PSetName|{"s":1,"v":{"Id":"0PS36000000mmnUGAQ","Name":"X00e1a000000MWaFAAW"}}|0x67143f7f
03:09:03.0 (9553288)|STATEMENT_EXECUTE|[10]
03:09:03.0 (9554506)|STATEMENT_EXECUTE|[11]
03:09:03.0 (9570493)|ENTERING_MANAGED_PKG|
03:09:03.0 (9590690)|HEAP_ALLOCATE|[11]|Bytes:63
03:09:03.0 (9602930)|HEAP_ALLOCATE|[11]|Bytes:87
03:09:03.0 (9613345)|ENTERING_MANAGED_PKG|
03:09:03.0 (9626593)|USER_DEBUG|[11]|ERROR|The PermissionSet Name: PermissionSet:{Id=0PS36000000mmnUGAQ, Name=X00e1a000000MWaFAAW}
03:09:03.0 (9641211)|HEAP_ALLOCATE|[10]|Bytes:5
03:09:03.0 (9661738)|HEAP_ALLOCATE|[10]|Bytes:12
03:09:03.0 (9669218)|VARIABLE_SCOPE_BEGIN|[10]|PSetName|PermissionSet|true|false
03:09:03.0 (9682153)|VARIABLE_ASSIGNMENT|[10]|PSetName|{"s":1,"v":{"Id":"0PS36000000mmnVGAQ","Name":"X00e1a000000MWaGAAW"}}|0x4dd7ffc0
03:09:03.0 (9685072)|STATEMENT_EXECUTE|[10]
03:09:03.0 (9686306)|STATEMENT_EXECUTE|[11]
03:09:03.0 (9705549)|ENTERING_MANAGED_PKG|
03:09:03.0 (9725700)|HEAP_ALLOCATE|[11]|Bytes:63
03:09:03.0 (9737872)|HEAP_ALLOCATE|[11]|Bytes:87
03:09:03.0 (9748237)|ENTERING_MANAGED_PKG|
03:09:03.0 (9761512)|USER_DEBUG|[11]|ERROR|The PermissionSet Name: PermissionSet:{Id=0PS36000000mmnVGAQ, Name=X00e1a000000MWaGAAW}
03:09:03.0 (9776659)|HEAP_ALLOCATE|[10]|Bytes:5
03:09:03.0 (9796977)|HEAP_ALLOCATE|[10]|Bytes:12
03:09:03.0 (9804317)|VARIABLE_SCOPE_BEGIN|[10]|PSetName|PermissionSet|true|false
03:09:03.0 (9817370)|VARIABLE_ASSIGNMENT|[10]|PSetName|{"s":1,"v":{"Id":"0PS36000000mmnWGAQ","Name":"X00e1a000000MWaHAAW"}}|0xaa85cd1
03:09:03.0 (9820360)|STATEMENT_EXECUTE|[10]
03:09:03.0 (9821579)|STATEMENT_EXECUTE|[11]
03:09:03.0 (9837170)|ENTERING_MANAGED_PKG|
03:09:03.0 (9857294)|HEAP_ALLOCATE|[11]|Bytes:63
03:09:03.0 (9869585)|HEAP_ALLOCATE|[11]|Bytes:87
03:09:03.0 (9880013)|ENTERING_MANAGED_PKG|
03:09:03.0 (9893463)|USER_DEBUG|[11]|ERROR|The PermissionSet Name: PermissionSet:{Id=0PS36000000mmnWGAQ, Name=X00e1a000000MWaHAAW}
03:09:03.0 (9908386)|HEAP_ALLOCATE|[10]|Bytes:5
03:09:03.0 (9928685)|HEAP_ALLOCATE|[10]|Bytes:12
03:09:03.0 (9936076)|VARIABLE_SCOPE_BEGIN|[10]|PSetName|PermissionSet|true|false
03:09:03.0 (9949121)|VARIABLE_ASSIGNMENT|[10]|PSetName|{"s":1,"v":{"Id":"0PS36000000mmnXGAQ","Name":"X00e1a000000MWaIAAW"}}|0x162856b8
03:09:03.0 (9952667)|STATEMENT_EXECUTE|[10]
03:09:03.0 (9953965)|STATEMENT_EXECUTE|[11]
03:09:03.0 (9969638)|ENTERING_MANAGED_PKG|
03:09:03.0 (9989539)|HEAP_ALLOCATE|[11]|Bytes:63
03:09:03.0 (10001762)|HEAP_ALLOCATE|[11]|Bytes:87
03:09:03.0 (10013147)|ENTERING_MANAGED_PKG|
03:09:03.0 (10026771)|USER_DEBUG|[11]|ERROR|The PermissionSet Name: PermissionSet:{Id=0PS36000000mmnXGAQ, Name=X00e1a000000MWaIAAW}
03:09:03.0 (10041652)|HEAP_ALLOCATE|[10]|Bytes:5
03:09:03.0 (10062128)|HEAP_ALLOCATE|[10]|Bytes:12
03:09:03.0 (10069560)|VARIABLE_SCOPE_BEGIN|[10]|PSetName|PermissionSet|true|false
03:09:03.0 (10082942)|VARIABLE_ASSIGNMENT|[10]|PSetName|{"s":1,"v":{"Id":"0PS36000000mmnYGAQ","Name":"X00e1a000000MWaJAAW"}}|0x50817cc5
03:09:03.0 (10086242)|STATEMENT_EXECUTE|[10]
03:09:03.0 (10087680)|STATEMENT_EXECUTE|[11]
03:09:03.0 (10103569)|ENTERING_MANAGED_PKG|
03:09:03.0 (10127840)|HEAP_ALLOCATE|[11]|Bytes:63
03:09:03.0 (10140461)|HEAP_ALLOCATE|[11]|Bytes:87
03:09:03.0 (10151056)|ENTERING_MANAGED_PKG|
03:09:03.0 (10165042)|USER_DEBUG|[11]|ERROR|The PermissionSet Name: PermissionSet:{Id=0PS36000000mmnYGAQ, Name=X00e1a000000MWaJAAW}
03:09:03.0 (10179843)|HEAP_ALLOCATE|[10]|Bytes:5
03:09:03.0 (10200372)|HEAP_ALLOCATE|[10]|Bytes:12
03:09:03.0 (10207756)|VARIABLE_SCOPE_BEGIN|[10]|PSetName|PermissionSet|true|false
03:09:03.0 (10220894)|VARIABLE_ASSIGNMENT|[10]|PSetName|{"s":1,"v":{"Id":"0PS36000000mmnZGAQ","Name":"X00e1a000000MWaKAAW"}}|0x22daa0ea
03:09:03.0 (10223828)|STATEMENT_EXECUTE|[10]
03:09:03.0 (10225096)|STATEMENT_EXECUTE|[11]
03:09:03.0 (10240827)|ENTERING_MANAGED_PKG|
03:09:03.0 (10260907)|HEAP_ALLOCATE|[11]|Bytes:63
03:09:03.0 (10273096)|HEAP_ALLOCATE|[11]|Bytes:87
03:09:03.0 (10283551)|ENTERING_MANAGED_PKG|
03:09:03.0 (10296925)|USER_DEBUG|[11]|ERROR|The PermissionSet Name: PermissionSet:{Id=0PS36000000mmnZGAQ, Name=X00e1a000000MWaKAAW}
03:09:03.0 (10311505)|HEAP_ALLOCATE|[10]|Bytes:5
03:09:03.0 (10331835)|HEAP_ALLOCATE|[10]|Bytes:12
03:09:03.0 (10339228)|VARIABLE_SCOPE_BEGIN|[10]|PSetName|PermissionSet|true|false
03:09:03.0 (10352718)|VARIABLE_ASSIGNMENT|[10]|PSetName|{"s":1,"v":{"Id":"0PS36000000mmnaGAA","Name":"X00e1a000000MWaLAAW"}}|0x6adc3eb4
03:09:03.0 (10355680)|STATEMENT_EXECUTE|[10]
03:09:03.0 (10356971)|STATEMENT_EXECUTE|[11]
03:09:03.0 (10372651)|ENTERING_MANAGED_PKG|
03:09:03.0 (10392836)|HEAP_ALLOCATE|[11]|Bytes:63
03:09:03.0 (10404868)|HEAP_ALLOCATE|[11]|Bytes:87
03:09:03.0 (10415267)|ENTERING_MANAGED_PKG|
03:09:03.0 (10428560)|USER_DEBUG|[11]|ERROR|The PermissionSet Name: PermissionSet:{Id=0PS36000000mmnaGAA, Name=X00e1a000000MWaLAAW}
03:09:03.0 (10443075)|HEAP_ALLOCATE|[10]|Bytes:5
03:09:03.0 (10463586)|HEAP_ALLOCATE|[10]|Bytes:12
03:09:03.0 (10470987)|VARIABLE_SCOPE_BEGIN|[10]|PSetName|PermissionSet|true|false
03:09:03.0 (10484213)|VARIABLE_ASSIGNMENT|[10]|PSetName|{"s":1,"v":{"Id":"0PS36000000mmnbGAA","Name":"X00e1a000000MWaMAAW"}}|0x3e1538c1
03:09:03.0 (10487257)|STATEMENT_EXECUTE|[10]
03:09:03.0 (10488517)|STATEMENT_EXECUTE|[11]
03:09:03.0 (10504171)|ENTERING_MANAGED_PKG|
03:09:03.0 (10524752)|HEAP_ALLOCATE|[11]|Bytes:63
03:09:03.0 (10536954)|HEAP_ALLOCATE|[11]|Bytes:87
03:09:03.0 (10547575)|ENTERING_MANAGED_PKG|
03:09:03.0 (10561110)|USER_DEBUG|[11]|ERROR|The PermissionSet Name: PermissionSet:{Id=0PS36000000mmnbGAA, Name=X00e1a000000MWaMAAW}
03:09:03.0 (10576138)|HEAP_ALLOCATE|[10]|Bytes:5
03:09:03.0 (10596476)|HEAP_ALLOCATE|[10]|Bytes:12
03:09:03.0 (10603911)|VARIABLE_SCOPE_BEGIN|[10]|PSetName|PermissionSet|true|false
03:09:03.0 (10616898)|VARIABLE_ASSIGNMENT|[10]|PSetName|{"s":1,"v":{"Id":"0PS36000000mmncGAA","Name":"X00e1a000000MWaNAAW"}}|0x65290c92
03:09:03.0 (10619966)|STATEMENT_EXECUTE|[10]
03:09:03.0 (10621144)|STATEMENT_EXECUTE|[11]
03:09:03.0 (10636885)|ENTERING_MANAGED_PKG|
03:09:03.0 (10656955)|HEAP_ALLOCATE|[11]|Bytes:63
03:09:03.0 (10669007)|HEAP_ALLOCATE|[11]|Bytes:87
03:09:03.0 (10679302)|ENTERING_MANAGED_PKG|
03:09:03.0 (10692469)|USER_DEBUG|[11]|ERROR|The PermissionSet Name: PermissionSet:{Id=0PS36000000mmncGAA, Name=X00e1a000000MWaNAAW}
03:09:03.0 (10707165)|HEAP_ALLOCATE|[10]|Bytes:5
03:09:03.0 (10727912)|HEAP_ALLOCATE|[10]|Bytes:12
03:09:03.0 (10735248)|VARIABLE_SCOPE_BEGIN|[10]|PSetName|PermissionSet|true|false
03:09:03.0 (10751594)|VARIABLE_ASSIGNMENT|[10]|PSetName|{"s":1,"v":{"Id":"0PS36000000mmndGAA","Name":"X00e1a000000MWaOAAW"}}|0x12032d2d
03:09:03.0 (10755033)|STATEMENT_EXECUTE|[10]
03:09:03.0 (10756286)|STATEMENT_EXECUTE|[11]
03:09:03.0 (10772505)|ENTERING_MANAGED_PKG|
03:09:03.0 (10792702)|HEAP_ALLOCATE|[11]|Bytes:63
03:09:03.0 (10804831)|HEAP_ALLOCATE|[11]|Bytes:87
03:09:03.0 (10815246)|ENTERING_MANAGED_PKG|
03:09:03.0 (10828486)|USER_DEBUG|[11]|ERROR|The PermissionSet Name: PermissionSet:{Id=0PS36000000mmndGAA, Name=X00e1a000000MWaOAAW}
03:09:03.0 (10843187)|HEAP_ALLOCATE|[10]|Bytes:5
03:09:03.0 (10863391)|HEAP_ALLOCATE|[10]|Bytes:12
03:09:03.0 (10870905)|VARIABLE_SCOPE_BEGIN|[10]|PSetName|PermissionSet|true|false
03:09:03.0 (10884238)|VARIABLE_ASSIGNMENT|[10]|PSetName|{"s":1,"v":{"Id":"0PS36000000mmneGAA","Name":"X00e1a000000MWaPAAW"}}|0x19a18847
03:09:03.0 (10887600)|STATEMENT_EXECUTE|[10]
03:09:03.0 (10888845)|STATEMENT_EXECUTE|[11]
03:09:03.0 (10904723)|ENTERING_MANAGED_PKG|
03:09:03.0 (10924946)|HEAP_ALLOCATE|[11]|Bytes:63
03:09:03.0 (10937004)|HEAP_ALLOCATE|[11]|Bytes:87
03:09:03.0 (10947537)|ENTERING_MANAGED_PKG|
03:09:03.0 (10960790)|USER_DEBUG|[11]|ERROR|The PermissionSet Name: PermissionSet:{Id=0PS36000000mmneGAA, Name=X00e1a000000MWaPAAW}
03:09:03.0 (10975467)|HEAP_ALLOCATE|[10]|Bytes:5
03:09:03.0 (10995646)|HEAP_ALLOCATE|[10]|Bytes:12
03:09:03.0 (11003178)|VARIABLE_SCOPE_BEGIN|[10]|PSetName|PermissionSet|true|false
03:09:03.0 (11017079)|VARIABLE_ASSIGNMENT|[10]|PSetName|{"s":1,"v":{"Id":"0PS36000000mmnfGAA","Name":"X00e1a000000MWaQAAW"}}|0xee56882
03:09:03.0 (11020122)|STATEMENT_EXECUTE|[10]
03:09:03.0 (11021376)|STATEMENT_EXECUTE|[11]
03:09:03.0 (11037161)|ENTERING_MANAGED_PKG|
03:09:03.0 (11057363)|HEAP_ALLOCATE|[11]|Bytes:63
03:09:03.0 (11069357)|HEAP_ALLOCATE|[11]|Bytes:87
03:09:03.0 (11079830)|ENTERING_MANAGED_PKG|
03:09:03.0 (11093157)|USER_DEBUG|[11]|ERROR|The PermissionSet Name: PermissionSet:{Id=0PS36000000mmnfGAA, Name=X00e1a000000MWaQAAW}
03:09:03.0 (11111879)|HEAP_ALLOCATE|[10]|Bytes:5
03:09:03.0 (11133224)|HEAP_ALLOCATE|[10]|Bytes:12
03:09:03.0 (11140757)|VARIABLE_SCOPE_BEGIN|[10]|PSetName|PermissionSet|true|false
03:09:03.0 (11153895)|VARIABLE_ASSIGNMENT|[10]|PSetName|{"s":1,"v":{"Id":"0PS36000000mmngGAA","Name":"X00e1a000000MWaRAAW"}}|0x2385a850
03:09:03.0 (11156945)|STATEMENT_EXECUTE|[10]
03:09:03.0 (11158213)|STATEMENT_EXECUTE|[11]
03:09:03.0 (11174084)|ENTERING_MANAGED_PKG|
03:09:03.0 (11194466)|HEAP_ALLOCATE|[11]|Bytes:63
03:09:03.0 (11206505)|HEAP_ALLOCATE|[11]|Bytes:87
03:09:03.0 (11216960)|ENTERING_MANAGED_PKG|
03:09:03.0 (11230294)|USER_DEBUG|[11]|ERROR|The PermissionSet Name: PermissionSet:{Id=0PS36000000mmngGAA, Name=X00e1a000000MWaRAAW}
03:09:03.0 (11245039)|HEAP_ALLOCATE|[10]|Bytes:5
03:09:03.0 (11265343)|HEAP_ALLOCATE|[10]|Bytes:12
03:09:03.0 (11272644)|VARIABLE_SCOPE_BEGIN|[10]|PSetName|PermissionSet|true|false
03:09:03.0 (11285842)|VARIABLE_ASSIGNMENT|[10]|PSetName|{"s":1,"v":{"Id":"0PS36000000mmnhGAA","Name":"X00e1a000000MWaSAAW"}}|0x28649348
03:09:03.0 (11289294)|STATEMENT_EXECUTE|[10]
03:09:03.0 (11290516)|STATEMENT_EXECUTE|[11]
03:09:03.0 (11306300)|ENTERING_MANAGED_PKG|
03:09:03.0 (11326363)|HEAP_ALLOCATE|[11]|Bytes:63
03:09:03.0 (11338470)|HEAP_ALLOCATE|[11]|Bytes:87
03:09:03.0 (11348725)|ENTERING_MANAGED_PKG|
03:09:03.0 (11362030)|USER_DEBUG|[11]|ERROR|The PermissionSet Name: PermissionSet:{Id=0PS36000000mmnhGAA, Name=X00e1a000000MWaSAAW}
03:09:03.0 (11376625)|HEAP_ALLOCATE|[10]|Bytes:5
03:09:03.0 (11396967)|HEAP_ALLOCATE|[10]|Bytes:12
03:09:03.0 (11404294)|VARIABLE_SCOPE_BEGIN|[10]|PSetName|PermissionSet|true|false
03:09:03.0 (11417307)|VARIABLE_ASSIGNMENT|[10]|PSetName|{"s":1,"v":{"Id":"0PS36000000mmniGAA","Name":"X00e1a000000MWaTAAW"}}|0x3d92c5b3
03:09:03.0 (11420350)|STATEMENT_EXECUTE|[10]
03:09:03.0 (11421513)|STATEMENT_EXECUTE|[11]
03:09:03.0 (11437289)|ENTERING_MANAGED_PKG|
03:09:03.0 (11457160)|HEAP_ALLOCATE|[11]|Bytes:63
03:09:03.0 (11469834)|HEAP_ALLOCATE|[11]|Bytes:87
03:09:03.0 (11480345)|ENTERING_MANAGED_PKG|
03:09:03.0 (11493789)|USER_DEBUG|[11]|ERROR|The PermissionSet Name: PermissionSet:{Id=0PS36000000mmniGAA, Name=X00e1a000000MWaTAAW}
03:09:03.0 (11508536)|HEAP_ALLOCATE|[10]|Bytes:5
03:09:03.0 (11528692)|HEAP_ALLOCATE|[10]|Bytes:12
03:09:03.0 (11535982)|VARIABLE_SCOPE_BEGIN|[10]|PSetName|PermissionSet|true|false
03:09:03.0 (11548981)|VARIABLE_ASSIGNMENT|[10]|PSetName|{"s":1,"v":{"Id":"0PS36000000mmnjGAA","Name":"X00e1a000000MWaUAAW"}}|0x18961bfb
03:09:03.0 (11551835)|STATEMENT_EXECUTE|[10]
03:09:03.0 (11553102)|STATEMENT_EXECUTE|[11]
03:09:03.0 (11568903)|ENTERING_MANAGED_PKG|
03:09:03.0 (11588776)|HEAP_ALLOCATE|[11]|Bytes:63
03:09:03.0 (11600872)|HEAP_ALLOCATE|[11]|Bytes:87
03:09:03.0 (11611185)|ENTERING_MANAGED_PKG|
03:09:03.0 (11624356)|USER_DEBUG|[11]|ERROR|The PermissionSet Name: PermissionSet:{Id=0PS36000000mmnjGAA, Name=X00e1a000000MWaUAAW}
03:09:03.0 (11638897)|HEAP_ALLOCATE|[10]|Bytes:5
03:09:03.0 (11659308)|HEAP_ALLOCATE|[10]|Bytes:12
03:09:03.0 (11667075)|VARIABLE_SCOPE_BEGIN|[10]|PSetName|PermissionSet|true|false
03:09:03.0 (11680320)|VARIABLE_ASSIGNMENT|[10]|PSetName|{"s":1,"v":{"Id":"0PS36000000mmnlGAA","Name":"X00e1a000000N1LRAA0"}}|0x16dfe791
03:09:03.0 (11683416)|STATEMENT_EXECUTE|[10]
03:09:03.0 (11684633)|STATEMENT_EXECUTE|[11]
03:09:03.0 (11700279)|ENTERING_MANAGED_PKG|
03:09:03.0 (11720353)|HEAP_ALLOCATE|[11]|Bytes:63
03:09:03.0 (11732381)|HEAP_ALLOCATE|[11]|Bytes:87
03:09:03.0 (11742716)|ENTERING_MANAGED_PKG|
03:09:03.0 (11755880)|USER_DEBUG|[11]|ERROR|The PermissionSet Name: PermissionSet:{Id=0PS36000000mmnlGAA, Name=X00e1a000000N1LRAA0}
03:09:03.0 (11770151)|HEAP_ALLOCATE|[10]|Bytes:5
03:09:03.0 (11794370)|HEAP_ALLOCATE|[10]|Bytes:12
03:09:03.0 (11802354)|VARIABLE_SCOPE_BEGIN|[10]|PSetName|PermissionSet|true|false
03:09:03.0 (11815504)|VARIABLE_ASSIGNMENT|[10]|PSetName|{"s":1,"v":{"Id":"0PS36000000mmnmGAA","Name":"X00e1a000000N1LSAA0"}}|0x1a2dc8d1
03:09:03.0 (11818708)|STATEMENT_EXECUTE|[10]
03:09:03.0 (11820361)|STATEMENT_EXECUTE|[11]
03:09:03.0 (11836411)|ENTERING_MANAGED_PKG|
03:09:03.0 (11856748)|HEAP_ALLOCATE|[11]|Bytes:63
03:09:03.0 (11868847)|HEAP_ALLOCATE|[11]|Bytes:87
03:09:03.0 (11879155)|ENTERING_MANAGED_PKG|
03:09:03.0 (11892471)|USER_DEBUG|[11]|ERROR|The PermissionSet Name: PermissionSet:{Id=0PS36000000mmnmGAA, Name=X00e1a000000N1LSAA0}
03:09:03.0 (11907057)|HEAP_ALLOCATE|[10]|Bytes:5
03:09:03.0 (11927159)|HEAP_ALLOCATE|[10]|Bytes:12
03:09:03.0 (11934435)|VARIABLE_SCOPE_BEGIN|[10]|PSetName|PermissionSet|true|false
03:09:03.0 (11947583)|VARIABLE_ASSIGNMENT|[10]|PSetName|{"s":1,"v":{"Id":"0PS36000000mmnnGAA","Name":"X00e1a000000N1wKAAS"}}|0x3139297a
03:09:03.0 (11950561)|STATEMENT_EXECUTE|[10]
03:09:03.0 (11951836)|STATEMENT_EXECUTE|[11]
03:09:03.0 (11967559)|ENTERING_MANAGED_PKG|
03:09:03.0 (11987730)|HEAP_ALLOCATE|[11]|Bytes:63
03:09:03.0 (11999870)|HEAP_ALLOCATE|[11]|Bytes:87
03:09:03.0 (12010426)|ENTERING_MANAGED_PKG|
03:09:03.0 (12024393)|USER_DEBUG|[11]|ERROR|The PermissionSet Name: PermissionSet:{Id=0PS36000000mmnnGAA, Name=X00e1a000000N1wKAAS}
03:09:03.0 (12039600)|HEAP_ALLOCATE|[10]|Bytes:5
03:09:03.0 (12060052)|HEAP_ALLOCATE|[10]|Bytes:12
03:09:03.0 (12067505)|VARIABLE_SCOPE_BEGIN|[10]|PSetName|PermissionSet|true|false
03:09:03.0 (12080636)|VARIABLE_ASSIGNMENT|[10]|PSetName|{"s":1,"v":{"Id":"0PS36000000mmnoGAA","Name":"X00e1a000000N1wLAAS"}}|0x1958b565
03:09:03.0 (12083591)|STATEMENT_EXECUTE|[10]
03:09:03.0 (12084874)|STATEMENT_EXECUTE|[11]
03:09:03.0 (12100782)|ENTERING_MANAGED_PKG|
03:09:03.0 (12124596)|HEAP_ALLOCATE|[11]|Bytes:63
03:09:03.0 (12137035)|HEAP_ALLOCATE|[11]|Bytes:87
03:09:03.0 (12147684)|ENTERING_MANAGED_PKG|
03:09:03.0 (12161065)|USER_DEBUG|[11]|ERROR|The PermissionSet Name: PermissionSet:{Id=0PS36000000mmnoGAA, Name=X00e1a000000N1wLAAS}
03:09:03.0 (12175589)|HEAP_ALLOCATE|[10]|Bytes:5
03:09:03.0 (12196192)|HEAP_ALLOCATE|[10]|Bytes:12
03:09:03.0 (12203602)|VARIABLE_SCOPE_BEGIN|[10]|PSetName|PermissionSet|true|false
03:09:03.0 (12216693)|VARIABLE_ASSIGNMENT|[10]|PSetName|{"s":1,"v":{"Id":"0PS36000000mmnqGAA","Name":"X00e1a000000MWaAAAW"}}|0x70522ab0
03:09:03.0 (12220063)|STATEMENT_EXECUTE|[10]
03:09:03.0 (12221333)|STATEMENT_EXECUTE|[11]
03:09:03.0 (12237418)|ENTERING_MANAGED_PKG|
03:09:03.0 (12257450)|HEAP_ALLOCATE|[11]|Bytes:63
03:09:03.0 (12269437)|HEAP_ALLOCATE|[11]|Bytes:87
03:09:03.0 (12279732)|ENTERING_MANAGED_PKG|
03:09:03.0 (12292950)|USER_DEBUG|[11]|ERROR|The PermissionSet Name: PermissionSet:{Id=0PS36000000mmnqGAA, Name=X00e1a000000MWaAAAW}
03:09:03.0 (12307597)|HEAP_ALLOCATE|[10]|Bytes:5
03:09:03.0 (12321196)|VARIABLE_ASSIGNMENT|[10]|PSetName|null|
03:09:03.0 (12324453)|STATEMENT_EXECUTE|[14]
03:09:03.0 (12339107)|SYSTEM_MODE_EXIT|false
03:09:03.12 (12391671)|CUMULATIVE_LIMIT_USAGE
03:09:03.12 (12391671)|LIMIT_USAGE_FOR_NS|(default)|
  Number of SOQL queries: 0 out of 100
  Number of query rows: 0 out of 50000
  Number of SOSL queries: 0 out of 20
  Number of DML statements: 0 out of 150
  Number of DML rows: 0 out of 10000
  Maximum CPU time: 0 out of 10000
  Maximum heap size: 0 out of 6000000
  Number of callouts: 0 out of 100
  Number of Email Invocations: 0 out of 10
  Number of future calls: 0 out of 50
  Number of queueable jobs added to the queue: 0 out of 50
  Number of Mobile Apex push calls: 0 out of 10

03:09:03.12 (12391671)|LIMIT_USAGE_FOR_NS|shiva15testns|
  Number of SOQL queries: 1 out of 100
  Number of query rows: 36 out of 50000
  Number of SOSL queries: 0 out of 20
  Number of DML statements: 0 out of 150
  Number of DML rows: 0 out of 10000
  Maximum CPU time: 0 out of 10000
  Maximum heap size: 0 out of 6000000
  Number of callouts: 0 out of 100
  Number of Email Invocations: 0 out of 10
  Number of future calls: 0 out of 50
  Number of queueable jobs added to the queue: 0 out of 50
  Number of Mobile Apex push calls: 0 out of 10

03:09:03.12 (12391671)|CUMULATIVE_LIMIT_USAGE_END

03:09:03.0 (12475816)|CODE_UNIT_FINISHED|PermissionSetPortalControllers.getAllPermissionSets
03:09:03.0 (14405358)|EXECUTION_FINISHED
