36.0 APEX_CODE,FINEST;APEX_PROFILING,INFO;CALLOUT,INFO;DB,INFO;SYSTEM,DEBUG;VALIDATION,INFO;VISUALFORCE,INFO;WORKFLOW,INFO
18:45:28.0 (72366)|EXECUTION_STARTED
18:45:28.0 (103006)|CODE_UNIT_STARTED|[EXTERNAL]|01p36000005Jpvx|PermissionSetPortalControllers.getAllPermissionSets
18:45:28.0 (227046)|VARIABLE_SCOPE_BEGIN|[3]|PermissionSetPortalControllers.AllPermissionSets|List<PermissionSet>|true|true
18:45:28.0 (241166)|VARIABLE_SCOPE_BEGIN|[10]|PermissionSetPortalControllers.accountField|Set<String>|true|true
18:45:28.0 (245039)|VARIABLE_SCOPE_BEGIN|[5]|PermissionSetPortalControllers.allObjectsOfOrg|List<shiva15testns.PermissionSetPortalControllers.ObjectDetailsClass>|true|true
18:45:28.0 (248920)|VARIABLE_SCOPE_BEGIN|[9]|PermissionSetPortalControllers.contactsField|Set<String>|true|true
18:45:28.0 (251559)|VARIABLE_SCOPE_BEGIN|[7]|PermissionSetPortalControllers.isNotSystemSObjectList|Set<String>|true|true
18:45:28.0 (565963)|HEAP_ALLOCATE|[72]|Bytes:3
18:45:28.0 (625329)|HEAP_ALLOCATE|[77]|Bytes:152
18:45:28.0 (645225)|HEAP_ALLOCATE|[342]|Bytes:408
18:45:28.0 (665965)|HEAP_ALLOCATE|[355]|Bytes:408
18:45:28.0 (685461)|HEAP_ALLOCATE|[467]|Bytes:48
18:45:28.0 (719638)|HEAP_ALLOCATE|[139]|Bytes:6
18:45:28.0 (743193)|HEAP_ALLOCATE|[EXTERNAL]|Bytes:168
18:45:28.0 (749505)|HEAP_ALLOCATE|[EXTERNAL]|Bytes:89
18:45:28.0 (753709)|HEAP_ALLOCATE|[EXTERNAL]|Bytes:344
18:45:28.0 (914745)|METHOD_ENTRY|[1]|01p36000005Jpvx|PermissionSetPortalControllers.PermissionSetPortalControllers()
18:45:28.0 (920625)|STATEMENT_EXECUTE|[1]
18:45:28.0 (928673)|STATEMENT_EXECUTE|[1]
18:45:28.0 (972995)|HEAP_ALLOCATE|[50]|Bytes:5
18:45:28.0 (1002510)|HEAP_ALLOCATE|[56]|Bytes:5
18:45:28.0 (1013751)|HEAP_ALLOCATE|[64]|Bytes:7
18:45:28.0 (1038804)|SYSTEM_MODE_ENTER|false
18:45:28.0 (1061408)|HEAP_ALLOCATE|[9]|Bytes:5
18:45:28.0 (1066224)|STATEMENT_EXECUTE|[9]
18:45:28.0 (1074309)|HEAP_ALLOCATE|[9]|Bytes:4
18:45:28.0 (1115343)|ENTERING_MANAGED_PKG|
18:45:28.0 (1224967)|VARIABLE_ASSIGNMENT|[9]|PermissionSetPortalControllers.contactsField|{"s":1,"v":[]}|0x718b4cb5
18:45:28.0 (1230078)|STATEMENT_EXECUTE|[10]
18:45:28.0 (1235704)|HEAP_ALLOCATE|[10]|Bytes:4
18:45:28.0 (1250340)|ENTERING_MANAGED_PKG|
18:45:28.0 (1287566)|VARIABLE_ASSIGNMENT|[10]|PermissionSetPortalControllers.accountField|{"s":1,"v":[]}|0x66aa74fb
18:45:28.0 (1291783)|STATEMENT_EXECUTE|[1037]
18:45:28.0 (1293312)|STATEMENT_EXECUTE|[1066]
18:45:28.0 (1294583)|STATEMENT_EXECUTE|[1094]
18:45:28.0 (1296080)|STATEMENT_EXECUTE|[1123]
18:45:28.0 (1297321)|STATEMENT_EXECUTE|[1139]
18:45:28.0 (1298645)|STATEMENT_EXECUTE|[1156]
18:45:28.0 (1299843)|STATEMENT_EXECUTE|[1167]
18:45:28.0 (1300954)|STATEMENT_EXECUTE|[1172]
18:45:28.0 (1309363)|SYSTEM_MODE_EXIT|false
18:45:28.0 (1322241)|METHOD_EXIT|[1]|PermissionSetPortalControllers
18:45:28.0 (1331279)|SYSTEM_MODE_ENTER|false
18:45:28.0 (1348803)|HEAP_ALLOCATE|[157]|Bytes:5
18:45:28.0 (1353505)|STATEMENT_EXECUTE|[156]
18:45:28.0 (1354887)|STATEMENT_EXECUTE|[157]
18:45:28.0 (1355907)|STATEMENT_EXECUTE|[157]
18:45:28.0 (1357105)|STATEMENT_EXECUTE|[158]
18:45:28.0 (1360482)|HEAP_ALLOCATE|[158]|Bytes:99
18:45:28.0 (1372464)|HEAP_ALLOCATE|[158]|Bytes:4
18:45:28.0 (2055298)|SOQL_EXECUTE_BEGIN|[158]|Aggregations:0|SELECT Id, label, Name, Description, NamespacePrefix, UserLicenseId, CreatedDate FROM PermissionSet
18:45:28.0 (5738096)|SOQL_EXECUTE_END|[158]|Rows:40
18:45:28.0 (5756326)|HEAP_ALLOCATE|[158]|Bytes:164
18:45:28.0 (5852482)|HEAP_ALLOCATE|[158]|Bytes:7062
18:45:28.0 (5892789)|HEAP_ALLOCATE|[158]|Bytes:164
18:45:28.0 (5924007)|VARIABLE_ASSIGNMENT|[158]|PermissionSetPortalControllers.AllPermissionSets|{"s":1,"v":"List of size 40 too large to display"}|0x2d383a20
18:45:28.0 (6010283)|ENTERING_MANAGED_PKG|
18:45:28.0 (6044891)|STATEMENT_EXECUTE|[159]
18:45:28.0 (6047381)|STATEMENT_EXECUTE|[160]
18:45:28.0 (6059858)|VARIABLE_SCOPE_BEGIN|[160]|pSetObj|shiva15testns.PermissionSetPortalControllers.PermissionSetClass|true|false
18:45:28.0 (6070004)|VARIABLE_ASSIGNMENT|[160]|pSetObj|null|
18:45:28.0 (6072223)|STATEMENT_EXECUTE|[161]
18:45:28.0 (6078635)|HEAP_ALLOCATE|[161]|Bytes:4
18:45:28.0 (6124563)|ENTERING_MANAGED_PKG|
18:45:28.0 (6143576)|VARIABLE_SCOPE_BEGIN|[161]|permissionSetsLst|List<shiva15testns.PermissionSetPortalControllers.PermissionSetClass>|true|false
18:45:28.0 (6168389)|HEAP_ALLOCATE|[EXTERNAL]|Bytes:4
18:45:28.0 (6181488)|VARIABLE_ASSIGNMENT|[161]|permissionSetsLst|{"s":1,"v":[]}|0x42452209
18:45:28.0 (6199566)|ENTERING_MANAGED_PKG|
18:45:28.0 (6378217)|HEAP_ALLOCATE|[162]|Bytes:5
18:45:28.0 (6421781)|HEAP_ALLOCATE|[162]|Bytes:28
18:45:28.0 (6433504)|VARIABLE_SCOPE_BEGIN|[162]|PSetName|PermissionSet|true|false
18:45:28.0 (6491939)|VARIABLE_ASSIGNMENT|[162]|PSetName|{"s":1,"v":{"Id":"0PS36000000mmnFGAQ","Label":"00e1a000000MWa8AAG","Name":"X00e1a000000MWa8AAG","NamespacePrefix":"shiva15testns","UserLicenseId":"10036000000eSpzAAE","CreatedDate":"2016-03-08T19:00:02.000Z"}}|0x7cb502e9
18:45:28.0 (6497847)|STATEMENT_EXECUTE|[162]
18:45:28.0 (6531570)|HEAP_ALLOCATE|[163]|Bytes:3
18:45:28.0 (6568498)|ENTERING_MANAGED_PKG|
18:45:28.0 (6601460)|STATEMENT_EXECUTE|[163]
18:45:28.0 (6614433)|HEAP_ALLOCATE|[162]|Bytes:5
18:45:28.0 (6638050)|HEAP_ALLOCATE|[162]|Bytes:28
18:45:28.0 (6646544)|VARIABLE_SCOPE_BEGIN|[162]|PSetName|PermissionSet|true|false
18:45:28.0 (6676518)|VARIABLE_ASSIGNMENT|[162]|PSetName|{"s":1,"v":{"Id":"0PS36000000mmnGGAQ","Label":"00ex00000018ozl_128_ (10 more) ...","Name":"X00ex00000018ozl_128 (11 more) ...","NamespacePrefix":"shiva15testns","UserLicenseId":"10036000000eSpyAAE","CreatedDate":"2016-03-08T19:00:02.000Z"}}|0x53e82b2a
18:45:28.0 (6682777)|STATEMENT_EXECUTE|[162]
18:45:28.0 (6706706)|ENTERING_MANAGED_PKG|
18:45:28.0 (6717118)|STATEMENT_EXECUTE|[163]
18:45:28.0 (6728305)|HEAP_ALLOCATE|[162]|Bytes:5
18:45:28.0 (6749959)|HEAP_ALLOCATE|[162]|Bytes:28
18:45:28.0 (6757788)|VARIABLE_SCOPE_BEGIN|[162]|PSetName|PermissionSet|true|false
18:45:28.0 (6783668)|VARIABLE_ASSIGNMENT|[162]|PSetName|{"s":1,"v":{"Id":"0PS36000000mmnHGAQ","Label":"00ex00000018ozm_128_ (10 more) ...","Name":"X00ex00000018ozm_128 (11 more) ...","NamespacePrefix":"shiva15testns","UserLicenseId":"10036000000eSpyAAE","CreatedDate":"2016-03-08T19:00:02.000Z"}}|0x6cbe2e22
18:45:28.0 (6793855)|STATEMENT_EXECUTE|[162]
18:45:28.0 (6817278)|ENTERING_MANAGED_PKG|
18:45:28.0 (6827357)|STATEMENT_EXECUTE|[163]
18:45:28.0 (6838405)|HEAP_ALLOCATE|[162]|Bytes:5
18:45:28.0 (6859547)|HEAP_ALLOCATE|[162]|Bytes:28
18:45:28.0 (6867227)|VARIABLE_SCOPE_BEGIN|[162]|PSetName|PermissionSet|true|false
18:45:28.0 (6904445)|VARIABLE_ASSIGNMENT|[162]|PSetName|{"s":1,"v":{"Id":"0PS36000000mmnIGAQ","Label":"00ex00000018ozk_128_ (10 more) ...","Name":"X00ex00000018ozk_128 (11 more) ...","NamespacePrefix":"shiva15testns","UserLicenseId":"10036000000eSpyAAE","CreatedDate":"2016-03-08T19:00:02.000Z"}}|0x4169b775
18:45:28.0 (6909785)|STATEMENT_EXECUTE|[162]
18:45:28.0 (6933220)|ENTERING_MANAGED_PKG|
18:45:28.0 (6943277)|STATEMENT_EXECUTE|[163]
18:45:28.0 (6954074)|HEAP_ALLOCATE|[162]|Bytes:5
18:45:28.0 (6974692)|HEAP_ALLOCATE|[162]|Bytes:28
18:45:28.0 (6982316)|VARIABLE_SCOPE_BEGIN|[162]|PSetName|PermissionSet|true|false
18:45:28.0 (7007312)|VARIABLE_ASSIGNMENT|[162]|PSetName|{"s":1,"v":{"Id":"0PS36000000mmnJGAQ","Label":"00ex00000018ozj_128_ (10 more) ...","Name":"X00ex00000018ozj_128 (11 more) ...","NamespacePrefix":"shiva15testns","UserLicenseId":"10036000000eSpyAAE","CreatedDate":"2016-03-08T19:00:02.000Z"}}|0x151f57fb
18:45:28.0 (7012733)|STATEMENT_EXECUTE|[162]
18:45:28.0 (7035278)|ENTERING_MANAGED_PKG|
18:45:28.0 (7045226)|STATEMENT_EXECUTE|[163]
18:45:28.0 (7055985)|HEAP_ALLOCATE|[162]|Bytes:5
18:45:28.0 (7076587)|HEAP_ALLOCATE|[162]|Bytes:28
18:45:28.0 (7084238)|VARIABLE_SCOPE_BEGIN|[162]|PSetName|PermissionSet|true|false
18:45:28.0 (7109024)|VARIABLE_ASSIGNMENT|[162]|PSetName|{"s":1,"v":{"Id":"0PS36000000mmnKGAQ","Label":"00ex00000018ozo_128_ (10 more) ...","Name":"X00ex00000018ozo_128 (11 more) ...","NamespacePrefix":"shiva15testns","UserLicenseId":"10036000000eSpyAAE","CreatedDate":"2016-03-08T19:00:02.000Z"}}|0x7bc8f09
18:45:28.0 (7114089)|STATEMENT_EXECUTE|[162]
18:45:28.0 (7136724)|ENTERING_MANAGED_PKG|
18:45:28.0 (7146771)|STATEMENT_EXECUTE|[163]
18:45:28.0 (7157536)|HEAP_ALLOCATE|[162]|Bytes:5
18:45:28.0 (7178155)|HEAP_ALLOCATE|[162]|Bytes:28
18:45:28.0 (7185894)|VARIABLE_SCOPE_BEGIN|[162]|PSetName|PermissionSet|true|false
18:45:28.0 (7210444)|VARIABLE_ASSIGNMENT|[162]|PSetName|{"s":1,"v":{"Id":"0PS36000000mmnLGAQ","Label":"00ex00000018ozh_128_ (10 more) ...","Name":"X00ex00000018ozh_128 (11 more) ...","NamespacePrefix":"shiva15testns","UserLicenseId":"10036000000eSpyAAE","CreatedDate":"2016-03-08T19:00:02.000Z"}}|0x1aee6ee2
18:45:28.0 (7214964)|STATEMENT_EXECUTE|[162]
18:45:28.0 (7237077)|ENTERING_MANAGED_PKG|
18:45:28.0 (7247012)|STATEMENT_EXECUTE|[163]
18:45:28.0 (7257806)|HEAP_ALLOCATE|[162]|Bytes:5
18:45:28.0 (7278675)|HEAP_ALLOCATE|[162]|Bytes:28
18:45:28.0 (7286280)|VARIABLE_SCOPE_BEGIN|[162]|PSetName|PermissionSet|true|false
18:45:28.0 (7310819)|VARIABLE_ASSIGNMENT|[162]|PSetName|{"s":1,"v":{"Id":"0PS36000000mmnMGAQ","Label":"00ex00000018ozq_128_ (11 more) ...","Name":"X00ex00000018ozq_128 (12 more) ...","NamespacePrefix":"shiva15testns","UserLicenseId":"10036000000eSpyAAE","CreatedDate":"2016-03-08T19:00:02.000Z"}}|0x1630a0d5
18:45:28.0 (7315948)|STATEMENT_EXECUTE|[162]
18:45:28.0 (7338057)|ENTERING_MANAGED_PKG|
18:45:28.0 (7348085)|STATEMENT_EXECUTE|[163]
18:45:28.0 (7358740)|HEAP_ALLOCATE|[162]|Bytes:5
18:45:28.0 (7379401)|HEAP_ALLOCATE|[162]|Bytes:28
18:45:28.0 (7387091)|VARIABLE_SCOPE_BEGIN|[162]|PSetName|PermissionSet|true|false
18:45:28.0 (7411407)|VARIABLE_ASSIGNMENT|[162]|PSetName|{"s":1,"v":{"Id":"0PS36000000mmnNGAQ","Label":"00ex00000018ozp_128_ (10 more) ...","Name":"X00ex00000018ozp_128 (11 more) ...","NamespacePrefix":"shiva15testns","UserLicenseId":"10036000000eSpyAAE","CreatedDate":"2016-03-08T19:00:02.000Z"}}|0x79ff8d67
18:45:28.0 (7416265)|STATEMENT_EXECUTE|[162]
18:45:28.0 (7438448)|ENTERING_MANAGED_PKG|
18:45:28.0 (7448457)|STATEMENT_EXECUTE|[163]
18:45:28.0 (7459214)|HEAP_ALLOCATE|[162]|Bytes:5
18:45:28.0 (7479651)|HEAP_ALLOCATE|[162]|Bytes:28
18:45:28.0 (7487217)|VARIABLE_SCOPE_BEGIN|[162]|PSetName|PermissionSet|true|false
18:45:28.0 (7512116)|VARIABLE_ASSIGNMENT|[162]|PSetName|{"s":1,"v":{"Id":"0PS36000000mmnOGAQ","Label":"00ex00000018ozn_128_ (10 more) ...","Name":"X00ex00000018ozn_128 (11 more) ...","NamespacePrefix":"shiva15testns","UserLicenseId":"10036000000eSpyAAE","CreatedDate":"2016-03-08T19:00:02.000Z"}}|0x1a588196
18:45:28.0 (7516780)|STATEMENT_EXECUTE|[162]
18:45:28.0 (7538942)|ENTERING_MANAGED_PKG|
18:45:28.0 (7548842)|STATEMENT_EXECUTE|[163]
18:45:28.0 (7559546)|HEAP_ALLOCATE|[162]|Bytes:5
18:45:28.0 (7580056)|HEAP_ALLOCATE|[162]|Bytes:28
18:45:28.0 (7587660)|VARIABLE_SCOPE_BEGIN|[162]|PSetName|PermissionSet|true|false
18:45:28.0 (7612185)|VARIABLE_ASSIGNMENT|[162]|PSetName|{"s":1,"v":{"Id":"0PS36000000mmnPGAQ","Label":"00e1a000000MWa9AAG","Name":"X00e1a000000MWa9AAG","NamespacePrefix":"shiva15testns","UserLicenseId":"10036000000eSq0AAE","CreatedDate":"2016-03-08T19:00:02.000Z"}}|0x73a86541
18:45:28.0 (7617014)|STATEMENT_EXECUTE|[162]
18:45:28.0 (7638939)|ENTERING_MANAGED_PKG|
18:45:28.0 (7648800)|STATEMENT_EXECUTE|[163]
18:45:28.0 (7659492)|HEAP_ALLOCATE|[162]|Bytes:5
18:45:28.0 (7679974)|HEAP_ALLOCATE|[162]|Bytes:28
18:45:28.0 (7687608)|VARIABLE_SCOPE_BEGIN|[162]|PSetName|PermissionSet|true|false
18:45:28.0 (7711399)|VARIABLE_ASSIGNMENT|[162]|PSetName|{"s":1,"v":{"Id":"0PS36000000mmnQGAQ","Label":"00e1a000000MWaBAAW","Name":"X00e1a000000MWaBAAW","NamespacePrefix":"shiva15testns","UserLicenseId":"10036000000eSq2AAE","CreatedDate":"2016-03-08T19:00:02.000Z"}}|0x600d55e9
18:45:28.0 (7715966)|STATEMENT_EXECUTE|[162]
18:45:28.0 (7737767)|ENTERING_MANAGED_PKG|
18:45:28.0 (7747631)|STATEMENT_EXECUTE|[163]
18:45:28.0 (7758429)|HEAP_ALLOCATE|[162]|Bytes:5
18:45:28.0 (7779534)|HEAP_ALLOCATE|[162]|Bytes:28
18:45:28.0 (7787224)|VARIABLE_SCOPE_BEGIN|[162]|PSetName|PermissionSet|true|false
18:45:28.0 (7811099)|VARIABLE_ASSIGNMENT|[162]|PSetName|{"s":1,"v":{"Id":"0PS36000000mmnRGAQ","Label":"00e1a000000MWaCAAW","Name":"X00e1a000000MWaCAAW","NamespacePrefix":"shiva15testns","UserLicenseId":"10036000000eSq3AAE","CreatedDate":"2016-03-08T19:00:02.000Z"}}|0x651c683a
18:45:28.0 (7815745)|STATEMENT_EXECUTE|[162]
18:45:28.0 (7837864)|ENTERING_MANAGED_PKG|
18:45:28.0 (7847836)|STATEMENT_EXECUTE|[163]
18:45:28.0 (7858581)|HEAP_ALLOCATE|[162]|Bytes:5
18:45:28.0 (7883111)|HEAP_ALLOCATE|[162]|Bytes:28
18:45:28.0 (7891267)|VARIABLE_SCOPE_BEGIN|[162]|PSetName|PermissionSet|true|false
18:45:28.0 (7915465)|VARIABLE_ASSIGNMENT|[162]|PSetName|{"s":1,"v":{"Id":"0PS36000000mmnSGAQ","Label":"00e1a000000MWaDAAW","Name":"X00e1a000000MWaDAAW","NamespacePrefix":"shiva15testns","UserLicenseId":"10036000000eSq4AAE","CreatedDate":"2016-03-08T19:00:02.000Z"}}|0x3b96013e
18:45:28.0 (7919675)|STATEMENT_EXECUTE|[162]
18:45:28.0 (7942406)|ENTERING_MANAGED_PKG|
18:45:28.0 (7952301)|STATEMENT_EXECUTE|[163]
18:45:28.0 (7963038)|HEAP_ALLOCATE|[162]|Bytes:5
18:45:28.0 (7983528)|HEAP_ALLOCATE|[162]|Bytes:28
18:45:28.0 (7991127)|VARIABLE_SCOPE_BEGIN|[162]|PSetName|PermissionSet|true|false
18:45:28.0 (8014828)|VARIABLE_ASSIGNMENT|[162]|PSetName|{"s":1,"v":{"Id":"0PS36000000mmnTGAQ","Label":"00e1a000000MWaEAAW","Name":"X00e1a000000MWaEAAW","NamespacePrefix":"shiva15testns","UserLicenseId":"10036000000eSq5AAE","CreatedDate":"2016-03-08T19:00:02.000Z"}}|0xb24f960
18:45:28.0 (8020133)|STATEMENT_EXECUTE|[162]
18:45:28.0 (8042386)|ENTERING_MANAGED_PKG|
18:45:28.0 (8052422)|STATEMENT_EXECUTE|[163]
18:45:28.0 (8063192)|HEAP_ALLOCATE|[162]|Bytes:5
18:45:28.0 (8083643)|HEAP_ALLOCATE|[162]|Bytes:28
18:45:28.0 (8091361)|VARIABLE_SCOPE_BEGIN|[162]|PSetName|PermissionSet|true|false
18:45:28.0 (8115364)|VARIABLE_ASSIGNMENT|[162]|PSetName|{"s":1,"v":{"Id":"0PS36000000mmnUGAQ","Label":"00e1a000000MWaFAAW","Name":"X00e1a000000MWaFAAW","NamespacePrefix":"shiva15testns","UserLicenseId":"10036000000eSq6AAE","CreatedDate":"2016-03-08T19:00:02.000Z"}}|0x10c57f0
18:45:28.0 (8120094)|STATEMENT_EXECUTE|[162]
18:45:28.0 (8142334)|ENTERING_MANAGED_PKG|
18:45:28.0 (8152344)|STATEMENT_EXECUTE|[163]
18:45:28.0 (8163032)|HEAP_ALLOCATE|[162]|Bytes:5
18:45:28.0 (8183517)|HEAP_ALLOCATE|[162]|Bytes:28
18:45:28.0 (8191065)|VARIABLE_SCOPE_BEGIN|[162]|PSetName|PermissionSet|true|false
18:45:28.0 (8214991)|VARIABLE_ASSIGNMENT|[162]|PSetName|{"s":1,"v":{"Id":"0PS36000000mmnVGAQ","Label":"00e1a000000MWaGAAW","Name":"X00e1a000000MWaGAAW","NamespacePrefix":"shiva15testns","UserLicenseId":"10036000000eSq7AAE","CreatedDate":"2016-03-08T19:00:02.000Z"}}|0x7d7b253
18:45:28.0 (8219365)|STATEMENT_EXECUTE|[162]
18:45:28.0 (8241433)|ENTERING_MANAGED_PKG|
18:45:28.0 (8251522)|STATEMENT_EXECUTE|[163]
18:45:28.0 (8262262)|HEAP_ALLOCATE|[162]|Bytes:5
18:45:28.0 (8282640)|HEAP_ALLOCATE|[162]|Bytes:28
18:45:28.0 (8290239)|VARIABLE_SCOPE_BEGIN|[162]|PSetName|PermissionSet|true|false
18:45:28.0 (8314404)|VARIABLE_ASSIGNMENT|[162]|PSetName|{"s":1,"v":{"Id":"0PS36000000mmnWGAQ","Label":"00e1a000000MWaHAAW","Name":"X00e1a000000MWaHAAW","NamespacePrefix":"shiva15testns","UserLicenseId":"10036000000eSq8AAE","CreatedDate":"2016-03-08T19:00:02.000Z"}}|0xc43cc66
18:45:28.0 (8318787)|STATEMENT_EXECUTE|[162]
18:45:28.0 (8340749)|ENTERING_MANAGED_PKG|
18:45:28.0 (8350865)|STATEMENT_EXECUTE|[163]
18:45:28.0 (8361586)|HEAP_ALLOCATE|[162]|Bytes:5
18:45:28.0 (8381964)|HEAP_ALLOCATE|[162]|Bytes:28
18:45:28.0 (8389520)|VARIABLE_SCOPE_BEGIN|[162]|PSetName|PermissionSet|true|false
18:45:28.0 (8439521)|VARIABLE_ASSIGNMENT|[162]|PSetName|{"s":1,"v":{"Id":"0PS36000000mmnXGAQ","Label":"00e1a000000MWaIAAW","Name":"X00e1a000000MWaIAAW","NamespacePrefix":"shiva15testns","UserLicenseId":"10036000000eSq9AAE","CreatedDate":"2016-03-08T19:00:02.000Z"}}|0x2000cb77
18:45:28.0 (8448013)|STATEMENT_EXECUTE|[162]
18:45:28.0 (8475214)|ENTERING_MANAGED_PKG|
18:45:28.0 (8486414)|STATEMENT_EXECUTE|[163]
18:45:28.0 (8498078)|HEAP_ALLOCATE|[162]|Bytes:5
18:45:28.0 (8520215)|HEAP_ALLOCATE|[162]|Bytes:28
18:45:28.0 (8528286)|VARIABLE_SCOPE_BEGIN|[162]|PSetName|PermissionSet|true|false
18:45:28.0 (8552833)|VARIABLE_ASSIGNMENT|[162]|PSetName|{"s":1,"v":{"Id":"0PS36000000mmnYGAQ","Label":"00e1a000000MWaJAAW","Name":"X00e1a000000MWaJAAW","NamespacePrefix":"shiva15testns","UserLicenseId":"10036000000eSqAAAU","CreatedDate":"2016-03-08T19:00:02.000Z"}}|0x43d0ab50
18:45:28.0 (8557374)|STATEMENT_EXECUTE|[162]
18:45:28.0 (8591894)|ENTERING_MANAGED_PKG|
18:45:28.0 (8604989)|STATEMENT_EXECUTE|[163]
18:45:28.0 (8616683)|HEAP_ALLOCATE|[162]|Bytes:5
18:45:28.0 (8637615)|HEAP_ALLOCATE|[162]|Bytes:28
18:45:28.0 (8645712)|VARIABLE_SCOPE_BEGIN|[162]|PSetName|PermissionSet|true|false
18:45:28.0 (8670520)|VARIABLE_ASSIGNMENT|[162]|PSetName|{"s":1,"v":{"Id":"0PS36000000mmnZGAQ","Label":"00e1a000000MWaKAAW","Name":"X00e1a000000MWaKAAW","NamespacePrefix":"shiva15testns","UserLicenseId":"10036000000eSqBAAU","CreatedDate":"2016-03-08T19:00:02.000Z"}}|0x79afcc53
18:45:28.0 (8675329)|STATEMENT_EXECUTE|[162]
18:45:28.0 (8697730)|ENTERING_MANAGED_PKG|
18:45:28.0 (8707629)|STATEMENT_EXECUTE|[163]
18:45:28.0 (8718387)|HEAP_ALLOCATE|[162]|Bytes:5
18:45:28.0 (8738808)|HEAP_ALLOCATE|[162]|Bytes:28
18:45:28.0 (8746439)|VARIABLE_SCOPE_BEGIN|[162]|PSetName|PermissionSet|true|false
18:45:28.0 (8770437)|VARIABLE_ASSIGNMENT|[162]|PSetName|{"s":1,"v":{"Id":"0PS36000000mmnaGAA","Label":"00e1a000000MWaLAAW","Name":"X00e1a000000MWaLAAW","NamespacePrefix":"shiva15testns","UserLicenseId":"10036000000eSqCAAU","CreatedDate":"2016-03-08T19:00:02.000Z"}}|0x6b1d1ffc
18:45:28.0 (8775082)|STATEMENT_EXECUTE|[162]
18:45:28.0 (8797183)|ENTERING_MANAGED_PKG|
18:45:28.0 (8807000)|STATEMENT_EXECUTE|[163]
18:45:28.0 (8817677)|HEAP_ALLOCATE|[162]|Bytes:5
18:45:28.0 (8837984)|HEAP_ALLOCATE|[162]|Bytes:28
18:45:28.0 (8845573)|VARIABLE_SCOPE_BEGIN|[162]|PSetName|PermissionSet|true|false
18:45:28.0 (8869453)|VARIABLE_ASSIGNMENT|[162]|PSetName|{"s":1,"v":{"Id":"0PS36000000mmnbGAA","Label":"00e1a000000MWaMAAW","Name":"X00e1a000000MWaMAAW","NamespacePrefix":"shiva15testns","UserLicenseId":"10036000000eSqDAAU","CreatedDate":"2016-03-08T19:00:02.000Z"}}|0x4d602a9b
18:45:28.0 (8878737)|STATEMENT_EXECUTE|[162]
18:45:28.0 (8901923)|ENTERING_MANAGED_PKG|
18:45:28.0 (8912005)|STATEMENT_EXECUTE|[163]
18:45:28.0 (8922766)|HEAP_ALLOCATE|[162]|Bytes:5
18:45:28.0 (8943415)|HEAP_ALLOCATE|[162]|Bytes:28
18:45:28.0 (8951134)|VARIABLE_SCOPE_BEGIN|[162]|PSetName|PermissionSet|true|false
18:45:28.0 (8975038)|VARIABLE_ASSIGNMENT|[162]|PSetName|{"s":1,"v":{"Id":"0PS36000000mmncGAA","Label":"00e1a000000MWaNAAW","Name":"X00e1a000000MWaNAAW","NamespacePrefix":"shiva15testns","UserLicenseId":"10036000000eSqEAAU","CreatedDate":"2016-03-08T19:00:02.000Z"}}|0xb2c924c
18:45:28.0 (8979505)|STATEMENT_EXECUTE|[162]
18:45:28.0 (9001885)|ENTERING_MANAGED_PKG|
18:45:28.0 (9018121)|STATEMENT_EXECUTE|[163]
18:45:28.0 (9036319)|HEAP_ALLOCATE|[162]|Bytes:5
18:45:28.0 (9060063)|HEAP_ALLOCATE|[162]|Bytes:28
18:45:28.0 (9067854)|VARIABLE_SCOPE_BEGIN|[162]|PSetName|PermissionSet|true|false
18:45:28.0 (9092878)|VARIABLE_ASSIGNMENT|[162]|PSetName|{"s":1,"v":{"Id":"0PS36000000mmndGAA","Label":"00e1a000000MWaOAAW","Name":"X00e1a000000MWaOAAW","NamespacePrefix":"shiva15testns","UserLicenseId":"10036000000eSqFAAU","CreatedDate":"2016-03-08T19:00:02.000Z"}}|0xce60a2e
18:45:28.0 (9097782)|STATEMENT_EXECUTE|[162]
18:45:28.0 (9120449)|ENTERING_MANAGED_PKG|
18:45:28.0 (9130550)|STATEMENT_EXECUTE|[163]
18:45:28.0 (9141273)|HEAP_ALLOCATE|[162]|Bytes:5
18:45:28.0 (9161939)|HEAP_ALLOCATE|[162]|Bytes:28
18:45:28.0 (9169698)|VARIABLE_SCOPE_BEGIN|[162]|PSetName|PermissionSet|true|false
18:45:28.0 (9193363)|VARIABLE_ASSIGNMENT|[162]|PSetName|{"s":1,"v":{"Id":"0PS36000000mmneGAA","Label":"00e1a000000MWaPAAW","Name":"X00e1a000000MWaPAAW","NamespacePrefix":"shiva15testns","UserLicenseId":"10036000000eSqGAAU","CreatedDate":"2016-03-08T19:00:02.000Z"}}|0xf0716b1
18:45:28.0 (9197684)|STATEMENT_EXECUTE|[162]
18:45:28.0 (9219842)|ENTERING_MANAGED_PKG|
18:45:28.0 (9229778)|STATEMENT_EXECUTE|[163]
18:45:28.0 (9240734)|HEAP_ALLOCATE|[162]|Bytes:5
18:45:28.0 (9261211)|HEAP_ALLOCATE|[162]|Bytes:28
18:45:28.0 (9268913)|VARIABLE_SCOPE_BEGIN|[162]|PSetName|PermissionSet|true|false
18:45:28.0 (9292644)|VARIABLE_ASSIGNMENT|[162]|PSetName|{"s":1,"v":{"Id":"0PS36000000mmnfGAA","Label":"00e1a000000MWaQAAW","Name":"X00e1a000000MWaQAAW","NamespacePrefix":"shiva15testns","UserLicenseId":"10036000000eSqHAAU","CreatedDate":"2016-03-08T19:00:02.000Z"}}|0x43ffd138
18:45:28.0 (9302526)|STATEMENT_EXECUTE|[162]
18:45:28.0 (9325534)|ENTERING_MANAGED_PKG|
18:45:28.0 (9335733)|STATEMENT_EXECUTE|[163]
18:45:28.0 (9346538)|HEAP_ALLOCATE|[162]|Bytes:5
18:45:28.0 (9367405)|HEAP_ALLOCATE|[162]|Bytes:28
18:45:28.0 (9375133)|VARIABLE_SCOPE_BEGIN|[162]|PSetName|PermissionSet|true|false
18:45:28.0 (9399167)|VARIABLE_ASSIGNMENT|[162]|PSetName|{"s":1,"v":{"Id":"0PS36000000mmngGAA","Label":"00e1a000000MWaRAAW","Name":"X00e1a000000MWaRAAW","NamespacePrefix":"shiva15testns","UserLicenseId":"10036000000eSqIAAU","CreatedDate":"2016-03-08T19:00:02.000Z"}}|0x2c2e85f9
18:45:28.0 (9403936)|STATEMENT_EXECUTE|[162]
18:45:28.0 (9425997)|ENTERING_MANAGED_PKG|
18:45:28.0 (9435977)|STATEMENT_EXECUTE|[163]
18:45:28.0 (9446610)|HEAP_ALLOCATE|[162]|Bytes:5
18:45:28.0 (9467200)|HEAP_ALLOCATE|[162]|Bytes:28
18:45:28.0 (9474788)|VARIABLE_SCOPE_BEGIN|[162]|PSetName|PermissionSet|true|false
18:45:28.0 (9498700)|VARIABLE_ASSIGNMENT|[162]|PSetName|{"s":1,"v":{"Id":"0PS36000000mmnhGAA","Label":"00e1a000000MWaSAAW","Name":"X00e1a000000MWaSAAW","NamespacePrefix":"shiva15testns","UserLicenseId":"10036000000eSqJAAU","CreatedDate":"2016-03-08T19:00:02.000Z"}}|0x10a55d28
18:45:28.0 (9503081)|STATEMENT_EXECUTE|[162]
18:45:28.0 (9525333)|ENTERING_MANAGED_PKG|
18:45:28.0 (9535261)|STATEMENT_EXECUTE|[163]
18:45:28.0 (9546027)|HEAP_ALLOCATE|[162]|Bytes:5
18:45:28.0 (9566700)|HEAP_ALLOCATE|[162]|Bytes:28
18:45:28.0 (9574322)|VARIABLE_SCOPE_BEGIN|[162]|PSetName|PermissionSet|true|false
18:45:28.0 (9598107)|VARIABLE_ASSIGNMENT|[162]|PSetName|{"s":1,"v":{"Id":"0PS36000000mmniGAA","Label":"00e1a000000MWaTAAW","Name":"X00e1a000000MWaTAAW","NamespacePrefix":"shiva15testns","UserLicenseId":"10036000000eSqJAAU","CreatedDate":"2016-03-08T19:00:02.000Z"}}|0x27206313
18:45:28.0 (9602826)|STATEMENT_EXECUTE|[162]
18:45:28.0 (9625181)|ENTERING_MANAGED_PKG|
18:45:28.0 (9635254)|STATEMENT_EXECUTE|[163]
18:45:28.0 (9646013)|HEAP_ALLOCATE|[162]|Bytes:5
18:45:28.0 (9666543)|HEAP_ALLOCATE|[162]|Bytes:28
18:45:28.0 (9674123)|VARIABLE_SCOPE_BEGIN|[162]|PSetName|PermissionSet|true|false
18:45:28.0 (9698206)|VARIABLE_ASSIGNMENT|[162]|PSetName|{"s":1,"v":{"Id":"0PS36000000mmnjGAA","Label":"00e1a000000MWaUAAW","Name":"X00e1a000000MWaUAAW","NamespacePrefix":"shiva15testns","UserLicenseId":"10036000000eSqKAAU","CreatedDate":"2016-03-08T19:00:02.000Z"}}|0x1a6b10de
18:45:28.0 (9702767)|STATEMENT_EXECUTE|[162]
18:45:28.0 (9725029)|ENTERING_MANAGED_PKG|
18:45:28.0 (9734945)|STATEMENT_EXECUTE|[163]
18:45:28.0 (9745712)|HEAP_ALLOCATE|[162]|Bytes:5
18:45:28.0 (9766370)|HEAP_ALLOCATE|[162]|Bytes:28
18:45:28.0 (9774460)|VARIABLE_SCOPE_BEGIN|[162]|PSetName|PermissionSet|true|false
18:45:28.0 (9798262)|VARIABLE_ASSIGNMENT|[162]|PSetName|{"s":1,"v":{"Id":"0PS36000000mmnlGAA","Label":"00e1a000000N1LRAA0","Name":"X00e1a000000N1LRAA0","NamespacePrefix":"shiva15testns","UserLicenseId":"10036000000eSqLAAU","CreatedDate":"2016-03-08T19:00:02.000Z"}}|0x42b24f27
18:45:28.0 (9802846)|STATEMENT_EXECUTE|[162]
18:45:28.0 (9825005)|ENTERING_MANAGED_PKG|
18:45:28.0 (9835099)|STATEMENT_EXECUTE|[163]
18:45:28.0 (9845644)|HEAP_ALLOCATE|[162]|Bytes:5
18:45:28.0 (9865892)|HEAP_ALLOCATE|[162]|Bytes:28
18:45:28.0 (9873485)|VARIABLE_SCOPE_BEGIN|[162]|PSetName|PermissionSet|true|false
18:45:28.0 (9902088)|VARIABLE_ASSIGNMENT|[162]|PSetName|{"s":1,"v":{"Id":"0PS36000000mmnmGAA","Label":"00e1a000000N1LSAA0","Name":"X00e1a000000N1LSAA0","NamespacePrefix":"shiva15testns","UserLicenseId":"10036000000eSqMAAU","CreatedDate":"2016-03-08T19:00:02.000Z"}}|0x78441644
18:45:28.0 (9906988)|STATEMENT_EXECUTE|[162]
18:45:28.0 (9929683)|ENTERING_MANAGED_PKG|
18:45:28.0 (9940226)|STATEMENT_EXECUTE|[163]
18:45:28.0 (9951013)|HEAP_ALLOCATE|[162]|Bytes:5
18:45:28.0 (9971554)|HEAP_ALLOCATE|[162]|Bytes:28
18:45:28.0 (9979344)|VARIABLE_SCOPE_BEGIN|[162]|PSetName|PermissionSet|true|false
18:45:28.0 (10003648)|VARIABLE_ASSIGNMENT|[162]|PSetName|{"s":1,"v":{"Id":"0PS36000000mmnnGAA","Label":"00e1a000000N1wKAAS","Name":"X00e1a000000N1wKAAS","NamespacePrefix":"shiva15testns","UserLicenseId":"10036000000eSqNAAU","CreatedDate":"2016-03-08T19:00:02.000Z"}}|0x5cd8caa4
18:45:28.0 (10008920)|STATEMENT_EXECUTE|[162]
18:45:28.0 (10031429)|ENTERING_MANAGED_PKG|
18:45:28.0 (10041391)|STATEMENT_EXECUTE|[163]
18:45:28.0 (10052029)|HEAP_ALLOCATE|[162]|Bytes:5
18:45:28.0 (10072545)|HEAP_ALLOCATE|[162]|Bytes:28
18:45:28.0 (10080276)|VARIABLE_SCOPE_BEGIN|[162]|PSetName|PermissionSet|true|false
18:45:28.0 (10104460)|VARIABLE_ASSIGNMENT|[162]|PSetName|{"s":1,"v":{"Id":"0PS36000000mmnoGAA","Label":"00e1a000000N1wLAAS","Name":"X00e1a000000N1wLAAS","NamespacePrefix":"shiva15testns","UserLicenseId":"10036000000eSqNAAU","CreatedDate":"2016-03-08T19:00:02.000Z"}}|0x1ef7cc01
18:45:28.0 (10109193)|STATEMENT_EXECUTE|[162]
18:45:28.0 (10131554)|ENTERING_MANAGED_PKG|
18:45:28.0 (10141778)|STATEMENT_EXECUTE|[163]
18:45:28.0 (10152553)|HEAP_ALLOCATE|[162]|Bytes:5
18:45:28.0 (10173029)|HEAP_ALLOCATE|[162]|Bytes:28
18:45:28.0 (10180753)|VARIABLE_SCOPE_BEGIN|[162]|PSetName|PermissionSet|true|false
18:45:28.0 (10204461)|VARIABLE_ASSIGNMENT|[162]|PSetName|{"s":1,"v":{"Id":"0PS36000000mmnqGAA","Label":"00e1a000000MWaAAAW","Name":"X00e1a000000MWaAAAW","NamespacePrefix":"shiva15testns","UserLicenseId":"10036000000eSq1AAE","CreatedDate":"2016-03-08T19:00:02.000Z"}}|0x4eec638f
18:45:28.0 (10209222)|STATEMENT_EXECUTE|[162]
18:45:28.0 (10232924)|ENTERING_MANAGED_PKG|
18:45:28.0 (10250595)|STATEMENT_EXECUTE|[163]
18:45:28.0 (10269531)|HEAP_ALLOCATE|[162]|Bytes:5
18:45:28.0 (10307246)|HEAP_ALLOCATE|[162]|Bytes:32
18:45:28.0 (10317765)|VARIABLE_SCOPE_BEGIN|[162]|PSetName|PermissionSet|true|false
18:45:28.0 (10345040)|VARIABLE_ASSIGNMENT|[162]|PSetName|{"s":1,"v":{"Id":"0PS36000000q71PGAQ","Label":"PermissionSet_Test","Name":"PermissionSet_Test","Description":"This is for testing  (11 more) ...","NamespacePrefix":"shiva15testns","UserLicenseId":"10036000000eSpyAAE","CreatedDate":"2016-03-20T22:41:12.000Z"}}|0x16c2aa20
18:45:28.0 (10350126)|STATEMENT_EXECUTE|[162]
18:45:28.0 (10373280)|ENTERING_MANAGED_PKG|
18:45:28.0 (10383785)|STATEMENT_EXECUTE|[163]
18:45:28.0 (10385330)|STATEMENT_EXECUTE|[164]
18:45:28.0 (10389770)|HEAP_ALLOCATE|[164]|Bytes:52
18:45:28.0 (10395861)|HEAP_ALLOCATE|[164]|Bytes:4
18:45:28.0 (10401905)|HEAP_ALLOCATE|[164]|Bytes:7
18:45:28.0 (11253506)|SOQL_EXECUTE_BEGIN|[164]|Aggregations:0|SELECT Id, Name FROM UserLicense WHERE Id = :tmpVar1
18:45:28.0 (12971676)|SOQL_EXECUTE_END|[164]|Rows:1
18:45:28.0 (12984335)|HEAP_ALLOCATE|[164]|Bytes:8
18:45:28.0 (12994627)|HEAP_ALLOCATE|[164]|Bytes:47
18:45:28.0 (13050376)|HEAP_ALLOCATE|[164]|Bytes:8
18:45:28.0 (13062298)|HEAP_ALLOCATE|[164]|Bytes:37
18:45:28.0 (13123222)|HEAP_ALLOCATE|[164]|Bytes:12
18:45:28.0 (13132976)|VARIABLE_SCOPE_BEGIN|[164]|ulicense|UserLicense|true|false
18:45:28.0 (13151408)|VARIABLE_ASSIGNMENT|[164]|ulicense|{"s":1,"v":{"Id":"10036000000eSpyAAE","Name":"Salesforce"}}|0x257b9639
18:45:28.0 (13155322)|STATEMENT_EXECUTE|[165]
18:45:28.0 (13163007)|HEAP_ALLOCATE|[165]|Bytes:240
18:45:28.0 (13169131)|HEAP_ALLOCATE|[165]|Bytes:39
18:45:28.0 (13176832)|HEAP_ALLOCATE|[165]|Bytes:32
18:45:28.0 (13230312)|ENTERING_MANAGED_PKG|
18:45:28.0 (13257236)|HEAP_ALLOCATE|[165]|Bytes:18
18:45:28.0 (13333133)|ENTERING_MANAGED_PKG|
18:45:28.0 (13362277)|HEAP_ALLOCATE|[165]|Bytes:19
18:45:28.0 (13392384)|CONSTRUCTOR_ENTRY|[165]|01p36000005Jpvx|<init>(String,String,String,String,String,String,String)
18:45:28.0 (13420261)|VARIABLE_SCOPE_BEGIN|[1054]|this|shiva15testns.PermissionSetPortalControllers.PermissionSetClass|true|false
18:45:28.0 (13459807)|VARIABLE_ASSIGNMENT|[1054]|this|{}|0xd4362a8
18:45:28.0 (13465250)|VARIABLE_SCOPE_BEGIN|[1054]|label|String|false|false
18:45:28.0 (13470969)|VARIABLE_ASSIGNMENT|[1054]|label|"PermissionSet_Test"
18:45:28.0 (13474024)|VARIABLE_SCOPE_BEGIN|[1054]|apiName|String|false|false
18:45:28.0 (13477468)|VARIABLE_ASSIGNMENT|[1054]|apiName|"PermissionSet_Test"
18:45:28.0 (13480220)|VARIABLE_SCOPE_BEGIN|[1054]|id|String|false|false
18:45:28.0 (13484067)|VARIABLE_ASSIGNMENT|[1054]|id|"0PS36000000q71PGAQ"
18:45:28.0 (13486853)|VARIABLE_SCOPE_BEGIN|[1054]|description|String|false|false
18:45:28.0 (13491308)|VARIABLE_ASSIGNMENT|[1054]|description|"This is for testing  (11 more) ..."
18:45:28.0 (13494220)|VARIABLE_SCOPE_BEGIN|[1054]|namespacePrefix|String|false|false
18:45:28.0 (13497588)|VARIABLE_ASSIGNMENT|[1054]|namespacePrefix|"shiva15testns"
18:45:28.0 (13500255)|VARIABLE_SCOPE_BEGIN|[1054]|userLicenseId|String|false|false
18:45:28.0 (13503626)|VARIABLE_ASSIGNMENT|[1054]|userLicenseId|"Salesforce"
18:45:28.0 (13506212)|VARIABLE_SCOPE_BEGIN|[1054]|createdDate|String|false|false
18:45:28.0 (13509490)|VARIABLE_ASSIGNMENT|[1054]|createdDate|"2016-03-20 15:41:12"
18:45:28.0 (13513377)|STATEMENT_EXECUTE|[1037]
18:45:28.0 (13515100)|STATEMENT_EXECUTE|[1040]
18:45:28.0 (13516632)|STATEMENT_EXECUTE|[1042]
18:45:28.0 (13517903)|STATEMENT_EXECUTE|[1044]
18:45:28.0 (13519187)|STATEMENT_EXECUTE|[1046]
18:45:28.0 (13520540)|STATEMENT_EXECUTE|[1048]
18:45:28.0 (13521726)|STATEMENT_EXECUTE|[1050]
18:45:28.0 (13522862)|STATEMENT_EXECUTE|[1052]
18:45:28.0 (13531509)|HEAP_ALLOCATE|[1056]|Bytes:6
18:45:28.0 (13556008)|STATEMENT_EXECUTE|[1055]
18:45:28.0 (13558205)|STATEMENT_EXECUTE|[1056]
18:45:28.0 (13645110)|VARIABLE_ASSIGNMENT|[EXTERNAL]|this|{}|0xd4362a8
18:45:28.0 (13654179)|VARIABLE_ASSIGNMENT|[EXTERNAL]|value|"PermissionSet_Test"
18:45:28.0 (13666969)|VARIABLE_ASSIGNMENT|[1040]|this.label|"PermissionSet_Test"|0xd4362a8
18:45:28.0 (13675229)|STATEMENT_EXECUTE|[1057]
18:45:28.0 (13732892)|VARIABLE_ASSIGNMENT|[EXTERNAL]|this|{"label":"PermissionSet_Test"}|0xd4362a8
18:45:28.0 (13740592)|VARIABLE_ASSIGNMENT|[EXTERNAL]|value|"PermissionSet_Test"
18:45:28.0 (13750750)|VARIABLE_ASSIGNMENT|[1042]|this.apiName|"PermissionSet_Test"|0xd4362a8
18:45:28.0 (13763516)|STATEMENT_EXECUTE|[1058]
18:45:28.0 (13821314)|VARIABLE_ASSIGNMENT|[EXTERNAL]|this|{"apiName":"PermissionSet_Test","label":"PermissionSet_Test"}|0xd4362a8
18:45:28.0 (13829877)|VARIABLE_ASSIGNMENT|[EXTERNAL]|value|"0PS36000000q71PGAQ"
18:45:28.0 (13839507)|VARIABLE_ASSIGNMENT|[1044]|this.id|"0PS36000000q71PGAQ"|0xd4362a8
18:45:28.0 (13846661)|STATEMENT_EXECUTE|[1059]
18:45:28.0 (13909145)|VARIABLE_ASSIGNMENT|[EXTERNAL]|this|{"apiName":"PermissionSet_Test","id":"0PS36000000q71PGAQ","label":"PermissionSet_Test"}|0xd4362a8
18:45:28.0 (13918557)|VARIABLE_ASSIGNMENT|[EXTERNAL]|value|"This is for testing  (11 more) ..."
18:45:28.0 (13929373)|VARIABLE_ASSIGNMENT|[1046]|this.description|"This is for testing  (11 more) ..."|0xd4362a8
18:45:28.0 (13936612)|STATEMENT_EXECUTE|[1060]
18:45:28.0 (13994310)|VARIABLE_ASSIGNMENT|[EXTERNAL]|this|{"apiName":"PermissionSet_Test","description":"This is for testing  (11 more) ...","id":"0PS36000000q71PGAQ","label":"PermissionSet_Test"}|0xd4362a8
18:45:28.0 (14002706)|VARIABLE_ASSIGNMENT|[EXTERNAL]|value|"shiva15testns"
18:45:28.0 (14013242)|VARIABLE_ASSIGNMENT|[1048]|this.namespacePrefix|"shiva15testns"|0xd4362a8
18:45:28.0 (14020418)|STATEMENT_EXECUTE|[1061]
18:45:28.0 (14105459)|VARIABLE_ASSIGNMENT|[EXTERNAL]|this|{"apiName":"PermissionSet_Test","description":"This is for testing  (11 more) ...","id":"0PS36000000q71PGAQ","label":"PermissionSet_Test","namespacePrefix":"shiva15testns"}|0xd4362a8
18:45:28.0 (14116275)|VARIABLE_ASSIGNMENT|[EXTERNAL]|value|"Salesforce"
18:45:28.0 (14126873)|VARIABLE_ASSIGNMENT|[1050]|this.userLicenseId|"Salesforce"|0xd4362a8
18:45:28.0 (14134351)|STATEMENT_EXECUTE|[1062]
18:45:28.0 (14195517)|VARIABLE_ASSIGNMENT|[EXTERNAL]|this|{"apiName":"PermissionSet_Test","description":"This is for testing  (11 more) ...","id":"0PS36000000q71PGAQ","label":"PermissionSet_Test","namespacePrefix":"shiva15testns","userLicenseId":"Salesforce"}|0xd4362a8
18:45:28.0 (14204640)|VARIABLE_ASSIGNMENT|[EXTERNAL]|value|"2016-03-20 15:41:12"
18:45:28.0 (14213952)|VARIABLE_ASSIGNMENT|[1052]|this.createdDate|"2016-03-20 15:41:12"|0xd4362a8
18:45:28.0 (14228845)|CONSTRUCTOR_EXIT|[165]|01p36000005Jpvx|<init>(String,String,String,String,String,String,String)
18:45:28.0 (14253430)|VARIABLE_ASSIGNMENT|[165]|pSetObj|{"apiName":"PermissionSet_Test","createdDate":"2016-03-20 15:41:12","description":"This is for testing  (11 more) ...","id":"0PS36000000q71PGAQ","label":"PermissionSet_Test","namespacePrefix":"shiva15testns","userLicenseId":"Salesforce"}|0xd4362a8
18:45:28.0 (14258171)|STATEMENT_EXECUTE|[167]
18:45:28.0 (14275437)|ENTERING_MANAGED_PKG|
18:45:28.0 (14299788)|HEAP_ALLOCATE|[EXTERNAL]|Bytes:4
18:45:28.0 (14307512)|STATEMENT_EXECUTE|[168]
18:45:28.0 (14465991)|HEAP_ALLOCATE|[168]|Bytes:24
18:45:28.0 (14487601)|ENTERING_MANAGED_PKG|
18:45:28.0 (14573016)|HEAP_ALLOCATE|[168]|Bytes:231
18:45:28.0 (14598515)|HEAP_ALLOCATE|[168]|Bytes:255
18:45:28.0 (14625577)|ENTERING_MANAGED_PKG|
18:45:28.0 (14650332)|USER_DEBUG|[168]|ERROR|The PermissionSet Name: PermissionSet:{Id=0PS36000000q71PGAQ, Label=PermissionSet_Test, Name=PermissionSet_Test, Description=This is for testing Description, NamespacePrefix=shiva15testns, UserLicenseId=10036000000eSpyAAE, CreatedDate=2016-03-20 22:41:12}
18:45:28.0 (14670535)|HEAP_ALLOCATE|[162]|Bytes:5
18:45:28.0 (14695328)|HEAP_ALLOCATE|[162]|Bytes:32
18:45:28.0 (14704657)|VARIABLE_SCOPE_BEGIN|[162]|PSetName|PermissionSet|true|false
18:45:28.0 (14734600)|VARIABLE_ASSIGNMENT|[162]|PSetName|{"s":1,"v":{"Id":"0PS360000016pyOGAQ","Label":"Final_Test","Name":"Final_Test","Description":"Descp","NamespacePrefix":"shiva15testns","UserLicenseId":"10036000000eSpyAAE","CreatedDate":"2016-05-03T01:36:03.000Z"}}|0xcd5dfb6
18:45:28.0 (14740306)|STATEMENT_EXECUTE|[162]
18:45:28.0 (14764556)|ENTERING_MANAGED_PKG|
18:45:28.0 (14775288)|STATEMENT_EXECUTE|[163]
18:45:28.0 (14776928)|STATEMENT_EXECUTE|[164]
18:45:28.0 (14781563)|HEAP_ALLOCATE|[164]|Bytes:4
18:45:28.0 (14954113)|SOQL_EXECUTE_BEGIN|[164]|Aggregations:0|SELECT Id, Name FROM UserLicense WHERE Id = :tmpVar1
18:45:28.0 (16418012)|SOQL_EXECUTE_END|[164]|Rows:1
18:45:28.0 (16429987)|HEAP_ALLOCATE|[164]|Bytes:8
18:45:28.0 (16439852)|HEAP_ALLOCATE|[164]|Bytes:47
18:45:28.0 (16453352)|HEAP_ALLOCATE|[164]|Bytes:8
18:45:28.0 (16500620)|HEAP_ALLOCATE|[164]|Bytes:12
18:45:28.0 (16515196)|VARIABLE_SCOPE_BEGIN|[164]|ulicense|UserLicense|true|false
18:45:28.0 (16539536)|VARIABLE_ASSIGNMENT|[164]|ulicense|{"s":1,"v":{"Id":"10036000000eSpyAAE","Name":"Salesforce"}}|0x2eb125f7
18:45:28.0 (16546008)|STATEMENT_EXECUTE|[165]
18:45:28.0 (16552323)|HEAP_ALLOCATE|[165]|Bytes:32
18:45:28.0 (16580380)|ENTERING_MANAGED_PKG|
18:45:28.0 (16585375)|HEAP_ALLOCATE|[165]|Bytes:18
18:45:28.0 (16614574)|ENTERING_MANAGED_PKG|
18:45:28.0 (16628420)|HEAP_ALLOCATE|[165]|Bytes:19
18:45:28.0 (16648707)|CONSTRUCTOR_ENTRY|[165]|01p36000005Jpvx|<init>(String,String,String,String,String,String,String)
18:45:28.0 (16654374)|VARIABLE_SCOPE_BEGIN|[1054]|this|shiva15testns.PermissionSetPortalControllers.PermissionSetClass|true|false
18:45:28.0 (16677272)|VARIABLE_ASSIGNMENT|[1054]|this|{}|0x7786621d
18:45:28.0 (16680237)|VARIABLE_SCOPE_BEGIN|[1054]|label|String|false|false
18:45:28.0 (16684814)|VARIABLE_ASSIGNMENT|[1054]|label|"Final_Test"
18:45:28.0 (16686572)|VARIABLE_SCOPE_BEGIN|[1054]|apiName|String|false|false
18:45:28.0 (16689341)|VARIABLE_ASSIGNMENT|[1054]|apiName|"Final_Test"
18:45:28.0 (16690957)|VARIABLE_SCOPE_BEGIN|[1054]|id|String|false|false
18:45:28.0 (16694100)|VARIABLE_ASSIGNMENT|[1054]|id|"0PS360000016pyOGAQ"
18:45:28.0 (16695651)|VARIABLE_SCOPE_BEGIN|[1054]|description|String|false|false
18:45:28.0 (16698271)|VARIABLE_ASSIGNMENT|[1054]|description|"Descp"
18:45:28.0 (16699992)|VARIABLE_SCOPE_BEGIN|[1054]|namespacePrefix|String|false|false
18:45:28.0 (16703025)|VARIABLE_ASSIGNMENT|[1054]|namespacePrefix|"shiva15testns"
18:45:28.0 (16704596)|VARIABLE_SCOPE_BEGIN|[1054]|userLicenseId|String|false|false
18:45:28.0 (16707339)|VARIABLE_ASSIGNMENT|[1054]|userLicenseId|"Salesforce"
18:45:28.0 (16708905)|VARIABLE_SCOPE_BEGIN|[1054]|createdDate|String|false|false
18:45:28.0 (16711915)|VARIABLE_ASSIGNMENT|[1054]|createdDate|"2016-05-02 18:36:03"
18:45:28.0 (16714891)|STATEMENT_EXECUTE|[1037]
18:45:28.0 (16716353)|STATEMENT_EXECUTE|[1040]
18:45:28.0 (16717738)|STATEMENT_EXECUTE|[1042]
18:45:28.0 (16718795)|STATEMENT_EXECUTE|[1044]
18:45:28.0 (16719872)|STATEMENT_EXECUTE|[1046]
18:45:28.0 (16720915)|STATEMENT_EXECUTE|[1048]
18:45:28.0 (16721949)|STATEMENT_EXECUTE|[1050]
18:45:28.0 (16723068)|STATEMENT_EXECUTE|[1052]
18:45:28.0 (16735168)|STATEMENT_EXECUTE|[1055]
18:45:28.0 (16736787)|STATEMENT_EXECUTE|[1056]
18:45:28.0 (16757987)|VARIABLE_ASSIGNMENT|[EXTERNAL]|this|{}|0x7786621d
18:45:28.0 (16763758)|VARIABLE_ASSIGNMENT|[EXTERNAL]|value|"Final_Test"
18:45:28.0 (16772030)|VARIABLE_ASSIGNMENT|[1040]|this.label|"Final_Test"|0x7786621d
18:45:28.0 (16778099)|STATEMENT_EXECUTE|[1057]
18:45:28.0 (16798893)|VARIABLE_ASSIGNMENT|[EXTERNAL]|this|{"label":"Final_Test"}|0x7786621d
18:45:28.0 (16803441)|VARIABLE_ASSIGNMENT|[EXTERNAL]|value|"Final_Test"
18:45:28.0 (16814397)|VARIABLE_ASSIGNMENT|[1042]|this.apiName|"Final_Test"|0x7786621d
18:45:28.0 (16820541)|STATEMENT_EXECUTE|[1058]
18:45:28.0 (16842667)|VARIABLE_ASSIGNMENT|[EXTERNAL]|this|{"apiName":"Final_Test","label":"Final_Test"}|0x7786621d
18:45:28.0 (16847678)|VARIABLE_ASSIGNMENT|[EXTERNAL]|value|"0PS360000016pyOGAQ"
18:45:28.0 (16854619)|VARIABLE_ASSIGNMENT|[1044]|this.id|"0PS360000016pyOGAQ"|0x7786621d
18:45:28.0 (16860621)|STATEMENT_EXECUTE|[1059]
18:45:28.0 (16886953)|VARIABLE_ASSIGNMENT|[EXTERNAL]|this|{"apiName":"Final_Test","id":"0PS360000016pyOGAQ","label":"Final_Test"}|0x7786621d
18:45:28.0 (16892485)|VARIABLE_ASSIGNMENT|[EXTERNAL]|value|"Descp"
18:45:28.0 (16899641)|VARIABLE_ASSIGNMENT|[1046]|this.description|"Descp"|0x7786621d
18:45:28.0 (16905902)|STATEMENT_EXECUTE|[1060]
18:45:28.0 (16928415)|VARIABLE_ASSIGNMENT|[EXTERNAL]|this|{"apiName":"Final_Test","description":"Descp","id":"0PS360000016pyOGAQ","label":"Final_Test"}|0x7786621d
18:45:28.0 (16933346)|VARIABLE_ASSIGNMENT|[EXTERNAL]|value|"shiva15testns"
18:45:28.0 (16940113)|VARIABLE_ASSIGNMENT|[1048]|this.namespacePrefix|"shiva15testns"|0x7786621d
18:45:28.0 (16945940)|STATEMENT_EXECUTE|[1061]
18:45:28.0 (16968718)|VARIABLE_ASSIGNMENT|[EXTERNAL]|this|{"apiName":"Final_Test","description":"Descp","id":"0PS360000016pyOGAQ","label":"Final_Test","namespacePrefix":"shiva15testns"}|0x7786621d
18:45:28.0 (16974062)|VARIABLE_ASSIGNMENT|[EXTERNAL]|value|"Salesforce"
18:45:28.0 (16980447)|VARIABLE_ASSIGNMENT|[1050]|this.userLicenseId|"Salesforce"|0x7786621d
18:45:28.0 (16985879)|STATEMENT_EXECUTE|[1062]
18:45:28.0 (17008626)|VARIABLE_ASSIGNMENT|[EXTERNAL]|this|{"apiName":"Final_Test","description":"Descp","id":"0PS360000016pyOGAQ","label":"Final_Test","namespacePrefix":"shiva15testns","userLicenseId":"Salesforce"}|0x7786621d
18:45:28.0 (17015597)|VARIABLE_ASSIGNMENT|[EXTERNAL]|value|"2016-05-02 18:36:03"
18:45:28.0 (17022456)|VARIABLE_ASSIGNMENT|[1052]|this.createdDate|"2016-05-02 18:36:03"|0x7786621d
18:45:28.0 (17035925)|CONSTRUCTOR_EXIT|[165]|01p36000005Jpvx|<init>(String,String,String,String,String,String,String)
18:45:28.0 (17058757)|VARIABLE_ASSIGNMENT|[165]|pSetObj|{"apiName":"Final_Test","createdDate":"2016-05-02 18:36:03","description":"Descp","id":"0PS360000016pyOGAQ","label":"Final_Test","namespacePrefix":"shiva15testns","userLicenseId":"Salesforce"}|0x7786621d
18:45:28.0 (17062425)|STATEMENT_EXECUTE|[167]
18:45:28.0 (17075379)|ENTERING_MANAGED_PKG|
18:45:28.0 (17080225)|HEAP_ALLOCATE|[EXTERNAL]|Bytes:4
18:45:28.0 (17086284)|STATEMENT_EXECUTE|[168]
18:45:28.0 (17100784)|ENTERING_MANAGED_PKG|
18:45:28.0 (17147919)|HEAP_ALLOCATE|[168]|Bytes:189
18:45:28.0 (17164287)|HEAP_ALLOCATE|[168]|Bytes:213
18:45:28.0 (17177254)|ENTERING_MANAGED_PKG|
18:45:28.0 (17192961)|USER_DEBUG|[168]|ERROR|The PermissionSet Name: PermissionSet:{Id=0PS360000016pyOGAQ, Label=Final_Test, Name=Final_Test, Description=Descp, NamespacePrefix=shiva15testns, UserLicenseId=10036000000eSpyAAE, CreatedDate=2016-05-03 01:36:03}
18:45:28.0 (17212291)|HEAP_ALLOCATE|[162]|Bytes:5
18:45:28.0 (17236586)|HEAP_ALLOCATE|[162]|Bytes:32
18:45:28.0 (17245188)|VARIABLE_SCOPE_BEGIN|[162]|PSetName|PermissionSet|true|false
18:45:28.0 (17273944)|VARIABLE_ASSIGNMENT|[162]|PSetName|{"s":1,"v":{"Id":"0PS360000016pzlGAA","Label":"Final_Error_Testing","Name":"Final_Error_Testing","Description":"Descp","NamespacePrefix":"shiva15testns","UserLicenseId":"10036000000eSpyAAE","CreatedDate":"2016-05-03T01:41:02.000Z"}}|0x2c628de9
18:45:28.0 (17279002)|STATEMENT_EXECUTE|[162]
18:45:28.0 (17302808)|ENTERING_MANAGED_PKG|
18:45:28.0 (17313297)|STATEMENT_EXECUTE|[163]
18:45:28.0 (17314795)|STATEMENT_EXECUTE|[164]
18:45:28.0 (17319504)|HEAP_ALLOCATE|[164]|Bytes:4
18:45:28.0 (17462204)|SOQL_EXECUTE_BEGIN|[164]|Aggregations:0|SELECT Id, Name FROM UserLicense WHERE Id = :tmpVar1
18:45:28.0 (18822579)|SOQL_EXECUTE_END|[164]|Rows:1
18:45:28.0 (18834658)|HEAP_ALLOCATE|[164]|Bytes:8
18:45:28.0 (18844650)|HEAP_ALLOCATE|[164]|Bytes:47
18:45:28.0 (18858280)|HEAP_ALLOCATE|[164]|Bytes:8
18:45:28.0 (18892761)|HEAP_ALLOCATE|[164]|Bytes:12
18:45:28.0 (18901876)|VARIABLE_SCOPE_BEGIN|[164]|ulicense|UserLicense|true|false
18:45:28.0 (18919483)|VARIABLE_ASSIGNMENT|[164]|ulicense|{"s":1,"v":{"Id":"10036000000eSpyAAE","Name":"Salesforce"}}|0x61e17abd
18:45:28.0 (18923156)|STATEMENT_EXECUTE|[165]
18:45:28.0 (18928516)|HEAP_ALLOCATE|[165]|Bytes:32
18:45:28.0 (18954561)|ENTERING_MANAGED_PKG|
18:45:28.0 (18959286)|HEAP_ALLOCATE|[165]|Bytes:18
18:45:28.0 (18988157)|ENTERING_MANAGED_PKG|
18:45:28.0 (19002216)|HEAP_ALLOCATE|[165]|Bytes:19
18:45:28.0 (19022825)|CONSTRUCTOR_ENTRY|[165]|01p36000005Jpvx|<init>(String,String,String,String,String,String,String)
18:45:28.0 (19028695)|VARIABLE_SCOPE_BEGIN|[1054]|this|shiva15testns.PermissionSetPortalControllers.PermissionSetClass|true|false
18:45:28.0 (19051001)|VARIABLE_ASSIGNMENT|[1054]|this|{}|0x6d0b246
18:45:28.0 (19053774)|VARIABLE_SCOPE_BEGIN|[1054]|label|String|false|false
18:45:28.0 (19058699)|VARIABLE_ASSIGNMENT|[1054]|label|"Final_Error_Testing"
18:45:28.0 (19060503)|VARIABLE_SCOPE_BEGIN|[1054]|apiName|String|false|false
18:45:28.0 (19063886)|VARIABLE_ASSIGNMENT|[1054]|apiName|"Final_Error_Testing"
18:45:28.0 (19065544)|VARIABLE_SCOPE_BEGIN|[1054]|id|String|false|false
18:45:28.0 (19068655)|VARIABLE_ASSIGNMENT|[1054]|id|"0PS360000016pzlGAA"
18:45:28.0 (19070215)|VARIABLE_SCOPE_BEGIN|[1054]|description|String|false|false
18:45:28.0 (19072811)|VARIABLE_ASSIGNMENT|[1054]|description|"Descp"
18:45:28.0 (19074376)|VARIABLE_SCOPE_BEGIN|[1054]|namespacePrefix|String|false|false
18:45:28.0 (19077089)|VARIABLE_ASSIGNMENT|[1054]|namespacePrefix|"shiva15testns"
18:45:28.0 (19078692)|VARIABLE_SCOPE_BEGIN|[1054]|userLicenseId|String|false|false
18:45:28.0 (19081322)|VARIABLE_ASSIGNMENT|[1054]|userLicenseId|"Salesforce"
18:45:28.0 (19082921)|VARIABLE_SCOPE_BEGIN|[1054]|createdDate|String|false|false
18:45:28.0 (19085682)|VARIABLE_ASSIGNMENT|[1054]|createdDate|"2016-05-02 18:41:02"
18:45:28.0 (19088622)|STATEMENT_EXECUTE|[1037]
18:45:28.0 (19089996)|STATEMENT_EXECUTE|[1040]
18:45:28.0 (19091476)|STATEMENT_EXECUTE|[1042]
18:45:28.0 (19092774)|STATEMENT_EXECUTE|[1044]
18:45:28.0 (19093923)|STATEMENT_EXECUTE|[1046]
18:45:28.0 (19095014)|STATEMENT_EXECUTE|[1048]
18:45:28.0 (19096083)|STATEMENT_EXECUTE|[1050]
18:45:28.0 (19097139)|STATEMENT_EXECUTE|[1052]
18:45:28.0 (19109254)|STATEMENT_EXECUTE|[1055]
18:45:28.0 (19110853)|STATEMENT_EXECUTE|[1056]
18:45:28.0 (19131848)|VARIABLE_ASSIGNMENT|[EXTERNAL]|this|{}|0x6d0b246
18:45:28.0 (19137414)|VARIABLE_ASSIGNMENT|[EXTERNAL]|value|"Final_Error_Testing"
18:45:28.0 (19145807)|VARIABLE_ASSIGNMENT|[1040]|this.label|"Final_Error_Testing"|0x6d0b246
18:45:28.0 (19152126)|STATEMENT_EXECUTE|[1057]
18:45:28.0 (19173642)|VARIABLE_ASSIGNMENT|[EXTERNAL]|this|{"label":"Final_Error_Testing"}|0x6d0b246
18:45:28.0 (19178300)|VARIABLE_ASSIGNMENT|[EXTERNAL]|value|"Final_Error_Testing"
18:45:28.0 (19185045)|VARIABLE_ASSIGNMENT|[1042]|this.apiName|"Final_Error_Testing"|0x6d0b246
18:45:28.0 (19190762)|STATEMENT_EXECUTE|[1058]
18:45:28.0 (19211648)|VARIABLE_ASSIGNMENT|[EXTERNAL]|this|{"apiName":"Final_Error_Testing","label":"Final_Error_Testing"}|0x6d0b246
18:45:28.0 (19216746)|VARIABLE_ASSIGNMENT|[EXTERNAL]|value|"0PS360000016pzlGAA"
18:45:28.0 (19223689)|VARIABLE_ASSIGNMENT|[1044]|this.id|"0PS360000016pzlGAA"|0x6d0b246
18:45:28.0 (19229471)|STATEMENT_EXECUTE|[1059]
18:45:28.0 (19250702)|VARIABLE_ASSIGNMENT|[EXTERNAL]|this|{"apiName":"Final_Error_Testing","id":"0PS360000016pzlGAA","label":"Final_Error_Testing"}|0x6d0b246
18:45:28.0 (19255151)|VARIABLE_ASSIGNMENT|[EXTERNAL]|value|"Descp"
18:45:28.0 (19268378)|VARIABLE_ASSIGNMENT|[1046]|this.description|"Descp"|0x6d0b246
18:45:28.0 (19274705)|STATEMENT_EXECUTE|[1060]
18:45:28.0 (19297334)|VARIABLE_ASSIGNMENT|[EXTERNAL]|this|{"apiName":"Final_Error_Testing","description":"Descp","id":"0PS360000016pzlGAA","label":"Final_Error_Testing"}|0x6d0b246
18:45:28.0 (19302057)|VARIABLE_ASSIGNMENT|[EXTERNAL]|value|"shiva15testns"
18:45:28.0 (19308671)|VARIABLE_ASSIGNMENT|[1048]|this.namespacePrefix|"shiva15testns"|0x6d0b246
18:45:28.0 (19314378)|STATEMENT_EXECUTE|[1061]
18:45:28.0 (19337648)|VARIABLE_ASSIGNMENT|[EXTERNAL]|this|{"apiName":"Final_Error_Testing","description":"Descp","id":"0PS360000016pzlGAA","label":"Final_Error_Testing","namespacePrefix":"shiva15testns"}|0x6d0b246
18:45:28.0 (19342641)|VARIABLE_ASSIGNMENT|[EXTERNAL]|value|"Salesforce"
18:45:28.0 (19349252)|VARIABLE_ASSIGNMENT|[1050]|this.userLicenseId|"Salesforce"|0x6d0b246
18:45:28.0 (19354778)|STATEMENT_EXECUTE|[1062]
18:45:28.0 (19377538)|VARIABLE_ASSIGNMENT|[EXTERNAL]|this|{"apiName":"Final_Error_Testing","description":"Descp","id":"0PS360000016pzlGAA","label":"Final_Error_Testing","namespacePrefix":"shiva15testns","userLicenseId":"Salesforce"}|0x6d0b246
18:45:28.0 (19382895)|VARIABLE_ASSIGNMENT|[EXTERNAL]|value|"2016-05-02 18:41:02"
18:45:28.0 (19389711)|VARIABLE_ASSIGNMENT|[1052]|this.createdDate|"2016-05-02 18:41:02"|0x6d0b246
18:45:28.0 (19403337)|CONSTRUCTOR_EXIT|[165]|01p36000005Jpvx|<init>(String,String,String,String,String,String,String)
18:45:28.0 (19425748)|VARIABLE_ASSIGNMENT|[165]|pSetObj|{"apiName":"Final_Error_Testing","createdDate":"2016-05-02 18:41:02","description":"Descp","id":"0PS360000016pzlGAA","label":"Final_Error_Testing","namespacePrefix":"shiva15testns","userLicenseId":"Salesforce"}|0x6d0b246
18:45:28.0 (19430248)|STATEMENT_EXECUTE|[167]
18:45:28.0 (19443129)|ENTERING_MANAGED_PKG|
18:45:28.0 (19448193)|HEAP_ALLOCATE|[EXTERNAL]|Bytes:4
18:45:28.0 (19454178)|STATEMENT_EXECUTE|[168]
18:45:28.0 (19468849)|ENTERING_MANAGED_PKG|
18:45:28.0 (35310086)|HEAP_ALLOCATE|[168]|Bytes:207
18:45:28.0 (35330045)|HEAP_ALLOCATE|[168]|Bytes:231
18:45:28.0 (35344246)|ENTERING_MANAGED_PKG|
18:45:28.0 (35360237)|USER_DEBUG|[168]|ERROR|The PermissionSet Name: PermissionSet:{Id=0PS360000016pzlGAA, Label=Final_Error_Testing, Name=Final_Error_Testing, Description=Descp, NamespacePrefix=shiva15testns, UserLicenseId=10036000000eSpyAAE, CreatedDate=2016-05-03 01:41:02}
18:45:28.0 (35380544)|HEAP_ALLOCATE|[162]|Bytes:5
18:45:28.0 (35404879)|HEAP_ALLOCATE|[162]|Bytes:32
18:45:28.0 (35413747)|VARIABLE_SCOPE_BEGIN|[162]|PSetName|PermissionSet|true|false
18:45:28.0 (35443389)|VARIABLE_ASSIGNMENT|[162]|PSetName|{"s":1,"v":{"Id":"0PS360000016q17GAA","Label":"PSet_Trying_tesy","Name":"PSet_Trying_tesy","Description":"Descp","NamespacePrefix":"shiva15testns","UserLicenseId":"10036000000eSpyAAE","CreatedDate":"2016-05-03T01:43:28.000Z"}}|0x1bf63f1
18:45:28.0 (35448999)|STATEMENT_EXECUTE|[162]
18:45:28.0 (35473277)|ENTERING_MANAGED_PKG|
18:45:28.0 (35483892)|STATEMENT_EXECUTE|[163]
18:45:28.0 (35485481)|STATEMENT_EXECUTE|[164]
18:45:28.0 (35490090)|HEAP_ALLOCATE|[164]|Bytes:4
18:45:28.0 (35633030)|SOQL_EXECUTE_BEGIN|[164]|Aggregations:0|SELECT Id, Name FROM UserLicense WHERE Id = :tmpVar1
18:45:28.0 (37106552)|SOQL_EXECUTE_END|[164]|Rows:1
18:45:28.0 (37119059)|HEAP_ALLOCATE|[164]|Bytes:8
18:45:28.0 (37128922)|HEAP_ALLOCATE|[164]|Bytes:47
18:45:28.0 (37142227)|HEAP_ALLOCATE|[164]|Bytes:8
18:45:28.0 (37172494)|HEAP_ALLOCATE|[164]|Bytes:12
18:45:28.0 (37180900)|VARIABLE_SCOPE_BEGIN|[164]|ulicense|UserLicense|true|false
18:45:28.0 (37198383)|VARIABLE_ASSIGNMENT|[164]|ulicense|{"s":1,"v":{"Id":"10036000000eSpyAAE","Name":"Salesforce"}}|0x3449f4e6
18:45:28.0 (37202119)|STATEMENT_EXECUTE|[165]
18:45:28.0 (37207380)|HEAP_ALLOCATE|[165]|Bytes:32
18:45:28.0 (37233194)|ENTERING_MANAGED_PKG|
18:45:28.0 (37237845)|HEAP_ALLOCATE|[165]|Bytes:18
18:45:28.0 (37267157)|ENTERING_MANAGED_PKG|
18:45:28.0 (37281202)|HEAP_ALLOCATE|[165]|Bytes:19
18:45:28.0 (37301424)|CONSTRUCTOR_ENTRY|[165]|01p36000005Jpvx|<init>(String,String,String,String,String,String,String)
18:45:28.0 (37307196)|VARIABLE_SCOPE_BEGIN|[1054]|this|shiva15testns.PermissionSetPortalControllers.PermissionSetClass|true|false
18:45:28.0 (37329799)|VARIABLE_ASSIGNMENT|[1054]|this|{}|0x78ba0183
18:45:28.0 (37332561)|VARIABLE_SCOPE_BEGIN|[1054]|label|String|false|false
18:45:28.0 (37337527)|VARIABLE_ASSIGNMENT|[1054]|label|"PSet_Trying_tesy"
18:45:28.0 (37339386)|VARIABLE_SCOPE_BEGIN|[1054]|apiName|String|false|false
18:45:28.0 (37342326)|VARIABLE_ASSIGNMENT|[1054]|apiName|"PSet_Trying_tesy"
18:45:28.0 (37344033)|VARIABLE_SCOPE_BEGIN|[1054]|id|String|false|false
18:45:28.0 (37346922)|VARIABLE_ASSIGNMENT|[1054]|id|"0PS360000016q17GAA"
18:45:28.0 (37348488)|VARIABLE_SCOPE_BEGIN|[1054]|description|String|false|false
18:45:28.0 (37351026)|VARIABLE_ASSIGNMENT|[1054]|description|"Descp"
18:45:28.0 (37352583)|VARIABLE_SCOPE_BEGIN|[1054]|namespacePrefix|String|false|false
18:45:28.0 (37355384)|VARIABLE_ASSIGNMENT|[1054]|namespacePrefix|"shiva15testns"
18:45:28.0 (37357620)|VARIABLE_SCOPE_BEGIN|[1054]|userLicenseId|String|false|false
18:45:28.0 (37360425)|VARIABLE_ASSIGNMENT|[1054]|userLicenseId|"Salesforce"
18:45:28.0 (37362025)|VARIABLE_SCOPE_BEGIN|[1054]|createdDate|String|false|false
18:45:28.0 (37364763)|VARIABLE_ASSIGNMENT|[1054]|createdDate|"2016-05-02 18:43:28"
18:45:28.0 (37367760)|STATEMENT_EXECUTE|[1037]
18:45:28.0 (37369161)|STATEMENT_EXECUTE|[1040]
18:45:28.0 (37370547)|STATEMENT_EXECUTE|[1042]
18:45:28.0 (37371608)|STATEMENT_EXECUTE|[1044]
18:45:28.0 (37372662)|STATEMENT_EXECUTE|[1046]
18:45:28.0 (37373703)|STATEMENT_EXECUTE|[1048]
18:45:28.0 (37374789)|STATEMENT_EXECUTE|[1050]
18:45:28.0 (37375885)|STATEMENT_EXECUTE|[1052]
18:45:28.0 (37387957)|STATEMENT_EXECUTE|[1055]
18:45:28.0 (37389564)|STATEMENT_EXECUTE|[1056]
18:45:28.0 (37410829)|VARIABLE_ASSIGNMENT|[EXTERNAL]|this|{}|0x78ba0183
18:45:28.0 (37416504)|VARIABLE_ASSIGNMENT|[EXTERNAL]|value|"PSet_Trying_tesy"
18:45:28.0 (37424879)|VARIABLE_ASSIGNMENT|[1040]|this.label|"PSet_Trying_tesy"|0x78ba0183
18:45:28.0 (37431648)|STATEMENT_EXECUTE|[1057]
18:45:28.0 (37453234)|VARIABLE_ASSIGNMENT|[EXTERNAL]|this|{"label":"PSet_Trying_tesy"}|0x78ba0183
18:45:28.0 (37457874)|VARIABLE_ASSIGNMENT|[EXTERNAL]|value|"PSet_Trying_tesy"
18:45:28.0 (37464550)|VARIABLE_ASSIGNMENT|[1042]|this.apiName|"PSet_Trying_tesy"|0x78ba0183
18:45:28.0 (37470186)|STATEMENT_EXECUTE|[1058]
18:45:28.0 (37491029)|VARIABLE_ASSIGNMENT|[EXTERNAL]|this|{"apiName":"PSet_Trying_tesy","label":"PSet_Trying_tesy"}|0x78ba0183
18:45:28.0 (37495795)|VARIABLE_ASSIGNMENT|[EXTERNAL]|value|"0PS360000016q17GAA"
18:45:28.0 (37502864)|VARIABLE_ASSIGNMENT|[1044]|this.id|"0PS360000016q17GAA"|0x78ba0183
18:45:28.0 (37508570)|STATEMENT_EXECUTE|[1059]
18:45:28.0 (37529955)|VARIABLE_ASSIGNMENT|[EXTERNAL]|this|{"apiName":"PSet_Trying_tesy","id":"0PS360000016q17GAA","label":"PSet_Trying_tesy"}|0x78ba0183
18:45:28.0 (37534950)|VARIABLE_ASSIGNMENT|[EXTERNAL]|value|"Descp"
18:45:28.0 (37541526)|VARIABLE_ASSIGNMENT|[1046]|this.description|"Descp"|0x78ba0183
18:45:28.0 (37547389)|STATEMENT_EXECUTE|[1060]
18:45:28.0 (37569506)|VARIABLE_ASSIGNMENT|[EXTERNAL]|this|{"apiName":"PSet_Trying_tesy","description":"Descp","id":"0PS360000016q17GAA","label":"PSet_Trying_tesy"}|0x78ba0183
18:45:28.0 (37575339)|VARIABLE_ASSIGNMENT|[EXTERNAL]|value|"shiva15testns"
18:45:28.0 (37581745)|VARIABLE_ASSIGNMENT|[1048]|this.namespacePrefix|"shiva15testns"|0x78ba0183
18:45:28.0 (37587418)|STATEMENT_EXECUTE|[1061]
18:45:28.0 (37609315)|VARIABLE_ASSIGNMENT|[EXTERNAL]|this|{"apiName":"PSet_Trying_tesy","description":"Descp","id":"0PS360000016q17GAA","label":"PSet_Trying_tesy","namespacePrefix":"shiva15testns"}|0x78ba0183
18:45:28.0 (37614692)|VARIABLE_ASSIGNMENT|[EXTERNAL]|value|"Salesforce"
18:45:28.0 (37621236)|VARIABLE_ASSIGNMENT|[1050]|this.userLicenseId|"Salesforce"|0x78ba0183
18:45:28.0 (37626729)|STATEMENT_EXECUTE|[1062]
18:45:28.0 (37650205)|VARIABLE_ASSIGNMENT|[EXTERNAL]|this|{"apiName":"PSet_Trying_tesy","description":"Descp","id":"0PS360000016q17GAA","label":"PSet_Trying_tesy","namespacePrefix":"shiva15testns","userLicenseId":"Salesforce"}|0x78ba0183
18:45:28.0 (37655759)|VARIABLE_ASSIGNMENT|[EXTERNAL]|value|"2016-05-02 18:43:28"
18:45:28.0 (37662540)|VARIABLE_ASSIGNMENT|[1052]|this.createdDate|"2016-05-02 18:43:28"|0x78ba0183
18:45:28.0 (37676287)|CONSTRUCTOR_EXIT|[165]|01p36000005Jpvx|<init>(String,String,String,String,String,String,String)
18:45:28.0 (37698112)|VARIABLE_ASSIGNMENT|[165]|pSetObj|{"apiName":"PSet_Trying_tesy","createdDate":"2016-05-02 18:43:28","description":"Descp","id":"0PS360000016q17GAA","label":"PSet_Trying_tesy","namespacePrefix":"shiva15testns","userLicenseId":"Salesforce"}|0x78ba0183
18:45:28.0 (37705455)|STATEMENT_EXECUTE|[167]
18:45:28.0 (37719008)|ENTERING_MANAGED_PKG|
18:45:28.0 (37723915)|HEAP_ALLOCATE|[EXTERNAL]|Bytes:4
18:45:28.0 (37729978)|STATEMENT_EXECUTE|[168]
18:45:28.0 (37744326)|ENTERING_MANAGED_PKG|
18:45:28.0 (37790540)|HEAP_ALLOCATE|[168]|Bytes:201
18:45:28.0 (37806694)|HEAP_ALLOCATE|[168]|Bytes:225
18:45:28.0 (37819650)|ENTERING_MANAGED_PKG|
18:45:28.0 (37835386)|USER_DEBUG|[168]|ERROR|The PermissionSet Name: PermissionSet:{Id=0PS360000016q17GAA, Label=PSet_Trying_tesy, Name=PSet_Trying_tesy, Description=Descp, NamespacePrefix=shiva15testns, UserLicenseId=10036000000eSpyAAE, CreatedDate=2016-05-03 01:43:28}
18:45:28.0 (37855086)|HEAP_ALLOCATE|[162]|Bytes:5
18:45:28.0 (37869094)|VARIABLE_ASSIGNMENT|[162]|PSetName|null|
18:45:28.0 (37872560)|STATEMENT_EXECUTE|[171]
18:45:28.0 (37889295)|SYSTEM_MODE_EXIT|false
18:45:28.37 (37932969)|CUMULATIVE_LIMIT_USAGE
18:45:28.37 (37932969)|LIMIT_USAGE_FOR_NS|(default)|
  Number of SOQL queries: 0 out of 100
  Number of query rows: 0 out of 50000
  Number of SOSL queries: 0 out of 20
  Number of DML statements: 0 out of 150
  Number of DML rows: 0 out of 10000
  Maximum CPU time: 0 out of 10000
  Maximum heap size: 0 out of 6000000
  Number of callouts: 0 out of 100
  Number of Email Invocations: 0 out of 10
  Number of future calls: 0 out of 50
  Number of queueable jobs added to the queue: 0 out of 50
  Number of Mobile Apex push calls: 0 out of 10

18:45:28.37 (37932969)|LIMIT_USAGE_FOR_NS|shiva15testns|
  Number of SOQL queries: 5 out of 100
  Number of query rows: 44 out of 50000
  Number of SOSL queries: 0 out of 20
  Number of DML statements: 0 out of 150
  Number of DML rows: 0 out of 10000
  Maximum CPU time: 0 out of 10000
  Maximum heap size: 0 out of 6000000
  Number of callouts: 0 out of 100
  Number of Email Invocations: 0 out of 10
  Number of future calls: 0 out of 50
  Number of queueable jobs added to the queue: 0 out of 50
  Number of Mobile Apex push calls: 0 out of 10

18:45:28.37 (37932969)|CUMULATIVE_LIMIT_USAGE_END

18:45:28.0 (37983122)|CODE_UNIT_FINISHED|PermissionSetPortalControllers.getAllPermissionSets
18:45:28.0 (40124661)|EXECUTION_FINISHED
18:45:28.42 (42967854)|EXECUTION_STARTED
18:45:28.42 (42974564)|CODE_UNIT_STARTED|[EXTERNAL]|Aura
18:45:28.42 (43018179)|CODE_UNIT_FINISHED|Aura
18:45:28.42 (44278267)|EXECUTION_FINISHED
18:45:28.45 (45292262)|EXECUTION_STARTED
18:45:28.45 (45298339)|CODE_UNIT_STARTED|[EXTERNAL]|Aura
18:45:28.45 (45336071)|CODE_UNIT_FINISHED|Aura
18:45:28.45 (46342360)|EXECUTION_FINISHED
18:45:28.47 (47349284)|EXECUTION_STARTED
18:45:28.47 (47355140)|CODE_UNIT_STARTED|[EXTERNAL]|Aura
18:45:28.47 (47392287)|CODE_UNIT_FINISHED|Aura
18:45:28.47 (48411276)|EXECUTION_FINISHED
18:45:28.49 (49409049)|EXECUTION_STARTED
18:45:28.49 (49414872)|CODE_UNIT_STARTED|[EXTERNAL]|Aura
18:45:28.49 (49452648)|CODE_UNIT_FINISHED|Aura
18:45:28.49 (50457512)|EXECUTION_FINISHED
